Starting job at Thu Mar 20 05:57:25 PM PDT 2025
Job parameters:
Dataset: data_dionis
UQ Method: pcs_oob
Estimator: HistGradientBoosting
Seed: 786
Train Size: 0.8
Running pcs_oob on data_dionis with seed 786 and train size 0.8

starting experiment

data created

Fitting pcs_oob on data_dionis with seed 786

Finished training RandomForest models
number of classes 355
correct_indices: [0 0 0 ... 4 0 2]
pcs_oob metrics: {'coverage': np.float64(0.9035), 'mean_width': np.float64(6.597666666666667), 'median_width': np.float64(7.0), 'mean_width_scaled': np.float64(0.018584976525821598), 'median_width_scaled': np.float64(0.01971830985915493)}

pcs_oob full metrics: {'coverage': np.float64(0.9035), 'mean_width': np.float64(6.597666666666667), 'median_width': np.float64(7.0), 'mean_width_scaled': np.float64(0.018584976525821598), 'median_width_scaled': np.float64(0.01971830985915493)}

pcs_oob class metrics: {'class_coverage': array([1.        , 0.8125    , 0.86666667, 1.        , 0.92857143,
       0.73333333, 0.94444444, 0.73333333, 0.8       , 0.88888889,
       0.77777778, 0.73333333, 0.77777778, 0.86666667, 1.        ,
       0.95      , 0.9       , 0.94736842, 1.        , 0.73333333,
       0.93333333, 0.875     , 0.9375    , 0.94736842, 0.75      ,
       1.        , 0.92857143, 1.        , 0.84615385, 0.88888889,
       0.94736842, 1.        , 0.82352941, 0.93333333, 0.93333333,
       0.9375    , 1.        , 0.73333333, 1.        , 1.        ,
       0.8125    , 0.9375    , 0.82352941, 0.8       , 0.93333333,
       1.        , 0.94444444, 0.94444444, 0.89473684, 0.6       ,
       0.86666667, 0.88235294, 1.        , 1.        , 0.89473684,
       0.93333333, 1.        , 1.        , 0.85714286, 0.86666667,
       1.        , 1.        , 1.        , 1.        , 0.93333333,
       1.        , 0.72222222, 0.76470588, 0.78947368, 0.64285714,
       0.64285714, 1.        , 0.875     , 0.8       , 0.93333333,
       0.86666667, 1.        , 1.        , 0.8       , 0.9375    ,
       1.        , 0.76190476, 0.94117647, 1.        , 0.9375    ,
       1.        , 0.94736842, 1.        , 0.92857143, 0.8125    ,
       0.93333333, 1.        , 0.88235294, 0.93333333, 0.875     ,
       1.        , 0.82352941, 1.        , 1.        , 0.94736842,
       1.        , 1.        , 0.93333333, 0.9375    , 1.        ,
       0.93333333, 0.8       , 0.9375    , 0.85714286, 1.        ,
       0.73333333, 0.86666667, 0.71428571, 1.        , 0.8       ,
       0.9375    , 1.        , 0.9375    , 0.93333333, 0.86666667,
       1.        , 0.875     , 0.96      , 1.        , 1.        ,
       0.84210526, 0.85714286, 0.88235294, 1.        , 0.94117647,
       0.9       , 0.85714286, 0.86666667, 0.92857143, 0.8       ,
       0.86666667, 0.8       , 0.88888889, 1.        , 1.        ,
       0.86666667, 0.93333333, 0.93333333, 1.        , 1.        ,
       1.        , 0.93333333, 0.93333333, 0.78571429, 0.75      ,
       1.        , 1.        , 1.        , 1.        , 0.88235294,
       0.94444444, 0.95454545, 0.71428571, 0.93333333, 0.86666667,
       0.625     , 1.        , 0.92857143, 0.8       , 0.86666667,
       0.84210526, 1.        , 0.70588235, 0.8       , 0.94444444,
       0.94117647, 0.875     , 0.91304348, 0.8       , 0.875     ,
       0.73333333, 0.86666667, 0.9375    , 0.86666667, 0.86666667,
       0.94117647, 0.875     , 0.875     , 0.8       , 0.93333333,
       1.        , 0.75      , 0.6875    , 1.        , 0.94444444,
       0.94117647, 0.46666667, 1.        , 0.93333333, 0.95      ,
       0.94117647, 0.88235294, 0.73333333, 0.8       , 0.82352941,
       0.86666667, 0.73333333, 1.        , 0.9375    , 0.76190476,
       0.94736842, 1.        , 0.86666667, 0.95238095, 1.        ,
       1.        , 0.875     , 0.95      , 0.93333333, 0.9375    ,
       0.94736842, 0.75      , 0.8       , 0.8125    , 0.85714286,
       1.        , 0.875     , 0.9375    , 0.9375    , 1.        ,
       0.93333333, 0.66666667, 0.78571429, 0.8       , 1.        ,
       0.95238095, 1.        , 0.85714286, 0.94117647, 1.        ,
       0.93333333, 0.875     , 0.9375    , 0.93333333, 0.86666667,
       0.8       , 0.86363636, 0.94444444, 1.        , 1.        ,
       0.9375    , 1.        , 1.        , 1.        , 1.        ,
       0.8125    , 0.64285714, 1.        , 1.        , 0.72      ,
       1.        , 0.94444444, 0.73684211, 0.95238095, 1.        ,
       1.        , 0.75      , 0.8       , 0.93333333, 1.        ,
       1.        , 0.88235294, 0.9       , 1.        , 0.5       ,
       0.8       , 1.        , 0.66666667, 0.66666667, 1.        ,
       0.9375    , 1.        , 1.        , 0.61538462, 1.        ,
       0.8       , 0.8       , 0.73333333, 1.        , 0.8       ,
       1.        , 0.94117647, 0.93333333, 0.95652174, 0.9375    ,
       1.        , 1.        , 0.95652174, 1.        , 1.        ,
       0.85714286, 1.        , 0.79166667, 0.9375    , 0.93333333,
       1.        , 0.93333333, 0.93333333, 0.92857143, 0.86666667,
       0.93333333, 0.6875    , 1.        , 0.86666667, 1.        ,
       1.        , 0.86666667, 0.85714286, 0.95652174, 0.9       ,
       1.        , 0.89473684, 0.78571429, 1.        , 0.73684211,
       0.84210526, 0.75      , 0.90909091, 1.        , 0.78571429,
       1.        , 0.86666667, 0.9375    , 1.        , 0.83333333,
       1.        , 0.94444444, 0.9375    , 0.93333333, 0.70588235,
       0.86363636, 0.92307692, 0.8       , 1.        , 0.94117647,
       0.95652174, 0.875     , 0.73333333, 0.75      , 0.8       ,
       1.        , 1.        , 0.73333333, 1.        , 0.69230769,
       1.        , 1.        , 1.        , 0.89473684, 0.94444444]), 'class_mean_width': array([6.64285714, 6.8125    , 6.66666667, 6.15      , 6.53571429,
       7.        , 6.33333333, 7.        , 6.93333333, 6.72222222,
       6.83333333, 6.8       , 6.27777778, 6.53333333, 6.86666667,
       6.2       , 6.8       , 6.89473684, 6.92857143, 6.73333333,
       6.46666667, 6.83333333, 6.1875    , 6.57894737, 6.5625    ,
       6.30555556, 6.35714286, 6.26666667, 6.61538462, 6.83333333,
       6.42105263, 6.33333333, 6.41176471, 6.8       , 7.        ,
       6.875     , 6.28571429, 7.        , 6.78571429, 6.25      ,
       6.875     , 6.8125    , 6.76470588, 6.86666667, 6.93333333,
       6.46666667, 6.88888889, 6.38888889, 6.68421053, 6.65      ,
       6.93333333, 6.88235294, 6.64705882, 6.38888889, 6.36842105,
       6.8       , 6.13333333, 7.        , 7.        , 6.66666667,
       6.41176471, 6.25      , 6.31578947, 6.21428571, 6.53333333,
       6.05882353, 6.77777778, 6.35294118, 6.57894737, 7.        ,
       6.5       , 6.0952381 , 6.875     , 6.93333333, 6.33333333,
       7.        , 6.8125    , 6.15789474, 6.86666667, 6.1875    ,
       6.73684211, 6.66666667, 7.        , 6.11764706, 6.3125    ,
       6.28571429, 6.42105263, 6.26666667, 6.92857143, 6.75      ,
       6.73333333, 6.9375    , 6.35294118, 6.33333333, 6.875     ,
       6.57894737, 6.94117647, 6.73333333, 6.61538462, 6.47368421,
       6.6875    , 6.8       , 6.73333333, 6.5       , 7.        ,
       6.93333333, 6.53333333, 6.625     , 6.57142857, 6.6       ,
       7.        , 7.        , 6.92857143, 6.66666667, 7.        ,
       6.3125    , 6.64285714, 6.375     , 7.        , 6.6       ,
       6.21052632, 6.8125    , 6.24      , 6.5       , 6.625     ,
       6.73684211, 6.71428571, 7.        , 6.1875    , 6.70588235,
       6.9       , 6.78571429, 6.73333333, 7.        , 6.46666667,
       6.86666667, 6.93333333, 6.44444444, 6.6       , 6.4375    ,
       6.73333333, 6.4       , 7.        , 6.8       , 6.47826087,
       6.73684211, 6.73333333, 6.46666667, 6.64285714, 6.875     ,
       6.61111111, 6.94444444, 6.76470588, 6.5625    , 6.88235294,
       6.55555556, 6.22727273, 6.76190476, 6.33333333, 6.33333333,
       6.75      , 6.68421053, 7.        , 6.73333333, 6.86666667,
       6.94736842, 6.86666667, 7.        , 6.53333333, 7.        ,
       6.11764706, 6.1875    , 6.69565217, 7.        , 6.375     ,
       6.8       , 6.86666667, 6.8125    , 6.86666667, 6.6       ,
       6.70588235, 6.25      , 6.4375    , 6.66666667, 6.73333333,
       6.2       , 6.9375    , 6.9375    , 6.4375    , 6.16666667,
       6.82352941, 6.46666667, 6.33333333, 6.53333333, 6.6       ,
       6.05882353, 6.41176471, 6.8       , 7.        , 6.82352941,
       6.86666667, 7.        , 6.0625    , 6.9375    , 6.57142857,
       6.21052632, 6.40909091, 6.73333333, 6.76190476, 6.33333333,
       6.        , 6.875     , 6.4       , 6.26666667, 6.4375    ,
       6.52631579, 7.        , 6.53333333, 6.6875    , 6.76190476,
       6.11764706, 6.5       , 6.5       , 6.5       , 6.30769231,
       6.73333333, 6.86666667, 6.42857143, 6.4       , 6.5625    ,
       6.28571429, 6.61111111, 6.57142857, 6.76470588, 6.05882353,
       6.2       , 6.75      , 6.875     , 6.6       , 6.6       ,
       6.33333333, 6.81818182, 6.5       , 6.2       , 6.32142857,
       7.        , 6.07142857, 7.        , 6.3125    , 6.27272727,
       7.        , 6.85714286, 6.42857143, 6.16666667, 6.96      ,
       6.86666667, 6.5       , 6.89473684, 6.61904762, 6.45      ,
       6.1       , 6.75      , 6.2       , 6.86666667, 6.33333333,
       6.375     , 6.52941176, 6.6       , 6.11111111, 6.78571429,
       6.4       , 6.35294118, 6.93333333, 7.        , 6.04761905,
       6.8125    , 6.38888889, 6.625     , 6.84615385, 6.66666667,
       6.86666667, 6.5       , 7.        , 6.2173913 , 6.66666667,
       6.32352941, 6.35294118, 6.86666667, 6.52173913, 6.8125    ,
       6.38888889, 6.3       , 6.30434783, 7.        , 6.4375    ,
       6.71428571, 6.5625    , 6.625     , 6.3125    , 6.6       ,
       6.28571429, 6.53333333, 7.        , 6.21428571, 7.        ,
       6.2       , 7.        , 6.26666667, 6.53333333, 6.5       ,
       6.22222222, 6.26666667, 6.92857143, 6.08695652, 7.        ,
       6.54545455, 6.47368421, 6.85714286, 6.71428571, 6.52631579,
       6.47368421, 7.        , 6.40909091, 6.8125    , 6.85714286,
       6.4       , 6.66666667, 6.625     , 6.4       , 7.        ,
       6.13333333, 6.5       , 6.9375    , 6.46666667, 6.82352941,
       6.40909091, 6.57692308, 6.33333333, 6.94117647, 6.64705882,
       6.26086957, 6.9375    , 6.26666667, 7.        , 6.93333333,
       6.05882353, 6.6875    , 7.        , 6.86666667, 6.84615385,
       7.        , 6.47058824, 6.31578947, 6.84210526, 6.5       ]), 'class_median_width': array([7. , 7. , 7. , 6. , 7. , 7. , 6. , 7. , 7. , 7. , 7. , 7. , 6. ,
       7. , 7. , 6. , 7. , 7. , 7. , 7. , 6. , 7. , 6. , 7. , 7. , 6. ,
       6. , 6. , 7. , 7. , 6. , 6. , 6. , 7. , 7. , 7. , 6. , 7. , 7. ,
       6. , 7. , 7. , 7. , 7. , 7. , 6. , 7. , 6. , 7. , 7. , 7. , 7. ,
       7. , 6. , 6. , 7. , 6. , 7. , 7. , 7. , 6. , 6. , 6. , 6. , 7. ,
       6. , 7. , 6. , 7. , 7. , 6.5, 6. , 7. , 7. , 6. , 7. , 7. , 6. ,
       7. , 6. , 7. , 7. , 7. , 6. , 6. , 6. , 6. , 6. , 7. , 7. , 7. ,
       7. , 6. , 6. , 7. , 7. , 7. , 7. , 7. , 6. , 7. , 7. , 7. , 6.5,
       7. , 7. , 7. , 7. , 7. , 7. , 7. , 7. , 7. , 7. , 7. , 6. , 7. ,
       6. , 7. , 7. , 6. , 7. , 6. , 6.5, 7. , 7. , 7. , 7. , 6. , 7. ,
       7. , 7. , 7. , 7. , 6. , 7. , 7. , 6. , 7. , 6. , 7. , 6. , 7. ,
       7. , 6. , 7. , 7. , 6. , 7. , 7. , 7. , 7. , 7. , 7. , 7. , 7. ,
       6. , 7. , 6. , 6. , 7. , 7. , 7. , 7. , 7. , 7. , 7. , 7. , 7. ,
       7. , 6. , 6. , 7. , 7. , 6. , 7. , 7. , 7. , 7. , 7. , 7. , 6. ,
       6. , 7. , 7. , 6. , 7. , 7. , 6. , 6. , 7. , 6. , 6. , 7. , 7. ,
       6. , 6. , 7. , 7. , 7. , 7. , 7. , 6. , 7. , 7. , 6. , 6. , 7. ,
       7. , 6. , 6. , 7. , 6. , 6. , 6. , 7. , 7. , 7. , 7. , 7. , 6. ,
       6.5, 6.5, 6.5, 6. , 7. , 7. , 6. , 6. , 7. , 6. , 7. , 7. , 7. ,
       6. , 6. , 7. , 7. , 7. , 7. , 6. , 7. , 6.5, 6. , 6. , 7. , 6. ,
       7. , 6. , 6. , 7. , 7. , 6. , 6. , 7. , 7. , 6.5, 7. , 7. , 6. ,
       6. , 7. , 6. , 7. , 6. , 6. , 7. , 7. , 6. , 7. , 6. , 6. , 7. ,
       7. , 6. , 7. , 6. , 7. , 7. , 7. , 7. , 6.5, 7. , 6. , 7. , 6. ,
       6. , 7. , 7. , 7. , 6. , 6. , 6. , 7. , 6. , 7. , 7. , 7. , 6. ,
       7. , 6. , 7. , 7. , 6. , 7. , 6. , 7. , 6. , 7. , 6.5, 6. , 6. ,
       7. , 6. , 7. , 7. , 6. , 7. , 7. , 7. , 6. , 7. , 6. , 7. , 7. ,
       6. , 7. , 7. , 6. , 7. , 6. , 6.5, 7. , 6. , 7. , 6. , 7. , 6. ,
       7. , 7. , 6. , 7. , 6. , 7. , 7. , 6. , 7. , 7. , 7. , 7. , 7. ,
       6. , 6. , 7. , 6.5]), 'class_mean_width_scaled': array([0.01871227, 0.01919014, 0.01877934, 0.01732394, 0.01841046,
       0.01971831, 0.01784038, 0.01971831, 0.01953052, 0.01893584,
       0.01924883, 0.01915493, 0.01768388, 0.01840376, 0.01934272,
       0.01746479, 0.01915493, 0.01942179, 0.0195171 , 0.01896714,
       0.01821596, 0.01924883, 0.01742958, 0.01853225, 0.01848592,
       0.01776213, 0.01790744, 0.01765258, 0.01863489, 0.01924883,
       0.01808747, 0.01784038, 0.01806131, 0.01915493, 0.01971831,
       0.0193662 , 0.01770624, 0.01971831, 0.01911469, 0.01760563,
       0.0193662 , 0.01919014, 0.01905551, 0.01934272, 0.01953052,
       0.01821596, 0.01940532, 0.01799687, 0.01882876, 0.01873239,
       0.01953052, 0.01938691, 0.01872411, 0.01799687, 0.01793921,
       0.01915493, 0.017277  , 0.01971831, 0.01971831, 0.01877934,
       0.01806131, 0.01760563, 0.01779096, 0.01750503, 0.01840376,
       0.01706711, 0.01909233, 0.01789561, 0.01853225, 0.01971831,
       0.01830986, 0.01716968, 0.0193662 , 0.01953052, 0.01784038,
       0.01971831, 0.01919014, 0.01734618, 0.01934272, 0.01742958,
       0.01897702, 0.01877934, 0.01971831, 0.01723281, 0.01778169,
       0.01770624, 0.01808747, 0.01765258, 0.0195171 , 0.01901408,
       0.01896714, 0.01954225, 0.01789561, 0.01784038, 0.0193662 ,
       0.01853225, 0.01955261, 0.01896714, 0.01863489, 0.01823573,
       0.01883803, 0.01915493, 0.01896714, 0.01830986, 0.01971831,
       0.01953052, 0.01840376, 0.01866197, 0.01851107, 0.01859155,
       0.01971831, 0.01971831, 0.0195171 , 0.01877934, 0.01971831,
       0.01778169, 0.01871227, 0.01795775, 0.01971831, 0.01859155,
       0.01749444, 0.01919014, 0.01757746, 0.01830986, 0.01866197,
       0.01897702, 0.01891348, 0.01971831, 0.01742958, 0.01888981,
       0.01943662, 0.01911469, 0.01896714, 0.01971831, 0.01821596,
       0.01934272, 0.01953052, 0.01815336, 0.01859155, 0.0181338 ,
       0.01896714, 0.01802817, 0.01971831, 0.01915493, 0.01824862,
       0.01897702, 0.01896714, 0.01821596, 0.01871227, 0.0193662 ,
       0.01862285, 0.01956182, 0.01905551, 0.01848592, 0.01938691,
       0.01846635, 0.01754161, 0.01904762, 0.01784038, 0.01784038,
       0.01901408, 0.01882876, 0.01971831, 0.01896714, 0.01934272,
       0.01957005, 0.01934272, 0.01971831, 0.01840376, 0.01971831,
       0.01723281, 0.01742958, 0.01886099, 0.01971831, 0.01795775,
       0.01915493, 0.01934272, 0.01919014, 0.01934272, 0.01859155,
       0.01888981, 0.01760563, 0.0181338 , 0.01877934, 0.01896714,
       0.01746479, 0.01954225, 0.01954225, 0.0181338 , 0.01737089,
       0.01922121, 0.01821596, 0.01784038, 0.01840376, 0.01859155,
       0.01706711, 0.01806131, 0.01915493, 0.01971831, 0.01922121,
       0.01934272, 0.01971831, 0.01707746, 0.01954225, 0.01851107,
       0.01749444, 0.01805378, 0.01896714, 0.01904762, 0.01784038,
       0.01690141, 0.0193662 , 0.01802817, 0.01765258, 0.0181338 ,
       0.01838399, 0.01971831, 0.01840376, 0.01883803, 0.01904762,
       0.01723281, 0.01830986, 0.01830986, 0.01830986, 0.01776815,
       0.01896714, 0.01934272, 0.01810865, 0.01802817, 0.01848592,
       0.01770624, 0.01862285, 0.01851107, 0.01905551, 0.01706711,
       0.01746479, 0.01901408, 0.0193662 , 0.01859155, 0.01859155,
       0.01784038, 0.01920615, 0.01830986, 0.01746479, 0.01780684,
       0.01971831, 0.01710262, 0.01971831, 0.01778169, 0.01766965,
       0.01971831, 0.0193159 , 0.01810865, 0.01737089, 0.01960563,
       0.01934272, 0.01830986, 0.01942179, 0.0186452 , 0.01816901,
       0.0171831 , 0.01901408, 0.01746479, 0.01934272, 0.01784038,
       0.01795775, 0.01839271, 0.01859155, 0.0172144 , 0.01911469,
       0.01802817, 0.01789561, 0.01953052, 0.01971831, 0.01703555,
       0.01919014, 0.01799687, 0.01866197, 0.01928494, 0.01877934,
       0.01934272, 0.01830986, 0.01971831, 0.01751378, 0.01877934,
       0.01781276, 0.01789561, 0.01934272, 0.0183711 , 0.01919014,
       0.01799687, 0.01774648, 0.01775873, 0.01971831, 0.0181338 ,
       0.01891348, 0.01848592, 0.01866197, 0.01778169, 0.01859155,
       0.01770624, 0.01840376, 0.01971831, 0.01750503, 0.01971831,
       0.01746479, 0.01971831, 0.01765258, 0.01840376, 0.01830986,
       0.01752739, 0.01765258, 0.0195171 , 0.01714636, 0.01971831,
       0.0184379 , 0.01823573, 0.0193159 , 0.01891348, 0.01838399,
       0.01823573, 0.01971831, 0.01805378, 0.01919014, 0.0193159 ,
       0.01802817, 0.01877934, 0.01866197, 0.01802817, 0.01971831,
       0.017277  , 0.01830986, 0.01954225, 0.01821596, 0.01922121,
       0.01805378, 0.01852654, 0.01784038, 0.01955261, 0.01872411,
       0.01763625, 0.01954225, 0.01765258, 0.01971831, 0.01953052,
       0.01706711, 0.01883803, 0.01971831, 0.01934272, 0.01928494,
       0.01971831, 0.01822701, 0.01779096, 0.01927354, 0.01830986]), 'class_median_width_scaled': array([0.01971831, 0.01971831, 0.01971831, 0.01690141, 0.01971831,
       0.01971831, 0.01690141, 0.01971831, 0.01971831, 0.01971831,
       0.01971831, 0.01971831, 0.01690141, 0.01971831, 0.01971831,
       0.01690141, 0.01971831, 0.01971831, 0.01971831, 0.01971831,
       0.01690141, 0.01971831, 0.01690141, 0.01971831, 0.01971831,
       0.01690141, 0.01690141, 0.01690141, 0.01971831, 0.01971831,
       0.01690141, 0.01690141, 0.01690141, 0.01971831, 0.01971831,
       0.01971831, 0.01690141, 0.01971831, 0.01971831, 0.01690141,
       0.01971831, 0.01971831, 0.01971831, 0.01971831, 0.01971831,
       0.01690141, 0.01971831, 0.01690141, 0.01971831, 0.01971831,
       0.01971831, 0.01971831, 0.01971831, 0.01690141, 0.01690141,
       0.01971831, 0.01690141, 0.01971831, 0.01971831, 0.01971831,
       0.01690141, 0.01690141, 0.01690141, 0.01690141, 0.01971831,
       0.01690141, 0.01971831, 0.01690141, 0.01971831, 0.01971831,
       0.01830986, 0.01690141, 0.01971831, 0.01971831, 0.01690141,
       0.01971831, 0.01971831, 0.01690141, 0.01971831, 0.01690141,
       0.01971831, 0.01971831, 0.01971831, 0.01690141, 0.01690141,
       0.01690141, 0.01690141, 0.01690141, 0.01971831, 0.01971831,
       0.01971831, 0.01971831, 0.01690141, 0.01690141, 0.01971831,
       0.01971831, 0.01971831, 0.01971831, 0.01971831, 0.01690141,
       0.01971831, 0.01971831, 0.01971831, 0.01830986, 0.01971831,
       0.01971831, 0.01971831, 0.01971831, 0.01971831, 0.01971831,
       0.01971831, 0.01971831, 0.01971831, 0.01971831, 0.01971831,
       0.01690141, 0.01971831, 0.01690141, 0.01971831, 0.01971831,
       0.01690141, 0.01971831, 0.01690141, 0.01830986, 0.01971831,
       0.01971831, 0.01971831, 0.01971831, 0.01690141, 0.01971831,
       0.01971831, 0.01971831, 0.01971831, 0.01971831, 0.01690141,
       0.01971831, 0.01971831, 0.01690141, 0.01971831, 0.01690141,
       0.01971831, 0.01690141, 0.01971831, 0.01971831, 0.01690141,
       0.01971831, 0.01971831, 0.01690141, 0.01971831, 0.01971831,
       0.01971831, 0.01971831, 0.01971831, 0.01971831, 0.01971831,
       0.01971831, 0.01690141, 0.01971831, 0.01690141, 0.01690141,
       0.01971831, 0.01971831, 0.01971831, 0.01971831, 0.01971831,
       0.01971831, 0.01971831, 0.01971831, 0.01971831, 0.01971831,
       0.01690141, 0.01690141, 0.01971831, 0.01971831, 0.01690141,
       0.01971831, 0.01971831, 0.01971831, 0.01971831, 0.01971831,
       0.01971831, 0.01690141, 0.01690141, 0.01971831, 0.01971831,
       0.01690141, 0.01971831, 0.01971831, 0.01690141, 0.01690141,
       0.01971831, 0.01690141, 0.01690141, 0.01971831, 0.01971831,
       0.01690141, 0.01690141, 0.01971831, 0.01971831, 0.01971831,
       0.01971831, 0.01971831, 0.01690141, 0.01971831, 0.01971831,
       0.01690141, 0.01690141, 0.01971831, 0.01971831, 0.01690141,
       0.01690141, 0.01971831, 0.01690141, 0.01690141, 0.01690141,
       0.01971831, 0.01971831, 0.01971831, 0.01971831, 0.01971831,
       0.01690141, 0.01830986, 0.01830986, 0.01830986, 0.01690141,
       0.01971831, 0.01971831, 0.01690141, 0.01690141, 0.01971831,
       0.01690141, 0.01971831, 0.01971831, 0.01971831, 0.01690141,
       0.01690141, 0.01971831, 0.01971831, 0.01971831, 0.01971831,
       0.01690141, 0.01971831, 0.01830986, 0.01690141, 0.01690141,
       0.01971831, 0.01690141, 0.01971831, 0.01690141, 0.01690141,
       0.01971831, 0.01971831, 0.01690141, 0.01690141, 0.01971831,
       0.01971831, 0.01830986, 0.01971831, 0.01971831, 0.01690141,
       0.01690141, 0.01971831, 0.01690141, 0.01971831, 0.01690141,
       0.01690141, 0.01971831, 0.01971831, 0.01690141, 0.01971831,
       0.01690141, 0.01690141, 0.01971831, 0.01971831, 0.01690141,
       0.01971831, 0.01690141, 0.01971831, 0.01971831, 0.01971831,
       0.01971831, 0.01830986, 0.01971831, 0.01690141, 0.01971831,
       0.01690141, 0.01690141, 0.01971831, 0.01971831, 0.01971831,
       0.01690141, 0.01690141, 0.01690141, 0.01971831, 0.01690141,
       0.01971831, 0.01971831, 0.01971831, 0.01690141, 0.01971831,
       0.01690141, 0.01971831, 0.01971831, 0.01690141, 0.01971831,
       0.01690141, 0.01971831, 0.01690141, 0.01971831, 0.01830986,
       0.01690141, 0.01690141, 0.01971831, 0.01690141, 0.01971831,
       0.01971831, 0.01690141, 0.01971831, 0.01971831, 0.01971831,
       0.01690141, 0.01971831, 0.01690141, 0.01971831, 0.01971831,
       0.01690141, 0.01971831, 0.01971831, 0.01690141, 0.01971831,
       0.01690141, 0.01830986, 0.01971831, 0.01690141, 0.01971831,
       0.01690141, 0.01971831, 0.01690141, 0.01971831, 0.01971831,
       0.01690141, 0.01971831, 0.01690141, 0.01971831, 0.01971831,
       0.01690141, 0.01971831, 0.01971831, 0.01971831, 0.01971831,
       0.01971831, 0.01690141, 0.01690141, 0.01971831, 0.01830986])}

pcs_oob full class metrics: {'class_coverage': array([1.        , 0.8125    , 0.86666667, 1.        , 0.92857143,
       0.73333333, 0.94444444, 0.73333333, 0.8       , 0.88888889,
       0.77777778, 0.73333333, 0.77777778, 0.86666667, 1.        ,
       0.95      , 0.9       , 0.94736842, 1.        , 0.73333333,
       0.93333333, 0.875     , 0.9375    , 0.94736842, 0.75      ,
       1.        , 0.92857143, 1.        , 0.84615385, 0.88888889,
       0.94736842, 1.        , 0.82352941, 0.93333333, 0.93333333,
       0.9375    , 1.        , 0.73333333, 1.        , 1.        ,
       0.8125    , 0.9375    , 0.82352941, 0.8       , 0.93333333,
       1.        , 0.94444444, 0.94444444, 0.89473684, 0.6       ,
       0.86666667, 0.88235294, 1.        , 1.        , 0.89473684,
       0.93333333, 1.        , 1.        , 0.85714286, 0.86666667,
       1.        , 1.        , 1.        , 1.        , 0.93333333,
       1.        , 0.72222222, 0.76470588, 0.78947368, 0.64285714,
       0.64285714, 1.        , 0.875     , 0.8       , 0.93333333,
       0.86666667, 1.        , 1.        , 0.8       , 0.9375    ,
       1.        , 0.76190476, 0.94117647, 1.        , 0.9375    ,
       1.        , 0.94736842, 1.        , 0.92857143, 0.8125    ,
       0.93333333, 1.        , 0.88235294, 0.93333333, 0.875     ,
       1.        , 0.82352941, 1.        , 1.        , 0.94736842,
       1.        , 1.        , 0.93333333, 0.9375    , 1.        ,
       0.93333333, 0.8       , 0.9375    , 0.85714286, 1.        ,
       0.73333333, 0.86666667, 0.71428571, 1.        , 0.8       ,
       0.9375    , 1.        , 0.9375    , 0.93333333, 0.86666667,
       1.        , 0.875     , 0.96      , 1.        , 1.        ,
       0.84210526, 0.85714286, 0.88235294, 1.        , 0.94117647,
       0.9       , 0.85714286, 0.86666667, 0.92857143, 0.8       ,
       0.86666667, 0.8       , 0.88888889, 1.        , 1.        ,
       0.86666667, 0.93333333, 0.93333333, 1.        , 1.        ,
       1.        , 0.93333333, 0.93333333, 0.78571429, 0.75      ,
       1.        , 1.        , 1.        , 1.        , 0.88235294,
       0.94444444, 0.95454545, 0.71428571, 0.93333333, 0.86666667,
       0.625     , 1.        , 0.92857143, 0.8       , 0.86666667,
       0.84210526, 1.        , 0.70588235, 0.8       , 0.94444444,
       0.94117647, 0.875     , 0.91304348, 0.8       , 0.875     ,
       0.73333333, 0.86666667, 0.9375    , 0.86666667, 0.86666667,
       0.94117647, 0.875     , 0.875     , 0.8       , 0.93333333,
       1.        , 0.75      , 0.6875    , 1.        , 0.94444444,
       0.94117647, 0.46666667, 1.        , 0.93333333, 0.95      ,
       0.94117647, 0.88235294, 0.73333333, 0.8       , 0.82352941,
       0.86666667, 0.73333333, 1.        , 0.9375    , 0.76190476,
       0.94736842, 1.        , 0.86666667, 0.95238095, 1.        ,
       1.        , 0.875     , 0.95      , 0.93333333, 0.9375    ,
       0.94736842, 0.75      , 0.8       , 0.8125    , 0.85714286,
       1.        , 0.875     , 0.9375    , 0.9375    , 1.        ,
       0.93333333, 0.66666667, 0.78571429, 0.8       , 1.        ,
       0.95238095, 1.        , 0.85714286, 0.94117647, 1.        ,
       0.93333333, 0.875     , 0.9375    , 0.93333333, 0.86666667,
       0.8       , 0.86363636, 0.94444444, 1.        , 1.        ,
       0.9375    , 1.        , 1.        , 1.        , 1.        ,
       0.8125    , 0.64285714, 1.        , 1.        , 0.72      ,
       1.        , 0.94444444, 0.73684211, 0.95238095, 1.        ,
       1.        , 0.75      , 0.8       , 0.93333333, 1.        ,
       1.        , 0.88235294, 0.9       , 1.        , 0.5       ,
       0.8       , 1.        , 0.66666667, 0.66666667, 1.        ,
       0.9375    , 1.        , 1.        , 0.61538462, 1.        ,
       0.8       , 0.8       , 0.73333333, 1.        , 0.8       ,
       1.        , 0.94117647, 0.93333333, 0.95652174, 0.9375    ,
       1.        , 1.        , 0.95652174, 1.        , 1.        ,
       0.85714286, 1.        , 0.79166667, 0.9375    , 0.93333333,
       1.        , 0.93333333, 0.93333333, 0.92857143, 0.86666667,
       0.93333333, 0.6875    , 1.        , 0.86666667, 1.        ,
       1.        , 0.86666667, 0.85714286, 0.95652174, 0.9       ,
       1.        , 0.89473684, 0.78571429, 1.        , 0.73684211,
       0.84210526, 0.75      , 0.90909091, 1.        , 0.78571429,
       1.        , 0.86666667, 0.9375    , 1.        , 0.83333333,
       1.        , 0.94444444, 0.9375    , 0.93333333, 0.70588235,
       0.86363636, 0.92307692, 0.8       , 1.        , 0.94117647,
       0.95652174, 0.875     , 0.73333333, 0.75      , 0.8       ,
       1.        , 1.        , 0.73333333, 1.        , 0.69230769,
       1.        , 1.        , 1.        , 0.89473684, 0.94444444]), 'class_mean_width': array([6.64285714, 6.8125    , 6.66666667, 6.15      , 6.53571429,
       7.        , 6.33333333, 7.        , 6.93333333, 6.72222222,
       6.83333333, 6.8       , 6.27777778, 6.53333333, 6.86666667,
       6.2       , 6.8       , 6.89473684, 6.92857143, 6.73333333,
       6.46666667, 6.83333333, 6.1875    , 6.57894737, 6.5625    ,
       6.30555556, 6.35714286, 6.26666667, 6.61538462, 6.83333333,
       6.42105263, 6.33333333, 6.41176471, 6.8       , 7.        ,
       6.875     , 6.28571429, 7.        , 6.78571429, 6.25      ,
       6.875     , 6.8125    , 6.76470588, 6.86666667, 6.93333333,
       6.46666667, 6.88888889, 6.38888889, 6.68421053, 6.65      ,
       6.93333333, 6.88235294, 6.64705882, 6.38888889, 6.36842105,
       6.8       , 6.13333333, 7.        , 7.        , 6.66666667,
       6.41176471, 6.25      , 6.31578947, 6.21428571, 6.53333333,
       6.05882353, 6.77777778, 6.35294118, 6.57894737, 7.        ,
       6.5       , 6.0952381 , 6.875     , 6.93333333, 6.33333333,
       7.        , 6.8125    , 6.15789474, 6.86666667, 6.1875    ,
       6.73684211, 6.66666667, 7.        , 6.11764706, 6.3125    ,
       6.28571429, 6.42105263, 6.26666667, 6.92857143, 6.75      ,
       6.73333333, 6.9375    , 6.35294118, 6.33333333, 6.875     ,
       6.57894737, 6.94117647, 6.73333333, 6.61538462, 6.47368421,
       6.6875    , 6.8       , 6.73333333, 6.5       , 7.        ,
       6.93333333, 6.53333333, 6.625     , 6.57142857, 6.6       ,
       7.        , 7.        , 6.92857143, 6.66666667, 7.        ,
       6.3125    , 6.64285714, 6.375     , 7.        , 6.6       ,
       6.21052632, 6.8125    , 6.24      , 6.5       , 6.625     ,
       6.73684211, 6.71428571, 7.        , 6.1875    , 6.70588235,
       6.9       , 6.78571429, 6.73333333, 7.        , 6.46666667,
       6.86666667, 6.93333333, 6.44444444, 6.6       , 6.4375    ,
       6.73333333, 6.4       , 7.        , 6.8       , 6.47826087,
       6.73684211, 6.73333333, 6.46666667, 6.64285714, 6.875     ,
       6.61111111, 6.94444444, 6.76470588, 6.5625    , 6.88235294,
       6.55555556, 6.22727273, 6.76190476, 6.33333333, 6.33333333,
       6.75      , 6.68421053, 7.        , 6.73333333, 6.86666667,
       6.94736842, 6.86666667, 7.        , 6.53333333, 7.        ,
       6.11764706, 6.1875    , 6.69565217, 7.        , 6.375     ,
       6.8       , 6.86666667, 6.8125    , 6.86666667, 6.6       ,
       6.70588235, 6.25      , 6.4375    , 6.66666667, 6.73333333,
       6.2       , 6.9375    , 6.9375    , 6.4375    , 6.16666667,
       6.82352941, 6.46666667, 6.33333333, 6.53333333, 6.6       ,
       6.05882353, 6.41176471, 6.8       , 7.        , 6.82352941,
       6.86666667, 7.        , 6.0625    , 6.9375    , 6.57142857,
       6.21052632, 6.40909091, 6.73333333, 6.76190476, 6.33333333,
       6.        , 6.875     , 6.4       , 6.26666667, 6.4375    ,
       6.52631579, 7.        , 6.53333333, 6.6875    , 6.76190476,
       6.11764706, 6.5       , 6.5       , 6.5       , 6.30769231,
       6.73333333, 6.86666667, 6.42857143, 6.4       , 6.5625    ,
       6.28571429, 6.61111111, 6.57142857, 6.76470588, 6.05882353,
       6.2       , 6.75      , 6.875     , 6.6       , 6.6       ,
       6.33333333, 6.81818182, 6.5       , 6.2       , 6.32142857,
       7.        , 6.07142857, 7.        , 6.3125    , 6.27272727,
       7.        , 6.85714286, 6.42857143, 6.16666667, 6.96      ,
       6.86666667, 6.5       , 6.89473684, 6.61904762, 6.45      ,
       6.1       , 6.75      , 6.2       , 6.86666667, 6.33333333,
       6.375     , 6.52941176, 6.6       , 6.11111111, 6.78571429,
       6.4       , 6.35294118, 6.93333333, 7.        , 6.04761905,
       6.8125    , 6.38888889, 6.625     , 6.84615385, 6.66666667,
       6.86666667, 6.5       , 7.        , 6.2173913 , 6.66666667,
       6.32352941, 6.35294118, 6.86666667, 6.52173913, 6.8125    ,
       6.38888889, 6.3       , 6.30434783, 7.        , 6.4375    ,
       6.71428571, 6.5625    , 6.625     , 6.3125    , 6.6       ,
       6.28571429, 6.53333333, 7.        , 6.21428571, 7.        ,
       6.2       , 7.        , 6.26666667, 6.53333333, 6.5       ,
       6.22222222, 6.26666667, 6.92857143, 6.08695652, 7.        ,
       6.54545455, 6.47368421, 6.85714286, 6.71428571, 6.52631579,
       6.47368421, 7.        , 6.40909091, 6.8125    , 6.85714286,
       6.4       , 6.66666667, 6.625     , 6.4       , 7.        ,
       6.13333333, 6.5       , 6.9375    , 6.46666667, 6.82352941,
       6.40909091, 6.57692308, 6.33333333, 6.94117647, 6.64705882,
       6.26086957, 6.9375    , 6.26666667, 7.        , 6.93333333,
       6.05882353, 6.6875    , 7.        , 6.86666667, 6.84615385,
       7.        , 6.47058824, 6.31578947, 6.84210526, 6.5       ]), 'class_median_width': array([7. , 7. , 7. , 6. , 7. , 7. , 6. , 7. , 7. , 7. , 7. , 7. , 6. ,
       7. , 7. , 6. , 7. , 7. , 7. , 7. , 6. , 7. , 6. , 7. , 7. , 6. ,
       6. , 6. , 7. , 7. , 6. , 6. , 6. , 7. , 7. , 7. , 6. , 7. , 7. ,
       6. , 7. , 7. , 7. , 7. , 7. , 6. , 7. , 6. , 7. , 7. , 7. , 7. ,
       7. , 6. , 6. , 7. , 6. , 7. , 7. , 7. , 6. , 6. , 6. , 6. , 7. ,
       6. , 7. , 6. , 7. , 7. , 6.5, 6. , 7. , 7. , 6. , 7. , 7. , 6. ,
       7. , 6. , 7. , 7. , 7. , 6. , 6. , 6. , 6. , 6. , 7. , 7. , 7. ,
       7. , 6. , 6. , 7. , 7. , 7. , 7. , 7. , 6. , 7. , 7. , 7. , 6.5,
       7. , 7. , 7. , 7. , 7. , 7. , 7. , 7. , 7. , 7. , 7. , 6. , 7. ,
       6. , 7. , 7. , 6. , 7. , 6. , 6.5, 7. , 7. , 7. , 7. , 6. , 7. ,
       7. , 7. , 7. , 7. , 6. , 7. , 7. , 6. , 7. , 6. , 7. , 6. , 7. ,
       7. , 6. , 7. , 7. , 6. , 7. , 7. , 7. , 7. , 7. , 7. , 7. , 7. ,
       6. , 7. , 6. , 6. , 7. , 7. , 7. , 7. , 7. , 7. , 7. , 7. , 7. ,
       7. , 6. , 6. , 7. , 7. , 6. , 7. , 7. , 7. , 7. , 7. , 7. , 6. ,
       6. , 7. , 7. , 6. , 7. , 7. , 6. , 6. , 7. , 6. , 6. , 7. , 7. ,
       6. , 6. , 7. , 7. , 7. , 7. , 7. , 6. , 7. , 7. , 6. , 6. , 7. ,
       7. , 6. , 6. , 7. , 6. , 6. , 6. , 7. , 7. , 7. , 7. , 7. , 6. ,
       6.5, 6.5, 6.5, 6. , 7. , 7. , 6. , 6. , 7. , 6. , 7. , 7. , 7. ,
       6. , 6. , 7. , 7. , 7. , 7. , 6. , 7. , 6.5, 6. , 6. , 7. , 6. ,
       7. , 6. , 6. , 7. , 7. , 6. , 6. , 7. , 7. , 6.5, 7. , 7. , 6. ,
       6. , 7. , 6. , 7. , 6. , 6. , 7. , 7. , 6. , 7. , 6. , 6. , 7. ,
       7. , 6. , 7. , 6. , 7. , 7. , 7. , 7. , 6.5, 7. , 6. , 7. , 6. ,
       6. , 7. , 7. , 7. , 6. , 6. , 6. , 7. , 6. , 7. , 7. , 7. , 6. ,
       7. , 6. , 7. , 7. , 6. , 7. , 6. , 7. , 6. , 7. , 6.5, 6. , 6. ,
       7. , 6. , 7. , 7. , 6. , 7. , 7. , 7. , 6. , 7. , 6. , 7. , 7. ,
       6. , 7. , 7. , 6. , 7. , 6. , 6.5, 7. , 6. , 7. , 6. , 7. , 6. ,
       7. , 7. , 6. , 7. , 6. , 7. , 7. , 6. , 7. , 7. , 7. , 7. , 7. ,
       6. , 6. , 7. , 6.5]), 'class_mean_width_scaled': array([0.01871227, 0.01919014, 0.01877934, 0.01732394, 0.01841046,
       0.01971831, 0.01784038, 0.01971831, 0.01953052, 0.01893584,
       0.01924883, 0.01915493, 0.01768388, 0.01840376, 0.01934272,
       0.01746479, 0.01915493, 0.01942179, 0.0195171 , 0.01896714,
       0.01821596, 0.01924883, 0.01742958, 0.01853225, 0.01848592,
       0.01776213, 0.01790744, 0.01765258, 0.01863489, 0.01924883,
       0.01808747, 0.01784038, 0.01806131, 0.01915493, 0.01971831,
       0.0193662 , 0.01770624, 0.01971831, 0.01911469, 0.01760563,
       0.0193662 , 0.01919014, 0.01905551, 0.01934272, 0.01953052,
       0.01821596, 0.01940532, 0.01799687, 0.01882876, 0.01873239,
       0.01953052, 0.01938691, 0.01872411, 0.01799687, 0.01793921,
       0.01915493, 0.017277  , 0.01971831, 0.01971831, 0.01877934,
       0.01806131, 0.01760563, 0.01779096, 0.01750503, 0.01840376,
       0.01706711, 0.01909233, 0.01789561, 0.01853225, 0.01971831,
       0.01830986, 0.01716968, 0.0193662 , 0.01953052, 0.01784038,
       0.01971831, 0.01919014, 0.01734618, 0.01934272, 0.01742958,
       0.01897702, 0.01877934, 0.01971831, 0.01723281, 0.01778169,
       0.01770624, 0.01808747, 0.01765258, 0.0195171 , 0.01901408,
       0.01896714, 0.01954225, 0.01789561, 0.01784038, 0.0193662 ,
       0.01853225, 0.01955261, 0.01896714, 0.01863489, 0.01823573,
       0.01883803, 0.01915493, 0.01896714, 0.01830986, 0.01971831,
       0.01953052, 0.01840376, 0.01866197, 0.01851107, 0.01859155,
       0.01971831, 0.01971831, 0.0195171 , 0.01877934, 0.01971831,
       0.01778169, 0.01871227, 0.01795775, 0.01971831, 0.01859155,
       0.01749444, 0.01919014, 0.01757746, 0.01830986, 0.01866197,
       0.01897702, 0.01891348, 0.01971831, 0.01742958, 0.01888981,
       0.01943662, 0.01911469, 0.01896714, 0.01971831, 0.01821596,
       0.01934272, 0.01953052, 0.01815336, 0.01859155, 0.0181338 ,
       0.01896714, 0.01802817, 0.01971831, 0.01915493, 0.01824862,
       0.01897702, 0.01896714, 0.01821596, 0.01871227, 0.0193662 ,
       0.01862285, 0.01956182, 0.01905551, 0.01848592, 0.01938691,
       0.01846635, 0.01754161, 0.01904762, 0.01784038, 0.01784038,
       0.01901408, 0.01882876, 0.01971831, 0.01896714, 0.01934272,
       0.01957005, 0.01934272, 0.01971831, 0.01840376, 0.01971831,
       0.01723281, 0.01742958, 0.01886099, 0.01971831, 0.01795775,
       0.01915493, 0.01934272, 0.01919014, 0.01934272, 0.01859155,
       0.01888981, 0.01760563, 0.0181338 , 0.01877934, 0.01896714,
       0.01746479, 0.01954225, 0.01954225, 0.0181338 , 0.01737089,
       0.01922121, 0.01821596, 0.01784038, 0.01840376, 0.01859155,
       0.01706711, 0.01806131, 0.01915493, 0.01971831, 0.01922121,
       0.01934272, 0.01971831, 0.01707746, 0.01954225, 0.01851107,
       0.01749444, 0.01805378, 0.01896714, 0.01904762, 0.01784038,
       0.01690141, 0.0193662 , 0.01802817, 0.01765258, 0.0181338 ,
       0.01838399, 0.01971831, 0.01840376, 0.01883803, 0.01904762,
       0.01723281, 0.01830986, 0.01830986, 0.01830986, 0.01776815,
       0.01896714, 0.01934272, 0.01810865, 0.01802817, 0.01848592,
       0.01770624, 0.01862285, 0.01851107, 0.01905551, 0.01706711,
       0.01746479, 0.01901408, 0.0193662 , 0.01859155, 0.01859155,
       0.01784038, 0.01920615, 0.01830986, 0.01746479, 0.01780684,
       0.01971831, 0.01710262, 0.01971831, 0.01778169, 0.01766965,
       0.01971831, 0.0193159 , 0.01810865, 0.01737089, 0.01960563,
       0.01934272, 0.01830986, 0.01942179, 0.0186452 , 0.01816901,
       0.0171831 , 0.01901408, 0.01746479, 0.01934272, 0.01784038,
       0.01795775, 0.01839271, 0.01859155, 0.0172144 , 0.01911469,
       0.01802817, 0.01789561, 0.01953052, 0.01971831, 0.01703555,
       0.01919014, 0.01799687, 0.01866197, 0.01928494, 0.01877934,
       0.01934272, 0.01830986, 0.01971831, 0.01751378, 0.01877934,
       0.01781276, 0.01789561, 0.01934272, 0.0183711 , 0.01919014,
       0.01799687, 0.01774648, 0.01775873, 0.01971831, 0.0181338 ,
       0.01891348, 0.01848592, 0.01866197, 0.01778169, 0.01859155,
       0.01770624, 0.01840376, 0.01971831, 0.01750503, 0.01971831,
       0.01746479, 0.01971831, 0.01765258, 0.01840376, 0.01830986,
       0.01752739, 0.01765258, 0.0195171 , 0.01714636, 0.01971831,
       0.0184379 , 0.01823573, 0.0193159 , 0.01891348, 0.01838399,
       0.01823573, 0.01971831, 0.01805378, 0.01919014, 0.0193159 ,
       0.01802817, 0.01877934, 0.01866197, 0.01802817, 0.01971831,
       0.017277  , 0.01830986, 0.01954225, 0.01821596, 0.01922121,
       0.01805378, 0.01852654, 0.01784038, 0.01955261, 0.01872411,
       0.01763625, 0.01954225, 0.01765258, 0.01971831, 0.01953052,
       0.01706711, 0.01883803, 0.01971831, 0.01934272, 0.01928494,
       0.01971831, 0.01822701, 0.01779096, 0.01927354, 0.01830986]), 'class_median_width_scaled': array([0.01971831, 0.01971831, 0.01971831, 0.01690141, 0.01971831,
       0.01971831, 0.01690141, 0.01971831, 0.01971831, 0.01971831,
       0.01971831, 0.01971831, 0.01690141, 0.01971831, 0.01971831,
       0.01690141, 0.01971831, 0.01971831, 0.01971831, 0.01971831,
       0.01690141, 0.01971831, 0.01690141, 0.01971831, 0.01971831,
       0.01690141, 0.01690141, 0.01690141, 0.01971831, 0.01971831,
       0.01690141, 0.01690141, 0.01690141, 0.01971831, 0.01971831,
       0.01971831, 0.01690141, 0.01971831, 0.01971831, 0.01690141,
       0.01971831, 0.01971831, 0.01971831, 0.01971831, 0.01971831,
       0.01690141, 0.01971831, 0.01690141, 0.01971831, 0.01971831,
       0.01971831, 0.01971831, 0.01971831, 0.01690141, 0.01690141,
       0.01971831, 0.01690141, 0.01971831, 0.01971831, 0.01971831,
       0.01690141, 0.01690141, 0.01690141, 0.01690141, 0.01971831,
       0.01690141, 0.01971831, 0.01690141, 0.01971831, 0.01971831,
       0.01830986, 0.01690141, 0.01971831, 0.01971831, 0.01690141,
       0.01971831, 0.01971831, 0.01690141, 0.01971831, 0.01690141,
       0.01971831, 0.01971831, 0.01971831, 0.01690141, 0.01690141,
       0.01690141, 0.01690141, 0.01690141, 0.01971831, 0.01971831,
       0.01971831, 0.01971831, 0.01690141, 0.01690141, 0.01971831,
       0.01971831, 0.01971831, 0.01971831, 0.01971831, 0.01690141,
       0.01971831, 0.01971831, 0.01971831, 0.01830986, 0.01971831,
       0.01971831, 0.01971831, 0.01971831, 0.01971831, 0.01971831,
       0.01971831, 0.01971831, 0.01971831, 0.01971831, 0.01971831,
       0.01690141, 0.01971831, 0.01690141, 0.01971831, 0.01971831,
       0.01690141, 0.01971831, 0.01690141, 0.01830986, 0.01971831,
       0.01971831, 0.01971831, 0.01971831, 0.01690141, 0.01971831,
       0.01971831, 0.01971831, 0.01971831, 0.01971831, 0.01690141,
       0.01971831, 0.01971831, 0.01690141, 0.01971831, 0.01690141,
       0.01971831, 0.01690141, 0.01971831, 0.01971831, 0.01690141,
       0.01971831, 0.01971831, 0.01690141, 0.01971831, 0.01971831,
       0.01971831, 0.01971831, 0.01971831, 0.01971831, 0.01971831,
       0.01971831, 0.01690141, 0.01971831, 0.01690141, 0.01690141,
       0.01971831, 0.01971831, 0.01971831, 0.01971831, 0.01971831,
       0.01971831, 0.01971831, 0.01971831, 0.01971831, 0.01971831,
       0.01690141, 0.01690141, 0.01971831, 0.01971831, 0.01690141,
       0.01971831, 0.01971831, 0.01971831, 0.01971831, 0.01971831,
       0.01971831, 0.01690141, 0.01690141, 0.01971831, 0.01971831,
       0.01690141, 0.01971831, 0.01971831, 0.01690141, 0.01690141,
       0.01971831, 0.01690141, 0.01690141, 0.01971831, 0.01971831,
       0.01690141, 0.01690141, 0.01971831, 0.01971831, 0.01971831,
       0.01971831, 0.01971831, 0.01690141, 0.01971831, 0.01971831,
       0.01690141, 0.01690141, 0.01971831, 0.01971831, 0.01690141,
       0.01690141, 0.01971831, 0.01690141, 0.01690141, 0.01690141,
       0.01971831, 0.01971831, 0.01971831, 0.01971831, 0.01971831,
       0.01690141, 0.01830986, 0.01830986, 0.01830986, 0.01690141,
       0.01971831, 0.01971831, 0.01690141, 0.01690141, 0.01971831,
       0.01690141, 0.01971831, 0.01971831, 0.01971831, 0.01690141,
       0.01690141, 0.01971831, 0.01971831, 0.01971831, 0.01971831,
       0.01690141, 0.01971831, 0.01830986, 0.01690141, 0.01690141,
       0.01971831, 0.01690141, 0.01971831, 0.01690141, 0.01690141,
       0.01971831, 0.01971831, 0.01690141, 0.01690141, 0.01971831,
       0.01971831, 0.01830986, 0.01971831, 0.01971831, 0.01690141,
       0.01690141, 0.01971831, 0.01690141, 0.01971831, 0.01690141,
       0.01690141, 0.01971831, 0.01971831, 0.01690141, 0.01971831,
       0.01690141, 0.01690141, 0.01971831, 0.01971831, 0.01690141,
       0.01971831, 0.01690141, 0.01971831, 0.01971831, 0.01971831,
       0.01971831, 0.01830986, 0.01971831, 0.01690141, 0.01971831,
       0.01690141, 0.01690141, 0.01971831, 0.01971831, 0.01971831,
       0.01690141, 0.01690141, 0.01690141, 0.01971831, 0.01690141,
       0.01971831, 0.01971831, 0.01971831, 0.01690141, 0.01971831,
       0.01690141, 0.01971831, 0.01971831, 0.01690141, 0.01971831,
       0.01690141, 0.01971831, 0.01690141, 0.01971831, 0.01830986,
       0.01690141, 0.01690141, 0.01971831, 0.01690141, 0.01971831,
       0.01971831, 0.01690141, 0.01971831, 0.01971831, 0.01971831,
       0.01690141, 0.01971831, 0.01690141, 0.01971831, 0.01971831,
       0.01690141, 0.01971831, 0.01971831, 0.01690141, 0.01971831,
       0.01690141, 0.01830986, 0.01971831, 0.01690141, 0.01971831,
       0.01690141, 0.01971831, 0.01690141, 0.01971831, 0.01971831,
       0.01690141, 0.01971831, 0.01690141, 0.01971831, 0.01971831,
       0.01690141, 0.01971831, 0.01971831, 0.01971831, 0.01971831,
       0.01971831, 0.01690141, 0.01690141, 0.01971831, 0.01830986])}

Job completed at Thu Mar 20 06:16:40 PM PDT 2025
