Starting job at Wed Mar 19 08:22:28 PM PDT 2025
Job parameters:
Dataset: data_walking
UQ Method: split_conformal_topk
Estimator: ExtraTrees
Seed: 781
Train Size: 0.8
Running split_conformal_topk on data_walking with seed 781 and train size 0.8

starting experiment

data created

Fitting split_conformal_topk_ExtraTrees on data_walking with seed 781

split_conformal_topk_ExtraTrees metrics: {'coverage': np.float64(0.9206666666666666), 'mean_width': np.float64(12.252666666666666), 'median_width': np.float64(8.0), 'mean_width_scaled': np.float64(0.556939393939394), 'median_width_scaled': np.float64(0.36363636363636365)}

split_conformal_topk_ExtraTrees full metrics: {'coverage': np.float64(0.9206666666666666), 'mean_width': np.float64(12.252666666666666), 'median_width': np.float64(8.0), 'mean_width_scaled': np.float64(0.556939393939394), 'median_width_scaled': np.float64(0.36363636363636365)}

split_conformal_topk_ExtraTrees class metrics: {'class_coverage': array([0.91129032, 0.95555556, 0.93434343, 0.9159292 , 0.91333333,
       0.73381295, 0.95638629, 0.89637306, 0.87732342, 0.94202899,
       0.7755102 , 0.97297297, 0.55072464, 0.96266968, 0.96043165,
       0.85294118, 0.99118943, 0.83064516, 0.95128205, 0.81410256,
       0.76086957, 0.86071429]), 'class_mean_width': array([ 7.76612903, 10.55555556,  8.12121212,  7.8539823 ,  8.34      ,
        7.66906475, 10.17445483, 10.76165803,  8.31226766, 14.61697723,
        7.58503401, 10.83783784,  8.05797101, 17.37104072, 15.82973621,
        8.36764706, 15.00440529,  9.17741935, 10.17179487,  7.78846154,
        7.5       ,  8.99642857]), 'class_median_width': array([ 7.,  8.,  8.,  7.,  7.,  7.,  8.,  8.,  7., 10.,  7.,  8.,  7.,
       22., 22.,  7., 22.,  8.,  7.,  7.,  7.,  7.]), 'class_mean_width_scaled': array([0.35300587, 0.47979798, 0.36914601, 0.3569992 , 0.37909091,
       0.34859385, 0.46247522, 0.48916627, 0.37783035, 0.66440806,
       0.34477427, 0.49262899, 0.36627141, 0.78959276, 0.71953346,
       0.38034759, 0.68201842, 0.41715543, 0.46235431, 0.35402098,
       0.34090909, 0.40892857]), 'class_median_width_scaled': array([0.31818182, 0.36363636, 0.36363636, 0.31818182, 0.31818182,
       0.31818182, 0.36363636, 0.36363636, 0.31818182, 0.45454545,
       0.31818182, 0.36363636, 0.31818182, 1.        , 1.        ,
       0.31818182, 1.        , 0.36363636, 0.31818182, 0.31818182,
       0.31818182, 0.31818182])}

split_conformal_topk_ExtraTrees full class metrics: {'class_coverage': array([0.91129032, 0.95555556, 0.93434343, 0.9159292 , 0.91333333,
       0.73381295, 0.95638629, 0.89637306, 0.87732342, 0.94202899,
       0.7755102 , 0.97297297, 0.55072464, 0.96266968, 0.96043165,
       0.85294118, 0.99118943, 0.83064516, 0.95128205, 0.81410256,
       0.76086957, 0.86071429]), 'class_mean_width': array([ 7.76612903, 10.55555556,  8.12121212,  7.8539823 ,  8.34      ,
        7.66906475, 10.17445483, 10.76165803,  8.31226766, 14.61697723,
        7.58503401, 10.83783784,  8.05797101, 17.37104072, 15.82973621,
        8.36764706, 15.00440529,  9.17741935, 10.17179487,  7.78846154,
        7.5       ,  8.99642857]), 'class_median_width': array([ 7.,  8.,  8.,  7.,  7.,  7.,  8.,  8.,  7., 10.,  7.,  8.,  7.,
       22., 22.,  7., 22.,  8.,  7.,  7.,  7.,  7.]), 'class_mean_width_scaled': array([0.35300587, 0.47979798, 0.36914601, 0.3569992 , 0.37909091,
       0.34859385, 0.46247522, 0.48916627, 0.37783035, 0.66440806,
       0.34477427, 0.49262899, 0.36627141, 0.78959276, 0.71953346,
       0.38034759, 0.68201842, 0.41715543, 0.46235431, 0.35402098,
       0.34090909, 0.40892857]), 'class_median_width_scaled': array([0.31818182, 0.36363636, 0.36363636, 0.31818182, 0.31818182,
       0.31818182, 0.36363636, 0.36363636, 0.31818182, 0.45454545,
       0.31818182, 0.36363636, 0.31818182, 1.        , 1.        ,
       0.31818182, 1.        , 0.36363636, 0.31818182, 0.31818182,
       0.31818182, 0.31818182])}

Job completed at Wed Mar 19 08:22:34 PM PDT 2025
