Starting job at Thu Mar 20 05:03:51 PM PDT 2025
Job parameters:
Dataset: data_isolet
UQ Method: split_conformal_raps
Estimator: HistGradientBoosting
Seed: 785
Train Size: 0.8
Running split_conformal_raps on data_isolet with seed 785 and train size 0.8

starting experiment

data created

Fitting split_conformal_raps_HistGradientBoosting on data_isolet with seed 785

split_conformal_raps_HistGradientBoosting metrics: {'coverage': np.float64(0.9288461538461539), 'mean_width': np.float64(1.867948717948718), 'median_width': np.float64(1.0), 'mean_width_scaled': np.float64(0.07184418145956607), 'median_width_scaled': np.float64(0.038461538461538464)}

split_conformal_raps_HistGradientBoosting full metrics: {'coverage': np.float64(0.9288461538461539), 'mean_width': np.float64(1.867948717948718), 'median_width': np.float64(1.0), 'mean_width_scaled': np.float64(0.07184418145956607), 'median_width_scaled': np.float64(0.038461538461538464)}

split_conformal_raps_HistGradientBoosting class metrics: {'class_coverage': array([1.        , 0.98333333, 0.91666667, 0.98333333, 0.91666667,
       0.91666667, 0.95      , 0.95      , 0.95      , 1.        ,
       0.98333333, 0.86666667, 0.86666667, 0.95      , 0.85      ,
       0.9       , 0.93333333, 0.91666667, 0.95      , 0.95      ,
       0.88333333, 0.76666667, 0.9       , 0.91666667, 0.98333333,
       0.96666667]), 'class_mean_width': array([1.        , 2.25      , 2.25      , 1.41666667, 1.83333333,
       2.25      , 1.41666667, 2.25      , 2.66666667, 1.        ,
       1.83333333, 2.25      , 2.25      , 1.86666667, 1.41666667,
       1.41666667, 1.41666667, 2.26666667, 1.41666667, 3.51666667,
       1.83333333, 1.        , 1.83333333, 2.66666667, 1.83333333,
       1.41666667]), 'class_median_width': array([1., 1., 1., 1., 1., 1., 1., 1., 1., 1., 1., 1., 1., 1., 1., 1., 1.,
       1., 1., 1., 1., 1., 1., 1., 1., 1.]), 'class_mean_width_scaled': array([0.03846154, 0.08653846, 0.08653846, 0.05448718, 0.07051282,
       0.08653846, 0.05448718, 0.08653846, 0.1025641 , 0.03846154,
       0.07051282, 0.08653846, 0.08653846, 0.07179487, 0.05448718,
       0.05448718, 0.05448718, 0.08717949, 0.05448718, 0.13525641,
       0.07051282, 0.03846154, 0.07051282, 0.1025641 , 0.07051282,
       0.05448718]), 'class_median_width_scaled': array([0.03846154, 0.03846154, 0.03846154, 0.03846154, 0.03846154,
       0.03846154, 0.03846154, 0.03846154, 0.03846154, 0.03846154,
       0.03846154, 0.03846154, 0.03846154, 0.03846154, 0.03846154,
       0.03846154, 0.03846154, 0.03846154, 0.03846154, 0.03846154,
       0.03846154, 0.03846154, 0.03846154, 0.03846154, 0.03846154,
       0.03846154])}

split_conformal_raps_HistGradientBoosting full class metrics: {'class_coverage': array([1.        , 0.98333333, 0.91666667, 0.98333333, 0.91666667,
       0.91666667, 0.95      , 0.95      , 0.95      , 1.        ,
       0.98333333, 0.86666667, 0.86666667, 0.95      , 0.85      ,
       0.9       , 0.93333333, 0.91666667, 0.95      , 0.95      ,
       0.88333333, 0.76666667, 0.9       , 0.91666667, 0.98333333,
       0.96666667]), 'class_mean_width': array([1.        , 2.25      , 2.25      , 1.41666667, 1.83333333,
       2.25      , 1.41666667, 2.25      , 2.66666667, 1.        ,
       1.83333333, 2.25      , 2.25      , 1.86666667, 1.41666667,
       1.41666667, 1.41666667, 2.26666667, 1.41666667, 3.51666667,
       1.83333333, 1.        , 1.83333333, 2.66666667, 1.83333333,
       1.41666667]), 'class_median_width': array([1., 1., 1., 1., 1., 1., 1., 1., 1., 1., 1., 1., 1., 1., 1., 1., 1.,
       1., 1., 1., 1., 1., 1., 1., 1., 1.]), 'class_mean_width_scaled': array([0.03846154, 0.08653846, 0.08653846, 0.05448718, 0.07051282,
       0.08653846, 0.05448718, 0.08653846, 0.1025641 , 0.03846154,
       0.07051282, 0.08653846, 0.08653846, 0.07179487, 0.05448718,
       0.05448718, 0.05448718, 0.08717949, 0.05448718, 0.13525641,
       0.07051282, 0.03846154, 0.07051282, 0.1025641 , 0.07051282,
       0.05448718]), 'class_median_width_scaled': array([0.03846154, 0.03846154, 0.03846154, 0.03846154, 0.03846154,
       0.03846154, 0.03846154, 0.03846154, 0.03846154, 0.03846154,
       0.03846154, 0.03846154, 0.03846154, 0.03846154, 0.03846154,
       0.03846154, 0.03846154, 0.03846154, 0.03846154, 0.03846154,
       0.03846154, 0.03846154, 0.03846154, 0.03846154, 0.03846154,
       0.03846154])}

Job completed at Thu Mar 20 05:04:35 PM PDT 2025
