Starting job at Thu Mar 20 05:03:04 PM PDT 2025
Job parameters:
Dataset: data_yeast
UQ Method: split_conformal_aps
Estimator: ExtraTrees
Seed: 782
Train Size: 0.8
Running split_conformal_aps on data_yeast with seed 782 and train size 0.8

starting experiment

data created

Fitting split_conformal_aps_ExtraTrees on data_yeast with seed 782

split_conformal_aps_ExtraTrees metrics: {'coverage': np.float64(0.8888888888888888), 'mean_width': np.float64(2.9696969696969697), 'median_width': np.float64(3.0), 'mean_width_scaled': np.float64(0.296969696969697), 'median_width_scaled': np.float64(0.3)}

split_conformal_aps_ExtraTrees full metrics: {'coverage': np.float64(0.8888888888888888), 'mean_width': np.float64(2.9696969696969697), 'median_width': np.float64(3.0), 'mean_width_scaled': np.float64(0.296969696969697), 'median_width_scaled': np.float64(0.3)}

split_conformal_aps_ExtraTrees class metrics: {'class_coverage': array([1.        , 0.        , 0.57142857, 0.88888889, 0.3       ,
       0.9375    , 0.81632653, 0.97674419, 0.5       , 0.        ]), 'class_mean_width': array([2.70967742, 5.        , 4.14285714, 5.        , 4.2       ,
       3.25      , 2.97959184, 2.61627907, 3.75      , 3.16666667]), 'class_median_width': array([3. , 5. , 4. , 5. , 4. , 3. , 3. , 3. , 3.5, 3. ]), 'class_mean_width_scaled': array([0.27096774, 0.5       , 0.41428571, 0.5       , 0.42      ,
       0.325     , 0.29795918, 0.26162791, 0.375     , 0.31666667]), 'class_median_width_scaled': array([0.3 , 0.5 , 0.4 , 0.5 , 0.4 , 0.3 , 0.3 , 0.3 , 0.35, 0.3 ])}

split_conformal_aps_ExtraTrees full class metrics: {'class_coverage': array([1.        , 0.        , 0.57142857, 0.88888889, 0.3       ,
       0.9375    , 0.81632653, 0.97674419, 0.5       , 0.        ]), 'class_mean_width': array([2.70967742, 5.        , 4.14285714, 5.        , 4.2       ,
       3.25      , 2.97959184, 2.61627907, 3.75      , 3.16666667]), 'class_median_width': array([3. , 5. , 4. , 5. , 4. , 3. , 3. , 3. , 3.5, 3. ]), 'class_mean_width_scaled': array([0.27096774, 0.5       , 0.41428571, 0.5       , 0.42      ,
       0.325     , 0.29795918, 0.26162791, 0.375     , 0.31666667]), 'class_median_width_scaled': array([0.3 , 0.5 , 0.4 , 0.5 , 0.4 , 0.3 , 0.3 , 0.3 , 0.35, 0.3 ])}

Job completed at Thu Mar 20 05:03:06 PM PDT 2025
