Starting job at Thu Mar 20 05:03:05 PM PDT 2025
Job parameters:
Dataset: data_yeast
UQ Method: split_conformal_aps
Estimator: ExtraTrees
Seed: 778
Train Size: 0.8
Running split_conformal_aps on data_yeast with seed 778 and train size 0.8

starting experiment

data created

Fitting split_conformal_aps_ExtraTrees on data_yeast with seed 778

split_conformal_aps_ExtraTrees metrics: {'coverage': np.float64(0.8956228956228957), 'mean_width': np.float64(2.878787878787879), 'median_width': np.float64(3.0), 'mean_width_scaled': np.float64(0.2878787878787879), 'median_width_scaled': np.float64(0.3)}

split_conformal_aps_ExtraTrees full metrics: {'coverage': np.float64(0.8956228956228957), 'mean_width': np.float64(2.878787878787879), 'median_width': np.float64(3.0), 'mean_width_scaled': np.float64(0.2878787878787879), 'median_width_scaled': np.float64(0.3)}

split_conformal_aps_ExtraTrees class metrics: {'class_coverage': array([0.98924731, 0.        , 0.71428571, 1.        , 0.5       ,
       0.8125    , 0.83673469, 1.        , 0.5       , 0.        ]), 'class_mean_width': array([2.5483871 , 4.        , 4.71428571, 5.11111111, 4.6       ,
       3.0625    , 2.87755102, 2.54651163, 3.        , 3.16666667]), 'class_median_width': array([3., 4., 5., 5., 5., 3., 3., 2., 3., 3.]), 'class_mean_width_scaled': array([0.25483871, 0.4       , 0.47142857, 0.51111111, 0.46      ,
       0.30625   , 0.2877551 , 0.25465116, 0.3       , 0.31666667]), 'class_median_width_scaled': array([0.3, 0.4, 0.5, 0.5, 0.5, 0.3, 0.3, 0.2, 0.3, 0.3])}

split_conformal_aps_ExtraTrees full class metrics: {'class_coverage': array([0.98924731, 0.        , 0.71428571, 1.        , 0.5       ,
       0.8125    , 0.83673469, 1.        , 0.5       , 0.        ]), 'class_mean_width': array([2.5483871 , 4.        , 4.71428571, 5.11111111, 4.6       ,
       3.0625    , 2.87755102, 2.54651163, 3.        , 3.16666667]), 'class_median_width': array([3., 4., 5., 5., 5., 3., 3., 2., 3., 3.]), 'class_mean_width_scaled': array([0.25483871, 0.4       , 0.47142857, 0.51111111, 0.46      ,
       0.30625   , 0.2877551 , 0.25465116, 0.3       , 0.31666667]), 'class_median_width_scaled': array([0.3, 0.4, 0.5, 0.5, 0.5, 0.3, 0.3, 0.2, 0.3, 0.3])}

Job completed at Thu Mar 20 05:03:07 PM PDT 2025
