Starting job at Thu Mar 20 05:03:07 PM PDT 2025
Job parameters:
Dataset: data_yeast
UQ Method: split_conformal_aps
Estimator: ExtraTrees
Seed: 783
Train Size: 0.8
Running split_conformal_aps on data_yeast with seed 783 and train size 0.8

starting experiment

data created

Fitting split_conformal_aps_ExtraTrees on data_yeast with seed 783

split_conformal_aps_ExtraTrees metrics: {'coverage': np.float64(0.8922558922558923), 'mean_width': np.float64(2.973063973063973), 'median_width': np.float64(3.0), 'mean_width_scaled': np.float64(0.2973063973063973), 'median_width_scaled': np.float64(0.3)}

split_conformal_aps_ExtraTrees full metrics: {'coverage': np.float64(0.8922558922558923), 'mean_width': np.float64(2.973063973063973), 'median_width': np.float64(3.0), 'mean_width_scaled': np.float64(0.2973063973063973), 'median_width_scaled': np.float64(0.3)}

split_conformal_aps_ExtraTrees class metrics: {'class_coverage': array([1.        , 1.        , 0.71428571, 0.77777778, 0.3       ,
       0.90625   , 0.85714286, 0.98837209, 0.        , 0.        ]), 'class_mean_width': array([2.77419355, 6.        , 5.14285714, 4.77777778, 4.4       ,
       3.125     , 3.        , 2.53488372, 3.25      , 3.        ]), 'class_median_width': array([3., 6., 5., 5., 5., 3., 3., 3., 3., 3.]), 'class_mean_width_scaled': array([0.27741935, 0.6       , 0.51428571, 0.47777778, 0.44      ,
       0.3125    , 0.3       , 0.25348837, 0.325     , 0.3       ]), 'class_median_width_scaled': array([0.3, 0.6, 0.5, 0.5, 0.5, 0.3, 0.3, 0.3, 0.3, 0.3])}

split_conformal_aps_ExtraTrees full class metrics: {'class_coverage': array([1.        , 1.        , 0.71428571, 0.77777778, 0.3       ,
       0.90625   , 0.85714286, 0.98837209, 0.        , 0.        ]), 'class_mean_width': array([2.77419355, 6.        , 5.14285714, 4.77777778, 4.4       ,
       3.125     , 3.        , 2.53488372, 3.25      , 3.        ]), 'class_median_width': array([3., 6., 5., 5., 5., 3., 3., 3., 3., 3.]), 'class_mean_width_scaled': array([0.27741935, 0.6       , 0.51428571, 0.47777778, 0.44      ,
       0.3125    , 0.3       , 0.25348837, 0.325     , 0.3       ]), 'class_median_width_scaled': array([0.3, 0.6, 0.5, 0.5, 0.5, 0.3, 0.3, 0.3, 0.3, 0.3])}

Job completed at Thu Mar 20 05:03:09 PM PDT 2025
