Starting job at Thu Mar 20 05:03:07 PM PDT 2025
Job parameters:
Dataset: data_yeast
UQ Method: split_conformal_aps
Estimator: ExtraTrees
Seed: 784
Train Size: 0.8
Running split_conformal_aps on data_yeast with seed 784 and train size 0.8

starting experiment

data created

Fitting split_conformal_aps_ExtraTrees on data_yeast with seed 784

split_conformal_aps_ExtraTrees metrics: {'coverage': np.float64(0.8922558922558923), 'mean_width': np.float64(2.791245791245791), 'median_width': np.float64(3.0), 'mean_width_scaled': np.float64(0.2791245791245791), 'median_width_scaled': np.float64(0.3)}

split_conformal_aps_ExtraTrees full metrics: {'coverage': np.float64(0.8922558922558923), 'mean_width': np.float64(2.791245791245791), 'median_width': np.float64(3.0), 'mean_width_scaled': np.float64(0.2791245791245791), 'median_width_scaled': np.float64(0.3)}

split_conformal_aps_ExtraTrees class metrics: {'class_coverage': array([1.        , 0.        , 0.42857143, 0.88888889, 0.2       ,
       0.9375    , 0.89795918, 0.97674419, 0.25      , 0.        ]), 'class_mean_width': array([2.56989247, 5.        , 4.        , 4.88888889, 3.8       ,
       3.25      , 2.79591837, 2.37209302, 3.25      , 2.83333333]), 'class_median_width': array([3. , 5. , 4. , 5. , 4. , 3. , 3. , 2. , 3. , 2.5]), 'class_mean_width_scaled': array([0.25698925, 0.5       , 0.4       , 0.48888889, 0.38      ,
       0.325     , 0.27959184, 0.2372093 , 0.325     , 0.28333333]), 'class_median_width_scaled': array([0.3 , 0.5 , 0.4 , 0.5 , 0.4 , 0.3 , 0.3 , 0.2 , 0.3 , 0.25])}

split_conformal_aps_ExtraTrees full class metrics: {'class_coverage': array([1.        , 0.        , 0.42857143, 0.88888889, 0.2       ,
       0.9375    , 0.89795918, 0.97674419, 0.25      , 0.        ]), 'class_mean_width': array([2.56989247, 5.        , 4.        , 4.88888889, 3.8       ,
       3.25      , 2.79591837, 2.37209302, 3.25      , 2.83333333]), 'class_median_width': array([3. , 5. , 4. , 5. , 4. , 3. , 3. , 2. , 3. , 2.5]), 'class_mean_width_scaled': array([0.25698925, 0.5       , 0.4       , 0.48888889, 0.38      ,
       0.325     , 0.27959184, 0.2372093 , 0.325     , 0.28333333]), 'class_median_width_scaled': array([0.3 , 0.5 , 0.4 , 0.5 , 0.4 , 0.3 , 0.3 , 0.2 , 0.3 , 0.25])}

Job completed at Thu Mar 20 05:03:09 PM PDT 2025
