Starting job at Wed Mar 19 06:20:45 PM PDT 2025
Job parameters:
Dataset: data_helena
UQ Method: split_conformal_aps
Estimator: XGBoost
Seed: 778
Train Size: 0.8
Running split_conformal_aps on data_helena with seed 778 and train size 0.8

starting experiment

data created

Fitting split_conformal_aps_XGBoost on data_helena with seed 778

split_conformal_aps_XGBoost metrics: {'coverage': np.float64(0.8910276073619632), 'mean_width': np.float64(49.36664110429448), 'median_width': np.float64(57.0), 'mean_width_scaled': np.float64(0.4936664110429448), 'median_width_scaled': np.float64(0.57)}

split_conformal_aps_XGBoost full metrics: {'coverage': np.float64(0.8910276073619632), 'mean_width': np.float64(49.36664110429448), 'median_width': np.float64(57.0), 'mean_width_scaled': np.float64(0.4936664110429448), 'median_width_scaled': np.float64(0.57)}

split_conformal_aps_XGBoost class metrics: {'class_coverage': array([0.86021505, 0.84482759, 1.        , 0.88541667, 0.90804598,
       0.93506494, 0.890625  , 0.86111111, 0.90277778, 0.92533937,
       0.82222222, 0.61538462, 0.89285714, 0.9112426 , 0.83870968,
       0.88461538, 0.87254902, 0.84444444, 0.76388889, 0.95238095,
       0.67692308, 0.83018868, 0.86390533, 0.68627451, 0.82758621,
       0.80434783, 0.875     , 0.91666667, 0.82608696, 0.88461538,
       0.7027027 , 0.88235294, 0.93453725, 0.94285714, 0.76136364,
       0.93155259, 0.83333333, 0.68965517, 0.88333333, 0.84126984,
       0.94029851, 0.81355932, 0.8974359 , 0.84242424, 0.64285714,
       0.7962963 , 1.        , 0.84810127, 0.8       , 1.        ,
       1.        , 0.96574225, 0.70833333, 0.9275766 , 0.71428571,
       0.94636015, 0.87671233, 0.84210526, 0.8021978 , 0.78947368,
       0.84293194, 0.75735294, 0.94117647, 0.80681818, 0.81308411,
       0.78723404, 0.94712644, 0.87      , 0.79661017, 0.87692308,
       0.89380531, 0.93333333, 0.92857143, 0.95833333, 0.72477064,
       0.90163934, 0.98252185, 0.90980392, 0.97368421, 0.93023256,
       0.93939394, 0.90666667, 0.60869565, 0.85714286, 0.82352941,
       0.64044944, 0.89054726, 0.94609164, 0.8       , 0.8375    ,
       0.73076923, 0.94072165, 0.86740331, 0.82926829, 0.83333333,
       0.96875   , 0.88235294, 0.90684932, 0.83606557, 0.85542169]), 'class_mean_width': array([61.64516129, 58.53448276, 60.36363636, 61.70833333, 55.93103448,
       55.45454545, 64.59375   , 61.91666667, 57.79166667, 28.56108597,
       59.62222222, 57.96153846, 61.75      , 55.04733728, 61.06451613,
       63.11538462, 61.68627451, 58.53333333, 59.95138889, 52.36054422,
       57.10769231, 56.49056604, 47.92307692, 66.64705882, 49.56034483,
       54.        , 58.70833333, 59.83333333, 62.2173913 , 58.11538462,
       59.89189189, 63.26470588, 38.24379233, 50.59047619, 60.90909091,
       49.58931553, 62.05555556, 58.72413793, 61.125     , 63.23809524,
       47.34328358, 49.01694915, 63.66666667, 62.73939394, 58.5       ,
       53.94444444, 61.78947368, 46.35443038, 60.27272727, 51.03448276,
       68.18518519, 55.19412724, 62.29166667, 44.46796657, 63.52380952,
       44.05363985, 61.07305936, 59.05263158, 55.05494505, 61.23684211,
       56.73298429, 55.26470588, 62.64705882, 59.89772727, 52.62616822,
       51.82978723, 61.67356322, 52.32      , 60.72881356, 57.27692308,
       49.40707965, 45.01666667, 68.03571429, 58.79166667, 57.06422018,
       25.07377049, 12.60049938, 24.61568627, 62.28947368, 52.51162791,
       59.93939394, 47.54666667, 57.93478261, 61.        , 50.00653595,
       60.29213483, 53.97512438, 47.81940701, 58.92857143, 61.8125    ,
       59.69230769, 43.9742268 , 55.31491713, 57.14634146, 55.97222222,
       59.9375    , 57.40756303, 54.09589041, 61.08196721, 62.56626506]), 'class_median_width': array([64. , 64. , 62. , 63. , 59. , 58. , 66. , 66. , 63.5, 25. , 61. ,
       62.5, 62.5, 59. , 62. , 66. , 63.5, 61. , 64. , 57. , 62. , 59. ,
       51. , 67. , 53. , 56.5, 60.5, 61.5, 65. , 61. , 64. , 66. , 42. ,
       55. , 62.5, 56. , 63.5, 63. , 63. , 65. , 51. , 53. , 65. , 65. ,
       64. , 55. , 63. , 50. , 62. , 52. , 68. , 59. , 66. , 51. , 65. ,
       48. , 63. , 61. , 60. , 63.5, 61. , 60. , 63. , 62. , 58. , 56. ,
       64. , 56.5, 65. , 58. , 53. , 45. , 69.5, 58. , 61. , 20.5,  3. ,
       19. , 64.5, 52. , 64. , 48. , 60.5, 64. , 54. , 64. , 57. , 52. ,
       61.5, 64. , 64. , 50. , 59. , 61. , 62. , 59.5, 61.5, 57. , 62. ,
       64. ]), 'class_mean_width_scaled': array([0.61645161, 0.58534483, 0.60363636, 0.61708333, 0.55931034,
       0.55454545, 0.6459375 , 0.61916667, 0.57791667, 0.28561086,
       0.59622222, 0.57961538, 0.6175    , 0.55047337, 0.61064516,
       0.63115385, 0.61686275, 0.58533333, 0.59951389, 0.52360544,
       0.57107692, 0.56490566, 0.47923077, 0.66647059, 0.49560345,
       0.54      , 0.58708333, 0.59833333, 0.62217391, 0.58115385,
       0.59891892, 0.63264706, 0.38243792, 0.50590476, 0.60909091,
       0.49589316, 0.62055556, 0.58724138, 0.61125   , 0.63238095,
       0.47343284, 0.49016949, 0.63666667, 0.62739394, 0.585     ,
       0.53944444, 0.61789474, 0.4635443 , 0.60272727, 0.51034483,
       0.68185185, 0.55194127, 0.62291667, 0.44467967, 0.6352381 ,
       0.4405364 , 0.61073059, 0.59052632, 0.55054945, 0.61236842,
       0.56732984, 0.55264706, 0.62647059, 0.59897727, 0.52626168,
       0.51829787, 0.61673563, 0.5232    , 0.60728814, 0.57276923,
       0.4940708 , 0.45016667, 0.68035714, 0.58791667, 0.5706422 ,
       0.2507377 , 0.12600499, 0.24615686, 0.62289474, 0.52511628,
       0.59939394, 0.47546667, 0.57934783, 0.61      , 0.50006536,
       0.60292135, 0.53975124, 0.47819407, 0.58928571, 0.618125  ,
       0.59692308, 0.43974227, 0.55314917, 0.57146341, 0.55972222,
       0.599375  , 0.57407563, 0.5409589 , 0.61081967, 0.62566265]), 'class_median_width_scaled': array([0.64 , 0.64 , 0.62 , 0.63 , 0.59 , 0.58 , 0.66 , 0.66 , 0.635,
       0.25 , 0.61 , 0.625, 0.625, 0.59 , 0.62 , 0.66 , 0.635, 0.61 ,
       0.64 , 0.57 , 0.62 , 0.59 , 0.51 , 0.67 , 0.53 , 0.565, 0.605,
       0.615, 0.65 , 0.61 , 0.64 , 0.66 , 0.42 , 0.55 , 0.625, 0.56 ,
       0.635, 0.63 , 0.63 , 0.65 , 0.51 , 0.53 , 0.65 , 0.65 , 0.64 ,
       0.55 , 0.63 , 0.5  , 0.62 , 0.52 , 0.68 , 0.59 , 0.66 , 0.51 ,
       0.65 , 0.48 , 0.63 , 0.61 , 0.6  , 0.635, 0.61 , 0.6  , 0.63 ,
       0.62 , 0.58 , 0.56 , 0.64 , 0.565, 0.65 , 0.58 , 0.53 , 0.45 ,
       0.695, 0.58 , 0.61 , 0.205, 0.03 , 0.19 , 0.645, 0.52 , 0.64 ,
       0.48 , 0.605, 0.64 , 0.54 , 0.64 , 0.57 , 0.52 , 0.615, 0.64 ,
       0.64 , 0.5  , 0.59 , 0.61 , 0.62 , 0.595, 0.615, 0.57 , 0.62 ,
       0.64 ])}

split_conformal_aps_XGBoost full class metrics: {'class_coverage': array([0.86021505, 0.84482759, 1.        , 0.88541667, 0.90804598,
       0.93506494, 0.890625  , 0.86111111, 0.90277778, 0.92533937,
       0.82222222, 0.61538462, 0.89285714, 0.9112426 , 0.83870968,
       0.88461538, 0.87254902, 0.84444444, 0.76388889, 0.95238095,
       0.67692308, 0.83018868, 0.86390533, 0.68627451, 0.82758621,
       0.80434783, 0.875     , 0.91666667, 0.82608696, 0.88461538,
       0.7027027 , 0.88235294, 0.93453725, 0.94285714, 0.76136364,
       0.93155259, 0.83333333, 0.68965517, 0.88333333, 0.84126984,
       0.94029851, 0.81355932, 0.8974359 , 0.84242424, 0.64285714,
       0.7962963 , 1.        , 0.84810127, 0.8       , 1.        ,
       1.        , 0.96574225, 0.70833333, 0.9275766 , 0.71428571,
       0.94636015, 0.87671233, 0.84210526, 0.8021978 , 0.78947368,
       0.84293194, 0.75735294, 0.94117647, 0.80681818, 0.81308411,
       0.78723404, 0.94712644, 0.87      , 0.79661017, 0.87692308,
       0.89380531, 0.93333333, 0.92857143, 0.95833333, 0.72477064,
       0.90163934, 0.98252185, 0.90980392, 0.97368421, 0.93023256,
       0.93939394, 0.90666667, 0.60869565, 0.85714286, 0.82352941,
       0.64044944, 0.89054726, 0.94609164, 0.8       , 0.8375    ,
       0.73076923, 0.94072165, 0.86740331, 0.82926829, 0.83333333,
       0.96875   , 0.88235294, 0.90684932, 0.83606557, 0.85542169]), 'class_mean_width': array([61.64516129, 58.53448276, 60.36363636, 61.70833333, 55.93103448,
       55.45454545, 64.59375   , 61.91666667, 57.79166667, 28.56108597,
       59.62222222, 57.96153846, 61.75      , 55.04733728, 61.06451613,
       63.11538462, 61.68627451, 58.53333333, 59.95138889, 52.36054422,
       57.10769231, 56.49056604, 47.92307692, 66.64705882, 49.56034483,
       54.        , 58.70833333, 59.83333333, 62.2173913 , 58.11538462,
       59.89189189, 63.26470588, 38.24379233, 50.59047619, 60.90909091,
       49.58931553, 62.05555556, 58.72413793, 61.125     , 63.23809524,
       47.34328358, 49.01694915, 63.66666667, 62.73939394, 58.5       ,
       53.94444444, 61.78947368, 46.35443038, 60.27272727, 51.03448276,
       68.18518519, 55.19412724, 62.29166667, 44.46796657, 63.52380952,
       44.05363985, 61.07305936, 59.05263158, 55.05494505, 61.23684211,
       56.73298429, 55.26470588, 62.64705882, 59.89772727, 52.62616822,
       51.82978723, 61.67356322, 52.32      , 60.72881356, 57.27692308,
       49.40707965, 45.01666667, 68.03571429, 58.79166667, 57.06422018,
       25.07377049, 12.60049938, 24.61568627, 62.28947368, 52.51162791,
       59.93939394, 47.54666667, 57.93478261, 61.        , 50.00653595,
       60.29213483, 53.97512438, 47.81940701, 58.92857143, 61.8125    ,
       59.69230769, 43.9742268 , 55.31491713, 57.14634146, 55.97222222,
       59.9375    , 57.40756303, 54.09589041, 61.08196721, 62.56626506]), 'class_median_width': array([64. , 64. , 62. , 63. , 59. , 58. , 66. , 66. , 63.5, 25. , 61. ,
       62.5, 62.5, 59. , 62. , 66. , 63.5, 61. , 64. , 57. , 62. , 59. ,
       51. , 67. , 53. , 56.5, 60.5, 61.5, 65. , 61. , 64. , 66. , 42. ,
       55. , 62.5, 56. , 63.5, 63. , 63. , 65. , 51. , 53. , 65. , 65. ,
       64. , 55. , 63. , 50. , 62. , 52. , 68. , 59. , 66. , 51. , 65. ,
       48. , 63. , 61. , 60. , 63.5, 61. , 60. , 63. , 62. , 58. , 56. ,
       64. , 56.5, 65. , 58. , 53. , 45. , 69.5, 58. , 61. , 20.5,  3. ,
       19. , 64.5, 52. , 64. , 48. , 60.5, 64. , 54. , 64. , 57. , 52. ,
       61.5, 64. , 64. , 50. , 59. , 61. , 62. , 59.5, 61.5, 57. , 62. ,
       64. ]), 'class_mean_width_scaled': array([0.61645161, 0.58534483, 0.60363636, 0.61708333, 0.55931034,
       0.55454545, 0.6459375 , 0.61916667, 0.57791667, 0.28561086,
       0.59622222, 0.57961538, 0.6175    , 0.55047337, 0.61064516,
       0.63115385, 0.61686275, 0.58533333, 0.59951389, 0.52360544,
       0.57107692, 0.56490566, 0.47923077, 0.66647059, 0.49560345,
       0.54      , 0.58708333, 0.59833333, 0.62217391, 0.58115385,
       0.59891892, 0.63264706, 0.38243792, 0.50590476, 0.60909091,
       0.49589316, 0.62055556, 0.58724138, 0.61125   , 0.63238095,
       0.47343284, 0.49016949, 0.63666667, 0.62739394, 0.585     ,
       0.53944444, 0.61789474, 0.4635443 , 0.60272727, 0.51034483,
       0.68185185, 0.55194127, 0.62291667, 0.44467967, 0.6352381 ,
       0.4405364 , 0.61073059, 0.59052632, 0.55054945, 0.61236842,
       0.56732984, 0.55264706, 0.62647059, 0.59897727, 0.52626168,
       0.51829787, 0.61673563, 0.5232    , 0.60728814, 0.57276923,
       0.4940708 , 0.45016667, 0.68035714, 0.58791667, 0.5706422 ,
       0.2507377 , 0.12600499, 0.24615686, 0.62289474, 0.52511628,
       0.59939394, 0.47546667, 0.57934783, 0.61      , 0.50006536,
       0.60292135, 0.53975124, 0.47819407, 0.58928571, 0.618125  ,
       0.59692308, 0.43974227, 0.55314917, 0.57146341, 0.55972222,
       0.599375  , 0.57407563, 0.5409589 , 0.61081967, 0.62566265]), 'class_median_width_scaled': array([0.64 , 0.64 , 0.62 , 0.63 , 0.59 , 0.58 , 0.66 , 0.66 , 0.635,
       0.25 , 0.61 , 0.625, 0.625, 0.59 , 0.62 , 0.66 , 0.635, 0.61 ,
       0.64 , 0.57 , 0.62 , 0.59 , 0.51 , 0.67 , 0.53 , 0.565, 0.605,
       0.615, 0.65 , 0.61 , 0.64 , 0.66 , 0.42 , 0.55 , 0.625, 0.56 ,
       0.635, 0.63 , 0.63 , 0.65 , 0.51 , 0.53 , 0.65 , 0.65 , 0.64 ,
       0.55 , 0.63 , 0.5  , 0.62 , 0.52 , 0.68 , 0.59 , 0.66 , 0.51 ,
       0.65 , 0.48 , 0.63 , 0.61 , 0.6  , 0.635, 0.61 , 0.6  , 0.63 ,
       0.62 , 0.58 , 0.56 , 0.64 , 0.565, 0.65 , 0.58 , 0.53 , 0.45 ,
       0.695, 0.58 , 0.61 , 0.205, 0.03 , 0.19 , 0.645, 0.52 , 0.64 ,
       0.48 , 0.605, 0.64 , 0.54 , 0.64 , 0.57 , 0.52 , 0.615, 0.64 ,
       0.64 , 0.5  , 0.59 , 0.61 , 0.62 , 0.595, 0.615, 0.57 , 0.62 ,
       0.64 ])}

Job completed at Wed Mar 19 06:20:53 PM PDT 2025
