Starting job at Wed Mar 19 06:20:38 PM PDT 2025
Job parameters:
Dataset: data_helena
UQ Method: split_conformal_aps
Estimator: XGBoost
Seed: 777
Train Size: 0.8
Running split_conformal_aps on data_helena with seed 777 and train size 0.8

starting experiment

data created

Fitting split_conformal_aps_XGBoost on data_helena with seed 777

split_conformal_aps_XGBoost metrics: {'coverage': np.float64(0.9098159509202454), 'mean_width': np.float64(56.08358895705521), 'median_width': np.float64(64.0), 'mean_width_scaled': np.float64(0.5608358895705521), 'median_width_scaled': np.float64(0.64)}

split_conformal_aps_XGBoost full metrics: {'coverage': np.float64(0.9098159509202454), 'mean_width': np.float64(56.08358895705521), 'median_width': np.float64(64.0), 'mean_width_scaled': np.float64(0.5608358895705521), 'median_width_scaled': np.float64(0.64)}

split_conformal_aps_XGBoost class metrics: {'class_coverage': array([0.90322581, 0.84482759, 1.        , 0.89583333, 0.74712644,
       0.96103896, 0.890625  , 0.91666667, 0.81944444, 0.93438914,
       0.84444444, 0.88461538, 0.96428571, 0.92899408, 0.90322581,
       0.86538462, 0.81372549, 0.68888889, 0.84722222, 0.95238095,
       0.78461538, 0.86792453, 0.89940828, 0.80392157, 0.82758621,
       0.91304348, 1.        , 1.        , 0.95652174, 0.96153846,
       0.81081081, 0.88235294, 0.93227991, 0.93333333, 0.86363636,
       0.96160267, 1.        , 0.86206897, 0.83333333, 0.9047619 ,
       0.95522388, 0.83898305, 0.69230769, 0.8969697 , 0.88095238,
       0.75925926, 0.81578947, 0.79746835, 0.82727273, 0.93103448,
       1.        , 0.97553018, 0.83333333, 0.93314763, 0.73809524,
       0.94636015, 0.89041096, 0.90789474, 0.9010989 , 0.92105263,
       0.88481675, 0.78676471, 0.91176471, 0.73863636, 0.85981308,
       0.80851064, 0.94942529, 0.85      , 0.81355932, 0.95384615,
       0.86725664, 0.96666667, 0.89285714, 0.83333333, 0.80733945,
       0.93715847, 0.96004994, 0.9372549 , 0.92105263, 0.97674419,
       1.        , 0.86666667, 0.67391304, 0.91428571, 0.90849673,
       0.83146067, 0.89054726, 0.95148248, 0.81428571, 0.9       ,
       1.        , 0.94845361, 0.9640884 , 0.87804878, 0.80555556,
       0.9375    , 0.87815126, 0.93972603, 0.83606557, 0.84337349]), 'class_mean_width': array([68.55913978, 62.20689655, 67.54545455, 68.70833333, 60.54022989,
       59.93506494, 69.359375  , 66.74074074, 67.56944444, 37.55429864,
       65.42222222, 66.34615385, 67.96428571, 60.75147929, 67.87096774,
       65.55769231, 65.06862745, 64.82222222, 66.78472222, 57.31972789,
       68.07692308, 61.94339623, 57.26035503, 66.19607843, 60.37068966,
       64.60869565, 64.91666667, 69.125     , 67.69565217, 65.19230769,
       67.78378378, 68.63235294, 46.06546275, 57.10666667, 66.26136364,
       53.59599332, 66.5       , 68.31034483, 67.85833333, 67.31746032,
       57.62686567, 60.49152542, 67.46153846, 65.83030303, 65.33333333,
       59.55555556, 68.55263158, 61.84810127, 65.03636364, 61.03448276,
       69.77777778, 61.01305057, 63.04166667, 56.66295265, 68.21428571,
       51.77777778, 66.97260274, 66.18421053, 63.84615385, 64.97368421,
       64.59685864, 64.42647059, 66.38235294, 67.375     , 60.39252336,
       59.23404255, 66.6137931 , 63.95      , 64.88135593, 66.07692308,
       60.65486726, 58.45      , 69.17857143, 70.625     , 61.11009174,
       29.68579235, 17.92509363, 23.91764706, 68.39473684, 58.93023256,
       66.81818182, 56.17333333, 64.04347826, 67.45714286, 57.64052288,
       67.71910112, 64.95522388, 55.76010782, 66.85714286, 64.7       ,
       66.23076923, 50.68556701, 64.88121547, 64.13414634, 62.91666667,
       67.5       , 65.3697479 , 60.76438356, 66.8852459 , 66.69879518]), 'class_median_width': array([70. , 66. , 68. , 69. , 63. , 63. , 70. , 70. , 70. , 39. , 68. ,
       70. , 69.5, 65. , 69. , 66.5, 67. , 66. , 68. , 65. , 70. , 65. ,
       61. , 68. , 65. , 67. , 66. , 70.5, 72. , 65.5, 69. , 69. , 53. ,
       61. , 67. , 61. , 66.5, 73. , 69.5, 71. , 62. , 66.5, 70. , 69. ,
       70.5, 65.5, 70. , 65. , 67. , 64. , 72. , 64. , 68.5, 64. , 69.5,
       58. , 70. , 67.5, 69. , 66.5, 68. , 67.5, 70. , 69. , 65. , 65. ,
       69. , 67. , 68. , 70. , 64. , 63. , 71.5, 74.5, 64. , 26. ,  5. ,
       12. , 71. , 63. , 68. , 58. , 68.5, 70. , 60. , 69. , 69. , 60. ,
       66.5, 68. , 67.5, 57. , 68. , 69.5, 66.5, 70. , 69. , 64. , 68. ,
       69. ]), 'class_mean_width_scaled': array([0.6855914 , 0.62206897, 0.67545455, 0.68708333, 0.6054023 ,
       0.59935065, 0.69359375, 0.66740741, 0.67569444, 0.37554299,
       0.65422222, 0.66346154, 0.67964286, 0.60751479, 0.67870968,
       0.65557692, 0.65068627, 0.64822222, 0.66784722, 0.57319728,
       0.68076923, 0.61943396, 0.57260355, 0.66196078, 0.6037069 ,
       0.64608696, 0.64916667, 0.69125   , 0.67695652, 0.65192308,
       0.67783784, 0.68632353, 0.46065463, 0.57106667, 0.66261364,
       0.53595993, 0.665     , 0.68310345, 0.67858333, 0.6731746 ,
       0.57626866, 0.60491525, 0.67461538, 0.65830303, 0.65333333,
       0.59555556, 0.68552632, 0.61848101, 0.65036364, 0.61034483,
       0.69777778, 0.61013051, 0.63041667, 0.56662953, 0.68214286,
       0.51777778, 0.66972603, 0.66184211, 0.63846154, 0.64973684,
       0.64596859, 0.64426471, 0.66382353, 0.67375   , 0.60392523,
       0.59234043, 0.66613793, 0.6395    , 0.64881356, 0.66076923,
       0.60654867, 0.5845    , 0.69178571, 0.70625   , 0.61110092,
       0.29685792, 0.17925094, 0.23917647, 0.68394737, 0.58930233,
       0.66818182, 0.56173333, 0.64043478, 0.67457143, 0.57640523,
       0.67719101, 0.64955224, 0.55760108, 0.66857143, 0.647     ,
       0.66230769, 0.50685567, 0.64881215, 0.64134146, 0.62916667,
       0.675     , 0.65369748, 0.60764384, 0.66885246, 0.66698795]), 'class_median_width_scaled': array([0.7  , 0.66 , 0.68 , 0.69 , 0.63 , 0.63 , 0.7  , 0.7  , 0.7  ,
       0.39 , 0.68 , 0.7  , 0.695, 0.65 , 0.69 , 0.665, 0.67 , 0.66 ,
       0.68 , 0.65 , 0.7  , 0.65 , 0.61 , 0.68 , 0.65 , 0.67 , 0.66 ,
       0.705, 0.72 , 0.655, 0.69 , 0.69 , 0.53 , 0.61 , 0.67 , 0.61 ,
       0.665, 0.73 , 0.695, 0.71 , 0.62 , 0.665, 0.7  , 0.69 , 0.705,
       0.655, 0.7  , 0.65 , 0.67 , 0.64 , 0.72 , 0.64 , 0.685, 0.64 ,
       0.695, 0.58 , 0.7  , 0.675, 0.69 , 0.665, 0.68 , 0.675, 0.7  ,
       0.69 , 0.65 , 0.65 , 0.69 , 0.67 , 0.68 , 0.7  , 0.64 , 0.63 ,
       0.715, 0.745, 0.64 , 0.26 , 0.05 , 0.12 , 0.71 , 0.63 , 0.68 ,
       0.58 , 0.685, 0.7  , 0.6  , 0.69 , 0.69 , 0.6  , 0.665, 0.68 ,
       0.675, 0.57 , 0.68 , 0.695, 0.665, 0.7  , 0.69 , 0.64 , 0.68 ,
       0.69 ])}

split_conformal_aps_XGBoost full class metrics: {'class_coverage': array([0.90322581, 0.84482759, 1.        , 0.89583333, 0.74712644,
       0.96103896, 0.890625  , 0.91666667, 0.81944444, 0.93438914,
       0.84444444, 0.88461538, 0.96428571, 0.92899408, 0.90322581,
       0.86538462, 0.81372549, 0.68888889, 0.84722222, 0.95238095,
       0.78461538, 0.86792453, 0.89940828, 0.80392157, 0.82758621,
       0.91304348, 1.        , 1.        , 0.95652174, 0.96153846,
       0.81081081, 0.88235294, 0.93227991, 0.93333333, 0.86363636,
       0.96160267, 1.        , 0.86206897, 0.83333333, 0.9047619 ,
       0.95522388, 0.83898305, 0.69230769, 0.8969697 , 0.88095238,
       0.75925926, 0.81578947, 0.79746835, 0.82727273, 0.93103448,
       1.        , 0.97553018, 0.83333333, 0.93314763, 0.73809524,
       0.94636015, 0.89041096, 0.90789474, 0.9010989 , 0.92105263,
       0.88481675, 0.78676471, 0.91176471, 0.73863636, 0.85981308,
       0.80851064, 0.94942529, 0.85      , 0.81355932, 0.95384615,
       0.86725664, 0.96666667, 0.89285714, 0.83333333, 0.80733945,
       0.93715847, 0.96004994, 0.9372549 , 0.92105263, 0.97674419,
       1.        , 0.86666667, 0.67391304, 0.91428571, 0.90849673,
       0.83146067, 0.89054726, 0.95148248, 0.81428571, 0.9       ,
       1.        , 0.94845361, 0.9640884 , 0.87804878, 0.80555556,
       0.9375    , 0.87815126, 0.93972603, 0.83606557, 0.84337349]), 'class_mean_width': array([68.55913978, 62.20689655, 67.54545455, 68.70833333, 60.54022989,
       59.93506494, 69.359375  , 66.74074074, 67.56944444, 37.55429864,
       65.42222222, 66.34615385, 67.96428571, 60.75147929, 67.87096774,
       65.55769231, 65.06862745, 64.82222222, 66.78472222, 57.31972789,
       68.07692308, 61.94339623, 57.26035503, 66.19607843, 60.37068966,
       64.60869565, 64.91666667, 69.125     , 67.69565217, 65.19230769,
       67.78378378, 68.63235294, 46.06546275, 57.10666667, 66.26136364,
       53.59599332, 66.5       , 68.31034483, 67.85833333, 67.31746032,
       57.62686567, 60.49152542, 67.46153846, 65.83030303, 65.33333333,
       59.55555556, 68.55263158, 61.84810127, 65.03636364, 61.03448276,
       69.77777778, 61.01305057, 63.04166667, 56.66295265, 68.21428571,
       51.77777778, 66.97260274, 66.18421053, 63.84615385, 64.97368421,
       64.59685864, 64.42647059, 66.38235294, 67.375     , 60.39252336,
       59.23404255, 66.6137931 , 63.95      , 64.88135593, 66.07692308,
       60.65486726, 58.45      , 69.17857143, 70.625     , 61.11009174,
       29.68579235, 17.92509363, 23.91764706, 68.39473684, 58.93023256,
       66.81818182, 56.17333333, 64.04347826, 67.45714286, 57.64052288,
       67.71910112, 64.95522388, 55.76010782, 66.85714286, 64.7       ,
       66.23076923, 50.68556701, 64.88121547, 64.13414634, 62.91666667,
       67.5       , 65.3697479 , 60.76438356, 66.8852459 , 66.69879518]), 'class_median_width': array([70. , 66. , 68. , 69. , 63. , 63. , 70. , 70. , 70. , 39. , 68. ,
       70. , 69.5, 65. , 69. , 66.5, 67. , 66. , 68. , 65. , 70. , 65. ,
       61. , 68. , 65. , 67. , 66. , 70.5, 72. , 65.5, 69. , 69. , 53. ,
       61. , 67. , 61. , 66.5, 73. , 69.5, 71. , 62. , 66.5, 70. , 69. ,
       70.5, 65.5, 70. , 65. , 67. , 64. , 72. , 64. , 68.5, 64. , 69.5,
       58. , 70. , 67.5, 69. , 66.5, 68. , 67.5, 70. , 69. , 65. , 65. ,
       69. , 67. , 68. , 70. , 64. , 63. , 71.5, 74.5, 64. , 26. ,  5. ,
       12. , 71. , 63. , 68. , 58. , 68.5, 70. , 60. , 69. , 69. , 60. ,
       66.5, 68. , 67.5, 57. , 68. , 69.5, 66.5, 70. , 69. , 64. , 68. ,
       69. ]), 'class_mean_width_scaled': array([0.6855914 , 0.62206897, 0.67545455, 0.68708333, 0.6054023 ,
       0.59935065, 0.69359375, 0.66740741, 0.67569444, 0.37554299,
       0.65422222, 0.66346154, 0.67964286, 0.60751479, 0.67870968,
       0.65557692, 0.65068627, 0.64822222, 0.66784722, 0.57319728,
       0.68076923, 0.61943396, 0.57260355, 0.66196078, 0.6037069 ,
       0.64608696, 0.64916667, 0.69125   , 0.67695652, 0.65192308,
       0.67783784, 0.68632353, 0.46065463, 0.57106667, 0.66261364,
       0.53595993, 0.665     , 0.68310345, 0.67858333, 0.6731746 ,
       0.57626866, 0.60491525, 0.67461538, 0.65830303, 0.65333333,
       0.59555556, 0.68552632, 0.61848101, 0.65036364, 0.61034483,
       0.69777778, 0.61013051, 0.63041667, 0.56662953, 0.68214286,
       0.51777778, 0.66972603, 0.66184211, 0.63846154, 0.64973684,
       0.64596859, 0.64426471, 0.66382353, 0.67375   , 0.60392523,
       0.59234043, 0.66613793, 0.6395    , 0.64881356, 0.66076923,
       0.60654867, 0.5845    , 0.69178571, 0.70625   , 0.61110092,
       0.29685792, 0.17925094, 0.23917647, 0.68394737, 0.58930233,
       0.66818182, 0.56173333, 0.64043478, 0.67457143, 0.57640523,
       0.67719101, 0.64955224, 0.55760108, 0.66857143, 0.647     ,
       0.66230769, 0.50685567, 0.64881215, 0.64134146, 0.62916667,
       0.675     , 0.65369748, 0.60764384, 0.66885246, 0.66698795]), 'class_median_width_scaled': array([0.7  , 0.66 , 0.68 , 0.69 , 0.63 , 0.63 , 0.7  , 0.7  , 0.7  ,
       0.39 , 0.68 , 0.7  , 0.695, 0.65 , 0.69 , 0.665, 0.67 , 0.66 ,
       0.68 , 0.65 , 0.7  , 0.65 , 0.61 , 0.68 , 0.65 , 0.67 , 0.66 ,
       0.705, 0.72 , 0.655, 0.69 , 0.69 , 0.53 , 0.61 , 0.67 , 0.61 ,
       0.665, 0.73 , 0.695, 0.71 , 0.62 , 0.665, 0.7  , 0.69 , 0.705,
       0.655, 0.7  , 0.65 , 0.67 , 0.64 , 0.72 , 0.64 , 0.685, 0.64 ,
       0.695, 0.58 , 0.7  , 0.675, 0.69 , 0.665, 0.68 , 0.675, 0.7  ,
       0.69 , 0.65 , 0.65 , 0.69 , 0.67 , 0.68 , 0.7  , 0.64 , 0.63 ,
       0.715, 0.745, 0.64 , 0.26 , 0.05 , 0.12 , 0.71 , 0.63 , 0.68 ,
       0.58 , 0.685, 0.7  , 0.6  , 0.69 , 0.69 , 0.6  , 0.665, 0.68 ,
       0.675, 0.57 , 0.68 , 0.695, 0.665, 0.7  , 0.69 , 0.64 , 0.68 ,
       0.69 ])}

Job completed at Wed Mar 19 06:20:47 PM PDT 2025
