Starting job at Wed Mar 19 06:21:07 PM PDT 2025
Job parameters:
Dataset: data_helena
UQ Method: split_conformal_aps
Estimator: XGBoost
Seed: 784
Train Size: 0.8
Running split_conformal_aps on data_helena with seed 784 and train size 0.8

starting experiment

data created

Fitting split_conformal_aps_XGBoost on data_helena with seed 784

split_conformal_aps_XGBoost metrics: {'coverage': np.float64(0.8955521472392638), 'mean_width': np.float64(51.28634969325153), 'median_width': np.float64(59.0), 'mean_width_scaled': np.float64(0.5128634969325153), 'median_width_scaled': np.float64(0.59)}

split_conformal_aps_XGBoost full metrics: {'coverage': np.float64(0.8955521472392638), 'mean_width': np.float64(51.28634969325153), 'median_width': np.float64(59.0), 'mean_width_scaled': np.float64(0.5128634969325153), 'median_width_scaled': np.float64(0.59)}

split_conformal_aps_XGBoost class metrics: {'class_coverage': array([0.88172043, 0.82758621, 0.90909091, 0.8125    , 0.71264368,
       0.85714286, 0.875     , 0.94444444, 0.66666667, 0.9479638 ,
       0.77777778, 0.65384615, 0.89285714, 0.82248521, 0.83870968,
       0.90384615, 0.84313725, 0.84444444, 0.84722222, 0.96598639,
       0.75384615, 1.        , 0.81656805, 0.64705882, 0.92241379,
       0.76086957, 0.95833333, 0.875     , 1.        , 0.96153846,
       0.94594595, 0.83823529, 0.95485327, 0.93714286, 0.81818182,
       0.93823038, 0.88888889, 0.96551724, 0.8       , 0.80952381,
       0.91044776, 0.91525424, 0.84615385, 0.91515152, 0.85714286,
       0.77777778, 0.68421053, 0.89873418, 0.82727273, 0.89655172,
       0.88888889, 0.94942904, 0.91666667, 0.93036212, 0.76190476,
       0.91187739, 0.85388128, 0.90789474, 0.86813187, 0.73684211,
       0.92146597, 0.86029412, 0.55882353, 0.73863636, 0.8411215 ,
       0.80851064, 0.95632184, 0.82      , 0.79661017, 0.93846154,
       0.88495575, 0.88333333, 1.        , 0.95833333, 0.72477064,
       0.90983607, 0.96379526, 0.96470588, 0.78947368, 0.95348837,
       1.        , 0.96      , 0.7173913 , 0.91428571, 0.84313725,
       0.76404494, 0.89054726, 0.94339623, 0.82857143, 0.825     ,
       0.73076923, 0.92268041, 0.87845304, 0.76829268, 0.91666667,
       1.        , 0.87394958, 0.94520548, 0.90163934, 0.79518072]), 'class_mean_width': array([61.11827957, 58.43103448, 64.40909091, 61.34375   , 56.26436782,
       54.97402597, 63.15625   , 64.38888889, 59.43055556, 34.62443439,
       64.33333333, 64.        , 66.03571429, 55.82840237, 62.43548387,
       61.48076923, 60.31372549, 63.82222222, 61.04166667, 45.85714286,
       60.01538462, 58.58490566, 51.56804734, 61.7254902 , 50.81896552,
       60.84782609, 59.83333333, 62.91666667, 65.26086957, 63.65384615,
       63.21621622, 63.32352941, 41.1986456 , 49.88571429, 61.46590909,
       49.22537563, 60.05555556, 64.86206897, 63.96666667, 61.19047619,
       53.40298507, 56.        , 65.69230769, 63.07272727, 63.33333333,
       58.81481481, 63.34210526, 54.20253165, 62.20909091, 58.68965517,
       63.40740741, 54.92985318, 61.54166667, 51.88857939, 64.47619048,
       47.57854406, 62.74429224, 63.34210526, 61.07692308, 60.47368421,
       60.63350785, 58.30882353, 63.08823529, 60.625     , 56.72897196,
       49.93617021, 60.55172414, 56.02      , 66.33898305, 58.56923077,
       44.98230088, 45.85      , 72.32142857, 63.125     , 54.4587156 ,
       28.70765027, 15.92009988, 21.06666667, 63.86842105, 62.46511628,
       58.15151515, 54.97333333, 60.30434783, 61.11428571, 53.22875817,
       62.25842697, 57.84079602, 52.47708895, 61.75714286, 56.91875   ,
       64.11538462, 47.13917526, 57.38121547, 56.47560976, 60.30555556,
       64.15625   , 61.57983193, 55.16986301, 61.2295082 , 64.44578313]), 'class_median_width': array([63. , 63. , 67. , 65. , 59. , 57. , 65. , 66.5, 61.5, 34. , 66. ,
       67. , 68.5, 61. , 65. , 63. , 62. , 66. , 64. , 53. , 63. , 60. ,
       55. , 65. , 54. , 62. , 61. , 64.5, 65. , 66. , 65. , 65.5, 44. ,
       55. , 64. , 56. , 64. , 67. , 65. , 65. , 56. , 60. , 68. , 66. ,
       67. , 61. , 65. , 60. , 64. , 60. , 68. , 59. , 63. , 57. , 65. ,
       54. , 65. , 63.5, 62. , 62. , 64. , 62. , 68. , 63.5, 61. , 55. ,
       64. , 60. , 68. , 62. , 46. , 47.5, 74. , 64.5, 56. , 25. ,  5. ,
        7. , 67.5, 65. , 59. , 58. , 63. , 63. , 57. , 64. , 61. , 57. ,
       64. , 60. , 63.5, 51. , 63. , 62. , 61.5, 64. , 64. , 59. , 64. ,
       67. ]), 'class_mean_width_scaled': array([0.6111828 , 0.58431034, 0.64409091, 0.6134375 , 0.56264368,
       0.54974026, 0.6315625 , 0.64388889, 0.59430556, 0.34624434,
       0.64333333, 0.64      , 0.66035714, 0.55828402, 0.62435484,
       0.61480769, 0.60313725, 0.63822222, 0.61041667, 0.45857143,
       0.60015385, 0.58584906, 0.51568047, 0.6172549 , 0.50818966,
       0.60847826, 0.59833333, 0.62916667, 0.6526087 , 0.63653846,
       0.63216216, 0.63323529, 0.41198646, 0.49885714, 0.61465909,
       0.49225376, 0.60055556, 0.64862069, 0.63966667, 0.61190476,
       0.53402985, 0.56      , 0.65692308, 0.63072727, 0.63333333,
       0.58814815, 0.63342105, 0.54202532, 0.62209091, 0.58689655,
       0.63407407, 0.54929853, 0.61541667, 0.51888579, 0.6447619 ,
       0.47578544, 0.62744292, 0.63342105, 0.61076923, 0.60473684,
       0.60633508, 0.58308824, 0.63088235, 0.60625   , 0.56728972,
       0.4993617 , 0.60551724, 0.5602    , 0.66338983, 0.58569231,
       0.44982301, 0.4585    , 0.72321429, 0.63125   , 0.54458716,
       0.2870765 , 0.159201  , 0.21066667, 0.63868421, 0.62465116,
       0.58151515, 0.54973333, 0.60304348, 0.61114286, 0.53228758,
       0.62258427, 0.57840796, 0.52477089, 0.61757143, 0.5691875 ,
       0.64115385, 0.47139175, 0.57381215, 0.5647561 , 0.60305556,
       0.6415625 , 0.61579832, 0.55169863, 0.61229508, 0.64445783]), 'class_median_width_scaled': array([0.63 , 0.63 , 0.67 , 0.65 , 0.59 , 0.57 , 0.65 , 0.665, 0.615,
       0.34 , 0.66 , 0.67 , 0.685, 0.61 , 0.65 , 0.63 , 0.62 , 0.66 ,
       0.64 , 0.53 , 0.63 , 0.6  , 0.55 , 0.65 , 0.54 , 0.62 , 0.61 ,
       0.645, 0.65 , 0.66 , 0.65 , 0.655, 0.44 , 0.55 , 0.64 , 0.56 ,
       0.64 , 0.67 , 0.65 , 0.65 , 0.56 , 0.6  , 0.68 , 0.66 , 0.67 ,
       0.61 , 0.65 , 0.6  , 0.64 , 0.6  , 0.68 , 0.59 , 0.63 , 0.57 ,
       0.65 , 0.54 , 0.65 , 0.635, 0.62 , 0.62 , 0.64 , 0.62 , 0.68 ,
       0.635, 0.61 , 0.55 , 0.64 , 0.6  , 0.68 , 0.62 , 0.46 , 0.475,
       0.74 , 0.645, 0.56 , 0.25 , 0.05 , 0.07 , 0.675, 0.65 , 0.59 ,
       0.58 , 0.63 , 0.63 , 0.57 , 0.64 , 0.61 , 0.57 , 0.64 , 0.6  ,
       0.635, 0.51 , 0.63 , 0.62 , 0.615, 0.64 , 0.64 , 0.59 , 0.64 ,
       0.67 ])}

split_conformal_aps_XGBoost full class metrics: {'class_coverage': array([0.88172043, 0.82758621, 0.90909091, 0.8125    , 0.71264368,
       0.85714286, 0.875     , 0.94444444, 0.66666667, 0.9479638 ,
       0.77777778, 0.65384615, 0.89285714, 0.82248521, 0.83870968,
       0.90384615, 0.84313725, 0.84444444, 0.84722222, 0.96598639,
       0.75384615, 1.        , 0.81656805, 0.64705882, 0.92241379,
       0.76086957, 0.95833333, 0.875     , 1.        , 0.96153846,
       0.94594595, 0.83823529, 0.95485327, 0.93714286, 0.81818182,
       0.93823038, 0.88888889, 0.96551724, 0.8       , 0.80952381,
       0.91044776, 0.91525424, 0.84615385, 0.91515152, 0.85714286,
       0.77777778, 0.68421053, 0.89873418, 0.82727273, 0.89655172,
       0.88888889, 0.94942904, 0.91666667, 0.93036212, 0.76190476,
       0.91187739, 0.85388128, 0.90789474, 0.86813187, 0.73684211,
       0.92146597, 0.86029412, 0.55882353, 0.73863636, 0.8411215 ,
       0.80851064, 0.95632184, 0.82      , 0.79661017, 0.93846154,
       0.88495575, 0.88333333, 1.        , 0.95833333, 0.72477064,
       0.90983607, 0.96379526, 0.96470588, 0.78947368, 0.95348837,
       1.        , 0.96      , 0.7173913 , 0.91428571, 0.84313725,
       0.76404494, 0.89054726, 0.94339623, 0.82857143, 0.825     ,
       0.73076923, 0.92268041, 0.87845304, 0.76829268, 0.91666667,
       1.        , 0.87394958, 0.94520548, 0.90163934, 0.79518072]), 'class_mean_width': array([61.11827957, 58.43103448, 64.40909091, 61.34375   , 56.26436782,
       54.97402597, 63.15625   , 64.38888889, 59.43055556, 34.62443439,
       64.33333333, 64.        , 66.03571429, 55.82840237, 62.43548387,
       61.48076923, 60.31372549, 63.82222222, 61.04166667, 45.85714286,
       60.01538462, 58.58490566, 51.56804734, 61.7254902 , 50.81896552,
       60.84782609, 59.83333333, 62.91666667, 65.26086957, 63.65384615,
       63.21621622, 63.32352941, 41.1986456 , 49.88571429, 61.46590909,
       49.22537563, 60.05555556, 64.86206897, 63.96666667, 61.19047619,
       53.40298507, 56.        , 65.69230769, 63.07272727, 63.33333333,
       58.81481481, 63.34210526, 54.20253165, 62.20909091, 58.68965517,
       63.40740741, 54.92985318, 61.54166667, 51.88857939, 64.47619048,
       47.57854406, 62.74429224, 63.34210526, 61.07692308, 60.47368421,
       60.63350785, 58.30882353, 63.08823529, 60.625     , 56.72897196,
       49.93617021, 60.55172414, 56.02      , 66.33898305, 58.56923077,
       44.98230088, 45.85      , 72.32142857, 63.125     , 54.4587156 ,
       28.70765027, 15.92009988, 21.06666667, 63.86842105, 62.46511628,
       58.15151515, 54.97333333, 60.30434783, 61.11428571, 53.22875817,
       62.25842697, 57.84079602, 52.47708895, 61.75714286, 56.91875   ,
       64.11538462, 47.13917526, 57.38121547, 56.47560976, 60.30555556,
       64.15625   , 61.57983193, 55.16986301, 61.2295082 , 64.44578313]), 'class_median_width': array([63. , 63. , 67. , 65. , 59. , 57. , 65. , 66.5, 61.5, 34. , 66. ,
       67. , 68.5, 61. , 65. , 63. , 62. , 66. , 64. , 53. , 63. , 60. ,
       55. , 65. , 54. , 62. , 61. , 64.5, 65. , 66. , 65. , 65.5, 44. ,
       55. , 64. , 56. , 64. , 67. , 65. , 65. , 56. , 60. , 68. , 66. ,
       67. , 61. , 65. , 60. , 64. , 60. , 68. , 59. , 63. , 57. , 65. ,
       54. , 65. , 63.5, 62. , 62. , 64. , 62. , 68. , 63.5, 61. , 55. ,
       64. , 60. , 68. , 62. , 46. , 47.5, 74. , 64.5, 56. , 25. ,  5. ,
        7. , 67.5, 65. , 59. , 58. , 63. , 63. , 57. , 64. , 61. , 57. ,
       64. , 60. , 63.5, 51. , 63. , 62. , 61.5, 64. , 64. , 59. , 64. ,
       67. ]), 'class_mean_width_scaled': array([0.6111828 , 0.58431034, 0.64409091, 0.6134375 , 0.56264368,
       0.54974026, 0.6315625 , 0.64388889, 0.59430556, 0.34624434,
       0.64333333, 0.64      , 0.66035714, 0.55828402, 0.62435484,
       0.61480769, 0.60313725, 0.63822222, 0.61041667, 0.45857143,
       0.60015385, 0.58584906, 0.51568047, 0.6172549 , 0.50818966,
       0.60847826, 0.59833333, 0.62916667, 0.6526087 , 0.63653846,
       0.63216216, 0.63323529, 0.41198646, 0.49885714, 0.61465909,
       0.49225376, 0.60055556, 0.64862069, 0.63966667, 0.61190476,
       0.53402985, 0.56      , 0.65692308, 0.63072727, 0.63333333,
       0.58814815, 0.63342105, 0.54202532, 0.62209091, 0.58689655,
       0.63407407, 0.54929853, 0.61541667, 0.51888579, 0.6447619 ,
       0.47578544, 0.62744292, 0.63342105, 0.61076923, 0.60473684,
       0.60633508, 0.58308824, 0.63088235, 0.60625   , 0.56728972,
       0.4993617 , 0.60551724, 0.5602    , 0.66338983, 0.58569231,
       0.44982301, 0.4585    , 0.72321429, 0.63125   , 0.54458716,
       0.2870765 , 0.159201  , 0.21066667, 0.63868421, 0.62465116,
       0.58151515, 0.54973333, 0.60304348, 0.61114286, 0.53228758,
       0.62258427, 0.57840796, 0.52477089, 0.61757143, 0.5691875 ,
       0.64115385, 0.47139175, 0.57381215, 0.5647561 , 0.60305556,
       0.6415625 , 0.61579832, 0.55169863, 0.61229508, 0.64445783]), 'class_median_width_scaled': array([0.63 , 0.63 , 0.67 , 0.65 , 0.59 , 0.57 , 0.65 , 0.665, 0.615,
       0.34 , 0.66 , 0.67 , 0.685, 0.61 , 0.65 , 0.63 , 0.62 , 0.66 ,
       0.64 , 0.53 , 0.63 , 0.6  , 0.55 , 0.65 , 0.54 , 0.62 , 0.61 ,
       0.645, 0.65 , 0.66 , 0.65 , 0.655, 0.44 , 0.55 , 0.64 , 0.56 ,
       0.64 , 0.67 , 0.65 , 0.65 , 0.56 , 0.6  , 0.68 , 0.66 , 0.67 ,
       0.61 , 0.65 , 0.6  , 0.64 , 0.6  , 0.68 , 0.59 , 0.63 , 0.57 ,
       0.65 , 0.54 , 0.65 , 0.635, 0.62 , 0.62 , 0.64 , 0.62 , 0.68 ,
       0.635, 0.61 , 0.55 , 0.64 , 0.6  , 0.68 , 0.62 , 0.46 , 0.475,
       0.74 , 0.645, 0.56 , 0.25 , 0.05 , 0.07 , 0.675, 0.65 , 0.59 ,
       0.58 , 0.63 , 0.63 , 0.57 , 0.64 , 0.61 , 0.57 , 0.64 , 0.6  ,
       0.635, 0.51 , 0.63 , 0.62 , 0.615, 0.64 , 0.64 , 0.59 , 0.64 ,
       0.67 ])}

Job completed at Wed Mar 19 06:21:12 PM PDT 2025
