Starting job at Wed Mar 19 06:21:09 PM PDT 2025
Job parameters:
Dataset: data_helena
UQ Method: split_conformal_aps
Estimator: XGBoost
Seed: 785
Train Size: 0.8
Running split_conformal_aps on data_helena with seed 785 and train size 0.8

starting experiment

data created

Fitting split_conformal_aps_XGBoost on data_helena with seed 785

split_conformal_aps_XGBoost metrics: {'coverage': np.float64(0.8920245398773006), 'mean_width': np.float64(52.77430981595092), 'median_width': np.float64(60.0), 'mean_width_scaled': np.float64(0.5277430981595093), 'median_width_scaled': np.float64(0.6)}

split_conformal_aps_XGBoost full metrics: {'coverage': np.float64(0.8920245398773006), 'mean_width': np.float64(52.77430981595092), 'median_width': np.float64(60.0), 'mean_width_scaled': np.float64(0.5277430981595093), 'median_width_scaled': np.float64(0.6)}

split_conformal_aps_XGBoost class metrics: {'class_coverage': array([0.94623656, 0.74137931, 0.95454545, 0.66666667, 0.86206897,
       0.85714286, 0.90625   , 0.91666667, 0.73611111, 0.93438914,
       0.68888889, 0.76923077, 0.92857143, 0.88757396, 0.77419355,
       0.75      , 0.75490196, 0.91111111, 0.82638889, 0.91156463,
       0.78461538, 0.88679245, 0.85207101, 0.54901961, 0.76724138,
       0.95652174, 0.95833333, 0.91666667, 1.        , 0.84615385,
       0.89189189, 0.85294118, 0.91873589, 0.95047619, 0.84090909,
       0.97495826, 0.91666667, 0.89655172, 0.83333333, 0.84126984,
       0.91044776, 0.88983051, 0.8974359 , 0.87878788, 0.80952381,
       0.72222222, 1.        , 0.86075949, 0.77272727, 0.93103448,
       0.96296296, 0.97063622, 0.95833333, 0.94428969, 0.5952381 ,
       0.93869732, 0.91324201, 0.85526316, 0.83516484, 0.81578947,
       0.87958115, 0.85294118, 0.85294118, 0.71590909, 0.8411215 ,
       0.38297872, 0.93793103, 0.83      , 0.88135593, 0.90769231,
       0.88495575, 0.81666667, 1.        , 0.95833333, 0.73394495,
       0.93169399, 0.97627965, 0.90196078, 0.76315789, 0.95348837,
       1.        , 0.86666667, 0.86956522, 0.71428571, 0.83660131,
       0.68539326, 0.88557214, 0.93800539, 0.94285714, 0.85625   ,
       0.96153846, 0.92268041, 0.89226519, 0.70731707, 0.94444444,
       0.9375    , 0.87394958, 0.90958904, 0.70491803, 0.77108434]), 'class_mean_width': array([63.65591398, 59.62068966, 66.45454545, 62.6875    , 54.66666667,
       55.77922078, 65.71875   , 61.87962963, 61.25      , 36.32352941,
       61.95555556, 64.80769231, 65.46428571, 59.14792899, 64.03225806,
       63.98076923, 62.14705882, 66.15555556, 63.36111111, 51.72789116,
       62.90769231, 54.18867925, 56.10650888, 60.84313725, 54.13793103,
       62.5       , 63.54166667, 61.83333333, 66.2173913 , 62.03846154,
       62.91891892, 65.35294118, 41.03611738, 54.47619048, 63.64772727,
       51.68781302, 64.25      , 63.20689655, 62.8       , 63.87301587,
       57.02985075, 56.76271186, 67.8974359 , 64.00606061, 66.21428571,
       59.25925926, 67.13157895, 51.44303797, 65.12727273, 50.86206897,
       68.11111111, 55.5187602 , 64.58333333, 53.17270195, 63.16666667,
       47.68199234, 64.57077626, 61.55263158, 60.50549451, 60.39473684,
       60.59162304, 59.16176471, 63.52941176, 64.        , 55.98130841,
       56.25531915, 63.07356322, 57.31      , 66.30508475, 58.93846154,
       53.57522124, 56.16666667, 70.42857143, 68.5       , 53.41284404,
       28.30054645, 17.33083645, 28.70980392, 60.84210526, 55.30232558,
       60.96969697, 56.86666667, 60.95652174, 65.97142857, 52.54901961,
       63.35955056, 59.38308458, 51.36657682, 63.8       , 63.2625    ,
       64.5       , 45.89175258, 60.48618785, 57.67073171, 59.97222222,
       68.5625    , 60.72268908, 55.94520548, 64.37704918, 65.48192771]), 'class_median_width': array([67. , 64. , 68. , 67. , 59. , 59. , 68. , 67.5, 65. , 38.5, 66. ,
       67. , 66.5, 64. , 66. , 68. , 63.5, 69. , 66. , 57. , 64. , 59. ,
       60. , 65. , 57. , 64. , 65. , 63. , 68. , 67. , 65. , 68. , 47. ,
       58. , 65. , 59. , 66. , 67. , 66. , 67. , 59. , 60.5, 72. , 67. ,
       67.5, 63.5, 70. , 56. , 66. , 56. , 69. , 59. , 68.5, 57. , 66.5,
       53. , 68. , 65. , 64. , 66. , 63. , 62.5, 63.5, 65.5, 61. , 61. ,
       66. , 62. , 68. , 65. , 57. , 60. , 72. , 71. , 60. , 20. ,  5. ,
       25. , 65.5, 56. , 65. , 61. , 65. , 67. , 57. , 65. , 64. , 56. ,
       66.5, 65. , 67.5, 51. , 64. , 60.5, 63. , 72. , 64.5, 60. , 67. ,
       68. ]), 'class_mean_width_scaled': array([0.63655914, 0.5962069 , 0.66454545, 0.626875  , 0.54666667,
       0.55779221, 0.6571875 , 0.6187963 , 0.6125    , 0.36323529,
       0.61955556, 0.64807692, 0.65464286, 0.59147929, 0.64032258,
       0.63980769, 0.62147059, 0.66155556, 0.63361111, 0.51727891,
       0.62907692, 0.54188679, 0.56106509, 0.60843137, 0.54137931,
       0.625     , 0.63541667, 0.61833333, 0.66217391, 0.62038462,
       0.62918919, 0.65352941, 0.41036117, 0.5447619 , 0.63647727,
       0.51687813, 0.6425    , 0.63206897, 0.628     , 0.63873016,
       0.57029851, 0.56762712, 0.67897436, 0.64006061, 0.66214286,
       0.59259259, 0.67131579, 0.51443038, 0.65127273, 0.50862069,
       0.68111111, 0.5551876 , 0.64583333, 0.53172702, 0.63166667,
       0.47681992, 0.64570776, 0.61552632, 0.60505495, 0.60394737,
       0.60591623, 0.59161765, 0.63529412, 0.64      , 0.55981308,
       0.56255319, 0.63073563, 0.5731    , 0.66305085, 0.58938462,
       0.53575221, 0.56166667, 0.70428571, 0.685     , 0.53412844,
       0.28300546, 0.17330836, 0.28709804, 0.60842105, 0.55302326,
       0.60969697, 0.56866667, 0.60956522, 0.65971429, 0.5254902 ,
       0.63359551, 0.59383085, 0.51366577, 0.638     , 0.632625  ,
       0.645     , 0.45891753, 0.60486188, 0.57670732, 0.59972222,
       0.685625  , 0.60722689, 0.55945205, 0.64377049, 0.65481928]), 'class_median_width_scaled': array([0.67 , 0.64 , 0.68 , 0.67 , 0.59 , 0.59 , 0.68 , 0.675, 0.65 ,
       0.385, 0.66 , 0.67 , 0.665, 0.64 , 0.66 , 0.68 , 0.635, 0.69 ,
       0.66 , 0.57 , 0.64 , 0.59 , 0.6  , 0.65 , 0.57 , 0.64 , 0.65 ,
       0.63 , 0.68 , 0.67 , 0.65 , 0.68 , 0.47 , 0.58 , 0.65 , 0.59 ,
       0.66 , 0.67 , 0.66 , 0.67 , 0.59 , 0.605, 0.72 , 0.67 , 0.675,
       0.635, 0.7  , 0.56 , 0.66 , 0.56 , 0.69 , 0.59 , 0.685, 0.57 ,
       0.665, 0.53 , 0.68 , 0.65 , 0.64 , 0.66 , 0.63 , 0.625, 0.635,
       0.655, 0.61 , 0.61 , 0.66 , 0.62 , 0.68 , 0.65 , 0.57 , 0.6  ,
       0.72 , 0.71 , 0.6  , 0.2  , 0.05 , 0.25 , 0.655, 0.56 , 0.65 ,
       0.61 , 0.65 , 0.67 , 0.57 , 0.65 , 0.64 , 0.56 , 0.665, 0.65 ,
       0.675, 0.51 , 0.64 , 0.605, 0.63 , 0.72 , 0.645, 0.6  , 0.67 ,
       0.68 ])}

split_conformal_aps_XGBoost full class metrics: {'class_coverage': array([0.94623656, 0.74137931, 0.95454545, 0.66666667, 0.86206897,
       0.85714286, 0.90625   , 0.91666667, 0.73611111, 0.93438914,
       0.68888889, 0.76923077, 0.92857143, 0.88757396, 0.77419355,
       0.75      , 0.75490196, 0.91111111, 0.82638889, 0.91156463,
       0.78461538, 0.88679245, 0.85207101, 0.54901961, 0.76724138,
       0.95652174, 0.95833333, 0.91666667, 1.        , 0.84615385,
       0.89189189, 0.85294118, 0.91873589, 0.95047619, 0.84090909,
       0.97495826, 0.91666667, 0.89655172, 0.83333333, 0.84126984,
       0.91044776, 0.88983051, 0.8974359 , 0.87878788, 0.80952381,
       0.72222222, 1.        , 0.86075949, 0.77272727, 0.93103448,
       0.96296296, 0.97063622, 0.95833333, 0.94428969, 0.5952381 ,
       0.93869732, 0.91324201, 0.85526316, 0.83516484, 0.81578947,
       0.87958115, 0.85294118, 0.85294118, 0.71590909, 0.8411215 ,
       0.38297872, 0.93793103, 0.83      , 0.88135593, 0.90769231,
       0.88495575, 0.81666667, 1.        , 0.95833333, 0.73394495,
       0.93169399, 0.97627965, 0.90196078, 0.76315789, 0.95348837,
       1.        , 0.86666667, 0.86956522, 0.71428571, 0.83660131,
       0.68539326, 0.88557214, 0.93800539, 0.94285714, 0.85625   ,
       0.96153846, 0.92268041, 0.89226519, 0.70731707, 0.94444444,
       0.9375    , 0.87394958, 0.90958904, 0.70491803, 0.77108434]), 'class_mean_width': array([63.65591398, 59.62068966, 66.45454545, 62.6875    , 54.66666667,
       55.77922078, 65.71875   , 61.87962963, 61.25      , 36.32352941,
       61.95555556, 64.80769231, 65.46428571, 59.14792899, 64.03225806,
       63.98076923, 62.14705882, 66.15555556, 63.36111111, 51.72789116,
       62.90769231, 54.18867925, 56.10650888, 60.84313725, 54.13793103,
       62.5       , 63.54166667, 61.83333333, 66.2173913 , 62.03846154,
       62.91891892, 65.35294118, 41.03611738, 54.47619048, 63.64772727,
       51.68781302, 64.25      , 63.20689655, 62.8       , 63.87301587,
       57.02985075, 56.76271186, 67.8974359 , 64.00606061, 66.21428571,
       59.25925926, 67.13157895, 51.44303797, 65.12727273, 50.86206897,
       68.11111111, 55.5187602 , 64.58333333, 53.17270195, 63.16666667,
       47.68199234, 64.57077626, 61.55263158, 60.50549451, 60.39473684,
       60.59162304, 59.16176471, 63.52941176, 64.        , 55.98130841,
       56.25531915, 63.07356322, 57.31      , 66.30508475, 58.93846154,
       53.57522124, 56.16666667, 70.42857143, 68.5       , 53.41284404,
       28.30054645, 17.33083645, 28.70980392, 60.84210526, 55.30232558,
       60.96969697, 56.86666667, 60.95652174, 65.97142857, 52.54901961,
       63.35955056, 59.38308458, 51.36657682, 63.8       , 63.2625    ,
       64.5       , 45.89175258, 60.48618785, 57.67073171, 59.97222222,
       68.5625    , 60.72268908, 55.94520548, 64.37704918, 65.48192771]), 'class_median_width': array([67. , 64. , 68. , 67. , 59. , 59. , 68. , 67.5, 65. , 38.5, 66. ,
       67. , 66.5, 64. , 66. , 68. , 63.5, 69. , 66. , 57. , 64. , 59. ,
       60. , 65. , 57. , 64. , 65. , 63. , 68. , 67. , 65. , 68. , 47. ,
       58. , 65. , 59. , 66. , 67. , 66. , 67. , 59. , 60.5, 72. , 67. ,
       67.5, 63.5, 70. , 56. , 66. , 56. , 69. , 59. , 68.5, 57. , 66.5,
       53. , 68. , 65. , 64. , 66. , 63. , 62.5, 63.5, 65.5, 61. , 61. ,
       66. , 62. , 68. , 65. , 57. , 60. , 72. , 71. , 60. , 20. ,  5. ,
       25. , 65.5, 56. , 65. , 61. , 65. , 67. , 57. , 65. , 64. , 56. ,
       66.5, 65. , 67.5, 51. , 64. , 60.5, 63. , 72. , 64.5, 60. , 67. ,
       68. ]), 'class_mean_width_scaled': array([0.63655914, 0.5962069 , 0.66454545, 0.626875  , 0.54666667,
       0.55779221, 0.6571875 , 0.6187963 , 0.6125    , 0.36323529,
       0.61955556, 0.64807692, 0.65464286, 0.59147929, 0.64032258,
       0.63980769, 0.62147059, 0.66155556, 0.63361111, 0.51727891,
       0.62907692, 0.54188679, 0.56106509, 0.60843137, 0.54137931,
       0.625     , 0.63541667, 0.61833333, 0.66217391, 0.62038462,
       0.62918919, 0.65352941, 0.41036117, 0.5447619 , 0.63647727,
       0.51687813, 0.6425    , 0.63206897, 0.628     , 0.63873016,
       0.57029851, 0.56762712, 0.67897436, 0.64006061, 0.66214286,
       0.59259259, 0.67131579, 0.51443038, 0.65127273, 0.50862069,
       0.68111111, 0.5551876 , 0.64583333, 0.53172702, 0.63166667,
       0.47681992, 0.64570776, 0.61552632, 0.60505495, 0.60394737,
       0.60591623, 0.59161765, 0.63529412, 0.64      , 0.55981308,
       0.56255319, 0.63073563, 0.5731    , 0.66305085, 0.58938462,
       0.53575221, 0.56166667, 0.70428571, 0.685     , 0.53412844,
       0.28300546, 0.17330836, 0.28709804, 0.60842105, 0.55302326,
       0.60969697, 0.56866667, 0.60956522, 0.65971429, 0.5254902 ,
       0.63359551, 0.59383085, 0.51366577, 0.638     , 0.632625  ,
       0.645     , 0.45891753, 0.60486188, 0.57670732, 0.59972222,
       0.685625  , 0.60722689, 0.55945205, 0.64377049, 0.65481928]), 'class_median_width_scaled': array([0.67 , 0.64 , 0.68 , 0.67 , 0.59 , 0.59 , 0.68 , 0.675, 0.65 ,
       0.385, 0.66 , 0.67 , 0.665, 0.64 , 0.66 , 0.68 , 0.635, 0.69 ,
       0.66 , 0.57 , 0.64 , 0.59 , 0.6  , 0.65 , 0.57 , 0.64 , 0.65 ,
       0.63 , 0.68 , 0.67 , 0.65 , 0.68 , 0.47 , 0.58 , 0.65 , 0.59 ,
       0.66 , 0.67 , 0.66 , 0.67 , 0.59 , 0.605, 0.72 , 0.67 , 0.675,
       0.635, 0.7  , 0.56 , 0.66 , 0.56 , 0.69 , 0.59 , 0.685, 0.57 ,
       0.665, 0.53 , 0.68 , 0.65 , 0.64 , 0.66 , 0.63 , 0.625, 0.635,
       0.655, 0.61 , 0.61 , 0.66 , 0.62 , 0.68 , 0.65 , 0.57 , 0.6  ,
       0.72 , 0.71 , 0.6  , 0.2  , 0.05 , 0.25 , 0.655, 0.56 , 0.65 ,
       0.61 , 0.65 , 0.67 , 0.57 , 0.65 , 0.64 , 0.56 , 0.665, 0.65 ,
       0.675, 0.51 , 0.64 , 0.605, 0.63 , 0.72 , 0.645, 0.6  , 0.67 ,
       0.68 ])}

Job completed at Wed Mar 19 06:21:16 PM PDT 2025
