Starting job at Thu Mar 20 05:04:25 PM PDT 2025
Job parameters:
Dataset: data_chess
UQ Method: split_conformal_topk
Estimator: RandomForest
Seed: 786
Train Size: 0.8
Running split_conformal_topk on data_chess with seed 786 and train size 0.8

starting experiment

data created

Fitting split_conformal_topk_RandomForest on data_chess with seed 786

split_conformal_topk_RandomForest metrics: {'coverage': np.float64(0.9132216678545972), 'mean_width': np.float64(6.0), 'median_width': np.float64(6.0), 'mean_width_scaled': np.float64(0.3333333333333333), 'median_width_scaled': np.float64(0.3333333333333333)}

split_conformal_topk_RandomForest full metrics: {'coverage': np.float64(0.9132216678545972), 'mean_width': np.float64(6.0), 'median_width': np.float64(6.0), 'mean_width_scaled': np.float64(0.3333333333333333), 'median_width_scaled': np.float64(0.3333333333333333)}

split_conformal_topk_RandomForest class metrics: {'class_coverage': array([0.98568873, 0.86759582, 0.92644483, 0.98383372, 0.58510638,
       0.525     , 0.99560922, 0.78362573, 0.        , 0.40875912,
       0.6440678 , 0.85897436, 0.86146096, 0.99165673, 0.        ,
       0.9875    , 0.69387755, 0.2       ]), 'class_mean_width': array([6., 6., 6., 6., 6., 6., 6., 6., 6., 6., 6., 6., 6., 6., 6., 6., 6.,
       6.]), 'class_median_width': array([6., 6., 6., 6., 6., 6., 6., 6., 6., 6., 6., 6., 6., 6., 6., 6., 6.,
       6.]), 'class_mean_width_scaled': array([0.33333333, 0.33333333, 0.33333333, 0.33333333, 0.33333333,
       0.33333333, 0.33333333, 0.33333333, 0.33333333, 0.33333333,
       0.33333333, 0.33333333, 0.33333333, 0.33333333, 0.33333333,
       0.33333333, 0.33333333, 0.33333333]), 'class_median_width_scaled': array([0.33333333, 0.33333333, 0.33333333, 0.33333333, 0.33333333,
       0.33333333, 0.33333333, 0.33333333, 0.33333333, 0.33333333,
       0.33333333, 0.33333333, 0.33333333, 0.33333333, 0.33333333,
       0.33333333, 0.33333333, 0.33333333])}

split_conformal_topk_RandomForest full class metrics: {'class_coverage': array([0.98568873, 0.86759582, 0.92644483, 0.98383372, 0.58510638,
       0.525     , 0.99560922, 0.78362573, 0.        , 0.40875912,
       0.6440678 , 0.85897436, 0.86146096, 0.99165673, 0.        ,
       0.9875    , 0.69387755, 0.2       ]), 'class_mean_width': array([6., 6., 6., 6., 6., 6., 6., 6., 6., 6., 6., 6., 6., 6., 6., 6., 6.,
       6.]), 'class_median_width': array([6., 6., 6., 6., 6., 6., 6., 6., 6., 6., 6., 6., 6., 6., 6., 6., 6.,
       6.]), 'class_mean_width_scaled': array([0.33333333, 0.33333333, 0.33333333, 0.33333333, 0.33333333,
       0.33333333, 0.33333333, 0.33333333, 0.33333333, 0.33333333,
       0.33333333, 0.33333333, 0.33333333, 0.33333333, 0.33333333,
       0.33333333, 0.33333333, 0.33333333]), 'class_median_width_scaled': array([0.33333333, 0.33333333, 0.33333333, 0.33333333, 0.33333333,
       0.33333333, 0.33333333, 0.33333333, 0.33333333, 0.33333333,
       0.33333333, 0.33333333, 0.33333333, 0.33333333, 0.33333333,
       0.33333333, 0.33333333, 0.33333333])}

Job completed at Thu Mar 20 05:04:28 PM PDT 2025
