Starting job at Wed Mar 19 08:21:22 PM PDT 2025
Job parameters:
Dataset: data_chess
UQ Method: split_conformal_topk
Estimator: RandomForest
Seed: 784
Train Size: 0.8
Running split_conformal_topk on data_chess with seed 784 and train size 0.8

starting experiment

data created

Fitting split_conformal_topk_RandomForest on data_chess with seed 784

split_conformal_topk_RandomForest metrics: {'coverage': np.float64(0.9258731290092659), 'mean_width': np.float64(6.511582323592302), 'median_width': np.float64(6.0), 'mean_width_scaled': np.float64(0.3617545735329057), 'median_width_scaled': np.float64(0.3333333333333333)}

split_conformal_topk_RandomForest full metrics: {'coverage': np.float64(0.9258731290092659), 'mean_width': np.float64(6.511582323592302), 'median_width': np.float64(6.0), 'mean_width_scaled': np.float64(0.3617545735329057), 'median_width_scaled': np.float64(0.3333333333333333)}

split_conformal_topk_RandomForest class metrics: {'class_coverage': array([0.9588551 , 0.90243902, 0.92819615, 0.98845266, 0.73404255,
       0.775     , 0.99231614, 0.83040936, 0.25      , 0.67883212,
       0.68644068, 0.88461538, 0.8790932 , 0.98569726, 0.25      ,
       0.95277778, 0.85714286, 0.        ]), 'class_mean_width': array([6.40608229, 6.52961672, 6.42732049, 6.66281755, 6.42553191,
       6.65      , 6.63007684, 6.46491228, 6.1875    , 6.40145985,
       6.44915254, 6.5       , 6.3627204 , 6.55780691, 6.625     ,
       6.51944444, 6.28571429, 6.4       ]), 'class_median_width': array([6., 6., 6., 6., 6., 6., 6., 6., 6., 6., 6., 6., 6., 6., 6., 6., 6.,
       6.]), 'class_mean_width_scaled': array([0.35589346, 0.36275648, 0.35707336, 0.37015653, 0.356974  ,
       0.36944444, 0.3683376 , 0.35916179, 0.34375   , 0.35563666,
       0.35828625, 0.36111111, 0.35348447, 0.36432261, 0.36805556,
       0.36219136, 0.34920635, 0.35555556]), 'class_median_width_scaled': array([0.33333333, 0.33333333, 0.33333333, 0.33333333, 0.33333333,
       0.33333333, 0.33333333, 0.33333333, 0.33333333, 0.33333333,
       0.33333333, 0.33333333, 0.33333333, 0.33333333, 0.33333333,
       0.33333333, 0.33333333, 0.33333333])}

split_conformal_topk_RandomForest full class metrics: {'class_coverage': array([0.9588551 , 0.90243902, 0.92819615, 0.98845266, 0.73404255,
       0.775     , 0.99231614, 0.83040936, 0.25      , 0.67883212,
       0.68644068, 0.88461538, 0.8790932 , 0.98569726, 0.25      ,
       0.95277778, 0.85714286, 0.        ]), 'class_mean_width': array([6.40608229, 6.52961672, 6.42732049, 6.66281755, 6.42553191,
       6.65      , 6.63007684, 6.46491228, 6.1875    , 6.40145985,
       6.44915254, 6.5       , 6.3627204 , 6.55780691, 6.625     ,
       6.51944444, 6.28571429, 6.4       ]), 'class_median_width': array([6., 6., 6., 6., 6., 6., 6., 6., 6., 6., 6., 6., 6., 6., 6., 6., 6.,
       6.]), 'class_mean_width_scaled': array([0.35589346, 0.36275648, 0.35707336, 0.37015653, 0.356974  ,
       0.36944444, 0.3683376 , 0.35916179, 0.34375   , 0.35563666,
       0.35828625, 0.36111111, 0.35348447, 0.36432261, 0.36805556,
       0.36219136, 0.34920635, 0.35555556]), 'class_median_width_scaled': array([0.33333333, 0.33333333, 0.33333333, 0.33333333, 0.33333333,
       0.33333333, 0.33333333, 0.33333333, 0.33333333, 0.33333333,
       0.33333333, 0.33333333, 0.33333333, 0.33333333, 0.33333333,
       0.33333333, 0.33333333, 0.33333333])}

Job completed at Wed Mar 19 08:21:26 PM PDT 2025
