Starting job at Wed Mar 19 06:30:06 PM PDT 2025
Job parameters:
Dataset: data_isolet
UQ Method: split_conformal_lac
Estimator: MLP
Seed: 784
Train Size: 0.8
Running split_conformal_lac on data_isolet with seed 784 and train size 0.8

starting experiment

data created

Fitting split_conformal_lac_MLP on data_isolet with seed 784

split_conformal_lac_MLP metrics: {'coverage': np.float64(0.9775641025641025), 'mean_width': np.float64(2.698717948717949), 'median_width': np.float64(1.0), 'mean_width_scaled': np.float64(0.10379684418145957), 'median_width_scaled': np.float64(0.038461538461538464)}

split_conformal_lac_MLP full metrics: {'coverage': np.float64(0.9775641025641025), 'mean_width': np.float64(2.698717948717949), 'median_width': np.float64(1.0), 'mean_width_scaled': np.float64(0.10379684418145957), 'median_width_scaled': np.float64(0.038461538461538464)}

split_conformal_lac_MLP class metrics: {'class_coverage': array([1.        , 1.        , 1.        , 1.        , 0.96666667,
       0.91666667, 1.        , 0.96666667, 1.        , 1.        ,
       0.98333333, 0.95      , 0.95      , 0.98333333, 0.83333333,
       0.98333333, 1.        , 1.        , 0.98333333, 0.98333333,
       1.        , 0.95      , 1.        , 0.98333333, 0.98333333,
       1.        ]), 'class_mean_width': array([1.83333333, 2.25      , 3.08333333, 2.25      , 3.91666667,
       2.66666667, 1.41666667, 4.33333333, 1.        , 1.        ,
       1.83333333, 3.5       , 4.33333333, 1.83333333, 6.83333333,
       1.        , 2.25      , 1.41666667, 2.66666667, 2.25      ,
       3.5       , 4.75      , 4.33333333, 2.25      , 1.        ,
       2.66666667]), 'class_median_width': array([1., 1., 1., 1., 1., 1., 1., 1., 1., 1., 1., 1., 1., 1., 1., 1., 1.,
       1., 1., 1., 1., 1., 1., 1., 1., 1.]), 'class_mean_width_scaled': array([0.07051282, 0.08653846, 0.11858974, 0.08653846, 0.15064103,
       0.1025641 , 0.05448718, 0.16666667, 0.03846154, 0.03846154,
       0.07051282, 0.13461538, 0.16666667, 0.07051282, 0.26282051,
       0.03846154, 0.08653846, 0.05448718, 0.1025641 , 0.08653846,
       0.13461538, 0.18269231, 0.16666667, 0.08653846, 0.03846154,
       0.1025641 ]), 'class_median_width_scaled': array([0.03846154, 0.03846154, 0.03846154, 0.03846154, 0.03846154,
       0.03846154, 0.03846154, 0.03846154, 0.03846154, 0.03846154,
       0.03846154, 0.03846154, 0.03846154, 0.03846154, 0.03846154,
       0.03846154, 0.03846154, 0.03846154, 0.03846154, 0.03846154,
       0.03846154, 0.03846154, 0.03846154, 0.03846154, 0.03846154,
       0.03846154])}

split_conformal_lac_MLP full class metrics: {'class_coverage': array([1.        , 1.        , 1.        , 1.        , 0.96666667,
       0.91666667, 1.        , 0.96666667, 1.        , 1.        ,
       0.98333333, 0.95      , 0.95      , 0.98333333, 0.83333333,
       0.98333333, 1.        , 1.        , 0.98333333, 0.98333333,
       1.        , 0.95      , 1.        , 0.98333333, 0.98333333,
       1.        ]), 'class_mean_width': array([1.83333333, 2.25      , 3.08333333, 2.25      , 3.91666667,
       2.66666667, 1.41666667, 4.33333333, 1.        , 1.        ,
       1.83333333, 3.5       , 4.33333333, 1.83333333, 6.83333333,
       1.        , 2.25      , 1.41666667, 2.66666667, 2.25      ,
       3.5       , 4.75      , 4.33333333, 2.25      , 1.        ,
       2.66666667]), 'class_median_width': array([1., 1., 1., 1., 1., 1., 1., 1., 1., 1., 1., 1., 1., 1., 1., 1., 1.,
       1., 1., 1., 1., 1., 1., 1., 1., 1.]), 'class_mean_width_scaled': array([0.07051282, 0.08653846, 0.11858974, 0.08653846, 0.15064103,
       0.1025641 , 0.05448718, 0.16666667, 0.03846154, 0.03846154,
       0.07051282, 0.13461538, 0.16666667, 0.07051282, 0.26282051,
       0.03846154, 0.08653846, 0.05448718, 0.1025641 , 0.08653846,
       0.13461538, 0.18269231, 0.16666667, 0.08653846, 0.03846154,
       0.1025641 ]), 'class_median_width_scaled': array([0.03846154, 0.03846154, 0.03846154, 0.03846154, 0.03846154,
       0.03846154, 0.03846154, 0.03846154, 0.03846154, 0.03846154,
       0.03846154, 0.03846154, 0.03846154, 0.03846154, 0.03846154,
       0.03846154, 0.03846154, 0.03846154, 0.03846154, 0.03846154,
       0.03846154, 0.03846154, 0.03846154, 0.03846154, 0.03846154,
       0.03846154])}

Job completed at Wed Mar 19 06:30:14 PM PDT 2025
