Starting job at Thu Mar 20 05:57:03 PM PDT 2025
Job parameters:
Dataset: data_cover_type
UQ Method: pcs_oob
Estimator: HistGradientBoosting
Seed: 784
Train Size: 0.8
Running pcs_oob on data_cover_type with seed 784 and train size 0.8

starting experiment

data created

Fitting pcs_oob on data_cover_type with seed 784

Finished training RandomForest models
number of classes 100
correct_indices: [2 0 0 ... 1 4 1]
pcs_oob metrics: {'coverage': np.float64(0.9035), 'mean_width': np.float64(7.128), 'median_width': np.float64(7.0), 'mean_width_scaled': np.float64(0.07128), 'median_width_scaled': np.float64(0.07)}

pcs_oob full metrics: {'coverage': np.float64(0.9035), 'mean_width': np.float64(7.128), 'median_width': np.float64(7.0), 'mean_width_scaled': np.float64(0.07128), 'median_width_scaled': np.float64(0.07)}

pcs_oob class metrics: {'class_coverage': array([0.85, 0.65, 0.85, 1.  , 1.  , 0.85, 1.  , 0.85, 0.85, 0.85, 0.95,
       1.  , 1.  , 0.9 , 0.8 , 0.9 , 0.85, 1.  , 0.9 , 1.  , 1.  , 0.8 ,
       0.95, 1.  , 1.  , 1.  , 1.  , 0.8 , 0.85, 0.95, 1.  , 0.95, 0.8 ,
       1.  , 0.95, 0.6 , 0.85, 0.6 , 0.75, 1.  , 1.  , 0.75, 0.7 , 1.  ,
       1.  , 1.  , 1.  , 1.  , 0.9 , 0.85, 0.8 , 0.95, 1.  , 0.95, 0.75,
       1.  , 0.5 , 0.85, 0.95, 1.  , 0.9 , 0.75, 1.  , 0.95, 0.9 , 0.75,
       1.  , 0.95, 0.8 , 0.45, 1.  , 1.  , 0.95, 0.95, 0.85, 0.9 , 1.  ,
       0.9 , 1.  , 0.9 , 0.9 , 0.95, 0.9 , 0.95, 0.9 , 0.9 , 0.9 , 1.  ,
       0.95, 0.75, 1.  , 0.95, 0.8 , 0.95, 1.  , 1.  , 0.95, 0.9 , 0.95,
       1.  ]), 'class_mean_width': array([7.05, 7.45, 7.1 , 7.  , 7.15, 7.1 , 7.05, 7.35, 7.35, 7.3 , 7.1 ,
       7.  , 7.  , 7.45, 7.3 , 7.15, 7.05, 7.  , 7.15, 7.05, 7.  , 7.05,
       7.  , 7.  , 7.1 , 7.05, 7.  , 7.1 , 7.2 , 7.  , 7.  , 7.2 , 7.1 ,
       7.05, 7.2 , 7.4 , 7.05, 7.25, 7.4 , 7.05, 7.  , 7.35, 7.2 , 7.  ,
       7.  , 7.  , 7.1 , 7.  , 7.15, 7.15, 7.05, 7.  , 7.  , 7.2 , 7.3 ,
       7.15, 7.05, 7.2 , 7.05, 7.  , 7.45, 7.55, 7.2 , 7.1 , 7.5 , 7.45,
       7.  , 7.  , 7.35, 7.45, 7.15, 7.15, 7.05, 7.3 , 7.2 , 7.1 , 7.  ,
       7.1 , 7.  , 7.05, 7.35, 7.  , 7.1 , 7.05, 7.  , 7.  , 7.05, 7.15,
       7.  , 7.3 , 7.1 , 7.1 , 7.15, 7.  , 7.  , 7.  , 7.  , 7.  , 7.  ,
       7.  ]), 'class_median_width': array([7. , 7. , 7. , 7. , 7. , 7. , 7. , 7. , 7. , 7. , 7. , 7. , 7. ,
       7. , 7. , 7. , 7. , 7. , 7. , 7. , 7. , 7. , 7. , 7. , 7. , 7. ,
       7. , 7. , 7. , 7. , 7. , 7. , 7. , 7. , 7. , 7. , 7. , 7. , 7. ,
       7. , 7. , 7. , 7. , 7. , 7. , 7. , 7. , 7. , 7. , 7. , 7. , 7. ,
       7. , 7. , 7. , 7. , 7. , 7. , 7. , 7. , 7. , 8. , 7. , 7. , 7.5,
       7. , 7. , 7. , 7. , 7. , 7. , 7. , 7. , 7. , 7. , 7. , 7. , 7. ,
       7. , 7. , 7. , 7. , 7. , 7. , 7. , 7. , 7. , 7. , 7. , 7. , 7. ,
       7. , 7. , 7. , 7. , 7. , 7. , 7. , 7. , 7. ]), 'class_mean_width_scaled': array([0.0705, 0.0745, 0.071 , 0.07  , 0.0715, 0.071 , 0.0705, 0.0735,
       0.0735, 0.073 , 0.071 , 0.07  , 0.07  , 0.0745, 0.073 , 0.0715,
       0.0705, 0.07  , 0.0715, 0.0705, 0.07  , 0.0705, 0.07  , 0.07  ,
       0.071 , 0.0705, 0.07  , 0.071 , 0.072 , 0.07  , 0.07  , 0.072 ,
       0.071 , 0.0705, 0.072 , 0.074 , 0.0705, 0.0725, 0.074 , 0.0705,
       0.07  , 0.0735, 0.072 , 0.07  , 0.07  , 0.07  , 0.071 , 0.07  ,
       0.0715, 0.0715, 0.0705, 0.07  , 0.07  , 0.072 , 0.073 , 0.0715,
       0.0705, 0.072 , 0.0705, 0.07  , 0.0745, 0.0755, 0.072 , 0.071 ,
       0.075 , 0.0745, 0.07  , 0.07  , 0.0735, 0.0745, 0.0715, 0.0715,
       0.0705, 0.073 , 0.072 , 0.071 , 0.07  , 0.071 , 0.07  , 0.0705,
       0.0735, 0.07  , 0.071 , 0.0705, 0.07  , 0.07  , 0.0705, 0.0715,
       0.07  , 0.073 , 0.071 , 0.071 , 0.0715, 0.07  , 0.07  , 0.07  ,
       0.07  , 0.07  , 0.07  , 0.07  ]), 'class_median_width_scaled': array([0.07 , 0.07 , 0.07 , 0.07 , 0.07 , 0.07 , 0.07 , 0.07 , 0.07 ,
       0.07 , 0.07 , 0.07 , 0.07 , 0.07 , 0.07 , 0.07 , 0.07 , 0.07 ,
       0.07 , 0.07 , 0.07 , 0.07 , 0.07 , 0.07 , 0.07 , 0.07 , 0.07 ,
       0.07 , 0.07 , 0.07 , 0.07 , 0.07 , 0.07 , 0.07 , 0.07 , 0.07 ,
       0.07 , 0.07 , 0.07 , 0.07 , 0.07 , 0.07 , 0.07 , 0.07 , 0.07 ,
       0.07 , 0.07 , 0.07 , 0.07 , 0.07 , 0.07 , 0.07 , 0.07 , 0.07 ,
       0.07 , 0.07 , 0.07 , 0.07 , 0.07 , 0.07 , 0.07 , 0.08 , 0.07 ,
       0.07 , 0.075, 0.07 , 0.07 , 0.07 , 0.07 , 0.07 , 0.07 , 0.07 ,
       0.07 , 0.07 , 0.07 , 0.07 , 0.07 , 0.07 , 0.07 , 0.07 , 0.07 ,
       0.07 , 0.07 , 0.07 , 0.07 , 0.07 , 0.07 , 0.07 , 0.07 , 0.07 ,
       0.07 , 0.07 , 0.07 , 0.07 , 0.07 , 0.07 , 0.07 , 0.07 , 0.07 ,
       0.07 ])}

pcs_oob full class metrics: {'class_coverage': array([0.85, 0.65, 0.85, 1.  , 1.  , 0.85, 1.  , 0.85, 0.85, 0.85, 0.95,
       1.  , 1.  , 0.9 , 0.8 , 0.9 , 0.85, 1.  , 0.9 , 1.  , 1.  , 0.8 ,
       0.95, 1.  , 1.  , 1.  , 1.  , 0.8 , 0.85, 0.95, 1.  , 0.95, 0.8 ,
       1.  , 0.95, 0.6 , 0.85, 0.6 , 0.75, 1.  , 1.  , 0.75, 0.7 , 1.  ,
       1.  , 1.  , 1.  , 1.  , 0.9 , 0.85, 0.8 , 0.95, 1.  , 0.95, 0.75,
       1.  , 0.5 , 0.85, 0.95, 1.  , 0.9 , 0.75, 1.  , 0.95, 0.9 , 0.75,
       1.  , 0.95, 0.8 , 0.45, 1.  , 1.  , 0.95, 0.95, 0.85, 0.9 , 1.  ,
       0.9 , 1.  , 0.9 , 0.9 , 0.95, 0.9 , 0.95, 0.9 , 0.9 , 0.9 , 1.  ,
       0.95, 0.75, 1.  , 0.95, 0.8 , 0.95, 1.  , 1.  , 0.95, 0.9 , 0.95,
       1.  ]), 'class_mean_width': array([7.05, 7.45, 7.1 , 7.  , 7.15, 7.1 , 7.05, 7.35, 7.35, 7.3 , 7.1 ,
       7.  , 7.  , 7.45, 7.3 , 7.15, 7.05, 7.  , 7.15, 7.05, 7.  , 7.05,
       7.  , 7.  , 7.1 , 7.05, 7.  , 7.1 , 7.2 , 7.  , 7.  , 7.2 , 7.1 ,
       7.05, 7.2 , 7.4 , 7.05, 7.25, 7.4 , 7.05, 7.  , 7.35, 7.2 , 7.  ,
       7.  , 7.  , 7.1 , 7.  , 7.15, 7.15, 7.05, 7.  , 7.  , 7.2 , 7.3 ,
       7.15, 7.05, 7.2 , 7.05, 7.  , 7.45, 7.55, 7.2 , 7.1 , 7.5 , 7.45,
       7.  , 7.  , 7.35, 7.45, 7.15, 7.15, 7.05, 7.3 , 7.2 , 7.1 , 7.  ,
       7.1 , 7.  , 7.05, 7.35, 7.  , 7.1 , 7.05, 7.  , 7.  , 7.05, 7.15,
       7.  , 7.3 , 7.1 , 7.1 , 7.15, 7.  , 7.  , 7.  , 7.  , 7.  , 7.  ,
       7.  ]), 'class_median_width': array([7. , 7. , 7. , 7. , 7. , 7. , 7. , 7. , 7. , 7. , 7. , 7. , 7. ,
       7. , 7. , 7. , 7. , 7. , 7. , 7. , 7. , 7. , 7. , 7. , 7. , 7. ,
       7. , 7. , 7. , 7. , 7. , 7. , 7. , 7. , 7. , 7. , 7. , 7. , 7. ,
       7. , 7. , 7. , 7. , 7. , 7. , 7. , 7. , 7. , 7. , 7. , 7. , 7. ,
       7. , 7. , 7. , 7. , 7. , 7. , 7. , 7. , 7. , 8. , 7. , 7. , 7.5,
       7. , 7. , 7. , 7. , 7. , 7. , 7. , 7. , 7. , 7. , 7. , 7. , 7. ,
       7. , 7. , 7. , 7. , 7. , 7. , 7. , 7. , 7. , 7. , 7. , 7. , 7. ,
       7. , 7. , 7. , 7. , 7. , 7. , 7. , 7. , 7. ]), 'class_mean_width_scaled': array([0.0705, 0.0745, 0.071 , 0.07  , 0.0715, 0.071 , 0.0705, 0.0735,
       0.0735, 0.073 , 0.071 , 0.07  , 0.07  , 0.0745, 0.073 , 0.0715,
       0.0705, 0.07  , 0.0715, 0.0705, 0.07  , 0.0705, 0.07  , 0.07  ,
       0.071 , 0.0705, 0.07  , 0.071 , 0.072 , 0.07  , 0.07  , 0.072 ,
       0.071 , 0.0705, 0.072 , 0.074 , 0.0705, 0.0725, 0.074 , 0.0705,
       0.07  , 0.0735, 0.072 , 0.07  , 0.07  , 0.07  , 0.071 , 0.07  ,
       0.0715, 0.0715, 0.0705, 0.07  , 0.07  , 0.072 , 0.073 , 0.0715,
       0.0705, 0.072 , 0.0705, 0.07  , 0.0745, 0.0755, 0.072 , 0.071 ,
       0.075 , 0.0745, 0.07  , 0.07  , 0.0735, 0.0745, 0.0715, 0.0715,
       0.0705, 0.073 , 0.072 , 0.071 , 0.07  , 0.071 , 0.07  , 0.0705,
       0.0735, 0.07  , 0.071 , 0.0705, 0.07  , 0.07  , 0.0705, 0.0715,
       0.07  , 0.073 , 0.071 , 0.071 , 0.0715, 0.07  , 0.07  , 0.07  ,
       0.07  , 0.07  , 0.07  , 0.07  ]), 'class_median_width_scaled': array([0.07 , 0.07 , 0.07 , 0.07 , 0.07 , 0.07 , 0.07 , 0.07 , 0.07 ,
       0.07 , 0.07 , 0.07 , 0.07 , 0.07 , 0.07 , 0.07 , 0.07 , 0.07 ,
       0.07 , 0.07 , 0.07 , 0.07 , 0.07 , 0.07 , 0.07 , 0.07 , 0.07 ,
       0.07 , 0.07 , 0.07 , 0.07 , 0.07 , 0.07 , 0.07 , 0.07 , 0.07 ,
       0.07 , 0.07 , 0.07 , 0.07 , 0.07 , 0.07 , 0.07 , 0.07 , 0.07 ,
       0.07 , 0.07 , 0.07 , 0.07 , 0.07 , 0.07 , 0.07 , 0.07 , 0.07 ,
       0.07 , 0.07 , 0.07 , 0.07 , 0.07 , 0.07 , 0.07 , 0.08 , 0.07 ,
       0.07 , 0.075, 0.07 , 0.07 , 0.07 , 0.07 , 0.07 , 0.07 , 0.07 ,
       0.07 , 0.07 , 0.07 , 0.07 , 0.07 , 0.07 , 0.07 , 0.07 , 0.07 ,
       0.07 , 0.07 , 0.07 , 0.07 , 0.07 , 0.07 , 0.07 , 0.07 , 0.07 ,
       0.07 , 0.07 , 0.07 , 0.07 , 0.07 , 0.07 , 0.07 , 0.07 , 0.07 ,
       0.07 ])}

Job completed at Thu Mar 20 06:04:44 PM PDT 2025
