Starting job at Wed Mar 19 06:27:48 PM PDT 2025
Job parameters:
Dataset: data_cover_type
UQ Method: split_conformal_lac
Estimator: AdaBoost
Seed: 778
Train Size: 0.8
Running split_conformal_lac on data_cover_type with seed 778 and train size 0.8

starting experiment

data created

Fitting split_conformal_lac_AdaBoost on data_cover_type with seed 778

split_conformal_lac_AdaBoost metrics: {'coverage': np.float64(0.8945), 'mean_width': np.float64(49.209), 'median_width': np.float64(44.0), 'mean_width_scaled': np.float64(0.49209), 'median_width_scaled': np.float64(0.44)}

split_conformal_lac_AdaBoost full metrics: {'coverage': np.float64(0.8945), 'mean_width': np.float64(49.209), 'median_width': np.float64(44.0), 'mean_width_scaled': np.float64(0.49209), 'median_width_scaled': np.float64(0.44)}

split_conformal_lac_AdaBoost class metrics: {'class_coverage': array([1.  , 1.  , 1.  , 1.  , 1.  , 1.  , 1.  , 1.  , 1.  , 1.  , 1.  ,
       0.25, 0.2 , 1.  , 1.  , 1.  , 1.  , 1.  , 0.7 , 0.1 , 1.  , 1.  ,
       1.  , 1.  , 1.  , 1.  , 0.  , 0.95, 0.85, 1.  , 1.  , 0.65, 0.55,
       1.  , 0.95, 1.  , 0.85, 0.7 , 0.75, 0.9 , 1.  , 0.8 , 0.8 , 1.  ,
       1.  , 1.  , 1.  , 1.  , 1.  , 0.95, 0.5 , 0.  , 1.  , 1.  , 1.  ,
       1.  , 1.  , 0.9 , 0.35, 0.  , 1.  , 1.  , 1.  , 1.  , 1.  , 1.  ,
       1.  , 1.  , 1.  , 1.  , 0.95, 1.  , 1.  , 1.  , 1.  , 1.  , 1.  ,
       1.  , 1.  , 1.  , 1.  , 1.  , 1.  , 1.  , 1.  , 1.  , 1.  , 1.  ,
       1.  , 0.9 , 1.  , 0.9 , 1.  , 1.  , 1.  , 1.  , 1.  , 1.  , 1.  ,
       0.  ]), 'class_mean_width': array([67.  , 65.85, 67.  , 67.  , 67.  , 67.  , 67.  , 67.  , 67.  ,
       67.  , 67.  ,  9.5 ,  8.2 , 52.05, 57.8 , 67.  , 67.  , 67.  ,
       14.  ,  7.1 , 67.  , 67.  , 67.  , 67.  , 67.  , 67.  ,  3.  ,
       34.65, 33.4 , 67.  , 67.  , 25.95, 25.05, 67.  , 45.15, 32.75,
       31.5 , 39.35, 30.  , 47.2 , 37.25, 43.3 , 39.3 , 44.  , 48.6 ,
       60.1 , 44.  , 44.  , 67.  , 27.7 , 16.  ,  3.  , 29.  , 67.  ,
       67.  , 67.  , 67.  , 26.4 , 12.1 ,  3.  , 47.45, 49.75, 67.  ,
       44.  , 45.15, 48.6 , 65.85, 44.  , 47.45, 55.5 , 65.85, 67.  ,
       44.  , 50.9 , 35.75, 41.  , 32.  , 35.  , 41.  , 39.5 , 34.25,
       40.25, 41.  , 67.  , 67.  , 67.  , 34.25, 42.5 , 43.25, 64.7 ,
       67.  , 64.7 , 67.  , 67.  , 67.  , 67.  , 67.  , 67.  , 67.  ,
        3.  ]), 'class_median_width': array([67. , 67. , 67. , 67. , 67. , 67. , 67. , 67. , 67. , 67. , 67. ,
        3. ,  3. , 44. , 67. , 67. , 67. , 67. ,  3. ,  3. , 67. , 67. ,
       67. , 67. , 67. , 67. ,  3. , 29. , 29. , 67. , 67. , 29. , 29. ,
       67. , 44. , 29. , 29. , 44. , 36.5, 67. , 44. , 44. , 44. , 44. ,
       44. , 67. , 44. , 44. , 67. , 29. , 16. ,  3. , 29. , 67. , 67. ,
       67. , 67. , 29. ,  3. ,  3. , 44. , 44. , 67. , 44. , 44. , 44. ,
       67. , 44. , 44. , 55.5, 67. , 67. , 44. , 44. , 29. , 44. , 29. ,
       29. , 44. , 44. , 29. , 44. , 44. , 67. , 67. , 67. , 29. , 44. ,
       44. , 67. , 67. , 67. , 67. , 67. , 67. , 67. , 67. , 67. , 67. ,
        3. ]), 'class_mean_width_scaled': array([0.67  , 0.6585, 0.67  , 0.67  , 0.67  , 0.67  , 0.67  , 0.67  ,
       0.67  , 0.67  , 0.67  , 0.095 , 0.082 , 0.5205, 0.578 , 0.67  ,
       0.67  , 0.67  , 0.14  , 0.071 , 0.67  , 0.67  , 0.67  , 0.67  ,
       0.67  , 0.67  , 0.03  , 0.3465, 0.334 , 0.67  , 0.67  , 0.2595,
       0.2505, 0.67  , 0.4515, 0.3275, 0.315 , 0.3935, 0.3   , 0.472 ,
       0.3725, 0.433 , 0.393 , 0.44  , 0.486 , 0.601 , 0.44  , 0.44  ,
       0.67  , 0.277 , 0.16  , 0.03  , 0.29  , 0.67  , 0.67  , 0.67  ,
       0.67  , 0.264 , 0.121 , 0.03  , 0.4745, 0.4975, 0.67  , 0.44  ,
       0.4515, 0.486 , 0.6585, 0.44  , 0.4745, 0.555 , 0.6585, 0.67  ,
       0.44  , 0.509 , 0.3575, 0.41  , 0.32  , 0.35  , 0.41  , 0.395 ,
       0.3425, 0.4025, 0.41  , 0.67  , 0.67  , 0.67  , 0.3425, 0.425 ,
       0.4325, 0.647 , 0.67  , 0.647 , 0.67  , 0.67  , 0.67  , 0.67  ,
       0.67  , 0.67  , 0.67  , 0.03  ]), 'class_median_width_scaled': array([0.67 , 0.67 , 0.67 , 0.67 , 0.67 , 0.67 , 0.67 , 0.67 , 0.67 ,
       0.67 , 0.67 , 0.03 , 0.03 , 0.44 , 0.67 , 0.67 , 0.67 , 0.67 ,
       0.03 , 0.03 , 0.67 , 0.67 , 0.67 , 0.67 , 0.67 , 0.67 , 0.03 ,
       0.29 , 0.29 , 0.67 , 0.67 , 0.29 , 0.29 , 0.67 , 0.44 , 0.29 ,
       0.29 , 0.44 , 0.365, 0.67 , 0.44 , 0.44 , 0.44 , 0.44 , 0.44 ,
       0.67 , 0.44 , 0.44 , 0.67 , 0.29 , 0.16 , 0.03 , 0.29 , 0.67 ,
       0.67 , 0.67 , 0.67 , 0.29 , 0.03 , 0.03 , 0.44 , 0.44 , 0.67 ,
       0.44 , 0.44 , 0.44 , 0.67 , 0.44 , 0.44 , 0.555, 0.67 , 0.67 ,
       0.44 , 0.44 , 0.29 , 0.44 , 0.29 , 0.29 , 0.44 , 0.44 , 0.29 ,
       0.44 , 0.44 , 0.67 , 0.67 , 0.67 , 0.29 , 0.44 , 0.44 , 0.67 ,
       0.67 , 0.67 , 0.67 , 0.67 , 0.67 , 0.67 , 0.67 , 0.67 , 0.67 ,
       0.03 ])}

split_conformal_lac_AdaBoost full class metrics: {'class_coverage': array([1.  , 1.  , 1.  , 1.  , 1.  , 1.  , 1.  , 1.  , 1.  , 1.  , 1.  ,
       0.25, 0.2 , 1.  , 1.  , 1.  , 1.  , 1.  , 0.7 , 0.1 , 1.  , 1.  ,
       1.  , 1.  , 1.  , 1.  , 0.  , 0.95, 0.85, 1.  , 1.  , 0.65, 0.55,
       1.  , 0.95, 1.  , 0.85, 0.7 , 0.75, 0.9 , 1.  , 0.8 , 0.8 , 1.  ,
       1.  , 1.  , 1.  , 1.  , 1.  , 0.95, 0.5 , 0.  , 1.  , 1.  , 1.  ,
       1.  , 1.  , 0.9 , 0.35, 0.  , 1.  , 1.  , 1.  , 1.  , 1.  , 1.  ,
       1.  , 1.  , 1.  , 1.  , 0.95, 1.  , 1.  , 1.  , 1.  , 1.  , 1.  ,
       1.  , 1.  , 1.  , 1.  , 1.  , 1.  , 1.  , 1.  , 1.  , 1.  , 1.  ,
       1.  , 0.9 , 1.  , 0.9 , 1.  , 1.  , 1.  , 1.  , 1.  , 1.  , 1.  ,
       0.  ]), 'class_mean_width': array([67.  , 65.85, 67.  , 67.  , 67.  , 67.  , 67.  , 67.  , 67.  ,
       67.  , 67.  ,  9.5 ,  8.2 , 52.05, 57.8 , 67.  , 67.  , 67.  ,
       14.  ,  7.1 , 67.  , 67.  , 67.  , 67.  , 67.  , 67.  ,  3.  ,
       34.65, 33.4 , 67.  , 67.  , 25.95, 25.05, 67.  , 45.15, 32.75,
       31.5 , 39.35, 30.  , 47.2 , 37.25, 43.3 , 39.3 , 44.  , 48.6 ,
       60.1 , 44.  , 44.  , 67.  , 27.7 , 16.  ,  3.  , 29.  , 67.  ,
       67.  , 67.  , 67.  , 26.4 , 12.1 ,  3.  , 47.45, 49.75, 67.  ,
       44.  , 45.15, 48.6 , 65.85, 44.  , 47.45, 55.5 , 65.85, 67.  ,
       44.  , 50.9 , 35.75, 41.  , 32.  , 35.  , 41.  , 39.5 , 34.25,
       40.25, 41.  , 67.  , 67.  , 67.  , 34.25, 42.5 , 43.25, 64.7 ,
       67.  , 64.7 , 67.  , 67.  , 67.  , 67.  , 67.  , 67.  , 67.  ,
        3.  ]), 'class_median_width': array([67. , 67. , 67. , 67. , 67. , 67. , 67. , 67. , 67. , 67. , 67. ,
        3. ,  3. , 44. , 67. , 67. , 67. , 67. ,  3. ,  3. , 67. , 67. ,
       67. , 67. , 67. , 67. ,  3. , 29. , 29. , 67. , 67. , 29. , 29. ,
       67. , 44. , 29. , 29. , 44. , 36.5, 67. , 44. , 44. , 44. , 44. ,
       44. , 67. , 44. , 44. , 67. , 29. , 16. ,  3. , 29. , 67. , 67. ,
       67. , 67. , 29. ,  3. ,  3. , 44. , 44. , 67. , 44. , 44. , 44. ,
       67. , 44. , 44. , 55.5, 67. , 67. , 44. , 44. , 29. , 44. , 29. ,
       29. , 44. , 44. , 29. , 44. , 44. , 67. , 67. , 67. , 29. , 44. ,
       44. , 67. , 67. , 67. , 67. , 67. , 67. , 67. , 67. , 67. , 67. ,
        3. ]), 'class_mean_width_scaled': array([0.67  , 0.6585, 0.67  , 0.67  , 0.67  , 0.67  , 0.67  , 0.67  ,
       0.67  , 0.67  , 0.67  , 0.095 , 0.082 , 0.5205, 0.578 , 0.67  ,
       0.67  , 0.67  , 0.14  , 0.071 , 0.67  , 0.67  , 0.67  , 0.67  ,
       0.67  , 0.67  , 0.03  , 0.3465, 0.334 , 0.67  , 0.67  , 0.2595,
       0.2505, 0.67  , 0.4515, 0.3275, 0.315 , 0.3935, 0.3   , 0.472 ,
       0.3725, 0.433 , 0.393 , 0.44  , 0.486 , 0.601 , 0.44  , 0.44  ,
       0.67  , 0.277 , 0.16  , 0.03  , 0.29  , 0.67  , 0.67  , 0.67  ,
       0.67  , 0.264 , 0.121 , 0.03  , 0.4745, 0.4975, 0.67  , 0.44  ,
       0.4515, 0.486 , 0.6585, 0.44  , 0.4745, 0.555 , 0.6585, 0.67  ,
       0.44  , 0.509 , 0.3575, 0.41  , 0.32  , 0.35  , 0.41  , 0.395 ,
       0.3425, 0.4025, 0.41  , 0.67  , 0.67  , 0.67  , 0.3425, 0.425 ,
       0.4325, 0.647 , 0.67  , 0.647 , 0.67  , 0.67  , 0.67  , 0.67  ,
       0.67  , 0.67  , 0.67  , 0.03  ]), 'class_median_width_scaled': array([0.67 , 0.67 , 0.67 , 0.67 , 0.67 , 0.67 , 0.67 , 0.67 , 0.67 ,
       0.67 , 0.67 , 0.03 , 0.03 , 0.44 , 0.67 , 0.67 , 0.67 , 0.67 ,
       0.03 , 0.03 , 0.67 , 0.67 , 0.67 , 0.67 , 0.67 , 0.67 , 0.03 ,
       0.29 , 0.29 , 0.67 , 0.67 , 0.29 , 0.29 , 0.67 , 0.44 , 0.29 ,
       0.29 , 0.44 , 0.365, 0.67 , 0.44 , 0.44 , 0.44 , 0.44 , 0.44 ,
       0.67 , 0.44 , 0.44 , 0.67 , 0.29 , 0.16 , 0.03 , 0.29 , 0.67 ,
       0.67 , 0.67 , 0.67 , 0.29 , 0.03 , 0.03 , 0.44 , 0.44 , 0.67 ,
       0.44 , 0.44 , 0.44 , 0.67 , 0.44 , 0.44 , 0.555, 0.67 , 0.67 ,
       0.44 , 0.44 , 0.29 , 0.44 , 0.29 , 0.29 , 0.44 , 0.44 , 0.29 ,
       0.44 , 0.44 , 0.67 , 0.67 , 0.67 , 0.29 , 0.44 , 0.44 , 0.67 ,
       0.67 , 0.67 , 0.67 , 0.67 , 0.67 , 0.67 , 0.67 , 0.67 , 0.67 ,
       0.03 ])}

Job completed at Wed Mar 19 06:27:54 PM PDT 2025
