Starting job at Wed Mar 19 08:22:09 PM PDT 2025
Job parameters:
Dataset: data_isolet
UQ Method: split_conformal_topk
Estimator: LogisticRegression
Seed: 783
Train Size: 0.8
Running split_conformal_topk on data_isolet with seed 783 and train size 0.8

starting experiment

data created

Fitting split_conformal_topk_LogisticRegression on data_isolet with seed 783

split_conformal_topk_LogisticRegression metrics: {'coverage': np.float64(0.9384615384615385), 'mean_width': np.float64(1.0), 'median_width': np.float64(1.0), 'mean_width_scaled': np.float64(0.038461538461538464), 'median_width_scaled': np.float64(0.038461538461538464)}

split_conformal_topk_LogisticRegression full metrics: {'coverage': np.float64(0.9384615384615385), 'mean_width': np.float64(1.0), 'median_width': np.float64(1.0), 'mean_width_scaled': np.float64(0.038461538461538464), 'median_width_scaled': np.float64(0.038461538461538464)}

split_conformal_topk_LogisticRegression class metrics: {'class_coverage': array([0.98333333, 0.98333333, 0.9       , 0.95      , 0.76666667,
       0.86666667, 0.98333333, 0.9       , 1.        , 0.96666667,
       0.96666667, 0.9       , 0.95      , 0.96666667, 0.81666667,
       0.91666667, 1.        , 0.98333333, 0.96666667, 1.        ,
       0.88333333, 0.91666667, 0.93333333, 0.9       , 1.        ,
       1.        ]), 'class_mean_width': array([1., 1., 1., 1., 1., 1., 1., 1., 1., 1., 1., 1., 1., 1., 1., 1., 1.,
       1., 1., 1., 1., 1., 1., 1., 1., 1.]), 'class_median_width': array([1., 1., 1., 1., 1., 1., 1., 1., 1., 1., 1., 1., 1., 1., 1., 1., 1.,
       1., 1., 1., 1., 1., 1., 1., 1., 1.]), 'class_mean_width_scaled': array([0.03846154, 0.03846154, 0.03846154, 0.03846154, 0.03846154,
       0.03846154, 0.03846154, 0.03846154, 0.03846154, 0.03846154,
       0.03846154, 0.03846154, 0.03846154, 0.03846154, 0.03846154,
       0.03846154, 0.03846154, 0.03846154, 0.03846154, 0.03846154,
       0.03846154, 0.03846154, 0.03846154, 0.03846154, 0.03846154,
       0.03846154]), 'class_median_width_scaled': array([0.03846154, 0.03846154, 0.03846154, 0.03846154, 0.03846154,
       0.03846154, 0.03846154, 0.03846154, 0.03846154, 0.03846154,
       0.03846154, 0.03846154, 0.03846154, 0.03846154, 0.03846154,
       0.03846154, 0.03846154, 0.03846154, 0.03846154, 0.03846154,
       0.03846154, 0.03846154, 0.03846154, 0.03846154, 0.03846154,
       0.03846154])}

split_conformal_topk_LogisticRegression full class metrics: {'class_coverage': array([0.98333333, 0.98333333, 0.9       , 0.95      , 0.76666667,
       0.86666667, 0.98333333, 0.9       , 1.        , 0.96666667,
       0.96666667, 0.9       , 0.95      , 0.96666667, 0.81666667,
       0.91666667, 1.        , 0.98333333, 0.96666667, 1.        ,
       0.88333333, 0.91666667, 0.93333333, 0.9       , 1.        ,
       1.        ]), 'class_mean_width': array([1., 1., 1., 1., 1., 1., 1., 1., 1., 1., 1., 1., 1., 1., 1., 1., 1.,
       1., 1., 1., 1., 1., 1., 1., 1., 1.]), 'class_median_width': array([1., 1., 1., 1., 1., 1., 1., 1., 1., 1., 1., 1., 1., 1., 1., 1., 1.,
       1., 1., 1., 1., 1., 1., 1., 1., 1.]), 'class_mean_width_scaled': array([0.03846154, 0.03846154, 0.03846154, 0.03846154, 0.03846154,
       0.03846154, 0.03846154, 0.03846154, 0.03846154, 0.03846154,
       0.03846154, 0.03846154, 0.03846154, 0.03846154, 0.03846154,
       0.03846154, 0.03846154, 0.03846154, 0.03846154, 0.03846154,
       0.03846154, 0.03846154, 0.03846154, 0.03846154, 0.03846154,
       0.03846154]), 'class_median_width_scaled': array([0.03846154, 0.03846154, 0.03846154, 0.03846154, 0.03846154,
       0.03846154, 0.03846154, 0.03846154, 0.03846154, 0.03846154,
       0.03846154, 0.03846154, 0.03846154, 0.03846154, 0.03846154,
       0.03846154, 0.03846154, 0.03846154, 0.03846154, 0.03846154,
       0.03846154, 0.03846154, 0.03846154, 0.03846154, 0.03846154,
       0.03846154])}

Job completed at Wed Mar 19 08:22:26 PM PDT 2025
