Starting job at Thu Mar 20 05:03:04 PM PDT 2025
Job parameters:
Dataset: data_language
UQ Method: split_conformal_aps
Estimator: LogisticRegression
Seed: 779
Train Size: 0.8
Running split_conformal_aps on data_language with seed 779 and train size 0.8

starting experiment

data created

Fitting split_conformal_aps_LogisticRegression on data_language with seed 779

split_conformal_aps_LogisticRegression metrics: {'coverage': np.float64(0.865), 'mean_width': np.float64(11.445), 'median_width': np.float64(11.0), 'mean_width_scaled': np.float64(0.3815), 'median_width_scaled': np.float64(0.36666666666666664)}

split_conformal_aps_LogisticRegression full metrics: {'coverage': np.float64(0.865), 'mean_width': np.float64(11.445), 'median_width': np.float64(11.0), 'mean_width_scaled': np.float64(0.3815), 'median_width_scaled': np.float64(0.36666666666666664)}

split_conformal_aps_LogisticRegression class metrics: {'class_coverage': array([0.66666667, 1.        , 1.        , 0.33333333, 0.71428571,
       0.8       , 1.        , 0.83333333, 0.75      , 1.        ,
       1.        , 1.        , 1.        , 1.        , 1.        ,
       1.        , 1.        , 1.        , 0.66666667, 0.42857143,
       0.9       , 1.        , 0.83333333, 0.9375    , 0.83333333,
       1.        , 0.        , 0.83333333, 0.83333333, 0.5       ]), 'class_mean_width': array([12.77777778, 14.2       , 13.        ,  9.        ,  9.85714286,
       12.        , 13.6       , 10.33333333,  9.875     , 12.83333333,
       13.        , 18.        ,  8.5       , 10.66666667, 12.5       ,
       12.44444444, 13.        , 16.        , 13.        , 12.        ,
       10.9       , 13.6       ,  7.83333333,  9.1875    ,  9.66666667,
       11.        , 12.        , 12.66666667,  9.        ,  7.        ]), 'class_median_width': array([14. , 13. , 12. , 11. , 11. , 12. , 14. , 10.5, 10. , 11. , 12. ,
       18. ,  8.5,  9. , 12.5, 14. , 12. , 16. , 12. , 13. , 11.5, 13. ,
        7. , 10. , 10. , 10. , 12. , 11.5,  9.5,  7. ]), 'class_mean_width_scaled': array([0.42592593, 0.47333333, 0.43333333, 0.3       , 0.32857143,
       0.4       , 0.45333333, 0.34444444, 0.32916667, 0.42777778,
       0.43333333, 0.6       , 0.28333333, 0.35555556, 0.41666667,
       0.41481481, 0.43333333, 0.53333333, 0.43333333, 0.4       ,
       0.36333333, 0.45333333, 0.26111111, 0.30625   , 0.32222222,
       0.36666667, 0.4       , 0.42222222, 0.3       , 0.23333333]), 'class_median_width_scaled': array([0.46666667, 0.43333333, 0.4       , 0.36666667, 0.36666667,
       0.4       , 0.46666667, 0.35      , 0.33333333, 0.36666667,
       0.4       , 0.6       , 0.28333333, 0.3       , 0.41666667,
       0.46666667, 0.4       , 0.53333333, 0.4       , 0.43333333,
       0.38333333, 0.43333333, 0.23333333, 0.33333333, 0.33333333,
       0.33333333, 0.4       , 0.38333333, 0.31666667, 0.23333333])}

split_conformal_aps_LogisticRegression full class metrics: {'class_coverage': array([0.66666667, 1.        , 1.        , 0.33333333, 0.71428571,
       0.8       , 1.        , 0.83333333, 0.75      , 1.        ,
       1.        , 1.        , 1.        , 1.        , 1.        ,
       1.        , 1.        , 1.        , 0.66666667, 0.42857143,
       0.9       , 1.        , 0.83333333, 0.9375    , 0.83333333,
       1.        , 0.        , 0.83333333, 0.83333333, 0.5       ]), 'class_mean_width': array([12.77777778, 14.2       , 13.        ,  9.        ,  9.85714286,
       12.        , 13.6       , 10.33333333,  9.875     , 12.83333333,
       13.        , 18.        ,  8.5       , 10.66666667, 12.5       ,
       12.44444444, 13.        , 16.        , 13.        , 12.        ,
       10.9       , 13.6       ,  7.83333333,  9.1875    ,  9.66666667,
       11.        , 12.        , 12.66666667,  9.        ,  7.        ]), 'class_median_width': array([14. , 13. , 12. , 11. , 11. , 12. , 14. , 10.5, 10. , 11. , 12. ,
       18. ,  8.5,  9. , 12.5, 14. , 12. , 16. , 12. , 13. , 11.5, 13. ,
        7. , 10. , 10. , 10. , 12. , 11.5,  9.5,  7. ]), 'class_mean_width_scaled': array([0.42592593, 0.47333333, 0.43333333, 0.3       , 0.32857143,
       0.4       , 0.45333333, 0.34444444, 0.32916667, 0.42777778,
       0.43333333, 0.6       , 0.28333333, 0.35555556, 0.41666667,
       0.41481481, 0.43333333, 0.53333333, 0.43333333, 0.4       ,
       0.36333333, 0.45333333, 0.26111111, 0.30625   , 0.32222222,
       0.36666667, 0.4       , 0.42222222, 0.3       , 0.23333333]), 'class_median_width_scaled': array([0.46666667, 0.43333333, 0.4       , 0.36666667, 0.36666667,
       0.4       , 0.46666667, 0.35      , 0.33333333, 0.36666667,
       0.4       , 0.6       , 0.28333333, 0.3       , 0.41666667,
       0.46666667, 0.4       , 0.53333333, 0.4       , 0.43333333,
       0.38333333, 0.43333333, 0.23333333, 0.33333333, 0.33333333,
       0.33333333, 0.4       , 0.38333333, 0.31666667, 0.23333333])}

Job completed at Thu Mar 20 05:03:07 PM PDT 2025
