Starting job at Wed Mar 19 06:29:20 PM PDT 2025
Job parameters:
Dataset: data_helena
UQ Method: split_conformal_lac
Estimator: XGBoost
Seed: 781
Train Size: 0.8
Running split_conformal_lac on data_helena with seed 781 and train size 0.8

starting experiment

data created

Fitting split_conformal_lac_XGBoost on data_helena with seed 781

split_conformal_lac_XGBoost metrics: {'coverage': np.float64(0.898159509202454), 'mean_width': np.float64(51.23957055214724), 'median_width': np.float64(58.0), 'mean_width_scaled': np.float64(0.5123957055214724), 'median_width_scaled': np.float64(0.58)}

split_conformal_lac_XGBoost full metrics: {'coverage': np.float64(0.898159509202454), 'mean_width': np.float64(51.23957055214724), 'median_width': np.float64(58.0), 'mean_width_scaled': np.float64(0.5123957055214724), 'median_width_scaled': np.float64(0.58)}

split_conformal_lac_XGBoost class metrics: {'class_coverage': array([0.90322581, 0.96551724, 0.95454545, 0.82291667, 0.82758621,
       0.8961039 , 0.765625  , 0.89814815, 0.86111111, 0.95022624,
       0.71111111, 0.61538462, 0.96428571, 0.80473373, 0.79032258,
       0.67307692, 0.83333333, 0.8       , 0.78472222, 0.89795918,
       0.78461538, 1.        , 0.88757396, 0.74509804, 0.9137931 ,
       0.97826087, 0.875     , 0.75      , 0.86956522, 0.84615385,
       0.81081081, 0.54411765, 0.90744921, 0.95238095, 0.84090909,
       0.92320534, 0.91666667, 0.5862069 , 0.84166667, 0.85714286,
       0.89552239, 0.84745763, 0.8974359 , 0.84242424, 0.83333333,
       0.7037037 , 0.76315789, 0.87341772, 0.77272727, 1.        ,
       1.        , 0.96084829, 0.95833333, 0.93871866, 0.78571429,
       0.95785441, 0.88127854, 0.85526316, 0.85714286, 0.86842105,
       0.86910995, 0.80147059, 0.94117647, 0.79545455, 0.87850467,
       0.82978723, 0.94482759, 0.86      , 0.83050847, 0.98461538,
       0.89380531, 0.83333333, 1.        , 0.95833333, 0.8440367 ,
       0.93442623, 0.98127341, 0.96470588, 0.89473684, 0.93023256,
       0.93939394, 0.93333333, 0.73913043, 0.85714286, 0.8496732 ,
       0.79775281, 0.87562189, 0.92722372, 0.94285714, 0.89375   ,
       0.76923077, 0.92783505, 0.92541436, 0.80487805, 0.83333333,
       0.96875   , 0.8907563 , 0.95068493, 0.80327869, 0.75903614]), 'class_mean_width': array([65.25806452, 64.56896552, 66.5       , 66.46875   , 57.54022989,
       54.24675325, 69.453125  , 63.22222222, 61.80555556, 30.66289593,
       58.37777778, 62.11538462, 68.78571429, 58.67455621, 59.9516129 ,
       64.26923077, 63.23529412, 61.22222222, 63.9375    , 51.12244898,
       60.84615385, 64.05660377, 47.60946746, 65.68627451, 50.95689655,
       61.41304348, 64.125     , 59.08333333, 64.82608696, 63.53846154,
       61.83783784, 62.41176471, 35.25507901, 50.55619048, 66.25      ,
       48.65609349, 63.30555556, 65.62068966, 64.69166667, 62.36507937,
       55.44776119, 53.53389831, 66.74358974, 66.22424242, 62.97619048,
       58.55555556, 65.92105263, 54.06329114, 63.25454545, 55.51724138,
       74.        , 57.05383361, 65.5       , 47.31476323, 64.88095238,
       48.75095785, 62.35616438, 60.88157895, 56.13186813, 63.78947368,
       60.31413613, 60.72794118, 67.97058824, 63.43181818, 57.69158879,
       52.55319149, 62.10574713, 55.36      , 65.42372881, 66.09230769,
       45.80530973, 47.33333333, 72.64285714, 64.04166667, 55.55963303,
       25.94535519, 12.99001248, 25.11764706, 68.21052632, 48.11627907,
       55.27272727, 45.42666667, 57.60869565, 61.57142857, 50.16993464,
       63.47191011, 58.90049751, 51.06469003, 63.68571429, 64.21875   ,
       59.96153846, 47.65979381, 57.71546961, 52.74390244, 61.13888889,
       69.34375   , 62.08403361, 56.20547945, 58.60655738, 63.62650602]), 'class_median_width': array([70. , 67. , 69.5, 68. , 61. , 56. , 70.5, 68. , 65. , 25. , 62. ,
       66. , 73. , 64. , 63.5, 66.5, 68. , 67. , 67. , 55. , 65. , 66. ,
       47. , 67. , 53.5, 64.5, 69.5, 64. , 70. , 66. , 66. , 62.5, 31. ,
       54. , 66.5, 56. , 66. , 71. , 67. , 65. , 56. , 58. , 71. , 70. ,
       67.5, 63.5, 70. , 54. , 66.5, 56. , 74. , 61. , 70.5, 52. , 67. ,
       51. , 65. , 64. , 61. , 68. , 63. , 64. , 71. , 66.5, 64. , 60. ,
       66. , 58. , 69. , 71. , 46. , 45.5, 74.5, 64.5, 59. , 19. ,  5. ,
       16. , 68.5, 52. , 58. , 43. , 64. , 64. , 53. , 65. , 63. , 55. ,
       65.5, 66.5, 64. , 51.5, 60. , 54. , 64. , 71. , 66. , 59. , 60. ,
       68. ]), 'class_mean_width_scaled': array([0.65258065, 0.64568966, 0.665     , 0.6646875 , 0.5754023 ,
       0.54246753, 0.69453125, 0.63222222, 0.61805556, 0.30662896,
       0.58377778, 0.62115385, 0.68785714, 0.58674556, 0.59951613,
       0.64269231, 0.63235294, 0.61222222, 0.639375  , 0.51122449,
       0.60846154, 0.64056604, 0.47609467, 0.65686275, 0.50956897,
       0.61413043, 0.64125   , 0.59083333, 0.64826087, 0.63538462,
       0.61837838, 0.62411765, 0.35255079, 0.5055619 , 0.6625    ,
       0.48656093, 0.63305556, 0.6562069 , 0.64691667, 0.62365079,
       0.55447761, 0.53533898, 0.6674359 , 0.66224242, 0.6297619 ,
       0.58555556, 0.65921053, 0.54063291, 0.63254545, 0.55517241,
       0.74      , 0.57053834, 0.655     , 0.47314763, 0.64880952,
       0.48750958, 0.62356164, 0.60881579, 0.56131868, 0.63789474,
       0.60314136, 0.60727941, 0.67970588, 0.63431818, 0.57691589,
       0.52553191, 0.62105747, 0.5536    , 0.65423729, 0.66092308,
       0.4580531 , 0.47333333, 0.72642857, 0.64041667, 0.55559633,
       0.25945355, 0.12990012, 0.25117647, 0.68210526, 0.48116279,
       0.55272727, 0.45426667, 0.57608696, 0.61571429, 0.50169935,
       0.6347191 , 0.58900498, 0.5106469 , 0.63685714, 0.6421875 ,
       0.59961538, 0.47659794, 0.5771547 , 0.52743902, 0.61138889,
       0.6934375 , 0.62084034, 0.56205479, 0.58606557, 0.63626506]), 'class_median_width_scaled': array([0.7  , 0.67 , 0.695, 0.68 , 0.61 , 0.56 , 0.705, 0.68 , 0.65 ,
       0.25 , 0.62 , 0.66 , 0.73 , 0.64 , 0.635, 0.665, 0.68 , 0.67 ,
       0.67 , 0.55 , 0.65 , 0.66 , 0.47 , 0.67 , 0.535, 0.645, 0.695,
       0.64 , 0.7  , 0.66 , 0.66 , 0.625, 0.31 , 0.54 , 0.665, 0.56 ,
       0.66 , 0.71 , 0.67 , 0.65 , 0.56 , 0.58 , 0.71 , 0.7  , 0.675,
       0.635, 0.7  , 0.54 , 0.665, 0.56 , 0.74 , 0.61 , 0.705, 0.52 ,
       0.67 , 0.51 , 0.65 , 0.64 , 0.61 , 0.68 , 0.63 , 0.64 , 0.71 ,
       0.665, 0.64 , 0.6  , 0.66 , 0.58 , 0.69 , 0.71 , 0.46 , 0.455,
       0.745, 0.645, 0.59 , 0.19 , 0.05 , 0.16 , 0.685, 0.52 , 0.58 ,
       0.43 , 0.64 , 0.64 , 0.53 , 0.65 , 0.63 , 0.55 , 0.655, 0.665,
       0.64 , 0.515, 0.6  , 0.54 , 0.64 , 0.71 , 0.66 , 0.59 , 0.6  ,
       0.68 ])}

split_conformal_lac_XGBoost full class metrics: {'class_coverage': array([0.90322581, 0.96551724, 0.95454545, 0.82291667, 0.82758621,
       0.8961039 , 0.765625  , 0.89814815, 0.86111111, 0.95022624,
       0.71111111, 0.61538462, 0.96428571, 0.80473373, 0.79032258,
       0.67307692, 0.83333333, 0.8       , 0.78472222, 0.89795918,
       0.78461538, 1.        , 0.88757396, 0.74509804, 0.9137931 ,
       0.97826087, 0.875     , 0.75      , 0.86956522, 0.84615385,
       0.81081081, 0.54411765, 0.90744921, 0.95238095, 0.84090909,
       0.92320534, 0.91666667, 0.5862069 , 0.84166667, 0.85714286,
       0.89552239, 0.84745763, 0.8974359 , 0.84242424, 0.83333333,
       0.7037037 , 0.76315789, 0.87341772, 0.77272727, 1.        ,
       1.        , 0.96084829, 0.95833333, 0.93871866, 0.78571429,
       0.95785441, 0.88127854, 0.85526316, 0.85714286, 0.86842105,
       0.86910995, 0.80147059, 0.94117647, 0.79545455, 0.87850467,
       0.82978723, 0.94482759, 0.86      , 0.83050847, 0.98461538,
       0.89380531, 0.83333333, 1.        , 0.95833333, 0.8440367 ,
       0.93442623, 0.98127341, 0.96470588, 0.89473684, 0.93023256,
       0.93939394, 0.93333333, 0.73913043, 0.85714286, 0.8496732 ,
       0.79775281, 0.87562189, 0.92722372, 0.94285714, 0.89375   ,
       0.76923077, 0.92783505, 0.92541436, 0.80487805, 0.83333333,
       0.96875   , 0.8907563 , 0.95068493, 0.80327869, 0.75903614]), 'class_mean_width': array([65.25806452, 64.56896552, 66.5       , 66.46875   , 57.54022989,
       54.24675325, 69.453125  , 63.22222222, 61.80555556, 30.66289593,
       58.37777778, 62.11538462, 68.78571429, 58.67455621, 59.9516129 ,
       64.26923077, 63.23529412, 61.22222222, 63.9375    , 51.12244898,
       60.84615385, 64.05660377, 47.60946746, 65.68627451, 50.95689655,
       61.41304348, 64.125     , 59.08333333, 64.82608696, 63.53846154,
       61.83783784, 62.41176471, 35.25507901, 50.55619048, 66.25      ,
       48.65609349, 63.30555556, 65.62068966, 64.69166667, 62.36507937,
       55.44776119, 53.53389831, 66.74358974, 66.22424242, 62.97619048,
       58.55555556, 65.92105263, 54.06329114, 63.25454545, 55.51724138,
       74.        , 57.05383361, 65.5       , 47.31476323, 64.88095238,
       48.75095785, 62.35616438, 60.88157895, 56.13186813, 63.78947368,
       60.31413613, 60.72794118, 67.97058824, 63.43181818, 57.69158879,
       52.55319149, 62.10574713, 55.36      , 65.42372881, 66.09230769,
       45.80530973, 47.33333333, 72.64285714, 64.04166667, 55.55963303,
       25.94535519, 12.99001248, 25.11764706, 68.21052632, 48.11627907,
       55.27272727, 45.42666667, 57.60869565, 61.57142857, 50.16993464,
       63.47191011, 58.90049751, 51.06469003, 63.68571429, 64.21875   ,
       59.96153846, 47.65979381, 57.71546961, 52.74390244, 61.13888889,
       69.34375   , 62.08403361, 56.20547945, 58.60655738, 63.62650602]), 'class_median_width': array([70. , 67. , 69.5, 68. , 61. , 56. , 70.5, 68. , 65. , 25. , 62. ,
       66. , 73. , 64. , 63.5, 66.5, 68. , 67. , 67. , 55. , 65. , 66. ,
       47. , 67. , 53.5, 64.5, 69.5, 64. , 70. , 66. , 66. , 62.5, 31. ,
       54. , 66.5, 56. , 66. , 71. , 67. , 65. , 56. , 58. , 71. , 70. ,
       67.5, 63.5, 70. , 54. , 66.5, 56. , 74. , 61. , 70.5, 52. , 67. ,
       51. , 65. , 64. , 61. , 68. , 63. , 64. , 71. , 66.5, 64. , 60. ,
       66. , 58. , 69. , 71. , 46. , 45.5, 74.5, 64.5, 59. , 19. ,  5. ,
       16. , 68.5, 52. , 58. , 43. , 64. , 64. , 53. , 65. , 63. , 55. ,
       65.5, 66.5, 64. , 51.5, 60. , 54. , 64. , 71. , 66. , 59. , 60. ,
       68. ]), 'class_mean_width_scaled': array([0.65258065, 0.64568966, 0.665     , 0.6646875 , 0.5754023 ,
       0.54246753, 0.69453125, 0.63222222, 0.61805556, 0.30662896,
       0.58377778, 0.62115385, 0.68785714, 0.58674556, 0.59951613,
       0.64269231, 0.63235294, 0.61222222, 0.639375  , 0.51122449,
       0.60846154, 0.64056604, 0.47609467, 0.65686275, 0.50956897,
       0.61413043, 0.64125   , 0.59083333, 0.64826087, 0.63538462,
       0.61837838, 0.62411765, 0.35255079, 0.5055619 , 0.6625    ,
       0.48656093, 0.63305556, 0.6562069 , 0.64691667, 0.62365079,
       0.55447761, 0.53533898, 0.6674359 , 0.66224242, 0.6297619 ,
       0.58555556, 0.65921053, 0.54063291, 0.63254545, 0.55517241,
       0.74      , 0.57053834, 0.655     , 0.47314763, 0.64880952,
       0.48750958, 0.62356164, 0.60881579, 0.56131868, 0.63789474,
       0.60314136, 0.60727941, 0.67970588, 0.63431818, 0.57691589,
       0.52553191, 0.62105747, 0.5536    , 0.65423729, 0.66092308,
       0.4580531 , 0.47333333, 0.72642857, 0.64041667, 0.55559633,
       0.25945355, 0.12990012, 0.25117647, 0.68210526, 0.48116279,
       0.55272727, 0.45426667, 0.57608696, 0.61571429, 0.50169935,
       0.6347191 , 0.58900498, 0.5106469 , 0.63685714, 0.6421875 ,
       0.59961538, 0.47659794, 0.5771547 , 0.52743902, 0.61138889,
       0.6934375 , 0.62084034, 0.56205479, 0.58606557, 0.63626506]), 'class_median_width_scaled': array([0.7  , 0.67 , 0.695, 0.68 , 0.61 , 0.56 , 0.705, 0.68 , 0.65 ,
       0.25 , 0.62 , 0.66 , 0.73 , 0.64 , 0.635, 0.665, 0.68 , 0.67 ,
       0.67 , 0.55 , 0.65 , 0.66 , 0.47 , 0.67 , 0.535, 0.645, 0.695,
       0.64 , 0.7  , 0.66 , 0.66 , 0.625, 0.31 , 0.54 , 0.665, 0.56 ,
       0.66 , 0.71 , 0.67 , 0.65 , 0.56 , 0.58 , 0.71 , 0.7  , 0.675,
       0.635, 0.7  , 0.54 , 0.665, 0.56 , 0.74 , 0.61 , 0.705, 0.52 ,
       0.67 , 0.51 , 0.65 , 0.64 , 0.61 , 0.68 , 0.63 , 0.64 , 0.71 ,
       0.665, 0.64 , 0.6  , 0.66 , 0.58 , 0.69 , 0.71 , 0.46 , 0.455,
       0.745, 0.645, 0.59 , 0.19 , 0.05 , 0.16 , 0.685, 0.52 , 0.58 ,
       0.43 , 0.64 , 0.64 , 0.53 , 0.65 , 0.63 , 0.55 , 0.655, 0.665,
       0.64 , 0.515, 0.6  , 0.54 , 0.64 , 0.71 , 0.66 , 0.59 , 0.6  ,
       0.68 ])}

Job completed at Wed Mar 19 06:29:33 PM PDT 2025
