Starting job at Wed Mar 19 06:27:39 PM PDT 2025
Job parameters:
Dataset: data_chess
UQ Method: split_conformal_lac
Estimator: XGBoost
Seed: 783
Train Size: 0.8
Running split_conformal_lac on data_chess with seed 783 and train size 0.8

starting experiment

data created

Fitting split_conformal_lac_XGBoost on data_chess with seed 783

split_conformal_lac_XGBoost metrics: {'coverage': np.float64(0.9116179615110478), 'mean_width': np.float64(4.440128296507484), 'median_width': np.float64(4.0), 'mean_width_scaled': np.float64(0.24667379425041577), 'median_width_scaled': np.float64(0.2222222222222222)}

split_conformal_lac_XGBoost full metrics: {'coverage': np.float64(0.9116179615110478), 'mean_width': np.float64(4.440128296507484), 'median_width': np.float64(4.0), 'mean_width_scaled': np.float64(0.24667379425041577), 'median_width_scaled': np.float64(0.2222222222222222)}

split_conformal_lac_XGBoost class metrics: {'class_coverage': array([0.97137746, 0.82926829, 0.91768827, 0.95381062, 0.77659574,
       0.75      , 0.97365532, 0.78654971, 0.1875    , 0.86861314,
       0.78813559, 0.80769231, 0.86901763, 0.94517282, 0.3125    ,
       0.95694444, 0.59183673, 0.        ]), 'class_mean_width': array([3.70304114, 5.04181185, 4.70052539, 3.56812933, 6.24468085,
       6.825     , 3.92755214, 4.88888889, 5.6875    , 5.68613139,
       5.61864407, 3.65384615, 4.8790932 , 4.2920143 , 6.25      ,
       4.58333333, 5.63265306, 6.        ]), 'class_median_width': array([4., 5., 5., 3., 6., 7., 4., 5., 6., 6., 6., 3., 5., 4., 6., 5., 6.,
       6.]), 'class_mean_width_scaled': array([0.20572451, 0.28010066, 0.2611403 , 0.19822941, 0.34692671,
       0.37916667, 0.21819734, 0.27160494, 0.31597222, 0.31589619,
       0.31214689, 0.20299145, 0.27106073, 0.23844524, 0.34722222,
       0.25462963, 0.31292517, 0.33333333]), 'class_median_width_scaled': array([0.22222222, 0.27777778, 0.27777778, 0.16666667, 0.33333333,
       0.38888889, 0.22222222, 0.27777778, 0.33333333, 0.33333333,
       0.33333333, 0.16666667, 0.27777778, 0.22222222, 0.33333333,
       0.27777778, 0.33333333, 0.33333333])}

split_conformal_lac_XGBoost full class metrics: {'class_coverage': array([0.97137746, 0.82926829, 0.91768827, 0.95381062, 0.77659574,
       0.75      , 0.97365532, 0.78654971, 0.1875    , 0.86861314,
       0.78813559, 0.80769231, 0.86901763, 0.94517282, 0.3125    ,
       0.95694444, 0.59183673, 0.        ]), 'class_mean_width': array([3.70304114, 5.04181185, 4.70052539, 3.56812933, 6.24468085,
       6.825     , 3.92755214, 4.88888889, 5.6875    , 5.68613139,
       5.61864407, 3.65384615, 4.8790932 , 4.2920143 , 6.25      ,
       4.58333333, 5.63265306, 6.        ]), 'class_median_width': array([4., 5., 5., 3., 6., 7., 4., 5., 6., 6., 6., 3., 5., 4., 6., 5., 6.,
       6.]), 'class_mean_width_scaled': array([0.20572451, 0.28010066, 0.2611403 , 0.19822941, 0.34692671,
       0.37916667, 0.21819734, 0.27160494, 0.31597222, 0.31589619,
       0.31214689, 0.20299145, 0.27106073, 0.23844524, 0.34722222,
       0.25462963, 0.31292517, 0.33333333]), 'class_median_width_scaled': array([0.22222222, 0.27777778, 0.27777778, 0.16666667, 0.33333333,
       0.38888889, 0.22222222, 0.27777778, 0.33333333, 0.33333333,
       0.33333333, 0.16666667, 0.27777778, 0.22222222, 0.33333333,
       0.27777778, 0.33333333, 0.33333333])}

Job completed at Wed Mar 19 06:27:42 PM PDT 2025
