Starting job at Wed Mar 19 06:27:25 PM PDT 2025
Job parameters:
Dataset: data_chess
UQ Method: split_conformal_lac
Estimator: XGBoost
Seed: 777
Train Size: 0.8
Running split_conformal_lac on data_chess with seed 777 and train size 0.8

starting experiment

data created

Fitting split_conformal_lac_XGBoost on data_chess with seed 777

split_conformal_lac_XGBoost metrics: {'coverage': np.float64(0.8961154668567356), 'mean_width': np.float64(4.320741268709908), 'median_width': np.float64(4.0), 'mean_width_scaled': np.float64(0.24004118159499488), 'median_width_scaled': np.float64(0.2222222222222222)}

split_conformal_lac_XGBoost full metrics: {'coverage': np.float64(0.8961154668567356), 'mean_width': np.float64(4.320741268709908), 'median_width': np.float64(4.0), 'mean_width_scaled': np.float64(0.24004118159499488), 'median_width_scaled': np.float64(0.2222222222222222)}

split_conformal_lac_XGBoost class metrics: {'class_coverage': array([0.99105546, 0.79442509, 0.92119089, 0.95381062, 0.71276596,
       0.4       , 0.96267838, 0.80994152, 0.0625    , 0.57664234,
       0.80508475, 0.58974359, 0.83627204, 0.95828367, 0.0625    ,
       0.94027778, 0.73469388, 0.        ]), 'class_mean_width': array([3.68515206, 4.83623693, 4.76357268, 3.61431871, 5.23404255,
       5.75      , 3.80241493, 4.69883041, 5.25      , 5.33576642,
       5.27118644, 3.1025641 , 4.9395466 , 4.12991657, 5.25      ,
       4.48611111, 5.63265306, 5.4       ]), 'class_median_width': array([3., 5., 5., 4., 5., 6., 4., 5., 5., 5., 5., 3., 5., 4., 5., 5., 6.,
       5.]), 'class_mean_width_scaled': array([0.20473067, 0.26867983, 0.26464293, 0.20079548, 0.29078014,
       0.31944444, 0.21124527, 0.26104613, 0.29166667, 0.29643147,
       0.29284369, 0.17236467, 0.27441926, 0.22943981, 0.29166667,
       0.2492284 , 0.31292517, 0.3       ]), 'class_median_width_scaled': array([0.16666667, 0.27777778, 0.27777778, 0.22222222, 0.27777778,
       0.33333333, 0.22222222, 0.27777778, 0.27777778, 0.27777778,
       0.27777778, 0.16666667, 0.27777778, 0.22222222, 0.27777778,
       0.27777778, 0.33333333, 0.27777778])}

split_conformal_lac_XGBoost full class metrics: {'class_coverage': array([0.99105546, 0.79442509, 0.92119089, 0.95381062, 0.71276596,
       0.4       , 0.96267838, 0.80994152, 0.0625    , 0.57664234,
       0.80508475, 0.58974359, 0.83627204, 0.95828367, 0.0625    ,
       0.94027778, 0.73469388, 0.        ]), 'class_mean_width': array([3.68515206, 4.83623693, 4.76357268, 3.61431871, 5.23404255,
       5.75      , 3.80241493, 4.69883041, 5.25      , 5.33576642,
       5.27118644, 3.1025641 , 4.9395466 , 4.12991657, 5.25      ,
       4.48611111, 5.63265306, 5.4       ]), 'class_median_width': array([3., 5., 5., 4., 5., 6., 4., 5., 5., 5., 5., 3., 5., 4., 5., 5., 6.,
       5.]), 'class_mean_width_scaled': array([0.20473067, 0.26867983, 0.26464293, 0.20079548, 0.29078014,
       0.31944444, 0.21124527, 0.26104613, 0.29166667, 0.29643147,
       0.29284369, 0.17236467, 0.27441926, 0.22943981, 0.29166667,
       0.2492284 , 0.31292517, 0.3       ]), 'class_median_width_scaled': array([0.16666667, 0.27777778, 0.27777778, 0.22222222, 0.27777778,
       0.33333333, 0.22222222, 0.27777778, 0.27777778, 0.27777778,
       0.27777778, 0.16666667, 0.27777778, 0.22222222, 0.27777778,
       0.27777778, 0.33333333, 0.27777778])}

Job completed at Wed Mar 19 06:27:31 PM PDT 2025
