Starting job at Wed Mar 19 06:27:33 PM PDT 2025
Job parameters:
Dataset: data_chess
UQ Method: split_conformal_lac
Estimator: XGBoost
Seed: 779
Train Size: 0.8
Running split_conformal_lac on data_chess with seed 779 and train size 0.8

starting experiment

data created

Fitting split_conformal_lac_XGBoost on data_chess with seed 779

split_conformal_lac_XGBoost metrics: {'coverage': np.float64(0.8900570206699929), 'mean_width': np.float64(4.169992872416251), 'median_width': np.float64(4.0), 'mean_width_scaled': np.float64(0.23166627068979173), 'median_width_scaled': np.float64(0.2222222222222222)}

split_conformal_lac_XGBoost full metrics: {'coverage': np.float64(0.8900570206699929), 'mean_width': np.float64(4.169992872416251), 'median_width': np.float64(4.0), 'mean_width_scaled': np.float64(0.23166627068979173), 'median_width_scaled': np.float64(0.2222222222222222)}

split_conformal_lac_XGBoost class metrics: {'class_coverage': array([0.97495528, 0.87456446, 0.84238179, 0.8891455 , 0.84042553,
       0.425     , 0.97255763, 0.83040936, 0.        , 0.72262774,
       0.69491525, 0.58974359, 0.84634761, 0.95351609, 0.        ,
       0.92222222, 0.81632653, 0.        ]), 'class_mean_width': array([3.7137746 , 4.77351916, 4.56567426, 3.09930716, 5.26595745,
       5.775     , 3.60702525, 4.73099415, 5.125     , 5.13868613,
       5.52542373, 3.12820513, 4.58942065, 3.98212157, 5.3125    ,
       4.38472222, 5.34693878, 5.6       ]), 'class_median_width': array([4. , 5. , 4. , 3. , 5. , 6. , 4. , 5. , 5.5, 5. , 5.5, 3. , 4. ,
       4. , 5.5, 4. , 5. , 6. ]), 'class_mean_width_scaled': array([0.20632081, 0.26519551, 0.25364857, 0.17218373, 0.29255319,
       0.32083333, 0.20039029, 0.26283301, 0.28472222, 0.28548256,
       0.30696798, 0.17378917, 0.25496781, 0.22122898, 0.29513889,
       0.24359568, 0.29705215, 0.31111111]), 'class_median_width_scaled': array([0.22222222, 0.27777778, 0.22222222, 0.16666667, 0.27777778,
       0.33333333, 0.22222222, 0.27777778, 0.30555556, 0.27777778,
       0.30555556, 0.16666667, 0.22222222, 0.22222222, 0.30555556,
       0.22222222, 0.27777778, 0.33333333])}

split_conformal_lac_XGBoost full class metrics: {'class_coverage': array([0.97495528, 0.87456446, 0.84238179, 0.8891455 , 0.84042553,
       0.425     , 0.97255763, 0.83040936, 0.        , 0.72262774,
       0.69491525, 0.58974359, 0.84634761, 0.95351609, 0.        ,
       0.92222222, 0.81632653, 0.        ]), 'class_mean_width': array([3.7137746 , 4.77351916, 4.56567426, 3.09930716, 5.26595745,
       5.775     , 3.60702525, 4.73099415, 5.125     , 5.13868613,
       5.52542373, 3.12820513, 4.58942065, 3.98212157, 5.3125    ,
       4.38472222, 5.34693878, 5.6       ]), 'class_median_width': array([4. , 5. , 4. , 3. , 5. , 6. , 4. , 5. , 5.5, 5. , 5.5, 3. , 4. ,
       4. , 5.5, 4. , 5. , 6. ]), 'class_mean_width_scaled': array([0.20632081, 0.26519551, 0.25364857, 0.17218373, 0.29255319,
       0.32083333, 0.20039029, 0.26283301, 0.28472222, 0.28548256,
       0.30696798, 0.17378917, 0.25496781, 0.22122898, 0.29513889,
       0.24359568, 0.29705215, 0.31111111]), 'class_median_width_scaled': array([0.22222222, 0.27777778, 0.22222222, 0.16666667, 0.27777778,
       0.33333333, 0.22222222, 0.27777778, 0.30555556, 0.27777778,
       0.30555556, 0.16666667, 0.22222222, 0.22222222, 0.30555556,
       0.22222222, 0.27777778, 0.33333333])}

Job completed at Wed Mar 19 06:28:07 PM PDT 2025
