Starting job at Wed Mar 19 06:29:45 PM PDT 2025
Job parameters:
Dataset: data_isolet
UQ Method: split_conformal_lac
Estimator: XGBoost
Seed: 778
Train Size: 0.8
Running split_conformal_lac on data_isolet with seed 778 and train size 0.8

starting experiment

data created

Fitting split_conformal_lac_XGBoost on data_isolet with seed 778

split_conformal_lac_XGBoost metrics: {'coverage': np.float64(0.9416666666666667), 'mean_width': np.float64(2.1378205128205128), 'median_width': np.float64(1.0), 'mean_width_scaled': np.float64(0.08222386587771204), 'median_width_scaled': np.float64(0.038461538461538464)}

split_conformal_lac_XGBoost full metrics: {'coverage': np.float64(0.9416666666666667), 'mean_width': np.float64(2.1378205128205128), 'median_width': np.float64(1.0), 'mean_width_scaled': np.float64(0.08222386587771204), 'median_width_scaled': np.float64(0.038461538461538464)}

split_conformal_lac_XGBoost class metrics: {'class_coverage': array([0.98333333, 0.93333333, 0.96666667, 1.        , 0.83333333,
       0.96666667, 0.98333333, 0.93333333, 0.96666667, 0.98333333,
       0.98333333, 0.88333333, 0.91666667, 0.96666667, 0.86666667,
       0.93333333, 1.        , 1.        , 0.95      , 0.98333333,
       0.85      , 0.88333333, 0.91666667, 0.85      , 1.        ,
       0.95      ]), 'class_mean_width': array([1.83333333, 1.        , 2.25      , 3.08333333, 1.41666667,
       1.83333333, 1.83333333, 3.5       , 1.83333333, 1.83333333,
       1.        , 3.5       , 2.66666667, 1.83333333, 4.33333333,
       2.25      , 1.41666667, 1.41666667, 1.        , 1.41666667,
       2.25      , 3.91666667, 1.83333333, 3.08333333, 1.83333333,
       1.41666667]), 'class_median_width': array([1., 1., 1., 1., 1., 1., 1., 1., 1., 1., 1., 1., 1., 1., 1., 1., 1.,
       1., 1., 1., 1., 1., 1., 1., 1., 1.]), 'class_mean_width_scaled': array([0.07051282, 0.03846154, 0.08653846, 0.11858974, 0.05448718,
       0.07051282, 0.07051282, 0.13461538, 0.07051282, 0.07051282,
       0.03846154, 0.13461538, 0.1025641 , 0.07051282, 0.16666667,
       0.08653846, 0.05448718, 0.05448718, 0.03846154, 0.05448718,
       0.08653846, 0.15064103, 0.07051282, 0.11858974, 0.07051282,
       0.05448718]), 'class_median_width_scaled': array([0.03846154, 0.03846154, 0.03846154, 0.03846154, 0.03846154,
       0.03846154, 0.03846154, 0.03846154, 0.03846154, 0.03846154,
       0.03846154, 0.03846154, 0.03846154, 0.03846154, 0.03846154,
       0.03846154, 0.03846154, 0.03846154, 0.03846154, 0.03846154,
       0.03846154, 0.03846154, 0.03846154, 0.03846154, 0.03846154,
       0.03846154])}

split_conformal_lac_XGBoost full class metrics: {'class_coverage': array([0.98333333, 0.93333333, 0.96666667, 1.        , 0.83333333,
       0.96666667, 0.98333333, 0.93333333, 0.96666667, 0.98333333,
       0.98333333, 0.88333333, 0.91666667, 0.96666667, 0.86666667,
       0.93333333, 1.        , 1.        , 0.95      , 0.98333333,
       0.85      , 0.88333333, 0.91666667, 0.85      , 1.        ,
       0.95      ]), 'class_mean_width': array([1.83333333, 1.        , 2.25      , 3.08333333, 1.41666667,
       1.83333333, 1.83333333, 3.5       , 1.83333333, 1.83333333,
       1.        , 3.5       , 2.66666667, 1.83333333, 4.33333333,
       2.25      , 1.41666667, 1.41666667, 1.        , 1.41666667,
       2.25      , 3.91666667, 1.83333333, 3.08333333, 1.83333333,
       1.41666667]), 'class_median_width': array([1., 1., 1., 1., 1., 1., 1., 1., 1., 1., 1., 1., 1., 1., 1., 1., 1.,
       1., 1., 1., 1., 1., 1., 1., 1., 1.]), 'class_mean_width_scaled': array([0.07051282, 0.03846154, 0.08653846, 0.11858974, 0.05448718,
       0.07051282, 0.07051282, 0.13461538, 0.07051282, 0.07051282,
       0.03846154, 0.13461538, 0.1025641 , 0.07051282, 0.16666667,
       0.08653846, 0.05448718, 0.05448718, 0.03846154, 0.05448718,
       0.08653846, 0.15064103, 0.07051282, 0.11858974, 0.07051282,
       0.05448718]), 'class_median_width_scaled': array([0.03846154, 0.03846154, 0.03846154, 0.03846154, 0.03846154,
       0.03846154, 0.03846154, 0.03846154, 0.03846154, 0.03846154,
       0.03846154, 0.03846154, 0.03846154, 0.03846154, 0.03846154,
       0.03846154, 0.03846154, 0.03846154, 0.03846154, 0.03846154,
       0.03846154, 0.03846154, 0.03846154, 0.03846154, 0.03846154,
       0.03846154])}

Job completed at Wed Mar 19 06:30:02 PM PDT 2025
