Starting job at Wed Mar 19 06:21:54 PM PDT 2025
Job parameters:
Dataset: data_walking
UQ Method: split_conformal_aps
Estimator: AdaBoost
Seed: 780
Train Size: 0.8
Running split_conformal_aps on data_walking with seed 780 and train size 0.8

starting experiment

data created

Fitting split_conformal_aps_AdaBoost on data_walking with seed 780

split_conformal_aps_AdaBoost metrics: {'coverage': np.float64(0.9071666666666667), 'mean_width': np.float64(10.736666666666666), 'median_width': np.float64(13.0), 'mean_width_scaled': np.float64(0.48803030303030304), 'median_width_scaled': np.float64(0.5909090909090909)}

split_conformal_aps_AdaBoost full metrics: {'coverage': np.float64(0.9071666666666667), 'mean_width': np.float64(10.736666666666666), 'median_width': np.float64(13.0), 'mean_width_scaled': np.float64(0.48803030303030304), 'median_width_scaled': np.float64(0.5909090909090909)}

split_conformal_aps_AdaBoost class metrics: {'class_coverage': array([0.59677419, 0.93333333, 0.82828283, 1.        , 0.95333333,
       0.61151079, 0.98442368, 0.94300518, 0.866171  , 0.86956522,
       0.84353741, 0.97297297, 0.79710145, 0.989819  , 0.99520384,
       0.93137255, 0.84875184, 0.91935484, 0.73076923, 0.95512821,
       0.95652174, 0.99285714]), 'class_mean_width': array([14.21774194, 10.77777778, 13.87878788, 13.45575221, 14.00666667,
       13.96402878, 12.16199377, 12.97927461, 12.53159851,  9.60041408,
       14.17006803, 12.37837838, 15.23188406,  7.60633484,  7.73141487,
       13.14215686,  8.90748899, 14.66935484, 10.96153846, 14.23717949,
       15.43478261, 12.1       ]), 'class_median_width': array([14., 11., 13., 13., 14., 14., 13., 13., 13.,  8., 14., 12., 16.,
        6.,  6., 13.,  7., 15., 13., 14., 16., 13.]), 'class_mean_width_scaled': array([0.646261  , 0.48989899, 0.63085399, 0.6116251 , 0.63666667,
       0.63472858, 0.5528179 , 0.58996703, 0.56961811, 0.43638246,
       0.644094  , 0.56265356, 0.69235837, 0.34574249, 0.35142795,
       0.59737077, 0.40488586, 0.66678886, 0.49825175, 0.64714452,
       0.70158103, 0.55      ]), 'class_median_width_scaled': array([0.63636364, 0.5       , 0.59090909, 0.59090909, 0.63636364,
       0.63636364, 0.59090909, 0.59090909, 0.59090909, 0.36363636,
       0.63636364, 0.54545455, 0.72727273, 0.27272727, 0.27272727,
       0.59090909, 0.31818182, 0.68181818, 0.59090909, 0.63636364,
       0.72727273, 0.59090909])}

split_conformal_aps_AdaBoost full class metrics: {'class_coverage': array([0.59677419, 0.93333333, 0.82828283, 1.        , 0.95333333,
       0.61151079, 0.98442368, 0.94300518, 0.866171  , 0.86956522,
       0.84353741, 0.97297297, 0.79710145, 0.989819  , 0.99520384,
       0.93137255, 0.84875184, 0.91935484, 0.73076923, 0.95512821,
       0.95652174, 0.99285714]), 'class_mean_width': array([14.21774194, 10.77777778, 13.87878788, 13.45575221, 14.00666667,
       13.96402878, 12.16199377, 12.97927461, 12.53159851,  9.60041408,
       14.17006803, 12.37837838, 15.23188406,  7.60633484,  7.73141487,
       13.14215686,  8.90748899, 14.66935484, 10.96153846, 14.23717949,
       15.43478261, 12.1       ]), 'class_median_width': array([14., 11., 13., 13., 14., 14., 13., 13., 13.,  8., 14., 12., 16.,
        6.,  6., 13.,  7., 15., 13., 14., 16., 13.]), 'class_mean_width_scaled': array([0.646261  , 0.48989899, 0.63085399, 0.6116251 , 0.63666667,
       0.63472858, 0.5528179 , 0.58996703, 0.56961811, 0.43638246,
       0.644094  , 0.56265356, 0.69235837, 0.34574249, 0.35142795,
       0.59737077, 0.40488586, 0.66678886, 0.49825175, 0.64714452,
       0.70158103, 0.55      ]), 'class_median_width_scaled': array([0.63636364, 0.5       , 0.59090909, 0.59090909, 0.63636364,
       0.63636364, 0.59090909, 0.59090909, 0.59090909, 0.36363636,
       0.63636364, 0.54545455, 0.72727273, 0.27272727, 0.27272727,
       0.59090909, 0.31818182, 0.68181818, 0.59090909, 0.63636364,
       0.72727273, 0.59090909])}

Job completed at Wed Mar 19 06:21:56 PM PDT 2025
