Starting job at Wed Mar 19 06:24:47 PM PDT 2025
Job parameters:
Dataset: data_cover_type
UQ Method: split_conformal_naive
Estimator: ExtraTrees
Seed: 781
Train Size: 0.8
Running split_conformal_naive on data_cover_type with seed 781 and train size 0.8

starting experiment

data created

Fitting split_conformal_naive_ExtraTrees on data_cover_type with seed 781

split_conformal_naive_ExtraTrees metrics: {'coverage': np.float64(0.9215), 'mean_width': np.float64(12.671), 'median_width': np.float64(11.0), 'mean_width_scaled': np.float64(0.12671), 'median_width_scaled': np.float64(0.11)}

split_conformal_naive_ExtraTrees full metrics: {'coverage': np.float64(0.9215), 'mean_width': np.float64(12.671), 'median_width': np.float64(11.0), 'mean_width_scaled': np.float64(0.12671), 'median_width_scaled': np.float64(0.11)}

split_conformal_naive_ExtraTrees class metrics: {'class_coverage': array([0.9 , 0.75, 0.75, 1.  , 1.  , 0.9 , 1.  , 0.95, 0.95, 0.95, 0.9 ,
       1.  , 1.  , 1.  , 0.9 , 1.  , 1.  , 1.  , 0.95, 1.  , 0.85, 1.  ,
       0.95, 1.  , 0.9 , 0.9 , 1.  , 0.95, 0.8 , 1.  , 1.  , 0.95, 0.8 ,
       1.  , 1.  , 0.8 , 0.85, 0.8 , 0.7 , 1.  , 0.95, 0.8 , 0.7 , 1.  ,
       1.  , 0.95, 1.  , 1.  , 1.  , 0.9 , 1.  , 1.  , 1.  , 0.75, 0.9 ,
       1.  , 0.75, 0.85, 0.9 , 1.  , 0.95, 0.75, 1.  , 1.  , 0.8 , 0.7 ,
       0.95, 1.  , 0.65, 0.75, 0.95, 1.  , 0.85, 1.  , 0.95, 0.9 , 1.  ,
       0.85, 1.  , 0.9 , 0.75, 0.9 , 0.95, 0.9 , 0.9 , 1.  , 0.85, 1.  ,
       0.95, 1.  , 0.9 , 1.  , 0.9 , 1.  , 0.7 , 1.  , 0.95, 1.  , 0.95,
       1.  ]), 'class_mean_width': array([ 9.65, 21.5 , 11.4 ,  8.45, 16.3 , 13.  , 14.8 , 20.45, 17.05,
       15.  , 14.1 ,  9.5 , 10.9 , 17.8 , 17.05, 15.95,  8.15,  9.4 ,
       10.2 ,  9.7 ,  7.45, 14.75, 11.2 ,  8.1 , 17.95, 12.15,  5.6 ,
       14.4 , 14.55,  9.15, 10.5 , 13.65, 14.05, 12.25, 11.9 , 16.5 ,
       13.85, 16.15, 18.15, 13.2 ,  7.95, 17.6 , 17.85,  2.2 , 10.15,
       16.75, 12.3 ,  4.35,  7.95, 14.55, 14.25,  8.55,  8.6 , 19.15,
       16.4 , 11.55, 15.6 , 13.95, 13.6 ,  8.55, 19.85, 19.8 , 12.9 ,
       11.9 , 18.15, 21.25, 19.45,  9.15, 19.4 , 21.25, 14.75,  8.65,
        6.4 , 15.35,  6.75,  8.  ,  4.95, 12.35,  7.65, 13.8 , 14.75,
        9.5 , 15.7 , 13.65, 13.15,  7.4 , 10.4 , 10.7 , 10.65, 16.65,
       15.65, 10.6 , 15.85,  8.  ,  7.45, 10.2 , 10.2 ,  9.05,  9.6 ,
        8.5 ]), 'class_median_width': array([ 8. , 24.5, 10.5,  8.5, 16.5, 11. , 15. , 19. , 14.5, 15.5, 13. ,
        9. , 10.5, 16.5, 17. , 13.5,  6.5,  9.5,  9. , 10. ,  7.5, 12.5,
       10. ,  8. , 14.5, 13. ,  5.5, 13.5, 13.5,  8. , 10.5, 13.5, 14. ,
       12. , 10.5, 16. , 11. , 14.5, 14.5, 12. ,  8. , 17. , 16.5,  2. ,
        7. , 14.5, 10. ,  3.5,  5. , 13. , 13.5,  9. ,  8. , 17.5, 13. ,
       10.5, 12.5, 13.5, 12. ,  7.5, 18. , 19.5, 10.5,  8.5, 15.5, 19.5,
       19. ,  7.5, 20. , 20.5, 14. ,  8. ,  6. , 15. ,  4. ,  7. ,  4. ,
       13. ,  7. , 12.5, 14. ,  7.5, 14. , 12.5, 12. ,  7.5, 10. , 10. ,
       10. , 14.5, 14. ,  9. , 14. ,  8. ,  8. , 10. , 10. ,  8. ,  9. ,
        8. ]), 'class_mean_width_scaled': array([0.0965, 0.215 , 0.114 , 0.0845, 0.163 , 0.13  , 0.148 , 0.2045,
       0.1705, 0.15  , 0.141 , 0.095 , 0.109 , 0.178 , 0.1705, 0.1595,
       0.0815, 0.094 , 0.102 , 0.097 , 0.0745, 0.1475, 0.112 , 0.081 ,
       0.1795, 0.1215, 0.056 , 0.144 , 0.1455, 0.0915, 0.105 , 0.1365,
       0.1405, 0.1225, 0.119 , 0.165 , 0.1385, 0.1615, 0.1815, 0.132 ,
       0.0795, 0.176 , 0.1785, 0.022 , 0.1015, 0.1675, 0.123 , 0.0435,
       0.0795, 0.1455, 0.1425, 0.0855, 0.086 , 0.1915, 0.164 , 0.1155,
       0.156 , 0.1395, 0.136 , 0.0855, 0.1985, 0.198 , 0.129 , 0.119 ,
       0.1815, 0.2125, 0.1945, 0.0915, 0.194 , 0.2125, 0.1475, 0.0865,
       0.064 , 0.1535, 0.0675, 0.08  , 0.0495, 0.1235, 0.0765, 0.138 ,
       0.1475, 0.095 , 0.157 , 0.1365, 0.1315, 0.074 , 0.104 , 0.107 ,
       0.1065, 0.1665, 0.1565, 0.106 , 0.1585, 0.08  , 0.0745, 0.102 ,
       0.102 , 0.0905, 0.096 , 0.085 ]), 'class_median_width_scaled': array([0.08 , 0.245, 0.105, 0.085, 0.165, 0.11 , 0.15 , 0.19 , 0.145,
       0.155, 0.13 , 0.09 , 0.105, 0.165, 0.17 , 0.135, 0.065, 0.095,
       0.09 , 0.1  , 0.075, 0.125, 0.1  , 0.08 , 0.145, 0.13 , 0.055,
       0.135, 0.135, 0.08 , 0.105, 0.135, 0.14 , 0.12 , 0.105, 0.16 ,
       0.11 , 0.145, 0.145, 0.12 , 0.08 , 0.17 , 0.165, 0.02 , 0.07 ,
       0.145, 0.1  , 0.035, 0.05 , 0.13 , 0.135, 0.09 , 0.08 , 0.175,
       0.13 , 0.105, 0.125, 0.135, 0.12 , 0.075, 0.18 , 0.195, 0.105,
       0.085, 0.155, 0.195, 0.19 , 0.075, 0.2  , 0.205, 0.14 , 0.08 ,
       0.06 , 0.15 , 0.04 , 0.07 , 0.04 , 0.13 , 0.07 , 0.125, 0.14 ,
       0.075, 0.14 , 0.125, 0.12 , 0.075, 0.1  , 0.1  , 0.1  , 0.145,
       0.14 , 0.09 , 0.14 , 0.08 , 0.08 , 0.1  , 0.1  , 0.08 , 0.09 ,
       0.08 ])}

split_conformal_naive_ExtraTrees full class metrics: {'class_coverage': array([0.9 , 0.75, 0.75, 1.  , 1.  , 0.9 , 1.  , 0.95, 0.95, 0.95, 0.9 ,
       1.  , 1.  , 1.  , 0.9 , 1.  , 1.  , 1.  , 0.95, 1.  , 0.85, 1.  ,
       0.95, 1.  , 0.9 , 0.9 , 1.  , 0.95, 0.8 , 1.  , 1.  , 0.95, 0.8 ,
       1.  , 1.  , 0.8 , 0.85, 0.8 , 0.7 , 1.  , 0.95, 0.8 , 0.7 , 1.  ,
       1.  , 0.95, 1.  , 1.  , 1.  , 0.9 , 1.  , 1.  , 1.  , 0.75, 0.9 ,
       1.  , 0.75, 0.85, 0.9 , 1.  , 0.95, 0.75, 1.  , 1.  , 0.8 , 0.7 ,
       0.95, 1.  , 0.65, 0.75, 0.95, 1.  , 0.85, 1.  , 0.95, 0.9 , 1.  ,
       0.85, 1.  , 0.9 , 0.75, 0.9 , 0.95, 0.9 , 0.9 , 1.  , 0.85, 1.  ,
       0.95, 1.  , 0.9 , 1.  , 0.9 , 1.  , 0.7 , 1.  , 0.95, 1.  , 0.95,
       1.  ]), 'class_mean_width': array([ 9.65, 21.5 , 11.4 ,  8.45, 16.3 , 13.  , 14.8 , 20.45, 17.05,
       15.  , 14.1 ,  9.5 , 10.9 , 17.8 , 17.05, 15.95,  8.15,  9.4 ,
       10.2 ,  9.7 ,  7.45, 14.75, 11.2 ,  8.1 , 17.95, 12.15,  5.6 ,
       14.4 , 14.55,  9.15, 10.5 , 13.65, 14.05, 12.25, 11.9 , 16.5 ,
       13.85, 16.15, 18.15, 13.2 ,  7.95, 17.6 , 17.85,  2.2 , 10.15,
       16.75, 12.3 ,  4.35,  7.95, 14.55, 14.25,  8.55,  8.6 , 19.15,
       16.4 , 11.55, 15.6 , 13.95, 13.6 ,  8.55, 19.85, 19.8 , 12.9 ,
       11.9 , 18.15, 21.25, 19.45,  9.15, 19.4 , 21.25, 14.75,  8.65,
        6.4 , 15.35,  6.75,  8.  ,  4.95, 12.35,  7.65, 13.8 , 14.75,
        9.5 , 15.7 , 13.65, 13.15,  7.4 , 10.4 , 10.7 , 10.65, 16.65,
       15.65, 10.6 , 15.85,  8.  ,  7.45, 10.2 , 10.2 ,  9.05,  9.6 ,
        8.5 ]), 'class_median_width': array([ 8. , 24.5, 10.5,  8.5, 16.5, 11. , 15. , 19. , 14.5, 15.5, 13. ,
        9. , 10.5, 16.5, 17. , 13.5,  6.5,  9.5,  9. , 10. ,  7.5, 12.5,
       10. ,  8. , 14.5, 13. ,  5.5, 13.5, 13.5,  8. , 10.5, 13.5, 14. ,
       12. , 10.5, 16. , 11. , 14.5, 14.5, 12. ,  8. , 17. , 16.5,  2. ,
        7. , 14.5, 10. ,  3.5,  5. , 13. , 13.5,  9. ,  8. , 17.5, 13. ,
       10.5, 12.5, 13.5, 12. ,  7.5, 18. , 19.5, 10.5,  8.5, 15.5, 19.5,
       19. ,  7.5, 20. , 20.5, 14. ,  8. ,  6. , 15. ,  4. ,  7. ,  4. ,
       13. ,  7. , 12.5, 14. ,  7.5, 14. , 12.5, 12. ,  7.5, 10. , 10. ,
       10. , 14.5, 14. ,  9. , 14. ,  8. ,  8. , 10. , 10. ,  8. ,  9. ,
        8. ]), 'class_mean_width_scaled': array([0.0965, 0.215 , 0.114 , 0.0845, 0.163 , 0.13  , 0.148 , 0.2045,
       0.1705, 0.15  , 0.141 , 0.095 , 0.109 , 0.178 , 0.1705, 0.1595,
       0.0815, 0.094 , 0.102 , 0.097 , 0.0745, 0.1475, 0.112 , 0.081 ,
       0.1795, 0.1215, 0.056 , 0.144 , 0.1455, 0.0915, 0.105 , 0.1365,
       0.1405, 0.1225, 0.119 , 0.165 , 0.1385, 0.1615, 0.1815, 0.132 ,
       0.0795, 0.176 , 0.1785, 0.022 , 0.1015, 0.1675, 0.123 , 0.0435,
       0.0795, 0.1455, 0.1425, 0.0855, 0.086 , 0.1915, 0.164 , 0.1155,
       0.156 , 0.1395, 0.136 , 0.0855, 0.1985, 0.198 , 0.129 , 0.119 ,
       0.1815, 0.2125, 0.1945, 0.0915, 0.194 , 0.2125, 0.1475, 0.0865,
       0.064 , 0.1535, 0.0675, 0.08  , 0.0495, 0.1235, 0.0765, 0.138 ,
       0.1475, 0.095 , 0.157 , 0.1365, 0.1315, 0.074 , 0.104 , 0.107 ,
       0.1065, 0.1665, 0.1565, 0.106 , 0.1585, 0.08  , 0.0745, 0.102 ,
       0.102 , 0.0905, 0.096 , 0.085 ]), 'class_median_width_scaled': array([0.08 , 0.245, 0.105, 0.085, 0.165, 0.11 , 0.15 , 0.19 , 0.145,
       0.155, 0.13 , 0.09 , 0.105, 0.165, 0.17 , 0.135, 0.065, 0.095,
       0.09 , 0.1  , 0.075, 0.125, 0.1  , 0.08 , 0.145, 0.13 , 0.055,
       0.135, 0.135, 0.08 , 0.105, 0.135, 0.14 , 0.12 , 0.105, 0.16 ,
       0.11 , 0.145, 0.145, 0.12 , 0.08 , 0.17 , 0.165, 0.02 , 0.07 ,
       0.145, 0.1  , 0.035, 0.05 , 0.13 , 0.135, 0.09 , 0.08 , 0.175,
       0.13 , 0.105, 0.125, 0.135, 0.12 , 0.075, 0.18 , 0.195, 0.105,
       0.085, 0.155, 0.195, 0.19 , 0.075, 0.2  , 0.205, 0.14 , 0.08 ,
       0.06 , 0.15 , 0.04 , 0.07 , 0.04 , 0.13 , 0.07 , 0.125, 0.14 ,
       0.075, 0.14 , 0.125, 0.12 , 0.075, 0.1  , 0.1  , 0.1  , 0.145,
       0.14 , 0.09 , 0.14 , 0.08 , 0.08 , 0.1  , 0.1  , 0.08 , 0.09 ,
       0.08 ])}

Job completed at Wed Mar 19 06:24:50 PM PDT 2025
