Starting job at Wed Mar 19 06:25:08 PM PDT 2025
Job parameters:
Dataset: data_dionis
UQ Method: split_conformal_naive
Estimator: AdaBoost
Seed: 781
Train Size: 0.8
Running split_conformal_naive on data_dionis with seed 781 and train size 0.8

starting experiment

data created

Fitting split_conformal_naive_AdaBoost on data_dionis with seed 781

split_conformal_naive_AdaBoost metrics: {'coverage': np.float64(0.9608333333333333), 'mean_width': np.float64(325.0475), 'median_width': np.float64(323.0), 'mean_width_scaled': np.float64(0.9156267605633803), 'median_width_scaled': np.float64(0.9098591549295775)}

split_conformal_naive_AdaBoost full metrics: {'coverage': np.float64(0.9608333333333333), 'mean_width': np.float64(325.0475), 'median_width': np.float64(323.0), 'mean_width_scaled': np.float64(0.9156267605633803), 'median_width_scaled': np.float64(0.9098591549295775)}

split_conformal_naive_AdaBoost class metrics: {'class_coverage': array([1.        , 1.        , 1.        , 0.95      , 1.        ,
       1.        , 1.        , 1.        , 1.        , 1.        ,
       1.        , 1.        , 1.        , 1.        , 1.        ,
       1.        , 1.        , 1.        , 1.        , 1.        ,
       1.        , 1.        , 1.        , 1.        , 1.        ,
       1.        , 1.        , 1.        , 1.        , 1.        ,
       1.        , 1.        , 1.        , 1.        , 1.        ,
       0.875     , 0.71428571, 1.        , 1.        , 1.        ,
       1.        , 1.        , 1.        , 1.        , 1.        ,
       1.        , 1.        , 0.72222222, 1.        , 1.        ,
       1.        , 1.        , 1.        , 1.        , 1.        ,
       1.        , 1.        , 1.        , 1.        , 1.        ,
       1.        , 1.        , 1.        , 1.        , 1.        ,
       1.        , 1.        , 1.        , 1.        , 1.        ,
       0.        , 0.9047619 , 1.        , 1.        , 1.        ,
       1.        , 1.        , 1.        , 1.        , 1.        ,
       1.        , 1.        , 1.        , 1.        , 1.        ,
       1.        , 1.        , 1.        , 1.        , 1.        ,
       1.        , 1.        , 1.        , 1.        , 1.        ,
       1.        , 1.        , 1.        , 1.        , 0.84210526,
       1.        , 1.        , 1.        , 0.5       , 1.        ,
       1.        , 1.        , 1.        , 1.        , 1.        ,
       1.        , 1.        , 0.        , 1.        , 1.        ,
       1.        , 0.        , 1.        , 1.        , 1.        ,
       0.89473684, 1.        , 1.        , 1.        , 1.        ,
       1.        , 1.        , 1.        , 1.        , 1.        ,
       1.        , 1.        , 1.        , 1.        , 0.13333333,
       1.        , 1.        , 1.        , 0.6       , 1.        ,
       1.        , 1.        , 1.        , 1.        , 1.        ,
       1.        , 1.        , 1.        , 1.        , 1.        ,
       1.        , 1.        , 1.        , 1.        , 1.        ,
       1.        , 1.        , 1.        , 1.        , 1.        ,
       1.        , 1.        , 1.        , 1.        , 1.        ,
       1.        , 1.        , 1.        , 1.        , 1.        ,
       1.        , 1.        , 1.        , 0.        , 1.        ,
       1.        , 1.        , 1.        , 1.        , 1.        ,
       1.        , 1.        , 1.        , 1.        , 0.        ,
       1.        , 1.        , 1.        , 1.        , 1.        ,
       1.        , 1.        , 1.        , 1.        , 1.        ,
       1.        , 1.        , 1.        , 1.        , 1.        ,
       1.        , 1.        , 1.        , 1.        , 1.        ,
       1.        , 0.95454545, 0.        , 1.        , 1.        ,
       0.        , 1.        , 1.        , 1.        , 0.6875    ,
       1.        , 1.        , 1.        , 1.        , 1.        ,
       1.        , 1.        , 1.        , 1.        , 0.        ,
       1.        , 1.        , 1.        , 1.        , 1.        ,
       1.        , 1.        , 1.        , 1.        , 1.        ,
       1.        , 1.        , 1.        , 1.        , 1.        ,
       1.        , 1.        , 1.        , 1.        , 1.        ,
       1.        , 1.        , 1.        , 1.        , 1.        ,
       1.        , 1.        , 1.        , 1.        , 1.        ,
       1.        , 1.        , 1.        , 1.        , 1.        ,
       1.        , 1.        , 1.        , 1.        , 1.        ,
       1.        , 1.        , 1.        , 1.        , 1.        ,
       1.        , 1.        , 1.        , 1.        , 0.85714286,
       1.        , 1.        , 1.        , 1.        , 1.        ,
       1.        , 1.        , 1.        , 1.        , 1.        ,
       1.        , 1.        , 1.        , 1.        , 0.5625    ,
       1.        , 1.        , 1.        , 1.        , 1.        ,
       1.        , 1.        , 1.        , 1.        , 0.2       ,
       1.        , 1.        , 1.        , 1.        , 1.        ,
       1.        , 1.        , 0.93333333, 1.        , 1.        ,
       1.        , 0.93333333, 1.        , 0.73913043, 1.        ,
       1.        , 1.        , 1.        , 1.        , 1.        ,
       1.        , 1.        , 1.        , 1.        , 1.        ,
       1.        , 1.        , 1.        , 1.        , 1.        ,
       1.        , 1.        , 1.        , 1.        , 0.82352941,
       1.        , 1.        , 1.        , 1.        , 1.        ,
       1.        , 0.5625    , 1.        , 1.        , 1.        ,
       0.94117647, 1.        , 1.        , 0.        , 1.        ,
       0.07142857, 1.        , 1.        , 1.        , 1.        ]), 'class_mean_width': array([323.        , 323.        , 323.        , 353.4       ,
       323.        , 323.        , 324.77777778, 323.        ,
       323.        , 323.        , 323.        , 323.        ,
       324.77777778, 323.        , 323.        , 355.        ,
       323.        , 342.57894737, 323.        , 323.        ,
       323.        , 323.        , 323.        , 323.        ,
       323.        , 323.        , 323.        , 323.        ,
       325.46153846, 323.        , 323.        , 323.        ,
       323.        , 323.        , 323.        , 330.5       ,
       345.42857143, 323.        , 323.        , 323.        ,
       323.        , 323.        , 323.        , 323.        ,
       323.        , 323.        , 323.        , 345.77777778,
       323.        , 323.        , 323.        , 323.        ,
       323.        , 323.        , 323.        , 323.        ,
       323.        , 323.        , 323.        , 323.        ,
       323.        , 323.        , 323.        , 323.        ,
       323.        , 323.        , 323.        , 323.        ,
       323.        , 323.        , 323.        , 351.95238095,
       323.        , 323.06666667, 323.        , 323.        ,
       323.        , 324.68421053, 323.        , 343.        ,
       323.        , 323.        , 323.        , 323.        ,
       323.        , 329.85714286, 329.42105263, 325.13333333,
       325.28571429, 323.        , 323.        , 323.        ,
       323.        , 323.        , 323.        , 323.        ,
       323.        , 323.        , 323.        , 349.94736842,
       323.        , 323.        , 327.26666667, 339.        ,
       323.        , 323.        , 323.        , 323.        ,
       323.        , 324.68421053, 323.        , 323.        ,
       323.        , 329.4       , 323.        , 323.        ,
       323.        , 323.        , 323.        , 323.        ,
       351.        , 325.        , 323.        , 323.        ,
       323.        , 323.        , 323.        , 323.        ,
       323.        , 324.88235294, 323.        , 323.        ,
       323.        , 323.        , 327.26666667, 323.        ,
       323.        , 324.77777778, 342.2       , 327.        ,
       325.13333333, 323.06666667, 323.        , 326.86666667,
       323.        , 323.        , 323.        , 323.        ,
       323.        , 323.        , 323.        , 323.        ,
       323.        , 323.        , 323.        , 323.        ,
       345.72727273, 323.        , 323.        , 323.        ,
       323.        , 323.        , 323.        , 323.        ,
       323.        , 323.        , 323.06666667, 323.        ,
       323.        , 324.77777778, 324.88235294, 323.        ,
       323.        , 323.        , 323.        , 333.66666667,
       323.        , 323.        , 323.        , 323.        ,
       323.        , 323.        , 323.        , 323.        ,
       323.06666667, 323.        , 323.        , 323.        ,
       323.        , 323.        , 323.        , 323.        ,
       323.        , 323.        , 323.        , 323.        ,
       324.52941176, 323.        , 323.        , 323.        ,
       323.        , 323.        , 323.        , 323.        ,
       323.        , 323.        , 353.27272727, 323.        ,
       323.        , 323.        , 323.        , 323.        ,
       323.        , 323.        , 344.625     , 326.36842105,
       323.        , 323.        , 323.        , 323.        ,
       323.        , 325.        , 323.        , 325.        ,
       323.        , 323.        , 323.        , 323.        ,
       323.        , 323.        , 324.52380952, 323.        ,
       323.        , 323.        , 323.        , 323.        ,
       323.        , 323.        , 323.        , 323.        ,
       323.        , 323.        , 323.        , 323.        ,
       323.        , 323.        , 323.        , 323.        ,
       323.        , 323.        , 323.        , 323.        ,
       323.        , 323.        , 323.        , 323.        ,
       323.        , 323.        , 323.        , 323.        ,
       323.        , 323.        , 323.        , 323.        ,
       324.73333333, 323.        , 333.94117647, 323.        ,
       324.18518519, 323.        , 323.        , 323.        ,
       323.06666667, 323.        , 352.9047619 , 323.        ,
       323.        , 325.        , 323.        , 323.        ,
       323.13333333, 323.        , 323.        , 323.        ,
       323.        , 323.        , 323.        , 323.        ,
       323.        , 340.25      , 323.        , 323.        ,
       323.        , 335.        , 323.        , 323.        ,
       325.        , 323.        , 323.        , 329.4       ,
       323.        , 323.        , 323.        , 323.        ,
       323.        , 323.        , 323.        , 354.6       ,
       323.        , 323.        , 328.64705882, 352.46666667,
       323.        , 346.65217391, 323.        , 323.        ,
       323.        , 323.        , 323.        , 323.        ,
       323.        , 323.        , 323.        , 323.        ,
       327.57142857, 323.        , 323.        , 323.        ,
       323.        , 323.        , 323.        , 323.        ,
       323.        , 323.        , 349.35294118, 323.        ,
       323.        , 323.        , 323.        , 323.        ,
       323.04347826, 341.        , 323.        , 323.        ,
       323.        , 353.11764706, 323.        , 323.        ,
       323.        , 327.92307692, 324.92857143, 323.        ,
       323.        , 323.        , 323.        ]), 'class_median_width': array([323., 323., 323., 355., 323., 323., 323., 323., 323., 323., 323.,
       323., 323., 323., 323., 355., 323., 355., 323., 323., 323., 323.,
       323., 323., 323., 323., 323., 323., 323., 323., 323., 323., 323.,
       323., 323., 355., 355., 323., 323., 323., 323., 323., 323., 323.,
       323., 323., 323., 355., 323., 323., 323., 323., 323., 323., 323.,
       323., 323., 323., 323., 323., 323., 323., 323., 323., 323., 323.,
       323., 323., 323., 323., 323., 355., 323., 323., 323., 323., 323.,
       323., 323., 355., 323., 323., 323., 323., 323., 323., 323., 323.,
       323., 323., 323., 323., 323., 323., 323., 323., 323., 323., 323.,
       355., 323., 323., 323., 339., 323., 323., 323., 323., 323., 323.,
       323., 323., 323., 323., 323., 323., 323., 323., 323., 323., 355.,
       323., 323., 323., 323., 323., 323., 323., 323., 323., 323., 323.,
       323., 323., 323., 323., 323., 323., 355., 323., 323., 323., 323.,
       323., 323., 323., 323., 323., 323., 323., 323., 323., 323., 323.,
       323., 323., 355., 323., 323., 323., 323., 323., 323., 323., 323.,
       323., 323., 323., 323., 323., 323., 323., 323., 323., 323., 323.,
       323., 323., 323., 323., 323., 323., 323., 323., 323., 323., 323.,
       323., 323., 323., 323., 323., 323., 323., 323., 323., 323., 323.,
       323., 323., 323., 323., 323., 323., 323., 323., 355., 323., 323.,
       323., 323., 323., 323., 323., 355., 323., 323., 323., 323., 323.,
       323., 323., 323., 323., 323., 323., 323., 323., 323., 323., 323.,
       323., 323., 323., 323., 323., 323., 323., 323., 323., 323., 323.,
       323., 323., 323., 323., 323., 323., 323., 323., 323., 323., 323.,
       323., 323., 323., 323., 323., 323., 323., 323., 323., 323., 323.,
       323., 323., 323., 323., 323., 323., 323., 323., 323., 323., 355.,
       323., 323., 323., 323., 323., 323., 323., 323., 323., 323., 323.,
       323., 323., 323., 349., 323., 323., 323., 323., 323., 323., 323.,
       323., 323., 323., 323., 323., 323., 323., 323., 323., 323., 355.,
       323., 323., 323., 355., 323., 355., 323., 323., 323., 323., 323.,
       323., 323., 323., 323., 323., 323., 323., 323., 323., 323., 323.,
       323., 323., 323., 323., 355., 323., 323., 323., 323., 323., 323.,
       355., 323., 323., 323., 355., 323., 323., 323., 323., 323., 323.,
       323., 323., 323.]), 'class_mean_width_scaled': array([0.90985915, 0.90985915, 0.90985915, 0.99549296, 0.90985915,
       0.90985915, 0.91486698, 0.90985915, 0.90985915, 0.90985915,
       0.90985915, 0.90985915, 0.91486698, 0.90985915, 0.90985915,
       1.        , 0.90985915, 0.96501112, 0.90985915, 0.90985915,
       0.90985915, 0.90985915, 0.90985915, 0.90985915, 0.90985915,
       0.90985915, 0.90985915, 0.90985915, 0.91679307, 0.90985915,
       0.90985915, 0.90985915, 0.90985915, 0.90985915, 0.90985915,
       0.93098592, 0.97303823, 0.90985915, 0.90985915, 0.90985915,
       0.90985915, 0.90985915, 0.90985915, 0.90985915, 0.90985915,
       0.90985915, 0.90985915, 0.97402191, 0.90985915, 0.90985915,
       0.90985915, 0.90985915, 0.90985915, 0.90985915, 0.90985915,
       0.90985915, 0.90985915, 0.90985915, 0.90985915, 0.90985915,
       0.90985915, 0.90985915, 0.90985915, 0.90985915, 0.90985915,
       0.90985915, 0.90985915, 0.90985915, 0.90985915, 0.90985915,
       0.90985915, 0.99141516, 0.90985915, 0.91004695, 0.90985915,
       0.90985915, 0.90985915, 0.91460341, 0.90985915, 0.96619718,
       0.90985915, 0.90985915, 0.90985915, 0.90985915, 0.90985915,
       0.92917505, 0.92794663, 0.91586854, 0.91629779, 0.90985915,
       0.90985915, 0.90985915, 0.90985915, 0.90985915, 0.90985915,
       0.90985915, 0.90985915, 0.90985915, 0.90985915, 0.98576723,
       0.90985915, 0.90985915, 0.92187793, 0.95492958, 0.90985915,
       0.90985915, 0.90985915, 0.90985915, 0.90985915, 0.91460341,
       0.90985915, 0.90985915, 0.90985915, 0.92788732, 0.90985915,
       0.90985915, 0.90985915, 0.90985915, 0.90985915, 0.90985915,
       0.98873239, 0.91549296, 0.90985915, 0.90985915, 0.90985915,
       0.90985915, 0.90985915, 0.90985915, 0.90985915, 0.91516156,
       0.90985915, 0.90985915, 0.90985915, 0.90985915, 0.92187793,
       0.90985915, 0.90985915, 0.91486698, 0.96394366, 0.92112676,
       0.91586854, 0.91004695, 0.90985915, 0.92075117, 0.90985915,
       0.90985915, 0.90985915, 0.90985915, 0.90985915, 0.90985915,
       0.90985915, 0.90985915, 0.90985915, 0.90985915, 0.90985915,
       0.90985915, 0.97387964, 0.90985915, 0.90985915, 0.90985915,
       0.90985915, 0.90985915, 0.90985915, 0.90985915, 0.90985915,
       0.90985915, 0.91004695, 0.90985915, 0.90985915, 0.91486698,
       0.91516156, 0.90985915, 0.90985915, 0.90985915, 0.90985915,
       0.9399061 , 0.90985915, 0.90985915, 0.90985915, 0.90985915,
       0.90985915, 0.90985915, 0.90985915, 0.90985915, 0.91004695,
       0.90985915, 0.90985915, 0.90985915, 0.90985915, 0.90985915,
       0.90985915, 0.90985915, 0.90985915, 0.90985915, 0.90985915,
       0.90985915, 0.91416736, 0.90985915, 0.90985915, 0.90985915,
       0.90985915, 0.90985915, 0.90985915, 0.90985915, 0.90985915,
       0.90985915, 0.99513444, 0.90985915, 0.90985915, 0.90985915,
       0.90985915, 0.90985915, 0.90985915, 0.90985915, 0.97077465,
       0.91934766, 0.90985915, 0.90985915, 0.90985915, 0.90985915,
       0.90985915, 0.91549296, 0.90985915, 0.91549296, 0.90985915,
       0.90985915, 0.90985915, 0.90985915, 0.90985915, 0.90985915,
       0.91415158, 0.90985915, 0.90985915, 0.90985915, 0.90985915,
       0.90985915, 0.90985915, 0.90985915, 0.90985915, 0.90985915,
       0.90985915, 0.90985915, 0.90985915, 0.90985915, 0.90985915,
       0.90985915, 0.90985915, 0.90985915, 0.90985915, 0.90985915,
       0.90985915, 0.90985915, 0.90985915, 0.90985915, 0.90985915,
       0.90985915, 0.90985915, 0.90985915, 0.90985915, 0.90985915,
       0.90985915, 0.90985915, 0.90985915, 0.90985915, 0.91474178,
       0.90985915, 0.94067937, 0.90985915, 0.9131977 , 0.90985915,
       0.90985915, 0.90985915, 0.91004695, 0.90985915, 0.99409792,
       0.90985915, 0.90985915, 0.91549296, 0.90985915, 0.90985915,
       0.91023474, 0.90985915, 0.90985915, 0.90985915, 0.90985915,
       0.90985915, 0.90985915, 0.90985915, 0.90985915, 0.9584507 ,
       0.90985915, 0.90985915, 0.90985915, 0.94366197, 0.90985915,
       0.90985915, 0.91549296, 0.90985915, 0.90985915, 0.92788732,
       0.90985915, 0.90985915, 0.90985915, 0.90985915, 0.90985915,
       0.90985915, 0.90985915, 0.99887324, 0.90985915, 0.90985915,
       0.92576636, 0.99286385, 0.90985915, 0.976485  , 0.90985915,
       0.90985915, 0.90985915, 0.90985915, 0.90985915, 0.90985915,
       0.90985915, 0.90985915, 0.90985915, 0.90985915, 0.92273642,
       0.90985915, 0.90985915, 0.90985915, 0.90985915, 0.90985915,
       0.90985915, 0.90985915, 0.90985915, 0.90985915, 0.98409279,
       0.90985915, 0.90985915, 0.90985915, 0.90985915, 0.90985915,
       0.90998163, 0.96056338, 0.90985915, 0.90985915, 0.90985915,
       0.9946976 , 0.90985915, 0.90985915, 0.90985915, 0.92372698,
       0.91529175, 0.90985915, 0.90985915, 0.90985915, 0.90985915]), 'class_median_width_scaled': array([0.90985915, 0.90985915, 0.90985915, 1.        , 0.90985915,
       0.90985915, 0.90985915, 0.90985915, 0.90985915, 0.90985915,
       0.90985915, 0.90985915, 0.90985915, 0.90985915, 0.90985915,
       1.        , 0.90985915, 1.        , 0.90985915, 0.90985915,
       0.90985915, 0.90985915, 0.90985915, 0.90985915, 0.90985915,
       0.90985915, 0.90985915, 0.90985915, 0.90985915, 0.90985915,
       0.90985915, 0.90985915, 0.90985915, 0.90985915, 0.90985915,
       1.        , 1.        , 0.90985915, 0.90985915, 0.90985915,
       0.90985915, 0.90985915, 0.90985915, 0.90985915, 0.90985915,
       0.90985915, 0.90985915, 1.        , 0.90985915, 0.90985915,
       0.90985915, 0.90985915, 0.90985915, 0.90985915, 0.90985915,
       0.90985915, 0.90985915, 0.90985915, 0.90985915, 0.90985915,
       0.90985915, 0.90985915, 0.90985915, 0.90985915, 0.90985915,
       0.90985915, 0.90985915, 0.90985915, 0.90985915, 0.90985915,
       0.90985915, 1.        , 0.90985915, 0.90985915, 0.90985915,
       0.90985915, 0.90985915, 0.90985915, 0.90985915, 1.        ,
       0.90985915, 0.90985915, 0.90985915, 0.90985915, 0.90985915,
       0.90985915, 0.90985915, 0.90985915, 0.90985915, 0.90985915,
       0.90985915, 0.90985915, 0.90985915, 0.90985915, 0.90985915,
       0.90985915, 0.90985915, 0.90985915, 0.90985915, 1.        ,
       0.90985915, 0.90985915, 0.90985915, 0.95492958, 0.90985915,
       0.90985915, 0.90985915, 0.90985915, 0.90985915, 0.90985915,
       0.90985915, 0.90985915, 0.90985915, 0.90985915, 0.90985915,
       0.90985915, 0.90985915, 0.90985915, 0.90985915, 0.90985915,
       1.        , 0.90985915, 0.90985915, 0.90985915, 0.90985915,
       0.90985915, 0.90985915, 0.90985915, 0.90985915, 0.90985915,
       0.90985915, 0.90985915, 0.90985915, 0.90985915, 0.90985915,
       0.90985915, 0.90985915, 0.90985915, 1.        , 0.90985915,
       0.90985915, 0.90985915, 0.90985915, 0.90985915, 0.90985915,
       0.90985915, 0.90985915, 0.90985915, 0.90985915, 0.90985915,
       0.90985915, 0.90985915, 0.90985915, 0.90985915, 0.90985915,
       0.90985915, 1.        , 0.90985915, 0.90985915, 0.90985915,
       0.90985915, 0.90985915, 0.90985915, 0.90985915, 0.90985915,
       0.90985915, 0.90985915, 0.90985915, 0.90985915, 0.90985915,
       0.90985915, 0.90985915, 0.90985915, 0.90985915, 0.90985915,
       0.90985915, 0.90985915, 0.90985915, 0.90985915, 0.90985915,
       0.90985915, 0.90985915, 0.90985915, 0.90985915, 0.90985915,
       0.90985915, 0.90985915, 0.90985915, 0.90985915, 0.90985915,
       0.90985915, 0.90985915, 0.90985915, 0.90985915, 0.90985915,
       0.90985915, 0.90985915, 0.90985915, 0.90985915, 0.90985915,
       0.90985915, 0.90985915, 0.90985915, 0.90985915, 0.90985915,
       0.90985915, 1.        , 0.90985915, 0.90985915, 0.90985915,
       0.90985915, 0.90985915, 0.90985915, 0.90985915, 1.        ,
       0.90985915, 0.90985915, 0.90985915, 0.90985915, 0.90985915,
       0.90985915, 0.90985915, 0.90985915, 0.90985915, 0.90985915,
       0.90985915, 0.90985915, 0.90985915, 0.90985915, 0.90985915,
       0.90985915, 0.90985915, 0.90985915, 0.90985915, 0.90985915,
       0.90985915, 0.90985915, 0.90985915, 0.90985915, 0.90985915,
       0.90985915, 0.90985915, 0.90985915, 0.90985915, 0.90985915,
       0.90985915, 0.90985915, 0.90985915, 0.90985915, 0.90985915,
       0.90985915, 0.90985915, 0.90985915, 0.90985915, 0.90985915,
       0.90985915, 0.90985915, 0.90985915, 0.90985915, 0.90985915,
       0.90985915, 0.90985915, 0.90985915, 0.90985915, 0.90985915,
       0.90985915, 0.90985915, 0.90985915, 0.90985915, 0.90985915,
       0.90985915, 0.90985915, 0.90985915, 0.90985915, 1.        ,
       0.90985915, 0.90985915, 0.90985915, 0.90985915, 0.90985915,
       0.90985915, 0.90985915, 0.90985915, 0.90985915, 0.90985915,
       0.90985915, 0.90985915, 0.90985915, 0.90985915, 0.98309859,
       0.90985915, 0.90985915, 0.90985915, 0.90985915, 0.90985915,
       0.90985915, 0.90985915, 0.90985915, 0.90985915, 0.90985915,
       0.90985915, 0.90985915, 0.90985915, 0.90985915, 0.90985915,
       0.90985915, 0.90985915, 1.        , 0.90985915, 0.90985915,
       0.90985915, 1.        , 0.90985915, 1.        , 0.90985915,
       0.90985915, 0.90985915, 0.90985915, 0.90985915, 0.90985915,
       0.90985915, 0.90985915, 0.90985915, 0.90985915, 0.90985915,
       0.90985915, 0.90985915, 0.90985915, 0.90985915, 0.90985915,
       0.90985915, 0.90985915, 0.90985915, 0.90985915, 1.        ,
       0.90985915, 0.90985915, 0.90985915, 0.90985915, 0.90985915,
       0.90985915, 1.        , 0.90985915, 0.90985915, 0.90985915,
       1.        , 0.90985915, 0.90985915, 0.90985915, 0.90985915,
       0.90985915, 0.90985915, 0.90985915, 0.90985915, 0.90985915])}

split_conformal_naive_AdaBoost full class metrics: {'class_coverage': array([1.        , 1.        , 1.        , 0.95      , 1.        ,
       1.        , 1.        , 1.        , 1.        , 1.        ,
       1.        , 1.        , 1.        , 1.        , 1.        ,
       1.        , 1.        , 1.        , 1.        , 1.        ,
       1.        , 1.        , 1.        , 1.        , 1.        ,
       1.        , 1.        , 1.        , 1.        , 1.        ,
       1.        , 1.        , 1.        , 1.        , 1.        ,
       0.875     , 0.71428571, 1.        , 1.        , 1.        ,
       1.        , 1.        , 1.        , 1.        , 1.        ,
       1.        , 1.        , 0.72222222, 1.        , 1.        ,
       1.        , 1.        , 1.        , 1.        , 1.        ,
       1.        , 1.        , 1.        , 1.        , 1.        ,
       1.        , 1.        , 1.        , 1.        , 1.        ,
       1.        , 1.        , 1.        , 1.        , 1.        ,
       0.        , 0.9047619 , 1.        , 1.        , 1.        ,
       1.        , 1.        , 1.        , 1.        , 1.        ,
       1.        , 1.        , 1.        , 1.        , 1.        ,
       1.        , 1.        , 1.        , 1.        , 1.        ,
       1.        , 1.        , 1.        , 1.        , 1.        ,
       1.        , 1.        , 1.        , 1.        , 0.84210526,
       1.        , 1.        , 1.        , 0.5       , 1.        ,
       1.        , 1.        , 1.        , 1.        , 1.        ,
       1.        , 1.        , 0.        , 1.        , 1.        ,
       1.        , 0.        , 1.        , 1.        , 1.        ,
       0.89473684, 1.        , 1.        , 1.        , 1.        ,
       1.        , 1.        , 1.        , 1.        , 1.        ,
       1.        , 1.        , 1.        , 1.        , 0.13333333,
       1.        , 1.        , 1.        , 0.6       , 1.        ,
       1.        , 1.        , 1.        , 1.        , 1.        ,
       1.        , 1.        , 1.        , 1.        , 1.        ,
       1.        , 1.        , 1.        , 1.        , 1.        ,
       1.        , 1.        , 1.        , 1.        , 1.        ,
       1.        , 1.        , 1.        , 1.        , 1.        ,
       1.        , 1.        , 1.        , 1.        , 1.        ,
       1.        , 1.        , 1.        , 0.        , 1.        ,
       1.        , 1.        , 1.        , 1.        , 1.        ,
       1.        , 1.        , 1.        , 1.        , 0.        ,
       1.        , 1.        , 1.        , 1.        , 1.        ,
       1.        , 1.        , 1.        , 1.        , 1.        ,
       1.        , 1.        , 1.        , 1.        , 1.        ,
       1.        , 1.        , 1.        , 1.        , 1.        ,
       1.        , 0.95454545, 0.        , 1.        , 1.        ,
       0.        , 1.        , 1.        , 1.        , 0.6875    ,
       1.        , 1.        , 1.        , 1.        , 1.        ,
       1.        , 1.        , 1.        , 1.        , 0.        ,
       1.        , 1.        , 1.        , 1.        , 1.        ,
       1.        , 1.        , 1.        , 1.        , 1.        ,
       1.        , 1.        , 1.        , 1.        , 1.        ,
       1.        , 1.        , 1.        , 1.        , 1.        ,
       1.        , 1.        , 1.        , 1.        , 1.        ,
       1.        , 1.        , 1.        , 1.        , 1.        ,
       1.        , 1.        , 1.        , 1.        , 1.        ,
       1.        , 1.        , 1.        , 1.        , 1.        ,
       1.        , 1.        , 1.        , 1.        , 1.        ,
       1.        , 1.        , 1.        , 1.        , 0.85714286,
       1.        , 1.        , 1.        , 1.        , 1.        ,
       1.        , 1.        , 1.        , 1.        , 1.        ,
       1.        , 1.        , 1.        , 1.        , 0.5625    ,
       1.        , 1.        , 1.        , 1.        , 1.        ,
       1.        , 1.        , 1.        , 1.        , 0.2       ,
       1.        , 1.        , 1.        , 1.        , 1.        ,
       1.        , 1.        , 0.93333333, 1.        , 1.        ,
       1.        , 0.93333333, 1.        , 0.73913043, 1.        ,
       1.        , 1.        , 1.        , 1.        , 1.        ,
       1.        , 1.        , 1.        , 1.        , 1.        ,
       1.        , 1.        , 1.        , 1.        , 1.        ,
       1.        , 1.        , 1.        , 1.        , 0.82352941,
       1.        , 1.        , 1.        , 1.        , 1.        ,
       1.        , 0.5625    , 1.        , 1.        , 1.        ,
       0.94117647, 1.        , 1.        , 0.        , 1.        ,
       0.07142857, 1.        , 1.        , 1.        , 1.        ]), 'class_mean_width': array([323.        , 323.        , 323.        , 353.4       ,
       323.        , 323.        , 324.77777778, 323.        ,
       323.        , 323.        , 323.        , 323.        ,
       324.77777778, 323.        , 323.        , 355.        ,
       323.        , 342.57894737, 323.        , 323.        ,
       323.        , 323.        , 323.        , 323.        ,
       323.        , 323.        , 323.        , 323.        ,
       325.46153846, 323.        , 323.        , 323.        ,
       323.        , 323.        , 323.        , 330.5       ,
       345.42857143, 323.        , 323.        , 323.        ,
       323.        , 323.        , 323.        , 323.        ,
       323.        , 323.        , 323.        , 345.77777778,
       323.        , 323.        , 323.        , 323.        ,
       323.        , 323.        , 323.        , 323.        ,
       323.        , 323.        , 323.        , 323.        ,
       323.        , 323.        , 323.        , 323.        ,
       323.        , 323.        , 323.        , 323.        ,
       323.        , 323.        , 323.        , 351.95238095,
       323.        , 323.06666667, 323.        , 323.        ,
       323.        , 324.68421053, 323.        , 343.        ,
       323.        , 323.        , 323.        , 323.        ,
       323.        , 329.85714286, 329.42105263, 325.13333333,
       325.28571429, 323.        , 323.        , 323.        ,
       323.        , 323.        , 323.        , 323.        ,
       323.        , 323.        , 323.        , 349.94736842,
       323.        , 323.        , 327.26666667, 339.        ,
       323.        , 323.        , 323.        , 323.        ,
       323.        , 324.68421053, 323.        , 323.        ,
       323.        , 329.4       , 323.        , 323.        ,
       323.        , 323.        , 323.        , 323.        ,
       351.        , 325.        , 323.        , 323.        ,
       323.        , 323.        , 323.        , 323.        ,
       323.        , 324.88235294, 323.        , 323.        ,
       323.        , 323.        , 327.26666667, 323.        ,
       323.        , 324.77777778, 342.2       , 327.        ,
       325.13333333, 323.06666667, 323.        , 326.86666667,
       323.        , 323.        , 323.        , 323.        ,
       323.        , 323.        , 323.        , 323.        ,
       323.        , 323.        , 323.        , 323.        ,
       345.72727273, 323.        , 323.        , 323.        ,
       323.        , 323.        , 323.        , 323.        ,
       323.        , 323.        , 323.06666667, 323.        ,
       323.        , 324.77777778, 324.88235294, 323.        ,
       323.        , 323.        , 323.        , 333.66666667,
       323.        , 323.        , 323.        , 323.        ,
       323.        , 323.        , 323.        , 323.        ,
       323.06666667, 323.        , 323.        , 323.        ,
       323.        , 323.        , 323.        , 323.        ,
       323.        , 323.        , 323.        , 323.        ,
       324.52941176, 323.        , 323.        , 323.        ,
       323.        , 323.        , 323.        , 323.        ,
       323.        , 323.        , 353.27272727, 323.        ,
       323.        , 323.        , 323.        , 323.        ,
       323.        , 323.        , 344.625     , 326.36842105,
       323.        , 323.        , 323.        , 323.        ,
       323.        , 325.        , 323.        , 325.        ,
       323.        , 323.        , 323.        , 323.        ,
       323.        , 323.        , 324.52380952, 323.        ,
       323.        , 323.        , 323.        , 323.        ,
       323.        , 323.        , 323.        , 323.        ,
       323.        , 323.        , 323.        , 323.        ,
       323.        , 323.        , 323.        , 323.        ,
       323.        , 323.        , 323.        , 323.        ,
       323.        , 323.        , 323.        , 323.        ,
       323.        , 323.        , 323.        , 323.        ,
       323.        , 323.        , 323.        , 323.        ,
       324.73333333, 323.        , 333.94117647, 323.        ,
       324.18518519, 323.        , 323.        , 323.        ,
       323.06666667, 323.        , 352.9047619 , 323.        ,
       323.        , 325.        , 323.        , 323.        ,
       323.13333333, 323.        , 323.        , 323.        ,
       323.        , 323.        , 323.        , 323.        ,
       323.        , 340.25      , 323.        , 323.        ,
       323.        , 335.        , 323.        , 323.        ,
       325.        , 323.        , 323.        , 329.4       ,
       323.        , 323.        , 323.        , 323.        ,
       323.        , 323.        , 323.        , 354.6       ,
       323.        , 323.        , 328.64705882, 352.46666667,
       323.        , 346.65217391, 323.        , 323.        ,
       323.        , 323.        , 323.        , 323.        ,
       323.        , 323.        , 323.        , 323.        ,
       327.57142857, 323.        , 323.        , 323.        ,
       323.        , 323.        , 323.        , 323.        ,
       323.        , 323.        , 349.35294118, 323.        ,
       323.        , 323.        , 323.        , 323.        ,
       323.04347826, 341.        , 323.        , 323.        ,
       323.        , 353.11764706, 323.        , 323.        ,
       323.        , 327.92307692, 324.92857143, 323.        ,
       323.        , 323.        , 323.        ]), 'class_median_width': array([323., 323., 323., 355., 323., 323., 323., 323., 323., 323., 323.,
       323., 323., 323., 323., 355., 323., 355., 323., 323., 323., 323.,
       323., 323., 323., 323., 323., 323., 323., 323., 323., 323., 323.,
       323., 323., 355., 355., 323., 323., 323., 323., 323., 323., 323.,
       323., 323., 323., 355., 323., 323., 323., 323., 323., 323., 323.,
       323., 323., 323., 323., 323., 323., 323., 323., 323., 323., 323.,
       323., 323., 323., 323., 323., 355., 323., 323., 323., 323., 323.,
       323., 323., 355., 323., 323., 323., 323., 323., 323., 323., 323.,
       323., 323., 323., 323., 323., 323., 323., 323., 323., 323., 323.,
       355., 323., 323., 323., 339., 323., 323., 323., 323., 323., 323.,
       323., 323., 323., 323., 323., 323., 323., 323., 323., 323., 355.,
       323., 323., 323., 323., 323., 323., 323., 323., 323., 323., 323.,
       323., 323., 323., 323., 323., 323., 355., 323., 323., 323., 323.,
       323., 323., 323., 323., 323., 323., 323., 323., 323., 323., 323.,
       323., 323., 355., 323., 323., 323., 323., 323., 323., 323., 323.,
       323., 323., 323., 323., 323., 323., 323., 323., 323., 323., 323.,
       323., 323., 323., 323., 323., 323., 323., 323., 323., 323., 323.,
       323., 323., 323., 323., 323., 323., 323., 323., 323., 323., 323.,
       323., 323., 323., 323., 323., 323., 323., 323., 355., 323., 323.,
       323., 323., 323., 323., 323., 355., 323., 323., 323., 323., 323.,
       323., 323., 323., 323., 323., 323., 323., 323., 323., 323., 323.,
       323., 323., 323., 323., 323., 323., 323., 323., 323., 323., 323.,
       323., 323., 323., 323., 323., 323., 323., 323., 323., 323., 323.,
       323., 323., 323., 323., 323., 323., 323., 323., 323., 323., 323.,
       323., 323., 323., 323., 323., 323., 323., 323., 323., 323., 355.,
       323., 323., 323., 323., 323., 323., 323., 323., 323., 323., 323.,
       323., 323., 323., 349., 323., 323., 323., 323., 323., 323., 323.,
       323., 323., 323., 323., 323., 323., 323., 323., 323., 323., 355.,
       323., 323., 323., 355., 323., 355., 323., 323., 323., 323., 323.,
       323., 323., 323., 323., 323., 323., 323., 323., 323., 323., 323.,
       323., 323., 323., 323., 355., 323., 323., 323., 323., 323., 323.,
       355., 323., 323., 323., 355., 323., 323., 323., 323., 323., 323.,
       323., 323., 323.]), 'class_mean_width_scaled': array([0.90985915, 0.90985915, 0.90985915, 0.99549296, 0.90985915,
       0.90985915, 0.91486698, 0.90985915, 0.90985915, 0.90985915,
       0.90985915, 0.90985915, 0.91486698, 0.90985915, 0.90985915,
       1.        , 0.90985915, 0.96501112, 0.90985915, 0.90985915,
       0.90985915, 0.90985915, 0.90985915, 0.90985915, 0.90985915,
       0.90985915, 0.90985915, 0.90985915, 0.91679307, 0.90985915,
       0.90985915, 0.90985915, 0.90985915, 0.90985915, 0.90985915,
       0.93098592, 0.97303823, 0.90985915, 0.90985915, 0.90985915,
       0.90985915, 0.90985915, 0.90985915, 0.90985915, 0.90985915,
       0.90985915, 0.90985915, 0.97402191, 0.90985915, 0.90985915,
       0.90985915, 0.90985915, 0.90985915, 0.90985915, 0.90985915,
       0.90985915, 0.90985915, 0.90985915, 0.90985915, 0.90985915,
       0.90985915, 0.90985915, 0.90985915, 0.90985915, 0.90985915,
       0.90985915, 0.90985915, 0.90985915, 0.90985915, 0.90985915,
       0.90985915, 0.99141516, 0.90985915, 0.91004695, 0.90985915,
       0.90985915, 0.90985915, 0.91460341, 0.90985915, 0.96619718,
       0.90985915, 0.90985915, 0.90985915, 0.90985915, 0.90985915,
       0.92917505, 0.92794663, 0.91586854, 0.91629779, 0.90985915,
       0.90985915, 0.90985915, 0.90985915, 0.90985915, 0.90985915,
       0.90985915, 0.90985915, 0.90985915, 0.90985915, 0.98576723,
       0.90985915, 0.90985915, 0.92187793, 0.95492958, 0.90985915,
       0.90985915, 0.90985915, 0.90985915, 0.90985915, 0.91460341,
       0.90985915, 0.90985915, 0.90985915, 0.92788732, 0.90985915,
       0.90985915, 0.90985915, 0.90985915, 0.90985915, 0.90985915,
       0.98873239, 0.91549296, 0.90985915, 0.90985915, 0.90985915,
       0.90985915, 0.90985915, 0.90985915, 0.90985915, 0.91516156,
       0.90985915, 0.90985915, 0.90985915, 0.90985915, 0.92187793,
       0.90985915, 0.90985915, 0.91486698, 0.96394366, 0.92112676,
       0.91586854, 0.91004695, 0.90985915, 0.92075117, 0.90985915,
       0.90985915, 0.90985915, 0.90985915, 0.90985915, 0.90985915,
       0.90985915, 0.90985915, 0.90985915, 0.90985915, 0.90985915,
       0.90985915, 0.97387964, 0.90985915, 0.90985915, 0.90985915,
       0.90985915, 0.90985915, 0.90985915, 0.90985915, 0.90985915,
       0.90985915, 0.91004695, 0.90985915, 0.90985915, 0.91486698,
       0.91516156, 0.90985915, 0.90985915, 0.90985915, 0.90985915,
       0.9399061 , 0.90985915, 0.90985915, 0.90985915, 0.90985915,
       0.90985915, 0.90985915, 0.90985915, 0.90985915, 0.91004695,
       0.90985915, 0.90985915, 0.90985915, 0.90985915, 0.90985915,
       0.90985915, 0.90985915, 0.90985915, 0.90985915, 0.90985915,
       0.90985915, 0.91416736, 0.90985915, 0.90985915, 0.90985915,
       0.90985915, 0.90985915, 0.90985915, 0.90985915, 0.90985915,
       0.90985915, 0.99513444, 0.90985915, 0.90985915, 0.90985915,
       0.90985915, 0.90985915, 0.90985915, 0.90985915, 0.97077465,
       0.91934766, 0.90985915, 0.90985915, 0.90985915, 0.90985915,
       0.90985915, 0.91549296, 0.90985915, 0.91549296, 0.90985915,
       0.90985915, 0.90985915, 0.90985915, 0.90985915, 0.90985915,
       0.91415158, 0.90985915, 0.90985915, 0.90985915, 0.90985915,
       0.90985915, 0.90985915, 0.90985915, 0.90985915, 0.90985915,
       0.90985915, 0.90985915, 0.90985915, 0.90985915, 0.90985915,
       0.90985915, 0.90985915, 0.90985915, 0.90985915, 0.90985915,
       0.90985915, 0.90985915, 0.90985915, 0.90985915, 0.90985915,
       0.90985915, 0.90985915, 0.90985915, 0.90985915, 0.90985915,
       0.90985915, 0.90985915, 0.90985915, 0.90985915, 0.91474178,
       0.90985915, 0.94067937, 0.90985915, 0.9131977 , 0.90985915,
       0.90985915, 0.90985915, 0.91004695, 0.90985915, 0.99409792,
       0.90985915, 0.90985915, 0.91549296, 0.90985915, 0.90985915,
       0.91023474, 0.90985915, 0.90985915, 0.90985915, 0.90985915,
       0.90985915, 0.90985915, 0.90985915, 0.90985915, 0.9584507 ,
       0.90985915, 0.90985915, 0.90985915, 0.94366197, 0.90985915,
       0.90985915, 0.91549296, 0.90985915, 0.90985915, 0.92788732,
       0.90985915, 0.90985915, 0.90985915, 0.90985915, 0.90985915,
       0.90985915, 0.90985915, 0.99887324, 0.90985915, 0.90985915,
       0.92576636, 0.99286385, 0.90985915, 0.976485  , 0.90985915,
       0.90985915, 0.90985915, 0.90985915, 0.90985915, 0.90985915,
       0.90985915, 0.90985915, 0.90985915, 0.90985915, 0.92273642,
       0.90985915, 0.90985915, 0.90985915, 0.90985915, 0.90985915,
       0.90985915, 0.90985915, 0.90985915, 0.90985915, 0.98409279,
       0.90985915, 0.90985915, 0.90985915, 0.90985915, 0.90985915,
       0.90998163, 0.96056338, 0.90985915, 0.90985915, 0.90985915,
       0.9946976 , 0.90985915, 0.90985915, 0.90985915, 0.92372698,
       0.91529175, 0.90985915, 0.90985915, 0.90985915, 0.90985915]), 'class_median_width_scaled': array([0.90985915, 0.90985915, 0.90985915, 1.        , 0.90985915,
       0.90985915, 0.90985915, 0.90985915, 0.90985915, 0.90985915,
       0.90985915, 0.90985915, 0.90985915, 0.90985915, 0.90985915,
       1.        , 0.90985915, 1.        , 0.90985915, 0.90985915,
       0.90985915, 0.90985915, 0.90985915, 0.90985915, 0.90985915,
       0.90985915, 0.90985915, 0.90985915, 0.90985915, 0.90985915,
       0.90985915, 0.90985915, 0.90985915, 0.90985915, 0.90985915,
       1.        , 1.        , 0.90985915, 0.90985915, 0.90985915,
       0.90985915, 0.90985915, 0.90985915, 0.90985915, 0.90985915,
       0.90985915, 0.90985915, 1.        , 0.90985915, 0.90985915,
       0.90985915, 0.90985915, 0.90985915, 0.90985915, 0.90985915,
       0.90985915, 0.90985915, 0.90985915, 0.90985915, 0.90985915,
       0.90985915, 0.90985915, 0.90985915, 0.90985915, 0.90985915,
       0.90985915, 0.90985915, 0.90985915, 0.90985915, 0.90985915,
       0.90985915, 1.        , 0.90985915, 0.90985915, 0.90985915,
       0.90985915, 0.90985915, 0.90985915, 0.90985915, 1.        ,
       0.90985915, 0.90985915, 0.90985915, 0.90985915, 0.90985915,
       0.90985915, 0.90985915, 0.90985915, 0.90985915, 0.90985915,
       0.90985915, 0.90985915, 0.90985915, 0.90985915, 0.90985915,
       0.90985915, 0.90985915, 0.90985915, 0.90985915, 1.        ,
       0.90985915, 0.90985915, 0.90985915, 0.95492958, 0.90985915,
       0.90985915, 0.90985915, 0.90985915, 0.90985915, 0.90985915,
       0.90985915, 0.90985915, 0.90985915, 0.90985915, 0.90985915,
       0.90985915, 0.90985915, 0.90985915, 0.90985915, 0.90985915,
       1.        , 0.90985915, 0.90985915, 0.90985915, 0.90985915,
       0.90985915, 0.90985915, 0.90985915, 0.90985915, 0.90985915,
       0.90985915, 0.90985915, 0.90985915, 0.90985915, 0.90985915,
       0.90985915, 0.90985915, 0.90985915, 1.        , 0.90985915,
       0.90985915, 0.90985915, 0.90985915, 0.90985915, 0.90985915,
       0.90985915, 0.90985915, 0.90985915, 0.90985915, 0.90985915,
       0.90985915, 0.90985915, 0.90985915, 0.90985915, 0.90985915,
       0.90985915, 1.        , 0.90985915, 0.90985915, 0.90985915,
       0.90985915, 0.90985915, 0.90985915, 0.90985915, 0.90985915,
       0.90985915, 0.90985915, 0.90985915, 0.90985915, 0.90985915,
       0.90985915, 0.90985915, 0.90985915, 0.90985915, 0.90985915,
       0.90985915, 0.90985915, 0.90985915, 0.90985915, 0.90985915,
       0.90985915, 0.90985915, 0.90985915, 0.90985915, 0.90985915,
       0.90985915, 0.90985915, 0.90985915, 0.90985915, 0.90985915,
       0.90985915, 0.90985915, 0.90985915, 0.90985915, 0.90985915,
       0.90985915, 0.90985915, 0.90985915, 0.90985915, 0.90985915,
       0.90985915, 0.90985915, 0.90985915, 0.90985915, 0.90985915,
       0.90985915, 1.        , 0.90985915, 0.90985915, 0.90985915,
       0.90985915, 0.90985915, 0.90985915, 0.90985915, 1.        ,
       0.90985915, 0.90985915, 0.90985915, 0.90985915, 0.90985915,
       0.90985915, 0.90985915, 0.90985915, 0.90985915, 0.90985915,
       0.90985915, 0.90985915, 0.90985915, 0.90985915, 0.90985915,
       0.90985915, 0.90985915, 0.90985915, 0.90985915, 0.90985915,
       0.90985915, 0.90985915, 0.90985915, 0.90985915, 0.90985915,
       0.90985915, 0.90985915, 0.90985915, 0.90985915, 0.90985915,
       0.90985915, 0.90985915, 0.90985915, 0.90985915, 0.90985915,
       0.90985915, 0.90985915, 0.90985915, 0.90985915, 0.90985915,
       0.90985915, 0.90985915, 0.90985915, 0.90985915, 0.90985915,
       0.90985915, 0.90985915, 0.90985915, 0.90985915, 0.90985915,
       0.90985915, 0.90985915, 0.90985915, 0.90985915, 0.90985915,
       0.90985915, 0.90985915, 0.90985915, 0.90985915, 1.        ,
       0.90985915, 0.90985915, 0.90985915, 0.90985915, 0.90985915,
       0.90985915, 0.90985915, 0.90985915, 0.90985915, 0.90985915,
       0.90985915, 0.90985915, 0.90985915, 0.90985915, 0.98309859,
       0.90985915, 0.90985915, 0.90985915, 0.90985915, 0.90985915,
       0.90985915, 0.90985915, 0.90985915, 0.90985915, 0.90985915,
       0.90985915, 0.90985915, 0.90985915, 0.90985915, 0.90985915,
       0.90985915, 0.90985915, 1.        , 0.90985915, 0.90985915,
       0.90985915, 1.        , 0.90985915, 1.        , 0.90985915,
       0.90985915, 0.90985915, 0.90985915, 0.90985915, 0.90985915,
       0.90985915, 0.90985915, 0.90985915, 0.90985915, 0.90985915,
       0.90985915, 0.90985915, 0.90985915, 0.90985915, 0.90985915,
       0.90985915, 0.90985915, 0.90985915, 0.90985915, 1.        ,
       0.90985915, 0.90985915, 0.90985915, 0.90985915, 0.90985915,
       0.90985915, 1.        , 0.90985915, 0.90985915, 0.90985915,
       1.        , 0.90985915, 0.90985915, 0.90985915, 0.90985915,
       0.90985915, 0.90985915, 0.90985915, 0.90985915, 0.90985915])}

Job completed at Wed Mar 19 06:25:17 PM PDT 2025
