Starting job at Wed Mar 19 06:25:15 PM PDT 2025
Job parameters:
Dataset: data_dionis
UQ Method: split_conformal_naive
Estimator: AdaBoost
Seed: 783
Train Size: 0.8
Running split_conformal_naive on data_dionis with seed 783 and train size 0.8

starting experiment

data created

Fitting split_conformal_naive_AdaBoost on data_dionis with seed 783

split_conformal_naive_AdaBoost metrics: {'coverage': np.float64(0.9715), 'mean_width': np.float64(304.2865), 'median_width': np.float64(308.0), 'mean_width_scaled': np.float64(0.8571450704225352), 'median_width_scaled': np.float64(0.8676056338028169)}

split_conformal_naive_AdaBoost full metrics: {'coverage': np.float64(0.9715), 'mean_width': np.float64(304.2865), 'median_width': np.float64(308.0), 'mean_width_scaled': np.float64(0.8571450704225352), 'median_width_scaled': np.float64(0.8676056338028169)}

split_conformal_naive_AdaBoost class metrics: {'class_coverage': array([1.        , 1.        , 1.        , 0.9       , 1.        ,
       1.        , 1.        , 1.        , 1.        , 1.        ,
       1.        , 1.        , 1.        , 1.        , 1.        ,
       0.95      , 1.        , 0.63157895, 1.        , 1.        ,
       0.66666667, 1.        , 1.        , 1.        , 1.        ,
       1.        , 1.        , 1.        , 1.        , 1.        ,
       1.        , 1.        , 1.        , 1.        , 1.        ,
       0.9375    , 0.64285714, 1.        , 1.        , 0.5625    ,
       1.        , 1.        , 1.        , 1.        , 1.        ,
       1.        , 1.        , 0.72222222, 1.        , 1.        ,
       1.        , 1.        , 1.        , 1.        , 1.        ,
       1.        , 1.        , 1.        , 1.        , 1.        ,
       1.        , 1.        , 1.        , 1.        , 0.93333333,
       1.        , 0.94444444, 1.        , 1.        , 1.        ,
       1.        , 0.85714286, 1.        , 0.93333333, 1.        ,
       1.        , 1.        , 1.        , 1.        , 1.        ,
       1.        , 1.        , 1.        , 1.        , 1.        ,
       0.78571429, 1.        , 1.        , 1.        , 1.        ,
       1.        , 1.        , 1.        , 0.86666667, 1.        ,
       1.        , 1.        , 1.        , 1.        , 0.73684211,
       1.        , 1.        , 0.93333333, 0.4375    , 1.        ,
       1.        , 1.        , 1.        , 1.        , 1.        ,
       1.        , 1.        , 1.        , 1.        , 1.        ,
       1.        , 1.        , 0.8125    , 1.        , 1.        ,
       0.84210526, 1.        , 0.96      , 1.        , 1.        ,
       1.        , 1.        , 1.        , 1.        , 1.        ,
       1.        , 1.        , 0.93333333, 1.        , 0.8       ,
       0.93333333, 1.        , 1.        , 0.8       , 1.        ,
       1.        , 1.        , 1.        , 1.        , 1.        ,
       1.        , 1.        , 1.        , 1.        , 1.        ,
       1.        , 1.        , 1.        , 1.        , 1.        ,
       1.        , 0.5       , 1.        , 1.        , 1.        ,
       1.        , 1.        , 1.        , 1.        , 1.        ,
       1.        , 1.        , 1.        , 1.        , 1.        ,
       0.94117647, 1.        , 1.        , 1.        , 0.9375    ,
       0.93333333, 1.        , 1.        , 1.        , 1.        ,
       1.        , 1.        , 1.        , 1.        , 1.        ,
       1.        , 1.        , 1.        , 1.        , 0.94444444,
       1.        , 1.        , 0.73333333, 1.        , 1.        ,
       1.        , 0.88235294, 1.        , 1.        , 1.        ,
       1.        , 1.        , 1.        , 1.        , 1.        ,
       1.        , 0.90909091, 1.        , 1.        , 0.93333333,
       0.78571429, 1.        , 1.        , 0.8       , 0.625     ,
       1.        , 1.        , 1.        , 1.        , 1.        ,
       1.        , 1.        , 1.        , 1.        , 1.        ,
       1.        , 1.        , 1.        , 1.        , 1.        ,
       1.        , 1.        , 1.        , 1.        , 1.        ,
       1.        , 1.        , 1.        , 1.        , 1.        ,
       1.        , 1.        , 1.        , 1.        , 1.        ,
       1.        , 0.92857143, 1.        , 1.        , 1.        ,
       1.        , 1.        , 1.        , 1.        , 1.        ,
       1.        , 1.        , 1.        , 1.        , 1.        ,
       0.65      , 1.        , 1.        , 1.        , 0.93333333,
       1.        , 1.        , 1.        , 1.        , 1.        ,
       1.        , 1.        , 1.        , 1.        , 0.85714286,
       1.        , 1.        , 1.        , 1.        , 1.        ,
       1.        , 1.        , 1.        , 1.        , 1.        ,
       0.73529412, 0.94444444, 1.        , 1.        , 1.        ,
       0.88888889, 1.        , 1.        , 1.        , 1.        ,
       1.        , 1.        , 1.        , 1.        , 0.93333333,
       1.        , 0.4       , 1.        , 0.92857143, 0.86666667,
       1.        , 1.        , 1.        , 1.        , 1.        ,
       1.        , 1.        , 1.        , 0.73913043, 1.        ,
       1.        , 1.        , 1.        , 1.        , 1.        ,
       1.        , 1.        , 1.        , 1.        , 0.07142857,
       1.        , 1.        , 1.        , 1.        , 1.        ,
       1.        , 1.        , 1.        , 1.        , 0.70588235,
       1.        , 1.        , 1.        , 1.        , 1.        ,
       1.        , 1.        , 1.        , 1.        , 1.        ,
       1.        , 1.        , 1.        , 1.        , 1.        ,
       1.        , 1.        , 1.        , 1.        , 1.        ]), 'class_mean_width': array([308.        , 308.        , 308.        , 257.6       ,
       308.        , 308.        , 297.16666667, 308.4       ,
       308.        , 308.        , 308.        , 308.        ,
       308.        , 308.        , 308.        , 254.8       ,
       308.        , 272.63157895, 308.        , 308.        ,
       312.        , 308.        , 317.5       , 308.        ,
       308.375     , 307.58333333, 308.        , 308.        ,
       308.        , 308.        , 312.73684211, 308.        ,
       308.35294118, 308.        , 308.        , 255.5       ,
       174.14285714, 308.8       , 304.        , 311.375     ,
       308.        , 308.75      , 304.70588235, 308.        ,
       308.        , 308.        , 308.        , 267.55555556,
       308.        , 308.        , 308.        , 308.        ,
       308.        , 308.        , 308.        , 308.        ,
       308.        , 308.        , 308.        , 308.4       ,
       308.        , 308.        , 308.        , 307.85714286,
       304.26666667, 308.        , 295.83333333, 309.52941176,
       308.        , 308.        , 308.        , 260.        ,
       308.        , 313.6       , 308.        , 308.        ,
       308.        , 307.21052632, 308.        , 259.        ,
       308.        , 308.        , 308.        , 311.88235294,
       308.375     , 251.14285714, 296.21052632, 304.13333333,
       308.        , 308.        , 308.        , 308.        ,
       308.35294118, 313.2       , 308.        , 308.        ,
       308.23529412, 308.        , 308.        , 251.73684211,
       308.        , 308.4       , 304.26666667, 283.875     ,
       308.        , 308.        , 308.        , 308.        ,
       308.42857143, 308.        , 308.        , 308.        ,
       308.        , 308.        , 308.        , 308.        ,
       308.        , 312.875     , 308.        , 308.        ,
       260.84210526, 304.5       , 313.76      , 308.        ,
       308.        , 308.63157895, 308.        , 308.        ,
       308.        , 304.70588235, 308.        , 308.        ,
       304.26666667, 308.42857143, 312.8       , 304.26666667,
       309.2       , 295.55555556, 266.8       , 308.        ,
       308.        , 308.        , 308.        , 308.        ,
       308.        , 308.        , 308.        , 308.        ,
       308.        , 308.        , 308.        , 308.        ,
       308.        , 308.        , 308.        , 308.        ,
       280.        , 311.        , 310.        , 308.        ,
       308.        , 308.        , 308.        , 308.        ,
       308.        , 308.        , 308.        , 308.        ,
       308.        , 308.        , 310.35294118, 314.        ,
       311.13043478, 308.4       , 295.4375    , 293.33333333,
       308.        , 308.        , 308.        , 308.        ,
       308.        , 308.        , 308.        , 308.        ,
       308.        , 308.        , 308.        , 308.        ,
       314.        , 313.66666667, 308.35294118, 308.        ,
       312.4       , 308.        , 308.3       , 313.29411765,
       279.05882353, 308.        , 308.        , 308.        ,
       308.        , 308.        , 308.        , 308.        ,
       308.28571429, 308.        , 257.09090909, 308.        ,
       308.        , 313.6       , 312.71428571, 308.        ,
       308.        , 312.8       , 273.        , 305.05263158,
       308.        , 308.        , 304.5       , 309.9047619 ,
       308.        , 304.5       , 308.        , 308.        ,
       308.        , 308.4       , 308.        , 308.85714286,
       308.        , 308.75      , 302.57142857, 308.        ,
       308.        , 308.        , 308.        , 308.        ,
       308.375     , 308.        , 308.        , 308.        ,
       308.4       , 308.        , 308.        , 308.        ,
       308.        , 308.        , 313.57142857, 308.        ,
       308.        , 308.        , 308.        , 308.        ,
       304.42857143, 308.        , 308.        , 308.        ,
       308.        , 308.        , 308.28571429, 308.        ,
       311.9       , 308.        , 308.        , 308.        ,
       304.26666667, 308.        , 281.64705882, 308.        ,
       308.        , 308.        , 311.06666667, 308.        ,
       308.4       , 308.        , 260.        , 308.        ,
       308.        , 304.5       , 308.        , 311.2       ,
       308.        , 308.3       , 308.4       , 314.        ,
       308.        , 312.41176471, 304.88888889, 308.        ,
       308.        , 283.25      , 313.33333333, 308.        ,
       308.        , 294.        , 308.375     , 309.71428571,
       308.        , 308.        , 304.5       , 304.66666667,
       308.        , 310.4       , 308.        , 313.57142857,
       300.53333333, 308.        , 308.75      , 236.73333333,
       308.        , 308.66666667, 286.22222222, 252.        ,
       308.        , 266.52173913, 308.        , 308.        ,
       308.        , 308.        , 308.        , 308.        ,
       308.63157895, 308.        , 311.81818182, 308.375     ,
       304.        , 308.        , 308.        , 308.375     ,
       308.        , 308.        , 308.        , 308.        ,
       308.        , 308.        , 241.52941176, 308.        ,
       308.        , 308.        , 308.        , 308.        ,
       308.        , 276.5       , 308.        , 308.        ,
       308.        , 252.        , 304.5       , 308.        ,
       308.        , 308.        , 308.        , 308.        ,
       305.05263158, 308.        , 308.        ]), 'class_median_width': array([308., 308., 308., 252., 308., 308., 308., 308., 308., 308., 308.,
       308., 308., 308., 308., 252., 308., 252., 308., 308., 314., 308.,
       314., 308., 308., 308., 308., 308., 308., 308., 314., 308., 308.,
       308., 308., 252., 252., 308., 308., 314., 308., 308., 308., 308.,
       308., 308., 308., 252., 308., 308., 308., 308., 308., 308., 308.,
       308., 308., 308., 308., 308., 308., 308., 308., 308., 308., 308.,
       314., 308., 308., 308., 308., 252., 308., 314., 308., 308., 308.,
       308., 308., 252., 308., 308., 308., 314., 308., 314., 308., 308.,
       308., 308., 308., 308., 308., 314., 308., 308., 308., 308., 308.,
       252., 308., 308., 308., 308., 308., 308., 308., 308., 308., 308.,
       308., 308., 308., 308., 308., 308., 308., 314., 308., 308., 252.,
       308., 314., 308., 308., 308., 308., 308., 308., 308., 308., 308.,
       308., 308., 314., 308., 308., 308., 252., 308., 308., 308., 308.,
       308., 308., 308., 308., 308., 308., 308., 308., 308., 308., 308.,
       308., 308., 280., 311., 308., 308., 308., 308., 308., 308., 308.,
       308., 308., 308., 308., 308., 314., 314., 314., 308., 314., 308.,
       308., 308., 308., 308., 308., 308., 308., 308., 308., 308., 308.,
       308., 314., 314., 308., 308., 314., 308., 308., 314., 314., 308.,
       308., 308., 308., 308., 308., 308., 308., 308., 252., 308., 308.,
       314., 314., 308., 308., 314., 252., 308., 308., 308., 308., 308.,
       308., 308., 308., 308., 308., 308., 308., 308., 308., 308., 308.,
       308., 308., 308., 308., 308., 308., 308., 308., 308., 308., 308.,
       308., 308., 308., 308., 314., 308., 308., 308., 308., 308., 308.,
       308., 308., 308., 308., 308., 308., 308., 314., 308., 308., 308.,
       308., 308., 308., 308., 308., 308., 314., 308., 308., 308., 252.,
       308., 308., 308., 308., 314., 308., 308., 308., 314., 308., 314.,
       308., 308., 308., 306., 314., 308., 308., 308., 308., 308., 308.,
       308., 308., 308., 308., 308., 308., 314., 308., 308., 308., 252.,
       308., 308., 308., 252., 308., 252., 308., 308., 308., 308., 308.,
       308., 308., 308., 314., 308., 308., 308., 308., 308., 308., 308.,
       308., 308., 308., 308., 252., 308., 308., 308., 308., 308., 308.,
       252., 308., 308., 308., 252., 308., 308., 308., 308., 308., 308.,
       308., 308., 308.]), 'class_mean_width_scaled': array([0.86760563, 0.86760563, 0.86760563, 0.7256338 , 0.86760563,
       0.86760563, 0.8370892 , 0.86873239, 0.86760563, 0.86760563,
       0.86760563, 0.86760563, 0.86760563, 0.86760563, 0.86760563,
       0.71774648, 0.86760563, 0.76797628, 0.86760563, 0.86760563,
       0.87887324, 0.86760563, 0.8943662 , 0.86760563, 0.86866197,
       0.86643192, 0.86760563, 0.86760563, 0.86760563, 0.86760563,
       0.88094885, 0.86760563, 0.86859983, 0.86760563, 0.86760563,
       0.71971831, 0.49054326, 0.86985915, 0.85633803, 0.87711268,
       0.86760563, 0.86971831, 0.85832643, 0.86760563, 0.86760563,
       0.86760563, 0.86760563, 0.75367762, 0.86760563, 0.86760563,
       0.86760563, 0.86760563, 0.86760563, 0.86760563, 0.86760563,
       0.86760563, 0.86760563, 0.86760563, 0.86760563, 0.86873239,
       0.86760563, 0.86760563, 0.86760563, 0.86720322, 0.8570892 ,
       0.86760563, 0.83333333, 0.87191384, 0.86760563, 0.86760563,
       0.86760563, 0.73239437, 0.86760563, 0.88338028, 0.86760563,
       0.86760563, 0.86760563, 0.86538176, 0.86760563, 0.72957746,
       0.86760563, 0.86760563, 0.86760563, 0.87854184, 0.86866197,
       0.70744467, 0.83439585, 0.85671362, 0.86760563, 0.86760563,
       0.86760563, 0.86760563, 0.86859983, 0.88225352, 0.86760563,
       0.86760563, 0.86826843, 0.86760563, 0.86760563, 0.70911787,
       0.86760563, 0.86873239, 0.8570892 , 0.79964789, 0.86760563,
       0.86760563, 0.86760563, 0.86760563, 0.86881288, 0.86760563,
       0.86760563, 0.86760563, 0.86760563, 0.86760563, 0.86760563,
       0.86760563, 0.86760563, 0.88133803, 0.86760563, 0.86760563,
       0.73476649, 0.85774648, 0.88383099, 0.86760563, 0.86760563,
       0.86938473, 0.86760563, 0.86760563, 0.86760563, 0.85832643,
       0.86760563, 0.86760563, 0.8570892 , 0.86881288, 0.88112676,
       0.8570892 , 0.87098592, 0.83255086, 0.7515493 , 0.86760563,
       0.86760563, 0.86760563, 0.86760563, 0.86760563, 0.86760563,
       0.86760563, 0.86760563, 0.86760563, 0.86760563, 0.86760563,
       0.86760563, 0.86760563, 0.86760563, 0.86760563, 0.86760563,
       0.86760563, 0.78873239, 0.87605634, 0.87323944, 0.86760563,
       0.86760563, 0.86760563, 0.86760563, 0.86760563, 0.86760563,
       0.86760563, 0.86760563, 0.86760563, 0.86760563, 0.86760563,
       0.87423364, 0.88450704, 0.87642376, 0.86873239, 0.83221831,
       0.82629108, 0.86760563, 0.86760563, 0.86760563, 0.86760563,
       0.86760563, 0.86760563, 0.86760563, 0.86760563, 0.86760563,
       0.86760563, 0.86760563, 0.86760563, 0.88450704, 0.88356808,
       0.86859983, 0.86760563, 0.88      , 0.86760563, 0.8684507 ,
       0.88251864, 0.78608119, 0.86760563, 0.86760563, 0.86760563,
       0.86760563, 0.86760563, 0.86760563, 0.86760563, 0.86841046,
       0.86760563, 0.72419974, 0.86760563, 0.86760563, 0.88338028,
       0.88088531, 0.86760563, 0.86760563, 0.88112676, 0.76901408,
       0.85930319, 0.86760563, 0.86760563, 0.85774648, 0.87297116,
       0.86760563, 0.85774648, 0.86760563, 0.86760563, 0.86760563,
       0.86873239, 0.86760563, 0.87002012, 0.86760563, 0.86971831,
       0.85231388, 0.86760563, 0.86760563, 0.86760563, 0.86760563,
       0.86760563, 0.86866197, 0.86760563, 0.86760563, 0.86760563,
       0.86873239, 0.86760563, 0.86760563, 0.86760563, 0.86760563,
       0.86760563, 0.8832998 , 0.86760563, 0.86760563, 0.86760563,
       0.86760563, 0.86760563, 0.85754527, 0.86760563, 0.86760563,
       0.86760563, 0.86760563, 0.86760563, 0.86841046, 0.86760563,
       0.87859155, 0.86760563, 0.86760563, 0.86760563, 0.8570892 ,
       0.86760563, 0.793372  , 0.86760563, 0.86760563, 0.86760563,
       0.87624413, 0.86760563, 0.86873239, 0.86760563, 0.73239437,
       0.86760563, 0.86760563, 0.85774648, 0.86760563, 0.87661972,
       0.86760563, 0.8684507 , 0.86873239, 0.88450704, 0.86760563,
       0.88003314, 0.85884194, 0.86760563, 0.86760563, 0.79788732,
       0.88262911, 0.86760563, 0.86760563, 0.82816901, 0.86866197,
       0.87243461, 0.86760563, 0.86760563, 0.85774648, 0.85821596,
       0.86760563, 0.8743662 , 0.86760563, 0.8832998 , 0.84657277,
       0.86760563, 0.86971831, 0.66685446, 0.86760563, 0.86948357,
       0.80625978, 0.70985915, 0.86760563, 0.75076546, 0.86760563,
       0.86760563, 0.86760563, 0.86760563, 0.86760563, 0.86760563,
       0.86938473, 0.86760563, 0.87836108, 0.86866197, 0.85633803,
       0.86760563, 0.86760563, 0.86866197, 0.86760563, 0.86760563,
       0.86760563, 0.86760563, 0.86760563, 0.86760563, 0.68036454,
       0.86760563, 0.86760563, 0.86760563, 0.86760563, 0.86760563,
       0.86760563, 0.77887324, 0.86760563, 0.86760563, 0.86760563,
       0.70985915, 0.85774648, 0.86760563, 0.86760563, 0.86760563,
       0.86760563, 0.86760563, 0.85930319, 0.86760563, 0.86760563]), 'class_median_width_scaled': array([0.86760563, 0.86760563, 0.86760563, 0.70985915, 0.86760563,
       0.86760563, 0.86760563, 0.86760563, 0.86760563, 0.86760563,
       0.86760563, 0.86760563, 0.86760563, 0.86760563, 0.86760563,
       0.70985915, 0.86760563, 0.70985915, 0.86760563, 0.86760563,
       0.88450704, 0.86760563, 0.88450704, 0.86760563, 0.86760563,
       0.86760563, 0.86760563, 0.86760563, 0.86760563, 0.86760563,
       0.88450704, 0.86760563, 0.86760563, 0.86760563, 0.86760563,
       0.70985915, 0.70985915, 0.86760563, 0.86760563, 0.88450704,
       0.86760563, 0.86760563, 0.86760563, 0.86760563, 0.86760563,
       0.86760563, 0.86760563, 0.70985915, 0.86760563, 0.86760563,
       0.86760563, 0.86760563, 0.86760563, 0.86760563, 0.86760563,
       0.86760563, 0.86760563, 0.86760563, 0.86760563, 0.86760563,
       0.86760563, 0.86760563, 0.86760563, 0.86760563, 0.86760563,
       0.86760563, 0.88450704, 0.86760563, 0.86760563, 0.86760563,
       0.86760563, 0.70985915, 0.86760563, 0.88450704, 0.86760563,
       0.86760563, 0.86760563, 0.86760563, 0.86760563, 0.70985915,
       0.86760563, 0.86760563, 0.86760563, 0.88450704, 0.86760563,
       0.88450704, 0.86760563, 0.86760563, 0.86760563, 0.86760563,
       0.86760563, 0.86760563, 0.86760563, 0.88450704, 0.86760563,
       0.86760563, 0.86760563, 0.86760563, 0.86760563, 0.70985915,
       0.86760563, 0.86760563, 0.86760563, 0.86760563, 0.86760563,
       0.86760563, 0.86760563, 0.86760563, 0.86760563, 0.86760563,
       0.86760563, 0.86760563, 0.86760563, 0.86760563, 0.86760563,
       0.86760563, 0.86760563, 0.88450704, 0.86760563, 0.86760563,
       0.70985915, 0.86760563, 0.88450704, 0.86760563, 0.86760563,
       0.86760563, 0.86760563, 0.86760563, 0.86760563, 0.86760563,
       0.86760563, 0.86760563, 0.86760563, 0.86760563, 0.88450704,
       0.86760563, 0.86760563, 0.86760563, 0.70985915, 0.86760563,
       0.86760563, 0.86760563, 0.86760563, 0.86760563, 0.86760563,
       0.86760563, 0.86760563, 0.86760563, 0.86760563, 0.86760563,
       0.86760563, 0.86760563, 0.86760563, 0.86760563, 0.86760563,
       0.86760563, 0.78873239, 0.87605634, 0.86760563, 0.86760563,
       0.86760563, 0.86760563, 0.86760563, 0.86760563, 0.86760563,
       0.86760563, 0.86760563, 0.86760563, 0.86760563, 0.86760563,
       0.88450704, 0.88450704, 0.88450704, 0.86760563, 0.88450704,
       0.86760563, 0.86760563, 0.86760563, 0.86760563, 0.86760563,
       0.86760563, 0.86760563, 0.86760563, 0.86760563, 0.86760563,
       0.86760563, 0.86760563, 0.86760563, 0.88450704, 0.88450704,
       0.86760563, 0.86760563, 0.88450704, 0.86760563, 0.86760563,
       0.88450704, 0.88450704, 0.86760563, 0.86760563, 0.86760563,
       0.86760563, 0.86760563, 0.86760563, 0.86760563, 0.86760563,
       0.86760563, 0.70985915, 0.86760563, 0.86760563, 0.88450704,
       0.88450704, 0.86760563, 0.86760563, 0.88450704, 0.70985915,
       0.86760563, 0.86760563, 0.86760563, 0.86760563, 0.86760563,
       0.86760563, 0.86760563, 0.86760563, 0.86760563, 0.86760563,
       0.86760563, 0.86760563, 0.86760563, 0.86760563, 0.86760563,
       0.86760563, 0.86760563, 0.86760563, 0.86760563, 0.86760563,
       0.86760563, 0.86760563, 0.86760563, 0.86760563, 0.86760563,
       0.86760563, 0.86760563, 0.86760563, 0.86760563, 0.86760563,
       0.86760563, 0.88450704, 0.86760563, 0.86760563, 0.86760563,
       0.86760563, 0.86760563, 0.86760563, 0.86760563, 0.86760563,
       0.86760563, 0.86760563, 0.86760563, 0.86760563, 0.86760563,
       0.88450704, 0.86760563, 0.86760563, 0.86760563, 0.86760563,
       0.86760563, 0.86760563, 0.86760563, 0.86760563, 0.86760563,
       0.88450704, 0.86760563, 0.86760563, 0.86760563, 0.70985915,
       0.86760563, 0.86760563, 0.86760563, 0.86760563, 0.88450704,
       0.86760563, 0.86760563, 0.86760563, 0.88450704, 0.86760563,
       0.88450704, 0.86760563, 0.86760563, 0.86760563, 0.86197183,
       0.88450704, 0.86760563, 0.86760563, 0.86760563, 0.86760563,
       0.86760563, 0.86760563, 0.86760563, 0.86760563, 0.86760563,
       0.86760563, 0.86760563, 0.86760563, 0.88450704, 0.86760563,
       0.86760563, 0.86760563, 0.70985915, 0.86760563, 0.86760563,
       0.86760563, 0.70985915, 0.86760563, 0.70985915, 0.86760563,
       0.86760563, 0.86760563, 0.86760563, 0.86760563, 0.86760563,
       0.86760563, 0.86760563, 0.88450704, 0.86760563, 0.86760563,
       0.86760563, 0.86760563, 0.86760563, 0.86760563, 0.86760563,
       0.86760563, 0.86760563, 0.86760563, 0.86760563, 0.70985915,
       0.86760563, 0.86760563, 0.86760563, 0.86760563, 0.86760563,
       0.86760563, 0.70985915, 0.86760563, 0.86760563, 0.86760563,
       0.70985915, 0.86760563, 0.86760563, 0.86760563, 0.86760563,
       0.86760563, 0.86760563, 0.86760563, 0.86760563, 0.86760563])}

split_conformal_naive_AdaBoost full class metrics: {'class_coverage': array([1.        , 1.        , 1.        , 0.9       , 1.        ,
       1.        , 1.        , 1.        , 1.        , 1.        ,
       1.        , 1.        , 1.        , 1.        , 1.        ,
       0.95      , 1.        , 0.63157895, 1.        , 1.        ,
       0.66666667, 1.        , 1.        , 1.        , 1.        ,
       1.        , 1.        , 1.        , 1.        , 1.        ,
       1.        , 1.        , 1.        , 1.        , 1.        ,
       0.9375    , 0.64285714, 1.        , 1.        , 0.5625    ,
       1.        , 1.        , 1.        , 1.        , 1.        ,
       1.        , 1.        , 0.72222222, 1.        , 1.        ,
       1.        , 1.        , 1.        , 1.        , 1.        ,
       1.        , 1.        , 1.        , 1.        , 1.        ,
       1.        , 1.        , 1.        , 1.        , 0.93333333,
       1.        , 0.94444444, 1.        , 1.        , 1.        ,
       1.        , 0.85714286, 1.        , 0.93333333, 1.        ,
       1.        , 1.        , 1.        , 1.        , 1.        ,
       1.        , 1.        , 1.        , 1.        , 1.        ,
       0.78571429, 1.        , 1.        , 1.        , 1.        ,
       1.        , 1.        , 1.        , 0.86666667, 1.        ,
       1.        , 1.        , 1.        , 1.        , 0.73684211,
       1.        , 1.        , 0.93333333, 0.4375    , 1.        ,
       1.        , 1.        , 1.        , 1.        , 1.        ,
       1.        , 1.        , 1.        , 1.        , 1.        ,
       1.        , 1.        , 0.8125    , 1.        , 1.        ,
       0.84210526, 1.        , 0.96      , 1.        , 1.        ,
       1.        , 1.        , 1.        , 1.        , 1.        ,
       1.        , 1.        , 0.93333333, 1.        , 0.8       ,
       0.93333333, 1.        , 1.        , 0.8       , 1.        ,
       1.        , 1.        , 1.        , 1.        , 1.        ,
       1.        , 1.        , 1.        , 1.        , 1.        ,
       1.        , 1.        , 1.        , 1.        , 1.        ,
       1.        , 0.5       , 1.        , 1.        , 1.        ,
       1.        , 1.        , 1.        , 1.        , 1.        ,
       1.        , 1.        , 1.        , 1.        , 1.        ,
       0.94117647, 1.        , 1.        , 1.        , 0.9375    ,
       0.93333333, 1.        , 1.        , 1.        , 1.        ,
       1.        , 1.        , 1.        , 1.        , 1.        ,
       1.        , 1.        , 1.        , 1.        , 0.94444444,
       1.        , 1.        , 0.73333333, 1.        , 1.        ,
       1.        , 0.88235294, 1.        , 1.        , 1.        ,
       1.        , 1.        , 1.        , 1.        , 1.        ,
       1.        , 0.90909091, 1.        , 1.        , 0.93333333,
       0.78571429, 1.        , 1.        , 0.8       , 0.625     ,
       1.        , 1.        , 1.        , 1.        , 1.        ,
       1.        , 1.        , 1.        , 1.        , 1.        ,
       1.        , 1.        , 1.        , 1.        , 1.        ,
       1.        , 1.        , 1.        , 1.        , 1.        ,
       1.        , 1.        , 1.        , 1.        , 1.        ,
       1.        , 1.        , 1.        , 1.        , 1.        ,
       1.        , 0.92857143, 1.        , 1.        , 1.        ,
       1.        , 1.        , 1.        , 1.        , 1.        ,
       1.        , 1.        , 1.        , 1.        , 1.        ,
       0.65      , 1.        , 1.        , 1.        , 0.93333333,
       1.        , 1.        , 1.        , 1.        , 1.        ,
       1.        , 1.        , 1.        , 1.        , 0.85714286,
       1.        , 1.        , 1.        , 1.        , 1.        ,
       1.        , 1.        , 1.        , 1.        , 1.        ,
       0.73529412, 0.94444444, 1.        , 1.        , 1.        ,
       0.88888889, 1.        , 1.        , 1.        , 1.        ,
       1.        , 1.        , 1.        , 1.        , 0.93333333,
       1.        , 0.4       , 1.        , 0.92857143, 0.86666667,
       1.        , 1.        , 1.        , 1.        , 1.        ,
       1.        , 1.        , 1.        , 0.73913043, 1.        ,
       1.        , 1.        , 1.        , 1.        , 1.        ,
       1.        , 1.        , 1.        , 1.        , 0.07142857,
       1.        , 1.        , 1.        , 1.        , 1.        ,
       1.        , 1.        , 1.        , 1.        , 0.70588235,
       1.        , 1.        , 1.        , 1.        , 1.        ,
       1.        , 1.        , 1.        , 1.        , 1.        ,
       1.        , 1.        , 1.        , 1.        , 1.        ,
       1.        , 1.        , 1.        , 1.        , 1.        ]), 'class_mean_width': array([308.        , 308.        , 308.        , 257.6       ,
       308.        , 308.        , 297.16666667, 308.4       ,
       308.        , 308.        , 308.        , 308.        ,
       308.        , 308.        , 308.        , 254.8       ,
       308.        , 272.63157895, 308.        , 308.        ,
       312.        , 308.        , 317.5       , 308.        ,
       308.375     , 307.58333333, 308.        , 308.        ,
       308.        , 308.        , 312.73684211, 308.        ,
       308.35294118, 308.        , 308.        , 255.5       ,
       174.14285714, 308.8       , 304.        , 311.375     ,
       308.        , 308.75      , 304.70588235, 308.        ,
       308.        , 308.        , 308.        , 267.55555556,
       308.        , 308.        , 308.        , 308.        ,
       308.        , 308.        , 308.        , 308.        ,
       308.        , 308.        , 308.        , 308.4       ,
       308.        , 308.        , 308.        , 307.85714286,
       304.26666667, 308.        , 295.83333333, 309.52941176,
       308.        , 308.        , 308.        , 260.        ,
       308.        , 313.6       , 308.        , 308.        ,
       308.        , 307.21052632, 308.        , 259.        ,
       308.        , 308.        , 308.        , 311.88235294,
       308.375     , 251.14285714, 296.21052632, 304.13333333,
       308.        , 308.        , 308.        , 308.        ,
       308.35294118, 313.2       , 308.        , 308.        ,
       308.23529412, 308.        , 308.        , 251.73684211,
       308.        , 308.4       , 304.26666667, 283.875     ,
       308.        , 308.        , 308.        , 308.        ,
       308.42857143, 308.        , 308.        , 308.        ,
       308.        , 308.        , 308.        , 308.        ,
       308.        , 312.875     , 308.        , 308.        ,
       260.84210526, 304.5       , 313.76      , 308.        ,
       308.        , 308.63157895, 308.        , 308.        ,
       308.        , 304.70588235, 308.        , 308.        ,
       304.26666667, 308.42857143, 312.8       , 304.26666667,
       309.2       , 295.55555556, 266.8       , 308.        ,
       308.        , 308.        , 308.        , 308.        ,
       308.        , 308.        , 308.        , 308.        ,
       308.        , 308.        , 308.        , 308.        ,
       308.        , 308.        , 308.        , 308.        ,
       280.        , 311.        , 310.        , 308.        ,
       308.        , 308.        , 308.        , 308.        ,
       308.        , 308.        , 308.        , 308.        ,
       308.        , 308.        , 310.35294118, 314.        ,
       311.13043478, 308.4       , 295.4375    , 293.33333333,
       308.        , 308.        , 308.        , 308.        ,
       308.        , 308.        , 308.        , 308.        ,
       308.        , 308.        , 308.        , 308.        ,
       314.        , 313.66666667, 308.35294118, 308.        ,
       312.4       , 308.        , 308.3       , 313.29411765,
       279.05882353, 308.        , 308.        , 308.        ,
       308.        , 308.        , 308.        , 308.        ,
       308.28571429, 308.        , 257.09090909, 308.        ,
       308.        , 313.6       , 312.71428571, 308.        ,
       308.        , 312.8       , 273.        , 305.05263158,
       308.        , 308.        , 304.5       , 309.9047619 ,
       308.        , 304.5       , 308.        , 308.        ,
       308.        , 308.4       , 308.        , 308.85714286,
       308.        , 308.75      , 302.57142857, 308.        ,
       308.        , 308.        , 308.        , 308.        ,
       308.375     , 308.        , 308.        , 308.        ,
       308.4       , 308.        , 308.        , 308.        ,
       308.        , 308.        , 313.57142857, 308.        ,
       308.        , 308.        , 308.        , 308.        ,
       304.42857143, 308.        , 308.        , 308.        ,
       308.        , 308.        , 308.28571429, 308.        ,
       311.9       , 308.        , 308.        , 308.        ,
       304.26666667, 308.        , 281.64705882, 308.        ,
       308.        , 308.        , 311.06666667, 308.        ,
       308.4       , 308.        , 260.        , 308.        ,
       308.        , 304.5       , 308.        , 311.2       ,
       308.        , 308.3       , 308.4       , 314.        ,
       308.        , 312.41176471, 304.88888889, 308.        ,
       308.        , 283.25      , 313.33333333, 308.        ,
       308.        , 294.        , 308.375     , 309.71428571,
       308.        , 308.        , 304.5       , 304.66666667,
       308.        , 310.4       , 308.        , 313.57142857,
       300.53333333, 308.        , 308.75      , 236.73333333,
       308.        , 308.66666667, 286.22222222, 252.        ,
       308.        , 266.52173913, 308.        , 308.        ,
       308.        , 308.        , 308.        , 308.        ,
       308.63157895, 308.        , 311.81818182, 308.375     ,
       304.        , 308.        , 308.        , 308.375     ,
       308.        , 308.        , 308.        , 308.        ,
       308.        , 308.        , 241.52941176, 308.        ,
       308.        , 308.        , 308.        , 308.        ,
       308.        , 276.5       , 308.        , 308.        ,
       308.        , 252.        , 304.5       , 308.        ,
       308.        , 308.        , 308.        , 308.        ,
       305.05263158, 308.        , 308.        ]), 'class_median_width': array([308., 308., 308., 252., 308., 308., 308., 308., 308., 308., 308.,
       308., 308., 308., 308., 252., 308., 252., 308., 308., 314., 308.,
       314., 308., 308., 308., 308., 308., 308., 308., 314., 308., 308.,
       308., 308., 252., 252., 308., 308., 314., 308., 308., 308., 308.,
       308., 308., 308., 252., 308., 308., 308., 308., 308., 308., 308.,
       308., 308., 308., 308., 308., 308., 308., 308., 308., 308., 308.,
       314., 308., 308., 308., 308., 252., 308., 314., 308., 308., 308.,
       308., 308., 252., 308., 308., 308., 314., 308., 314., 308., 308.,
       308., 308., 308., 308., 308., 314., 308., 308., 308., 308., 308.,
       252., 308., 308., 308., 308., 308., 308., 308., 308., 308., 308.,
       308., 308., 308., 308., 308., 308., 308., 314., 308., 308., 252.,
       308., 314., 308., 308., 308., 308., 308., 308., 308., 308., 308.,
       308., 308., 314., 308., 308., 308., 252., 308., 308., 308., 308.,
       308., 308., 308., 308., 308., 308., 308., 308., 308., 308., 308.,
       308., 308., 280., 311., 308., 308., 308., 308., 308., 308., 308.,
       308., 308., 308., 308., 308., 314., 314., 314., 308., 314., 308.,
       308., 308., 308., 308., 308., 308., 308., 308., 308., 308., 308.,
       308., 314., 314., 308., 308., 314., 308., 308., 314., 314., 308.,
       308., 308., 308., 308., 308., 308., 308., 308., 252., 308., 308.,
       314., 314., 308., 308., 314., 252., 308., 308., 308., 308., 308.,
       308., 308., 308., 308., 308., 308., 308., 308., 308., 308., 308.,
       308., 308., 308., 308., 308., 308., 308., 308., 308., 308., 308.,
       308., 308., 308., 308., 314., 308., 308., 308., 308., 308., 308.,
       308., 308., 308., 308., 308., 308., 308., 314., 308., 308., 308.,
       308., 308., 308., 308., 308., 308., 314., 308., 308., 308., 252.,
       308., 308., 308., 308., 314., 308., 308., 308., 314., 308., 314.,
       308., 308., 308., 306., 314., 308., 308., 308., 308., 308., 308.,
       308., 308., 308., 308., 308., 308., 314., 308., 308., 308., 252.,
       308., 308., 308., 252., 308., 252., 308., 308., 308., 308., 308.,
       308., 308., 308., 314., 308., 308., 308., 308., 308., 308., 308.,
       308., 308., 308., 308., 252., 308., 308., 308., 308., 308., 308.,
       252., 308., 308., 308., 252., 308., 308., 308., 308., 308., 308.,
       308., 308., 308.]), 'class_mean_width_scaled': array([0.86760563, 0.86760563, 0.86760563, 0.7256338 , 0.86760563,
       0.86760563, 0.8370892 , 0.86873239, 0.86760563, 0.86760563,
       0.86760563, 0.86760563, 0.86760563, 0.86760563, 0.86760563,
       0.71774648, 0.86760563, 0.76797628, 0.86760563, 0.86760563,
       0.87887324, 0.86760563, 0.8943662 , 0.86760563, 0.86866197,
       0.86643192, 0.86760563, 0.86760563, 0.86760563, 0.86760563,
       0.88094885, 0.86760563, 0.86859983, 0.86760563, 0.86760563,
       0.71971831, 0.49054326, 0.86985915, 0.85633803, 0.87711268,
       0.86760563, 0.86971831, 0.85832643, 0.86760563, 0.86760563,
       0.86760563, 0.86760563, 0.75367762, 0.86760563, 0.86760563,
       0.86760563, 0.86760563, 0.86760563, 0.86760563, 0.86760563,
       0.86760563, 0.86760563, 0.86760563, 0.86760563, 0.86873239,
       0.86760563, 0.86760563, 0.86760563, 0.86720322, 0.8570892 ,
       0.86760563, 0.83333333, 0.87191384, 0.86760563, 0.86760563,
       0.86760563, 0.73239437, 0.86760563, 0.88338028, 0.86760563,
       0.86760563, 0.86760563, 0.86538176, 0.86760563, 0.72957746,
       0.86760563, 0.86760563, 0.86760563, 0.87854184, 0.86866197,
       0.70744467, 0.83439585, 0.85671362, 0.86760563, 0.86760563,
       0.86760563, 0.86760563, 0.86859983, 0.88225352, 0.86760563,
       0.86760563, 0.86826843, 0.86760563, 0.86760563, 0.70911787,
       0.86760563, 0.86873239, 0.8570892 , 0.79964789, 0.86760563,
       0.86760563, 0.86760563, 0.86760563, 0.86881288, 0.86760563,
       0.86760563, 0.86760563, 0.86760563, 0.86760563, 0.86760563,
       0.86760563, 0.86760563, 0.88133803, 0.86760563, 0.86760563,
       0.73476649, 0.85774648, 0.88383099, 0.86760563, 0.86760563,
       0.86938473, 0.86760563, 0.86760563, 0.86760563, 0.85832643,
       0.86760563, 0.86760563, 0.8570892 , 0.86881288, 0.88112676,
       0.8570892 , 0.87098592, 0.83255086, 0.7515493 , 0.86760563,
       0.86760563, 0.86760563, 0.86760563, 0.86760563, 0.86760563,
       0.86760563, 0.86760563, 0.86760563, 0.86760563, 0.86760563,
       0.86760563, 0.86760563, 0.86760563, 0.86760563, 0.86760563,
       0.86760563, 0.78873239, 0.87605634, 0.87323944, 0.86760563,
       0.86760563, 0.86760563, 0.86760563, 0.86760563, 0.86760563,
       0.86760563, 0.86760563, 0.86760563, 0.86760563, 0.86760563,
       0.87423364, 0.88450704, 0.87642376, 0.86873239, 0.83221831,
       0.82629108, 0.86760563, 0.86760563, 0.86760563, 0.86760563,
       0.86760563, 0.86760563, 0.86760563, 0.86760563, 0.86760563,
       0.86760563, 0.86760563, 0.86760563, 0.88450704, 0.88356808,
       0.86859983, 0.86760563, 0.88      , 0.86760563, 0.8684507 ,
       0.88251864, 0.78608119, 0.86760563, 0.86760563, 0.86760563,
       0.86760563, 0.86760563, 0.86760563, 0.86760563, 0.86841046,
       0.86760563, 0.72419974, 0.86760563, 0.86760563, 0.88338028,
       0.88088531, 0.86760563, 0.86760563, 0.88112676, 0.76901408,
       0.85930319, 0.86760563, 0.86760563, 0.85774648, 0.87297116,
       0.86760563, 0.85774648, 0.86760563, 0.86760563, 0.86760563,
       0.86873239, 0.86760563, 0.87002012, 0.86760563, 0.86971831,
       0.85231388, 0.86760563, 0.86760563, 0.86760563, 0.86760563,
       0.86760563, 0.86866197, 0.86760563, 0.86760563, 0.86760563,
       0.86873239, 0.86760563, 0.86760563, 0.86760563, 0.86760563,
       0.86760563, 0.8832998 , 0.86760563, 0.86760563, 0.86760563,
       0.86760563, 0.86760563, 0.85754527, 0.86760563, 0.86760563,
       0.86760563, 0.86760563, 0.86760563, 0.86841046, 0.86760563,
       0.87859155, 0.86760563, 0.86760563, 0.86760563, 0.8570892 ,
       0.86760563, 0.793372  , 0.86760563, 0.86760563, 0.86760563,
       0.87624413, 0.86760563, 0.86873239, 0.86760563, 0.73239437,
       0.86760563, 0.86760563, 0.85774648, 0.86760563, 0.87661972,
       0.86760563, 0.8684507 , 0.86873239, 0.88450704, 0.86760563,
       0.88003314, 0.85884194, 0.86760563, 0.86760563, 0.79788732,
       0.88262911, 0.86760563, 0.86760563, 0.82816901, 0.86866197,
       0.87243461, 0.86760563, 0.86760563, 0.85774648, 0.85821596,
       0.86760563, 0.8743662 , 0.86760563, 0.8832998 , 0.84657277,
       0.86760563, 0.86971831, 0.66685446, 0.86760563, 0.86948357,
       0.80625978, 0.70985915, 0.86760563, 0.75076546, 0.86760563,
       0.86760563, 0.86760563, 0.86760563, 0.86760563, 0.86760563,
       0.86938473, 0.86760563, 0.87836108, 0.86866197, 0.85633803,
       0.86760563, 0.86760563, 0.86866197, 0.86760563, 0.86760563,
       0.86760563, 0.86760563, 0.86760563, 0.86760563, 0.68036454,
       0.86760563, 0.86760563, 0.86760563, 0.86760563, 0.86760563,
       0.86760563, 0.77887324, 0.86760563, 0.86760563, 0.86760563,
       0.70985915, 0.85774648, 0.86760563, 0.86760563, 0.86760563,
       0.86760563, 0.86760563, 0.85930319, 0.86760563, 0.86760563]), 'class_median_width_scaled': array([0.86760563, 0.86760563, 0.86760563, 0.70985915, 0.86760563,
       0.86760563, 0.86760563, 0.86760563, 0.86760563, 0.86760563,
       0.86760563, 0.86760563, 0.86760563, 0.86760563, 0.86760563,
       0.70985915, 0.86760563, 0.70985915, 0.86760563, 0.86760563,
       0.88450704, 0.86760563, 0.88450704, 0.86760563, 0.86760563,
       0.86760563, 0.86760563, 0.86760563, 0.86760563, 0.86760563,
       0.88450704, 0.86760563, 0.86760563, 0.86760563, 0.86760563,
       0.70985915, 0.70985915, 0.86760563, 0.86760563, 0.88450704,
       0.86760563, 0.86760563, 0.86760563, 0.86760563, 0.86760563,
       0.86760563, 0.86760563, 0.70985915, 0.86760563, 0.86760563,
       0.86760563, 0.86760563, 0.86760563, 0.86760563, 0.86760563,
       0.86760563, 0.86760563, 0.86760563, 0.86760563, 0.86760563,
       0.86760563, 0.86760563, 0.86760563, 0.86760563, 0.86760563,
       0.86760563, 0.88450704, 0.86760563, 0.86760563, 0.86760563,
       0.86760563, 0.70985915, 0.86760563, 0.88450704, 0.86760563,
       0.86760563, 0.86760563, 0.86760563, 0.86760563, 0.70985915,
       0.86760563, 0.86760563, 0.86760563, 0.88450704, 0.86760563,
       0.88450704, 0.86760563, 0.86760563, 0.86760563, 0.86760563,
       0.86760563, 0.86760563, 0.86760563, 0.88450704, 0.86760563,
       0.86760563, 0.86760563, 0.86760563, 0.86760563, 0.70985915,
       0.86760563, 0.86760563, 0.86760563, 0.86760563, 0.86760563,
       0.86760563, 0.86760563, 0.86760563, 0.86760563, 0.86760563,
       0.86760563, 0.86760563, 0.86760563, 0.86760563, 0.86760563,
       0.86760563, 0.86760563, 0.88450704, 0.86760563, 0.86760563,
       0.70985915, 0.86760563, 0.88450704, 0.86760563, 0.86760563,
       0.86760563, 0.86760563, 0.86760563, 0.86760563, 0.86760563,
       0.86760563, 0.86760563, 0.86760563, 0.86760563, 0.88450704,
       0.86760563, 0.86760563, 0.86760563, 0.70985915, 0.86760563,
       0.86760563, 0.86760563, 0.86760563, 0.86760563, 0.86760563,
       0.86760563, 0.86760563, 0.86760563, 0.86760563, 0.86760563,
       0.86760563, 0.86760563, 0.86760563, 0.86760563, 0.86760563,
       0.86760563, 0.78873239, 0.87605634, 0.86760563, 0.86760563,
       0.86760563, 0.86760563, 0.86760563, 0.86760563, 0.86760563,
       0.86760563, 0.86760563, 0.86760563, 0.86760563, 0.86760563,
       0.88450704, 0.88450704, 0.88450704, 0.86760563, 0.88450704,
       0.86760563, 0.86760563, 0.86760563, 0.86760563, 0.86760563,
       0.86760563, 0.86760563, 0.86760563, 0.86760563, 0.86760563,
       0.86760563, 0.86760563, 0.86760563, 0.88450704, 0.88450704,
       0.86760563, 0.86760563, 0.88450704, 0.86760563, 0.86760563,
       0.88450704, 0.88450704, 0.86760563, 0.86760563, 0.86760563,
       0.86760563, 0.86760563, 0.86760563, 0.86760563, 0.86760563,
       0.86760563, 0.70985915, 0.86760563, 0.86760563, 0.88450704,
       0.88450704, 0.86760563, 0.86760563, 0.88450704, 0.70985915,
       0.86760563, 0.86760563, 0.86760563, 0.86760563, 0.86760563,
       0.86760563, 0.86760563, 0.86760563, 0.86760563, 0.86760563,
       0.86760563, 0.86760563, 0.86760563, 0.86760563, 0.86760563,
       0.86760563, 0.86760563, 0.86760563, 0.86760563, 0.86760563,
       0.86760563, 0.86760563, 0.86760563, 0.86760563, 0.86760563,
       0.86760563, 0.86760563, 0.86760563, 0.86760563, 0.86760563,
       0.86760563, 0.88450704, 0.86760563, 0.86760563, 0.86760563,
       0.86760563, 0.86760563, 0.86760563, 0.86760563, 0.86760563,
       0.86760563, 0.86760563, 0.86760563, 0.86760563, 0.86760563,
       0.88450704, 0.86760563, 0.86760563, 0.86760563, 0.86760563,
       0.86760563, 0.86760563, 0.86760563, 0.86760563, 0.86760563,
       0.88450704, 0.86760563, 0.86760563, 0.86760563, 0.70985915,
       0.86760563, 0.86760563, 0.86760563, 0.86760563, 0.88450704,
       0.86760563, 0.86760563, 0.86760563, 0.88450704, 0.86760563,
       0.88450704, 0.86760563, 0.86760563, 0.86760563, 0.86197183,
       0.88450704, 0.86760563, 0.86760563, 0.86760563, 0.86760563,
       0.86760563, 0.86760563, 0.86760563, 0.86760563, 0.86760563,
       0.86760563, 0.86760563, 0.86760563, 0.88450704, 0.86760563,
       0.86760563, 0.86760563, 0.70985915, 0.86760563, 0.86760563,
       0.86760563, 0.70985915, 0.86760563, 0.70985915, 0.86760563,
       0.86760563, 0.86760563, 0.86760563, 0.86760563, 0.86760563,
       0.86760563, 0.86760563, 0.88450704, 0.86760563, 0.86760563,
       0.86760563, 0.86760563, 0.86760563, 0.86760563, 0.86760563,
       0.86760563, 0.86760563, 0.86760563, 0.86760563, 0.70985915,
       0.86760563, 0.86760563, 0.86760563, 0.86760563, 0.86760563,
       0.86760563, 0.70985915, 0.86760563, 0.86760563, 0.86760563,
       0.70985915, 0.86760563, 0.86760563, 0.86760563, 0.86760563,
       0.86760563, 0.86760563, 0.86760563, 0.86760563, 0.86760563])}

Job completed at Wed Mar 19 06:25:30 PM PDT 2025
