Starting job at Thu Mar 20 05:03:25 PM PDT 2025
Job parameters:
Dataset: data_language
UQ Method: split_conformal_raps
Estimator: RandomForest
Seed: 781
Train Size: 0.8
Running split_conformal_raps on data_language with seed 781 and train size 0.8

starting experiment

data created

Fitting split_conformal_raps_RandomForest on data_language with seed 781

split_conformal_raps_RandomForest metrics: {'coverage': np.float64(0.91), 'mean_width': np.float64(12.02), 'median_width': np.float64(12.0), 'mean_width_scaled': np.float64(0.40066666666666667), 'median_width_scaled': np.float64(0.4)}

split_conformal_raps_RandomForest full metrics: {'coverage': np.float64(0.91), 'mean_width': np.float64(12.02), 'median_width': np.float64(12.0), 'mean_width_scaled': np.float64(0.40066666666666667), 'median_width_scaled': np.float64(0.4)}

split_conformal_raps_RandomForest class metrics: {'class_coverage': array([1.        , 0.8       , 0.66666667, 0.33333333, 1.        ,
       0.9       , 1.        , 0.83333333, 1.        , 1.        ,
       0.8       , 1.        , 1.        , 1.        , 0.        ,
       1.        , 1.        , 1.        , 1.        , 0.57142857,
       1.        , 0.8       , 1.        , 1.        , 1.        ,
       0.8       , 1.        , 0.83333333, 1.        , 0.5       ]), 'class_mean_width': array([12.        , 12.        , 12.33333333, 12.        , 12.        ,
       12.        , 12.        , 12.        , 12.        , 12.        ,
       12.        , 12.        , 12.        , 12.        , 12.        ,
       12.        , 12.        , 12.        , 12.        , 12.        ,
       12.1       , 12.13333333, 12.        , 12.        , 12.        ,
       12.        , 12.        , 12.        , 12.        , 12.        ]), 'class_median_width': array([12., 12., 12., 12., 12., 12., 12., 12., 12., 12., 12., 12., 12.,
       12., 12., 12., 12., 12., 12., 12., 12., 12., 12., 12., 12., 12.,
       12., 12., 12., 12.]), 'class_mean_width_scaled': array([0.4       , 0.4       , 0.41111111, 0.4       , 0.4       ,
       0.4       , 0.4       , 0.4       , 0.4       , 0.4       ,
       0.4       , 0.4       , 0.4       , 0.4       , 0.4       ,
       0.4       , 0.4       , 0.4       , 0.4       , 0.4       ,
       0.40333333, 0.40444444, 0.4       , 0.4       , 0.4       ,
       0.4       , 0.4       , 0.4       , 0.4       , 0.4       ]), 'class_median_width_scaled': array([0.4, 0.4, 0.4, 0.4, 0.4, 0.4, 0.4, 0.4, 0.4, 0.4, 0.4, 0.4, 0.4,
       0.4, 0.4, 0.4, 0.4, 0.4, 0.4, 0.4, 0.4, 0.4, 0.4, 0.4, 0.4, 0.4,
       0.4, 0.4, 0.4, 0.4])}

split_conformal_raps_RandomForest full class metrics: {'class_coverage': array([1.        , 0.8       , 0.66666667, 0.33333333, 1.        ,
       0.9       , 1.        , 0.83333333, 1.        , 1.        ,
       0.8       , 1.        , 1.        , 1.        , 0.        ,
       1.        , 1.        , 1.        , 1.        , 0.57142857,
       1.        , 0.8       , 1.        , 1.        , 1.        ,
       0.8       , 1.        , 0.83333333, 1.        , 0.5       ]), 'class_mean_width': array([12.        , 12.        , 12.33333333, 12.        , 12.        ,
       12.        , 12.        , 12.        , 12.        , 12.        ,
       12.        , 12.        , 12.        , 12.        , 12.        ,
       12.        , 12.        , 12.        , 12.        , 12.        ,
       12.1       , 12.13333333, 12.        , 12.        , 12.        ,
       12.        , 12.        , 12.        , 12.        , 12.        ]), 'class_median_width': array([12., 12., 12., 12., 12., 12., 12., 12., 12., 12., 12., 12., 12.,
       12., 12., 12., 12., 12., 12., 12., 12., 12., 12., 12., 12., 12.,
       12., 12., 12., 12.]), 'class_mean_width_scaled': array([0.4       , 0.4       , 0.41111111, 0.4       , 0.4       ,
       0.4       , 0.4       , 0.4       , 0.4       , 0.4       ,
       0.4       , 0.4       , 0.4       , 0.4       , 0.4       ,
       0.4       , 0.4       , 0.4       , 0.4       , 0.4       ,
       0.40333333, 0.40444444, 0.4       , 0.4       , 0.4       ,
       0.4       , 0.4       , 0.4       , 0.4       , 0.4       ]), 'class_median_width_scaled': array([0.4, 0.4, 0.4, 0.4, 0.4, 0.4, 0.4, 0.4, 0.4, 0.4, 0.4, 0.4, 0.4,
       0.4, 0.4, 0.4, 0.4, 0.4, 0.4, 0.4, 0.4, 0.4, 0.4, 0.4, 0.4, 0.4,
       0.4, 0.4, 0.4, 0.4])}

Job completed at Thu Mar 20 05:03:28 PM PDT 2025
