Starting job at Thu Mar 20 05:03:24 PM PDT 2025
Job parameters:
Dataset: data_language
UQ Method: split_conformal_raps
Estimator: RandomForest
Seed: 777
Train Size: 0.8
Running split_conformal_raps on data_language with seed 777 and train size 0.8

starting experiment

data created

Fitting split_conformal_raps_RandomForest on data_language with seed 777

split_conformal_raps_RandomForest metrics: {'coverage': np.float64(0.9), 'mean_width': np.float64(10.445), 'median_width': np.float64(11.0), 'mean_width_scaled': np.float64(0.3481666666666667), 'median_width_scaled': np.float64(0.36666666666666664)}

split_conformal_raps_RandomForest full metrics: {'coverage': np.float64(0.9), 'mean_width': np.float64(10.445), 'median_width': np.float64(11.0), 'mean_width_scaled': np.float64(0.3481666666666667), 'median_width_scaled': np.float64(0.36666666666666664)}

split_conformal_raps_RandomForest class metrics: {'class_coverage': array([0.88888889, 0.8       , 1.        , 0.33333333, 0.85714286,
       1.        , 1.        , 1.        , 1.        , 0.83333333,
       1.        , 1.        , 1.        , 1.        , 0.        ,
       0.77777778, 1.        , 1.        , 1.        , 1.        ,
       0.7       , 1.        , 0.83333333, 1.        , 0.5       ,
       0.8       , 1.        , 0.83333333, 1.        , 0.5       ]), 'class_mean_width': array([10.55555556, 11.        , 11.33333333, 11.        , 11.14285714,
       11.8       , 11.53333333,  6.5       ,  8.25      , 10.33333333,
       10.4       , 14.        ,  9.        , 11.33333333, 12.5       ,
       11.88888889, 11.6       , 12.33333333,  9.        , 11.57142857,
       10.9       , 12.        ,  9.33333333,  8.75      , 10.16666667,
        8.2       , 11.        , 11.        ,  9.66666667, 12.5       ]), 'class_median_width': array([11. , 11. , 12. , 11. , 11. , 12. , 12. ,  6.5,  8. ,  9.5,  9. ,
       14. ,  7.5, 11.5, 12.5, 12. , 12. , 12. ,  9. , 12. , 11.5, 13. ,
        9.5,  9. , 11. ,  7. , 11. , 12.5, 10. , 12.5]), 'class_mean_width_scaled': array([0.35185185, 0.36666667, 0.37777778, 0.36666667, 0.37142857,
       0.39333333, 0.38444444, 0.21666667, 0.275     , 0.34444444,
       0.34666667, 0.46666667, 0.3       , 0.37777778, 0.41666667,
       0.3962963 , 0.38666667, 0.41111111, 0.3       , 0.38571429,
       0.36333333, 0.4       , 0.31111111, 0.29166667, 0.33888889,
       0.27333333, 0.36666667, 0.36666667, 0.32222222, 0.41666667]), 'class_median_width_scaled': array([0.36666667, 0.36666667, 0.4       , 0.36666667, 0.36666667,
       0.4       , 0.4       , 0.21666667, 0.26666667, 0.31666667,
       0.3       , 0.46666667, 0.25      , 0.38333333, 0.41666667,
       0.4       , 0.4       , 0.4       , 0.3       , 0.4       ,
       0.38333333, 0.43333333, 0.31666667, 0.3       , 0.36666667,
       0.23333333, 0.36666667, 0.41666667, 0.33333333, 0.41666667])}

split_conformal_raps_RandomForest full class metrics: {'class_coverage': array([0.88888889, 0.8       , 1.        , 0.33333333, 0.85714286,
       1.        , 1.        , 1.        , 1.        , 0.83333333,
       1.        , 1.        , 1.        , 1.        , 0.        ,
       0.77777778, 1.        , 1.        , 1.        , 1.        ,
       0.7       , 1.        , 0.83333333, 1.        , 0.5       ,
       0.8       , 1.        , 0.83333333, 1.        , 0.5       ]), 'class_mean_width': array([10.55555556, 11.        , 11.33333333, 11.        , 11.14285714,
       11.8       , 11.53333333,  6.5       ,  8.25      , 10.33333333,
       10.4       , 14.        ,  9.        , 11.33333333, 12.5       ,
       11.88888889, 11.6       , 12.33333333,  9.        , 11.57142857,
       10.9       , 12.        ,  9.33333333,  8.75      , 10.16666667,
        8.2       , 11.        , 11.        ,  9.66666667, 12.5       ]), 'class_median_width': array([11. , 11. , 12. , 11. , 11. , 12. , 12. ,  6.5,  8. ,  9.5,  9. ,
       14. ,  7.5, 11.5, 12.5, 12. , 12. , 12. ,  9. , 12. , 11.5, 13. ,
        9.5,  9. , 11. ,  7. , 11. , 12.5, 10. , 12.5]), 'class_mean_width_scaled': array([0.35185185, 0.36666667, 0.37777778, 0.36666667, 0.37142857,
       0.39333333, 0.38444444, 0.21666667, 0.275     , 0.34444444,
       0.34666667, 0.46666667, 0.3       , 0.37777778, 0.41666667,
       0.3962963 , 0.38666667, 0.41111111, 0.3       , 0.38571429,
       0.36333333, 0.4       , 0.31111111, 0.29166667, 0.33888889,
       0.27333333, 0.36666667, 0.36666667, 0.32222222, 0.41666667]), 'class_median_width_scaled': array([0.36666667, 0.36666667, 0.4       , 0.36666667, 0.36666667,
       0.4       , 0.4       , 0.21666667, 0.26666667, 0.31666667,
       0.3       , 0.46666667, 0.25      , 0.38333333, 0.41666667,
       0.4       , 0.4       , 0.4       , 0.3       , 0.4       ,
       0.38333333, 0.43333333, 0.31666667, 0.3       , 0.36666667,
       0.23333333, 0.36666667, 0.41666667, 0.33333333, 0.41666667])}

Job completed at Thu Mar 20 05:03:28 PM PDT 2025
