Starting job at Thu Mar 20 05:04:26 PM PDT 2025
Job parameters:
Dataset: data_cover_type
UQ Method: split_conformal_topk
Estimator: MLP
Seed: 781
Train Size: 0.8
Running split_conformal_topk on data_cover_type with seed 781 and train size 0.8

starting experiment

data created

Fitting split_conformal_topk_MLP on data_cover_type with seed 781

split_conformal_topk_MLP metrics: {'coverage': np.float64(0.901), 'mean_width': np.float64(55.71), 'median_width': np.float64(44.0), 'mean_width_scaled': np.float64(0.5571), 'median_width_scaled': np.float64(0.44)}

split_conformal_topk_MLP full metrics: {'coverage': np.float64(0.901), 'mean_width': np.float64(55.71), 'median_width': np.float64(44.0), 'mean_width_scaled': np.float64(0.5571), 'median_width_scaled': np.float64(0.44)}

split_conformal_topk_MLP class metrics: {'class_coverage': array([0.95, 0.6 , 0.8 , 1.  , 0.45, 0.95, 0.8 , 0.9 , 0.95, 0.95, 0.95,
       0.95, 0.9 , 0.9 , 0.9 , 0.95, 1.  , 0.9 , 0.95, 0.95, 0.85, 1.  ,
       0.85, 1.  , 0.85, 1.  , 1.  , 0.75, 0.85, 0.95, 0.85, 1.  , 0.65,
       0.95, 1.  , 0.9 , 0.9 , 0.7 , 0.35, 0.95, 0.95, 0.7 , 0.65, 1.  ,
       1.  , 1.  , 1.  , 1.  , 1.  , 1.  , 0.85, 1.  , 1.  , 0.65, 0.65,
       1.  , 0.85, 0.75, 0.95, 1.  , 0.85, 0.85, 1.  , 1.  , 0.7 , 0.9 ,
       0.9 , 0.7 , 0.95, 0.8 , 0.95, 0.8 , 0.85, 0.85, 1.  , 0.95, 1.  ,
       0.9 , 1.  , 1.  , 0.9 , 1.  , 1.  , 1.  , 1.  , 0.8 , 1.  , 1.  ,
       0.95, 1.  , 0.95, 1.  , 0.8 , 1.  , 0.8 , 0.95, 1.  , 1.  , 0.95,
       1.  ]), 'class_mean_width': array([ 44.1 ,  49.6 ,  46.9 ,  46.9 ,  46.8 ,  44.  ,  53.5 ,  46.85,
        44.  ,  49.65,  44.  ,  72.  ,  77.6 ,  44.  ,  52.45,  44.  ,
        44.  ,  52.4 ,  91.7 ,  63.6 ,  44.  ,  55.2 ,  55.25,  44.  ,
        44.  ,  44.  , 100.  ,  83.2 ,  80.55,  58.25,  44.  ,  80.4 ,
        72.  ,  44.  ,  52.4 ,  61.05,  80.4 ,  55.5 ,  60.8 ,  60.8 ,
        77.75,  55.25,  60.9 , 100.  ,  44.05,  49.7 ,  46.9 ,  58.15,
        52.5 ,  69.2 ,  77.7 ,  70.15,  46.8 ,  44.05,  44.05,  44.  ,
        46.8 ,  66.45,  80.4 ,  69.4 ,  49.85,  58.  ,  46.85,  44.3 ,
        55.25,  52.4 ,  44.  ,  46.85,  55.2 ,  52.5 ,  46.8 ,  44.  ,
        50.  ,  63.65,  58.15,  58.3 ,  44.05,  83.2 ,  86.2 ,  55.2 ,
        58.  ,  63.8 ,  47.2 ,  44.  ,  49.6 ,  47.1 ,  49.65,  46.8 ,
        63.85,  46.8 ,  44.  ,  44.  ,  49.75,  44.15,  61.35,  46.85,
        49.6 ,  46.9 ,  46.8 ,  44.  ]), 'class_median_width': array([ 44. ,  44. ,  44. ,  44. ,  44. ,  44. ,  44. ,  44. ,  44. ,
        44. ,  44. ,  72. , 100. ,  44. ,  44. ,  44. ,  44. ,  44. ,
       100. ,  44. ,  44. ,  44. ,  44. ,  44. ,  44. ,  44. , 100. ,
       100. , 100. ,  44. ,  44. , 100. ,  72. ,  44. ,  44. ,  44. ,
       100. ,  44. ,  44. ,  44. , 100. ,  44. ,  44. , 100. ,  44. ,
        44. ,  44. ,  44. ,  44. ,  44. , 100. ,  49.5,  44. ,  44. ,
        44. ,  44. ,  44. ,  44. , 100. ,  46. ,  44. ,  44. ,  44. ,
        44. ,  44. ,  44. ,  44. ,  44. ,  44. ,  44. ,  44. ,  44. ,
        44. ,  44. ,  44. ,  44. ,  44. , 100. , 100. ,  44. ,  44. ,
        44.5,  44. ,  44. ,  44. ,  44. ,  44. ,  44. ,  44.5,  44. ,
        44. ,  44. ,  44. ,  44. ,  44. ,  44. ,  44. ,  44. ,  44. ,
        44. ]), 'class_mean_width_scaled': array([0.441 , 0.496 , 0.469 , 0.469 , 0.468 , 0.44  , 0.535 , 0.4685,
       0.44  , 0.4965, 0.44  , 0.72  , 0.776 , 0.44  , 0.5245, 0.44  ,
       0.44  , 0.524 , 0.917 , 0.636 , 0.44  , 0.552 , 0.5525, 0.44  ,
       0.44  , 0.44  , 1.    , 0.832 , 0.8055, 0.5825, 0.44  , 0.804 ,
       0.72  , 0.44  , 0.524 , 0.6105, 0.804 , 0.555 , 0.608 , 0.608 ,
       0.7775, 0.5525, 0.609 , 1.    , 0.4405, 0.497 , 0.469 , 0.5815,
       0.525 , 0.692 , 0.777 , 0.7015, 0.468 , 0.4405, 0.4405, 0.44  ,
       0.468 , 0.6645, 0.804 , 0.694 , 0.4985, 0.58  , 0.4685, 0.443 ,
       0.5525, 0.524 , 0.44  , 0.4685, 0.552 , 0.525 , 0.468 , 0.44  ,
       0.5   , 0.6365, 0.5815, 0.583 , 0.4405, 0.832 , 0.862 , 0.552 ,
       0.58  , 0.638 , 0.472 , 0.44  , 0.496 , 0.471 , 0.4965, 0.468 ,
       0.6385, 0.468 , 0.44  , 0.44  , 0.4975, 0.4415, 0.6135, 0.4685,
       0.496 , 0.469 , 0.468 , 0.44  ]), 'class_median_width_scaled': array([0.44 , 0.44 , 0.44 , 0.44 , 0.44 , 0.44 , 0.44 , 0.44 , 0.44 ,
       0.44 , 0.44 , 0.72 , 1.   , 0.44 , 0.44 , 0.44 , 0.44 , 0.44 ,
       1.   , 0.44 , 0.44 , 0.44 , 0.44 , 0.44 , 0.44 , 0.44 , 1.   ,
       1.   , 1.   , 0.44 , 0.44 , 1.   , 0.72 , 0.44 , 0.44 , 0.44 ,
       1.   , 0.44 , 0.44 , 0.44 , 1.   , 0.44 , 0.44 , 1.   , 0.44 ,
       0.44 , 0.44 , 0.44 , 0.44 , 0.44 , 1.   , 0.495, 0.44 , 0.44 ,
       0.44 , 0.44 , 0.44 , 0.44 , 1.   , 0.46 , 0.44 , 0.44 , 0.44 ,
       0.44 , 0.44 , 0.44 , 0.44 , 0.44 , 0.44 , 0.44 , 0.44 , 0.44 ,
       0.44 , 0.44 , 0.44 , 0.44 , 0.44 , 1.   , 1.   , 0.44 , 0.44 ,
       0.445, 0.44 , 0.44 , 0.44 , 0.44 , 0.44 , 0.44 , 0.445, 0.44 ,
       0.44 , 0.44 , 0.44 , 0.44 , 0.44 , 0.44 , 0.44 , 0.44 , 0.44 ,
       0.44 ])}

split_conformal_topk_MLP full class metrics: {'class_coverage': array([0.95, 0.6 , 0.8 , 1.  , 0.45, 0.95, 0.8 , 0.9 , 0.95, 0.95, 0.95,
       0.95, 0.9 , 0.9 , 0.9 , 0.95, 1.  , 0.9 , 0.95, 0.95, 0.85, 1.  ,
       0.85, 1.  , 0.85, 1.  , 1.  , 0.75, 0.85, 0.95, 0.85, 1.  , 0.65,
       0.95, 1.  , 0.9 , 0.9 , 0.7 , 0.35, 0.95, 0.95, 0.7 , 0.65, 1.  ,
       1.  , 1.  , 1.  , 1.  , 1.  , 1.  , 0.85, 1.  , 1.  , 0.65, 0.65,
       1.  , 0.85, 0.75, 0.95, 1.  , 0.85, 0.85, 1.  , 1.  , 0.7 , 0.9 ,
       0.9 , 0.7 , 0.95, 0.8 , 0.95, 0.8 , 0.85, 0.85, 1.  , 0.95, 1.  ,
       0.9 , 1.  , 1.  , 0.9 , 1.  , 1.  , 1.  , 1.  , 0.8 , 1.  , 1.  ,
       0.95, 1.  , 0.95, 1.  , 0.8 , 1.  , 0.8 , 0.95, 1.  , 1.  , 0.95,
       1.  ]), 'class_mean_width': array([ 44.1 ,  49.6 ,  46.9 ,  46.9 ,  46.8 ,  44.  ,  53.5 ,  46.85,
        44.  ,  49.65,  44.  ,  72.  ,  77.6 ,  44.  ,  52.45,  44.  ,
        44.  ,  52.4 ,  91.7 ,  63.6 ,  44.  ,  55.2 ,  55.25,  44.  ,
        44.  ,  44.  , 100.  ,  83.2 ,  80.55,  58.25,  44.  ,  80.4 ,
        72.  ,  44.  ,  52.4 ,  61.05,  80.4 ,  55.5 ,  60.8 ,  60.8 ,
        77.75,  55.25,  60.9 , 100.  ,  44.05,  49.7 ,  46.9 ,  58.15,
        52.5 ,  69.2 ,  77.7 ,  70.15,  46.8 ,  44.05,  44.05,  44.  ,
        46.8 ,  66.45,  80.4 ,  69.4 ,  49.85,  58.  ,  46.85,  44.3 ,
        55.25,  52.4 ,  44.  ,  46.85,  55.2 ,  52.5 ,  46.8 ,  44.  ,
        50.  ,  63.65,  58.15,  58.3 ,  44.05,  83.2 ,  86.2 ,  55.2 ,
        58.  ,  63.8 ,  47.2 ,  44.  ,  49.6 ,  47.1 ,  49.65,  46.8 ,
        63.85,  46.8 ,  44.  ,  44.  ,  49.75,  44.15,  61.35,  46.85,
        49.6 ,  46.9 ,  46.8 ,  44.  ]), 'class_median_width': array([ 44. ,  44. ,  44. ,  44. ,  44. ,  44. ,  44. ,  44. ,  44. ,
        44. ,  44. ,  72. , 100. ,  44. ,  44. ,  44. ,  44. ,  44. ,
       100. ,  44. ,  44. ,  44. ,  44. ,  44. ,  44. ,  44. , 100. ,
       100. , 100. ,  44. ,  44. , 100. ,  72. ,  44. ,  44. ,  44. ,
       100. ,  44. ,  44. ,  44. , 100. ,  44. ,  44. , 100. ,  44. ,
        44. ,  44. ,  44. ,  44. ,  44. , 100. ,  49.5,  44. ,  44. ,
        44. ,  44. ,  44. ,  44. , 100. ,  46. ,  44. ,  44. ,  44. ,
        44. ,  44. ,  44. ,  44. ,  44. ,  44. ,  44. ,  44. ,  44. ,
        44. ,  44. ,  44. ,  44. ,  44. , 100. , 100. ,  44. ,  44. ,
        44.5,  44. ,  44. ,  44. ,  44. ,  44. ,  44. ,  44.5,  44. ,
        44. ,  44. ,  44. ,  44. ,  44. ,  44. ,  44. ,  44. ,  44. ,
        44. ]), 'class_mean_width_scaled': array([0.441 , 0.496 , 0.469 , 0.469 , 0.468 , 0.44  , 0.535 , 0.4685,
       0.44  , 0.4965, 0.44  , 0.72  , 0.776 , 0.44  , 0.5245, 0.44  ,
       0.44  , 0.524 , 0.917 , 0.636 , 0.44  , 0.552 , 0.5525, 0.44  ,
       0.44  , 0.44  , 1.    , 0.832 , 0.8055, 0.5825, 0.44  , 0.804 ,
       0.72  , 0.44  , 0.524 , 0.6105, 0.804 , 0.555 , 0.608 , 0.608 ,
       0.7775, 0.5525, 0.609 , 1.    , 0.4405, 0.497 , 0.469 , 0.5815,
       0.525 , 0.692 , 0.777 , 0.7015, 0.468 , 0.4405, 0.4405, 0.44  ,
       0.468 , 0.6645, 0.804 , 0.694 , 0.4985, 0.58  , 0.4685, 0.443 ,
       0.5525, 0.524 , 0.44  , 0.4685, 0.552 , 0.525 , 0.468 , 0.44  ,
       0.5   , 0.6365, 0.5815, 0.583 , 0.4405, 0.832 , 0.862 , 0.552 ,
       0.58  , 0.638 , 0.472 , 0.44  , 0.496 , 0.471 , 0.4965, 0.468 ,
       0.6385, 0.468 , 0.44  , 0.44  , 0.4975, 0.4415, 0.6135, 0.4685,
       0.496 , 0.469 , 0.468 , 0.44  ]), 'class_median_width_scaled': array([0.44 , 0.44 , 0.44 , 0.44 , 0.44 , 0.44 , 0.44 , 0.44 , 0.44 ,
       0.44 , 0.44 , 0.72 , 1.   , 0.44 , 0.44 , 0.44 , 0.44 , 0.44 ,
       1.   , 0.44 , 0.44 , 0.44 , 0.44 , 0.44 , 0.44 , 0.44 , 1.   ,
       1.   , 1.   , 0.44 , 0.44 , 1.   , 0.72 , 0.44 , 0.44 , 0.44 ,
       1.   , 0.44 , 0.44 , 0.44 , 1.   , 0.44 , 0.44 , 1.   , 0.44 ,
       0.44 , 0.44 , 0.44 , 0.44 , 0.44 , 1.   , 0.495, 0.44 , 0.44 ,
       0.44 , 0.44 , 0.44 , 0.44 , 1.   , 0.46 , 0.44 , 0.44 , 0.44 ,
       0.44 , 0.44 , 0.44 , 0.44 , 0.44 , 0.44 , 0.44 , 0.44 , 0.44 ,
       0.44 , 0.44 , 0.44 , 0.44 , 0.44 , 1.   , 1.   , 0.44 , 0.44 ,
       0.445, 0.44 , 0.44 , 0.44 , 0.44 , 0.44 , 0.44 , 0.445, 0.44 ,
       0.44 , 0.44 , 0.44 , 0.44 , 0.44 , 0.44 , 0.44 , 0.44 , 0.44 ,
       0.44 ])}

Job completed at Thu Mar 20 05:04:30 PM PDT 2025
