Starting job at Wed Mar 19 06:28:22 PM PDT 2025
Job parameters:
Dataset: data_dionis
UQ Method: split_conformal_lac
Estimator: AdaBoost
Seed: 779
Train Size: 0.8
Running split_conformal_lac on data_dionis with seed 779 and train size 0.8

starting experiment

data created

Fitting split_conformal_lac_AdaBoost on data_dionis with seed 779

split_conformal_lac_AdaBoost metrics: {'coverage': np.float64(0.8636666666666667), 'mean_width': np.float64(230.56166666666667), 'median_width': np.float64(266.0), 'mean_width_scaled': np.float64(0.6494694835680751), 'median_width_scaled': np.float64(0.7492957746478873)}

split_conformal_lac_AdaBoost full metrics: {'coverage': np.float64(0.8636666666666667), 'mean_width': np.float64(230.56166666666667), 'median_width': np.float64(266.0), 'mean_width_scaled': np.float64(0.6494694835680751), 'median_width_scaled': np.float64(0.7492957746478873)}

split_conformal_lac_AdaBoost class metrics: {'class_coverage': array([1.        , 1.        , 0.        , 0.95      , 0.96428571,
       0.        , 1.        , 1.        , 1.        , 0.94444444,
       1.        , 0.86666667, 1.        , 1.        , 1.        ,
       0.95      , 1.        , 1.        , 0.        , 1.        ,
       0.8       , 1.        , 0.875     , 1.        , 0.9375    ,
       1.        , 1.        , 1.        , 1.        , 1.        ,
       0.52631579, 0.        , 0.94117647, 1.        , 1.        ,
       0.        , 0.64285714, 1.        , 0.        , 0.75      ,
       1.        , 0.0625    , 0.94117647, 1.        , 1.        ,
       1.        , 1.        , 0.77777778, 1.        , 1.        ,
       1.        , 0.94117647, 1.        , 1.        , 0.        ,
       1.        , 1.        , 1.        , 1.        , 1.        ,
       1.        , 1.        , 0.        , 1.        , 0.93333333,
       1.        , 0.66666667, 1.        , 1.        , 1.        ,
       1.        , 0.9047619 , 1.        , 0.73333333, 1.        ,
       1.        , 0.9375    , 0.94736842, 1.        , 0.625     ,
       1.        , 1.        , 1.        , 0.64705882, 0.9375    ,
       0.85714286, 1.        , 0.        , 1.        , 0.9375    ,
       1.        , 1.        , 1.        , 0.8       , 1.        ,
       1.        , 0.88235294, 1.        , 1.        , 0.73684211,
       1.        , 1.        , 1.        , 0.5       , 1.        ,
       1.        , 1.        , 0.        , 1.        , 0.95      ,
       1.        , 1.        , 1.        , 0.        , 1.        ,
       1.        , 1.        , 1.        , 1.        , 1.        ,
       0.84210526, 1.        , 0.96      , 1.        , 1.        ,
       1.        , 1.        , 1.        , 1.        , 0.94117647,
       1.        , 1.        , 0.        , 0.92857143, 0.86666667,
       1.        , 1.        , 1.        , 0.66666667, 1.        ,
       0.93333333, 1.        , 1.        , 0.93333333, 1.        ,
       1.        , 1.        , 0.93333333, 1.        , 1.        ,
       1.        , 1.        , 1.        , 1.        , 1.        ,
       0.94444444, 0.54545455, 0.65      , 0.66666667, 1.        ,
       1.        , 1.        , 0.        , 1.        , 0.93333333,
       1.        , 0.        , 0.94117647, 1.        , 0.94444444,
       0.94117647, 0.875     , 0.65217391, 0.86666667, 0.9375    ,
       0.06666667, 1.        , 1.        , 1.        , 1.        ,
       1.        , 1.        , 1.        , 1.        , 0.93333333,
       1.        , 1.        , 1.        , 1.        , 1.        ,
       1.        , 0.        , 0.8       , 1.        , 1.        ,
       0.94117647, 0.75      , 1.        , 1.        , 1.        ,
       1.        , 1.        , 1.        , 1.        , 0.95238095,
       1.        , 1.        , 0.        , 1.        , 0.93333333,
       0.71428571, 0.875     , 0.9       , 0.46666667, 0.625     ,
       1.        , 1.        , 0.        , 0.9375    , 0.42857143,
       1.        , 1.        , 1.        , 1.        , 1.        ,
       0.        , 0.        , 1.        , 1.        , 1.        ,
       1.        , 1.        , 1.        , 0.94117647, 1.        ,
       0.        , 1.        , 1.        , 0.        , 0.93333333,
       0.06666667, 1.        , 1.        , 1.        , 1.        ,
       0.9375    , 1.        , 1.        , 1.        , 0.95454545,
       1.        , 1.        , 0.78571429, 0.        , 1.        ,
       1.        , 0.        , 1.        , 0.95238095, 1.        ,
       0.8       , 1.        , 1.        , 0.        , 1.        ,
       1.        , 1.        , 1.        , 1.        , 0.        ,
       0.6       , 1.        , 1.        , 1.        , 0.80952381,
       1.        , 1.        , 0.        , 0.        , 0.4       ,
       1.        , 1.        , 1.        , 0.95652174, 1.        ,
       1.        , 0.94444444, 1.        , 1.        , 0.4375    ,
       0.83333333, 1.        , 1.        , 0.625     , 1.        ,
       0.42857143, 1.        , 1.        , 0.9375    , 0.93333333,
       1.        , 0.66666667, 1.        , 0.85714286, 0.86666667,
       0.93333333, 0.875     , 0.2       , 1.        , 0.83333333,
       1.        , 0.        , 1.        , 1.        , 1.        ,
       1.        , 1.        , 1.        , 1.        , 0.95      ,
       1.        , 1.        , 0.77272727, 0.8125    , 1.        ,
       0.        , 1.        , 1.        , 1.        , 1.        ,
       0.93333333, 1.        , 1.        , 0.93333333, 0.88235294,
       1.        , 1.        , 1.        , 1.        , 0.94117647,
       0.95652174, 0.9375    , 1.        , 1.        , 1.        ,
       0.        , 1.        , 1.        , 0.        , 0.92307692,
       0.92857143, 1.        , 0.94736842, 1.        , 1.        ]), 'class_mean_width': array([266.        , 266.        , 266.        ,  45.6       ,
       258.60714286, 266.        , 214.44444444, 252.2       ,
       266.        , 253.11111111, 266.        , 234.86666667,
       266.        , 266.        , 266.        ,  45.6       ,
       266.        , 156.10526316, 266.        , 266.        ,
       100.4       , 266.        ,  84.875     , 266.        ,
       253.0625    , 266.        , 266.        , 266.        ,
       266.        , 266.        , 129.15789474, 266.        ,
       253.82352941, 266.        , 266.        ,  50.0625    ,
       124.        , 252.2       , 266.        ,  96.25      ,
       266.        , 253.0625    , 252.35294118, 266.        ,
       266.        , 266.        , 266.        ,  85.55555556,
       266.        , 266.        , 266.        , 250.41176471,
       266.        , 266.        , 266.        , 266.        ,
       266.        , 266.        , 266.        , 266.        ,
       266.        , 266.        , 266.        , 266.        ,
       250.53333333, 266.        , 128.        , 192.94117647,
       266.        , 266.        , 266.        ,  56.0952381 ,
       266.        , 114.2       , 266.        , 266.        ,
       251.5       , 253.78947368, 266.        , 121.        ,
       266.        , 266.        , 266.        , 132.05882353,
       253.0625    ,  72.        , 143.89473684, 250.53333333,
       266.        , 253.0625    , 266.        , 266.        ,
       266.        , 100.4       , 266.        , 266.        ,
       241.64705882, 266.        , 266.        ,  73.26315789,
       266.        , 266.        , 266.        , 137.0625    ,
       266.        , 266.        , 266.        , 266.        ,
       266.        , 254.4       , 266.        , 266.        ,
       266.        , 266.        , 266.        , 266.        ,
       266.        ,  59.        , 266.        , 266.        ,
        70.63157895, 266.        ,  67.28      , 254.5       ,
       266.        , 266.        , 266.        , 266.        ,
       266.        , 252.35294118, 266.        , 266.        ,
       266.        , 251.21428571,  71.13333333, 266.        ,
       210.8       , 214.44444444, 111.33333333, 266.        ,
       250.33333333, 266.        , 266.        , 250.53333333,
       266.        , 266.        , 266.        , 252.2       ,
       266.        , 266.        , 266.        , 266.        ,
       266.        , 266.        , 266.        , 254.5       ,
       139.45454545, 131.45      , 128.        , 266.        ,
       266.        , 266.        , 266.        , 266.        ,
       252.2       , 266.        , 266.        , 250.41176471,
       266.        , 254.5       ,  57.52941176,  84.875     ,
       131.        , 238.4       ,  71.9375    , 250.53333333,
       266.        , 266.        , 266.        , 266.        ,
       266.        , 266.        , 266.        , 266.        ,
       252.2       , 266.        , 266.        , 266.        ,
        59.        ,  59.        , 241.64705882, 252.2       ,
       100.4       , 266.        , 266.        ,  71.17647059,
       110.75      , 266.        , 266.        , 266.        ,
       266.        , 266.        , 266.        , 266.        ,
       256.14285714, 266.        ,  34.        , 266.        ,
       266.        ,  72.8       , 118.14285714, 240.125     ,
       242.4       , 151.73333333, 121.        , 266.        ,
       266.        , 266.        , 251.5       , 177.28571429,
       266.        , 266.        , 266.        , 266.        ,
       266.        , 210.8       , 266.        , 236.42857143,
       266.        , 201.3125    , 266.        , 266.        ,
       266.        , 253.82352941, 266.        , 266.        ,
       175.4375    , 266.        , 266.        , 252.2       ,
       252.2       , 266.        , 266.        , 266.        ,
       266.        , 253.0625    ,  59.        , 266.        ,
       266.        , 255.45454545, 266.        , 266.        ,
       219.85714286, 266.        , 266.        , 266.        ,
       266.        , 266.        , 256.14285714, 266.        ,
       100.4       , 266.        , 266.        , 266.        ,
       266.        , 266.        , 184.11764706, 266.        ,
       266.        , 266.        , 141.8       , 266.        ,
       266.        , 266.        ,  78.19047619, 266.        ,
       266.        , 266.        , 266.        , 183.2       ,
       266.        , 266.        , 266.        ,  68.        ,
       266.        , 107.70588235, 253.11111111, 266.        ,
       266.        , 164.5       ,  93.5       , 266.        ,
       266.        , 121.        , 266.        , 177.28571429,
       266.        , 266.        , 249.4375    , 236.73333333,
       266.        , 128.        , 266.        ,  88.57142857,
       235.06666667, 250.53333333, 240.125     ,  39.        ,
       266.        , 231.5       , 214.44444444,  34.        ,
       266.        ,  74.34782609, 266.        , 266.        ,
       266.        , 266.        , 266.        , 255.65      ,
       266.        , 266.        , 106.04545455, 227.1875    ,
       266.        , 266.        , 266.        , 266.        ,
       266.        , 266.        , 252.2       , 253.11111111,
       266.        , 252.2       ,  67.17647059, 266.        ,
       266.        , 266.        , 266.        , 253.82352941,
       254.47826087, 151.5625    , 266.        , 266.        ,
       266.        ,  46.88888889, 266.        , 266.        ,
       266.        , 248.15384615, 251.21428571, 266.        ,
       253.78947368, 266.        , 266.        ]), 'class_median_width': array([266. , 266. , 266. ,  34. , 266. , 266. , 266. , 266. , 266. ,
       266. , 266. , 266. , 266. , 266. , 266. ,  34. , 266. , 266. ,
       266. , 266. ,  59. , 266. ,  59. , 266. , 266. , 266. , 266. ,
       266. , 266. , 266. ,  59. , 266. , 266. , 266. , 266. ,  34. ,
        59. , 266. , 266. ,  59. , 266. , 266. , 266. , 266. , 266. ,
       266. , 266. ,  34. , 266. , 266. , 266. , 266. , 266. , 266. ,
       266. , 266. , 266. , 266. , 266. , 266. , 266. , 266. , 266. ,
       266. , 266. , 266. ,  59. , 266. , 266. , 266. , 266. ,  34. ,
       266. ,  59. , 266. , 266. , 266. , 266. , 266. ,  34. , 266. ,
       266. , 266. ,  59. , 266. ,  59. ,  34. , 266. , 266. , 266. ,
       266. , 266. , 266. ,  59. , 266. , 266. , 266. , 266. , 266. ,
        34. , 266. , 266. , 266. ,  46.5, 266. , 266. , 266. , 266. ,
       266. , 266. , 266. , 266. , 266. , 266. , 266. , 266. , 266. ,
        59. , 266. , 266. ,  34. , 266. ,  59. , 266. , 266. , 266. ,
       266. , 266. , 266. , 266. , 266. , 266. , 266. , 266. ,  59. ,
       266. , 266. , 266. ,  34. , 266. , 266. , 266. , 266. , 266. ,
       266. , 266. , 266. , 266. , 266. , 266. , 266. , 266. , 266. ,
       266. , 266. , 266. ,  34. ,  59. ,  59. , 266. , 266. , 266. ,
       266. , 266. , 266. , 266. , 266. , 266. , 266. , 266. ,  59. ,
        59. ,  59. , 266. ,  59. , 266. , 266. , 266. , 266. , 266. ,
       266. , 266. , 266. , 266. , 266. , 266. , 266. , 266. ,  59. ,
        59. , 266. , 266. ,  59. , 266. , 266. ,  59. ,  59. , 266. ,
       266. , 266. , 266. , 266. , 266. , 266. , 266. , 266. ,  34. ,
       266. , 266. ,  59. ,  59. , 266. , 266. ,  59. ,  34. , 266. ,
       266. , 266. , 266. , 266. , 266. , 266. , 266. , 266. , 266. ,
       266. , 266. , 266. , 266. , 266. , 266. , 266. , 266. , 266. ,
       266. , 266. , 266. , 266. , 266. , 266. , 266. , 266. , 266. ,
       266. , 266. , 266. ,  59. , 266. , 266. , 266. , 266. , 266. ,
       266. , 266. , 266. , 266. , 266. , 266. , 266. , 266. ,  59. ,
       266. , 266. , 266. , 266. , 266. , 266. , 266. , 266. , 266. ,
        59. , 266. , 266. , 266. ,  34. , 266. , 266. , 266. , 266. ,
       266. , 266. , 266. , 266. ,  59. , 266. ,  59. , 266. , 266. ,
       266. , 266. ,  59. , 266. , 266. ,  34. , 266. , 266. , 266. ,
       266. , 266. , 266. , 266. ,  59. , 266. ,  59. , 266. , 266. ,
       266. ,  34. , 266. , 266. , 266. ,  34. , 266. ,  34. , 266. ,
       266. , 266. , 266. , 266. , 266. , 266. , 266. ,  59. , 266. ,
       266. , 266. , 266. , 266. , 266. , 266. , 266. , 266. , 266. ,
       266. ,  34. , 266. , 266. , 266. , 266. , 266. , 266. , 162.5,
       266. , 266. , 266. ,  34. , 266. , 266. , 266. , 266. , 266. ,
       266. , 266. , 266. , 266. ]), 'class_mean_width_scaled': array([0.74929577, 0.74929577, 0.74929577, 0.1284507 , 0.72847082,
       0.74929577, 0.60406886, 0.71042254, 0.74929577, 0.71298905,
       0.74929577, 0.66159624, 0.74929577, 0.74929577, 0.74929577,
       0.1284507 , 0.74929577, 0.43973314, 0.74929577, 0.74929577,
       0.2828169 , 0.74929577, 0.23908451, 0.74929577, 0.71285211,
       0.74929577, 0.74929577, 0.74929577, 0.74929577, 0.74929577,
       0.36382506, 0.74929577, 0.71499586, 0.74929577, 0.74929577,
       0.14102113, 0.34929577, 0.71042254, 0.74929577, 0.27112676,
       0.74929577, 0.71285211, 0.71085336, 0.74929577, 0.74929577,
       0.74929577, 0.74929577, 0.24100156, 0.74929577, 0.74929577,
       0.74929577, 0.70538525, 0.74929577, 0.74929577, 0.74929577,
       0.74929577, 0.74929577, 0.74929577, 0.74929577, 0.74929577,
       0.74929577, 0.74929577, 0.74929577, 0.74929577, 0.7057277 ,
       0.74929577, 0.36056338, 0.54349627, 0.74929577, 0.74929577,
       0.74929577, 0.15801476, 0.74929577, 0.32169014, 0.74929577,
       0.74929577, 0.7084507 , 0.71489993, 0.74929577, 0.34084507,
       0.74929577, 0.74929577, 0.74929577, 0.37199669, 0.71285211,
       0.2028169 , 0.40533729, 0.7057277 , 0.74929577, 0.71285211,
       0.74929577, 0.74929577, 0.74929577, 0.2828169 , 0.74929577,
       0.74929577, 0.68069594, 0.74929577, 0.74929577, 0.20637509,
       0.74929577, 0.74929577, 0.74929577, 0.38609155, 0.74929577,
       0.74929577, 0.74929577, 0.74929577, 0.74929577, 0.71661972,
       0.74929577, 0.74929577, 0.74929577, 0.74929577, 0.74929577,
       0.74929577, 0.74929577, 0.16619718, 0.74929577, 0.74929577,
       0.19896219, 0.74929577, 0.18952113, 0.71690141, 0.74929577,
       0.74929577, 0.74929577, 0.74929577, 0.74929577, 0.71085336,
       0.74929577, 0.74929577, 0.74929577, 0.70764588, 0.20037559,
       0.74929577, 0.59380282, 0.60406886, 0.31361502, 0.74929577,
       0.70516432, 0.74929577, 0.74929577, 0.7057277 , 0.74929577,
       0.74929577, 0.74929577, 0.71042254, 0.74929577, 0.74929577,
       0.74929577, 0.74929577, 0.74929577, 0.74929577, 0.74929577,
       0.71690141, 0.39282971, 0.37028169, 0.36056338, 0.74929577,
       0.74929577, 0.74929577, 0.74929577, 0.74929577, 0.71042254,
       0.74929577, 0.74929577, 0.70538525, 0.74929577, 0.71690141,
       0.16205468, 0.23908451, 0.36901408, 0.6715493 , 0.20264085,
       0.7057277 , 0.74929577, 0.74929577, 0.74929577, 0.74929577,
       0.74929577, 0.74929577, 0.74929577, 0.74929577, 0.71042254,
       0.74929577, 0.74929577, 0.74929577, 0.16619718, 0.16619718,
       0.68069594, 0.71042254, 0.2828169 , 0.74929577, 0.74929577,
       0.2004971 , 0.31197183, 0.74929577, 0.74929577, 0.74929577,
       0.74929577, 0.74929577, 0.74929577, 0.74929577, 0.72152918,
       0.74929577, 0.09577465, 0.74929577, 0.74929577, 0.20507042,
       0.33279678, 0.67640845, 0.6828169 , 0.42741784, 0.34084507,
       0.74929577, 0.74929577, 0.74929577, 0.7084507 , 0.49939638,
       0.74929577, 0.74929577, 0.74929577, 0.74929577, 0.74929577,
       0.59380282, 0.74929577, 0.66599598, 0.74929577, 0.56707746,
       0.74929577, 0.74929577, 0.74929577, 0.71499586, 0.74929577,
       0.74929577, 0.49419014, 0.74929577, 0.74929577, 0.71042254,
       0.71042254, 0.74929577, 0.74929577, 0.74929577, 0.74929577,
       0.71285211, 0.16619718, 0.74929577, 0.74929577, 0.71959027,
       0.74929577, 0.74929577, 0.6193159 , 0.74929577, 0.74929577,
       0.74929577, 0.74929577, 0.74929577, 0.72152918, 0.74929577,
       0.2828169 , 0.74929577, 0.74929577, 0.74929577, 0.74929577,
       0.74929577, 0.51864126, 0.74929577, 0.74929577, 0.74929577,
       0.39943662, 0.74929577, 0.74929577, 0.74929577, 0.22025486,
       0.74929577, 0.74929577, 0.74929577, 0.74929577, 0.51605634,
       0.74929577, 0.74929577, 0.74929577, 0.1915493 , 0.74929577,
       0.30339685, 0.71298905, 0.74929577, 0.74929577, 0.46338028,
       0.26338028, 0.74929577, 0.74929577, 0.34084507, 0.74929577,
       0.49939638, 0.74929577, 0.74929577, 0.70264085, 0.66685446,
       0.74929577, 0.36056338, 0.74929577, 0.24949698, 0.66215962,
       0.7057277 , 0.67640845, 0.10985915, 0.74929577, 0.65211268,
       0.60406886, 0.09577465, 0.74929577, 0.2094305 , 0.74929577,
       0.74929577, 0.74929577, 0.74929577, 0.74929577, 0.72014085,
       0.74929577, 0.74929577, 0.29871959, 0.63996479, 0.74929577,
       0.74929577, 0.74929577, 0.74929577, 0.74929577, 0.74929577,
       0.71042254, 0.71298905, 0.74929577, 0.71042254, 0.18922949,
       0.74929577, 0.74929577, 0.74929577, 0.74929577, 0.71499586,
       0.71684017, 0.42693662, 0.74929577, 0.74929577, 0.74929577,
       0.13208138, 0.74929577, 0.74929577, 0.74929577, 0.69902492,
       0.70764588, 0.74929577, 0.71489993, 0.74929577, 0.74929577]), 'class_median_width_scaled': array([0.74929577, 0.74929577, 0.74929577, 0.09577465, 0.74929577,
       0.74929577, 0.74929577, 0.74929577, 0.74929577, 0.74929577,
       0.74929577, 0.74929577, 0.74929577, 0.74929577, 0.74929577,
       0.09577465, 0.74929577, 0.74929577, 0.74929577, 0.74929577,
       0.16619718, 0.74929577, 0.16619718, 0.74929577, 0.74929577,
       0.74929577, 0.74929577, 0.74929577, 0.74929577, 0.74929577,
       0.16619718, 0.74929577, 0.74929577, 0.74929577, 0.74929577,
       0.09577465, 0.16619718, 0.74929577, 0.74929577, 0.16619718,
       0.74929577, 0.74929577, 0.74929577, 0.74929577, 0.74929577,
       0.74929577, 0.74929577, 0.09577465, 0.74929577, 0.74929577,
       0.74929577, 0.74929577, 0.74929577, 0.74929577, 0.74929577,
       0.74929577, 0.74929577, 0.74929577, 0.74929577, 0.74929577,
       0.74929577, 0.74929577, 0.74929577, 0.74929577, 0.74929577,
       0.74929577, 0.16619718, 0.74929577, 0.74929577, 0.74929577,
       0.74929577, 0.09577465, 0.74929577, 0.16619718, 0.74929577,
       0.74929577, 0.74929577, 0.74929577, 0.74929577, 0.09577465,
       0.74929577, 0.74929577, 0.74929577, 0.16619718, 0.74929577,
       0.16619718, 0.09577465, 0.74929577, 0.74929577, 0.74929577,
       0.74929577, 0.74929577, 0.74929577, 0.16619718, 0.74929577,
       0.74929577, 0.74929577, 0.74929577, 0.74929577, 0.09577465,
       0.74929577, 0.74929577, 0.74929577, 0.13098592, 0.74929577,
       0.74929577, 0.74929577, 0.74929577, 0.74929577, 0.74929577,
       0.74929577, 0.74929577, 0.74929577, 0.74929577, 0.74929577,
       0.74929577, 0.74929577, 0.16619718, 0.74929577, 0.74929577,
       0.09577465, 0.74929577, 0.16619718, 0.74929577, 0.74929577,
       0.74929577, 0.74929577, 0.74929577, 0.74929577, 0.74929577,
       0.74929577, 0.74929577, 0.74929577, 0.74929577, 0.16619718,
       0.74929577, 0.74929577, 0.74929577, 0.09577465, 0.74929577,
       0.74929577, 0.74929577, 0.74929577, 0.74929577, 0.74929577,
       0.74929577, 0.74929577, 0.74929577, 0.74929577, 0.74929577,
       0.74929577, 0.74929577, 0.74929577, 0.74929577, 0.74929577,
       0.74929577, 0.09577465, 0.16619718, 0.16619718, 0.74929577,
       0.74929577, 0.74929577, 0.74929577, 0.74929577, 0.74929577,
       0.74929577, 0.74929577, 0.74929577, 0.74929577, 0.74929577,
       0.16619718, 0.16619718, 0.16619718, 0.74929577, 0.16619718,
       0.74929577, 0.74929577, 0.74929577, 0.74929577, 0.74929577,
       0.74929577, 0.74929577, 0.74929577, 0.74929577, 0.74929577,
       0.74929577, 0.74929577, 0.74929577, 0.16619718, 0.16619718,
       0.74929577, 0.74929577, 0.16619718, 0.74929577, 0.74929577,
       0.16619718, 0.16619718, 0.74929577, 0.74929577, 0.74929577,
       0.74929577, 0.74929577, 0.74929577, 0.74929577, 0.74929577,
       0.74929577, 0.09577465, 0.74929577, 0.74929577, 0.16619718,
       0.16619718, 0.74929577, 0.74929577, 0.16619718, 0.09577465,
       0.74929577, 0.74929577, 0.74929577, 0.74929577, 0.74929577,
       0.74929577, 0.74929577, 0.74929577, 0.74929577, 0.74929577,
       0.74929577, 0.74929577, 0.74929577, 0.74929577, 0.74929577,
       0.74929577, 0.74929577, 0.74929577, 0.74929577, 0.74929577,
       0.74929577, 0.74929577, 0.74929577, 0.74929577, 0.74929577,
       0.74929577, 0.74929577, 0.74929577, 0.74929577, 0.74929577,
       0.74929577, 0.16619718, 0.74929577, 0.74929577, 0.74929577,
       0.74929577, 0.74929577, 0.74929577, 0.74929577, 0.74929577,
       0.74929577, 0.74929577, 0.74929577, 0.74929577, 0.74929577,
       0.16619718, 0.74929577, 0.74929577, 0.74929577, 0.74929577,
       0.74929577, 0.74929577, 0.74929577, 0.74929577, 0.74929577,
       0.16619718, 0.74929577, 0.74929577, 0.74929577, 0.09577465,
       0.74929577, 0.74929577, 0.74929577, 0.74929577, 0.74929577,
       0.74929577, 0.74929577, 0.74929577, 0.16619718, 0.74929577,
       0.16619718, 0.74929577, 0.74929577, 0.74929577, 0.74929577,
       0.16619718, 0.74929577, 0.74929577, 0.09577465, 0.74929577,
       0.74929577, 0.74929577, 0.74929577, 0.74929577, 0.74929577,
       0.74929577, 0.16619718, 0.74929577, 0.16619718, 0.74929577,
       0.74929577, 0.74929577, 0.09577465, 0.74929577, 0.74929577,
       0.74929577, 0.09577465, 0.74929577, 0.09577465, 0.74929577,
       0.74929577, 0.74929577, 0.74929577, 0.74929577, 0.74929577,
       0.74929577, 0.74929577, 0.16619718, 0.74929577, 0.74929577,
       0.74929577, 0.74929577, 0.74929577, 0.74929577, 0.74929577,
       0.74929577, 0.74929577, 0.74929577, 0.74929577, 0.09577465,
       0.74929577, 0.74929577, 0.74929577, 0.74929577, 0.74929577,
       0.74929577, 0.45774648, 0.74929577, 0.74929577, 0.74929577,
       0.09577465, 0.74929577, 0.74929577, 0.74929577, 0.74929577,
       0.74929577, 0.74929577, 0.74929577, 0.74929577, 0.74929577])}

split_conformal_lac_AdaBoost full class metrics: {'class_coverage': array([1.        , 1.        , 0.        , 0.95      , 0.96428571,
       0.        , 1.        , 1.        , 1.        , 0.94444444,
       1.        , 0.86666667, 1.        , 1.        , 1.        ,
       0.95      , 1.        , 1.        , 0.        , 1.        ,
       0.8       , 1.        , 0.875     , 1.        , 0.9375    ,
       1.        , 1.        , 1.        , 1.        , 1.        ,
       0.52631579, 0.        , 0.94117647, 1.        , 1.        ,
       0.        , 0.64285714, 1.        , 0.        , 0.75      ,
       1.        , 0.0625    , 0.94117647, 1.        , 1.        ,
       1.        , 1.        , 0.77777778, 1.        , 1.        ,
       1.        , 0.94117647, 1.        , 1.        , 0.        ,
       1.        , 1.        , 1.        , 1.        , 1.        ,
       1.        , 1.        , 0.        , 1.        , 0.93333333,
       1.        , 0.66666667, 1.        , 1.        , 1.        ,
       1.        , 0.9047619 , 1.        , 0.73333333, 1.        ,
       1.        , 0.9375    , 0.94736842, 1.        , 0.625     ,
       1.        , 1.        , 1.        , 0.64705882, 0.9375    ,
       0.85714286, 1.        , 0.        , 1.        , 0.9375    ,
       1.        , 1.        , 1.        , 0.8       , 1.        ,
       1.        , 0.88235294, 1.        , 1.        , 0.73684211,
       1.        , 1.        , 1.        , 0.5       , 1.        ,
       1.        , 1.        , 0.        , 1.        , 0.95      ,
       1.        , 1.        , 1.        , 0.        , 1.        ,
       1.        , 1.        , 1.        , 1.        , 1.        ,
       0.84210526, 1.        , 0.96      , 1.        , 1.        ,
       1.        , 1.        , 1.        , 1.        , 0.94117647,
       1.        , 1.        , 0.        , 0.92857143, 0.86666667,
       1.        , 1.        , 1.        , 0.66666667, 1.        ,
       0.93333333, 1.        , 1.        , 0.93333333, 1.        ,
       1.        , 1.        , 0.93333333, 1.        , 1.        ,
       1.        , 1.        , 1.        , 1.        , 1.        ,
       0.94444444, 0.54545455, 0.65      , 0.66666667, 1.        ,
       1.        , 1.        , 0.        , 1.        , 0.93333333,
       1.        , 0.        , 0.94117647, 1.        , 0.94444444,
       0.94117647, 0.875     , 0.65217391, 0.86666667, 0.9375    ,
       0.06666667, 1.        , 1.        , 1.        , 1.        ,
       1.        , 1.        , 1.        , 1.        , 0.93333333,
       1.        , 1.        , 1.        , 1.        , 1.        ,
       1.        , 0.        , 0.8       , 1.        , 1.        ,
       0.94117647, 0.75      , 1.        , 1.        , 1.        ,
       1.        , 1.        , 1.        , 1.        , 0.95238095,
       1.        , 1.        , 0.        , 1.        , 0.93333333,
       0.71428571, 0.875     , 0.9       , 0.46666667, 0.625     ,
       1.        , 1.        , 0.        , 0.9375    , 0.42857143,
       1.        , 1.        , 1.        , 1.        , 1.        ,
       0.        , 0.        , 1.        , 1.        , 1.        ,
       1.        , 1.        , 1.        , 0.94117647, 1.        ,
       0.        , 1.        , 1.        , 0.        , 0.93333333,
       0.06666667, 1.        , 1.        , 1.        , 1.        ,
       0.9375    , 1.        , 1.        , 1.        , 0.95454545,
       1.        , 1.        , 0.78571429, 0.        , 1.        ,
       1.        , 0.        , 1.        , 0.95238095, 1.        ,
       0.8       , 1.        , 1.        , 0.        , 1.        ,
       1.        , 1.        , 1.        , 1.        , 0.        ,
       0.6       , 1.        , 1.        , 1.        , 0.80952381,
       1.        , 1.        , 0.        , 0.        , 0.4       ,
       1.        , 1.        , 1.        , 0.95652174, 1.        ,
       1.        , 0.94444444, 1.        , 1.        , 0.4375    ,
       0.83333333, 1.        , 1.        , 0.625     , 1.        ,
       0.42857143, 1.        , 1.        , 0.9375    , 0.93333333,
       1.        , 0.66666667, 1.        , 0.85714286, 0.86666667,
       0.93333333, 0.875     , 0.2       , 1.        , 0.83333333,
       1.        , 0.        , 1.        , 1.        , 1.        ,
       1.        , 1.        , 1.        , 1.        , 0.95      ,
       1.        , 1.        , 0.77272727, 0.8125    , 1.        ,
       0.        , 1.        , 1.        , 1.        , 1.        ,
       0.93333333, 1.        , 1.        , 0.93333333, 0.88235294,
       1.        , 1.        , 1.        , 1.        , 0.94117647,
       0.95652174, 0.9375    , 1.        , 1.        , 1.        ,
       0.        , 1.        , 1.        , 0.        , 0.92307692,
       0.92857143, 1.        , 0.94736842, 1.        , 1.        ]), 'class_mean_width': array([266.        , 266.        , 266.        ,  45.6       ,
       258.60714286, 266.        , 214.44444444, 252.2       ,
       266.        , 253.11111111, 266.        , 234.86666667,
       266.        , 266.        , 266.        ,  45.6       ,
       266.        , 156.10526316, 266.        , 266.        ,
       100.4       , 266.        ,  84.875     , 266.        ,
       253.0625    , 266.        , 266.        , 266.        ,
       266.        , 266.        , 129.15789474, 266.        ,
       253.82352941, 266.        , 266.        ,  50.0625    ,
       124.        , 252.2       , 266.        ,  96.25      ,
       266.        , 253.0625    , 252.35294118, 266.        ,
       266.        , 266.        , 266.        ,  85.55555556,
       266.        , 266.        , 266.        , 250.41176471,
       266.        , 266.        , 266.        , 266.        ,
       266.        , 266.        , 266.        , 266.        ,
       266.        , 266.        , 266.        , 266.        ,
       250.53333333, 266.        , 128.        , 192.94117647,
       266.        , 266.        , 266.        ,  56.0952381 ,
       266.        , 114.2       , 266.        , 266.        ,
       251.5       , 253.78947368, 266.        , 121.        ,
       266.        , 266.        , 266.        , 132.05882353,
       253.0625    ,  72.        , 143.89473684, 250.53333333,
       266.        , 253.0625    , 266.        , 266.        ,
       266.        , 100.4       , 266.        , 266.        ,
       241.64705882, 266.        , 266.        ,  73.26315789,
       266.        , 266.        , 266.        , 137.0625    ,
       266.        , 266.        , 266.        , 266.        ,
       266.        , 254.4       , 266.        , 266.        ,
       266.        , 266.        , 266.        , 266.        ,
       266.        ,  59.        , 266.        , 266.        ,
        70.63157895, 266.        ,  67.28      , 254.5       ,
       266.        , 266.        , 266.        , 266.        ,
       266.        , 252.35294118, 266.        , 266.        ,
       266.        , 251.21428571,  71.13333333, 266.        ,
       210.8       , 214.44444444, 111.33333333, 266.        ,
       250.33333333, 266.        , 266.        , 250.53333333,
       266.        , 266.        , 266.        , 252.2       ,
       266.        , 266.        , 266.        , 266.        ,
       266.        , 266.        , 266.        , 254.5       ,
       139.45454545, 131.45      , 128.        , 266.        ,
       266.        , 266.        , 266.        , 266.        ,
       252.2       , 266.        , 266.        , 250.41176471,
       266.        , 254.5       ,  57.52941176,  84.875     ,
       131.        , 238.4       ,  71.9375    , 250.53333333,
       266.        , 266.        , 266.        , 266.        ,
       266.        , 266.        , 266.        , 266.        ,
       252.2       , 266.        , 266.        , 266.        ,
        59.        ,  59.        , 241.64705882, 252.2       ,
       100.4       , 266.        , 266.        ,  71.17647059,
       110.75      , 266.        , 266.        , 266.        ,
       266.        , 266.        , 266.        , 266.        ,
       256.14285714, 266.        ,  34.        , 266.        ,
       266.        ,  72.8       , 118.14285714, 240.125     ,
       242.4       , 151.73333333, 121.        , 266.        ,
       266.        , 266.        , 251.5       , 177.28571429,
       266.        , 266.        , 266.        , 266.        ,
       266.        , 210.8       , 266.        , 236.42857143,
       266.        , 201.3125    , 266.        , 266.        ,
       266.        , 253.82352941, 266.        , 266.        ,
       175.4375    , 266.        , 266.        , 252.2       ,
       252.2       , 266.        , 266.        , 266.        ,
       266.        , 253.0625    ,  59.        , 266.        ,
       266.        , 255.45454545, 266.        , 266.        ,
       219.85714286, 266.        , 266.        , 266.        ,
       266.        , 266.        , 256.14285714, 266.        ,
       100.4       , 266.        , 266.        , 266.        ,
       266.        , 266.        , 184.11764706, 266.        ,
       266.        , 266.        , 141.8       , 266.        ,
       266.        , 266.        ,  78.19047619, 266.        ,
       266.        , 266.        , 266.        , 183.2       ,
       266.        , 266.        , 266.        ,  68.        ,
       266.        , 107.70588235, 253.11111111, 266.        ,
       266.        , 164.5       ,  93.5       , 266.        ,
       266.        , 121.        , 266.        , 177.28571429,
       266.        , 266.        , 249.4375    , 236.73333333,
       266.        , 128.        , 266.        ,  88.57142857,
       235.06666667, 250.53333333, 240.125     ,  39.        ,
       266.        , 231.5       , 214.44444444,  34.        ,
       266.        ,  74.34782609, 266.        , 266.        ,
       266.        , 266.        , 266.        , 255.65      ,
       266.        , 266.        , 106.04545455, 227.1875    ,
       266.        , 266.        , 266.        , 266.        ,
       266.        , 266.        , 252.2       , 253.11111111,
       266.        , 252.2       ,  67.17647059, 266.        ,
       266.        , 266.        , 266.        , 253.82352941,
       254.47826087, 151.5625    , 266.        , 266.        ,
       266.        ,  46.88888889, 266.        , 266.        ,
       266.        , 248.15384615, 251.21428571, 266.        ,
       253.78947368, 266.        , 266.        ]), 'class_median_width': array([266. , 266. , 266. ,  34. , 266. , 266. , 266. , 266. , 266. ,
       266. , 266. , 266. , 266. , 266. , 266. ,  34. , 266. , 266. ,
       266. , 266. ,  59. , 266. ,  59. , 266. , 266. , 266. , 266. ,
       266. , 266. , 266. ,  59. , 266. , 266. , 266. , 266. ,  34. ,
        59. , 266. , 266. ,  59. , 266. , 266. , 266. , 266. , 266. ,
       266. , 266. ,  34. , 266. , 266. , 266. , 266. , 266. , 266. ,
       266. , 266. , 266. , 266. , 266. , 266. , 266. , 266. , 266. ,
       266. , 266. , 266. ,  59. , 266. , 266. , 266. , 266. ,  34. ,
       266. ,  59. , 266. , 266. , 266. , 266. , 266. ,  34. , 266. ,
       266. , 266. ,  59. , 266. ,  59. ,  34. , 266. , 266. , 266. ,
       266. , 266. , 266. ,  59. , 266. , 266. , 266. , 266. , 266. ,
        34. , 266. , 266. , 266. ,  46.5, 266. , 266. , 266. , 266. ,
       266. , 266. , 266. , 266. , 266. , 266. , 266. , 266. , 266. ,
        59. , 266. , 266. ,  34. , 266. ,  59. , 266. , 266. , 266. ,
       266. , 266. , 266. , 266. , 266. , 266. , 266. , 266. ,  59. ,
       266. , 266. , 266. ,  34. , 266. , 266. , 266. , 266. , 266. ,
       266. , 266. , 266. , 266. , 266. , 266. , 266. , 266. , 266. ,
       266. , 266. , 266. ,  34. ,  59. ,  59. , 266. , 266. , 266. ,
       266. , 266. , 266. , 266. , 266. , 266. , 266. , 266. ,  59. ,
        59. ,  59. , 266. ,  59. , 266. , 266. , 266. , 266. , 266. ,
       266. , 266. , 266. , 266. , 266. , 266. , 266. , 266. ,  59. ,
        59. , 266. , 266. ,  59. , 266. , 266. ,  59. ,  59. , 266. ,
       266. , 266. , 266. , 266. , 266. , 266. , 266. , 266. ,  34. ,
       266. , 266. ,  59. ,  59. , 266. , 266. ,  59. ,  34. , 266. ,
       266. , 266. , 266. , 266. , 266. , 266. , 266. , 266. , 266. ,
       266. , 266. , 266. , 266. , 266. , 266. , 266. , 266. , 266. ,
       266. , 266. , 266. , 266. , 266. , 266. , 266. , 266. , 266. ,
       266. , 266. , 266. ,  59. , 266. , 266. , 266. , 266. , 266. ,
       266. , 266. , 266. , 266. , 266. , 266. , 266. , 266. ,  59. ,
       266. , 266. , 266. , 266. , 266. , 266. , 266. , 266. , 266. ,
        59. , 266. , 266. , 266. ,  34. , 266. , 266. , 266. , 266. ,
       266. , 266. , 266. , 266. ,  59. , 266. ,  59. , 266. , 266. ,
       266. , 266. ,  59. , 266. , 266. ,  34. , 266. , 266. , 266. ,
       266. , 266. , 266. , 266. ,  59. , 266. ,  59. , 266. , 266. ,
       266. ,  34. , 266. , 266. , 266. ,  34. , 266. ,  34. , 266. ,
       266. , 266. , 266. , 266. , 266. , 266. , 266. ,  59. , 266. ,
       266. , 266. , 266. , 266. , 266. , 266. , 266. , 266. , 266. ,
       266. ,  34. , 266. , 266. , 266. , 266. , 266. , 266. , 162.5,
       266. , 266. , 266. ,  34. , 266. , 266. , 266. , 266. , 266. ,
       266. , 266. , 266. , 266. ]), 'class_mean_width_scaled': array([0.74929577, 0.74929577, 0.74929577, 0.1284507 , 0.72847082,
       0.74929577, 0.60406886, 0.71042254, 0.74929577, 0.71298905,
       0.74929577, 0.66159624, 0.74929577, 0.74929577, 0.74929577,
       0.1284507 , 0.74929577, 0.43973314, 0.74929577, 0.74929577,
       0.2828169 , 0.74929577, 0.23908451, 0.74929577, 0.71285211,
       0.74929577, 0.74929577, 0.74929577, 0.74929577, 0.74929577,
       0.36382506, 0.74929577, 0.71499586, 0.74929577, 0.74929577,
       0.14102113, 0.34929577, 0.71042254, 0.74929577, 0.27112676,
       0.74929577, 0.71285211, 0.71085336, 0.74929577, 0.74929577,
       0.74929577, 0.74929577, 0.24100156, 0.74929577, 0.74929577,
       0.74929577, 0.70538525, 0.74929577, 0.74929577, 0.74929577,
       0.74929577, 0.74929577, 0.74929577, 0.74929577, 0.74929577,
       0.74929577, 0.74929577, 0.74929577, 0.74929577, 0.7057277 ,
       0.74929577, 0.36056338, 0.54349627, 0.74929577, 0.74929577,
       0.74929577, 0.15801476, 0.74929577, 0.32169014, 0.74929577,
       0.74929577, 0.7084507 , 0.71489993, 0.74929577, 0.34084507,
       0.74929577, 0.74929577, 0.74929577, 0.37199669, 0.71285211,
       0.2028169 , 0.40533729, 0.7057277 , 0.74929577, 0.71285211,
       0.74929577, 0.74929577, 0.74929577, 0.2828169 , 0.74929577,
       0.74929577, 0.68069594, 0.74929577, 0.74929577, 0.20637509,
       0.74929577, 0.74929577, 0.74929577, 0.38609155, 0.74929577,
       0.74929577, 0.74929577, 0.74929577, 0.74929577, 0.71661972,
       0.74929577, 0.74929577, 0.74929577, 0.74929577, 0.74929577,
       0.74929577, 0.74929577, 0.16619718, 0.74929577, 0.74929577,
       0.19896219, 0.74929577, 0.18952113, 0.71690141, 0.74929577,
       0.74929577, 0.74929577, 0.74929577, 0.74929577, 0.71085336,
       0.74929577, 0.74929577, 0.74929577, 0.70764588, 0.20037559,
       0.74929577, 0.59380282, 0.60406886, 0.31361502, 0.74929577,
       0.70516432, 0.74929577, 0.74929577, 0.7057277 , 0.74929577,
       0.74929577, 0.74929577, 0.71042254, 0.74929577, 0.74929577,
       0.74929577, 0.74929577, 0.74929577, 0.74929577, 0.74929577,
       0.71690141, 0.39282971, 0.37028169, 0.36056338, 0.74929577,
       0.74929577, 0.74929577, 0.74929577, 0.74929577, 0.71042254,
       0.74929577, 0.74929577, 0.70538525, 0.74929577, 0.71690141,
       0.16205468, 0.23908451, 0.36901408, 0.6715493 , 0.20264085,
       0.7057277 , 0.74929577, 0.74929577, 0.74929577, 0.74929577,
       0.74929577, 0.74929577, 0.74929577, 0.74929577, 0.71042254,
       0.74929577, 0.74929577, 0.74929577, 0.16619718, 0.16619718,
       0.68069594, 0.71042254, 0.2828169 , 0.74929577, 0.74929577,
       0.2004971 , 0.31197183, 0.74929577, 0.74929577, 0.74929577,
       0.74929577, 0.74929577, 0.74929577, 0.74929577, 0.72152918,
       0.74929577, 0.09577465, 0.74929577, 0.74929577, 0.20507042,
       0.33279678, 0.67640845, 0.6828169 , 0.42741784, 0.34084507,
       0.74929577, 0.74929577, 0.74929577, 0.7084507 , 0.49939638,
       0.74929577, 0.74929577, 0.74929577, 0.74929577, 0.74929577,
       0.59380282, 0.74929577, 0.66599598, 0.74929577, 0.56707746,
       0.74929577, 0.74929577, 0.74929577, 0.71499586, 0.74929577,
       0.74929577, 0.49419014, 0.74929577, 0.74929577, 0.71042254,
       0.71042254, 0.74929577, 0.74929577, 0.74929577, 0.74929577,
       0.71285211, 0.16619718, 0.74929577, 0.74929577, 0.71959027,
       0.74929577, 0.74929577, 0.6193159 , 0.74929577, 0.74929577,
       0.74929577, 0.74929577, 0.74929577, 0.72152918, 0.74929577,
       0.2828169 , 0.74929577, 0.74929577, 0.74929577, 0.74929577,
       0.74929577, 0.51864126, 0.74929577, 0.74929577, 0.74929577,
       0.39943662, 0.74929577, 0.74929577, 0.74929577, 0.22025486,
       0.74929577, 0.74929577, 0.74929577, 0.74929577, 0.51605634,
       0.74929577, 0.74929577, 0.74929577, 0.1915493 , 0.74929577,
       0.30339685, 0.71298905, 0.74929577, 0.74929577, 0.46338028,
       0.26338028, 0.74929577, 0.74929577, 0.34084507, 0.74929577,
       0.49939638, 0.74929577, 0.74929577, 0.70264085, 0.66685446,
       0.74929577, 0.36056338, 0.74929577, 0.24949698, 0.66215962,
       0.7057277 , 0.67640845, 0.10985915, 0.74929577, 0.65211268,
       0.60406886, 0.09577465, 0.74929577, 0.2094305 , 0.74929577,
       0.74929577, 0.74929577, 0.74929577, 0.74929577, 0.72014085,
       0.74929577, 0.74929577, 0.29871959, 0.63996479, 0.74929577,
       0.74929577, 0.74929577, 0.74929577, 0.74929577, 0.74929577,
       0.71042254, 0.71298905, 0.74929577, 0.71042254, 0.18922949,
       0.74929577, 0.74929577, 0.74929577, 0.74929577, 0.71499586,
       0.71684017, 0.42693662, 0.74929577, 0.74929577, 0.74929577,
       0.13208138, 0.74929577, 0.74929577, 0.74929577, 0.69902492,
       0.70764588, 0.74929577, 0.71489993, 0.74929577, 0.74929577]), 'class_median_width_scaled': array([0.74929577, 0.74929577, 0.74929577, 0.09577465, 0.74929577,
       0.74929577, 0.74929577, 0.74929577, 0.74929577, 0.74929577,
       0.74929577, 0.74929577, 0.74929577, 0.74929577, 0.74929577,
       0.09577465, 0.74929577, 0.74929577, 0.74929577, 0.74929577,
       0.16619718, 0.74929577, 0.16619718, 0.74929577, 0.74929577,
       0.74929577, 0.74929577, 0.74929577, 0.74929577, 0.74929577,
       0.16619718, 0.74929577, 0.74929577, 0.74929577, 0.74929577,
       0.09577465, 0.16619718, 0.74929577, 0.74929577, 0.16619718,
       0.74929577, 0.74929577, 0.74929577, 0.74929577, 0.74929577,
       0.74929577, 0.74929577, 0.09577465, 0.74929577, 0.74929577,
       0.74929577, 0.74929577, 0.74929577, 0.74929577, 0.74929577,
       0.74929577, 0.74929577, 0.74929577, 0.74929577, 0.74929577,
       0.74929577, 0.74929577, 0.74929577, 0.74929577, 0.74929577,
       0.74929577, 0.16619718, 0.74929577, 0.74929577, 0.74929577,
       0.74929577, 0.09577465, 0.74929577, 0.16619718, 0.74929577,
       0.74929577, 0.74929577, 0.74929577, 0.74929577, 0.09577465,
       0.74929577, 0.74929577, 0.74929577, 0.16619718, 0.74929577,
       0.16619718, 0.09577465, 0.74929577, 0.74929577, 0.74929577,
       0.74929577, 0.74929577, 0.74929577, 0.16619718, 0.74929577,
       0.74929577, 0.74929577, 0.74929577, 0.74929577, 0.09577465,
       0.74929577, 0.74929577, 0.74929577, 0.13098592, 0.74929577,
       0.74929577, 0.74929577, 0.74929577, 0.74929577, 0.74929577,
       0.74929577, 0.74929577, 0.74929577, 0.74929577, 0.74929577,
       0.74929577, 0.74929577, 0.16619718, 0.74929577, 0.74929577,
       0.09577465, 0.74929577, 0.16619718, 0.74929577, 0.74929577,
       0.74929577, 0.74929577, 0.74929577, 0.74929577, 0.74929577,
       0.74929577, 0.74929577, 0.74929577, 0.74929577, 0.16619718,
       0.74929577, 0.74929577, 0.74929577, 0.09577465, 0.74929577,
       0.74929577, 0.74929577, 0.74929577, 0.74929577, 0.74929577,
       0.74929577, 0.74929577, 0.74929577, 0.74929577, 0.74929577,
       0.74929577, 0.74929577, 0.74929577, 0.74929577, 0.74929577,
       0.74929577, 0.09577465, 0.16619718, 0.16619718, 0.74929577,
       0.74929577, 0.74929577, 0.74929577, 0.74929577, 0.74929577,
       0.74929577, 0.74929577, 0.74929577, 0.74929577, 0.74929577,
       0.16619718, 0.16619718, 0.16619718, 0.74929577, 0.16619718,
       0.74929577, 0.74929577, 0.74929577, 0.74929577, 0.74929577,
       0.74929577, 0.74929577, 0.74929577, 0.74929577, 0.74929577,
       0.74929577, 0.74929577, 0.74929577, 0.16619718, 0.16619718,
       0.74929577, 0.74929577, 0.16619718, 0.74929577, 0.74929577,
       0.16619718, 0.16619718, 0.74929577, 0.74929577, 0.74929577,
       0.74929577, 0.74929577, 0.74929577, 0.74929577, 0.74929577,
       0.74929577, 0.09577465, 0.74929577, 0.74929577, 0.16619718,
       0.16619718, 0.74929577, 0.74929577, 0.16619718, 0.09577465,
       0.74929577, 0.74929577, 0.74929577, 0.74929577, 0.74929577,
       0.74929577, 0.74929577, 0.74929577, 0.74929577, 0.74929577,
       0.74929577, 0.74929577, 0.74929577, 0.74929577, 0.74929577,
       0.74929577, 0.74929577, 0.74929577, 0.74929577, 0.74929577,
       0.74929577, 0.74929577, 0.74929577, 0.74929577, 0.74929577,
       0.74929577, 0.74929577, 0.74929577, 0.74929577, 0.74929577,
       0.74929577, 0.16619718, 0.74929577, 0.74929577, 0.74929577,
       0.74929577, 0.74929577, 0.74929577, 0.74929577, 0.74929577,
       0.74929577, 0.74929577, 0.74929577, 0.74929577, 0.74929577,
       0.16619718, 0.74929577, 0.74929577, 0.74929577, 0.74929577,
       0.74929577, 0.74929577, 0.74929577, 0.74929577, 0.74929577,
       0.16619718, 0.74929577, 0.74929577, 0.74929577, 0.09577465,
       0.74929577, 0.74929577, 0.74929577, 0.74929577, 0.74929577,
       0.74929577, 0.74929577, 0.74929577, 0.16619718, 0.74929577,
       0.16619718, 0.74929577, 0.74929577, 0.74929577, 0.74929577,
       0.16619718, 0.74929577, 0.74929577, 0.09577465, 0.74929577,
       0.74929577, 0.74929577, 0.74929577, 0.74929577, 0.74929577,
       0.74929577, 0.16619718, 0.74929577, 0.16619718, 0.74929577,
       0.74929577, 0.74929577, 0.09577465, 0.74929577, 0.74929577,
       0.74929577, 0.09577465, 0.74929577, 0.09577465, 0.74929577,
       0.74929577, 0.74929577, 0.74929577, 0.74929577, 0.74929577,
       0.74929577, 0.74929577, 0.16619718, 0.74929577, 0.74929577,
       0.74929577, 0.74929577, 0.74929577, 0.74929577, 0.74929577,
       0.74929577, 0.74929577, 0.74929577, 0.74929577, 0.09577465,
       0.74929577, 0.74929577, 0.74929577, 0.74929577, 0.74929577,
       0.74929577, 0.45774648, 0.74929577, 0.74929577, 0.74929577,
       0.09577465, 0.74929577, 0.74929577, 0.74929577, 0.74929577,
       0.74929577, 0.74929577, 0.74929577, 0.74929577, 0.74929577])}

Job completed at Wed Mar 19 06:28:39 PM PDT 2025
