Starting job at Thu Mar 20 05:04:00 PM PDT 2025
Job parameters:
Dataset: data_isolet
UQ Method: pcs_oob
Estimator: HistGradientBoosting
Seed: 778
Train Size: 0.8
Running pcs_oob on data_isolet with seed 778 and train size 0.8

starting experiment

data created

Fitting pcs_oob on data_isolet with seed 778

Finished training LogisticRegression models
number of classes 26
correct_indices: [0 0 0 ... 0 0 0]
pcs_oob metrics: {'coverage': np.float64(0.9602564102564103), 'mean_width': np.float64(2.348717948717949), 'median_width': np.float64(1.0), 'mean_width_scaled': np.float64(0.09033530571992111), 'median_width_scaled': np.float64(0.038461538461538464)}

pcs_oob full metrics: {'coverage': np.float64(0.9602564102564103), 'mean_width': np.float64(2.348717948717949), 'median_width': np.float64(1.0), 'mean_width_scaled': np.float64(0.09033530571992111), 'median_width_scaled': np.float64(0.038461538461538464)}

pcs_oob class metrics: {'class_coverage': array([0.98333333, 0.98333333, 0.96666667, 0.98333333, 0.91666667,
       0.9       , 0.95      , 0.96666667, 0.96666667, 1.        ,
       0.96666667, 0.93333333, 0.95      , 0.96666667, 0.91666667,
       0.98333333, 0.96666667, 0.98333333, 0.95      , 0.98333333,
       0.96666667, 0.95      , 0.96666667, 0.88333333, 1.        ,
       0.98333333]), 'class_mean_width': array([1.41666667, 1.        , 1.        , 3.5       , 1.41666667,
       1.43333333, 3.5       , 1.01666667, 2.25      , 2.66666667,
       3.08333333, 1.        , 1.        , 3.5       , 1.83333333,
       4.75      , 2.25      , 8.5       , 4.33333333, 1.41666667,
       1.01666667, 1.41666667, 1.        , 1.85      , 3.91666667,
       1.        ]), 'class_median_width': array([1., 1., 1., 1., 1., 1., 1., 1., 1., 1., 1., 1., 1., 1., 1., 1., 1.,
       1., 1., 1., 1., 1., 1., 1., 1., 1.]), 'class_mean_width_scaled': array([0.05448718, 0.03846154, 0.03846154, 0.13461538, 0.05448718,
       0.05512821, 0.13461538, 0.03910256, 0.08653846, 0.1025641 ,
       0.11858974, 0.03846154, 0.03846154, 0.13461538, 0.07051282,
       0.18269231, 0.08653846, 0.32692308, 0.16666667, 0.05448718,
       0.03910256, 0.05448718, 0.03846154, 0.07115385, 0.15064103,
       0.03846154]), 'class_median_width_scaled': array([0.03846154, 0.03846154, 0.03846154, 0.03846154, 0.03846154,
       0.03846154, 0.03846154, 0.03846154, 0.03846154, 0.03846154,
       0.03846154, 0.03846154, 0.03846154, 0.03846154, 0.03846154,
       0.03846154, 0.03846154, 0.03846154, 0.03846154, 0.03846154,
       0.03846154, 0.03846154, 0.03846154, 0.03846154, 0.03846154,
       0.03846154])}

pcs_oob full class metrics: {'class_coverage': array([0.98333333, 0.98333333, 0.96666667, 0.98333333, 0.91666667,
       0.9       , 0.95      , 0.96666667, 0.96666667, 1.        ,
       0.96666667, 0.93333333, 0.95      , 0.96666667, 0.91666667,
       0.98333333, 0.96666667, 0.98333333, 0.95      , 0.98333333,
       0.96666667, 0.95      , 0.96666667, 0.88333333, 1.        ,
       0.98333333]), 'class_mean_width': array([1.41666667, 1.        , 1.        , 3.5       , 1.41666667,
       1.43333333, 3.5       , 1.01666667, 2.25      , 2.66666667,
       3.08333333, 1.        , 1.        , 3.5       , 1.83333333,
       4.75      , 2.25      , 8.5       , 4.33333333, 1.41666667,
       1.01666667, 1.41666667, 1.        , 1.85      , 3.91666667,
       1.        ]), 'class_median_width': array([1., 1., 1., 1., 1., 1., 1., 1., 1., 1., 1., 1., 1., 1., 1., 1., 1.,
       1., 1., 1., 1., 1., 1., 1., 1., 1.]), 'class_mean_width_scaled': array([0.05448718, 0.03846154, 0.03846154, 0.13461538, 0.05448718,
       0.05512821, 0.13461538, 0.03910256, 0.08653846, 0.1025641 ,
       0.11858974, 0.03846154, 0.03846154, 0.13461538, 0.07051282,
       0.18269231, 0.08653846, 0.32692308, 0.16666667, 0.05448718,
       0.03910256, 0.05448718, 0.03846154, 0.07115385, 0.15064103,
       0.03846154]), 'class_median_width_scaled': array([0.03846154, 0.03846154, 0.03846154, 0.03846154, 0.03846154,
       0.03846154, 0.03846154, 0.03846154, 0.03846154, 0.03846154,
       0.03846154, 0.03846154, 0.03846154, 0.03846154, 0.03846154,
       0.03846154, 0.03846154, 0.03846154, 0.03846154, 0.03846154,
       0.03846154, 0.03846154, 0.03846154, 0.03846154, 0.03846154,
       0.03846154])}

Job completed at Thu Mar 20 05:43:28 PM PDT 2025
