Starting job at Wed Mar 19 08:21:12 PM PDT 2025
Job parameters:
Dataset: data_isolet
UQ Method: pcs_oob
Estimator: HistGradientBoosting
Seed: 779
Train Size: 0.8
Running pcs_oob on data_isolet with seed 779 and train size 0.8

starting experiment

data created

Fitting pcs_oob on data_isolet with seed 779

Finished training LogisticRegression models
number of classes 26
correct_indices: [0 0 0 ... 0 0 0]
pcs_oob metrics: {'coverage': np.float64(0.9647435897435898), 'mean_width': np.float64(2.475), 'median_width': np.float64(1.0), 'mean_width_scaled': np.float64(0.0951923076923077), 'median_width_scaled': np.float64(0.038461538461538464)}

pcs_oob full metrics: {'coverage': np.float64(0.9647435897435898), 'mean_width': np.float64(2.475), 'median_width': np.float64(1.0), 'mean_width_scaled': np.float64(0.0951923076923077), 'median_width_scaled': np.float64(0.038461538461538464)}

pcs_oob class metrics: {'class_coverage': array([1.        , 1.        , 0.98333333, 1.        , 0.95      ,
       0.91666667, 0.95      , 0.96666667, 0.98333333, 1.        ,
       0.95      , 0.91666667, 0.91666667, 0.96666667, 0.91666667,
       0.98333333, 0.93333333, 1.        , 0.95      , 1.        ,
       0.93333333, 0.93333333, 0.96666667, 0.98333333, 1.        ,
       0.98333333]), 'class_mean_width': array([ 1.        ,  1.        ,  1.        ,  3.08333333,  1.41666667,
        1.85      ,  3.91666667,  1.        ,  1.41666667,  5.16666667,
        3.08333333,  1.        ,  1.        ,  3.91666667,  1.41666667,
        4.75      ,  1.41666667, 10.58333333,  3.08333333,  1.41666667,
        1.        ,  1.41666667,  1.        ,  1.41666667,  3.91666667,
        3.08333333]), 'class_median_width': array([1., 1., 1., 1., 1., 1., 1., 1., 1., 1., 1., 1., 1., 1., 1., 1., 1.,
       1., 1., 1., 1., 1., 1., 1., 1., 1.]), 'class_mean_width_scaled': array([0.03846154, 0.03846154, 0.03846154, 0.11858974, 0.05448718,
       0.07115385, 0.15064103, 0.03846154, 0.05448718, 0.19871795,
       0.11858974, 0.03846154, 0.03846154, 0.15064103, 0.05448718,
       0.18269231, 0.05448718, 0.40705128, 0.11858974, 0.05448718,
       0.03846154, 0.05448718, 0.03846154, 0.05448718, 0.15064103,
       0.11858974]), 'class_median_width_scaled': array([0.03846154, 0.03846154, 0.03846154, 0.03846154, 0.03846154,
       0.03846154, 0.03846154, 0.03846154, 0.03846154, 0.03846154,
       0.03846154, 0.03846154, 0.03846154, 0.03846154, 0.03846154,
       0.03846154, 0.03846154, 0.03846154, 0.03846154, 0.03846154,
       0.03846154, 0.03846154, 0.03846154, 0.03846154, 0.03846154,
       0.03846154])}

pcs_oob full class metrics: {'class_coverage': array([1.        , 1.        , 0.98333333, 1.        , 0.95      ,
       0.91666667, 0.95      , 0.96666667, 0.98333333, 1.        ,
       0.95      , 0.91666667, 0.91666667, 0.96666667, 0.91666667,
       0.98333333, 0.93333333, 1.        , 0.95      , 1.        ,
       0.93333333, 0.93333333, 0.96666667, 0.98333333, 1.        ,
       0.98333333]), 'class_mean_width': array([ 1.        ,  1.        ,  1.        ,  3.08333333,  1.41666667,
        1.85      ,  3.91666667,  1.        ,  1.41666667,  5.16666667,
        3.08333333,  1.        ,  1.        ,  3.91666667,  1.41666667,
        4.75      ,  1.41666667, 10.58333333,  3.08333333,  1.41666667,
        1.        ,  1.41666667,  1.        ,  1.41666667,  3.91666667,
        3.08333333]), 'class_median_width': array([1., 1., 1., 1., 1., 1., 1., 1., 1., 1., 1., 1., 1., 1., 1., 1., 1.,
       1., 1., 1., 1., 1., 1., 1., 1., 1.]), 'class_mean_width_scaled': array([0.03846154, 0.03846154, 0.03846154, 0.11858974, 0.05448718,
       0.07115385, 0.15064103, 0.03846154, 0.05448718, 0.19871795,
       0.11858974, 0.03846154, 0.03846154, 0.15064103, 0.05448718,
       0.18269231, 0.05448718, 0.40705128, 0.11858974, 0.05448718,
       0.03846154, 0.05448718, 0.03846154, 0.05448718, 0.15064103,
       0.11858974]), 'class_median_width_scaled': array([0.03846154, 0.03846154, 0.03846154, 0.03846154, 0.03846154,
       0.03846154, 0.03846154, 0.03846154, 0.03846154, 0.03846154,
       0.03846154, 0.03846154, 0.03846154, 0.03846154, 0.03846154,
       0.03846154, 0.03846154, 0.03846154, 0.03846154, 0.03846154,
       0.03846154, 0.03846154, 0.03846154, 0.03846154, 0.03846154,
       0.03846154])}

Job completed at Wed Mar 19 10:21:04 PM PDT 2025
