Starting job at Wed Mar 19 08:21:13 PM PDT 2025
Job parameters:
Dataset: data_isolet
UQ Method: pcs_oob
Estimator: HistGradientBoosting
Seed: 784
Train Size: 0.8
Running pcs_oob on data_isolet with seed 784 and train size 0.8

starting experiment

data created

Fitting pcs_oob on data_isolet with seed 784

Finished training LogisticRegression models
number of classes 26
correct_indices: [0 0 0 ... 0 0 0]
pcs_oob metrics: {'coverage': np.float64(0.967948717948718), 'mean_width': np.float64(2.5544871794871793), 'median_width': np.float64(1.0), 'mean_width_scaled': np.float64(0.09824950690335305), 'median_width_scaled': np.float64(0.038461538461538464)}

pcs_oob full metrics: {'coverage': np.float64(0.967948717948718), 'mean_width': np.float64(2.5544871794871793), 'median_width': np.float64(1.0), 'mean_width_scaled': np.float64(0.09824950690335305), 'median_width_scaled': np.float64(0.038461538461538464)}

pcs_oob class metrics: {'class_coverage': array([1.        , 1.        , 0.98333333, 0.96666667, 0.93333333,
       0.93333333, 1.        , 0.9       , 1.        , 1.        ,
       0.96666667, 0.93333333, 0.91666667, 0.98333333, 0.83333333,
       1.        , 1.        , 1.        , 0.96666667, 0.98333333,
       1.        , 0.93333333, 0.96666667, 0.98333333, 0.98333333,
       1.        ]), 'class_mean_width': array([1.        , 1.        , 1.        , 4.33333333, 1.41666667,
       1.        , 2.66666667, 1.        , 3.91666667, 2.66666667,
       3.08333333, 1.        , 1.        , 3.5       , 1.        ,
       5.58333333, 3.91666667, 7.66666667, 6.41666667, 2.25      ,
       1.        , 1.41666667, 1.        , 2.25      , 3.08333333,
       2.25      ]), 'class_median_width': array([1., 1., 1., 1., 1., 1., 1., 1., 1., 1., 1., 1., 1., 1., 1., 1., 1.,
       1., 1., 1., 1., 1., 1., 1., 1., 1.]), 'class_mean_width_scaled': array([0.03846154, 0.03846154, 0.03846154, 0.16666667, 0.05448718,
       0.03846154, 0.1025641 , 0.03846154, 0.15064103, 0.1025641 ,
       0.11858974, 0.03846154, 0.03846154, 0.13461538, 0.03846154,
       0.21474359, 0.15064103, 0.29487179, 0.24679487, 0.08653846,
       0.03846154, 0.05448718, 0.03846154, 0.08653846, 0.11858974,
       0.08653846]), 'class_median_width_scaled': array([0.03846154, 0.03846154, 0.03846154, 0.03846154, 0.03846154,
       0.03846154, 0.03846154, 0.03846154, 0.03846154, 0.03846154,
       0.03846154, 0.03846154, 0.03846154, 0.03846154, 0.03846154,
       0.03846154, 0.03846154, 0.03846154, 0.03846154, 0.03846154,
       0.03846154, 0.03846154, 0.03846154, 0.03846154, 0.03846154,
       0.03846154])}

pcs_oob full class metrics: {'class_coverage': array([1.        , 1.        , 0.98333333, 0.96666667, 0.93333333,
       0.93333333, 1.        , 0.9       , 1.        , 1.        ,
       0.96666667, 0.93333333, 0.91666667, 0.98333333, 0.83333333,
       1.        , 1.        , 1.        , 0.96666667, 0.98333333,
       1.        , 0.93333333, 0.96666667, 0.98333333, 0.98333333,
       1.        ]), 'class_mean_width': array([1.        , 1.        , 1.        , 4.33333333, 1.41666667,
       1.        , 2.66666667, 1.        , 3.91666667, 2.66666667,
       3.08333333, 1.        , 1.        , 3.5       , 1.        ,
       5.58333333, 3.91666667, 7.66666667, 6.41666667, 2.25      ,
       1.        , 1.41666667, 1.        , 2.25      , 3.08333333,
       2.25      ]), 'class_median_width': array([1., 1., 1., 1., 1., 1., 1., 1., 1., 1., 1., 1., 1., 1., 1., 1., 1.,
       1., 1., 1., 1., 1., 1., 1., 1., 1.]), 'class_mean_width_scaled': array([0.03846154, 0.03846154, 0.03846154, 0.16666667, 0.05448718,
       0.03846154, 0.1025641 , 0.03846154, 0.15064103, 0.1025641 ,
       0.11858974, 0.03846154, 0.03846154, 0.13461538, 0.03846154,
       0.21474359, 0.15064103, 0.29487179, 0.24679487, 0.08653846,
       0.03846154, 0.05448718, 0.03846154, 0.08653846, 0.11858974,
       0.08653846]), 'class_median_width_scaled': array([0.03846154, 0.03846154, 0.03846154, 0.03846154, 0.03846154,
       0.03846154, 0.03846154, 0.03846154, 0.03846154, 0.03846154,
       0.03846154, 0.03846154, 0.03846154, 0.03846154, 0.03846154,
       0.03846154, 0.03846154, 0.03846154, 0.03846154, 0.03846154,
       0.03846154, 0.03846154, 0.03846154, 0.03846154, 0.03846154,
       0.03846154])}

Job completed at Wed Mar 19 10:09:14 PM PDT 2025
