Starting job at Wed Mar 19 06:19:53 PM PDT 2025
Job parameters:
Dataset: data_cover_type
UQ Method: split_conformal_aps
Estimator: LogisticRegression
Seed: 785
Train Size: 0.8
Running split_conformal_aps on data_cover_type with seed 785 and train size 0.8

starting experiment

data created

Fitting split_conformal_aps_LogisticRegression on data_cover_type with seed 785

split_conformal_aps_LogisticRegression metrics: {'coverage': np.float64(0.8875), 'mean_width': np.float64(27.01), 'median_width': np.float64(27.0), 'mean_width_scaled': np.float64(0.2701), 'median_width_scaled': np.float64(0.27)}

split_conformal_aps_LogisticRegression full metrics: {'coverage': np.float64(0.8875), 'mean_width': np.float64(27.01), 'median_width': np.float64(27.0), 'mean_width_scaled': np.float64(0.2701), 'median_width_scaled': np.float64(0.27)}

split_conformal_aps_LogisticRegression class metrics: {'class_coverage': array([0.9 , 0.85, 0.85, 0.85, 0.85, 0.95, 0.9 , 0.9 , 0.9 , 1.  , 1.  ,
       0.85, 0.8 , 0.7 , 1.  , 0.8 , 0.9 , 1.  , 1.  , 0.7 , 1.  , 1.  ,
       0.85, 0.95, 0.95, 0.8 , 1.  , 0.95, 0.75, 0.8 , 0.9 , 0.85, 0.6 ,
       0.95, 0.95, 0.85, 0.65, 0.8 , 0.55, 1.  , 0.95, 0.85, 0.8 , 0.9 ,
       1.  , 1.  , 0.95, 0.95, 0.8 , 0.75, 0.65, 0.65, 0.95, 0.95, 0.9 ,
       0.95, 0.9 , 0.6 , 0.8 , 0.85, 0.95, 0.65, 0.9 , 1.  , 0.85, 0.95,
       1.  , 1.  , 0.95, 0.75, 1.  , 0.95, 0.95, 0.95, 1.  , 0.7 , 1.  ,
       0.8 , 0.9 , 0.9 , 0.95, 0.9 , 0.9 , 0.9 , 0.85, 0.95, 0.95, 1.  ,
       0.95, 0.95, 0.95, 0.95, 0.75, 0.95, 0.95, 1.  , 0.95, 0.8 , 1.  ,
       1.  ]), 'class_mean_width': array([35.  , 35.35, 21.05, 17.  , 41.25, 31.9 , 26.  , 37.75, 35.2 ,
       37.9 , 35.8 , 29.6 , 25.95, 35.35, 33.3 , 32.05, 29.35, 20.25,
       15.3 , 23.25, 22.4 , 37.75, 23.55, 14.35, 32.1 , 32.6 ,  8.15,
       29.75, 32.  , 17.2 , 17.85, 26.  , 15.8 , 36.55, 35.  , 26.8 ,
       27.05, 30.2 , 30.35, 36.55, 28.25, 26.35, 29.85, 10.  , 31.85,
       35.25, 39.85, 17.95, 11.85, 27.55, 28.1 , 33.15, 37.85, 30.05,
       22.5 , 29.15, 27.2 , 29.95, 27.25, 22.25, 25.5 , 28.05, 40.8 ,
       23.8 , 32.45, 32.2 , 40.  , 24.25, 28.35, 30.4 , 40.9 , 22.1 ,
       22.95, 26.1 , 24.05, 23.85, 17.65, 22.45, 24.5 , 23.95, 22.1 ,
       24.05, 23.1 , 29.15, 21.25, 11.4 , 17.25, 22.15, 17.05, 30.85,
       22.6 , 32.95, 31.05, 17.9 , 21.8 , 27.5 , 21.05, 16.1 , 27.4 ,
       33.2 ]), 'class_median_width': array([38. , 34. , 19.5, 16. , 40.5, 33. , 23.5, 38.5, 37.5, 38.5, 36. ,
       39.5, 30. , 39.5, 35. , 32.5, 30. , 17. , 14.5, 27. , 23.5, 37.5,
       23.5, 12. , 32.5, 30.5,  1. , 28.5, 35.5, 15.5, 16.5, 22. ,  8.5,
       36.5, 36.5, 28. , 28.5, 29. , 30.5, 38. , 31. , 25.5, 33. ,  9.5,
       32. , 34.5, 42.5, 13.5,  6.5, 27. , 32. , 36. , 38. , 31. , 20. ,
       30.5, 25. , 31.5, 28.5, 21.5, 24.5, 34.5, 41.5, 24. , 33. , 32.5,
       42. , 24.5, 29. , 31. , 42. , 23. , 23.5, 25.5, 23. , 24. , 17.5,
       21.5, 24.5, 24. , 22. , 23.5, 23. , 31. , 18. ,  9.5, 17.5, 24.5,
       17.5, 27.5, 23. , 35. , 27. , 13. , 21. , 26.5, 20. , 13.5, 28. ,
       30.5]), 'class_mean_width_scaled': array([0.35  , 0.3535, 0.2105, 0.17  , 0.4125, 0.319 , 0.26  , 0.3775,
       0.352 , 0.379 , 0.358 , 0.296 , 0.2595, 0.3535, 0.333 , 0.3205,
       0.2935, 0.2025, 0.153 , 0.2325, 0.224 , 0.3775, 0.2355, 0.1435,
       0.321 , 0.326 , 0.0815, 0.2975, 0.32  , 0.172 , 0.1785, 0.26  ,
       0.158 , 0.3655, 0.35  , 0.268 , 0.2705, 0.302 , 0.3035, 0.3655,
       0.2825, 0.2635, 0.2985, 0.1   , 0.3185, 0.3525, 0.3985, 0.1795,
       0.1185, 0.2755, 0.281 , 0.3315, 0.3785, 0.3005, 0.225 , 0.2915,
       0.272 , 0.2995, 0.2725, 0.2225, 0.255 , 0.2805, 0.408 , 0.238 ,
       0.3245, 0.322 , 0.4   , 0.2425, 0.2835, 0.304 , 0.409 , 0.221 ,
       0.2295, 0.261 , 0.2405, 0.2385, 0.1765, 0.2245, 0.245 , 0.2395,
       0.221 , 0.2405, 0.231 , 0.2915, 0.2125, 0.114 , 0.1725, 0.2215,
       0.1705, 0.3085, 0.226 , 0.3295, 0.3105, 0.179 , 0.218 , 0.275 ,
       0.2105, 0.161 , 0.274 , 0.332 ]), 'class_median_width_scaled': array([0.38 , 0.34 , 0.195, 0.16 , 0.405, 0.33 , 0.235, 0.385, 0.375,
       0.385, 0.36 , 0.395, 0.3  , 0.395, 0.35 , 0.325, 0.3  , 0.17 ,
       0.145, 0.27 , 0.235, 0.375, 0.235, 0.12 , 0.325, 0.305, 0.01 ,
       0.285, 0.355, 0.155, 0.165, 0.22 , 0.085, 0.365, 0.365, 0.28 ,
       0.285, 0.29 , 0.305, 0.38 , 0.31 , 0.255, 0.33 , 0.095, 0.32 ,
       0.345, 0.425, 0.135, 0.065, 0.27 , 0.32 , 0.36 , 0.38 , 0.31 ,
       0.2  , 0.305, 0.25 , 0.315, 0.285, 0.215, 0.245, 0.345, 0.415,
       0.24 , 0.33 , 0.325, 0.42 , 0.245, 0.29 , 0.31 , 0.42 , 0.23 ,
       0.235, 0.255, 0.23 , 0.24 , 0.175, 0.215, 0.245, 0.24 , 0.22 ,
       0.235, 0.23 , 0.31 , 0.18 , 0.095, 0.175, 0.245, 0.175, 0.275,
       0.23 , 0.35 , 0.27 , 0.13 , 0.21 , 0.265, 0.2  , 0.135, 0.28 ,
       0.305])}

split_conformal_aps_LogisticRegression full class metrics: {'class_coverage': array([0.9 , 0.85, 0.85, 0.85, 0.85, 0.95, 0.9 , 0.9 , 0.9 , 1.  , 1.  ,
       0.85, 0.8 , 0.7 , 1.  , 0.8 , 0.9 , 1.  , 1.  , 0.7 , 1.  , 1.  ,
       0.85, 0.95, 0.95, 0.8 , 1.  , 0.95, 0.75, 0.8 , 0.9 , 0.85, 0.6 ,
       0.95, 0.95, 0.85, 0.65, 0.8 , 0.55, 1.  , 0.95, 0.85, 0.8 , 0.9 ,
       1.  , 1.  , 0.95, 0.95, 0.8 , 0.75, 0.65, 0.65, 0.95, 0.95, 0.9 ,
       0.95, 0.9 , 0.6 , 0.8 , 0.85, 0.95, 0.65, 0.9 , 1.  , 0.85, 0.95,
       1.  , 1.  , 0.95, 0.75, 1.  , 0.95, 0.95, 0.95, 1.  , 0.7 , 1.  ,
       0.8 , 0.9 , 0.9 , 0.95, 0.9 , 0.9 , 0.9 , 0.85, 0.95, 0.95, 1.  ,
       0.95, 0.95, 0.95, 0.95, 0.75, 0.95, 0.95, 1.  , 0.95, 0.8 , 1.  ,
       1.  ]), 'class_mean_width': array([35.  , 35.35, 21.05, 17.  , 41.25, 31.9 , 26.  , 37.75, 35.2 ,
       37.9 , 35.8 , 29.6 , 25.95, 35.35, 33.3 , 32.05, 29.35, 20.25,
       15.3 , 23.25, 22.4 , 37.75, 23.55, 14.35, 32.1 , 32.6 ,  8.15,
       29.75, 32.  , 17.2 , 17.85, 26.  , 15.8 , 36.55, 35.  , 26.8 ,
       27.05, 30.2 , 30.35, 36.55, 28.25, 26.35, 29.85, 10.  , 31.85,
       35.25, 39.85, 17.95, 11.85, 27.55, 28.1 , 33.15, 37.85, 30.05,
       22.5 , 29.15, 27.2 , 29.95, 27.25, 22.25, 25.5 , 28.05, 40.8 ,
       23.8 , 32.45, 32.2 , 40.  , 24.25, 28.35, 30.4 , 40.9 , 22.1 ,
       22.95, 26.1 , 24.05, 23.85, 17.65, 22.45, 24.5 , 23.95, 22.1 ,
       24.05, 23.1 , 29.15, 21.25, 11.4 , 17.25, 22.15, 17.05, 30.85,
       22.6 , 32.95, 31.05, 17.9 , 21.8 , 27.5 , 21.05, 16.1 , 27.4 ,
       33.2 ]), 'class_median_width': array([38. , 34. , 19.5, 16. , 40.5, 33. , 23.5, 38.5, 37.5, 38.5, 36. ,
       39.5, 30. , 39.5, 35. , 32.5, 30. , 17. , 14.5, 27. , 23.5, 37.5,
       23.5, 12. , 32.5, 30.5,  1. , 28.5, 35.5, 15.5, 16.5, 22. ,  8.5,
       36.5, 36.5, 28. , 28.5, 29. , 30.5, 38. , 31. , 25.5, 33. ,  9.5,
       32. , 34.5, 42.5, 13.5,  6.5, 27. , 32. , 36. , 38. , 31. , 20. ,
       30.5, 25. , 31.5, 28.5, 21.5, 24.5, 34.5, 41.5, 24. , 33. , 32.5,
       42. , 24.5, 29. , 31. , 42. , 23. , 23.5, 25.5, 23. , 24. , 17.5,
       21.5, 24.5, 24. , 22. , 23.5, 23. , 31. , 18. ,  9.5, 17.5, 24.5,
       17.5, 27.5, 23. , 35. , 27. , 13. , 21. , 26.5, 20. , 13.5, 28. ,
       30.5]), 'class_mean_width_scaled': array([0.35  , 0.3535, 0.2105, 0.17  , 0.4125, 0.319 , 0.26  , 0.3775,
       0.352 , 0.379 , 0.358 , 0.296 , 0.2595, 0.3535, 0.333 , 0.3205,
       0.2935, 0.2025, 0.153 , 0.2325, 0.224 , 0.3775, 0.2355, 0.1435,
       0.321 , 0.326 , 0.0815, 0.2975, 0.32  , 0.172 , 0.1785, 0.26  ,
       0.158 , 0.3655, 0.35  , 0.268 , 0.2705, 0.302 , 0.3035, 0.3655,
       0.2825, 0.2635, 0.2985, 0.1   , 0.3185, 0.3525, 0.3985, 0.1795,
       0.1185, 0.2755, 0.281 , 0.3315, 0.3785, 0.3005, 0.225 , 0.2915,
       0.272 , 0.2995, 0.2725, 0.2225, 0.255 , 0.2805, 0.408 , 0.238 ,
       0.3245, 0.322 , 0.4   , 0.2425, 0.2835, 0.304 , 0.409 , 0.221 ,
       0.2295, 0.261 , 0.2405, 0.2385, 0.1765, 0.2245, 0.245 , 0.2395,
       0.221 , 0.2405, 0.231 , 0.2915, 0.2125, 0.114 , 0.1725, 0.2215,
       0.1705, 0.3085, 0.226 , 0.3295, 0.3105, 0.179 , 0.218 , 0.275 ,
       0.2105, 0.161 , 0.274 , 0.332 ]), 'class_median_width_scaled': array([0.38 , 0.34 , 0.195, 0.16 , 0.405, 0.33 , 0.235, 0.385, 0.375,
       0.385, 0.36 , 0.395, 0.3  , 0.395, 0.35 , 0.325, 0.3  , 0.17 ,
       0.145, 0.27 , 0.235, 0.375, 0.235, 0.12 , 0.325, 0.305, 0.01 ,
       0.285, 0.355, 0.155, 0.165, 0.22 , 0.085, 0.365, 0.365, 0.28 ,
       0.285, 0.29 , 0.305, 0.38 , 0.31 , 0.255, 0.33 , 0.095, 0.32 ,
       0.345, 0.425, 0.135, 0.065, 0.27 , 0.32 , 0.36 , 0.38 , 0.31 ,
       0.2  , 0.305, 0.25 , 0.315, 0.285, 0.215, 0.245, 0.345, 0.415,
       0.24 , 0.33 , 0.325, 0.42 , 0.245, 0.29 , 0.31 , 0.42 , 0.23 ,
       0.235, 0.255, 0.23 , 0.24 , 0.175, 0.215, 0.245, 0.24 , 0.22 ,
       0.235, 0.23 , 0.31 , 0.18 , 0.095, 0.175, 0.245, 0.175, 0.275,
       0.23 , 0.35 , 0.27 , 0.13 , 0.21 , 0.265, 0.2  , 0.135, 0.28 ,
       0.305])}

Job completed at Wed Mar 19 06:20:09 PM PDT 2025
