Starting job at Thu Mar 20 05:03:12 PM PDT 2025
Job parameters:
Dataset: data_cover_type
UQ Method: split_conformal_aps
Estimator: LogisticRegression
Seed: 784
Train Size: 0.8
Running split_conformal_aps on data_cover_type with seed 784 and train size 0.8

starting experiment

data created

Fitting split_conformal_aps_LogisticRegression on data_cover_type with seed 784

split_conformal_aps_LogisticRegression metrics: {'coverage': np.float64(0.8915), 'mean_width': np.float64(47.348), 'median_width': np.float64(48.0), 'mean_width_scaled': np.float64(0.47348), 'median_width_scaled': np.float64(0.48)}

split_conformal_aps_LogisticRegression full metrics: {'coverage': np.float64(0.8915), 'mean_width': np.float64(47.348), 'median_width': np.float64(48.0), 'mean_width_scaled': np.float64(0.47348), 'median_width_scaled': np.float64(0.48)}

split_conformal_aps_LogisticRegression class metrics: {'class_coverage': array([0.95, 0.85, 0.95, 0.75, 1.  , 0.8 , 1.  , 0.8 , 0.6 , 0.9 , 1.  ,
       1.  , 1.  , 0.95, 1.  , 0.85, 0.8 , 1.  , 0.8 , 0.55, 1.  , 0.9 ,
       0.95, 1.  , 0.9 , 1.  , 1.  , 0.8 , 0.8 , 1.  , 1.  , 0.7 , 0.65,
       0.95, 0.95, 0.8 , 0.4 , 0.85, 0.6 , 0.95, 0.7 , 0.95, 0.75, 1.  ,
       1.  , 1.  , 1.  , 1.  , 0.85, 0.95, 0.95, 0.7 , 0.95, 0.9 , 1.  ,
       1.  , 0.95, 0.8 , 0.55, 0.7 , 1.  , 0.9 , 0.95, 0.9 , 1.  , 0.95,
       1.  , 0.9 , 0.95, 1.  , 1.  , 0.85, 0.95, 1.  , 0.8 , 0.9 , 1.  ,
       0.8 , 0.45, 0.9 , 0.95, 0.85, 0.85, 0.95, 1.  , 0.9 , 0.85, 1.  ,
       0.9 , 0.9 , 1.  , 0.95, 0.85, 1.  , 0.6 , 1.  , 0.95, 1.  , 1.  ,
       1.  ]), 'class_mean_width': array([47.95, 56.35, 38.35, 48.9 , 58.9 , 54.2 , 45.5 , 53.75, 53.95,
       53.9 , 56.25, 36.3 , 36.3 , 52.4 , 53.85, 59.25, 56.05, 44.45,
       24.3 , 32.95, 52.7 , 57.25, 44.1 , 51.7 , 58.25, 54.65, 24.95,
       38.3 , 41.6 , 42.4 , 56.4 , 36.5 , 35.55, 55.85, 51.45, 42.25,
       37.6 , 49.75, 50.3 , 49.8 , 38.55, 45.65, 43.3 , 27.4 , 44.75,
       49.4 , 57.25, 39.1 , 35.8 , 36.3 , 35.85, 50.5 , 54.35, 53.95,
       50.25, 55.1 , 60.7 , 38.9 , 41.9 , 40.9 , 45.75, 50.25, 59.6 ,
       42.25, 50.65, 48.1 , 57.05, 44.15, 43.7 , 55.4 , 60.45, 49.3 ,
       35.45, 40.85, 41.85, 46.7 , 38.55, 34.35, 41.05, 40.75, 41.45,
       42.6 , 44.65, 48.25, 58.95, 52.75, 34.25, 43.75, 37.2 , 58.45,
       61.35, 59.7 , 60.1 , 43.65, 48.3 , 50.4 , 54.65, 55.4 , 56.55,
       61.1 ]), 'class_median_width': array([41.5, 56.5, 37.5, 50. , 57. , 57. , 44.5, 53.5, 56.5, 54.5, 58. ,
       20.5, 37.5, 51.5, 55. , 61. , 55.5, 41.5, 17. , 35.5, 49.5, 59. ,
       39.5, 50. , 58. , 56. , 25.5, 32. , 42. , 39.5, 58.5, 32.5, 28.5,
       62. , 53. , 43. , 37.5, 48.5, 54.5, 56. , 40. , 45. , 45.5, 27.5,
       46. , 49. , 60. , 35.5, 42. , 37. , 39.5, 52.5, 54. , 56. , 55.5,
       55. , 62. , 40. , 48. , 45. , 41.5, 50. , 60.5, 40.5, 50.5, 47. ,
       58. , 44.5, 44.5, 54.5, 60.5, 50. , 34.5, 36.5, 41.5, 46.5, 39. ,
       34. , 44. , 42.5, 42. , 40.5, 44.5, 46.5, 62.5, 54.5, 35. , 43.5,
       35. , 62. , 62. , 60.5, 57. , 39. , 55.5, 51.5, 52. , 54.5, 60.5,
       63. ]), 'class_mean_width_scaled': array([0.4795, 0.5635, 0.3835, 0.489 , 0.589 , 0.542 , 0.455 , 0.5375,
       0.5395, 0.539 , 0.5625, 0.363 , 0.363 , 0.524 , 0.5385, 0.5925,
       0.5605, 0.4445, 0.243 , 0.3295, 0.527 , 0.5725, 0.441 , 0.517 ,
       0.5825, 0.5465, 0.2495, 0.383 , 0.416 , 0.424 , 0.564 , 0.365 ,
       0.3555, 0.5585, 0.5145, 0.4225, 0.376 , 0.4975, 0.503 , 0.498 ,
       0.3855, 0.4565, 0.433 , 0.274 , 0.4475, 0.494 , 0.5725, 0.391 ,
       0.358 , 0.363 , 0.3585, 0.505 , 0.5435, 0.5395, 0.5025, 0.551 ,
       0.607 , 0.389 , 0.419 , 0.409 , 0.4575, 0.5025, 0.596 , 0.4225,
       0.5065, 0.481 , 0.5705, 0.4415, 0.437 , 0.554 , 0.6045, 0.493 ,
       0.3545, 0.4085, 0.4185, 0.467 , 0.3855, 0.3435, 0.4105, 0.4075,
       0.4145, 0.426 , 0.4465, 0.4825, 0.5895, 0.5275, 0.3425, 0.4375,
       0.372 , 0.5845, 0.6135, 0.597 , 0.601 , 0.4365, 0.483 , 0.504 ,
       0.5465, 0.554 , 0.5655, 0.611 ]), 'class_median_width_scaled': array([0.415, 0.565, 0.375, 0.5  , 0.57 , 0.57 , 0.445, 0.535, 0.565,
       0.545, 0.58 , 0.205, 0.375, 0.515, 0.55 , 0.61 , 0.555, 0.415,
       0.17 , 0.355, 0.495, 0.59 , 0.395, 0.5  , 0.58 , 0.56 , 0.255,
       0.32 , 0.42 , 0.395, 0.585, 0.325, 0.285, 0.62 , 0.53 , 0.43 ,
       0.375, 0.485, 0.545, 0.56 , 0.4  , 0.45 , 0.455, 0.275, 0.46 ,
       0.49 , 0.6  , 0.355, 0.42 , 0.37 , 0.395, 0.525, 0.54 , 0.56 ,
       0.555, 0.55 , 0.62 , 0.4  , 0.48 , 0.45 , 0.415, 0.5  , 0.605,
       0.405, 0.505, 0.47 , 0.58 , 0.445, 0.445, 0.545, 0.605, 0.5  ,
       0.345, 0.365, 0.415, 0.465, 0.39 , 0.34 , 0.44 , 0.425, 0.42 ,
       0.405, 0.445, 0.465, 0.625, 0.545, 0.35 , 0.435, 0.35 , 0.62 ,
       0.62 , 0.605, 0.57 , 0.39 , 0.555, 0.515, 0.52 , 0.545, 0.605,
       0.63 ])}

split_conformal_aps_LogisticRegression full class metrics: {'class_coverage': array([0.95, 0.85, 0.95, 0.75, 1.  , 0.8 , 1.  , 0.8 , 0.6 , 0.9 , 1.  ,
       1.  , 1.  , 0.95, 1.  , 0.85, 0.8 , 1.  , 0.8 , 0.55, 1.  , 0.9 ,
       0.95, 1.  , 0.9 , 1.  , 1.  , 0.8 , 0.8 , 1.  , 1.  , 0.7 , 0.65,
       0.95, 0.95, 0.8 , 0.4 , 0.85, 0.6 , 0.95, 0.7 , 0.95, 0.75, 1.  ,
       1.  , 1.  , 1.  , 1.  , 0.85, 0.95, 0.95, 0.7 , 0.95, 0.9 , 1.  ,
       1.  , 0.95, 0.8 , 0.55, 0.7 , 1.  , 0.9 , 0.95, 0.9 , 1.  , 0.95,
       1.  , 0.9 , 0.95, 1.  , 1.  , 0.85, 0.95, 1.  , 0.8 , 0.9 , 1.  ,
       0.8 , 0.45, 0.9 , 0.95, 0.85, 0.85, 0.95, 1.  , 0.9 , 0.85, 1.  ,
       0.9 , 0.9 , 1.  , 0.95, 0.85, 1.  , 0.6 , 1.  , 0.95, 1.  , 1.  ,
       1.  ]), 'class_mean_width': array([47.95, 56.35, 38.35, 48.9 , 58.9 , 54.2 , 45.5 , 53.75, 53.95,
       53.9 , 56.25, 36.3 , 36.3 , 52.4 , 53.85, 59.25, 56.05, 44.45,
       24.3 , 32.95, 52.7 , 57.25, 44.1 , 51.7 , 58.25, 54.65, 24.95,
       38.3 , 41.6 , 42.4 , 56.4 , 36.5 , 35.55, 55.85, 51.45, 42.25,
       37.6 , 49.75, 50.3 , 49.8 , 38.55, 45.65, 43.3 , 27.4 , 44.75,
       49.4 , 57.25, 39.1 , 35.8 , 36.3 , 35.85, 50.5 , 54.35, 53.95,
       50.25, 55.1 , 60.7 , 38.9 , 41.9 , 40.9 , 45.75, 50.25, 59.6 ,
       42.25, 50.65, 48.1 , 57.05, 44.15, 43.7 , 55.4 , 60.45, 49.3 ,
       35.45, 40.85, 41.85, 46.7 , 38.55, 34.35, 41.05, 40.75, 41.45,
       42.6 , 44.65, 48.25, 58.95, 52.75, 34.25, 43.75, 37.2 , 58.45,
       61.35, 59.7 , 60.1 , 43.65, 48.3 , 50.4 , 54.65, 55.4 , 56.55,
       61.1 ]), 'class_median_width': array([41.5, 56.5, 37.5, 50. , 57. , 57. , 44.5, 53.5, 56.5, 54.5, 58. ,
       20.5, 37.5, 51.5, 55. , 61. , 55.5, 41.5, 17. , 35.5, 49.5, 59. ,
       39.5, 50. , 58. , 56. , 25.5, 32. , 42. , 39.5, 58.5, 32.5, 28.5,
       62. , 53. , 43. , 37.5, 48.5, 54.5, 56. , 40. , 45. , 45.5, 27.5,
       46. , 49. , 60. , 35.5, 42. , 37. , 39.5, 52.5, 54. , 56. , 55.5,
       55. , 62. , 40. , 48. , 45. , 41.5, 50. , 60.5, 40.5, 50.5, 47. ,
       58. , 44.5, 44.5, 54.5, 60.5, 50. , 34.5, 36.5, 41.5, 46.5, 39. ,
       34. , 44. , 42.5, 42. , 40.5, 44.5, 46.5, 62.5, 54.5, 35. , 43.5,
       35. , 62. , 62. , 60.5, 57. , 39. , 55.5, 51.5, 52. , 54.5, 60.5,
       63. ]), 'class_mean_width_scaled': array([0.4795, 0.5635, 0.3835, 0.489 , 0.589 , 0.542 , 0.455 , 0.5375,
       0.5395, 0.539 , 0.5625, 0.363 , 0.363 , 0.524 , 0.5385, 0.5925,
       0.5605, 0.4445, 0.243 , 0.3295, 0.527 , 0.5725, 0.441 , 0.517 ,
       0.5825, 0.5465, 0.2495, 0.383 , 0.416 , 0.424 , 0.564 , 0.365 ,
       0.3555, 0.5585, 0.5145, 0.4225, 0.376 , 0.4975, 0.503 , 0.498 ,
       0.3855, 0.4565, 0.433 , 0.274 , 0.4475, 0.494 , 0.5725, 0.391 ,
       0.358 , 0.363 , 0.3585, 0.505 , 0.5435, 0.5395, 0.5025, 0.551 ,
       0.607 , 0.389 , 0.419 , 0.409 , 0.4575, 0.5025, 0.596 , 0.4225,
       0.5065, 0.481 , 0.5705, 0.4415, 0.437 , 0.554 , 0.6045, 0.493 ,
       0.3545, 0.4085, 0.4185, 0.467 , 0.3855, 0.3435, 0.4105, 0.4075,
       0.4145, 0.426 , 0.4465, 0.4825, 0.5895, 0.5275, 0.3425, 0.4375,
       0.372 , 0.5845, 0.6135, 0.597 , 0.601 , 0.4365, 0.483 , 0.504 ,
       0.5465, 0.554 , 0.5655, 0.611 ]), 'class_median_width_scaled': array([0.415, 0.565, 0.375, 0.5  , 0.57 , 0.57 , 0.445, 0.535, 0.565,
       0.545, 0.58 , 0.205, 0.375, 0.515, 0.55 , 0.61 , 0.555, 0.415,
       0.17 , 0.355, 0.495, 0.59 , 0.395, 0.5  , 0.58 , 0.56 , 0.255,
       0.32 , 0.42 , 0.395, 0.585, 0.325, 0.285, 0.62 , 0.53 , 0.43 ,
       0.375, 0.485, 0.545, 0.56 , 0.4  , 0.45 , 0.455, 0.275, 0.46 ,
       0.49 , 0.6  , 0.355, 0.42 , 0.37 , 0.395, 0.525, 0.54 , 0.56 ,
       0.555, 0.55 , 0.62 , 0.4  , 0.48 , 0.45 , 0.415, 0.5  , 0.605,
       0.405, 0.505, 0.47 , 0.58 , 0.445, 0.445, 0.545, 0.605, 0.5  ,
       0.345, 0.365, 0.415, 0.465, 0.39 , 0.34 , 0.44 , 0.425, 0.42 ,
       0.405, 0.445, 0.465, 0.625, 0.545, 0.35 , 0.435, 0.35 , 0.62 ,
       0.62 , 0.605, 0.57 , 0.39 , 0.555, 0.515, 0.52 , 0.545, 0.605,
       0.63 ])}

Job completed at Thu Mar 20 05:03:18 PM PDT 2025
