Starting job at Thu Mar 20 05:03:04 PM PDT 2025
Job parameters:
Dataset: data_language
UQ Method: split_conformal_aps
Estimator: AdaBoost
Seed: 778
Train Size: 0.8
Running split_conformal_aps on data_language with seed 778 and train size 0.8

starting experiment

data created

Fitting split_conformal_aps_AdaBoost on data_language with seed 778

split_conformal_aps_AdaBoost metrics: {'coverage': np.float64(0.9), 'mean_width': np.float64(20.4), 'median_width': np.float64(22.0), 'mean_width_scaled': np.float64(0.6799999999999999), 'median_width_scaled': np.float64(0.7333333333333333)}

split_conformal_aps_AdaBoost full metrics: {'coverage': np.float64(0.9), 'mean_width': np.float64(20.4), 'median_width': np.float64(22.0), 'mean_width_scaled': np.float64(0.6799999999999999), 'median_width_scaled': np.float64(0.7333333333333333)}

split_conformal_aps_AdaBoost class metrics: {'class_coverage': array([1.        , 1.        , 1.        , 0.66666667, 1.        ,
       0.9       , 1.        , 1.        , 0.9375    , 1.        ,
       0.        , 1.        , 0.16666667, 1.        , 0.        ,
       1.        , 1.        , 1.        , 0.66666667, 1.        ,
       1.        , 1.        , 1.        , 1.        , 1.        ,
       0.8       , 0.        , 0.83333333, 0.83333333, 1.        ]), 'class_mean_width': array([22.        , 22.        , 22.        , 20.33333333, 20.85714286,
       19.6       , 21.4       , 22.        , 21.6875    , 17.5       ,
       18.8       , 18.        , 17.16666667, 17.16666667, 22.        ,
       22.        , 22.        , 22.33333333, 20.33333333, 19.42857143,
       22.2       , 21.73333333, 22.16666667, 22.25      , 17.16666667,
       15.2       , 18.        , 18.        , 14.5       , 17.5       ]), 'class_median_width': array([22. , 22. , 22. , 22. , 22. , 22. , 22. , 22. , 22. , 17.5, 18. ,
       18. , 17. , 17. , 22. , 22. , 22. , 22. , 22. , 19. , 22. , 22. ,
       22. , 22. , 17. , 18. , 18. , 17. , 17. , 17.5]), 'class_mean_width_scaled': array([0.73333333, 0.73333333, 0.73333333, 0.67777778, 0.6952381 ,
       0.65333333, 0.71333333, 0.73333333, 0.72291667, 0.58333333,
       0.62666667, 0.6       , 0.57222222, 0.57222222, 0.73333333,
       0.73333333, 0.73333333, 0.74444444, 0.67777778, 0.64761905,
       0.74      , 0.72444444, 0.73888889, 0.74166667, 0.57222222,
       0.50666667, 0.6       , 0.6       , 0.48333333, 0.58333333]), 'class_median_width_scaled': array([0.73333333, 0.73333333, 0.73333333, 0.73333333, 0.73333333,
       0.73333333, 0.73333333, 0.73333333, 0.73333333, 0.58333333,
       0.6       , 0.6       , 0.56666667, 0.56666667, 0.73333333,
       0.73333333, 0.73333333, 0.73333333, 0.73333333, 0.63333333,
       0.73333333, 0.73333333, 0.73333333, 0.73333333, 0.56666667,
       0.6       , 0.6       , 0.56666667, 0.56666667, 0.58333333])}

split_conformal_aps_AdaBoost full class metrics: {'class_coverage': array([1.        , 1.        , 1.        , 0.66666667, 1.        ,
       0.9       , 1.        , 1.        , 0.9375    , 1.        ,
       0.        , 1.        , 0.16666667, 1.        , 0.        ,
       1.        , 1.        , 1.        , 0.66666667, 1.        ,
       1.        , 1.        , 1.        , 1.        , 1.        ,
       0.8       , 0.        , 0.83333333, 0.83333333, 1.        ]), 'class_mean_width': array([22.        , 22.        , 22.        , 20.33333333, 20.85714286,
       19.6       , 21.4       , 22.        , 21.6875    , 17.5       ,
       18.8       , 18.        , 17.16666667, 17.16666667, 22.        ,
       22.        , 22.        , 22.33333333, 20.33333333, 19.42857143,
       22.2       , 21.73333333, 22.16666667, 22.25      , 17.16666667,
       15.2       , 18.        , 18.        , 14.5       , 17.5       ]), 'class_median_width': array([22. , 22. , 22. , 22. , 22. , 22. , 22. , 22. , 22. , 17.5, 18. ,
       18. , 17. , 17. , 22. , 22. , 22. , 22. , 22. , 19. , 22. , 22. ,
       22. , 22. , 17. , 18. , 18. , 17. , 17. , 17.5]), 'class_mean_width_scaled': array([0.73333333, 0.73333333, 0.73333333, 0.67777778, 0.6952381 ,
       0.65333333, 0.71333333, 0.73333333, 0.72291667, 0.58333333,
       0.62666667, 0.6       , 0.57222222, 0.57222222, 0.73333333,
       0.73333333, 0.73333333, 0.74444444, 0.67777778, 0.64761905,
       0.74      , 0.72444444, 0.73888889, 0.74166667, 0.57222222,
       0.50666667, 0.6       , 0.6       , 0.48333333, 0.58333333]), 'class_median_width_scaled': array([0.73333333, 0.73333333, 0.73333333, 0.73333333, 0.73333333,
       0.73333333, 0.73333333, 0.73333333, 0.73333333, 0.58333333,
       0.6       , 0.6       , 0.56666667, 0.56666667, 0.73333333,
       0.73333333, 0.73333333, 0.73333333, 0.73333333, 0.63333333,
       0.73333333, 0.73333333, 0.73333333, 0.73333333, 0.56666667,
       0.6       , 0.6       , 0.56666667, 0.56666667, 0.58333333])}

Job completed at Thu Mar 20 05:03:07 PM PDT 2025
