Starting job at Thu Mar 20 05:03:04 PM PDT 2025
Job parameters:
Dataset: data_language
UQ Method: split_conformal_aps
Estimator: AdaBoost
Seed: 784
Train Size: 0.8
Running split_conformal_aps on data_language with seed 784 and train size 0.8

starting experiment

data created

Fitting split_conformal_aps_AdaBoost on data_language with seed 784

split_conformal_aps_AdaBoost metrics: {'coverage': np.float64(0.935), 'mean_width': np.float64(15.44), 'median_width': np.float64(17.0), 'mean_width_scaled': np.float64(0.5146666666666666), 'median_width_scaled': np.float64(0.5666666666666667)}

split_conformal_aps_AdaBoost full metrics: {'coverage': np.float64(0.935), 'mean_width': np.float64(15.44), 'median_width': np.float64(17.0), 'mean_width_scaled': np.float64(0.5146666666666666), 'median_width_scaled': np.float64(0.5666666666666667)}

split_conformal_aps_AdaBoost class metrics: {'class_coverage': array([1.        , 1.        , 1.        , 0.        , 1.        ,
       1.        , 1.        , 1.        , 1.        , 1.        ,
       1.        , 1.        , 0.83333333, 0.66666667, 0.5       ,
       1.        , 1.        , 1.        , 1.        , 0.85714286,
       0.9       , 1.        , 1.        , 1.        , 1.        ,
       1.        , 0.        , 1.        , 0.66666667, 0.5       ]), 'class_mean_width': array([17.11111111, 17.2       , 17.33333333, 16.33333333, 16.71428571,
       16.7       , 16.33333333, 17.16666667, 17.125     , 13.        ,
       12.4       , 10.        , 10.66666667, 10.        , 13.        ,
       17.11111111, 17.        , 17.33333333, 17.33333333, 16.71428571,
       16.8       , 15.93333333, 17.33333333, 17.375     , 12.33333333,
       12.4       , 11.        , 12.16666667,  9.        ,  9.        ]), 'class_median_width': array([17. , 17. , 17. , 17. , 17. , 17. , 17. , 17. , 17. , 12. , 12. ,
       10. , 11.5, 12. , 13. , 17. , 17. , 17. , 17. , 17. , 17. , 17. ,
       17. , 17. , 12. , 12. , 11. , 12. , 12. ,  9. ]), 'class_mean_width_scaled': array([0.57037037, 0.57333333, 0.57777778, 0.54444444, 0.55714286,
       0.55666667, 0.54444444, 0.57222222, 0.57083333, 0.43333333,
       0.41333333, 0.33333333, 0.35555556, 0.33333333, 0.43333333,
       0.57037037, 0.56666667, 0.57777778, 0.57777778, 0.55714286,
       0.56      , 0.53111111, 0.57777778, 0.57916667, 0.41111111,
       0.41333333, 0.36666667, 0.40555556, 0.3       , 0.3       ]), 'class_median_width_scaled': array([0.56666667, 0.56666667, 0.56666667, 0.56666667, 0.56666667,
       0.56666667, 0.56666667, 0.56666667, 0.56666667, 0.4       ,
       0.4       , 0.33333333, 0.38333333, 0.4       , 0.43333333,
       0.56666667, 0.56666667, 0.56666667, 0.56666667, 0.56666667,
       0.56666667, 0.56666667, 0.56666667, 0.56666667, 0.4       ,
       0.4       , 0.36666667, 0.4       , 0.4       , 0.3       ])}

split_conformal_aps_AdaBoost full class metrics: {'class_coverage': array([1.        , 1.        , 1.        , 0.        , 1.        ,
       1.        , 1.        , 1.        , 1.        , 1.        ,
       1.        , 1.        , 0.83333333, 0.66666667, 0.5       ,
       1.        , 1.        , 1.        , 1.        , 0.85714286,
       0.9       , 1.        , 1.        , 1.        , 1.        ,
       1.        , 0.        , 1.        , 0.66666667, 0.5       ]), 'class_mean_width': array([17.11111111, 17.2       , 17.33333333, 16.33333333, 16.71428571,
       16.7       , 16.33333333, 17.16666667, 17.125     , 13.        ,
       12.4       , 10.        , 10.66666667, 10.        , 13.        ,
       17.11111111, 17.        , 17.33333333, 17.33333333, 16.71428571,
       16.8       , 15.93333333, 17.33333333, 17.375     , 12.33333333,
       12.4       , 11.        , 12.16666667,  9.        ,  9.        ]), 'class_median_width': array([17. , 17. , 17. , 17. , 17. , 17. , 17. , 17. , 17. , 12. , 12. ,
       10. , 11.5, 12. , 13. , 17. , 17. , 17. , 17. , 17. , 17. , 17. ,
       17. , 17. , 12. , 12. , 11. , 12. , 12. ,  9. ]), 'class_mean_width_scaled': array([0.57037037, 0.57333333, 0.57777778, 0.54444444, 0.55714286,
       0.55666667, 0.54444444, 0.57222222, 0.57083333, 0.43333333,
       0.41333333, 0.33333333, 0.35555556, 0.33333333, 0.43333333,
       0.57037037, 0.56666667, 0.57777778, 0.57777778, 0.55714286,
       0.56      , 0.53111111, 0.57777778, 0.57916667, 0.41111111,
       0.41333333, 0.36666667, 0.40555556, 0.3       , 0.3       ]), 'class_median_width_scaled': array([0.56666667, 0.56666667, 0.56666667, 0.56666667, 0.56666667,
       0.56666667, 0.56666667, 0.56666667, 0.56666667, 0.4       ,
       0.4       , 0.33333333, 0.38333333, 0.4       , 0.43333333,
       0.56666667, 0.56666667, 0.56666667, 0.56666667, 0.56666667,
       0.56666667, 0.56666667, 0.56666667, 0.56666667, 0.4       ,
       0.4       , 0.36666667, 0.4       , 0.4       , 0.3       ])}

Job completed at Thu Mar 20 05:03:07 PM PDT 2025
