Starting job at Wed Mar 19 06:24:47 PM PDT 2025
Job parameters:
Dataset: data_cover_type
UQ Method: split_conformal_naive
Estimator: MLP
Seed: 781
Train Size: 0.8
Running split_conformal_naive on data_cover_type with seed 781 and train size 0.8

starting experiment

data created

Fitting split_conformal_naive_MLP on data_cover_type with seed 781

split_conformal_naive_MLP metrics: {'coverage': np.float64(0.4525), 'mean_width': np.float64(6.605), 'median_width': np.float64(6.0), 'mean_width_scaled': np.float64(0.06605), 'median_width_scaled': np.float64(0.06)}

split_conformal_naive_MLP full metrics: {'coverage': np.float64(0.4525), 'mean_width': np.float64(6.605), 'median_width': np.float64(6.0), 'mean_width_scaled': np.float64(0.06605), 'median_width_scaled': np.float64(0.06)}

split_conformal_naive_MLP class metrics: {'class_coverage': array([0.85, 0.65, 0.2 , 0.05, 0.75, 0.9 , 0.7 , 0.05, 0.75, 0.9 , 0.35,
       0.45, 0.55, 0.35, 0.3 , 0.  , 0.95, 0.8 , 0.7 , 0.15, 1.  , 0.4 ,
       0.5 , 0.95, 0.8 , 0.3 , 0.95, 0.  , 0.15, 0.7 , 0.1 , 0.  , 0.1 ,
       0.95, 0.95, 0.35, 0.05, 0.05, 0.05, 0.5 , 0.95, 0.2 , 0.05, 0.6 ,
       0.85, 0.05, 0.  , 1.  , 0.95, 0.65, 0.1 , 0.75, 0.95, 0.3 , 0.3 ,
       1.  , 0.35, 0.  , 0.05, 0.6 , 0.2 , 0.4 , 0.8 , 0.  , 0.05, 0.  ,
       0.05, 0.  , 0.2 , 0.2 , 0.05, 0.95, 0.  , 0.6 , 0.85, 0.8 , 0.05,
       0.15, 0.2 , 0.25, 0.  , 0.55, 0.85, 0.35, 0.75, 0.9 , 0.85, 0.8 ,
       0.05, 0.35, 0.  , 0.25, 0.3 , 0.65, 0.25, 0.7 , 0.45, 0.75, 0.85,
       0.85]), 'class_mean_width': array([ 7.65, 10.2 ,  7.4 ,  9.  , 13.1 , 10.65,  7.05,  8.25,  9.3 ,
        9.05, 11.2 ,  6.65,  3.2 ,  7.2 ,  7.15,  8.15,  9.15,  5.5 ,
        2.1 ,  4.75,  9.5 ,  9.2 ,  7.2 ,  8.1 ,  9.4 ,  9.35,  1.05,
        3.35,  3.4 ,  5.75,  7.9 ,  5.05,  6.95, 10.4 ,  2.85,  5.45,
        3.7 ,  5.25,  5.05,  7.05,  3.35,  6.6 ,  6.5 ,  3.5 ,  3.6 ,
        5.65,  6.4 ,  2.65,  3.25,  5.3 ,  4.15,  3.05,  7.65, 10.35,
        9.05,  8.95,  8.95,  4.3 ,  5.1 ,  2.95,  5.5 ,  7.7 ,  9.35,
        4.3 ,  5.95,  4.9 ,  6.75,  4.4 ,  7.9 ,  9.6 , 11.1 ,  9.65,
        2.7 ,  4.05,  3.75,  4.25,  3.9 ,  3.45,  3.85,  4.9 ,  5.1 ,
        4.45,  5.25,  9.9 , 11.15,  5.  ,  4.8 ,  2.95,  2.85,  8.5 ,
        8.5 ,  9.65,  9.35,  8.5 ,  8.95, 10.1 ,  8.95,  7.85,  9.65,
        7.15]), 'class_median_width': array([ 3.5, 11. ,  6.5,  8.5, 15. , 11. ,  5.5,  8. , 10.5,  9.5, 11.5,
        2. ,  2. ,  6.5,  6.5,  8.5, 10.5,  4.5,  2. ,  4.5, 11. , 10. ,
        6. ,  8. , 11. ,  8.5,  1. ,  2. ,  2. ,  5. ,  8. ,  3. ,  3.5,
       11. ,  2.5,  4.5,  2.5,  5. ,  5. ,  6. ,  2. ,  5. ,  6.5,  3. ,
        2. ,  5. ,  6. ,  2.5,  2. ,  3.5,  3. ,  2.5,  8. , 11. ,  8.5,
        8.5,  9. ,  2.5,  3.5,  2.5,  5. ,  7.5,  8.5,  4.5,  6. ,  3.5,
        6. ,  4. ,  8. ,  9.5, 12.5,  8. ,  2.5,  2. ,  3. ,  3. ,  3.5,
        2.5,  3.5,  5. ,  4.5,  3. ,  5.5, 10. , 10. ,  5. ,  5. ,  2. ,
        2. ,  8. ,  8. , 10. ,  7.5,  6.5,  6.5, 11. ,  8.5,  7.5, 10. ,
        4.5]), 'class_mean_width_scaled': array([0.0765, 0.102 , 0.074 , 0.09  , 0.131 , 0.1065, 0.0705, 0.0825,
       0.093 , 0.0905, 0.112 , 0.0665, 0.032 , 0.072 , 0.0715, 0.0815,
       0.0915, 0.055 , 0.021 , 0.0475, 0.095 , 0.092 , 0.072 , 0.081 ,
       0.094 , 0.0935, 0.0105, 0.0335, 0.034 , 0.0575, 0.079 , 0.0505,
       0.0695, 0.104 , 0.0285, 0.0545, 0.037 , 0.0525, 0.0505, 0.0705,
       0.0335, 0.066 , 0.065 , 0.035 , 0.036 , 0.0565, 0.064 , 0.0265,
       0.0325, 0.053 , 0.0415, 0.0305, 0.0765, 0.1035, 0.0905, 0.0895,
       0.0895, 0.043 , 0.051 , 0.0295, 0.055 , 0.077 , 0.0935, 0.043 ,
       0.0595, 0.049 , 0.0675, 0.044 , 0.079 , 0.096 , 0.111 , 0.0965,
       0.027 , 0.0405, 0.0375, 0.0425, 0.039 , 0.0345, 0.0385, 0.049 ,
       0.051 , 0.0445, 0.0525, 0.099 , 0.1115, 0.05  , 0.048 , 0.0295,
       0.0285, 0.085 , 0.085 , 0.0965, 0.0935, 0.085 , 0.0895, 0.101 ,
       0.0895, 0.0785, 0.0965, 0.0715]), 'class_median_width_scaled': array([0.035, 0.11 , 0.065, 0.085, 0.15 , 0.11 , 0.055, 0.08 , 0.105,
       0.095, 0.115, 0.02 , 0.02 , 0.065, 0.065, 0.085, 0.105, 0.045,
       0.02 , 0.045, 0.11 , 0.1  , 0.06 , 0.08 , 0.11 , 0.085, 0.01 ,
       0.02 , 0.02 , 0.05 , 0.08 , 0.03 , 0.035, 0.11 , 0.025, 0.045,
       0.025, 0.05 , 0.05 , 0.06 , 0.02 , 0.05 , 0.065, 0.03 , 0.02 ,
       0.05 , 0.06 , 0.025, 0.02 , 0.035, 0.03 , 0.025, 0.08 , 0.11 ,
       0.085, 0.085, 0.09 , 0.025, 0.035, 0.025, 0.05 , 0.075, 0.085,
       0.045, 0.06 , 0.035, 0.06 , 0.04 , 0.08 , 0.095, 0.125, 0.08 ,
       0.025, 0.02 , 0.03 , 0.03 , 0.035, 0.025, 0.035, 0.05 , 0.045,
       0.03 , 0.055, 0.1  , 0.1  , 0.05 , 0.05 , 0.02 , 0.02 , 0.08 ,
       0.08 , 0.1  , 0.075, 0.065, 0.065, 0.11 , 0.085, 0.075, 0.1  ,
       0.045])}

split_conformal_naive_MLP full class metrics: {'class_coverage': array([0.85, 0.65, 0.2 , 0.05, 0.75, 0.9 , 0.7 , 0.05, 0.75, 0.9 , 0.35,
       0.45, 0.55, 0.35, 0.3 , 0.  , 0.95, 0.8 , 0.7 , 0.15, 1.  , 0.4 ,
       0.5 , 0.95, 0.8 , 0.3 , 0.95, 0.  , 0.15, 0.7 , 0.1 , 0.  , 0.1 ,
       0.95, 0.95, 0.35, 0.05, 0.05, 0.05, 0.5 , 0.95, 0.2 , 0.05, 0.6 ,
       0.85, 0.05, 0.  , 1.  , 0.95, 0.65, 0.1 , 0.75, 0.95, 0.3 , 0.3 ,
       1.  , 0.35, 0.  , 0.05, 0.6 , 0.2 , 0.4 , 0.8 , 0.  , 0.05, 0.  ,
       0.05, 0.  , 0.2 , 0.2 , 0.05, 0.95, 0.  , 0.6 , 0.85, 0.8 , 0.05,
       0.15, 0.2 , 0.25, 0.  , 0.55, 0.85, 0.35, 0.75, 0.9 , 0.85, 0.8 ,
       0.05, 0.35, 0.  , 0.25, 0.3 , 0.65, 0.25, 0.7 , 0.45, 0.75, 0.85,
       0.85]), 'class_mean_width': array([ 7.65, 10.2 ,  7.4 ,  9.  , 13.1 , 10.65,  7.05,  8.25,  9.3 ,
        9.05, 11.2 ,  6.65,  3.2 ,  7.2 ,  7.15,  8.15,  9.15,  5.5 ,
        2.1 ,  4.75,  9.5 ,  9.2 ,  7.2 ,  8.1 ,  9.4 ,  9.35,  1.05,
        3.35,  3.4 ,  5.75,  7.9 ,  5.05,  6.95, 10.4 ,  2.85,  5.45,
        3.7 ,  5.25,  5.05,  7.05,  3.35,  6.6 ,  6.5 ,  3.5 ,  3.6 ,
        5.65,  6.4 ,  2.65,  3.25,  5.3 ,  4.15,  3.05,  7.65, 10.35,
        9.05,  8.95,  8.95,  4.3 ,  5.1 ,  2.95,  5.5 ,  7.7 ,  9.35,
        4.3 ,  5.95,  4.9 ,  6.75,  4.4 ,  7.9 ,  9.6 , 11.1 ,  9.65,
        2.7 ,  4.05,  3.75,  4.25,  3.9 ,  3.45,  3.85,  4.9 ,  5.1 ,
        4.45,  5.25,  9.9 , 11.15,  5.  ,  4.8 ,  2.95,  2.85,  8.5 ,
        8.5 ,  9.65,  9.35,  8.5 ,  8.95, 10.1 ,  8.95,  7.85,  9.65,
        7.15]), 'class_median_width': array([ 3.5, 11. ,  6.5,  8.5, 15. , 11. ,  5.5,  8. , 10.5,  9.5, 11.5,
        2. ,  2. ,  6.5,  6.5,  8.5, 10.5,  4.5,  2. ,  4.5, 11. , 10. ,
        6. ,  8. , 11. ,  8.5,  1. ,  2. ,  2. ,  5. ,  8. ,  3. ,  3.5,
       11. ,  2.5,  4.5,  2.5,  5. ,  5. ,  6. ,  2. ,  5. ,  6.5,  3. ,
        2. ,  5. ,  6. ,  2.5,  2. ,  3.5,  3. ,  2.5,  8. , 11. ,  8.5,
        8.5,  9. ,  2.5,  3.5,  2.5,  5. ,  7.5,  8.5,  4.5,  6. ,  3.5,
        6. ,  4. ,  8. ,  9.5, 12.5,  8. ,  2.5,  2. ,  3. ,  3. ,  3.5,
        2.5,  3.5,  5. ,  4.5,  3. ,  5.5, 10. , 10. ,  5. ,  5. ,  2. ,
        2. ,  8. ,  8. , 10. ,  7.5,  6.5,  6.5, 11. ,  8.5,  7.5, 10. ,
        4.5]), 'class_mean_width_scaled': array([0.0765, 0.102 , 0.074 , 0.09  , 0.131 , 0.1065, 0.0705, 0.0825,
       0.093 , 0.0905, 0.112 , 0.0665, 0.032 , 0.072 , 0.0715, 0.0815,
       0.0915, 0.055 , 0.021 , 0.0475, 0.095 , 0.092 , 0.072 , 0.081 ,
       0.094 , 0.0935, 0.0105, 0.0335, 0.034 , 0.0575, 0.079 , 0.0505,
       0.0695, 0.104 , 0.0285, 0.0545, 0.037 , 0.0525, 0.0505, 0.0705,
       0.0335, 0.066 , 0.065 , 0.035 , 0.036 , 0.0565, 0.064 , 0.0265,
       0.0325, 0.053 , 0.0415, 0.0305, 0.0765, 0.1035, 0.0905, 0.0895,
       0.0895, 0.043 , 0.051 , 0.0295, 0.055 , 0.077 , 0.0935, 0.043 ,
       0.0595, 0.049 , 0.0675, 0.044 , 0.079 , 0.096 , 0.111 , 0.0965,
       0.027 , 0.0405, 0.0375, 0.0425, 0.039 , 0.0345, 0.0385, 0.049 ,
       0.051 , 0.0445, 0.0525, 0.099 , 0.1115, 0.05  , 0.048 , 0.0295,
       0.0285, 0.085 , 0.085 , 0.0965, 0.0935, 0.085 , 0.0895, 0.101 ,
       0.0895, 0.0785, 0.0965, 0.0715]), 'class_median_width_scaled': array([0.035, 0.11 , 0.065, 0.085, 0.15 , 0.11 , 0.055, 0.08 , 0.105,
       0.095, 0.115, 0.02 , 0.02 , 0.065, 0.065, 0.085, 0.105, 0.045,
       0.02 , 0.045, 0.11 , 0.1  , 0.06 , 0.08 , 0.11 , 0.085, 0.01 ,
       0.02 , 0.02 , 0.05 , 0.08 , 0.03 , 0.035, 0.11 , 0.025, 0.045,
       0.025, 0.05 , 0.05 , 0.06 , 0.02 , 0.05 , 0.065, 0.03 , 0.02 ,
       0.05 , 0.06 , 0.025, 0.02 , 0.035, 0.03 , 0.025, 0.08 , 0.11 ,
       0.085, 0.085, 0.09 , 0.025, 0.035, 0.025, 0.05 , 0.075, 0.085,
       0.045, 0.06 , 0.035, 0.06 , 0.04 , 0.08 , 0.095, 0.125, 0.08 ,
       0.025, 0.02 , 0.03 , 0.03 , 0.035, 0.025, 0.035, 0.05 , 0.045,
       0.03 , 0.055, 0.1  , 0.1  , 0.05 , 0.05 , 0.02 , 0.02 , 0.08 ,
       0.08 , 0.1  , 0.075, 0.065, 0.065, 0.11 , 0.085, 0.075, 0.1  ,
       0.045])}

Job completed at Wed Mar 19 06:24:51 PM PDT 2025
