Starting job at Wed Mar 19 06:24:51 PM PDT 2025
Job parameters:
Dataset: data_cover_type
UQ Method: split_conformal_naive
Estimator: MLP
Seed: 783
Train Size: 0.8
Running split_conformal_naive on data_cover_type with seed 783 and train size 0.8

starting experiment

data created

Fitting split_conformal_naive_MLP on data_cover_type with seed 783

split_conformal_naive_MLP metrics: {'coverage': np.float64(0.3685), 'mean_width': np.float64(5.859), 'median_width': np.float64(5.0), 'mean_width_scaled': np.float64(0.05859), 'median_width_scaled': np.float64(0.05)}

split_conformal_naive_MLP full metrics: {'coverage': np.float64(0.3685), 'mean_width': np.float64(5.859), 'median_width': np.float64(5.0), 'mean_width_scaled': np.float64(0.05859), 'median_width_scaled': np.float64(0.05)}

split_conformal_naive_MLP class metrics: {'class_coverage': array([0.6 , 0.05, 0.3 , 0.5 , 0.85, 0.55, 0.4 , 0.4 , 0.4 , 0.3 , 0.15,
       0.4 , 0.65, 0.  , 0.4 , 0.35, 0.1 , 0.55, 0.45, 0.2 , 0.75, 0.05,
       0.15, 0.5 , 0.15, 0.75, 0.85, 0.1 , 0.05, 0.15, 0.8 , 0.15, 0.  ,
       0.75, 0.  , 0.  , 0.1 , 0.  , 0.  , 0.7 , 0.6 , 0.05, 0.1 , 0.95,
       1.  , 0.85, 0.9 , 0.95, 0.1 , 0.15, 0.2 , 0.45, 0.6 , 0.45, 0.05,
       0.  , 0.  , 0.15, 0.  , 0.8 , 0.  , 0.1 , 0.95, 0.3 , 0.15, 0.65,
       0.  , 0.  , 0.05, 0.25, 0.5 , 0.05, 0.4 , 0.45, 0.15, 0.05, 0.75,
       0.25, 0.7 , 0.2 , 0.  , 0.6 , 0.45, 0.2 , 0.6 , 0.8 , 0.1 , 0.55,
       0.2 , 0.3 , 0.55, 0.5 , 0.  , 0.6 , 0.85, 0.55, 0.  , 0.55, 0.6 ,
       0.95]), 'class_mean_width': array([ 6.9 ,  6.1 ,  7.2 ,  4.8 , 11.65,  7.2 ,  4.1 ,  7.25,  9.9 ,
        6.05,  9.8 ,  4.35,  5.2 ,  5.85,  6.2 ,  7.25, 10.6 ,  5.95,
        2.7 ,  2.4 ,  8.65,  4.75,  5.85,  5.4 ,  6.  ,  8.1 ,  1.05,
        4.05,  3.05,  7.45,  7.6 ,  4.7 ,  3.45, 11.45,  6.9 ,  3.3 ,
        4.2 ,  4.95,  5.9 ,  8.75,  4.2 ,  5.5 ,  5.35,  1.  ,  3.15,
        6.3 ,  8.85,  4.25,  6.  ,  4.2 ,  5.35,  3.  ,  7.9 ,  9.3 ,
        7.45,  8.6 ,  7.95,  4.25,  5.3 ,  2.1 ,  4.7 ,  4.  ,  6.35,
        2.35,  6.15,  5.35,  8.8 ,  5.55,  4.7 ,  7.15,  8.25,  7.3 ,
        2.85,  4.6 ,  5.4 ,  3.65,  3.15,  3.65,  3.5 ,  4.9 ,  4.45,
        4.05,  5.25,  6.55,  6.45,  4.5 ,  4.5 ,  5.4 ,  4.5 ,  7.15,
        6.8 ,  6.6 ,  7.55,  6.05,  8.6 ,  6.8 ,  8.15,  7.8 ,  9.5 ,
        5.9 ]), 'class_median_width': array([ 5. ,  5. ,  6. ,  2.5, 12.5,  6. ,  4. ,  6. , 11. ,  6. ,  8.5,
        2.5,  4. ,  5. ,  6.5,  5.5, 11. ,  4. ,  2. ,  2.5,  8. ,  5. ,
        4.5,  5. ,  5.5,  7. ,  1. ,  3. ,  3. ,  6. ,  8. ,  3. ,  2. ,
       12. ,  7. ,  2. ,  3. ,  4. ,  4. ,  9.5,  3.5,  5. ,  5. ,  1. ,
        3. ,  6.5,  9.5,  3.5,  5. ,  4. ,  2.5,  2. ,  9. ,  9. ,  6.5,
        9. ,  7. ,  3. ,  5. ,  1.5,  3.5,  3.5,  3. ,  2. ,  4. ,  4.5,
        9. ,  5. ,  4. ,  6. ,  7. ,  7.5,  2.5,  4. ,  6. ,  3. ,  2. ,
        2. ,  3. ,  4. ,  3. ,  4. ,  5.5,  5. ,  6. ,  3.5,  4. ,  6.5,
        3. ,  8. ,  6. ,  6.5,  6.5,  2. ,  7. ,  5.5,  9. ,  7.5, 10. ,
        5.5]), 'class_mean_width_scaled': array([0.069 , 0.061 , 0.072 , 0.048 , 0.1165, 0.072 , 0.041 , 0.0725,
       0.099 , 0.0605, 0.098 , 0.0435, 0.052 , 0.0585, 0.062 , 0.0725,
       0.106 , 0.0595, 0.027 , 0.024 , 0.0865, 0.0475, 0.0585, 0.054 ,
       0.06  , 0.081 , 0.0105, 0.0405, 0.0305, 0.0745, 0.076 , 0.047 ,
       0.0345, 0.1145, 0.069 , 0.033 , 0.042 , 0.0495, 0.059 , 0.0875,
       0.042 , 0.055 , 0.0535, 0.01  , 0.0315, 0.063 , 0.0885, 0.0425,
       0.06  , 0.042 , 0.0535, 0.03  , 0.079 , 0.093 , 0.0745, 0.086 ,
       0.0795, 0.0425, 0.053 , 0.021 , 0.047 , 0.04  , 0.0635, 0.0235,
       0.0615, 0.0535, 0.088 , 0.0555, 0.047 , 0.0715, 0.0825, 0.073 ,
       0.0285, 0.046 , 0.054 , 0.0365, 0.0315, 0.0365, 0.035 , 0.049 ,
       0.0445, 0.0405, 0.0525, 0.0655, 0.0645, 0.045 , 0.045 , 0.054 ,
       0.045 , 0.0715, 0.068 , 0.066 , 0.0755, 0.0605, 0.086 , 0.068 ,
       0.0815, 0.078 , 0.095 , 0.059 ]), 'class_median_width_scaled': array([0.05 , 0.05 , 0.06 , 0.025, 0.125, 0.06 , 0.04 , 0.06 , 0.11 ,
       0.06 , 0.085, 0.025, 0.04 , 0.05 , 0.065, 0.055, 0.11 , 0.04 ,
       0.02 , 0.025, 0.08 , 0.05 , 0.045, 0.05 , 0.055, 0.07 , 0.01 ,
       0.03 , 0.03 , 0.06 , 0.08 , 0.03 , 0.02 , 0.12 , 0.07 , 0.02 ,
       0.03 , 0.04 , 0.04 , 0.095, 0.035, 0.05 , 0.05 , 0.01 , 0.03 ,
       0.065, 0.095, 0.035, 0.05 , 0.04 , 0.025, 0.02 , 0.09 , 0.09 ,
       0.065, 0.09 , 0.07 , 0.03 , 0.05 , 0.015, 0.035, 0.035, 0.03 ,
       0.02 , 0.04 , 0.045, 0.09 , 0.05 , 0.04 , 0.06 , 0.07 , 0.075,
       0.025, 0.04 , 0.06 , 0.03 , 0.02 , 0.02 , 0.03 , 0.04 , 0.03 ,
       0.04 , 0.055, 0.05 , 0.06 , 0.035, 0.04 , 0.065, 0.03 , 0.08 ,
       0.06 , 0.065, 0.065, 0.02 , 0.07 , 0.055, 0.09 , 0.075, 0.1  ,
       0.055])}

split_conformal_naive_MLP full class metrics: {'class_coverage': array([0.6 , 0.05, 0.3 , 0.5 , 0.85, 0.55, 0.4 , 0.4 , 0.4 , 0.3 , 0.15,
       0.4 , 0.65, 0.  , 0.4 , 0.35, 0.1 , 0.55, 0.45, 0.2 , 0.75, 0.05,
       0.15, 0.5 , 0.15, 0.75, 0.85, 0.1 , 0.05, 0.15, 0.8 , 0.15, 0.  ,
       0.75, 0.  , 0.  , 0.1 , 0.  , 0.  , 0.7 , 0.6 , 0.05, 0.1 , 0.95,
       1.  , 0.85, 0.9 , 0.95, 0.1 , 0.15, 0.2 , 0.45, 0.6 , 0.45, 0.05,
       0.  , 0.  , 0.15, 0.  , 0.8 , 0.  , 0.1 , 0.95, 0.3 , 0.15, 0.65,
       0.  , 0.  , 0.05, 0.25, 0.5 , 0.05, 0.4 , 0.45, 0.15, 0.05, 0.75,
       0.25, 0.7 , 0.2 , 0.  , 0.6 , 0.45, 0.2 , 0.6 , 0.8 , 0.1 , 0.55,
       0.2 , 0.3 , 0.55, 0.5 , 0.  , 0.6 , 0.85, 0.55, 0.  , 0.55, 0.6 ,
       0.95]), 'class_mean_width': array([ 6.9 ,  6.1 ,  7.2 ,  4.8 , 11.65,  7.2 ,  4.1 ,  7.25,  9.9 ,
        6.05,  9.8 ,  4.35,  5.2 ,  5.85,  6.2 ,  7.25, 10.6 ,  5.95,
        2.7 ,  2.4 ,  8.65,  4.75,  5.85,  5.4 ,  6.  ,  8.1 ,  1.05,
        4.05,  3.05,  7.45,  7.6 ,  4.7 ,  3.45, 11.45,  6.9 ,  3.3 ,
        4.2 ,  4.95,  5.9 ,  8.75,  4.2 ,  5.5 ,  5.35,  1.  ,  3.15,
        6.3 ,  8.85,  4.25,  6.  ,  4.2 ,  5.35,  3.  ,  7.9 ,  9.3 ,
        7.45,  8.6 ,  7.95,  4.25,  5.3 ,  2.1 ,  4.7 ,  4.  ,  6.35,
        2.35,  6.15,  5.35,  8.8 ,  5.55,  4.7 ,  7.15,  8.25,  7.3 ,
        2.85,  4.6 ,  5.4 ,  3.65,  3.15,  3.65,  3.5 ,  4.9 ,  4.45,
        4.05,  5.25,  6.55,  6.45,  4.5 ,  4.5 ,  5.4 ,  4.5 ,  7.15,
        6.8 ,  6.6 ,  7.55,  6.05,  8.6 ,  6.8 ,  8.15,  7.8 ,  9.5 ,
        5.9 ]), 'class_median_width': array([ 5. ,  5. ,  6. ,  2.5, 12.5,  6. ,  4. ,  6. , 11. ,  6. ,  8.5,
        2.5,  4. ,  5. ,  6.5,  5.5, 11. ,  4. ,  2. ,  2.5,  8. ,  5. ,
        4.5,  5. ,  5.5,  7. ,  1. ,  3. ,  3. ,  6. ,  8. ,  3. ,  2. ,
       12. ,  7. ,  2. ,  3. ,  4. ,  4. ,  9.5,  3.5,  5. ,  5. ,  1. ,
        3. ,  6.5,  9.5,  3.5,  5. ,  4. ,  2.5,  2. ,  9. ,  9. ,  6.5,
        9. ,  7. ,  3. ,  5. ,  1.5,  3.5,  3.5,  3. ,  2. ,  4. ,  4.5,
        9. ,  5. ,  4. ,  6. ,  7. ,  7.5,  2.5,  4. ,  6. ,  3. ,  2. ,
        2. ,  3. ,  4. ,  3. ,  4. ,  5.5,  5. ,  6. ,  3.5,  4. ,  6.5,
        3. ,  8. ,  6. ,  6.5,  6.5,  2. ,  7. ,  5.5,  9. ,  7.5, 10. ,
        5.5]), 'class_mean_width_scaled': array([0.069 , 0.061 , 0.072 , 0.048 , 0.1165, 0.072 , 0.041 , 0.0725,
       0.099 , 0.0605, 0.098 , 0.0435, 0.052 , 0.0585, 0.062 , 0.0725,
       0.106 , 0.0595, 0.027 , 0.024 , 0.0865, 0.0475, 0.0585, 0.054 ,
       0.06  , 0.081 , 0.0105, 0.0405, 0.0305, 0.0745, 0.076 , 0.047 ,
       0.0345, 0.1145, 0.069 , 0.033 , 0.042 , 0.0495, 0.059 , 0.0875,
       0.042 , 0.055 , 0.0535, 0.01  , 0.0315, 0.063 , 0.0885, 0.0425,
       0.06  , 0.042 , 0.0535, 0.03  , 0.079 , 0.093 , 0.0745, 0.086 ,
       0.0795, 0.0425, 0.053 , 0.021 , 0.047 , 0.04  , 0.0635, 0.0235,
       0.0615, 0.0535, 0.088 , 0.0555, 0.047 , 0.0715, 0.0825, 0.073 ,
       0.0285, 0.046 , 0.054 , 0.0365, 0.0315, 0.0365, 0.035 , 0.049 ,
       0.0445, 0.0405, 0.0525, 0.0655, 0.0645, 0.045 , 0.045 , 0.054 ,
       0.045 , 0.0715, 0.068 , 0.066 , 0.0755, 0.0605, 0.086 , 0.068 ,
       0.0815, 0.078 , 0.095 , 0.059 ]), 'class_median_width_scaled': array([0.05 , 0.05 , 0.06 , 0.025, 0.125, 0.06 , 0.04 , 0.06 , 0.11 ,
       0.06 , 0.085, 0.025, 0.04 , 0.05 , 0.065, 0.055, 0.11 , 0.04 ,
       0.02 , 0.025, 0.08 , 0.05 , 0.045, 0.05 , 0.055, 0.07 , 0.01 ,
       0.03 , 0.03 , 0.06 , 0.08 , 0.03 , 0.02 , 0.12 , 0.07 , 0.02 ,
       0.03 , 0.04 , 0.04 , 0.095, 0.035, 0.05 , 0.05 , 0.01 , 0.03 ,
       0.065, 0.095, 0.035, 0.05 , 0.04 , 0.025, 0.02 , 0.09 , 0.09 ,
       0.065, 0.09 , 0.07 , 0.03 , 0.05 , 0.015, 0.035, 0.035, 0.03 ,
       0.02 , 0.04 , 0.045, 0.09 , 0.05 , 0.04 , 0.06 , 0.07 , 0.075,
       0.025, 0.04 , 0.06 , 0.03 , 0.02 , 0.02 , 0.03 , 0.04 , 0.03 ,
       0.04 , 0.055, 0.05 , 0.06 , 0.035, 0.04 , 0.065, 0.03 , 0.08 ,
       0.06 , 0.065, 0.065, 0.02 , 0.07 , 0.055, 0.09 , 0.075, 0.1  ,
       0.055])}

Job completed at Wed Mar 19 06:24:55 PM PDT 2025
