Starting job at Wed Mar 19 06:25:42 PM PDT 2025
Job parameters:
Dataset: data_helena
UQ Method: split_conformal_naive
Estimator: AdaBoost
Seed: 779
Train Size: 0.8
Running split_conformal_naive on data_helena with seed 779 and train size 0.8

starting experiment

data created

Fitting split_conformal_naive_AdaBoost on data_helena with seed 779

split_conformal_naive_AdaBoost metrics: {'coverage': np.float64(0.9449386503067485), 'mean_width': np.float64(76.28926380368098), 'median_width': np.float64(88.0), 'mean_width_scaled': np.float64(0.7628926380368098), 'median_width_scaled': np.float64(0.88)}

split_conformal_naive_AdaBoost full metrics: {'coverage': np.float64(0.9449386503067485), 'mean_width': np.float64(76.28926380368098), 'median_width': np.float64(88.0), 'mean_width_scaled': np.float64(0.7628926380368098), 'median_width_scaled': np.float64(0.88)}

split_conformal_naive_AdaBoost class metrics: {'class_coverage': array([0.98924731, 0.87931034, 0.        , 0.96875   , 0.94252874,
       0.96103896, 0.984375  , 0.99074074, 0.97222222, 0.78054299,
       0.93333333, 0.19230769, 0.92857143, 0.98224852, 0.90322581,
       0.94230769, 0.98039216, 0.91111111, 1.        , 0.95918367,
       0.95384615, 0.98113208, 0.9704142 , 0.96078431, 0.94827586,
       0.97826087, 0.79166667, 0.45833333, 0.60869565, 0.03846154,
       0.97297297, 1.        , 0.99322799, 0.9752381 , 0.98863636,
       0.99833055, 0.97222222, 1.        , 0.94166667, 0.88888889,
       0.94029851, 0.98305085, 0.76923077, 0.98181818, 0.97619048,
       1.        , 0.86842105, 0.92405063, 0.99090909, 0.89655172,
       1.        , 0.98531811, 0.95833333, 0.99442897, 0.97619048,
       0.99616858, 1.        , 0.88157895, 0.97802198, 0.81578947,
       0.94240838, 1.        , 0.85294118, 1.        , 0.65420561,
       0.93617021, 0.97011494, 0.99      , 0.88135593, 0.70769231,
       0.89380531, 0.85      , 0.82142857, 0.5       , 0.99082569,
       0.90983607, 0.98626717, 0.89803922, 0.97368421, 0.13953488,
       0.66666667, 0.65333333, 0.89130435, 1.        , 0.98039216,
       0.96629213, 0.99004975, 0.98921833, 0.95714286, 1.        ,
       0.96153846, 1.        , 0.97513812, 0.98780488, 0.        ,
       0.96875   , 0.99159664, 0.99452055, 1.        , 0.95180723]), 'class_mean_width': array([82.60215054, 87.15517241, 85.13636364, 85.125     , 84.31034483,
       82.2987013 , 84.109375  , 81.67592593, 82.01388889, 42.06561086,
       83.04444444, 81.46153846, 87.5       , 86.0295858 , 83.4516129 ,
       84.05769231, 85.28431373, 81.75555556, 84.375     , 87.36054422,
       82.56923077, 84.60377358, 80.4260355 , 83.15686275, 77.38793103,
       84.60869565, 77.95833333, 83.375     , 82.95652174, 81.80769231,
       84.75675676, 84.82352941, 82.57336343, 77.32380952, 86.        ,
       84.19699499, 87.80555556, 86.06896552, 81.86666667, 85.07936508,
       80.20895522, 81.49152542, 82.71794872, 82.73939394, 85.14285714,
       85.40740741, 84.        , 81.50632911, 82.29090909, 87.27586207,
       86.18518519, 86.25285481, 85.95833333, 80.44568245, 83.64285714,
       79.36781609, 85.05936073, 86.76315789, 85.59340659, 80.31578947,
       86.91099476, 85.48529412, 81.35294118, 82.95454545, 77.53271028,
       79.95744681, 83.68045977, 85.71      , 78.05084746, 82.69230769,
       74.28318584, 66.85      , 86.75      , 81.875     , 81.18348624,
       33.44262295, 45.83645443, 20.87058824, 85.47368421, 82.97674419,
       65.90909091, 46.86666667, 82.76086957, 86.        , 79.02614379,
       84.62921348, 85.5920398 , 83.34501348, 84.77142857, 85.55      ,
       80.15384615, 83.21391753, 77.4281768 , 78.87804878, 82.94444444,
       79.9375    , 78.88235294, 86.38630137, 85.59016393, 83.81927711]), 'class_median_width': array([81. , 88. , 88. , 88. , 88. , 88. , 81. , 81. , 88. , 28. , 88. ,
       88. , 88. , 88. , 88. , 88. , 88. , 88. , 88. , 88. , 88. , 88. ,
       81. , 88. , 81. , 88. , 88. , 84.5, 88. , 88. , 88. , 88. , 81. ,
       81. , 88. , 88. , 88. , 88. , 88. , 88. , 81. , 81. , 88. , 88. ,
       88. , 88. , 88. , 81. , 88. , 88. , 88. , 88. , 88. , 81. , 88. ,
       81. , 88. , 88. , 88. , 88. , 88. , 88. , 88. , 88. , 81. , 81. ,
       88. , 88. , 88. , 81. , 81. , 81. , 88. , 84.5, 81. , 28. , 28. ,
       25. , 88. , 81. , 81. , 28. , 88. , 88. , 81. , 88. , 88. , 81. ,
       88. , 88. , 88. , 81. , 81. , 81. , 81. , 84.5, 88. , 88. , 88. ,
       88. ]), 'class_mean_width_scaled': array([0.82602151, 0.87155172, 0.85136364, 0.85125   , 0.84310345,
       0.82298701, 0.84109375, 0.81675926, 0.82013889, 0.42065611,
       0.83044444, 0.81461538, 0.875     , 0.86029586, 0.83451613,
       0.84057692, 0.85284314, 0.81755556, 0.84375   , 0.87360544,
       0.82569231, 0.84603774, 0.80426036, 0.83156863, 0.77387931,
       0.84608696, 0.77958333, 0.83375   , 0.82956522, 0.81807692,
       0.84756757, 0.84823529, 0.82573363, 0.7732381 , 0.86      ,
       0.84196995, 0.87805556, 0.86068966, 0.81866667, 0.85079365,
       0.80208955, 0.81491525, 0.82717949, 0.82739394, 0.85142857,
       0.85407407, 0.84      , 0.81506329, 0.82290909, 0.87275862,
       0.86185185, 0.86252855, 0.85958333, 0.80445682, 0.83642857,
       0.79367816, 0.85059361, 0.86763158, 0.85593407, 0.80315789,
       0.86910995, 0.85485294, 0.81352941, 0.82954545, 0.7753271 ,
       0.79957447, 0.8368046 , 0.8571    , 0.78050847, 0.82692308,
       0.74283186, 0.6685    , 0.8675    , 0.81875   , 0.81183486,
       0.33442623, 0.45836454, 0.20870588, 0.85473684, 0.82976744,
       0.65909091, 0.46866667, 0.8276087 , 0.86      , 0.79026144,
       0.84629213, 0.8559204 , 0.83345013, 0.84771429, 0.8555    ,
       0.80153846, 0.83213918, 0.77428177, 0.78878049, 0.82944444,
       0.799375  , 0.78882353, 0.86386301, 0.85590164, 0.83819277]), 'class_median_width_scaled': array([0.81 , 0.88 , 0.88 , 0.88 , 0.88 , 0.88 , 0.81 , 0.81 , 0.88 ,
       0.28 , 0.88 , 0.88 , 0.88 , 0.88 , 0.88 , 0.88 , 0.88 , 0.88 ,
       0.88 , 0.88 , 0.88 , 0.88 , 0.81 , 0.88 , 0.81 , 0.88 , 0.88 ,
       0.845, 0.88 , 0.88 , 0.88 , 0.88 , 0.81 , 0.81 , 0.88 , 0.88 ,
       0.88 , 0.88 , 0.88 , 0.88 , 0.81 , 0.81 , 0.88 , 0.88 , 0.88 ,
       0.88 , 0.88 , 0.81 , 0.88 , 0.88 , 0.88 , 0.88 , 0.88 , 0.81 ,
       0.88 , 0.81 , 0.88 , 0.88 , 0.88 , 0.88 , 0.88 , 0.88 , 0.88 ,
       0.88 , 0.81 , 0.81 , 0.88 , 0.88 , 0.88 , 0.81 , 0.81 , 0.81 ,
       0.88 , 0.845, 0.81 , 0.28 , 0.28 , 0.25 , 0.88 , 0.81 , 0.81 ,
       0.28 , 0.88 , 0.88 , 0.81 , 0.88 , 0.88 , 0.81 , 0.88 , 0.88 ,
       0.88 , 0.81 , 0.81 , 0.81 , 0.81 , 0.845, 0.88 , 0.88 , 0.88 ,
       0.88 ])}

split_conformal_naive_AdaBoost full class metrics: {'class_coverage': array([0.98924731, 0.87931034, 0.        , 0.96875   , 0.94252874,
       0.96103896, 0.984375  , 0.99074074, 0.97222222, 0.78054299,
       0.93333333, 0.19230769, 0.92857143, 0.98224852, 0.90322581,
       0.94230769, 0.98039216, 0.91111111, 1.        , 0.95918367,
       0.95384615, 0.98113208, 0.9704142 , 0.96078431, 0.94827586,
       0.97826087, 0.79166667, 0.45833333, 0.60869565, 0.03846154,
       0.97297297, 1.        , 0.99322799, 0.9752381 , 0.98863636,
       0.99833055, 0.97222222, 1.        , 0.94166667, 0.88888889,
       0.94029851, 0.98305085, 0.76923077, 0.98181818, 0.97619048,
       1.        , 0.86842105, 0.92405063, 0.99090909, 0.89655172,
       1.        , 0.98531811, 0.95833333, 0.99442897, 0.97619048,
       0.99616858, 1.        , 0.88157895, 0.97802198, 0.81578947,
       0.94240838, 1.        , 0.85294118, 1.        , 0.65420561,
       0.93617021, 0.97011494, 0.99      , 0.88135593, 0.70769231,
       0.89380531, 0.85      , 0.82142857, 0.5       , 0.99082569,
       0.90983607, 0.98626717, 0.89803922, 0.97368421, 0.13953488,
       0.66666667, 0.65333333, 0.89130435, 1.        , 0.98039216,
       0.96629213, 0.99004975, 0.98921833, 0.95714286, 1.        ,
       0.96153846, 1.        , 0.97513812, 0.98780488, 0.        ,
       0.96875   , 0.99159664, 0.99452055, 1.        , 0.95180723]), 'class_mean_width': array([82.60215054, 87.15517241, 85.13636364, 85.125     , 84.31034483,
       82.2987013 , 84.109375  , 81.67592593, 82.01388889, 42.06561086,
       83.04444444, 81.46153846, 87.5       , 86.0295858 , 83.4516129 ,
       84.05769231, 85.28431373, 81.75555556, 84.375     , 87.36054422,
       82.56923077, 84.60377358, 80.4260355 , 83.15686275, 77.38793103,
       84.60869565, 77.95833333, 83.375     , 82.95652174, 81.80769231,
       84.75675676, 84.82352941, 82.57336343, 77.32380952, 86.        ,
       84.19699499, 87.80555556, 86.06896552, 81.86666667, 85.07936508,
       80.20895522, 81.49152542, 82.71794872, 82.73939394, 85.14285714,
       85.40740741, 84.        , 81.50632911, 82.29090909, 87.27586207,
       86.18518519, 86.25285481, 85.95833333, 80.44568245, 83.64285714,
       79.36781609, 85.05936073, 86.76315789, 85.59340659, 80.31578947,
       86.91099476, 85.48529412, 81.35294118, 82.95454545, 77.53271028,
       79.95744681, 83.68045977, 85.71      , 78.05084746, 82.69230769,
       74.28318584, 66.85      , 86.75      , 81.875     , 81.18348624,
       33.44262295, 45.83645443, 20.87058824, 85.47368421, 82.97674419,
       65.90909091, 46.86666667, 82.76086957, 86.        , 79.02614379,
       84.62921348, 85.5920398 , 83.34501348, 84.77142857, 85.55      ,
       80.15384615, 83.21391753, 77.4281768 , 78.87804878, 82.94444444,
       79.9375    , 78.88235294, 86.38630137, 85.59016393, 83.81927711]), 'class_median_width': array([81. , 88. , 88. , 88. , 88. , 88. , 81. , 81. , 88. , 28. , 88. ,
       88. , 88. , 88. , 88. , 88. , 88. , 88. , 88. , 88. , 88. , 88. ,
       81. , 88. , 81. , 88. , 88. , 84.5, 88. , 88. , 88. , 88. , 81. ,
       81. , 88. , 88. , 88. , 88. , 88. , 88. , 81. , 81. , 88. , 88. ,
       88. , 88. , 88. , 81. , 88. , 88. , 88. , 88. , 88. , 81. , 88. ,
       81. , 88. , 88. , 88. , 88. , 88. , 88. , 88. , 88. , 81. , 81. ,
       88. , 88. , 88. , 81. , 81. , 81. , 88. , 84.5, 81. , 28. , 28. ,
       25. , 88. , 81. , 81. , 28. , 88. , 88. , 81. , 88. , 88. , 81. ,
       88. , 88. , 88. , 81. , 81. , 81. , 81. , 84.5, 88. , 88. , 88. ,
       88. ]), 'class_mean_width_scaled': array([0.82602151, 0.87155172, 0.85136364, 0.85125   , 0.84310345,
       0.82298701, 0.84109375, 0.81675926, 0.82013889, 0.42065611,
       0.83044444, 0.81461538, 0.875     , 0.86029586, 0.83451613,
       0.84057692, 0.85284314, 0.81755556, 0.84375   , 0.87360544,
       0.82569231, 0.84603774, 0.80426036, 0.83156863, 0.77387931,
       0.84608696, 0.77958333, 0.83375   , 0.82956522, 0.81807692,
       0.84756757, 0.84823529, 0.82573363, 0.7732381 , 0.86      ,
       0.84196995, 0.87805556, 0.86068966, 0.81866667, 0.85079365,
       0.80208955, 0.81491525, 0.82717949, 0.82739394, 0.85142857,
       0.85407407, 0.84      , 0.81506329, 0.82290909, 0.87275862,
       0.86185185, 0.86252855, 0.85958333, 0.80445682, 0.83642857,
       0.79367816, 0.85059361, 0.86763158, 0.85593407, 0.80315789,
       0.86910995, 0.85485294, 0.81352941, 0.82954545, 0.7753271 ,
       0.79957447, 0.8368046 , 0.8571    , 0.78050847, 0.82692308,
       0.74283186, 0.6685    , 0.8675    , 0.81875   , 0.81183486,
       0.33442623, 0.45836454, 0.20870588, 0.85473684, 0.82976744,
       0.65909091, 0.46866667, 0.8276087 , 0.86      , 0.79026144,
       0.84629213, 0.8559204 , 0.83345013, 0.84771429, 0.8555    ,
       0.80153846, 0.83213918, 0.77428177, 0.78878049, 0.82944444,
       0.799375  , 0.78882353, 0.86386301, 0.85590164, 0.83819277]), 'class_median_width_scaled': array([0.81 , 0.88 , 0.88 , 0.88 , 0.88 , 0.88 , 0.81 , 0.81 , 0.88 ,
       0.28 , 0.88 , 0.88 , 0.88 , 0.88 , 0.88 , 0.88 , 0.88 , 0.88 ,
       0.88 , 0.88 , 0.88 , 0.88 , 0.81 , 0.88 , 0.81 , 0.88 , 0.88 ,
       0.845, 0.88 , 0.88 , 0.88 , 0.88 , 0.81 , 0.81 , 0.88 , 0.88 ,
       0.88 , 0.88 , 0.88 , 0.88 , 0.81 , 0.81 , 0.88 , 0.88 , 0.88 ,
       0.88 , 0.88 , 0.81 , 0.88 , 0.88 , 0.88 , 0.88 , 0.88 , 0.81 ,
       0.88 , 0.81 , 0.88 , 0.88 , 0.88 , 0.88 , 0.88 , 0.88 , 0.88 ,
       0.88 , 0.81 , 0.81 , 0.88 , 0.88 , 0.88 , 0.81 , 0.81 , 0.81 ,
       0.88 , 0.845, 0.81 , 0.28 , 0.28 , 0.25 , 0.88 , 0.81 , 0.81 ,
       0.28 , 0.88 , 0.88 , 0.81 , 0.88 , 0.88 , 0.81 , 0.88 , 0.88 ,
       0.88 , 0.81 , 0.81 , 0.81 , 0.81 , 0.845, 0.88 , 0.88 , 0.88 ,
       0.88 ])}

Job completed at Wed Mar 19 06:25:53 PM PDT 2025
