Starting job at Thu Mar 20 05:03:07 PM PDT 2025
Job parameters:
Dataset: data_yeast
UQ Method: split_conformal_aps
Estimator: LogisticRegression
Seed: 783
Train Size: 0.8
Running split_conformal_aps on data_yeast with seed 783 and train size 0.8

starting experiment

data created

Fitting split_conformal_aps_LogisticRegression on data_yeast with seed 783

split_conformal_aps_LogisticRegression metrics: {'coverage': np.float64(0.898989898989899), 'mean_width': np.float64(3.1313131313131315), 'median_width': np.float64(3.0), 'mean_width_scaled': np.float64(0.31313131313131315), 'median_width_scaled': np.float64(0.3)}

split_conformal_aps_LogisticRegression full metrics: {'coverage': np.float64(0.898989898989899), 'mean_width': np.float64(3.1313131313131315), 'median_width': np.float64(3.0), 'mean_width_scaled': np.float64(0.31313131313131315), 'median_width_scaled': np.float64(0.3)}

split_conformal_aps_LogisticRegression class metrics: {'class_coverage': array([0.97849462, 0.        , 0.57142857, 1.        , 0.7       ,
       1.        , 0.81632653, 0.96511628, 0.25      , 0.        ]), 'class_mean_width': array([3.03225806, 6.        , 5.28571429, 5.33333333, 4.9       ,
       3.28125   , 3.14285714, 2.47674419, 4.25      , 3.16666667]), 'class_median_width': array([3., 6., 5., 5., 5., 3., 3., 2., 4., 3.]), 'class_mean_width_scaled': array([0.30322581, 0.6       , 0.52857143, 0.53333333, 0.49      ,
       0.328125  , 0.31428571, 0.24767442, 0.425     , 0.31666667]), 'class_median_width_scaled': array([0.3, 0.6, 0.5, 0.5, 0.5, 0.3, 0.3, 0.2, 0.4, 0.3])}

split_conformal_aps_LogisticRegression full class metrics: {'class_coverage': array([0.97849462, 0.        , 0.57142857, 1.        , 0.7       ,
       1.        , 0.81632653, 0.96511628, 0.25      , 0.        ]), 'class_mean_width': array([3.03225806, 6.        , 5.28571429, 5.33333333, 4.9       ,
       3.28125   , 3.14285714, 2.47674419, 4.25      , 3.16666667]), 'class_median_width': array([3., 6., 5., 5., 5., 3., 3., 2., 4., 3.]), 'class_mean_width_scaled': array([0.30322581, 0.6       , 0.52857143, 0.53333333, 0.49      ,
       0.328125  , 0.31428571, 0.24767442, 0.425     , 0.31666667]), 'class_median_width_scaled': array([0.3, 0.6, 0.5, 0.5, 0.5, 0.3, 0.3, 0.2, 0.4, 0.3])}

Job completed at Thu Mar 20 05:03:09 PM PDT 2025
