Starting job at Wed Mar 19 06:28:26 PM PDT 2025
Job parameters:
Dataset: data_dionis
UQ Method: split_conformal_lac
Estimator: ExtraTrees
Seed: 780
Train Size: 0.8
Running split_conformal_lac on data_dionis with seed 780 and train size 0.8

starting experiment

data created

Fitting split_conformal_lac_ExtraTrees on data_dionis with seed 780

split_conformal_lac_ExtraTrees metrics: {'coverage': np.float64(0.8981666666666667), 'mean_width': np.float64(14.71), 'median_width': np.float64(15.0), 'mean_width_scaled': np.float64(0.041436619718309864), 'median_width_scaled': np.float64(0.04225352112676056)}

split_conformal_lac_ExtraTrees full metrics: {'coverage': np.float64(0.8981666666666667), 'mean_width': np.float64(14.71), 'median_width': np.float64(15.0), 'mean_width_scaled': np.float64(0.041436619718309864), 'median_width_scaled': np.float64(0.04225352112676056)}

split_conformal_lac_ExtraTrees class metrics: {'class_coverage': array([1.        , 0.9375    , 0.86666667, 1.        , 0.92857143,
       0.73333333, 0.94444444, 0.66666667, 0.66666667, 0.83333333,
       0.88888889, 0.93333333, 0.72222222, 0.93333333, 1.        ,
       0.95      , 0.85      , 0.94736842, 1.        , 0.66666667,
       0.86666667, 0.91666667, 0.9375    , 0.89473684, 0.9375    ,
       0.97222222, 0.92857143, 1.        , 1.        , 0.94444444,
       1.        , 1.        , 1.        , 0.86666667, 0.86666667,
       1.        , 1.        , 0.73333333, 0.92857143, 1.        ,
       0.875     , 0.8125    , 1.        , 0.86666667, 0.8       ,
       1.        , 0.94444444, 1.        , 0.84210526, 1.        ,
       0.8       , 0.76470588, 0.94117647, 0.94444444, 0.94736842,
       0.73333333, 1.        , 0.86666667, 0.71428571, 0.8       ,
       0.94117647, 1.        , 0.89473684, 0.92857143, 0.53333333,
       0.88235294, 0.94444444, 0.94117647, 1.        , 0.71428571,
       0.71428571, 1.        , 0.9375    , 0.86666667, 1.        ,
       0.73333333, 0.875     , 0.94736842, 0.93333333, 0.9375    ,
       0.94736842, 0.95238095, 0.88235294, 0.94117647, 0.875     ,
       1.        , 1.        , 0.93333333, 0.71428571, 0.5625    ,
       0.86666667, 0.9375    , 0.88235294, 0.73333333, 0.875     ,
       1.        , 0.88235294, 1.        , 0.96153846, 0.63157895,
       0.9375    , 0.66666667, 0.8       , 0.75      , 0.82352941,
       0.86666667, 0.86666667, 1.        , 0.78571429, 0.9       ,
       0.86666667, 1.        , 0.78571429, 0.86666667, 0.8       ,
       0.9375    , 1.        , 0.9375    , 0.8       , 0.86666667,
       1.        , 0.9375    , 1.        , 1.        , 1.        ,
       0.73684211, 0.85714286, 0.94117647, 0.9375    , 0.94117647,
       0.9       , 0.85714286, 0.86666667, 0.78571429, 0.93333333,
       0.86666667, 1.        , 0.94444444, 0.86666667, 1.        ,
       0.93333333, 1.        , 0.86666667, 0.93333333, 1.        ,
       0.94736842, 0.8       , 0.93333333, 0.71428571, 0.875     ,
       0.94444444, 1.        , 1.        , 0.8125    , 0.88235294,
       0.77777778, 1.        , 0.95      , 1.        , 0.86666667,
       0.875     , 0.94736842, 0.71428571, 1.        , 0.8       ,
       0.89473684, 1.        , 0.88235294, 1.        , 1.        ,
       1.        , 1.        , 0.69565217, 1.        , 0.75      ,
       0.93333333, 0.86666667, 0.875     , 0.93333333, 1.        ,
       1.        , 0.875     , 1.        , 0.86666667, 0.93333333,
       1.        , 0.9375    , 0.875     , 1.        , 0.94444444,
       0.94117647, 1.        , 1.        , 0.93333333, 0.9       ,
       1.        , 0.52941176, 1.        , 0.8       , 1.        ,
       0.6       , 0.86666667, 0.75      , 0.9375    , 0.71428571,
       0.94736842, 1.        , 1.        , 1.        , 0.53333333,
       1.        , 0.875     , 0.85      , 0.8       , 0.9375    ,
       0.73684211, 1.        , 0.8       , 0.875     , 0.9       ,
       1.        , 1.        , 0.875     , 1.        , 0.84615385,
       0.73333333, 0.93333333, 0.92857143, 0.8       , 1.        ,
       0.80952381, 1.        , 0.78571429, 0.94117647, 0.94117647,
       0.93333333, 1.        , 0.9375    , 0.93333333, 0.93333333,
       1.        , 1.        , 0.94444444, 0.95      , 1.        ,
       0.75      , 1.        , 0.625     , 0.9375    , 0.95454545,
       0.625     , 0.71428571, 0.92857143, 1.        , 0.84      ,
       0.66666667, 0.94444444, 0.68421053, 0.80952381, 0.9       ,
       0.9       , 0.8125    , 1.        , 0.86666667, 1.        ,
       1.        , 0.88235294, 1.        , 0.96296296, 0.78571429,
       0.8       , 1.        , 0.8       , 0.93333333, 1.        ,
       1.        , 1.        , 0.6875    , 1.        , 1.        ,
       0.93333333, 0.75      , 0.73333333, 1.        , 1.        ,
       1.        , 0.88235294, 0.86666667, 0.95652174, 0.9375    ,
       1.        , 1.        , 1.        , 1.        , 0.875     ,
       0.92857143, 1.        , 0.83333333, 0.6875    , 1.        ,
       0.92857143, 0.93333333, 0.93333333, 0.92857143, 0.8       ,
       1.        , 0.8125    , 0.86666667, 1.        , 0.88888889,
       0.94444444, 0.86666667, 0.71428571, 0.91304348, 0.85      ,
       0.86363636, 0.89473684, 0.64285714, 1.        , 0.85      ,
       1.        , 0.9375    , 1.        , 0.875     , 0.5       ,
       0.8       , 0.6       , 0.9375    , 1.        , 0.88888889,
       0.86666667, 0.94444444, 0.875     , 0.8       , 1.        ,
       0.81818182, 1.        , 0.86666667, 0.70588235, 1.        ,
       0.95652174, 0.75      , 0.8       , 1.        , 0.8       ,
       1.        , 1.        , 0.73333333, 0.86666667, 0.76923077,
       0.92857143, 0.88235294, 0.94736842, 0.94736842, 0.66666667]), 'class_mean_width': array([14.60714286, 16.75      , 14.93333333, 11.15      , 14.85714286,
       18.        , 13.83333333, 17.        , 18.26666667, 15.44444444,
       13.72222222, 15.4       , 14.16666667, 12.4       , 11.66666667,
       10.05      , 15.55      , 14.68421053, 19.21428571, 17.06666667,
       13.86666667, 17.70833333, 10.0625    , 12.84210526, 16.9375    ,
        9.05555556, 12.28571429, 15.        , 16.38461538, 16.11111111,
       13.        , 12.93333333, 14.47058824, 15.33333333, 15.        ,
       15.5625    , 12.78571429, 19.        , 15.78571429, 11.5       ,
       15.        , 18.3125    , 11.        , 15.2       , 18.2       ,
       16.        , 13.55555556, 11.55555556, 15.84210526, 12.75      ,
       16.26666667, 17.11764706, 16.17647059, 16.44444444, 16.89473684,
       17.2       , 15.06666667, 15.13333333, 18.42857143, 14.93333333,
       14.29411765, 14.125     , 12.47368421, 11.57142857, 17.        ,
       10.70588235, 14.44444444, 16.35294118, 13.73684211, 17.28571429,
       18.21428571, 11.76190476, 17.3125    , 15.        , 14.86666667,
       18.2       , 14.625     , 14.42105263, 17.4       , 13.9375    ,
       13.42105263, 17.0952381 , 15.35294118, 10.52941176, 15.4375    ,
        7.64285714, 12.84210526, 14.26666667, 17.14285714, 17.        ,
       13.33333333, 12.375     , 12.11764706, 12.4       , 16.        ,
       10.21052632, 13.94117647, 16.33333333, 16.80769231, 16.94736842,
       12.3125    , 18.86666667, 14.13333333, 15.3125    , 16.41176471,
       17.66666667, 17.73333333, 13.3125    , 14.71428571, 15.7       ,
       17.33333333, 18.53333333, 16.85714286, 16.53333333, 17.46666667,
       13.375     , 15.5       , 15.1875    , 17.53333333, 14.46666667,
        9.10526316, 15.5       ,  9.6       , 15.11111111, 11.4375    ,
       17.57894737, 16.07142857, 16.70588235, 12.75      , 13.        ,
       14.8       , 14.14285714, 16.66666667, 17.5       , 11.73333333,
       18.53333333, 17.2       , 14.38888889, 16.6       , 14.        ,
       18.13333333, 13.53333333, 16.13333333, 16.06666667, 10.69565217,
       18.73684211, 15.06666667, 14.26666667, 16.35714286, 15.4375    ,
       14.33333333, 16.72222222, 16.11764706, 16.4375    , 18.23529412,
       17.44444444,  9.81818182, 16.        , 13.33333333, 16.13333333,
       16.5625    , 14.52631579, 16.        , 14.6       , 16.53333333,
       15.47368421, 15.93333333, 17.82352941, 13.4       , 14.5       ,
       11.17647059, 12.375     , 15.56521739, 14.33333333, 16.6875    ,
       13.6       , 14.73333333, 18.5625    , 15.93333333, 13.13333333,
       11.94117647, 15.5       , 11.8125    , 17.33333333, 17.26666667,
       10.93333333, 18.8125    , 17.1875    , 15.625     , 12.05555556,
       14.70588235, 14.73333333, 17.26666667, 16.13333333, 13.45      ,
       12.11764706, 15.23529412, 16.53333333, 18.73333333, 15.55555556,
       17.53333333, 14.86666667, 10.5       , 15.875     , 16.        ,
       13.63157895, 10.45454545, 13.13333333, 11.9047619 , 16.2       ,
       13.35714286, 16.6875    , 17.6       , 11.73333333,  9.9375    ,
       15.15789474, 15.75      , 17.06666667, 11.75      , 16.85      ,
       12.29411765, 12.3125    , 17.125     , 13.3125    , 12.46153846,
       13.        , 16.46666667, 16.71428571, 14.86666667, 15.9375    ,
       15.80952381, 14.33333333, 14.92857143, 15.47058824, 13.52941176,
       13.        , 14.6875    , 15.25      , 16.66666667, 16.2       ,
       13.93333333, 12.54545455, 12.11111111, 15.9       , 12.10714286,
       17.25      , 14.57142857, 14.75      , 14.625     , 12.40909091,
       19.0625    , 15.64285714, 16.35714286, 12.72222222, 17.32      ,
       14.86666667, 12.83333333, 19.10526316, 16.19047619, 12.4       ,
       10.55      , 16.375     , 11.4       , 15.93333333,  9.26666667,
       12.9375    , 13.41176471, 14.2       , 10.88888889, 15.78571429,
       15.93333333, 14.41176471, 14.        , 17.06666667, 12.28571429,
       14.875     , 13.94444444, 14.625     , 16.46153846, 11.8       ,
       12.33333333, 13.15      , 17.4       , 14.7826087 , 18.6       ,
       12.67647059, 17.05882353, 16.8       , 13.7826087 , 16.3125    ,
       13.55555556, 12.1       , 13.08695652, 11.6875    , 14.8125    ,
       15.71428571, 16.625     , 14.375     , 15.75      , 14.4       ,
       13.64285714, 14.2       , 15.73333333,  9.42857143, 16.66666667,
       11.46666667, 17.5       , 13.46666667, 14.2       , 16.27777778,
       11.        , 11.73333333, 16.35714286, 12.56521739, 16.4       ,
       15.40909091, 17.89473684, 15.78571429, 16.28571429, 14.9       ,
       14.84210526, 16.5625    , 12.5       , 14.875     , 18.14285714,
       16.2       , 15.66666667, 14.375     , 14.66666667, 18.        ,
       13.8       , 16.05555556, 16.125     , 16.6       , 13.29411765,
       16.95454545, 13.        , 12.13333333, 18.35294118, 12.88235294,
       10.04347826, 14.8125    , 16.33333333, 16.0625    , 18.        ,
        9.58823529, 10.9375    , 16.        , 13.93333333, 17.61538462,
       15.92857143, 14.        , 15.        , 16.10526316, 13.72222222]), 'class_median_width': array([15. , 16. , 13. , 10. , 15. , 17. , 13.5, 17. , 19. , 16. , 16.5,
       16. , 13.5, 13. , 12. ,  8.5, 17. , 14. , 21. , 17. , 14. , 17.5,
        8.5, 11. , 17.5,  9. , 11. , 15. , 17. , 16. , 14. , 13. , 13. ,
       15. , 14. , 14.5, 12.5, 19. , 16.5, 10. , 15.5, 18. , 10. , 15. ,
       19. , 16. , 11.5, 11.5, 16. , 11. , 17. , 17. , 17. , 16. , 17. ,
       17. , 16. , 17. , 19.5, 15. , 14. , 14. , 12. , 10. , 18. , 11. ,
       16. , 16. , 13. , 18. , 18. , 12. , 17.5, 15. , 15. , 18. , 15.5,
       15. , 16. , 13.5, 12. , 17. , 15. , 11. , 16.5,  7. , 13. , 13. ,
       18. , 17. , 13. , 13. , 11. , 13. , 17.5, 10. , 14. , 17. , 17. ,
       18. , 12. , 18. , 12. , 15.5, 16. , 17. , 18. , 13.5, 14. , 16. ,
       18. , 18. , 17.5, 16. , 18. , 13. , 15.5, 16. , 18. , 13. ,  8. ,
       15. ,  9. , 15.5, 12. , 18. , 16.5, 16. , 14.5, 13. , 13.5, 15.5,
       18. , 17. , 11. , 18. , 17. , 16. , 17. , 16. , 18. , 14. , 15. ,
       18. , 10. , 18. , 15. , 16. , 16. , 14.5, 13. , 17. , 16. , 18. ,
       19. , 18. ,  9.5, 15.5, 13. , 16. , 16.5, 15. , 16. , 15. , 17. ,
       16. , 15. , 19. , 13. , 15. , 10. , 11. , 16. , 13. , 16. , 14. ,
       15. , 18.5, 16. , 13. , 11. , 16.5, 12. , 18. , 18. , 10. , 18.5,
       17.5, 16. , 13. , 14. , 14. , 17. , 16. , 14. , 11. , 16. , 17. ,
       18. , 16. , 16. , 15. ,  8.5, 16. , 17. , 16. , 10. , 14. , 10. ,
       18. , 12.5, 16.5, 20. , 10. ,  9.5, 17. , 15.5, 18. , 11.5, 17.5,
       12. , 14. , 17. , 12. , 13. , 12. , 17. , 16.5, 15. , 16. , 16. ,
       14. , 16.5, 16. , 14. , 13. , 15. , 14.5, 16. , 15. , 14. , 11.5,
       11.5, 16. , 11. , 18. , 13.5, 16. , 16.5, 13. , 18. , 15.5, 16.5,
       14. , 18. , 16. , 13.5, 19. , 16. , 11.5,  9. , 16. , 12. , 17. ,
        8. , 13. , 13. , 13.5, 10. , 16.5, 16. , 15. , 14. , 17. , 12. ,
       15. , 13.5, 14.5, 17. , 12. , 12. , 12. , 18. , 16. , 18. , 13. ,
       17. , 16. , 14. , 16.5, 13.5, 14. , 12. , 11.5, 16. , 16.5, 16.5,
       13.5, 15. , 14. , 14.5, 13. , 17. ,  8.5, 17. , 11. , 20. , 14. ,
       14. , 16.5, 11.5, 11. , 16. , 13. , 16. , 15.5, 18. , 17.5, 15.5,
       15. , 15. , 17.5, 13. , 15. , 18.5, 17. , 15. , 12.5, 16. , 19. ,
       15. , 16.5, 16.5, 17. , 13. , 17.5, 13. , 12. , 19. , 14. , 12. ,
       15. , 16. , 16. , 18. , 10. ,  9.5, 17. , 13. , 18. , 16. , 14. ,
       16. , 17. , 15. ]), 'class_mean_width_scaled': array([0.04114688, 0.0471831 , 0.04206573, 0.03140845, 0.04185111,
       0.05070423, 0.03896714, 0.04788732, 0.0514554 , 0.04350548,
       0.03865415, 0.04338028, 0.0399061 , 0.03492958, 0.03286385,
       0.02830986, 0.04380282, 0.04136397, 0.05412475, 0.04807512,
       0.03906103, 0.04988263, 0.02834507, 0.03617494, 0.04771127,
       0.02550861, 0.03460765, 0.04225352, 0.04615385, 0.04538341,
       0.03661972, 0.03643192, 0.04076222, 0.04319249, 0.04225352,
       0.04383803, 0.0360161 , 0.05352113, 0.0444668 , 0.03239437,
       0.04225352, 0.05158451, 0.03098592, 0.0428169 , 0.05126761,
       0.04507042, 0.03818466, 0.03255086, 0.04462565, 0.03591549,
       0.0458216 , 0.04821872, 0.04556752, 0.04632238, 0.04759081,
       0.0484507 , 0.04244131, 0.04262911, 0.05191147, 0.04206573,
       0.04026512, 0.03978873, 0.03513714, 0.03259557, 0.04788732,
       0.03015742, 0.04068858, 0.04606462, 0.03869533, 0.04869215,
       0.05130785, 0.03313213, 0.04876761, 0.04225352, 0.04187793,
       0.05126761, 0.04119718, 0.04062268, 0.04901408, 0.03926056,
       0.03780578, 0.0481556 , 0.04324772, 0.02966031, 0.04348592,
       0.02152918, 0.03617494, 0.04018779, 0.04828974, 0.04788732,
       0.03755869, 0.03485915, 0.03413422, 0.03492958, 0.04507042,
       0.02876205, 0.03927092, 0.04600939, 0.04734561, 0.04773907,
       0.0346831 , 0.05314554, 0.03981221, 0.0431338 , 0.04623032,
       0.04976526, 0.04995305, 0.0375    , 0.04144869, 0.04422535,
       0.04882629, 0.05220657, 0.04748491, 0.04657277, 0.04920188,
       0.03767606, 0.04366197, 0.04278169, 0.04938967, 0.04075117,
       0.02564863, 0.04366197, 0.02704225, 0.04256651, 0.03221831,
       0.04951816, 0.04527163, 0.04705882, 0.03591549, 0.03661972,
       0.04169014, 0.03983903, 0.04694836, 0.04929577, 0.03305164,
       0.05220657, 0.0484507 , 0.04053208, 0.04676056, 0.03943662,
       0.05107981, 0.03812207, 0.04544601, 0.04525822, 0.0301286 ,
       0.05277984, 0.04244131, 0.04018779, 0.04607646, 0.04348592,
       0.04037559, 0.04710485, 0.04540182, 0.04630282, 0.05136703,
       0.04913928, 0.02765685, 0.04507042, 0.03755869, 0.04544601,
       0.04665493, 0.0409192 , 0.04507042, 0.04112676, 0.04657277,
       0.04358784, 0.04488263, 0.05020713, 0.03774648, 0.04084507,
       0.03148302, 0.03485915, 0.04384568, 0.04037559, 0.04700704,
       0.03830986, 0.04150235, 0.05228873, 0.04488263, 0.03699531,
       0.03363712, 0.04366197, 0.03327465, 0.04882629, 0.0486385 ,
       0.03079812, 0.05299296, 0.04841549, 0.04401408, 0.03395931,
       0.04142502, 0.04150235, 0.0486385 , 0.04544601, 0.03788732,
       0.03413422, 0.04291632, 0.04657277, 0.05276995, 0.04381847,
       0.04938967, 0.04187793, 0.02957746, 0.04471831, 0.04507042,
       0.03839881, 0.02944942, 0.03699531, 0.03353454, 0.0456338 ,
       0.03762575, 0.04700704, 0.04957746, 0.03305164, 0.02799296,
       0.0426983 , 0.0443662 , 0.04807512, 0.03309859, 0.04746479,
       0.03463132, 0.0346831 , 0.04823944, 0.0375    , 0.03510293,
       0.03661972, 0.04638498, 0.04708249, 0.04187793, 0.04489437,
       0.04453387, 0.04037559, 0.04205231, 0.04357912, 0.03811102,
       0.03661972, 0.04137324, 0.04295775, 0.04694836, 0.0456338 ,
       0.03924883, 0.03533931, 0.03411581, 0.04478873, 0.03410463,
       0.04859155, 0.04104628, 0.0415493 , 0.04119718, 0.03495519,
       0.05369718, 0.04406439, 0.04607646, 0.03583725, 0.04878873,
       0.04187793, 0.03615023, 0.05381764, 0.04560698, 0.03492958,
       0.02971831, 0.04612676, 0.03211268, 0.04488263, 0.02610329,
       0.03644366, 0.03777962, 0.04      , 0.03067293, 0.0444668 ,
       0.04488263, 0.04059652, 0.03943662, 0.04807512, 0.03460765,
       0.04190141, 0.03928013, 0.04119718, 0.04637053, 0.03323944,
       0.03474178, 0.03704225, 0.04901408, 0.04164115, 0.05239437,
       0.03570837, 0.04805302, 0.04732394, 0.03882425, 0.0459507 ,
       0.03818466, 0.03408451, 0.03686467, 0.03292254, 0.04172535,
       0.04426559, 0.04683099, 0.04049296, 0.0443662 , 0.04056338,
       0.03843058, 0.04      , 0.04431925, 0.02655936, 0.04694836,
       0.03230047, 0.04929577, 0.03793427, 0.04      , 0.0458529 ,
       0.03098592, 0.03305164, 0.04607646, 0.03539498, 0.04619718,
       0.04340589, 0.05040771, 0.0444668 , 0.04587525, 0.04197183,
       0.04180875, 0.04665493, 0.03521127, 0.04190141, 0.05110664,
       0.0456338 , 0.04413146, 0.04049296, 0.04131455, 0.05070423,
       0.03887324, 0.04522692, 0.04542254, 0.04676056, 0.03744822,
       0.04775928, 0.03661972, 0.0341784 , 0.05169843, 0.03628832,
       0.02829149, 0.04172535, 0.04600939, 0.04524648, 0.05070423,
       0.02700911, 0.03080986, 0.04507042, 0.03924883, 0.0496208 ,
       0.04486922, 0.03943662, 0.04225352, 0.04536694, 0.03865415]), 'class_median_width_scaled': array([0.04225352, 0.04507042, 0.03661972, 0.02816901, 0.04225352,
       0.04788732, 0.03802817, 0.04788732, 0.05352113, 0.04507042,
       0.04647887, 0.04507042, 0.03802817, 0.03661972, 0.03380282,
       0.02394366, 0.04788732, 0.03943662, 0.05915493, 0.04788732,
       0.03943662, 0.04929577, 0.02394366, 0.03098592, 0.04929577,
       0.02535211, 0.03098592, 0.04225352, 0.04788732, 0.04507042,
       0.03943662, 0.03661972, 0.03661972, 0.04225352, 0.03943662,
       0.04084507, 0.03521127, 0.05352113, 0.04647887, 0.02816901,
       0.04366197, 0.05070423, 0.02816901, 0.04225352, 0.05352113,
       0.04507042, 0.03239437, 0.03239437, 0.04507042, 0.03098592,
       0.04788732, 0.04788732, 0.04788732, 0.04507042, 0.04788732,
       0.04788732, 0.04507042, 0.04788732, 0.05492958, 0.04225352,
       0.03943662, 0.03943662, 0.03380282, 0.02816901, 0.05070423,
       0.03098592, 0.04507042, 0.04507042, 0.03661972, 0.05070423,
       0.05070423, 0.03380282, 0.04929577, 0.04225352, 0.04225352,
       0.05070423, 0.04366197, 0.04225352, 0.04507042, 0.03802817,
       0.03380282, 0.04788732, 0.04225352, 0.03098592, 0.04647887,
       0.01971831, 0.03661972, 0.03661972, 0.05070423, 0.04788732,
       0.03661972, 0.03661972, 0.03098592, 0.03661972, 0.04929577,
       0.02816901, 0.03943662, 0.04788732, 0.04788732, 0.05070423,
       0.03380282, 0.05070423, 0.03380282, 0.04366197, 0.04507042,
       0.04788732, 0.05070423, 0.03802817, 0.03943662, 0.04507042,
       0.05070423, 0.05070423, 0.04929577, 0.04507042, 0.05070423,
       0.03661972, 0.04366197, 0.04507042, 0.05070423, 0.03661972,
       0.02253521, 0.04225352, 0.02535211, 0.04366197, 0.03380282,
       0.05070423, 0.04647887, 0.04507042, 0.04084507, 0.03661972,
       0.03802817, 0.04366197, 0.05070423, 0.04788732, 0.03098592,
       0.05070423, 0.04788732, 0.04507042, 0.04788732, 0.04507042,
       0.05070423, 0.03943662, 0.04225352, 0.05070423, 0.02816901,
       0.05070423, 0.04225352, 0.04507042, 0.04507042, 0.04084507,
       0.03661972, 0.04788732, 0.04507042, 0.05070423, 0.05352113,
       0.05070423, 0.02676056, 0.04366197, 0.03661972, 0.04507042,
       0.04647887, 0.04225352, 0.04507042, 0.04225352, 0.04788732,
       0.04507042, 0.04225352, 0.05352113, 0.03661972, 0.04225352,
       0.02816901, 0.03098592, 0.04507042, 0.03661972, 0.04507042,
       0.03943662, 0.04225352, 0.05211268, 0.04507042, 0.03661972,
       0.03098592, 0.04647887, 0.03380282, 0.05070423, 0.05070423,
       0.02816901, 0.05211268, 0.04929577, 0.04507042, 0.03661972,
       0.03943662, 0.03943662, 0.04788732, 0.04507042, 0.03943662,
       0.03098592, 0.04507042, 0.04788732, 0.05070423, 0.04507042,
       0.04507042, 0.04225352, 0.02394366, 0.04507042, 0.04788732,
       0.04507042, 0.02816901, 0.03943662, 0.02816901, 0.05070423,
       0.03521127, 0.04647887, 0.05633803, 0.02816901, 0.02676056,
       0.04788732, 0.04366197, 0.05070423, 0.03239437, 0.04929577,
       0.03380282, 0.03943662, 0.04788732, 0.03380282, 0.03661972,
       0.03380282, 0.04788732, 0.04647887, 0.04225352, 0.04507042,
       0.04507042, 0.03943662, 0.04647887, 0.04507042, 0.03943662,
       0.03661972, 0.04225352, 0.04084507, 0.04507042, 0.04225352,
       0.03943662, 0.03239437, 0.03239437, 0.04507042, 0.03098592,
       0.05070423, 0.03802817, 0.04507042, 0.04647887, 0.03661972,
       0.05070423, 0.04366197, 0.04647887, 0.03943662, 0.05070423,
       0.04507042, 0.03802817, 0.05352113, 0.04507042, 0.03239437,
       0.02535211, 0.04507042, 0.03380282, 0.04788732, 0.02253521,
       0.03661972, 0.03661972, 0.03802817, 0.02816901, 0.04647887,
       0.04507042, 0.04225352, 0.03943662, 0.04788732, 0.03380282,
       0.04225352, 0.03802817, 0.04084507, 0.04788732, 0.03380282,
       0.03380282, 0.03380282, 0.05070423, 0.04507042, 0.05070423,
       0.03661972, 0.04788732, 0.04507042, 0.03943662, 0.04647887,
       0.03802817, 0.03943662, 0.03380282, 0.03239437, 0.04507042,
       0.04647887, 0.04647887, 0.03802817, 0.04225352, 0.03943662,
       0.04084507, 0.03661972, 0.04788732, 0.02394366, 0.04788732,
       0.03098592, 0.05633803, 0.03943662, 0.03943662, 0.04647887,
       0.03239437, 0.03098592, 0.04507042, 0.03661972, 0.04507042,
       0.04366197, 0.05070423, 0.04929577, 0.04366197, 0.04225352,
       0.04225352, 0.04929577, 0.03661972, 0.04225352, 0.05211268,
       0.04788732, 0.04225352, 0.03521127, 0.04507042, 0.05352113,
       0.04225352, 0.04647887, 0.04647887, 0.04788732, 0.03661972,
       0.04929577, 0.03661972, 0.03380282, 0.05352113, 0.03943662,
       0.03380282, 0.04225352, 0.04507042, 0.04507042, 0.05070423,
       0.02816901, 0.02676056, 0.04788732, 0.03661972, 0.05070423,
       0.04507042, 0.03943662, 0.04507042, 0.04788732, 0.04225352])}

split_conformal_lac_ExtraTrees full class metrics: {'class_coverage': array([1.        , 0.9375    , 0.86666667, 1.        , 0.92857143,
       0.73333333, 0.94444444, 0.66666667, 0.66666667, 0.83333333,
       0.88888889, 0.93333333, 0.72222222, 0.93333333, 1.        ,
       0.95      , 0.85      , 0.94736842, 1.        , 0.66666667,
       0.86666667, 0.91666667, 0.9375    , 0.89473684, 0.9375    ,
       0.97222222, 0.92857143, 1.        , 1.        , 0.94444444,
       1.        , 1.        , 1.        , 0.86666667, 0.86666667,
       1.        , 1.        , 0.73333333, 0.92857143, 1.        ,
       0.875     , 0.8125    , 1.        , 0.86666667, 0.8       ,
       1.        , 0.94444444, 1.        , 0.84210526, 1.        ,
       0.8       , 0.76470588, 0.94117647, 0.94444444, 0.94736842,
       0.73333333, 1.        , 0.86666667, 0.71428571, 0.8       ,
       0.94117647, 1.        , 0.89473684, 0.92857143, 0.53333333,
       0.88235294, 0.94444444, 0.94117647, 1.        , 0.71428571,
       0.71428571, 1.        , 0.9375    , 0.86666667, 1.        ,
       0.73333333, 0.875     , 0.94736842, 0.93333333, 0.9375    ,
       0.94736842, 0.95238095, 0.88235294, 0.94117647, 0.875     ,
       1.        , 1.        , 0.93333333, 0.71428571, 0.5625    ,
       0.86666667, 0.9375    , 0.88235294, 0.73333333, 0.875     ,
       1.        , 0.88235294, 1.        , 0.96153846, 0.63157895,
       0.9375    , 0.66666667, 0.8       , 0.75      , 0.82352941,
       0.86666667, 0.86666667, 1.        , 0.78571429, 0.9       ,
       0.86666667, 1.        , 0.78571429, 0.86666667, 0.8       ,
       0.9375    , 1.        , 0.9375    , 0.8       , 0.86666667,
       1.        , 0.9375    , 1.        , 1.        , 1.        ,
       0.73684211, 0.85714286, 0.94117647, 0.9375    , 0.94117647,
       0.9       , 0.85714286, 0.86666667, 0.78571429, 0.93333333,
       0.86666667, 1.        , 0.94444444, 0.86666667, 1.        ,
       0.93333333, 1.        , 0.86666667, 0.93333333, 1.        ,
       0.94736842, 0.8       , 0.93333333, 0.71428571, 0.875     ,
       0.94444444, 1.        , 1.        , 0.8125    , 0.88235294,
       0.77777778, 1.        , 0.95      , 1.        , 0.86666667,
       0.875     , 0.94736842, 0.71428571, 1.        , 0.8       ,
       0.89473684, 1.        , 0.88235294, 1.        , 1.        ,
       1.        , 1.        , 0.69565217, 1.        , 0.75      ,
       0.93333333, 0.86666667, 0.875     , 0.93333333, 1.        ,
       1.        , 0.875     , 1.        , 0.86666667, 0.93333333,
       1.        , 0.9375    , 0.875     , 1.        , 0.94444444,
       0.94117647, 1.        , 1.        , 0.93333333, 0.9       ,
       1.        , 0.52941176, 1.        , 0.8       , 1.        ,
       0.6       , 0.86666667, 0.75      , 0.9375    , 0.71428571,
       0.94736842, 1.        , 1.        , 1.        , 0.53333333,
       1.        , 0.875     , 0.85      , 0.8       , 0.9375    ,
       0.73684211, 1.        , 0.8       , 0.875     , 0.9       ,
       1.        , 1.        , 0.875     , 1.        , 0.84615385,
       0.73333333, 0.93333333, 0.92857143, 0.8       , 1.        ,
       0.80952381, 1.        , 0.78571429, 0.94117647, 0.94117647,
       0.93333333, 1.        , 0.9375    , 0.93333333, 0.93333333,
       1.        , 1.        , 0.94444444, 0.95      , 1.        ,
       0.75      , 1.        , 0.625     , 0.9375    , 0.95454545,
       0.625     , 0.71428571, 0.92857143, 1.        , 0.84      ,
       0.66666667, 0.94444444, 0.68421053, 0.80952381, 0.9       ,
       0.9       , 0.8125    , 1.        , 0.86666667, 1.        ,
       1.        , 0.88235294, 1.        , 0.96296296, 0.78571429,
       0.8       , 1.        , 0.8       , 0.93333333, 1.        ,
       1.        , 1.        , 0.6875    , 1.        , 1.        ,
       0.93333333, 0.75      , 0.73333333, 1.        , 1.        ,
       1.        , 0.88235294, 0.86666667, 0.95652174, 0.9375    ,
       1.        , 1.        , 1.        , 1.        , 0.875     ,
       0.92857143, 1.        , 0.83333333, 0.6875    , 1.        ,
       0.92857143, 0.93333333, 0.93333333, 0.92857143, 0.8       ,
       1.        , 0.8125    , 0.86666667, 1.        , 0.88888889,
       0.94444444, 0.86666667, 0.71428571, 0.91304348, 0.85      ,
       0.86363636, 0.89473684, 0.64285714, 1.        , 0.85      ,
       1.        , 0.9375    , 1.        , 0.875     , 0.5       ,
       0.8       , 0.6       , 0.9375    , 1.        , 0.88888889,
       0.86666667, 0.94444444, 0.875     , 0.8       , 1.        ,
       0.81818182, 1.        , 0.86666667, 0.70588235, 1.        ,
       0.95652174, 0.75      , 0.8       , 1.        , 0.8       ,
       1.        , 1.        , 0.73333333, 0.86666667, 0.76923077,
       0.92857143, 0.88235294, 0.94736842, 0.94736842, 0.66666667]), 'class_mean_width': array([14.60714286, 16.75      , 14.93333333, 11.15      , 14.85714286,
       18.        , 13.83333333, 17.        , 18.26666667, 15.44444444,
       13.72222222, 15.4       , 14.16666667, 12.4       , 11.66666667,
       10.05      , 15.55      , 14.68421053, 19.21428571, 17.06666667,
       13.86666667, 17.70833333, 10.0625    , 12.84210526, 16.9375    ,
        9.05555556, 12.28571429, 15.        , 16.38461538, 16.11111111,
       13.        , 12.93333333, 14.47058824, 15.33333333, 15.        ,
       15.5625    , 12.78571429, 19.        , 15.78571429, 11.5       ,
       15.        , 18.3125    , 11.        , 15.2       , 18.2       ,
       16.        , 13.55555556, 11.55555556, 15.84210526, 12.75      ,
       16.26666667, 17.11764706, 16.17647059, 16.44444444, 16.89473684,
       17.2       , 15.06666667, 15.13333333, 18.42857143, 14.93333333,
       14.29411765, 14.125     , 12.47368421, 11.57142857, 17.        ,
       10.70588235, 14.44444444, 16.35294118, 13.73684211, 17.28571429,
       18.21428571, 11.76190476, 17.3125    , 15.        , 14.86666667,
       18.2       , 14.625     , 14.42105263, 17.4       , 13.9375    ,
       13.42105263, 17.0952381 , 15.35294118, 10.52941176, 15.4375    ,
        7.64285714, 12.84210526, 14.26666667, 17.14285714, 17.        ,
       13.33333333, 12.375     , 12.11764706, 12.4       , 16.        ,
       10.21052632, 13.94117647, 16.33333333, 16.80769231, 16.94736842,
       12.3125    , 18.86666667, 14.13333333, 15.3125    , 16.41176471,
       17.66666667, 17.73333333, 13.3125    , 14.71428571, 15.7       ,
       17.33333333, 18.53333333, 16.85714286, 16.53333333, 17.46666667,
       13.375     , 15.5       , 15.1875    , 17.53333333, 14.46666667,
        9.10526316, 15.5       ,  9.6       , 15.11111111, 11.4375    ,
       17.57894737, 16.07142857, 16.70588235, 12.75      , 13.        ,
       14.8       , 14.14285714, 16.66666667, 17.5       , 11.73333333,
       18.53333333, 17.2       , 14.38888889, 16.6       , 14.        ,
       18.13333333, 13.53333333, 16.13333333, 16.06666667, 10.69565217,
       18.73684211, 15.06666667, 14.26666667, 16.35714286, 15.4375    ,
       14.33333333, 16.72222222, 16.11764706, 16.4375    , 18.23529412,
       17.44444444,  9.81818182, 16.        , 13.33333333, 16.13333333,
       16.5625    , 14.52631579, 16.        , 14.6       , 16.53333333,
       15.47368421, 15.93333333, 17.82352941, 13.4       , 14.5       ,
       11.17647059, 12.375     , 15.56521739, 14.33333333, 16.6875    ,
       13.6       , 14.73333333, 18.5625    , 15.93333333, 13.13333333,
       11.94117647, 15.5       , 11.8125    , 17.33333333, 17.26666667,
       10.93333333, 18.8125    , 17.1875    , 15.625     , 12.05555556,
       14.70588235, 14.73333333, 17.26666667, 16.13333333, 13.45      ,
       12.11764706, 15.23529412, 16.53333333, 18.73333333, 15.55555556,
       17.53333333, 14.86666667, 10.5       , 15.875     , 16.        ,
       13.63157895, 10.45454545, 13.13333333, 11.9047619 , 16.2       ,
       13.35714286, 16.6875    , 17.6       , 11.73333333,  9.9375    ,
       15.15789474, 15.75      , 17.06666667, 11.75      , 16.85      ,
       12.29411765, 12.3125    , 17.125     , 13.3125    , 12.46153846,
       13.        , 16.46666667, 16.71428571, 14.86666667, 15.9375    ,
       15.80952381, 14.33333333, 14.92857143, 15.47058824, 13.52941176,
       13.        , 14.6875    , 15.25      , 16.66666667, 16.2       ,
       13.93333333, 12.54545455, 12.11111111, 15.9       , 12.10714286,
       17.25      , 14.57142857, 14.75      , 14.625     , 12.40909091,
       19.0625    , 15.64285714, 16.35714286, 12.72222222, 17.32      ,
       14.86666667, 12.83333333, 19.10526316, 16.19047619, 12.4       ,
       10.55      , 16.375     , 11.4       , 15.93333333,  9.26666667,
       12.9375    , 13.41176471, 14.2       , 10.88888889, 15.78571429,
       15.93333333, 14.41176471, 14.        , 17.06666667, 12.28571429,
       14.875     , 13.94444444, 14.625     , 16.46153846, 11.8       ,
       12.33333333, 13.15      , 17.4       , 14.7826087 , 18.6       ,
       12.67647059, 17.05882353, 16.8       , 13.7826087 , 16.3125    ,
       13.55555556, 12.1       , 13.08695652, 11.6875    , 14.8125    ,
       15.71428571, 16.625     , 14.375     , 15.75      , 14.4       ,
       13.64285714, 14.2       , 15.73333333,  9.42857143, 16.66666667,
       11.46666667, 17.5       , 13.46666667, 14.2       , 16.27777778,
       11.        , 11.73333333, 16.35714286, 12.56521739, 16.4       ,
       15.40909091, 17.89473684, 15.78571429, 16.28571429, 14.9       ,
       14.84210526, 16.5625    , 12.5       , 14.875     , 18.14285714,
       16.2       , 15.66666667, 14.375     , 14.66666667, 18.        ,
       13.8       , 16.05555556, 16.125     , 16.6       , 13.29411765,
       16.95454545, 13.        , 12.13333333, 18.35294118, 12.88235294,
       10.04347826, 14.8125    , 16.33333333, 16.0625    , 18.        ,
        9.58823529, 10.9375    , 16.        , 13.93333333, 17.61538462,
       15.92857143, 14.        , 15.        , 16.10526316, 13.72222222]), 'class_median_width': array([15. , 16. , 13. , 10. , 15. , 17. , 13.5, 17. , 19. , 16. , 16.5,
       16. , 13.5, 13. , 12. ,  8.5, 17. , 14. , 21. , 17. , 14. , 17.5,
        8.5, 11. , 17.5,  9. , 11. , 15. , 17. , 16. , 14. , 13. , 13. ,
       15. , 14. , 14.5, 12.5, 19. , 16.5, 10. , 15.5, 18. , 10. , 15. ,
       19. , 16. , 11.5, 11.5, 16. , 11. , 17. , 17. , 17. , 16. , 17. ,
       17. , 16. , 17. , 19.5, 15. , 14. , 14. , 12. , 10. , 18. , 11. ,
       16. , 16. , 13. , 18. , 18. , 12. , 17.5, 15. , 15. , 18. , 15.5,
       15. , 16. , 13.5, 12. , 17. , 15. , 11. , 16.5,  7. , 13. , 13. ,
       18. , 17. , 13. , 13. , 11. , 13. , 17.5, 10. , 14. , 17. , 17. ,
       18. , 12. , 18. , 12. , 15.5, 16. , 17. , 18. , 13.5, 14. , 16. ,
       18. , 18. , 17.5, 16. , 18. , 13. , 15.5, 16. , 18. , 13. ,  8. ,
       15. ,  9. , 15.5, 12. , 18. , 16.5, 16. , 14.5, 13. , 13.5, 15.5,
       18. , 17. , 11. , 18. , 17. , 16. , 17. , 16. , 18. , 14. , 15. ,
       18. , 10. , 18. , 15. , 16. , 16. , 14.5, 13. , 17. , 16. , 18. ,
       19. , 18. ,  9.5, 15.5, 13. , 16. , 16.5, 15. , 16. , 15. , 17. ,
       16. , 15. , 19. , 13. , 15. , 10. , 11. , 16. , 13. , 16. , 14. ,
       15. , 18.5, 16. , 13. , 11. , 16.5, 12. , 18. , 18. , 10. , 18.5,
       17.5, 16. , 13. , 14. , 14. , 17. , 16. , 14. , 11. , 16. , 17. ,
       18. , 16. , 16. , 15. ,  8.5, 16. , 17. , 16. , 10. , 14. , 10. ,
       18. , 12.5, 16.5, 20. , 10. ,  9.5, 17. , 15.5, 18. , 11.5, 17.5,
       12. , 14. , 17. , 12. , 13. , 12. , 17. , 16.5, 15. , 16. , 16. ,
       14. , 16.5, 16. , 14. , 13. , 15. , 14.5, 16. , 15. , 14. , 11.5,
       11.5, 16. , 11. , 18. , 13.5, 16. , 16.5, 13. , 18. , 15.5, 16.5,
       14. , 18. , 16. , 13.5, 19. , 16. , 11.5,  9. , 16. , 12. , 17. ,
        8. , 13. , 13. , 13.5, 10. , 16.5, 16. , 15. , 14. , 17. , 12. ,
       15. , 13.5, 14.5, 17. , 12. , 12. , 12. , 18. , 16. , 18. , 13. ,
       17. , 16. , 14. , 16.5, 13.5, 14. , 12. , 11.5, 16. , 16.5, 16.5,
       13.5, 15. , 14. , 14.5, 13. , 17. ,  8.5, 17. , 11. , 20. , 14. ,
       14. , 16.5, 11.5, 11. , 16. , 13. , 16. , 15.5, 18. , 17.5, 15.5,
       15. , 15. , 17.5, 13. , 15. , 18.5, 17. , 15. , 12.5, 16. , 19. ,
       15. , 16.5, 16.5, 17. , 13. , 17.5, 13. , 12. , 19. , 14. , 12. ,
       15. , 16. , 16. , 18. , 10. ,  9.5, 17. , 13. , 18. , 16. , 14. ,
       16. , 17. , 15. ]), 'class_mean_width_scaled': array([0.04114688, 0.0471831 , 0.04206573, 0.03140845, 0.04185111,
       0.05070423, 0.03896714, 0.04788732, 0.0514554 , 0.04350548,
       0.03865415, 0.04338028, 0.0399061 , 0.03492958, 0.03286385,
       0.02830986, 0.04380282, 0.04136397, 0.05412475, 0.04807512,
       0.03906103, 0.04988263, 0.02834507, 0.03617494, 0.04771127,
       0.02550861, 0.03460765, 0.04225352, 0.04615385, 0.04538341,
       0.03661972, 0.03643192, 0.04076222, 0.04319249, 0.04225352,
       0.04383803, 0.0360161 , 0.05352113, 0.0444668 , 0.03239437,
       0.04225352, 0.05158451, 0.03098592, 0.0428169 , 0.05126761,
       0.04507042, 0.03818466, 0.03255086, 0.04462565, 0.03591549,
       0.0458216 , 0.04821872, 0.04556752, 0.04632238, 0.04759081,
       0.0484507 , 0.04244131, 0.04262911, 0.05191147, 0.04206573,
       0.04026512, 0.03978873, 0.03513714, 0.03259557, 0.04788732,
       0.03015742, 0.04068858, 0.04606462, 0.03869533, 0.04869215,
       0.05130785, 0.03313213, 0.04876761, 0.04225352, 0.04187793,
       0.05126761, 0.04119718, 0.04062268, 0.04901408, 0.03926056,
       0.03780578, 0.0481556 , 0.04324772, 0.02966031, 0.04348592,
       0.02152918, 0.03617494, 0.04018779, 0.04828974, 0.04788732,
       0.03755869, 0.03485915, 0.03413422, 0.03492958, 0.04507042,
       0.02876205, 0.03927092, 0.04600939, 0.04734561, 0.04773907,
       0.0346831 , 0.05314554, 0.03981221, 0.0431338 , 0.04623032,
       0.04976526, 0.04995305, 0.0375    , 0.04144869, 0.04422535,
       0.04882629, 0.05220657, 0.04748491, 0.04657277, 0.04920188,
       0.03767606, 0.04366197, 0.04278169, 0.04938967, 0.04075117,
       0.02564863, 0.04366197, 0.02704225, 0.04256651, 0.03221831,
       0.04951816, 0.04527163, 0.04705882, 0.03591549, 0.03661972,
       0.04169014, 0.03983903, 0.04694836, 0.04929577, 0.03305164,
       0.05220657, 0.0484507 , 0.04053208, 0.04676056, 0.03943662,
       0.05107981, 0.03812207, 0.04544601, 0.04525822, 0.0301286 ,
       0.05277984, 0.04244131, 0.04018779, 0.04607646, 0.04348592,
       0.04037559, 0.04710485, 0.04540182, 0.04630282, 0.05136703,
       0.04913928, 0.02765685, 0.04507042, 0.03755869, 0.04544601,
       0.04665493, 0.0409192 , 0.04507042, 0.04112676, 0.04657277,
       0.04358784, 0.04488263, 0.05020713, 0.03774648, 0.04084507,
       0.03148302, 0.03485915, 0.04384568, 0.04037559, 0.04700704,
       0.03830986, 0.04150235, 0.05228873, 0.04488263, 0.03699531,
       0.03363712, 0.04366197, 0.03327465, 0.04882629, 0.0486385 ,
       0.03079812, 0.05299296, 0.04841549, 0.04401408, 0.03395931,
       0.04142502, 0.04150235, 0.0486385 , 0.04544601, 0.03788732,
       0.03413422, 0.04291632, 0.04657277, 0.05276995, 0.04381847,
       0.04938967, 0.04187793, 0.02957746, 0.04471831, 0.04507042,
       0.03839881, 0.02944942, 0.03699531, 0.03353454, 0.0456338 ,
       0.03762575, 0.04700704, 0.04957746, 0.03305164, 0.02799296,
       0.0426983 , 0.0443662 , 0.04807512, 0.03309859, 0.04746479,
       0.03463132, 0.0346831 , 0.04823944, 0.0375    , 0.03510293,
       0.03661972, 0.04638498, 0.04708249, 0.04187793, 0.04489437,
       0.04453387, 0.04037559, 0.04205231, 0.04357912, 0.03811102,
       0.03661972, 0.04137324, 0.04295775, 0.04694836, 0.0456338 ,
       0.03924883, 0.03533931, 0.03411581, 0.04478873, 0.03410463,
       0.04859155, 0.04104628, 0.0415493 , 0.04119718, 0.03495519,
       0.05369718, 0.04406439, 0.04607646, 0.03583725, 0.04878873,
       0.04187793, 0.03615023, 0.05381764, 0.04560698, 0.03492958,
       0.02971831, 0.04612676, 0.03211268, 0.04488263, 0.02610329,
       0.03644366, 0.03777962, 0.04      , 0.03067293, 0.0444668 ,
       0.04488263, 0.04059652, 0.03943662, 0.04807512, 0.03460765,
       0.04190141, 0.03928013, 0.04119718, 0.04637053, 0.03323944,
       0.03474178, 0.03704225, 0.04901408, 0.04164115, 0.05239437,
       0.03570837, 0.04805302, 0.04732394, 0.03882425, 0.0459507 ,
       0.03818466, 0.03408451, 0.03686467, 0.03292254, 0.04172535,
       0.04426559, 0.04683099, 0.04049296, 0.0443662 , 0.04056338,
       0.03843058, 0.04      , 0.04431925, 0.02655936, 0.04694836,
       0.03230047, 0.04929577, 0.03793427, 0.04      , 0.0458529 ,
       0.03098592, 0.03305164, 0.04607646, 0.03539498, 0.04619718,
       0.04340589, 0.05040771, 0.0444668 , 0.04587525, 0.04197183,
       0.04180875, 0.04665493, 0.03521127, 0.04190141, 0.05110664,
       0.0456338 , 0.04413146, 0.04049296, 0.04131455, 0.05070423,
       0.03887324, 0.04522692, 0.04542254, 0.04676056, 0.03744822,
       0.04775928, 0.03661972, 0.0341784 , 0.05169843, 0.03628832,
       0.02829149, 0.04172535, 0.04600939, 0.04524648, 0.05070423,
       0.02700911, 0.03080986, 0.04507042, 0.03924883, 0.0496208 ,
       0.04486922, 0.03943662, 0.04225352, 0.04536694, 0.03865415]), 'class_median_width_scaled': array([0.04225352, 0.04507042, 0.03661972, 0.02816901, 0.04225352,
       0.04788732, 0.03802817, 0.04788732, 0.05352113, 0.04507042,
       0.04647887, 0.04507042, 0.03802817, 0.03661972, 0.03380282,
       0.02394366, 0.04788732, 0.03943662, 0.05915493, 0.04788732,
       0.03943662, 0.04929577, 0.02394366, 0.03098592, 0.04929577,
       0.02535211, 0.03098592, 0.04225352, 0.04788732, 0.04507042,
       0.03943662, 0.03661972, 0.03661972, 0.04225352, 0.03943662,
       0.04084507, 0.03521127, 0.05352113, 0.04647887, 0.02816901,
       0.04366197, 0.05070423, 0.02816901, 0.04225352, 0.05352113,
       0.04507042, 0.03239437, 0.03239437, 0.04507042, 0.03098592,
       0.04788732, 0.04788732, 0.04788732, 0.04507042, 0.04788732,
       0.04788732, 0.04507042, 0.04788732, 0.05492958, 0.04225352,
       0.03943662, 0.03943662, 0.03380282, 0.02816901, 0.05070423,
       0.03098592, 0.04507042, 0.04507042, 0.03661972, 0.05070423,
       0.05070423, 0.03380282, 0.04929577, 0.04225352, 0.04225352,
       0.05070423, 0.04366197, 0.04225352, 0.04507042, 0.03802817,
       0.03380282, 0.04788732, 0.04225352, 0.03098592, 0.04647887,
       0.01971831, 0.03661972, 0.03661972, 0.05070423, 0.04788732,
       0.03661972, 0.03661972, 0.03098592, 0.03661972, 0.04929577,
       0.02816901, 0.03943662, 0.04788732, 0.04788732, 0.05070423,
       0.03380282, 0.05070423, 0.03380282, 0.04366197, 0.04507042,
       0.04788732, 0.05070423, 0.03802817, 0.03943662, 0.04507042,
       0.05070423, 0.05070423, 0.04929577, 0.04507042, 0.05070423,
       0.03661972, 0.04366197, 0.04507042, 0.05070423, 0.03661972,
       0.02253521, 0.04225352, 0.02535211, 0.04366197, 0.03380282,
       0.05070423, 0.04647887, 0.04507042, 0.04084507, 0.03661972,
       0.03802817, 0.04366197, 0.05070423, 0.04788732, 0.03098592,
       0.05070423, 0.04788732, 0.04507042, 0.04788732, 0.04507042,
       0.05070423, 0.03943662, 0.04225352, 0.05070423, 0.02816901,
       0.05070423, 0.04225352, 0.04507042, 0.04507042, 0.04084507,
       0.03661972, 0.04788732, 0.04507042, 0.05070423, 0.05352113,
       0.05070423, 0.02676056, 0.04366197, 0.03661972, 0.04507042,
       0.04647887, 0.04225352, 0.04507042, 0.04225352, 0.04788732,
       0.04507042, 0.04225352, 0.05352113, 0.03661972, 0.04225352,
       0.02816901, 0.03098592, 0.04507042, 0.03661972, 0.04507042,
       0.03943662, 0.04225352, 0.05211268, 0.04507042, 0.03661972,
       0.03098592, 0.04647887, 0.03380282, 0.05070423, 0.05070423,
       0.02816901, 0.05211268, 0.04929577, 0.04507042, 0.03661972,
       0.03943662, 0.03943662, 0.04788732, 0.04507042, 0.03943662,
       0.03098592, 0.04507042, 0.04788732, 0.05070423, 0.04507042,
       0.04507042, 0.04225352, 0.02394366, 0.04507042, 0.04788732,
       0.04507042, 0.02816901, 0.03943662, 0.02816901, 0.05070423,
       0.03521127, 0.04647887, 0.05633803, 0.02816901, 0.02676056,
       0.04788732, 0.04366197, 0.05070423, 0.03239437, 0.04929577,
       0.03380282, 0.03943662, 0.04788732, 0.03380282, 0.03661972,
       0.03380282, 0.04788732, 0.04647887, 0.04225352, 0.04507042,
       0.04507042, 0.03943662, 0.04647887, 0.04507042, 0.03943662,
       0.03661972, 0.04225352, 0.04084507, 0.04507042, 0.04225352,
       0.03943662, 0.03239437, 0.03239437, 0.04507042, 0.03098592,
       0.05070423, 0.03802817, 0.04507042, 0.04647887, 0.03661972,
       0.05070423, 0.04366197, 0.04647887, 0.03943662, 0.05070423,
       0.04507042, 0.03802817, 0.05352113, 0.04507042, 0.03239437,
       0.02535211, 0.04507042, 0.03380282, 0.04788732, 0.02253521,
       0.03661972, 0.03661972, 0.03802817, 0.02816901, 0.04647887,
       0.04507042, 0.04225352, 0.03943662, 0.04788732, 0.03380282,
       0.04225352, 0.03802817, 0.04084507, 0.04788732, 0.03380282,
       0.03380282, 0.03380282, 0.05070423, 0.04507042, 0.05070423,
       0.03661972, 0.04788732, 0.04507042, 0.03943662, 0.04647887,
       0.03802817, 0.03943662, 0.03380282, 0.03239437, 0.04507042,
       0.04647887, 0.04647887, 0.03802817, 0.04225352, 0.03943662,
       0.04084507, 0.03661972, 0.04788732, 0.02394366, 0.04788732,
       0.03098592, 0.05633803, 0.03943662, 0.03943662, 0.04647887,
       0.03239437, 0.03098592, 0.04507042, 0.03661972, 0.04507042,
       0.04366197, 0.05070423, 0.04929577, 0.04366197, 0.04225352,
       0.04225352, 0.04929577, 0.03661972, 0.04225352, 0.05211268,
       0.04788732, 0.04225352, 0.03521127, 0.04507042, 0.05352113,
       0.04225352, 0.04647887, 0.04647887, 0.04788732, 0.03661972,
       0.04929577, 0.03661972, 0.03380282, 0.05352113, 0.03943662,
       0.03380282, 0.04225352, 0.04507042, 0.04507042, 0.05070423,
       0.02816901, 0.02676056, 0.04788732, 0.03661972, 0.05070423,
       0.04507042, 0.03943662, 0.04507042, 0.04788732, 0.04225352])}

Job completed at Wed Mar 19 06:28:34 PM PDT 2025
