Starting job at Thu Mar 20 05:04:37 PM PDT 2025
Job parameters:
Dataset: data_dionis
UQ Method: split_conformal_topk
Estimator: MLP
Seed: 781
Train Size: 0.8
Running split_conformal_topk on data_dionis with seed 781 and train size 0.8

starting experiment

data created

Fitting split_conformal_topk_MLP on data_dionis with seed 781

split_conformal_topk_MLP metrics: {'coverage': np.float64(0.9075), 'mean_width': np.float64(302.0226666666667), 'median_width': np.float64(287.0), 'mean_width_scaled': np.float64(0.850768075117371), 'median_width_scaled': np.float64(0.8084507042253521)}

split_conformal_topk_MLP full metrics: {'coverage': np.float64(0.9075), 'mean_width': np.float64(302.0226666666667), 'median_width': np.float64(287.0), 'mean_width_scaled': np.float64(0.850768075117371), 'median_width_scaled': np.float64(0.8084507042253521)}

split_conformal_topk_MLP class metrics: {'class_coverage': array([1.        , 0.        , 1.        , 1.        , 1.        ,
       0.33333333, 1.        , 0.46666667, 1.        , 1.        ,
       1.        , 1.        , 1.        , 1.        , 1.        ,
       1.        , 1.        , 1.        , 1.        , 1.        ,
       0.4       , 1.        , 1.        , 1.        , 1.        ,
       1.        , 1.        , 1.        , 1.        , 1.        ,
       1.        , 1.        , 1.        , 1.        , 1.        ,
       1.        , 1.        , 1.        , 1.        , 1.        ,
       1.        , 1.        , 1.        , 1.        , 1.        ,
       1.        , 1.        , 0.55555556, 1.        , 1.        ,
       1.        , 1.        , 1.        , 1.        , 1.        ,
       0.46666667, 1.        , 1.        , 1.        , 1.        ,
       0.41176471, 0.125     , 1.        , 1.        , 1.        ,
       1.        , 1.        , 1.        , 1.        , 0.42857143,
       0.14285714, 1.        , 1.        , 0.06666667, 1.        ,
       0.73333333, 1.        , 1.        , 0.26666667, 1.        ,
       1.        , 0.95238095, 0.58823529, 1.        , 1.        ,
       1.        , 0.68421053, 1.        , 1.        , 1.        ,
       1.        , 0.4375    , 1.        , 1.        , 0.625     ,
       0.89473684, 1.        , 1.        , 1.        , 1.        ,
       1.        , 1.        , 1.        , 1.        , 1.        ,
       1.        , 1.        , 1.        , 1.        , 1.        ,
       1.        , 1.        , 0.85714286, 1.        , 0.2       ,
       0.8125    , 0.        , 1.        , 1.        , 1.        ,
       1.        , 1.        , 1.        , 1.        , 0.8125    ,
       1.        , 1.        , 1.        , 1.        , 1.        ,
       1.        , 1.        , 1.        , 1.        , 0.2       ,
       1.        , 1.        , 1.        , 0.93333333, 1.        ,
       1.        , 1.        , 0.66666667, 0.26666667, 1.        ,
       1.        , 0.46666667, 1.        , 1.        , 1.        ,
       1.        , 1.        , 0.52941176, 1.        , 1.        ,
       1.        , 1.        , 1.        , 1.        , 1.        ,
       1.        , 1.        , 1.        , 1.        , 1.        ,
       1.        , 0.53333333, 1.        , 1.        , 0.77777778,
       1.        , 0.1875    , 1.        , 0.4       , 1.        ,
       1.        , 1.        , 1.        , 1.        , 1.        ,
       0.76470588, 1.        , 0.25      , 1.        , 0.06666667,
       1.        , 1.        , 1.        , 1.        , 1.        ,
       1.        , 1.        , 1.        , 0.        , 0.45      ,
       1.        , 1.        , 1.        , 1.        , 0.77777778,
       1.        , 0.6       , 1.        , 1.        , 0.85714286,
       1.        , 1.        , 0.26666667, 1.        , 1.        ,
       0.07142857, 1.        , 1.        , 1.        , 1.        ,
       1.        , 1.        , 1.        , 1.        , 1.        ,
       1.        , 0.875     , 1.        , 0.8125    , 0.69230769,
       1.        , 1.        , 1.        , 0.73333333, 1.        ,
       1.        , 1.        , 1.        , 1.        , 1.        ,
       0.2       , 1.        , 1.        , 1.        , 1.        ,
       1.        , 1.        , 1.        , 1.        , 1.        ,
       0.1875    , 1.        , 0.875     , 1.        , 1.        ,
       1.        , 1.        , 1.        , 1.        , 1.        ,
       1.        , 1.        , 1.        , 1.        , 1.        ,
       1.        , 1.        , 1.        , 1.        , 1.        ,
       0.25      , 1.        , 1.        , 1.        , 1.        ,
       0.2       , 1.        , 1.        , 1.        , 1.        ,
       0.8125    , 1.        , 1.        , 1.        , 1.        ,
       1.        , 1.        , 0.26666667, 1.        , 1.        ,
       1.        , 1.        , 1.        , 1.        , 0.1875    ,
       1.        , 1.        , 1.        , 1.        , 1.        ,
       1.        , 1.        , 1.        , 1.        , 0.6       ,
       1.        , 1.        , 0.46666667, 1.        , 0.53333333,
       1.        , 1.        , 1.        , 0.93333333, 1.        ,
       1.        , 1.        , 1.        , 1.        , 1.        ,
       1.        , 1.        , 0.64285714, 1.        , 1.        ,
       1.        , 0.        , 1.        , 0.6875    , 1.        ,
       1.        , 1.        , 1.        , 1.        , 1.        ,
       1.        , 0.72222222, 1.        , 1.        , 1.        ,
       1.        , 1.        , 1.        , 1.        , 1.        ,
       1.        , 0.875     , 1.        , 1.        , 1.        ,
       1.        , 1.        , 1.        , 0.26666667, 0.15384615,
       0.78571429, 1.        , 1.        , 1.        , 0.11111111]), 'class_mean_width': array([299.14285714, 287.        , 309.66666667, 327.8       ,
       301.57142857, 309.66666667, 287.        , 318.73333333,
       305.13333333, 290.77777778, 290.77777778, 300.6       ,
       294.55555556, 291.53333333, 287.        , 297.2       ,
       287.        , 290.57894737, 301.57142857, 309.66666667,
       314.2       , 315.33333333, 291.25      , 301.31578947,
       291.25      , 320.02857143, 291.85714286, 287.        ,
       287.        , 290.77777778, 308.47368421, 300.6       ,
       287.        , 287.        , 300.6       , 346.5       ,
       296.71428571, 291.53333333, 316.14285714, 291.25      ,
       299.75      , 291.25      , 295.        , 296.06666667,
       291.53333333, 296.06666667, 298.33333333, 324.77777778,
       287.        , 314.2       , 296.06666667, 295.        ,
       327.        , 290.77777778, 294.15789474, 318.73333333,
       291.53333333, 300.6       , 287.        , 291.53333333,
       315.        , 295.5       , 312.05263158, 291.85714286,
       296.06666667, 319.        , 290.77777778, 291.        ,
       294.15789474, 311.35714286, 296.71428571, 303.19047619,
       316.75      , 291.53333333, 296.06666667, 336.86666667,
       287.        , 290.57894737, 305.13333333, 287.        ,
       304.89473684, 290.23809524, 327.        , 303.        ,
       287.        , 287.        , 333.52631579, 287.        ,
       291.85714286, 291.25      , 291.53333333, 316.75      ,
       299.        , 287.        , 329.5       , 347.84210526,
       295.        , 291.53333333, 307.92307692, 304.89473684,
       325.25      , 291.53333333, 296.06666667, 304.        ,
       291.        , 287.        , 300.6       , 308.25      ,
       287.        , 294.15789474, 291.53333333, 296.06666667,
       345.28571429, 300.6       , 300.6       , 338.        ,
       287.        , 287.        , 296.06666667, 287.        ,
       329.94736842, 325.25      , 314.2       , 287.        ,
       342.25      , 290.57894737, 301.57142857, 307.        ,
       291.25      , 287.        , 297.2       , 287.        ,
       296.06666667, 296.71428571, 300.6       , 287.        ,
       287.        , 302.11111111, 350.46666667, 287.        ,
       287.        , 314.2       , 332.33333333, 305.13333333,
       292.91304348, 308.47368421, 318.73333333, 291.53333333,
       291.85714286, 291.25      , 317.22222222, 305.88888889,
       323.        , 287.        , 331.        , 287.        ,
       290.09090909, 303.19047619, 287.        , 287.        ,
       316.75      , 287.        , 296.71428571, 296.06666667,
       287.        , 294.15789474, 323.26666667, 287.        ,
       300.6       , 339.88888889, 295.        , 299.75      ,
       287.        , 314.2       , 287.        , 296.06666667,
       336.86666667, 291.25      , 300.6       , 305.13333333,
       339.        , 291.25      , 304.        , 287.        ,
       291.53333333, 323.26666667, 287.        , 329.5       ,
       287.        , 287.        , 287.        , 287.        ,
       287.        , 287.        , 317.6       , 299.        ,
       299.        , 287.        , 287.        , 339.88888889,
       309.66666667, 327.8       , 295.5       , 333.75      ,
       345.28571429, 287.        , 293.18181818, 305.13333333,
       296.71428571, 291.53333333, 291.85714286, 287.        ,
       290.4       , 300.6       , 287.        , 327.94736842,
       287.        , 291.53333333, 312.5       , 312.9047619 ,
       295.        , 346.5       , 291.25      , 342.25      ,
       334.07692308, 296.06666667, 314.2       , 287.        ,
       336.86666667, 291.25      , 299.95238095, 290.77777778,
       291.85714286, 307.        , 343.        , 300.6       ,
       291.25      , 299.75      , 291.53333333, 291.53333333,
       291.53333333, 290.09090909, 317.22222222, 290.4       ,
       306.42857143, 295.5       , 291.85714286, 346.5       ,
       308.25      , 287.        , 291.25      , 287.        ,
       287.        , 332.33333333, 303.32      , 305.13333333,
       305.88888889, 294.15789474, 290.23809524, 321.        ,
       287.        , 287.        , 287.        , 287.        ,
       291.53333333, 304.        , 307.        , 287.        ,
       289.51851852, 291.85714286, 296.4       , 291.        ,
       309.66666667, 296.06666667, 325.85714286, 342.25      ,
       321.        , 329.5       , 292.23076923, 309.66666667,
       291.53333333, 287.        , 305.13333333, 292.91304348,
       287.        , 333.        , 290.77777778, 291.53333333,
       313.60869565, 299.75      , 287.        , 287.        ,
       287.        , 299.75      , 287.        , 287.        ,
       291.25      , 287.        , 295.5       , 327.8       ,
       287.        , 296.06666667, 318.73333333, 296.71428571,
       323.26666667, 291.53333333, 295.5       , 296.06666667,
       350.46666667, 287.        , 303.        , 291.53333333,
       291.85714286, 298.82608696, 290.4       , 348.81818182,
       290.57894737, 330.71428571, 287.        , 287.        ,
       290.57894737, 287.        , 287.        , 333.75      ,
       306.42857143, 287.        , 323.26666667, 304.        ,
       287.        , 287.        , 327.8       , 336.11111111,
       291.25      , 291.53333333, 295.        , 287.        ,
       310.53846154, 287.        , 299.        , 287.        ,
       301.7826087 , 346.5       , 287.        , 299.75      ,
       287.        , 323.        , 287.        , 300.6       ,
       305.13333333, 292.23076923, 340.42857143, 295.        ,
       297.73684211, 333.52631579, 294.55555556]), 'class_median_width': array([287., 287., 287., 355., 287., 287., 287., 287., 287., 287., 287.,
       287., 287., 287., 287., 287., 287., 287., 287., 287., 287., 287.,
       287., 287., 287., 287., 287., 287., 287., 287., 287., 287., 287.,
       287., 287., 355., 287., 287., 287., 287., 287., 287., 287., 287.,
       287., 287., 287., 355., 287., 287., 287., 287., 355., 287., 287.,
       287., 287., 287., 287., 287., 287., 287., 287., 287., 287., 287.,
       287., 287., 287., 287., 287., 287., 287., 287., 287., 355., 287.,
       287., 287., 287., 287., 287., 355., 287., 287., 287., 355., 287.,
       287., 287., 287., 287., 287., 287., 355., 355., 287., 287., 287.,
       287., 355., 287., 287., 287., 287., 287., 287., 287., 287., 287.,
       287., 287., 355., 287., 287., 355., 287., 287., 287., 287., 355.,
       355., 287., 287., 355., 287., 287., 287., 287., 287., 287., 287.,
       287., 287., 287., 287., 287., 287., 355., 287., 287., 287., 355.,
       287., 287., 287., 287., 287., 287., 287., 287., 287., 355., 287.,
       355., 287., 287., 287., 287., 287., 287., 287., 287., 287., 287.,
       287., 355., 287., 287., 355., 287., 287., 287., 287., 287., 287.,
       355., 287., 287., 287., 355., 287., 287., 287., 287., 355., 287.,
       355., 287., 287., 287., 287., 287., 287., 287., 287., 287., 287.,
       287., 355., 287., 355., 287., 355., 355., 287., 287., 287., 287.,
       287., 287., 287., 287., 287., 287., 355., 287., 287., 287., 287.,
       287., 355., 287., 355., 355., 287., 287., 287., 355., 287., 287.,
       287., 287., 287., 355., 287., 287., 287., 287., 287., 287., 287.,
       287., 287., 287., 287., 287., 355., 287., 287., 287., 287., 287.,
       355., 287., 287., 287., 287., 287., 321., 287., 287., 287., 287.,
       287., 287., 287., 287., 287., 287., 287., 287., 287., 287., 355.,
       355., 321., 355., 287., 287., 287., 287., 287., 287., 287., 355.,
       287., 287., 287., 287., 287., 287., 287., 287., 287., 287., 287.,
       287., 287., 355., 287., 287., 287., 287., 355., 287., 287., 287.,
       355., 287., 287., 287., 287., 287., 287., 355., 287., 355., 287.,
       287., 287., 287., 287., 355., 287., 287., 355., 287., 287., 287.,
       355., 355., 287., 287., 287., 287., 287., 287., 287., 287., 287.,
       355., 287., 287., 287., 355., 287., 287., 287., 287., 355., 287.,
       287., 355., 287.]), 'class_mean_width_scaled': array([0.84265594, 0.8084507 , 0.87230047, 0.92338028, 0.84949698,
       0.87230047, 0.8084507 , 0.89784038, 0.85953052, 0.81909233,
       0.81909233, 0.84676056, 0.82973396, 0.82122066, 0.8084507 ,
       0.8371831 , 0.8084507 , 0.81853225, 0.84949698, 0.87230047,
       0.88507042, 0.88826291, 0.82042254, 0.84877687, 0.82042254,
       0.90148893, 0.8221328 , 0.8084507 , 0.8084507 , 0.81909233,
       0.86893996, 0.84676056, 0.8084507 , 0.8084507 , 0.84676056,
       0.97605634, 0.83581489, 0.82122066, 0.89054326, 0.82042254,
       0.8443662 , 0.82042254, 0.83098592, 0.83399061, 0.82122066,
       0.83399061, 0.84037559, 0.91486698, 0.8084507 , 0.88507042,
       0.83399061, 0.83098592, 0.92112676, 0.81909233, 0.82861379,
       0.89784038, 0.82122066, 0.84676056, 0.8084507 , 0.82122066,
       0.88732394, 0.83239437, 0.8790215 , 0.8221328 , 0.83399061,
       0.89859155, 0.81909233, 0.81971831, 0.82861379, 0.87706237,
       0.83581489, 0.85405768, 0.89225352, 0.82122066, 0.83399061,
       0.94892019, 0.8084507 , 0.81853225, 0.85953052, 0.8084507 ,
       0.85885841, 0.8175721 , 0.92112676, 0.85352113, 0.8084507 ,
       0.8084507 , 0.93951075, 0.8084507 , 0.8221328 , 0.82042254,
       0.82122066, 0.89225352, 0.84225352, 0.8084507 , 0.92816901,
       0.97983692, 0.83098592, 0.82122066, 0.86738895, 0.85885841,
       0.91619718, 0.82122066, 0.83399061, 0.85633803, 0.81971831,
       0.8084507 , 0.84676056, 0.86830986, 0.8084507 , 0.82861379,
       0.82122066, 0.83399061, 0.97263581, 0.84676056, 0.84676056,
       0.95211268, 0.8084507 , 0.8084507 , 0.83399061, 0.8084507 ,
       0.92942921, 0.91619718, 0.88507042, 0.8084507 , 0.96408451,
       0.81853225, 0.84949698, 0.86478873, 0.82042254, 0.8084507 ,
       0.8371831 , 0.8084507 , 0.83399061, 0.83581489, 0.84676056,
       0.8084507 , 0.8084507 , 0.85101721, 0.98723005, 0.8084507 ,
       0.8084507 , 0.88507042, 0.93615023, 0.85953052, 0.82510716,
       0.86893996, 0.89784038, 0.82122066, 0.8221328 , 0.82042254,
       0.89358372, 0.86165884, 0.90985915, 0.8084507 , 0.93239437,
       0.8084507 , 0.81715749, 0.85405768, 0.8084507 , 0.8084507 ,
       0.89225352, 0.8084507 , 0.83581489, 0.83399061, 0.8084507 ,
       0.82861379, 0.91061033, 0.8084507 , 0.84676056, 0.95743349,
       0.83098592, 0.8443662 , 0.8084507 , 0.88507042, 0.8084507 ,
       0.83399061, 0.94892019, 0.82042254, 0.84676056, 0.85953052,
       0.95492958, 0.82042254, 0.85633803, 0.8084507 , 0.82122066,
       0.91061033, 0.8084507 , 0.92816901, 0.8084507 , 0.8084507 ,
       0.8084507 , 0.8084507 , 0.8084507 , 0.8084507 , 0.89464789,
       0.84225352, 0.84225352, 0.8084507 , 0.8084507 , 0.95743349,
       0.87230047, 0.92338028, 0.83239437, 0.94014085, 0.97263581,
       0.8084507 , 0.82586428, 0.85953052, 0.83581489, 0.82122066,
       0.8221328 , 0.8084507 , 0.81802817, 0.84676056, 0.8084507 ,
       0.9237954 , 0.8084507 , 0.82122066, 0.88028169, 0.88142186,
       0.83098592, 0.97605634, 0.82042254, 0.96408451, 0.94106176,
       0.83399061, 0.88507042, 0.8084507 , 0.94892019, 0.82042254,
       0.84493628, 0.81909233, 0.8221328 , 0.86478873, 0.96619718,
       0.84676056, 0.82042254, 0.8443662 , 0.82122066, 0.82122066,
       0.82122066, 0.81715749, 0.89358372, 0.81802817, 0.86317907,
       0.83239437, 0.8221328 , 0.97605634, 0.86830986, 0.8084507 ,
       0.82042254, 0.8084507 , 0.8084507 , 0.93615023, 0.85442254,
       0.85953052, 0.86165884, 0.82861379, 0.8175721 , 0.90422535,
       0.8084507 , 0.8084507 , 0.8084507 , 0.8084507 , 0.82122066,
       0.85633803, 0.86478873, 0.8084507 , 0.81554512, 0.8221328 ,
       0.83492958, 0.81971831, 0.87230047, 0.83399061, 0.91790744,
       0.96408451, 0.90422535, 0.92816901, 0.82318527, 0.87230047,
       0.82122066, 0.8084507 , 0.85953052, 0.82510716, 0.8084507 ,
       0.93802817, 0.81909233, 0.82122066, 0.88340478, 0.8443662 ,
       0.8084507 , 0.8084507 , 0.8084507 , 0.8443662 , 0.8084507 ,
       0.8084507 , 0.82042254, 0.8084507 , 0.83239437, 0.92338028,
       0.8084507 , 0.83399061, 0.89784038, 0.83581489, 0.91061033,
       0.82122066, 0.83239437, 0.83399061, 0.98723005, 0.8084507 ,
       0.85352113, 0.82122066, 0.8221328 , 0.84176363, 0.81802817,
       0.98258643, 0.81853225, 0.93158954, 0.8084507 , 0.8084507 ,
       0.81853225, 0.8084507 , 0.8084507 , 0.94014085, 0.86317907,
       0.8084507 , 0.91061033, 0.85633803, 0.8084507 , 0.8084507 ,
       0.92338028, 0.94679186, 0.82042254, 0.82122066, 0.83098592,
       0.8084507 , 0.87475623, 0.8084507 , 0.84225352, 0.8084507 ,
       0.85009186, 0.97605634, 0.8084507 , 0.8443662 , 0.8084507 ,
       0.90985915, 0.8084507 , 0.84676056, 0.85953052, 0.82318527,
       0.95895372, 0.83098592, 0.83869533, 0.93951075, 0.82973396]), 'class_median_width_scaled': array([0.8084507 , 0.8084507 , 0.8084507 , 1.        , 0.8084507 ,
       0.8084507 , 0.8084507 , 0.8084507 , 0.8084507 , 0.8084507 ,
       0.8084507 , 0.8084507 , 0.8084507 , 0.8084507 , 0.8084507 ,
       0.8084507 , 0.8084507 , 0.8084507 , 0.8084507 , 0.8084507 ,
       0.8084507 , 0.8084507 , 0.8084507 , 0.8084507 , 0.8084507 ,
       0.8084507 , 0.8084507 , 0.8084507 , 0.8084507 , 0.8084507 ,
       0.8084507 , 0.8084507 , 0.8084507 , 0.8084507 , 0.8084507 ,
       1.        , 0.8084507 , 0.8084507 , 0.8084507 , 0.8084507 ,
       0.8084507 , 0.8084507 , 0.8084507 , 0.8084507 , 0.8084507 ,
       0.8084507 , 0.8084507 , 1.        , 0.8084507 , 0.8084507 ,
       0.8084507 , 0.8084507 , 1.        , 0.8084507 , 0.8084507 ,
       0.8084507 , 0.8084507 , 0.8084507 , 0.8084507 , 0.8084507 ,
       0.8084507 , 0.8084507 , 0.8084507 , 0.8084507 , 0.8084507 ,
       0.8084507 , 0.8084507 , 0.8084507 , 0.8084507 , 0.8084507 ,
       0.8084507 , 0.8084507 , 0.8084507 , 0.8084507 , 0.8084507 ,
       1.        , 0.8084507 , 0.8084507 , 0.8084507 , 0.8084507 ,
       0.8084507 , 0.8084507 , 1.        , 0.8084507 , 0.8084507 ,
       0.8084507 , 1.        , 0.8084507 , 0.8084507 , 0.8084507 ,
       0.8084507 , 0.8084507 , 0.8084507 , 0.8084507 , 1.        ,
       1.        , 0.8084507 , 0.8084507 , 0.8084507 , 0.8084507 ,
       1.        , 0.8084507 , 0.8084507 , 0.8084507 , 0.8084507 ,
       0.8084507 , 0.8084507 , 0.8084507 , 0.8084507 , 0.8084507 ,
       0.8084507 , 0.8084507 , 1.        , 0.8084507 , 0.8084507 ,
       1.        , 0.8084507 , 0.8084507 , 0.8084507 , 0.8084507 ,
       1.        , 1.        , 0.8084507 , 0.8084507 , 1.        ,
       0.8084507 , 0.8084507 , 0.8084507 , 0.8084507 , 0.8084507 ,
       0.8084507 , 0.8084507 , 0.8084507 , 0.8084507 , 0.8084507 ,
       0.8084507 , 0.8084507 , 0.8084507 , 1.        , 0.8084507 ,
       0.8084507 , 0.8084507 , 1.        , 0.8084507 , 0.8084507 ,
       0.8084507 , 0.8084507 , 0.8084507 , 0.8084507 , 0.8084507 ,
       0.8084507 , 0.8084507 , 1.        , 0.8084507 , 1.        ,
       0.8084507 , 0.8084507 , 0.8084507 , 0.8084507 , 0.8084507 ,
       0.8084507 , 0.8084507 , 0.8084507 , 0.8084507 , 0.8084507 ,
       0.8084507 , 1.        , 0.8084507 , 0.8084507 , 1.        ,
       0.8084507 , 0.8084507 , 0.8084507 , 0.8084507 , 0.8084507 ,
       0.8084507 , 1.        , 0.8084507 , 0.8084507 , 0.8084507 ,
       1.        , 0.8084507 , 0.8084507 , 0.8084507 , 0.8084507 ,
       1.        , 0.8084507 , 1.        , 0.8084507 , 0.8084507 ,
       0.8084507 , 0.8084507 , 0.8084507 , 0.8084507 , 0.8084507 ,
       0.8084507 , 0.8084507 , 0.8084507 , 0.8084507 , 1.        ,
       0.8084507 , 1.        , 0.8084507 , 1.        , 1.        ,
       0.8084507 , 0.8084507 , 0.8084507 , 0.8084507 , 0.8084507 ,
       0.8084507 , 0.8084507 , 0.8084507 , 0.8084507 , 0.8084507 ,
       1.        , 0.8084507 , 0.8084507 , 0.8084507 , 0.8084507 ,
       0.8084507 , 1.        , 0.8084507 , 1.        , 1.        ,
       0.8084507 , 0.8084507 , 0.8084507 , 1.        , 0.8084507 ,
       0.8084507 , 0.8084507 , 0.8084507 , 0.8084507 , 1.        ,
       0.8084507 , 0.8084507 , 0.8084507 , 0.8084507 , 0.8084507 ,
       0.8084507 , 0.8084507 , 0.8084507 , 0.8084507 , 0.8084507 ,
       0.8084507 , 0.8084507 , 1.        , 0.8084507 , 0.8084507 ,
       0.8084507 , 0.8084507 , 0.8084507 , 1.        , 0.8084507 ,
       0.8084507 , 0.8084507 , 0.8084507 , 0.8084507 , 0.90422535,
       0.8084507 , 0.8084507 , 0.8084507 , 0.8084507 , 0.8084507 ,
       0.8084507 , 0.8084507 , 0.8084507 , 0.8084507 , 0.8084507 ,
       0.8084507 , 0.8084507 , 0.8084507 , 0.8084507 , 1.        ,
       1.        , 0.90422535, 1.        , 0.8084507 , 0.8084507 ,
       0.8084507 , 0.8084507 , 0.8084507 , 0.8084507 , 0.8084507 ,
       1.        , 0.8084507 , 0.8084507 , 0.8084507 , 0.8084507 ,
       0.8084507 , 0.8084507 , 0.8084507 , 0.8084507 , 0.8084507 ,
       0.8084507 , 0.8084507 , 0.8084507 , 0.8084507 , 1.        ,
       0.8084507 , 0.8084507 , 0.8084507 , 0.8084507 , 1.        ,
       0.8084507 , 0.8084507 , 0.8084507 , 1.        , 0.8084507 ,
       0.8084507 , 0.8084507 , 0.8084507 , 0.8084507 , 0.8084507 ,
       1.        , 0.8084507 , 1.        , 0.8084507 , 0.8084507 ,
       0.8084507 , 0.8084507 , 0.8084507 , 1.        , 0.8084507 ,
       0.8084507 , 1.        , 0.8084507 , 0.8084507 , 0.8084507 ,
       1.        , 1.        , 0.8084507 , 0.8084507 , 0.8084507 ,
       0.8084507 , 0.8084507 , 0.8084507 , 0.8084507 , 0.8084507 ,
       0.8084507 , 1.        , 0.8084507 , 0.8084507 , 0.8084507 ,
       1.        , 0.8084507 , 0.8084507 , 0.8084507 , 0.8084507 ,
       1.        , 0.8084507 , 0.8084507 , 1.        , 0.8084507 ])}

split_conformal_topk_MLP full class metrics: {'class_coverage': array([1.        , 0.        , 1.        , 1.        , 1.        ,
       0.33333333, 1.        , 0.46666667, 1.        , 1.        ,
       1.        , 1.        , 1.        , 1.        , 1.        ,
       1.        , 1.        , 1.        , 1.        , 1.        ,
       0.4       , 1.        , 1.        , 1.        , 1.        ,
       1.        , 1.        , 1.        , 1.        , 1.        ,
       1.        , 1.        , 1.        , 1.        , 1.        ,
       1.        , 1.        , 1.        , 1.        , 1.        ,
       1.        , 1.        , 1.        , 1.        , 1.        ,
       1.        , 1.        , 0.55555556, 1.        , 1.        ,
       1.        , 1.        , 1.        , 1.        , 1.        ,
       0.46666667, 1.        , 1.        , 1.        , 1.        ,
       0.41176471, 0.125     , 1.        , 1.        , 1.        ,
       1.        , 1.        , 1.        , 1.        , 0.42857143,
       0.14285714, 1.        , 1.        , 0.06666667, 1.        ,
       0.73333333, 1.        , 1.        , 0.26666667, 1.        ,
       1.        , 0.95238095, 0.58823529, 1.        , 1.        ,
       1.        , 0.68421053, 1.        , 1.        , 1.        ,
       1.        , 0.4375    , 1.        , 1.        , 0.625     ,
       0.89473684, 1.        , 1.        , 1.        , 1.        ,
       1.        , 1.        , 1.        , 1.        , 1.        ,
       1.        , 1.        , 1.        , 1.        , 1.        ,
       1.        , 1.        , 0.85714286, 1.        , 0.2       ,
       0.8125    , 0.        , 1.        , 1.        , 1.        ,
       1.        , 1.        , 1.        , 1.        , 0.8125    ,
       1.        , 1.        , 1.        , 1.        , 1.        ,
       1.        , 1.        , 1.        , 1.        , 0.2       ,
       1.        , 1.        , 1.        , 0.93333333, 1.        ,
       1.        , 1.        , 0.66666667, 0.26666667, 1.        ,
       1.        , 0.46666667, 1.        , 1.        , 1.        ,
       1.        , 1.        , 0.52941176, 1.        , 1.        ,
       1.        , 1.        , 1.        , 1.        , 1.        ,
       1.        , 1.        , 1.        , 1.        , 1.        ,
       1.        , 0.53333333, 1.        , 1.        , 0.77777778,
       1.        , 0.1875    , 1.        , 0.4       , 1.        ,
       1.        , 1.        , 1.        , 1.        , 1.        ,
       0.76470588, 1.        , 0.25      , 1.        , 0.06666667,
       1.        , 1.        , 1.        , 1.        , 1.        ,
       1.        , 1.        , 1.        , 0.        , 0.45      ,
       1.        , 1.        , 1.        , 1.        , 0.77777778,
       1.        , 0.6       , 1.        , 1.        , 0.85714286,
       1.        , 1.        , 0.26666667, 1.        , 1.        ,
       0.07142857, 1.        , 1.        , 1.        , 1.        ,
       1.        , 1.        , 1.        , 1.        , 1.        ,
       1.        , 0.875     , 1.        , 0.8125    , 0.69230769,
       1.        , 1.        , 1.        , 0.73333333, 1.        ,
       1.        , 1.        , 1.        , 1.        , 1.        ,
       0.2       , 1.        , 1.        , 1.        , 1.        ,
       1.        , 1.        , 1.        , 1.        , 1.        ,
       0.1875    , 1.        , 0.875     , 1.        , 1.        ,
       1.        , 1.        , 1.        , 1.        , 1.        ,
       1.        , 1.        , 1.        , 1.        , 1.        ,
       1.        , 1.        , 1.        , 1.        , 1.        ,
       0.25      , 1.        , 1.        , 1.        , 1.        ,
       0.2       , 1.        , 1.        , 1.        , 1.        ,
       0.8125    , 1.        , 1.        , 1.        , 1.        ,
       1.        , 1.        , 0.26666667, 1.        , 1.        ,
       1.        , 1.        , 1.        , 1.        , 0.1875    ,
       1.        , 1.        , 1.        , 1.        , 1.        ,
       1.        , 1.        , 1.        , 1.        , 0.6       ,
       1.        , 1.        , 0.46666667, 1.        , 0.53333333,
       1.        , 1.        , 1.        , 0.93333333, 1.        ,
       1.        , 1.        , 1.        , 1.        , 1.        ,
       1.        , 1.        , 0.64285714, 1.        , 1.        ,
       1.        , 0.        , 1.        , 0.6875    , 1.        ,
       1.        , 1.        , 1.        , 1.        , 1.        ,
       1.        , 0.72222222, 1.        , 1.        , 1.        ,
       1.        , 1.        , 1.        , 1.        , 1.        ,
       1.        , 0.875     , 1.        , 1.        , 1.        ,
       1.        , 1.        , 1.        , 0.26666667, 0.15384615,
       0.78571429, 1.        , 1.        , 1.        , 0.11111111]), 'class_mean_width': array([299.14285714, 287.        , 309.66666667, 327.8       ,
       301.57142857, 309.66666667, 287.        , 318.73333333,
       305.13333333, 290.77777778, 290.77777778, 300.6       ,
       294.55555556, 291.53333333, 287.        , 297.2       ,
       287.        , 290.57894737, 301.57142857, 309.66666667,
       314.2       , 315.33333333, 291.25      , 301.31578947,
       291.25      , 320.02857143, 291.85714286, 287.        ,
       287.        , 290.77777778, 308.47368421, 300.6       ,
       287.        , 287.        , 300.6       , 346.5       ,
       296.71428571, 291.53333333, 316.14285714, 291.25      ,
       299.75      , 291.25      , 295.        , 296.06666667,
       291.53333333, 296.06666667, 298.33333333, 324.77777778,
       287.        , 314.2       , 296.06666667, 295.        ,
       327.        , 290.77777778, 294.15789474, 318.73333333,
       291.53333333, 300.6       , 287.        , 291.53333333,
       315.        , 295.5       , 312.05263158, 291.85714286,
       296.06666667, 319.        , 290.77777778, 291.        ,
       294.15789474, 311.35714286, 296.71428571, 303.19047619,
       316.75      , 291.53333333, 296.06666667, 336.86666667,
       287.        , 290.57894737, 305.13333333, 287.        ,
       304.89473684, 290.23809524, 327.        , 303.        ,
       287.        , 287.        , 333.52631579, 287.        ,
       291.85714286, 291.25      , 291.53333333, 316.75      ,
       299.        , 287.        , 329.5       , 347.84210526,
       295.        , 291.53333333, 307.92307692, 304.89473684,
       325.25      , 291.53333333, 296.06666667, 304.        ,
       291.        , 287.        , 300.6       , 308.25      ,
       287.        , 294.15789474, 291.53333333, 296.06666667,
       345.28571429, 300.6       , 300.6       , 338.        ,
       287.        , 287.        , 296.06666667, 287.        ,
       329.94736842, 325.25      , 314.2       , 287.        ,
       342.25      , 290.57894737, 301.57142857, 307.        ,
       291.25      , 287.        , 297.2       , 287.        ,
       296.06666667, 296.71428571, 300.6       , 287.        ,
       287.        , 302.11111111, 350.46666667, 287.        ,
       287.        , 314.2       , 332.33333333, 305.13333333,
       292.91304348, 308.47368421, 318.73333333, 291.53333333,
       291.85714286, 291.25      , 317.22222222, 305.88888889,
       323.        , 287.        , 331.        , 287.        ,
       290.09090909, 303.19047619, 287.        , 287.        ,
       316.75      , 287.        , 296.71428571, 296.06666667,
       287.        , 294.15789474, 323.26666667, 287.        ,
       300.6       , 339.88888889, 295.        , 299.75      ,
       287.        , 314.2       , 287.        , 296.06666667,
       336.86666667, 291.25      , 300.6       , 305.13333333,
       339.        , 291.25      , 304.        , 287.        ,
       291.53333333, 323.26666667, 287.        , 329.5       ,
       287.        , 287.        , 287.        , 287.        ,
       287.        , 287.        , 317.6       , 299.        ,
       299.        , 287.        , 287.        , 339.88888889,
       309.66666667, 327.8       , 295.5       , 333.75      ,
       345.28571429, 287.        , 293.18181818, 305.13333333,
       296.71428571, 291.53333333, 291.85714286, 287.        ,
       290.4       , 300.6       , 287.        , 327.94736842,
       287.        , 291.53333333, 312.5       , 312.9047619 ,
       295.        , 346.5       , 291.25      , 342.25      ,
       334.07692308, 296.06666667, 314.2       , 287.        ,
       336.86666667, 291.25      , 299.95238095, 290.77777778,
       291.85714286, 307.        , 343.        , 300.6       ,
       291.25      , 299.75      , 291.53333333, 291.53333333,
       291.53333333, 290.09090909, 317.22222222, 290.4       ,
       306.42857143, 295.5       , 291.85714286, 346.5       ,
       308.25      , 287.        , 291.25      , 287.        ,
       287.        , 332.33333333, 303.32      , 305.13333333,
       305.88888889, 294.15789474, 290.23809524, 321.        ,
       287.        , 287.        , 287.        , 287.        ,
       291.53333333, 304.        , 307.        , 287.        ,
       289.51851852, 291.85714286, 296.4       , 291.        ,
       309.66666667, 296.06666667, 325.85714286, 342.25      ,
       321.        , 329.5       , 292.23076923, 309.66666667,
       291.53333333, 287.        , 305.13333333, 292.91304348,
       287.        , 333.        , 290.77777778, 291.53333333,
       313.60869565, 299.75      , 287.        , 287.        ,
       287.        , 299.75      , 287.        , 287.        ,
       291.25      , 287.        , 295.5       , 327.8       ,
       287.        , 296.06666667, 318.73333333, 296.71428571,
       323.26666667, 291.53333333, 295.5       , 296.06666667,
       350.46666667, 287.        , 303.        , 291.53333333,
       291.85714286, 298.82608696, 290.4       , 348.81818182,
       290.57894737, 330.71428571, 287.        , 287.        ,
       290.57894737, 287.        , 287.        , 333.75      ,
       306.42857143, 287.        , 323.26666667, 304.        ,
       287.        , 287.        , 327.8       , 336.11111111,
       291.25      , 291.53333333, 295.        , 287.        ,
       310.53846154, 287.        , 299.        , 287.        ,
       301.7826087 , 346.5       , 287.        , 299.75      ,
       287.        , 323.        , 287.        , 300.6       ,
       305.13333333, 292.23076923, 340.42857143, 295.        ,
       297.73684211, 333.52631579, 294.55555556]), 'class_median_width': array([287., 287., 287., 355., 287., 287., 287., 287., 287., 287., 287.,
       287., 287., 287., 287., 287., 287., 287., 287., 287., 287., 287.,
       287., 287., 287., 287., 287., 287., 287., 287., 287., 287., 287.,
       287., 287., 355., 287., 287., 287., 287., 287., 287., 287., 287.,
       287., 287., 287., 355., 287., 287., 287., 287., 355., 287., 287.,
       287., 287., 287., 287., 287., 287., 287., 287., 287., 287., 287.,
       287., 287., 287., 287., 287., 287., 287., 287., 287., 355., 287.,
       287., 287., 287., 287., 287., 355., 287., 287., 287., 355., 287.,
       287., 287., 287., 287., 287., 287., 355., 355., 287., 287., 287.,
       287., 355., 287., 287., 287., 287., 287., 287., 287., 287., 287.,
       287., 287., 355., 287., 287., 355., 287., 287., 287., 287., 355.,
       355., 287., 287., 355., 287., 287., 287., 287., 287., 287., 287.,
       287., 287., 287., 287., 287., 287., 355., 287., 287., 287., 355.,
       287., 287., 287., 287., 287., 287., 287., 287., 287., 355., 287.,
       355., 287., 287., 287., 287., 287., 287., 287., 287., 287., 287.,
       287., 355., 287., 287., 355., 287., 287., 287., 287., 287., 287.,
       355., 287., 287., 287., 355., 287., 287., 287., 287., 355., 287.,
       355., 287., 287., 287., 287., 287., 287., 287., 287., 287., 287.,
       287., 355., 287., 355., 287., 355., 355., 287., 287., 287., 287.,
       287., 287., 287., 287., 287., 287., 355., 287., 287., 287., 287.,
       287., 355., 287., 355., 355., 287., 287., 287., 355., 287., 287.,
       287., 287., 287., 355., 287., 287., 287., 287., 287., 287., 287.,
       287., 287., 287., 287., 287., 355., 287., 287., 287., 287., 287.,
       355., 287., 287., 287., 287., 287., 321., 287., 287., 287., 287.,
       287., 287., 287., 287., 287., 287., 287., 287., 287., 287., 355.,
       355., 321., 355., 287., 287., 287., 287., 287., 287., 287., 355.,
       287., 287., 287., 287., 287., 287., 287., 287., 287., 287., 287.,
       287., 287., 355., 287., 287., 287., 287., 355., 287., 287., 287.,
       355., 287., 287., 287., 287., 287., 287., 355., 287., 355., 287.,
       287., 287., 287., 287., 355., 287., 287., 355., 287., 287., 287.,
       355., 355., 287., 287., 287., 287., 287., 287., 287., 287., 287.,
       355., 287., 287., 287., 355., 287., 287., 287., 287., 355., 287.,
       287., 355., 287.]), 'class_mean_width_scaled': array([0.84265594, 0.8084507 , 0.87230047, 0.92338028, 0.84949698,
       0.87230047, 0.8084507 , 0.89784038, 0.85953052, 0.81909233,
       0.81909233, 0.84676056, 0.82973396, 0.82122066, 0.8084507 ,
       0.8371831 , 0.8084507 , 0.81853225, 0.84949698, 0.87230047,
       0.88507042, 0.88826291, 0.82042254, 0.84877687, 0.82042254,
       0.90148893, 0.8221328 , 0.8084507 , 0.8084507 , 0.81909233,
       0.86893996, 0.84676056, 0.8084507 , 0.8084507 , 0.84676056,
       0.97605634, 0.83581489, 0.82122066, 0.89054326, 0.82042254,
       0.8443662 , 0.82042254, 0.83098592, 0.83399061, 0.82122066,
       0.83399061, 0.84037559, 0.91486698, 0.8084507 , 0.88507042,
       0.83399061, 0.83098592, 0.92112676, 0.81909233, 0.82861379,
       0.89784038, 0.82122066, 0.84676056, 0.8084507 , 0.82122066,
       0.88732394, 0.83239437, 0.8790215 , 0.8221328 , 0.83399061,
       0.89859155, 0.81909233, 0.81971831, 0.82861379, 0.87706237,
       0.83581489, 0.85405768, 0.89225352, 0.82122066, 0.83399061,
       0.94892019, 0.8084507 , 0.81853225, 0.85953052, 0.8084507 ,
       0.85885841, 0.8175721 , 0.92112676, 0.85352113, 0.8084507 ,
       0.8084507 , 0.93951075, 0.8084507 , 0.8221328 , 0.82042254,
       0.82122066, 0.89225352, 0.84225352, 0.8084507 , 0.92816901,
       0.97983692, 0.83098592, 0.82122066, 0.86738895, 0.85885841,
       0.91619718, 0.82122066, 0.83399061, 0.85633803, 0.81971831,
       0.8084507 , 0.84676056, 0.86830986, 0.8084507 , 0.82861379,
       0.82122066, 0.83399061, 0.97263581, 0.84676056, 0.84676056,
       0.95211268, 0.8084507 , 0.8084507 , 0.83399061, 0.8084507 ,
       0.92942921, 0.91619718, 0.88507042, 0.8084507 , 0.96408451,
       0.81853225, 0.84949698, 0.86478873, 0.82042254, 0.8084507 ,
       0.8371831 , 0.8084507 , 0.83399061, 0.83581489, 0.84676056,
       0.8084507 , 0.8084507 , 0.85101721, 0.98723005, 0.8084507 ,
       0.8084507 , 0.88507042, 0.93615023, 0.85953052, 0.82510716,
       0.86893996, 0.89784038, 0.82122066, 0.8221328 , 0.82042254,
       0.89358372, 0.86165884, 0.90985915, 0.8084507 , 0.93239437,
       0.8084507 , 0.81715749, 0.85405768, 0.8084507 , 0.8084507 ,
       0.89225352, 0.8084507 , 0.83581489, 0.83399061, 0.8084507 ,
       0.82861379, 0.91061033, 0.8084507 , 0.84676056, 0.95743349,
       0.83098592, 0.8443662 , 0.8084507 , 0.88507042, 0.8084507 ,
       0.83399061, 0.94892019, 0.82042254, 0.84676056, 0.85953052,
       0.95492958, 0.82042254, 0.85633803, 0.8084507 , 0.82122066,
       0.91061033, 0.8084507 , 0.92816901, 0.8084507 , 0.8084507 ,
       0.8084507 , 0.8084507 , 0.8084507 , 0.8084507 , 0.89464789,
       0.84225352, 0.84225352, 0.8084507 , 0.8084507 , 0.95743349,
       0.87230047, 0.92338028, 0.83239437, 0.94014085, 0.97263581,
       0.8084507 , 0.82586428, 0.85953052, 0.83581489, 0.82122066,
       0.8221328 , 0.8084507 , 0.81802817, 0.84676056, 0.8084507 ,
       0.9237954 , 0.8084507 , 0.82122066, 0.88028169, 0.88142186,
       0.83098592, 0.97605634, 0.82042254, 0.96408451, 0.94106176,
       0.83399061, 0.88507042, 0.8084507 , 0.94892019, 0.82042254,
       0.84493628, 0.81909233, 0.8221328 , 0.86478873, 0.96619718,
       0.84676056, 0.82042254, 0.8443662 , 0.82122066, 0.82122066,
       0.82122066, 0.81715749, 0.89358372, 0.81802817, 0.86317907,
       0.83239437, 0.8221328 , 0.97605634, 0.86830986, 0.8084507 ,
       0.82042254, 0.8084507 , 0.8084507 , 0.93615023, 0.85442254,
       0.85953052, 0.86165884, 0.82861379, 0.8175721 , 0.90422535,
       0.8084507 , 0.8084507 , 0.8084507 , 0.8084507 , 0.82122066,
       0.85633803, 0.86478873, 0.8084507 , 0.81554512, 0.8221328 ,
       0.83492958, 0.81971831, 0.87230047, 0.83399061, 0.91790744,
       0.96408451, 0.90422535, 0.92816901, 0.82318527, 0.87230047,
       0.82122066, 0.8084507 , 0.85953052, 0.82510716, 0.8084507 ,
       0.93802817, 0.81909233, 0.82122066, 0.88340478, 0.8443662 ,
       0.8084507 , 0.8084507 , 0.8084507 , 0.8443662 , 0.8084507 ,
       0.8084507 , 0.82042254, 0.8084507 , 0.83239437, 0.92338028,
       0.8084507 , 0.83399061, 0.89784038, 0.83581489, 0.91061033,
       0.82122066, 0.83239437, 0.83399061, 0.98723005, 0.8084507 ,
       0.85352113, 0.82122066, 0.8221328 , 0.84176363, 0.81802817,
       0.98258643, 0.81853225, 0.93158954, 0.8084507 , 0.8084507 ,
       0.81853225, 0.8084507 , 0.8084507 , 0.94014085, 0.86317907,
       0.8084507 , 0.91061033, 0.85633803, 0.8084507 , 0.8084507 ,
       0.92338028, 0.94679186, 0.82042254, 0.82122066, 0.83098592,
       0.8084507 , 0.87475623, 0.8084507 , 0.84225352, 0.8084507 ,
       0.85009186, 0.97605634, 0.8084507 , 0.8443662 , 0.8084507 ,
       0.90985915, 0.8084507 , 0.84676056, 0.85953052, 0.82318527,
       0.95895372, 0.83098592, 0.83869533, 0.93951075, 0.82973396]), 'class_median_width_scaled': array([0.8084507 , 0.8084507 , 0.8084507 , 1.        , 0.8084507 ,
       0.8084507 , 0.8084507 , 0.8084507 , 0.8084507 , 0.8084507 ,
       0.8084507 , 0.8084507 , 0.8084507 , 0.8084507 , 0.8084507 ,
       0.8084507 , 0.8084507 , 0.8084507 , 0.8084507 , 0.8084507 ,
       0.8084507 , 0.8084507 , 0.8084507 , 0.8084507 , 0.8084507 ,
       0.8084507 , 0.8084507 , 0.8084507 , 0.8084507 , 0.8084507 ,
       0.8084507 , 0.8084507 , 0.8084507 , 0.8084507 , 0.8084507 ,
       1.        , 0.8084507 , 0.8084507 , 0.8084507 , 0.8084507 ,
       0.8084507 , 0.8084507 , 0.8084507 , 0.8084507 , 0.8084507 ,
       0.8084507 , 0.8084507 , 1.        , 0.8084507 , 0.8084507 ,
       0.8084507 , 0.8084507 , 1.        , 0.8084507 , 0.8084507 ,
       0.8084507 , 0.8084507 , 0.8084507 , 0.8084507 , 0.8084507 ,
       0.8084507 , 0.8084507 , 0.8084507 , 0.8084507 , 0.8084507 ,
       0.8084507 , 0.8084507 , 0.8084507 , 0.8084507 , 0.8084507 ,
       0.8084507 , 0.8084507 , 0.8084507 , 0.8084507 , 0.8084507 ,
       1.        , 0.8084507 , 0.8084507 , 0.8084507 , 0.8084507 ,
       0.8084507 , 0.8084507 , 1.        , 0.8084507 , 0.8084507 ,
       0.8084507 , 1.        , 0.8084507 , 0.8084507 , 0.8084507 ,
       0.8084507 , 0.8084507 , 0.8084507 , 0.8084507 , 1.        ,
       1.        , 0.8084507 , 0.8084507 , 0.8084507 , 0.8084507 ,
       1.        , 0.8084507 , 0.8084507 , 0.8084507 , 0.8084507 ,
       0.8084507 , 0.8084507 , 0.8084507 , 0.8084507 , 0.8084507 ,
       0.8084507 , 0.8084507 , 1.        , 0.8084507 , 0.8084507 ,
       1.        , 0.8084507 , 0.8084507 , 0.8084507 , 0.8084507 ,
       1.        , 1.        , 0.8084507 , 0.8084507 , 1.        ,
       0.8084507 , 0.8084507 , 0.8084507 , 0.8084507 , 0.8084507 ,
       0.8084507 , 0.8084507 , 0.8084507 , 0.8084507 , 0.8084507 ,
       0.8084507 , 0.8084507 , 0.8084507 , 1.        , 0.8084507 ,
       0.8084507 , 0.8084507 , 1.        , 0.8084507 , 0.8084507 ,
       0.8084507 , 0.8084507 , 0.8084507 , 0.8084507 , 0.8084507 ,
       0.8084507 , 0.8084507 , 1.        , 0.8084507 , 1.        ,
       0.8084507 , 0.8084507 , 0.8084507 , 0.8084507 , 0.8084507 ,
       0.8084507 , 0.8084507 , 0.8084507 , 0.8084507 , 0.8084507 ,
       0.8084507 , 1.        , 0.8084507 , 0.8084507 , 1.        ,
       0.8084507 , 0.8084507 , 0.8084507 , 0.8084507 , 0.8084507 ,
       0.8084507 , 1.        , 0.8084507 , 0.8084507 , 0.8084507 ,
       1.        , 0.8084507 , 0.8084507 , 0.8084507 , 0.8084507 ,
       1.        , 0.8084507 , 1.        , 0.8084507 , 0.8084507 ,
       0.8084507 , 0.8084507 , 0.8084507 , 0.8084507 , 0.8084507 ,
       0.8084507 , 0.8084507 , 0.8084507 , 0.8084507 , 1.        ,
       0.8084507 , 1.        , 0.8084507 , 1.        , 1.        ,
       0.8084507 , 0.8084507 , 0.8084507 , 0.8084507 , 0.8084507 ,
       0.8084507 , 0.8084507 , 0.8084507 , 0.8084507 , 0.8084507 ,
       1.        , 0.8084507 , 0.8084507 , 0.8084507 , 0.8084507 ,
       0.8084507 , 1.        , 0.8084507 , 1.        , 1.        ,
       0.8084507 , 0.8084507 , 0.8084507 , 1.        , 0.8084507 ,
       0.8084507 , 0.8084507 , 0.8084507 , 0.8084507 , 1.        ,
       0.8084507 , 0.8084507 , 0.8084507 , 0.8084507 , 0.8084507 ,
       0.8084507 , 0.8084507 , 0.8084507 , 0.8084507 , 0.8084507 ,
       0.8084507 , 0.8084507 , 1.        , 0.8084507 , 0.8084507 ,
       0.8084507 , 0.8084507 , 0.8084507 , 1.        , 0.8084507 ,
       0.8084507 , 0.8084507 , 0.8084507 , 0.8084507 , 0.90422535,
       0.8084507 , 0.8084507 , 0.8084507 , 0.8084507 , 0.8084507 ,
       0.8084507 , 0.8084507 , 0.8084507 , 0.8084507 , 0.8084507 ,
       0.8084507 , 0.8084507 , 0.8084507 , 0.8084507 , 1.        ,
       1.        , 0.90422535, 1.        , 0.8084507 , 0.8084507 ,
       0.8084507 , 0.8084507 , 0.8084507 , 0.8084507 , 0.8084507 ,
       1.        , 0.8084507 , 0.8084507 , 0.8084507 , 0.8084507 ,
       0.8084507 , 0.8084507 , 0.8084507 , 0.8084507 , 0.8084507 ,
       0.8084507 , 0.8084507 , 0.8084507 , 0.8084507 , 1.        ,
       0.8084507 , 0.8084507 , 0.8084507 , 0.8084507 , 1.        ,
       0.8084507 , 0.8084507 , 0.8084507 , 1.        , 0.8084507 ,
       0.8084507 , 0.8084507 , 0.8084507 , 0.8084507 , 0.8084507 ,
       1.        , 0.8084507 , 1.        , 0.8084507 , 0.8084507 ,
       0.8084507 , 0.8084507 , 0.8084507 , 1.        , 0.8084507 ,
       0.8084507 , 1.        , 0.8084507 , 0.8084507 , 0.8084507 ,
       1.        , 1.        , 0.8084507 , 0.8084507 , 0.8084507 ,
       0.8084507 , 0.8084507 , 0.8084507 , 0.8084507 , 0.8084507 ,
       0.8084507 , 1.        , 0.8084507 , 0.8084507 , 0.8084507 ,
       1.        , 0.8084507 , 0.8084507 , 0.8084507 , 0.8084507 ,
       1.        , 0.8084507 , 0.8084507 , 1.        , 0.8084507 ])}

Job completed at Thu Mar 20 05:04:44 PM PDT 2025
