Starting job at Thu Mar 20 05:04:34 PM PDT 2025
Job parameters:
Dataset: data_dionis
UQ Method: split_conformal_topk
Estimator: MLP
Seed: 779
Train Size: 0.8
Running split_conformal_topk on data_dionis with seed 779 and train size 0.8

starting experiment

data created

Fitting split_conformal_topk_MLP on data_dionis with seed 779

split_conformal_topk_MLP metrics: {'coverage': np.float64(0.9091666666666667), 'mean_width': np.float64(303.69483333333335), 'median_width': np.float64(290.0), 'mean_width_scaled': np.float64(0.8554784037558686), 'median_width_scaled': np.float64(0.8169014084507042)}

split_conformal_topk_MLP full metrics: {'coverage': np.float64(0.9091666666666667), 'mean_width': np.float64(303.69483333333335), 'median_width': np.float64(290.0), 'mean_width_scaled': np.float64(0.8554784037558686), 'median_width_scaled': np.float64(0.8169014084507042)}

split_conformal_topk_MLP class metrics: {'class_coverage': array([1.        , 1.        , 1.        , 1.        , 1.        ,
       0.33333333, 1.        , 0.66666667, 0.2       , 1.        ,
       1.        , 1.        , 1.        , 1.        , 1.        ,
       1.        , 1.        , 1.        , 1.        , 1.        ,
       0.2       , 1.        , 1.        , 1.        , 1.        ,
       1.        , 1.        , 1.        , 1.        , 1.        ,
       1.        , 0.        , 1.        , 1.        , 1.        ,
       0.6875    , 1.        , 1.        , 0.35714286, 1.        ,
       1.        , 1.        , 1.        , 1.        , 1.        ,
       1.        , 1.        , 1.        , 1.        , 1.        ,
       1.        , 1.        , 1.        , 1.        , 0.31578947,
       1.        , 1.        , 1.        , 1.        , 1.        ,
       0.82352941, 1.        , 1.        , 0.21428571, 1.        ,
       1.        , 1.        , 1.        , 1.        , 1.        ,
       1.        , 1.        , 0.1875    , 1.        , 1.        ,
       1.        , 1.        , 1.        , 0.26666667, 1.        ,
       1.        , 1.        , 1.        , 1.        , 1.        ,
       1.        , 1.        , 1.        , 1.        , 1.        ,
       0.        , 1.        , 1.        , 1.        , 1.        ,
       1.        , 1.        , 1.        , 1.        , 1.        ,
       1.        , 1.        , 1.        , 1.        , 1.        ,
       1.        , 1.        , 0.375     , 1.        , 1.        ,
       1.        , 1.        , 1.        , 0.26666667, 1.        ,
       0.625     , 1.        , 0.        , 1.        , 1.        ,
       0.73684211, 1.        , 1.        , 1.        , 0.875     ,
       1.        , 1.        , 1.        , 1.        , 1.        ,
       1.        , 1.        , 1.        , 1.        , 1.        ,
       1.        , 1.        , 0.16666667, 0.8       , 1.        ,
       1.        , 0.06666667, 1.        , 1.        , 1.        ,
       1.        , 1.        , 1.        , 1.        , 1.        ,
       0.5       , 1.        , 1.        , 1.        , 0.76470588,
       1.        , 1.        , 1.        , 1.        , 1.        ,
       1.        , 1.        , 0.14285714, 1.        , 1.        ,
       1.        , 1.        , 1.        , 1.        , 0.61111111,
       1.        , 1.        , 1.        , 0.53333333, 1.        ,
       0.        , 0.6       , 1.        , 1.        , 1.        ,
       0.70588235, 1.        , 1.        , 1.        , 1.        ,
       1.        , 1.        , 1.        , 1.        , 1.        ,
       1.        , 1.        , 1.        , 1.        , 0.8       ,
       0.        , 1.        , 1.        , 1.        , 0.83333333,
       1.        , 1.        , 1.        , 0.75      , 1.        ,
       1.        , 1.        , 0.33333333, 1.        , 1.        ,
       1.        , 1.        , 1.        , 0.93333333, 1.        ,
       0.68421053, 1.        , 0.13333333, 1.        , 1.        ,
       1.        , 0.9375    , 1.        , 0.75      , 0.61538462,
       0.06666667, 0.26666667, 1.        , 0.46666667, 1.        ,
       1.        , 1.        , 1.        , 1.        , 0.76470588,
       0.4       , 1.        , 1.        , 1.        , 0.93333333,
       1.        , 1.        , 1.        , 1.        , 1.        ,
       1.        , 1.        , 0.6875    , 1.        , 1.        ,
       1.        , 1.        , 1.        , 0.66666667, 1.        ,
       1.        , 0.16666667, 1.        , 1.        , 1.        ,
       1.        , 1.        , 1.        , 1.        , 1.        ,
       1.        , 1.        , 1.        , 1.        , 1.        ,
       1.        , 1.        , 0.33333333, 1.        , 1.        ,
       0.875     , 1.        , 0.5625    , 0.15384615, 1.        ,
       1.        , 1.        , 1.        , 1.        , 1.        ,
       1.        , 1.        , 1.        , 1.        , 1.        ,
       1.        , 1.        , 1.        , 0.0625    , 1.        ,
       1.        , 1.        , 1.        , 1.        , 1.        ,
       1.        , 1.        , 1.        , 1.        , 0.4       ,
       1.        , 1.        , 0.        , 0.73333333, 1.        ,
       1.        , 1.        , 1.        , 1.        , 1.        ,
       1.        , 1.        , 1.        , 1.        , 1.        ,
       1.        , 1.        , 1.        , 0.875     , 1.        ,
       1.        , 0.2       , 1.        , 1.        , 1.        ,
       0.46666667, 0.83333333, 1.        , 1.        , 1.        ,
       1.        , 1.        , 1.        , 1.        , 1.        ,
       1.        , 0.75      , 1.        , 1.        , 1.        ,
       1.        , 1.        , 1.        , 0.26666667, 0.38461538,
       0.85714286, 1.        , 1.        , 1.        , 1.        ]), 'class_mean_width': array([301.60714286, 294.0625    , 303.        , 312.75      ,
       296.96428571, 311.66666667, 300.83333333, 333.33333333,
       303.        , 297.22222222, 290.        , 298.66666667,
       290.        , 303.        , 290.        , 293.25      ,
       290.        , 296.84210526, 290.        , 316.        ,
       303.        , 314.375     , 294.0625    , 303.68421053,
       298.125     , 313.47222222, 292.32142857, 290.        ,
       290.        , 293.61111111, 303.68421053, 290.        ,
       290.        , 290.        , 307.33333333, 334.6875    ,
       299.28571429, 294.33333333, 313.21428571, 302.1875    ,
       294.0625    , 294.0625    , 293.82352941, 294.33333333,
       294.33333333, 298.66666667, 300.83333333, 304.44444444,
       293.42105263, 312.75      , 290.        , 301.47058824,
       324.41176471, 293.61111111, 310.52631579, 337.66666667,
       294.33333333, 290.        , 290.        , 294.33333333,
       343.52941176, 306.25      , 310.52631579, 303.92857143,
       294.33333333, 309.11764706, 297.22222222, 293.82352941,
       300.26315789, 313.21428571, 303.92857143, 311.66666667,
       302.1875    , 320.33333333, 290.        , 337.66666667,
       290.        , 300.26315789, 307.33333333, 290.        ,
       303.68421053, 296.19047619, 335.88235294, 297.64705882,
       290.        , 290.        , 324.21052632, 294.33333333,
       290.        , 298.125     , 290.        , 330.625     ,
       297.64705882, 290.        , 338.75      , 355.        ,
       305.29411765, 298.66666667, 300.        , 300.26315789,
       310.3125    , 294.33333333, 311.66666667, 298.25      ,
       290.        , 294.33333333, 303.        , 314.375     ,
       290.        , 293.25      , 290.        , 303.        ,
       345.71428571, 307.33333333, 316.        , 330.625     ,
       299.28571429, 290.        , 290.        , 294.33333333,
       337.89473684, 322.5       , 310.8       , 290.        ,
       346.875     , 296.84210526, 294.64285714, 297.64705882,
       294.0625    , 290.        , 309.5       , 290.        ,
       294.33333333, 322.5       , 303.        , 290.        ,
       290.        , 300.83333333, 342.        , 290.        ,
       294.33333333, 294.33333333, 333.33333333, 324.66666667,
       292.82608696, 317.36842105, 311.66666667, 290.        ,
       290.        , 294.0625    , 318.88888889, 311.66666667,
       339.70588235, 290.        , 339.70588235, 293.61111111,
       290.        , 293.25      , 290.        , 290.        ,
       298.125     , 293.42105263, 299.28571429, 290.        ,
       290.        , 300.26315789, 307.4       , 290.        ,
       298.66666667, 329.72222222, 293.82352941, 310.3125    ,
       290.        , 324.66666667, 290.        , 290.        ,
       329.        , 302.1875    , 298.66666667, 294.33333333,
       335.88235294, 290.        , 306.25      , 290.        ,
       290.        , 303.        , 290.        , 314.375     ,
       290.        , 290.        , 290.        , 290.        ,
       290.        , 294.33333333, 342.        , 290.        ,
       298.125     , 294.33333333, 290.        , 344.16666667,
       320.33333333, 333.33333333, 294.0625    , 338.75      ,
       330.23809524, 290.        , 295.90909091, 311.66666667,
       293.0952381 , 294.33333333, 294.64285714, 290.        ,
       293.25      , 303.        , 290.        , 334.47368421,
       290.        , 298.66666667, 310.3125    , 305.47619048,
       290.        , 350.9375    , 290.        , 339.125     ,
       330.        , 294.33333333, 307.33333333, 290.        ,
       320.33333333, 294.0625    , 302.38095238, 290.        ,
       299.28571429, 309.11764706, 339.70588235, 316.        ,
       290.        , 306.25      , 290.        , 294.33333333,
       290.        , 292.95454545, 311.66666667, 293.25      ,
       308.57142857, 294.0625    , 294.64285714, 334.6875    ,
       294.0625    , 298.86363636, 294.0625    , 290.        ,
       290.        , 329.72222222, 326.4       , 307.33333333,
       300.83333333, 307.10526316, 290.        , 312.75      ,
       290.        , 298.125     , 290.        , 290.        ,
       290.        , 314.375     , 309.11764706, 290.        ,
       297.22222222, 299.28571429, 303.        , 290.        ,
       311.66666667, 294.33333333, 311.66666667, 346.875     ,
       304.44444444, 326.5625    , 300.        , 294.33333333,
       294.33333333, 293.25      , 311.66666667, 295.65217391,
       298.66666667, 333.97058824, 300.83333333, 290.        ,
       321.08695652, 298.125     , 293.61111111, 290.        ,
       290.        , 294.0625    , 290.        , 290.        ,
       290.        , 290.        , 310.3125    , 320.33333333,
       290.        , 290.        , 329.        , 294.64285714,
       316.        , 290.        , 302.1875    , 290.        ,
       337.66666667, 290.        , 308.05555556, 298.66666667,
       303.92857143, 292.82608696, 290.        , 346.13636364,
       293.42105263, 331.78571429, 290.        , 293.25      ,
       293.42105263, 290.        , 290.        , 346.875     ,
       308.57142857, 290.        , 303.        , 294.0625    ,
       294.33333333, 297.22222222, 320.33333333, 344.16666667,
       294.0625    , 294.33333333, 297.64705882, 292.95454545,
       307.5       , 290.        , 297.64705882, 293.82352941,
       304.13043478, 338.75      , 290.        , 294.0625    ,
       294.33333333, 329.72222222, 290.        , 311.66666667,
       307.33333333, 315.        , 345.71428571, 293.82352941,
       296.84210526, 344.73684211, 304.44444444]), 'class_median_width': array([290. , 290. , 290. , 290. , 290. , 290. , 290. , 355. , 290. ,
       290. , 290. , 290. , 290. , 290. , 290. , 290. , 290. , 290. ,
       290. , 290. , 290. , 290. , 290. , 290. , 290. , 290. , 290. ,
       290. , 290. , 290. , 290. , 290. , 290. , 290. , 290. , 355. ,
       290. , 290. , 290. , 290. , 290. , 290. , 290. , 290. , 290. ,
       290. , 290. , 290. , 290. , 290. , 290. , 290. , 355. , 290. ,
       290. , 355. , 290. , 290. , 290. , 290. , 355. , 290. , 290. ,
       290. , 290. , 290. , 290. , 290. , 290. , 290. , 290. , 290. ,
       290. , 290. , 290. , 355. , 290. , 290. , 290. , 290. , 290. ,
       290. , 355. , 290. , 290. , 290. , 355. , 290. , 290. , 290. ,
       290. , 355. , 290. , 290. , 355. , 355. , 290. , 290. , 290. ,
       290. , 290. , 290. , 290. , 290. , 290. , 290. , 290. , 290. ,
       290. , 290. , 290. , 290. , 355. , 290. , 290. , 355. , 290. ,
       290. , 290. , 290. , 355. , 322.5, 290. , 290. , 355. , 290. ,
       290. , 290. , 290. , 290. , 290. , 290. , 290. , 322.5, 290. ,
       290. , 290. , 290. , 355. , 290. , 290. , 290. , 355. , 355. ,
       290. , 290. , 290. , 290. , 290. , 290. , 290. , 290. , 355. ,
       290. , 355. , 290. , 290. , 290. , 290. , 290. , 290. , 290. ,
       290. , 290. , 290. , 290. , 290. , 290. , 290. , 355. , 290. ,
       290. , 290. , 355. , 290. , 290. , 355. , 290. , 290. , 290. ,
       355. , 290. , 290. , 290. , 290. , 290. , 290. , 290. , 290. ,
       290. , 290. , 290. , 290. , 290. , 355. , 290. , 290. , 290. ,
       290. , 355. , 290. , 355. , 290. , 355. , 355. , 290. , 290. ,
       290. , 290. , 290. , 290. , 290. , 290. , 290. , 290. , 355. ,
       290. , 290. , 290. , 290. , 290. , 355. , 290. , 355. , 355. ,
       290. , 290. , 290. , 290. , 290. , 290. , 290. , 290. , 290. ,
       355. , 290. , 290. , 290. , 290. , 290. , 290. , 290. , 290. ,
       290. , 290. , 290. , 290. , 355. , 290. , 290. , 290. , 290. ,
       290. , 355. , 355. , 290. , 290. , 290. , 290. , 290. , 290. ,
       290. , 290. , 290. , 290. , 290. , 290. , 290. , 290. , 290. ,
       290. , 290. , 290. , 290. , 290. , 355. , 290. , 355. , 290. ,
       290. , 290. , 290. , 290. , 290. , 290. , 355. , 290. , 290. ,
       290. , 290. , 290. , 290. , 290. , 290. , 290. , 290. , 290. ,
       290. , 290. , 290. , 290. , 290. , 355. , 290. , 290. , 290. ,
       290. , 290. , 355. , 290. , 290. , 290. , 290. , 290. , 290. ,
       355. , 290. , 355. , 290. , 290. , 290. , 290. , 290. , 355. ,
       290. , 290. , 290. , 290. , 290. , 290. , 290. , 355. , 290. ,
       290. , 290. , 290. , 290. , 290. , 290. , 290. , 290. , 355. ,
       290. , 290. , 290. , 355. , 290. , 290. , 290. , 290. , 355. ,
       290. , 290. , 355. , 290. ]), 'class_mean_width_scaled': array([0.84959759, 0.82834507, 0.85352113, 0.88098592, 0.83651911,
       0.87793427, 0.84741784, 0.93896714, 0.85352113, 0.8372457 ,
       0.81690141, 0.84131455, 0.81690141, 0.85352113, 0.81690141,
       0.82605634, 0.81690141, 0.83617494, 0.81690141, 0.89014085,
       0.85352113, 0.88556338, 0.82834507, 0.85544848, 0.83978873,
       0.88302034, 0.82344064, 0.81690141, 0.81690141, 0.82707355,
       0.85544848, 0.81690141, 0.81690141, 0.81690141, 0.8657277 ,
       0.94278169, 0.84305835, 0.82910798, 0.88229376, 0.85123239,
       0.82834507, 0.82834507, 0.82767191, 0.82910798, 0.82910798,
       0.84131455, 0.84741784, 0.85758998, 0.82653818, 0.88098592,
       0.81690141, 0.84921292, 0.91383596, 0.82707355, 0.87472202,
       0.95117371, 0.82910798, 0.81690141, 0.81690141, 0.82910798,
       0.96768848, 0.86267606, 0.87472202, 0.85613682, 0.82910798,
       0.87075394, 0.8372457 , 0.82767191, 0.84581171, 0.88229376,
       0.85613682, 0.87793427, 0.85123239, 0.90234742, 0.81690141,
       0.95117371, 0.81690141, 0.84581171, 0.8657277 , 0.81690141,
       0.85544848, 0.83433937, 0.94614747, 0.83844242, 0.81690141,
       0.81690141, 0.91326909, 0.82910798, 0.81690141, 0.83978873,
       0.81690141, 0.93133803, 0.83844242, 0.81690141, 0.95422535,
       1.        , 0.85998343, 0.84131455, 0.84507042, 0.84581171,
       0.87411972, 0.82910798, 0.87793427, 0.84014085, 0.81690141,
       0.82910798, 0.85352113, 0.88556338, 0.81690141, 0.82605634,
       0.81690141, 0.85352113, 0.97384306, 0.8657277 , 0.89014085,
       0.93133803, 0.84305835, 0.81690141, 0.81690141, 0.82910798,
       0.95181616, 0.9084507 , 0.87549296, 0.81690141, 0.97711268,
       0.83617494, 0.82997988, 0.83844242, 0.82834507, 0.81690141,
       0.87183099, 0.81690141, 0.82910798, 0.9084507 , 0.85352113,
       0.81690141, 0.81690141, 0.84741784, 0.96338028, 0.81690141,
       0.82910798, 0.82910798, 0.93896714, 0.91455399, 0.82486222,
       0.89399555, 0.87793427, 0.81690141, 0.81690141, 0.82834507,
       0.89827856, 0.87793427, 0.95691798, 0.81690141, 0.95691798,
       0.82707355, 0.81690141, 0.82605634, 0.81690141, 0.81690141,
       0.83978873, 0.82653818, 0.84305835, 0.81690141, 0.81690141,
       0.84581171, 0.86591549, 0.81690141, 0.84131455, 0.92879499,
       0.82767191, 0.87411972, 0.81690141, 0.91455399, 0.81690141,
       0.81690141, 0.92676056, 0.85123239, 0.84131455, 0.82910798,
       0.94614747, 0.81690141, 0.86267606, 0.81690141, 0.81690141,
       0.85352113, 0.81690141, 0.88556338, 0.81690141, 0.81690141,
       0.81690141, 0.81690141, 0.81690141, 0.82910798, 0.96338028,
       0.81690141, 0.83978873, 0.82910798, 0.81690141, 0.96948357,
       0.90234742, 0.93896714, 0.82834507, 0.95422535, 0.93024816,
       0.81690141, 0.83354673, 0.87793427, 0.82562039, 0.82910798,
       0.82997988, 0.81690141, 0.82605634, 0.85352113, 0.81690141,
       0.94217939, 0.81690141, 0.84131455, 0.87411972, 0.86049631,
       0.81690141, 0.98855634, 0.81690141, 0.95528169, 0.92957746,
       0.82910798, 0.8657277 , 0.81690141, 0.90234742, 0.82834507,
       0.85177733, 0.81690141, 0.84305835, 0.87075394, 0.95691798,
       0.89014085, 0.81690141, 0.86267606, 0.81690141, 0.82910798,
       0.81690141, 0.82522407, 0.87793427, 0.82605634, 0.86921529,
       0.82834507, 0.82997988, 0.94278169, 0.82834507, 0.8418694 ,
       0.82834507, 0.81690141, 0.81690141, 0.92879499, 0.91943662,
       0.8657277 , 0.84741784, 0.86508525, 0.81690141, 0.88098592,
       0.81690141, 0.83978873, 0.81690141, 0.81690141, 0.81690141,
       0.88556338, 0.87075394, 0.81690141, 0.8372457 , 0.84305835,
       0.85352113, 0.81690141, 0.87793427, 0.82910798, 0.87793427,
       0.97711268, 0.85758998, 0.91989437, 0.84507042, 0.82910798,
       0.82910798, 0.82605634, 0.87793427, 0.83282303, 0.84131455,
       0.94076222, 0.84741784, 0.81690141, 0.9044703 , 0.83978873,
       0.82707355, 0.81690141, 0.81690141, 0.82834507, 0.81690141,
       0.81690141, 0.81690141, 0.81690141, 0.87411972, 0.90234742,
       0.81690141, 0.81690141, 0.92676056, 0.82997988, 0.89014085,
       0.81690141, 0.85123239, 0.81690141, 0.95117371, 0.81690141,
       0.86776213, 0.84131455, 0.85613682, 0.82486222, 0.81690141,
       0.97503201, 0.82653818, 0.93460765, 0.81690141, 0.82605634,
       0.82653818, 0.81690141, 0.81690141, 0.97711268, 0.86921529,
       0.81690141, 0.85352113, 0.82834507, 0.82910798, 0.8372457 ,
       0.90234742, 0.96948357, 0.82834507, 0.82910798, 0.83844242,
       0.82522407, 0.86619718, 0.81690141, 0.83844242, 0.82767191,
       0.85670545, 0.95422535, 0.81690141, 0.82834507, 0.82910798,
       0.92879499, 0.81690141, 0.87793427, 0.8657277 , 0.88732394,
       0.97384306, 0.82767191, 0.83617494, 0.9710897 , 0.85758998]), 'class_median_width_scaled': array([0.81690141, 0.81690141, 0.81690141, 0.81690141, 0.81690141,
       0.81690141, 0.81690141, 1.        , 0.81690141, 0.81690141,
       0.81690141, 0.81690141, 0.81690141, 0.81690141, 0.81690141,
       0.81690141, 0.81690141, 0.81690141, 0.81690141, 0.81690141,
       0.81690141, 0.81690141, 0.81690141, 0.81690141, 0.81690141,
       0.81690141, 0.81690141, 0.81690141, 0.81690141, 0.81690141,
       0.81690141, 0.81690141, 0.81690141, 0.81690141, 0.81690141,
       1.        , 0.81690141, 0.81690141, 0.81690141, 0.81690141,
       0.81690141, 0.81690141, 0.81690141, 0.81690141, 0.81690141,
       0.81690141, 0.81690141, 0.81690141, 0.81690141, 0.81690141,
       0.81690141, 0.81690141, 1.        , 0.81690141, 0.81690141,
       1.        , 0.81690141, 0.81690141, 0.81690141, 0.81690141,
       1.        , 0.81690141, 0.81690141, 0.81690141, 0.81690141,
       0.81690141, 0.81690141, 0.81690141, 0.81690141, 0.81690141,
       0.81690141, 0.81690141, 0.81690141, 0.81690141, 0.81690141,
       1.        , 0.81690141, 0.81690141, 0.81690141, 0.81690141,
       0.81690141, 0.81690141, 1.        , 0.81690141, 0.81690141,
       0.81690141, 1.        , 0.81690141, 0.81690141, 0.81690141,
       0.81690141, 1.        , 0.81690141, 0.81690141, 1.        ,
       1.        , 0.81690141, 0.81690141, 0.81690141, 0.81690141,
       0.81690141, 0.81690141, 0.81690141, 0.81690141, 0.81690141,
       0.81690141, 0.81690141, 0.81690141, 0.81690141, 0.81690141,
       0.81690141, 0.81690141, 1.        , 0.81690141, 0.81690141,
       1.        , 0.81690141, 0.81690141, 0.81690141, 0.81690141,
       1.        , 0.9084507 , 0.81690141, 0.81690141, 1.        ,
       0.81690141, 0.81690141, 0.81690141, 0.81690141, 0.81690141,
       0.81690141, 0.81690141, 0.81690141, 0.9084507 , 0.81690141,
       0.81690141, 0.81690141, 0.81690141, 1.        , 0.81690141,
       0.81690141, 0.81690141, 1.        , 1.        , 0.81690141,
       0.81690141, 0.81690141, 0.81690141, 0.81690141, 0.81690141,
       0.81690141, 0.81690141, 1.        , 0.81690141, 1.        ,
       0.81690141, 0.81690141, 0.81690141, 0.81690141, 0.81690141,
       0.81690141, 0.81690141, 0.81690141, 0.81690141, 0.81690141,
       0.81690141, 0.81690141, 0.81690141, 0.81690141, 1.        ,
       0.81690141, 0.81690141, 0.81690141, 1.        , 0.81690141,
       0.81690141, 1.        , 0.81690141, 0.81690141, 0.81690141,
       1.        , 0.81690141, 0.81690141, 0.81690141, 0.81690141,
       0.81690141, 0.81690141, 0.81690141, 0.81690141, 0.81690141,
       0.81690141, 0.81690141, 0.81690141, 0.81690141, 1.        ,
       0.81690141, 0.81690141, 0.81690141, 0.81690141, 1.        ,
       0.81690141, 1.        , 0.81690141, 1.        , 1.        ,
       0.81690141, 0.81690141, 0.81690141, 0.81690141, 0.81690141,
       0.81690141, 0.81690141, 0.81690141, 0.81690141, 0.81690141,
       1.        , 0.81690141, 0.81690141, 0.81690141, 0.81690141,
       0.81690141, 1.        , 0.81690141, 1.        , 1.        ,
       0.81690141, 0.81690141, 0.81690141, 0.81690141, 0.81690141,
       0.81690141, 0.81690141, 0.81690141, 0.81690141, 1.        ,
       0.81690141, 0.81690141, 0.81690141, 0.81690141, 0.81690141,
       0.81690141, 0.81690141, 0.81690141, 0.81690141, 0.81690141,
       0.81690141, 0.81690141, 1.        , 0.81690141, 0.81690141,
       0.81690141, 0.81690141, 0.81690141, 1.        , 1.        ,
       0.81690141, 0.81690141, 0.81690141, 0.81690141, 0.81690141,
       0.81690141, 0.81690141, 0.81690141, 0.81690141, 0.81690141,
       0.81690141, 0.81690141, 0.81690141, 0.81690141, 0.81690141,
       0.81690141, 0.81690141, 0.81690141, 0.81690141, 0.81690141,
       1.        , 0.81690141, 1.        , 0.81690141, 0.81690141,
       0.81690141, 0.81690141, 0.81690141, 0.81690141, 0.81690141,
       1.        , 0.81690141, 0.81690141, 0.81690141, 0.81690141,
       0.81690141, 0.81690141, 0.81690141, 0.81690141, 0.81690141,
       0.81690141, 0.81690141, 0.81690141, 0.81690141, 0.81690141,
       0.81690141, 0.81690141, 1.        , 0.81690141, 0.81690141,
       0.81690141, 0.81690141, 0.81690141, 1.        , 0.81690141,
       0.81690141, 0.81690141, 0.81690141, 0.81690141, 0.81690141,
       1.        , 0.81690141, 1.        , 0.81690141, 0.81690141,
       0.81690141, 0.81690141, 0.81690141, 1.        , 0.81690141,
       0.81690141, 0.81690141, 0.81690141, 0.81690141, 0.81690141,
       0.81690141, 1.        , 0.81690141, 0.81690141, 0.81690141,
       0.81690141, 0.81690141, 0.81690141, 0.81690141, 0.81690141,
       0.81690141, 1.        , 0.81690141, 0.81690141, 0.81690141,
       1.        , 0.81690141, 0.81690141, 0.81690141, 0.81690141,
       1.        , 0.81690141, 0.81690141, 1.        , 0.81690141])}

split_conformal_topk_MLP full class metrics: {'class_coverage': array([1.        , 1.        , 1.        , 1.        , 1.        ,
       0.33333333, 1.        , 0.66666667, 0.2       , 1.        ,
       1.        , 1.        , 1.        , 1.        , 1.        ,
       1.        , 1.        , 1.        , 1.        , 1.        ,
       0.2       , 1.        , 1.        , 1.        , 1.        ,
       1.        , 1.        , 1.        , 1.        , 1.        ,
       1.        , 0.        , 1.        , 1.        , 1.        ,
       0.6875    , 1.        , 1.        , 0.35714286, 1.        ,
       1.        , 1.        , 1.        , 1.        , 1.        ,
       1.        , 1.        , 1.        , 1.        , 1.        ,
       1.        , 1.        , 1.        , 1.        , 0.31578947,
       1.        , 1.        , 1.        , 1.        , 1.        ,
       0.82352941, 1.        , 1.        , 0.21428571, 1.        ,
       1.        , 1.        , 1.        , 1.        , 1.        ,
       1.        , 1.        , 0.1875    , 1.        , 1.        ,
       1.        , 1.        , 1.        , 0.26666667, 1.        ,
       1.        , 1.        , 1.        , 1.        , 1.        ,
       1.        , 1.        , 1.        , 1.        , 1.        ,
       0.        , 1.        , 1.        , 1.        , 1.        ,
       1.        , 1.        , 1.        , 1.        , 1.        ,
       1.        , 1.        , 1.        , 1.        , 1.        ,
       1.        , 1.        , 0.375     , 1.        , 1.        ,
       1.        , 1.        , 1.        , 0.26666667, 1.        ,
       0.625     , 1.        , 0.        , 1.        , 1.        ,
       0.73684211, 1.        , 1.        , 1.        , 0.875     ,
       1.        , 1.        , 1.        , 1.        , 1.        ,
       1.        , 1.        , 1.        , 1.        , 1.        ,
       1.        , 1.        , 0.16666667, 0.8       , 1.        ,
       1.        , 0.06666667, 1.        , 1.        , 1.        ,
       1.        , 1.        , 1.        , 1.        , 1.        ,
       0.5       , 1.        , 1.        , 1.        , 0.76470588,
       1.        , 1.        , 1.        , 1.        , 1.        ,
       1.        , 1.        , 0.14285714, 1.        , 1.        ,
       1.        , 1.        , 1.        , 1.        , 0.61111111,
       1.        , 1.        , 1.        , 0.53333333, 1.        ,
       0.        , 0.6       , 1.        , 1.        , 1.        ,
       0.70588235, 1.        , 1.        , 1.        , 1.        ,
       1.        , 1.        , 1.        , 1.        , 1.        ,
       1.        , 1.        , 1.        , 1.        , 0.8       ,
       0.        , 1.        , 1.        , 1.        , 0.83333333,
       1.        , 1.        , 1.        , 0.75      , 1.        ,
       1.        , 1.        , 0.33333333, 1.        , 1.        ,
       1.        , 1.        , 1.        , 0.93333333, 1.        ,
       0.68421053, 1.        , 0.13333333, 1.        , 1.        ,
       1.        , 0.9375    , 1.        , 0.75      , 0.61538462,
       0.06666667, 0.26666667, 1.        , 0.46666667, 1.        ,
       1.        , 1.        , 1.        , 1.        , 0.76470588,
       0.4       , 1.        , 1.        , 1.        , 0.93333333,
       1.        , 1.        , 1.        , 1.        , 1.        ,
       1.        , 1.        , 0.6875    , 1.        , 1.        ,
       1.        , 1.        , 1.        , 0.66666667, 1.        ,
       1.        , 0.16666667, 1.        , 1.        , 1.        ,
       1.        , 1.        , 1.        , 1.        , 1.        ,
       1.        , 1.        , 1.        , 1.        , 1.        ,
       1.        , 1.        , 0.33333333, 1.        , 1.        ,
       0.875     , 1.        , 0.5625    , 0.15384615, 1.        ,
       1.        , 1.        , 1.        , 1.        , 1.        ,
       1.        , 1.        , 1.        , 1.        , 1.        ,
       1.        , 1.        , 1.        , 0.0625    , 1.        ,
       1.        , 1.        , 1.        , 1.        , 1.        ,
       1.        , 1.        , 1.        , 1.        , 0.4       ,
       1.        , 1.        , 0.        , 0.73333333, 1.        ,
       1.        , 1.        , 1.        , 1.        , 1.        ,
       1.        , 1.        , 1.        , 1.        , 1.        ,
       1.        , 1.        , 1.        , 0.875     , 1.        ,
       1.        , 0.2       , 1.        , 1.        , 1.        ,
       0.46666667, 0.83333333, 1.        , 1.        , 1.        ,
       1.        , 1.        , 1.        , 1.        , 1.        ,
       1.        , 0.75      , 1.        , 1.        , 1.        ,
       1.        , 1.        , 1.        , 0.26666667, 0.38461538,
       0.85714286, 1.        , 1.        , 1.        , 1.        ]), 'class_mean_width': array([301.60714286, 294.0625    , 303.        , 312.75      ,
       296.96428571, 311.66666667, 300.83333333, 333.33333333,
       303.        , 297.22222222, 290.        , 298.66666667,
       290.        , 303.        , 290.        , 293.25      ,
       290.        , 296.84210526, 290.        , 316.        ,
       303.        , 314.375     , 294.0625    , 303.68421053,
       298.125     , 313.47222222, 292.32142857, 290.        ,
       290.        , 293.61111111, 303.68421053, 290.        ,
       290.        , 290.        , 307.33333333, 334.6875    ,
       299.28571429, 294.33333333, 313.21428571, 302.1875    ,
       294.0625    , 294.0625    , 293.82352941, 294.33333333,
       294.33333333, 298.66666667, 300.83333333, 304.44444444,
       293.42105263, 312.75      , 290.        , 301.47058824,
       324.41176471, 293.61111111, 310.52631579, 337.66666667,
       294.33333333, 290.        , 290.        , 294.33333333,
       343.52941176, 306.25      , 310.52631579, 303.92857143,
       294.33333333, 309.11764706, 297.22222222, 293.82352941,
       300.26315789, 313.21428571, 303.92857143, 311.66666667,
       302.1875    , 320.33333333, 290.        , 337.66666667,
       290.        , 300.26315789, 307.33333333, 290.        ,
       303.68421053, 296.19047619, 335.88235294, 297.64705882,
       290.        , 290.        , 324.21052632, 294.33333333,
       290.        , 298.125     , 290.        , 330.625     ,
       297.64705882, 290.        , 338.75      , 355.        ,
       305.29411765, 298.66666667, 300.        , 300.26315789,
       310.3125    , 294.33333333, 311.66666667, 298.25      ,
       290.        , 294.33333333, 303.        , 314.375     ,
       290.        , 293.25      , 290.        , 303.        ,
       345.71428571, 307.33333333, 316.        , 330.625     ,
       299.28571429, 290.        , 290.        , 294.33333333,
       337.89473684, 322.5       , 310.8       , 290.        ,
       346.875     , 296.84210526, 294.64285714, 297.64705882,
       294.0625    , 290.        , 309.5       , 290.        ,
       294.33333333, 322.5       , 303.        , 290.        ,
       290.        , 300.83333333, 342.        , 290.        ,
       294.33333333, 294.33333333, 333.33333333, 324.66666667,
       292.82608696, 317.36842105, 311.66666667, 290.        ,
       290.        , 294.0625    , 318.88888889, 311.66666667,
       339.70588235, 290.        , 339.70588235, 293.61111111,
       290.        , 293.25      , 290.        , 290.        ,
       298.125     , 293.42105263, 299.28571429, 290.        ,
       290.        , 300.26315789, 307.4       , 290.        ,
       298.66666667, 329.72222222, 293.82352941, 310.3125    ,
       290.        , 324.66666667, 290.        , 290.        ,
       329.        , 302.1875    , 298.66666667, 294.33333333,
       335.88235294, 290.        , 306.25      , 290.        ,
       290.        , 303.        , 290.        , 314.375     ,
       290.        , 290.        , 290.        , 290.        ,
       290.        , 294.33333333, 342.        , 290.        ,
       298.125     , 294.33333333, 290.        , 344.16666667,
       320.33333333, 333.33333333, 294.0625    , 338.75      ,
       330.23809524, 290.        , 295.90909091, 311.66666667,
       293.0952381 , 294.33333333, 294.64285714, 290.        ,
       293.25      , 303.        , 290.        , 334.47368421,
       290.        , 298.66666667, 310.3125    , 305.47619048,
       290.        , 350.9375    , 290.        , 339.125     ,
       330.        , 294.33333333, 307.33333333, 290.        ,
       320.33333333, 294.0625    , 302.38095238, 290.        ,
       299.28571429, 309.11764706, 339.70588235, 316.        ,
       290.        , 306.25      , 290.        , 294.33333333,
       290.        , 292.95454545, 311.66666667, 293.25      ,
       308.57142857, 294.0625    , 294.64285714, 334.6875    ,
       294.0625    , 298.86363636, 294.0625    , 290.        ,
       290.        , 329.72222222, 326.4       , 307.33333333,
       300.83333333, 307.10526316, 290.        , 312.75      ,
       290.        , 298.125     , 290.        , 290.        ,
       290.        , 314.375     , 309.11764706, 290.        ,
       297.22222222, 299.28571429, 303.        , 290.        ,
       311.66666667, 294.33333333, 311.66666667, 346.875     ,
       304.44444444, 326.5625    , 300.        , 294.33333333,
       294.33333333, 293.25      , 311.66666667, 295.65217391,
       298.66666667, 333.97058824, 300.83333333, 290.        ,
       321.08695652, 298.125     , 293.61111111, 290.        ,
       290.        , 294.0625    , 290.        , 290.        ,
       290.        , 290.        , 310.3125    , 320.33333333,
       290.        , 290.        , 329.        , 294.64285714,
       316.        , 290.        , 302.1875    , 290.        ,
       337.66666667, 290.        , 308.05555556, 298.66666667,
       303.92857143, 292.82608696, 290.        , 346.13636364,
       293.42105263, 331.78571429, 290.        , 293.25      ,
       293.42105263, 290.        , 290.        , 346.875     ,
       308.57142857, 290.        , 303.        , 294.0625    ,
       294.33333333, 297.22222222, 320.33333333, 344.16666667,
       294.0625    , 294.33333333, 297.64705882, 292.95454545,
       307.5       , 290.        , 297.64705882, 293.82352941,
       304.13043478, 338.75      , 290.        , 294.0625    ,
       294.33333333, 329.72222222, 290.        , 311.66666667,
       307.33333333, 315.        , 345.71428571, 293.82352941,
       296.84210526, 344.73684211, 304.44444444]), 'class_median_width': array([290. , 290. , 290. , 290. , 290. , 290. , 290. , 355. , 290. ,
       290. , 290. , 290. , 290. , 290. , 290. , 290. , 290. , 290. ,
       290. , 290. , 290. , 290. , 290. , 290. , 290. , 290. , 290. ,
       290. , 290. , 290. , 290. , 290. , 290. , 290. , 290. , 355. ,
       290. , 290. , 290. , 290. , 290. , 290. , 290. , 290. , 290. ,
       290. , 290. , 290. , 290. , 290. , 290. , 290. , 355. , 290. ,
       290. , 355. , 290. , 290. , 290. , 290. , 355. , 290. , 290. ,
       290. , 290. , 290. , 290. , 290. , 290. , 290. , 290. , 290. ,
       290. , 290. , 290. , 355. , 290. , 290. , 290. , 290. , 290. ,
       290. , 355. , 290. , 290. , 290. , 355. , 290. , 290. , 290. ,
       290. , 355. , 290. , 290. , 355. , 355. , 290. , 290. , 290. ,
       290. , 290. , 290. , 290. , 290. , 290. , 290. , 290. , 290. ,
       290. , 290. , 290. , 290. , 355. , 290. , 290. , 355. , 290. ,
       290. , 290. , 290. , 355. , 322.5, 290. , 290. , 355. , 290. ,
       290. , 290. , 290. , 290. , 290. , 290. , 290. , 322.5, 290. ,
       290. , 290. , 290. , 355. , 290. , 290. , 290. , 355. , 355. ,
       290. , 290. , 290. , 290. , 290. , 290. , 290. , 290. , 355. ,
       290. , 355. , 290. , 290. , 290. , 290. , 290. , 290. , 290. ,
       290. , 290. , 290. , 290. , 290. , 290. , 290. , 355. , 290. ,
       290. , 290. , 355. , 290. , 290. , 355. , 290. , 290. , 290. ,
       355. , 290. , 290. , 290. , 290. , 290. , 290. , 290. , 290. ,
       290. , 290. , 290. , 290. , 290. , 355. , 290. , 290. , 290. ,
       290. , 355. , 290. , 355. , 290. , 355. , 355. , 290. , 290. ,
       290. , 290. , 290. , 290. , 290. , 290. , 290. , 290. , 355. ,
       290. , 290. , 290. , 290. , 290. , 355. , 290. , 355. , 355. ,
       290. , 290. , 290. , 290. , 290. , 290. , 290. , 290. , 290. ,
       355. , 290. , 290. , 290. , 290. , 290. , 290. , 290. , 290. ,
       290. , 290. , 290. , 290. , 355. , 290. , 290. , 290. , 290. ,
       290. , 355. , 355. , 290. , 290. , 290. , 290. , 290. , 290. ,
       290. , 290. , 290. , 290. , 290. , 290. , 290. , 290. , 290. ,
       290. , 290. , 290. , 290. , 290. , 355. , 290. , 355. , 290. ,
       290. , 290. , 290. , 290. , 290. , 290. , 355. , 290. , 290. ,
       290. , 290. , 290. , 290. , 290. , 290. , 290. , 290. , 290. ,
       290. , 290. , 290. , 290. , 290. , 355. , 290. , 290. , 290. ,
       290. , 290. , 355. , 290. , 290. , 290. , 290. , 290. , 290. ,
       355. , 290. , 355. , 290. , 290. , 290. , 290. , 290. , 355. ,
       290. , 290. , 290. , 290. , 290. , 290. , 290. , 355. , 290. ,
       290. , 290. , 290. , 290. , 290. , 290. , 290. , 290. , 355. ,
       290. , 290. , 290. , 355. , 290. , 290. , 290. , 290. , 355. ,
       290. , 290. , 355. , 290. ]), 'class_mean_width_scaled': array([0.84959759, 0.82834507, 0.85352113, 0.88098592, 0.83651911,
       0.87793427, 0.84741784, 0.93896714, 0.85352113, 0.8372457 ,
       0.81690141, 0.84131455, 0.81690141, 0.85352113, 0.81690141,
       0.82605634, 0.81690141, 0.83617494, 0.81690141, 0.89014085,
       0.85352113, 0.88556338, 0.82834507, 0.85544848, 0.83978873,
       0.88302034, 0.82344064, 0.81690141, 0.81690141, 0.82707355,
       0.85544848, 0.81690141, 0.81690141, 0.81690141, 0.8657277 ,
       0.94278169, 0.84305835, 0.82910798, 0.88229376, 0.85123239,
       0.82834507, 0.82834507, 0.82767191, 0.82910798, 0.82910798,
       0.84131455, 0.84741784, 0.85758998, 0.82653818, 0.88098592,
       0.81690141, 0.84921292, 0.91383596, 0.82707355, 0.87472202,
       0.95117371, 0.82910798, 0.81690141, 0.81690141, 0.82910798,
       0.96768848, 0.86267606, 0.87472202, 0.85613682, 0.82910798,
       0.87075394, 0.8372457 , 0.82767191, 0.84581171, 0.88229376,
       0.85613682, 0.87793427, 0.85123239, 0.90234742, 0.81690141,
       0.95117371, 0.81690141, 0.84581171, 0.8657277 , 0.81690141,
       0.85544848, 0.83433937, 0.94614747, 0.83844242, 0.81690141,
       0.81690141, 0.91326909, 0.82910798, 0.81690141, 0.83978873,
       0.81690141, 0.93133803, 0.83844242, 0.81690141, 0.95422535,
       1.        , 0.85998343, 0.84131455, 0.84507042, 0.84581171,
       0.87411972, 0.82910798, 0.87793427, 0.84014085, 0.81690141,
       0.82910798, 0.85352113, 0.88556338, 0.81690141, 0.82605634,
       0.81690141, 0.85352113, 0.97384306, 0.8657277 , 0.89014085,
       0.93133803, 0.84305835, 0.81690141, 0.81690141, 0.82910798,
       0.95181616, 0.9084507 , 0.87549296, 0.81690141, 0.97711268,
       0.83617494, 0.82997988, 0.83844242, 0.82834507, 0.81690141,
       0.87183099, 0.81690141, 0.82910798, 0.9084507 , 0.85352113,
       0.81690141, 0.81690141, 0.84741784, 0.96338028, 0.81690141,
       0.82910798, 0.82910798, 0.93896714, 0.91455399, 0.82486222,
       0.89399555, 0.87793427, 0.81690141, 0.81690141, 0.82834507,
       0.89827856, 0.87793427, 0.95691798, 0.81690141, 0.95691798,
       0.82707355, 0.81690141, 0.82605634, 0.81690141, 0.81690141,
       0.83978873, 0.82653818, 0.84305835, 0.81690141, 0.81690141,
       0.84581171, 0.86591549, 0.81690141, 0.84131455, 0.92879499,
       0.82767191, 0.87411972, 0.81690141, 0.91455399, 0.81690141,
       0.81690141, 0.92676056, 0.85123239, 0.84131455, 0.82910798,
       0.94614747, 0.81690141, 0.86267606, 0.81690141, 0.81690141,
       0.85352113, 0.81690141, 0.88556338, 0.81690141, 0.81690141,
       0.81690141, 0.81690141, 0.81690141, 0.82910798, 0.96338028,
       0.81690141, 0.83978873, 0.82910798, 0.81690141, 0.96948357,
       0.90234742, 0.93896714, 0.82834507, 0.95422535, 0.93024816,
       0.81690141, 0.83354673, 0.87793427, 0.82562039, 0.82910798,
       0.82997988, 0.81690141, 0.82605634, 0.85352113, 0.81690141,
       0.94217939, 0.81690141, 0.84131455, 0.87411972, 0.86049631,
       0.81690141, 0.98855634, 0.81690141, 0.95528169, 0.92957746,
       0.82910798, 0.8657277 , 0.81690141, 0.90234742, 0.82834507,
       0.85177733, 0.81690141, 0.84305835, 0.87075394, 0.95691798,
       0.89014085, 0.81690141, 0.86267606, 0.81690141, 0.82910798,
       0.81690141, 0.82522407, 0.87793427, 0.82605634, 0.86921529,
       0.82834507, 0.82997988, 0.94278169, 0.82834507, 0.8418694 ,
       0.82834507, 0.81690141, 0.81690141, 0.92879499, 0.91943662,
       0.8657277 , 0.84741784, 0.86508525, 0.81690141, 0.88098592,
       0.81690141, 0.83978873, 0.81690141, 0.81690141, 0.81690141,
       0.88556338, 0.87075394, 0.81690141, 0.8372457 , 0.84305835,
       0.85352113, 0.81690141, 0.87793427, 0.82910798, 0.87793427,
       0.97711268, 0.85758998, 0.91989437, 0.84507042, 0.82910798,
       0.82910798, 0.82605634, 0.87793427, 0.83282303, 0.84131455,
       0.94076222, 0.84741784, 0.81690141, 0.9044703 , 0.83978873,
       0.82707355, 0.81690141, 0.81690141, 0.82834507, 0.81690141,
       0.81690141, 0.81690141, 0.81690141, 0.87411972, 0.90234742,
       0.81690141, 0.81690141, 0.92676056, 0.82997988, 0.89014085,
       0.81690141, 0.85123239, 0.81690141, 0.95117371, 0.81690141,
       0.86776213, 0.84131455, 0.85613682, 0.82486222, 0.81690141,
       0.97503201, 0.82653818, 0.93460765, 0.81690141, 0.82605634,
       0.82653818, 0.81690141, 0.81690141, 0.97711268, 0.86921529,
       0.81690141, 0.85352113, 0.82834507, 0.82910798, 0.8372457 ,
       0.90234742, 0.96948357, 0.82834507, 0.82910798, 0.83844242,
       0.82522407, 0.86619718, 0.81690141, 0.83844242, 0.82767191,
       0.85670545, 0.95422535, 0.81690141, 0.82834507, 0.82910798,
       0.92879499, 0.81690141, 0.87793427, 0.8657277 , 0.88732394,
       0.97384306, 0.82767191, 0.83617494, 0.9710897 , 0.85758998]), 'class_median_width_scaled': array([0.81690141, 0.81690141, 0.81690141, 0.81690141, 0.81690141,
       0.81690141, 0.81690141, 1.        , 0.81690141, 0.81690141,
       0.81690141, 0.81690141, 0.81690141, 0.81690141, 0.81690141,
       0.81690141, 0.81690141, 0.81690141, 0.81690141, 0.81690141,
       0.81690141, 0.81690141, 0.81690141, 0.81690141, 0.81690141,
       0.81690141, 0.81690141, 0.81690141, 0.81690141, 0.81690141,
       0.81690141, 0.81690141, 0.81690141, 0.81690141, 0.81690141,
       1.        , 0.81690141, 0.81690141, 0.81690141, 0.81690141,
       0.81690141, 0.81690141, 0.81690141, 0.81690141, 0.81690141,
       0.81690141, 0.81690141, 0.81690141, 0.81690141, 0.81690141,
       0.81690141, 0.81690141, 1.        , 0.81690141, 0.81690141,
       1.        , 0.81690141, 0.81690141, 0.81690141, 0.81690141,
       1.        , 0.81690141, 0.81690141, 0.81690141, 0.81690141,
       0.81690141, 0.81690141, 0.81690141, 0.81690141, 0.81690141,
       0.81690141, 0.81690141, 0.81690141, 0.81690141, 0.81690141,
       1.        , 0.81690141, 0.81690141, 0.81690141, 0.81690141,
       0.81690141, 0.81690141, 1.        , 0.81690141, 0.81690141,
       0.81690141, 1.        , 0.81690141, 0.81690141, 0.81690141,
       0.81690141, 1.        , 0.81690141, 0.81690141, 1.        ,
       1.        , 0.81690141, 0.81690141, 0.81690141, 0.81690141,
       0.81690141, 0.81690141, 0.81690141, 0.81690141, 0.81690141,
       0.81690141, 0.81690141, 0.81690141, 0.81690141, 0.81690141,
       0.81690141, 0.81690141, 1.        , 0.81690141, 0.81690141,
       1.        , 0.81690141, 0.81690141, 0.81690141, 0.81690141,
       1.        , 0.9084507 , 0.81690141, 0.81690141, 1.        ,
       0.81690141, 0.81690141, 0.81690141, 0.81690141, 0.81690141,
       0.81690141, 0.81690141, 0.81690141, 0.9084507 , 0.81690141,
       0.81690141, 0.81690141, 0.81690141, 1.        , 0.81690141,
       0.81690141, 0.81690141, 1.        , 1.        , 0.81690141,
       0.81690141, 0.81690141, 0.81690141, 0.81690141, 0.81690141,
       0.81690141, 0.81690141, 1.        , 0.81690141, 1.        ,
       0.81690141, 0.81690141, 0.81690141, 0.81690141, 0.81690141,
       0.81690141, 0.81690141, 0.81690141, 0.81690141, 0.81690141,
       0.81690141, 0.81690141, 0.81690141, 0.81690141, 1.        ,
       0.81690141, 0.81690141, 0.81690141, 1.        , 0.81690141,
       0.81690141, 1.        , 0.81690141, 0.81690141, 0.81690141,
       1.        , 0.81690141, 0.81690141, 0.81690141, 0.81690141,
       0.81690141, 0.81690141, 0.81690141, 0.81690141, 0.81690141,
       0.81690141, 0.81690141, 0.81690141, 0.81690141, 1.        ,
       0.81690141, 0.81690141, 0.81690141, 0.81690141, 1.        ,
       0.81690141, 1.        , 0.81690141, 1.        , 1.        ,
       0.81690141, 0.81690141, 0.81690141, 0.81690141, 0.81690141,
       0.81690141, 0.81690141, 0.81690141, 0.81690141, 0.81690141,
       1.        , 0.81690141, 0.81690141, 0.81690141, 0.81690141,
       0.81690141, 1.        , 0.81690141, 1.        , 1.        ,
       0.81690141, 0.81690141, 0.81690141, 0.81690141, 0.81690141,
       0.81690141, 0.81690141, 0.81690141, 0.81690141, 1.        ,
       0.81690141, 0.81690141, 0.81690141, 0.81690141, 0.81690141,
       0.81690141, 0.81690141, 0.81690141, 0.81690141, 0.81690141,
       0.81690141, 0.81690141, 1.        , 0.81690141, 0.81690141,
       0.81690141, 0.81690141, 0.81690141, 1.        , 1.        ,
       0.81690141, 0.81690141, 0.81690141, 0.81690141, 0.81690141,
       0.81690141, 0.81690141, 0.81690141, 0.81690141, 0.81690141,
       0.81690141, 0.81690141, 0.81690141, 0.81690141, 0.81690141,
       0.81690141, 0.81690141, 0.81690141, 0.81690141, 0.81690141,
       1.        , 0.81690141, 1.        , 0.81690141, 0.81690141,
       0.81690141, 0.81690141, 0.81690141, 0.81690141, 0.81690141,
       1.        , 0.81690141, 0.81690141, 0.81690141, 0.81690141,
       0.81690141, 0.81690141, 0.81690141, 0.81690141, 0.81690141,
       0.81690141, 0.81690141, 0.81690141, 0.81690141, 0.81690141,
       0.81690141, 0.81690141, 1.        , 0.81690141, 0.81690141,
       0.81690141, 0.81690141, 0.81690141, 1.        , 0.81690141,
       0.81690141, 0.81690141, 0.81690141, 0.81690141, 0.81690141,
       1.        , 0.81690141, 1.        , 0.81690141, 0.81690141,
       0.81690141, 0.81690141, 0.81690141, 1.        , 0.81690141,
       0.81690141, 0.81690141, 0.81690141, 0.81690141, 0.81690141,
       0.81690141, 1.        , 0.81690141, 0.81690141, 0.81690141,
       0.81690141, 0.81690141, 0.81690141, 0.81690141, 0.81690141,
       0.81690141, 1.        , 0.81690141, 0.81690141, 0.81690141,
       1.        , 0.81690141, 0.81690141, 0.81690141, 0.81690141,
       1.        , 0.81690141, 0.81690141, 1.        , 0.81690141])}

Job completed at Thu Mar 20 05:04:45 PM PDT 2025
