Starting job at Wed Mar 19 06:19:46 PM PDT 2025
Job parameters:
Dataset: data_cover_type
UQ Method: split_conformal_aps
Estimator: XGBoost
Seed: 783
Train Size: 0.8
Running split_conformal_aps on data_cover_type with seed 783 and train size 0.8

starting experiment

data created

Fitting split_conformal_aps_XGBoost on data_cover_type with seed 783

split_conformal_aps_XGBoost metrics: {'coverage': np.float64(0.905), 'mean_width': np.float64(15.8935), 'median_width': np.float64(12.0), 'mean_width_scaled': np.float64(0.158935), 'median_width_scaled': np.float64(0.12)}

split_conformal_aps_XGBoost full metrics: {'coverage': np.float64(0.905), 'mean_width': np.float64(15.8935), 'median_width': np.float64(12.0), 'mean_width_scaled': np.float64(0.158935), 'median_width_scaled': np.float64(0.12)}

split_conformal_aps_XGBoost class metrics: {'class_coverage': array([0.9 , 0.7 , 0.9 , 1.  , 1.  , 0.95, 1.  , 0.8 , 0.95, 0.95, 0.95,
       1.  , 0.95, 1.  , 0.8 , 0.95, 0.95, 1.  , 0.9 , 0.8 , 1.  , 1.  ,
       0.95, 1.  , 0.9 , 0.85, 0.95, 0.85, 0.85, 0.85, 0.85, 0.75, 0.95,
       1.  , 0.95, 0.7 , 0.8 , 0.75, 0.65, 0.9 , 0.85, 0.95, 0.95, 1.  ,
       1.  , 1.  , 1.  , 1.  , 1.  , 0.85, 0.9 , 1.  , 0.9 , 1.  , 0.7 ,
       1.  , 0.7 , 0.95, 0.8 , 0.9 , 0.85, 0.8 , 1.  , 0.95, 0.85, 0.85,
       1.  , 0.95, 0.75, 0.9 , 1.  , 0.95, 1.  , 0.8 , 0.95, 0.85, 1.  ,
       0.8 , 1.  , 0.85, 0.8 , 1.  , 0.85, 1.  , 0.9 , 0.9 , 0.8 , 1.  ,
       0.75, 0.85, 0.8 , 1.  , 0.75, 0.9 , 1.  , 1.  , 0.85, 1.  , 0.85,
       1.  ]), 'class_mean_width': array([16.05, 24.8 , 15.05, 12.3 , 22.5 , 26.1 , 15.85, 27.2 , 18.8 ,
       20.65, 18.05, 15.7 , 18.  , 26.85, 18.  , 18.25, 16.35,  8.95,
       11.  ,  9.65, 11.85, 16.2 , 18.5 ,  5.15, 24.15, 20.55,  3.55,
       19.75, 18.4 , 15.45, 11.95, 18.25, 15.7 , 13.75,  9.25, 18.  ,
       20.6 , 21.5 , 23.1 , 18.2 , 14.  , 18.45, 30.7 ,  5.25, 12.2 ,
       23.95,  9.15, 10.  , 14.85, 15.8 , 19.8 , 13.3 , 13.4 , 28.2 ,
       20.8 , 17.3 , 23.2 , 13.85, 14.95,  5.5 , 17.8 , 23.5 , 23.2 ,
        9.7 , 21.55, 33.35, 21.8 ,  9.45, 22.8 , 29.05, 27.3 , 12.65,
        7.15, 19.85,  9.65,  7.65,  5.75, 11.5 , 10.2 , 11.2 , 14.9 ,
       13.4 , 13.35, 13.3 ,  8.35,  4.7 , 10.15, 17.2 ,  8.45, 13.8 ,
       15.7 , 10.1 , 16.75, 15.3 ,  5.95, 10.45, 17.1 , 10.3 , 19.05,
        7.35]), 'class_median_width': array([10. , 24. , 15.5,  9. , 18. , 23. , 13. , 27. , 16. , 15.5, 13.5,
       13.5, 16. , 25. , 14. , 17. ,  8. ,  9. , 11. ,  7.5, 11. , 13. ,
       18. ,  5. , 24.5, 18.5,  1. , 19. , 16.5,  9.5, 10. , 16. , 13. ,
        9.5,  3. , 14.5, 15.5, 18.5, 21. , 20.5, 15. , 14.5, 29.5,  3. ,
        5.5, 22. ,  4.5,  2. ,  5.5, 16. , 21.5, 12.5, 12. , 30.5, 16. ,
       15.5, 26. , 11. , 10.5,  2. , 15. , 24.5, 16.5,  6.5, 17.5, 34. ,
       23. ,  6.5, 23. , 26. , 26.5,  9.5,  5. , 16.5,  7. ,  5. ,  4. ,
       10. ,  9. , 10.5, 15.5,  8. , 14.5,  3. ,  7.5,  4. ,  6. , 14.5,
        8.5,  8. , 12. ,  6. , 16. ,  6.5,  3. ,  8. , 15. ,  8.5, 17. ,
        7. ]), 'class_mean_width_scaled': array([0.1605, 0.248 , 0.1505, 0.123 , 0.225 , 0.261 , 0.1585, 0.272 ,
       0.188 , 0.2065, 0.1805, 0.157 , 0.18  , 0.2685, 0.18  , 0.1825,
       0.1635, 0.0895, 0.11  , 0.0965, 0.1185, 0.162 , 0.185 , 0.0515,
       0.2415, 0.2055, 0.0355, 0.1975, 0.184 , 0.1545, 0.1195, 0.1825,
       0.157 , 0.1375, 0.0925, 0.18  , 0.206 , 0.215 , 0.231 , 0.182 ,
       0.14  , 0.1845, 0.307 , 0.0525, 0.122 , 0.2395, 0.0915, 0.1   ,
       0.1485, 0.158 , 0.198 , 0.133 , 0.134 , 0.282 , 0.208 , 0.173 ,
       0.232 , 0.1385, 0.1495, 0.055 , 0.178 , 0.235 , 0.232 , 0.097 ,
       0.2155, 0.3335, 0.218 , 0.0945, 0.228 , 0.2905, 0.273 , 0.1265,
       0.0715, 0.1985, 0.0965, 0.0765, 0.0575, 0.115 , 0.102 , 0.112 ,
       0.149 , 0.134 , 0.1335, 0.133 , 0.0835, 0.047 , 0.1015, 0.172 ,
       0.0845, 0.138 , 0.157 , 0.101 , 0.1675, 0.153 , 0.0595, 0.1045,
       0.171 , 0.103 , 0.1905, 0.0735]), 'class_median_width_scaled': array([0.1  , 0.24 , 0.155, 0.09 , 0.18 , 0.23 , 0.13 , 0.27 , 0.16 ,
       0.155, 0.135, 0.135, 0.16 , 0.25 , 0.14 , 0.17 , 0.08 , 0.09 ,
       0.11 , 0.075, 0.11 , 0.13 , 0.18 , 0.05 , 0.245, 0.185, 0.01 ,
       0.19 , 0.165, 0.095, 0.1  , 0.16 , 0.13 , 0.095, 0.03 , 0.145,
       0.155, 0.185, 0.21 , 0.205, 0.15 , 0.145, 0.295, 0.03 , 0.055,
       0.22 , 0.045, 0.02 , 0.055, 0.16 , 0.215, 0.125, 0.12 , 0.305,
       0.16 , 0.155, 0.26 , 0.11 , 0.105, 0.02 , 0.15 , 0.245, 0.165,
       0.065, 0.175, 0.34 , 0.23 , 0.065, 0.23 , 0.26 , 0.265, 0.095,
       0.05 , 0.165, 0.07 , 0.05 , 0.04 , 0.1  , 0.09 , 0.105, 0.155,
       0.08 , 0.145, 0.03 , 0.075, 0.04 , 0.06 , 0.145, 0.085, 0.08 ,
       0.12 , 0.06 , 0.16 , 0.065, 0.03 , 0.08 , 0.15 , 0.085, 0.17 ,
       0.07 ])}

split_conformal_aps_XGBoost full class metrics: {'class_coverage': array([0.9 , 0.7 , 0.9 , 1.  , 1.  , 0.95, 1.  , 0.8 , 0.95, 0.95, 0.95,
       1.  , 0.95, 1.  , 0.8 , 0.95, 0.95, 1.  , 0.9 , 0.8 , 1.  , 1.  ,
       0.95, 1.  , 0.9 , 0.85, 0.95, 0.85, 0.85, 0.85, 0.85, 0.75, 0.95,
       1.  , 0.95, 0.7 , 0.8 , 0.75, 0.65, 0.9 , 0.85, 0.95, 0.95, 1.  ,
       1.  , 1.  , 1.  , 1.  , 1.  , 0.85, 0.9 , 1.  , 0.9 , 1.  , 0.7 ,
       1.  , 0.7 , 0.95, 0.8 , 0.9 , 0.85, 0.8 , 1.  , 0.95, 0.85, 0.85,
       1.  , 0.95, 0.75, 0.9 , 1.  , 0.95, 1.  , 0.8 , 0.95, 0.85, 1.  ,
       0.8 , 1.  , 0.85, 0.8 , 1.  , 0.85, 1.  , 0.9 , 0.9 , 0.8 , 1.  ,
       0.75, 0.85, 0.8 , 1.  , 0.75, 0.9 , 1.  , 1.  , 0.85, 1.  , 0.85,
       1.  ]), 'class_mean_width': array([16.05, 24.8 , 15.05, 12.3 , 22.5 , 26.1 , 15.85, 27.2 , 18.8 ,
       20.65, 18.05, 15.7 , 18.  , 26.85, 18.  , 18.25, 16.35,  8.95,
       11.  ,  9.65, 11.85, 16.2 , 18.5 ,  5.15, 24.15, 20.55,  3.55,
       19.75, 18.4 , 15.45, 11.95, 18.25, 15.7 , 13.75,  9.25, 18.  ,
       20.6 , 21.5 , 23.1 , 18.2 , 14.  , 18.45, 30.7 ,  5.25, 12.2 ,
       23.95,  9.15, 10.  , 14.85, 15.8 , 19.8 , 13.3 , 13.4 , 28.2 ,
       20.8 , 17.3 , 23.2 , 13.85, 14.95,  5.5 , 17.8 , 23.5 , 23.2 ,
        9.7 , 21.55, 33.35, 21.8 ,  9.45, 22.8 , 29.05, 27.3 , 12.65,
        7.15, 19.85,  9.65,  7.65,  5.75, 11.5 , 10.2 , 11.2 , 14.9 ,
       13.4 , 13.35, 13.3 ,  8.35,  4.7 , 10.15, 17.2 ,  8.45, 13.8 ,
       15.7 , 10.1 , 16.75, 15.3 ,  5.95, 10.45, 17.1 , 10.3 , 19.05,
        7.35]), 'class_median_width': array([10. , 24. , 15.5,  9. , 18. , 23. , 13. , 27. , 16. , 15.5, 13.5,
       13.5, 16. , 25. , 14. , 17. ,  8. ,  9. , 11. ,  7.5, 11. , 13. ,
       18. ,  5. , 24.5, 18.5,  1. , 19. , 16.5,  9.5, 10. , 16. , 13. ,
        9.5,  3. , 14.5, 15.5, 18.5, 21. , 20.5, 15. , 14.5, 29.5,  3. ,
        5.5, 22. ,  4.5,  2. ,  5.5, 16. , 21.5, 12.5, 12. , 30.5, 16. ,
       15.5, 26. , 11. , 10.5,  2. , 15. , 24.5, 16.5,  6.5, 17.5, 34. ,
       23. ,  6.5, 23. , 26. , 26.5,  9.5,  5. , 16.5,  7. ,  5. ,  4. ,
       10. ,  9. , 10.5, 15.5,  8. , 14.5,  3. ,  7.5,  4. ,  6. , 14.5,
        8.5,  8. , 12. ,  6. , 16. ,  6.5,  3. ,  8. , 15. ,  8.5, 17. ,
        7. ]), 'class_mean_width_scaled': array([0.1605, 0.248 , 0.1505, 0.123 , 0.225 , 0.261 , 0.1585, 0.272 ,
       0.188 , 0.2065, 0.1805, 0.157 , 0.18  , 0.2685, 0.18  , 0.1825,
       0.1635, 0.0895, 0.11  , 0.0965, 0.1185, 0.162 , 0.185 , 0.0515,
       0.2415, 0.2055, 0.0355, 0.1975, 0.184 , 0.1545, 0.1195, 0.1825,
       0.157 , 0.1375, 0.0925, 0.18  , 0.206 , 0.215 , 0.231 , 0.182 ,
       0.14  , 0.1845, 0.307 , 0.0525, 0.122 , 0.2395, 0.0915, 0.1   ,
       0.1485, 0.158 , 0.198 , 0.133 , 0.134 , 0.282 , 0.208 , 0.173 ,
       0.232 , 0.1385, 0.1495, 0.055 , 0.178 , 0.235 , 0.232 , 0.097 ,
       0.2155, 0.3335, 0.218 , 0.0945, 0.228 , 0.2905, 0.273 , 0.1265,
       0.0715, 0.1985, 0.0965, 0.0765, 0.0575, 0.115 , 0.102 , 0.112 ,
       0.149 , 0.134 , 0.1335, 0.133 , 0.0835, 0.047 , 0.1015, 0.172 ,
       0.0845, 0.138 , 0.157 , 0.101 , 0.1675, 0.153 , 0.0595, 0.1045,
       0.171 , 0.103 , 0.1905, 0.0735]), 'class_median_width_scaled': array([0.1  , 0.24 , 0.155, 0.09 , 0.18 , 0.23 , 0.13 , 0.27 , 0.16 ,
       0.155, 0.135, 0.135, 0.16 , 0.25 , 0.14 , 0.17 , 0.08 , 0.09 ,
       0.11 , 0.075, 0.11 , 0.13 , 0.18 , 0.05 , 0.245, 0.185, 0.01 ,
       0.19 , 0.165, 0.095, 0.1  , 0.16 , 0.13 , 0.095, 0.03 , 0.145,
       0.155, 0.185, 0.21 , 0.205, 0.15 , 0.145, 0.295, 0.03 , 0.055,
       0.22 , 0.045, 0.02 , 0.055, 0.16 , 0.215, 0.125, 0.12 , 0.305,
       0.16 , 0.155, 0.26 , 0.11 , 0.105, 0.02 , 0.15 , 0.245, 0.165,
       0.065, 0.175, 0.34 , 0.23 , 0.065, 0.23 , 0.26 , 0.265, 0.095,
       0.05 , 0.165, 0.07 , 0.05 , 0.04 , 0.1  , 0.09 , 0.105, 0.155,
       0.08 , 0.145, 0.03 , 0.075, 0.04 , 0.06 , 0.145, 0.085, 0.08 ,
       0.12 , 0.06 , 0.16 , 0.065, 0.03 , 0.08 , 0.15 , 0.085, 0.17 ,
       0.07 ])}

Job completed at Wed Mar 19 06:19:53 PM PDT 2025
