Starting job at Wed Mar 19 06:19:27 PM PDT 2025
Job parameters:
Dataset: data_cover_type
UQ Method: split_conformal_aps
Estimator: XGBoost
Seed: 777
Train Size: 0.8
Running split_conformal_aps on data_cover_type with seed 777 and train size 0.8

starting experiment

data created

Fitting split_conformal_aps_XGBoost on data_cover_type with seed 777

split_conformal_aps_XGBoost metrics: {'coverage': np.float64(0.903), 'mean_width': np.float64(14.8375), 'median_width': np.float64(11.0), 'mean_width_scaled': np.float64(0.148375), 'median_width_scaled': np.float64(0.11)}

split_conformal_aps_XGBoost full metrics: {'coverage': np.float64(0.903), 'mean_width': np.float64(14.8375), 'median_width': np.float64(11.0), 'mean_width_scaled': np.float64(0.148375), 'median_width_scaled': np.float64(0.11)}

split_conformal_aps_XGBoost class metrics: {'class_coverage': array([0.9 , 0.8 , 0.75, 1.  , 1.  , 0.9 , 0.95, 0.95, 1.  , 0.95, 0.85,
       1.  , 0.9 , 1.  , 0.9 , 0.9 , 1.  , 0.8 , 0.95, 0.9 , 1.  , 0.8 ,
       1.  , 1.  , 0.9 , 1.  , 1.  , 0.85, 0.95, 0.9 , 1.  , 0.85, 0.85,
       0.9 , 1.  , 0.75, 0.9 , 0.65, 0.8 , 0.85, 1.  , 0.9 , 0.85, 1.  ,
       1.  , 1.  , 1.  , 1.  , 0.95, 0.95, 0.95, 0.85, 1.  , 0.8 , 0.75,
       1.  , 1.  , 0.95, 0.7 , 1.  , 0.75, 0.8 , 1.  , 1.  , 0.55, 0.85,
       0.9 , 1.  , 0.9 , 0.95, 0.95, 0.95, 0.85, 0.95, 0.95, 0.9 , 1.  ,
       0.8 , 0.9 , 0.6 , 0.85, 0.9 , 0.9 , 0.9 , 0.9 , 0.85, 0.85, 0.95,
       0.75, 0.9 , 0.8 , 1.  , 0.8 , 0.95, 0.9 , 1.  , 0.8 , 0.8 , 0.95,
       1.  ]), 'class_mean_width': array([16.95, 22.9 , 15.75,  9.8 , 24.4 , 19.4 , 10.9 , 31.  , 25.1 ,
       23.5 , 22.45, 16.  , 11.7 , 21.9 , 22.65, 21.15, 21.75,  6.25,
        7.2 , 14.5 , 13.3 , 19.6 , 12.  ,  6.95, 18.15, 13.7 ,  4.4 ,
       19.15, 12.85, 10.25,  8.25, 19.1 , 16.45, 17.8 , 10.4 , 13.2 ,
       17.25, 14.95, 21.65, 14.8 ,  8.1 , 16.9 , 24.85,  6.35,  8.35,
       22.9 , 11.8 , 10.2 ,  9.4 , 12.6 , 18.75,  4.5 ,  9.05, 22.65,
       14.6 ,  9.  , 18.2 , 14.6 , 11.2 ,  6.2 , 22.5 , 22.55, 21.6 ,
       14.65, 23.1 , 27.05, 12.95,  6.35, 22.45, 30.7 , 21.1 , 11.25,
       11.65, 22.6 ,  9.85,  7.5 ,  3.  ,  9.45, 11.15, 12.2 , 15.05,
       12.  , 19.6 ,  8.35, 12.35,  6.55,  4.8 , 10.95,  5.15, 20.3 ,
       17.8 , 15.95, 18.25,  8.5 , 10.15, 10.4 , 16.35, 12.2 , 17.25,
        8.5 ]), 'class_median_width': array([10.5, 25.5,  8. ,  7.5, 19.5, 18. ,  8.5, 32. , 22. , 20. , 21.5,
       14. , 12.5, 18. , 22.5, 20.5, 14. ,  4. ,  4. , 11. ,  8. , 17. ,
        8.5,  3.5, 11. , 12. ,  2. , 14.5, 12.5,  8.5,  7. , 18. ,  8.5,
       13.5,  8.5, 11.5, 15.5, 15. , 21.5,  8. ,  7.5, 18.5, 21. ,  1. ,
        2.5, 26. ,  8.5,  2. ,  5. , 11. , 17. ,  3. ,  7.5, 21. , 13.5,
        3.5, 16.5, 12.5, 10.5,  2. , 24.5, 22.5, 16.5,  5. , 22.5, 25. ,
        9.5,  4. , 26. , 30.5, 16. , 10. , 10.5, 20. ,  6. ,  4.5,  2. ,
        8. , 11. , 11.5, 14. ,  8. , 15. ,  2. ,  9. ,  6. ,  4. ,  9. ,
        4. , 19. , 18. , 17. , 18. ,  8.5,  9.5,  4.5, 15. ,  8. ,  9.5,
        7. ]), 'class_mean_width_scaled': array([0.1695, 0.229 , 0.1575, 0.098 , 0.244 , 0.194 , 0.109 , 0.31  ,
       0.251 , 0.235 , 0.2245, 0.16  , 0.117 , 0.219 , 0.2265, 0.2115,
       0.2175, 0.0625, 0.072 , 0.145 , 0.133 , 0.196 , 0.12  , 0.0695,
       0.1815, 0.137 , 0.044 , 0.1915, 0.1285, 0.1025, 0.0825, 0.191 ,
       0.1645, 0.178 , 0.104 , 0.132 , 0.1725, 0.1495, 0.2165, 0.148 ,
       0.081 , 0.169 , 0.2485, 0.0635, 0.0835, 0.229 , 0.118 , 0.102 ,
       0.094 , 0.126 , 0.1875, 0.045 , 0.0905, 0.2265, 0.146 , 0.09  ,
       0.182 , 0.146 , 0.112 , 0.062 , 0.225 , 0.2255, 0.216 , 0.1465,
       0.231 , 0.2705, 0.1295, 0.0635, 0.2245, 0.307 , 0.211 , 0.1125,
       0.1165, 0.226 , 0.0985, 0.075 , 0.03  , 0.0945, 0.1115, 0.122 ,
       0.1505, 0.12  , 0.196 , 0.0835, 0.1235, 0.0655, 0.048 , 0.1095,
       0.0515, 0.203 , 0.178 , 0.1595, 0.1825, 0.085 , 0.1015, 0.104 ,
       0.1635, 0.122 , 0.1725, 0.085 ]), 'class_median_width_scaled': array([0.105, 0.255, 0.08 , 0.075, 0.195, 0.18 , 0.085, 0.32 , 0.22 ,
       0.2  , 0.215, 0.14 , 0.125, 0.18 , 0.225, 0.205, 0.14 , 0.04 ,
       0.04 , 0.11 , 0.08 , 0.17 , 0.085, 0.035, 0.11 , 0.12 , 0.02 ,
       0.145, 0.125, 0.085, 0.07 , 0.18 , 0.085, 0.135, 0.085, 0.115,
       0.155, 0.15 , 0.215, 0.08 , 0.075, 0.185, 0.21 , 0.01 , 0.025,
       0.26 , 0.085, 0.02 , 0.05 , 0.11 , 0.17 , 0.03 , 0.075, 0.21 ,
       0.135, 0.035, 0.165, 0.125, 0.105, 0.02 , 0.245, 0.225, 0.165,
       0.05 , 0.225, 0.25 , 0.095, 0.04 , 0.26 , 0.305, 0.16 , 0.1  ,
       0.105, 0.2  , 0.06 , 0.045, 0.02 , 0.08 , 0.11 , 0.115, 0.14 ,
       0.08 , 0.15 , 0.02 , 0.09 , 0.06 , 0.04 , 0.09 , 0.04 , 0.19 ,
       0.18 , 0.17 , 0.18 , 0.085, 0.095, 0.045, 0.15 , 0.08 , 0.095,
       0.07 ])}

split_conformal_aps_XGBoost full class metrics: {'class_coverage': array([0.9 , 0.8 , 0.75, 1.  , 1.  , 0.9 , 0.95, 0.95, 1.  , 0.95, 0.85,
       1.  , 0.9 , 1.  , 0.9 , 0.9 , 1.  , 0.8 , 0.95, 0.9 , 1.  , 0.8 ,
       1.  , 1.  , 0.9 , 1.  , 1.  , 0.85, 0.95, 0.9 , 1.  , 0.85, 0.85,
       0.9 , 1.  , 0.75, 0.9 , 0.65, 0.8 , 0.85, 1.  , 0.9 , 0.85, 1.  ,
       1.  , 1.  , 1.  , 1.  , 0.95, 0.95, 0.95, 0.85, 1.  , 0.8 , 0.75,
       1.  , 1.  , 0.95, 0.7 , 1.  , 0.75, 0.8 , 1.  , 1.  , 0.55, 0.85,
       0.9 , 1.  , 0.9 , 0.95, 0.95, 0.95, 0.85, 0.95, 0.95, 0.9 , 1.  ,
       0.8 , 0.9 , 0.6 , 0.85, 0.9 , 0.9 , 0.9 , 0.9 , 0.85, 0.85, 0.95,
       0.75, 0.9 , 0.8 , 1.  , 0.8 , 0.95, 0.9 , 1.  , 0.8 , 0.8 , 0.95,
       1.  ]), 'class_mean_width': array([16.95, 22.9 , 15.75,  9.8 , 24.4 , 19.4 , 10.9 , 31.  , 25.1 ,
       23.5 , 22.45, 16.  , 11.7 , 21.9 , 22.65, 21.15, 21.75,  6.25,
        7.2 , 14.5 , 13.3 , 19.6 , 12.  ,  6.95, 18.15, 13.7 ,  4.4 ,
       19.15, 12.85, 10.25,  8.25, 19.1 , 16.45, 17.8 , 10.4 , 13.2 ,
       17.25, 14.95, 21.65, 14.8 ,  8.1 , 16.9 , 24.85,  6.35,  8.35,
       22.9 , 11.8 , 10.2 ,  9.4 , 12.6 , 18.75,  4.5 ,  9.05, 22.65,
       14.6 ,  9.  , 18.2 , 14.6 , 11.2 ,  6.2 , 22.5 , 22.55, 21.6 ,
       14.65, 23.1 , 27.05, 12.95,  6.35, 22.45, 30.7 , 21.1 , 11.25,
       11.65, 22.6 ,  9.85,  7.5 ,  3.  ,  9.45, 11.15, 12.2 , 15.05,
       12.  , 19.6 ,  8.35, 12.35,  6.55,  4.8 , 10.95,  5.15, 20.3 ,
       17.8 , 15.95, 18.25,  8.5 , 10.15, 10.4 , 16.35, 12.2 , 17.25,
        8.5 ]), 'class_median_width': array([10.5, 25.5,  8. ,  7.5, 19.5, 18. ,  8.5, 32. , 22. , 20. , 21.5,
       14. , 12.5, 18. , 22.5, 20.5, 14. ,  4. ,  4. , 11. ,  8. , 17. ,
        8.5,  3.5, 11. , 12. ,  2. , 14.5, 12.5,  8.5,  7. , 18. ,  8.5,
       13.5,  8.5, 11.5, 15.5, 15. , 21.5,  8. ,  7.5, 18.5, 21. ,  1. ,
        2.5, 26. ,  8.5,  2. ,  5. , 11. , 17. ,  3. ,  7.5, 21. , 13.5,
        3.5, 16.5, 12.5, 10.5,  2. , 24.5, 22.5, 16.5,  5. , 22.5, 25. ,
        9.5,  4. , 26. , 30.5, 16. , 10. , 10.5, 20. ,  6. ,  4.5,  2. ,
        8. , 11. , 11.5, 14. ,  8. , 15. ,  2. ,  9. ,  6. ,  4. ,  9. ,
        4. , 19. , 18. , 17. , 18. ,  8.5,  9.5,  4.5, 15. ,  8. ,  9.5,
        7. ]), 'class_mean_width_scaled': array([0.1695, 0.229 , 0.1575, 0.098 , 0.244 , 0.194 , 0.109 , 0.31  ,
       0.251 , 0.235 , 0.2245, 0.16  , 0.117 , 0.219 , 0.2265, 0.2115,
       0.2175, 0.0625, 0.072 , 0.145 , 0.133 , 0.196 , 0.12  , 0.0695,
       0.1815, 0.137 , 0.044 , 0.1915, 0.1285, 0.1025, 0.0825, 0.191 ,
       0.1645, 0.178 , 0.104 , 0.132 , 0.1725, 0.1495, 0.2165, 0.148 ,
       0.081 , 0.169 , 0.2485, 0.0635, 0.0835, 0.229 , 0.118 , 0.102 ,
       0.094 , 0.126 , 0.1875, 0.045 , 0.0905, 0.2265, 0.146 , 0.09  ,
       0.182 , 0.146 , 0.112 , 0.062 , 0.225 , 0.2255, 0.216 , 0.1465,
       0.231 , 0.2705, 0.1295, 0.0635, 0.2245, 0.307 , 0.211 , 0.1125,
       0.1165, 0.226 , 0.0985, 0.075 , 0.03  , 0.0945, 0.1115, 0.122 ,
       0.1505, 0.12  , 0.196 , 0.0835, 0.1235, 0.0655, 0.048 , 0.1095,
       0.0515, 0.203 , 0.178 , 0.1595, 0.1825, 0.085 , 0.1015, 0.104 ,
       0.1635, 0.122 , 0.1725, 0.085 ]), 'class_median_width_scaled': array([0.105, 0.255, 0.08 , 0.075, 0.195, 0.18 , 0.085, 0.32 , 0.22 ,
       0.2  , 0.215, 0.14 , 0.125, 0.18 , 0.225, 0.205, 0.14 , 0.04 ,
       0.04 , 0.11 , 0.08 , 0.17 , 0.085, 0.035, 0.11 , 0.12 , 0.02 ,
       0.145, 0.125, 0.085, 0.07 , 0.18 , 0.085, 0.135, 0.085, 0.115,
       0.155, 0.15 , 0.215, 0.08 , 0.075, 0.185, 0.21 , 0.01 , 0.025,
       0.26 , 0.085, 0.02 , 0.05 , 0.11 , 0.17 , 0.03 , 0.075, 0.21 ,
       0.135, 0.035, 0.165, 0.125, 0.105, 0.02 , 0.245, 0.225, 0.165,
       0.05 , 0.225, 0.25 , 0.095, 0.04 , 0.26 , 0.305, 0.16 , 0.1  ,
       0.105, 0.2  , 0.06 , 0.045, 0.02 , 0.08 , 0.11 , 0.115, 0.14 ,
       0.08 , 0.15 , 0.02 , 0.09 , 0.06 , 0.04 , 0.09 , 0.04 , 0.19 ,
       0.18 , 0.17 , 0.18 , 0.085, 0.095, 0.045, 0.15 , 0.08 , 0.095,
       0.07 ])}

Job completed at Wed Mar 19 06:19:42 PM PDT 2025
