Starting job at Wed Mar 19 08:22:26 PM PDT 2025
Job parameters:
Dataset: data_walking
UQ Method: split_conformal_topk
Estimator: HistGradientBoosting
Seed: 777
Train Size: 0.8
Running split_conformal_topk on data_walking with seed 777 and train size 0.8

starting experiment

data created

Fitting split_conformal_topk_HistGradientBoosting on data_walking with seed 777

split_conformal_topk_HistGradientBoosting metrics: {'coverage': np.float64(0.9135), 'mean_width': np.float64(8.092), 'median_width': np.float64(8.0), 'mean_width_scaled': np.float64(0.3678181818181818), 'median_width_scaled': np.float64(0.36363636363636365)}

split_conformal_topk_HistGradientBoosting full metrics: {'coverage': np.float64(0.9135), 'mean_width': np.float64(8.092), 'median_width': np.float64(8.0), 'mean_width_scaled': np.float64(0.3678181818181818), 'median_width_scaled': np.float64(0.36363636363636365)}

split_conformal_topk_HistGradientBoosting class metrics: {'class_coverage': array([0.88709677, 0.91111111, 0.82323232, 0.85840708, 0.9       ,
       0.66906475, 0.94392523, 0.82901554, 0.92936803, 0.95445135,
       0.59183673, 0.75675676, 0.46376812, 0.99773756, 0.99760192,
       0.82352941, 0.99706314, 0.63709677, 0.98717949, 0.76923077,
       0.41304348, 0.92857143]), 'class_mean_width': array([8.        , 8.        , 8.        , 8.        , 8.        ,
       8.        , 8.00311526, 8.01554404, 8.        , 9.00828157,
       8.        , 8.08108108, 8.        , 8.01809955, 8.02278177,
       8.        , 8.03230543, 8.        , 8.0025641 , 8.        ,
       8.        , 8.        ]), 'class_median_width': array([8., 8., 8., 8., 8., 8., 8., 8., 8., 8., 8., 8., 8., 8., 8., 8., 8.,
       8., 8., 8., 8., 8.]), 'class_mean_width_scaled': array([0.36363636, 0.36363636, 0.36363636, 0.36363636, 0.36363636,
       0.36363636, 0.36377797, 0.36434291, 0.36363636, 0.40946734,
       0.36363636, 0.36732187, 0.36363636, 0.36445907, 0.3646719 ,
       0.36363636, 0.36510479, 0.36363636, 0.36375291, 0.36363636,
       0.36363636, 0.36363636]), 'class_median_width_scaled': array([0.36363636, 0.36363636, 0.36363636, 0.36363636, 0.36363636,
       0.36363636, 0.36363636, 0.36363636, 0.36363636, 0.36363636,
       0.36363636, 0.36363636, 0.36363636, 0.36363636, 0.36363636,
       0.36363636, 0.36363636, 0.36363636, 0.36363636, 0.36363636,
       0.36363636, 0.36363636])}

split_conformal_topk_HistGradientBoosting full class metrics: {'class_coverage': array([0.88709677, 0.91111111, 0.82323232, 0.85840708, 0.9       ,
       0.66906475, 0.94392523, 0.82901554, 0.92936803, 0.95445135,
       0.59183673, 0.75675676, 0.46376812, 0.99773756, 0.99760192,
       0.82352941, 0.99706314, 0.63709677, 0.98717949, 0.76923077,
       0.41304348, 0.92857143]), 'class_mean_width': array([8.        , 8.        , 8.        , 8.        , 8.        ,
       8.        , 8.00311526, 8.01554404, 8.        , 9.00828157,
       8.        , 8.08108108, 8.        , 8.01809955, 8.02278177,
       8.        , 8.03230543, 8.        , 8.0025641 , 8.        ,
       8.        , 8.        ]), 'class_median_width': array([8., 8., 8., 8., 8., 8., 8., 8., 8., 8., 8., 8., 8., 8., 8., 8., 8.,
       8., 8., 8., 8., 8.]), 'class_mean_width_scaled': array([0.36363636, 0.36363636, 0.36363636, 0.36363636, 0.36363636,
       0.36363636, 0.36377797, 0.36434291, 0.36363636, 0.40946734,
       0.36363636, 0.36732187, 0.36363636, 0.36445907, 0.3646719 ,
       0.36363636, 0.36510479, 0.36363636, 0.36375291, 0.36363636,
       0.36363636, 0.36363636]), 'class_median_width_scaled': array([0.36363636, 0.36363636, 0.36363636, 0.36363636, 0.36363636,
       0.36363636, 0.36363636, 0.36363636, 0.36363636, 0.36363636,
       0.36363636, 0.36363636, 0.36363636, 0.36363636, 0.36363636,
       0.36363636, 0.36363636, 0.36363636, 0.36363636, 0.36363636,
       0.36363636, 0.36363636])}

Job completed at Wed Mar 19 08:22:37 PM PDT 2025
