Starting job at Wed Mar 19 08:22:35 PM PDT 2025
Job parameters:
Dataset: data_walking
UQ Method: split_conformal_topk
Estimator: HistGradientBoosting
Seed: 783
Train Size: 0.8
Running split_conformal_topk on data_walking with seed 783 and train size 0.8

starting experiment

data created

Fitting split_conformal_topk_HistGradientBoosting on data_walking with seed 783

split_conformal_topk_HistGradientBoosting metrics: {'coverage': np.float64(0.918), 'mean_width': np.float64(8.057833333333333), 'median_width': np.float64(8.0), 'mean_width_scaled': np.float64(0.3662651515151515), 'median_width_scaled': np.float64(0.36363636363636365)}

split_conformal_topk_HistGradientBoosting full metrics: {'coverage': np.float64(0.918), 'mean_width': np.float64(8.057833333333333), 'median_width': np.float64(8.0), 'mean_width_scaled': np.float64(0.3662651515151515), 'median_width_scaled': np.float64(0.36363636363636365)}

split_conformal_topk_HistGradientBoosting class metrics: {'class_coverage': array([0.84677419, 0.84444444, 0.86363636, 0.86283186, 0.85333333,
       0.77697842, 0.94392523, 0.83419689, 0.93680297, 0.94202899,
       0.76870748, 0.91891892, 0.4057971 , 0.99434389, 0.99640288,
       0.85784314, 0.99265786, 0.68548387, 0.97435897, 0.66666667,
       0.58695652, 0.92857143]), 'class_mean_width': array([8.        , 8.31111111, 8.        , 8.00442478, 8.        ,
       8.        , 8.        , 8.03108808, 8.        , 8.55072464,
       8.        , 8.16216216, 8.        , 8.02375566, 8.01318945,
       8.00490196, 8.02936858, 8.        , 8.0025641 , 8.        ,
       8.        , 8.        ]), 'class_median_width': array([8., 8., 8., 8., 8., 8., 8., 8., 8., 8., 8., 8., 8., 8., 8., 8., 8.,
       8., 8., 8., 8., 8.]), 'class_mean_width_scaled': array([0.36363636, 0.37777778, 0.36363636, 0.36383749, 0.36363636,
       0.36363636, 0.36363636, 0.36504946, 0.36363636, 0.3886693 ,
       0.36363636, 0.37100737, 0.36363636, 0.36471617, 0.36423588,
       0.36385918, 0.3649713 , 0.36363636, 0.36375291, 0.36363636,
       0.36363636, 0.36363636]), 'class_median_width_scaled': array([0.36363636, 0.36363636, 0.36363636, 0.36363636, 0.36363636,
       0.36363636, 0.36363636, 0.36363636, 0.36363636, 0.36363636,
       0.36363636, 0.36363636, 0.36363636, 0.36363636, 0.36363636,
       0.36363636, 0.36363636, 0.36363636, 0.36363636, 0.36363636,
       0.36363636, 0.36363636])}

split_conformal_topk_HistGradientBoosting full class metrics: {'class_coverage': array([0.84677419, 0.84444444, 0.86363636, 0.86283186, 0.85333333,
       0.77697842, 0.94392523, 0.83419689, 0.93680297, 0.94202899,
       0.76870748, 0.91891892, 0.4057971 , 0.99434389, 0.99640288,
       0.85784314, 0.99265786, 0.68548387, 0.97435897, 0.66666667,
       0.58695652, 0.92857143]), 'class_mean_width': array([8.        , 8.31111111, 8.        , 8.00442478, 8.        ,
       8.        , 8.        , 8.03108808, 8.        , 8.55072464,
       8.        , 8.16216216, 8.        , 8.02375566, 8.01318945,
       8.00490196, 8.02936858, 8.        , 8.0025641 , 8.        ,
       8.        , 8.        ]), 'class_median_width': array([8., 8., 8., 8., 8., 8., 8., 8., 8., 8., 8., 8., 8., 8., 8., 8., 8.,
       8., 8., 8., 8., 8.]), 'class_mean_width_scaled': array([0.36363636, 0.37777778, 0.36363636, 0.36383749, 0.36363636,
       0.36363636, 0.36363636, 0.36504946, 0.36363636, 0.3886693 ,
       0.36363636, 0.37100737, 0.36363636, 0.36471617, 0.36423588,
       0.36385918, 0.3649713 , 0.36363636, 0.36375291, 0.36363636,
       0.36363636, 0.36363636]), 'class_median_width_scaled': array([0.36363636, 0.36363636, 0.36363636, 0.36363636, 0.36363636,
       0.36363636, 0.36363636, 0.36363636, 0.36363636, 0.36363636,
       0.36363636, 0.36363636, 0.36363636, 0.36363636, 0.36363636,
       0.36363636, 0.36363636, 0.36363636, 0.36363636, 0.36363636,
       0.36363636, 0.36363636])}

Job completed at Wed Mar 19 08:22:49 PM PDT 2025
