Starting job at Wed Mar 19 08:22:32 PM PDT 2025
Job parameters:
Dataset: data_walking
UQ Method: split_conformal_topk
Estimator: HistGradientBoosting
Seed: 782
Train Size: 0.8
Running split_conformal_topk on data_walking with seed 782 and train size 0.8

starting experiment

data created

Fitting split_conformal_topk_HistGradientBoosting on data_walking with seed 782

split_conformal_topk_HistGradientBoosting metrics: {'coverage': np.float64(0.92), 'mean_width': np.float64(8.145666666666667), 'median_width': np.float64(8.0), 'mean_width_scaled': np.float64(0.3702575757575758), 'median_width_scaled': np.float64(0.36363636363636365)}

split_conformal_topk_HistGradientBoosting full metrics: {'coverage': np.float64(0.92), 'mean_width': np.float64(8.145666666666667), 'median_width': np.float64(8.0), 'mean_width_scaled': np.float64(0.3702575757575758), 'median_width_scaled': np.float64(0.36363636363636365)}

split_conformal_topk_HistGradientBoosting class metrics: {'class_coverage': array([0.82258065, 0.95555556, 0.86868687, 0.92035398, 0.79333333,
       0.79136691, 0.93146417, 0.76165803, 0.9070632 , 0.95238095,
       0.68707483, 1.        , 0.60869565, 0.99773756, 0.98920863,
       0.87254902, 0.99706314, 0.66129032, 0.97948718, 0.75      ,
       0.65217391, 0.93214286]), 'class_mean_width': array([8.        , 8.71111111, 8.        , 8.        , 8.        ,
       8.        , 8.        , 9.66839378, 8.00743494, 8.94616977,
       8.        , 8.        , 8.        , 8.04072398, 8.01438849,
       8.        , 8.01762115, 8.        , 8.0025641 , 8.        ,
       8.        , 8.        ]), 'class_median_width': array([8., 8., 8., 8., 8., 8., 8., 8., 8., 8., 8., 8., 8., 8., 8., 8., 8.,
       8., 8., 8., 8., 8.]), 'class_mean_width_scaled': array([0.36363636, 0.3959596 , 0.36363636, 0.36363636, 0.36363636,
       0.36363636, 0.36363636, 0.43947244, 0.36397432, 0.40664408,
       0.36363636, 0.36363636, 0.36363636, 0.36548745, 0.36429039,
       0.36363636, 0.36443732, 0.36363636, 0.36375291, 0.36363636,
       0.36363636, 0.36363636]), 'class_median_width_scaled': array([0.36363636, 0.36363636, 0.36363636, 0.36363636, 0.36363636,
       0.36363636, 0.36363636, 0.36363636, 0.36363636, 0.36363636,
       0.36363636, 0.36363636, 0.36363636, 0.36363636, 0.36363636,
       0.36363636, 0.36363636, 0.36363636, 0.36363636, 0.36363636,
       0.36363636, 0.36363636])}

split_conformal_topk_HistGradientBoosting full class metrics: {'class_coverage': array([0.82258065, 0.95555556, 0.86868687, 0.92035398, 0.79333333,
       0.79136691, 0.93146417, 0.76165803, 0.9070632 , 0.95238095,
       0.68707483, 1.        , 0.60869565, 0.99773756, 0.98920863,
       0.87254902, 0.99706314, 0.66129032, 0.97948718, 0.75      ,
       0.65217391, 0.93214286]), 'class_mean_width': array([8.        , 8.71111111, 8.        , 8.        , 8.        ,
       8.        , 8.        , 9.66839378, 8.00743494, 8.94616977,
       8.        , 8.        , 8.        , 8.04072398, 8.01438849,
       8.        , 8.01762115, 8.        , 8.0025641 , 8.        ,
       8.        , 8.        ]), 'class_median_width': array([8., 8., 8., 8., 8., 8., 8., 8., 8., 8., 8., 8., 8., 8., 8., 8., 8.,
       8., 8., 8., 8., 8.]), 'class_mean_width_scaled': array([0.36363636, 0.3959596 , 0.36363636, 0.36363636, 0.36363636,
       0.36363636, 0.36363636, 0.43947244, 0.36397432, 0.40664408,
       0.36363636, 0.36363636, 0.36363636, 0.36548745, 0.36429039,
       0.36363636, 0.36443732, 0.36363636, 0.36375291, 0.36363636,
       0.36363636, 0.36363636]), 'class_median_width_scaled': array([0.36363636, 0.36363636, 0.36363636, 0.36363636, 0.36363636,
       0.36363636, 0.36363636, 0.36363636, 0.36363636, 0.36363636,
       0.36363636, 0.36363636, 0.36363636, 0.36363636, 0.36363636,
       0.36363636, 0.36363636, 0.36363636, 0.36363636, 0.36363636,
       0.36363636, 0.36363636])}

Job completed at Wed Mar 19 08:22:43 PM PDT 2025
