Starting job at Wed Mar 19 08:22:28 PM PDT 2025
Job parameters:
Dataset: data_walking
UQ Method: split_conformal_topk
Estimator: HistGradientBoosting
Seed: 779
Train Size: 0.8
Running split_conformal_topk on data_walking with seed 779 and train size 0.8

starting experiment

data created

Fitting split_conformal_topk_HistGradientBoosting on data_walking with seed 779

split_conformal_topk_HistGradientBoosting metrics: {'coverage': np.float64(0.8996666666666666), 'mean_width': np.float64(7.045), 'median_width': np.float64(7.0), 'mean_width_scaled': np.float64(0.32022727272727275), 'median_width_scaled': np.float64(0.3181818181818182)}

split_conformal_topk_HistGradientBoosting full metrics: {'coverage': np.float64(0.8996666666666666), 'mean_width': np.float64(7.045), 'median_width': np.float64(7.0), 'mean_width_scaled': np.float64(0.32022727272727275), 'median_width_scaled': np.float64(0.3181818181818182)}

split_conformal_topk_HistGradientBoosting class metrics: {'class_coverage': array([0.75806452, 0.64444444, 0.85353535, 0.88053097, 0.77333333,
       0.74100719, 0.87850467, 0.83419689, 0.89219331, 0.94616977,
       0.58503401, 0.91891892, 0.46376812, 0.98868778, 0.98681055,
       0.84313725, 0.99706314, 0.64516129, 0.96923077, 0.75641026,
       0.58695652, 0.875     ]), 'class_mean_width': array([7.        , 7.        , 7.        , 7.        , 7.        ,
       7.        , 7.        , 7.00518135, 7.        , 7.30641822,
       7.        , 7.        , 7.        , 7.10520362, 7.01558753,
       7.        , 7.01615272, 7.        , 7.01025641, 7.        ,
       7.        , 7.        ]), 'class_median_width': array([7., 7., 7., 7., 7., 7., 7., 7., 7., 7., 7., 7., 7., 7., 7., 7., 7.,
       7., 7., 7., 7., 7.]), 'class_mean_width_scaled': array([0.31818182, 0.31818182, 0.31818182, 0.31818182, 0.31818182,
       0.31818182, 0.31818182, 0.31841733, 0.31818182, 0.33210992,
       0.31818182, 0.31818182, 0.31818182, 0.3229638 , 0.31889034,
       0.31818182, 0.31891603, 0.31818182, 0.31864802, 0.31818182,
       0.31818182, 0.31818182]), 'class_median_width_scaled': array([0.31818182, 0.31818182, 0.31818182, 0.31818182, 0.31818182,
       0.31818182, 0.31818182, 0.31818182, 0.31818182, 0.31818182,
       0.31818182, 0.31818182, 0.31818182, 0.31818182, 0.31818182,
       0.31818182, 0.31818182, 0.31818182, 0.31818182, 0.31818182,
       0.31818182, 0.31818182])}

split_conformal_topk_HistGradientBoosting full class metrics: {'class_coverage': array([0.75806452, 0.64444444, 0.85353535, 0.88053097, 0.77333333,
       0.74100719, 0.87850467, 0.83419689, 0.89219331, 0.94616977,
       0.58503401, 0.91891892, 0.46376812, 0.98868778, 0.98681055,
       0.84313725, 0.99706314, 0.64516129, 0.96923077, 0.75641026,
       0.58695652, 0.875     ]), 'class_mean_width': array([7.        , 7.        , 7.        , 7.        , 7.        ,
       7.        , 7.        , 7.00518135, 7.        , 7.30641822,
       7.        , 7.        , 7.        , 7.10520362, 7.01558753,
       7.        , 7.01615272, 7.        , 7.01025641, 7.        ,
       7.        , 7.        ]), 'class_median_width': array([7., 7., 7., 7., 7., 7., 7., 7., 7., 7., 7., 7., 7., 7., 7., 7., 7.,
       7., 7., 7., 7., 7.]), 'class_mean_width_scaled': array([0.31818182, 0.31818182, 0.31818182, 0.31818182, 0.31818182,
       0.31818182, 0.31818182, 0.31841733, 0.31818182, 0.33210992,
       0.31818182, 0.31818182, 0.31818182, 0.3229638 , 0.31889034,
       0.31818182, 0.31891603, 0.31818182, 0.31864802, 0.31818182,
       0.31818182, 0.31818182]), 'class_median_width_scaled': array([0.31818182, 0.31818182, 0.31818182, 0.31818182, 0.31818182,
       0.31818182, 0.31818182, 0.31818182, 0.31818182, 0.31818182,
       0.31818182, 0.31818182, 0.31818182, 0.31818182, 0.31818182,
       0.31818182, 0.31818182, 0.31818182, 0.31818182, 0.31818182,
       0.31818182, 0.31818182])}

Job completed at Wed Mar 19 08:22:37 PM PDT 2025
