Starting job at Wed Mar 19 06:19:03 PM PDT 2025
Job parameters:
Dataset: data_chess
UQ Method: split_conformal_aps
Estimator: LogisticRegression
Seed: 779
Train Size: 0.8
Running split_conformal_aps on data_chess with seed 779 and train size 0.8

starting experiment

data created

Fitting split_conformal_aps_LogisticRegression on data_chess with seed 779

split_conformal_aps_LogisticRegression metrics: {'coverage': np.float64(0.9002138275124733), 'mean_width': np.float64(5.079294369208839), 'median_width': np.float64(5.0), 'mean_width_scaled': np.float64(0.28218302051160216), 'median_width_scaled': np.float64(0.2777777777777778)}

split_conformal_aps_LogisticRegression full metrics: {'coverage': np.float64(0.9002138275124733), 'mean_width': np.float64(5.079294369208839), 'median_width': np.float64(5.0), 'mean_width_scaled': np.float64(0.28218302051160216), 'median_width_scaled': np.float64(0.2777777777777778)}

split_conformal_aps_LogisticRegression class metrics: {'class_coverage': array([0.78175313, 0.88850174, 0.93695271, 0.9330254 , 0.77659574,
       0.55      , 0.98133919, 0.88304094, 0.25      , 0.6350365 ,
       0.66949153, 0.69230769, 0.87153652, 0.98569726, 0.125     ,
       0.9625    , 0.73469388, 0.4       ]), 'class_mean_width': array([5.16100179, 5.95121951, 5.77232925, 3.25635104, 4.62765957,
       3.125     , 4.39846323, 5.82163743, 3.5625    , 5.93430657,
       5.75423729, 2.21794872, 5.99244332, 5.11918951, 2.625     ,
       5.58194444, 3.42857143, 4.6       ]), 'class_median_width': array([5. , 6. , 6. , 3. , 5. , 2. , 4. , 6. , 3.5, 6. , 6. , 2. , 6. ,
       5. , 2. , 6. , 2. , 6. ]), 'class_mean_width_scaled': array([0.28672232, 0.33062331, 0.32068496, 0.18090839, 0.2570922 ,
       0.17361111, 0.24435907, 0.3234243 , 0.19791667, 0.3296837 ,
       0.31967985, 0.12321937, 0.33291352, 0.28439942, 0.14583333,
       0.31010802, 0.19047619, 0.25555556]), 'class_median_width_scaled': array([0.27777778, 0.33333333, 0.33333333, 0.16666667, 0.27777778,
       0.11111111, 0.22222222, 0.33333333, 0.19444444, 0.33333333,
       0.33333333, 0.11111111, 0.33333333, 0.27777778, 0.11111111,
       0.33333333, 0.11111111, 0.33333333])}

split_conformal_aps_LogisticRegression full class metrics: {'class_coverage': array([0.78175313, 0.88850174, 0.93695271, 0.9330254 , 0.77659574,
       0.55      , 0.98133919, 0.88304094, 0.25      , 0.6350365 ,
       0.66949153, 0.69230769, 0.87153652, 0.98569726, 0.125     ,
       0.9625    , 0.73469388, 0.4       ]), 'class_mean_width': array([5.16100179, 5.95121951, 5.77232925, 3.25635104, 4.62765957,
       3.125     , 4.39846323, 5.82163743, 3.5625    , 5.93430657,
       5.75423729, 2.21794872, 5.99244332, 5.11918951, 2.625     ,
       5.58194444, 3.42857143, 4.6       ]), 'class_median_width': array([5. , 6. , 6. , 3. , 5. , 2. , 4. , 6. , 3.5, 6. , 6. , 2. , 6. ,
       5. , 2. , 6. , 2. , 6. ]), 'class_mean_width_scaled': array([0.28672232, 0.33062331, 0.32068496, 0.18090839, 0.2570922 ,
       0.17361111, 0.24435907, 0.3234243 , 0.19791667, 0.3296837 ,
       0.31967985, 0.12321937, 0.33291352, 0.28439942, 0.14583333,
       0.31010802, 0.19047619, 0.25555556]), 'class_median_width_scaled': array([0.27777778, 0.33333333, 0.33333333, 0.16666667, 0.27777778,
       0.11111111, 0.22222222, 0.33333333, 0.19444444, 0.33333333,
       0.33333333, 0.11111111, 0.33333333, 0.27777778, 0.11111111,
       0.33333333, 0.11111111, 0.33333333])}

Job completed at Wed Mar 19 06:19:16 PM PDT 2025
