Starting job at Wed Mar 19 06:24:18 PM PDT 2025
Job parameters:
Dataset: data_walking
UQ Method: split_conformal_raps
Estimator: ExtraTrees
Seed: 781
Train Size: 0.8
Running split_conformal_raps on data_walking with seed 781 and train size 0.8

starting experiment

data created

Fitting split_conformal_raps_ExtraTrees on data_walking with seed 781

split_conformal_raps_ExtraTrees metrics: {'coverage': np.float64(0.9233333333333333), 'mean_width': np.float64(5.844666666666667), 'median_width': np.float64(6.0), 'mean_width_scaled': np.float64(0.26566666666666666), 'median_width_scaled': np.float64(0.2727272727272727)}

split_conformal_raps_ExtraTrees full metrics: {'coverage': np.float64(0.9233333333333333), 'mean_width': np.float64(5.844666666666667), 'median_width': np.float64(6.0), 'mean_width_scaled': np.float64(0.26566666666666666), 'median_width_scaled': np.float64(0.2727272727272727)}

split_conformal_raps_ExtraTrees class metrics: {'class_coverage': array([0.91129032, 0.97777778, 0.92424242, 0.89823009, 0.91333333,
       0.79136691, 0.96884735, 0.92227979, 0.88104089, 0.94409938,
       0.83673469, 0.97297297, 0.65217391, 0.94570136, 0.95683453,
       0.8627451 , 0.98237885, 0.83870968, 0.94358974, 0.83974359,
       0.76086957, 0.88214286]), 'class_mean_width': array([7.87903226, 6.51111111, 7.75252525, 7.73451327, 6.78      ,
       8.02877698, 6.43302181, 6.38341969, 7.31226766, 4.74120083,
       8.76870748, 6.97297297, 8.30434783, 3.66289593, 4.32254197,
       7.30392157, 4.74889868, 7.87903226, 6.45897436, 8.6025641 ,
       8.13043478, 6.88928571]), 'class_median_width': array([8. , 7. , 8. , 8. , 7. , 8. , 6. , 7. , 7. , 4. , 8. , 8. , 8. ,
       3. , 3. , 7.5, 4. , 8. , 6. , 8. , 8. , 7. ]), 'class_mean_width_scaled': array([0.35813783, 0.2959596 , 0.35238751, 0.35156879, 0.30818182,
       0.36494441, 0.29241008, 0.29015544, 0.3323758 , 0.21550913,
       0.39857761, 0.31695332, 0.37747036, 0.16649527, 0.19647918,
       0.33199643, 0.21585903, 0.35813783, 0.29358974, 0.39102564,
       0.36956522, 0.31314935]), 'class_median_width_scaled': array([0.36363636, 0.31818182, 0.36363636, 0.36363636, 0.31818182,
       0.36363636, 0.27272727, 0.31818182, 0.31818182, 0.18181818,
       0.36363636, 0.36363636, 0.36363636, 0.13636364, 0.13636364,
       0.34090909, 0.18181818, 0.36363636, 0.27272727, 0.36363636,
       0.36363636, 0.31818182])}

split_conformal_raps_ExtraTrees full class metrics: {'class_coverage': array([0.91129032, 0.97777778, 0.92424242, 0.89823009, 0.91333333,
       0.79136691, 0.96884735, 0.92227979, 0.88104089, 0.94409938,
       0.83673469, 0.97297297, 0.65217391, 0.94570136, 0.95683453,
       0.8627451 , 0.98237885, 0.83870968, 0.94358974, 0.83974359,
       0.76086957, 0.88214286]), 'class_mean_width': array([7.87903226, 6.51111111, 7.75252525, 7.73451327, 6.78      ,
       8.02877698, 6.43302181, 6.38341969, 7.31226766, 4.74120083,
       8.76870748, 6.97297297, 8.30434783, 3.66289593, 4.32254197,
       7.30392157, 4.74889868, 7.87903226, 6.45897436, 8.6025641 ,
       8.13043478, 6.88928571]), 'class_median_width': array([8. , 7. , 8. , 8. , 7. , 8. , 6. , 7. , 7. , 4. , 8. , 8. , 8. ,
       3. , 3. , 7.5, 4. , 8. , 6. , 8. , 8. , 7. ]), 'class_mean_width_scaled': array([0.35813783, 0.2959596 , 0.35238751, 0.35156879, 0.30818182,
       0.36494441, 0.29241008, 0.29015544, 0.3323758 , 0.21550913,
       0.39857761, 0.31695332, 0.37747036, 0.16649527, 0.19647918,
       0.33199643, 0.21585903, 0.35813783, 0.29358974, 0.39102564,
       0.36956522, 0.31314935]), 'class_median_width_scaled': array([0.36363636, 0.31818182, 0.36363636, 0.36363636, 0.31818182,
       0.36363636, 0.27272727, 0.31818182, 0.31818182, 0.18181818,
       0.36363636, 0.36363636, 0.36363636, 0.13636364, 0.13636364,
       0.34090909, 0.18181818, 0.36363636, 0.27272727, 0.36363636,
       0.36363636, 0.31818182])}

Job completed at Wed Mar 19 06:24:22 PM PDT 2025
