Starting job at Wed Mar 19 06:24:08 PM PDT 2025
Job parameters:
Dataset: data_walking
UQ Method: split_conformal_raps
Estimator: ExtraTrees
Seed: 777
Train Size: 0.8
Running split_conformal_raps on data_walking with seed 777 and train size 0.8

starting experiment

data created

Fitting split_conformal_raps_ExtraTrees on data_walking with seed 777

split_conformal_raps_ExtraTrees metrics: {'coverage': np.float64(0.908), 'mean_width': np.float64(6.125), 'median_width': np.float64(6.0), 'mean_width_scaled': np.float64(0.2784090909090909), 'median_width_scaled': np.float64(0.2727272727272727)}

split_conformal_raps_ExtraTrees full metrics: {'coverage': np.float64(0.908), 'mean_width': np.float64(6.125), 'median_width': np.float64(6.0), 'mean_width_scaled': np.float64(0.2784090909090909), 'median_width_scaled': np.float64(0.2727272727272727)}

split_conformal_raps_ExtraTrees class metrics: {'class_coverage': array([0.87903226, 0.88888889, 0.88383838, 0.7920354 , 0.92      ,
       0.73381295, 0.94080997, 0.9015544 , 0.87360595, 0.96480331,
       0.66666667, 0.97297297, 0.62318841, 0.96832579, 0.93884892,
       0.85294118, 0.97356828, 0.71774194, 0.94358974, 0.78846154,
       0.86956522, 0.91071429]), 'class_mean_width': array([7.        , 6.64444444, 6.99494949, 6.89380531, 7.32666667,
       6.90647482, 6.71339564, 6.67875648, 7.08921933, 5.27743271,
       7.27891156, 7.56756757, 7.36231884, 4.89705882, 5.11630695,
       7.08823529, 5.80029369, 6.69354839, 6.76666667, 7.18589744,
       7.30434783, 6.80357143]), 'class_median_width': array([6., 6., 6., 6., 6., 6., 6., 6., 6., 6., 7., 8., 8., 5., 5., 6., 6.,
       6., 6., 6., 6., 6.]), 'class_mean_width_scaled': array([0.31818182, 0.3020202 , 0.31795225, 0.31335479, 0.3330303 ,
       0.31393067, 0.30515435, 0.30357984, 0.32223724, 0.23988331,
       0.33085962, 0.34398034, 0.33465086, 0.22259358, 0.23255941,
       0.32219251, 0.26364971, 0.3042522 , 0.30757576, 0.3266317 ,
       0.33201581, 0.30925325]), 'class_median_width_scaled': array([0.27272727, 0.27272727, 0.27272727, 0.27272727, 0.27272727,
       0.27272727, 0.27272727, 0.27272727, 0.27272727, 0.27272727,
       0.31818182, 0.36363636, 0.36363636, 0.22727273, 0.22727273,
       0.27272727, 0.27272727, 0.27272727, 0.27272727, 0.27272727,
       0.27272727, 0.27272727])}

split_conformal_raps_ExtraTrees full class metrics: {'class_coverage': array([0.87903226, 0.88888889, 0.88383838, 0.7920354 , 0.92      ,
       0.73381295, 0.94080997, 0.9015544 , 0.87360595, 0.96480331,
       0.66666667, 0.97297297, 0.62318841, 0.96832579, 0.93884892,
       0.85294118, 0.97356828, 0.71774194, 0.94358974, 0.78846154,
       0.86956522, 0.91071429]), 'class_mean_width': array([7.        , 6.64444444, 6.99494949, 6.89380531, 7.32666667,
       6.90647482, 6.71339564, 6.67875648, 7.08921933, 5.27743271,
       7.27891156, 7.56756757, 7.36231884, 4.89705882, 5.11630695,
       7.08823529, 5.80029369, 6.69354839, 6.76666667, 7.18589744,
       7.30434783, 6.80357143]), 'class_median_width': array([6., 6., 6., 6., 6., 6., 6., 6., 6., 6., 7., 8., 8., 5., 5., 6., 6.,
       6., 6., 6., 6., 6.]), 'class_mean_width_scaled': array([0.31818182, 0.3020202 , 0.31795225, 0.31335479, 0.3330303 ,
       0.31393067, 0.30515435, 0.30357984, 0.32223724, 0.23988331,
       0.33085962, 0.34398034, 0.33465086, 0.22259358, 0.23255941,
       0.32219251, 0.26364971, 0.3042522 , 0.30757576, 0.3266317 ,
       0.33201581, 0.30925325]), 'class_median_width_scaled': array([0.27272727, 0.27272727, 0.27272727, 0.27272727, 0.27272727,
       0.27272727, 0.27272727, 0.27272727, 0.27272727, 0.27272727,
       0.31818182, 0.36363636, 0.36363636, 0.22727273, 0.22727273,
       0.27272727, 0.27272727, 0.27272727, 0.27272727, 0.27272727,
       0.27272727, 0.27272727])}

Job completed at Wed Mar 19 06:24:12 PM PDT 2025
