Starting job at Thu Mar 20 05:03:25 PM PDT 2025
Job parameters:
Dataset: data_language
UQ Method: split_conformal_raps
Estimator: ExtraTrees
Seed: 778
Train Size: 0.8
Running split_conformal_raps on data_language with seed 778 and train size 0.8

starting experiment

data created

Fitting split_conformal_raps_ExtraTrees on data_language with seed 778

split_conformal_raps_ExtraTrees metrics: {'coverage': np.float64(0.885), 'mean_width': np.float64(9.725), 'median_width': np.float64(10.0), 'mean_width_scaled': np.float64(0.32416666666666666), 'median_width_scaled': np.float64(0.3333333333333333)}

split_conformal_raps_ExtraTrees full metrics: {'coverage': np.float64(0.885), 'mean_width': np.float64(9.725), 'median_width': np.float64(10.0), 'mean_width_scaled': np.float64(0.32416666666666666), 'median_width_scaled': np.float64(0.3333333333333333)}

split_conformal_raps_ExtraTrees class metrics: {'class_coverage': array([1.        , 1.        , 1.        , 0.33333333, 0.71428571,
       1.        , 1.        , 0.5       , 0.9375    , 1.        ,
       0.6       , 0.        , 1.        , 1.        , 0.        ,
       1.        , 1.        , 0.33333333, 0.33333333, 0.85714286,
       1.        , 1.        , 1.        , 1.        , 1.        ,
       0.8       , 0.        , 0.83333333, 1.        , 0.        ]), 'class_mean_width': array([10.        , 10.        , 10.        , 10.        , 10.        ,
       10.        ,  9.86666667,  9.5       ,  9.4375    ,  9.66666667,
        9.2       , 10.        ,  9.5       ,  9.16666667, 10.        ,
       10.        , 10.        , 10.        , 10.        , 10.        ,
       10.        , 10.        ,  9.        ,  9.25      ,  9.        ,
       10.        , 10.        ,  9.5       , 10.        , 10.        ]), 'class_median_width': array([10. , 10. , 10. , 10. , 10. , 10. , 10. , 10. , 10. , 10. , 10. ,
       10. , 10. ,  9.5, 10. , 10. , 10. , 10. , 10. , 10. , 10. , 10. ,
        9. , 10. ,  9. , 10. , 10. , 10. , 10. , 10. ]), 'class_mean_width_scaled': array([0.33333333, 0.33333333, 0.33333333, 0.33333333, 0.33333333,
       0.33333333, 0.32888889, 0.31666667, 0.31458333, 0.32222222,
       0.30666667, 0.33333333, 0.31666667, 0.30555556, 0.33333333,
       0.33333333, 0.33333333, 0.33333333, 0.33333333, 0.33333333,
       0.33333333, 0.33333333, 0.3       , 0.30833333, 0.3       ,
       0.33333333, 0.33333333, 0.31666667, 0.33333333, 0.33333333]), 'class_median_width_scaled': array([0.33333333, 0.33333333, 0.33333333, 0.33333333, 0.33333333,
       0.33333333, 0.33333333, 0.33333333, 0.33333333, 0.33333333,
       0.33333333, 0.33333333, 0.33333333, 0.31666667, 0.33333333,
       0.33333333, 0.33333333, 0.33333333, 0.33333333, 0.33333333,
       0.33333333, 0.33333333, 0.3       , 0.33333333, 0.3       ,
       0.33333333, 0.33333333, 0.33333333, 0.33333333, 0.33333333])}

split_conformal_raps_ExtraTrees full class metrics: {'class_coverage': array([1.        , 1.        , 1.        , 0.33333333, 0.71428571,
       1.        , 1.        , 0.5       , 0.9375    , 1.        ,
       0.6       , 0.        , 1.        , 1.        , 0.        ,
       1.        , 1.        , 0.33333333, 0.33333333, 0.85714286,
       1.        , 1.        , 1.        , 1.        , 1.        ,
       0.8       , 0.        , 0.83333333, 1.        , 0.        ]), 'class_mean_width': array([10.        , 10.        , 10.        , 10.        , 10.        ,
       10.        ,  9.86666667,  9.5       ,  9.4375    ,  9.66666667,
        9.2       , 10.        ,  9.5       ,  9.16666667, 10.        ,
       10.        , 10.        , 10.        , 10.        , 10.        ,
       10.        , 10.        ,  9.        ,  9.25      ,  9.        ,
       10.        , 10.        ,  9.5       , 10.        , 10.        ]), 'class_median_width': array([10. , 10. , 10. , 10. , 10. , 10. , 10. , 10. , 10. , 10. , 10. ,
       10. , 10. ,  9.5, 10. , 10. , 10. , 10. , 10. , 10. , 10. , 10. ,
        9. , 10. ,  9. , 10. , 10. , 10. , 10. , 10. ]), 'class_mean_width_scaled': array([0.33333333, 0.33333333, 0.33333333, 0.33333333, 0.33333333,
       0.33333333, 0.32888889, 0.31666667, 0.31458333, 0.32222222,
       0.30666667, 0.33333333, 0.31666667, 0.30555556, 0.33333333,
       0.33333333, 0.33333333, 0.33333333, 0.33333333, 0.33333333,
       0.33333333, 0.33333333, 0.3       , 0.30833333, 0.3       ,
       0.33333333, 0.33333333, 0.31666667, 0.33333333, 0.33333333]), 'class_median_width_scaled': array([0.33333333, 0.33333333, 0.33333333, 0.33333333, 0.33333333,
       0.33333333, 0.33333333, 0.33333333, 0.33333333, 0.33333333,
       0.33333333, 0.33333333, 0.33333333, 0.31666667, 0.33333333,
       0.33333333, 0.33333333, 0.33333333, 0.33333333, 0.33333333,
       0.33333333, 0.33333333, 0.3       , 0.33333333, 0.3       ,
       0.33333333, 0.33333333, 0.33333333, 0.33333333, 0.33333333])}

Job completed at Thu Mar 20 05:03:28 PM PDT 2025
