Starting job at Thu Mar 20 05:03:25 PM PDT 2025
Job parameters:
Dataset: data_language
UQ Method: split_conformal_raps
Estimator: ExtraTrees
Seed: 780
Train Size: 0.8
Running split_conformal_raps on data_language with seed 780 and train size 0.8

starting experiment

data created

Fitting split_conformal_raps_ExtraTrees on data_language with seed 780

split_conformal_raps_ExtraTrees metrics: {'coverage': np.float64(0.905), 'mean_width': np.float64(11.475), 'median_width': np.float64(11.0), 'mean_width_scaled': np.float64(0.3825), 'median_width_scaled': np.float64(0.36666666666666664)}

split_conformal_raps_ExtraTrees full metrics: {'coverage': np.float64(0.905), 'mean_width': np.float64(11.475), 'median_width': np.float64(11.0), 'mean_width_scaled': np.float64(0.3825), 'median_width_scaled': np.float64(0.36666666666666664)}

split_conformal_raps_ExtraTrees class metrics: {'class_coverage': array([0.88888889, 0.6       , 1.        , 0.66666667, 0.85714286,
       1.        , 1.        , 1.        , 1.        , 1.        ,
       0.8       , 1.        , 1.        , 1.        , 0.        ,
       1.        , 1.        , 0.        , 0.33333333, 1.        ,
       0.9       , 1.        , 0.83333333, 1.        , 0.83333333,
       1.        , 0.        , 1.        , 1.        , 0.        ]), 'class_mean_width': array([11.33333333, 11.6       , 12.        , 11.33333333, 11.28571429,
       11.6       , 11.66666667, 11.16666667, 11.375     , 11.5       ,
       11.6       , 12.        , 11.16666667, 11.66666667, 11.5       ,
       11.77777778, 11.8       , 11.33333333, 11.33333333, 11.71428571,
       11.4       , 11.8       , 11.16666667, 11.125     , 11.33333333,
       11.6       , 11.        , 11.16666667, 11.66666667, 11.        ]), 'class_median_width': array([11. , 12. , 12. , 11. , 11. , 12. , 12. , 11. , 11. , 11.5, 12. ,
       12. , 11. , 12. , 11.5, 12. , 12. , 11. , 11. , 12. , 11. , 12. ,
       11. , 11. , 11. , 12. , 11. , 11. , 12. , 11. ]), 'class_mean_width_scaled': array([0.37777778, 0.38666667, 0.4       , 0.37777778, 0.37619048,
       0.38666667, 0.38888889, 0.37222222, 0.37916667, 0.38333333,
       0.38666667, 0.4       , 0.37222222, 0.38888889, 0.38333333,
       0.39259259, 0.39333333, 0.37777778, 0.37777778, 0.39047619,
       0.38      , 0.39333333, 0.37222222, 0.37083333, 0.37777778,
       0.38666667, 0.36666667, 0.37222222, 0.38888889, 0.36666667]), 'class_median_width_scaled': array([0.36666667, 0.4       , 0.4       , 0.36666667, 0.36666667,
       0.4       , 0.4       , 0.36666667, 0.36666667, 0.38333333,
       0.4       , 0.4       , 0.36666667, 0.4       , 0.38333333,
       0.4       , 0.4       , 0.36666667, 0.36666667, 0.4       ,
       0.36666667, 0.4       , 0.36666667, 0.36666667, 0.36666667,
       0.4       , 0.36666667, 0.36666667, 0.4       , 0.36666667])}

split_conformal_raps_ExtraTrees full class metrics: {'class_coverage': array([0.88888889, 0.6       , 1.        , 0.66666667, 0.85714286,
       1.        , 1.        , 1.        , 1.        , 1.        ,
       0.8       , 1.        , 1.        , 1.        , 0.        ,
       1.        , 1.        , 0.        , 0.33333333, 1.        ,
       0.9       , 1.        , 0.83333333, 1.        , 0.83333333,
       1.        , 0.        , 1.        , 1.        , 0.        ]), 'class_mean_width': array([11.33333333, 11.6       , 12.        , 11.33333333, 11.28571429,
       11.6       , 11.66666667, 11.16666667, 11.375     , 11.5       ,
       11.6       , 12.        , 11.16666667, 11.66666667, 11.5       ,
       11.77777778, 11.8       , 11.33333333, 11.33333333, 11.71428571,
       11.4       , 11.8       , 11.16666667, 11.125     , 11.33333333,
       11.6       , 11.        , 11.16666667, 11.66666667, 11.        ]), 'class_median_width': array([11. , 12. , 12. , 11. , 11. , 12. , 12. , 11. , 11. , 11.5, 12. ,
       12. , 11. , 12. , 11.5, 12. , 12. , 11. , 11. , 12. , 11. , 12. ,
       11. , 11. , 11. , 12. , 11. , 11. , 12. , 11. ]), 'class_mean_width_scaled': array([0.37777778, 0.38666667, 0.4       , 0.37777778, 0.37619048,
       0.38666667, 0.38888889, 0.37222222, 0.37916667, 0.38333333,
       0.38666667, 0.4       , 0.37222222, 0.38888889, 0.38333333,
       0.39259259, 0.39333333, 0.37777778, 0.37777778, 0.39047619,
       0.38      , 0.39333333, 0.37222222, 0.37083333, 0.37777778,
       0.38666667, 0.36666667, 0.37222222, 0.38888889, 0.36666667]), 'class_median_width_scaled': array([0.36666667, 0.4       , 0.4       , 0.36666667, 0.36666667,
       0.4       , 0.4       , 0.36666667, 0.36666667, 0.38333333,
       0.4       , 0.4       , 0.36666667, 0.4       , 0.38333333,
       0.4       , 0.4       , 0.36666667, 0.36666667, 0.4       ,
       0.36666667, 0.4       , 0.36666667, 0.36666667, 0.36666667,
       0.4       , 0.36666667, 0.36666667, 0.4       , 0.36666667])}

Job completed at Thu Mar 20 05:03:28 PM PDT 2025
