Starting job at Wed Mar 19 06:27:02 PM PDT 2025
Job parameters:
Dataset: data_walking
UQ Method: split_conformal_naive
Estimator: LogisticRegression
Seed: 779
Train Size: 0.8
Running split_conformal_naive on data_walking with seed 779 and train size 0.8

starting experiment

data created

Fitting split_conformal_naive_LogisticRegression on data_walking with seed 779

split_conformal_naive_LogisticRegression metrics: {'coverage': np.float64(0.9293333333333333), 'mean_width': np.float64(9.466166666666666), 'median_width': np.float64(10.0), 'mean_width_scaled': np.float64(0.430280303030303), 'median_width_scaled': np.float64(0.45454545454545453)}

split_conformal_naive_LogisticRegression full metrics: {'coverage': np.float64(0.9293333333333333), 'mean_width': np.float64(9.466166666666666), 'median_width': np.float64(10.0), 'mean_width_scaled': np.float64(0.430280303030303), 'median_width_scaled': np.float64(0.45454545454545453)}

split_conformal_naive_LogisticRegression class metrics: {'class_coverage': array([0.88709677, 0.82222222, 0.98989899, 0.90707965, 0.87333333,
       0.89208633, 0.96261682, 0.60621762, 0.95539033, 0.99585921,
       0.9047619 , 1.        , 0.71014493, 0.93099548, 0.9352518 ,
       0.8872549 , 0.98091043, 0.93548387, 0.95128205, 0.96153846,
       0.86956522, 0.93214286]), 'class_mean_width': array([13.82258065, 10.71111111, 12.67676768, 11.78761062,  9.96666667,
       14.10791367, 11.02492212, 10.77202073, 11.51301115,  9.17805383,
       14.61904762, 12.51351351, 14.37681159,  5.81334842,  5.99640288,
       11.59313725,  7.63436123, 14.62096774, 10.04102564, 13.67948718,
       13.2173913 , 10.87142857]), 'class_median_width': array([14., 11., 13., 12., 10., 14., 11., 11., 12.,  8., 15., 12., 15.,
        4.,  5., 11.,  6., 14., 10., 14., 14., 11.]), 'class_mean_width_scaled': array([0.62829912, 0.48686869, 0.57621671, 0.53580048, 0.4530303 ,
       0.6412688 , 0.50113282, 0.48963731, 0.52331869, 0.41718427,
       0.66450216, 0.56879607, 0.65349144, 0.26424311, 0.27256377,
       0.52696078, 0.34701642, 0.66458944, 0.45641026, 0.62179487,
       0.60079051, 0.49415584]), 'class_median_width_scaled': array([0.63636364, 0.5       , 0.59090909, 0.54545455, 0.45454545,
       0.63636364, 0.5       , 0.5       , 0.54545455, 0.36363636,
       0.68181818, 0.54545455, 0.68181818, 0.18181818, 0.22727273,
       0.5       , 0.27272727, 0.63636364, 0.45454545, 0.63636364,
       0.63636364, 0.5       ])}

split_conformal_naive_LogisticRegression full class metrics: {'class_coverage': array([0.88709677, 0.82222222, 0.98989899, 0.90707965, 0.87333333,
       0.89208633, 0.96261682, 0.60621762, 0.95539033, 0.99585921,
       0.9047619 , 1.        , 0.71014493, 0.93099548, 0.9352518 ,
       0.8872549 , 0.98091043, 0.93548387, 0.95128205, 0.96153846,
       0.86956522, 0.93214286]), 'class_mean_width': array([13.82258065, 10.71111111, 12.67676768, 11.78761062,  9.96666667,
       14.10791367, 11.02492212, 10.77202073, 11.51301115,  9.17805383,
       14.61904762, 12.51351351, 14.37681159,  5.81334842,  5.99640288,
       11.59313725,  7.63436123, 14.62096774, 10.04102564, 13.67948718,
       13.2173913 , 10.87142857]), 'class_median_width': array([14., 11., 13., 12., 10., 14., 11., 11., 12.,  8., 15., 12., 15.,
        4.,  5., 11.,  6., 14., 10., 14., 14., 11.]), 'class_mean_width_scaled': array([0.62829912, 0.48686869, 0.57621671, 0.53580048, 0.4530303 ,
       0.6412688 , 0.50113282, 0.48963731, 0.52331869, 0.41718427,
       0.66450216, 0.56879607, 0.65349144, 0.26424311, 0.27256377,
       0.52696078, 0.34701642, 0.66458944, 0.45641026, 0.62179487,
       0.60079051, 0.49415584]), 'class_median_width_scaled': array([0.63636364, 0.5       , 0.59090909, 0.54545455, 0.45454545,
       0.63636364, 0.5       , 0.5       , 0.54545455, 0.36363636,
       0.68181818, 0.54545455, 0.68181818, 0.18181818, 0.22727273,
       0.5       , 0.27272727, 0.63636364, 0.45454545, 0.63636364,
       0.63636364, 0.5       ])}

Job completed at Wed Mar 19 06:27:15 PM PDT 2025
