Starting job at Wed Mar 19 06:27:11 PM PDT 2025
Job parameters:
Dataset: data_walking
UQ Method: split_conformal_naive
Estimator: LogisticRegression
Seed: 782
Train Size: 0.8
Running split_conformal_naive on data_walking with seed 782 and train size 0.8

starting experiment

data created

Fitting split_conformal_naive_LogisticRegression on data_walking with seed 782

split_conformal_naive_LogisticRegression metrics: {'coverage': np.float64(0.9225), 'mean_width': np.float64(8.947833333333334), 'median_width': np.float64(9.0), 'mean_width_scaled': np.float64(0.40671969696969695), 'median_width_scaled': np.float64(0.4090909090909091)}

split_conformal_naive_LogisticRegression full metrics: {'coverage': np.float64(0.9225), 'mean_width': np.float64(8.947833333333334), 'median_width': np.float64(9.0), 'mean_width_scaled': np.float64(0.40671969696969695), 'median_width_scaled': np.float64(0.4090909090909091)}

split_conformal_naive_LogisticRegression class metrics: {'class_coverage': array([0.88709677, 0.82222222, 0.97474747, 0.90265487, 0.86      ,
       0.87769784, 0.92834891, 0.59585492, 0.96654275, 0.99378882,
       0.96598639, 0.94594595, 0.86956522, 0.91742081, 0.90407674,
       0.90196078, 0.97650514, 0.92741935, 0.93846154, 0.92307692,
       0.89130435, 0.96428571]), 'class_mean_width': array([12.61290323,  9.08888889, 11.8989899 , 11.35840708,  7.81333333,
       12.35971223, 10.44548287, 10.47668394, 11.35315985,  9.05383023,
       13.89115646, 11.51351351, 13.26086957,  5.55656109,  5.7529976 ,
       11.06372549,  7.17033774, 14.24193548,  9.34615385, 12.88461538,
       11.65217391, 10.38928571]), 'class_median_width': array([13. ,  8. , 12.5, 11. ,  7. , 13. , 11. , 11. , 12. ,  9. , 14. ,
       12. , 14. ,  4. ,  5. , 11. ,  6. , 14. ,  9. , 13. , 12. , 10. ]), 'class_mean_width_scaled': array([0.57331378, 0.41313131, 0.54086318, 0.51629123, 0.35515152,
       0.5618051 , 0.47479468, 0.47621291, 0.51605272, 0.41153774,
       0.6314162 , 0.52334152, 0.6027668 , 0.25257096, 0.26149989,
       0.50289661, 0.32592444, 0.6473607 , 0.42482517, 0.58566434,
       0.52964427, 0.47224026]), 'class_median_width_scaled': array([0.59090909, 0.36363636, 0.56818182, 0.5       , 0.31818182,
       0.59090909, 0.5       , 0.5       , 0.54545455, 0.40909091,
       0.63636364, 0.54545455, 0.63636364, 0.18181818, 0.22727273,
       0.5       , 0.27272727, 0.63636364, 0.40909091, 0.59090909,
       0.54545455, 0.45454545])}

split_conformal_naive_LogisticRegression full class metrics: {'class_coverage': array([0.88709677, 0.82222222, 0.97474747, 0.90265487, 0.86      ,
       0.87769784, 0.92834891, 0.59585492, 0.96654275, 0.99378882,
       0.96598639, 0.94594595, 0.86956522, 0.91742081, 0.90407674,
       0.90196078, 0.97650514, 0.92741935, 0.93846154, 0.92307692,
       0.89130435, 0.96428571]), 'class_mean_width': array([12.61290323,  9.08888889, 11.8989899 , 11.35840708,  7.81333333,
       12.35971223, 10.44548287, 10.47668394, 11.35315985,  9.05383023,
       13.89115646, 11.51351351, 13.26086957,  5.55656109,  5.7529976 ,
       11.06372549,  7.17033774, 14.24193548,  9.34615385, 12.88461538,
       11.65217391, 10.38928571]), 'class_median_width': array([13. ,  8. , 12.5, 11. ,  7. , 13. , 11. , 11. , 12. ,  9. , 14. ,
       12. , 14. ,  4. ,  5. , 11. ,  6. , 14. ,  9. , 13. , 12. , 10. ]), 'class_mean_width_scaled': array([0.57331378, 0.41313131, 0.54086318, 0.51629123, 0.35515152,
       0.5618051 , 0.47479468, 0.47621291, 0.51605272, 0.41153774,
       0.6314162 , 0.52334152, 0.6027668 , 0.25257096, 0.26149989,
       0.50289661, 0.32592444, 0.6473607 , 0.42482517, 0.58566434,
       0.52964427, 0.47224026]), 'class_median_width_scaled': array([0.59090909, 0.36363636, 0.56818182, 0.5       , 0.31818182,
       0.59090909, 0.5       , 0.5       , 0.54545455, 0.40909091,
       0.63636364, 0.54545455, 0.63636364, 0.18181818, 0.22727273,
       0.5       , 0.27272727, 0.63636364, 0.40909091, 0.59090909,
       0.54545455, 0.45454545])}

Job completed at Wed Mar 19 06:27:19 PM PDT 2025
