Starting job at Wed Mar 19 06:27:06 PM PDT 2025
Job parameters:
Dataset: data_walking
UQ Method: split_conformal_naive
Estimator: LogisticRegression
Seed: 780
Train Size: 0.8
Running split_conformal_naive on data_walking with seed 780 and train size 0.8

starting experiment

data created

Fitting split_conformal_naive_LogisticRegression on data_walking with seed 780

split_conformal_naive_LogisticRegression metrics: {'coverage': np.float64(0.9318333333333333), 'mean_width': np.float64(9.197333333333333), 'median_width': np.float64(9.0), 'mean_width_scaled': np.float64(0.418060606060606), 'median_width_scaled': np.float64(0.4090909090909091)}

split_conformal_naive_LogisticRegression full metrics: {'coverage': np.float64(0.9318333333333333), 'mean_width': np.float64(9.197333333333333), 'median_width': np.float64(9.0), 'mean_width_scaled': np.float64(0.418060606060606), 'median_width_scaled': np.float64(0.4090909090909091)}

split_conformal_naive_LogisticRegression class metrics: {'class_coverage': array([0.85483871, 0.91111111, 0.96464646, 0.96902655, 0.9       ,
       0.84172662, 0.95327103, 0.53367876, 0.9739777 , 0.99378882,
       0.91836735, 1.        , 0.68115942, 0.94004525, 0.94004796,
       0.87745098, 0.98531571, 0.92741935, 0.95384615, 0.94871795,
       0.93478261, 0.96071429]), 'class_mean_width': array([12.83064516,  9.68888889, 12.18181818, 11.54867257,  8.45333333,
       12.74100719, 11.21806854, 11.2746114 , 11.3605948 ,  8.8136646 ,
       13.80952381, 12.78378378, 13.86956522,  5.78280543,  5.78057554,
       11.20588235,  7.57709251, 14.28225806,  9.88461538, 13.56410256,
       11.54347826, 10.33571429]), 'class_median_width': array([13. ,  9. , 12. , 12. ,  8. , 13. , 12. , 12. , 11. ,  8. , 14. ,
       13. , 14. ,  4. ,  4. , 11. ,  6. , 14.5, 10. , 14. , 12. , 10. ]), 'class_mean_width_scaled': array([0.58321114, 0.44040404, 0.55371901, 0.52493966, 0.38424242,
       0.57913669, 0.50991221, 0.51248234, 0.51639067, 0.40062112,
       0.62770563, 0.58108108, 0.63043478, 0.26285479, 0.26275343,
       0.50935829, 0.3444133 , 0.64919355, 0.4493007 , 0.61655012,
       0.52470356, 0.46980519]), 'class_median_width_scaled': array([0.59090909, 0.40909091, 0.54545455, 0.54545455, 0.36363636,
       0.59090909, 0.54545455, 0.54545455, 0.5       , 0.36363636,
       0.63636364, 0.59090909, 0.63636364, 0.18181818, 0.18181818,
       0.5       , 0.27272727, 0.65909091, 0.45454545, 0.63636364,
       0.54545455, 0.45454545])}

split_conformal_naive_LogisticRegression full class metrics: {'class_coverage': array([0.85483871, 0.91111111, 0.96464646, 0.96902655, 0.9       ,
       0.84172662, 0.95327103, 0.53367876, 0.9739777 , 0.99378882,
       0.91836735, 1.        , 0.68115942, 0.94004525, 0.94004796,
       0.87745098, 0.98531571, 0.92741935, 0.95384615, 0.94871795,
       0.93478261, 0.96071429]), 'class_mean_width': array([12.83064516,  9.68888889, 12.18181818, 11.54867257,  8.45333333,
       12.74100719, 11.21806854, 11.2746114 , 11.3605948 ,  8.8136646 ,
       13.80952381, 12.78378378, 13.86956522,  5.78280543,  5.78057554,
       11.20588235,  7.57709251, 14.28225806,  9.88461538, 13.56410256,
       11.54347826, 10.33571429]), 'class_median_width': array([13. ,  9. , 12. , 12. ,  8. , 13. , 12. , 12. , 11. ,  8. , 14. ,
       13. , 14. ,  4. ,  4. , 11. ,  6. , 14.5, 10. , 14. , 12. , 10. ]), 'class_mean_width_scaled': array([0.58321114, 0.44040404, 0.55371901, 0.52493966, 0.38424242,
       0.57913669, 0.50991221, 0.51248234, 0.51639067, 0.40062112,
       0.62770563, 0.58108108, 0.63043478, 0.26285479, 0.26275343,
       0.50935829, 0.3444133 , 0.64919355, 0.4493007 , 0.61655012,
       0.52470356, 0.46980519]), 'class_median_width_scaled': array([0.59090909, 0.40909091, 0.54545455, 0.54545455, 0.36363636,
       0.59090909, 0.54545455, 0.54545455, 0.5       , 0.36363636,
       0.63636364, 0.59090909, 0.63636364, 0.18181818, 0.18181818,
       0.5       , 0.27272727, 0.65909091, 0.45454545, 0.63636364,
       0.54545455, 0.45454545])}

Job completed at Wed Mar 19 06:27:19 PM PDT 2025
