Starting job at Wed Mar 19 06:27:21 PM PDT 2025
Job parameters:
Dataset: data_walking
UQ Method: split_conformal_naive
Estimator: LogisticRegression
Seed: 786
Train Size: 0.8
Running split_conformal_naive on data_walking with seed 786 and train size 0.8

starting experiment

data created

Fitting split_conformal_naive_LogisticRegression on data_walking with seed 786

split_conformal_naive_LogisticRegression metrics: {'coverage': np.float64(0.9241666666666667), 'mean_width': np.float64(9.147666666666666), 'median_width': np.float64(9.0), 'mean_width_scaled': np.float64(0.4158030303030303), 'median_width_scaled': np.float64(0.4090909090909091)}

split_conformal_naive_LogisticRegression full metrics: {'coverage': np.float64(0.9241666666666667), 'mean_width': np.float64(9.147666666666666), 'median_width': np.float64(9.0), 'mean_width_scaled': np.float64(0.4158030303030303), 'median_width_scaled': np.float64(0.4090909090909091)}

split_conformal_naive_LogisticRegression class metrics: {'class_coverage': array([0.87096774, 0.68888889, 0.96969697, 0.96902655, 0.89333333,
       0.87769784, 0.92834891, 0.5388601 , 0.95910781, 1.        ,
       0.93197279, 1.        , 0.75362319, 0.91855204, 0.92086331,
       0.89215686, 0.98384728, 0.95967742, 0.93333333, 0.94230769,
       0.82608696, 0.96428571]), 'class_mean_width': array([12.58870968, 10.11111111, 12.16161616, 11.51769912,  8.54      ,
       13.08633094, 10.98130841, 10.17098446, 11.60966543,  9.32919255,
       13.63265306, 12.78378378, 12.94202899,  5.54298643,  5.83932854,
       11.46078431,  7.37444934, 14.26612903,  9.87948718, 13.28205128,
       12.26086957, 10.3       ]), 'class_median_width': array([13. , 11. , 12. , 11.5,  9. , 14. , 11. , 10. , 12. ,  9. , 14. ,
       13. , 13. ,  4. ,  5. , 11. ,  6. , 14. , 10. , 14. , 13. , 10. ]), 'class_mean_width_scaled': array([0.57221408, 0.45959596, 0.55280073, 0.52353178, 0.38818182,
       0.59483322, 0.49915038, 0.46231748, 0.52771206, 0.42405421,
       0.61966605, 0.58108108, 0.58827404, 0.25195393, 0.26542402,
       0.52094474, 0.33520224, 0.64846041, 0.4490676 , 0.6037296 ,
       0.55731225, 0.46818182]), 'class_median_width_scaled': array([0.59090909, 0.5       , 0.54545455, 0.52272727, 0.40909091,
       0.63636364, 0.5       , 0.45454545, 0.54545455, 0.40909091,
       0.63636364, 0.59090909, 0.59090909, 0.18181818, 0.22727273,
       0.5       , 0.27272727, 0.63636364, 0.45454545, 0.63636364,
       0.59090909, 0.45454545])}

split_conformal_naive_LogisticRegression full class metrics: {'class_coverage': array([0.87096774, 0.68888889, 0.96969697, 0.96902655, 0.89333333,
       0.87769784, 0.92834891, 0.5388601 , 0.95910781, 1.        ,
       0.93197279, 1.        , 0.75362319, 0.91855204, 0.92086331,
       0.89215686, 0.98384728, 0.95967742, 0.93333333, 0.94230769,
       0.82608696, 0.96428571]), 'class_mean_width': array([12.58870968, 10.11111111, 12.16161616, 11.51769912,  8.54      ,
       13.08633094, 10.98130841, 10.17098446, 11.60966543,  9.32919255,
       13.63265306, 12.78378378, 12.94202899,  5.54298643,  5.83932854,
       11.46078431,  7.37444934, 14.26612903,  9.87948718, 13.28205128,
       12.26086957, 10.3       ]), 'class_median_width': array([13. , 11. , 12. , 11.5,  9. , 14. , 11. , 10. , 12. ,  9. , 14. ,
       13. , 13. ,  4. ,  5. , 11. ,  6. , 14. , 10. , 14. , 13. , 10. ]), 'class_mean_width_scaled': array([0.57221408, 0.45959596, 0.55280073, 0.52353178, 0.38818182,
       0.59483322, 0.49915038, 0.46231748, 0.52771206, 0.42405421,
       0.61966605, 0.58108108, 0.58827404, 0.25195393, 0.26542402,
       0.52094474, 0.33520224, 0.64846041, 0.4490676 , 0.6037296 ,
       0.55731225, 0.46818182]), 'class_median_width_scaled': array([0.59090909, 0.5       , 0.54545455, 0.52272727, 0.40909091,
       0.63636364, 0.5       , 0.45454545, 0.54545455, 0.40909091,
       0.63636364, 0.59090909, 0.59090909, 0.18181818, 0.22727273,
       0.5       , 0.27272727, 0.63636364, 0.45454545, 0.63636364,
       0.59090909, 0.45454545])}

Job completed at Wed Mar 19 06:27:32 PM PDT 2025
