Starting job at Wed Mar 19 06:28:09 PM PDT 2025
Job parameters:
Dataset: data_cover_type
UQ Method: split_conformal_lac
Estimator: MLP
Seed: 784
Train Size: 0.8
Running split_conformal_lac on data_cover_type with seed 784 and train size 0.8

starting experiment

data created

Fitting split_conformal_lac_MLP on data_cover_type with seed 784

split_conformal_lac_MLP metrics: {'coverage': np.float64(0.909), 'mean_width': np.float64(46.324), 'median_width': np.float64(50.0), 'mean_width_scaled': np.float64(0.46324), 'median_width_scaled': np.float64(0.5)}

split_conformal_lac_MLP full metrics: {'coverage': np.float64(0.909), 'mean_width': np.float64(46.324), 'median_width': np.float64(50.0), 'mean_width_scaled': np.float64(0.46324), 'median_width_scaled': np.float64(0.5)}

split_conformal_lac_MLP class metrics: {'class_coverage': array([1.  , 1.  , 1.  , 0.95, 1.  , 0.95, 1.  , 0.9 , 1.  , 0.85, 1.  ,
       0.9 , 0.7 , 1.  , 0.7 , 1.  , 0.95, 1.  , 0.95, 0.9 , 1.  , 1.  ,
       1.  , 0.95, 1.  , 1.  , 1.  , 0.6 , 0.8 , 1.  , 0.9 , 0.8 , 0.85,
       1.  , 1.  , 0.95, 0.65, 0.95, 0.85, 1.  , 1.  , 0.8 , 0.9 , 1.  ,
       1.  , 1.  , 1.  , 1.  , 1.  , 0.5 , 0.6 , 0.95, 0.9 , 1.  , 1.  ,
       1.  , 1.  , 0.7 , 0.6 , 0.9 , 0.9 , 0.95, 1.  , 0.9 , 0.95, 0.1 ,
       1.  , 0.95, 0.95, 0.95, 0.7 , 1.  , 1.  , 0.35, 0.95, 0.9 , 1.  ,
       1.  , 0.75, 0.9 , 0.2 , 0.95, 0.95, 1.  , 1.  , 1.  , 0.9 , 1.  ,
       1.  , 0.95, 0.95, 1.  , 0.95, 0.95, 1.  , 1.  , 1.  , 1.  , 1.  ,
       1.  ]), 'class_mean_width': array([51.45, 60.55, 46.05, 48.6 , 68.3 , 64.2 , 57.6 , 53.2 , 67.75,
       62.15, 64.9 , 28.1 , 33.95, 49.65, 56.35, 67.15, 70.15, 47.85,
       20.3 , 36.25, 58.4 , 56.9 , 54.2 , 52.35, 63.35, 65.75,  6.15,
       32.55, 36.95, 38.45, 51.35, 32.05, 31.4 , 66.3 , 52.55, 30.  ,
       29.4 , 42.3 , 42.2 , 46.3 , 35.25, 39.1 , 41.85,  9.8 , 47.25,
       58.8 , 57.15, 33.7 , 30.05, 28.  , 28.5 , 27.15, 60.  , 64.55,
       51.8 , 69.35, 61.6 , 43.55, 34.  , 23.85, 46.1 , 44.3 , 66.9 ,
       37.85, 50.65, 54.8 , 69.35, 39.65, 38.5 , 58.1 , 61.45, 56.3 ,
       24.4 , 45.7 , 34.45, 27.35, 35.  , 20.  , 24.7 , 35.25, 32.85,
       38.25, 44.95, 52.4 , 62.45, 31.7 , 33.15, 39.55, 27.7 , 61.55,
       59.25, 59.85, 59.45, 36.6 , 50.15, 53.5 , 56.1 , 55.05, 60.9 ,
       57.5 ]), 'class_median_width': array([50. , 63. , 45.5, 47.5, 71.5, 66. , 57.5, 52.5, 69. , 67.5, 71. ,
        9.5, 29.5, 52.5, 60.5, 67. , 71.5, 49. , 11. , 33. , 58.5, 62. ,
       50.5, 51. , 67.5, 68.5,  5.5, 15.5, 28. , 34.5, 54.5, 17. , 20.5,
       66. , 55. , 21.5, 29. , 42.5, 43. , 62.5, 26.5, 39. , 44.5,  7. ,
       47.5, 61.5, 59.5, 34.5, 19. , 23.5, 14.5, 15. , 62. , 65.5, 55. ,
       68. , 66.5, 49. , 21. , 18. , 46.5, 46.5, 68. , 42.5, 48.5, 55.5,
       70.5, 41. , 38. , 61.5, 64. , 57.5, 21. , 49.5, 40.5, 30.5, 35.5,
       13. , 23. , 39. , 31. , 37.5, 47.5, 55. , 65. , 31. , 29.5, 41. ,
       29.5, 65. , 64. , 62. , 60.5, 31. , 47. , 63. , 58. , 57.5, 62. ,
       61. ]), 'class_mean_width_scaled': array([0.5145, 0.6055, 0.4605, 0.486 , 0.683 , 0.642 , 0.576 , 0.532 ,
       0.6775, 0.6215, 0.649 , 0.281 , 0.3395, 0.4965, 0.5635, 0.6715,
       0.7015, 0.4785, 0.203 , 0.3625, 0.584 , 0.569 , 0.542 , 0.5235,
       0.6335, 0.6575, 0.0615, 0.3255, 0.3695, 0.3845, 0.5135, 0.3205,
       0.314 , 0.663 , 0.5255, 0.3   , 0.294 , 0.423 , 0.422 , 0.463 ,
       0.3525, 0.391 , 0.4185, 0.098 , 0.4725, 0.588 , 0.5715, 0.337 ,
       0.3005, 0.28  , 0.285 , 0.2715, 0.6   , 0.6455, 0.518 , 0.6935,
       0.616 , 0.4355, 0.34  , 0.2385, 0.461 , 0.443 , 0.669 , 0.3785,
       0.5065, 0.548 , 0.6935, 0.3965, 0.385 , 0.581 , 0.6145, 0.563 ,
       0.244 , 0.457 , 0.3445, 0.2735, 0.35  , 0.2   , 0.247 , 0.3525,
       0.3285, 0.3825, 0.4495, 0.524 , 0.6245, 0.317 , 0.3315, 0.3955,
       0.277 , 0.6155, 0.5925, 0.5985, 0.5945, 0.366 , 0.5015, 0.535 ,
       0.561 , 0.5505, 0.609 , 0.575 ]), 'class_median_width_scaled': array([0.5  , 0.63 , 0.455, 0.475, 0.715, 0.66 , 0.575, 0.525, 0.69 ,
       0.675, 0.71 , 0.095, 0.295, 0.525, 0.605, 0.67 , 0.715, 0.49 ,
       0.11 , 0.33 , 0.585, 0.62 , 0.505, 0.51 , 0.675, 0.685, 0.055,
       0.155, 0.28 , 0.345, 0.545, 0.17 , 0.205, 0.66 , 0.55 , 0.215,
       0.29 , 0.425, 0.43 , 0.625, 0.265, 0.39 , 0.445, 0.07 , 0.475,
       0.615, 0.595, 0.345, 0.19 , 0.235, 0.145, 0.15 , 0.62 , 0.655,
       0.55 , 0.68 , 0.665, 0.49 , 0.21 , 0.18 , 0.465, 0.465, 0.68 ,
       0.425, 0.485, 0.555, 0.705, 0.41 , 0.38 , 0.615, 0.64 , 0.575,
       0.21 , 0.495, 0.405, 0.305, 0.355, 0.13 , 0.23 , 0.39 , 0.31 ,
       0.375, 0.475, 0.55 , 0.65 , 0.31 , 0.295, 0.41 , 0.295, 0.65 ,
       0.64 , 0.62 , 0.605, 0.31 , 0.47 , 0.63 , 0.58 , 0.575, 0.62 ,
       0.61 ])}

split_conformal_lac_MLP full class metrics: {'class_coverage': array([1.  , 1.  , 1.  , 0.95, 1.  , 0.95, 1.  , 0.9 , 1.  , 0.85, 1.  ,
       0.9 , 0.7 , 1.  , 0.7 , 1.  , 0.95, 1.  , 0.95, 0.9 , 1.  , 1.  ,
       1.  , 0.95, 1.  , 1.  , 1.  , 0.6 , 0.8 , 1.  , 0.9 , 0.8 , 0.85,
       1.  , 1.  , 0.95, 0.65, 0.95, 0.85, 1.  , 1.  , 0.8 , 0.9 , 1.  ,
       1.  , 1.  , 1.  , 1.  , 1.  , 0.5 , 0.6 , 0.95, 0.9 , 1.  , 1.  ,
       1.  , 1.  , 0.7 , 0.6 , 0.9 , 0.9 , 0.95, 1.  , 0.9 , 0.95, 0.1 ,
       1.  , 0.95, 0.95, 0.95, 0.7 , 1.  , 1.  , 0.35, 0.95, 0.9 , 1.  ,
       1.  , 0.75, 0.9 , 0.2 , 0.95, 0.95, 1.  , 1.  , 1.  , 0.9 , 1.  ,
       1.  , 0.95, 0.95, 1.  , 0.95, 0.95, 1.  , 1.  , 1.  , 1.  , 1.  ,
       1.  ]), 'class_mean_width': array([51.45, 60.55, 46.05, 48.6 , 68.3 , 64.2 , 57.6 , 53.2 , 67.75,
       62.15, 64.9 , 28.1 , 33.95, 49.65, 56.35, 67.15, 70.15, 47.85,
       20.3 , 36.25, 58.4 , 56.9 , 54.2 , 52.35, 63.35, 65.75,  6.15,
       32.55, 36.95, 38.45, 51.35, 32.05, 31.4 , 66.3 , 52.55, 30.  ,
       29.4 , 42.3 , 42.2 , 46.3 , 35.25, 39.1 , 41.85,  9.8 , 47.25,
       58.8 , 57.15, 33.7 , 30.05, 28.  , 28.5 , 27.15, 60.  , 64.55,
       51.8 , 69.35, 61.6 , 43.55, 34.  , 23.85, 46.1 , 44.3 , 66.9 ,
       37.85, 50.65, 54.8 , 69.35, 39.65, 38.5 , 58.1 , 61.45, 56.3 ,
       24.4 , 45.7 , 34.45, 27.35, 35.  , 20.  , 24.7 , 35.25, 32.85,
       38.25, 44.95, 52.4 , 62.45, 31.7 , 33.15, 39.55, 27.7 , 61.55,
       59.25, 59.85, 59.45, 36.6 , 50.15, 53.5 , 56.1 , 55.05, 60.9 ,
       57.5 ]), 'class_median_width': array([50. , 63. , 45.5, 47.5, 71.5, 66. , 57.5, 52.5, 69. , 67.5, 71. ,
        9.5, 29.5, 52.5, 60.5, 67. , 71.5, 49. , 11. , 33. , 58.5, 62. ,
       50.5, 51. , 67.5, 68.5,  5.5, 15.5, 28. , 34.5, 54.5, 17. , 20.5,
       66. , 55. , 21.5, 29. , 42.5, 43. , 62.5, 26.5, 39. , 44.5,  7. ,
       47.5, 61.5, 59.5, 34.5, 19. , 23.5, 14.5, 15. , 62. , 65.5, 55. ,
       68. , 66.5, 49. , 21. , 18. , 46.5, 46.5, 68. , 42.5, 48.5, 55.5,
       70.5, 41. , 38. , 61.5, 64. , 57.5, 21. , 49.5, 40.5, 30.5, 35.5,
       13. , 23. , 39. , 31. , 37.5, 47.5, 55. , 65. , 31. , 29.5, 41. ,
       29.5, 65. , 64. , 62. , 60.5, 31. , 47. , 63. , 58. , 57.5, 62. ,
       61. ]), 'class_mean_width_scaled': array([0.5145, 0.6055, 0.4605, 0.486 , 0.683 , 0.642 , 0.576 , 0.532 ,
       0.6775, 0.6215, 0.649 , 0.281 , 0.3395, 0.4965, 0.5635, 0.6715,
       0.7015, 0.4785, 0.203 , 0.3625, 0.584 , 0.569 , 0.542 , 0.5235,
       0.6335, 0.6575, 0.0615, 0.3255, 0.3695, 0.3845, 0.5135, 0.3205,
       0.314 , 0.663 , 0.5255, 0.3   , 0.294 , 0.423 , 0.422 , 0.463 ,
       0.3525, 0.391 , 0.4185, 0.098 , 0.4725, 0.588 , 0.5715, 0.337 ,
       0.3005, 0.28  , 0.285 , 0.2715, 0.6   , 0.6455, 0.518 , 0.6935,
       0.616 , 0.4355, 0.34  , 0.2385, 0.461 , 0.443 , 0.669 , 0.3785,
       0.5065, 0.548 , 0.6935, 0.3965, 0.385 , 0.581 , 0.6145, 0.563 ,
       0.244 , 0.457 , 0.3445, 0.2735, 0.35  , 0.2   , 0.247 , 0.3525,
       0.3285, 0.3825, 0.4495, 0.524 , 0.6245, 0.317 , 0.3315, 0.3955,
       0.277 , 0.6155, 0.5925, 0.5985, 0.5945, 0.366 , 0.5015, 0.535 ,
       0.561 , 0.5505, 0.609 , 0.575 ]), 'class_median_width_scaled': array([0.5  , 0.63 , 0.455, 0.475, 0.715, 0.66 , 0.575, 0.525, 0.69 ,
       0.675, 0.71 , 0.095, 0.295, 0.525, 0.605, 0.67 , 0.715, 0.49 ,
       0.11 , 0.33 , 0.585, 0.62 , 0.505, 0.51 , 0.675, 0.685, 0.055,
       0.155, 0.28 , 0.345, 0.545, 0.17 , 0.205, 0.66 , 0.55 , 0.215,
       0.29 , 0.425, 0.43 , 0.625, 0.265, 0.39 , 0.445, 0.07 , 0.475,
       0.615, 0.595, 0.345, 0.19 , 0.235, 0.145, 0.15 , 0.62 , 0.655,
       0.55 , 0.68 , 0.665, 0.49 , 0.21 , 0.18 , 0.465, 0.465, 0.68 ,
       0.425, 0.485, 0.555, 0.705, 0.41 , 0.38 , 0.615, 0.64 , 0.575,
       0.21 , 0.495, 0.405, 0.305, 0.355, 0.13 , 0.23 , 0.39 , 0.31 ,
       0.375, 0.475, 0.55 , 0.65 , 0.31 , 0.295, 0.41 , 0.295, 0.65 ,
       0.64 , 0.62 , 0.605, 0.31 , 0.47 , 0.63 , 0.58 , 0.575, 0.62 ,
       0.61 ])}

Job completed at Wed Mar 19 06:28:15 PM PDT 2025
