Starting job at Wed Mar 19 06:28:04 PM PDT 2025
Job parameters:
Dataset: data_cover_type
UQ Method: split_conformal_lac
Estimator: MLP
Seed: 782
Train Size: 0.8
Running split_conformal_lac on data_cover_type with seed 782 and train size 0.8

starting experiment

data created

Fitting split_conformal_lac_MLP on data_cover_type with seed 782

split_conformal_lac_MLP metrics: {'coverage': np.float64(0.909), 'mean_width': np.float64(48.8915), 'median_width': np.float64(51.0), 'mean_width_scaled': np.float64(0.488915), 'median_width_scaled': np.float64(0.51)}

split_conformal_lac_MLP full metrics: {'coverage': np.float64(0.909), 'mean_width': np.float64(48.8915), 'median_width': np.float64(51.0), 'mean_width_scaled': np.float64(0.488915), 'median_width_scaled': np.float64(0.51)}

split_conformal_lac_MLP class metrics: {'class_coverage': array([1.  , 0.8 , 0.95, 0.8 , 0.6 , 1.  , 1.  , 0.9 , 1.  , 1.  , 1.  ,
       1.  , 0.95, 1.  , 0.95, 0.95, 1.  , 1.  , 0.9 , 0.7 , 1.  , 0.9 ,
       1.  , 1.  , 0.95, 0.95, 1.  , 0.85, 1.  , 1.  , 1.  , 0.7 , 0.7 ,
       1.  , 1.  , 0.15, 1.  , 0.85, 1.  , 1.  , 1.  , 0.95, 0.85, 1.  ,
       1.  , 0.95, 1.  , 1.  , 1.  , 0.45, 0.35, 0.9 , 1.  , 0.45, 1.  ,
       1.  , 1.  , 0.8 , 0.5 , 0.95, 0.95, 0.95, 1.  , 0.8 , 0.95, 1.  ,
       0.9 , 1.  , 0.9 , 1.  , 0.2 , 1.  , 1.  , 0.9 , 1.  , 0.9 , 1.  ,
       1.  , 0.75, 0.8 , 0.95, 0.95, 1.  , 1.  , 1.  , 0.95, 0.95, 0.95,
       1.  , 0.95, 0.9 , 0.75, 1.  , 1.  , 0.95, 1.  , 1.  , 0.95, 0.95,
       1.  ]), 'class_mean_width': array([57.2 , 56.8 , 48.65, 62.95, 75.55, 58.8 , 43.75, 59.25, 60.4 ,
       54.2 , 68.4 , 47.55, 41.65, 57.35, 61.55, 66.3 , 71.05, 55.  ,
       11.25, 30.25, 67.05, 61.9 , 53.7 , 58.05, 61.45, 65.85,  5.85,
       34.05, 28.5 , 37.7 , 45.35, 38.85, 43.  , 72.1 , 59.65, 32.95,
       30.5 , 50.3 , 55.2 , 60.75, 39.45, 42.2 , 41.6 ,  7.1 , 43.7 ,
       60.35, 67.55, 30.1 , 44.35, 27.65, 36.2 , 25.2 , 59.65, 64.4 ,
       51.25, 67.05, 61.6 , 32.05, 32.7 , 24.9 , 45.35, 59.75, 58.8 ,
       35.8 , 55.25, 60.3 , 62.3 , 38.6 , 48.7 , 47.7 , 65.3 , 60.15,
       34.55, 43.15, 46.5 , 42.5 , 40.1 , 35.3 , 29.7 , 43.2 , 38.5 ,
       43.25, 44.25, 63.4 , 67.55, 52.9 , 40.9 , 35.05, 34.05, 69.15,
       54.3 , 58.6 , 65.35, 39.25, 49.7 , 50.7 , 55.1 , 57.3 , 60.55,
       46.6 ]), 'class_median_width': array([43.5, 65. , 48. , 61. , 81.5, 61. , 41. , 67. , 67. , 60. , 72.5,
       65.5, 37. , 56.5, 63. , 67.5, 73.5, 59. ,  9.5, 21.5, 69.5, 66.5,
       59.5, 57. , 66.5, 64. ,  5. , 23. , 19.5, 33.5, 45. , 37.5, 37.5,
       75.5, 62.5, 22.5, 16. , 56.5, 57.5, 77. , 36.5, 41.5, 43. ,  7. ,
       45. , 63.5, 69.5, 25. , 49.5, 21. , 26. , 19. , 65. , 67.5, 54. ,
       69. , 66. , 38. , 19.5, 20. , 45. , 64. , 65.5, 38. , 61. , 65. ,
       67. , 37.5, 50. , 48. , 66. , 60.5, 33. , 53. , 50.5, 41. , 40. ,
       31. , 15.5, 48.5, 42.5, 41. , 43.5, 65.5, 78.5, 54.5, 40. , 31.5,
       33. , 72.5, 55. , 58.5, 69.5, 26. , 41. , 55.5, 59. , 65.5, 59. ,
       45. ]), 'class_mean_width_scaled': array([0.572 , 0.568 , 0.4865, 0.6295, 0.7555, 0.588 , 0.4375, 0.5925,
       0.604 , 0.542 , 0.684 , 0.4755, 0.4165, 0.5735, 0.6155, 0.663 ,
       0.7105, 0.55  , 0.1125, 0.3025, 0.6705, 0.619 , 0.537 , 0.5805,
       0.6145, 0.6585, 0.0585, 0.3405, 0.285 , 0.377 , 0.4535, 0.3885,
       0.43  , 0.721 , 0.5965, 0.3295, 0.305 , 0.503 , 0.552 , 0.6075,
       0.3945, 0.422 , 0.416 , 0.071 , 0.437 , 0.6035, 0.6755, 0.301 ,
       0.4435, 0.2765, 0.362 , 0.252 , 0.5965, 0.644 , 0.5125, 0.6705,
       0.616 , 0.3205, 0.327 , 0.249 , 0.4535, 0.5975, 0.588 , 0.358 ,
       0.5525, 0.603 , 0.623 , 0.386 , 0.487 , 0.477 , 0.653 , 0.6015,
       0.3455, 0.4315, 0.465 , 0.425 , 0.401 , 0.353 , 0.297 , 0.432 ,
       0.385 , 0.4325, 0.4425, 0.634 , 0.6755, 0.529 , 0.409 , 0.3505,
       0.3405, 0.6915, 0.543 , 0.586 , 0.6535, 0.3925, 0.497 , 0.507 ,
       0.551 , 0.573 , 0.6055, 0.466 ]), 'class_median_width_scaled': array([0.435, 0.65 , 0.48 , 0.61 , 0.815, 0.61 , 0.41 , 0.67 , 0.67 ,
       0.6  , 0.725, 0.655, 0.37 , 0.565, 0.63 , 0.675, 0.735, 0.59 ,
       0.095, 0.215, 0.695, 0.665, 0.595, 0.57 , 0.665, 0.64 , 0.05 ,
       0.23 , 0.195, 0.335, 0.45 , 0.375, 0.375, 0.755, 0.625, 0.225,
       0.16 , 0.565, 0.575, 0.77 , 0.365, 0.415, 0.43 , 0.07 , 0.45 ,
       0.635, 0.695, 0.25 , 0.495, 0.21 , 0.26 , 0.19 , 0.65 , 0.675,
       0.54 , 0.69 , 0.66 , 0.38 , 0.195, 0.2  , 0.45 , 0.64 , 0.655,
       0.38 , 0.61 , 0.65 , 0.67 , 0.375, 0.5  , 0.48 , 0.66 , 0.605,
       0.33 , 0.53 , 0.505, 0.41 , 0.4  , 0.31 , 0.155, 0.485, 0.425,
       0.41 , 0.435, 0.655, 0.785, 0.545, 0.4  , 0.315, 0.33 , 0.725,
       0.55 , 0.585, 0.695, 0.26 , 0.41 , 0.555, 0.59 , 0.655, 0.59 ,
       0.45 ])}

split_conformal_lac_MLP full class metrics: {'class_coverage': array([1.  , 0.8 , 0.95, 0.8 , 0.6 , 1.  , 1.  , 0.9 , 1.  , 1.  , 1.  ,
       1.  , 0.95, 1.  , 0.95, 0.95, 1.  , 1.  , 0.9 , 0.7 , 1.  , 0.9 ,
       1.  , 1.  , 0.95, 0.95, 1.  , 0.85, 1.  , 1.  , 1.  , 0.7 , 0.7 ,
       1.  , 1.  , 0.15, 1.  , 0.85, 1.  , 1.  , 1.  , 0.95, 0.85, 1.  ,
       1.  , 0.95, 1.  , 1.  , 1.  , 0.45, 0.35, 0.9 , 1.  , 0.45, 1.  ,
       1.  , 1.  , 0.8 , 0.5 , 0.95, 0.95, 0.95, 1.  , 0.8 , 0.95, 1.  ,
       0.9 , 1.  , 0.9 , 1.  , 0.2 , 1.  , 1.  , 0.9 , 1.  , 0.9 , 1.  ,
       1.  , 0.75, 0.8 , 0.95, 0.95, 1.  , 1.  , 1.  , 0.95, 0.95, 0.95,
       1.  , 0.95, 0.9 , 0.75, 1.  , 1.  , 0.95, 1.  , 1.  , 0.95, 0.95,
       1.  ]), 'class_mean_width': array([57.2 , 56.8 , 48.65, 62.95, 75.55, 58.8 , 43.75, 59.25, 60.4 ,
       54.2 , 68.4 , 47.55, 41.65, 57.35, 61.55, 66.3 , 71.05, 55.  ,
       11.25, 30.25, 67.05, 61.9 , 53.7 , 58.05, 61.45, 65.85,  5.85,
       34.05, 28.5 , 37.7 , 45.35, 38.85, 43.  , 72.1 , 59.65, 32.95,
       30.5 , 50.3 , 55.2 , 60.75, 39.45, 42.2 , 41.6 ,  7.1 , 43.7 ,
       60.35, 67.55, 30.1 , 44.35, 27.65, 36.2 , 25.2 , 59.65, 64.4 ,
       51.25, 67.05, 61.6 , 32.05, 32.7 , 24.9 , 45.35, 59.75, 58.8 ,
       35.8 , 55.25, 60.3 , 62.3 , 38.6 , 48.7 , 47.7 , 65.3 , 60.15,
       34.55, 43.15, 46.5 , 42.5 , 40.1 , 35.3 , 29.7 , 43.2 , 38.5 ,
       43.25, 44.25, 63.4 , 67.55, 52.9 , 40.9 , 35.05, 34.05, 69.15,
       54.3 , 58.6 , 65.35, 39.25, 49.7 , 50.7 , 55.1 , 57.3 , 60.55,
       46.6 ]), 'class_median_width': array([43.5, 65. , 48. , 61. , 81.5, 61. , 41. , 67. , 67. , 60. , 72.5,
       65.5, 37. , 56.5, 63. , 67.5, 73.5, 59. ,  9.5, 21.5, 69.5, 66.5,
       59.5, 57. , 66.5, 64. ,  5. , 23. , 19.5, 33.5, 45. , 37.5, 37.5,
       75.5, 62.5, 22.5, 16. , 56.5, 57.5, 77. , 36.5, 41.5, 43. ,  7. ,
       45. , 63.5, 69.5, 25. , 49.5, 21. , 26. , 19. , 65. , 67.5, 54. ,
       69. , 66. , 38. , 19.5, 20. , 45. , 64. , 65.5, 38. , 61. , 65. ,
       67. , 37.5, 50. , 48. , 66. , 60.5, 33. , 53. , 50.5, 41. , 40. ,
       31. , 15.5, 48.5, 42.5, 41. , 43.5, 65.5, 78.5, 54.5, 40. , 31.5,
       33. , 72.5, 55. , 58.5, 69.5, 26. , 41. , 55.5, 59. , 65.5, 59. ,
       45. ]), 'class_mean_width_scaled': array([0.572 , 0.568 , 0.4865, 0.6295, 0.7555, 0.588 , 0.4375, 0.5925,
       0.604 , 0.542 , 0.684 , 0.4755, 0.4165, 0.5735, 0.6155, 0.663 ,
       0.7105, 0.55  , 0.1125, 0.3025, 0.6705, 0.619 , 0.537 , 0.5805,
       0.6145, 0.6585, 0.0585, 0.3405, 0.285 , 0.377 , 0.4535, 0.3885,
       0.43  , 0.721 , 0.5965, 0.3295, 0.305 , 0.503 , 0.552 , 0.6075,
       0.3945, 0.422 , 0.416 , 0.071 , 0.437 , 0.6035, 0.6755, 0.301 ,
       0.4435, 0.2765, 0.362 , 0.252 , 0.5965, 0.644 , 0.5125, 0.6705,
       0.616 , 0.3205, 0.327 , 0.249 , 0.4535, 0.5975, 0.588 , 0.358 ,
       0.5525, 0.603 , 0.623 , 0.386 , 0.487 , 0.477 , 0.653 , 0.6015,
       0.3455, 0.4315, 0.465 , 0.425 , 0.401 , 0.353 , 0.297 , 0.432 ,
       0.385 , 0.4325, 0.4425, 0.634 , 0.6755, 0.529 , 0.409 , 0.3505,
       0.3405, 0.6915, 0.543 , 0.586 , 0.6535, 0.3925, 0.497 , 0.507 ,
       0.551 , 0.573 , 0.6055, 0.466 ]), 'class_median_width_scaled': array([0.435, 0.65 , 0.48 , 0.61 , 0.815, 0.61 , 0.41 , 0.67 , 0.67 ,
       0.6  , 0.725, 0.655, 0.37 , 0.565, 0.63 , 0.675, 0.735, 0.59 ,
       0.095, 0.215, 0.695, 0.665, 0.595, 0.57 , 0.665, 0.64 , 0.05 ,
       0.23 , 0.195, 0.335, 0.45 , 0.375, 0.375, 0.755, 0.625, 0.225,
       0.16 , 0.565, 0.575, 0.77 , 0.365, 0.415, 0.43 , 0.07 , 0.45 ,
       0.635, 0.695, 0.25 , 0.495, 0.21 , 0.26 , 0.19 , 0.65 , 0.675,
       0.54 , 0.69 , 0.66 , 0.38 , 0.195, 0.2  , 0.45 , 0.64 , 0.655,
       0.38 , 0.61 , 0.65 , 0.67 , 0.375, 0.5  , 0.48 , 0.66 , 0.605,
       0.33 , 0.53 , 0.505, 0.41 , 0.4  , 0.31 , 0.155, 0.485, 0.425,
       0.41 , 0.435, 0.655, 0.785, 0.545, 0.4  , 0.315, 0.33 , 0.725,
       0.55 , 0.585, 0.695, 0.26 , 0.41 , 0.555, 0.59 , 0.655, 0.59 ,
       0.45 ])}

Job completed at Wed Mar 19 06:28:12 PM PDT 2025
