Starting job at Wed Mar 19 06:28:11 PM PDT 2025
Job parameters:
Dataset: data_cover_type
UQ Method: split_conformal_lac
Estimator: RandomForest
Seed: 786
Train Size: 0.8
Running split_conformal_lac on data_cover_type with seed 786 and train size 0.8

starting experiment

data created

Fitting split_conformal_lac_RandomForest on data_cover_type with seed 786

split_conformal_lac_RandomForest metrics: {'coverage': np.float64(0.9235), 'mean_width': np.float64(11.564), 'median_width': np.float64(12.0), 'mean_width_scaled': np.float64(0.11564), 'median_width_scaled': np.float64(0.12)}

split_conformal_lac_RandomForest full metrics: {'coverage': np.float64(0.9235), 'mean_width': np.float64(11.564), 'median_width': np.float64(12.0), 'mean_width_scaled': np.float64(0.11564), 'median_width_scaled': np.float64(0.12)}

split_conformal_lac_RandomForest class metrics: {'class_coverage': array([0.9 , 0.85, 0.7 , 0.95, 1.  , 1.  , 0.95, 0.85, 0.9 , 0.85, 0.9 ,
       1.  , 0.95, 0.95, 0.9 , 1.  , 1.  , 1.  , 0.95, 1.  , 1.  , 0.95,
       0.9 , 0.95, 0.7 , 0.95, 1.  , 0.9 , 0.95, 1.  , 1.  , 0.75, 0.75,
       1.  , 1.  , 0.75, 0.8 , 0.65, 0.8 , 1.  , 1.  , 0.9 , 0.8 , 1.  ,
       1.  , 1.  , 1.  , 1.  , 0.95, 0.9 , 0.95, 1.  , 1.  , 0.95, 0.75,
       1.  , 0.8 , 0.9 , 1.  , 1.  , 0.8 , 0.85, 1.  , 1.  , 0.9 , 0.9 ,
       1.  , 0.95, 0.8 , 0.6 , 0.95, 1.  , 1.  , 0.9 , 0.95, 1.  , 1.  ,
       0.85, 1.  , 0.9 , 0.85, 0.95, 0.8 , 1.  , 0.95, 1.  , 0.95, 1.  ,
       0.95, 0.9 , 0.85, 1.  , 0.9 , 0.8 , 0.85, 1.  , 0.95, 1.  , 1.  ,
       1.  ]), 'class_mean_width': array([11.45, 14.15, 12.75, 10.75, 11.65, 14.65,  9.55, 14.65, 13.5 ,
       12.05, 12.3 , 11.45, 11.25, 14.45, 15.6 , 11.8 , 10.8 ,  9.15,
        9.85, 11.35, 10.1 , 13.55, 11.05,  8.3 , 15.15, 11.3 ,  5.75,
       12.7 , 11.2 , 11.25, 11.6 , 13.55, 13.95, 10.65, 10.25, 13.7 ,
       13.75, 13.55, 16.5 , 14.15,  9.9 , 13.4 , 14.3 ,  4.15,  6.3 ,
       13.4 , 11.2 ,  6.5 ,  9.45, 14.7 , 13.55,  8.  , 10.8 , 12.95,
       13.65,  8.8 , 13.55, 14.35, 12.1 ,  6.7 , 14.65, 16.35, 10.5 ,
        8.05, 14.75, 15.1 , 11.8 ,  7.2 , 14.05, 14.7 , 13.2 ,  9.4 ,
        6.9 , 14.7 ,  8.65,  9.85,  8.05, 14.15, 11.6 , 13.1 , 13.7 ,
       10.45, 14.35, 11.15, 10.1 ,  9.1 , 11.25, 10.25, 12.6 , 12.3 ,
       12.3 ,  9.75, 12.9 , 10.8 ,  8.55,  9.15, 12.  ,  8.85, 10.35,
        6.85]), 'class_median_width': array([10.5, 14. , 13. , 10.5, 11. , 14. ,  7.5, 14. , 13.5, 10.5, 12. ,
       12. , 11. , 14.5, 15. , 11.5,  9. ,  9. , 10. , 10.5, 10. , 13.5,
       11. ,  7.5, 15. , 11.5,  6. , 13. , 11.5, 11. , 12. , 13.5, 14. ,
       12. , 10. , 14. , 13.5, 13. , 17. , 14. ,  7.5, 13.5, 14. ,  3. ,
        4. , 14. , 11. ,  6. ,  9.5, 15. , 14. ,  7.5, 11. , 13.5, 13. ,
        7.5, 13.5, 14.5, 12.5,  7. , 14.5, 16.5, 11. ,  8.5, 14. , 14. ,
       12. ,  7. , 14. , 15. , 13. ,  9. ,  5.5, 15. ,  8. , 10. ,  8. ,
       13.5, 11.5, 13.5, 14.5, 11. , 14.5, 11. ,  9. , 10. , 11. ,  9. ,
       12.5, 13. , 12. ,  8. , 13. , 10. ,  9.5,  9. , 12. ,  8.5, 10. ,
        7. ]), 'class_mean_width_scaled': array([0.1145, 0.1415, 0.1275, 0.1075, 0.1165, 0.1465, 0.0955, 0.1465,
       0.135 , 0.1205, 0.123 , 0.1145, 0.1125, 0.1445, 0.156 , 0.118 ,
       0.108 , 0.0915, 0.0985, 0.1135, 0.101 , 0.1355, 0.1105, 0.083 ,
       0.1515, 0.113 , 0.0575, 0.127 , 0.112 , 0.1125, 0.116 , 0.1355,
       0.1395, 0.1065, 0.1025, 0.137 , 0.1375, 0.1355, 0.165 , 0.1415,
       0.099 , 0.134 , 0.143 , 0.0415, 0.063 , 0.134 , 0.112 , 0.065 ,
       0.0945, 0.147 , 0.1355, 0.08  , 0.108 , 0.1295, 0.1365, 0.088 ,
       0.1355, 0.1435, 0.121 , 0.067 , 0.1465, 0.1635, 0.105 , 0.0805,
       0.1475, 0.151 , 0.118 , 0.072 , 0.1405, 0.147 , 0.132 , 0.094 ,
       0.069 , 0.147 , 0.0865, 0.0985, 0.0805, 0.1415, 0.116 , 0.131 ,
       0.137 , 0.1045, 0.1435, 0.1115, 0.101 , 0.091 , 0.1125, 0.1025,
       0.126 , 0.123 , 0.123 , 0.0975, 0.129 , 0.108 , 0.0855, 0.0915,
       0.12  , 0.0885, 0.1035, 0.0685]), 'class_median_width_scaled': array([0.105, 0.14 , 0.13 , 0.105, 0.11 , 0.14 , 0.075, 0.14 , 0.135,
       0.105, 0.12 , 0.12 , 0.11 , 0.145, 0.15 , 0.115, 0.09 , 0.09 ,
       0.1  , 0.105, 0.1  , 0.135, 0.11 , 0.075, 0.15 , 0.115, 0.06 ,
       0.13 , 0.115, 0.11 , 0.12 , 0.135, 0.14 , 0.12 , 0.1  , 0.14 ,
       0.135, 0.13 , 0.17 , 0.14 , 0.075, 0.135, 0.14 , 0.03 , 0.04 ,
       0.14 , 0.11 , 0.06 , 0.095, 0.15 , 0.14 , 0.075, 0.11 , 0.135,
       0.13 , 0.075, 0.135, 0.145, 0.125, 0.07 , 0.145, 0.165, 0.11 ,
       0.085, 0.14 , 0.14 , 0.12 , 0.07 , 0.14 , 0.15 , 0.13 , 0.09 ,
       0.055, 0.15 , 0.08 , 0.1  , 0.08 , 0.135, 0.115, 0.135, 0.145,
       0.11 , 0.145, 0.11 , 0.09 , 0.1  , 0.11 , 0.09 , 0.125, 0.13 ,
       0.12 , 0.08 , 0.13 , 0.1  , 0.095, 0.09 , 0.12 , 0.085, 0.1  ,
       0.07 ])}

split_conformal_lac_RandomForest full class metrics: {'class_coverage': array([0.9 , 0.85, 0.7 , 0.95, 1.  , 1.  , 0.95, 0.85, 0.9 , 0.85, 0.9 ,
       1.  , 0.95, 0.95, 0.9 , 1.  , 1.  , 1.  , 0.95, 1.  , 1.  , 0.95,
       0.9 , 0.95, 0.7 , 0.95, 1.  , 0.9 , 0.95, 1.  , 1.  , 0.75, 0.75,
       1.  , 1.  , 0.75, 0.8 , 0.65, 0.8 , 1.  , 1.  , 0.9 , 0.8 , 1.  ,
       1.  , 1.  , 1.  , 1.  , 0.95, 0.9 , 0.95, 1.  , 1.  , 0.95, 0.75,
       1.  , 0.8 , 0.9 , 1.  , 1.  , 0.8 , 0.85, 1.  , 1.  , 0.9 , 0.9 ,
       1.  , 0.95, 0.8 , 0.6 , 0.95, 1.  , 1.  , 0.9 , 0.95, 1.  , 1.  ,
       0.85, 1.  , 0.9 , 0.85, 0.95, 0.8 , 1.  , 0.95, 1.  , 0.95, 1.  ,
       0.95, 0.9 , 0.85, 1.  , 0.9 , 0.8 , 0.85, 1.  , 0.95, 1.  , 1.  ,
       1.  ]), 'class_mean_width': array([11.45, 14.15, 12.75, 10.75, 11.65, 14.65,  9.55, 14.65, 13.5 ,
       12.05, 12.3 , 11.45, 11.25, 14.45, 15.6 , 11.8 , 10.8 ,  9.15,
        9.85, 11.35, 10.1 , 13.55, 11.05,  8.3 , 15.15, 11.3 ,  5.75,
       12.7 , 11.2 , 11.25, 11.6 , 13.55, 13.95, 10.65, 10.25, 13.7 ,
       13.75, 13.55, 16.5 , 14.15,  9.9 , 13.4 , 14.3 ,  4.15,  6.3 ,
       13.4 , 11.2 ,  6.5 ,  9.45, 14.7 , 13.55,  8.  , 10.8 , 12.95,
       13.65,  8.8 , 13.55, 14.35, 12.1 ,  6.7 , 14.65, 16.35, 10.5 ,
        8.05, 14.75, 15.1 , 11.8 ,  7.2 , 14.05, 14.7 , 13.2 ,  9.4 ,
        6.9 , 14.7 ,  8.65,  9.85,  8.05, 14.15, 11.6 , 13.1 , 13.7 ,
       10.45, 14.35, 11.15, 10.1 ,  9.1 , 11.25, 10.25, 12.6 , 12.3 ,
       12.3 ,  9.75, 12.9 , 10.8 ,  8.55,  9.15, 12.  ,  8.85, 10.35,
        6.85]), 'class_median_width': array([10.5, 14. , 13. , 10.5, 11. , 14. ,  7.5, 14. , 13.5, 10.5, 12. ,
       12. , 11. , 14.5, 15. , 11.5,  9. ,  9. , 10. , 10.5, 10. , 13.5,
       11. ,  7.5, 15. , 11.5,  6. , 13. , 11.5, 11. , 12. , 13.5, 14. ,
       12. , 10. , 14. , 13.5, 13. , 17. , 14. ,  7.5, 13.5, 14. ,  3. ,
        4. , 14. , 11. ,  6. ,  9.5, 15. , 14. ,  7.5, 11. , 13.5, 13. ,
        7.5, 13.5, 14.5, 12.5,  7. , 14.5, 16.5, 11. ,  8.5, 14. , 14. ,
       12. ,  7. , 14. , 15. , 13. ,  9. ,  5.5, 15. ,  8. , 10. ,  8. ,
       13.5, 11.5, 13.5, 14.5, 11. , 14.5, 11. ,  9. , 10. , 11. ,  9. ,
       12.5, 13. , 12. ,  8. , 13. , 10. ,  9.5,  9. , 12. ,  8.5, 10. ,
        7. ]), 'class_mean_width_scaled': array([0.1145, 0.1415, 0.1275, 0.1075, 0.1165, 0.1465, 0.0955, 0.1465,
       0.135 , 0.1205, 0.123 , 0.1145, 0.1125, 0.1445, 0.156 , 0.118 ,
       0.108 , 0.0915, 0.0985, 0.1135, 0.101 , 0.1355, 0.1105, 0.083 ,
       0.1515, 0.113 , 0.0575, 0.127 , 0.112 , 0.1125, 0.116 , 0.1355,
       0.1395, 0.1065, 0.1025, 0.137 , 0.1375, 0.1355, 0.165 , 0.1415,
       0.099 , 0.134 , 0.143 , 0.0415, 0.063 , 0.134 , 0.112 , 0.065 ,
       0.0945, 0.147 , 0.1355, 0.08  , 0.108 , 0.1295, 0.1365, 0.088 ,
       0.1355, 0.1435, 0.121 , 0.067 , 0.1465, 0.1635, 0.105 , 0.0805,
       0.1475, 0.151 , 0.118 , 0.072 , 0.1405, 0.147 , 0.132 , 0.094 ,
       0.069 , 0.147 , 0.0865, 0.0985, 0.0805, 0.1415, 0.116 , 0.131 ,
       0.137 , 0.1045, 0.1435, 0.1115, 0.101 , 0.091 , 0.1125, 0.1025,
       0.126 , 0.123 , 0.123 , 0.0975, 0.129 , 0.108 , 0.0855, 0.0915,
       0.12  , 0.0885, 0.1035, 0.0685]), 'class_median_width_scaled': array([0.105, 0.14 , 0.13 , 0.105, 0.11 , 0.14 , 0.075, 0.14 , 0.135,
       0.105, 0.12 , 0.12 , 0.11 , 0.145, 0.15 , 0.115, 0.09 , 0.09 ,
       0.1  , 0.105, 0.1  , 0.135, 0.11 , 0.075, 0.15 , 0.115, 0.06 ,
       0.13 , 0.115, 0.11 , 0.12 , 0.135, 0.14 , 0.12 , 0.1  , 0.14 ,
       0.135, 0.13 , 0.17 , 0.14 , 0.075, 0.135, 0.14 , 0.03 , 0.04 ,
       0.14 , 0.11 , 0.06 , 0.095, 0.15 , 0.14 , 0.075, 0.11 , 0.135,
       0.13 , 0.075, 0.135, 0.145, 0.125, 0.07 , 0.145, 0.165, 0.11 ,
       0.085, 0.14 , 0.14 , 0.12 , 0.07 , 0.14 , 0.15 , 0.13 , 0.09 ,
       0.055, 0.15 , 0.08 , 0.1  , 0.08 , 0.135, 0.115, 0.135, 0.145,
       0.11 , 0.145, 0.11 , 0.09 , 0.1  , 0.11 , 0.09 , 0.125, 0.13 ,
       0.12 , 0.08 , 0.13 , 0.1  , 0.095, 0.09 , 0.12 , 0.085, 0.1  ,
       0.07 ])}

Job completed at Wed Mar 19 06:28:17 PM PDT 2025
