Starting job at Wed Mar 19 06:28:00 PM PDT 2025
Job parameters:
Dataset: data_cover_type
UQ Method: split_conformal_lac
Estimator: RandomForest
Seed: 782
Train Size: 0.8
Running split_conformal_lac on data_cover_type with seed 782 and train size 0.8

starting experiment

data created

Fitting split_conformal_lac_RandomForest on data_cover_type with seed 782

split_conformal_lac_RandomForest metrics: {'coverage': np.float64(0.9145), 'mean_width': np.float64(11.6635), 'median_width': np.float64(12.0), 'mean_width_scaled': np.float64(0.116635), 'median_width_scaled': np.float64(0.12)}

split_conformal_lac_RandomForest full metrics: {'coverage': np.float64(0.9145), 'mean_width': np.float64(11.6635), 'median_width': np.float64(12.0), 'mean_width_scaled': np.float64(0.116635), 'median_width_scaled': np.float64(0.12)}

split_conformal_lac_RandomForest class metrics: {'class_coverage': array([0.9 , 0.6 , 0.8 , 0.95, 0.7 , 0.75, 1.  , 0.75, 0.85, 0.85, 1.  ,
       1.  , 0.95, 0.95, 0.85, 0.9 , 1.  , 1.  , 1.  , 0.9 , 1.  , 1.  ,
       0.9 , 1.  , 0.9 , 1.  , 1.  , 0.85, 1.  , 1.  , 1.  , 0.8 , 0.85,
       1.  , 1.  , 0.75, 0.85, 0.75, 0.6 , 0.95, 1.  , 0.85, 0.7 , 1.  ,
       1.  , 0.95, 1.  , 1.  , 1.  , 0.95, 0.85, 0.75, 1.  , 0.9 , 0.95,
       1.  , 0.75, 1.  , 0.9 , 1.  , 0.8 , 0.65, 1.  , 1.  , 0.9 , 0.9 ,
       0.95, 1.  , 0.8 , 0.85, 1.  , 0.95, 1.  , 1.  , 1.  , 0.9 , 1.  ,
       0.85, 1.  , 0.85, 1.  , 0.9 , 0.95, 0.95, 0.9 , 1.  , 0.85, 1.  ,
       0.75, 0.95, 0.8 , 0.95, 0.9 , 1.  , 0.85, 1.  , 0.85, 1.  , 1.  ,
       1.  ]), 'class_mean_width': array([10.35, 13.75, 12.75,  9.45, 13.15, 14.2 ,  8.8 , 15.55, 15.65,
       12.75, 13.2 , 11.65, 11.35, 14.25, 14.35, 11.55,  8.85,  9.9 ,
       10.45, 10.5 , 10.05, 12.9 , 10.25,  7.4 , 13.6 , 12.1 ,  4.15,
       12.95, 13.8 , 10.5 , 10.2 , 13.6 , 12.2 , 11.8 ,  9.8 , 13.8 ,
       11.4 , 14.85, 14.4 , 14.1 , 10.45, 14.7 , 13.85,  3.6 ,  6.4 ,
       13.9 , 13.  ,  7.25,  7.15, 14.45, 13.2 , 10.  , 11.95, 13.15,
       14.1 , 11.4 , 13.7 , 14.95, 12.65,  8.2 , 14.8 , 16.85, 10.65,
       10.05, 15.65, 17.35, 13.15,  9.8 , 15.8 , 14.65, 11.75,  9.35,
        6.85, 13.45,  8.2 ,  7.95,  7.25, 13.05, 11.05, 12.75, 14.05,
        8.55, 13.15, 11.3 , 13.2 ,  8.5 , 11.5 , 10.05, 11.05, 12.7 ,
       14.3 , 10.45, 14.15, 11.45,  9.25,  8.05, 11.2 , 10.2 , 10.95,
        7.55]), 'class_median_width': array([10. , 14. , 12.5,  9.5, 13.5, 13. ,  7. , 15. , 17. , 13.5, 13. ,
       12. , 11. , 14. , 15. , 11.5,  9. , 10. , 11.5, 10.5, 10. , 12.5,
       10. ,  7. , 13. , 12. ,  4. , 12.5, 13.5, 10. , 10. , 14. , 13. ,
       11.5,  9.5, 13.5, 12.5, 15. , 15. , 14. , 10. , 14. , 14. ,  3.5,
        5.5, 14. , 13.5,  7. ,  6. , 15. , 13. , 10. , 12.5, 13.5, 15. ,
       13. , 14.5, 15. , 12.5,  9. , 14. , 17. , 11. , 10. , 15. , 18.5,
       13. , 11. , 16. , 15. , 11. ,  9. ,  6. , 13. ,  6.5,  7. ,  7.5,
       13.5, 11.5, 13. , 14. ,  9.5, 13. , 12. , 13. ,  8. , 12. , 10. ,
       12. , 13. , 14.5, 10. , 14. , 12. ,  9. ,  7.5, 11. , 10. ,  9. ,
        7. ]), 'class_mean_width_scaled': array([0.1035, 0.1375, 0.1275, 0.0945, 0.1315, 0.142 , 0.088 , 0.1555,
       0.1565, 0.1275, 0.132 , 0.1165, 0.1135, 0.1425, 0.1435, 0.1155,
       0.0885, 0.099 , 0.1045, 0.105 , 0.1005, 0.129 , 0.1025, 0.074 ,
       0.136 , 0.121 , 0.0415, 0.1295, 0.138 , 0.105 , 0.102 , 0.136 ,
       0.122 , 0.118 , 0.098 , 0.138 , 0.114 , 0.1485, 0.144 , 0.141 ,
       0.1045, 0.147 , 0.1385, 0.036 , 0.064 , 0.139 , 0.13  , 0.0725,
       0.0715, 0.1445, 0.132 , 0.1   , 0.1195, 0.1315, 0.141 , 0.114 ,
       0.137 , 0.1495, 0.1265, 0.082 , 0.148 , 0.1685, 0.1065, 0.1005,
       0.1565, 0.1735, 0.1315, 0.098 , 0.158 , 0.1465, 0.1175, 0.0935,
       0.0685, 0.1345, 0.082 , 0.0795, 0.0725, 0.1305, 0.1105, 0.1275,
       0.1405, 0.0855, 0.1315, 0.113 , 0.132 , 0.085 , 0.115 , 0.1005,
       0.1105, 0.127 , 0.143 , 0.1045, 0.1415, 0.1145, 0.0925, 0.0805,
       0.112 , 0.102 , 0.1095, 0.0755]), 'class_median_width_scaled': array([0.1  , 0.14 , 0.125, 0.095, 0.135, 0.13 , 0.07 , 0.15 , 0.17 ,
       0.135, 0.13 , 0.12 , 0.11 , 0.14 , 0.15 , 0.115, 0.09 , 0.1  ,
       0.115, 0.105, 0.1  , 0.125, 0.1  , 0.07 , 0.13 , 0.12 , 0.04 ,
       0.125, 0.135, 0.1  , 0.1  , 0.14 , 0.13 , 0.115, 0.095, 0.135,
       0.125, 0.15 , 0.15 , 0.14 , 0.1  , 0.14 , 0.14 , 0.035, 0.055,
       0.14 , 0.135, 0.07 , 0.06 , 0.15 , 0.13 , 0.1  , 0.125, 0.135,
       0.15 , 0.13 , 0.145, 0.15 , 0.125, 0.09 , 0.14 , 0.17 , 0.11 ,
       0.1  , 0.15 , 0.185, 0.13 , 0.11 , 0.16 , 0.15 , 0.11 , 0.09 ,
       0.06 , 0.13 , 0.065, 0.07 , 0.075, 0.135, 0.115, 0.13 , 0.14 ,
       0.095, 0.13 , 0.12 , 0.13 , 0.08 , 0.12 , 0.1  , 0.12 , 0.13 ,
       0.145, 0.1  , 0.14 , 0.12 , 0.09 , 0.075, 0.11 , 0.1  , 0.09 ,
       0.07 ])}

split_conformal_lac_RandomForest full class metrics: {'class_coverage': array([0.9 , 0.6 , 0.8 , 0.95, 0.7 , 0.75, 1.  , 0.75, 0.85, 0.85, 1.  ,
       1.  , 0.95, 0.95, 0.85, 0.9 , 1.  , 1.  , 1.  , 0.9 , 1.  , 1.  ,
       0.9 , 1.  , 0.9 , 1.  , 1.  , 0.85, 1.  , 1.  , 1.  , 0.8 , 0.85,
       1.  , 1.  , 0.75, 0.85, 0.75, 0.6 , 0.95, 1.  , 0.85, 0.7 , 1.  ,
       1.  , 0.95, 1.  , 1.  , 1.  , 0.95, 0.85, 0.75, 1.  , 0.9 , 0.95,
       1.  , 0.75, 1.  , 0.9 , 1.  , 0.8 , 0.65, 1.  , 1.  , 0.9 , 0.9 ,
       0.95, 1.  , 0.8 , 0.85, 1.  , 0.95, 1.  , 1.  , 1.  , 0.9 , 1.  ,
       0.85, 1.  , 0.85, 1.  , 0.9 , 0.95, 0.95, 0.9 , 1.  , 0.85, 1.  ,
       0.75, 0.95, 0.8 , 0.95, 0.9 , 1.  , 0.85, 1.  , 0.85, 1.  , 1.  ,
       1.  ]), 'class_mean_width': array([10.35, 13.75, 12.75,  9.45, 13.15, 14.2 ,  8.8 , 15.55, 15.65,
       12.75, 13.2 , 11.65, 11.35, 14.25, 14.35, 11.55,  8.85,  9.9 ,
       10.45, 10.5 , 10.05, 12.9 , 10.25,  7.4 , 13.6 , 12.1 ,  4.15,
       12.95, 13.8 , 10.5 , 10.2 , 13.6 , 12.2 , 11.8 ,  9.8 , 13.8 ,
       11.4 , 14.85, 14.4 , 14.1 , 10.45, 14.7 , 13.85,  3.6 ,  6.4 ,
       13.9 , 13.  ,  7.25,  7.15, 14.45, 13.2 , 10.  , 11.95, 13.15,
       14.1 , 11.4 , 13.7 , 14.95, 12.65,  8.2 , 14.8 , 16.85, 10.65,
       10.05, 15.65, 17.35, 13.15,  9.8 , 15.8 , 14.65, 11.75,  9.35,
        6.85, 13.45,  8.2 ,  7.95,  7.25, 13.05, 11.05, 12.75, 14.05,
        8.55, 13.15, 11.3 , 13.2 ,  8.5 , 11.5 , 10.05, 11.05, 12.7 ,
       14.3 , 10.45, 14.15, 11.45,  9.25,  8.05, 11.2 , 10.2 , 10.95,
        7.55]), 'class_median_width': array([10. , 14. , 12.5,  9.5, 13.5, 13. ,  7. , 15. , 17. , 13.5, 13. ,
       12. , 11. , 14. , 15. , 11.5,  9. , 10. , 11.5, 10.5, 10. , 12.5,
       10. ,  7. , 13. , 12. ,  4. , 12.5, 13.5, 10. , 10. , 14. , 13. ,
       11.5,  9.5, 13.5, 12.5, 15. , 15. , 14. , 10. , 14. , 14. ,  3.5,
        5.5, 14. , 13.5,  7. ,  6. , 15. , 13. , 10. , 12.5, 13.5, 15. ,
       13. , 14.5, 15. , 12.5,  9. , 14. , 17. , 11. , 10. , 15. , 18.5,
       13. , 11. , 16. , 15. , 11. ,  9. ,  6. , 13. ,  6.5,  7. ,  7.5,
       13.5, 11.5, 13. , 14. ,  9.5, 13. , 12. , 13. ,  8. , 12. , 10. ,
       12. , 13. , 14.5, 10. , 14. , 12. ,  9. ,  7.5, 11. , 10. ,  9. ,
        7. ]), 'class_mean_width_scaled': array([0.1035, 0.1375, 0.1275, 0.0945, 0.1315, 0.142 , 0.088 , 0.1555,
       0.1565, 0.1275, 0.132 , 0.1165, 0.1135, 0.1425, 0.1435, 0.1155,
       0.0885, 0.099 , 0.1045, 0.105 , 0.1005, 0.129 , 0.1025, 0.074 ,
       0.136 , 0.121 , 0.0415, 0.1295, 0.138 , 0.105 , 0.102 , 0.136 ,
       0.122 , 0.118 , 0.098 , 0.138 , 0.114 , 0.1485, 0.144 , 0.141 ,
       0.1045, 0.147 , 0.1385, 0.036 , 0.064 , 0.139 , 0.13  , 0.0725,
       0.0715, 0.1445, 0.132 , 0.1   , 0.1195, 0.1315, 0.141 , 0.114 ,
       0.137 , 0.1495, 0.1265, 0.082 , 0.148 , 0.1685, 0.1065, 0.1005,
       0.1565, 0.1735, 0.1315, 0.098 , 0.158 , 0.1465, 0.1175, 0.0935,
       0.0685, 0.1345, 0.082 , 0.0795, 0.0725, 0.1305, 0.1105, 0.1275,
       0.1405, 0.0855, 0.1315, 0.113 , 0.132 , 0.085 , 0.115 , 0.1005,
       0.1105, 0.127 , 0.143 , 0.1045, 0.1415, 0.1145, 0.0925, 0.0805,
       0.112 , 0.102 , 0.1095, 0.0755]), 'class_median_width_scaled': array([0.1  , 0.14 , 0.125, 0.095, 0.135, 0.13 , 0.07 , 0.15 , 0.17 ,
       0.135, 0.13 , 0.12 , 0.11 , 0.14 , 0.15 , 0.115, 0.09 , 0.1  ,
       0.115, 0.105, 0.1  , 0.125, 0.1  , 0.07 , 0.13 , 0.12 , 0.04 ,
       0.125, 0.135, 0.1  , 0.1  , 0.14 , 0.13 , 0.115, 0.095, 0.135,
       0.125, 0.15 , 0.15 , 0.14 , 0.1  , 0.14 , 0.14 , 0.035, 0.055,
       0.14 , 0.135, 0.07 , 0.06 , 0.15 , 0.13 , 0.1  , 0.125, 0.135,
       0.15 , 0.13 , 0.145, 0.15 , 0.125, 0.09 , 0.14 , 0.17 , 0.11 ,
       0.1  , 0.15 , 0.185, 0.13 , 0.11 , 0.16 , 0.15 , 0.11 , 0.09 ,
       0.06 , 0.13 , 0.065, 0.07 , 0.075, 0.135, 0.115, 0.13 , 0.14 ,
       0.095, 0.13 , 0.12 , 0.13 , 0.08 , 0.12 , 0.1  , 0.12 , 0.13 ,
       0.145, 0.1  , 0.14 , 0.12 , 0.09 , 0.075, 0.11 , 0.1  , 0.09 ,
       0.07 ])}

Job completed at Wed Mar 19 06:28:06 PM PDT 2025
