Starting job at Wed Mar 19 06:27:57 PM PDT 2025
Job parameters:
Dataset: data_cover_type
UQ Method: split_conformal_lac
Estimator: RandomForest
Seed: 781
Train Size: 0.8
Running split_conformal_lac on data_cover_type with seed 781 and train size 0.8

starting experiment

data created

Fitting split_conformal_lac_RandomForest on data_cover_type with seed 781

split_conformal_lac_RandomForest metrics: {'coverage': np.float64(0.926), 'mean_width': np.float64(11.566), 'median_width': np.float64(12.0), 'mean_width_scaled': np.float64(0.11566000000000001), 'median_width_scaled': np.float64(0.12)}

split_conformal_lac_RandomForest full metrics: {'coverage': np.float64(0.926), 'mean_width': np.float64(11.566), 'median_width': np.float64(12.0), 'mean_width_scaled': np.float64(0.11566000000000001), 'median_width_scaled': np.float64(0.12)}

split_conformal_lac_RandomForest class metrics: {'class_coverage': array([0.9 , 0.8 , 0.8 , 1.  , 1.  , 0.9 , 1.  , 0.9 , 0.95, 0.9 , 1.  ,
       1.  , 0.95, 1.  , 0.85, 0.95, 1.  , 1.  , 0.95, 1.  , 1.  , 1.  ,
       0.95, 1.  , 0.9 , 1.  , 1.  , 0.95, 0.9 , 1.  , 1.  , 0.9 , 0.8 ,
       1.  , 1.  , 0.75, 0.85, 0.85, 0.75, 1.  , 0.95, 0.75, 0.65, 1.  ,
       1.  , 0.95, 1.  , 1.  , 1.  , 1.  , 0.9 , 1.  , 1.  , 0.75, 0.95,
       1.  , 0.75, 0.9 , 0.9 , 1.  , 0.95, 0.7 , 1.  , 1.  , 0.85, 0.8 ,
       1.  , 1.  , 0.6 , 0.55, 0.95, 1.  , 0.85, 0.95, 0.95, 0.9 , 1.  ,
       1.  , 1.  , 0.95, 0.9 , 0.95, 0.95, 0.9 , 0.9 , 0.95, 0.85, 1.  ,
       1.  , 0.95, 0.9 , 1.  , 0.9 , 1.  , 0.8 , 1.  , 0.85, 0.95, 0.95,
       1.  ]), 'class_mean_width': array([ 9.3 , 15.7 , 11.9 ,  9.8 , 12.4 , 12.85, 12.25, 15.1 , 13.4 ,
       12.2 , 12.5 , 10.05, 11.05, 13.6 , 13.25, 11.35,  7.5 ,  9.7 ,
       11.55, 11.75,  9.1 , 12.35, 12.2 ,  8.55, 13.3 , 12.3 ,  5.1 ,
       13.75, 14.2 , 10.35, 11.85, 13.25, 13.6 , 11.3 ,  9.5 , 14.3 ,
       13.05, 15.6 , 15.05, 14.05,  9.75, 14.  , 14.05,  4.  ,  7.9 ,
       12.85,  9.6 ,  5.6 ,  8.25, 14.85, 15.15, 10.2 , 10.75, 14.3 ,
       14.  ,  9.45, 13.75, 14.3 , 12.75,  9.15, 15.1 , 15.7 , 11.05,
        9.3 , 14.65, 15.8 , 13.8 ,  7.9 , 15.05, 15.8 , 12.35,  8.85,
        8.2 , 12.2 ,  7.45,  8.3 ,  6.8 , 13.1 ,  8.95, 11.85, 13.85,
        9.9 , 13.7 , 11.65, 12.15, 10.65, 10.8 , 11.  , 11.2 , 10.95,
       13.15,  8.9 , 14.35, 10.  ,  9.5 ,  8.55, 10.5 , 10.05, 10.9 ,
        8.05]), 'class_median_width': array([ 8.5, 16.5, 12. ,  9.5, 13. , 13.5, 13. , 15. , 14. , 13. , 12. ,
       10. , 11. , 15. , 13.5, 11.5,  8. ,  9.5, 12. , 11.5,  9. , 11. ,
       11. ,  7.5, 13. , 12. ,  4.5, 13. , 14. , 10. , 12. , 12. , 14. ,
       10. , 10. , 14. , 13. , 16. , 15. , 13. ,  9. , 14. , 14. ,  3.5,
        8. , 13. ,  8.5,  5. ,  6.5, 15. , 15. , 11. , 10.5, 14.5, 14. ,
        9.5, 13. , 14. , 12. ,  8.5, 15. , 14.5, 10.5,  9. , 14. , 17. ,
       12. ,  6.5, 15.5, 16.5, 12.5,  7. ,  8. , 12. ,  6. ,  8.5,  6. ,
       13. ,  9. , 11. , 14. ,  9.5, 15. , 13. , 12.5,  9.5, 10. , 10. ,
       11.5, 10.5, 13. ,  8. , 13. , 10. , 10. ,  6.5, 11. , 10. , 10.5,
        8.5]), 'class_mean_width_scaled': array([0.093 , 0.157 , 0.119 , 0.098 , 0.124 , 0.1285, 0.1225, 0.151 ,
       0.134 , 0.122 , 0.125 , 0.1005, 0.1105, 0.136 , 0.1325, 0.1135,
       0.075 , 0.097 , 0.1155, 0.1175, 0.091 , 0.1235, 0.122 , 0.0855,
       0.133 , 0.123 , 0.051 , 0.1375, 0.142 , 0.1035, 0.1185, 0.1325,
       0.136 , 0.113 , 0.095 , 0.143 , 0.1305, 0.156 , 0.1505, 0.1405,
       0.0975, 0.14  , 0.1405, 0.04  , 0.079 , 0.1285, 0.096 , 0.056 ,
       0.0825, 0.1485, 0.1515, 0.102 , 0.1075, 0.143 , 0.14  , 0.0945,
       0.1375, 0.143 , 0.1275, 0.0915, 0.151 , 0.157 , 0.1105, 0.093 ,
       0.1465, 0.158 , 0.138 , 0.079 , 0.1505, 0.158 , 0.1235, 0.0885,
       0.082 , 0.122 , 0.0745, 0.083 , 0.068 , 0.131 , 0.0895, 0.1185,
       0.1385, 0.099 , 0.137 , 0.1165, 0.1215, 0.1065, 0.108 , 0.11  ,
       0.112 , 0.1095, 0.1315, 0.089 , 0.1435, 0.1   , 0.095 , 0.0855,
       0.105 , 0.1005, 0.109 , 0.0805]), 'class_median_width_scaled': array([0.085, 0.165, 0.12 , 0.095, 0.13 , 0.135, 0.13 , 0.15 , 0.14 ,
       0.13 , 0.12 , 0.1  , 0.11 , 0.15 , 0.135, 0.115, 0.08 , 0.095,
       0.12 , 0.115, 0.09 , 0.11 , 0.11 , 0.075, 0.13 , 0.12 , 0.045,
       0.13 , 0.14 , 0.1  , 0.12 , 0.12 , 0.14 , 0.1  , 0.1  , 0.14 ,
       0.13 , 0.16 , 0.15 , 0.13 , 0.09 , 0.14 , 0.14 , 0.035, 0.08 ,
       0.13 , 0.085, 0.05 , 0.065, 0.15 , 0.15 , 0.11 , 0.105, 0.145,
       0.14 , 0.095, 0.13 , 0.14 , 0.12 , 0.085, 0.15 , 0.145, 0.105,
       0.09 , 0.14 , 0.17 , 0.12 , 0.065, 0.155, 0.165, 0.125, 0.07 ,
       0.08 , 0.12 , 0.06 , 0.085, 0.06 , 0.13 , 0.09 , 0.11 , 0.14 ,
       0.095, 0.15 , 0.13 , 0.125, 0.095, 0.1  , 0.1  , 0.115, 0.105,
       0.13 , 0.08 , 0.13 , 0.1  , 0.1  , 0.065, 0.11 , 0.1  , 0.105,
       0.085])}

split_conformal_lac_RandomForest full class metrics: {'class_coverage': array([0.9 , 0.8 , 0.8 , 1.  , 1.  , 0.9 , 1.  , 0.9 , 0.95, 0.9 , 1.  ,
       1.  , 0.95, 1.  , 0.85, 0.95, 1.  , 1.  , 0.95, 1.  , 1.  , 1.  ,
       0.95, 1.  , 0.9 , 1.  , 1.  , 0.95, 0.9 , 1.  , 1.  , 0.9 , 0.8 ,
       1.  , 1.  , 0.75, 0.85, 0.85, 0.75, 1.  , 0.95, 0.75, 0.65, 1.  ,
       1.  , 0.95, 1.  , 1.  , 1.  , 1.  , 0.9 , 1.  , 1.  , 0.75, 0.95,
       1.  , 0.75, 0.9 , 0.9 , 1.  , 0.95, 0.7 , 1.  , 1.  , 0.85, 0.8 ,
       1.  , 1.  , 0.6 , 0.55, 0.95, 1.  , 0.85, 0.95, 0.95, 0.9 , 1.  ,
       1.  , 1.  , 0.95, 0.9 , 0.95, 0.95, 0.9 , 0.9 , 0.95, 0.85, 1.  ,
       1.  , 0.95, 0.9 , 1.  , 0.9 , 1.  , 0.8 , 1.  , 0.85, 0.95, 0.95,
       1.  ]), 'class_mean_width': array([ 9.3 , 15.7 , 11.9 ,  9.8 , 12.4 , 12.85, 12.25, 15.1 , 13.4 ,
       12.2 , 12.5 , 10.05, 11.05, 13.6 , 13.25, 11.35,  7.5 ,  9.7 ,
       11.55, 11.75,  9.1 , 12.35, 12.2 ,  8.55, 13.3 , 12.3 ,  5.1 ,
       13.75, 14.2 , 10.35, 11.85, 13.25, 13.6 , 11.3 ,  9.5 , 14.3 ,
       13.05, 15.6 , 15.05, 14.05,  9.75, 14.  , 14.05,  4.  ,  7.9 ,
       12.85,  9.6 ,  5.6 ,  8.25, 14.85, 15.15, 10.2 , 10.75, 14.3 ,
       14.  ,  9.45, 13.75, 14.3 , 12.75,  9.15, 15.1 , 15.7 , 11.05,
        9.3 , 14.65, 15.8 , 13.8 ,  7.9 , 15.05, 15.8 , 12.35,  8.85,
        8.2 , 12.2 ,  7.45,  8.3 ,  6.8 , 13.1 ,  8.95, 11.85, 13.85,
        9.9 , 13.7 , 11.65, 12.15, 10.65, 10.8 , 11.  , 11.2 , 10.95,
       13.15,  8.9 , 14.35, 10.  ,  9.5 ,  8.55, 10.5 , 10.05, 10.9 ,
        8.05]), 'class_median_width': array([ 8.5, 16.5, 12. ,  9.5, 13. , 13.5, 13. , 15. , 14. , 13. , 12. ,
       10. , 11. , 15. , 13.5, 11.5,  8. ,  9.5, 12. , 11.5,  9. , 11. ,
       11. ,  7.5, 13. , 12. ,  4.5, 13. , 14. , 10. , 12. , 12. , 14. ,
       10. , 10. , 14. , 13. , 16. , 15. , 13. ,  9. , 14. , 14. ,  3.5,
        8. , 13. ,  8.5,  5. ,  6.5, 15. , 15. , 11. , 10.5, 14.5, 14. ,
        9.5, 13. , 14. , 12. ,  8.5, 15. , 14.5, 10.5,  9. , 14. , 17. ,
       12. ,  6.5, 15.5, 16.5, 12.5,  7. ,  8. , 12. ,  6. ,  8.5,  6. ,
       13. ,  9. , 11. , 14. ,  9.5, 15. , 13. , 12.5,  9.5, 10. , 10. ,
       11.5, 10.5, 13. ,  8. , 13. , 10. , 10. ,  6.5, 11. , 10. , 10.5,
        8.5]), 'class_mean_width_scaled': array([0.093 , 0.157 , 0.119 , 0.098 , 0.124 , 0.1285, 0.1225, 0.151 ,
       0.134 , 0.122 , 0.125 , 0.1005, 0.1105, 0.136 , 0.1325, 0.1135,
       0.075 , 0.097 , 0.1155, 0.1175, 0.091 , 0.1235, 0.122 , 0.0855,
       0.133 , 0.123 , 0.051 , 0.1375, 0.142 , 0.1035, 0.1185, 0.1325,
       0.136 , 0.113 , 0.095 , 0.143 , 0.1305, 0.156 , 0.1505, 0.1405,
       0.0975, 0.14  , 0.1405, 0.04  , 0.079 , 0.1285, 0.096 , 0.056 ,
       0.0825, 0.1485, 0.1515, 0.102 , 0.1075, 0.143 , 0.14  , 0.0945,
       0.1375, 0.143 , 0.1275, 0.0915, 0.151 , 0.157 , 0.1105, 0.093 ,
       0.1465, 0.158 , 0.138 , 0.079 , 0.1505, 0.158 , 0.1235, 0.0885,
       0.082 , 0.122 , 0.0745, 0.083 , 0.068 , 0.131 , 0.0895, 0.1185,
       0.1385, 0.099 , 0.137 , 0.1165, 0.1215, 0.1065, 0.108 , 0.11  ,
       0.112 , 0.1095, 0.1315, 0.089 , 0.1435, 0.1   , 0.095 , 0.0855,
       0.105 , 0.1005, 0.109 , 0.0805]), 'class_median_width_scaled': array([0.085, 0.165, 0.12 , 0.095, 0.13 , 0.135, 0.13 , 0.15 , 0.14 ,
       0.13 , 0.12 , 0.1  , 0.11 , 0.15 , 0.135, 0.115, 0.08 , 0.095,
       0.12 , 0.115, 0.09 , 0.11 , 0.11 , 0.075, 0.13 , 0.12 , 0.045,
       0.13 , 0.14 , 0.1  , 0.12 , 0.12 , 0.14 , 0.1  , 0.1  , 0.14 ,
       0.13 , 0.16 , 0.15 , 0.13 , 0.09 , 0.14 , 0.14 , 0.035, 0.08 ,
       0.13 , 0.085, 0.05 , 0.065, 0.15 , 0.15 , 0.11 , 0.105, 0.145,
       0.14 , 0.095, 0.13 , 0.14 , 0.12 , 0.085, 0.15 , 0.145, 0.105,
       0.09 , 0.14 , 0.17 , 0.12 , 0.065, 0.155, 0.165, 0.125, 0.07 ,
       0.08 , 0.12 , 0.06 , 0.085, 0.06 , 0.13 , 0.09 , 0.11 , 0.14 ,
       0.095, 0.15 , 0.13 , 0.125, 0.095, 0.1  , 0.1  , 0.115, 0.105,
       0.13 , 0.08 , 0.13 , 0.1  , 0.1  , 0.065, 0.11 , 0.1  , 0.105,
       0.085])}

Job completed at Wed Mar 19 06:28:02 PM PDT 2025
