Starting job at Wed Mar 19 06:28:05 PM PDT 2025
Job parameters:
Dataset: data_cover_type
UQ Method: split_conformal_lac
Estimator: RandomForest
Seed: 783
Train Size: 0.8
Running split_conformal_lac on data_cover_type with seed 783 and train size 0.8

starting experiment

data created

Fitting split_conformal_lac_RandomForest on data_cover_type with seed 783

split_conformal_lac_RandomForest metrics: {'coverage': np.float64(0.906), 'mean_width': np.float64(11.5125), 'median_width': np.float64(12.0), 'mean_width_scaled': np.float64(0.11512499999999999), 'median_width_scaled': np.float64(0.12)}

split_conformal_lac_RandomForest full metrics: {'coverage': np.float64(0.906), 'mean_width': np.float64(11.5125), 'median_width': np.float64(12.0), 'mean_width_scaled': np.float64(0.11512499999999999), 'median_width_scaled': np.float64(0.12)}

split_conformal_lac_RandomForest class metrics: {'class_coverage': array([0.9 , 0.75, 0.9 , 1.  , 0.9 , 0.65, 1.  , 0.8 , 0.95, 0.9 , 0.85,
       1.  , 1.  , 0.95, 0.65, 0.95, 1.  , 0.95, 0.9 , 0.9 , 1.  , 0.95,
       0.95, 1.  , 0.9 , 1.  , 1.  , 0.95, 0.85, 1.  , 1.  , 0.85, 0.95,
       1.  , 0.95, 0.65, 0.7 , 0.6 , 0.8 , 0.9 , 0.9 , 0.9 , 0.55, 1.  ,
       1.  , 1.  , 1.  , 1.  , 0.95, 0.95, 0.95, 0.95, 1.  , 0.8 , 0.8 ,
       1.  , 0.75, 0.9 , 0.85, 1.  , 0.75, 0.75, 1.  , 1.  , 0.85, 0.9 ,
       1.  , 0.95, 0.8 , 0.75, 0.85, 0.95, 1.  , 0.75, 1.  , 0.95, 1.  ,
       0.85, 1.  , 0.95, 0.85, 0.95, 0.9 , 1.  , 0.95, 1.  , 0.85, 1.  ,
       0.8 , 0.85, 0.75, 1.  , 0.7 , 0.95, 1.  , 1.  , 0.95, 1.  , 0.9 ,
       1.  ]), 'class_mean_width': array([12.65, 15.55, 13.  , 11.05, 11.5 , 14.2 , 10.6 , 13.  , 12.65,
       11.7 , 12.65, 10.25, 11.65, 15.15, 13.9 , 12.3 , 10.05, 10.35,
       11.95, 10.55, 10.2 , 12.55, 11.4 ,  7.65, 11.5 , 11.75,  5.45,
       12.3 , 12.7 , 11.6 , 11.4 , 14.8 , 13.05, 10.55, 10.6 , 14.  ,
       12.55, 14.85, 14.65, 12.35, 10.65, 13.75, 16.15,  4.75,  9.6 ,
       12.2 ,  9.75,  7.25,  9.7 , 14.35, 13.7 ,  8.1 , 11.5 , 13.2 ,
       14.65, 10.15, 14.05, 13.85, 11.2 ,  7.15, 13.6 , 15.4 , 11.7 ,
        8.15, 14.7 , 16.5 , 13.65,  8.9 , 14.4 , 15.25, 13.15,  8.95,
        7.15, 12.4 ,  8.  ,  9.75,  7.95, 10.9 ,  8.9 , 11.45, 13.5 ,
        9.  , 13.5 , 11.55, 10.55,  8.85, 10.15,  8.75, 12.05, 12.2 ,
       13.75, 10.7 , 13.3 , 10.  ,  8.15,  8.7 , 11.9 , 10.2 , 10.65,
        6.65]), 'class_median_width': array([11.5, 16. , 13. , 10. , 11. , 14. , 10.5, 13.5, 14. , 12. , 13. ,
       10. , 11.5, 15. , 14. , 11. , 10. , 11. , 12. ,  9. , 10.5, 12. ,
       11. ,  7.5, 11.5, 12. ,  5. , 12. , 12. , 13. , 10.5, 15.5, 13. ,
       10. , 10. , 14. , 13.5, 15. , 15. , 13.5, 11.5, 13. , 16.5,  4. ,
        9. , 12. ,  9.5,  6. ,  9. , 14.5, 13.5,  8. , 12. , 13.5, 15. ,
        9.5, 14. , 15. , 11.5,  7. , 14. , 15. , 12.5,  7. , 15. , 16. ,
       14. ,  9.5, 15. , 15.5, 13. ,  8. ,  5.5, 12.5,  7. ,  9.5,  8. ,
       11. ,  8.5, 11. , 13.5,  9.5, 13.5, 10.5, 10. ,  9.5,  9.5,  9.5,
       12.5, 11.5, 13. , 11. , 12.5,  9.5,  7. ,  9. , 11.5, 11.5, 10.5,
        6.5]), 'class_mean_width_scaled': array([0.1265, 0.1555, 0.13  , 0.1105, 0.115 , 0.142 , 0.106 , 0.13  ,
       0.1265, 0.117 , 0.1265, 0.1025, 0.1165, 0.1515, 0.139 , 0.123 ,
       0.1005, 0.1035, 0.1195, 0.1055, 0.102 , 0.1255, 0.114 , 0.0765,
       0.115 , 0.1175, 0.0545, 0.123 , 0.127 , 0.116 , 0.114 , 0.148 ,
       0.1305, 0.1055, 0.106 , 0.14  , 0.1255, 0.1485, 0.1465, 0.1235,
       0.1065, 0.1375, 0.1615, 0.0475, 0.096 , 0.122 , 0.0975, 0.0725,
       0.097 , 0.1435, 0.137 , 0.081 , 0.115 , 0.132 , 0.1465, 0.1015,
       0.1405, 0.1385, 0.112 , 0.0715, 0.136 , 0.154 , 0.117 , 0.0815,
       0.147 , 0.165 , 0.1365, 0.089 , 0.144 , 0.1525, 0.1315, 0.0895,
       0.0715, 0.124 , 0.08  , 0.0975, 0.0795, 0.109 , 0.089 , 0.1145,
       0.135 , 0.09  , 0.135 , 0.1155, 0.1055, 0.0885, 0.1015, 0.0875,
       0.1205, 0.122 , 0.1375, 0.107 , 0.133 , 0.1   , 0.0815, 0.087 ,
       0.119 , 0.102 , 0.1065, 0.0665]), 'class_median_width_scaled': array([0.115, 0.16 , 0.13 , 0.1  , 0.11 , 0.14 , 0.105, 0.135, 0.14 ,
       0.12 , 0.13 , 0.1  , 0.115, 0.15 , 0.14 , 0.11 , 0.1  , 0.11 ,
       0.12 , 0.09 , 0.105, 0.12 , 0.11 , 0.075, 0.115, 0.12 , 0.05 ,
       0.12 , 0.12 , 0.13 , 0.105, 0.155, 0.13 , 0.1  , 0.1  , 0.14 ,
       0.135, 0.15 , 0.15 , 0.135, 0.115, 0.13 , 0.165, 0.04 , 0.09 ,
       0.12 , 0.095, 0.06 , 0.09 , 0.145, 0.135, 0.08 , 0.12 , 0.135,
       0.15 , 0.095, 0.14 , 0.15 , 0.115, 0.07 , 0.14 , 0.15 , 0.125,
       0.07 , 0.15 , 0.16 , 0.14 , 0.095, 0.15 , 0.155, 0.13 , 0.08 ,
       0.055, 0.125, 0.07 , 0.095, 0.08 , 0.11 , 0.085, 0.11 , 0.135,
       0.095, 0.135, 0.105, 0.1  , 0.095, 0.095, 0.095, 0.125, 0.115,
       0.13 , 0.11 , 0.125, 0.095, 0.07 , 0.09 , 0.115, 0.115, 0.105,
       0.065])}

split_conformal_lac_RandomForest full class metrics: {'class_coverage': array([0.9 , 0.75, 0.9 , 1.  , 0.9 , 0.65, 1.  , 0.8 , 0.95, 0.9 , 0.85,
       1.  , 1.  , 0.95, 0.65, 0.95, 1.  , 0.95, 0.9 , 0.9 , 1.  , 0.95,
       0.95, 1.  , 0.9 , 1.  , 1.  , 0.95, 0.85, 1.  , 1.  , 0.85, 0.95,
       1.  , 0.95, 0.65, 0.7 , 0.6 , 0.8 , 0.9 , 0.9 , 0.9 , 0.55, 1.  ,
       1.  , 1.  , 1.  , 1.  , 0.95, 0.95, 0.95, 0.95, 1.  , 0.8 , 0.8 ,
       1.  , 0.75, 0.9 , 0.85, 1.  , 0.75, 0.75, 1.  , 1.  , 0.85, 0.9 ,
       1.  , 0.95, 0.8 , 0.75, 0.85, 0.95, 1.  , 0.75, 1.  , 0.95, 1.  ,
       0.85, 1.  , 0.95, 0.85, 0.95, 0.9 , 1.  , 0.95, 1.  , 0.85, 1.  ,
       0.8 , 0.85, 0.75, 1.  , 0.7 , 0.95, 1.  , 1.  , 0.95, 1.  , 0.9 ,
       1.  ]), 'class_mean_width': array([12.65, 15.55, 13.  , 11.05, 11.5 , 14.2 , 10.6 , 13.  , 12.65,
       11.7 , 12.65, 10.25, 11.65, 15.15, 13.9 , 12.3 , 10.05, 10.35,
       11.95, 10.55, 10.2 , 12.55, 11.4 ,  7.65, 11.5 , 11.75,  5.45,
       12.3 , 12.7 , 11.6 , 11.4 , 14.8 , 13.05, 10.55, 10.6 , 14.  ,
       12.55, 14.85, 14.65, 12.35, 10.65, 13.75, 16.15,  4.75,  9.6 ,
       12.2 ,  9.75,  7.25,  9.7 , 14.35, 13.7 ,  8.1 , 11.5 , 13.2 ,
       14.65, 10.15, 14.05, 13.85, 11.2 ,  7.15, 13.6 , 15.4 , 11.7 ,
        8.15, 14.7 , 16.5 , 13.65,  8.9 , 14.4 , 15.25, 13.15,  8.95,
        7.15, 12.4 ,  8.  ,  9.75,  7.95, 10.9 ,  8.9 , 11.45, 13.5 ,
        9.  , 13.5 , 11.55, 10.55,  8.85, 10.15,  8.75, 12.05, 12.2 ,
       13.75, 10.7 , 13.3 , 10.  ,  8.15,  8.7 , 11.9 , 10.2 , 10.65,
        6.65]), 'class_median_width': array([11.5, 16. , 13. , 10. , 11. , 14. , 10.5, 13.5, 14. , 12. , 13. ,
       10. , 11.5, 15. , 14. , 11. , 10. , 11. , 12. ,  9. , 10.5, 12. ,
       11. ,  7.5, 11.5, 12. ,  5. , 12. , 12. , 13. , 10.5, 15.5, 13. ,
       10. , 10. , 14. , 13.5, 15. , 15. , 13.5, 11.5, 13. , 16.5,  4. ,
        9. , 12. ,  9.5,  6. ,  9. , 14.5, 13.5,  8. , 12. , 13.5, 15. ,
        9.5, 14. , 15. , 11.5,  7. , 14. , 15. , 12.5,  7. , 15. , 16. ,
       14. ,  9.5, 15. , 15.5, 13. ,  8. ,  5.5, 12.5,  7. ,  9.5,  8. ,
       11. ,  8.5, 11. , 13.5,  9.5, 13.5, 10.5, 10. ,  9.5,  9.5,  9.5,
       12.5, 11.5, 13. , 11. , 12.5,  9.5,  7. ,  9. , 11.5, 11.5, 10.5,
        6.5]), 'class_mean_width_scaled': array([0.1265, 0.1555, 0.13  , 0.1105, 0.115 , 0.142 , 0.106 , 0.13  ,
       0.1265, 0.117 , 0.1265, 0.1025, 0.1165, 0.1515, 0.139 , 0.123 ,
       0.1005, 0.1035, 0.1195, 0.1055, 0.102 , 0.1255, 0.114 , 0.0765,
       0.115 , 0.1175, 0.0545, 0.123 , 0.127 , 0.116 , 0.114 , 0.148 ,
       0.1305, 0.1055, 0.106 , 0.14  , 0.1255, 0.1485, 0.1465, 0.1235,
       0.1065, 0.1375, 0.1615, 0.0475, 0.096 , 0.122 , 0.0975, 0.0725,
       0.097 , 0.1435, 0.137 , 0.081 , 0.115 , 0.132 , 0.1465, 0.1015,
       0.1405, 0.1385, 0.112 , 0.0715, 0.136 , 0.154 , 0.117 , 0.0815,
       0.147 , 0.165 , 0.1365, 0.089 , 0.144 , 0.1525, 0.1315, 0.0895,
       0.0715, 0.124 , 0.08  , 0.0975, 0.0795, 0.109 , 0.089 , 0.1145,
       0.135 , 0.09  , 0.135 , 0.1155, 0.1055, 0.0885, 0.1015, 0.0875,
       0.1205, 0.122 , 0.1375, 0.107 , 0.133 , 0.1   , 0.0815, 0.087 ,
       0.119 , 0.102 , 0.1065, 0.0665]), 'class_median_width_scaled': array([0.115, 0.16 , 0.13 , 0.1  , 0.11 , 0.14 , 0.105, 0.135, 0.14 ,
       0.12 , 0.13 , 0.1  , 0.115, 0.15 , 0.14 , 0.11 , 0.1  , 0.11 ,
       0.12 , 0.09 , 0.105, 0.12 , 0.11 , 0.075, 0.115, 0.12 , 0.05 ,
       0.12 , 0.12 , 0.13 , 0.105, 0.155, 0.13 , 0.1  , 0.1  , 0.14 ,
       0.135, 0.15 , 0.15 , 0.135, 0.115, 0.13 , 0.165, 0.04 , 0.09 ,
       0.12 , 0.095, 0.06 , 0.09 , 0.145, 0.135, 0.08 , 0.12 , 0.135,
       0.15 , 0.095, 0.14 , 0.15 , 0.115, 0.07 , 0.14 , 0.15 , 0.125,
       0.07 , 0.15 , 0.16 , 0.14 , 0.095, 0.15 , 0.155, 0.13 , 0.08 ,
       0.055, 0.125, 0.07 , 0.095, 0.08 , 0.11 , 0.085, 0.11 , 0.135,
       0.095, 0.135, 0.105, 0.1  , 0.095, 0.095, 0.095, 0.125, 0.115,
       0.13 , 0.11 , 0.125, 0.095, 0.07 , 0.09 , 0.115, 0.115, 0.105,
       0.065])}

Job completed at Wed Mar 19 06:28:11 PM PDT 2025
