Starting job at Wed Mar 19 06:30:18 PM PDT 2025
Job parameters:
Dataset: data_walking
UQ Method: split_conformal_lac
Estimator: RandomForest
Seed: 780
Train Size: 0.8
Running split_conformal_lac on data_walking with seed 780 and train size 0.8

starting experiment

data created

Fitting split_conformal_lac_RandomForest on data_walking with seed 780

split_conformal_lac_RandomForest metrics: {'coverage': np.float64(0.9058333333333334), 'mean_width': np.float64(4.8308333333333335), 'median_width': np.float64(5.0), 'mean_width_scaled': np.float64(0.21958333333333335), 'median_width_scaled': np.float64(0.22727272727272727)}

split_conformal_lac_RandomForest full metrics: {'coverage': np.float64(0.9058333333333334), 'mean_width': np.float64(4.8308333333333335), 'median_width': np.float64(5.0), 'mean_width_scaled': np.float64(0.21958333333333335), 'median_width_scaled': np.float64(0.22727272727272727)}

split_conformal_lac_RandomForest class metrics: {'class_coverage': array([0.83064516, 0.95555556, 0.87373737, 0.90265487, 0.9       ,
       0.79136691, 0.90654206, 0.88601036, 0.86988848, 0.94202899,
       0.76870748, 1.        , 0.55072464, 0.96266968, 0.94004796,
       0.84313725, 0.979442  , 0.71774194, 0.91025641, 0.78846154,
       0.86956522, 0.88214286]), 'class_mean_width': array([6.95967742, 4.71111111, 6.09090909, 6.29646018, 5.18      ,
       6.76978417, 5.64797508, 5.29533679, 5.78438662, 3.04761905,
       6.70748299, 5.48648649, 6.85507246, 3.48868778, 3.6235012 ,
       6.10294118, 4.30690162, 6.33064516, 5.46153846, 6.68589744,
       6.32608696, 5.375     ]), 'class_median_width': array([7., 5., 6., 6., 5., 7., 6., 5., 6., 3., 7., 6., 7., 3., 3., 6., 4.,
       6., 5., 7., 6., 5.]), 'class_mean_width_scaled': array([0.31634897, 0.21414141, 0.2768595 , 0.28620274, 0.23545455,
       0.30771746, 0.25672614, 0.24069713, 0.26292666, 0.13852814,
       0.30488559, 0.24938575, 0.3115942 , 0.15857672, 0.1647046 ,
       0.27740642, 0.19576826, 0.2877566 , 0.24825175, 0.30390443,
       0.28754941, 0.24431818]), 'class_median_width_scaled': array([0.31818182, 0.22727273, 0.27272727, 0.27272727, 0.22727273,
       0.31818182, 0.27272727, 0.22727273, 0.27272727, 0.13636364,
       0.31818182, 0.27272727, 0.31818182, 0.13636364, 0.13636364,
       0.27272727, 0.18181818, 0.27272727, 0.22727273, 0.31818182,
       0.27272727, 0.22727273])}

split_conformal_lac_RandomForest full class metrics: {'class_coverage': array([0.83064516, 0.95555556, 0.87373737, 0.90265487, 0.9       ,
       0.79136691, 0.90654206, 0.88601036, 0.86988848, 0.94202899,
       0.76870748, 1.        , 0.55072464, 0.96266968, 0.94004796,
       0.84313725, 0.979442  , 0.71774194, 0.91025641, 0.78846154,
       0.86956522, 0.88214286]), 'class_mean_width': array([6.95967742, 4.71111111, 6.09090909, 6.29646018, 5.18      ,
       6.76978417, 5.64797508, 5.29533679, 5.78438662, 3.04761905,
       6.70748299, 5.48648649, 6.85507246, 3.48868778, 3.6235012 ,
       6.10294118, 4.30690162, 6.33064516, 5.46153846, 6.68589744,
       6.32608696, 5.375     ]), 'class_median_width': array([7., 5., 6., 6., 5., 7., 6., 5., 6., 3., 7., 6., 7., 3., 3., 6., 4.,
       6., 5., 7., 6., 5.]), 'class_mean_width_scaled': array([0.31634897, 0.21414141, 0.2768595 , 0.28620274, 0.23545455,
       0.30771746, 0.25672614, 0.24069713, 0.26292666, 0.13852814,
       0.30488559, 0.24938575, 0.3115942 , 0.15857672, 0.1647046 ,
       0.27740642, 0.19576826, 0.2877566 , 0.24825175, 0.30390443,
       0.28754941, 0.24431818]), 'class_median_width_scaled': array([0.31818182, 0.22727273, 0.27272727, 0.27272727, 0.22727273,
       0.31818182, 0.27272727, 0.22727273, 0.27272727, 0.13636364,
       0.31818182, 0.27272727, 0.31818182, 0.13636364, 0.13636364,
       0.27272727, 0.18181818, 0.27272727, 0.22727273, 0.31818182,
       0.27272727, 0.22727273])}

Job completed at Wed Mar 19 06:30:22 PM PDT 2025
