Starting job at Wed Mar 19 06:30:16 PM PDT 2025
Job parameters:
Dataset: data_walking
UQ Method: split_conformal_lac
Estimator: RandomForest
Seed: 779
Train Size: 0.8
Running split_conformal_lac on data_walking with seed 779 and train size 0.8

starting experiment

data created

Fitting split_conformal_lac_RandomForest on data_walking with seed 779

split_conformal_lac_RandomForest metrics: {'coverage': np.float64(0.8983333333333333), 'mean_width': np.float64(4.721333333333333), 'median_width': np.float64(5.0), 'mean_width_scaled': np.float64(0.21460606060606058), 'median_width_scaled': np.float64(0.22727272727272727)}

split_conformal_lac_RandomForest full metrics: {'coverage': np.float64(0.8983333333333333), 'mean_width': np.float64(4.721333333333333), 'median_width': np.float64(5.0), 'mean_width_scaled': np.float64(0.21460606060606058), 'median_width_scaled': np.float64(0.22727272727272727)}

split_conformal_lac_RandomForest class metrics: {'class_coverage': array([0.91935484, 0.97777778, 0.88888889, 0.84513274, 0.83333333,
       0.78417266, 0.85981308, 0.9119171 , 0.89962825, 0.95652174,
       0.68707483, 1.        , 0.49275362, 0.94683258, 0.93045564,
       0.8872549 , 0.96035242, 0.80645161, 0.91282051, 0.78846154,
       0.82608696, 0.85      ]), 'class_mean_width': array([6.38709677, 5.11111111, 5.58080808, 6.22566372, 5.4       ,
       6.51079137, 5.17445483, 4.77720207, 5.83271375, 3.11387164,
       6.58503401, 5.13513514, 6.85507246, 3.35972851, 3.63309353,
       6.07843137, 4.20704846, 6.06451613, 5.4       , 6.53846154,
       6.08695652, 5.46071429]), 'class_median_width': array([6.5, 5. , 6. , 6. , 5. , 7. , 5. , 5. , 6. , 2. , 6. , 5. , 7. ,
       3. , 3. , 6. , 4. , 6. , 5. , 6. , 6. , 5. ]), 'class_mean_width_scaled': array([0.29032258, 0.23232323, 0.25367309, 0.28298471, 0.24545455,
       0.29594506, 0.23520249, 0.21714555, 0.26512335, 0.14153962,
       0.29931973, 0.23341523, 0.3115942 , 0.15271493, 0.16514061,
       0.27629234, 0.19122948, 0.27565982, 0.24545455, 0.2972028 ,
       0.27667984, 0.24821429]), 'class_median_width_scaled': array([0.29545455, 0.22727273, 0.27272727, 0.27272727, 0.22727273,
       0.31818182, 0.22727273, 0.22727273, 0.27272727, 0.09090909,
       0.27272727, 0.22727273, 0.31818182, 0.13636364, 0.13636364,
       0.27272727, 0.18181818, 0.27272727, 0.22727273, 0.27272727,
       0.27272727, 0.22727273])}

split_conformal_lac_RandomForest full class metrics: {'class_coverage': array([0.91935484, 0.97777778, 0.88888889, 0.84513274, 0.83333333,
       0.78417266, 0.85981308, 0.9119171 , 0.89962825, 0.95652174,
       0.68707483, 1.        , 0.49275362, 0.94683258, 0.93045564,
       0.8872549 , 0.96035242, 0.80645161, 0.91282051, 0.78846154,
       0.82608696, 0.85      ]), 'class_mean_width': array([6.38709677, 5.11111111, 5.58080808, 6.22566372, 5.4       ,
       6.51079137, 5.17445483, 4.77720207, 5.83271375, 3.11387164,
       6.58503401, 5.13513514, 6.85507246, 3.35972851, 3.63309353,
       6.07843137, 4.20704846, 6.06451613, 5.4       , 6.53846154,
       6.08695652, 5.46071429]), 'class_median_width': array([6.5, 5. , 6. , 6. , 5. , 7. , 5. , 5. , 6. , 2. , 6. , 5. , 7. ,
       3. , 3. , 6. , 4. , 6. , 5. , 6. , 6. , 5. ]), 'class_mean_width_scaled': array([0.29032258, 0.23232323, 0.25367309, 0.28298471, 0.24545455,
       0.29594506, 0.23520249, 0.21714555, 0.26512335, 0.14153962,
       0.29931973, 0.23341523, 0.3115942 , 0.15271493, 0.16514061,
       0.27629234, 0.19122948, 0.27565982, 0.24545455, 0.2972028 ,
       0.27667984, 0.24821429]), 'class_median_width_scaled': array([0.29545455, 0.22727273, 0.27272727, 0.27272727, 0.22727273,
       0.31818182, 0.22727273, 0.22727273, 0.27272727, 0.09090909,
       0.27272727, 0.22727273, 0.31818182, 0.13636364, 0.13636364,
       0.27272727, 0.18181818, 0.27272727, 0.22727273, 0.27272727,
       0.27272727, 0.22727273])}

Job completed at Wed Mar 19 06:30:19 PM PDT 2025
