Starting job at Wed Mar 19 06:30:19 PM PDT 2025
Job parameters:
Dataset: data_walking
UQ Method: split_conformal_lac
Estimator: RandomForest
Seed: 781
Train Size: 0.8
Running split_conformal_lac on data_walking with seed 781 and train size 0.8

starting experiment

data created

Fitting split_conformal_lac_RandomForest on data_walking with seed 781

split_conformal_lac_RandomForest metrics: {'coverage': np.float64(0.9236666666666666), 'mean_width': np.float64(5.558166666666667), 'median_width': np.float64(5.0), 'mean_width_scaled': np.float64(0.2526439393939394), 'median_width_scaled': np.float64(0.22727272727272727)}

split_conformal_lac_RandomForest full metrics: {'coverage': np.float64(0.9236666666666666), 'mean_width': np.float64(5.558166666666667), 'median_width': np.float64(5.0), 'mean_width_scaled': np.float64(0.2526439393939394), 'median_width_scaled': np.float64(0.22727272727272727)}

split_conformal_lac_RandomForest class metrics: {'class_coverage': array([0.92741935, 0.97777778, 0.91414141, 0.85840708, 0.88666667,
       0.81294964, 0.95950156, 0.92227979, 0.85501859, 0.93581781,
       0.85034014, 0.94594595, 0.62318841, 0.9638009 , 0.96642686,
       0.8627451 , 0.98678414, 0.82258065, 0.92564103, 0.83333333,
       0.84782609, 0.90357143]), 'class_mean_width': array([7.91129032, 6.4       , 6.47979798, 7.25663717, 6.21333333,
       7.97841727, 6.05919003, 6.11398964, 6.74349442, 3.91304348,
       8.03401361, 5.48648649, 7.69565217, 3.85520362, 4.31055156,
       6.80392157, 4.7195301 , 7.27419355, 6.29230769, 7.86538462,
       8.02173913, 6.48214286]), 'class_median_width': array([8., 6., 6., 7., 6., 8., 6., 6., 7., 3., 8., 6., 8., 3., 3., 7., 4.,
       7., 6., 8., 8., 6.]), 'class_mean_width_scaled': array([0.35960411, 0.29090909, 0.29453627, 0.32984714, 0.28242424,
       0.36265533, 0.27541773, 0.27790862, 0.30652247, 0.17786561,
       0.36518244, 0.24938575, 0.34980237, 0.17523653, 0.19593416,
       0.30926916, 0.2145241 , 0.33064516, 0.28601399, 0.35751748,
       0.36462451, 0.29464286]), 'class_median_width_scaled': array([0.36363636, 0.27272727, 0.27272727, 0.31818182, 0.27272727,
       0.36363636, 0.27272727, 0.27272727, 0.31818182, 0.13636364,
       0.36363636, 0.27272727, 0.36363636, 0.13636364, 0.13636364,
       0.31818182, 0.18181818, 0.31818182, 0.27272727, 0.36363636,
       0.36363636, 0.27272727])}

split_conformal_lac_RandomForest full class metrics: {'class_coverage': array([0.92741935, 0.97777778, 0.91414141, 0.85840708, 0.88666667,
       0.81294964, 0.95950156, 0.92227979, 0.85501859, 0.93581781,
       0.85034014, 0.94594595, 0.62318841, 0.9638009 , 0.96642686,
       0.8627451 , 0.98678414, 0.82258065, 0.92564103, 0.83333333,
       0.84782609, 0.90357143]), 'class_mean_width': array([7.91129032, 6.4       , 6.47979798, 7.25663717, 6.21333333,
       7.97841727, 6.05919003, 6.11398964, 6.74349442, 3.91304348,
       8.03401361, 5.48648649, 7.69565217, 3.85520362, 4.31055156,
       6.80392157, 4.7195301 , 7.27419355, 6.29230769, 7.86538462,
       8.02173913, 6.48214286]), 'class_median_width': array([8., 6., 6., 7., 6., 8., 6., 6., 7., 3., 8., 6., 8., 3., 3., 7., 4.,
       7., 6., 8., 8., 6.]), 'class_mean_width_scaled': array([0.35960411, 0.29090909, 0.29453627, 0.32984714, 0.28242424,
       0.36265533, 0.27541773, 0.27790862, 0.30652247, 0.17786561,
       0.36518244, 0.24938575, 0.34980237, 0.17523653, 0.19593416,
       0.30926916, 0.2145241 , 0.33064516, 0.28601399, 0.35751748,
       0.36462451, 0.29464286]), 'class_median_width_scaled': array([0.36363636, 0.27272727, 0.27272727, 0.31818182, 0.27272727,
       0.36363636, 0.27272727, 0.27272727, 0.31818182, 0.13636364,
       0.36363636, 0.27272727, 0.36363636, 0.13636364, 0.13636364,
       0.31818182, 0.18181818, 0.31818182, 0.27272727, 0.36363636,
       0.36363636, 0.27272727])}

Job completed at Wed Mar 19 06:30:22 PM PDT 2025
