Starting job at Wed Mar 19 06:22:29 PM PDT 2025
Job parameters:
Dataset: data_cover_type
UQ Method: split_conformal_raps
Estimator: MLP
Seed: 782
Train Size: 0.8
Running split_conformal_raps on data_cover_type with seed 782 and train size 0.8

starting experiment

data created

Fitting split_conformal_raps_MLP on data_cover_type with seed 782

split_conformal_raps_MLP metrics: {'coverage': np.float64(0.887), 'mean_width': np.float64(45.0365), 'median_width': np.float64(50.0), 'mean_width_scaled': np.float64(0.45036499999999996), 'median_width_scaled': np.float64(0.5)}

split_conformal_raps_MLP full metrics: {'coverage': np.float64(0.887), 'mean_width': np.float64(45.0365), 'median_width': np.float64(50.0), 'mean_width_scaled': np.float64(0.45036499999999996), 'median_width_scaled': np.float64(0.5)}

split_conformal_raps_MLP class metrics: {'class_coverage': array([0.85, 0.4 , 0.95, 0.35, 0.6 , 1.  , 1.  , 0.65, 0.95, 0.9 , 1.  ,
       1.  , 0.95, 1.  , 0.95, 0.7 , 1.  , 1.  , 1.  , 0.8 , 1.  , 0.55,
       1.  , 1.  , 0.9 , 0.9 , 1.  , 0.85, 1.  , 0.95, 1.  , 0.75, 0.55,
       1.  , 1.  , 0.3 , 0.8 , 0.9 , 1.  , 1.  , 0.9 , 0.95, 0.85, 1.  ,
       1.  , 0.95, 1.  , 1.  , 1.  , 0.6 , 0.45, 0.9 , 1.  , 0.2 , 1.  ,
       1.  , 1.  , 0.95, 0.65, 0.95, 0.9 , 0.95, 1.  , 0.8 , 1.  , 1.  ,
       0.95, 1.  , 1.  , 1.  , 0.2 , 1.  , 1.  , 1.  , 1.  , 0.95, 1.  ,
       1.  , 0.75, 0.85, 0.95, 0.95, 1.  , 1.  , 0.85, 0.95, 0.95, 0.95,
       1.  , 0.95, 0.9 , 0.7 , 1.  , 1.  , 0.85, 1.  , 1.  , 0.55, 0.95,
       1.  ]), 'class_mean_width': array([50.95, 48.45, 46.95, 49.3 , 49.75, 50.65, 49.95, 48.85, 49.7 ,
       48.7 , 50.  , 35.75, 37.55, 50.4 , 47.9 , 50.  , 50.  , 49.3 ,
       17.4 , 33.25, 50.  , 48.4 , 49.2 , 51.  , 48.75, 50.  , 10.05,
       34.55, 34.  , 44.95, 50.55, 34.75, 36.3 , 50.1 , 45.75, 33.85,
       31.3 , 46.35, 47.25, 41.  , 44.55, 47.4 , 42.5 , 12.85, 50.45,
       49.45, 50.  , 46.15, 43.2 , 33.6 , 35.6 , 30.2 , 49.05, 50.2 ,
       48.  , 50.  , 51.35, 38.15, 31.7 , 35.7 , 46.2 , 47.95, 49.6 ,
       49.05, 48.55, 49.  , 49.75, 50.7 , 49.85, 47.35, 50.1 , 50.45,
       47.65, 42.75, 48.2 , 49.65, 51.2 , 37.4 , 30.4 , 43.5 , 43.25,
       51.35, 48.45, 49.55, 50.  , 48.25, 49.55, 48.4 , 45.75, 50.15,
       50.05, 49.3 , 49.9 , 42.45, 49.4 , 46.45, 49.45, 49.85, 50.  ,
       49.8 ]), 'class_median_width': array([50. , 50. , 50. , 50. , 50. , 50. , 50. , 50. , 50. , 50. , 50. ,
       50. , 46.5, 50. , 50. , 50. , 50. , 50. , 18. , 39. , 50. , 50. ,
       50. , 50. , 50. , 50. ,  9. , 38.5, 30. , 49. , 50. , 45.5, 48. ,
       50. , 50. , 36. , 24. , 50. , 50. , 50. , 46.5, 50. , 50. , 13. ,
       50. , 50. , 50. , 49.5, 50. , 36. , 36.5, 28.5, 50. , 50. , 50. ,
       50. , 50. , 50. , 27.5, 35.5, 50. , 50. , 50. , 50. , 50. , 50. ,
       50. , 50. , 50. , 50. , 50. , 50. , 47.5, 50. , 50. , 50. , 50. ,
       44.5, 22.5, 50. , 50. , 50. , 50. , 50. , 50. , 50. , 50. , 50. ,
       50. , 50. , 50. , 50. , 50. , 43. , 50. , 50. , 50. , 50. , 50. ,
       50. ]), 'class_mean_width_scaled': array([0.5095, 0.4845, 0.4695, 0.493 , 0.4975, 0.5065, 0.4995, 0.4885,
       0.497 , 0.487 , 0.5   , 0.3575, 0.3755, 0.504 , 0.479 , 0.5   ,
       0.5   , 0.493 , 0.174 , 0.3325, 0.5   , 0.484 , 0.492 , 0.51  ,
       0.4875, 0.5   , 0.1005, 0.3455, 0.34  , 0.4495, 0.5055, 0.3475,
       0.363 , 0.501 , 0.4575, 0.3385, 0.313 , 0.4635, 0.4725, 0.41  ,
       0.4455, 0.474 , 0.425 , 0.1285, 0.5045, 0.4945, 0.5   , 0.4615,
       0.432 , 0.336 , 0.356 , 0.302 , 0.4905, 0.502 , 0.48  , 0.5   ,
       0.5135, 0.3815, 0.317 , 0.357 , 0.462 , 0.4795, 0.496 , 0.4905,
       0.4855, 0.49  , 0.4975, 0.507 , 0.4985, 0.4735, 0.501 , 0.5045,
       0.4765, 0.4275, 0.482 , 0.4965, 0.512 , 0.374 , 0.304 , 0.435 ,
       0.4325, 0.5135, 0.4845, 0.4955, 0.5   , 0.4825, 0.4955, 0.484 ,
       0.4575, 0.5015, 0.5005, 0.493 , 0.499 , 0.4245, 0.494 , 0.4645,
       0.4945, 0.4985, 0.5   , 0.498 ]), 'class_median_width_scaled': array([0.5  , 0.5  , 0.5  , 0.5  , 0.5  , 0.5  , 0.5  , 0.5  , 0.5  ,
       0.5  , 0.5  , 0.5  , 0.465, 0.5  , 0.5  , 0.5  , 0.5  , 0.5  ,
       0.18 , 0.39 , 0.5  , 0.5  , 0.5  , 0.5  , 0.5  , 0.5  , 0.09 ,
       0.385, 0.3  , 0.49 , 0.5  , 0.455, 0.48 , 0.5  , 0.5  , 0.36 ,
       0.24 , 0.5  , 0.5  , 0.5  , 0.465, 0.5  , 0.5  , 0.13 , 0.5  ,
       0.5  , 0.5  , 0.495, 0.5  , 0.36 , 0.365, 0.285, 0.5  , 0.5  ,
       0.5  , 0.5  , 0.5  , 0.5  , 0.275, 0.355, 0.5  , 0.5  , 0.5  ,
       0.5  , 0.5  , 0.5  , 0.5  , 0.5  , 0.5  , 0.5  , 0.5  , 0.5  ,
       0.475, 0.5  , 0.5  , 0.5  , 0.5  , 0.445, 0.225, 0.5  , 0.5  ,
       0.5  , 0.5  , 0.5  , 0.5  , 0.5  , 0.5  , 0.5  , 0.5  , 0.5  ,
       0.5  , 0.5  , 0.5  , 0.43 , 0.5  , 0.5  , 0.5  , 0.5  , 0.5  ,
       0.5  ])}

split_conformal_raps_MLP full class metrics: {'class_coverage': array([0.85, 0.4 , 0.95, 0.35, 0.6 , 1.  , 1.  , 0.65, 0.95, 0.9 , 1.  ,
       1.  , 0.95, 1.  , 0.95, 0.7 , 1.  , 1.  , 1.  , 0.8 , 1.  , 0.55,
       1.  , 1.  , 0.9 , 0.9 , 1.  , 0.85, 1.  , 0.95, 1.  , 0.75, 0.55,
       1.  , 1.  , 0.3 , 0.8 , 0.9 , 1.  , 1.  , 0.9 , 0.95, 0.85, 1.  ,
       1.  , 0.95, 1.  , 1.  , 1.  , 0.6 , 0.45, 0.9 , 1.  , 0.2 , 1.  ,
       1.  , 1.  , 0.95, 0.65, 0.95, 0.9 , 0.95, 1.  , 0.8 , 1.  , 1.  ,
       0.95, 1.  , 1.  , 1.  , 0.2 , 1.  , 1.  , 1.  , 1.  , 0.95, 1.  ,
       1.  , 0.75, 0.85, 0.95, 0.95, 1.  , 1.  , 0.85, 0.95, 0.95, 0.95,
       1.  , 0.95, 0.9 , 0.7 , 1.  , 1.  , 0.85, 1.  , 1.  , 0.55, 0.95,
       1.  ]), 'class_mean_width': array([50.95, 48.45, 46.95, 49.3 , 49.75, 50.65, 49.95, 48.85, 49.7 ,
       48.7 , 50.  , 35.75, 37.55, 50.4 , 47.9 , 50.  , 50.  , 49.3 ,
       17.4 , 33.25, 50.  , 48.4 , 49.2 , 51.  , 48.75, 50.  , 10.05,
       34.55, 34.  , 44.95, 50.55, 34.75, 36.3 , 50.1 , 45.75, 33.85,
       31.3 , 46.35, 47.25, 41.  , 44.55, 47.4 , 42.5 , 12.85, 50.45,
       49.45, 50.  , 46.15, 43.2 , 33.6 , 35.6 , 30.2 , 49.05, 50.2 ,
       48.  , 50.  , 51.35, 38.15, 31.7 , 35.7 , 46.2 , 47.95, 49.6 ,
       49.05, 48.55, 49.  , 49.75, 50.7 , 49.85, 47.35, 50.1 , 50.45,
       47.65, 42.75, 48.2 , 49.65, 51.2 , 37.4 , 30.4 , 43.5 , 43.25,
       51.35, 48.45, 49.55, 50.  , 48.25, 49.55, 48.4 , 45.75, 50.15,
       50.05, 49.3 , 49.9 , 42.45, 49.4 , 46.45, 49.45, 49.85, 50.  ,
       49.8 ]), 'class_median_width': array([50. , 50. , 50. , 50. , 50. , 50. , 50. , 50. , 50. , 50. , 50. ,
       50. , 46.5, 50. , 50. , 50. , 50. , 50. , 18. , 39. , 50. , 50. ,
       50. , 50. , 50. , 50. ,  9. , 38.5, 30. , 49. , 50. , 45.5, 48. ,
       50. , 50. , 36. , 24. , 50. , 50. , 50. , 46.5, 50. , 50. , 13. ,
       50. , 50. , 50. , 49.5, 50. , 36. , 36.5, 28.5, 50. , 50. , 50. ,
       50. , 50. , 50. , 27.5, 35.5, 50. , 50. , 50. , 50. , 50. , 50. ,
       50. , 50. , 50. , 50. , 50. , 50. , 47.5, 50. , 50. , 50. , 50. ,
       44.5, 22.5, 50. , 50. , 50. , 50. , 50. , 50. , 50. , 50. , 50. ,
       50. , 50. , 50. , 50. , 50. , 43. , 50. , 50. , 50. , 50. , 50. ,
       50. ]), 'class_mean_width_scaled': array([0.5095, 0.4845, 0.4695, 0.493 , 0.4975, 0.5065, 0.4995, 0.4885,
       0.497 , 0.487 , 0.5   , 0.3575, 0.3755, 0.504 , 0.479 , 0.5   ,
       0.5   , 0.493 , 0.174 , 0.3325, 0.5   , 0.484 , 0.492 , 0.51  ,
       0.4875, 0.5   , 0.1005, 0.3455, 0.34  , 0.4495, 0.5055, 0.3475,
       0.363 , 0.501 , 0.4575, 0.3385, 0.313 , 0.4635, 0.4725, 0.41  ,
       0.4455, 0.474 , 0.425 , 0.1285, 0.5045, 0.4945, 0.5   , 0.4615,
       0.432 , 0.336 , 0.356 , 0.302 , 0.4905, 0.502 , 0.48  , 0.5   ,
       0.5135, 0.3815, 0.317 , 0.357 , 0.462 , 0.4795, 0.496 , 0.4905,
       0.4855, 0.49  , 0.4975, 0.507 , 0.4985, 0.4735, 0.501 , 0.5045,
       0.4765, 0.4275, 0.482 , 0.4965, 0.512 , 0.374 , 0.304 , 0.435 ,
       0.4325, 0.5135, 0.4845, 0.4955, 0.5   , 0.4825, 0.4955, 0.484 ,
       0.4575, 0.5015, 0.5005, 0.493 , 0.499 , 0.4245, 0.494 , 0.4645,
       0.4945, 0.4985, 0.5   , 0.498 ]), 'class_median_width_scaled': array([0.5  , 0.5  , 0.5  , 0.5  , 0.5  , 0.5  , 0.5  , 0.5  , 0.5  ,
       0.5  , 0.5  , 0.5  , 0.465, 0.5  , 0.5  , 0.5  , 0.5  , 0.5  ,
       0.18 , 0.39 , 0.5  , 0.5  , 0.5  , 0.5  , 0.5  , 0.5  , 0.09 ,
       0.385, 0.3  , 0.49 , 0.5  , 0.455, 0.48 , 0.5  , 0.5  , 0.36 ,
       0.24 , 0.5  , 0.5  , 0.5  , 0.465, 0.5  , 0.5  , 0.13 , 0.5  ,
       0.5  , 0.5  , 0.495, 0.5  , 0.36 , 0.365, 0.285, 0.5  , 0.5  ,
       0.5  , 0.5  , 0.5  , 0.5  , 0.275, 0.355, 0.5  , 0.5  , 0.5  ,
       0.5  , 0.5  , 0.5  , 0.5  , 0.5  , 0.5  , 0.5  , 0.5  , 0.5  ,
       0.475, 0.5  , 0.5  , 0.5  , 0.5  , 0.445, 0.225, 0.5  , 0.5  ,
       0.5  , 0.5  , 0.5  , 0.5  , 0.5  , 0.5  , 0.5  , 0.5  , 0.5  ,
       0.5  , 0.5  , 0.5  , 0.43 , 0.5  , 0.5  , 0.5  , 0.5  , 0.5  ,
       0.5  ])}

Job completed at Wed Mar 19 06:22:32 PM PDT 2025
