Starting job at Wed Mar 19 06:22:32 PM PDT 2025
Job parameters:
Dataset: data_cover_type
UQ Method: split_conformal_raps
Estimator: MLP
Seed: 784
Train Size: 0.8
Running split_conformal_raps on data_cover_type with seed 784 and train size 0.8

starting experiment

data created

Fitting split_conformal_raps_MLP on data_cover_type with seed 784

split_conformal_raps_MLP metrics: {'coverage': np.float64(0.899), 'mean_width': np.float64(41.704), 'median_width': np.float64(44.0), 'mean_width_scaled': np.float64(0.41704), 'median_width_scaled': np.float64(0.44)}

split_conformal_raps_MLP full metrics: {'coverage': np.float64(0.899), 'mean_width': np.float64(41.704), 'median_width': np.float64(44.0), 'mean_width_scaled': np.float64(0.41704), 'median_width_scaled': np.float64(0.44)}

split_conformal_raps_MLP class metrics: {'class_coverage': array([0.95, 0.95, 1.  , 1.  , 0.95, 0.95, 1.  , 0.9 , 0.9 , 0.4 , 1.  ,
       0.85, 0.7 , 1.  , 0.4 , 0.95, 0.95, 1.  , 0.9 , 1.  , 1.  , 0.85,
       1.  , 0.95, 1.  , 1.  , 1.  , 0.75, 0.65, 1.  , 0.9 , 0.9 , 0.75,
       0.95, 0.85, 0.95, 0.9 , 1.  , 0.95, 1.  , 1.  , 0.95, 0.8 , 1.  ,
       1.  , 0.9 , 1.  , 1.  , 1.  , 0.7 , 0.9 , 0.95, 0.9 , 1.  , 0.7 ,
       1.  , 0.95, 0.75, 0.65, 0.9 , 0.9 , 1.  , 0.95, 1.  , 0.95, 0.15,
       1.  , 0.95, 1.  , 0.75, 0.25, 0.8 , 1.  , 0.4 , 1.  , 0.9 , 1.  ,
       1.  , 0.9 , 0.9 , 0.65, 0.95, 1.  , 1.  , 0.85, 1.  , 0.95, 1.  ,
       1.  , 0.95, 1.  , 1.  , 0.9 , 0.8 , 0.9 , 1.  , 1.  , 1.  , 1.  ,
       1.  ]), 'class_mean_width': array([44.3 , 45.4 , 43.3 , 42.05, 45.9 , 45.5 , 44.7 , 45.1 , 45.8 ,
       44.9 , 45.75, 27.8 , 35.15, 44.55, 44.9 , 45.8 , 45.9 , 42.85,
       23.5 , 33.75, 45.3 , 45.2 , 44.25, 44.6 , 45.5 , 45.7 , 12.25,
       32.8 , 34.1 , 39.65, 44.9 , 30.9 , 30.7 , 45.6 , 45.4 , 34.  ,
       33.2 , 43.9 , 44.1 , 38.1 , 43.55, 42.9 , 40.35, 19.5 , 44.4 ,
       44.85, 45.5 , 45.8 , 44.5 , 32.9 , 29.85, 37.9 , 45.7 , 45.5 ,
       42.2 , 45.8 , 44.5 , 44.2 , 34.05, 35.45, 44.6 , 46.  , 45.8 ,
       43.85, 43.7 , 45.  , 45.7 , 44.05, 46.15, 45.35, 45.1 , 45.3 ,
       45.  , 41.8 , 41.75, 43.3 , 44.3 , 29.6 , 34.  , 40.15, 40.85,
       44.4 , 44.55, 44.45, 45.5 , 43.35, 43.75, 44.15, 41.15, 45.5 ,
       44.45, 45.2 , 45.45, 42.55, 44.8 , 42.15, 45.4 , 45.2 , 45.4 ,
       45.2 ]), 'class_median_width': array([44. , 46. , 44. , 44. , 46. , 46. , 44. , 45.5, 46. , 46. , 46. ,
       24. , 44. , 44. , 45. , 46. , 46. , 44. , 21. , 44. , 46. , 46. ,
       46. , 44. , 46. , 46. , 11.5, 26.5, 37. , 44. , 44. , 30. , 42. ,
       46. , 45. , 39.5, 44. , 44. , 44. , 46. , 44. , 44. , 44. , 15. ,
       44. , 46. , 46. , 44. , 44. , 37. , 28. , 42.5, 46. , 46. , 44. ,
       46. , 46. , 45. , 36.5, 44. , 44. , 46. , 46. , 44. , 44. , 45. ,
       46. , 44. , 46. , 46. , 46. , 46. , 44. , 44. , 44. , 44. , 44. ,
       24. , 39. , 44. , 44. , 44. , 44. , 44. , 46. , 44. , 44. , 44. ,
       44. , 46. , 46. , 46. , 46. , 44. , 44. , 46. , 46. , 46. , 46. ,
       46. ]), 'class_mean_width_scaled': array([0.443 , 0.454 , 0.433 , 0.4205, 0.459 , 0.455 , 0.447 , 0.451 ,
       0.458 , 0.449 , 0.4575, 0.278 , 0.3515, 0.4455, 0.449 , 0.458 ,
       0.459 , 0.4285, 0.235 , 0.3375, 0.453 , 0.452 , 0.4425, 0.446 ,
       0.455 , 0.457 , 0.1225, 0.328 , 0.341 , 0.3965, 0.449 , 0.309 ,
       0.307 , 0.456 , 0.454 , 0.34  , 0.332 , 0.439 , 0.441 , 0.381 ,
       0.4355, 0.429 , 0.4035, 0.195 , 0.444 , 0.4485, 0.455 , 0.458 ,
       0.445 , 0.329 , 0.2985, 0.379 , 0.457 , 0.455 , 0.422 , 0.458 ,
       0.445 , 0.442 , 0.3405, 0.3545, 0.446 , 0.46  , 0.458 , 0.4385,
       0.437 , 0.45  , 0.457 , 0.4405, 0.4615, 0.4535, 0.451 , 0.453 ,
       0.45  , 0.418 , 0.4175, 0.433 , 0.443 , 0.296 , 0.34  , 0.4015,
       0.4085, 0.444 , 0.4455, 0.4445, 0.455 , 0.4335, 0.4375, 0.4415,
       0.4115, 0.455 , 0.4445, 0.452 , 0.4545, 0.4255, 0.448 , 0.4215,
       0.454 , 0.452 , 0.454 , 0.452 ]), 'class_median_width_scaled': array([0.44 , 0.46 , 0.44 , 0.44 , 0.46 , 0.46 , 0.44 , 0.455, 0.46 ,
       0.46 , 0.46 , 0.24 , 0.44 , 0.44 , 0.45 , 0.46 , 0.46 , 0.44 ,
       0.21 , 0.44 , 0.46 , 0.46 , 0.46 , 0.44 , 0.46 , 0.46 , 0.115,
       0.265, 0.37 , 0.44 , 0.44 , 0.3  , 0.42 , 0.46 , 0.45 , 0.395,
       0.44 , 0.44 , 0.44 , 0.46 , 0.44 , 0.44 , 0.44 , 0.15 , 0.44 ,
       0.46 , 0.46 , 0.44 , 0.44 , 0.37 , 0.28 , 0.425, 0.46 , 0.46 ,
       0.44 , 0.46 , 0.46 , 0.45 , 0.365, 0.44 , 0.44 , 0.46 , 0.46 ,
       0.44 , 0.44 , 0.45 , 0.46 , 0.44 , 0.46 , 0.46 , 0.46 , 0.46 ,
       0.44 , 0.44 , 0.44 , 0.44 , 0.44 , 0.24 , 0.39 , 0.44 , 0.44 ,
       0.44 , 0.44 , 0.44 , 0.46 , 0.44 , 0.44 , 0.44 , 0.44 , 0.46 ,
       0.46 , 0.46 , 0.46 , 0.44 , 0.44 , 0.46 , 0.46 , 0.46 , 0.46 ,
       0.46 ])}

split_conformal_raps_MLP full class metrics: {'class_coverage': array([0.95, 0.95, 1.  , 1.  , 0.95, 0.95, 1.  , 0.9 , 0.9 , 0.4 , 1.  ,
       0.85, 0.7 , 1.  , 0.4 , 0.95, 0.95, 1.  , 0.9 , 1.  , 1.  , 0.85,
       1.  , 0.95, 1.  , 1.  , 1.  , 0.75, 0.65, 1.  , 0.9 , 0.9 , 0.75,
       0.95, 0.85, 0.95, 0.9 , 1.  , 0.95, 1.  , 1.  , 0.95, 0.8 , 1.  ,
       1.  , 0.9 , 1.  , 1.  , 1.  , 0.7 , 0.9 , 0.95, 0.9 , 1.  , 0.7 ,
       1.  , 0.95, 0.75, 0.65, 0.9 , 0.9 , 1.  , 0.95, 1.  , 0.95, 0.15,
       1.  , 0.95, 1.  , 0.75, 0.25, 0.8 , 1.  , 0.4 , 1.  , 0.9 , 1.  ,
       1.  , 0.9 , 0.9 , 0.65, 0.95, 1.  , 1.  , 0.85, 1.  , 0.95, 1.  ,
       1.  , 0.95, 1.  , 1.  , 0.9 , 0.8 , 0.9 , 1.  , 1.  , 1.  , 1.  ,
       1.  ]), 'class_mean_width': array([44.3 , 45.4 , 43.3 , 42.05, 45.9 , 45.5 , 44.7 , 45.1 , 45.8 ,
       44.9 , 45.75, 27.8 , 35.15, 44.55, 44.9 , 45.8 , 45.9 , 42.85,
       23.5 , 33.75, 45.3 , 45.2 , 44.25, 44.6 , 45.5 , 45.7 , 12.25,
       32.8 , 34.1 , 39.65, 44.9 , 30.9 , 30.7 , 45.6 , 45.4 , 34.  ,
       33.2 , 43.9 , 44.1 , 38.1 , 43.55, 42.9 , 40.35, 19.5 , 44.4 ,
       44.85, 45.5 , 45.8 , 44.5 , 32.9 , 29.85, 37.9 , 45.7 , 45.5 ,
       42.2 , 45.8 , 44.5 , 44.2 , 34.05, 35.45, 44.6 , 46.  , 45.8 ,
       43.85, 43.7 , 45.  , 45.7 , 44.05, 46.15, 45.35, 45.1 , 45.3 ,
       45.  , 41.8 , 41.75, 43.3 , 44.3 , 29.6 , 34.  , 40.15, 40.85,
       44.4 , 44.55, 44.45, 45.5 , 43.35, 43.75, 44.15, 41.15, 45.5 ,
       44.45, 45.2 , 45.45, 42.55, 44.8 , 42.15, 45.4 , 45.2 , 45.4 ,
       45.2 ]), 'class_median_width': array([44. , 46. , 44. , 44. , 46. , 46. , 44. , 45.5, 46. , 46. , 46. ,
       24. , 44. , 44. , 45. , 46. , 46. , 44. , 21. , 44. , 46. , 46. ,
       46. , 44. , 46. , 46. , 11.5, 26.5, 37. , 44. , 44. , 30. , 42. ,
       46. , 45. , 39.5, 44. , 44. , 44. , 46. , 44. , 44. , 44. , 15. ,
       44. , 46. , 46. , 44. , 44. , 37. , 28. , 42.5, 46. , 46. , 44. ,
       46. , 46. , 45. , 36.5, 44. , 44. , 46. , 46. , 44. , 44. , 45. ,
       46. , 44. , 46. , 46. , 46. , 46. , 44. , 44. , 44. , 44. , 44. ,
       24. , 39. , 44. , 44. , 44. , 44. , 44. , 46. , 44. , 44. , 44. ,
       44. , 46. , 46. , 46. , 46. , 44. , 44. , 46. , 46. , 46. , 46. ,
       46. ]), 'class_mean_width_scaled': array([0.443 , 0.454 , 0.433 , 0.4205, 0.459 , 0.455 , 0.447 , 0.451 ,
       0.458 , 0.449 , 0.4575, 0.278 , 0.3515, 0.4455, 0.449 , 0.458 ,
       0.459 , 0.4285, 0.235 , 0.3375, 0.453 , 0.452 , 0.4425, 0.446 ,
       0.455 , 0.457 , 0.1225, 0.328 , 0.341 , 0.3965, 0.449 , 0.309 ,
       0.307 , 0.456 , 0.454 , 0.34  , 0.332 , 0.439 , 0.441 , 0.381 ,
       0.4355, 0.429 , 0.4035, 0.195 , 0.444 , 0.4485, 0.455 , 0.458 ,
       0.445 , 0.329 , 0.2985, 0.379 , 0.457 , 0.455 , 0.422 , 0.458 ,
       0.445 , 0.442 , 0.3405, 0.3545, 0.446 , 0.46  , 0.458 , 0.4385,
       0.437 , 0.45  , 0.457 , 0.4405, 0.4615, 0.4535, 0.451 , 0.453 ,
       0.45  , 0.418 , 0.4175, 0.433 , 0.443 , 0.296 , 0.34  , 0.4015,
       0.4085, 0.444 , 0.4455, 0.4445, 0.455 , 0.4335, 0.4375, 0.4415,
       0.4115, 0.455 , 0.4445, 0.452 , 0.4545, 0.4255, 0.448 , 0.4215,
       0.454 , 0.452 , 0.454 , 0.452 ]), 'class_median_width_scaled': array([0.44 , 0.46 , 0.44 , 0.44 , 0.46 , 0.46 , 0.44 , 0.455, 0.46 ,
       0.46 , 0.46 , 0.24 , 0.44 , 0.44 , 0.45 , 0.46 , 0.46 , 0.44 ,
       0.21 , 0.44 , 0.46 , 0.46 , 0.46 , 0.44 , 0.46 , 0.46 , 0.115,
       0.265, 0.37 , 0.44 , 0.44 , 0.3  , 0.42 , 0.46 , 0.45 , 0.395,
       0.44 , 0.44 , 0.44 , 0.46 , 0.44 , 0.44 , 0.44 , 0.15 , 0.44 ,
       0.46 , 0.46 , 0.44 , 0.44 , 0.37 , 0.28 , 0.425, 0.46 , 0.46 ,
       0.44 , 0.46 , 0.46 , 0.45 , 0.365, 0.44 , 0.44 , 0.46 , 0.46 ,
       0.44 , 0.44 , 0.45 , 0.46 , 0.44 , 0.46 , 0.46 , 0.46 , 0.46 ,
       0.44 , 0.44 , 0.44 , 0.44 , 0.44 , 0.24 , 0.39 , 0.44 , 0.44 ,
       0.44 , 0.44 , 0.44 , 0.46 , 0.44 , 0.44 , 0.44 , 0.44 , 0.46 ,
       0.46 , 0.46 , 0.46 , 0.44 , 0.44 , 0.46 , 0.46 , 0.46 , 0.46 ,
       0.46 ])}

Job completed at Wed Mar 19 06:22:37 PM PDT 2025
