Starting job at Wed Mar 19 06:22:34 PM PDT 2025
Job parameters:
Dataset: data_cover_type
UQ Method: split_conformal_raps
Estimator: MLP
Seed: 785
Train Size: 0.8
Running split_conformal_raps on data_cover_type with seed 785 and train size 0.8

starting experiment

data created

Fitting split_conformal_raps_MLP on data_cover_type with seed 785

split_conformal_raps_MLP metrics: {'coverage': np.float64(0.8995), 'mean_width': np.float64(42.146), 'median_width': np.float64(46.0), 'mean_width_scaled': np.float64(0.42146), 'median_width_scaled': np.float64(0.46)}

split_conformal_raps_MLP full metrics: {'coverage': np.float64(0.8995), 'mean_width': np.float64(42.146), 'median_width': np.float64(46.0), 'mean_width_scaled': np.float64(0.42146), 'median_width_scaled': np.float64(0.46)}

split_conformal_raps_MLP class metrics: {'class_coverage': array([1.  , 0.9 , 0.75, 0.8 , 0.85, 1.  , 0.95, 0.8 , 0.9 , 1.  , 1.  ,
       0.95, 0.4 , 0.3 , 1.  , 1.  , 0.95, 1.  , 0.9 , 0.75, 1.  , 0.95,
       0.9 , 1.  , 0.95, 0.75, 1.  , 0.9 , 0.9 , 1.  , 0.95, 0.7 , 0.85,
       1.  , 1.  , 0.7 , 0.85, 0.9 , 0.85, 1.  , 1.  , 0.95, 0.7 , 1.  ,
       1.  , 0.85, 0.75, 1.  , 0.9 , 0.85, 0.7 , 0.75, 0.95, 0.65, 0.55,
       0.95, 1.  , 0.65, 0.5 , 0.95, 0.9 , 0.95, 0.95, 1.  , 0.95, 1.  ,
       0.9 , 1.  , 1.  , 0.65, 1.  , 1.  , 0.9 , 0.75, 1.  , 1.  , 1.  ,
       0.95, 1.  , 1.  , 1.  , 1.  , 1.  , 1.  , 0.95, 1.  , 0.95, 0.95,
       0.95, 0.9 , 0.5 , 0.95, 1.  , 1.  , 0.9 , 1.  , 1.  , 1.  , 1.  ,
       1.  ]), 'class_mean_width': array([45.7 , 44.55, 46.2 , 41.1 , 46.8 , 46.35, 46.85, 45.2 , 46.2 ,
       45.85, 46.65, 33.3 , 38.9 , 46.2 , 46.35, 46.3 , 46.25, 46.05,
       20.7 , 31.45, 46.35, 46.25, 46.  , 46.4 , 44.6 , 46.45,  7.65,
       36.7 , 37.1 , 44.3 , 45.1 , 35.25, 22.35, 46.55, 43.55, 38.25,
       30.3 , 42.6 , 40.25, 40.5 , 42.85, 44.7 , 42.75, 10.2 , 46.2 ,
       45.4 , 44.85, 29.65, 43.6 , 37.7 , 37.  , 38.2 , 46.05, 46.45,
       44.65, 46.3 , 46.2 , 41.5 , 32.45, 33.95, 42.9 , 42.9 , 46.45,
       45.85, 45.65, 45.2 , 46.45, 46.85, 46.15, 43.45, 46.4 , 46.2 ,
       41.95, 44.65, 42.45, 45.4 , 46.9 , 33.75, 34.35, 40.2 , 41.8 ,
       45.4 , 45.45, 46.55, 45.05, 38.65, 46.45, 46.2 , 42.45, 46.25,
       46.55, 46.05, 45.8 , 41.15, 47.05, 40.55, 45.4 , 46.3 , 46.85,
       46.45]), 'class_median_width': array([46. , 47. , 46. , 46. , 47. , 46. , 46. , 46. , 46.5, 47. , 47. ,
       46. , 46. , 46. , 46. , 46. , 46. , 46. , 19. , 35. , 46. , 46. ,
       46. , 46. , 46. , 46. ,  7.5, 37.5, 41.5, 46. , 46. , 41. , 17. ,
       47. , 46. , 46. , 31.5, 46. , 46. , 46. , 46. , 46. , 46. ,  9. ,
       46. , 46. , 46. , 36.5, 46. , 44. , 46. , 42. , 46. , 46. , 46. ,
       46. , 47. , 46. , 32. , 35.5, 46. , 46. , 46. , 46. , 46. , 46. ,
       46. , 46. , 46. , 46. , 46.5, 46. , 44.5, 46. , 46. , 46. , 49. ,
       39.5, 41.5, 46. , 46. , 46. , 46. , 47. , 47. , 46. , 46. , 46. ,
       46. , 46. , 46. , 46. , 47. , 40.5, 46. , 42.5, 46. , 46. , 46. ,
       46. ]), 'class_mean_width_scaled': array([0.457 , 0.4455, 0.462 , 0.411 , 0.468 , 0.4635, 0.4685, 0.452 ,
       0.462 , 0.4585, 0.4665, 0.333 , 0.389 , 0.462 , 0.4635, 0.463 ,
       0.4625, 0.4605, 0.207 , 0.3145, 0.4635, 0.4625, 0.46  , 0.464 ,
       0.446 , 0.4645, 0.0765, 0.367 , 0.371 , 0.443 , 0.451 , 0.3525,
       0.2235, 0.4655, 0.4355, 0.3825, 0.303 , 0.426 , 0.4025, 0.405 ,
       0.4285, 0.447 , 0.4275, 0.102 , 0.462 , 0.454 , 0.4485, 0.2965,
       0.436 , 0.377 , 0.37  , 0.382 , 0.4605, 0.4645, 0.4465, 0.463 ,
       0.462 , 0.415 , 0.3245, 0.3395, 0.429 , 0.429 , 0.4645, 0.4585,
       0.4565, 0.452 , 0.4645, 0.4685, 0.4615, 0.4345, 0.464 , 0.462 ,
       0.4195, 0.4465, 0.4245, 0.454 , 0.469 , 0.3375, 0.3435, 0.402 ,
       0.418 , 0.454 , 0.4545, 0.4655, 0.4505, 0.3865, 0.4645, 0.462 ,
       0.4245, 0.4625, 0.4655, 0.4605, 0.458 , 0.4115, 0.4705, 0.4055,
       0.454 , 0.463 , 0.4685, 0.4645]), 'class_median_width_scaled': array([0.46 , 0.47 , 0.46 , 0.46 , 0.47 , 0.46 , 0.46 , 0.46 , 0.465,
       0.47 , 0.47 , 0.46 , 0.46 , 0.46 , 0.46 , 0.46 , 0.46 , 0.46 ,
       0.19 , 0.35 , 0.46 , 0.46 , 0.46 , 0.46 , 0.46 , 0.46 , 0.075,
       0.375, 0.415, 0.46 , 0.46 , 0.41 , 0.17 , 0.47 , 0.46 , 0.46 ,
       0.315, 0.46 , 0.46 , 0.46 , 0.46 , 0.46 , 0.46 , 0.09 , 0.46 ,
       0.46 , 0.46 , 0.365, 0.46 , 0.44 , 0.46 , 0.42 , 0.46 , 0.46 ,
       0.46 , 0.46 , 0.47 , 0.46 , 0.32 , 0.355, 0.46 , 0.46 , 0.46 ,
       0.46 , 0.46 , 0.46 , 0.46 , 0.46 , 0.46 , 0.46 , 0.465, 0.46 ,
       0.445, 0.46 , 0.46 , 0.46 , 0.49 , 0.395, 0.415, 0.46 , 0.46 ,
       0.46 , 0.46 , 0.47 , 0.47 , 0.46 , 0.46 , 0.46 , 0.46 , 0.46 ,
       0.46 , 0.46 , 0.47 , 0.405, 0.46 , 0.425, 0.46 , 0.46 , 0.46 ,
       0.46 ])}

split_conformal_raps_MLP full class metrics: {'class_coverage': array([1.  , 0.9 , 0.75, 0.8 , 0.85, 1.  , 0.95, 0.8 , 0.9 , 1.  , 1.  ,
       0.95, 0.4 , 0.3 , 1.  , 1.  , 0.95, 1.  , 0.9 , 0.75, 1.  , 0.95,
       0.9 , 1.  , 0.95, 0.75, 1.  , 0.9 , 0.9 , 1.  , 0.95, 0.7 , 0.85,
       1.  , 1.  , 0.7 , 0.85, 0.9 , 0.85, 1.  , 1.  , 0.95, 0.7 , 1.  ,
       1.  , 0.85, 0.75, 1.  , 0.9 , 0.85, 0.7 , 0.75, 0.95, 0.65, 0.55,
       0.95, 1.  , 0.65, 0.5 , 0.95, 0.9 , 0.95, 0.95, 1.  , 0.95, 1.  ,
       0.9 , 1.  , 1.  , 0.65, 1.  , 1.  , 0.9 , 0.75, 1.  , 1.  , 1.  ,
       0.95, 1.  , 1.  , 1.  , 1.  , 1.  , 1.  , 0.95, 1.  , 0.95, 0.95,
       0.95, 0.9 , 0.5 , 0.95, 1.  , 1.  , 0.9 , 1.  , 1.  , 1.  , 1.  ,
       1.  ]), 'class_mean_width': array([45.7 , 44.55, 46.2 , 41.1 , 46.8 , 46.35, 46.85, 45.2 , 46.2 ,
       45.85, 46.65, 33.3 , 38.9 , 46.2 , 46.35, 46.3 , 46.25, 46.05,
       20.7 , 31.45, 46.35, 46.25, 46.  , 46.4 , 44.6 , 46.45,  7.65,
       36.7 , 37.1 , 44.3 , 45.1 , 35.25, 22.35, 46.55, 43.55, 38.25,
       30.3 , 42.6 , 40.25, 40.5 , 42.85, 44.7 , 42.75, 10.2 , 46.2 ,
       45.4 , 44.85, 29.65, 43.6 , 37.7 , 37.  , 38.2 , 46.05, 46.45,
       44.65, 46.3 , 46.2 , 41.5 , 32.45, 33.95, 42.9 , 42.9 , 46.45,
       45.85, 45.65, 45.2 , 46.45, 46.85, 46.15, 43.45, 46.4 , 46.2 ,
       41.95, 44.65, 42.45, 45.4 , 46.9 , 33.75, 34.35, 40.2 , 41.8 ,
       45.4 , 45.45, 46.55, 45.05, 38.65, 46.45, 46.2 , 42.45, 46.25,
       46.55, 46.05, 45.8 , 41.15, 47.05, 40.55, 45.4 , 46.3 , 46.85,
       46.45]), 'class_median_width': array([46. , 47. , 46. , 46. , 47. , 46. , 46. , 46. , 46.5, 47. , 47. ,
       46. , 46. , 46. , 46. , 46. , 46. , 46. , 19. , 35. , 46. , 46. ,
       46. , 46. , 46. , 46. ,  7.5, 37.5, 41.5, 46. , 46. , 41. , 17. ,
       47. , 46. , 46. , 31.5, 46. , 46. , 46. , 46. , 46. , 46. ,  9. ,
       46. , 46. , 46. , 36.5, 46. , 44. , 46. , 42. , 46. , 46. , 46. ,
       46. , 47. , 46. , 32. , 35.5, 46. , 46. , 46. , 46. , 46. , 46. ,
       46. , 46. , 46. , 46. , 46.5, 46. , 44.5, 46. , 46. , 46. , 49. ,
       39.5, 41.5, 46. , 46. , 46. , 46. , 47. , 47. , 46. , 46. , 46. ,
       46. , 46. , 46. , 46. , 47. , 40.5, 46. , 42.5, 46. , 46. , 46. ,
       46. ]), 'class_mean_width_scaled': array([0.457 , 0.4455, 0.462 , 0.411 , 0.468 , 0.4635, 0.4685, 0.452 ,
       0.462 , 0.4585, 0.4665, 0.333 , 0.389 , 0.462 , 0.4635, 0.463 ,
       0.4625, 0.4605, 0.207 , 0.3145, 0.4635, 0.4625, 0.46  , 0.464 ,
       0.446 , 0.4645, 0.0765, 0.367 , 0.371 , 0.443 , 0.451 , 0.3525,
       0.2235, 0.4655, 0.4355, 0.3825, 0.303 , 0.426 , 0.4025, 0.405 ,
       0.4285, 0.447 , 0.4275, 0.102 , 0.462 , 0.454 , 0.4485, 0.2965,
       0.436 , 0.377 , 0.37  , 0.382 , 0.4605, 0.4645, 0.4465, 0.463 ,
       0.462 , 0.415 , 0.3245, 0.3395, 0.429 , 0.429 , 0.4645, 0.4585,
       0.4565, 0.452 , 0.4645, 0.4685, 0.4615, 0.4345, 0.464 , 0.462 ,
       0.4195, 0.4465, 0.4245, 0.454 , 0.469 , 0.3375, 0.3435, 0.402 ,
       0.418 , 0.454 , 0.4545, 0.4655, 0.4505, 0.3865, 0.4645, 0.462 ,
       0.4245, 0.4625, 0.4655, 0.4605, 0.458 , 0.4115, 0.4705, 0.4055,
       0.454 , 0.463 , 0.4685, 0.4645]), 'class_median_width_scaled': array([0.46 , 0.47 , 0.46 , 0.46 , 0.47 , 0.46 , 0.46 , 0.46 , 0.465,
       0.47 , 0.47 , 0.46 , 0.46 , 0.46 , 0.46 , 0.46 , 0.46 , 0.46 ,
       0.19 , 0.35 , 0.46 , 0.46 , 0.46 , 0.46 , 0.46 , 0.46 , 0.075,
       0.375, 0.415, 0.46 , 0.46 , 0.41 , 0.17 , 0.47 , 0.46 , 0.46 ,
       0.315, 0.46 , 0.46 , 0.46 , 0.46 , 0.46 , 0.46 , 0.09 , 0.46 ,
       0.46 , 0.46 , 0.365, 0.46 , 0.44 , 0.46 , 0.42 , 0.46 , 0.46 ,
       0.46 , 0.46 , 0.47 , 0.46 , 0.32 , 0.355, 0.46 , 0.46 , 0.46 ,
       0.46 , 0.46 , 0.46 , 0.46 , 0.46 , 0.46 , 0.46 , 0.465, 0.46 ,
       0.445, 0.46 , 0.46 , 0.46 , 0.49 , 0.395, 0.415, 0.46 , 0.46 ,
       0.46 , 0.46 , 0.47 , 0.47 , 0.46 , 0.46 , 0.46 , 0.46 , 0.46 ,
       0.46 , 0.46 , 0.47 , 0.405, 0.46 , 0.425, 0.46 , 0.46 , 0.46 ,
       0.46 ])}

Job completed at Wed Mar 19 06:22:40 PM PDT 2025
