Starting job at Wed Mar 19 08:21:19 PM PDT 2025
Job parameters:
Dataset: data_chess
UQ Method: split_conformal_topk
Estimator: LogisticRegression
Seed: 781
Train Size: 0.8
Running split_conformal_topk on data_chess with seed 781 and train size 0.8

starting experiment

data created

Fitting split_conformal_topk_LogisticRegression on data_chess with seed 781

split_conformal_topk_LogisticRegression metrics: {'coverage': np.float64(0.9274768353528154), 'mean_width': np.float64(6.006414825374198), 'median_width': np.float64(6.0), 'mean_width_scaled': np.float64(0.3336897125207888), 'median_width_scaled': np.float64(0.3333333333333333)}

split_conformal_topk_LogisticRegression full metrics: {'coverage': np.float64(0.9274768353528154), 'mean_width': np.float64(6.006414825374198), 'median_width': np.float64(6.0), 'mean_width_scaled': np.float64(0.3336897125207888), 'median_width_scaled': np.float64(0.3333333333333333)}

split_conformal_topk_LogisticRegression class metrics: {'class_coverage': array([0.84078712, 0.86759582, 0.98598949, 0.96997691, 0.81914894,
       0.7       , 0.98682766, 0.86842105, 0.125     , 0.73722628,
       0.72881356, 0.97435897, 0.91939547, 0.97854589, 0.8125    ,
       0.97638889, 0.65306122, 0.6       ]), 'class_mean_width': array([6. , 6. , 6. , 6. , 6. , 6.9, 6. , 6. , 6. , 6. , 6. , 6. , 6. ,
       6. , 6. , 6. , 6. , 6. ]), 'class_median_width': array([6., 6., 6., 6., 6., 6., 6., 6., 6., 6., 6., 6., 6., 6., 6., 6., 6.,
       6.]), 'class_mean_width_scaled': array([0.33333333, 0.33333333, 0.33333333, 0.33333333, 0.33333333,
       0.38333333, 0.33333333, 0.33333333, 0.33333333, 0.33333333,
       0.33333333, 0.33333333, 0.33333333, 0.33333333, 0.33333333,
       0.33333333, 0.33333333, 0.33333333]), 'class_median_width_scaled': array([0.33333333, 0.33333333, 0.33333333, 0.33333333, 0.33333333,
       0.33333333, 0.33333333, 0.33333333, 0.33333333, 0.33333333,
       0.33333333, 0.33333333, 0.33333333, 0.33333333, 0.33333333,
       0.33333333, 0.33333333, 0.33333333])}

split_conformal_topk_LogisticRegression full class metrics: {'class_coverage': array([0.84078712, 0.86759582, 0.98598949, 0.96997691, 0.81914894,
       0.7       , 0.98682766, 0.86842105, 0.125     , 0.73722628,
       0.72881356, 0.97435897, 0.91939547, 0.97854589, 0.8125    ,
       0.97638889, 0.65306122, 0.6       ]), 'class_mean_width': array([6. , 6. , 6. , 6. , 6. , 6.9, 6. , 6. , 6. , 6. , 6. , 6. , 6. ,
       6. , 6. , 6. , 6. , 6. ]), 'class_median_width': array([6., 6., 6., 6., 6., 6., 6., 6., 6., 6., 6., 6., 6., 6., 6., 6., 6.,
       6.]), 'class_mean_width_scaled': array([0.33333333, 0.33333333, 0.33333333, 0.33333333, 0.33333333,
       0.38333333, 0.33333333, 0.33333333, 0.33333333, 0.33333333,
       0.33333333, 0.33333333, 0.33333333, 0.33333333, 0.33333333,
       0.33333333, 0.33333333, 0.33333333]), 'class_median_width_scaled': array([0.33333333, 0.33333333, 0.33333333, 0.33333333, 0.33333333,
       0.33333333, 0.33333333, 0.33333333, 0.33333333, 0.33333333,
       0.33333333, 0.33333333, 0.33333333, 0.33333333, 0.33333333,
       0.33333333, 0.33333333, 0.33333333])}

Job completed at Wed Mar 19 08:21:30 PM PDT 2025
