Starting job at Thu Mar 20 05:04:19 PM PDT 2025
Job parameters:
Dataset: data_chess
UQ Method: split_conformal_topk
Estimator: LogisticRegression
Seed: 780
Train Size: 0.8
Running split_conformal_topk on data_chess with seed 780 and train size 0.8

starting experiment

data created

Fitting split_conformal_topk_LogisticRegression on data_chess with seed 780

split_conformal_topk_LogisticRegression metrics: {'coverage': np.float64(0.9085887384176764), 'mean_width': np.float64(6.0), 'median_width': np.float64(6.0), 'mean_width_scaled': np.float64(0.3333333333333333), 'median_width_scaled': np.float64(0.3333333333333333)}

split_conformal_topk_LogisticRegression full metrics: {'coverage': np.float64(0.9085887384176764), 'mean_width': np.float64(6.0), 'median_width': np.float64(6.0), 'mean_width_scaled': np.float64(0.3333333333333333), 'median_width_scaled': np.float64(0.3333333333333333)}

split_conformal_topk_LogisticRegression class metrics: {'class_coverage': array([0.92307692, 0.74912892, 0.90367776, 0.95612009, 0.72340426,
       0.5       , 0.98463227, 0.80701754, 0.1875    , 0.54744526,
       0.79661017, 1.        , 0.92191436, 0.97973778, 0.1875    ,
       0.97638889, 0.67346939, 0.        ]), 'class_mean_width': array([6., 6., 6., 6., 6., 6., 6., 6., 6., 6., 6., 6., 6., 6., 6., 6., 6.,
       6.]), 'class_median_width': array([6., 6., 6., 6., 6., 6., 6., 6., 6., 6., 6., 6., 6., 6., 6., 6., 6.,
       6.]), 'class_mean_width_scaled': array([0.33333333, 0.33333333, 0.33333333, 0.33333333, 0.33333333,
       0.33333333, 0.33333333, 0.33333333, 0.33333333, 0.33333333,
       0.33333333, 0.33333333, 0.33333333, 0.33333333, 0.33333333,
       0.33333333, 0.33333333, 0.33333333]), 'class_median_width_scaled': array([0.33333333, 0.33333333, 0.33333333, 0.33333333, 0.33333333,
       0.33333333, 0.33333333, 0.33333333, 0.33333333, 0.33333333,
       0.33333333, 0.33333333, 0.33333333, 0.33333333, 0.33333333,
       0.33333333, 0.33333333, 0.33333333])}

split_conformal_topk_LogisticRegression full class metrics: {'class_coverage': array([0.92307692, 0.74912892, 0.90367776, 0.95612009, 0.72340426,
       0.5       , 0.98463227, 0.80701754, 0.1875    , 0.54744526,
       0.79661017, 1.        , 0.92191436, 0.97973778, 0.1875    ,
       0.97638889, 0.67346939, 0.        ]), 'class_mean_width': array([6., 6., 6., 6., 6., 6., 6., 6., 6., 6., 6., 6., 6., 6., 6., 6., 6.,
       6.]), 'class_median_width': array([6., 6., 6., 6., 6., 6., 6., 6., 6., 6., 6., 6., 6., 6., 6., 6., 6.,
       6.]), 'class_mean_width_scaled': array([0.33333333, 0.33333333, 0.33333333, 0.33333333, 0.33333333,
       0.33333333, 0.33333333, 0.33333333, 0.33333333, 0.33333333,
       0.33333333, 0.33333333, 0.33333333, 0.33333333, 0.33333333,
       0.33333333, 0.33333333, 0.33333333]), 'class_median_width_scaled': array([0.33333333, 0.33333333, 0.33333333, 0.33333333, 0.33333333,
       0.33333333, 0.33333333, 0.33333333, 0.33333333, 0.33333333,
       0.33333333, 0.33333333, 0.33333333, 0.33333333, 0.33333333,
       0.33333333, 0.33333333, 0.33333333])}

Job completed at Thu Mar 20 05:04:24 PM PDT 2025
