Starting job at Thu Mar 20 05:04:18 PM PDT 2025
Job parameters:
Dataset: data_chess
UQ Method: split_conformal_topk
Estimator: LogisticRegression
Seed: 779
Train Size: 0.8
Running split_conformal_topk on data_chess with seed 779 and train size 0.8

starting experiment

data created

Fitting split_conformal_topk_LogisticRegression on data_chess with seed 779

split_conformal_topk_LogisticRegression metrics: {'coverage': np.float64(0.905559515324305), 'mean_width': np.float64(6.0), 'median_width': np.float64(6.0), 'mean_width_scaled': np.float64(0.3333333333333333), 'median_width_scaled': np.float64(0.3333333333333333)}

split_conformal_topk_LogisticRegression full metrics: {'coverage': np.float64(0.905559515324305), 'mean_width': np.float64(6.0), 'median_width': np.float64(6.0), 'mean_width_scaled': np.float64(0.3333333333333333), 'median_width_scaled': np.float64(0.3333333333333333)}

split_conformal_topk_LogisticRegression class metrics: {'class_coverage': array([0.92486583, 0.82926829, 0.95096322, 0.9630485 , 0.82978723,
       0.475     , 0.98243688, 0.80701754, 0.125     , 0.47445255,
       0.61016949, 0.91025641, 0.83627204, 0.98688915, 0.0625    ,
       0.95555556, 0.81632653, 0.        ]), 'class_mean_width': array([6., 6., 6., 6., 6., 6., 6., 6., 6., 6., 6., 6., 6., 6., 6., 6., 6.,
       6.]), 'class_median_width': array([6., 6., 6., 6., 6., 6., 6., 6., 6., 6., 6., 6., 6., 6., 6., 6., 6.,
       6.]), 'class_mean_width_scaled': array([0.33333333, 0.33333333, 0.33333333, 0.33333333, 0.33333333,
       0.33333333, 0.33333333, 0.33333333, 0.33333333, 0.33333333,
       0.33333333, 0.33333333, 0.33333333, 0.33333333, 0.33333333,
       0.33333333, 0.33333333, 0.33333333]), 'class_median_width_scaled': array([0.33333333, 0.33333333, 0.33333333, 0.33333333, 0.33333333,
       0.33333333, 0.33333333, 0.33333333, 0.33333333, 0.33333333,
       0.33333333, 0.33333333, 0.33333333, 0.33333333, 0.33333333,
       0.33333333, 0.33333333, 0.33333333])}

split_conformal_topk_LogisticRegression full class metrics: {'class_coverage': array([0.92486583, 0.82926829, 0.95096322, 0.9630485 , 0.82978723,
       0.475     , 0.98243688, 0.80701754, 0.125     , 0.47445255,
       0.61016949, 0.91025641, 0.83627204, 0.98688915, 0.0625    ,
       0.95555556, 0.81632653, 0.        ]), 'class_mean_width': array([6., 6., 6., 6., 6., 6., 6., 6., 6., 6., 6., 6., 6., 6., 6., 6., 6.,
       6.]), 'class_median_width': array([6., 6., 6., 6., 6., 6., 6., 6., 6., 6., 6., 6., 6., 6., 6., 6., 6.,
       6.]), 'class_mean_width_scaled': array([0.33333333, 0.33333333, 0.33333333, 0.33333333, 0.33333333,
       0.33333333, 0.33333333, 0.33333333, 0.33333333, 0.33333333,
       0.33333333, 0.33333333, 0.33333333, 0.33333333, 0.33333333,
       0.33333333, 0.33333333, 0.33333333]), 'class_median_width_scaled': array([0.33333333, 0.33333333, 0.33333333, 0.33333333, 0.33333333,
       0.33333333, 0.33333333, 0.33333333, 0.33333333, 0.33333333,
       0.33333333, 0.33333333, 0.33333333, 0.33333333, 0.33333333,
       0.33333333, 0.33333333, 0.33333333])}

Job completed at Thu Mar 20 05:04:24 PM PDT 2025
