Starting job at Wed Mar 19 06:23:22 PM PDT 2025
Job parameters:
Dataset: data_helena
UQ Method: split_conformal_raps
Estimator: ExtraTrees
Seed: 781
Train Size: 0.8
Running split_conformal_raps on data_helena with seed 781 and train size 0.8

starting experiment

data created

Fitting split_conformal_raps_ExtraTrees on data_helena with seed 781

split_conformal_raps_ExtraTrees metrics: {'coverage': np.float64(0.8205521472392638), 'mean_width': np.float64(31.379601226993866), 'median_width': np.float64(33.0), 'mean_width_scaled': np.float64(0.31379601226993864), 'median_width_scaled': np.float64(0.33)}

split_conformal_raps_ExtraTrees full metrics: {'coverage': np.float64(0.8205521472392638), 'mean_width': np.float64(31.379601226993866), 'median_width': np.float64(33.0), 'mean_width_scaled': np.float64(0.31379601226993864), 'median_width_scaled': np.float64(0.33)}

split_conformal_raps_ExtraTrees class metrics: {'class_coverage': array([0.75268817, 0.55172414, 0.45454545, 0.5625    , 0.66666667,
       0.74025974, 0.515625  , 0.87037037, 0.5       , 0.92533937,
       0.42222222, 0.30769231, 0.21428571, 0.79881657, 0.58064516,
       0.55769231, 0.70588235, 0.37777778, 0.79861111, 0.92517007,
       0.63076923, 0.75471698, 0.86982249, 0.54901961, 0.74137931,
       0.5       , 0.33333333, 0.20833333, 0.39130435, 0.38461538,
       0.08108108, 0.22058824, 0.9503386 , 0.96      , 0.69318182,
       0.93989983, 0.63888889, 0.20689655, 0.79166667, 0.79365079,
       0.8358209 , 0.83050847, 0.25641026, 0.74545455, 0.42857143,
       0.55555556, 0.39473684, 0.7721519 , 0.76363636, 0.65517241,
       0.2962963 , 0.97389886, 0.45833333, 0.94428969, 0.21428571,
       0.9348659 , 0.84474886, 0.73684211, 0.75824176, 0.47368421,
       0.90575916, 0.67647059, 0.26470588, 0.56818182, 0.71962617,
       0.70212766, 0.94942529, 0.77      , 0.52542373, 0.8       ,
       0.84070796, 0.65      , 0.32142857, 0.54166667, 0.66972477,
       0.94535519, 0.97752809, 0.92941176, 0.55263158, 0.88372093,
       0.93939394, 0.73333333, 0.5       , 0.25714286, 0.83660131,
       0.49438202, 0.85572139, 0.93530997, 0.7       , 0.91875   ,
       0.23076923, 0.95618557, 0.9281768 , 0.62195122, 0.47222222,
       0.53125   , 0.79831933, 0.96712329, 0.42622951, 0.63855422]), 'class_mean_width': array([37.60215054, 36.77586207, 36.36363636, 38.9375    , 33.47126437,
       31.38961039, 36.3125    , 32.99074074, 37.11111111, 19.34841629,
       36.53333333, 36.69230769, 38.75      , 33.85798817, 37.30645161,
       37.82692308, 37.14705882, 35.24444444, 36.68055556, 37.04761905,
       36.63076923, 39.69811321, 31.14792899, 38.64705882, 31.56896552,
       33.95652174, 39.625     , 35.91666667, 39.        , 39.34615385,
       37.08108108, 37.54411765, 29.38826185, 30.5847619 , 37.88636364,
       31.5475793 , 39.08333333, 37.        , 38.11666667, 38.9047619 ,
       30.20895522, 32.1440678 , 36.28205128, 37.1030303 , 36.92857143,
       35.81481481, 37.78947368, 31.03797468, 37.69090909, 36.4137931 ,
       38.48148148, 34.70146819, 35.875     , 30.53203343, 38.33333333,
       30.17241379, 36.73972603, 38.63157895, 35.1978022 , 36.34210526,
       36.03664921, 36.57352941, 38.5       , 39.13636364, 32.18691589,
       31.31914894, 35.83678161, 35.11      , 36.30508475, 35.07692308,
       28.39823009, 28.26666667, 41.35714286, 36.20833333, 33.16513761,
       14.49453552, 13.51186017, 12.05882353, 40.        , 27.04651163,
       32.72727273, 26.96      , 36.04347826, 35.94285714, 31.67973856,
       35.85393258, 35.57711443, 32.91105121, 38.58571429, 37.04375   ,
       37.15384615, 31.80154639, 33.06629834, 33.03658537, 35.27777778,
       38.8125    , 35.63445378, 34.33972603, 34.93442623, 37.3373494 ]), 'class_median_width': array([37. , 37.5, 35.5, 39. , 34. , 31. , 36. , 33. , 38. , 17. , 38. ,
       37.5, 40. , 34. , 37.5, 38. , 37. , 35. , 37. , 37. , 37. , 40. ,
       31. , 40. , 32. , 35. , 40. , 38.5, 39. , 40. , 39. , 38. , 30. ,
       31. , 38. , 32. , 39. , 38. , 38. , 40. , 30. , 32. , 37. , 38. ,
       38. , 37. , 38. , 30. , 38. , 38. , 39. , 35. , 37.5, 31. , 39. ,
       30. , 37. , 39. , 36. , 37. , 36. , 37. , 40. , 40. , 33. , 32. ,
       36. , 35. , 37. , 34. , 27. , 27.5, 42. , 38. , 34. , 13. , 12. ,
        8. , 40. , 25. , 34. , 25. , 37. , 37. , 32. , 36. , 36. , 33. ,
       39. , 37. , 37. , 32. , 34. , 33. , 36. , 39. , 36. , 35. , 35. ,
       38. ]), 'class_mean_width_scaled': array([0.37602151, 0.36775862, 0.36363636, 0.389375  , 0.33471264,
       0.3138961 , 0.363125  , 0.32990741, 0.37111111, 0.19348416,
       0.36533333, 0.36692308, 0.3875    , 0.33857988, 0.37306452,
       0.37826923, 0.37147059, 0.35244444, 0.36680556, 0.37047619,
       0.36630769, 0.39698113, 0.31147929, 0.38647059, 0.31568966,
       0.33956522, 0.39625   , 0.35916667, 0.39      , 0.39346154,
       0.37081081, 0.37544118, 0.29388262, 0.30584762, 0.37886364,
       0.31547579, 0.39083333, 0.37      , 0.38116667, 0.38904762,
       0.30208955, 0.32144068, 0.36282051, 0.3710303 , 0.36928571,
       0.35814815, 0.37789474, 0.31037975, 0.37690909, 0.36413793,
       0.38481481, 0.34701468, 0.35875   , 0.30532033, 0.38333333,
       0.30172414, 0.36739726, 0.38631579, 0.35197802, 0.36342105,
       0.36036649, 0.36573529, 0.385     , 0.39136364, 0.32186916,
       0.31319149, 0.35836782, 0.3511    , 0.36305085, 0.35076923,
       0.2839823 , 0.28266667, 0.41357143, 0.36208333, 0.33165138,
       0.14494536, 0.1351186 , 0.12058824, 0.4       , 0.27046512,
       0.32727273, 0.2696    , 0.36043478, 0.35942857, 0.31679739,
       0.35853933, 0.35577114, 0.32911051, 0.38585714, 0.3704375 ,
       0.37153846, 0.31801546, 0.33066298, 0.33036585, 0.35277778,
       0.388125  , 0.35634454, 0.34339726, 0.34934426, 0.37337349]), 'class_median_width_scaled': array([0.37 , 0.375, 0.355, 0.39 , 0.34 , 0.31 , 0.36 , 0.33 , 0.38 ,
       0.17 , 0.38 , 0.375, 0.4  , 0.34 , 0.375, 0.38 , 0.37 , 0.35 ,
       0.37 , 0.37 , 0.37 , 0.4  , 0.31 , 0.4  , 0.32 , 0.35 , 0.4  ,
       0.385, 0.39 , 0.4  , 0.39 , 0.38 , 0.3  , 0.31 , 0.38 , 0.32 ,
       0.39 , 0.38 , 0.38 , 0.4  , 0.3  , 0.32 , 0.37 , 0.38 , 0.38 ,
       0.37 , 0.38 , 0.3  , 0.38 , 0.38 , 0.39 , 0.35 , 0.375, 0.31 ,
       0.39 , 0.3  , 0.37 , 0.39 , 0.36 , 0.37 , 0.36 , 0.37 , 0.4  ,
       0.4  , 0.33 , 0.32 , 0.36 , 0.35 , 0.37 , 0.34 , 0.27 , 0.275,
       0.42 , 0.38 , 0.34 , 0.13 , 0.12 , 0.08 , 0.4  , 0.25 , 0.34 ,
       0.25 , 0.37 , 0.37 , 0.32 , 0.36 , 0.36 , 0.33 , 0.39 , 0.37 ,
       0.37 , 0.32 , 0.34 , 0.33 , 0.36 , 0.39 , 0.36 , 0.35 , 0.35 ,
       0.38 ])}

split_conformal_raps_ExtraTrees full class metrics: {'class_coverage': array([0.75268817, 0.55172414, 0.45454545, 0.5625    , 0.66666667,
       0.74025974, 0.515625  , 0.87037037, 0.5       , 0.92533937,
       0.42222222, 0.30769231, 0.21428571, 0.79881657, 0.58064516,
       0.55769231, 0.70588235, 0.37777778, 0.79861111, 0.92517007,
       0.63076923, 0.75471698, 0.86982249, 0.54901961, 0.74137931,
       0.5       , 0.33333333, 0.20833333, 0.39130435, 0.38461538,
       0.08108108, 0.22058824, 0.9503386 , 0.96      , 0.69318182,
       0.93989983, 0.63888889, 0.20689655, 0.79166667, 0.79365079,
       0.8358209 , 0.83050847, 0.25641026, 0.74545455, 0.42857143,
       0.55555556, 0.39473684, 0.7721519 , 0.76363636, 0.65517241,
       0.2962963 , 0.97389886, 0.45833333, 0.94428969, 0.21428571,
       0.9348659 , 0.84474886, 0.73684211, 0.75824176, 0.47368421,
       0.90575916, 0.67647059, 0.26470588, 0.56818182, 0.71962617,
       0.70212766, 0.94942529, 0.77      , 0.52542373, 0.8       ,
       0.84070796, 0.65      , 0.32142857, 0.54166667, 0.66972477,
       0.94535519, 0.97752809, 0.92941176, 0.55263158, 0.88372093,
       0.93939394, 0.73333333, 0.5       , 0.25714286, 0.83660131,
       0.49438202, 0.85572139, 0.93530997, 0.7       , 0.91875   ,
       0.23076923, 0.95618557, 0.9281768 , 0.62195122, 0.47222222,
       0.53125   , 0.79831933, 0.96712329, 0.42622951, 0.63855422]), 'class_mean_width': array([37.60215054, 36.77586207, 36.36363636, 38.9375    , 33.47126437,
       31.38961039, 36.3125    , 32.99074074, 37.11111111, 19.34841629,
       36.53333333, 36.69230769, 38.75      , 33.85798817, 37.30645161,
       37.82692308, 37.14705882, 35.24444444, 36.68055556, 37.04761905,
       36.63076923, 39.69811321, 31.14792899, 38.64705882, 31.56896552,
       33.95652174, 39.625     , 35.91666667, 39.        , 39.34615385,
       37.08108108, 37.54411765, 29.38826185, 30.5847619 , 37.88636364,
       31.5475793 , 39.08333333, 37.        , 38.11666667, 38.9047619 ,
       30.20895522, 32.1440678 , 36.28205128, 37.1030303 , 36.92857143,
       35.81481481, 37.78947368, 31.03797468, 37.69090909, 36.4137931 ,
       38.48148148, 34.70146819, 35.875     , 30.53203343, 38.33333333,
       30.17241379, 36.73972603, 38.63157895, 35.1978022 , 36.34210526,
       36.03664921, 36.57352941, 38.5       , 39.13636364, 32.18691589,
       31.31914894, 35.83678161, 35.11      , 36.30508475, 35.07692308,
       28.39823009, 28.26666667, 41.35714286, 36.20833333, 33.16513761,
       14.49453552, 13.51186017, 12.05882353, 40.        , 27.04651163,
       32.72727273, 26.96      , 36.04347826, 35.94285714, 31.67973856,
       35.85393258, 35.57711443, 32.91105121, 38.58571429, 37.04375   ,
       37.15384615, 31.80154639, 33.06629834, 33.03658537, 35.27777778,
       38.8125    , 35.63445378, 34.33972603, 34.93442623, 37.3373494 ]), 'class_median_width': array([37. , 37.5, 35.5, 39. , 34. , 31. , 36. , 33. , 38. , 17. , 38. ,
       37.5, 40. , 34. , 37.5, 38. , 37. , 35. , 37. , 37. , 37. , 40. ,
       31. , 40. , 32. , 35. , 40. , 38.5, 39. , 40. , 39. , 38. , 30. ,
       31. , 38. , 32. , 39. , 38. , 38. , 40. , 30. , 32. , 37. , 38. ,
       38. , 37. , 38. , 30. , 38. , 38. , 39. , 35. , 37.5, 31. , 39. ,
       30. , 37. , 39. , 36. , 37. , 36. , 37. , 40. , 40. , 33. , 32. ,
       36. , 35. , 37. , 34. , 27. , 27.5, 42. , 38. , 34. , 13. , 12. ,
        8. , 40. , 25. , 34. , 25. , 37. , 37. , 32. , 36. , 36. , 33. ,
       39. , 37. , 37. , 32. , 34. , 33. , 36. , 39. , 36. , 35. , 35. ,
       38. ]), 'class_mean_width_scaled': array([0.37602151, 0.36775862, 0.36363636, 0.389375  , 0.33471264,
       0.3138961 , 0.363125  , 0.32990741, 0.37111111, 0.19348416,
       0.36533333, 0.36692308, 0.3875    , 0.33857988, 0.37306452,
       0.37826923, 0.37147059, 0.35244444, 0.36680556, 0.37047619,
       0.36630769, 0.39698113, 0.31147929, 0.38647059, 0.31568966,
       0.33956522, 0.39625   , 0.35916667, 0.39      , 0.39346154,
       0.37081081, 0.37544118, 0.29388262, 0.30584762, 0.37886364,
       0.31547579, 0.39083333, 0.37      , 0.38116667, 0.38904762,
       0.30208955, 0.32144068, 0.36282051, 0.3710303 , 0.36928571,
       0.35814815, 0.37789474, 0.31037975, 0.37690909, 0.36413793,
       0.38481481, 0.34701468, 0.35875   , 0.30532033, 0.38333333,
       0.30172414, 0.36739726, 0.38631579, 0.35197802, 0.36342105,
       0.36036649, 0.36573529, 0.385     , 0.39136364, 0.32186916,
       0.31319149, 0.35836782, 0.3511    , 0.36305085, 0.35076923,
       0.2839823 , 0.28266667, 0.41357143, 0.36208333, 0.33165138,
       0.14494536, 0.1351186 , 0.12058824, 0.4       , 0.27046512,
       0.32727273, 0.2696    , 0.36043478, 0.35942857, 0.31679739,
       0.35853933, 0.35577114, 0.32911051, 0.38585714, 0.3704375 ,
       0.37153846, 0.31801546, 0.33066298, 0.33036585, 0.35277778,
       0.388125  , 0.35634454, 0.34339726, 0.34934426, 0.37337349]), 'class_median_width_scaled': array([0.37 , 0.375, 0.355, 0.39 , 0.34 , 0.31 , 0.36 , 0.33 , 0.38 ,
       0.17 , 0.38 , 0.375, 0.4  , 0.34 , 0.375, 0.38 , 0.37 , 0.35 ,
       0.37 , 0.37 , 0.37 , 0.4  , 0.31 , 0.4  , 0.32 , 0.35 , 0.4  ,
       0.385, 0.39 , 0.4  , 0.39 , 0.38 , 0.3  , 0.31 , 0.38 , 0.32 ,
       0.39 , 0.38 , 0.38 , 0.4  , 0.3  , 0.32 , 0.37 , 0.38 , 0.38 ,
       0.37 , 0.38 , 0.3  , 0.38 , 0.38 , 0.39 , 0.35 , 0.375, 0.31 ,
       0.39 , 0.3  , 0.37 , 0.39 , 0.36 , 0.37 , 0.36 , 0.37 , 0.4  ,
       0.4  , 0.33 , 0.32 , 0.36 , 0.35 , 0.37 , 0.34 , 0.27 , 0.275,
       0.42 , 0.38 , 0.34 , 0.13 , 0.12 , 0.08 , 0.4  , 0.25 , 0.34 ,
       0.25 , 0.37 , 0.37 , 0.32 , 0.36 , 0.36 , 0.33 , 0.39 , 0.37 ,
       0.37 , 0.32 , 0.34 , 0.33 , 0.36 , 0.39 , 0.36 , 0.35 , 0.35 ,
       0.38 ])}

Job completed at Wed Mar 19 06:23:26 PM PDT 2025
