Starting job at Wed Mar 19 06:23:08 PM PDT 2025
Job parameters:
Dataset: data_helena
UQ Method: split_conformal_raps
Estimator: ExtraTrees
Seed: 778
Train Size: 0.8
Running split_conformal_raps on data_helena with seed 778 and train size 0.8

starting experiment

data created

Fitting split_conformal_raps_ExtraTrees on data_helena with seed 778

split_conformal_raps_ExtraTrees metrics: {'coverage': np.float64(0.8279907975460122), 'mean_width': np.float64(31.228527607361965), 'median_width': np.float64(33.0), 'mean_width_scaled': np.float64(0.31228527607361967), 'median_width_scaled': np.float64(0.33)}

split_conformal_raps_ExtraTrees full metrics: {'coverage': np.float64(0.8279907975460122), 'mean_width': np.float64(31.228527607361965), 'median_width': np.float64(33.0), 'mean_width_scaled': np.float64(0.31228527607361967), 'median_width_scaled': np.float64(0.33)}

split_conformal_raps_ExtraTrees class metrics: {'class_coverage': array([0.8172043 , 0.68965517, 0.40909091, 0.66666667, 0.66666667,
       0.75324675, 0.671875  , 0.75925926, 0.40277778, 0.9321267 ,
       0.66666667, 0.38461538, 0.42857143, 0.9112426 , 0.58064516,
       0.75      , 0.76470588, 0.11111111, 0.79166667, 0.92517007,
       0.38461538, 0.71698113, 0.79881657, 0.37254902, 0.81896552,
       0.58695652, 0.45833333, 0.5       , 0.2173913 , 0.42307692,
       0.43243243, 0.75      , 0.97291196, 0.96571429, 0.75      ,
       0.95158598, 0.72222222, 0.4137931 , 0.775     , 0.57142857,
       0.80597015, 0.8220339 , 0.51282051, 0.76363636, 0.11904762,
       0.42592593, 0.42105263, 0.78481013, 0.71818182, 0.72413793,
       0.37037037, 0.954323  , 0.29166667, 0.94150418, 0.19047619,
       0.94252874, 0.84931507, 0.78947368, 0.63736264, 0.36842105,
       0.87958115, 0.69852941, 0.41176471, 0.625     , 0.70093458,
       0.53191489, 0.97471264, 0.82      , 0.61016949, 0.86153846,
       0.89380531, 0.86666667, 0.67857143, 0.41666667, 0.57798165,
       0.96721311, 0.97627965, 0.90980392, 0.52631579, 0.90697674,
       0.78787879, 0.85333333, 0.2173913 , 0.54285714, 0.81045752,
       0.5505618 , 0.87562189, 0.93261456, 0.67142857, 0.76875   ,
       0.19230769, 0.95876289, 0.9198895 , 0.5       , 0.38888889,
       0.71875   , 0.88655462, 0.94246575, 0.52459016, 0.60240964]), 'class_mean_width': array([36.93548387, 36.67241379, 34.54545455, 37.60416667, 33.77011494,
       33.90909091, 33.984375  , 33.17592593, 37.25      , 19.11538462,
       38.33333333, 37.46153846, 36.67857143, 33.47337278, 38.27419355,
       38.75      , 36.80392157, 35.17777778, 37.04861111, 37.72108844,
       36.16923077, 36.98113208, 30.20118343, 39.31372549, 30.61206897,
       33.06521739, 38.54166667, 36.33333333, 36.26086957, 39.46153846,
       38.08108108, 39.17647059, 30.24604966, 29.95428571, 37.81818182,
       31.21202003, 39.30555556, 37.13793103, 39.        , 37.92063492,
       29.47761194, 32.33050847, 37.8974359 , 36.70909091, 36.85714286,
       35.25925926, 37.02631579, 30.79746835, 38.14545455, 36.51724138,
       39.14814815, 33.84991843, 35.91666667, 30.16155989, 37.14285714,
       30.20306513, 36.51141553, 38.56578947, 35.43956044, 37.78947368,
       35.69633508, 36.58823529, 38.17647059, 38.61363636, 31.85046729,
       32.21276596, 35.1908046 , 34.8       , 36.49152542, 32.53846154,
       27.32743363, 25.43333333, 40.64285714, 36.66666667, 34.71559633,
       14.43715847, 14.04494382, 12.88235294, 38.86842105, 25.53488372,
       32.84848485, 27.52      , 35.15217391, 35.8       , 31.05882353,
       38.80898876, 35.07960199, 32.93530997, 37.7       , 36.725     ,
       38.30769231, 30.86082474, 32.56353591, 32.76829268, 34.08333333,
       37.1875    , 35.91596639, 33.98082192, 36.8852459 , 38.31325301]), 'class_median_width': array([38. , 36. , 34.5, 38. , 34. , 33. , 34. , 33. , 38. , 17. , 38. ,
       39.5, 37. , 33. , 39. , 39. , 37.5, 36. , 38. , 39. , 37. , 38. ,
       30. , 40. , 31. , 32. , 39. , 37.5, 37. , 38.5, 39. , 39.5, 31. ,
       30. , 38. , 31. , 39. , 39. , 40. , 39. , 29. , 33. , 38. , 38. ,
       38.5, 35. , 37. , 30. , 38.5, 38. , 39. , 34. , 36. , 30. , 37. ,
       30. , 37. , 39. , 35. , 39. , 36. , 37. , 37.5, 39. , 32. , 32. ,
       35. , 35.5, 38. , 33. , 26. , 24. , 41.5, 37. , 36. , 12. , 12. ,
        9. , 40.5, 24. , 33. , 25. , 36. , 36. , 31. , 40. , 35. , 33. ,
       39. , 37. , 40. , 31. , 33. , 33. , 33.5, 38. , 37. , 34. , 38. ,
       38. ]), 'class_mean_width_scaled': array([0.36935484, 0.36672414, 0.34545455, 0.37604167, 0.33770115,
       0.33909091, 0.33984375, 0.33175926, 0.3725    , 0.19115385,
       0.38333333, 0.37461538, 0.36678571, 0.33473373, 0.38274194,
       0.3875    , 0.36803922, 0.35177778, 0.37048611, 0.37721088,
       0.36169231, 0.36981132, 0.30201183, 0.39313725, 0.30612069,
       0.33065217, 0.38541667, 0.36333333, 0.3626087 , 0.39461538,
       0.38081081, 0.39176471, 0.3024605 , 0.29954286, 0.37818182,
       0.3121202 , 0.39305556, 0.37137931, 0.39      , 0.37920635,
       0.29477612, 0.32330508, 0.37897436, 0.36709091, 0.36857143,
       0.35259259, 0.37026316, 0.30797468, 0.38145455, 0.36517241,
       0.39148148, 0.33849918, 0.35916667, 0.3016156 , 0.37142857,
       0.30203065, 0.36511416, 0.38565789, 0.3543956 , 0.37789474,
       0.35696335, 0.36588235, 0.38176471, 0.38613636, 0.31850467,
       0.32212766, 0.35190805, 0.348     , 0.36491525, 0.32538462,
       0.27327434, 0.25433333, 0.40642857, 0.36666667, 0.34715596,
       0.14437158, 0.14044944, 0.12882353, 0.38868421, 0.25534884,
       0.32848485, 0.2752    , 0.35152174, 0.358     , 0.31058824,
       0.38808989, 0.35079602, 0.3293531 , 0.377     , 0.36725   ,
       0.38307692, 0.30860825, 0.32563536, 0.32768293, 0.34083333,
       0.371875  , 0.35915966, 0.33980822, 0.36885246, 0.38313253]), 'class_median_width_scaled': array([0.38 , 0.36 , 0.345, 0.38 , 0.34 , 0.33 , 0.34 , 0.33 , 0.38 ,
       0.17 , 0.38 , 0.395, 0.37 , 0.33 , 0.39 , 0.39 , 0.375, 0.36 ,
       0.38 , 0.39 , 0.37 , 0.38 , 0.3  , 0.4  , 0.31 , 0.32 , 0.39 ,
       0.375, 0.37 , 0.385, 0.39 , 0.395, 0.31 , 0.3  , 0.38 , 0.31 ,
       0.39 , 0.39 , 0.4  , 0.39 , 0.29 , 0.33 , 0.38 , 0.38 , 0.385,
       0.35 , 0.37 , 0.3  , 0.385, 0.38 , 0.39 , 0.34 , 0.36 , 0.3  ,
       0.37 , 0.3  , 0.37 , 0.39 , 0.35 , 0.39 , 0.36 , 0.37 , 0.375,
       0.39 , 0.32 , 0.32 , 0.35 , 0.355, 0.38 , 0.33 , 0.26 , 0.24 ,
       0.415, 0.37 , 0.36 , 0.12 , 0.12 , 0.09 , 0.405, 0.24 , 0.33 ,
       0.25 , 0.36 , 0.36 , 0.31 , 0.4  , 0.35 , 0.33 , 0.39 , 0.37 ,
       0.4  , 0.31 , 0.33 , 0.33 , 0.335, 0.38 , 0.37 , 0.34 , 0.38 ,
       0.38 ])}

split_conformal_raps_ExtraTrees full class metrics: {'class_coverage': array([0.8172043 , 0.68965517, 0.40909091, 0.66666667, 0.66666667,
       0.75324675, 0.671875  , 0.75925926, 0.40277778, 0.9321267 ,
       0.66666667, 0.38461538, 0.42857143, 0.9112426 , 0.58064516,
       0.75      , 0.76470588, 0.11111111, 0.79166667, 0.92517007,
       0.38461538, 0.71698113, 0.79881657, 0.37254902, 0.81896552,
       0.58695652, 0.45833333, 0.5       , 0.2173913 , 0.42307692,
       0.43243243, 0.75      , 0.97291196, 0.96571429, 0.75      ,
       0.95158598, 0.72222222, 0.4137931 , 0.775     , 0.57142857,
       0.80597015, 0.8220339 , 0.51282051, 0.76363636, 0.11904762,
       0.42592593, 0.42105263, 0.78481013, 0.71818182, 0.72413793,
       0.37037037, 0.954323  , 0.29166667, 0.94150418, 0.19047619,
       0.94252874, 0.84931507, 0.78947368, 0.63736264, 0.36842105,
       0.87958115, 0.69852941, 0.41176471, 0.625     , 0.70093458,
       0.53191489, 0.97471264, 0.82      , 0.61016949, 0.86153846,
       0.89380531, 0.86666667, 0.67857143, 0.41666667, 0.57798165,
       0.96721311, 0.97627965, 0.90980392, 0.52631579, 0.90697674,
       0.78787879, 0.85333333, 0.2173913 , 0.54285714, 0.81045752,
       0.5505618 , 0.87562189, 0.93261456, 0.67142857, 0.76875   ,
       0.19230769, 0.95876289, 0.9198895 , 0.5       , 0.38888889,
       0.71875   , 0.88655462, 0.94246575, 0.52459016, 0.60240964]), 'class_mean_width': array([36.93548387, 36.67241379, 34.54545455, 37.60416667, 33.77011494,
       33.90909091, 33.984375  , 33.17592593, 37.25      , 19.11538462,
       38.33333333, 37.46153846, 36.67857143, 33.47337278, 38.27419355,
       38.75      , 36.80392157, 35.17777778, 37.04861111, 37.72108844,
       36.16923077, 36.98113208, 30.20118343, 39.31372549, 30.61206897,
       33.06521739, 38.54166667, 36.33333333, 36.26086957, 39.46153846,
       38.08108108, 39.17647059, 30.24604966, 29.95428571, 37.81818182,
       31.21202003, 39.30555556, 37.13793103, 39.        , 37.92063492,
       29.47761194, 32.33050847, 37.8974359 , 36.70909091, 36.85714286,
       35.25925926, 37.02631579, 30.79746835, 38.14545455, 36.51724138,
       39.14814815, 33.84991843, 35.91666667, 30.16155989, 37.14285714,
       30.20306513, 36.51141553, 38.56578947, 35.43956044, 37.78947368,
       35.69633508, 36.58823529, 38.17647059, 38.61363636, 31.85046729,
       32.21276596, 35.1908046 , 34.8       , 36.49152542, 32.53846154,
       27.32743363, 25.43333333, 40.64285714, 36.66666667, 34.71559633,
       14.43715847, 14.04494382, 12.88235294, 38.86842105, 25.53488372,
       32.84848485, 27.52      , 35.15217391, 35.8       , 31.05882353,
       38.80898876, 35.07960199, 32.93530997, 37.7       , 36.725     ,
       38.30769231, 30.86082474, 32.56353591, 32.76829268, 34.08333333,
       37.1875    , 35.91596639, 33.98082192, 36.8852459 , 38.31325301]), 'class_median_width': array([38. , 36. , 34.5, 38. , 34. , 33. , 34. , 33. , 38. , 17. , 38. ,
       39.5, 37. , 33. , 39. , 39. , 37.5, 36. , 38. , 39. , 37. , 38. ,
       30. , 40. , 31. , 32. , 39. , 37.5, 37. , 38.5, 39. , 39.5, 31. ,
       30. , 38. , 31. , 39. , 39. , 40. , 39. , 29. , 33. , 38. , 38. ,
       38.5, 35. , 37. , 30. , 38.5, 38. , 39. , 34. , 36. , 30. , 37. ,
       30. , 37. , 39. , 35. , 39. , 36. , 37. , 37.5, 39. , 32. , 32. ,
       35. , 35.5, 38. , 33. , 26. , 24. , 41.5, 37. , 36. , 12. , 12. ,
        9. , 40.5, 24. , 33. , 25. , 36. , 36. , 31. , 40. , 35. , 33. ,
       39. , 37. , 40. , 31. , 33. , 33. , 33.5, 38. , 37. , 34. , 38. ,
       38. ]), 'class_mean_width_scaled': array([0.36935484, 0.36672414, 0.34545455, 0.37604167, 0.33770115,
       0.33909091, 0.33984375, 0.33175926, 0.3725    , 0.19115385,
       0.38333333, 0.37461538, 0.36678571, 0.33473373, 0.38274194,
       0.3875    , 0.36803922, 0.35177778, 0.37048611, 0.37721088,
       0.36169231, 0.36981132, 0.30201183, 0.39313725, 0.30612069,
       0.33065217, 0.38541667, 0.36333333, 0.3626087 , 0.39461538,
       0.38081081, 0.39176471, 0.3024605 , 0.29954286, 0.37818182,
       0.3121202 , 0.39305556, 0.37137931, 0.39      , 0.37920635,
       0.29477612, 0.32330508, 0.37897436, 0.36709091, 0.36857143,
       0.35259259, 0.37026316, 0.30797468, 0.38145455, 0.36517241,
       0.39148148, 0.33849918, 0.35916667, 0.3016156 , 0.37142857,
       0.30203065, 0.36511416, 0.38565789, 0.3543956 , 0.37789474,
       0.35696335, 0.36588235, 0.38176471, 0.38613636, 0.31850467,
       0.32212766, 0.35190805, 0.348     , 0.36491525, 0.32538462,
       0.27327434, 0.25433333, 0.40642857, 0.36666667, 0.34715596,
       0.14437158, 0.14044944, 0.12882353, 0.38868421, 0.25534884,
       0.32848485, 0.2752    , 0.35152174, 0.358     , 0.31058824,
       0.38808989, 0.35079602, 0.3293531 , 0.377     , 0.36725   ,
       0.38307692, 0.30860825, 0.32563536, 0.32768293, 0.34083333,
       0.371875  , 0.35915966, 0.33980822, 0.36885246, 0.38313253]), 'class_median_width_scaled': array([0.38 , 0.36 , 0.345, 0.38 , 0.34 , 0.33 , 0.34 , 0.33 , 0.38 ,
       0.17 , 0.38 , 0.395, 0.37 , 0.33 , 0.39 , 0.39 , 0.375, 0.36 ,
       0.38 , 0.39 , 0.37 , 0.38 , 0.3  , 0.4  , 0.31 , 0.32 , 0.39 ,
       0.375, 0.37 , 0.385, 0.39 , 0.395, 0.31 , 0.3  , 0.38 , 0.31 ,
       0.39 , 0.39 , 0.4  , 0.39 , 0.29 , 0.33 , 0.38 , 0.38 , 0.385,
       0.35 , 0.37 , 0.3  , 0.385, 0.38 , 0.39 , 0.34 , 0.36 , 0.3  ,
       0.37 , 0.3  , 0.37 , 0.39 , 0.35 , 0.39 , 0.36 , 0.37 , 0.375,
       0.39 , 0.32 , 0.32 , 0.35 , 0.355, 0.38 , 0.33 , 0.26 , 0.24 ,
       0.415, 0.37 , 0.36 , 0.12 , 0.12 , 0.09 , 0.405, 0.24 , 0.33 ,
       0.25 , 0.36 , 0.36 , 0.31 , 0.4  , 0.35 , 0.33 , 0.39 , 0.37 ,
       0.4  , 0.31 , 0.33 , 0.33 , 0.335, 0.38 , 0.37 , 0.34 , 0.38 ,
       0.38 ])}

Job completed at Wed Mar 19 06:23:12 PM PDT 2025
