Starting job at Wed Mar 19 06:23:34 PM PDT 2025
Job parameters:
Dataset: data_helena
UQ Method: split_conformal_raps
Estimator: ExtraTrees
Seed: 784
Train Size: 0.8
Running split_conformal_raps on data_helena with seed 784 and train size 0.8

starting experiment

data created

Fitting split_conformal_raps_ExtraTrees on data_helena with seed 784

split_conformal_raps_ExtraTrees metrics: {'coverage': np.float64(0.8209355828220859), 'mean_width': np.float64(31.98121165644172), 'median_width': np.float64(34.0), 'mean_width_scaled': np.float64(0.3198121165644172), 'median_width_scaled': np.float64(0.34)}

split_conformal_raps_ExtraTrees full metrics: {'coverage': np.float64(0.8209355828220859), 'mean_width': np.float64(31.98121165644172), 'median_width': np.float64(34.0), 'mean_width_scaled': np.float64(0.3198121165644172), 'median_width_scaled': np.float64(0.34)}

split_conformal_raps_ExtraTrees class metrics: {'class_coverage': array([0.84946237, 0.65517241, 0.54545455, 0.58333333, 0.67816092,
       0.83116883, 0.609375  , 0.81481481, 0.41666667, 0.92760181,
       0.26666667, 0.34615385, 0.53571429, 0.80473373, 0.61290323,
       0.69230769, 0.81372549, 0.31111111, 0.75      , 0.93877551,
       0.36923077, 0.67924528, 0.79881657, 0.39215686, 0.68103448,
       0.41304348, 0.625     , 0.41666667, 0.43478261, 0.42307692,
       0.48648649, 0.58823529, 0.97065463, 0.96761905, 0.68181818,
       0.96828047, 0.61111111, 0.13793103, 0.74166667, 0.58730159,
       0.85074627, 0.81355932, 0.46153846, 0.78181818, 0.28571429,
       0.53703704, 0.21052632, 0.78481013, 0.77272727, 0.79310345,
       0.37037037, 0.95921697, 0.20833333, 0.94428969, 0.16666667,
       0.91954023, 0.81278539, 0.64473684, 0.79120879, 0.28947368,
       0.88481675, 0.78676471, 0.32352941, 0.51136364, 0.62616822,
       0.5106383 , 0.95632184, 0.72      , 0.57627119, 0.86153846,
       0.85840708, 0.78333333, 0.64285714, 0.20833333, 0.67889908,
       0.96448087, 0.97378277, 0.92156863, 0.57894737, 0.93023256,
       0.81818182, 0.84      , 0.34782609, 0.37142857, 0.73202614,
       0.53932584, 0.89054726, 0.9541779 , 0.57142857, 0.8       ,
       0.42307692, 0.94329897, 0.91160221, 0.40243902, 0.58333333,
       0.6875    , 0.86134454, 0.95068493, 0.60655738, 0.62650602]), 'class_mean_width': array([37.31182796, 35.        , 35.81818182, 39.61458333, 33.45977011,
       32.37662338, 36.171875  , 35.12037037, 37.625     , 19.87330317,
       39.68888889, 38.        , 37.85714286, 34.08284024, 37.93548387,
       37.94230769, 37.64705882, 37.15555556, 37.47222222, 37.29251701,
       37.61538462, 40.73584906, 31.19526627, 39.8627451 , 32.99137931,
       36.56521739, 40.83333333, 38.25      , 36.60869565, 39.80769231,
       39.24324324, 39.79411765, 30.9006772 , 30.94095238, 38.85227273,
       31.5509182 , 39.30555556, 37.86206897, 38.76666667, 38.93650794,
       31.55223881, 33.41525424, 38.46153846, 37.54545455, 37.73809524,
       36.88888889, 39.34210526, 30.87341772, 38.75454545, 37.34482759,
       38.88888889, 34.24306688, 38.5       , 31.84401114, 39.64285714,
       30.23754789, 37.67579909, 37.98684211, 36.41758242, 38.81578947,
       37.14136126, 36.38235294, 38.35294118, 39.57954545, 33.1682243 ,
       30.74468085, 35.09195402, 35.38      , 36.81355932, 33.98461538,
       28.23893805, 25.46666667, 42.32142857, 36.20833333, 34.03669725,
       15.15027322, 14.7627965 , 12.69411765, 37.76315789, 28.95348837,
       34.51515152, 29.25333333, 37.        , 37.05714286, 31.81045752,
       38.25842697, 36.14925373, 33.95148248, 37.        , 36.73125   ,
       40.03846154, 32.36082474, 34.43646409, 33.84146341, 34.55555556,
       37.96875   , 37.13865546, 34.3260274 , 38.06557377, 38.8313253 ]), 'class_median_width': array([38. , 35. , 35. , 40. , 35. , 33. , 36. , 34. , 38. , 18. , 39. ,
       38.5, 37. , 34. , 38.5, 39. , 38. , 38. , 39. , 38. , 38. , 41. ,
       31. , 40. , 33. , 38. , 41. , 40. , 38. , 40.5, 40. , 41. , 31. ,
       31. , 40. , 31. , 39.5, 39. , 39. , 40. , 31. , 33. , 39. , 38. ,
       39. , 36.5, 39.5, 31. , 39. , 38. , 39. , 35. , 39. , 32. , 40. ,
       30. , 39. , 39.5, 37. , 40. , 38. , 37. , 38. , 40. , 33. , 30. ,
       35. , 36. , 37. , 34. , 27. , 24. , 43. , 37.5, 34. , 13. , 13. ,
        9. , 38. , 28. , 35. , 28. , 38. , 36. , 32. , 39. , 36. , 34. ,
       37. , 37. , 40.5, 32. , 35. , 33.5, 34.5, 38. , 38. , 34. , 39. ,
       39. ]), 'class_mean_width_scaled': array([0.37311828, 0.35      , 0.35818182, 0.39614583, 0.3345977 ,
       0.32376623, 0.36171875, 0.3512037 , 0.37625   , 0.19873303,
       0.39688889, 0.38      , 0.37857143, 0.3408284 , 0.37935484,
       0.37942308, 0.37647059, 0.37155556, 0.37472222, 0.37292517,
       0.37615385, 0.40735849, 0.31195266, 0.39862745, 0.32991379,
       0.36565217, 0.40833333, 0.3825    , 0.36608696, 0.39807692,
       0.39243243, 0.39794118, 0.30900677, 0.30940952, 0.38852273,
       0.31550918, 0.39305556, 0.37862069, 0.38766667, 0.38936508,
       0.31552239, 0.33415254, 0.38461538, 0.37545455, 0.37738095,
       0.36888889, 0.39342105, 0.30873418, 0.38754545, 0.37344828,
       0.38888889, 0.34243067, 0.385     , 0.31844011, 0.39642857,
       0.30237548, 0.37675799, 0.37986842, 0.36417582, 0.38815789,
       0.37141361, 0.36382353, 0.38352941, 0.39579545, 0.33168224,
       0.30744681, 0.35091954, 0.3538    , 0.36813559, 0.33984615,
       0.28238938, 0.25466667, 0.42321429, 0.36208333, 0.34036697,
       0.15150273, 0.14762797, 0.12694118, 0.37763158, 0.28953488,
       0.34515152, 0.29253333, 0.37      , 0.37057143, 0.31810458,
       0.38258427, 0.36149254, 0.33951482, 0.37      , 0.3673125 ,
       0.40038462, 0.32360825, 0.34436464, 0.33841463, 0.34555556,
       0.3796875 , 0.37138655, 0.34326027, 0.38065574, 0.38831325]), 'class_median_width_scaled': array([0.38 , 0.35 , 0.35 , 0.4  , 0.35 , 0.33 , 0.36 , 0.34 , 0.38 ,
       0.18 , 0.39 , 0.385, 0.37 , 0.34 , 0.385, 0.39 , 0.38 , 0.38 ,
       0.39 , 0.38 , 0.38 , 0.41 , 0.31 , 0.4  , 0.33 , 0.38 , 0.41 ,
       0.4  , 0.38 , 0.405, 0.4  , 0.41 , 0.31 , 0.31 , 0.4  , 0.31 ,
       0.395, 0.39 , 0.39 , 0.4  , 0.31 , 0.33 , 0.39 , 0.38 , 0.39 ,
       0.365, 0.395, 0.31 , 0.39 , 0.38 , 0.39 , 0.35 , 0.39 , 0.32 ,
       0.4  , 0.3  , 0.39 , 0.395, 0.37 , 0.4  , 0.38 , 0.37 , 0.38 ,
       0.4  , 0.33 , 0.3  , 0.35 , 0.36 , 0.37 , 0.34 , 0.27 , 0.24 ,
       0.43 , 0.375, 0.34 , 0.13 , 0.13 , 0.09 , 0.38 , 0.28 , 0.35 ,
       0.28 , 0.38 , 0.36 , 0.32 , 0.39 , 0.36 , 0.34 , 0.37 , 0.37 ,
       0.405, 0.32 , 0.35 , 0.335, 0.345, 0.38 , 0.38 , 0.34 , 0.39 ,
       0.39 ])}

split_conformal_raps_ExtraTrees full class metrics: {'class_coverage': array([0.84946237, 0.65517241, 0.54545455, 0.58333333, 0.67816092,
       0.83116883, 0.609375  , 0.81481481, 0.41666667, 0.92760181,
       0.26666667, 0.34615385, 0.53571429, 0.80473373, 0.61290323,
       0.69230769, 0.81372549, 0.31111111, 0.75      , 0.93877551,
       0.36923077, 0.67924528, 0.79881657, 0.39215686, 0.68103448,
       0.41304348, 0.625     , 0.41666667, 0.43478261, 0.42307692,
       0.48648649, 0.58823529, 0.97065463, 0.96761905, 0.68181818,
       0.96828047, 0.61111111, 0.13793103, 0.74166667, 0.58730159,
       0.85074627, 0.81355932, 0.46153846, 0.78181818, 0.28571429,
       0.53703704, 0.21052632, 0.78481013, 0.77272727, 0.79310345,
       0.37037037, 0.95921697, 0.20833333, 0.94428969, 0.16666667,
       0.91954023, 0.81278539, 0.64473684, 0.79120879, 0.28947368,
       0.88481675, 0.78676471, 0.32352941, 0.51136364, 0.62616822,
       0.5106383 , 0.95632184, 0.72      , 0.57627119, 0.86153846,
       0.85840708, 0.78333333, 0.64285714, 0.20833333, 0.67889908,
       0.96448087, 0.97378277, 0.92156863, 0.57894737, 0.93023256,
       0.81818182, 0.84      , 0.34782609, 0.37142857, 0.73202614,
       0.53932584, 0.89054726, 0.9541779 , 0.57142857, 0.8       ,
       0.42307692, 0.94329897, 0.91160221, 0.40243902, 0.58333333,
       0.6875    , 0.86134454, 0.95068493, 0.60655738, 0.62650602]), 'class_mean_width': array([37.31182796, 35.        , 35.81818182, 39.61458333, 33.45977011,
       32.37662338, 36.171875  , 35.12037037, 37.625     , 19.87330317,
       39.68888889, 38.        , 37.85714286, 34.08284024, 37.93548387,
       37.94230769, 37.64705882, 37.15555556, 37.47222222, 37.29251701,
       37.61538462, 40.73584906, 31.19526627, 39.8627451 , 32.99137931,
       36.56521739, 40.83333333, 38.25      , 36.60869565, 39.80769231,
       39.24324324, 39.79411765, 30.9006772 , 30.94095238, 38.85227273,
       31.5509182 , 39.30555556, 37.86206897, 38.76666667, 38.93650794,
       31.55223881, 33.41525424, 38.46153846, 37.54545455, 37.73809524,
       36.88888889, 39.34210526, 30.87341772, 38.75454545, 37.34482759,
       38.88888889, 34.24306688, 38.5       , 31.84401114, 39.64285714,
       30.23754789, 37.67579909, 37.98684211, 36.41758242, 38.81578947,
       37.14136126, 36.38235294, 38.35294118, 39.57954545, 33.1682243 ,
       30.74468085, 35.09195402, 35.38      , 36.81355932, 33.98461538,
       28.23893805, 25.46666667, 42.32142857, 36.20833333, 34.03669725,
       15.15027322, 14.7627965 , 12.69411765, 37.76315789, 28.95348837,
       34.51515152, 29.25333333, 37.        , 37.05714286, 31.81045752,
       38.25842697, 36.14925373, 33.95148248, 37.        , 36.73125   ,
       40.03846154, 32.36082474, 34.43646409, 33.84146341, 34.55555556,
       37.96875   , 37.13865546, 34.3260274 , 38.06557377, 38.8313253 ]), 'class_median_width': array([38. , 35. , 35. , 40. , 35. , 33. , 36. , 34. , 38. , 18. , 39. ,
       38.5, 37. , 34. , 38.5, 39. , 38. , 38. , 39. , 38. , 38. , 41. ,
       31. , 40. , 33. , 38. , 41. , 40. , 38. , 40.5, 40. , 41. , 31. ,
       31. , 40. , 31. , 39.5, 39. , 39. , 40. , 31. , 33. , 39. , 38. ,
       39. , 36.5, 39.5, 31. , 39. , 38. , 39. , 35. , 39. , 32. , 40. ,
       30. , 39. , 39.5, 37. , 40. , 38. , 37. , 38. , 40. , 33. , 30. ,
       35. , 36. , 37. , 34. , 27. , 24. , 43. , 37.5, 34. , 13. , 13. ,
        9. , 38. , 28. , 35. , 28. , 38. , 36. , 32. , 39. , 36. , 34. ,
       37. , 37. , 40.5, 32. , 35. , 33.5, 34.5, 38. , 38. , 34. , 39. ,
       39. ]), 'class_mean_width_scaled': array([0.37311828, 0.35      , 0.35818182, 0.39614583, 0.3345977 ,
       0.32376623, 0.36171875, 0.3512037 , 0.37625   , 0.19873303,
       0.39688889, 0.38      , 0.37857143, 0.3408284 , 0.37935484,
       0.37942308, 0.37647059, 0.37155556, 0.37472222, 0.37292517,
       0.37615385, 0.40735849, 0.31195266, 0.39862745, 0.32991379,
       0.36565217, 0.40833333, 0.3825    , 0.36608696, 0.39807692,
       0.39243243, 0.39794118, 0.30900677, 0.30940952, 0.38852273,
       0.31550918, 0.39305556, 0.37862069, 0.38766667, 0.38936508,
       0.31552239, 0.33415254, 0.38461538, 0.37545455, 0.37738095,
       0.36888889, 0.39342105, 0.30873418, 0.38754545, 0.37344828,
       0.38888889, 0.34243067, 0.385     , 0.31844011, 0.39642857,
       0.30237548, 0.37675799, 0.37986842, 0.36417582, 0.38815789,
       0.37141361, 0.36382353, 0.38352941, 0.39579545, 0.33168224,
       0.30744681, 0.35091954, 0.3538    , 0.36813559, 0.33984615,
       0.28238938, 0.25466667, 0.42321429, 0.36208333, 0.34036697,
       0.15150273, 0.14762797, 0.12694118, 0.37763158, 0.28953488,
       0.34515152, 0.29253333, 0.37      , 0.37057143, 0.31810458,
       0.38258427, 0.36149254, 0.33951482, 0.37      , 0.3673125 ,
       0.40038462, 0.32360825, 0.34436464, 0.33841463, 0.34555556,
       0.3796875 , 0.37138655, 0.34326027, 0.38065574, 0.38831325]), 'class_median_width_scaled': array([0.38 , 0.35 , 0.35 , 0.4  , 0.35 , 0.33 , 0.36 , 0.34 , 0.38 ,
       0.18 , 0.39 , 0.385, 0.37 , 0.34 , 0.385, 0.39 , 0.38 , 0.38 ,
       0.39 , 0.38 , 0.38 , 0.41 , 0.31 , 0.4  , 0.33 , 0.38 , 0.41 ,
       0.4  , 0.38 , 0.405, 0.4  , 0.41 , 0.31 , 0.31 , 0.4  , 0.31 ,
       0.395, 0.39 , 0.39 , 0.4  , 0.31 , 0.33 , 0.39 , 0.38 , 0.39 ,
       0.365, 0.395, 0.31 , 0.39 , 0.38 , 0.39 , 0.35 , 0.39 , 0.32 ,
       0.4  , 0.3  , 0.39 , 0.395, 0.37 , 0.4  , 0.38 , 0.37 , 0.38 ,
       0.4  , 0.33 , 0.3  , 0.35 , 0.36 , 0.37 , 0.34 , 0.27 , 0.24 ,
       0.43 , 0.375, 0.34 , 0.13 , 0.13 , 0.09 , 0.38 , 0.28 , 0.35 ,
       0.28 , 0.38 , 0.36 , 0.32 , 0.39 , 0.36 , 0.34 , 0.37 , 0.37 ,
       0.405, 0.32 , 0.35 , 0.335, 0.345, 0.38 , 0.38 , 0.34 , 0.39 ,
       0.39 ])}

Job completed at Wed Mar 19 06:23:40 PM PDT 2025
