Starting job at Thu Mar 20 05:03:55 PM PDT 2025
Job parameters:
Dataset: data_yeast
UQ Method: pcs_oob
Estimator: HistGradientBoosting
Seed: 778
Train Size: 0.8
Running pcs_oob on data_yeast with seed 778 and train size 0.8

starting experiment

data created

Fitting pcs_oob on data_yeast with seed 778

Finished training RandomForest models
number of classes 10
correct_indices: [0 1 2 ... 0 0 0]
pcs_oob metrics: {'coverage': np.float64(0.9124579124579124), 'mean_width': np.float64(2.4545454545454546), 'median_width': np.float64(2.0), 'mean_width_scaled': np.float64(0.24545454545454545), 'median_width_scaled': np.float64(0.2)}

pcs_oob full metrics: {'coverage': np.float64(0.9124579124579124), 'mean_width': np.float64(2.4545454545454546), 'median_width': np.float64(2.0), 'mean_width_scaled': np.float64(0.24545454545454545), 'median_width_scaled': np.float64(0.2)}

pcs_oob class metrics: {'class_coverage': array([0.96774194, 0.        , 0.71428571, 1.        , 0.7       ,
       0.96875   , 0.89795918, 0.96511628, 0.5       , 0.        ]), 'class_mean_width': array([2.33333333, 3.        , 3.        , 3.        , 3.        ,
       2.59375   , 2.32653061, 2.40697674, 3.        , 2.5       ]), 'class_median_width': array([2. , 3. , 3. , 3. , 3. , 3. , 2. , 2. , 3. , 2.5]), 'class_mean_width_scaled': array([0.23333333, 0.3       , 0.3       , 0.3       , 0.3       ,
       0.259375  , 0.23265306, 0.24069767, 0.3       , 0.25      ]), 'class_median_width_scaled': array([0.2 , 0.3 , 0.3 , 0.3 , 0.3 , 0.3 , 0.2 , 0.2 , 0.3 , 0.25])}

pcs_oob full class metrics: {'class_coverage': array([0.96774194, 0.        , 0.71428571, 1.        , 0.7       ,
       0.96875   , 0.89795918, 0.96511628, 0.5       , 0.        ]), 'class_mean_width': array([2.33333333, 3.        , 3.        , 3.        , 3.        ,
       2.59375   , 2.32653061, 2.40697674, 3.        , 2.5       ]), 'class_median_width': array([2. , 3. , 3. , 3. , 3. , 3. , 2. , 2. , 3. , 2.5]), 'class_mean_width_scaled': array([0.23333333, 0.3       , 0.3       , 0.3       , 0.3       ,
       0.259375  , 0.23265306, 0.24069767, 0.3       , 0.25      ]), 'class_median_width_scaled': array([0.2 , 0.3 , 0.3 , 0.3 , 0.3 , 0.3 , 0.2 , 0.2 , 0.3 , 0.25])}

Job completed at Thu Mar 20 05:05:52 PM PDT 2025
