Starting job at Thu Mar 20 05:03:56 PM PDT 2025
Job parameters:
Dataset: data_yeast
UQ Method: pcs_oob
Estimator: HistGradientBoosting
Seed: 782
Train Size: 0.8
Running pcs_oob on data_yeast with seed 782 and train size 0.8

starting experiment

data created

Fitting pcs_oob on data_yeast with seed 782

Finished training RandomForest models
number of classes 10
correct_indices: [0 1 1 ... 1 1 0]
pcs_oob metrics: {'coverage': np.float64(0.9023569023569024), 'mean_width': np.float64(2.5185185185185186), 'median_width': np.float64(3.0), 'mean_width_scaled': np.float64(0.2518518518518519), 'median_width_scaled': np.float64(0.3)}

pcs_oob full metrics: {'coverage': np.float64(0.9023569023569024), 'mean_width': np.float64(2.5185185185185186), 'median_width': np.float64(3.0), 'mean_width_scaled': np.float64(0.2518518518518519), 'median_width_scaled': np.float64(0.3)}

pcs_oob class metrics: {'class_coverage': array([1.        , 0.        , 0.71428571, 0.88888889, 0.5       ,
       0.9375    , 0.87755102, 0.95348837, 0.25      , 0.16666667]), 'class_mean_width': array([2.44086022, 3.        , 2.85714286, 3.        , 3.        ,
       2.53125   , 2.6122449 , 2.37209302, 3.        , 2.66666667]), 'class_median_width': array([2., 3., 3., 3., 3., 3., 3., 2., 3., 3.]), 'class_mean_width_scaled': array([0.24408602, 0.3       , 0.28571429, 0.3       , 0.3       ,
       0.253125  , 0.26122449, 0.2372093 , 0.3       , 0.26666667]), 'class_median_width_scaled': array([0.2, 0.3, 0.3, 0.3, 0.3, 0.3, 0.3, 0.2, 0.3, 0.3])}

pcs_oob full class metrics: {'class_coverage': array([1.        , 0.        , 0.71428571, 0.88888889, 0.5       ,
       0.9375    , 0.87755102, 0.95348837, 0.25      , 0.16666667]), 'class_mean_width': array([2.44086022, 3.        , 2.85714286, 3.        , 3.        ,
       2.53125   , 2.6122449 , 2.37209302, 3.        , 2.66666667]), 'class_median_width': array([2., 3., 3., 3., 3., 3., 3., 2., 3., 3.]), 'class_mean_width_scaled': array([0.24408602, 0.3       , 0.28571429, 0.3       , 0.3       ,
       0.253125  , 0.26122449, 0.2372093 , 0.3       , 0.26666667]), 'class_median_width_scaled': array([0.2, 0.3, 0.3, 0.3, 0.3, 0.3, 0.3, 0.2, 0.3, 0.3])}

Job completed at Thu Mar 20 05:05:15 PM PDT 2025
