Starting job at Wed Mar 19 08:21:09 PM PDT 2025
Job parameters:
Dataset: data_walking
UQ Method: split_conformal_raps
Estimator: AdaBoost
Seed: 785
Train Size: 0.8
Running split_conformal_raps on data_walking with seed 785 and train size 0.8

starting experiment

data created

Fitting split_conformal_raps_AdaBoost on data_walking with seed 785

split_conformal_raps_AdaBoost metrics: {'coverage': np.float64(0.9065), 'mean_width': np.float64(12.8315), 'median_width': np.float64(13.0), 'mean_width_scaled': np.float64(0.58325), 'median_width_scaled': np.float64(0.5909090909090909)}

split_conformal_raps_AdaBoost full metrics: {'coverage': np.float64(0.9065), 'mean_width': np.float64(12.8315), 'median_width': np.float64(13.0), 'mean_width_scaled': np.float64(0.58325), 'median_width_scaled': np.float64(0.5909090909090909)}

split_conformal_raps_AdaBoost class metrics: {'class_coverage': array([0.87096774, 0.73333333, 0.92929293, 0.9380531 , 0.97333333,
       0.28776978, 0.99688474, 0.96891192, 0.89219331, 0.99585921,
       1.        , 0.51351351, 0.65217391, 0.82013575, 0.97961631,
       0.88235294, 0.98531571, 0.87903226, 0.92051282, 0.94230769,
       0.95652174, 0.80357143]), 'class_mean_width': array([13.        ,  9.8       , 13.        , 12.7699115 , 12.85333333,
       12.91366906, 12.96884735, 12.93782383, 12.96282528, 13.        ,
       13.        , 13.10810811, 13.        , 12.35746606, 12.91606715,
       12.76470588, 12.94713656, 13.        , 12.94615385, 13.        ,
       13.        , 12.96428571]), 'class_median_width': array([13., 13., 13., 13., 13., 13., 13., 13., 13., 13., 13., 13., 13.,
       13., 13., 13., 13., 13., 13., 13., 13., 13.]), 'class_mean_width_scaled': array([0.59090909, 0.44545455, 0.59090909, 0.58045052, 0.58424242,
       0.58698496, 0.58949306, 0.5880829 , 0.58921933, 0.59090909,
       0.59090909, 0.5958231 , 0.59090909, 0.561703  , 0.58709396,
       0.5802139 , 0.58850621, 0.59090909, 0.58846154, 0.59090909,
       0.59090909, 0.58928571]), 'class_median_width_scaled': array([0.59090909, 0.59090909, 0.59090909, 0.59090909, 0.59090909,
       0.59090909, 0.59090909, 0.59090909, 0.59090909, 0.59090909,
       0.59090909, 0.59090909, 0.59090909, 0.59090909, 0.59090909,
       0.59090909, 0.59090909, 0.59090909, 0.59090909, 0.59090909,
       0.59090909, 0.59090909])}

split_conformal_raps_AdaBoost full class metrics: {'class_coverage': array([0.87096774, 0.73333333, 0.92929293, 0.9380531 , 0.97333333,
       0.28776978, 0.99688474, 0.96891192, 0.89219331, 0.99585921,
       1.        , 0.51351351, 0.65217391, 0.82013575, 0.97961631,
       0.88235294, 0.98531571, 0.87903226, 0.92051282, 0.94230769,
       0.95652174, 0.80357143]), 'class_mean_width': array([13.        ,  9.8       , 13.        , 12.7699115 , 12.85333333,
       12.91366906, 12.96884735, 12.93782383, 12.96282528, 13.        ,
       13.        , 13.10810811, 13.        , 12.35746606, 12.91606715,
       12.76470588, 12.94713656, 13.        , 12.94615385, 13.        ,
       13.        , 12.96428571]), 'class_median_width': array([13., 13., 13., 13., 13., 13., 13., 13., 13., 13., 13., 13., 13.,
       13., 13., 13., 13., 13., 13., 13., 13., 13.]), 'class_mean_width_scaled': array([0.59090909, 0.44545455, 0.59090909, 0.58045052, 0.58424242,
       0.58698496, 0.58949306, 0.5880829 , 0.58921933, 0.59090909,
       0.59090909, 0.5958231 , 0.59090909, 0.561703  , 0.58709396,
       0.5802139 , 0.58850621, 0.59090909, 0.58846154, 0.59090909,
       0.59090909, 0.58928571]), 'class_median_width_scaled': array([0.59090909, 0.59090909, 0.59090909, 0.59090909, 0.59090909,
       0.59090909, 0.59090909, 0.59090909, 0.59090909, 0.59090909,
       0.59090909, 0.59090909, 0.59090909, 0.59090909, 0.59090909,
       0.59090909, 0.59090909, 0.59090909, 0.59090909, 0.59090909,
       0.59090909, 0.59090909])}

Job completed at Wed Mar 19 08:21:12 PM PDT 2025
