Starting job at Wed Mar 19 06:24:23 PM PDT 2025
Job parameters:
Dataset: data_walking
UQ Method: split_conformal_raps
Estimator: AdaBoost
Seed: 784
Train Size: 0.8
Running split_conformal_raps on data_walking with seed 784 and train size 0.8

starting experiment

data created

Fitting split_conformal_raps_AdaBoost on data_walking with seed 784

split_conformal_raps_AdaBoost metrics: {'coverage': np.float64(0.895), 'mean_width': np.float64(10.414333333333333), 'median_width': np.float64(11.0), 'mean_width_scaled': np.float64(0.4733787878787879), 'median_width_scaled': np.float64(0.5)}

split_conformal_raps_AdaBoost full metrics: {'coverage': np.float64(0.895), 'mean_width': np.float64(10.414333333333333), 'median_width': np.float64(11.0), 'mean_width_scaled': np.float64(0.4733787878787879), 'median_width_scaled': np.float64(0.5)}

split_conformal_raps_AdaBoost class metrics: {'class_coverage': array([0.91935484, 0.71111111, 0.94949495, 0.7300885 , 0.98      ,
       0.8705036 , 0.95015576, 0.58549223, 0.46468401, 0.88198758,
       1.        , 0.78378378, 0.92753623, 0.96945701, 0.93165468,
       0.93137255, 0.97063142, 0.88709677, 0.94871795, 0.85897436,
       1.        , 0.88928571]), 'class_mean_width': array([10.93548387, 11.        , 11.01515152, 10.92477876, 11.        ,
       11.01438849, 10.89719626, 10.96891192, 10.866171  , 10.3436853 ,
       10.97278912, 11.        , 11.24637681,  9.92307692,  9.40167866,
       10.95098039, 10.72393539, 11.07258065,  9.80769231, 11.03205128,
       11.        , 10.35357143]), 'class_median_width': array([11., 11., 11., 11., 11., 11., 11., 11., 11., 11., 11., 11., 11.,
       11., 10., 11., 11., 11., 11., 11., 11., 11.]), 'class_mean_width_scaled': array([0.49706745, 0.5       , 0.50068871, 0.49658085, 0.5       ,
       0.50065402, 0.4953271 , 0.49858691, 0.49391686, 0.47016751,
       0.49876314, 0.5       , 0.51119895, 0.45104895, 0.42734903,
       0.49777184, 0.48745161, 0.50329912, 0.4458042 , 0.50145688,
       0.5       , 0.47061688]), 'class_median_width_scaled': array([0.5       , 0.5       , 0.5       , 0.5       , 0.5       ,
       0.5       , 0.5       , 0.5       , 0.5       , 0.5       ,
       0.5       , 0.5       , 0.5       , 0.5       , 0.45454545,
       0.5       , 0.5       , 0.5       , 0.5       , 0.5       ,
       0.5       , 0.5       ])}

split_conformal_raps_AdaBoost full class metrics: {'class_coverage': array([0.91935484, 0.71111111, 0.94949495, 0.7300885 , 0.98      ,
       0.8705036 , 0.95015576, 0.58549223, 0.46468401, 0.88198758,
       1.        , 0.78378378, 0.92753623, 0.96945701, 0.93165468,
       0.93137255, 0.97063142, 0.88709677, 0.94871795, 0.85897436,
       1.        , 0.88928571]), 'class_mean_width': array([10.93548387, 11.        , 11.01515152, 10.92477876, 11.        ,
       11.01438849, 10.89719626, 10.96891192, 10.866171  , 10.3436853 ,
       10.97278912, 11.        , 11.24637681,  9.92307692,  9.40167866,
       10.95098039, 10.72393539, 11.07258065,  9.80769231, 11.03205128,
       11.        , 10.35357143]), 'class_median_width': array([11., 11., 11., 11., 11., 11., 11., 11., 11., 11., 11., 11., 11.,
       11., 10., 11., 11., 11., 11., 11., 11., 11.]), 'class_mean_width_scaled': array([0.49706745, 0.5       , 0.50068871, 0.49658085, 0.5       ,
       0.50065402, 0.4953271 , 0.49858691, 0.49391686, 0.47016751,
       0.49876314, 0.5       , 0.51119895, 0.45104895, 0.42734903,
       0.49777184, 0.48745161, 0.50329912, 0.4458042 , 0.50145688,
       0.5       , 0.47061688]), 'class_median_width_scaled': array([0.5       , 0.5       , 0.5       , 0.5       , 0.5       ,
       0.5       , 0.5       , 0.5       , 0.5       , 0.5       ,
       0.5       , 0.5       , 0.5       , 0.5       , 0.45454545,
       0.5       , 0.5       , 0.5       , 0.5       , 0.5       ,
       0.5       , 0.5       ])}

Job completed at Wed Mar 19 06:24:26 PM PDT 2025
