Starting job at Wed Mar 19 08:21:05 PM PDT 2025
Job parameters:
Dataset: data_walking
UQ Method: split_conformal_raps
Estimator: AdaBoost
Seed: 780
Train Size: 0.8
Running split_conformal_raps on data_walking with seed 780 and train size 0.8

starting experiment

data created

Fitting split_conformal_raps_AdaBoost on data_walking with seed 780

split_conformal_raps_AdaBoost metrics: {'coverage': np.float64(0.903), 'mean_width': np.float64(10.460833333333333), 'median_width': np.float64(13.0), 'mean_width_scaled': np.float64(0.47549242424242427), 'median_width_scaled': np.float64(0.5909090909090909)}

split_conformal_raps_AdaBoost full metrics: {'coverage': np.float64(0.903), 'mean_width': np.float64(10.460833333333333), 'median_width': np.float64(13.0), 'mean_width_scaled': np.float64(0.47549242424242427), 'median_width_scaled': np.float64(0.5909090909090909)}

split_conformal_raps_AdaBoost class metrics: {'class_coverage': array([0.61290323, 0.93333333, 0.81313131, 1.        , 0.95333333,
       0.66906475, 0.93457944, 0.93782383, 0.88104089, 0.88198758,
       0.74829932, 0.97297297, 0.50724638, 0.99095023, 0.99040767,
       0.93137255, 0.84581498, 0.91935484, 0.76923077, 0.95512821,
       0.95652174, 0.98928571]), 'class_mean_width': array([13.28225806, 10.71111111, 13.38383838, 12.88938053, 13.34666667,
       13.24460432, 11.86604361, 12.42487047, 12.24907063,  9.56728778,
       13.42857143, 12.32432432, 13.65217391,  7.60746606,  7.74220624,
       12.71078431,  8.85609398, 13.62903226, 10.72307692, 13.59615385,
       13.69565217, 11.80714286]), 'class_median_width': array([14., 12., 14., 13., 14., 14., 13., 13., 13.,  8., 14., 12., 14.,
        6.,  7., 13.,  7., 14., 13., 14., 14., 13.]), 'class_mean_width_scaled': array([0.603739  , 0.48686869, 0.60835629, 0.58588093, 0.60666667,
       0.60202747, 0.53936562, 0.56476684, 0.55677594, 0.43487672,
       0.61038961, 0.56019656, 0.62055336, 0.34579391, 0.35191847,
       0.57776292, 0.40254973, 0.61950147, 0.48741259, 0.61800699,
       0.62252964, 0.53668831]), 'class_median_width_scaled': array([0.63636364, 0.54545455, 0.63636364, 0.59090909, 0.63636364,
       0.63636364, 0.59090909, 0.59090909, 0.59090909, 0.36363636,
       0.63636364, 0.54545455, 0.63636364, 0.27272727, 0.31818182,
       0.59090909, 0.31818182, 0.63636364, 0.59090909, 0.63636364,
       0.63636364, 0.59090909])}

split_conformal_raps_AdaBoost full class metrics: {'class_coverage': array([0.61290323, 0.93333333, 0.81313131, 1.        , 0.95333333,
       0.66906475, 0.93457944, 0.93782383, 0.88104089, 0.88198758,
       0.74829932, 0.97297297, 0.50724638, 0.99095023, 0.99040767,
       0.93137255, 0.84581498, 0.91935484, 0.76923077, 0.95512821,
       0.95652174, 0.98928571]), 'class_mean_width': array([13.28225806, 10.71111111, 13.38383838, 12.88938053, 13.34666667,
       13.24460432, 11.86604361, 12.42487047, 12.24907063,  9.56728778,
       13.42857143, 12.32432432, 13.65217391,  7.60746606,  7.74220624,
       12.71078431,  8.85609398, 13.62903226, 10.72307692, 13.59615385,
       13.69565217, 11.80714286]), 'class_median_width': array([14., 12., 14., 13., 14., 14., 13., 13., 13.,  8., 14., 12., 14.,
        6.,  7., 13.,  7., 14., 13., 14., 14., 13.]), 'class_mean_width_scaled': array([0.603739  , 0.48686869, 0.60835629, 0.58588093, 0.60666667,
       0.60202747, 0.53936562, 0.56476684, 0.55677594, 0.43487672,
       0.61038961, 0.56019656, 0.62055336, 0.34579391, 0.35191847,
       0.57776292, 0.40254973, 0.61950147, 0.48741259, 0.61800699,
       0.62252964, 0.53668831]), 'class_median_width_scaled': array([0.63636364, 0.54545455, 0.63636364, 0.59090909, 0.63636364,
       0.63636364, 0.59090909, 0.59090909, 0.59090909, 0.36363636,
       0.63636364, 0.54545455, 0.63636364, 0.27272727, 0.31818182,
       0.59090909, 0.31818182, 0.63636364, 0.59090909, 0.63636364,
       0.63636364, 0.59090909])}

Job completed at Wed Mar 19 08:21:07 PM PDT 2025
