Starting job at Wed Mar 19 06:20:29 PM PDT 2025
Job parameters:
Dataset: data_dionis
UQ Method: split_conformal_aps
Estimator: XGBoost
Seed: 784
Train Size: 0.8
Running split_conformal_aps on data_dionis with seed 784 and train size 0.8

starting experiment

data created

Fitting split_conformal_aps_XGBoost on data_dionis with seed 784

split_conformal_aps_XGBoost metrics: {'coverage': np.float64(0.8895), 'mean_width': np.float64(37.6685), 'median_width': np.float64(36.0), 'mean_width_scaled': np.float64(0.10610845070422535), 'median_width_scaled': np.float64(0.10140845070422536)}

split_conformal_aps_XGBoost full metrics: {'coverage': np.float64(0.8895), 'mean_width': np.float64(37.6685), 'median_width': np.float64(36.0), 'mean_width_scaled': np.float64(0.10610845070422535), 'median_width_scaled': np.float64(0.10140845070422536)}

split_conformal_aps_XGBoost class metrics: {'class_coverage': array([0.96428571, 0.8125    , 0.93333333, 0.95      , 0.96428571,
       0.86666667, 1.        , 0.8       , 0.93333333, 0.94444444,
       0.94444444, 0.93333333, 0.94444444, 1.        , 0.93333333,
       0.95      , 1.        , 1.        , 1.        , 0.6       ,
       0.93333333, 0.91666667, 1.        , 0.84210526, 0.9375    ,
       0.97222222, 0.96428571, 0.93333333, 0.92307692, 0.88888889,
       1.        , 1.        , 0.88235294, 0.8       , 0.86666667,
       1.        , 1.        , 0.8       , 0.92857143, 0.9375    ,
       0.6875    , 0.9375    , 0.94117647, 0.8       , 0.93333333,
       0.93333333, 0.83333333, 1.        , 0.73684211, 0.9       ,
       0.73333333, 0.94117647, 0.94117647, 0.94444444, 0.89473684,
       0.73333333, 1.        , 0.8       , 0.92857143, 0.93333333,
       1.        , 1.        , 1.        , 0.85714286, 0.86666667,
       0.94117647, 0.94117647, 0.82352941, 0.94736842, 0.64285714,
       0.92857143, 1.        , 0.9375    , 0.33333333, 0.93333333,
       0.73333333, 1.        , 1.        , 1.        , 1.        ,
       1.        , 0.76190476, 0.88235294, 0.76470588, 1.        ,
       1.        , 0.94736842, 0.93333333, 1.        , 0.8125    ,
       0.73333333, 0.875     , 1.        , 0.06666667, 0.9375    ,
       1.        , 0.94117647, 1.        , 0.53846154, 0.94736842,
       0.9375    , 0.86666667, 0.93333333, 0.8125    , 0.70588235,
       0.93333333, 0.73333333, 0.875     , 0.46153846, 1.        ,
       1.        , 0.86666667, 0.07142857, 0.6       , 0.33333333,
       0.875     , 0.64285714, 1.        , 0.93333333, 0.86666667,
       1.        , 1.        , 0.96      , 0.88888889, 1.        ,
       0.73684211, 1.        , 1.        , 0.9375    , 1.        ,
       1.        , 1.        , 0.66666667, 0.92857143, 0.93333333,
       0.93333333, 1.        , 1.        , 1.        , 0.875     ,
       0.8       , 0.33333333, 0.93333333, 1.        , 1.        ,
       0.89473684, 0.86666667, 1.        , 0.64285714, 1.        ,
       1.        , 1.        , 0.94117647, 0.9375    , 0.        ,
       0.94444444, 0.95454545, 0.9047619 , 1.        , 0.93333333,
       0.9375    , 1.        , 0.71428571, 0.93333333, 0.93333333,
       0.84210526, 0.53333333, 1.        , 0.2       , 0.83333333,
       1.        , 0.875     , 0.86956522, 0.93333333, 0.9375    ,
       0.4       , 0.66666667, 0.875     , 0.86666667, 1.        ,
       0.75      , 0.75      , 1.        , 0.93333333, 1.        ,
       1.        , 0.5       , 0.9375    , 1.        , 0.94444444,
       1.        , 0.93333333, 1.        , 1.        , 0.95      ,
       1.        , 0.94117647, 0.93333333, 0.86666667, 0.83333333,
       0.93333333, 0.6       , 1.        , 0.8125    , 0.95238095,
       1.        , 1.        , 1.        , 0.95238095, 1.        ,
       0.92857143, 0.9375    , 0.85      , 0.86666667, 0.75      ,
       0.84210526, 0.9375    , 0.93333333, 0.75      , 0.95238095,
       0.94117647, 0.9375    , 0.9375    , 0.0625    , 1.        ,
       0.86666667, 0.93333333, 0.92857143, 1.        , 1.        ,
       0.95238095, 1.        , 1.        , 0.94117647, 1.        ,
       1.        , 0.9375    , 1.        , 0.73333333, 0.86666667,
       1.        , 1.        , 0.94444444, 1.        , 1.        ,
       0.6875    , 0.78571429, 0.75      , 0.9375    , 0.90909091,
       0.875     , 0.92857143, 0.92857143, 0.94444444, 0.56      ,
       0.8       , 1.        , 0.84210526, 1.        , 0.95      ,
       1.        , 0.75      , 0.93333333, 1.        , 1.        ,
       1.        , 1.        , 1.        , 0.88888889, 0.78571429,
       0.13333333, 0.94117647, 1.        , 0.8       , 1.        ,
       1.        , 0.72222222, 0.9375    , 1.        , 0.93333333,
       0.86666667, 1.        , 0.93333333, 1.        , 0.86666667,
       0.97058824, 0.94444444, 1.        , 0.91304348, 1.        ,
       1.        , 0.95      , 1.        , 1.        , 0.875     ,
       0.78571429, 1.        , 0.95833333, 0.75      , 0.86666667,
       0.71428571, 1.        , 0.93333333, 0.64285714, 0.8       ,
       0.86666667, 0.875     , 1.        , 1.        , 0.94444444,
       1.        , 1.        , 0.92857143, 0.86956522, 0.95      ,
       0.95454545, 1.        , 0.92857143, 0.92857143, 0.9       ,
       0.94736842, 0.9375    , 1.        , 0.75      , 1.        ,
       0.93333333, 0.73333333, 0.9375    , 0.93333333, 0.88888889,
       0.        , 1.        , 1.        , 0.86666667, 0.88235294,
       0.77272727, 1.        , 0.86666667, 1.        , 1.        ,
       0.86956522, 0.9375    , 0.66666667, 0.875     , 0.73333333,
       1.        , 1.        , 0.26666667, 0.93333333, 0.92307692,
       1.        , 0.94117647, 1.        , 1.        , 0.22222222]), 'class_mean_width': array([38.        , 53.25      , 51.        , 36.05      , 66.57142857,
       42.4       , 37.72222222, 57.06666667, 29.2       , 52.61111111,
       35.05555556, 22.8       , 40.77777778, 34.26666667, 39.26666667,
       19.55      , 33.45      , 25.89473684, 57.28571429, 59.33333333,
       32.06666667, 47.375     , 22.8125    , 28.94736842, 27.375     ,
       40.16666667, 64.46428571, 34.66666667, 43.69230769, 31.05555556,
       47.26315789, 49.46666667, 20.58823529, 51.86666667, 52.2       ,
       24.625     , 26.        , 59.93333333, 23.14285714, 31.        ,
       35.8125    , 37.875     , 25.        , 49.26666667, 55.53333333,
       40.2       , 28.        , 45.16666667, 53.10526316, 38.55      ,
       48.86666667, 45.41176471, 29.41176471, 39.5       , 14.47368421,
       38.6       , 34.2       , 56.93333333, 55.35714286, 45.        ,
       16.58823529, 19.25      , 24.84210526, 16.85714286, 51.06666667,
       22.41176471, 23.94117647, 42.82352941, 36.15789474, 36.78571429,
       43.07142857, 17.85714286, 45.25      , 36.8       , 21.8       ,
       52.13333333, 74.1875    , 11.63157895, 48.26666667, 50.125     ,
       37.57894737, 30.95238095, 28.        , 25.29411765, 33.5       ,
       27.35714286, 22.47368421, 36.2       , 56.71428571, 42.1875    ,
       33.13333333, 44.3125    , 20.94117647, 39.53333333, 37.75      ,
       17.26315789, 34.35294118, 47.86666667, 40.        , 28.52631579,
       44.        , 76.2       , 40.        , 47.875     , 37.94117647,
       41.2       , 31.06666667, 30.3125    , 30.84615385, 29.26315789,
       57.66666667, 33.13333333, 51.78571429, 38.4       , 64.06666667,
       24.5       , 38.21428571, 31.6875    , 30.        , 41.6       ,
        5.94736842, 43.5625    , 44.72      , 33.05555556, 31.875     ,
       57.68421053, 52.71428571, 56.        , 40.5625    , 33.47058824,
       40.3       , 42.85714286, 50.06666667, 35.14285714, 12.93333333,
       50.8       , 52.53333333, 22.        , 46.46666667, 52.3125    ,
       37.73333333, 43.6       , 51.86666667, 20.13333333, 23.56521739,
       36.21052632, 36.2       , 41.53333333, 36.92857143, 56.3125    ,
       37.5       , 41.16666667, 33.11764706, 48.9375    , 46.41176471,
       69.11111111, 24.13636364, 45.38095238, 56.73333333, 23.4       ,
       58.1875    , 58.63157895, 60.71428571, 43.66666667, 57.26666667,
       38.10526316, 38.26666667, 46.05882353, 30.86666667, 42.88888889,
       28.41176471, 43.3125    , 33.95652174, 41.8       , 39.625     ,
       44.93333333, 25.26666667, 26.4375    , 48.66666667, 36.86666667,
       27.75      , 35.25      , 23.5       , 58.2       , 22.2       ,
       10.66666667, 53.5625    , 37.375     , 33.75      , 20.88888889,
       40.47058824, 31.33333333, 45.        , 17.73333333, 37.1       ,
       15.41176471, 23.35294118, 43.        , 66.06666667, 43.88888889,
       42.73333333, 61.93333333, 15.5625    , 42.4375    , 30.38095238,
       26.15789474, 26.45454545, 28.53333333, 46.14285714, 46.26666667,
       14.        , 51.3125    , 43.7       , 15.46666667, 60.0625    ,
       20.94736842, 53.125     , 45.66666667, 41.5       , 21.47619048,
       27.47058824, 24.5       , 32.5       , 22.75      , 43.38461538,
       24.73333333, 36.53333333, 45.35714286, 29.46666667, 39.9375    ,
       19.23809524, 50.05555556, 59.28571429, 23.58823529, 22.17647059,
       22.66666667, 42.8125    , 27.6875    , 60.53333333, 36.86666667,
       25.2       , 24.09090909, 47.05555556, 28.95      , 14.46428571,
       45.5       , 45.5       , 48.75      , 24.4375    , 30.68181818,
       63.75      , 50.07142857, 33.14285714, 42.55555556, 43.92      ,
       51.46666667, 29.66666667, 33.31578947, 32.38095238, 48.9       ,
       35.95      , 63.0625    , 36.4       , 43.06666667, 45.8       ,
       23.5625    , 46.52941176, 19.25      , 48.74074074, 48.64285714,
       37.66666667, 33.58823529, 32.2       , 47.66666667, 14.71428571,
       35.625     , 19.38888889, 24.9375    , 46.76923077, 33.4       ,
       39.26666667, 54.15      , 50.53333333, 10.2173913 , 48.33333333,
       34.02941176, 43.16666667, 41.66666667, 27.04347826, 35.375     ,
       17.55555556, 55.8       , 28.43478261, 33.5       , 57.375     ,
       53.35714286, 21.5625    , 58.29166667, 45.625     , 38.93333333,
       63.78571429, 49.06666667, 25.06666667, 34.42857143, 34.66666667,
       23.46666667, 54.4375    , 20.8       , 21.06666667, 29.44444444,
       16.44444444, 34.86666667, 62.28571429, 11.43478261, 24.25      ,
       24.        , 32.78947368, 44.71428571, 48.64285714, 67.55      ,
       30.10526316, 51.0625    , 27.        , 33.6875    , 23.5       ,
       47.33333333, 52.33333333, 55.        , 29.        , 61.77777778,
       25.        , 19.38888889, 41.75      , 42.4       , 31.64705882,
       25.        , 40.42307692, 38.6       , 30.52941176, 52.05882353,
       12.7826087 , 36.375     , 29.73333333, 54.5625    , 32.8       ,
       21.88888889, 70.1875    , 33.4       , 37.33333333, 38.23076923,
       52.71428571, 45.94117647, 39.26315789, 21.73684211, 30.61111111]), 'class_median_width': array([27. , 57.5, 53. , 30.5, 44. , 38. , 15.5, 55. ,  8. , 55.5, 35.5,
       14. , 39. , 26. , 39. ,  8. , 38. , 17. , 60. , 61. , 27. , 19. ,
       11. , 21. , 20.5,  4. , 37. , 36. , 45. , 30. , 34. , 54. , 10. ,
       55. , 49. , 19.5, 13.5, 62. , 21. , 31.5, 29.5, 46.5, 26. , 49. ,
       59. , 41. , 24. ,  2. , 52. , 37. , 44. , 46. , 32. , 40. ,  6. ,
       33. , 26. , 57. , 58.5, 40. ,  7. ,  5. , 19. , 10.5, 51. , 16. ,
       11. , 38. , 28. , 32.5, 44. , 15. , 46. , 39. , 12. , 52. , 75. ,
       10. , 44. , 48.5, 45. , 26. , 28. , 13. , 35.5, 26.5, 12. , 31. ,
       55.5, 41. , 37. , 42. , 11. , 42. , 37.5, 14. , 30. , 55. , 36.5,
       37. , 21.5, 73. , 40. , 48.5, 47. , 46. , 27. , 38. , 31. , 25. ,
       54. , 36. , 53.5, 38. , 66. , 19.5, 39. , 32.5, 19. , 42. ,  4. ,
       47. ,  8. , 32.5, 30. , 65. , 45. , 53. , 38.5, 42. , 40. , 41.5,
       51. , 37.5,  7. , 45. , 55. , 18. , 48. , 50.5, 30. , 48. , 52. ,
       17. , 18. , 38. , 37. , 39. , 41. , 57.5, 33. , 39. , 31. , 54. ,
       46. , 69.5, 18.5, 55. , 56. , 21. , 60.5, 60. , 62. , 48. , 58. ,
       26. , 37. , 50. , 36. , 39.5, 29. , 42. , 23. , 41. , 40. , 43. ,
       21. , 15. , 46. , 37. , 23.5, 33.5, 20.5, 60. , 18. ,  2. , 57. ,
       35.5, 36.5, 15.5, 37. , 25. , 48. , 10. , 28.5,  9. , 20. , 43. ,
       64. , 50. , 47. , 64. ,  8. , 41.5, 30. , 21. , 24.5, 34. , 23. ,
       46. ,  7. , 44.5, 48.5, 12. , 69.5,  3. , 55.5, 33. , 42. , 16. ,
       19. , 20.5, 26. , 18.5, 45. , 13. , 35. , 41.5, 30. , 37. , 12. ,
       47.5, 58.5, 21. , 20. , 20. , 37. , 20.5, 46. , 36. , 15. , 18. ,
       44.5, 29. ,  3.5, 43. , 47. , 51.5, 13. , 14.5, 67.5, 52.5, 38. ,
       45. , 42. , 56. , 27.5, 28. , 30. ,  9. , 32.5, 66.5, 33. , 52. ,
       48. , 18.5, 53. , 11. ,  5. , 46.5, 37. , 33. , 28. , 51. , 13. ,
       33. ,  7.5, 26. , 50. , 30. , 38. , 56. , 56. ,  2. , 50. ,  8. ,
       26.5, 42. , 27. , 32.5, 12.5, 67.5,  4. , 33. , 59.5, 55.5, 17.5,
       50. , 43.5, 40. , 65. , 53. , 25. , 40. , 31. , 22. , 55.5, 20. ,
       27. , 12. ,  2.5, 39. , 67. ,  6. , 10. , 19. , 35. , 20.5, 48. ,
       71. , 32. , 50. , 22.5, 31.5, 19.5, 48. , 51. , 53.5, 27. , 62. ,
       18. , 15. , 49.5, 44. , 29. , 16. , 41.5, 31. , 30. , 56. ,  7. ,
       35. , 26. , 56.5, 16. , 13.5, 70.5, 30. , 34. , 40. , 52. , 50. ,
       39. , 18. , 25. ]), 'class_mean_width_scaled': array([0.10704225, 0.15      , 0.14366197, 0.1015493 , 0.18752515,
       0.11943662, 0.10625978, 0.16075117, 0.08225352, 0.14820031,
       0.09874804, 0.06422535, 0.11486698, 0.09652582, 0.11061033,
       0.05507042, 0.09422535, 0.07294292, 0.16136821, 0.16713615,
       0.09032864, 0.1334507 , 0.06426056, 0.08154188, 0.07711268,
       0.11314554, 0.18158954, 0.09765258, 0.12307692, 0.08748044,
       0.13313566, 0.13934272, 0.05799503, 0.14610329, 0.14704225,
       0.0693662 , 0.07323944, 0.16882629, 0.06519115, 0.08732394,
       0.10088028, 0.10669014, 0.07042254, 0.13877934, 0.15643192,
       0.11323944, 0.07887324, 0.12723005, 0.14959229, 0.10859155,
       0.13765258, 0.12792046, 0.08285004, 0.11126761, 0.04077094,
       0.10873239, 0.09633803, 0.16037559, 0.15593561, 0.12676056,
       0.04672742, 0.05422535, 0.06997776, 0.04748491, 0.14384977,
       0.06313173, 0.06743993, 0.12062966, 0.10185322, 0.10362173,
       0.12132797, 0.05030181, 0.12746479, 0.10366197, 0.06140845,
       0.14685446, 0.20897887, 0.03276501, 0.13596244, 0.14119718,
       0.10585619, 0.08718981, 0.07887324, 0.07125104, 0.0943662 ,
       0.07706237, 0.06330615, 0.10197183, 0.15975855, 0.11883803,
       0.09333333, 0.12482394, 0.05898923, 0.1113615 , 0.10633803,
       0.04862861, 0.09676885, 0.13483568, 0.11267606, 0.08035582,
       0.12394366, 0.21464789, 0.11267606, 0.13485915, 0.10687655,
       0.11605634, 0.08751174, 0.08538732, 0.08689057, 0.08243143,
       0.16244131, 0.09333333, 0.14587525, 0.10816901, 0.18046948,
       0.06901408, 0.10764588, 0.08926056, 0.08450704, 0.1171831 ,
       0.01675315, 0.12271127, 0.12597183, 0.09311424, 0.08978873,
       0.16249073, 0.14849095, 0.15774648, 0.11426056, 0.09428335,
       0.11352113, 0.12072435, 0.14103286, 0.09899396, 0.03643192,
       0.14309859, 0.14798122, 0.06197183, 0.13089202, 0.14735915,
       0.10629108, 0.1228169 , 0.14610329, 0.05671362, 0.06638089,
       0.10200148, 0.10197183, 0.11699531, 0.10402414, 0.15862676,
       0.1056338 , 0.11596244, 0.09328915, 0.13785211, 0.13073737,
       0.19467919, 0.06798976, 0.12783367, 0.15981221, 0.06591549,
       0.16390845, 0.16515938, 0.17102616, 0.12300469, 0.16131455,
       0.10733877, 0.10779343, 0.12974316, 0.08694836, 0.12081377,
       0.08003314, 0.12200704, 0.09565217, 0.11774648, 0.11161972,
       0.12657277, 0.07117371, 0.07447183, 0.1370892 , 0.10384977,
       0.07816901, 0.09929577, 0.06619718, 0.16394366, 0.06253521,
       0.03004695, 0.15088028, 0.10528169, 0.09507042, 0.05884194,
       0.11400166, 0.08826291, 0.12676056, 0.04995305, 0.10450704,
       0.04341342, 0.06578293, 0.12112676, 0.18610329, 0.12363067,
       0.12037559, 0.17446009, 0.04383803, 0.11954225, 0.08558015,
       0.07368421, 0.07451985, 0.08037559, 0.12997988, 0.13032864,
       0.03943662, 0.14454225, 0.12309859, 0.04356808, 0.16919014,
       0.05900667, 0.14964789, 0.1286385 , 0.11690141, 0.06049631,
       0.07738194, 0.06901408, 0.0915493 , 0.06408451, 0.12221018,
       0.06967136, 0.1029108 , 0.1277666 , 0.08300469, 0.1125    ,
       0.05419182, 0.14100156, 0.16700201, 0.06644573, 0.06246893,
       0.06384977, 0.12059859, 0.07799296, 0.17051643, 0.10384977,
       0.07098592, 0.06786172, 0.13255086, 0.0815493 , 0.04074447,
       0.12816901, 0.12816901, 0.13732394, 0.06883803, 0.08642766,
       0.17957746, 0.14104628, 0.09336016, 0.1198748 , 0.12371831,
       0.14497653, 0.08356808, 0.09384729, 0.09121395, 0.13774648,
       0.10126761, 0.17764085, 0.10253521, 0.12131455, 0.12901408,
       0.06637324, 0.13106877, 0.05422535, 0.13729786, 0.13702213,
       0.10610329, 0.09461475, 0.09070423, 0.1342723 , 0.04144869,
       0.10035211, 0.05461659, 0.07024648, 0.13174431, 0.09408451,
       0.11061033, 0.15253521, 0.14234742, 0.02878138, 0.13615023,
       0.0958575 , 0.12159624, 0.11737089, 0.07617881, 0.09964789,
       0.04945227, 0.1571831 , 0.08009798, 0.0943662 , 0.16161972,
       0.15030181, 0.06073944, 0.16420188, 0.12852113, 0.10967136,
       0.17967807, 0.13821596, 0.07061033, 0.09698189, 0.09765258,
       0.06610329, 0.15334507, 0.05859155, 0.05934272, 0.0829421 ,
       0.04632238, 0.09821596, 0.17545272, 0.03221066, 0.06830986,
       0.06760563, 0.09236471, 0.12595573, 0.13702213, 0.19028169,
       0.08480356, 0.14383803, 0.07605634, 0.09489437, 0.06619718,
       0.13333333, 0.14741784, 0.15492958, 0.08169014, 0.17402191,
       0.07042254, 0.05461659, 0.11760563, 0.11943662, 0.08914664,
       0.07042254, 0.11386782, 0.10873239, 0.08599834, 0.14664457,
       0.03600735, 0.10246479, 0.08375587, 0.15369718, 0.09239437,
       0.06165884, 0.19771127, 0.09408451, 0.10516432, 0.10769231,
       0.14849095, 0.12941176, 0.11060044, 0.06123054, 0.08622848]), 'class_median_width_scaled': array([0.07605634, 0.16197183, 0.14929577, 0.08591549, 0.12394366,
       0.10704225, 0.04366197, 0.15492958, 0.02253521, 0.15633803,
       0.1       , 0.03943662, 0.10985915, 0.07323944, 0.10985915,
       0.02253521, 0.10704225, 0.04788732, 0.16901408, 0.17183099,
       0.07605634, 0.05352113, 0.03098592, 0.05915493, 0.05774648,
       0.01126761, 0.10422535, 0.10140845, 0.12676056, 0.08450704,
       0.09577465, 0.15211268, 0.02816901, 0.15492958, 0.13802817,
       0.05492958, 0.03802817, 0.17464789, 0.05915493, 0.08873239,
       0.08309859, 0.13098592, 0.07323944, 0.13802817, 0.16619718,
       0.11549296, 0.06760563, 0.0056338 , 0.14647887, 0.10422535,
       0.12394366, 0.12957746, 0.09014085, 0.11267606, 0.01690141,
       0.09295775, 0.07323944, 0.16056338, 0.16478873, 0.11267606,
       0.01971831, 0.01408451, 0.05352113, 0.02957746, 0.14366197,
       0.04507042, 0.03098592, 0.10704225, 0.07887324, 0.0915493 ,
       0.12394366, 0.04225352, 0.12957746, 0.10985915, 0.03380282,
       0.14647887, 0.21126761, 0.02816901, 0.12394366, 0.13661972,
       0.12676056, 0.07323944, 0.07887324, 0.03661972, 0.1       ,
       0.07464789, 0.03380282, 0.08732394, 0.15633803, 0.11549296,
       0.10422535, 0.11830986, 0.03098592, 0.11830986, 0.1056338 ,
       0.03943662, 0.08450704, 0.15492958, 0.1028169 , 0.10422535,
       0.06056338, 0.2056338 , 0.11267606, 0.13661972, 0.13239437,
       0.12957746, 0.07605634, 0.10704225, 0.08732394, 0.07042254,
       0.15211268, 0.10140845, 0.15070423, 0.10704225, 0.18591549,
       0.05492958, 0.10985915, 0.0915493 , 0.05352113, 0.11830986,
       0.01126761, 0.13239437, 0.02253521, 0.0915493 , 0.08450704,
       0.18309859, 0.12676056, 0.14929577, 0.1084507 , 0.11830986,
       0.11267606, 0.11690141, 0.14366197, 0.1056338 , 0.01971831,
       0.12676056, 0.15492958, 0.05070423, 0.13521127, 0.14225352,
       0.08450704, 0.13521127, 0.14647887, 0.04788732, 0.05070423,
       0.10704225, 0.10422535, 0.10985915, 0.11549296, 0.16197183,
       0.09295775, 0.10985915, 0.08732394, 0.15211268, 0.12957746,
       0.19577465, 0.05211268, 0.15492958, 0.15774648, 0.05915493,
       0.17042254, 0.16901408, 0.17464789, 0.13521127, 0.16338028,
       0.07323944, 0.10422535, 0.14084507, 0.10140845, 0.11126761,
       0.08169014, 0.11830986, 0.06478873, 0.11549296, 0.11267606,
       0.12112676, 0.05915493, 0.04225352, 0.12957746, 0.10422535,
       0.06619718, 0.0943662 , 0.05774648, 0.16901408, 0.05070423,
       0.0056338 , 0.16056338, 0.1       , 0.1028169 , 0.04366197,
       0.10422535, 0.07042254, 0.13521127, 0.02816901, 0.08028169,
       0.02535211, 0.05633803, 0.12112676, 0.18028169, 0.14084507,
       0.13239437, 0.18028169, 0.02253521, 0.11690141, 0.08450704,
       0.05915493, 0.06901408, 0.09577465, 0.06478873, 0.12957746,
       0.01971831, 0.12535211, 0.13661972, 0.03380282, 0.19577465,
       0.0084507 , 0.15633803, 0.09295775, 0.11830986, 0.04507042,
       0.05352113, 0.05774648, 0.07323944, 0.05211268, 0.12676056,
       0.03661972, 0.09859155, 0.11690141, 0.08450704, 0.10422535,
       0.03380282, 0.13380282, 0.16478873, 0.05915493, 0.05633803,
       0.05633803, 0.10422535, 0.05774648, 0.12957746, 0.10140845,
       0.04225352, 0.05070423, 0.12535211, 0.08169014, 0.00985915,
       0.12112676, 0.13239437, 0.14507042, 0.03661972, 0.04084507,
       0.19014085, 0.14788732, 0.10704225, 0.12676056, 0.11830986,
       0.15774648, 0.07746479, 0.07887324, 0.08450704, 0.02535211,
       0.0915493 , 0.18732394, 0.09295775, 0.14647887, 0.13521127,
       0.05211268, 0.14929577, 0.03098592, 0.01408451, 0.13098592,
       0.10422535, 0.09295775, 0.07887324, 0.14366197, 0.03661972,
       0.09295775, 0.02112676, 0.07323944, 0.14084507, 0.08450704,
       0.10704225, 0.15774648, 0.15774648, 0.0056338 , 0.14084507,
       0.02253521, 0.07464789, 0.11830986, 0.07605634, 0.0915493 ,
       0.03521127, 0.19014085, 0.01126761, 0.09295775, 0.16760563,
       0.15633803, 0.04929577, 0.14084507, 0.12253521, 0.11267606,
       0.18309859, 0.14929577, 0.07042254, 0.11267606, 0.08732394,
       0.06197183, 0.15633803, 0.05633803, 0.07605634, 0.03380282,
       0.00704225, 0.10985915, 0.18873239, 0.01690141, 0.02816901,
       0.05352113, 0.09859155, 0.05774648, 0.13521127, 0.2       ,
       0.09014085, 0.14084507, 0.06338028, 0.08873239, 0.05492958,
       0.13521127, 0.14366197, 0.15070423, 0.07605634, 0.17464789,
       0.05070423, 0.04225352, 0.13943662, 0.12394366, 0.08169014,
       0.04507042, 0.11690141, 0.08732394, 0.08450704, 0.15774648,
       0.01971831, 0.09859155, 0.07323944, 0.15915493, 0.04507042,
       0.03802817, 0.19859155, 0.08450704, 0.09577465, 0.11267606,
       0.14647887, 0.14084507, 0.10985915, 0.05070423, 0.07042254])}

split_conformal_aps_XGBoost full class metrics: {'class_coverage': array([0.96428571, 0.8125    , 0.93333333, 0.95      , 0.96428571,
       0.86666667, 1.        , 0.8       , 0.93333333, 0.94444444,
       0.94444444, 0.93333333, 0.94444444, 1.        , 0.93333333,
       0.95      , 1.        , 1.        , 1.        , 0.6       ,
       0.93333333, 0.91666667, 1.        , 0.84210526, 0.9375    ,
       0.97222222, 0.96428571, 0.93333333, 0.92307692, 0.88888889,
       1.        , 1.        , 0.88235294, 0.8       , 0.86666667,
       1.        , 1.        , 0.8       , 0.92857143, 0.9375    ,
       0.6875    , 0.9375    , 0.94117647, 0.8       , 0.93333333,
       0.93333333, 0.83333333, 1.        , 0.73684211, 0.9       ,
       0.73333333, 0.94117647, 0.94117647, 0.94444444, 0.89473684,
       0.73333333, 1.        , 0.8       , 0.92857143, 0.93333333,
       1.        , 1.        , 1.        , 0.85714286, 0.86666667,
       0.94117647, 0.94117647, 0.82352941, 0.94736842, 0.64285714,
       0.92857143, 1.        , 0.9375    , 0.33333333, 0.93333333,
       0.73333333, 1.        , 1.        , 1.        , 1.        ,
       1.        , 0.76190476, 0.88235294, 0.76470588, 1.        ,
       1.        , 0.94736842, 0.93333333, 1.        , 0.8125    ,
       0.73333333, 0.875     , 1.        , 0.06666667, 0.9375    ,
       1.        , 0.94117647, 1.        , 0.53846154, 0.94736842,
       0.9375    , 0.86666667, 0.93333333, 0.8125    , 0.70588235,
       0.93333333, 0.73333333, 0.875     , 0.46153846, 1.        ,
       1.        , 0.86666667, 0.07142857, 0.6       , 0.33333333,
       0.875     , 0.64285714, 1.        , 0.93333333, 0.86666667,
       1.        , 1.        , 0.96      , 0.88888889, 1.        ,
       0.73684211, 1.        , 1.        , 0.9375    , 1.        ,
       1.        , 1.        , 0.66666667, 0.92857143, 0.93333333,
       0.93333333, 1.        , 1.        , 1.        , 0.875     ,
       0.8       , 0.33333333, 0.93333333, 1.        , 1.        ,
       0.89473684, 0.86666667, 1.        , 0.64285714, 1.        ,
       1.        , 1.        , 0.94117647, 0.9375    , 0.        ,
       0.94444444, 0.95454545, 0.9047619 , 1.        , 0.93333333,
       0.9375    , 1.        , 0.71428571, 0.93333333, 0.93333333,
       0.84210526, 0.53333333, 1.        , 0.2       , 0.83333333,
       1.        , 0.875     , 0.86956522, 0.93333333, 0.9375    ,
       0.4       , 0.66666667, 0.875     , 0.86666667, 1.        ,
       0.75      , 0.75      , 1.        , 0.93333333, 1.        ,
       1.        , 0.5       , 0.9375    , 1.        , 0.94444444,
       1.        , 0.93333333, 1.        , 1.        , 0.95      ,
       1.        , 0.94117647, 0.93333333, 0.86666667, 0.83333333,
       0.93333333, 0.6       , 1.        , 0.8125    , 0.95238095,
       1.        , 1.        , 1.        , 0.95238095, 1.        ,
       0.92857143, 0.9375    , 0.85      , 0.86666667, 0.75      ,
       0.84210526, 0.9375    , 0.93333333, 0.75      , 0.95238095,
       0.94117647, 0.9375    , 0.9375    , 0.0625    , 1.        ,
       0.86666667, 0.93333333, 0.92857143, 1.        , 1.        ,
       0.95238095, 1.        , 1.        , 0.94117647, 1.        ,
       1.        , 0.9375    , 1.        , 0.73333333, 0.86666667,
       1.        , 1.        , 0.94444444, 1.        , 1.        ,
       0.6875    , 0.78571429, 0.75      , 0.9375    , 0.90909091,
       0.875     , 0.92857143, 0.92857143, 0.94444444, 0.56      ,
       0.8       , 1.        , 0.84210526, 1.        , 0.95      ,
       1.        , 0.75      , 0.93333333, 1.        , 1.        ,
       1.        , 1.        , 1.        , 0.88888889, 0.78571429,
       0.13333333, 0.94117647, 1.        , 0.8       , 1.        ,
       1.        , 0.72222222, 0.9375    , 1.        , 0.93333333,
       0.86666667, 1.        , 0.93333333, 1.        , 0.86666667,
       0.97058824, 0.94444444, 1.        , 0.91304348, 1.        ,
       1.        , 0.95      , 1.        , 1.        , 0.875     ,
       0.78571429, 1.        , 0.95833333, 0.75      , 0.86666667,
       0.71428571, 1.        , 0.93333333, 0.64285714, 0.8       ,
       0.86666667, 0.875     , 1.        , 1.        , 0.94444444,
       1.        , 1.        , 0.92857143, 0.86956522, 0.95      ,
       0.95454545, 1.        , 0.92857143, 0.92857143, 0.9       ,
       0.94736842, 0.9375    , 1.        , 0.75      , 1.        ,
       0.93333333, 0.73333333, 0.9375    , 0.93333333, 0.88888889,
       0.        , 1.        , 1.        , 0.86666667, 0.88235294,
       0.77272727, 1.        , 0.86666667, 1.        , 1.        ,
       0.86956522, 0.9375    , 0.66666667, 0.875     , 0.73333333,
       1.        , 1.        , 0.26666667, 0.93333333, 0.92307692,
       1.        , 0.94117647, 1.        , 1.        , 0.22222222]), 'class_mean_width': array([38.        , 53.25      , 51.        , 36.05      , 66.57142857,
       42.4       , 37.72222222, 57.06666667, 29.2       , 52.61111111,
       35.05555556, 22.8       , 40.77777778, 34.26666667, 39.26666667,
       19.55      , 33.45      , 25.89473684, 57.28571429, 59.33333333,
       32.06666667, 47.375     , 22.8125    , 28.94736842, 27.375     ,
       40.16666667, 64.46428571, 34.66666667, 43.69230769, 31.05555556,
       47.26315789, 49.46666667, 20.58823529, 51.86666667, 52.2       ,
       24.625     , 26.        , 59.93333333, 23.14285714, 31.        ,
       35.8125    , 37.875     , 25.        , 49.26666667, 55.53333333,
       40.2       , 28.        , 45.16666667, 53.10526316, 38.55      ,
       48.86666667, 45.41176471, 29.41176471, 39.5       , 14.47368421,
       38.6       , 34.2       , 56.93333333, 55.35714286, 45.        ,
       16.58823529, 19.25      , 24.84210526, 16.85714286, 51.06666667,
       22.41176471, 23.94117647, 42.82352941, 36.15789474, 36.78571429,
       43.07142857, 17.85714286, 45.25      , 36.8       , 21.8       ,
       52.13333333, 74.1875    , 11.63157895, 48.26666667, 50.125     ,
       37.57894737, 30.95238095, 28.        , 25.29411765, 33.5       ,
       27.35714286, 22.47368421, 36.2       , 56.71428571, 42.1875    ,
       33.13333333, 44.3125    , 20.94117647, 39.53333333, 37.75      ,
       17.26315789, 34.35294118, 47.86666667, 40.        , 28.52631579,
       44.        , 76.2       , 40.        , 47.875     , 37.94117647,
       41.2       , 31.06666667, 30.3125    , 30.84615385, 29.26315789,
       57.66666667, 33.13333333, 51.78571429, 38.4       , 64.06666667,
       24.5       , 38.21428571, 31.6875    , 30.        , 41.6       ,
        5.94736842, 43.5625    , 44.72      , 33.05555556, 31.875     ,
       57.68421053, 52.71428571, 56.        , 40.5625    , 33.47058824,
       40.3       , 42.85714286, 50.06666667, 35.14285714, 12.93333333,
       50.8       , 52.53333333, 22.        , 46.46666667, 52.3125    ,
       37.73333333, 43.6       , 51.86666667, 20.13333333, 23.56521739,
       36.21052632, 36.2       , 41.53333333, 36.92857143, 56.3125    ,
       37.5       , 41.16666667, 33.11764706, 48.9375    , 46.41176471,
       69.11111111, 24.13636364, 45.38095238, 56.73333333, 23.4       ,
       58.1875    , 58.63157895, 60.71428571, 43.66666667, 57.26666667,
       38.10526316, 38.26666667, 46.05882353, 30.86666667, 42.88888889,
       28.41176471, 43.3125    , 33.95652174, 41.8       , 39.625     ,
       44.93333333, 25.26666667, 26.4375    , 48.66666667, 36.86666667,
       27.75      , 35.25      , 23.5       , 58.2       , 22.2       ,
       10.66666667, 53.5625    , 37.375     , 33.75      , 20.88888889,
       40.47058824, 31.33333333, 45.        , 17.73333333, 37.1       ,
       15.41176471, 23.35294118, 43.        , 66.06666667, 43.88888889,
       42.73333333, 61.93333333, 15.5625    , 42.4375    , 30.38095238,
       26.15789474, 26.45454545, 28.53333333, 46.14285714, 46.26666667,
       14.        , 51.3125    , 43.7       , 15.46666667, 60.0625    ,
       20.94736842, 53.125     , 45.66666667, 41.5       , 21.47619048,
       27.47058824, 24.5       , 32.5       , 22.75      , 43.38461538,
       24.73333333, 36.53333333, 45.35714286, 29.46666667, 39.9375    ,
       19.23809524, 50.05555556, 59.28571429, 23.58823529, 22.17647059,
       22.66666667, 42.8125    , 27.6875    , 60.53333333, 36.86666667,
       25.2       , 24.09090909, 47.05555556, 28.95      , 14.46428571,
       45.5       , 45.5       , 48.75      , 24.4375    , 30.68181818,
       63.75      , 50.07142857, 33.14285714, 42.55555556, 43.92      ,
       51.46666667, 29.66666667, 33.31578947, 32.38095238, 48.9       ,
       35.95      , 63.0625    , 36.4       , 43.06666667, 45.8       ,
       23.5625    , 46.52941176, 19.25      , 48.74074074, 48.64285714,
       37.66666667, 33.58823529, 32.2       , 47.66666667, 14.71428571,
       35.625     , 19.38888889, 24.9375    , 46.76923077, 33.4       ,
       39.26666667, 54.15      , 50.53333333, 10.2173913 , 48.33333333,
       34.02941176, 43.16666667, 41.66666667, 27.04347826, 35.375     ,
       17.55555556, 55.8       , 28.43478261, 33.5       , 57.375     ,
       53.35714286, 21.5625    , 58.29166667, 45.625     , 38.93333333,
       63.78571429, 49.06666667, 25.06666667, 34.42857143, 34.66666667,
       23.46666667, 54.4375    , 20.8       , 21.06666667, 29.44444444,
       16.44444444, 34.86666667, 62.28571429, 11.43478261, 24.25      ,
       24.        , 32.78947368, 44.71428571, 48.64285714, 67.55      ,
       30.10526316, 51.0625    , 27.        , 33.6875    , 23.5       ,
       47.33333333, 52.33333333, 55.        , 29.        , 61.77777778,
       25.        , 19.38888889, 41.75      , 42.4       , 31.64705882,
       25.        , 40.42307692, 38.6       , 30.52941176, 52.05882353,
       12.7826087 , 36.375     , 29.73333333, 54.5625    , 32.8       ,
       21.88888889, 70.1875    , 33.4       , 37.33333333, 38.23076923,
       52.71428571, 45.94117647, 39.26315789, 21.73684211, 30.61111111]), 'class_median_width': array([27. , 57.5, 53. , 30.5, 44. , 38. , 15.5, 55. ,  8. , 55.5, 35.5,
       14. , 39. , 26. , 39. ,  8. , 38. , 17. , 60. , 61. , 27. , 19. ,
       11. , 21. , 20.5,  4. , 37. , 36. , 45. , 30. , 34. , 54. , 10. ,
       55. , 49. , 19.5, 13.5, 62. , 21. , 31.5, 29.5, 46.5, 26. , 49. ,
       59. , 41. , 24. ,  2. , 52. , 37. , 44. , 46. , 32. , 40. ,  6. ,
       33. , 26. , 57. , 58.5, 40. ,  7. ,  5. , 19. , 10.5, 51. , 16. ,
       11. , 38. , 28. , 32.5, 44. , 15. , 46. , 39. , 12. , 52. , 75. ,
       10. , 44. , 48.5, 45. , 26. , 28. , 13. , 35.5, 26.5, 12. , 31. ,
       55.5, 41. , 37. , 42. , 11. , 42. , 37.5, 14. , 30. , 55. , 36.5,
       37. , 21.5, 73. , 40. , 48.5, 47. , 46. , 27. , 38. , 31. , 25. ,
       54. , 36. , 53.5, 38. , 66. , 19.5, 39. , 32.5, 19. , 42. ,  4. ,
       47. ,  8. , 32.5, 30. , 65. , 45. , 53. , 38.5, 42. , 40. , 41.5,
       51. , 37.5,  7. , 45. , 55. , 18. , 48. , 50.5, 30. , 48. , 52. ,
       17. , 18. , 38. , 37. , 39. , 41. , 57.5, 33. , 39. , 31. , 54. ,
       46. , 69.5, 18.5, 55. , 56. , 21. , 60.5, 60. , 62. , 48. , 58. ,
       26. , 37. , 50. , 36. , 39.5, 29. , 42. , 23. , 41. , 40. , 43. ,
       21. , 15. , 46. , 37. , 23.5, 33.5, 20.5, 60. , 18. ,  2. , 57. ,
       35.5, 36.5, 15.5, 37. , 25. , 48. , 10. , 28.5,  9. , 20. , 43. ,
       64. , 50. , 47. , 64. ,  8. , 41.5, 30. , 21. , 24.5, 34. , 23. ,
       46. ,  7. , 44.5, 48.5, 12. , 69.5,  3. , 55.5, 33. , 42. , 16. ,
       19. , 20.5, 26. , 18.5, 45. , 13. , 35. , 41.5, 30. , 37. , 12. ,
       47.5, 58.5, 21. , 20. , 20. , 37. , 20.5, 46. , 36. , 15. , 18. ,
       44.5, 29. ,  3.5, 43. , 47. , 51.5, 13. , 14.5, 67.5, 52.5, 38. ,
       45. , 42. , 56. , 27.5, 28. , 30. ,  9. , 32.5, 66.5, 33. , 52. ,
       48. , 18.5, 53. , 11. ,  5. , 46.5, 37. , 33. , 28. , 51. , 13. ,
       33. ,  7.5, 26. , 50. , 30. , 38. , 56. , 56. ,  2. , 50. ,  8. ,
       26.5, 42. , 27. , 32.5, 12.5, 67.5,  4. , 33. , 59.5, 55.5, 17.5,
       50. , 43.5, 40. , 65. , 53. , 25. , 40. , 31. , 22. , 55.5, 20. ,
       27. , 12. ,  2.5, 39. , 67. ,  6. , 10. , 19. , 35. , 20.5, 48. ,
       71. , 32. , 50. , 22.5, 31.5, 19.5, 48. , 51. , 53.5, 27. , 62. ,
       18. , 15. , 49.5, 44. , 29. , 16. , 41.5, 31. , 30. , 56. ,  7. ,
       35. , 26. , 56.5, 16. , 13.5, 70.5, 30. , 34. , 40. , 52. , 50. ,
       39. , 18. , 25. ]), 'class_mean_width_scaled': array([0.10704225, 0.15      , 0.14366197, 0.1015493 , 0.18752515,
       0.11943662, 0.10625978, 0.16075117, 0.08225352, 0.14820031,
       0.09874804, 0.06422535, 0.11486698, 0.09652582, 0.11061033,
       0.05507042, 0.09422535, 0.07294292, 0.16136821, 0.16713615,
       0.09032864, 0.1334507 , 0.06426056, 0.08154188, 0.07711268,
       0.11314554, 0.18158954, 0.09765258, 0.12307692, 0.08748044,
       0.13313566, 0.13934272, 0.05799503, 0.14610329, 0.14704225,
       0.0693662 , 0.07323944, 0.16882629, 0.06519115, 0.08732394,
       0.10088028, 0.10669014, 0.07042254, 0.13877934, 0.15643192,
       0.11323944, 0.07887324, 0.12723005, 0.14959229, 0.10859155,
       0.13765258, 0.12792046, 0.08285004, 0.11126761, 0.04077094,
       0.10873239, 0.09633803, 0.16037559, 0.15593561, 0.12676056,
       0.04672742, 0.05422535, 0.06997776, 0.04748491, 0.14384977,
       0.06313173, 0.06743993, 0.12062966, 0.10185322, 0.10362173,
       0.12132797, 0.05030181, 0.12746479, 0.10366197, 0.06140845,
       0.14685446, 0.20897887, 0.03276501, 0.13596244, 0.14119718,
       0.10585619, 0.08718981, 0.07887324, 0.07125104, 0.0943662 ,
       0.07706237, 0.06330615, 0.10197183, 0.15975855, 0.11883803,
       0.09333333, 0.12482394, 0.05898923, 0.1113615 , 0.10633803,
       0.04862861, 0.09676885, 0.13483568, 0.11267606, 0.08035582,
       0.12394366, 0.21464789, 0.11267606, 0.13485915, 0.10687655,
       0.11605634, 0.08751174, 0.08538732, 0.08689057, 0.08243143,
       0.16244131, 0.09333333, 0.14587525, 0.10816901, 0.18046948,
       0.06901408, 0.10764588, 0.08926056, 0.08450704, 0.1171831 ,
       0.01675315, 0.12271127, 0.12597183, 0.09311424, 0.08978873,
       0.16249073, 0.14849095, 0.15774648, 0.11426056, 0.09428335,
       0.11352113, 0.12072435, 0.14103286, 0.09899396, 0.03643192,
       0.14309859, 0.14798122, 0.06197183, 0.13089202, 0.14735915,
       0.10629108, 0.1228169 , 0.14610329, 0.05671362, 0.06638089,
       0.10200148, 0.10197183, 0.11699531, 0.10402414, 0.15862676,
       0.1056338 , 0.11596244, 0.09328915, 0.13785211, 0.13073737,
       0.19467919, 0.06798976, 0.12783367, 0.15981221, 0.06591549,
       0.16390845, 0.16515938, 0.17102616, 0.12300469, 0.16131455,
       0.10733877, 0.10779343, 0.12974316, 0.08694836, 0.12081377,
       0.08003314, 0.12200704, 0.09565217, 0.11774648, 0.11161972,
       0.12657277, 0.07117371, 0.07447183, 0.1370892 , 0.10384977,
       0.07816901, 0.09929577, 0.06619718, 0.16394366, 0.06253521,
       0.03004695, 0.15088028, 0.10528169, 0.09507042, 0.05884194,
       0.11400166, 0.08826291, 0.12676056, 0.04995305, 0.10450704,
       0.04341342, 0.06578293, 0.12112676, 0.18610329, 0.12363067,
       0.12037559, 0.17446009, 0.04383803, 0.11954225, 0.08558015,
       0.07368421, 0.07451985, 0.08037559, 0.12997988, 0.13032864,
       0.03943662, 0.14454225, 0.12309859, 0.04356808, 0.16919014,
       0.05900667, 0.14964789, 0.1286385 , 0.11690141, 0.06049631,
       0.07738194, 0.06901408, 0.0915493 , 0.06408451, 0.12221018,
       0.06967136, 0.1029108 , 0.1277666 , 0.08300469, 0.1125    ,
       0.05419182, 0.14100156, 0.16700201, 0.06644573, 0.06246893,
       0.06384977, 0.12059859, 0.07799296, 0.17051643, 0.10384977,
       0.07098592, 0.06786172, 0.13255086, 0.0815493 , 0.04074447,
       0.12816901, 0.12816901, 0.13732394, 0.06883803, 0.08642766,
       0.17957746, 0.14104628, 0.09336016, 0.1198748 , 0.12371831,
       0.14497653, 0.08356808, 0.09384729, 0.09121395, 0.13774648,
       0.10126761, 0.17764085, 0.10253521, 0.12131455, 0.12901408,
       0.06637324, 0.13106877, 0.05422535, 0.13729786, 0.13702213,
       0.10610329, 0.09461475, 0.09070423, 0.1342723 , 0.04144869,
       0.10035211, 0.05461659, 0.07024648, 0.13174431, 0.09408451,
       0.11061033, 0.15253521, 0.14234742, 0.02878138, 0.13615023,
       0.0958575 , 0.12159624, 0.11737089, 0.07617881, 0.09964789,
       0.04945227, 0.1571831 , 0.08009798, 0.0943662 , 0.16161972,
       0.15030181, 0.06073944, 0.16420188, 0.12852113, 0.10967136,
       0.17967807, 0.13821596, 0.07061033, 0.09698189, 0.09765258,
       0.06610329, 0.15334507, 0.05859155, 0.05934272, 0.0829421 ,
       0.04632238, 0.09821596, 0.17545272, 0.03221066, 0.06830986,
       0.06760563, 0.09236471, 0.12595573, 0.13702213, 0.19028169,
       0.08480356, 0.14383803, 0.07605634, 0.09489437, 0.06619718,
       0.13333333, 0.14741784, 0.15492958, 0.08169014, 0.17402191,
       0.07042254, 0.05461659, 0.11760563, 0.11943662, 0.08914664,
       0.07042254, 0.11386782, 0.10873239, 0.08599834, 0.14664457,
       0.03600735, 0.10246479, 0.08375587, 0.15369718, 0.09239437,
       0.06165884, 0.19771127, 0.09408451, 0.10516432, 0.10769231,
       0.14849095, 0.12941176, 0.11060044, 0.06123054, 0.08622848]), 'class_median_width_scaled': array([0.07605634, 0.16197183, 0.14929577, 0.08591549, 0.12394366,
       0.10704225, 0.04366197, 0.15492958, 0.02253521, 0.15633803,
       0.1       , 0.03943662, 0.10985915, 0.07323944, 0.10985915,
       0.02253521, 0.10704225, 0.04788732, 0.16901408, 0.17183099,
       0.07605634, 0.05352113, 0.03098592, 0.05915493, 0.05774648,
       0.01126761, 0.10422535, 0.10140845, 0.12676056, 0.08450704,
       0.09577465, 0.15211268, 0.02816901, 0.15492958, 0.13802817,
       0.05492958, 0.03802817, 0.17464789, 0.05915493, 0.08873239,
       0.08309859, 0.13098592, 0.07323944, 0.13802817, 0.16619718,
       0.11549296, 0.06760563, 0.0056338 , 0.14647887, 0.10422535,
       0.12394366, 0.12957746, 0.09014085, 0.11267606, 0.01690141,
       0.09295775, 0.07323944, 0.16056338, 0.16478873, 0.11267606,
       0.01971831, 0.01408451, 0.05352113, 0.02957746, 0.14366197,
       0.04507042, 0.03098592, 0.10704225, 0.07887324, 0.0915493 ,
       0.12394366, 0.04225352, 0.12957746, 0.10985915, 0.03380282,
       0.14647887, 0.21126761, 0.02816901, 0.12394366, 0.13661972,
       0.12676056, 0.07323944, 0.07887324, 0.03661972, 0.1       ,
       0.07464789, 0.03380282, 0.08732394, 0.15633803, 0.11549296,
       0.10422535, 0.11830986, 0.03098592, 0.11830986, 0.1056338 ,
       0.03943662, 0.08450704, 0.15492958, 0.1028169 , 0.10422535,
       0.06056338, 0.2056338 , 0.11267606, 0.13661972, 0.13239437,
       0.12957746, 0.07605634, 0.10704225, 0.08732394, 0.07042254,
       0.15211268, 0.10140845, 0.15070423, 0.10704225, 0.18591549,
       0.05492958, 0.10985915, 0.0915493 , 0.05352113, 0.11830986,
       0.01126761, 0.13239437, 0.02253521, 0.0915493 , 0.08450704,
       0.18309859, 0.12676056, 0.14929577, 0.1084507 , 0.11830986,
       0.11267606, 0.11690141, 0.14366197, 0.1056338 , 0.01971831,
       0.12676056, 0.15492958, 0.05070423, 0.13521127, 0.14225352,
       0.08450704, 0.13521127, 0.14647887, 0.04788732, 0.05070423,
       0.10704225, 0.10422535, 0.10985915, 0.11549296, 0.16197183,
       0.09295775, 0.10985915, 0.08732394, 0.15211268, 0.12957746,
       0.19577465, 0.05211268, 0.15492958, 0.15774648, 0.05915493,
       0.17042254, 0.16901408, 0.17464789, 0.13521127, 0.16338028,
       0.07323944, 0.10422535, 0.14084507, 0.10140845, 0.11126761,
       0.08169014, 0.11830986, 0.06478873, 0.11549296, 0.11267606,
       0.12112676, 0.05915493, 0.04225352, 0.12957746, 0.10422535,
       0.06619718, 0.0943662 , 0.05774648, 0.16901408, 0.05070423,
       0.0056338 , 0.16056338, 0.1       , 0.1028169 , 0.04366197,
       0.10422535, 0.07042254, 0.13521127, 0.02816901, 0.08028169,
       0.02535211, 0.05633803, 0.12112676, 0.18028169, 0.14084507,
       0.13239437, 0.18028169, 0.02253521, 0.11690141, 0.08450704,
       0.05915493, 0.06901408, 0.09577465, 0.06478873, 0.12957746,
       0.01971831, 0.12535211, 0.13661972, 0.03380282, 0.19577465,
       0.0084507 , 0.15633803, 0.09295775, 0.11830986, 0.04507042,
       0.05352113, 0.05774648, 0.07323944, 0.05211268, 0.12676056,
       0.03661972, 0.09859155, 0.11690141, 0.08450704, 0.10422535,
       0.03380282, 0.13380282, 0.16478873, 0.05915493, 0.05633803,
       0.05633803, 0.10422535, 0.05774648, 0.12957746, 0.10140845,
       0.04225352, 0.05070423, 0.12535211, 0.08169014, 0.00985915,
       0.12112676, 0.13239437, 0.14507042, 0.03661972, 0.04084507,
       0.19014085, 0.14788732, 0.10704225, 0.12676056, 0.11830986,
       0.15774648, 0.07746479, 0.07887324, 0.08450704, 0.02535211,
       0.0915493 , 0.18732394, 0.09295775, 0.14647887, 0.13521127,
       0.05211268, 0.14929577, 0.03098592, 0.01408451, 0.13098592,
       0.10422535, 0.09295775, 0.07887324, 0.14366197, 0.03661972,
       0.09295775, 0.02112676, 0.07323944, 0.14084507, 0.08450704,
       0.10704225, 0.15774648, 0.15774648, 0.0056338 , 0.14084507,
       0.02253521, 0.07464789, 0.11830986, 0.07605634, 0.0915493 ,
       0.03521127, 0.19014085, 0.01126761, 0.09295775, 0.16760563,
       0.15633803, 0.04929577, 0.14084507, 0.12253521, 0.11267606,
       0.18309859, 0.14929577, 0.07042254, 0.11267606, 0.08732394,
       0.06197183, 0.15633803, 0.05633803, 0.07605634, 0.03380282,
       0.00704225, 0.10985915, 0.18873239, 0.01690141, 0.02816901,
       0.05352113, 0.09859155, 0.05774648, 0.13521127, 0.2       ,
       0.09014085, 0.14084507, 0.06338028, 0.08873239, 0.05492958,
       0.13521127, 0.14366197, 0.15070423, 0.07605634, 0.17464789,
       0.05070423, 0.04225352, 0.13943662, 0.12394366, 0.08169014,
       0.04507042, 0.11690141, 0.08732394, 0.08450704, 0.15774648,
       0.01971831, 0.09859155, 0.07323944, 0.15915493, 0.04507042,
       0.03802817, 0.19859155, 0.08450704, 0.09577465, 0.11267606,
       0.14647887, 0.14084507, 0.10985915, 0.05070423, 0.07042254])}

Job completed at Wed Mar 19 06:20:42 PM PDT 2025
