Starting job at Thu Mar 20 05:03:34 PM PDT 2025
Job parameters:
Dataset: data_chess
UQ Method: split_conformal_raps
Estimator: HistGradientBoosting
Seed: 785
Train Size: 0.8
Running split_conformal_raps on data_chess with seed 785 and train size 0.8

starting experiment

data created

Fitting split_conformal_raps_HistGradientBoosting on data_chess with seed 785

split_conformal_raps_HistGradientBoosting metrics: {'coverage': np.float64(0.8923734853884533), 'mean_width': np.float64(4.256414825374198), 'median_width': np.float64(5.0), 'mean_width_scaled': np.float64(0.23646749029856654), 'median_width_scaled': np.float64(0.2777777777777778)}

split_conformal_raps_HistGradientBoosting full metrics: {'coverage': np.float64(0.8923734853884533), 'mean_width': np.float64(4.256414825374198), 'median_width': np.float64(5.0), 'mean_width_scaled': np.float64(0.23646749029856654), 'median_width_scaled': np.float64(0.2777777777777778)}

split_conformal_raps_HistGradientBoosting class metrics: {'class_coverage': array([0.99284436, 0.79790941, 0.85814361, 0.95612009, 0.80851064,
       0.775     , 0.98572997, 0.79239766, 0.25      , 0.55474453,
       0.73728814, 0.76923077, 0.78085642, 0.95470799, 0.5625    ,
       0.90416667, 0.93877551, 0.        ]), 'class_mean_width': array([4.07692308, 4.49477352, 4.29422067, 3.64665127, 4.92553191,
       4.95      , 4.18441273, 4.35672515, 4.8125    , 4.62043796,
       4.79661017, 3.24358974, 4.38287154, 4.33492253, 4.625     ,
       4.32638889, 4.16326531, 5.        ]), 'class_median_width': array([4., 5., 5., 4., 5., 5., 4., 5., 5., 5., 5., 3., 5., 5., 5., 5., 5.,
       5.]), 'class_mean_width_scaled': array([0.22649573, 0.24970964, 0.23856781, 0.20259174, 0.27364066,
       0.275     , 0.23246737, 0.24204029, 0.26736111, 0.256691  ,
       0.26647834, 0.18019943, 0.24349286, 0.24082903, 0.25694444,
       0.24035494, 0.23129252, 0.27777778]), 'class_median_width_scaled': array([0.22222222, 0.27777778, 0.27777778, 0.22222222, 0.27777778,
       0.27777778, 0.22222222, 0.27777778, 0.27777778, 0.27777778,
       0.27777778, 0.16666667, 0.27777778, 0.27777778, 0.27777778,
       0.27777778, 0.27777778, 0.27777778])}

split_conformal_raps_HistGradientBoosting full class metrics: {'class_coverage': array([0.99284436, 0.79790941, 0.85814361, 0.95612009, 0.80851064,
       0.775     , 0.98572997, 0.79239766, 0.25      , 0.55474453,
       0.73728814, 0.76923077, 0.78085642, 0.95470799, 0.5625    ,
       0.90416667, 0.93877551, 0.        ]), 'class_mean_width': array([4.07692308, 4.49477352, 4.29422067, 3.64665127, 4.92553191,
       4.95      , 4.18441273, 4.35672515, 4.8125    , 4.62043796,
       4.79661017, 3.24358974, 4.38287154, 4.33492253, 4.625     ,
       4.32638889, 4.16326531, 5.        ]), 'class_median_width': array([4., 5., 5., 4., 5., 5., 4., 5., 5., 5., 5., 3., 5., 5., 5., 5., 5.,
       5.]), 'class_mean_width_scaled': array([0.22649573, 0.24970964, 0.23856781, 0.20259174, 0.27364066,
       0.275     , 0.23246737, 0.24204029, 0.26736111, 0.256691  ,
       0.26647834, 0.18019943, 0.24349286, 0.24082903, 0.25694444,
       0.24035494, 0.23129252, 0.27777778]), 'class_median_width_scaled': array([0.22222222, 0.27777778, 0.27777778, 0.22222222, 0.27777778,
       0.27777778, 0.22222222, 0.27777778, 0.27777778, 0.27777778,
       0.27777778, 0.16666667, 0.27777778, 0.27777778, 0.27777778,
       0.27777778, 0.27777778, 0.27777778])}

Job completed at Thu Mar 20 05:03:40 PM PDT 2025
