Starting job at Thu Mar 20 05:03:10 PM PDT 2025
Job parameters:
Dataset: data_cover_type
UQ Method: split_conformal_aps
Estimator: HistGradientBoosting
Seed: 777
Train Size: 0.8
Running split_conformal_aps on data_cover_type with seed 777 and train size 0.8

starting experiment

data created

Fitting split_conformal_aps_HistGradientBoosting on data_cover_type with seed 777

split_conformal_aps_HistGradientBoosting metrics: {'coverage': np.float64(0.899), 'mean_width': np.float64(16.147), 'median_width': np.float64(10.0), 'mean_width_scaled': np.float64(0.16146999999999997), 'median_width_scaled': np.float64(0.1)}

split_conformal_aps_HistGradientBoosting full metrics: {'coverage': np.float64(0.899), 'mean_width': np.float64(16.147), 'median_width': np.float64(10.0), 'mean_width_scaled': np.float64(0.16146999999999997), 'median_width_scaled': np.float64(0.1)}

split_conformal_aps_HistGradientBoosting class metrics: {'class_coverage': array([0.8 , 0.85, 0.85, 0.95, 1.  , 0.85, 0.95, 0.95, 0.95, 0.95, 0.8 ,
       0.95, 0.85, 0.95, 0.9 , 0.9 , 1.  , 0.85, 0.95, 0.85, 0.95, 0.75,
       0.95, 1.  , 0.85, 0.9 , 0.9 , 0.85, 0.9 , 0.95, 0.95, 0.9 , 0.8 ,
       0.95, 1.  , 0.6 , 0.9 , 0.85, 0.9 , 0.9 , 1.  , 0.9 , 0.9 , 1.  ,
       0.95, 1.  , 0.95, 1.  , 0.8 , 0.95, 0.85, 0.75, 1.  , 0.8 , 0.95,
       0.95, 0.85, 0.95, 0.85, 1.  , 0.95, 0.8 , 0.95, 0.95, 0.7 , 1.  ,
       0.95, 1.  , 0.95, 0.95, 0.95, 0.95, 0.85, 0.85, 0.95, 0.8 , 1.  ,
       0.8 , 0.95, 0.8 , 0.9 , 0.9 , 0.85, 0.9 , 0.75, 0.85, 0.85, 0.95,
       0.65, 0.9 , 0.85, 0.95, 0.85, 0.9 , 0.95, 1.  , 0.85, 0.85, 0.9 ,
       0.95]), 'class_mean_width': array([15.2 , 21.55, 17.6 , 12.6 , 20.55, 21.4 ,  8.45, 31.45, 27.15,
       18.05, 16.6 , 15.65, 15.35, 24.75, 22.8 , 17.9 , 21.5 ,  7.85,
        4.95, 17.4 ,  8.1 , 18.  , 14.2 ,  9.95, 12.4 , 18.15,  3.1 ,
       23.9 , 22.55, 15.2 ,  8.  , 24.55, 16.85, 17.65, 13.7 , 17.85,
       19.7 , 18.75, 24.3 , 19.95,  7.8 , 21.35, 29.55,  2.85,  6.15,
       24.2 ,  4.8 ,  6.15,  8.4 , 15.  , 20.25,  3.6 , 10.3 , 25.25,
       22.5 , 11.15, 21.95, 19.65, 16.2 ,  6.65, 25.7 , 21.95, 19.65,
       10.55, 27.1 , 27.95, 10.6 ,  5.5 , 29.05, 38.8 , 23.25, 13.4 ,
       16.8 , 21.5 , 10.5 ,  9.8 ,  3.25, 12.4 , 17.35, 20.9 , 20.4 ,
       13.7 , 17.6 ,  9.8 , 14.05,  5.35,  8.95, 12.35,  8.1 , 23.5 ,
       19.95, 10.4 , 21.2 ,  6.7 , 14.8 , 12.5 , 19.65, 14.1 , 19.6 ,
        6.65]), 'class_median_width': array([ 8. , 17. ,  9. ,  9.5,  4.5, 17.5,  2. , 30.5, 20.5, 15.5,  8.5,
       11.5, 12.5, 17. , 16. , 17. ,  5. ,  3.5,  3. , 12.5,  4. , 13.5,
        5. ,  4. ,  3. , 10.5,  1. , 25. , 21. ,  9.5,  6. , 24. , 10.5,
       15. ,  8.5, 13. , 16. , 20.5, 29. , 14. ,  3. , 20. , 36. ,  1. ,
        2.5, 30. ,  1. ,  1. ,  1. , 13. , 18. ,  2. ,  6. , 18.5, 26.5,
        1. , 18.5, 17. , 18. ,  4. , 27.5, 21. ,  4. ,  2. , 23. , 25.5,
        5. ,  2.5, 21.5, 38.5, 14. ,  3. ,  4.5, 18.5,  6. ,  2. ,  1. ,
        9. , 15. , 18.5, 17.5, 10. , 13. ,  1. , 10. ,  3. ,  4.5,  3. ,
        4.5, 20. , 16.5,  3.5, 17.5,  5.5, 11. ,  1.5, 22. ,  4.5, 17.5,
        2.5]), 'class_mean_width_scaled': array([0.152 , 0.2155, 0.176 , 0.126 , 0.2055, 0.214 , 0.0845, 0.3145,
       0.2715, 0.1805, 0.166 , 0.1565, 0.1535, 0.2475, 0.228 , 0.179 ,
       0.215 , 0.0785, 0.0495, 0.174 , 0.081 , 0.18  , 0.142 , 0.0995,
       0.124 , 0.1815, 0.031 , 0.239 , 0.2255, 0.152 , 0.08  , 0.2455,
       0.1685, 0.1765, 0.137 , 0.1785, 0.197 , 0.1875, 0.243 , 0.1995,
       0.078 , 0.2135, 0.2955, 0.0285, 0.0615, 0.242 , 0.048 , 0.0615,
       0.084 , 0.15  , 0.2025, 0.036 , 0.103 , 0.2525, 0.225 , 0.1115,
       0.2195, 0.1965, 0.162 , 0.0665, 0.257 , 0.2195, 0.1965, 0.1055,
       0.271 , 0.2795, 0.106 , 0.055 , 0.2905, 0.388 , 0.2325, 0.134 ,
       0.168 , 0.215 , 0.105 , 0.098 , 0.0325, 0.124 , 0.1735, 0.209 ,
       0.204 , 0.137 , 0.176 , 0.098 , 0.1405, 0.0535, 0.0895, 0.1235,
       0.081 , 0.235 , 0.1995, 0.104 , 0.212 , 0.067 , 0.148 , 0.125 ,
       0.1965, 0.141 , 0.196 , 0.0665]), 'class_median_width_scaled': array([0.08 , 0.17 , 0.09 , 0.095, 0.045, 0.175, 0.02 , 0.305, 0.205,
       0.155, 0.085, 0.115, 0.125, 0.17 , 0.16 , 0.17 , 0.05 , 0.035,
       0.03 , 0.125, 0.04 , 0.135, 0.05 , 0.04 , 0.03 , 0.105, 0.01 ,
       0.25 , 0.21 , 0.095, 0.06 , 0.24 , 0.105, 0.15 , 0.085, 0.13 ,
       0.16 , 0.205, 0.29 , 0.14 , 0.03 , 0.2  , 0.36 , 0.01 , 0.025,
       0.3  , 0.01 , 0.01 , 0.01 , 0.13 , 0.18 , 0.02 , 0.06 , 0.185,
       0.265, 0.01 , 0.185, 0.17 , 0.18 , 0.04 , 0.275, 0.21 , 0.04 ,
       0.02 , 0.23 , 0.255, 0.05 , 0.025, 0.215, 0.385, 0.14 , 0.03 ,
       0.045, 0.185, 0.06 , 0.02 , 0.01 , 0.09 , 0.15 , 0.185, 0.175,
       0.1  , 0.13 , 0.01 , 0.1  , 0.03 , 0.045, 0.03 , 0.045, 0.2  ,
       0.165, 0.035, 0.175, 0.055, 0.11 , 0.015, 0.22 , 0.045, 0.175,
       0.025])}

split_conformal_aps_HistGradientBoosting full class metrics: {'class_coverage': array([0.8 , 0.85, 0.85, 0.95, 1.  , 0.85, 0.95, 0.95, 0.95, 0.95, 0.8 ,
       0.95, 0.85, 0.95, 0.9 , 0.9 , 1.  , 0.85, 0.95, 0.85, 0.95, 0.75,
       0.95, 1.  , 0.85, 0.9 , 0.9 , 0.85, 0.9 , 0.95, 0.95, 0.9 , 0.8 ,
       0.95, 1.  , 0.6 , 0.9 , 0.85, 0.9 , 0.9 , 1.  , 0.9 , 0.9 , 1.  ,
       0.95, 1.  , 0.95, 1.  , 0.8 , 0.95, 0.85, 0.75, 1.  , 0.8 , 0.95,
       0.95, 0.85, 0.95, 0.85, 1.  , 0.95, 0.8 , 0.95, 0.95, 0.7 , 1.  ,
       0.95, 1.  , 0.95, 0.95, 0.95, 0.95, 0.85, 0.85, 0.95, 0.8 , 1.  ,
       0.8 , 0.95, 0.8 , 0.9 , 0.9 , 0.85, 0.9 , 0.75, 0.85, 0.85, 0.95,
       0.65, 0.9 , 0.85, 0.95, 0.85, 0.9 , 0.95, 1.  , 0.85, 0.85, 0.9 ,
       0.95]), 'class_mean_width': array([15.2 , 21.55, 17.6 , 12.6 , 20.55, 21.4 ,  8.45, 31.45, 27.15,
       18.05, 16.6 , 15.65, 15.35, 24.75, 22.8 , 17.9 , 21.5 ,  7.85,
        4.95, 17.4 ,  8.1 , 18.  , 14.2 ,  9.95, 12.4 , 18.15,  3.1 ,
       23.9 , 22.55, 15.2 ,  8.  , 24.55, 16.85, 17.65, 13.7 , 17.85,
       19.7 , 18.75, 24.3 , 19.95,  7.8 , 21.35, 29.55,  2.85,  6.15,
       24.2 ,  4.8 ,  6.15,  8.4 , 15.  , 20.25,  3.6 , 10.3 , 25.25,
       22.5 , 11.15, 21.95, 19.65, 16.2 ,  6.65, 25.7 , 21.95, 19.65,
       10.55, 27.1 , 27.95, 10.6 ,  5.5 , 29.05, 38.8 , 23.25, 13.4 ,
       16.8 , 21.5 , 10.5 ,  9.8 ,  3.25, 12.4 , 17.35, 20.9 , 20.4 ,
       13.7 , 17.6 ,  9.8 , 14.05,  5.35,  8.95, 12.35,  8.1 , 23.5 ,
       19.95, 10.4 , 21.2 ,  6.7 , 14.8 , 12.5 , 19.65, 14.1 , 19.6 ,
        6.65]), 'class_median_width': array([ 8. , 17. ,  9. ,  9.5,  4.5, 17.5,  2. , 30.5, 20.5, 15.5,  8.5,
       11.5, 12.5, 17. , 16. , 17. ,  5. ,  3.5,  3. , 12.5,  4. , 13.5,
        5. ,  4. ,  3. , 10.5,  1. , 25. , 21. ,  9.5,  6. , 24. , 10.5,
       15. ,  8.5, 13. , 16. , 20.5, 29. , 14. ,  3. , 20. , 36. ,  1. ,
        2.5, 30. ,  1. ,  1. ,  1. , 13. , 18. ,  2. ,  6. , 18.5, 26.5,
        1. , 18.5, 17. , 18. ,  4. , 27.5, 21. ,  4. ,  2. , 23. , 25.5,
        5. ,  2.5, 21.5, 38.5, 14. ,  3. ,  4.5, 18.5,  6. ,  2. ,  1. ,
        9. , 15. , 18.5, 17.5, 10. , 13. ,  1. , 10. ,  3. ,  4.5,  3. ,
        4.5, 20. , 16.5,  3.5, 17.5,  5.5, 11. ,  1.5, 22. ,  4.5, 17.5,
        2.5]), 'class_mean_width_scaled': array([0.152 , 0.2155, 0.176 , 0.126 , 0.2055, 0.214 , 0.0845, 0.3145,
       0.2715, 0.1805, 0.166 , 0.1565, 0.1535, 0.2475, 0.228 , 0.179 ,
       0.215 , 0.0785, 0.0495, 0.174 , 0.081 , 0.18  , 0.142 , 0.0995,
       0.124 , 0.1815, 0.031 , 0.239 , 0.2255, 0.152 , 0.08  , 0.2455,
       0.1685, 0.1765, 0.137 , 0.1785, 0.197 , 0.1875, 0.243 , 0.1995,
       0.078 , 0.2135, 0.2955, 0.0285, 0.0615, 0.242 , 0.048 , 0.0615,
       0.084 , 0.15  , 0.2025, 0.036 , 0.103 , 0.2525, 0.225 , 0.1115,
       0.2195, 0.1965, 0.162 , 0.0665, 0.257 , 0.2195, 0.1965, 0.1055,
       0.271 , 0.2795, 0.106 , 0.055 , 0.2905, 0.388 , 0.2325, 0.134 ,
       0.168 , 0.215 , 0.105 , 0.098 , 0.0325, 0.124 , 0.1735, 0.209 ,
       0.204 , 0.137 , 0.176 , 0.098 , 0.1405, 0.0535, 0.0895, 0.1235,
       0.081 , 0.235 , 0.1995, 0.104 , 0.212 , 0.067 , 0.148 , 0.125 ,
       0.1965, 0.141 , 0.196 , 0.0665]), 'class_median_width_scaled': array([0.08 , 0.17 , 0.09 , 0.095, 0.045, 0.175, 0.02 , 0.305, 0.205,
       0.155, 0.085, 0.115, 0.125, 0.17 , 0.16 , 0.17 , 0.05 , 0.035,
       0.03 , 0.125, 0.04 , 0.135, 0.05 , 0.04 , 0.03 , 0.105, 0.01 ,
       0.25 , 0.21 , 0.095, 0.06 , 0.24 , 0.105, 0.15 , 0.085, 0.13 ,
       0.16 , 0.205, 0.29 , 0.14 , 0.03 , 0.2  , 0.36 , 0.01 , 0.025,
       0.3  , 0.01 , 0.01 , 0.01 , 0.13 , 0.18 , 0.02 , 0.06 , 0.185,
       0.265, 0.01 , 0.185, 0.17 , 0.18 , 0.04 , 0.275, 0.21 , 0.04 ,
       0.02 , 0.23 , 0.255, 0.05 , 0.025, 0.215, 0.385, 0.14 , 0.03 ,
       0.045, 0.185, 0.06 , 0.02 , 0.01 , 0.09 , 0.15 , 0.185, 0.175,
       0.1  , 0.13 , 0.01 , 0.1  , 0.03 , 0.045, 0.03 , 0.045, 0.2  ,
       0.165, 0.035, 0.175, 0.055, 0.11 , 0.015, 0.22 , 0.045, 0.175,
       0.025])}

Job completed at Thu Mar 20 05:03:23 PM PDT 2025
