Starting job at Thu Mar 20 05:03:51 PM PDT 2025
Job parameters:
Dataset: data_isolet
UQ Method: split_conformal_raps
Estimator: ExtraTrees
Seed: 786
Train Size: 0.8
Running split_conformal_raps on data_isolet with seed 786 and train size 0.8

starting experiment

data created

Fitting split_conformal_raps_ExtraTrees on data_isolet with seed 786

split_conformal_raps_ExtraTrees metrics: {'coverage': np.float64(0.916025641025641), 'mean_width': np.float64(1.8192307692307692), 'median_width': np.float64(1.0), 'mean_width_scaled': np.float64(0.06997041420118343), 'median_width_scaled': np.float64(0.038461538461538464)}

split_conformal_raps_ExtraTrees full metrics: {'coverage': np.float64(0.916025641025641), 'mean_width': np.float64(1.8192307692307692), 'median_width': np.float64(1.0), 'mean_width_scaled': np.float64(0.06997041420118343), 'median_width_scaled': np.float64(0.038461538461538464)}

split_conformal_raps_ExtraTrees class metrics: {'class_coverage': array([0.98333333, 0.98333333, 0.86666667, 0.98333333, 0.93333333,
       0.78333333, 0.96666667, 0.75      , 0.98333333, 0.98333333,
       0.98333333, 0.8       , 0.78333333, 0.98333333, 0.78333333,
       0.9       , 0.95      , 0.96666667, 0.88333333, 0.98333333,
       0.9       , 0.85      , 0.91666667, 0.96666667, 0.95      ,
       1.        ]), 'class_mean_width': array([1.        , 1.        , 1.        , 1.83333333, 1.        ,
       1.        , 1.83333333, 1.        , 2.66666667, 3.5       ,
       1.83333333, 1.        , 1.01666667, 1.83333333, 1.        ,
       1.01666667, 2.66666667, 3.08333333, 1.83333333, 2.25      ,
       1.43333333, 1.        , 2.66666667, 1.        , 3.91666667,
       3.91666667]), 'class_median_width': array([1., 1., 1., 1., 1., 1., 1., 1., 1., 1., 1., 1., 1., 1., 1., 1., 1.,
       1., 1., 1., 1., 1., 1., 1., 1., 1.]), 'class_mean_width_scaled': array([0.03846154, 0.03846154, 0.03846154, 0.07051282, 0.03846154,
       0.03846154, 0.07051282, 0.03846154, 0.1025641 , 0.13461538,
       0.07051282, 0.03846154, 0.03910256, 0.07051282, 0.03846154,
       0.03910256, 0.1025641 , 0.11858974, 0.07051282, 0.08653846,
       0.05512821, 0.03846154, 0.1025641 , 0.03846154, 0.15064103,
       0.15064103]), 'class_median_width_scaled': array([0.03846154, 0.03846154, 0.03846154, 0.03846154, 0.03846154,
       0.03846154, 0.03846154, 0.03846154, 0.03846154, 0.03846154,
       0.03846154, 0.03846154, 0.03846154, 0.03846154, 0.03846154,
       0.03846154, 0.03846154, 0.03846154, 0.03846154, 0.03846154,
       0.03846154, 0.03846154, 0.03846154, 0.03846154, 0.03846154,
       0.03846154])}

split_conformal_raps_ExtraTrees full class metrics: {'class_coverage': array([0.98333333, 0.98333333, 0.86666667, 0.98333333, 0.93333333,
       0.78333333, 0.96666667, 0.75      , 0.98333333, 0.98333333,
       0.98333333, 0.8       , 0.78333333, 0.98333333, 0.78333333,
       0.9       , 0.95      , 0.96666667, 0.88333333, 0.98333333,
       0.9       , 0.85      , 0.91666667, 0.96666667, 0.95      ,
       1.        ]), 'class_mean_width': array([1.        , 1.        , 1.        , 1.83333333, 1.        ,
       1.        , 1.83333333, 1.        , 2.66666667, 3.5       ,
       1.83333333, 1.        , 1.01666667, 1.83333333, 1.        ,
       1.01666667, 2.66666667, 3.08333333, 1.83333333, 2.25      ,
       1.43333333, 1.        , 2.66666667, 1.        , 3.91666667,
       3.91666667]), 'class_median_width': array([1., 1., 1., 1., 1., 1., 1., 1., 1., 1., 1., 1., 1., 1., 1., 1., 1.,
       1., 1., 1., 1., 1., 1., 1., 1., 1.]), 'class_mean_width_scaled': array([0.03846154, 0.03846154, 0.03846154, 0.07051282, 0.03846154,
       0.03846154, 0.07051282, 0.03846154, 0.1025641 , 0.13461538,
       0.07051282, 0.03846154, 0.03910256, 0.07051282, 0.03846154,
       0.03910256, 0.1025641 , 0.11858974, 0.07051282, 0.08653846,
       0.05512821, 0.03846154, 0.1025641 , 0.03846154, 0.15064103,
       0.15064103]), 'class_median_width_scaled': array([0.03846154, 0.03846154, 0.03846154, 0.03846154, 0.03846154,
       0.03846154, 0.03846154, 0.03846154, 0.03846154, 0.03846154,
       0.03846154, 0.03846154, 0.03846154, 0.03846154, 0.03846154,
       0.03846154, 0.03846154, 0.03846154, 0.03846154, 0.03846154,
       0.03846154, 0.03846154, 0.03846154, 0.03846154, 0.03846154,
       0.03846154])}

Job completed at Thu Mar 20 05:03:54 PM PDT 2025
