Starting job at Thu Mar 20 05:03:43 PM PDT 2025
Job parameters:
Dataset: data_isolet
UQ Method: split_conformal_raps
Estimator: ExtraTrees
Seed: 778
Train Size: 0.8
Running split_conformal_raps on data_isolet with seed 778 and train size 0.8

starting experiment

data created

Fitting split_conformal_raps_ExtraTrees on data_isolet with seed 778

split_conformal_raps_ExtraTrees metrics: {'coverage': np.float64(0.9275641025641026), 'mean_width': np.float64(2.0435897435897434), 'median_width': np.float64(1.0), 'mean_width_scaled': np.float64(0.07859960552268244), 'median_width_scaled': np.float64(0.038461538461538464)}

split_conformal_raps_ExtraTrees full metrics: {'coverage': np.float64(0.9275641025641026), 'mean_width': np.float64(2.0435897435897434), 'median_width': np.float64(1.0), 'mean_width_scaled': np.float64(0.07859960552268244), 'median_width_scaled': np.float64(0.038461538461538464)}

split_conformal_raps_ExtraTrees class metrics: {'class_coverage': array([0.96666667, 0.96666667, 0.95      , 0.96666667, 0.88333333,
       0.86666667, 1.        , 0.85      , 0.98333333, 0.95      ,
       1.        , 0.85      , 0.83333333, 0.98333333, 0.8       ,
       0.91666667, 0.96666667, 0.98333333, 0.95      , 0.98333333,
       0.86666667, 0.81666667, 0.96666667, 0.88333333, 0.98333333,
       0.95      ]), 'class_mean_width': array([1.        , 1.        , 1.41666667, 2.25      , 1.        ,
       1.        , 2.25      , 1.03333333, 1.83333333, 5.16666667,
       3.91666667, 1.        , 1.        , 1.41666667, 1.01666667,
       1.        , 2.25      , 3.5       , 2.66666667, 5.16666667,
       1.        , 1.        , 1.83333333, 1.        , 3.5       ,
       3.91666667]), 'class_median_width': array([1., 1., 1., 1., 1., 1., 1., 1., 1., 1., 1., 1., 1., 1., 1., 1., 1.,
       1., 1., 1., 1., 1., 1., 1., 1., 1.]), 'class_mean_width_scaled': array([0.03846154, 0.03846154, 0.05448718, 0.08653846, 0.03846154,
       0.03846154, 0.08653846, 0.03974359, 0.07051282, 0.19871795,
       0.15064103, 0.03846154, 0.03846154, 0.05448718, 0.03910256,
       0.03846154, 0.08653846, 0.13461538, 0.1025641 , 0.19871795,
       0.03846154, 0.03846154, 0.07051282, 0.03846154, 0.13461538,
       0.15064103]), 'class_median_width_scaled': array([0.03846154, 0.03846154, 0.03846154, 0.03846154, 0.03846154,
       0.03846154, 0.03846154, 0.03846154, 0.03846154, 0.03846154,
       0.03846154, 0.03846154, 0.03846154, 0.03846154, 0.03846154,
       0.03846154, 0.03846154, 0.03846154, 0.03846154, 0.03846154,
       0.03846154, 0.03846154, 0.03846154, 0.03846154, 0.03846154,
       0.03846154])}

split_conformal_raps_ExtraTrees full class metrics: {'class_coverage': array([0.96666667, 0.96666667, 0.95      , 0.96666667, 0.88333333,
       0.86666667, 1.        , 0.85      , 0.98333333, 0.95      ,
       1.        , 0.85      , 0.83333333, 0.98333333, 0.8       ,
       0.91666667, 0.96666667, 0.98333333, 0.95      , 0.98333333,
       0.86666667, 0.81666667, 0.96666667, 0.88333333, 0.98333333,
       0.95      ]), 'class_mean_width': array([1.        , 1.        , 1.41666667, 2.25      , 1.        ,
       1.        , 2.25      , 1.03333333, 1.83333333, 5.16666667,
       3.91666667, 1.        , 1.        , 1.41666667, 1.01666667,
       1.        , 2.25      , 3.5       , 2.66666667, 5.16666667,
       1.        , 1.        , 1.83333333, 1.        , 3.5       ,
       3.91666667]), 'class_median_width': array([1., 1., 1., 1., 1., 1., 1., 1., 1., 1., 1., 1., 1., 1., 1., 1., 1.,
       1., 1., 1., 1., 1., 1., 1., 1., 1.]), 'class_mean_width_scaled': array([0.03846154, 0.03846154, 0.05448718, 0.08653846, 0.03846154,
       0.03846154, 0.08653846, 0.03974359, 0.07051282, 0.19871795,
       0.15064103, 0.03846154, 0.03846154, 0.05448718, 0.03910256,
       0.03846154, 0.08653846, 0.13461538, 0.1025641 , 0.19871795,
       0.03846154, 0.03846154, 0.07051282, 0.03846154, 0.13461538,
       0.15064103]), 'class_median_width_scaled': array([0.03846154, 0.03846154, 0.03846154, 0.03846154, 0.03846154,
       0.03846154, 0.03846154, 0.03846154, 0.03846154, 0.03846154,
       0.03846154, 0.03846154, 0.03846154, 0.03846154, 0.03846154,
       0.03846154, 0.03846154, 0.03846154, 0.03846154, 0.03846154,
       0.03846154, 0.03846154, 0.03846154, 0.03846154, 0.03846154,
       0.03846154])}

Job completed at Thu Mar 20 05:03:46 PM PDT 2025
