Starting job at Thu Mar 20 05:03:45 PM PDT 2025
Job parameters:
Dataset: data_isolet
UQ Method: split_conformal_raps
Estimator: ExtraTrees
Seed: 780
Train Size: 0.8
Running split_conformal_raps on data_isolet with seed 780 and train size 0.8

starting experiment

data created

Fitting split_conformal_raps_ExtraTrees on data_isolet with seed 780

split_conformal_raps_ExtraTrees metrics: {'coverage': np.float64(0.9243589743589744), 'mean_width': np.float64(1.55), 'median_width': np.float64(1.0), 'mean_width_scaled': np.float64(0.05961538461538462), 'median_width_scaled': np.float64(0.038461538461538464)}

split_conformal_raps_ExtraTrees full metrics: {'coverage': np.float64(0.9243589743589744), 'mean_width': np.float64(1.55), 'median_width': np.float64(1.0), 'mean_width_scaled': np.float64(0.05961538461538462), 'median_width_scaled': np.float64(0.038461538461538464)}

split_conformal_raps_ExtraTrees class metrics: {'class_coverage': array([0.95      , 0.96666667, 0.9       , 0.96666667, 0.91666667,
       0.8       , 0.98333333, 0.81666667, 1.        , 1.        ,
       1.        , 0.93333333, 0.7       , 0.96666667, 0.8       ,
       0.86666667, 1.        , 0.98333333, 0.95      , 1.        ,
       0.83333333, 0.83333333, 0.95      , 0.95      , 1.        ,
       0.96666667]), 'class_mean_width': array([1.        , 1.        , 1.        , 1.83333333, 1.01666667,
       1.        , 1.41666667, 1.01666667, 1.45      , 2.25      ,
       3.08333333, 1.        , 1.01666667, 1.83333333, 1.        ,
       1.01666667, 1.41666667, 1.        , 1.83333333, 4.75      ,
       1.43333333, 1.        , 1.41666667, 1.01666667, 2.25      ,
       2.25      ]), 'class_median_width': array([1., 1., 1., 1., 1., 1., 1., 1., 1., 1., 1., 1., 1., 1., 1., 1., 1.,
       1., 1., 1., 1., 1., 1., 1., 1., 1.]), 'class_mean_width_scaled': array([0.03846154, 0.03846154, 0.03846154, 0.07051282, 0.03910256,
       0.03846154, 0.05448718, 0.03910256, 0.05576923, 0.08653846,
       0.11858974, 0.03846154, 0.03910256, 0.07051282, 0.03846154,
       0.03910256, 0.05448718, 0.03846154, 0.07051282, 0.18269231,
       0.05512821, 0.03846154, 0.05448718, 0.03910256, 0.08653846,
       0.08653846]), 'class_median_width_scaled': array([0.03846154, 0.03846154, 0.03846154, 0.03846154, 0.03846154,
       0.03846154, 0.03846154, 0.03846154, 0.03846154, 0.03846154,
       0.03846154, 0.03846154, 0.03846154, 0.03846154, 0.03846154,
       0.03846154, 0.03846154, 0.03846154, 0.03846154, 0.03846154,
       0.03846154, 0.03846154, 0.03846154, 0.03846154, 0.03846154,
       0.03846154])}

split_conformal_raps_ExtraTrees full class metrics: {'class_coverage': array([0.95      , 0.96666667, 0.9       , 0.96666667, 0.91666667,
       0.8       , 0.98333333, 0.81666667, 1.        , 1.        ,
       1.        , 0.93333333, 0.7       , 0.96666667, 0.8       ,
       0.86666667, 1.        , 0.98333333, 0.95      , 1.        ,
       0.83333333, 0.83333333, 0.95      , 0.95      , 1.        ,
       0.96666667]), 'class_mean_width': array([1.        , 1.        , 1.        , 1.83333333, 1.01666667,
       1.        , 1.41666667, 1.01666667, 1.45      , 2.25      ,
       3.08333333, 1.        , 1.01666667, 1.83333333, 1.        ,
       1.01666667, 1.41666667, 1.        , 1.83333333, 4.75      ,
       1.43333333, 1.        , 1.41666667, 1.01666667, 2.25      ,
       2.25      ]), 'class_median_width': array([1., 1., 1., 1., 1., 1., 1., 1., 1., 1., 1., 1., 1., 1., 1., 1., 1.,
       1., 1., 1., 1., 1., 1., 1., 1., 1.]), 'class_mean_width_scaled': array([0.03846154, 0.03846154, 0.03846154, 0.07051282, 0.03910256,
       0.03846154, 0.05448718, 0.03910256, 0.05576923, 0.08653846,
       0.11858974, 0.03846154, 0.03910256, 0.07051282, 0.03846154,
       0.03910256, 0.05448718, 0.03846154, 0.07051282, 0.18269231,
       0.05512821, 0.03846154, 0.05448718, 0.03910256, 0.08653846,
       0.08653846]), 'class_median_width_scaled': array([0.03846154, 0.03846154, 0.03846154, 0.03846154, 0.03846154,
       0.03846154, 0.03846154, 0.03846154, 0.03846154, 0.03846154,
       0.03846154, 0.03846154, 0.03846154, 0.03846154, 0.03846154,
       0.03846154, 0.03846154, 0.03846154, 0.03846154, 0.03846154,
       0.03846154, 0.03846154, 0.03846154, 0.03846154, 0.03846154,
       0.03846154])}

Job completed at Thu Mar 20 05:03:50 PM PDT 2025
