Starting job at Wed Mar 19 06:21:53 PM PDT 2025
Job parameters:
Dataset: data_walking
UQ Method: split_conformal_aps
Estimator: LogisticRegression
Seed: 780
Train Size: 0.8
Running split_conformal_aps on data_walking with seed 780 and train size 0.8

starting experiment

data created

Fitting split_conformal_aps_LogisticRegression on data_walking with seed 780

split_conformal_aps_LogisticRegression metrics: {'coverage': np.float64(0.9066666666666666), 'mean_width': np.float64(8.508333333333333), 'median_width': np.float64(8.0), 'mean_width_scaled': np.float64(0.3867424242424242), 'median_width_scaled': np.float64(0.36363636363636365)}

split_conformal_aps_LogisticRegression full metrics: {'coverage': np.float64(0.9066666666666666), 'mean_width': np.float64(8.508333333333333), 'median_width': np.float64(8.0), 'mean_width_scaled': np.float64(0.3867424242424242), 'median_width_scaled': np.float64(0.36363636363636365)}

split_conformal_aps_LogisticRegression class metrics: {'class_coverage': array([0.78225806, 0.91111111, 0.95454545, 0.95575221, 0.9       ,
       0.79856115, 0.94392523, 0.37823834, 0.96282528, 0.98757764,
       0.85714286, 1.        , 0.66666667, 0.9219457 , 0.89688249,
       0.83333333, 0.97650514, 0.91129032, 0.94615385, 0.92307692,
       0.91304348, 0.94285714]), 'class_mean_width': array([12.02419355,  8.95555556, 11.38383838, 10.82743363,  7.67333333,
       12.        , 10.49844237, 10.52331606, 10.59851301,  8.08695652,
       12.96598639, 11.97297297, 13.08695652,  5.239819  ,  5.21822542,
       10.37254902,  6.93538913, 13.51612903,  9.12051282, 12.80128205,
       10.60869565,  9.58928571]), 'class_median_width': array([13. ,  8. , 12. , 11. ,  8. , 12. , 11. , 11. , 10. ,  7. , 13. ,
       12. , 14. ,  3.5,  4. , 10. ,  6. , 14. ,  9. , 13. , 11.5,  9. ]), 'class_mean_width_scaled': array([0.54655425, 0.40707071, 0.5174472 , 0.49215607, 0.34878788,
       0.54545455, 0.47720193, 0.47833255, 0.48175059, 0.36758893,
       0.58936302, 0.54422604, 0.59486166, 0.23817359, 0.23719206,
       0.4714795 , 0.31524496, 0.6143695 , 0.41456876, 0.58187646,
       0.48221344, 0.43587662]), 'class_median_width_scaled': array([0.59090909, 0.36363636, 0.54545455, 0.5       , 0.36363636,
       0.54545455, 0.5       , 0.5       , 0.45454545, 0.31818182,
       0.59090909, 0.54545455, 0.63636364, 0.15909091, 0.18181818,
       0.45454545, 0.27272727, 0.63636364, 0.40909091, 0.59090909,
       0.52272727, 0.40909091])}

split_conformal_aps_LogisticRegression full class metrics: {'class_coverage': array([0.78225806, 0.91111111, 0.95454545, 0.95575221, 0.9       ,
       0.79856115, 0.94392523, 0.37823834, 0.96282528, 0.98757764,
       0.85714286, 1.        , 0.66666667, 0.9219457 , 0.89688249,
       0.83333333, 0.97650514, 0.91129032, 0.94615385, 0.92307692,
       0.91304348, 0.94285714]), 'class_mean_width': array([12.02419355,  8.95555556, 11.38383838, 10.82743363,  7.67333333,
       12.        , 10.49844237, 10.52331606, 10.59851301,  8.08695652,
       12.96598639, 11.97297297, 13.08695652,  5.239819  ,  5.21822542,
       10.37254902,  6.93538913, 13.51612903,  9.12051282, 12.80128205,
       10.60869565,  9.58928571]), 'class_median_width': array([13. ,  8. , 12. , 11. ,  8. , 12. , 11. , 11. , 10. ,  7. , 13. ,
       12. , 14. ,  3.5,  4. , 10. ,  6. , 14. ,  9. , 13. , 11.5,  9. ]), 'class_mean_width_scaled': array([0.54655425, 0.40707071, 0.5174472 , 0.49215607, 0.34878788,
       0.54545455, 0.47720193, 0.47833255, 0.48175059, 0.36758893,
       0.58936302, 0.54422604, 0.59486166, 0.23817359, 0.23719206,
       0.4714795 , 0.31524496, 0.6143695 , 0.41456876, 0.58187646,
       0.48221344, 0.43587662]), 'class_median_width_scaled': array([0.59090909, 0.36363636, 0.54545455, 0.5       , 0.36363636,
       0.54545455, 0.5       , 0.5       , 0.45454545, 0.31818182,
       0.59090909, 0.54545455, 0.63636364, 0.15909091, 0.18181818,
       0.45454545, 0.27272727, 0.63636364, 0.40909091, 0.59090909,
       0.52272727, 0.40909091])}

Job completed at Wed Mar 19 06:21:59 PM PDT 2025
