Starting job at Wed Mar 19 06:22:03 PM PDT 2025
Job parameters:
Dataset: data_walking
UQ Method: split_conformal_aps
Estimator: LogisticRegression
Seed: 786
Train Size: 0.8
Running split_conformal_aps on data_walking with seed 786 and train size 0.8

starting experiment

data created

Fitting split_conformal_aps_LogisticRegression on data_walking with seed 786

split_conformal_aps_LogisticRegression metrics: {'coverage': np.float64(0.8901666666666667), 'mean_width': np.float64(8.121833333333333), 'median_width': np.float64(8.0), 'mean_width_scaled': np.float64(0.3691742424242424), 'median_width_scaled': np.float64(0.36363636363636365)}

split_conformal_aps_LogisticRegression full metrics: {'coverage': np.float64(0.8901666666666667), 'mean_width': np.float64(8.121833333333333), 'median_width': np.float64(8.0), 'mean_width_scaled': np.float64(0.3691742424242424), 'median_width_scaled': np.float64(0.36363636363636365)}

split_conformal_aps_LogisticRegression class metrics: {'class_coverage': array([0.84677419, 0.68888889, 0.96969697, 0.96460177, 0.86666667,
       0.8057554 , 0.90965732, 0.44559585, 0.94423792, 0.98757764,
       0.8707483 , 1.        , 0.71014493, 0.87895928, 0.86330935,
       0.8627451 , 0.94273128, 0.9516129 , 0.91794872, 0.88461538,
       0.7826087 , 0.94642857]), 'class_mean_width': array([11.35483871,  9.02222222, 10.97474747, 10.35840708,  7.39333333,
       11.92805755,  9.78504673,  9.10880829, 10.42007435,  8.28571429,
       12.46938776, 11.62162162, 11.7826087 ,  4.760181  ,  5.0383693 ,
       10.28431373,  6.40528634, 12.99193548,  8.73846154, 12.04487179,
       11.17391304,  9.19285714]), 'class_median_width': array([11.,  9., 11., 10.,  7., 12., 10.,  9., 10.,  8., 13., 12., 12.,
        3.,  4., 10.,  5., 13.,  9., 12., 12.,  9.]), 'class_mean_width_scaled': array([0.51612903, 0.41010101, 0.49885216, 0.47083669, 0.33606061,
       0.54218443, 0.44477485, 0.41403674, 0.47363974, 0.37662338,
       0.56679035, 0.52825553, 0.53557312, 0.21637186, 0.22901679,
       0.46746881, 0.29114938, 0.59054252, 0.3972028 , 0.54749417,
       0.50790514, 0.41785714]), 'class_median_width_scaled': array([0.5       , 0.40909091, 0.5       , 0.45454545, 0.31818182,
       0.54545455, 0.45454545, 0.40909091, 0.45454545, 0.36363636,
       0.59090909, 0.54545455, 0.54545455, 0.13636364, 0.18181818,
       0.45454545, 0.22727273, 0.59090909, 0.40909091, 0.54545455,
       0.54545455, 0.40909091])}

split_conformal_aps_LogisticRegression full class metrics: {'class_coverage': array([0.84677419, 0.68888889, 0.96969697, 0.96460177, 0.86666667,
       0.8057554 , 0.90965732, 0.44559585, 0.94423792, 0.98757764,
       0.8707483 , 1.        , 0.71014493, 0.87895928, 0.86330935,
       0.8627451 , 0.94273128, 0.9516129 , 0.91794872, 0.88461538,
       0.7826087 , 0.94642857]), 'class_mean_width': array([11.35483871,  9.02222222, 10.97474747, 10.35840708,  7.39333333,
       11.92805755,  9.78504673,  9.10880829, 10.42007435,  8.28571429,
       12.46938776, 11.62162162, 11.7826087 ,  4.760181  ,  5.0383693 ,
       10.28431373,  6.40528634, 12.99193548,  8.73846154, 12.04487179,
       11.17391304,  9.19285714]), 'class_median_width': array([11.,  9., 11., 10.,  7., 12., 10.,  9., 10.,  8., 13., 12., 12.,
        3.,  4., 10.,  5., 13.,  9., 12., 12.,  9.]), 'class_mean_width_scaled': array([0.51612903, 0.41010101, 0.49885216, 0.47083669, 0.33606061,
       0.54218443, 0.44477485, 0.41403674, 0.47363974, 0.37662338,
       0.56679035, 0.52825553, 0.53557312, 0.21637186, 0.22901679,
       0.46746881, 0.29114938, 0.59054252, 0.3972028 , 0.54749417,
       0.50790514, 0.41785714]), 'class_median_width_scaled': array([0.5       , 0.40909091, 0.5       , 0.45454545, 0.31818182,
       0.54545455, 0.45454545, 0.40909091, 0.45454545, 0.36363636,
       0.59090909, 0.54545455, 0.54545455, 0.13636364, 0.18181818,
       0.45454545, 0.22727273, 0.59090909, 0.40909091, 0.54545455,
       0.54545455, 0.40909091])}

Job completed at Wed Mar 19 06:22:08 PM PDT 2025
