Starting job at Wed Mar 19 08:21:21 PM PDT 2025
Job parameters:
Dataset: data_chess
UQ Method: split_conformal_topk
Estimator: AdaBoost
Seed: 782
Train Size: 0.8
Running split_conformal_topk on data_chess with seed 782 and train size 0.8

starting experiment

data created

Fitting split_conformal_topk_AdaBoost on data_chess with seed 782

split_conformal_topk_AdaBoost metrics: {'coverage': np.float64(0.9367426942266571), 'mean_width': np.float64(10.116179615110477), 'median_width': np.float64(10.0), 'mean_width_scaled': np.float64(0.5620099786172488), 'median_width_scaled': np.float64(0.5555555555555556)}

split_conformal_topk_AdaBoost full metrics: {'coverage': np.float64(0.9367426942266571), 'mean_width': np.float64(10.116179615110477), 'median_width': np.float64(10.0), 'mean_width_scaled': np.float64(0.5620099786172488), 'median_width_scaled': np.float64(0.5555555555555556)}

split_conformal_topk_AdaBoost class metrics: {'class_coverage': array([1.        , 1.        , 1.        , 1.        , 0.22340426,
       0.45      , 0.99560922, 1.        , 0.        , 0.91240876,
       0.08474576, 0.        , 1.        , 1.        , 0.375     ,
       1.        , 0.44897959, 0.        ]), 'class_mean_width': array([10.10733453, 10.11498258, 10.14010508, 10.03002309, 10.29787234,
       10.55      , 10.08342481, 10.09356725, 10.125     , 10.15328467,
       10.18644068, 10.        , 10.12594458, 10.10369487, 10.8125    ,
       10.1375    , 10.28571429, 10.        ]), 'class_median_width': array([10., 10., 10., 10., 10., 10., 10., 10., 10., 10., 10., 10., 10.,
       10., 10., 10., 10., 10.]), 'class_mean_width_scaled': array([0.56151858, 0.56194348, 0.56333917, 0.55722351, 0.57210402,
       0.58611111, 0.56019027, 0.56075374, 0.5625    , 0.56407137,
       0.56591337, 0.55555556, 0.56255248, 0.56131638, 0.60069444,
       0.56319444, 0.57142857, 0.55555556]), 'class_median_width_scaled': array([0.55555556, 0.55555556, 0.55555556, 0.55555556, 0.55555556,
       0.55555556, 0.55555556, 0.55555556, 0.55555556, 0.55555556,
       0.55555556, 0.55555556, 0.55555556, 0.55555556, 0.55555556,
       0.55555556, 0.55555556, 0.55555556])}

split_conformal_topk_AdaBoost full class metrics: {'class_coverage': array([1.        , 1.        , 1.        , 1.        , 0.22340426,
       0.45      , 0.99560922, 1.        , 0.        , 0.91240876,
       0.08474576, 0.        , 1.        , 1.        , 0.375     ,
       1.        , 0.44897959, 0.        ]), 'class_mean_width': array([10.10733453, 10.11498258, 10.14010508, 10.03002309, 10.29787234,
       10.55      , 10.08342481, 10.09356725, 10.125     , 10.15328467,
       10.18644068, 10.        , 10.12594458, 10.10369487, 10.8125    ,
       10.1375    , 10.28571429, 10.        ]), 'class_median_width': array([10., 10., 10., 10., 10., 10., 10., 10., 10., 10., 10., 10., 10.,
       10., 10., 10., 10., 10.]), 'class_mean_width_scaled': array([0.56151858, 0.56194348, 0.56333917, 0.55722351, 0.57210402,
       0.58611111, 0.56019027, 0.56075374, 0.5625    , 0.56407137,
       0.56591337, 0.55555556, 0.56255248, 0.56131638, 0.60069444,
       0.56319444, 0.57142857, 0.55555556]), 'class_median_width_scaled': array([0.55555556, 0.55555556, 0.55555556, 0.55555556, 0.55555556,
       0.55555556, 0.55555556, 0.55555556, 0.55555556, 0.55555556,
       0.55555556, 0.55555556, 0.55555556, 0.55555556, 0.55555556,
       0.55555556, 0.55555556, 0.55555556])}

Job completed at Wed Mar 19 08:21:24 PM PDT 2025
