Starting job at Wed Mar 19 08:21:18 PM PDT 2025
Job parameters:
Dataset: data_chess
UQ Method: split_conformal_topk
Estimator: AdaBoost
Seed: 780
Train Size: 0.8
Running split_conformal_topk on data_chess with seed 780 and train size 0.8

starting experiment

data created

Fitting split_conformal_topk_AdaBoost on data_chess with seed 780

split_conformal_topk_AdaBoost metrics: {'coverage': np.float64(0.9100142551674982), 'mean_width': np.float64(9.0), 'median_width': np.float64(9.0), 'mean_width_scaled': np.float64(0.5), 'median_width_scaled': np.float64(0.5)}

split_conformal_topk_AdaBoost full metrics: {'coverage': np.float64(0.9100142551674982), 'mean_width': np.float64(9.0), 'median_width': np.float64(9.0), 'mean_width_scaled': np.float64(0.5), 'median_width_scaled': np.float64(0.5)}

split_conformal_topk_AdaBoost class metrics: {'class_coverage': array([1.        , 0.71080139, 1.        , 0.84064665, 0.        ,
       0.        , 0.99670692, 1.        , 0.1875    , 0.        ,
       0.86440678, 1.        , 1.        , 1.        , 0.125     ,
       1.        , 0.36734694, 0.        ]), 'class_mean_width': array([9., 9., 9., 9., 9., 9., 9., 9., 9., 9., 9., 9., 9., 9., 9., 9., 9.,
       9.]), 'class_median_width': array([9., 9., 9., 9., 9., 9., 9., 9., 9., 9., 9., 9., 9., 9., 9., 9., 9.,
       9.]), 'class_mean_width_scaled': array([0.5, 0.5, 0.5, 0.5, 0.5, 0.5, 0.5, 0.5, 0.5, 0.5, 0.5, 0.5, 0.5,
       0.5, 0.5, 0.5, 0.5, 0.5]), 'class_median_width_scaled': array([0.5, 0.5, 0.5, 0.5, 0.5, 0.5, 0.5, 0.5, 0.5, 0.5, 0.5, 0.5, 0.5,
       0.5, 0.5, 0.5, 0.5, 0.5])}

split_conformal_topk_AdaBoost full class metrics: {'class_coverage': array([1.        , 0.71080139, 1.        , 0.84064665, 0.        ,
       0.        , 0.99670692, 1.        , 0.1875    , 0.        ,
       0.86440678, 1.        , 1.        , 1.        , 0.125     ,
       1.        , 0.36734694, 0.        ]), 'class_mean_width': array([9., 9., 9., 9., 9., 9., 9., 9., 9., 9., 9., 9., 9., 9., 9., 9., 9.,
       9.]), 'class_median_width': array([9., 9., 9., 9., 9., 9., 9., 9., 9., 9., 9., 9., 9., 9., 9., 9., 9.,
       9.]), 'class_mean_width_scaled': array([0.5, 0.5, 0.5, 0.5, 0.5, 0.5, 0.5, 0.5, 0.5, 0.5, 0.5, 0.5, 0.5,
       0.5, 0.5, 0.5, 0.5, 0.5]), 'class_median_width_scaled': array([0.5, 0.5, 0.5, 0.5, 0.5, 0.5, 0.5, 0.5, 0.5, 0.5, 0.5, 0.5, 0.5,
       0.5, 0.5, 0.5, 0.5, 0.5])}

Job completed at Wed Mar 19 08:21:22 PM PDT 2025
