Starting job at Wed Mar 19 06:23:19 PM PDT 2025
Job parameters:
Dataset: data_helena
UQ Method: split_conformal_raps
Estimator: LogisticRegression
Seed: 781
Train Size: 0.8
Running split_conformal_raps on data_helena with seed 781 and train size 0.8

starting experiment

data created

Fitting split_conformal_raps_LogisticRegression on data_helena with seed 781

split_conformal_raps_LogisticRegression metrics: {'coverage': np.float64(0.8891104294478528), 'mean_width': np.float64(50.02446319018405), 'median_width': np.float64(50.0), 'mean_width_scaled': np.float64(0.5002446319018405), 'median_width_scaled': np.float64(0.5)}

split_conformal_raps_LogisticRegression full metrics: {'coverage': np.float64(0.8891104294478528), 'mean_width': np.float64(50.02446319018405), 'median_width': np.float64(50.0), 'mean_width_scaled': np.float64(0.5002446319018405), 'median_width_scaled': np.float64(0.5)}

split_conformal_raps_LogisticRegression class metrics: {'class_coverage': array([0.87096774, 0.81034483, 0.27272727, 0.83333333, 0.85057471,
       0.87012987, 0.875     , 0.92592593, 0.73611111, 0.92986425,
       0.55555556, 0.30769231, 0.03571429, 0.90532544, 0.53225806,
       0.61538462, 0.7745098 , 0.48888889, 0.90277778, 0.9047619 ,
       0.98461538, 0.81132075, 0.95266272, 0.60784314, 0.84482759,
       0.7826087 , 0.83333333, 0.54166667, 0.39130435, 0.61538462,
       0.16216216, 0.32352941, 0.93002257, 0.98285714, 0.88636364,
       0.97161937, 0.77777778, 0.20689655, 0.84166667, 0.66666667,
       0.85074627, 0.83898305, 0.53846154, 0.97575758, 0.52380952,
       0.68518519, 0.71052632, 0.88607595, 0.84545455, 0.93103448,
       0.44444444, 0.99021207, 0.20833333, 0.95543175, 0.28571429,
       0.96934866, 0.98630137, 0.88157895, 0.86813187, 0.65789474,
       0.9895288 , 0.86764706, 0.32352941, 0.80681818, 0.88785047,
       0.76595745, 1.        , 0.88      , 0.27118644, 0.92307692,
       0.92920354, 0.81666667, 0.10714286, 0.58333333, 0.85321101,
       0.96174863, 0.96629213, 0.91372549, 0.68421053, 0.88372093,
       0.87878788, 0.94666667, 0.7173913 , 0.4       , 0.87581699,
       0.8988764 , 0.93034826, 0.9541779 , 1.        , 0.96875   ,
       0.30769231, 0.9871134 , 0.95303867, 0.8902439 , 0.41666667,
       0.59375   , 0.9789916 , 0.99452055, 0.85245902, 0.74698795]), 'class_mean_width': array([50.04301075, 50.06896552, 50.        , 50.03125   , 50.        ,
       50.01298701, 50.015625  , 50.14814815, 50.02777778, 50.00904977,
       50.02222222, 50.        , 50.        , 50.0295858 , 50.        ,
       50.03846154, 50.05882353, 50.06666667, 50.02777778, 50.        ,
       50.03076923, 50.        , 50.        , 50.01960784, 50.00862069,
       50.        , 50.04166667, 50.        , 50.04347826, 50.        ,
       50.02702703, 50.02941176, 50.01580135, 50.01142857, 50.04545455,
       50.01168614, 50.        , 50.        , 50.025     , 50.        ,
       50.        , 50.01694915, 50.05128205, 50.04242424, 50.04761905,
       50.09259259, 50.05263158, 50.        , 50.03636364, 50.03448276,
       50.        , 50.03099511, 50.        , 50.00278552, 50.07142857,
       50.01149425, 50.05022831, 50.10526316, 50.02197802, 50.02631579,
       50.04188482, 50.02941176, 50.05882353, 50.        , 50.02803738,
       50.        , 50.04597701, 50.05      , 50.05084746, 50.04615385,
       50.        , 50.01666667, 50.03571429, 50.        , 50.03669725,
       50.0273224 , 50.14981273, 49.95294118, 50.05263158, 49.39534884,
       50.        , 50.        , 50.        , 50.02857143, 50.        ,
       50.03370787, 50.039801  , 50.01347709, 50.02857143, 50.0375    ,
       50.03846154, 50.0128866 , 49.94475138, 50.        , 50.        ,
       50.0625    , 50.05462185, 49.93150685, 50.03278689, 50.03614458]), 'class_median_width': array([50., 50., 50., 50., 50., 50., 50., 50., 50., 50., 50., 50., 50.,
       50., 50., 50., 50., 50., 50., 50., 50., 50., 50., 50., 50., 50.,
       50., 50., 50., 50., 50., 50., 50., 50., 50., 50., 50., 50., 50.,
       50., 50., 50., 50., 50., 50., 50., 50., 50., 50., 50., 50., 50.,
       50., 50., 50., 50., 50., 50., 50., 50., 50., 50., 50., 50., 50.,
       50., 50., 50., 50., 50., 50., 50., 50., 50., 50., 50., 50., 50.,
       50., 50., 50., 50., 50., 50., 50., 50., 50., 50., 50., 50., 50.,
       50., 50., 50., 50., 50., 50., 50., 50., 50.]), 'class_mean_width_scaled': array([0.50043011, 0.50068966, 0.5       , 0.5003125 , 0.5       ,
       0.50012987, 0.50015625, 0.50148148, 0.50027778, 0.5000905 ,
       0.50022222, 0.5       , 0.5       , 0.50029586, 0.5       ,
       0.50038462, 0.50058824, 0.50066667, 0.50027778, 0.5       ,
       0.50030769, 0.5       , 0.5       , 0.50019608, 0.50008621,
       0.5       , 0.50041667, 0.5       , 0.50043478, 0.5       ,
       0.50027027, 0.50029412, 0.50015801, 0.50011429, 0.50045455,
       0.50011686, 0.5       , 0.5       , 0.50025   , 0.5       ,
       0.5       , 0.50016949, 0.50051282, 0.50042424, 0.50047619,
       0.50092593, 0.50052632, 0.5       , 0.50036364, 0.50034483,
       0.5       , 0.50030995, 0.5       , 0.50002786, 0.50071429,
       0.50011494, 0.50050228, 0.50105263, 0.50021978, 0.50026316,
       0.50041885, 0.50029412, 0.50058824, 0.5       , 0.50028037,
       0.5       , 0.50045977, 0.5005    , 0.50050847, 0.50046154,
       0.5       , 0.50016667, 0.50035714, 0.5       , 0.50036697,
       0.50027322, 0.50149813, 0.49952941, 0.50052632, 0.49395349,
       0.5       , 0.5       , 0.5       , 0.50028571, 0.5       ,
       0.50033708, 0.50039801, 0.50013477, 0.50028571, 0.500375  ,
       0.50038462, 0.50012887, 0.49944751, 0.5       , 0.5       ,
       0.500625  , 0.50054622, 0.49931507, 0.50032787, 0.50036145]), 'class_median_width_scaled': array([0.5, 0.5, 0.5, 0.5, 0.5, 0.5, 0.5, 0.5, 0.5, 0.5, 0.5, 0.5, 0.5,
       0.5, 0.5, 0.5, 0.5, 0.5, 0.5, 0.5, 0.5, 0.5, 0.5, 0.5, 0.5, 0.5,
       0.5, 0.5, 0.5, 0.5, 0.5, 0.5, 0.5, 0.5, 0.5, 0.5, 0.5, 0.5, 0.5,
       0.5, 0.5, 0.5, 0.5, 0.5, 0.5, 0.5, 0.5, 0.5, 0.5, 0.5, 0.5, 0.5,
       0.5, 0.5, 0.5, 0.5, 0.5, 0.5, 0.5, 0.5, 0.5, 0.5, 0.5, 0.5, 0.5,
       0.5, 0.5, 0.5, 0.5, 0.5, 0.5, 0.5, 0.5, 0.5, 0.5, 0.5, 0.5, 0.5,
       0.5, 0.5, 0.5, 0.5, 0.5, 0.5, 0.5, 0.5, 0.5, 0.5, 0.5, 0.5, 0.5,
       0.5, 0.5, 0.5, 0.5, 0.5, 0.5, 0.5, 0.5, 0.5])}

split_conformal_raps_LogisticRegression full class metrics: {'class_coverage': array([0.87096774, 0.81034483, 0.27272727, 0.83333333, 0.85057471,
       0.87012987, 0.875     , 0.92592593, 0.73611111, 0.92986425,
       0.55555556, 0.30769231, 0.03571429, 0.90532544, 0.53225806,
       0.61538462, 0.7745098 , 0.48888889, 0.90277778, 0.9047619 ,
       0.98461538, 0.81132075, 0.95266272, 0.60784314, 0.84482759,
       0.7826087 , 0.83333333, 0.54166667, 0.39130435, 0.61538462,
       0.16216216, 0.32352941, 0.93002257, 0.98285714, 0.88636364,
       0.97161937, 0.77777778, 0.20689655, 0.84166667, 0.66666667,
       0.85074627, 0.83898305, 0.53846154, 0.97575758, 0.52380952,
       0.68518519, 0.71052632, 0.88607595, 0.84545455, 0.93103448,
       0.44444444, 0.99021207, 0.20833333, 0.95543175, 0.28571429,
       0.96934866, 0.98630137, 0.88157895, 0.86813187, 0.65789474,
       0.9895288 , 0.86764706, 0.32352941, 0.80681818, 0.88785047,
       0.76595745, 1.        , 0.88      , 0.27118644, 0.92307692,
       0.92920354, 0.81666667, 0.10714286, 0.58333333, 0.85321101,
       0.96174863, 0.96629213, 0.91372549, 0.68421053, 0.88372093,
       0.87878788, 0.94666667, 0.7173913 , 0.4       , 0.87581699,
       0.8988764 , 0.93034826, 0.9541779 , 1.        , 0.96875   ,
       0.30769231, 0.9871134 , 0.95303867, 0.8902439 , 0.41666667,
       0.59375   , 0.9789916 , 0.99452055, 0.85245902, 0.74698795]), 'class_mean_width': array([50.04301075, 50.06896552, 50.        , 50.03125   , 50.        ,
       50.01298701, 50.015625  , 50.14814815, 50.02777778, 50.00904977,
       50.02222222, 50.        , 50.        , 50.0295858 , 50.        ,
       50.03846154, 50.05882353, 50.06666667, 50.02777778, 50.        ,
       50.03076923, 50.        , 50.        , 50.01960784, 50.00862069,
       50.        , 50.04166667, 50.        , 50.04347826, 50.        ,
       50.02702703, 50.02941176, 50.01580135, 50.01142857, 50.04545455,
       50.01168614, 50.        , 50.        , 50.025     , 50.        ,
       50.        , 50.01694915, 50.05128205, 50.04242424, 50.04761905,
       50.09259259, 50.05263158, 50.        , 50.03636364, 50.03448276,
       50.        , 50.03099511, 50.        , 50.00278552, 50.07142857,
       50.01149425, 50.05022831, 50.10526316, 50.02197802, 50.02631579,
       50.04188482, 50.02941176, 50.05882353, 50.        , 50.02803738,
       50.        , 50.04597701, 50.05      , 50.05084746, 50.04615385,
       50.        , 50.01666667, 50.03571429, 50.        , 50.03669725,
       50.0273224 , 50.14981273, 49.95294118, 50.05263158, 49.39534884,
       50.        , 50.        , 50.        , 50.02857143, 50.        ,
       50.03370787, 50.039801  , 50.01347709, 50.02857143, 50.0375    ,
       50.03846154, 50.0128866 , 49.94475138, 50.        , 50.        ,
       50.0625    , 50.05462185, 49.93150685, 50.03278689, 50.03614458]), 'class_median_width': array([50., 50., 50., 50., 50., 50., 50., 50., 50., 50., 50., 50., 50.,
       50., 50., 50., 50., 50., 50., 50., 50., 50., 50., 50., 50., 50.,
       50., 50., 50., 50., 50., 50., 50., 50., 50., 50., 50., 50., 50.,
       50., 50., 50., 50., 50., 50., 50., 50., 50., 50., 50., 50., 50.,
       50., 50., 50., 50., 50., 50., 50., 50., 50., 50., 50., 50., 50.,
       50., 50., 50., 50., 50., 50., 50., 50., 50., 50., 50., 50., 50.,
       50., 50., 50., 50., 50., 50., 50., 50., 50., 50., 50., 50., 50.,
       50., 50., 50., 50., 50., 50., 50., 50., 50.]), 'class_mean_width_scaled': array([0.50043011, 0.50068966, 0.5       , 0.5003125 , 0.5       ,
       0.50012987, 0.50015625, 0.50148148, 0.50027778, 0.5000905 ,
       0.50022222, 0.5       , 0.5       , 0.50029586, 0.5       ,
       0.50038462, 0.50058824, 0.50066667, 0.50027778, 0.5       ,
       0.50030769, 0.5       , 0.5       , 0.50019608, 0.50008621,
       0.5       , 0.50041667, 0.5       , 0.50043478, 0.5       ,
       0.50027027, 0.50029412, 0.50015801, 0.50011429, 0.50045455,
       0.50011686, 0.5       , 0.5       , 0.50025   , 0.5       ,
       0.5       , 0.50016949, 0.50051282, 0.50042424, 0.50047619,
       0.50092593, 0.50052632, 0.5       , 0.50036364, 0.50034483,
       0.5       , 0.50030995, 0.5       , 0.50002786, 0.50071429,
       0.50011494, 0.50050228, 0.50105263, 0.50021978, 0.50026316,
       0.50041885, 0.50029412, 0.50058824, 0.5       , 0.50028037,
       0.5       , 0.50045977, 0.5005    , 0.50050847, 0.50046154,
       0.5       , 0.50016667, 0.50035714, 0.5       , 0.50036697,
       0.50027322, 0.50149813, 0.49952941, 0.50052632, 0.49395349,
       0.5       , 0.5       , 0.5       , 0.50028571, 0.5       ,
       0.50033708, 0.50039801, 0.50013477, 0.50028571, 0.500375  ,
       0.50038462, 0.50012887, 0.49944751, 0.5       , 0.5       ,
       0.500625  , 0.50054622, 0.49931507, 0.50032787, 0.50036145]), 'class_median_width_scaled': array([0.5, 0.5, 0.5, 0.5, 0.5, 0.5, 0.5, 0.5, 0.5, 0.5, 0.5, 0.5, 0.5,
       0.5, 0.5, 0.5, 0.5, 0.5, 0.5, 0.5, 0.5, 0.5, 0.5, 0.5, 0.5, 0.5,
       0.5, 0.5, 0.5, 0.5, 0.5, 0.5, 0.5, 0.5, 0.5, 0.5, 0.5, 0.5, 0.5,
       0.5, 0.5, 0.5, 0.5, 0.5, 0.5, 0.5, 0.5, 0.5, 0.5, 0.5, 0.5, 0.5,
       0.5, 0.5, 0.5, 0.5, 0.5, 0.5, 0.5, 0.5, 0.5, 0.5, 0.5, 0.5, 0.5,
       0.5, 0.5, 0.5, 0.5, 0.5, 0.5, 0.5, 0.5, 0.5, 0.5, 0.5, 0.5, 0.5,
       0.5, 0.5, 0.5, 0.5, 0.5, 0.5, 0.5, 0.5, 0.5, 0.5, 0.5, 0.5, 0.5,
       0.5, 0.5, 0.5, 0.5, 0.5, 0.5, 0.5, 0.5, 0.5])}

Job completed at Wed Mar 19 06:23:36 PM PDT 2025
