Starting job at Wed Mar 19 06:23:04 PM PDT 2025
Job parameters:
Dataset: data_helena
UQ Method: split_conformal_raps
Estimator: LogisticRegression
Seed: 777
Train Size: 0.8
Running split_conformal_raps on data_helena with seed 777 and train size 0.8

starting experiment

data created

Fitting split_conformal_raps_LogisticRegression on data_helena with seed 777

split_conformal_raps_LogisticRegression metrics: {'coverage': np.float64(0.9003834355828221), 'mean_width': np.float64(50.31111963190184), 'median_width': np.float64(59.0), 'mean_width_scaled': np.float64(0.5031111963190184), 'median_width_scaled': np.float64(0.59)}

split_conformal_raps_LogisticRegression full metrics: {'coverage': np.float64(0.9003834355828221), 'mean_width': np.float64(50.31111963190184), 'median_width': np.float64(59.0), 'mean_width_scaled': np.float64(0.5031111963190184), 'median_width_scaled': np.float64(0.59)}

split_conformal_raps_LogisticRegression class metrics: {'class_coverage': array([0.92473118, 0.74137931, 0.45454545, 0.875     , 0.82758621,
       0.96103896, 0.84375   , 0.97222222, 0.51388889, 0.94117647,
       0.84444444, 0.23076923, 0.5       , 0.98816568, 0.72580645,
       0.84615385, 0.61764706, 0.46666667, 0.90277778, 0.91156463,
       0.83076923, 0.43396226, 0.9704142 , 0.64705882, 0.9137931 ,
       0.7173913 , 0.375     , 0.20833333, 0.43478261, 0.57692308,
       0.67567568, 0.98529412, 0.94808126, 0.97142857, 0.94318182,
       0.97495826, 0.83333333, 0.17241379, 0.85833333, 0.76190476,
       0.85074627, 0.98305085, 0.64102564, 0.95151515, 0.42857143,
       0.94444444, 0.42105263, 0.83544304, 0.92727273, 0.79310345,
       0.81481481, 0.98858075, 0.625     , 0.97214485, 0.61904762,
       0.96934866, 0.98173516, 0.76315789, 0.74725275, 0.55263158,
       0.96335079, 0.92647059, 0.73529412, 0.85227273, 0.93457944,
       0.65957447, 0.99310345, 0.97      , 0.57627119, 0.90769231,
       0.92920354, 0.91666667, 0.82142857, 0.54166667, 0.88073394,
       0.96174863, 0.9525593 , 0.90588235, 0.86842105, 0.86046512,
       0.75757576, 0.85333333, 0.63043478, 0.25714286, 0.91503268,
       0.6741573 , 0.90547264, 0.95956873, 0.68571429, 0.95      ,
       0.42307692, 0.97938144, 0.96961326, 0.86585366, 0.63888889,
       1.        , 0.97478992, 0.98630137, 0.67213115, 0.84337349]), 'class_mean_width': array([55.8172043 , 54.79310345, 57.22727273, 56.22916667, 53.54022989,
       51.54545455, 57.859375  , 58.59259259, 51.        , 35.26696833,
       55.82222222, 57.65384615, 57.71428571, 54.67455621, 56.46774194,
       57.65384615, 55.02941176, 55.53333333, 53.28472222, 56.60544218,
       57.72307692, 48.24528302, 56.4852071 , 55.66666667, 56.14655172,
       54.86956522, 38.95833333, 51.20833333, 59.        , 47.88461538,
       56.59459459, 56.88235294, 47.74266366, 56.67238095, 55.60227273,
       53.74624374, 57.08333333, 57.55172414, 55.125     , 58.03174603,
       58.08955224, 57.77966102, 59.        , 56.92727273, 56.85714286,
       53.24074074, 56.42105263, 52.15189873, 53.16363636, 38.4137931 ,
       57.85185185, 54.53996737, 57.125     , 54.91643454, 56.38095238,
       49.73180077, 57.2739726 , 54.34210526, 55.2967033 , 54.84210526,
       54.85863874, 53.22058824, 55.85294118, 54.14772727, 55.64485981,
       54.42553191, 58.04827586, 54.19      , 57.38983051, 58.61538462,
       55.5840708 , 52.48333333, 59.        , 57.54166667, 56.12844037,
       28.90710383, 15.3133583 , 20.22745098, 54.92105263, 47.41860465,
       53.09090909, 47.73333333, 58.34782609, 55.68571429, 58.00653595,
       56.13483146, 55.53731343, 56.14824798, 58.57142857, 55.71875   ,
       52.76923077, 54.07474227, 53.6160221 , 53.29268293, 55.91666667,
       58.90625   , 56.34453782, 53.24109589, 56.31147541, 53.78313253]), 'class_median_width': array([59., 59., 59., 59., 59., 59., 59., 59., 59., 34., 59., 59., 59.,
       59., 59., 59., 59., 59., 59., 59., 59., 55., 59., 59., 59., 59.,
       32., 59., 59., 51., 59., 59., 59., 59., 59., 59., 59., 59., 59.,
       59., 59., 59., 59., 59., 59., 59., 59., 59., 59., 46., 59., 59.,
       59., 59., 59., 59., 59., 59., 59., 59., 59., 59., 59., 59., 59.,
       59., 59., 59., 59., 59., 59., 59., 59., 59., 59., 27.,  7., 14.,
       59., 59., 59., 52., 59., 59., 59., 59., 59., 59., 59., 59., 59.,
       59., 59., 59., 59., 59., 59., 59., 59., 59.]), 'class_mean_width_scaled': array([0.55817204, 0.54793103, 0.57227273, 0.56229167, 0.5354023 ,
       0.51545455, 0.57859375, 0.58592593, 0.51      , 0.35266968,
       0.55822222, 0.57653846, 0.57714286, 0.54674556, 0.56467742,
       0.57653846, 0.55029412, 0.55533333, 0.53284722, 0.56605442,
       0.57723077, 0.48245283, 0.56485207, 0.55666667, 0.56146552,
       0.54869565, 0.38958333, 0.51208333, 0.59      , 0.47884615,
       0.56594595, 0.56882353, 0.47742664, 0.56672381, 0.55602273,
       0.53746244, 0.57083333, 0.57551724, 0.55125   , 0.58031746,
       0.58089552, 0.57779661, 0.59      , 0.56927273, 0.56857143,
       0.53240741, 0.56421053, 0.52151899, 0.53163636, 0.38413793,
       0.57851852, 0.54539967, 0.57125   , 0.54916435, 0.56380952,
       0.49731801, 0.57273973, 0.54342105, 0.55296703, 0.54842105,
       0.54858639, 0.53220588, 0.55852941, 0.54147727, 0.5564486 ,
       0.54425532, 0.58048276, 0.5419    , 0.57389831, 0.58615385,
       0.55584071, 0.52483333, 0.59      , 0.57541667, 0.5612844 ,
       0.28907104, 0.15313358, 0.20227451, 0.54921053, 0.47418605,
       0.53090909, 0.47733333, 0.58347826, 0.55685714, 0.58006536,
       0.56134831, 0.55537313, 0.56148248, 0.58571429, 0.5571875 ,
       0.52769231, 0.54074742, 0.53616022, 0.53292683, 0.55916667,
       0.5890625 , 0.56344538, 0.53241096, 0.56311475, 0.53783133]), 'class_median_width_scaled': array([0.59, 0.59, 0.59, 0.59, 0.59, 0.59, 0.59, 0.59, 0.59, 0.34, 0.59,
       0.59, 0.59, 0.59, 0.59, 0.59, 0.59, 0.59, 0.59, 0.59, 0.59, 0.55,
       0.59, 0.59, 0.59, 0.59, 0.32, 0.59, 0.59, 0.51, 0.59, 0.59, 0.59,
       0.59, 0.59, 0.59, 0.59, 0.59, 0.59, 0.59, 0.59, 0.59, 0.59, 0.59,
       0.59, 0.59, 0.59, 0.59, 0.59, 0.46, 0.59, 0.59, 0.59, 0.59, 0.59,
       0.59, 0.59, 0.59, 0.59, 0.59, 0.59, 0.59, 0.59, 0.59, 0.59, 0.59,
       0.59, 0.59, 0.59, 0.59, 0.59, 0.59, 0.59, 0.59, 0.59, 0.27, 0.07,
       0.14, 0.59, 0.59, 0.59, 0.52, 0.59, 0.59, 0.59, 0.59, 0.59, 0.59,
       0.59, 0.59, 0.59, 0.59, 0.59, 0.59, 0.59, 0.59, 0.59, 0.59, 0.59,
       0.59])}

split_conformal_raps_LogisticRegression full class metrics: {'class_coverage': array([0.92473118, 0.74137931, 0.45454545, 0.875     , 0.82758621,
       0.96103896, 0.84375   , 0.97222222, 0.51388889, 0.94117647,
       0.84444444, 0.23076923, 0.5       , 0.98816568, 0.72580645,
       0.84615385, 0.61764706, 0.46666667, 0.90277778, 0.91156463,
       0.83076923, 0.43396226, 0.9704142 , 0.64705882, 0.9137931 ,
       0.7173913 , 0.375     , 0.20833333, 0.43478261, 0.57692308,
       0.67567568, 0.98529412, 0.94808126, 0.97142857, 0.94318182,
       0.97495826, 0.83333333, 0.17241379, 0.85833333, 0.76190476,
       0.85074627, 0.98305085, 0.64102564, 0.95151515, 0.42857143,
       0.94444444, 0.42105263, 0.83544304, 0.92727273, 0.79310345,
       0.81481481, 0.98858075, 0.625     , 0.97214485, 0.61904762,
       0.96934866, 0.98173516, 0.76315789, 0.74725275, 0.55263158,
       0.96335079, 0.92647059, 0.73529412, 0.85227273, 0.93457944,
       0.65957447, 0.99310345, 0.97      , 0.57627119, 0.90769231,
       0.92920354, 0.91666667, 0.82142857, 0.54166667, 0.88073394,
       0.96174863, 0.9525593 , 0.90588235, 0.86842105, 0.86046512,
       0.75757576, 0.85333333, 0.63043478, 0.25714286, 0.91503268,
       0.6741573 , 0.90547264, 0.95956873, 0.68571429, 0.95      ,
       0.42307692, 0.97938144, 0.96961326, 0.86585366, 0.63888889,
       1.        , 0.97478992, 0.98630137, 0.67213115, 0.84337349]), 'class_mean_width': array([55.8172043 , 54.79310345, 57.22727273, 56.22916667, 53.54022989,
       51.54545455, 57.859375  , 58.59259259, 51.        , 35.26696833,
       55.82222222, 57.65384615, 57.71428571, 54.67455621, 56.46774194,
       57.65384615, 55.02941176, 55.53333333, 53.28472222, 56.60544218,
       57.72307692, 48.24528302, 56.4852071 , 55.66666667, 56.14655172,
       54.86956522, 38.95833333, 51.20833333, 59.        , 47.88461538,
       56.59459459, 56.88235294, 47.74266366, 56.67238095, 55.60227273,
       53.74624374, 57.08333333, 57.55172414, 55.125     , 58.03174603,
       58.08955224, 57.77966102, 59.        , 56.92727273, 56.85714286,
       53.24074074, 56.42105263, 52.15189873, 53.16363636, 38.4137931 ,
       57.85185185, 54.53996737, 57.125     , 54.91643454, 56.38095238,
       49.73180077, 57.2739726 , 54.34210526, 55.2967033 , 54.84210526,
       54.85863874, 53.22058824, 55.85294118, 54.14772727, 55.64485981,
       54.42553191, 58.04827586, 54.19      , 57.38983051, 58.61538462,
       55.5840708 , 52.48333333, 59.        , 57.54166667, 56.12844037,
       28.90710383, 15.3133583 , 20.22745098, 54.92105263, 47.41860465,
       53.09090909, 47.73333333, 58.34782609, 55.68571429, 58.00653595,
       56.13483146, 55.53731343, 56.14824798, 58.57142857, 55.71875   ,
       52.76923077, 54.07474227, 53.6160221 , 53.29268293, 55.91666667,
       58.90625   , 56.34453782, 53.24109589, 56.31147541, 53.78313253]), 'class_median_width': array([59., 59., 59., 59., 59., 59., 59., 59., 59., 34., 59., 59., 59.,
       59., 59., 59., 59., 59., 59., 59., 59., 55., 59., 59., 59., 59.,
       32., 59., 59., 51., 59., 59., 59., 59., 59., 59., 59., 59., 59.,
       59., 59., 59., 59., 59., 59., 59., 59., 59., 59., 46., 59., 59.,
       59., 59., 59., 59., 59., 59., 59., 59., 59., 59., 59., 59., 59.,
       59., 59., 59., 59., 59., 59., 59., 59., 59., 59., 27.,  7., 14.,
       59., 59., 59., 52., 59., 59., 59., 59., 59., 59., 59., 59., 59.,
       59., 59., 59., 59., 59., 59., 59., 59., 59.]), 'class_mean_width_scaled': array([0.55817204, 0.54793103, 0.57227273, 0.56229167, 0.5354023 ,
       0.51545455, 0.57859375, 0.58592593, 0.51      , 0.35266968,
       0.55822222, 0.57653846, 0.57714286, 0.54674556, 0.56467742,
       0.57653846, 0.55029412, 0.55533333, 0.53284722, 0.56605442,
       0.57723077, 0.48245283, 0.56485207, 0.55666667, 0.56146552,
       0.54869565, 0.38958333, 0.51208333, 0.59      , 0.47884615,
       0.56594595, 0.56882353, 0.47742664, 0.56672381, 0.55602273,
       0.53746244, 0.57083333, 0.57551724, 0.55125   , 0.58031746,
       0.58089552, 0.57779661, 0.59      , 0.56927273, 0.56857143,
       0.53240741, 0.56421053, 0.52151899, 0.53163636, 0.38413793,
       0.57851852, 0.54539967, 0.57125   , 0.54916435, 0.56380952,
       0.49731801, 0.57273973, 0.54342105, 0.55296703, 0.54842105,
       0.54858639, 0.53220588, 0.55852941, 0.54147727, 0.5564486 ,
       0.54425532, 0.58048276, 0.5419    , 0.57389831, 0.58615385,
       0.55584071, 0.52483333, 0.59      , 0.57541667, 0.5612844 ,
       0.28907104, 0.15313358, 0.20227451, 0.54921053, 0.47418605,
       0.53090909, 0.47733333, 0.58347826, 0.55685714, 0.58006536,
       0.56134831, 0.55537313, 0.56148248, 0.58571429, 0.5571875 ,
       0.52769231, 0.54074742, 0.53616022, 0.53292683, 0.55916667,
       0.5890625 , 0.56344538, 0.53241096, 0.56311475, 0.53783133]), 'class_median_width_scaled': array([0.59, 0.59, 0.59, 0.59, 0.59, 0.59, 0.59, 0.59, 0.59, 0.34, 0.59,
       0.59, 0.59, 0.59, 0.59, 0.59, 0.59, 0.59, 0.59, 0.59, 0.59, 0.55,
       0.59, 0.59, 0.59, 0.59, 0.32, 0.59, 0.59, 0.51, 0.59, 0.59, 0.59,
       0.59, 0.59, 0.59, 0.59, 0.59, 0.59, 0.59, 0.59, 0.59, 0.59, 0.59,
       0.59, 0.59, 0.59, 0.59, 0.59, 0.46, 0.59, 0.59, 0.59, 0.59, 0.59,
       0.59, 0.59, 0.59, 0.59, 0.59, 0.59, 0.59, 0.59, 0.59, 0.59, 0.59,
       0.59, 0.59, 0.59, 0.59, 0.59, 0.59, 0.59, 0.59, 0.59, 0.27, 0.07,
       0.14, 0.59, 0.59, 0.59, 0.52, 0.59, 0.59, 0.59, 0.59, 0.59, 0.59,
       0.59, 0.59, 0.59, 0.59, 0.59, 0.59, 0.59, 0.59, 0.59, 0.59, 0.59,
       0.59])}

Job completed at Wed Mar 19 06:23:17 PM PDT 2025
