Starting job at Thu Mar 20 05:03:27 PM PDT 2025
Job parameters:
Dataset: data_language
UQ Method: split_conformal_raps
Estimator: MLP
Seed: 784
Train Size: 0.8
Running split_conformal_raps on data_language with seed 784 and train size 0.8

starting experiment

data created

Fitting split_conformal_raps_MLP on data_language with seed 784

split_conformal_raps_MLP metrics: {'coverage': np.float64(0.945), 'mean_width': np.float64(12.185), 'median_width': np.float64(13.0), 'mean_width_scaled': np.float64(0.4061666666666667), 'median_width_scaled': np.float64(0.43333333333333335)}

split_conformal_raps_MLP full metrics: {'coverage': np.float64(0.945), 'mean_width': np.float64(12.185), 'median_width': np.float64(13.0), 'mean_width_scaled': np.float64(0.4061666666666667), 'median_width_scaled': np.float64(0.43333333333333335)}

split_conformal_raps_MLP class metrics: {'class_coverage': array([1.        , 1.        , 1.        , 0.66666667, 1.        ,
       0.9       , 0.93333333, 1.        , 1.        , 1.        ,
       1.        , 0.        , 1.        , 1.        , 0.5       ,
       1.        , 1.        , 0.66666667, 1.        , 1.        ,
       0.9       , 1.        , 0.83333333, 1.        , 0.83333333,
       1.        , 0.        , 1.        , 1.        , 0.5       ]), 'class_mean_width': array([13.88888889, 13.4       , 14.        , 11.33333333, 13.71428571,
       13.1       , 13.2       , 10.33333333, 11.4375    , 12.16666667,
       10.2       , 14.        , 10.66666667, 10.33333333, 12.        ,
       14.        , 14.        , 14.        , 12.        , 13.14285714,
       12.9       , 13.53333333, 10.83333333, 11.5       , 11.        ,
       11.6       , 13.        , 10.        ,  7.83333333, 10.        ]), 'class_median_width': array([14. , 13. , 14. , 11. , 14. , 14. , 14. , 10. , 12.5, 12.5,  9. ,
       14. , 10.5,  9. , 12. , 14. , 14. , 14. , 12. , 14. , 14. , 14. ,
       11. , 11. , 11. , 12. , 13. ,  9.5,  8. , 10. ]), 'class_mean_width_scaled': array([0.46296296, 0.44666667, 0.46666667, 0.37777778, 0.45714286,
       0.43666667, 0.44      , 0.34444444, 0.38125   , 0.40555556,
       0.34      , 0.46666667, 0.35555556, 0.34444444, 0.4       ,
       0.46666667, 0.46666667, 0.46666667, 0.4       , 0.43809524,
       0.43      , 0.45111111, 0.36111111, 0.38333333, 0.36666667,
       0.38666667, 0.43333333, 0.33333333, 0.26111111, 0.33333333]), 'class_median_width_scaled': array([0.46666667, 0.43333333, 0.46666667, 0.36666667, 0.46666667,
       0.46666667, 0.46666667, 0.33333333, 0.41666667, 0.41666667,
       0.3       , 0.46666667, 0.35      , 0.3       , 0.4       ,
       0.46666667, 0.46666667, 0.46666667, 0.4       , 0.46666667,
       0.46666667, 0.46666667, 0.36666667, 0.36666667, 0.36666667,
       0.4       , 0.43333333, 0.31666667, 0.26666667, 0.33333333])}

split_conformal_raps_MLP full class metrics: {'class_coverage': array([1.        , 1.        , 1.        , 0.66666667, 1.        ,
       0.9       , 0.93333333, 1.        , 1.        , 1.        ,
       1.        , 0.        , 1.        , 1.        , 0.5       ,
       1.        , 1.        , 0.66666667, 1.        , 1.        ,
       0.9       , 1.        , 0.83333333, 1.        , 0.83333333,
       1.        , 0.        , 1.        , 1.        , 0.5       ]), 'class_mean_width': array([13.88888889, 13.4       , 14.        , 11.33333333, 13.71428571,
       13.1       , 13.2       , 10.33333333, 11.4375    , 12.16666667,
       10.2       , 14.        , 10.66666667, 10.33333333, 12.        ,
       14.        , 14.        , 14.        , 12.        , 13.14285714,
       12.9       , 13.53333333, 10.83333333, 11.5       , 11.        ,
       11.6       , 13.        , 10.        ,  7.83333333, 10.        ]), 'class_median_width': array([14. , 13. , 14. , 11. , 14. , 14. , 14. , 10. , 12.5, 12.5,  9. ,
       14. , 10.5,  9. , 12. , 14. , 14. , 14. , 12. , 14. , 14. , 14. ,
       11. , 11. , 11. , 12. , 13. ,  9.5,  8. , 10. ]), 'class_mean_width_scaled': array([0.46296296, 0.44666667, 0.46666667, 0.37777778, 0.45714286,
       0.43666667, 0.44      , 0.34444444, 0.38125   , 0.40555556,
       0.34      , 0.46666667, 0.35555556, 0.34444444, 0.4       ,
       0.46666667, 0.46666667, 0.46666667, 0.4       , 0.43809524,
       0.43      , 0.45111111, 0.36111111, 0.38333333, 0.36666667,
       0.38666667, 0.43333333, 0.33333333, 0.26111111, 0.33333333]), 'class_median_width_scaled': array([0.46666667, 0.43333333, 0.46666667, 0.36666667, 0.46666667,
       0.46666667, 0.46666667, 0.33333333, 0.41666667, 0.41666667,
       0.3       , 0.46666667, 0.35      , 0.3       , 0.4       ,
       0.46666667, 0.46666667, 0.46666667, 0.4       , 0.46666667,
       0.46666667, 0.46666667, 0.36666667, 0.36666667, 0.36666667,
       0.4       , 0.43333333, 0.31666667, 0.26666667, 0.33333333])}

Job completed at Thu Mar 20 05:03:30 PM PDT 2025
