Starting job at Thu Mar 20 05:03:27 PM PDT 2025
Job parameters:
Dataset: data_language
UQ Method: split_conformal_raps
Estimator: MLP
Seed: 785
Train Size: 0.8
Running split_conformal_raps on data_language with seed 785 and train size 0.8

starting experiment

data created

Fitting split_conformal_raps_MLP on data_language with seed 785

split_conformal_raps_MLP metrics: {'coverage': np.float64(0.835), 'mean_width': np.float64(9.695), 'median_width': np.float64(10.0), 'mean_width_scaled': np.float64(0.32316666666666666), 'median_width_scaled': np.float64(0.3333333333333333)}

split_conformal_raps_MLP full metrics: {'coverage': np.float64(0.835), 'mean_width': np.float64(9.695), 'median_width': np.float64(10.0), 'mean_width_scaled': np.float64(0.32316666666666666), 'median_width_scaled': np.float64(0.3333333333333333)}

split_conformal_raps_MLP class metrics: {'class_coverage': array([1.        , 0.8       , 1.        , 0.66666667, 0.71428571,
       0.7       , 0.93333333, 0.66666667, 0.9375    , 1.        ,
       0.8       , 0.        , 1.        , 0.66666667, 0.5       ,
       0.88888889, 1.        , 1.        , 0.        , 0.71428571,
       0.8       , 0.86666667, 0.66666667, 1.        , 0.83333333,
       1.        , 0.        , 1.        , 0.83333333, 0.        ]), 'class_mean_width': array([11.77777778, 11.        , 11.        ,  8.33333333,  9.85714286,
       10.1       , 10.26666667,  8.        ,  8.25      ,  9.66666667,
        8.4       , 10.        ,  8.66666667, 10.        , 13.        ,
       12.55555556, 11.2       , 12.        ,  9.        ,  9.71428571,
       10.4       , 10.46666667,  8.66666667,  8.1875    ,  9.        ,
       10.4       ,  6.        ,  8.        ,  8.83333333,  5.5       ]), 'class_median_width': array([12. , 10. , 10. ,  8. , 10. ,  9.5, 11. ,  7. ,  8.5, 10. ,  7. ,
       10. ,  8. , 10. , 13. , 12. , 12. , 12. , 10. ,  9. , 10.5, 11. ,
        8. ,  9. ,  8.5, 10. ,  6. ,  7.5,  9. ,  5.5]), 'class_mean_width_scaled': array([0.39259259, 0.36666667, 0.36666667, 0.27777778, 0.32857143,
       0.33666667, 0.34222222, 0.26666667, 0.275     , 0.32222222,
       0.28      , 0.33333333, 0.28888889, 0.33333333, 0.43333333,
       0.41851852, 0.37333333, 0.4       , 0.3       , 0.32380952,
       0.34666667, 0.34888889, 0.28888889, 0.27291667, 0.3       ,
       0.34666667, 0.2       , 0.26666667, 0.29444444, 0.18333333]), 'class_median_width_scaled': array([0.4       , 0.33333333, 0.33333333, 0.26666667, 0.33333333,
       0.31666667, 0.36666667, 0.23333333, 0.28333333, 0.33333333,
       0.23333333, 0.33333333, 0.26666667, 0.33333333, 0.43333333,
       0.4       , 0.4       , 0.4       , 0.33333333, 0.3       ,
       0.35      , 0.36666667, 0.26666667, 0.3       , 0.28333333,
       0.33333333, 0.2       , 0.25      , 0.3       , 0.18333333])}

split_conformal_raps_MLP full class metrics: {'class_coverage': array([1.        , 0.8       , 1.        , 0.66666667, 0.71428571,
       0.7       , 0.93333333, 0.66666667, 0.9375    , 1.        ,
       0.8       , 0.        , 1.        , 0.66666667, 0.5       ,
       0.88888889, 1.        , 1.        , 0.        , 0.71428571,
       0.8       , 0.86666667, 0.66666667, 1.        , 0.83333333,
       1.        , 0.        , 1.        , 0.83333333, 0.        ]), 'class_mean_width': array([11.77777778, 11.        , 11.        ,  8.33333333,  9.85714286,
       10.1       , 10.26666667,  8.        ,  8.25      ,  9.66666667,
        8.4       , 10.        ,  8.66666667, 10.        , 13.        ,
       12.55555556, 11.2       , 12.        ,  9.        ,  9.71428571,
       10.4       , 10.46666667,  8.66666667,  8.1875    ,  9.        ,
       10.4       ,  6.        ,  8.        ,  8.83333333,  5.5       ]), 'class_median_width': array([12. , 10. , 10. ,  8. , 10. ,  9.5, 11. ,  7. ,  8.5, 10. ,  7. ,
       10. ,  8. , 10. , 13. , 12. , 12. , 12. , 10. ,  9. , 10.5, 11. ,
        8. ,  9. ,  8.5, 10. ,  6. ,  7.5,  9. ,  5.5]), 'class_mean_width_scaled': array([0.39259259, 0.36666667, 0.36666667, 0.27777778, 0.32857143,
       0.33666667, 0.34222222, 0.26666667, 0.275     , 0.32222222,
       0.28      , 0.33333333, 0.28888889, 0.33333333, 0.43333333,
       0.41851852, 0.37333333, 0.4       , 0.3       , 0.32380952,
       0.34666667, 0.34888889, 0.28888889, 0.27291667, 0.3       ,
       0.34666667, 0.2       , 0.26666667, 0.29444444, 0.18333333]), 'class_median_width_scaled': array([0.4       , 0.33333333, 0.33333333, 0.26666667, 0.33333333,
       0.31666667, 0.36666667, 0.23333333, 0.28333333, 0.33333333,
       0.23333333, 0.33333333, 0.26666667, 0.33333333, 0.43333333,
       0.4       , 0.4       , 0.4       , 0.33333333, 0.3       ,
       0.35      , 0.36666667, 0.26666667, 0.3       , 0.28333333,
       0.33333333, 0.2       , 0.25      , 0.3       , 0.18333333])}

Job completed at Thu Mar 20 05:03:29 PM PDT 2025
