Starting job at Wed Mar 19 06:27:39 PM PDT 2025
Job parameters:
Dataset: data_chess
UQ Method: split_conformal_lac
Estimator: RandomForest
Seed: 782
Train Size: 0.8
Running split_conformal_lac on data_chess with seed 782 and train size 0.8

starting experiment

data created

Fitting split_conformal_lac_RandomForest on data_chess with seed 782

split_conformal_lac_RandomForest metrics: {'coverage': np.float64(0.9119743406985032), 'mean_width': np.float64(5.3503207412687095), 'median_width': np.float64(5.0), 'mean_width_scaled': np.float64(0.29724004118159497), 'median_width_scaled': np.float64(0.2777777777777778)}

split_conformal_lac_RandomForest full metrics: {'coverage': np.float64(0.9119743406985032), 'mean_width': np.float64(5.3503207412687095), 'median_width': np.float64(5.0), 'mean_width_scaled': np.float64(0.29724004118159497), 'median_width_scaled': np.float64(0.2777777777777778)}

split_conformal_lac_RandomForest class metrics: {'class_coverage': array([0.91949911, 0.8815331 , 0.93870403, 0.96997691, 0.74468085,
       0.775     , 0.98463227, 0.8245614 , 0.625     , 0.67153285,
       0.83898305, 0.64102564, 0.82115869, 0.97020262, 0.375     ,
       0.93611111, 0.85714286, 0.4       ]), 'class_mean_width': array([5.45438283, 5.66202091, 5.50963222, 4.98614319, 6.03191489,
       6.        , 4.99670692, 5.63157895, 6.8125    , 5.71532847,
       5.89830508, 5.17948718, 5.45843829, 5.09177592, 6.375     ,
       5.39583333, 6.34693878, 6.6       ]), 'class_median_width': array([5., 6., 5., 5., 6., 6., 5., 6., 7., 6., 6., 5., 5., 5., 6., 5., 6.,
       6.]), 'class_mean_width_scaled': array([0.30302127, 0.31455672, 0.30609068, 0.27700795, 0.33510638,
       0.33333333, 0.27759483, 0.3128655 , 0.37847222, 0.31751825,
       0.32768362, 0.28774929, 0.30324657, 0.28287644, 0.35416667,
       0.29976852, 0.35260771, 0.36666667]), 'class_median_width_scaled': array([0.27777778, 0.33333333, 0.27777778, 0.27777778, 0.33333333,
       0.33333333, 0.27777778, 0.33333333, 0.38888889, 0.33333333,
       0.33333333, 0.27777778, 0.27777778, 0.27777778, 0.33333333,
       0.27777778, 0.33333333, 0.33333333])}

split_conformal_lac_RandomForest full class metrics: {'class_coverage': array([0.91949911, 0.8815331 , 0.93870403, 0.96997691, 0.74468085,
       0.775     , 0.98463227, 0.8245614 , 0.625     , 0.67153285,
       0.83898305, 0.64102564, 0.82115869, 0.97020262, 0.375     ,
       0.93611111, 0.85714286, 0.4       ]), 'class_mean_width': array([5.45438283, 5.66202091, 5.50963222, 4.98614319, 6.03191489,
       6.        , 4.99670692, 5.63157895, 6.8125    , 5.71532847,
       5.89830508, 5.17948718, 5.45843829, 5.09177592, 6.375     ,
       5.39583333, 6.34693878, 6.6       ]), 'class_median_width': array([5., 6., 5., 5., 6., 6., 5., 6., 7., 6., 6., 5., 5., 5., 6., 5., 6.,
       6.]), 'class_mean_width_scaled': array([0.30302127, 0.31455672, 0.30609068, 0.27700795, 0.33510638,
       0.33333333, 0.27759483, 0.3128655 , 0.37847222, 0.31751825,
       0.32768362, 0.28774929, 0.30324657, 0.28287644, 0.35416667,
       0.29976852, 0.35260771, 0.36666667]), 'class_median_width_scaled': array([0.27777778, 0.33333333, 0.27777778, 0.27777778, 0.33333333,
       0.33333333, 0.27777778, 0.33333333, 0.38888889, 0.33333333,
       0.33333333, 0.27777778, 0.27777778, 0.27777778, 0.33333333,
       0.27777778, 0.33333333, 0.33333333])}

Job completed at Wed Mar 19 06:27:41 PM PDT 2025
