Starting job at Wed Mar 19 06:27:42 PM PDT 2025
Job parameters:
Dataset: data_chess
UQ Method: split_conformal_lac
Estimator: RandomForest
Seed: 785
Train Size: 0.8
Running split_conformal_lac on data_chess with seed 785 and train size 0.8

starting experiment

data created

Fitting split_conformal_lac_RandomForest on data_chess with seed 785

split_conformal_lac_RandomForest metrics: {'coverage': np.float64(0.9082323592302209), 'mean_width': np.float64(5.262651461154668), 'median_width': np.float64(5.0), 'mean_width_scaled': np.float64(0.2923695256197038), 'median_width_scaled': np.float64(0.2777777777777778)}

split_conformal_lac_RandomForest full metrics: {'coverage': np.float64(0.9082323592302209), 'mean_width': np.float64(5.262651461154668), 'median_width': np.float64(5.0), 'mean_width_scaled': np.float64(0.2923695256197038), 'median_width_scaled': np.float64(0.2777777777777778)}

split_conformal_lac_RandomForest class metrics: {'class_coverage': array([0.93559928, 0.82926829, 0.8966725 , 0.9630485 , 0.71276596,
       0.75      , 0.98902305, 0.85964912, 0.625     , 0.70072993,
       0.74576271, 0.78205128, 0.86649874, 0.95589988, 0.375     ,
       0.925     , 0.85714286, 0.        ]), 'class_mean_width': array([5.44186047, 5.46341463, 5.35901926, 4.92378753, 6.28723404,
       6.025     , 5.00878156, 5.33918129, 6.5625    , 5.75182482,
       5.66101695, 5.08974359, 5.33753149, 5.14421931, 6.375     ,
       5.1375    , 5.7755102 , 6.8       ]), 'class_median_width': array([5. , 5. , 5. , 5. , 6. , 6. , 5. , 5. , 6.5, 6. , 6. , 5. , 5. ,
       5. , 6.5, 5. , 6. , 7. ]), 'class_mean_width_scaled': array([0.30232558, 0.30352304, 0.29772329, 0.27354375, 0.34929078,
       0.33472222, 0.27826564, 0.29662118, 0.36458333, 0.31954582,
       0.31450094, 0.28276353, 0.29652953, 0.28578996, 0.35416667,
       0.28541667, 0.32086168, 0.37777778]), 'class_median_width_scaled': array([0.27777778, 0.27777778, 0.27777778, 0.27777778, 0.33333333,
       0.33333333, 0.27777778, 0.27777778, 0.36111111, 0.33333333,
       0.33333333, 0.27777778, 0.27777778, 0.27777778, 0.36111111,
       0.27777778, 0.33333333, 0.38888889])}

split_conformal_lac_RandomForest full class metrics: {'class_coverage': array([0.93559928, 0.82926829, 0.8966725 , 0.9630485 , 0.71276596,
       0.75      , 0.98902305, 0.85964912, 0.625     , 0.70072993,
       0.74576271, 0.78205128, 0.86649874, 0.95589988, 0.375     ,
       0.925     , 0.85714286, 0.        ]), 'class_mean_width': array([5.44186047, 5.46341463, 5.35901926, 4.92378753, 6.28723404,
       6.025     , 5.00878156, 5.33918129, 6.5625    , 5.75182482,
       5.66101695, 5.08974359, 5.33753149, 5.14421931, 6.375     ,
       5.1375    , 5.7755102 , 6.8       ]), 'class_median_width': array([5. , 5. , 5. , 5. , 6. , 6. , 5. , 5. , 6.5, 6. , 6. , 5. , 5. ,
       5. , 6.5, 5. , 6. , 7. ]), 'class_mean_width_scaled': array([0.30232558, 0.30352304, 0.29772329, 0.27354375, 0.34929078,
       0.33472222, 0.27826564, 0.29662118, 0.36458333, 0.31954582,
       0.31450094, 0.28276353, 0.29652953, 0.28578996, 0.35416667,
       0.28541667, 0.32086168, 0.37777778]), 'class_median_width_scaled': array([0.27777778, 0.27777778, 0.27777778, 0.27777778, 0.33333333,
       0.33333333, 0.27777778, 0.27777778, 0.36111111, 0.33333333,
       0.33333333, 0.27777778, 0.27777778, 0.27777778, 0.36111111,
       0.27777778, 0.33333333, 0.38888889])}

Job completed at Wed Mar 19 06:27:45 PM PDT 2025
