Starting job at Wed Mar 19 06:26:44 PM PDT 2025
Job parameters:
Dataset: data_isolet
UQ Method: split_conformal_naive
Estimator: LogisticRegression
Seed: 785
Train Size: 0.8
Running split_conformal_naive on data_isolet with seed 785 and train size 0.8

starting experiment

data created

Fitting split_conformal_naive_LogisticRegression on data_isolet with seed 785

split_conformal_naive_LogisticRegression metrics: {'coverage': np.float64(0.9833333333333333), 'mean_width': np.float64(1.1974358974358974), 'median_width': np.float64(1.0), 'mean_width_scaled': np.float64(0.04605522682445759), 'median_width_scaled': np.float64(0.038461538461538464)}

split_conformal_naive_LogisticRegression full metrics: {'coverage': np.float64(0.9833333333333333), 'mean_width': np.float64(1.1974358974358974), 'median_width': np.float64(1.0), 'mean_width_scaled': np.float64(0.04605522682445759), 'median_width_scaled': np.float64(0.038461538461538464)}

split_conformal_naive_LogisticRegression class metrics: {'class_coverage': array([1.        , 1.        , 1.        , 1.        , 0.96666667,
       0.95      , 0.98333333, 0.95      , 1.        , 1.        ,
       0.95      , 0.96666667, 0.96666667, 1.        , 0.95      ,
       0.96666667, 1.        , 1.        , 1.        , 0.98333333,
       0.98333333, 1.        , 1.        , 0.95      , 1.        ,
       1.        ]), 'class_mean_width': array([1.13333333, 1.13333333, 1.26666667, 1.        , 1.46666667,
       1.28333333, 1.11666667, 1.35      , 1.03333333, 1.05      ,
       1.1       , 1.38333333, 1.28333333, 1.11666667, 1.36666667,
       1.1       , 1.06666667, 1.03333333, 1.16666667, 1.05      ,
       1.46666667, 1.5       , 1.38333333, 1.21666667, 1.        ,
       1.06666667]), 'class_median_width': array([1., 1., 1., 1., 1., 1., 1., 1., 1., 1., 1., 1., 1., 1., 1., 1., 1.,
       1., 1., 1., 1., 1., 1., 1., 1., 1.]), 'class_mean_width_scaled': array([0.04358974, 0.04358974, 0.04871795, 0.03846154, 0.05641026,
       0.04935897, 0.04294872, 0.05192308, 0.03974359, 0.04038462,
       0.04230769, 0.05320513, 0.04935897, 0.04294872, 0.0525641 ,
       0.04230769, 0.04102564, 0.03974359, 0.04487179, 0.04038462,
       0.05641026, 0.05769231, 0.05320513, 0.04679487, 0.03846154,
       0.04102564]), 'class_median_width_scaled': array([0.03846154, 0.03846154, 0.03846154, 0.03846154, 0.03846154,
       0.03846154, 0.03846154, 0.03846154, 0.03846154, 0.03846154,
       0.03846154, 0.03846154, 0.03846154, 0.03846154, 0.03846154,
       0.03846154, 0.03846154, 0.03846154, 0.03846154, 0.03846154,
       0.03846154, 0.03846154, 0.03846154, 0.03846154, 0.03846154,
       0.03846154])}

split_conformal_naive_LogisticRegression full class metrics: {'class_coverage': array([1.        , 1.        , 1.        , 1.        , 0.96666667,
       0.95      , 0.98333333, 0.95      , 1.        , 1.        ,
       0.95      , 0.96666667, 0.96666667, 1.        , 0.95      ,
       0.96666667, 1.        , 1.        , 1.        , 0.98333333,
       0.98333333, 1.        , 1.        , 0.95      , 1.        ,
       1.        ]), 'class_mean_width': array([1.13333333, 1.13333333, 1.26666667, 1.        , 1.46666667,
       1.28333333, 1.11666667, 1.35      , 1.03333333, 1.05      ,
       1.1       , 1.38333333, 1.28333333, 1.11666667, 1.36666667,
       1.1       , 1.06666667, 1.03333333, 1.16666667, 1.05      ,
       1.46666667, 1.5       , 1.38333333, 1.21666667, 1.        ,
       1.06666667]), 'class_median_width': array([1., 1., 1., 1., 1., 1., 1., 1., 1., 1., 1., 1., 1., 1., 1., 1., 1.,
       1., 1., 1., 1., 1., 1., 1., 1., 1.]), 'class_mean_width_scaled': array([0.04358974, 0.04358974, 0.04871795, 0.03846154, 0.05641026,
       0.04935897, 0.04294872, 0.05192308, 0.03974359, 0.04038462,
       0.04230769, 0.05320513, 0.04935897, 0.04294872, 0.0525641 ,
       0.04230769, 0.04102564, 0.03974359, 0.04487179, 0.04038462,
       0.05641026, 0.05769231, 0.05320513, 0.04679487, 0.03846154,
       0.04102564]), 'class_median_width_scaled': array([0.03846154, 0.03846154, 0.03846154, 0.03846154, 0.03846154,
       0.03846154, 0.03846154, 0.03846154, 0.03846154, 0.03846154,
       0.03846154, 0.03846154, 0.03846154, 0.03846154, 0.03846154,
       0.03846154, 0.03846154, 0.03846154, 0.03846154, 0.03846154,
       0.03846154, 0.03846154, 0.03846154, 0.03846154, 0.03846154,
       0.03846154])}

Job completed at Wed Mar 19 06:26:59 PM PDT 2025
