Starting job at Wed Mar 19 06:26:18 PM PDT 2025
Job parameters:
Dataset: data_isolet
UQ Method: split_conformal_naive
Estimator: LogisticRegression
Seed: 778
Train Size: 0.8
Running split_conformal_naive on data_isolet with seed 778 and train size 0.8

starting experiment

data created

Fitting split_conformal_naive_LogisticRegression on data_isolet with seed 778

split_conformal_naive_LogisticRegression metrics: {'coverage': np.float64(0.9903846153846154), 'mean_width': np.float64(1.4134615384615385), 'median_width': np.float64(1.0), 'mean_width_scaled': np.float64(0.05436390532544379), 'median_width_scaled': np.float64(0.038461538461538464)}

split_conformal_naive_LogisticRegression full metrics: {'coverage': np.float64(0.9903846153846154), 'mean_width': np.float64(1.4134615384615385), 'median_width': np.float64(1.0), 'mean_width_scaled': np.float64(0.05436390532544379), 'median_width_scaled': np.float64(0.038461538461538464)}

split_conformal_naive_LogisticRegression class metrics: {'class_coverage': array([1.        , 1.        , 0.96666667, 1.        , 0.98333333,
       0.98333333, 1.        , 1.        , 1.        , 1.        ,
       1.        , 0.98333333, 1.        , 1.        , 0.91666667,
       1.        , 1.        , 1.        , 1.        , 1.        ,
       0.98333333, 0.98333333, 1.        , 0.96666667, 1.        ,
       0.98333333]), 'class_mean_width': array([1.46666667, 1.45      , 1.3       , 1.43333333, 1.68333333,
       1.53333333, 1.18333333, 2.25      , 1.16666667, 1.15      ,
       1.21666667, 1.71666667, 1.58333333, 1.2       , 1.6       ,
       1.31666667, 1.18333333, 1.03333333, 1.16666667, 1.13333333,
       1.8       , 1.63333333, 1.51666667, 1.73333333, 1.11666667,
       1.18333333]), 'class_median_width': array([1., 1., 1., 1., 1., 1., 1., 2., 1., 1., 1., 1., 1., 1., 1., 1., 1.,
       1., 1., 1., 1., 1., 1., 1., 1., 1.]), 'class_mean_width_scaled': array([0.05641026, 0.05576923, 0.05      , 0.05512821, 0.06474359,
       0.05897436, 0.04551282, 0.08653846, 0.04487179, 0.04423077,
       0.04679487, 0.06602564, 0.06089744, 0.04615385, 0.06153846,
       0.05064103, 0.04551282, 0.03974359, 0.04487179, 0.04358974,
       0.06923077, 0.06282051, 0.05833333, 0.06666667, 0.04294872,
       0.04551282]), 'class_median_width_scaled': array([0.03846154, 0.03846154, 0.03846154, 0.03846154, 0.03846154,
       0.03846154, 0.03846154, 0.07692308, 0.03846154, 0.03846154,
       0.03846154, 0.03846154, 0.03846154, 0.03846154, 0.03846154,
       0.03846154, 0.03846154, 0.03846154, 0.03846154, 0.03846154,
       0.03846154, 0.03846154, 0.03846154, 0.03846154, 0.03846154,
       0.03846154])}

split_conformal_naive_LogisticRegression full class metrics: {'class_coverage': array([1.        , 1.        , 0.96666667, 1.        , 0.98333333,
       0.98333333, 1.        , 1.        , 1.        , 1.        ,
       1.        , 0.98333333, 1.        , 1.        , 0.91666667,
       1.        , 1.        , 1.        , 1.        , 1.        ,
       0.98333333, 0.98333333, 1.        , 0.96666667, 1.        ,
       0.98333333]), 'class_mean_width': array([1.46666667, 1.45      , 1.3       , 1.43333333, 1.68333333,
       1.53333333, 1.18333333, 2.25      , 1.16666667, 1.15      ,
       1.21666667, 1.71666667, 1.58333333, 1.2       , 1.6       ,
       1.31666667, 1.18333333, 1.03333333, 1.16666667, 1.13333333,
       1.8       , 1.63333333, 1.51666667, 1.73333333, 1.11666667,
       1.18333333]), 'class_median_width': array([1., 1., 1., 1., 1., 1., 1., 2., 1., 1., 1., 1., 1., 1., 1., 1., 1.,
       1., 1., 1., 1., 1., 1., 1., 1., 1.]), 'class_mean_width_scaled': array([0.05641026, 0.05576923, 0.05      , 0.05512821, 0.06474359,
       0.05897436, 0.04551282, 0.08653846, 0.04487179, 0.04423077,
       0.04679487, 0.06602564, 0.06089744, 0.04615385, 0.06153846,
       0.05064103, 0.04551282, 0.03974359, 0.04487179, 0.04358974,
       0.06923077, 0.06282051, 0.05833333, 0.06666667, 0.04294872,
       0.04551282]), 'class_median_width_scaled': array([0.03846154, 0.03846154, 0.03846154, 0.03846154, 0.03846154,
       0.03846154, 0.03846154, 0.07692308, 0.03846154, 0.03846154,
       0.03846154, 0.03846154, 0.03846154, 0.03846154, 0.03846154,
       0.03846154, 0.03846154, 0.03846154, 0.03846154, 0.03846154,
       0.03846154, 0.03846154, 0.03846154, 0.03846154, 0.03846154,
       0.03846154])}

Job completed at Wed Mar 19 06:26:34 PM PDT 2025
