Starting job at Wed Mar 19 06:26:42 PM PDT 2025
Job parameters:
Dataset: data_isolet
UQ Method: split_conformal_naive
Estimator: LogisticRegression
Seed: 784
Train Size: 0.8
Running split_conformal_naive on data_isolet with seed 784 and train size 0.8

starting experiment

data created

Fitting split_conformal_naive_LogisticRegression on data_isolet with seed 784

split_conformal_naive_LogisticRegression metrics: {'coverage': np.float64(0.9871794871794872), 'mean_width': np.float64(1.162820512820513), 'median_width': np.float64(1.0), 'mean_width_scaled': np.float64(0.04472386587771204), 'median_width_scaled': np.float64(0.038461538461538464)}

split_conformal_naive_LogisticRegression full metrics: {'coverage': np.float64(0.9871794871794872), 'mean_width': np.float64(1.162820512820513), 'median_width': np.float64(1.0), 'mean_width_scaled': np.float64(0.04472386587771204), 'median_width_scaled': np.float64(0.038461538461538464)}

split_conformal_naive_LogisticRegression class metrics: {'class_coverage': array([1.        , 1.        , 1.        , 1.        , 0.95      ,
       0.95      , 1.        , 0.95      , 1.        , 1.        ,
       0.98333333, 0.96666667, 0.98333333, 1.        , 0.93333333,
       1.        , 1.        , 1.        , 0.98333333, 1.        ,
       1.        , 0.98333333, 1.        , 1.        , 0.98333333,
       1.        ]), 'class_mean_width': array([1.06666667, 1.11666667, 1.15      , 1.13333333, 1.21666667,
       1.18333333, 1.01666667, 1.35      , 1.06666667, 1.08333333,
       1.18333333, 1.21666667, 1.33333333, 1.1       , 1.53333333,
       1.05      , 1.03333333, 1.01666667, 1.11666667, 1.08333333,
       1.21666667, 1.41666667, 1.26666667, 1.21666667, 1.        ,
       1.06666667]), 'class_median_width': array([1., 1., 1., 1., 1., 1., 1., 1., 1., 1., 1., 1., 1., 1., 1., 1., 1.,
       1., 1., 1., 1., 1., 1., 1., 1., 1.]), 'class_mean_width_scaled': array([0.04102564, 0.04294872, 0.04423077, 0.04358974, 0.04679487,
       0.04551282, 0.03910256, 0.05192308, 0.04102564, 0.04166667,
       0.04551282, 0.04679487, 0.05128205, 0.04230769, 0.05897436,
       0.04038462, 0.03974359, 0.03910256, 0.04294872, 0.04166667,
       0.04679487, 0.05448718, 0.04871795, 0.04679487, 0.03846154,
       0.04102564]), 'class_median_width_scaled': array([0.03846154, 0.03846154, 0.03846154, 0.03846154, 0.03846154,
       0.03846154, 0.03846154, 0.03846154, 0.03846154, 0.03846154,
       0.03846154, 0.03846154, 0.03846154, 0.03846154, 0.03846154,
       0.03846154, 0.03846154, 0.03846154, 0.03846154, 0.03846154,
       0.03846154, 0.03846154, 0.03846154, 0.03846154, 0.03846154,
       0.03846154])}

split_conformal_naive_LogisticRegression full class metrics: {'class_coverage': array([1.        , 1.        , 1.        , 1.        , 0.95      ,
       0.95      , 1.        , 0.95      , 1.        , 1.        ,
       0.98333333, 0.96666667, 0.98333333, 1.        , 0.93333333,
       1.        , 1.        , 1.        , 0.98333333, 1.        ,
       1.        , 0.98333333, 1.        , 1.        , 0.98333333,
       1.        ]), 'class_mean_width': array([1.06666667, 1.11666667, 1.15      , 1.13333333, 1.21666667,
       1.18333333, 1.01666667, 1.35      , 1.06666667, 1.08333333,
       1.18333333, 1.21666667, 1.33333333, 1.1       , 1.53333333,
       1.05      , 1.03333333, 1.01666667, 1.11666667, 1.08333333,
       1.21666667, 1.41666667, 1.26666667, 1.21666667, 1.        ,
       1.06666667]), 'class_median_width': array([1., 1., 1., 1., 1., 1., 1., 1., 1., 1., 1., 1., 1., 1., 1., 1., 1.,
       1., 1., 1., 1., 1., 1., 1., 1., 1.]), 'class_mean_width_scaled': array([0.04102564, 0.04294872, 0.04423077, 0.04358974, 0.04679487,
       0.04551282, 0.03910256, 0.05192308, 0.04102564, 0.04166667,
       0.04551282, 0.04679487, 0.05128205, 0.04230769, 0.05897436,
       0.04038462, 0.03974359, 0.03910256, 0.04294872, 0.04166667,
       0.04679487, 0.05448718, 0.04871795, 0.04679487, 0.03846154,
       0.04102564]), 'class_median_width_scaled': array([0.03846154, 0.03846154, 0.03846154, 0.03846154, 0.03846154,
       0.03846154, 0.03846154, 0.03846154, 0.03846154, 0.03846154,
       0.03846154, 0.03846154, 0.03846154, 0.03846154, 0.03846154,
       0.03846154, 0.03846154, 0.03846154, 0.03846154, 0.03846154,
       0.03846154, 0.03846154, 0.03846154, 0.03846154, 0.03846154,
       0.03846154])}

Job completed at Wed Mar 19 06:26:55 PM PDT 2025
