Starting job at Thu Mar 20 05:03:11 PM PDT 2025
Job parameters:
Dataset: data_cover_type
UQ Method: split_conformal_aps
Estimator: MLP
Seed: 782
Train Size: 0.8
Running split_conformal_aps on data_cover_type with seed 782 and train size 0.8

starting experiment

data created

Fitting split_conformal_aps_MLP on data_cover_type with seed 782

split_conformal_aps_MLP metrics: {'coverage': np.float64(0.8955), 'mean_width': np.float64(41.731), 'median_width': np.float64(44.0), 'mean_width_scaled': np.float64(0.41731), 'median_width_scaled': np.float64(0.44)}

split_conformal_aps_MLP full metrics: {'coverage': np.float64(0.8955), 'mean_width': np.float64(41.731), 'median_width': np.float64(44.0), 'mean_width_scaled': np.float64(0.41731), 'median_width_scaled': np.float64(0.44)}

split_conformal_aps_MLP class metrics: {'class_coverage': array([1.  , 0.85, 0.9 , 0.95, 0.6 , 1.  , 1.  , 0.95, 0.75, 1.  , 1.  ,
       1.  , 0.7 , 1.  , 0.9 , 1.  , 1.  , 0.95, 1.  , 0.7 , 1.  , 1.  ,
       1.  , 1.  , 0.95, 0.95, 1.  , 0.9 , 0.  , 1.  , 1.  , 0.8 , 0.4 ,
       1.  , 1.  , 0.5 , 0.8 , 0.75, 0.95, 1.  , 1.  , 1.  , 0.6 , 1.  ,
       1.  , 0.95, 0.95, 1.  , 1.  , 0.75, 0.45, 0.5 , 1.  , 0.9 , 1.  ,
       1.  , 0.8 , 0.7 , 0.55, 0.9 , 0.9 , 0.95, 1.  , 0.85, 0.95, 0.9 ,
       0.95, 1.  , 0.95, 0.95, 0.95, 1.  , 1.  , 0.75, 0.9 , 0.95, 1.  ,
       0.8 , 0.85, 0.85, 1.  , 0.9 , 1.  , 1.  , 1.  , 0.95, 0.95, 0.95,
       0.95, 0.95, 0.9 , 0.85, 0.6 , 1.  , 0.95, 1.  , 0.95, 0.95, 0.95,
       1.  ]), 'class_mean_width': array([49.35, 47.3 , 39.9 , 51.4 , 65.3 , 52.45, 40.15, 51.15, 52.95,
       47.35, 61.4 , 39.65, 36.85, 51.5 , 48.85, 55.6 , 45.05, 47.75,
        7.1 , 25.95, 58.4 , 53.3 , 45.1 , 48.65, 50.45, 58.6 ,  1.7 ,
       29.55, 24.5 , 26.5 , 33.05, 34.25, 36.4 , 61.8 , 50.85, 27.4 ,
       25.3 , 44.3 , 47.3 , 53.35, 33.5 , 36.25, 36.3 ,  6.05, 49.  ,
       52.9 , 59.8 , 31.55, 38.3 , 24.45, 31.25, 25.75, 52.55, 52.2 ,
       42.25, 57.3 , 52.6 , 30.15, 30.25, 25.15, 37.05, 51.85, 52.65,
       28.85, 47.2 , 50.75, 50.9 , 36.35, 43.45, 41.1 , 56.35, 49.9 ,
       28.7 , 35.35, 42.55, 37.65, 33.1 , 30.15, 26.35, 36.4 , 35.95,
       37.4 , 40.65, 48.4 , 56.15, 40.8 , 38.4 , 31.25, 30.45, 55.85,
       45.75, 48.5 , 56.3 , 30.8 , 38.35, 44.4 , 42.2 , 46.8 , 50.25,
       42.5 ]), 'class_median_width': array([41. , 51. , 41. , 51.5, 71. , 56. , 37.5, 55. , 57. , 51.5, 64.5,
       57. , 33.5, 52.5, 52. , 55.5, 42.5, 51. ,  6. , 20.5, 60.5, 59.5,
       44.5, 48. , 58. , 59. ,  1. , 21. , 18.5, 24. , 33. , 28.5, 30. ,
       65.5, 55. , 19. , 15. , 51. , 50. , 66. , 28. , 36.5, 38.5,  5. ,
       49. , 55. , 61. , 31.5, 46. , 21. , 23.5, 21.5, 56.5, 58.5, 44.5,
       61. , 58.5, 31.5, 16.5, 22.5, 35. , 53.5, 61. , 31. , 51.5, 56. ,
       48. , 37.5, 46.5, 41.5, 59. , 50.5, 27. , 42. , 46. , 42. , 33. ,
       25.5, 13.5, 37. , 39.5, 33.5, 42.5, 54. , 64.5, 40. , 36.5, 32. ,
       30. , 58. , 48. , 44.5, 60. , 18. , 29. , 48. , 42.5, 52. , 47. ,
       41. ]), 'class_mean_width_scaled': array([0.4935, 0.473 , 0.399 , 0.514 , 0.653 , 0.5245, 0.4015, 0.5115,
       0.5295, 0.4735, 0.614 , 0.3965, 0.3685, 0.515 , 0.4885, 0.556 ,
       0.4505, 0.4775, 0.071 , 0.2595, 0.584 , 0.533 , 0.451 , 0.4865,
       0.5045, 0.586 , 0.017 , 0.2955, 0.245 , 0.265 , 0.3305, 0.3425,
       0.364 , 0.618 , 0.5085, 0.274 , 0.253 , 0.443 , 0.473 , 0.5335,
       0.335 , 0.3625, 0.363 , 0.0605, 0.49  , 0.529 , 0.598 , 0.3155,
       0.383 , 0.2445, 0.3125, 0.2575, 0.5255, 0.522 , 0.4225, 0.573 ,
       0.526 , 0.3015, 0.3025, 0.2515, 0.3705, 0.5185, 0.5265, 0.2885,
       0.472 , 0.5075, 0.509 , 0.3635, 0.4345, 0.411 , 0.5635, 0.499 ,
       0.287 , 0.3535, 0.4255, 0.3765, 0.331 , 0.3015, 0.2635, 0.364 ,
       0.3595, 0.374 , 0.4065, 0.484 , 0.5615, 0.408 , 0.384 , 0.3125,
       0.3045, 0.5585, 0.4575, 0.485 , 0.563 , 0.308 , 0.3835, 0.444 ,
       0.422 , 0.468 , 0.5025, 0.425 ]), 'class_median_width_scaled': array([0.41 , 0.51 , 0.41 , 0.515, 0.71 , 0.56 , 0.375, 0.55 , 0.57 ,
       0.515, 0.645, 0.57 , 0.335, 0.525, 0.52 , 0.555, 0.425, 0.51 ,
       0.06 , 0.205, 0.605, 0.595, 0.445, 0.48 , 0.58 , 0.59 , 0.01 ,
       0.21 , 0.185, 0.24 , 0.33 , 0.285, 0.3  , 0.655, 0.55 , 0.19 ,
       0.15 , 0.51 , 0.5  , 0.66 , 0.28 , 0.365, 0.385, 0.05 , 0.49 ,
       0.55 , 0.61 , 0.315, 0.46 , 0.21 , 0.235, 0.215, 0.565, 0.585,
       0.445, 0.61 , 0.585, 0.315, 0.165, 0.225, 0.35 , 0.535, 0.61 ,
       0.31 , 0.515, 0.56 , 0.48 , 0.375, 0.465, 0.415, 0.59 , 0.505,
       0.27 , 0.42 , 0.46 , 0.42 , 0.33 , 0.255, 0.135, 0.37 , 0.395,
       0.335, 0.425, 0.54 , 0.645, 0.4  , 0.365, 0.32 , 0.3  , 0.58 ,
       0.48 , 0.445, 0.6  , 0.18 , 0.29 , 0.48 , 0.425, 0.52 , 0.47 ,
       0.41 ])}

split_conformal_aps_MLP full class metrics: {'class_coverage': array([1.  , 0.85, 0.9 , 0.95, 0.6 , 1.  , 1.  , 0.95, 0.75, 1.  , 1.  ,
       1.  , 0.7 , 1.  , 0.9 , 1.  , 1.  , 0.95, 1.  , 0.7 , 1.  , 1.  ,
       1.  , 1.  , 0.95, 0.95, 1.  , 0.9 , 0.  , 1.  , 1.  , 0.8 , 0.4 ,
       1.  , 1.  , 0.5 , 0.8 , 0.75, 0.95, 1.  , 1.  , 1.  , 0.6 , 1.  ,
       1.  , 0.95, 0.95, 1.  , 1.  , 0.75, 0.45, 0.5 , 1.  , 0.9 , 1.  ,
       1.  , 0.8 , 0.7 , 0.55, 0.9 , 0.9 , 0.95, 1.  , 0.85, 0.95, 0.9 ,
       0.95, 1.  , 0.95, 0.95, 0.95, 1.  , 1.  , 0.75, 0.9 , 0.95, 1.  ,
       0.8 , 0.85, 0.85, 1.  , 0.9 , 1.  , 1.  , 1.  , 0.95, 0.95, 0.95,
       0.95, 0.95, 0.9 , 0.85, 0.6 , 1.  , 0.95, 1.  , 0.95, 0.95, 0.95,
       1.  ]), 'class_mean_width': array([49.35, 47.3 , 39.9 , 51.4 , 65.3 , 52.45, 40.15, 51.15, 52.95,
       47.35, 61.4 , 39.65, 36.85, 51.5 , 48.85, 55.6 , 45.05, 47.75,
        7.1 , 25.95, 58.4 , 53.3 , 45.1 , 48.65, 50.45, 58.6 ,  1.7 ,
       29.55, 24.5 , 26.5 , 33.05, 34.25, 36.4 , 61.8 , 50.85, 27.4 ,
       25.3 , 44.3 , 47.3 , 53.35, 33.5 , 36.25, 36.3 ,  6.05, 49.  ,
       52.9 , 59.8 , 31.55, 38.3 , 24.45, 31.25, 25.75, 52.55, 52.2 ,
       42.25, 57.3 , 52.6 , 30.15, 30.25, 25.15, 37.05, 51.85, 52.65,
       28.85, 47.2 , 50.75, 50.9 , 36.35, 43.45, 41.1 , 56.35, 49.9 ,
       28.7 , 35.35, 42.55, 37.65, 33.1 , 30.15, 26.35, 36.4 , 35.95,
       37.4 , 40.65, 48.4 , 56.15, 40.8 , 38.4 , 31.25, 30.45, 55.85,
       45.75, 48.5 , 56.3 , 30.8 , 38.35, 44.4 , 42.2 , 46.8 , 50.25,
       42.5 ]), 'class_median_width': array([41. , 51. , 41. , 51.5, 71. , 56. , 37.5, 55. , 57. , 51.5, 64.5,
       57. , 33.5, 52.5, 52. , 55.5, 42.5, 51. ,  6. , 20.5, 60.5, 59.5,
       44.5, 48. , 58. , 59. ,  1. , 21. , 18.5, 24. , 33. , 28.5, 30. ,
       65.5, 55. , 19. , 15. , 51. , 50. , 66. , 28. , 36.5, 38.5,  5. ,
       49. , 55. , 61. , 31.5, 46. , 21. , 23.5, 21.5, 56.5, 58.5, 44.5,
       61. , 58.5, 31.5, 16.5, 22.5, 35. , 53.5, 61. , 31. , 51.5, 56. ,
       48. , 37.5, 46.5, 41.5, 59. , 50.5, 27. , 42. , 46. , 42. , 33. ,
       25.5, 13.5, 37. , 39.5, 33.5, 42.5, 54. , 64.5, 40. , 36.5, 32. ,
       30. , 58. , 48. , 44.5, 60. , 18. , 29. , 48. , 42.5, 52. , 47. ,
       41. ]), 'class_mean_width_scaled': array([0.4935, 0.473 , 0.399 , 0.514 , 0.653 , 0.5245, 0.4015, 0.5115,
       0.5295, 0.4735, 0.614 , 0.3965, 0.3685, 0.515 , 0.4885, 0.556 ,
       0.4505, 0.4775, 0.071 , 0.2595, 0.584 , 0.533 , 0.451 , 0.4865,
       0.5045, 0.586 , 0.017 , 0.2955, 0.245 , 0.265 , 0.3305, 0.3425,
       0.364 , 0.618 , 0.5085, 0.274 , 0.253 , 0.443 , 0.473 , 0.5335,
       0.335 , 0.3625, 0.363 , 0.0605, 0.49  , 0.529 , 0.598 , 0.3155,
       0.383 , 0.2445, 0.3125, 0.2575, 0.5255, 0.522 , 0.4225, 0.573 ,
       0.526 , 0.3015, 0.3025, 0.2515, 0.3705, 0.5185, 0.5265, 0.2885,
       0.472 , 0.5075, 0.509 , 0.3635, 0.4345, 0.411 , 0.5635, 0.499 ,
       0.287 , 0.3535, 0.4255, 0.3765, 0.331 , 0.3015, 0.2635, 0.364 ,
       0.3595, 0.374 , 0.4065, 0.484 , 0.5615, 0.408 , 0.384 , 0.3125,
       0.3045, 0.5585, 0.4575, 0.485 , 0.563 , 0.308 , 0.3835, 0.444 ,
       0.422 , 0.468 , 0.5025, 0.425 ]), 'class_median_width_scaled': array([0.41 , 0.51 , 0.41 , 0.515, 0.71 , 0.56 , 0.375, 0.55 , 0.57 ,
       0.515, 0.645, 0.57 , 0.335, 0.525, 0.52 , 0.555, 0.425, 0.51 ,
       0.06 , 0.205, 0.605, 0.595, 0.445, 0.48 , 0.58 , 0.59 , 0.01 ,
       0.21 , 0.185, 0.24 , 0.33 , 0.285, 0.3  , 0.655, 0.55 , 0.19 ,
       0.15 , 0.51 , 0.5  , 0.66 , 0.28 , 0.365, 0.385, 0.05 , 0.49 ,
       0.55 , 0.61 , 0.315, 0.46 , 0.21 , 0.235, 0.215, 0.565, 0.585,
       0.445, 0.61 , 0.585, 0.315, 0.165, 0.225, 0.35 , 0.535, 0.61 ,
       0.31 , 0.515, 0.56 , 0.48 , 0.375, 0.465, 0.415, 0.59 , 0.505,
       0.27 , 0.42 , 0.46 , 0.42 , 0.33 , 0.255, 0.135, 0.37 , 0.395,
       0.335, 0.425, 0.54 , 0.645, 0.4  , 0.365, 0.32 , 0.3  , 0.58 ,
       0.48 , 0.445, 0.6  , 0.18 , 0.29 , 0.48 , 0.425, 0.52 , 0.47 ,
       0.41 ])}

Job completed at Thu Mar 20 05:03:16 PM PDT 2025
