Starting job at Thu Mar 20 05:03:04 PM PDT 2025
Job parameters:
Dataset: data_language
UQ Method: split_conformal_aps
Estimator: MLP
Seed: 777
Train Size: 0.8
Running split_conformal_aps on data_language with seed 777 and train size 0.8

starting experiment

data created

Fitting split_conformal_aps_MLP on data_language with seed 777

split_conformal_aps_MLP metrics: {'coverage': np.float64(0.88), 'mean_width': np.float64(12.03), 'median_width': np.float64(12.0), 'mean_width_scaled': np.float64(0.40099999999999997), 'median_width_scaled': np.float64(0.4)}

split_conformal_aps_MLP full metrics: {'coverage': np.float64(0.88), 'mean_width': np.float64(12.03), 'median_width': np.float64(12.0), 'mean_width_scaled': np.float64(0.40099999999999997), 'median_width_scaled': np.float64(0.4)}

split_conformal_aps_MLP class metrics: {'class_coverage': array([1.        , 0.6       , 1.        , 0.66666667, 0.71428571,
       0.5       , 1.        , 1.        , 1.        , 0.83333333,
       1.        , 0.        , 0.83333333, 1.        , 0.5       ,
       1.        , 1.        , 1.        , 1.        , 1.        ,
       0.8       , 1.        , 0.83333333, 1.        , 0.66666667,
       0.8       , 0.        , 0.83333333, 0.83333333, 0.5       ]), 'class_mean_width': array([16.        , 12.        , 15.66666667,  9.66666667, 10.57142857,
       12.4       , 12.6       ,  8.83333333, 10.1875    , 12.        ,
       12.2       , 17.        ,  8.5       , 12.        , 14.5       ,
       15.88888889, 13.2       , 14.66666667, 11.        , 11.85714286,
       13.1       , 14.13333333, 10.83333333, 11.        , 10.83333333,
        9.        ,  8.        , 10.33333333, 10.83333333, 11.5       ]), 'class_median_width': array([17. , 13. , 16. , 11. , 11. , 11.5, 13. ,  9. , 10.5, 12. , 14. ,
       17. ,  8.5, 12. , 14.5, 15. , 13. , 14. , 10. , 12. , 12. , 15. ,
       11. , 11. , 11. ,  7. ,  8. , 10.5, 12.5, 11.5]), 'class_mean_width_scaled': array([0.53333333, 0.4       , 0.52222222, 0.32222222, 0.35238095,
       0.41333333, 0.42      , 0.29444444, 0.33958333, 0.4       ,
       0.40666667, 0.56666667, 0.28333333, 0.4       , 0.48333333,
       0.52962963, 0.44      , 0.48888889, 0.36666667, 0.3952381 ,
       0.43666667, 0.47111111, 0.36111111, 0.36666667, 0.36111111,
       0.3       , 0.26666667, 0.34444444, 0.36111111, 0.38333333]), 'class_median_width_scaled': array([0.56666667, 0.43333333, 0.53333333, 0.36666667, 0.36666667,
       0.38333333, 0.43333333, 0.3       , 0.35      , 0.4       ,
       0.46666667, 0.56666667, 0.28333333, 0.4       , 0.48333333,
       0.5       , 0.43333333, 0.46666667, 0.33333333, 0.4       ,
       0.4       , 0.5       , 0.36666667, 0.36666667, 0.36666667,
       0.23333333, 0.26666667, 0.35      , 0.41666667, 0.38333333])}

split_conformal_aps_MLP full class metrics: {'class_coverage': array([1.        , 0.6       , 1.        , 0.66666667, 0.71428571,
       0.5       , 1.        , 1.        , 1.        , 0.83333333,
       1.        , 0.        , 0.83333333, 1.        , 0.5       ,
       1.        , 1.        , 1.        , 1.        , 1.        ,
       0.8       , 1.        , 0.83333333, 1.        , 0.66666667,
       0.8       , 0.        , 0.83333333, 0.83333333, 0.5       ]), 'class_mean_width': array([16.        , 12.        , 15.66666667,  9.66666667, 10.57142857,
       12.4       , 12.6       ,  8.83333333, 10.1875    , 12.        ,
       12.2       , 17.        ,  8.5       , 12.        , 14.5       ,
       15.88888889, 13.2       , 14.66666667, 11.        , 11.85714286,
       13.1       , 14.13333333, 10.83333333, 11.        , 10.83333333,
        9.        ,  8.        , 10.33333333, 10.83333333, 11.5       ]), 'class_median_width': array([17. , 13. , 16. , 11. , 11. , 11.5, 13. ,  9. , 10.5, 12. , 14. ,
       17. ,  8.5, 12. , 14.5, 15. , 13. , 14. , 10. , 12. , 12. , 15. ,
       11. , 11. , 11. ,  7. ,  8. , 10.5, 12.5, 11.5]), 'class_mean_width_scaled': array([0.53333333, 0.4       , 0.52222222, 0.32222222, 0.35238095,
       0.41333333, 0.42      , 0.29444444, 0.33958333, 0.4       ,
       0.40666667, 0.56666667, 0.28333333, 0.4       , 0.48333333,
       0.52962963, 0.44      , 0.48888889, 0.36666667, 0.3952381 ,
       0.43666667, 0.47111111, 0.36111111, 0.36666667, 0.36111111,
       0.3       , 0.26666667, 0.34444444, 0.36111111, 0.38333333]), 'class_median_width_scaled': array([0.56666667, 0.43333333, 0.53333333, 0.36666667, 0.36666667,
       0.38333333, 0.43333333, 0.3       , 0.35      , 0.4       ,
       0.46666667, 0.56666667, 0.28333333, 0.4       , 0.48333333,
       0.5       , 0.43333333, 0.46666667, 0.33333333, 0.4       ,
       0.4       , 0.5       , 0.36666667, 0.36666667, 0.36666667,
       0.23333333, 0.26666667, 0.35      , 0.41666667, 0.38333333])}

Job completed at Thu Mar 20 05:03:07 PM PDT 2025
