Starting job at Thu Mar 20 05:03:05 PM PDT 2025
Job parameters:
Dataset: data_language
UQ Method: split_conformal_aps
Estimator: MLP
Seed: 786
Train Size: 0.8
Running split_conformal_aps on data_language with seed 786 and train size 0.8

starting experiment

data created

Fitting split_conformal_aps_MLP on data_language with seed 786

split_conformal_aps_MLP metrics: {'coverage': np.float64(0.915), 'mean_width': np.float64(11.745), 'median_width': np.float64(12.0), 'mean_width_scaled': np.float64(0.39149999999999996), 'median_width_scaled': np.float64(0.4)}

split_conformal_aps_MLP full metrics: {'coverage': np.float64(0.915), 'mean_width': np.float64(11.745), 'median_width': np.float64(12.0), 'mean_width_scaled': np.float64(0.39149999999999996), 'median_width_scaled': np.float64(0.4)}

split_conformal_aps_MLP class metrics: {'class_coverage': array([1.        , 1.        , 1.        , 1.        , 0.71428571,
       0.8       , 1.        , 1.        , 1.        , 1.        ,
       0.6       , 1.        , 0.83333333, 1.        , 1.        ,
       1.        , 1.        , 1.        , 1.        , 0.57142857,
       0.9       , 1.        , 1.        , 1.        , 0.83333333,
       0.8       , 0.        , 1.        , 0.83333333, 0.        ]), 'class_mean_width': array([12.77777778, 12.2       , 11.33333333, 12.        , 13.57142857,
       13.2       , 13.73333333,  9.16666667,  9.9375    , 12.16666667,
        8.6       , 10.        ,  8.66666667, 10.83333333, 15.        ,
       14.77777778, 13.2       , 13.        , 11.33333333,  9.        ,
       11.6       , 14.46666667, 11.16666667, 10.5625    ,  9.83333333,
       10.6       ,  8.        , 11.83333333,  9.5       , 15.5       ]), 'class_median_width': array([13. , 12. , 13. , 12. , 13. , 12.5, 13. ,  9. , 10.5, 12. ,  8. ,
       10. ,  8.5,  9.5, 15. , 15. , 13. , 13. , 10. , 10. , 11.5, 14. ,
       11.5, 10.5,  8.5, 10. ,  8. , 12. ,  8. , 15.5]), 'class_mean_width_scaled': array([0.42592593, 0.40666667, 0.37777778, 0.4       , 0.45238095,
       0.44      , 0.45777778, 0.30555556, 0.33125   , 0.40555556,
       0.28666667, 0.33333333, 0.28888889, 0.36111111, 0.5       ,
       0.49259259, 0.44      , 0.43333333, 0.37777778, 0.3       ,
       0.38666667, 0.48222222, 0.37222222, 0.35208333, 0.32777778,
       0.35333333, 0.26666667, 0.39444444, 0.31666667, 0.51666667]), 'class_median_width_scaled': array([0.43333333, 0.4       , 0.43333333, 0.4       , 0.43333333,
       0.41666667, 0.43333333, 0.3       , 0.35      , 0.4       ,
       0.26666667, 0.33333333, 0.28333333, 0.31666667, 0.5       ,
       0.5       , 0.43333333, 0.43333333, 0.33333333, 0.33333333,
       0.38333333, 0.46666667, 0.38333333, 0.35      , 0.28333333,
       0.33333333, 0.26666667, 0.4       , 0.26666667, 0.51666667])}

split_conformal_aps_MLP full class metrics: {'class_coverage': array([1.        , 1.        , 1.        , 1.        , 0.71428571,
       0.8       , 1.        , 1.        , 1.        , 1.        ,
       0.6       , 1.        , 0.83333333, 1.        , 1.        ,
       1.        , 1.        , 1.        , 1.        , 0.57142857,
       0.9       , 1.        , 1.        , 1.        , 0.83333333,
       0.8       , 0.        , 1.        , 0.83333333, 0.        ]), 'class_mean_width': array([12.77777778, 12.2       , 11.33333333, 12.        , 13.57142857,
       13.2       , 13.73333333,  9.16666667,  9.9375    , 12.16666667,
        8.6       , 10.        ,  8.66666667, 10.83333333, 15.        ,
       14.77777778, 13.2       , 13.        , 11.33333333,  9.        ,
       11.6       , 14.46666667, 11.16666667, 10.5625    ,  9.83333333,
       10.6       ,  8.        , 11.83333333,  9.5       , 15.5       ]), 'class_median_width': array([13. , 12. , 13. , 12. , 13. , 12.5, 13. ,  9. , 10.5, 12. ,  8. ,
       10. ,  8.5,  9.5, 15. , 15. , 13. , 13. , 10. , 10. , 11.5, 14. ,
       11.5, 10.5,  8.5, 10. ,  8. , 12. ,  8. , 15.5]), 'class_mean_width_scaled': array([0.42592593, 0.40666667, 0.37777778, 0.4       , 0.45238095,
       0.44      , 0.45777778, 0.30555556, 0.33125   , 0.40555556,
       0.28666667, 0.33333333, 0.28888889, 0.36111111, 0.5       ,
       0.49259259, 0.44      , 0.43333333, 0.37777778, 0.3       ,
       0.38666667, 0.48222222, 0.37222222, 0.35208333, 0.32777778,
       0.35333333, 0.26666667, 0.39444444, 0.31666667, 0.51666667]), 'class_median_width_scaled': array([0.43333333, 0.4       , 0.43333333, 0.4       , 0.43333333,
       0.41666667, 0.43333333, 0.3       , 0.35      , 0.4       ,
       0.26666667, 0.33333333, 0.28333333, 0.31666667, 0.5       ,
       0.5       , 0.43333333, 0.43333333, 0.33333333, 0.33333333,
       0.38333333, 0.46666667, 0.38333333, 0.35      , 0.28333333,
       0.33333333, 0.26666667, 0.4       , 0.26666667, 0.51666667])}

Job completed at Thu Mar 20 05:03:07 PM PDT 2025
