Starting job at Wed Mar 19 06:23:26 PM PDT 2025
Job parameters:
Dataset: data_helena
UQ Method: split_conformal_raps
Estimator: AdaBoost
Seed: 782
Train Size: 0.8
Running split_conformal_raps on data_helena with seed 782 and train size 0.8

starting experiment

data created

Fitting split_conformal_raps_AdaBoost on data_helena with seed 782

split_conformal_raps_AdaBoost metrics: {'coverage': np.float64(0.9169478527607362), 'mean_width': np.float64(70.98872699386503), 'median_width': np.float64(69.0), 'mean_width_scaled': np.float64(0.7098872699386503), 'median_width_scaled': np.float64(0.69)}

split_conformal_raps_AdaBoost full metrics: {'coverage': np.float64(0.9169478527607362), 'mean_width': np.float64(70.98872699386503), 'median_width': np.float64(69.0), 'mean_width_scaled': np.float64(0.7098872699386503), 'median_width_scaled': np.float64(0.69)}

split_conformal_raps_AdaBoost class metrics: {'class_coverage': array([1.        , 1.        , 0.        , 0.96875   , 0.98850575,
       1.        , 1.        , 1.        , 0.97222222, 0.96832579,
       0.06666667, 0.        , 0.03571429, 0.98816568, 0.93548387,
       1.        , 0.97058824, 0.04444444, 0.98611111, 1.        ,
       0.96923077, 0.98113208, 1.        , 0.07843137, 1.        ,
       0.02173913, 0.08333333, 0.        , 0.        , 0.03846154,
       0.02702703, 1.        , 1.        , 0.99809524, 1.        ,
       0.99499165, 1.        , 0.        , 1.        , 0.98412698,
       0.97014925, 1.        , 0.94871795, 1.        , 0.02380952,
       0.01851852, 0.        , 0.98734177, 1.        , 0.27586207,
       0.        , 0.99836868, 0.04166667, 0.99721448, 0.02380952,
       1.        , 0.99543379, 1.        , 0.96703297, 0.18421053,
       0.9895288 , 0.99264706, 0.14705882, 1.        , 0.99065421,
       0.95744681, 0.98390805, 0.99      , 0.93220339, 1.        ,
       1.        , 0.96666667, 0.        , 0.        , 1.        ,
       1.        , 0.99875156, 0.88235294, 1.        , 0.55813953,
       0.09090909, 0.32      , 0.97826087, 0.97142857, 0.99346405,
       0.98876404, 0.9800995 , 0.98382749, 0.98571429, 0.9875    ,
       0.11538462, 0.98453608, 1.        , 0.98780488, 0.        ,
       0.09375   , 1.        , 0.99452055, 0.98360656, 1.        ]), 'class_mean_width': array([69.23655914, 69.37931034, 69.        , 69.03125   , 69.29885057,
       69.58441558, 69.6875    , 69.40740741, 68.16666667, 81.57918552,
       70.46666667, 66.96153846, 69.71428571, 69.04733728, 66.01612903,
       69.84615385, 69.56862745, 68.84444444, 69.8125    , 69.29931973,
       67.50769231, 69.26415094, 70.74556213, 69.74509804, 70.29310345,
       68.30434783, 70.83333333, 69.91666667, 69.        , 69.76923077,
       69.59459459, 69.32352941, 69.38826185, 70.17904762, 70.51136364,
       69.0918197 , 71.44444444, 65.34482759, 69.23333333, 68.17460317,
       69.59701493, 69.75423729, 66.33333333, 69.81818182, 68.28571429,
       67.46296296, 67.23684211, 70.84810127, 71.00909091, 67.48275862,
       69.        , 68.95269168, 69.91666667, 70.12256267, 68.28571429,
       70.77394636, 69.36073059, 69.56578947, 69.18681319, 73.18421053,
       69.2565445 , 69.59558824, 69.02941176, 69.42045455, 70.71028037,
       67.17021277, 68.52183908, 68.69      , 66.71186441, 69.33846154,
       71.12389381, 68.23333333, 69.        , 69.        , 70.79816514,
       83.27868852, 83.22097378, 70.61568627, 69.57894737, 40.20930233,
       71.        , 74.16      , 68.80434783, 69.6       , 69.89542484,
       69.15730337, 67.87064677, 68.22911051, 68.57142857, 68.6       ,
       69.57692308, 68.32216495, 70.91436464, 70.26829268, 69.        ,
       71.0625    , 71.45798319, 68.81917808, 68.13114754, 69.53012048]), 'class_median_width': array([69., 69., 69., 69., 69., 69., 69., 69., 69., 91., 69., 69., 69.,
       69., 69., 69., 69., 69., 69., 69., 69., 69., 69., 69., 69., 69.,
       69., 69., 69., 69., 69., 69., 69., 69., 69., 69., 69., 69., 69.,
       69., 69., 69., 69., 69., 69., 69., 69., 69., 69., 69., 69., 69.,
       69., 69., 69., 69., 69., 69., 69., 69., 69., 69., 69., 69., 69.,
       69., 69., 69., 69., 69., 69., 69., 69., 69., 69., 91., 91., 91.,
       69., 17., 69., 69., 69., 69., 69., 69., 69., 69., 69., 69., 69.,
       69., 69., 69., 69., 69., 69., 69., 69., 69.]), 'class_mean_width_scaled': array([0.69236559, 0.6937931 , 0.69      , 0.6903125 , 0.69298851,
       0.69584416, 0.696875  , 0.69407407, 0.68166667, 0.81579186,
       0.70466667, 0.66961538, 0.69714286, 0.69047337, 0.66016129,
       0.69846154, 0.69568627, 0.68844444, 0.698125  , 0.6929932 ,
       0.67507692, 0.69264151, 0.70745562, 0.69745098, 0.70293103,
       0.68304348, 0.70833333, 0.69916667, 0.69      , 0.69769231,
       0.69594595, 0.69323529, 0.69388262, 0.70179048, 0.70511364,
       0.6909182 , 0.71444444, 0.65344828, 0.69233333, 0.68174603,
       0.69597015, 0.69754237, 0.66333333, 0.69818182, 0.68285714,
       0.67462963, 0.67236842, 0.70848101, 0.71009091, 0.67482759,
       0.69      , 0.68952692, 0.69916667, 0.70122563, 0.68285714,
       0.70773946, 0.69360731, 0.69565789, 0.69186813, 0.73184211,
       0.69256545, 0.69595588, 0.69029412, 0.69420455, 0.7071028 ,
       0.67170213, 0.68521839, 0.6869    , 0.66711864, 0.69338462,
       0.71123894, 0.68233333, 0.69      , 0.69      , 0.70798165,
       0.83278689, 0.83220974, 0.70615686, 0.69578947, 0.40209302,
       0.71      , 0.7416    , 0.68804348, 0.696     , 0.69895425,
       0.69157303, 0.67870647, 0.68229111, 0.68571429, 0.686     ,
       0.69576923, 0.68322165, 0.70914365, 0.70268293, 0.69      ,
       0.710625  , 0.71457983, 0.68819178, 0.68131148, 0.6953012 ]), 'class_median_width_scaled': array([0.69, 0.69, 0.69, 0.69, 0.69, 0.69, 0.69, 0.69, 0.69, 0.91, 0.69,
       0.69, 0.69, 0.69, 0.69, 0.69, 0.69, 0.69, 0.69, 0.69, 0.69, 0.69,
       0.69, 0.69, 0.69, 0.69, 0.69, 0.69, 0.69, 0.69, 0.69, 0.69, 0.69,
       0.69, 0.69, 0.69, 0.69, 0.69, 0.69, 0.69, 0.69, 0.69, 0.69, 0.69,
       0.69, 0.69, 0.69, 0.69, 0.69, 0.69, 0.69, 0.69, 0.69, 0.69, 0.69,
       0.69, 0.69, 0.69, 0.69, 0.69, 0.69, 0.69, 0.69, 0.69, 0.69, 0.69,
       0.69, 0.69, 0.69, 0.69, 0.69, 0.69, 0.69, 0.69, 0.69, 0.91, 0.91,
       0.91, 0.69, 0.17, 0.69, 0.69, 0.69, 0.69, 0.69, 0.69, 0.69, 0.69,
       0.69, 0.69, 0.69, 0.69, 0.69, 0.69, 0.69, 0.69, 0.69, 0.69, 0.69,
       0.69])}

split_conformal_raps_AdaBoost full class metrics: {'class_coverage': array([1.        , 1.        , 0.        , 0.96875   , 0.98850575,
       1.        , 1.        , 1.        , 0.97222222, 0.96832579,
       0.06666667, 0.        , 0.03571429, 0.98816568, 0.93548387,
       1.        , 0.97058824, 0.04444444, 0.98611111, 1.        ,
       0.96923077, 0.98113208, 1.        , 0.07843137, 1.        ,
       0.02173913, 0.08333333, 0.        , 0.        , 0.03846154,
       0.02702703, 1.        , 1.        , 0.99809524, 1.        ,
       0.99499165, 1.        , 0.        , 1.        , 0.98412698,
       0.97014925, 1.        , 0.94871795, 1.        , 0.02380952,
       0.01851852, 0.        , 0.98734177, 1.        , 0.27586207,
       0.        , 0.99836868, 0.04166667, 0.99721448, 0.02380952,
       1.        , 0.99543379, 1.        , 0.96703297, 0.18421053,
       0.9895288 , 0.99264706, 0.14705882, 1.        , 0.99065421,
       0.95744681, 0.98390805, 0.99      , 0.93220339, 1.        ,
       1.        , 0.96666667, 0.        , 0.        , 1.        ,
       1.        , 0.99875156, 0.88235294, 1.        , 0.55813953,
       0.09090909, 0.32      , 0.97826087, 0.97142857, 0.99346405,
       0.98876404, 0.9800995 , 0.98382749, 0.98571429, 0.9875    ,
       0.11538462, 0.98453608, 1.        , 0.98780488, 0.        ,
       0.09375   , 1.        , 0.99452055, 0.98360656, 1.        ]), 'class_mean_width': array([69.23655914, 69.37931034, 69.        , 69.03125   , 69.29885057,
       69.58441558, 69.6875    , 69.40740741, 68.16666667, 81.57918552,
       70.46666667, 66.96153846, 69.71428571, 69.04733728, 66.01612903,
       69.84615385, 69.56862745, 68.84444444, 69.8125    , 69.29931973,
       67.50769231, 69.26415094, 70.74556213, 69.74509804, 70.29310345,
       68.30434783, 70.83333333, 69.91666667, 69.        , 69.76923077,
       69.59459459, 69.32352941, 69.38826185, 70.17904762, 70.51136364,
       69.0918197 , 71.44444444, 65.34482759, 69.23333333, 68.17460317,
       69.59701493, 69.75423729, 66.33333333, 69.81818182, 68.28571429,
       67.46296296, 67.23684211, 70.84810127, 71.00909091, 67.48275862,
       69.        , 68.95269168, 69.91666667, 70.12256267, 68.28571429,
       70.77394636, 69.36073059, 69.56578947, 69.18681319, 73.18421053,
       69.2565445 , 69.59558824, 69.02941176, 69.42045455, 70.71028037,
       67.17021277, 68.52183908, 68.69      , 66.71186441, 69.33846154,
       71.12389381, 68.23333333, 69.        , 69.        , 70.79816514,
       83.27868852, 83.22097378, 70.61568627, 69.57894737, 40.20930233,
       71.        , 74.16      , 68.80434783, 69.6       , 69.89542484,
       69.15730337, 67.87064677, 68.22911051, 68.57142857, 68.6       ,
       69.57692308, 68.32216495, 70.91436464, 70.26829268, 69.        ,
       71.0625    , 71.45798319, 68.81917808, 68.13114754, 69.53012048]), 'class_median_width': array([69., 69., 69., 69., 69., 69., 69., 69., 69., 91., 69., 69., 69.,
       69., 69., 69., 69., 69., 69., 69., 69., 69., 69., 69., 69., 69.,
       69., 69., 69., 69., 69., 69., 69., 69., 69., 69., 69., 69., 69.,
       69., 69., 69., 69., 69., 69., 69., 69., 69., 69., 69., 69., 69.,
       69., 69., 69., 69., 69., 69., 69., 69., 69., 69., 69., 69., 69.,
       69., 69., 69., 69., 69., 69., 69., 69., 69., 69., 91., 91., 91.,
       69., 17., 69., 69., 69., 69., 69., 69., 69., 69., 69., 69., 69.,
       69., 69., 69., 69., 69., 69., 69., 69., 69.]), 'class_mean_width_scaled': array([0.69236559, 0.6937931 , 0.69      , 0.6903125 , 0.69298851,
       0.69584416, 0.696875  , 0.69407407, 0.68166667, 0.81579186,
       0.70466667, 0.66961538, 0.69714286, 0.69047337, 0.66016129,
       0.69846154, 0.69568627, 0.68844444, 0.698125  , 0.6929932 ,
       0.67507692, 0.69264151, 0.70745562, 0.69745098, 0.70293103,
       0.68304348, 0.70833333, 0.69916667, 0.69      , 0.69769231,
       0.69594595, 0.69323529, 0.69388262, 0.70179048, 0.70511364,
       0.6909182 , 0.71444444, 0.65344828, 0.69233333, 0.68174603,
       0.69597015, 0.69754237, 0.66333333, 0.69818182, 0.68285714,
       0.67462963, 0.67236842, 0.70848101, 0.71009091, 0.67482759,
       0.69      , 0.68952692, 0.69916667, 0.70122563, 0.68285714,
       0.70773946, 0.69360731, 0.69565789, 0.69186813, 0.73184211,
       0.69256545, 0.69595588, 0.69029412, 0.69420455, 0.7071028 ,
       0.67170213, 0.68521839, 0.6869    , 0.66711864, 0.69338462,
       0.71123894, 0.68233333, 0.69      , 0.69      , 0.70798165,
       0.83278689, 0.83220974, 0.70615686, 0.69578947, 0.40209302,
       0.71      , 0.7416    , 0.68804348, 0.696     , 0.69895425,
       0.69157303, 0.67870647, 0.68229111, 0.68571429, 0.686     ,
       0.69576923, 0.68322165, 0.70914365, 0.70268293, 0.69      ,
       0.710625  , 0.71457983, 0.68819178, 0.68131148, 0.6953012 ]), 'class_median_width_scaled': array([0.69, 0.69, 0.69, 0.69, 0.69, 0.69, 0.69, 0.69, 0.69, 0.91, 0.69,
       0.69, 0.69, 0.69, 0.69, 0.69, 0.69, 0.69, 0.69, 0.69, 0.69, 0.69,
       0.69, 0.69, 0.69, 0.69, 0.69, 0.69, 0.69, 0.69, 0.69, 0.69, 0.69,
       0.69, 0.69, 0.69, 0.69, 0.69, 0.69, 0.69, 0.69, 0.69, 0.69, 0.69,
       0.69, 0.69, 0.69, 0.69, 0.69, 0.69, 0.69, 0.69, 0.69, 0.69, 0.69,
       0.69, 0.69, 0.69, 0.69, 0.69, 0.69, 0.69, 0.69, 0.69, 0.69, 0.69,
       0.69, 0.69, 0.69, 0.69, 0.69, 0.69, 0.69, 0.69, 0.69, 0.91, 0.91,
       0.91, 0.69, 0.17, 0.69, 0.69, 0.69, 0.69, 0.69, 0.69, 0.69, 0.69,
       0.69, 0.69, 0.69, 0.69, 0.69, 0.69, 0.69, 0.69, 0.69, 0.69, 0.69,
       0.69])}

Job completed at Wed Mar 19 06:23:33 PM PDT 2025
