Starting job at Wed Mar 19 06:23:13 PM PDT 2025
Job parameters:
Dataset: data_helena
UQ Method: split_conformal_raps
Estimator: AdaBoost
Seed: 779
Train Size: 0.8
Running split_conformal_raps on data_helena with seed 779 and train size 0.8

starting experiment

data created

Fitting split_conformal_raps_AdaBoost on data_helena with seed 779

split_conformal_raps_AdaBoost metrics: {'coverage': np.float64(0.9098159509202454), 'mean_width': np.float64(62.262346625766874), 'median_width': np.float64(68.0), 'mean_width_scaled': np.float64(0.6226234662576687), 'median_width_scaled': np.float64(0.68)}

split_conformal_raps_AdaBoost full metrics: {'coverage': np.float64(0.9098159509202454), 'mean_width': np.float64(62.262346625766874), 'median_width': np.float64(68.0), 'mean_width_scaled': np.float64(0.6226234662576687), 'median_width_scaled': np.float64(0.68)}

split_conformal_raps_AdaBoost class metrics: {'class_coverage': array([0.64516129, 0.87931034, 0.        , 0.875     , 0.94252874,
       0.96103896, 0.96875   , 0.82407407, 0.97222222, 0.92986425,
       0.06666667, 0.19230769, 0.        , 0.98224852, 0.87096774,
       0.94230769, 0.93137255, 0.91111111, 1.        , 0.96598639,
       0.98461538, 0.94339623, 0.9704142 , 0.92156863, 0.95689655,
       0.58695652, 0.20833333, 0.125     , 0.        , 0.07692308,
       0.75675676, 0.98529412, 0.99548533, 0.99809524, 0.94318182,
       0.99833055, 0.97222222, 0.        , 0.94166667, 0.88888889,
       0.68656716, 0.99152542, 0.76923077, 0.98181818, 0.23809524,
       0.96296296, 0.86842105, 0.89873418, 0.99090909, 0.89655172,
       0.25925926, 0.98531811, 0.16666667, 0.99442897, 0.97619048,
       0.99616858, 0.71689498, 0.88157895, 0.96703297, 0.21052632,
       0.94240838, 1.        , 0.02941176, 1.        , 0.65420561,
       0.61702128, 0.97011494, 0.99      , 0.37288136, 0.70769231,
       0.68141593, 0.76666667, 0.82142857, 0.5       , 0.97247706,
       0.94535519, 0.99500624, 0.89803922, 0.89473684, 0.13953488,
       0.6969697 , 0.65333333, 0.89130435, 1.        , 0.9869281 ,
       1.        , 0.99004975, 0.99191375, 0.84285714, 1.        ,
       0.07692308, 1.        , 0.97513812, 1.        , 0.        ,
       0.28125   , 0.99159664, 0.99452055, 1.        , 0.93975904]), 'class_mean_width': array([67.50537634, 68.01724138, 68.        , 66.61458333, 67.05747126,
       66.32467532, 67.78125   , 67.72222222, 65.375     , 39.95927602,
       65.02222222, 65.        , 68.        , 67.39053254, 66.        ,
       66.88461538, 66.68627451, 65.46666667, 66.27083333, 67.85714286,
       66.12307692, 65.66037736, 65.46745562, 66.41176471, 63.85344828,
       67.82608696, 62.875     , 67.125     , 66.56521739, 64.65384615,
       66.72972973, 66.98529412, 67.26862302, 63.93142857, 67.03409091,
       67.61268781, 68.        , 68.03448276, 64.88333333, 66.71428571,
       65.89552239, 66.86440678, 65.12820513, 66.46060606, 67.69047619,
       67.77777778, 65.89473684, 66.41772152, 65.4       , 68.03448276,
       68.        , 67.27732463, 67.66666667, 66.49582173, 66.45238095,
       65.61685824, 67.52054795, 67.78947368, 67.06593407, 64.42105263,
       67.33507853, 67.13970588, 64.79411765, 66.11363636, 64.42990654,
       65.91489362, 67.29885057, 67.44      , 63.77966102, 67.87692308,
       62.15044248, 57.86666667, 68.        , 65.95833333, 65.65137615,
       34.25409836, 45.62796504, 20.44705882, 66.81578947, 68.        ,
       58.45454545, 44.01333333, 66.63043478, 68.        , 65.24836601,
       67.39325843, 67.19402985, 67.36927224, 66.8       , 67.18125   ,
       63.73076923, 67.70103093, 63.37016575, 65.43902439, 68.        ,
       64.5       , 62.58403361, 67.43287671, 68.        , 66.31325301]), 'class_median_width': array([68., 68., 68., 68., 68., 68., 68., 68., 68., 35., 68., 68., 68.,
       68., 68., 68., 68., 68., 68., 68., 68., 68., 68., 68., 68., 68.,
       68., 68., 68., 68., 68., 68., 68., 68., 68., 68., 68., 68., 68.,
       68., 68., 68., 68., 68., 68., 68., 68., 68., 68., 68., 68., 68.,
       68., 68., 68., 68., 68., 68., 68., 68., 68., 68., 68., 68., 68.,
       68., 68., 68., 68., 68., 68., 68., 68., 68., 68., 35., 35., 27.,
       68., 68., 68., 36., 68., 68., 68., 68., 68., 68., 68., 68., 68.,
       68., 68., 68., 68., 68., 68., 68., 68., 68.]), 'class_mean_width_scaled': array([0.67505376, 0.68017241, 0.68      , 0.66614583, 0.67057471,
       0.66324675, 0.6778125 , 0.67722222, 0.65375   , 0.39959276,
       0.65022222, 0.65      , 0.68      , 0.67390533, 0.66      ,
       0.66884615, 0.66686275, 0.65466667, 0.66270833, 0.67857143,
       0.66123077, 0.65660377, 0.65467456, 0.66411765, 0.63853448,
       0.67826087, 0.62875   , 0.67125   , 0.66565217, 0.64653846,
       0.6672973 , 0.66985294, 0.67268623, 0.63931429, 0.67034091,
       0.67612688, 0.68      , 0.68034483, 0.64883333, 0.66714286,
       0.65895522, 0.66864407, 0.65128205, 0.66460606, 0.67690476,
       0.67777778, 0.65894737, 0.66417722, 0.654     , 0.68034483,
       0.68      , 0.67277325, 0.67666667, 0.66495822, 0.66452381,
       0.65616858, 0.67520548, 0.67789474, 0.67065934, 0.64421053,
       0.67335079, 0.67139706, 0.64794118, 0.66113636, 0.64429907,
       0.65914894, 0.67298851, 0.6744    , 0.63779661, 0.67876923,
       0.62150442, 0.57866667, 0.68      , 0.65958333, 0.65651376,
       0.34254098, 0.45627965, 0.20447059, 0.66815789, 0.68      ,
       0.58454545, 0.44013333, 0.66630435, 0.68      , 0.65248366,
       0.67393258, 0.6719403 , 0.67369272, 0.668     , 0.6718125 ,
       0.63730769, 0.67701031, 0.63370166, 0.65439024, 0.68      ,
       0.645     , 0.62584034, 0.67432877, 0.68      , 0.66313253]), 'class_median_width_scaled': array([0.68, 0.68, 0.68, 0.68, 0.68, 0.68, 0.68, 0.68, 0.68, 0.35, 0.68,
       0.68, 0.68, 0.68, 0.68, 0.68, 0.68, 0.68, 0.68, 0.68, 0.68, 0.68,
       0.68, 0.68, 0.68, 0.68, 0.68, 0.68, 0.68, 0.68, 0.68, 0.68, 0.68,
       0.68, 0.68, 0.68, 0.68, 0.68, 0.68, 0.68, 0.68, 0.68, 0.68, 0.68,
       0.68, 0.68, 0.68, 0.68, 0.68, 0.68, 0.68, 0.68, 0.68, 0.68, 0.68,
       0.68, 0.68, 0.68, 0.68, 0.68, 0.68, 0.68, 0.68, 0.68, 0.68, 0.68,
       0.68, 0.68, 0.68, 0.68, 0.68, 0.68, 0.68, 0.68, 0.68, 0.35, 0.35,
       0.27, 0.68, 0.68, 0.68, 0.36, 0.68, 0.68, 0.68, 0.68, 0.68, 0.68,
       0.68, 0.68, 0.68, 0.68, 0.68, 0.68, 0.68, 0.68, 0.68, 0.68, 0.68,
       0.68])}

split_conformal_raps_AdaBoost full class metrics: {'class_coverage': array([0.64516129, 0.87931034, 0.        , 0.875     , 0.94252874,
       0.96103896, 0.96875   , 0.82407407, 0.97222222, 0.92986425,
       0.06666667, 0.19230769, 0.        , 0.98224852, 0.87096774,
       0.94230769, 0.93137255, 0.91111111, 1.        , 0.96598639,
       0.98461538, 0.94339623, 0.9704142 , 0.92156863, 0.95689655,
       0.58695652, 0.20833333, 0.125     , 0.        , 0.07692308,
       0.75675676, 0.98529412, 0.99548533, 0.99809524, 0.94318182,
       0.99833055, 0.97222222, 0.        , 0.94166667, 0.88888889,
       0.68656716, 0.99152542, 0.76923077, 0.98181818, 0.23809524,
       0.96296296, 0.86842105, 0.89873418, 0.99090909, 0.89655172,
       0.25925926, 0.98531811, 0.16666667, 0.99442897, 0.97619048,
       0.99616858, 0.71689498, 0.88157895, 0.96703297, 0.21052632,
       0.94240838, 1.        , 0.02941176, 1.        , 0.65420561,
       0.61702128, 0.97011494, 0.99      , 0.37288136, 0.70769231,
       0.68141593, 0.76666667, 0.82142857, 0.5       , 0.97247706,
       0.94535519, 0.99500624, 0.89803922, 0.89473684, 0.13953488,
       0.6969697 , 0.65333333, 0.89130435, 1.        , 0.9869281 ,
       1.        , 0.99004975, 0.99191375, 0.84285714, 1.        ,
       0.07692308, 1.        , 0.97513812, 1.        , 0.        ,
       0.28125   , 0.99159664, 0.99452055, 1.        , 0.93975904]), 'class_mean_width': array([67.50537634, 68.01724138, 68.        , 66.61458333, 67.05747126,
       66.32467532, 67.78125   , 67.72222222, 65.375     , 39.95927602,
       65.02222222, 65.        , 68.        , 67.39053254, 66.        ,
       66.88461538, 66.68627451, 65.46666667, 66.27083333, 67.85714286,
       66.12307692, 65.66037736, 65.46745562, 66.41176471, 63.85344828,
       67.82608696, 62.875     , 67.125     , 66.56521739, 64.65384615,
       66.72972973, 66.98529412, 67.26862302, 63.93142857, 67.03409091,
       67.61268781, 68.        , 68.03448276, 64.88333333, 66.71428571,
       65.89552239, 66.86440678, 65.12820513, 66.46060606, 67.69047619,
       67.77777778, 65.89473684, 66.41772152, 65.4       , 68.03448276,
       68.        , 67.27732463, 67.66666667, 66.49582173, 66.45238095,
       65.61685824, 67.52054795, 67.78947368, 67.06593407, 64.42105263,
       67.33507853, 67.13970588, 64.79411765, 66.11363636, 64.42990654,
       65.91489362, 67.29885057, 67.44      , 63.77966102, 67.87692308,
       62.15044248, 57.86666667, 68.        , 65.95833333, 65.65137615,
       34.25409836, 45.62796504, 20.44705882, 66.81578947, 68.        ,
       58.45454545, 44.01333333, 66.63043478, 68.        , 65.24836601,
       67.39325843, 67.19402985, 67.36927224, 66.8       , 67.18125   ,
       63.73076923, 67.70103093, 63.37016575, 65.43902439, 68.        ,
       64.5       , 62.58403361, 67.43287671, 68.        , 66.31325301]), 'class_median_width': array([68., 68., 68., 68., 68., 68., 68., 68., 68., 35., 68., 68., 68.,
       68., 68., 68., 68., 68., 68., 68., 68., 68., 68., 68., 68., 68.,
       68., 68., 68., 68., 68., 68., 68., 68., 68., 68., 68., 68., 68.,
       68., 68., 68., 68., 68., 68., 68., 68., 68., 68., 68., 68., 68.,
       68., 68., 68., 68., 68., 68., 68., 68., 68., 68., 68., 68., 68.,
       68., 68., 68., 68., 68., 68., 68., 68., 68., 68., 35., 35., 27.,
       68., 68., 68., 36., 68., 68., 68., 68., 68., 68., 68., 68., 68.,
       68., 68., 68., 68., 68., 68., 68., 68., 68.]), 'class_mean_width_scaled': array([0.67505376, 0.68017241, 0.68      , 0.66614583, 0.67057471,
       0.66324675, 0.6778125 , 0.67722222, 0.65375   , 0.39959276,
       0.65022222, 0.65      , 0.68      , 0.67390533, 0.66      ,
       0.66884615, 0.66686275, 0.65466667, 0.66270833, 0.67857143,
       0.66123077, 0.65660377, 0.65467456, 0.66411765, 0.63853448,
       0.67826087, 0.62875   , 0.67125   , 0.66565217, 0.64653846,
       0.6672973 , 0.66985294, 0.67268623, 0.63931429, 0.67034091,
       0.67612688, 0.68      , 0.68034483, 0.64883333, 0.66714286,
       0.65895522, 0.66864407, 0.65128205, 0.66460606, 0.67690476,
       0.67777778, 0.65894737, 0.66417722, 0.654     , 0.68034483,
       0.68      , 0.67277325, 0.67666667, 0.66495822, 0.66452381,
       0.65616858, 0.67520548, 0.67789474, 0.67065934, 0.64421053,
       0.67335079, 0.67139706, 0.64794118, 0.66113636, 0.64429907,
       0.65914894, 0.67298851, 0.6744    , 0.63779661, 0.67876923,
       0.62150442, 0.57866667, 0.68      , 0.65958333, 0.65651376,
       0.34254098, 0.45627965, 0.20447059, 0.66815789, 0.68      ,
       0.58454545, 0.44013333, 0.66630435, 0.68      , 0.65248366,
       0.67393258, 0.6719403 , 0.67369272, 0.668     , 0.6718125 ,
       0.63730769, 0.67701031, 0.63370166, 0.65439024, 0.68      ,
       0.645     , 0.62584034, 0.67432877, 0.68      , 0.66313253]), 'class_median_width_scaled': array([0.68, 0.68, 0.68, 0.68, 0.68, 0.68, 0.68, 0.68, 0.68, 0.35, 0.68,
       0.68, 0.68, 0.68, 0.68, 0.68, 0.68, 0.68, 0.68, 0.68, 0.68, 0.68,
       0.68, 0.68, 0.68, 0.68, 0.68, 0.68, 0.68, 0.68, 0.68, 0.68, 0.68,
       0.68, 0.68, 0.68, 0.68, 0.68, 0.68, 0.68, 0.68, 0.68, 0.68, 0.68,
       0.68, 0.68, 0.68, 0.68, 0.68, 0.68, 0.68, 0.68, 0.68, 0.68, 0.68,
       0.68, 0.68, 0.68, 0.68, 0.68, 0.68, 0.68, 0.68, 0.68, 0.68, 0.68,
       0.68, 0.68, 0.68, 0.68, 0.68, 0.68, 0.68, 0.68, 0.68, 0.35, 0.35,
       0.27, 0.68, 0.68, 0.68, 0.36, 0.68, 0.68, 0.68, 0.68, 0.68, 0.68,
       0.68, 0.68, 0.68, 0.68, 0.68, 0.68, 0.68, 0.68, 0.68, 0.68, 0.68,
       0.68])}

Job completed at Wed Mar 19 06:23:20 PM PDT 2025
