Starting job at Wed Mar 19 06:23:09 PM PDT 2025
Job parameters:
Dataset: data_helena
UQ Method: split_conformal_raps
Estimator: AdaBoost
Seed: 777
Train Size: 0.8
Running split_conformal_raps on data_helena with seed 777 and train size 0.8

starting experiment

data created

Fitting split_conformal_raps_AdaBoost on data_helena with seed 777

split_conformal_raps_AdaBoost metrics: {'coverage': np.float64(0.9260736196319018), 'mean_width': np.float64(70.06671779141104), 'median_width': np.float64(75.0), 'mean_width_scaled': np.float64(0.7006671779141104), 'median_width_scaled': np.float64(0.75)}

split_conformal_raps_AdaBoost full metrics: {'coverage': np.float64(0.9260736196319018), 'mean_width': np.float64(70.06671779141104), 'median_width': np.float64(75.0), 'mean_width_scaled': np.float64(0.7006671779141104), 'median_width_scaled': np.float64(0.75)}

split_conformal_raps_AdaBoost class metrics: {'class_coverage': array([1.        , 1.        , 0.        , 0.98958333, 0.96551724,
       0.93506494, 0.984375  , 0.98148148, 0.95833333, 1.        ,
       0.95555556, 0.        , 0.        , 0.95857988, 0.96774194,
       1.        , 0.98039216, 0.        , 0.98611111, 0.97278912,
       1.        , 0.90566038, 1.        , 0.98039216, 0.98275862,
       0.91304348, 0.08333333, 0.        , 0.        , 0.        ,
       0.97297297, 0.95588235, 1.        , 0.99809524, 0.95454545,
       1.        , 0.        , 0.        , 0.975     , 1.        ,
       0.97014925, 0.94915254, 1.        , 0.97575758, 1.        ,
       0.98148148, 0.        , 0.98734177, 1.        , 0.        ,
       0.        , 0.99021207, 0.125     , 0.98885794, 0.02380952,
       0.98467433, 1.        , 0.98684211, 0.98901099, 0.05263158,
       1.        , 0.94852941, 0.91176471, 0.96590909, 0.89719626,
       0.9787234 , 0.98850575, 0.97      , 0.94915254, 1.        ,
       0.96460177, 1.        , 0.        , 0.        , 0.97247706,
       1.        , 0.95630462, 0.99607843, 0.        , 0.74418605,
       0.        , 0.89333333, 1.        , 0.02857143, 0.97385621,
       0.95505618, 0.97014925, 0.99191375, 0.98571429, 0.95625   ,
       0.03846154, 0.9871134 , 0.99723757, 0.87804878, 0.02777778,
       0.        , 0.95798319, 1.        , 0.96721311, 0.96385542]), 'class_mean_width': array([74.89247312, 75.93103448, 75.        , 73.30208333, 74.88505747,
       72.48051948, 74.28125   , 74.48148148, 73.58333333, 70.13574661,
       72.35555556, 75.        , 68.46428571, 73.66272189, 72.25806452,
       75.        , 72.8627451 , 72.37777778, 71.97222222, 73.67346939,
       74.15384615, 71.05660377, 70.50887574, 75.50980392, 70.70689655,
       69.91304348, 72.66666667, 75.        , 75.        , 73.23076923,
       74.72972973, 72.58823529, 74.34311512, 73.25714286, 73.125     ,
       74.69115192, 75.        , 75.        , 74.14166667, 73.55555556,
       73.91044776, 74.10169492, 75.46153846, 74.39393939, 74.33333333,
       74.14814815, 75.        , 67.13924051, 72.84545455, 75.        ,
       75.        , 73.32463295, 71.91666667, 71.91086351, 73.23809524,
       62.87356322, 74.74885845, 74.63157895, 74.47252747, 74.26315789,
       74.18324607, 72.91911765, 71.32352941, 74.68181818, 71.28971963,
       70.63829787, 74.5908046 , 73.23      , 72.03389831, 74.89230769,
       73.07964602, 69.11666667, 75.        , 73.08333333, 74.28440367,
       57.82513661, 43.51560549, 37.89019608, 73.78947368, 30.06976744,
       73.39393939, 68.8       , 75.39130435, 73.82857143, 73.98039216,
       73.04494382, 74.039801  , 74.85714286, 74.34285714, 73.7875    ,
       75.69230769, 74.43814433, 71.74309392, 71.37804878, 70.38888889,
       75.        , 73.24369748, 74.60273973, 73.08196721, 72.80722892]), 'class_median_width': array([75., 75., 75., 75., 75., 75., 75., 75., 75., 75., 75., 75., 75.,
       75., 75., 75., 75., 75., 75., 75., 75., 75., 75., 75., 75., 75.,
       75., 75., 75., 75., 75., 75., 75., 75., 75., 75., 75., 75., 75.,
       75., 75., 75., 75., 75., 75., 75., 75., 75., 75., 75., 75., 75.,
       75., 75., 75., 75., 75., 75., 75., 75., 75., 75., 75., 75., 75.,
       75., 75., 75., 75., 75., 75., 75., 75., 75., 75., 75., 29., 16.,
       75., 16., 75., 75., 75., 75., 75., 75., 75., 75., 75., 75., 75.,
       75., 75., 75., 75., 75., 75., 75., 75., 75.]), 'class_mean_width_scaled': array([0.74892473, 0.75931034, 0.75      , 0.73302083, 0.74885057,
       0.72480519, 0.7428125 , 0.74481481, 0.73583333, 0.70135747,
       0.72355556, 0.75      , 0.68464286, 0.73662722, 0.72258065,
       0.75      , 0.72862745, 0.72377778, 0.71972222, 0.73673469,
       0.74153846, 0.71056604, 0.70508876, 0.75509804, 0.70706897,
       0.69913043, 0.72666667, 0.75      , 0.75      , 0.73230769,
       0.7472973 , 0.72588235, 0.74343115, 0.73257143, 0.73125   ,
       0.74691152, 0.75      , 0.75      , 0.74141667, 0.73555556,
       0.73910448, 0.74101695, 0.75461538, 0.74393939, 0.74333333,
       0.74148148, 0.75      , 0.67139241, 0.72845455, 0.75      ,
       0.75      , 0.73324633, 0.71916667, 0.71910864, 0.73238095,
       0.62873563, 0.74748858, 0.74631579, 0.74472527, 0.74263158,
       0.74183246, 0.72919118, 0.71323529, 0.74681818, 0.7128972 ,
       0.70638298, 0.74590805, 0.7323    , 0.72033898, 0.74892308,
       0.73079646, 0.69116667, 0.75      , 0.73083333, 0.74284404,
       0.57825137, 0.43515605, 0.37890196, 0.73789474, 0.30069767,
       0.73393939, 0.688     , 0.75391304, 0.73828571, 0.73980392,
       0.73044944, 0.74039801, 0.74857143, 0.74342857, 0.737875  ,
       0.75692308, 0.74438144, 0.71743094, 0.71378049, 0.70388889,
       0.75      , 0.73243697, 0.7460274 , 0.73081967, 0.72807229]), 'class_median_width_scaled': array([0.75, 0.75, 0.75, 0.75, 0.75, 0.75, 0.75, 0.75, 0.75, 0.75, 0.75,
       0.75, 0.75, 0.75, 0.75, 0.75, 0.75, 0.75, 0.75, 0.75, 0.75, 0.75,
       0.75, 0.75, 0.75, 0.75, 0.75, 0.75, 0.75, 0.75, 0.75, 0.75, 0.75,
       0.75, 0.75, 0.75, 0.75, 0.75, 0.75, 0.75, 0.75, 0.75, 0.75, 0.75,
       0.75, 0.75, 0.75, 0.75, 0.75, 0.75, 0.75, 0.75, 0.75, 0.75, 0.75,
       0.75, 0.75, 0.75, 0.75, 0.75, 0.75, 0.75, 0.75, 0.75, 0.75, 0.75,
       0.75, 0.75, 0.75, 0.75, 0.75, 0.75, 0.75, 0.75, 0.75, 0.75, 0.29,
       0.16, 0.75, 0.16, 0.75, 0.75, 0.75, 0.75, 0.75, 0.75, 0.75, 0.75,
       0.75, 0.75, 0.75, 0.75, 0.75, 0.75, 0.75, 0.75, 0.75, 0.75, 0.75,
       0.75])}

split_conformal_raps_AdaBoost full class metrics: {'class_coverage': array([1.        , 1.        , 0.        , 0.98958333, 0.96551724,
       0.93506494, 0.984375  , 0.98148148, 0.95833333, 1.        ,
       0.95555556, 0.        , 0.        , 0.95857988, 0.96774194,
       1.        , 0.98039216, 0.        , 0.98611111, 0.97278912,
       1.        , 0.90566038, 1.        , 0.98039216, 0.98275862,
       0.91304348, 0.08333333, 0.        , 0.        , 0.        ,
       0.97297297, 0.95588235, 1.        , 0.99809524, 0.95454545,
       1.        , 0.        , 0.        , 0.975     , 1.        ,
       0.97014925, 0.94915254, 1.        , 0.97575758, 1.        ,
       0.98148148, 0.        , 0.98734177, 1.        , 0.        ,
       0.        , 0.99021207, 0.125     , 0.98885794, 0.02380952,
       0.98467433, 1.        , 0.98684211, 0.98901099, 0.05263158,
       1.        , 0.94852941, 0.91176471, 0.96590909, 0.89719626,
       0.9787234 , 0.98850575, 0.97      , 0.94915254, 1.        ,
       0.96460177, 1.        , 0.        , 0.        , 0.97247706,
       1.        , 0.95630462, 0.99607843, 0.        , 0.74418605,
       0.        , 0.89333333, 1.        , 0.02857143, 0.97385621,
       0.95505618, 0.97014925, 0.99191375, 0.98571429, 0.95625   ,
       0.03846154, 0.9871134 , 0.99723757, 0.87804878, 0.02777778,
       0.        , 0.95798319, 1.        , 0.96721311, 0.96385542]), 'class_mean_width': array([74.89247312, 75.93103448, 75.        , 73.30208333, 74.88505747,
       72.48051948, 74.28125   , 74.48148148, 73.58333333, 70.13574661,
       72.35555556, 75.        , 68.46428571, 73.66272189, 72.25806452,
       75.        , 72.8627451 , 72.37777778, 71.97222222, 73.67346939,
       74.15384615, 71.05660377, 70.50887574, 75.50980392, 70.70689655,
       69.91304348, 72.66666667, 75.        , 75.        , 73.23076923,
       74.72972973, 72.58823529, 74.34311512, 73.25714286, 73.125     ,
       74.69115192, 75.        , 75.        , 74.14166667, 73.55555556,
       73.91044776, 74.10169492, 75.46153846, 74.39393939, 74.33333333,
       74.14814815, 75.        , 67.13924051, 72.84545455, 75.        ,
       75.        , 73.32463295, 71.91666667, 71.91086351, 73.23809524,
       62.87356322, 74.74885845, 74.63157895, 74.47252747, 74.26315789,
       74.18324607, 72.91911765, 71.32352941, 74.68181818, 71.28971963,
       70.63829787, 74.5908046 , 73.23      , 72.03389831, 74.89230769,
       73.07964602, 69.11666667, 75.        , 73.08333333, 74.28440367,
       57.82513661, 43.51560549, 37.89019608, 73.78947368, 30.06976744,
       73.39393939, 68.8       , 75.39130435, 73.82857143, 73.98039216,
       73.04494382, 74.039801  , 74.85714286, 74.34285714, 73.7875    ,
       75.69230769, 74.43814433, 71.74309392, 71.37804878, 70.38888889,
       75.        , 73.24369748, 74.60273973, 73.08196721, 72.80722892]), 'class_median_width': array([75., 75., 75., 75., 75., 75., 75., 75., 75., 75., 75., 75., 75.,
       75., 75., 75., 75., 75., 75., 75., 75., 75., 75., 75., 75., 75.,
       75., 75., 75., 75., 75., 75., 75., 75., 75., 75., 75., 75., 75.,
       75., 75., 75., 75., 75., 75., 75., 75., 75., 75., 75., 75., 75.,
       75., 75., 75., 75., 75., 75., 75., 75., 75., 75., 75., 75., 75.,
       75., 75., 75., 75., 75., 75., 75., 75., 75., 75., 75., 29., 16.,
       75., 16., 75., 75., 75., 75., 75., 75., 75., 75., 75., 75., 75.,
       75., 75., 75., 75., 75., 75., 75., 75., 75.]), 'class_mean_width_scaled': array([0.74892473, 0.75931034, 0.75      , 0.73302083, 0.74885057,
       0.72480519, 0.7428125 , 0.74481481, 0.73583333, 0.70135747,
       0.72355556, 0.75      , 0.68464286, 0.73662722, 0.72258065,
       0.75      , 0.72862745, 0.72377778, 0.71972222, 0.73673469,
       0.74153846, 0.71056604, 0.70508876, 0.75509804, 0.70706897,
       0.69913043, 0.72666667, 0.75      , 0.75      , 0.73230769,
       0.7472973 , 0.72588235, 0.74343115, 0.73257143, 0.73125   ,
       0.74691152, 0.75      , 0.75      , 0.74141667, 0.73555556,
       0.73910448, 0.74101695, 0.75461538, 0.74393939, 0.74333333,
       0.74148148, 0.75      , 0.67139241, 0.72845455, 0.75      ,
       0.75      , 0.73324633, 0.71916667, 0.71910864, 0.73238095,
       0.62873563, 0.74748858, 0.74631579, 0.74472527, 0.74263158,
       0.74183246, 0.72919118, 0.71323529, 0.74681818, 0.7128972 ,
       0.70638298, 0.74590805, 0.7323    , 0.72033898, 0.74892308,
       0.73079646, 0.69116667, 0.75      , 0.73083333, 0.74284404,
       0.57825137, 0.43515605, 0.37890196, 0.73789474, 0.30069767,
       0.73393939, 0.688     , 0.75391304, 0.73828571, 0.73980392,
       0.73044944, 0.74039801, 0.74857143, 0.74342857, 0.737875  ,
       0.75692308, 0.74438144, 0.71743094, 0.71378049, 0.70388889,
       0.75      , 0.73243697, 0.7460274 , 0.73081967, 0.72807229]), 'class_median_width_scaled': array([0.75, 0.75, 0.75, 0.75, 0.75, 0.75, 0.75, 0.75, 0.75, 0.75, 0.75,
       0.75, 0.75, 0.75, 0.75, 0.75, 0.75, 0.75, 0.75, 0.75, 0.75, 0.75,
       0.75, 0.75, 0.75, 0.75, 0.75, 0.75, 0.75, 0.75, 0.75, 0.75, 0.75,
       0.75, 0.75, 0.75, 0.75, 0.75, 0.75, 0.75, 0.75, 0.75, 0.75, 0.75,
       0.75, 0.75, 0.75, 0.75, 0.75, 0.75, 0.75, 0.75, 0.75, 0.75, 0.75,
       0.75, 0.75, 0.75, 0.75, 0.75, 0.75, 0.75, 0.75, 0.75, 0.75, 0.75,
       0.75, 0.75, 0.75, 0.75, 0.75, 0.75, 0.75, 0.75, 0.75, 0.75, 0.29,
       0.16, 0.75, 0.16, 0.75, 0.75, 0.75, 0.75, 0.75, 0.75, 0.75, 0.75,
       0.75, 0.75, 0.75, 0.75, 0.75, 0.75, 0.75, 0.75, 0.75, 0.75, 0.75,
       0.75])}

Job completed at Wed Mar 19 06:23:16 PM PDT 2025
