Starting job at Wed Mar 19 06:23:32 PM PDT 2025
Job parameters:
Dataset: data_helena
UQ Method: split_conformal_raps
Estimator: AdaBoost
Seed: 783
Train Size: 0.8
Running split_conformal_raps on data_helena with seed 783 and train size 0.8

starting experiment

data created

Fitting split_conformal_raps_AdaBoost on data_helena with seed 783

split_conformal_raps_AdaBoost metrics: {'coverage': np.float64(0.9059815950920246), 'mean_width': np.float64(66.30038343558282), 'median_width': np.float64(71.0), 'mean_width_scaled': np.float64(0.6630038343558282), 'median_width_scaled': np.float64(0.71)}

split_conformal_raps_AdaBoost full metrics: {'coverage': np.float64(0.9059815950920246), 'mean_width': np.float64(66.30038343558282), 'median_width': np.float64(71.0), 'mean_width_scaled': np.float64(0.6630038343558282), 'median_width_scaled': np.float64(0.71)}

split_conformal_raps_AdaBoost class metrics: {'class_coverage': array([1.        , 1.        , 0.        , 1.        , 1.        ,
       0.88311688, 0.96875   , 1.        , 0.98611111, 1.        ,
       0.97777778, 0.        , 0.03571429, 1.        , 0.01612903,
       0.98076923, 0.94117647, 0.95555556, 0.98611111, 1.        ,
       0.89230769, 0.13207547, 0.95857988, 0.05882353, 0.93103448,
       0.97826087, 0.        , 0.        , 0.        , 0.        ,
       0.        , 0.98529412, 0.97968397, 0.99047619, 0.95454545,
       0.9966611 , 0.        , 0.        , 0.95833333, 0.96825397,
       0.95522388, 0.99152542, 1.        , 0.98787879, 0.97619048,
       0.96296296, 0.        , 1.        , 0.92727273, 0.        ,
       0.        , 0.99836868, 0.        , 1.        , 0.02380952,
       0.97701149, 0.99543379, 0.97368421, 0.96703297, 0.02631579,
       0.9947644 , 0.97058824, 0.        , 1.        , 0.96261682,
       0.95744681, 0.97931034, 0.99      , 0.94915254, 0.98461538,
       0.92920354, 1.        , 0.96428571, 0.04166667, 0.97247706,
       1.        , 0.94506866, 0.79607843, 0.02631579, 0.51162791,
       0.09090909, 0.86666667, 0.02173913, 0.94285714, 0.90196078,
       0.98876404, 1.        , 0.98113208, 1.        , 0.96875   ,
       0.        , 0.99226804, 1.        , 0.79268293, 0.05555556,
       0.03125   , 0.98739496, 0.95890411, 0.98360656, 0.96385542]), 'class_mean_width': array([69.66666667, 71.68965517, 69.59090909, 68.73958333, 68.91954023,
       67.64935065, 70.03125   , 70.89814815, 69.06944444, 64.8280543 ,
       70.2       , 71.        , 69.89285714, 69.36686391, 67.17741935,
       70.40384615, 68.93137255, 68.4       , 67.24305556, 70.36734694,
       66.46153846, 68.83018868, 67.57988166, 71.09803922, 67.93965517,
       70.32608696, 65.83333333, 69.70833333, 69.65217391, 71.        ,
       69.32432432, 70.83823529, 69.96839729, 69.39428571, 69.54545455,
       69.70116861, 71.        , 71.        , 69.80833333, 69.96825397,
       68.8358209 , 68.24576271, 71.        , 68.56969697, 70.80952381,
       69.85185185, 71.        , 63.6835443 , 69.56363636, 68.03448276,
       71.        , 69.01957586, 69.70833333, 65.30640669, 70.28571429,
       62.28735632, 69.5890411 , 70.18421053, 70.1978022 , 70.18421053,
       69.9947644 , 68.08088235, 70.64705882, 68.94318182, 66.71028037,
       69.08510638, 70.1862069 , 70.69      , 69.72881356, 70.52307692,
       67.49557522, 66.35      , 69.03571429, 67.95833333, 69.24770642,
       54.21857923, 46.67915106, 35.8745098 , 71.52631579, 39.60465116,
       63.21212121, 65.97333333, 70.23913043, 69.22857143, 66.9869281 ,
       69.        , 70.11442786, 70.4097035 , 71.        , 70.53125   ,
       65.30769231, 70.16494845, 67.17127072, 64.5       , 70.69444444,
       70.65625   , 69.33613445, 69.77260274, 70.49180328, 69.59036145]), 'class_median_width': array([71., 71., 71., 71., 71., 71., 71., 71., 71., 71., 71., 71., 71.,
       71., 71., 71., 71., 71., 71., 71., 71., 71., 71., 71., 71., 71.,
       71., 71., 71., 71., 71., 71., 71., 71., 71., 71., 71., 71., 71.,
       71., 71., 71., 71., 71., 71., 71., 71., 71., 71., 71., 71., 71.,
       71., 71., 71., 71., 71., 71., 71., 71., 71., 71., 71., 71., 71.,
       71., 71., 71., 71., 71., 71., 71., 71., 71., 71., 71., 40., 10.,
       71., 40., 71., 71., 71., 71., 71., 71., 71., 71., 71., 71., 71.,
       71., 71., 71., 71., 71., 71., 71., 71., 71.]), 'class_mean_width_scaled': array([0.69666667, 0.71689655, 0.69590909, 0.68739583, 0.6891954 ,
       0.67649351, 0.7003125 , 0.70898148, 0.69069444, 0.64828054,
       0.702     , 0.71      , 0.69892857, 0.69366864, 0.67177419,
       0.70403846, 0.68931373, 0.684     , 0.67243056, 0.70367347,
       0.66461538, 0.68830189, 0.67579882, 0.71098039, 0.67939655,
       0.70326087, 0.65833333, 0.69708333, 0.69652174, 0.71      ,
       0.69324324, 0.70838235, 0.69968397, 0.69394286, 0.69545455,
       0.69701169, 0.71      , 0.71      , 0.69808333, 0.69968254,
       0.68835821, 0.68245763, 0.71      , 0.68569697, 0.70809524,
       0.69851852, 0.71      , 0.63683544, 0.69563636, 0.68034483,
       0.71      , 0.69019576, 0.69708333, 0.65306407, 0.70285714,
       0.62287356, 0.69589041, 0.70184211, 0.70197802, 0.70184211,
       0.69994764, 0.68080882, 0.70647059, 0.68943182, 0.6671028 ,
       0.69085106, 0.70186207, 0.7069    , 0.69728814, 0.70523077,
       0.67495575, 0.6635    , 0.69035714, 0.67958333, 0.69247706,
       0.54218579, 0.46679151, 0.3587451 , 0.71526316, 0.39604651,
       0.63212121, 0.65973333, 0.7023913 , 0.69228571, 0.66986928,
       0.69      , 0.70114428, 0.70409704, 0.71      , 0.7053125 ,
       0.65307692, 0.70164948, 0.67171271, 0.645     , 0.70694444,
       0.7065625 , 0.69336134, 0.69772603, 0.70491803, 0.69590361]), 'class_median_width_scaled': array([0.71, 0.71, 0.71, 0.71, 0.71, 0.71, 0.71, 0.71, 0.71, 0.71, 0.71,
       0.71, 0.71, 0.71, 0.71, 0.71, 0.71, 0.71, 0.71, 0.71, 0.71, 0.71,
       0.71, 0.71, 0.71, 0.71, 0.71, 0.71, 0.71, 0.71, 0.71, 0.71, 0.71,
       0.71, 0.71, 0.71, 0.71, 0.71, 0.71, 0.71, 0.71, 0.71, 0.71, 0.71,
       0.71, 0.71, 0.71, 0.71, 0.71, 0.71, 0.71, 0.71, 0.71, 0.71, 0.71,
       0.71, 0.71, 0.71, 0.71, 0.71, 0.71, 0.71, 0.71, 0.71, 0.71, 0.71,
       0.71, 0.71, 0.71, 0.71, 0.71, 0.71, 0.71, 0.71, 0.71, 0.71, 0.4 ,
       0.1 , 0.71, 0.4 , 0.71, 0.71, 0.71, 0.71, 0.71, 0.71, 0.71, 0.71,
       0.71, 0.71, 0.71, 0.71, 0.71, 0.71, 0.71, 0.71, 0.71, 0.71, 0.71,
       0.71])}

split_conformal_raps_AdaBoost full class metrics: {'class_coverage': array([1.        , 1.        , 0.        , 1.        , 1.        ,
       0.88311688, 0.96875   , 1.        , 0.98611111, 1.        ,
       0.97777778, 0.        , 0.03571429, 1.        , 0.01612903,
       0.98076923, 0.94117647, 0.95555556, 0.98611111, 1.        ,
       0.89230769, 0.13207547, 0.95857988, 0.05882353, 0.93103448,
       0.97826087, 0.        , 0.        , 0.        , 0.        ,
       0.        , 0.98529412, 0.97968397, 0.99047619, 0.95454545,
       0.9966611 , 0.        , 0.        , 0.95833333, 0.96825397,
       0.95522388, 0.99152542, 1.        , 0.98787879, 0.97619048,
       0.96296296, 0.        , 1.        , 0.92727273, 0.        ,
       0.        , 0.99836868, 0.        , 1.        , 0.02380952,
       0.97701149, 0.99543379, 0.97368421, 0.96703297, 0.02631579,
       0.9947644 , 0.97058824, 0.        , 1.        , 0.96261682,
       0.95744681, 0.97931034, 0.99      , 0.94915254, 0.98461538,
       0.92920354, 1.        , 0.96428571, 0.04166667, 0.97247706,
       1.        , 0.94506866, 0.79607843, 0.02631579, 0.51162791,
       0.09090909, 0.86666667, 0.02173913, 0.94285714, 0.90196078,
       0.98876404, 1.        , 0.98113208, 1.        , 0.96875   ,
       0.        , 0.99226804, 1.        , 0.79268293, 0.05555556,
       0.03125   , 0.98739496, 0.95890411, 0.98360656, 0.96385542]), 'class_mean_width': array([69.66666667, 71.68965517, 69.59090909, 68.73958333, 68.91954023,
       67.64935065, 70.03125   , 70.89814815, 69.06944444, 64.8280543 ,
       70.2       , 71.        , 69.89285714, 69.36686391, 67.17741935,
       70.40384615, 68.93137255, 68.4       , 67.24305556, 70.36734694,
       66.46153846, 68.83018868, 67.57988166, 71.09803922, 67.93965517,
       70.32608696, 65.83333333, 69.70833333, 69.65217391, 71.        ,
       69.32432432, 70.83823529, 69.96839729, 69.39428571, 69.54545455,
       69.70116861, 71.        , 71.        , 69.80833333, 69.96825397,
       68.8358209 , 68.24576271, 71.        , 68.56969697, 70.80952381,
       69.85185185, 71.        , 63.6835443 , 69.56363636, 68.03448276,
       71.        , 69.01957586, 69.70833333, 65.30640669, 70.28571429,
       62.28735632, 69.5890411 , 70.18421053, 70.1978022 , 70.18421053,
       69.9947644 , 68.08088235, 70.64705882, 68.94318182, 66.71028037,
       69.08510638, 70.1862069 , 70.69      , 69.72881356, 70.52307692,
       67.49557522, 66.35      , 69.03571429, 67.95833333, 69.24770642,
       54.21857923, 46.67915106, 35.8745098 , 71.52631579, 39.60465116,
       63.21212121, 65.97333333, 70.23913043, 69.22857143, 66.9869281 ,
       69.        , 70.11442786, 70.4097035 , 71.        , 70.53125   ,
       65.30769231, 70.16494845, 67.17127072, 64.5       , 70.69444444,
       70.65625   , 69.33613445, 69.77260274, 70.49180328, 69.59036145]), 'class_median_width': array([71., 71., 71., 71., 71., 71., 71., 71., 71., 71., 71., 71., 71.,
       71., 71., 71., 71., 71., 71., 71., 71., 71., 71., 71., 71., 71.,
       71., 71., 71., 71., 71., 71., 71., 71., 71., 71., 71., 71., 71.,
       71., 71., 71., 71., 71., 71., 71., 71., 71., 71., 71., 71., 71.,
       71., 71., 71., 71., 71., 71., 71., 71., 71., 71., 71., 71., 71.,
       71., 71., 71., 71., 71., 71., 71., 71., 71., 71., 71., 40., 10.,
       71., 40., 71., 71., 71., 71., 71., 71., 71., 71., 71., 71., 71.,
       71., 71., 71., 71., 71., 71., 71., 71., 71.]), 'class_mean_width_scaled': array([0.69666667, 0.71689655, 0.69590909, 0.68739583, 0.6891954 ,
       0.67649351, 0.7003125 , 0.70898148, 0.69069444, 0.64828054,
       0.702     , 0.71      , 0.69892857, 0.69366864, 0.67177419,
       0.70403846, 0.68931373, 0.684     , 0.67243056, 0.70367347,
       0.66461538, 0.68830189, 0.67579882, 0.71098039, 0.67939655,
       0.70326087, 0.65833333, 0.69708333, 0.69652174, 0.71      ,
       0.69324324, 0.70838235, 0.69968397, 0.69394286, 0.69545455,
       0.69701169, 0.71      , 0.71      , 0.69808333, 0.69968254,
       0.68835821, 0.68245763, 0.71      , 0.68569697, 0.70809524,
       0.69851852, 0.71      , 0.63683544, 0.69563636, 0.68034483,
       0.71      , 0.69019576, 0.69708333, 0.65306407, 0.70285714,
       0.62287356, 0.69589041, 0.70184211, 0.70197802, 0.70184211,
       0.69994764, 0.68080882, 0.70647059, 0.68943182, 0.6671028 ,
       0.69085106, 0.70186207, 0.7069    , 0.69728814, 0.70523077,
       0.67495575, 0.6635    , 0.69035714, 0.67958333, 0.69247706,
       0.54218579, 0.46679151, 0.3587451 , 0.71526316, 0.39604651,
       0.63212121, 0.65973333, 0.7023913 , 0.69228571, 0.66986928,
       0.69      , 0.70114428, 0.70409704, 0.71      , 0.7053125 ,
       0.65307692, 0.70164948, 0.67171271, 0.645     , 0.70694444,
       0.7065625 , 0.69336134, 0.69772603, 0.70491803, 0.69590361]), 'class_median_width_scaled': array([0.71, 0.71, 0.71, 0.71, 0.71, 0.71, 0.71, 0.71, 0.71, 0.71, 0.71,
       0.71, 0.71, 0.71, 0.71, 0.71, 0.71, 0.71, 0.71, 0.71, 0.71, 0.71,
       0.71, 0.71, 0.71, 0.71, 0.71, 0.71, 0.71, 0.71, 0.71, 0.71, 0.71,
       0.71, 0.71, 0.71, 0.71, 0.71, 0.71, 0.71, 0.71, 0.71, 0.71, 0.71,
       0.71, 0.71, 0.71, 0.71, 0.71, 0.71, 0.71, 0.71, 0.71, 0.71, 0.71,
       0.71, 0.71, 0.71, 0.71, 0.71, 0.71, 0.71, 0.71, 0.71, 0.71, 0.71,
       0.71, 0.71, 0.71, 0.71, 0.71, 0.71, 0.71, 0.71, 0.71, 0.71, 0.4 ,
       0.1 , 0.71, 0.4 , 0.71, 0.71, 0.71, 0.71, 0.71, 0.71, 0.71, 0.71,
       0.71, 0.71, 0.71, 0.71, 0.71, 0.71, 0.71, 0.71, 0.71, 0.71, 0.71,
       0.71])}

Job completed at Wed Mar 19 06:23:38 PM PDT 2025
