Starting job at Wed Mar 19 06:30:28 PM PDT 2025
Job parameters:
Dataset: data_chess
UQ Method: pcs_uq
Estimator: XGBoost
Seed: 778
Train Size: 0.8
Running pcs_uq on data_chess with seed 778 and train size 0.8

starting experiment

data created

Fitting pcs_uq on data_chess with seed 778

gamma: nan, top_k: 16.0
pcs_uq metrics: {'coverage': np.float64(1.0), 'mean_width': np.float64(18.0), 'median_width': np.float64(18.0), 'mean_width_scaled': np.float64(1.0), 'median_width_scaled': np.float64(1.0)}

pcs_uq full metrics: {'coverage': np.float64(1.0), 'mean_width': np.float64(18.0), 'median_width': np.float64(18.0), 'mean_width_scaled': np.float64(1.0), 'median_width_scaled': np.float64(1.0)}

pcs_uq class metrics: {'class_coverage': array([1., 1., 1., 1., 1., 1., 1., 1., 1., 1., 1., 1., 1., 1., 1., 1., 1.,
       1.]), 'class_mean_width': array([18., 18., 18., 18., 18., 18., 18., 18., 18., 18., 18., 18., 18.,
       18., 18., 18., 18., 18.]), 'class_median_width': array([18., 18., 18., 18., 18., 18., 18., 18., 18., 18., 18., 18., 18.,
       18., 18., 18., 18., 18.]), 'class_mean_width_scaled': array([1., 1., 1., 1., 1., 1., 1., 1., 1., 1., 1., 1., 1., 1., 1., 1., 1.,
       1.]), 'class_median_width_scaled': array([1., 1., 1., 1., 1., 1., 1., 1., 1., 1., 1., 1., 1., 1., 1., 1., 1.,
       1.])}

pcs_uq full class metrics: {'class_coverage': array([1., 1., 1., 1., 1., 1., 1., 1., 1., 1., 1., 1., 1., 1., 1., 1., 1.,
       1.]), 'class_mean_width': array([18., 18., 18., 18., 18., 18., 18., 18., 18., 18., 18., 18., 18.,
       18., 18., 18., 18., 18.]), 'class_median_width': array([18., 18., 18., 18., 18., 18., 18., 18., 18., 18., 18., 18., 18.,
       18., 18., 18., 18., 18.]), 'class_mean_width_scaled': array([1., 1., 1., 1., 1., 1., 1., 1., 1., 1., 1., 1., 1., 1., 1., 1., 1.,
       1.]), 'class_median_width_scaled': array([1., 1., 1., 1., 1., 1., 1., 1., 1., 1., 1., 1., 1., 1., 1., 1., 1.,
       1.])}

Job completed at Wed Mar 19 06:36:05 PM PDT 2025
