Starting job at Wed Mar 19 06:26:58 PM PDT 2025
Job parameters:
Dataset: data_walking
UQ Method: split_conformal_naive
Estimator: RandomForest
Seed: 778
Train Size: 0.8
Running split_conformal_naive on data_walking with seed 778 and train size 0.8

starting experiment

data created

Fitting split_conformal_naive_RandomForest on data_walking with seed 778

split_conformal_naive_RandomForest metrics: {'coverage': np.float64(0.9105), 'mean_width': np.float64(4.9911666666666665), 'median_width': np.float64(5.0), 'mean_width_scaled': np.float64(0.2268712121212121), 'median_width_scaled': np.float64(0.22727272727272727)}

split_conformal_naive_RandomForest full metrics: {'coverage': np.float64(0.9105), 'mean_width': np.float64(4.9911666666666665), 'median_width': np.float64(5.0), 'mean_width_scaled': np.float64(0.2268712121212121), 'median_width_scaled': np.float64(0.22727272727272727)}

split_conformal_naive_RandomForest class metrics: {'class_coverage': array([0.87096774, 0.95555556, 0.94949495, 0.88053097, 0.93333333,
       0.8057554 , 0.94080997, 0.89119171, 0.86988848, 0.95238095,
       0.78231293, 0.97297297, 0.56521739, 0.95475113, 0.93285372,
       0.87745098, 0.97650514, 0.81451613, 0.88205128, 0.81410256,
       0.76086957, 0.86428571]), 'class_mean_width': array([7.25      , 5.26666667, 6.01010101, 7.12389381, 5.57333333,
       7.44604317, 5.42056075, 5.38341969, 6.15613383, 3.436853  ,
       8.19727891, 6.37837838, 8.04347826, 3.30769231, 3.42925659,
       6.30882353, 4.24229075, 6.66129032, 5.60769231, 7.36538462,
       6.86956522, 5.75357143]), 'class_median_width': array([7., 5., 6., 7., 5., 7., 5., 5., 6., 2., 8., 6., 8., 2., 3., 6., 3.,
       7., 5., 7., 7., 6.]), 'class_mean_width_scaled': array([0.32954545, 0.23939394, 0.27318641, 0.32381335, 0.25333333,
       0.33845651, 0.24638912, 0.24470089, 0.27982426, 0.15622059,
       0.37260359, 0.28992629, 0.36561265, 0.15034965, 0.1558753 ,
       0.28676471, 0.1928314 , 0.30278592, 0.2548951 , 0.33479021,
       0.31225296, 0.26152597]), 'class_median_width_scaled': array([0.31818182, 0.22727273, 0.27272727, 0.31818182, 0.22727273,
       0.31818182, 0.22727273, 0.22727273, 0.27272727, 0.09090909,
       0.36363636, 0.27272727, 0.36363636, 0.09090909, 0.13636364,
       0.27272727, 0.13636364, 0.31818182, 0.22727273, 0.31818182,
       0.31818182, 0.27272727])}

split_conformal_naive_RandomForest full class metrics: {'class_coverage': array([0.87096774, 0.95555556, 0.94949495, 0.88053097, 0.93333333,
       0.8057554 , 0.94080997, 0.89119171, 0.86988848, 0.95238095,
       0.78231293, 0.97297297, 0.56521739, 0.95475113, 0.93285372,
       0.87745098, 0.97650514, 0.81451613, 0.88205128, 0.81410256,
       0.76086957, 0.86428571]), 'class_mean_width': array([7.25      , 5.26666667, 6.01010101, 7.12389381, 5.57333333,
       7.44604317, 5.42056075, 5.38341969, 6.15613383, 3.436853  ,
       8.19727891, 6.37837838, 8.04347826, 3.30769231, 3.42925659,
       6.30882353, 4.24229075, 6.66129032, 5.60769231, 7.36538462,
       6.86956522, 5.75357143]), 'class_median_width': array([7., 5., 6., 7., 5., 7., 5., 5., 6., 2., 8., 6., 8., 2., 3., 6., 3.,
       7., 5., 7., 7., 6.]), 'class_mean_width_scaled': array([0.32954545, 0.23939394, 0.27318641, 0.32381335, 0.25333333,
       0.33845651, 0.24638912, 0.24470089, 0.27982426, 0.15622059,
       0.37260359, 0.28992629, 0.36561265, 0.15034965, 0.1558753 ,
       0.28676471, 0.1928314 , 0.30278592, 0.2548951 , 0.33479021,
       0.31225296, 0.26152597]), 'class_median_width_scaled': array([0.31818182, 0.22727273, 0.27272727, 0.31818182, 0.22727273,
       0.31818182, 0.22727273, 0.22727273, 0.27272727, 0.09090909,
       0.36363636, 0.27272727, 0.36363636, 0.09090909, 0.13636364,
       0.27272727, 0.13636364, 0.31818182, 0.22727273, 0.31818182,
       0.31818182, 0.27272727])}

Job completed at Wed Mar 19 06:27:06 PM PDT 2025
