Starting job at Wed Mar 19 06:26:54 PM PDT 2025
Job parameters:
Dataset: data_walking
UQ Method: split_conformal_naive
Estimator: RandomForest
Seed: 777
Train Size: 0.8
Running split_conformal_naive on data_walking with seed 777 and train size 0.8

starting experiment

data created

Fitting split_conformal_naive_RandomForest on data_walking with seed 777

split_conformal_naive_RandomForest metrics: {'coverage': np.float64(0.9045), 'mean_width': np.float64(4.974166666666667), 'median_width': np.float64(5.0), 'mean_width_scaled': np.float64(0.22609848484848485), 'median_width_scaled': np.float64(0.22727272727272727)}

split_conformal_naive_RandomForest full metrics: {'coverage': np.float64(0.9045), 'mean_width': np.float64(4.974166666666667), 'median_width': np.float64(5.0), 'mean_width_scaled': np.float64(0.22609848484848485), 'median_width_scaled': np.float64(0.22727272727272727)}

split_conformal_naive_RandomForest class metrics: {'class_coverage': array([0.92741935, 0.88888889, 0.87373737, 0.83185841, 0.91333333,
       0.74100719, 0.91277259, 0.92746114, 0.90334572, 0.95445135,
       0.78911565, 0.97297297, 0.62318841, 0.94683258, 0.90047962,
       0.87254902, 0.979442  , 0.75806452, 0.92307692, 0.81410256,
       0.82608696, 0.88571429]), 'class_mean_width': array([7.17741935, 6.28888889, 6.38888889, 6.77433628, 5.17333333,
       7.11510791, 5.42990654, 5.24870466, 6.44981413, 3.05383023,
       8.28571429, 5.97297297, 7.92753623, 3.29411765, 3.55035971,
       6.48039216, 4.31864905, 6.64516129, 5.54615385, 7.34615385,
       6.7173913 , 5.64642857]), 'class_median_width': array([7. , 7. , 6. , 6.5, 5. , 7. , 5. , 5. , 6. , 2. , 8. , 5. , 8. ,
       2. , 3. , 6. , 3. , 7. , 5. , 7. , 6. , 6. ]), 'class_mean_width_scaled': array([0.32624633, 0.28585859, 0.29040404, 0.30792438, 0.23515152,
       0.323414  , 0.24681393, 0.23857748, 0.29317337, 0.13881046,
       0.37662338, 0.27149877, 0.36034256, 0.14973262, 0.16137999,
       0.29456328, 0.19630223, 0.30205279, 0.2520979 , 0.33391608,
       0.30533597, 0.25665584]), 'class_median_width_scaled': array([0.31818182, 0.31818182, 0.27272727, 0.29545455, 0.22727273,
       0.31818182, 0.22727273, 0.22727273, 0.27272727, 0.09090909,
       0.36363636, 0.22727273, 0.36363636, 0.09090909, 0.13636364,
       0.27272727, 0.13636364, 0.31818182, 0.22727273, 0.31818182,
       0.27272727, 0.27272727])}

split_conformal_naive_RandomForest full class metrics: {'class_coverage': array([0.92741935, 0.88888889, 0.87373737, 0.83185841, 0.91333333,
       0.74100719, 0.91277259, 0.92746114, 0.90334572, 0.95445135,
       0.78911565, 0.97297297, 0.62318841, 0.94683258, 0.90047962,
       0.87254902, 0.979442  , 0.75806452, 0.92307692, 0.81410256,
       0.82608696, 0.88571429]), 'class_mean_width': array([7.17741935, 6.28888889, 6.38888889, 6.77433628, 5.17333333,
       7.11510791, 5.42990654, 5.24870466, 6.44981413, 3.05383023,
       8.28571429, 5.97297297, 7.92753623, 3.29411765, 3.55035971,
       6.48039216, 4.31864905, 6.64516129, 5.54615385, 7.34615385,
       6.7173913 , 5.64642857]), 'class_median_width': array([7. , 7. , 6. , 6.5, 5. , 7. , 5. , 5. , 6. , 2. , 8. , 5. , 8. ,
       2. , 3. , 6. , 3. , 7. , 5. , 7. , 6. , 6. ]), 'class_mean_width_scaled': array([0.32624633, 0.28585859, 0.29040404, 0.30792438, 0.23515152,
       0.323414  , 0.24681393, 0.23857748, 0.29317337, 0.13881046,
       0.37662338, 0.27149877, 0.36034256, 0.14973262, 0.16137999,
       0.29456328, 0.19630223, 0.30205279, 0.2520979 , 0.33391608,
       0.30533597, 0.25665584]), 'class_median_width_scaled': array([0.31818182, 0.31818182, 0.27272727, 0.29545455, 0.22727273,
       0.31818182, 0.22727273, 0.22727273, 0.27272727, 0.09090909,
       0.36363636, 0.22727273, 0.36363636, 0.09090909, 0.13636364,
       0.27272727, 0.13636364, 0.31818182, 0.22727273, 0.31818182,
       0.27272727, 0.27272727])}

Job completed at Wed Mar 19 06:26:58 PM PDT 2025
