Starting job at Thu Mar 20 05:03:29 PM PDT 2025
Job parameters:
Dataset: data_yeast
UQ Method: split_conformal_raps
Estimator: ExtraTrees
Seed: 779
Train Size: 0.8
Running split_conformal_raps on data_yeast with seed 779 and train size 0.8

starting experiment

data created

Fitting split_conformal_raps_ExtraTrees on data_yeast with seed 779

split_conformal_raps_ExtraTrees metrics: {'coverage': np.float64(0.9326599326599326), 'mean_width': np.float64(3.0303030303030303), 'median_width': np.float64(3.0), 'mean_width_scaled': np.float64(0.30303030303030304), 'median_width_scaled': np.float64(0.3)}

split_conformal_raps_ExtraTrees full metrics: {'coverage': np.float64(0.9326599326599326), 'mean_width': np.float64(3.0303030303030303), 'median_width': np.float64(3.0), 'mean_width_scaled': np.float64(0.30303030303030304), 'median_width_scaled': np.float64(0.3)}

split_conformal_raps_ExtraTrees class metrics: {'class_coverage': array([1.        , 0.        , 0.42857143, 1.        , 0.5       ,
       0.96875   , 1.        , 1.        , 0.25      , 0.        ]), 'class_mean_width': array([3.        , 3.        , 3.28571429, 3.44444444, 3.2       ,
       3.        , 3.02040816, 3.        , 3.        , 3.        ]), 'class_median_width': array([3., 3., 3., 3., 3., 3., 3., 3., 3., 3.]), 'class_mean_width_scaled': array([0.3       , 0.3       , 0.32857143, 0.34444444, 0.32      ,
       0.3       , 0.30204082, 0.3       , 0.3       , 0.3       ]), 'class_median_width_scaled': array([0.3, 0.3, 0.3, 0.3, 0.3, 0.3, 0.3, 0.3, 0.3, 0.3])}

split_conformal_raps_ExtraTrees full class metrics: {'class_coverage': array([1.        , 0.        , 0.42857143, 1.        , 0.5       ,
       0.96875   , 1.        , 1.        , 0.25      , 0.        ]), 'class_mean_width': array([3.        , 3.        , 3.28571429, 3.44444444, 3.2       ,
       3.        , 3.02040816, 3.        , 3.        , 3.        ]), 'class_median_width': array([3., 3., 3., 3., 3., 3., 3., 3., 3., 3.]), 'class_mean_width_scaled': array([0.3       , 0.3       , 0.32857143, 0.34444444, 0.32      ,
       0.3       , 0.30204082, 0.3       , 0.3       , 0.3       ]), 'class_median_width_scaled': array([0.3, 0.3, 0.3, 0.3, 0.3, 0.3, 0.3, 0.3, 0.3, 0.3])}

Job completed at Thu Mar 20 05:03:31 PM PDT 2025
