Starting job at Thu Mar 20 05:03:29 PM PDT 2025
Job parameters:
Dataset: data_yeast
UQ Method: split_conformal_raps
Estimator: ExtraTrees
Seed: 780
Train Size: 0.8
Running split_conformal_raps on data_yeast with seed 780 and train size 0.8

starting experiment

data created

Fitting split_conformal_raps_ExtraTrees on data_yeast with seed 780

split_conformal_raps_ExtraTrees metrics: {'coverage': np.float64(0.8922558922558923), 'mean_width': np.float64(3.04040404040404), 'median_width': np.float64(3.0), 'mean_width_scaled': np.float64(0.304040404040404), 'median_width_scaled': np.float64(0.3)}

split_conformal_raps_ExtraTrees full metrics: {'coverage': np.float64(0.8922558922558923), 'mean_width': np.float64(3.04040404040404), 'median_width': np.float64(3.0), 'mean_width_scaled': np.float64(0.304040404040404), 'median_width_scaled': np.float64(0.3)}

split_conformal_raps_ExtraTrees class metrics: {'class_coverage': array([1.        , 0.        , 0.28571429, 0.88888889, 0.        ,
       0.875     , 0.97959184, 0.98837209, 0.25      , 0.        ]), 'class_mean_width': array([3.        , 4.        , 3.42857143, 3.33333333, 3.1       ,
       3.        , 3.04081633, 3.        , 3.5       , 3.        ]), 'class_median_width': array([3. , 4. , 3. , 3. , 3. , 3. , 3. , 3. , 3.5, 3. ]), 'class_mean_width_scaled': array([0.3       , 0.4       , 0.34285714, 0.33333333, 0.31      ,
       0.3       , 0.30408163, 0.3       , 0.35      , 0.3       ]), 'class_median_width_scaled': array([0.3 , 0.4 , 0.3 , 0.3 , 0.3 , 0.3 , 0.3 , 0.3 , 0.35, 0.3 ])}

split_conformal_raps_ExtraTrees full class metrics: {'class_coverage': array([1.        , 0.        , 0.28571429, 0.88888889, 0.        ,
       0.875     , 0.97959184, 0.98837209, 0.25      , 0.        ]), 'class_mean_width': array([3.        , 4.        , 3.42857143, 3.33333333, 3.1       ,
       3.        , 3.04081633, 3.        , 3.5       , 3.        ]), 'class_median_width': array([3. , 4. , 3. , 3. , 3. , 3. , 3. , 3. , 3.5, 3. ]), 'class_mean_width_scaled': array([0.3       , 0.4       , 0.34285714, 0.33333333, 0.31      ,
       0.3       , 0.30408163, 0.3       , 0.35      , 0.3       ]), 'class_median_width_scaled': array([0.3 , 0.4 , 0.3 , 0.3 , 0.3 , 0.3 , 0.3 , 0.3 , 0.35, 0.3 ])}

Job completed at Thu Mar 20 05:03:31 PM PDT 2025
