Starting job at Thu Mar 20 05:03:30 PM PDT 2025
Job parameters:
Dataset: data_yeast
UQ Method: split_conformal_raps
Estimator: ExtraTrees
Seed: 783
Train Size: 0.8
Running split_conformal_raps on data_yeast with seed 783 and train size 0.8

starting experiment

data created

Fitting split_conformal_raps_ExtraTrees on data_yeast with seed 783

split_conformal_raps_ExtraTrees metrics: {'coverage': np.float64(0.9057239057239057), 'mean_width': np.float64(3.1683501683501682), 'median_width': np.float64(3.0), 'mean_width_scaled': np.float64(0.3168350168350168), 'median_width_scaled': np.float64(0.3)}

split_conformal_raps_ExtraTrees full metrics: {'coverage': np.float64(0.9057239057239057), 'mean_width': np.float64(3.1683501683501682), 'median_width': np.float64(3.0), 'mean_width_scaled': np.float64(0.3168350168350168), 'median_width_scaled': np.float64(0.3)}

split_conformal_raps_ExtraTrees class metrics: {'class_coverage': array([1.        , 0.        , 0.42857143, 0.77777778, 0.2       ,
       1.        , 0.93877551, 1.        , 0.        , 0.        ]), 'class_mean_width': array([3.12903226, 4.        , 4.        , 4.        , 3.8       ,
       3.5625    , 3.10204082, 2.86046512, 3.25      , 3.16666667]), 'class_median_width': array([3., 4., 4., 4., 4., 4., 3., 3., 3., 3.]), 'class_mean_width_scaled': array([0.31290323, 0.4       , 0.4       , 0.4       , 0.38      ,
       0.35625   , 0.31020408, 0.28604651, 0.325     , 0.31666667]), 'class_median_width_scaled': array([0.3, 0.4, 0.4, 0.4, 0.4, 0.4, 0.3, 0.3, 0.3, 0.3])}

split_conformal_raps_ExtraTrees full class metrics: {'class_coverage': array([1.        , 0.        , 0.42857143, 0.77777778, 0.2       ,
       1.        , 0.93877551, 1.        , 0.        , 0.        ]), 'class_mean_width': array([3.12903226, 4.        , 4.        , 4.        , 3.8       ,
       3.5625    , 3.10204082, 2.86046512, 3.25      , 3.16666667]), 'class_median_width': array([3., 4., 4., 4., 4., 4., 3., 3., 3., 3.]), 'class_mean_width_scaled': array([0.31290323, 0.4       , 0.4       , 0.4       , 0.38      ,
       0.35625   , 0.31020408, 0.28604651, 0.325     , 0.31666667]), 'class_median_width_scaled': array([0.3, 0.4, 0.4, 0.4, 0.4, 0.4, 0.3, 0.3, 0.3, 0.3])}

Job completed at Thu Mar 20 05:03:32 PM PDT 2025
