Starting job at Thu Mar 20 05:03:31 PM PDT 2025
Job parameters:
Dataset: data_yeast
UQ Method: split_conformal_raps
Estimator: ExtraTrees
Seed: 785
Train Size: 0.8
Running split_conformal_raps on data_yeast with seed 785 and train size 0.8

starting experiment

data created

Fitting split_conformal_raps_ExtraTrees on data_yeast with seed 785

split_conformal_raps_ExtraTrees metrics: {'coverage': np.float64(0.898989898989899), 'mean_width': np.float64(3.0134680134680134), 'median_width': np.float64(3.0), 'mean_width_scaled': np.float64(0.30134680134680136), 'median_width_scaled': np.float64(0.3)}

split_conformal_raps_ExtraTrees full metrics: {'coverage': np.float64(0.898989898989899), 'mean_width': np.float64(3.0134680134680134), 'median_width': np.float64(3.0), 'mean_width_scaled': np.float64(0.30134680134680136), 'median_width_scaled': np.float64(0.3)}

split_conformal_raps_ExtraTrees class metrics: {'class_coverage': array([1.        , 0.        , 0.28571429, 0.66666667, 0.3       ,
       0.875     , 0.95918367, 1.        , 0.5       , 0.        ]), 'class_mean_width': array([3.        , 4.        , 3.28571429, 3.11111111, 3.        ,
       3.        , 3.        , 3.        , 3.        , 3.        ]), 'class_median_width': array([3., 4., 3., 3., 3., 3., 3., 3., 3., 3.]), 'class_mean_width_scaled': array([0.3       , 0.4       , 0.32857143, 0.31111111, 0.3       ,
       0.3       , 0.3       , 0.3       , 0.3       , 0.3       ]), 'class_median_width_scaled': array([0.3, 0.4, 0.3, 0.3, 0.3, 0.3, 0.3, 0.3, 0.3, 0.3])}

split_conformal_raps_ExtraTrees full class metrics: {'class_coverage': array([1.        , 0.        , 0.28571429, 0.66666667, 0.3       ,
       0.875     , 0.95918367, 1.        , 0.5       , 0.        ]), 'class_mean_width': array([3.        , 4.        , 3.28571429, 3.11111111, 3.        ,
       3.        , 3.        , 3.        , 3.        , 3.        ]), 'class_median_width': array([3., 4., 3., 3., 3., 3., 3., 3., 3., 3.]), 'class_mean_width_scaled': array([0.3       , 0.4       , 0.32857143, 0.31111111, 0.3       ,
       0.3       , 0.3       , 0.3       , 0.3       , 0.3       ]), 'class_median_width_scaled': array([0.3, 0.4, 0.3, 0.3, 0.3, 0.3, 0.3, 0.3, 0.3, 0.3])}

Job completed at Thu Mar 20 05:03:33 PM PDT 2025
