Starting job at Thu Mar 20 05:03:31 PM PDT 2025
Job parameters:
Dataset: data_yeast
UQ Method: split_conformal_raps
Estimator: ExtraTrees
Seed: 784
Train Size: 0.8
Running split_conformal_raps on data_yeast with seed 784 and train size 0.8

starting experiment

data created

Fitting split_conformal_raps_ExtraTrees on data_yeast with seed 784

split_conformal_raps_ExtraTrees metrics: {'coverage': np.float64(0.8956228956228957), 'mean_width': np.float64(2.8585858585858586), 'median_width': np.float64(3.0), 'mean_width_scaled': np.float64(0.28585858585858587), 'median_width_scaled': np.float64(0.3)}

split_conformal_raps_ExtraTrees full metrics: {'coverage': np.float64(0.8956228956228957), 'mean_width': np.float64(2.8585858585858586), 'median_width': np.float64(3.0), 'mean_width_scaled': np.float64(0.28585858585858587), 'median_width_scaled': np.float64(0.3)}

split_conformal_raps_ExtraTrees class metrics: {'class_coverage': array([1.        , 0.        , 0.28571429, 0.88888889, 0.2       ,
       0.9375    , 0.91836735, 0.97674419, 0.5       , 0.        ]), 'class_mean_width': array([2.68817204, 4.        , 3.57142857, 4.        , 3.6       ,
       3.34375   , 2.89795918, 2.53488372, 3.5       , 2.83333333]), 'class_median_width': array([3. , 4. , 4. , 4. , 4. , 3. , 3. , 3. , 3.5, 2.5]), 'class_mean_width_scaled': array([0.2688172 , 0.4       , 0.35714286, 0.4       , 0.36      ,
       0.334375  , 0.28979592, 0.25348837, 0.35      , 0.28333333]), 'class_median_width_scaled': array([0.3 , 0.4 , 0.4 , 0.4 , 0.4 , 0.3 , 0.3 , 0.3 , 0.35, 0.25])}

split_conformal_raps_ExtraTrees full class metrics: {'class_coverage': array([1.        , 0.        , 0.28571429, 0.88888889, 0.2       ,
       0.9375    , 0.91836735, 0.97674419, 0.5       , 0.        ]), 'class_mean_width': array([2.68817204, 4.        , 3.57142857, 4.        , 3.6       ,
       3.34375   , 2.89795918, 2.53488372, 3.5       , 2.83333333]), 'class_median_width': array([3. , 4. , 4. , 4. , 4. , 3. , 3. , 3. , 3.5, 2.5]), 'class_mean_width_scaled': array([0.2688172 , 0.4       , 0.35714286, 0.4       , 0.36      ,
       0.334375  , 0.28979592, 0.25348837, 0.35      , 0.28333333]), 'class_median_width_scaled': array([0.3 , 0.4 , 0.4 , 0.4 , 0.4 , 0.3 , 0.3 , 0.3 , 0.35, 0.25])}

Job completed at Thu Mar 20 05:03:33 PM PDT 2025
