Starting job at Wed Mar 19 08:22:29 PM PDT 2025
Job parameters:
Dataset: data_walking
UQ Method: split_conformal_topk
Estimator: RandomForest
Seed: 781
Train Size: 0.8
Running split_conformal_topk on data_walking with seed 781 and train size 0.8

starting experiment

data created

Fitting split_conformal_topk_RandomForest on data_walking with seed 781

split_conformal_topk_RandomForest metrics: {'coverage': np.float64(0.9391666666666667), 'mean_width': np.float64(14.129666666666667), 'median_width': np.float64(10.0), 'mean_width_scaled': np.float64(0.6422575757575758), 'median_width_scaled': np.float64(0.45454545454545453)}

split_conformal_topk_RandomForest full metrics: {'coverage': np.float64(0.9391666666666667), 'mean_width': np.float64(14.129666666666667), 'median_width': np.float64(10.0), 'mean_width_scaled': np.float64(0.6422575757575758), 'median_width_scaled': np.float64(0.45454545454545453)}

split_conformal_topk_RandomForest class metrics: {'class_coverage': array([0.9516129 , 0.97777778, 0.91919192, 0.92477876, 0.92      ,
       0.8057554 , 0.95327103, 0.94818653, 0.88847584, 0.95238095,
       0.85714286, 0.94594595, 0.62318841, 0.97285068, 0.97961631,
       0.8627451 , 0.989721  , 0.85483871, 0.95897436, 0.87179487,
       0.93478261, 0.90714286]), 'class_mean_width': array([ 9.29032258, 11.35555556,  9.99494949,  9.37610619, 11.2       ,
        9.11510791, 12.4423676 , 12.92227979, 10.65799257, 17.11387164,
        8.91156463, 11.24324324,  9.71014493, 18.58484163, 17.47601918,
       10.16176471, 16.99706314, 11.74193548, 12.81538462,  9.28205128,
        8.82608696, 11.04642857]), 'class_median_width': array([ 8.,  9.,  9.,  8.,  9.,  9.,  9.,  9.,  9., 22.,  8.,  9.,  9.,
       22., 22.,  9., 22.,  9.,  9.,  9.,  8.,  9.]), 'class_mean_width_scaled': array([0.42228739, 0.51616162, 0.45431589, 0.42618665, 0.50909091,
       0.41432309, 0.56556216, 0.58737635, 0.48445421, 0.77790326,
       0.40507112, 0.51105651, 0.44137022, 0.84476553, 0.79436451,
       0.4618984 , 0.77259378, 0.53372434, 0.58251748, 0.42191142,
       0.40118577, 0.50211039]), 'class_median_width_scaled': array([0.36363636, 0.40909091, 0.40909091, 0.36363636, 0.40909091,
       0.40909091, 0.40909091, 0.40909091, 0.40909091, 1.        ,
       0.36363636, 0.40909091, 0.40909091, 1.        , 1.        ,
       0.40909091, 1.        , 0.40909091, 0.40909091, 0.40909091,
       0.36363636, 0.40909091])}

split_conformal_topk_RandomForest full class metrics: {'class_coverage': array([0.9516129 , 0.97777778, 0.91919192, 0.92477876, 0.92      ,
       0.8057554 , 0.95327103, 0.94818653, 0.88847584, 0.95238095,
       0.85714286, 0.94594595, 0.62318841, 0.97285068, 0.97961631,
       0.8627451 , 0.989721  , 0.85483871, 0.95897436, 0.87179487,
       0.93478261, 0.90714286]), 'class_mean_width': array([ 9.29032258, 11.35555556,  9.99494949,  9.37610619, 11.2       ,
        9.11510791, 12.4423676 , 12.92227979, 10.65799257, 17.11387164,
        8.91156463, 11.24324324,  9.71014493, 18.58484163, 17.47601918,
       10.16176471, 16.99706314, 11.74193548, 12.81538462,  9.28205128,
        8.82608696, 11.04642857]), 'class_median_width': array([ 8.,  9.,  9.,  8.,  9.,  9.,  9.,  9.,  9., 22.,  8.,  9.,  9.,
       22., 22.,  9., 22.,  9.,  9.,  9.,  8.,  9.]), 'class_mean_width_scaled': array([0.42228739, 0.51616162, 0.45431589, 0.42618665, 0.50909091,
       0.41432309, 0.56556216, 0.58737635, 0.48445421, 0.77790326,
       0.40507112, 0.51105651, 0.44137022, 0.84476553, 0.79436451,
       0.4618984 , 0.77259378, 0.53372434, 0.58251748, 0.42191142,
       0.40118577, 0.50211039]), 'class_median_width_scaled': array([0.36363636, 0.40909091, 0.40909091, 0.36363636, 0.40909091,
       0.40909091, 0.40909091, 0.40909091, 0.40909091, 1.        ,
       0.36363636, 0.40909091, 0.40909091, 1.        , 1.        ,
       0.40909091, 1.        , 0.40909091, 0.40909091, 0.40909091,
       0.36363636, 0.40909091])}

Job completed at Wed Mar 19 08:22:34 PM PDT 2025
