Starting job at Wed Mar 19 08:22:24 PM PDT 2025
Job parameters:
Dataset: data_walking
UQ Method: split_conformal_topk
Estimator: RandomForest
Seed: 777
Train Size: 0.8
Running split_conformal_topk on data_walking with seed 777 and train size 0.8

starting experiment

data created

Fitting split_conformal_topk_RandomForest on data_walking with seed 777

split_conformal_topk_RandomForest metrics: {'coverage': np.float64(0.9213333333333333), 'mean_width': np.float64(12.453833333333334), 'median_width': np.float64(8.0), 'mean_width_scaled': np.float64(0.5660833333333334), 'median_width_scaled': np.float64(0.36363636363636365)}

split_conformal_topk_RandomForest full metrics: {'coverage': np.float64(0.9213333333333333), 'mean_width': np.float64(12.453833333333334), 'median_width': np.float64(8.0), 'mean_width_scaled': np.float64(0.5660833333333334), 'median_width_scaled': np.float64(0.36363636363636365)}

split_conformal_topk_RandomForest class metrics: {'class_coverage': array([0.92741935, 0.88888889, 0.87373737, 0.85840708, 0.90666667,
       0.75539568, 0.95327103, 0.94818653, 0.91078067, 0.95859213,
       0.72108844, 0.97297297, 0.55072464, 0.96832579, 0.95203837,
       0.87745098, 0.98531571, 0.72580645, 0.96410256, 0.82692308,
       0.86956522, 0.90357143]), 'class_mean_width': array([ 8.01612903,  8.6       ,  7.75252525,  7.59734513,  9.05333333,
        7.70503597,  9.94392523, 11.58031088,  8.24163569, 16.26293996,
        7.99319728,  9.24324324,  7.63768116, 16.83597285, 16.71702638,
        8.26470588, 14.95888399,  9.83870968, 10.55128205,  7.58333333,
        7.86956522,  9.07142857]), 'class_median_width': array([ 7. ,  8. ,  7. ,  7. ,  7.5,  7. ,  7. ,  8. ,  7. , 22. ,  7. ,
        8. ,  7. , 22. , 22. ,  7. , 22. ,  8. ,  7. ,  7. ,  7.5,  7. ]), 'class_mean_width_scaled': array([0.3643695 , 0.39090909, 0.35238751, 0.34533387, 0.41151515,
       0.35022891, 0.4519966 , 0.52637777, 0.3746198 , 0.73922454,
       0.36332715, 0.42014742, 0.34716733, 0.76527149, 0.75986484,
       0.37566845, 0.67994927, 0.44721408, 0.47960373, 0.34469697,
       0.35770751, 0.41233766]), 'class_median_width_scaled': array([0.31818182, 0.36363636, 0.31818182, 0.31818182, 0.34090909,
       0.31818182, 0.31818182, 0.36363636, 0.31818182, 1.        ,
       0.31818182, 0.36363636, 0.31818182, 1.        , 1.        ,
       0.31818182, 1.        , 0.36363636, 0.31818182, 0.31818182,
       0.34090909, 0.31818182])}

split_conformal_topk_RandomForest full class metrics: {'class_coverage': array([0.92741935, 0.88888889, 0.87373737, 0.85840708, 0.90666667,
       0.75539568, 0.95327103, 0.94818653, 0.91078067, 0.95859213,
       0.72108844, 0.97297297, 0.55072464, 0.96832579, 0.95203837,
       0.87745098, 0.98531571, 0.72580645, 0.96410256, 0.82692308,
       0.86956522, 0.90357143]), 'class_mean_width': array([ 8.01612903,  8.6       ,  7.75252525,  7.59734513,  9.05333333,
        7.70503597,  9.94392523, 11.58031088,  8.24163569, 16.26293996,
        7.99319728,  9.24324324,  7.63768116, 16.83597285, 16.71702638,
        8.26470588, 14.95888399,  9.83870968, 10.55128205,  7.58333333,
        7.86956522,  9.07142857]), 'class_median_width': array([ 7. ,  8. ,  7. ,  7. ,  7.5,  7. ,  7. ,  8. ,  7. , 22. ,  7. ,
        8. ,  7. , 22. , 22. ,  7. , 22. ,  8. ,  7. ,  7. ,  7.5,  7. ]), 'class_mean_width_scaled': array([0.3643695 , 0.39090909, 0.35238751, 0.34533387, 0.41151515,
       0.35022891, 0.4519966 , 0.52637777, 0.3746198 , 0.73922454,
       0.36332715, 0.42014742, 0.34716733, 0.76527149, 0.75986484,
       0.37566845, 0.67994927, 0.44721408, 0.47960373, 0.34469697,
       0.35770751, 0.41233766]), 'class_median_width_scaled': array([0.31818182, 0.36363636, 0.31818182, 0.31818182, 0.34090909,
       0.31818182, 0.31818182, 0.36363636, 0.31818182, 1.        ,
       0.31818182, 0.36363636, 0.31818182, 1.        , 1.        ,
       0.31818182, 1.        , 0.36363636, 0.31818182, 0.31818182,
       0.34090909, 0.31818182])}

Job completed at Wed Mar 19 08:22:28 PM PDT 2025
