Starting job at Thu Mar 20 05:03:46 PM PDT 2025
Job parameters:
Dataset: data_isolet
UQ Method: split_conformal_raps
Estimator: RandomForest
Seed: 780
Train Size: 0.8
Running split_conformal_raps on data_isolet with seed 780 and train size 0.8

starting experiment

data created

Fitting split_conformal_raps_RandomForest on data_isolet with seed 780

split_conformal_raps_RandomForest metrics: {'coverage': np.float64(0.9314102564102564), 'mean_width': np.float64(1.5474358974358975), 'median_width': np.float64(1.0), 'mean_width_scaled': np.float64(0.05951676528599606), 'median_width_scaled': np.float64(0.038461538461538464)}

split_conformal_raps_RandomForest full metrics: {'coverage': np.float64(0.9314102564102564), 'mean_width': np.float64(1.5474358974358975), 'median_width': np.float64(1.0), 'mean_width_scaled': np.float64(0.05951676528599606), 'median_width_scaled': np.float64(0.038461538461538464)}

split_conformal_raps_RandomForest class metrics: {'class_coverage': array([0.95      , 0.95      , 0.95      , 0.96666667, 0.95      ,
       0.83333333, 0.93333333, 0.88333333, 1.        , 0.98333333,
       1.        , 0.88333333, 0.73333333, 0.98333333, 0.86666667,
       0.88333333, 1.        , 0.98333333, 0.93333333, 0.98333333,
       0.8       , 0.88333333, 0.95      , 0.95      , 0.98333333,
       1.        ]), 'class_mean_width': array([1.01666667, 1.        , 1.03333333, 2.25      , 1.01666667,
       1.05      , 1.83333333, 1.01666667, 1.01666667, 2.66666667,
       2.66666667, 1.03333333, 1.13333333, 2.25      , 1.01666667,
       1.03333333, 1.41666667, 1.41666667, 2.25      , 3.91666667,
       1.46666667, 1.        , 1.03333333, 1.03333333, 1.41666667,
       2.25      ]), 'class_median_width': array([1., 1., 1., 1., 1., 1., 1., 1., 1., 1., 1., 1., 1., 1., 1., 1., 1.,
       1., 1., 1., 1., 1., 1., 1., 1., 1.]), 'class_mean_width_scaled': array([0.03910256, 0.03846154, 0.03974359, 0.08653846, 0.03910256,
       0.04038462, 0.07051282, 0.03910256, 0.03910256, 0.1025641 ,
       0.1025641 , 0.03974359, 0.04358974, 0.08653846, 0.03910256,
       0.03974359, 0.05448718, 0.05448718, 0.08653846, 0.15064103,
       0.05641026, 0.03846154, 0.03974359, 0.03974359, 0.05448718,
       0.08653846]), 'class_median_width_scaled': array([0.03846154, 0.03846154, 0.03846154, 0.03846154, 0.03846154,
       0.03846154, 0.03846154, 0.03846154, 0.03846154, 0.03846154,
       0.03846154, 0.03846154, 0.03846154, 0.03846154, 0.03846154,
       0.03846154, 0.03846154, 0.03846154, 0.03846154, 0.03846154,
       0.03846154, 0.03846154, 0.03846154, 0.03846154, 0.03846154,
       0.03846154])}

split_conformal_raps_RandomForest full class metrics: {'class_coverage': array([0.95      , 0.95      , 0.95      , 0.96666667, 0.95      ,
       0.83333333, 0.93333333, 0.88333333, 1.        , 0.98333333,
       1.        , 0.88333333, 0.73333333, 0.98333333, 0.86666667,
       0.88333333, 1.        , 0.98333333, 0.93333333, 0.98333333,
       0.8       , 0.88333333, 0.95      , 0.95      , 0.98333333,
       1.        ]), 'class_mean_width': array([1.01666667, 1.        , 1.03333333, 2.25      , 1.01666667,
       1.05      , 1.83333333, 1.01666667, 1.01666667, 2.66666667,
       2.66666667, 1.03333333, 1.13333333, 2.25      , 1.01666667,
       1.03333333, 1.41666667, 1.41666667, 2.25      , 3.91666667,
       1.46666667, 1.        , 1.03333333, 1.03333333, 1.41666667,
       2.25      ]), 'class_median_width': array([1., 1., 1., 1., 1., 1., 1., 1., 1., 1., 1., 1., 1., 1., 1., 1., 1.,
       1., 1., 1., 1., 1., 1., 1., 1., 1.]), 'class_mean_width_scaled': array([0.03910256, 0.03846154, 0.03974359, 0.08653846, 0.03910256,
       0.04038462, 0.07051282, 0.03910256, 0.03910256, 0.1025641 ,
       0.1025641 , 0.03974359, 0.04358974, 0.08653846, 0.03910256,
       0.03974359, 0.05448718, 0.05448718, 0.08653846, 0.15064103,
       0.05641026, 0.03846154, 0.03974359, 0.03974359, 0.05448718,
       0.08653846]), 'class_median_width_scaled': array([0.03846154, 0.03846154, 0.03846154, 0.03846154, 0.03846154,
       0.03846154, 0.03846154, 0.03846154, 0.03846154, 0.03846154,
       0.03846154, 0.03846154, 0.03846154, 0.03846154, 0.03846154,
       0.03846154, 0.03846154, 0.03846154, 0.03846154, 0.03846154,
       0.03846154, 0.03846154, 0.03846154, 0.03846154, 0.03846154,
       0.03846154])}

Job completed at Thu Mar 20 05:03:54 PM PDT 2025
