Starting job at Wed Mar 19 08:20:57 PM PDT 2025
Job parameters:
Dataset: data_isolet
UQ Method: split_conformal_raps
Estimator: RandomForest
Seed: 784
Train Size: 0.8
Running split_conformal_raps on data_isolet with seed 784 and train size 0.8

starting experiment

data created

Fitting split_conformal_raps_RandomForest on data_isolet with seed 784

split_conformal_raps_RandomForest metrics: {'coverage': np.float64(0.9391025641025641), 'mean_width': np.float64(1.7628205128205128), 'median_width': np.float64(1.0), 'mean_width_scaled': np.float64(0.06780078895463511), 'median_width_scaled': np.float64(0.038461538461538464)}

split_conformal_raps_RandomForest full metrics: {'coverage': np.float64(0.9391025641025641), 'mean_width': np.float64(1.7628205128205128), 'median_width': np.float64(1.0), 'mean_width_scaled': np.float64(0.06780078895463511), 'median_width_scaled': np.float64(0.038461538461538464)}

split_conformal_raps_RandomForest class metrics: {'class_coverage': array([0.96666667, 0.96666667, 0.98333333, 0.91666667, 0.88333333,
       0.86666667, 1.        , 0.9       , 1.        , 0.98333333,
       0.98333333, 0.86666667, 0.9       , 0.98333333, 0.71666667,
       0.98333333, 1.        , 0.98333333, 0.95      , 0.95      ,
       0.93333333, 0.86666667, 1.        , 0.91666667, 0.96666667,
       0.95      ]), 'class_mean_width': array([1.5       , 1.46666667, 1.11666667, 1.9       , 1.15      ,
       1.03333333, 1.06666667, 1.38333333, 1.53333333, 1.55      ,
       3.95      , 1.08333333, 1.05      , 1.55      , 1.18333333,
       1.21666667, 2.7       , 3.5       , 1.85      , 2.31666667,
       1.26666667, 1.05      , 1.51666667, 1.15      , 4.4       ,
       2.35      ]), 'class_median_width': array([1., 1., 1., 1., 1., 1., 1., 1., 1., 1., 1., 1., 1., 1., 1., 1., 1.,
       1., 1., 1., 1., 1., 1., 1., 1., 1.]), 'class_mean_width_scaled': array([0.05769231, 0.05641026, 0.04294872, 0.07307692, 0.04423077,
       0.03974359, 0.04102564, 0.05320513, 0.05897436, 0.05961538,
       0.15192308, 0.04166667, 0.04038462, 0.05961538, 0.04551282,
       0.04679487, 0.10384615, 0.13461538, 0.07115385, 0.08910256,
       0.04871795, 0.04038462, 0.05833333, 0.04423077, 0.16923077,
       0.09038462]), 'class_median_width_scaled': array([0.03846154, 0.03846154, 0.03846154, 0.03846154, 0.03846154,
       0.03846154, 0.03846154, 0.03846154, 0.03846154, 0.03846154,
       0.03846154, 0.03846154, 0.03846154, 0.03846154, 0.03846154,
       0.03846154, 0.03846154, 0.03846154, 0.03846154, 0.03846154,
       0.03846154, 0.03846154, 0.03846154, 0.03846154, 0.03846154,
       0.03846154])}

split_conformal_raps_RandomForest full class metrics: {'class_coverage': array([0.96666667, 0.96666667, 0.98333333, 0.91666667, 0.88333333,
       0.86666667, 1.        , 0.9       , 1.        , 0.98333333,
       0.98333333, 0.86666667, 0.9       , 0.98333333, 0.71666667,
       0.98333333, 1.        , 0.98333333, 0.95      , 0.95      ,
       0.93333333, 0.86666667, 1.        , 0.91666667, 0.96666667,
       0.95      ]), 'class_mean_width': array([1.5       , 1.46666667, 1.11666667, 1.9       , 1.15      ,
       1.03333333, 1.06666667, 1.38333333, 1.53333333, 1.55      ,
       3.95      , 1.08333333, 1.05      , 1.55      , 1.18333333,
       1.21666667, 2.7       , 3.5       , 1.85      , 2.31666667,
       1.26666667, 1.05      , 1.51666667, 1.15      , 4.4       ,
       2.35      ]), 'class_median_width': array([1., 1., 1., 1., 1., 1., 1., 1., 1., 1., 1., 1., 1., 1., 1., 1., 1.,
       1., 1., 1., 1., 1., 1., 1., 1., 1.]), 'class_mean_width_scaled': array([0.05769231, 0.05641026, 0.04294872, 0.07307692, 0.04423077,
       0.03974359, 0.04102564, 0.05320513, 0.05897436, 0.05961538,
       0.15192308, 0.04166667, 0.04038462, 0.05961538, 0.04551282,
       0.04679487, 0.10384615, 0.13461538, 0.07115385, 0.08910256,
       0.04871795, 0.04038462, 0.05833333, 0.04423077, 0.16923077,
       0.09038462]), 'class_median_width_scaled': array([0.03846154, 0.03846154, 0.03846154, 0.03846154, 0.03846154,
       0.03846154, 0.03846154, 0.03846154, 0.03846154, 0.03846154,
       0.03846154, 0.03846154, 0.03846154, 0.03846154, 0.03846154,
       0.03846154, 0.03846154, 0.03846154, 0.03846154, 0.03846154,
       0.03846154, 0.03846154, 0.03846154, 0.03846154, 0.03846154,
       0.03846154])}

Job completed at Wed Mar 19 08:21:08 PM PDT 2025
