Starting job at Thu Mar 20 05:03:50 PM PDT 2025
Job parameters:
Dataset: data_isolet
UQ Method: split_conformal_raps
Estimator: RandomForest
Seed: 784
Train Size: 0.8
Running split_conformal_raps on data_isolet with seed 784 and train size 0.8

starting experiment

data created

Fitting split_conformal_raps_RandomForest on data_isolet with seed 784

split_conformal_raps_RandomForest metrics: {'coverage': np.float64(0.9346153846153846), 'mean_width': np.float64(1.7333333333333334), 'median_width': np.float64(1.0), 'mean_width_scaled': np.float64(0.06666666666666667), 'median_width_scaled': np.float64(0.038461538461538464)}

split_conformal_raps_RandomForest full metrics: {'coverage': np.float64(0.9346153846153846), 'mean_width': np.float64(1.7333333333333334), 'median_width': np.float64(1.0), 'mean_width_scaled': np.float64(0.06666666666666667), 'median_width_scaled': np.float64(0.038461538461538464)}

split_conformal_raps_RandomForest class metrics: {'class_coverage': array([0.98333333, 0.98333333, 0.93333333, 0.88333333, 0.88333333,
       0.85      , 1.        , 0.88333333, 1.        , 0.96666667,
       0.96666667, 0.91666667, 0.91666667, 0.96666667, 0.76666667,
       0.95      , 1.        , 0.98333333, 0.95      , 0.95      ,
       0.85      , 0.86666667, 0.98333333, 0.91666667, 0.96666667,
       0.98333333]), 'class_mean_width': array([1.        , 1.03333333, 1.01666667, 1.83333333, 1.45      ,
       1.        , 1.01666667, 1.06666667, 1.        , 1.83333333,
       4.33333333, 1.01666667, 1.01666667, 1.83333333, 1.01666667,
       1.08333333, 2.66666667, 3.08333333, 1.83333333, 2.25      ,
       1.        , 1.        , 1.41666667, 1.01666667, 4.75      ,
       3.5       ]), 'class_median_width': array([1., 1., 1., 1., 1., 1., 1., 1., 1., 1., 1., 1., 1., 1., 1., 1., 1.,
       1., 1., 1., 1., 1., 1., 1., 1., 1.]), 'class_mean_width_scaled': array([0.03846154, 0.03974359, 0.03910256, 0.07051282, 0.05576923,
       0.03846154, 0.03910256, 0.04102564, 0.03846154, 0.07051282,
       0.16666667, 0.03910256, 0.03910256, 0.07051282, 0.03910256,
       0.04166667, 0.1025641 , 0.11858974, 0.07051282, 0.08653846,
       0.03846154, 0.03846154, 0.05448718, 0.03910256, 0.18269231,
       0.13461538]), 'class_median_width_scaled': array([0.03846154, 0.03846154, 0.03846154, 0.03846154, 0.03846154,
       0.03846154, 0.03846154, 0.03846154, 0.03846154, 0.03846154,
       0.03846154, 0.03846154, 0.03846154, 0.03846154, 0.03846154,
       0.03846154, 0.03846154, 0.03846154, 0.03846154, 0.03846154,
       0.03846154, 0.03846154, 0.03846154, 0.03846154, 0.03846154,
       0.03846154])}

split_conformal_raps_RandomForest full class metrics: {'class_coverage': array([0.98333333, 0.98333333, 0.93333333, 0.88333333, 0.88333333,
       0.85      , 1.        , 0.88333333, 1.        , 0.96666667,
       0.96666667, 0.91666667, 0.91666667, 0.96666667, 0.76666667,
       0.95      , 1.        , 0.98333333, 0.95      , 0.95      ,
       0.85      , 0.86666667, 0.98333333, 0.91666667, 0.96666667,
       0.98333333]), 'class_mean_width': array([1.        , 1.03333333, 1.01666667, 1.83333333, 1.45      ,
       1.        , 1.01666667, 1.06666667, 1.        , 1.83333333,
       4.33333333, 1.01666667, 1.01666667, 1.83333333, 1.01666667,
       1.08333333, 2.66666667, 3.08333333, 1.83333333, 2.25      ,
       1.        , 1.        , 1.41666667, 1.01666667, 4.75      ,
       3.5       ]), 'class_median_width': array([1., 1., 1., 1., 1., 1., 1., 1., 1., 1., 1., 1., 1., 1., 1., 1., 1.,
       1., 1., 1., 1., 1., 1., 1., 1., 1.]), 'class_mean_width_scaled': array([0.03846154, 0.03974359, 0.03910256, 0.07051282, 0.05576923,
       0.03846154, 0.03910256, 0.04102564, 0.03846154, 0.07051282,
       0.16666667, 0.03910256, 0.03910256, 0.07051282, 0.03910256,
       0.04166667, 0.1025641 , 0.11858974, 0.07051282, 0.08653846,
       0.03846154, 0.03846154, 0.05448718, 0.03910256, 0.18269231,
       0.13461538]), 'class_median_width_scaled': array([0.03846154, 0.03846154, 0.03846154, 0.03846154, 0.03846154,
       0.03846154, 0.03846154, 0.03846154, 0.03846154, 0.03846154,
       0.03846154, 0.03846154, 0.03846154, 0.03846154, 0.03846154,
       0.03846154, 0.03846154, 0.03846154, 0.03846154, 0.03846154,
       0.03846154, 0.03846154, 0.03846154, 0.03846154, 0.03846154,
       0.03846154])}

Job completed at Thu Mar 20 05:03:57 PM PDT 2025
