Starting job at Wed Mar 19 06:30:10 PM PDT 2025
Job parameters:
Dataset: data_isolet
UQ Method: split_conformal_lac
Estimator: ExtraTrees
Seed: 786
Train Size: 0.8
Running split_conformal_lac on data_isolet with seed 786 and train size 0.8

starting experiment

data created

Fitting split_conformal_lac_ExtraTrees on data_isolet with seed 786

split_conformal_lac_ExtraTrees metrics: {'coverage': np.float64(0.9717948717948718), 'mean_width': np.float64(2.7974358974358973), 'median_width': np.float64(1.0), 'mean_width_scaled': np.float64(0.10759368836291913), 'median_width_scaled': np.float64(0.038461538461538464)}

split_conformal_lac_ExtraTrees full metrics: {'coverage': np.float64(0.9717948717948718), 'mean_width': np.float64(2.7974358974358973), 'median_width': np.float64(1.0), 'mean_width_scaled': np.float64(0.10759368836291913), 'median_width_scaled': np.float64(0.038461538461538464)}

split_conformal_lac_ExtraTrees class metrics: {'class_coverage': array([1.        , 1.        , 0.98333333, 1.        , 0.95      ,
       0.91666667, 1.        , 0.95      , 1.        , 1.        ,
       1.        , 0.96666667, 0.9       , 1.        , 0.88333333,
       0.98333333, 0.96666667, 0.96666667, 0.93333333, 1.        ,
       0.96666667, 0.95      , 1.        , 0.98333333, 0.96666667,
       1.        ]), 'class_mean_width': array([3.1       , 1.43333333, 2.7       , 1.48333333, 3.16666667,
       4.88333333, 1.43333333, 7.66666667, 1.83333333, 1.03333333,
       1.05      , 5.65      , 4.36666667, 1.83333333, 3.93333333,
       4.36666667, 2.25      , 1.        , 3.15      , 1.43333333,
       4.35      , 4.01666667, 2.3       , 1.86666667, 1.43333333,
       1.        ]), 'class_median_width': array([1., 1., 1., 1., 1., 1., 1., 1., 1., 1., 1., 1., 1., 1., 1., 1., 1.,
       1., 1., 1., 1., 1., 1., 1., 1., 1.]), 'class_mean_width_scaled': array([0.11923077, 0.05512821, 0.10384615, 0.05705128, 0.12179487,
       0.18782051, 0.05512821, 0.29487179, 0.07051282, 0.03974359,
       0.04038462, 0.21730769, 0.16794872, 0.07051282, 0.15128205,
       0.16794872, 0.08653846, 0.03846154, 0.12115385, 0.05512821,
       0.16730769, 0.15448718, 0.08846154, 0.07179487, 0.05512821,
       0.03846154]), 'class_median_width_scaled': array([0.03846154, 0.03846154, 0.03846154, 0.03846154, 0.03846154,
       0.03846154, 0.03846154, 0.03846154, 0.03846154, 0.03846154,
       0.03846154, 0.03846154, 0.03846154, 0.03846154, 0.03846154,
       0.03846154, 0.03846154, 0.03846154, 0.03846154, 0.03846154,
       0.03846154, 0.03846154, 0.03846154, 0.03846154, 0.03846154,
       0.03846154])}

split_conformal_lac_ExtraTrees full class metrics: {'class_coverage': array([1.        , 1.        , 0.98333333, 1.        , 0.95      ,
       0.91666667, 1.        , 0.95      , 1.        , 1.        ,
       1.        , 0.96666667, 0.9       , 1.        , 0.88333333,
       0.98333333, 0.96666667, 0.96666667, 0.93333333, 1.        ,
       0.96666667, 0.95      , 1.        , 0.98333333, 0.96666667,
       1.        ]), 'class_mean_width': array([3.1       , 1.43333333, 2.7       , 1.48333333, 3.16666667,
       4.88333333, 1.43333333, 7.66666667, 1.83333333, 1.03333333,
       1.05      , 5.65      , 4.36666667, 1.83333333, 3.93333333,
       4.36666667, 2.25      , 1.        , 3.15      , 1.43333333,
       4.35      , 4.01666667, 2.3       , 1.86666667, 1.43333333,
       1.        ]), 'class_median_width': array([1., 1., 1., 1., 1., 1., 1., 1., 1., 1., 1., 1., 1., 1., 1., 1., 1.,
       1., 1., 1., 1., 1., 1., 1., 1., 1.]), 'class_mean_width_scaled': array([0.11923077, 0.05512821, 0.10384615, 0.05705128, 0.12179487,
       0.18782051, 0.05512821, 0.29487179, 0.07051282, 0.03974359,
       0.04038462, 0.21730769, 0.16794872, 0.07051282, 0.15128205,
       0.16794872, 0.08653846, 0.03846154, 0.12115385, 0.05512821,
       0.16730769, 0.15448718, 0.08846154, 0.07179487, 0.05512821,
       0.03846154]), 'class_median_width_scaled': array([0.03846154, 0.03846154, 0.03846154, 0.03846154, 0.03846154,
       0.03846154, 0.03846154, 0.03846154, 0.03846154, 0.03846154,
       0.03846154, 0.03846154, 0.03846154, 0.03846154, 0.03846154,
       0.03846154, 0.03846154, 0.03846154, 0.03846154, 0.03846154,
       0.03846154, 0.03846154, 0.03846154, 0.03846154, 0.03846154,
       0.03846154])}

Job completed at Wed Mar 19 06:30:13 PM PDT 2025
