Starting job at Wed Mar 19 06:30:01 PM PDT 2025
Job parameters:
Dataset: data_isolet
UQ Method: split_conformal_lac
Estimator: ExtraTrees
Seed: 783
Train Size: 0.8
Running split_conformal_lac on data_isolet with seed 783 and train size 0.8

starting experiment

data created

Fitting split_conformal_lac_ExtraTrees on data_isolet with seed 783

split_conformal_lac_ExtraTrees metrics: {'coverage': np.float64(0.9737179487179487), 'mean_width': np.float64(2.8493589743589745), 'median_width': np.float64(1.0), 'mean_width_scaled': np.float64(0.10959072978303748), 'median_width_scaled': np.float64(0.038461538461538464)}

split_conformal_lac_ExtraTrees full metrics: {'coverage': np.float64(0.9737179487179487), 'mean_width': np.float64(2.8493589743589745), 'median_width': np.float64(1.0), 'mean_width_scaled': np.float64(0.10959072978303748), 'median_width_scaled': np.float64(0.038461538461538464)}

split_conformal_lac_ExtraTrees class metrics: {'class_coverage': array([0.98333333, 0.98333333, 0.96666667, 1.        , 0.93333333,
       0.91666667, 1.        , 0.93333333, 0.98333333, 0.98333333,
       1.        , 0.95      , 0.96666667, 0.98333333, 0.86666667,
       0.98333333, 1.        , 0.98333333, 0.98333333, 1.        ,
       0.96666667, 1.        , 0.98333333, 0.96666667, 1.        ,
       1.        ]), 'class_mean_width': array([2.26666667, 1.43333333, 3.55      , 1.88333333, 3.58333333,
       4.03333333, 1.43333333, 6.43333333, 1.83333333, 1.01666667,
       1.53333333, 6.48333333, 2.7       , 1.01666667, 4.36666667,
       6.83333333, 1.        , 1.        , 1.01666667, 1.48333333,
       8.08333333, 3.58333333, 1.5       , 4.01666667, 1.        ,
       1.        ]), 'class_median_width': array([1., 1., 1., 1., 1., 1., 1., 1., 1., 1., 1., 1., 1., 1., 1., 1., 1.,
       1., 1., 1., 1., 1., 1., 1., 1., 1.]), 'class_mean_width_scaled': array([0.08717949, 0.05512821, 0.13653846, 0.0724359 , 0.13782051,
       0.15512821, 0.05512821, 0.2474359 , 0.07051282, 0.03910256,
       0.05897436, 0.24935897, 0.10384615, 0.03910256, 0.16794872,
       0.26282051, 0.03846154, 0.03846154, 0.03910256, 0.05705128,
       0.31089744, 0.13782051, 0.05769231, 0.15448718, 0.03846154,
       0.03846154]), 'class_median_width_scaled': array([0.03846154, 0.03846154, 0.03846154, 0.03846154, 0.03846154,
       0.03846154, 0.03846154, 0.03846154, 0.03846154, 0.03846154,
       0.03846154, 0.03846154, 0.03846154, 0.03846154, 0.03846154,
       0.03846154, 0.03846154, 0.03846154, 0.03846154, 0.03846154,
       0.03846154, 0.03846154, 0.03846154, 0.03846154, 0.03846154,
       0.03846154])}

split_conformal_lac_ExtraTrees full class metrics: {'class_coverage': array([0.98333333, 0.98333333, 0.96666667, 1.        , 0.93333333,
       0.91666667, 1.        , 0.93333333, 0.98333333, 0.98333333,
       1.        , 0.95      , 0.96666667, 0.98333333, 0.86666667,
       0.98333333, 1.        , 0.98333333, 0.98333333, 1.        ,
       0.96666667, 1.        , 0.98333333, 0.96666667, 1.        ,
       1.        ]), 'class_mean_width': array([2.26666667, 1.43333333, 3.55      , 1.88333333, 3.58333333,
       4.03333333, 1.43333333, 6.43333333, 1.83333333, 1.01666667,
       1.53333333, 6.48333333, 2.7       , 1.01666667, 4.36666667,
       6.83333333, 1.        , 1.        , 1.01666667, 1.48333333,
       8.08333333, 3.58333333, 1.5       , 4.01666667, 1.        ,
       1.        ]), 'class_median_width': array([1., 1., 1., 1., 1., 1., 1., 1., 1., 1., 1., 1., 1., 1., 1., 1., 1.,
       1., 1., 1., 1., 1., 1., 1., 1., 1.]), 'class_mean_width_scaled': array([0.08717949, 0.05512821, 0.13653846, 0.0724359 , 0.13782051,
       0.15512821, 0.05512821, 0.2474359 , 0.07051282, 0.03910256,
       0.05897436, 0.24935897, 0.10384615, 0.03910256, 0.16794872,
       0.26282051, 0.03846154, 0.03846154, 0.03910256, 0.05705128,
       0.31089744, 0.13782051, 0.05769231, 0.15448718, 0.03846154,
       0.03846154]), 'class_median_width_scaled': array([0.03846154, 0.03846154, 0.03846154, 0.03846154, 0.03846154,
       0.03846154, 0.03846154, 0.03846154, 0.03846154, 0.03846154,
       0.03846154, 0.03846154, 0.03846154, 0.03846154, 0.03846154,
       0.03846154, 0.03846154, 0.03846154, 0.03846154, 0.03846154,
       0.03846154, 0.03846154, 0.03846154, 0.03846154, 0.03846154,
       0.03846154])}

Job completed at Wed Mar 19 06:30:08 PM PDT 2025
