Starting job at Wed Mar 19 06:30:09 PM PDT 2025
Job parameters:
Dataset: data_isolet
UQ Method: split_conformal_lac
Estimator: ExtraTrees
Seed: 785
Train Size: 0.8
Running split_conformal_lac on data_isolet with seed 785 and train size 0.8

starting experiment

data created

Fitting split_conformal_lac_ExtraTrees on data_isolet with seed 785

split_conformal_lac_ExtraTrees metrics: {'coverage': np.float64(0.9775641025641025), 'mean_width': np.float64(2.5064102564102564), 'median_width': np.float64(1.0), 'mean_width_scaled': np.float64(0.09640039447731755), 'median_width_scaled': np.float64(0.038461538461538464)}

split_conformal_lac_ExtraTrees full metrics: {'coverage': np.float64(0.9775641025641025), 'mean_width': np.float64(2.5064102564102564), 'median_width': np.float64(1.0), 'mean_width_scaled': np.float64(0.09640039447731755), 'median_width_scaled': np.float64(0.038461538461538464)}

split_conformal_lac_ExtraTrees class metrics: {'class_coverage': array([1.        , 1.        , 0.98333333, 1.        , 1.        ,
       0.95      , 0.96666667, 0.98333333, 0.98333333, 1.        ,
       1.        , 0.91666667, 0.9       , 0.96666667, 0.91666667,
       0.96666667, 0.98333333, 1.        , 1.        , 1.        ,
       0.96666667, 0.95      , 1.        , 0.98333333, 1.        ,
       1.        ]), 'class_mean_width': array([1.43333333, 1.5       , 3.53333333, 1.41666667, 5.68333333,
       3.16666667, 1.05      , 4.75      , 1.41666667, 1.03333333,
       1.48333333, 2.28333333, 3.08333333, 1.85      , 5.18333333,
       5.16666667, 1.        , 1.        , 1.9       , 1.03333333,
       4.33333333, 4.41666667, 2.31666667, 2.68333333, 1.        ,
       1.45      ]), 'class_median_width': array([1., 1., 1., 1., 1., 1., 1., 1., 1., 1., 1., 1., 1., 1., 1., 1., 1.,
       1., 1., 1., 1., 1., 1., 1., 1., 1.]), 'class_mean_width_scaled': array([0.05512821, 0.05769231, 0.13589744, 0.05448718, 0.21858974,
       0.12179487, 0.04038462, 0.18269231, 0.05448718, 0.03974359,
       0.05705128, 0.08782051, 0.11858974, 0.07115385, 0.19935897,
       0.19871795, 0.03846154, 0.03846154, 0.07307692, 0.03974359,
       0.16666667, 0.16987179, 0.08910256, 0.10320513, 0.03846154,
       0.05576923]), 'class_median_width_scaled': array([0.03846154, 0.03846154, 0.03846154, 0.03846154, 0.03846154,
       0.03846154, 0.03846154, 0.03846154, 0.03846154, 0.03846154,
       0.03846154, 0.03846154, 0.03846154, 0.03846154, 0.03846154,
       0.03846154, 0.03846154, 0.03846154, 0.03846154, 0.03846154,
       0.03846154, 0.03846154, 0.03846154, 0.03846154, 0.03846154,
       0.03846154])}

split_conformal_lac_ExtraTrees full class metrics: {'class_coverage': array([1.        , 1.        , 0.98333333, 1.        , 1.        ,
       0.95      , 0.96666667, 0.98333333, 0.98333333, 1.        ,
       1.        , 0.91666667, 0.9       , 0.96666667, 0.91666667,
       0.96666667, 0.98333333, 1.        , 1.        , 1.        ,
       0.96666667, 0.95      , 1.        , 0.98333333, 1.        ,
       1.        ]), 'class_mean_width': array([1.43333333, 1.5       , 3.53333333, 1.41666667, 5.68333333,
       3.16666667, 1.05      , 4.75      , 1.41666667, 1.03333333,
       1.48333333, 2.28333333, 3.08333333, 1.85      , 5.18333333,
       5.16666667, 1.        , 1.        , 1.9       , 1.03333333,
       4.33333333, 4.41666667, 2.31666667, 2.68333333, 1.        ,
       1.45      ]), 'class_median_width': array([1., 1., 1., 1., 1., 1., 1., 1., 1., 1., 1., 1., 1., 1., 1., 1., 1.,
       1., 1., 1., 1., 1., 1., 1., 1., 1.]), 'class_mean_width_scaled': array([0.05512821, 0.05769231, 0.13589744, 0.05448718, 0.21858974,
       0.12179487, 0.04038462, 0.18269231, 0.05448718, 0.03974359,
       0.05705128, 0.08782051, 0.11858974, 0.07115385, 0.19935897,
       0.19871795, 0.03846154, 0.03846154, 0.07307692, 0.03974359,
       0.16666667, 0.16987179, 0.08910256, 0.10320513, 0.03846154,
       0.05576923]), 'class_median_width_scaled': array([0.03846154, 0.03846154, 0.03846154, 0.03846154, 0.03846154,
       0.03846154, 0.03846154, 0.03846154, 0.03846154, 0.03846154,
       0.03846154, 0.03846154, 0.03846154, 0.03846154, 0.03846154,
       0.03846154, 0.03846154, 0.03846154, 0.03846154, 0.03846154,
       0.03846154, 0.03846154, 0.03846154, 0.03846154, 0.03846154,
       0.03846154])}

Job completed at Wed Mar 19 06:30:13 PM PDT 2025
