Starting job at Thu Mar 20 05:03:09 PM PDT 2025
Job parameters:
Dataset: data_chess
UQ Method: split_conformal_aps
Estimator: MLP
Seed: 786
Train Size: 0.8
Running split_conformal_aps on data_chess with seed 786 and train size 0.8

starting experiment

data created

Fitting split_conformal_aps_MLP on data_chess with seed 786

split_conformal_aps_MLP metrics: {'coverage': np.float64(0.8866714183891661), 'mean_width': np.float64(3.8330363506771206), 'median_width': np.float64(4.0), 'mean_width_scaled': np.float64(0.2129464639265067), 'median_width_scaled': np.float64(0.2222222222222222)}

split_conformal_aps_MLP full metrics: {'coverage': np.float64(0.8866714183891661), 'mean_width': np.float64(3.8330363506771206), 'median_width': np.float64(4.0), 'mean_width_scaled': np.float64(0.2129464639265067), 'median_width_scaled': np.float64(0.2222222222222222)}

split_conformal_aps_MLP class metrics: {'class_coverage': array([0.85867621, 0.8466899 , 0.85639229, 0.87528868, 0.88297872,
       0.6       , 0.9571899 , 0.89473684, 0.75      , 0.68613139,
       0.74576271, 0.83333333, 0.8488665 , 0.94874851, 0.625     ,
       0.90277778, 0.95918367, 0.2       ]), 'class_mean_width': array([3.63506261, 4.64808362, 4.33625219, 2.68591224, 5.44680851,
       4.725     , 3.07464325, 4.57017544, 5.5625    , 5.18248175,
       4.62711864, 2.02564103, 4.54911839, 3.45887962, 5.3125    ,
       3.90138889, 6.06122449, 7.8       ]), 'class_median_width': array([3. , 5. , 4. , 2. , 5. , 5. , 3. , 5. , 6. , 5. , 4. , 2. , 5. ,
       3. , 5.5, 4. , 6. , 8. ]), 'class_mean_width_scaled': array([0.20194792, 0.25822687, 0.2409029 , 0.14921735, 0.30260047,
       0.2625    , 0.17081351, 0.25389864, 0.30902778, 0.28791565,
       0.25706215, 0.11253561, 0.2527288 , 0.19215998, 0.29513889,
       0.21674383, 0.33673469, 0.43333333]), 'class_median_width_scaled': array([0.16666667, 0.27777778, 0.22222222, 0.11111111, 0.27777778,
       0.27777778, 0.16666667, 0.27777778, 0.33333333, 0.27777778,
       0.22222222, 0.11111111, 0.27777778, 0.16666667, 0.30555556,
       0.22222222, 0.33333333, 0.44444444])}

split_conformal_aps_MLP full class metrics: {'class_coverage': array([0.85867621, 0.8466899 , 0.85639229, 0.87528868, 0.88297872,
       0.6       , 0.9571899 , 0.89473684, 0.75      , 0.68613139,
       0.74576271, 0.83333333, 0.8488665 , 0.94874851, 0.625     ,
       0.90277778, 0.95918367, 0.2       ]), 'class_mean_width': array([3.63506261, 4.64808362, 4.33625219, 2.68591224, 5.44680851,
       4.725     , 3.07464325, 4.57017544, 5.5625    , 5.18248175,
       4.62711864, 2.02564103, 4.54911839, 3.45887962, 5.3125    ,
       3.90138889, 6.06122449, 7.8       ]), 'class_median_width': array([3. , 5. , 4. , 2. , 5. , 5. , 3. , 5. , 6. , 5. , 4. , 2. , 5. ,
       3. , 5.5, 4. , 6. , 8. ]), 'class_mean_width_scaled': array([0.20194792, 0.25822687, 0.2409029 , 0.14921735, 0.30260047,
       0.2625    , 0.17081351, 0.25389864, 0.30902778, 0.28791565,
       0.25706215, 0.11253561, 0.2527288 , 0.19215998, 0.29513889,
       0.21674383, 0.33673469, 0.43333333]), 'class_median_width_scaled': array([0.16666667, 0.27777778, 0.22222222, 0.11111111, 0.27777778,
       0.27777778, 0.16666667, 0.27777778, 0.33333333, 0.27777778,
       0.22222222, 0.11111111, 0.27777778, 0.16666667, 0.30555556,
       0.22222222, 0.33333333, 0.44444444])}

Job completed at Thu Mar 20 05:03:14 PM PDT 2025
