Starting job at Thu Mar 20 05:03:08 PM PDT 2025
Job parameters:
Dataset: data_chess
UQ Method: split_conformal_aps
Estimator: MLP
Seed: 778
Train Size: 0.8
Running split_conformal_aps on data_chess with seed 778 and train size 0.8

starting experiment

data created

Fitting split_conformal_aps_MLP on data_chess with seed 778

split_conformal_aps_MLP metrics: {'coverage': np.float64(0.8809693513898789), 'mean_width': np.float64(3.7770848182466144), 'median_width': np.float64(4.0), 'mean_width_scaled': np.float64(0.20983804545814524), 'median_width_scaled': np.float64(0.2222222222222222)}

split_conformal_aps_MLP full metrics: {'coverage': np.float64(0.8809693513898789), 'mean_width': np.float64(3.7770848182466144), 'median_width': np.float64(4.0), 'mean_width_scaled': np.float64(0.20983804545814524), 'median_width_scaled': np.float64(0.2222222222222222)}

split_conformal_aps_MLP class metrics: {'class_coverage': array([0.90518784, 0.83972125, 0.82311734, 0.88683603, 0.91489362,
       0.725     , 0.94182217, 0.79824561, 0.625     , 0.68613139,
       0.8220339 , 0.83333333, 0.82871537, 0.93325387, 0.375     ,
       0.93333333, 0.83673469, 0.        ]), 'class_mean_width': array([3.44186047, 4.8466899 , 4.19964974, 2.69284065, 4.82978723,
       4.15      , 3.07574094, 4.43274854, 4.8125    , 5.18978102,
       4.93220339, 2.20512821, 4.48110831, 3.49225268, 3.5625    ,
       3.875     , 5.26530612, 4.8       ]), 'class_median_width': array([3. , 5. , 4. , 3. , 5. , 4. , 3. , 4. , 5. , 5. , 5. , 2. , 4. ,
       3. , 3.5, 4. , 5. , 5. ]), 'class_mean_width_scaled': array([0.19121447, 0.26926055, 0.23331387, 0.14960226, 0.26832151,
       0.23055556, 0.1708745 , 0.24626381, 0.26736111, 0.28832117,
       0.2740113 , 0.12250712, 0.24895046, 0.19401404, 0.19791667,
       0.21527778, 0.29251701, 0.26666667]), 'class_median_width_scaled': array([0.16666667, 0.27777778, 0.22222222, 0.16666667, 0.27777778,
       0.22222222, 0.16666667, 0.22222222, 0.27777778, 0.27777778,
       0.27777778, 0.11111111, 0.22222222, 0.16666667, 0.19444444,
       0.22222222, 0.27777778, 0.27777778])}

split_conformal_aps_MLP full class metrics: {'class_coverage': array([0.90518784, 0.83972125, 0.82311734, 0.88683603, 0.91489362,
       0.725     , 0.94182217, 0.79824561, 0.625     , 0.68613139,
       0.8220339 , 0.83333333, 0.82871537, 0.93325387, 0.375     ,
       0.93333333, 0.83673469, 0.        ]), 'class_mean_width': array([3.44186047, 4.8466899 , 4.19964974, 2.69284065, 4.82978723,
       4.15      , 3.07574094, 4.43274854, 4.8125    , 5.18978102,
       4.93220339, 2.20512821, 4.48110831, 3.49225268, 3.5625    ,
       3.875     , 5.26530612, 4.8       ]), 'class_median_width': array([3. , 5. , 4. , 3. , 5. , 4. , 3. , 4. , 5. , 5. , 5. , 2. , 4. ,
       3. , 3.5, 4. , 5. , 5. ]), 'class_mean_width_scaled': array([0.19121447, 0.26926055, 0.23331387, 0.14960226, 0.26832151,
       0.23055556, 0.1708745 , 0.24626381, 0.26736111, 0.28832117,
       0.2740113 , 0.12250712, 0.24895046, 0.19401404, 0.19791667,
       0.21527778, 0.29251701, 0.26666667]), 'class_median_width_scaled': array([0.16666667, 0.27777778, 0.22222222, 0.16666667, 0.27777778,
       0.22222222, 0.16666667, 0.22222222, 0.27777778, 0.27777778,
       0.27777778, 0.11111111, 0.22222222, 0.16666667, 0.19444444,
       0.22222222, 0.27777778, 0.27777778])}

Job completed at Thu Mar 20 05:03:11 PM PDT 2025
