Starting job at Thu Mar 20 05:03:09 PM PDT 2025
Job parameters:
Dataset: data_chess
UQ Method: split_conformal_aps
Estimator: MLP
Seed: 780
Train Size: 0.8
Running split_conformal_aps on data_chess with seed 780 and train size 0.8

starting experiment

data created

Fitting split_conformal_aps_MLP on data_chess with seed 780

split_conformal_aps_MLP metrics: {'coverage': np.float64(0.9068068424803991), 'mean_width': np.float64(4.2200641482537415), 'median_width': np.float64(4.0), 'mean_width_scaled': np.float64(0.23444800823631898), 'median_width_scaled': np.float64(0.2222222222222222)}

split_conformal_aps_MLP full metrics: {'coverage': np.float64(0.9068068424803991), 'mean_width': np.float64(4.2200641482537415), 'median_width': np.float64(4.0), 'mean_width_scaled': np.float64(0.23444800823631898), 'median_width_scaled': np.float64(0.2222222222222222)}

split_conformal_aps_MLP class metrics: {'class_coverage': array([0.88908766, 0.8466899 , 0.8966725 , 0.89838337, 0.77659574,
       0.875     , 0.9571899 , 0.87719298, 0.5       , 0.69343066,
       0.89830508, 0.92307692, 0.92191436, 0.9511323 , 0.8125    ,
       0.92361111, 0.83673469, 0.8       ]), 'class_mean_width': array([4.1234347 , 5.06968641, 4.70402802, 2.91916859, 5.65957447,
       5.725     , 3.26125137, 5.00877193, 5.6875    , 5.37956204,
       5.28813559, 2.30769231, 5.02015113, 3.9761621 , 5.5       ,
       4.33333333, 6.6122449 , 7.        ]), 'class_median_width': array([4., 5., 5., 3., 6., 6., 3., 5., 6., 5., 5., 2., 5., 4., 5., 4., 6.,
       7.]), 'class_mean_width_scaled': array([0.22907971, 0.28164925, 0.26133489, 0.16217603, 0.3144208 ,
       0.31805556, 0.18118063, 0.27826511, 0.31597222, 0.29886456,
       0.29378531, 0.12820513, 0.27889729, 0.22089789, 0.30555556,
       0.24074074, 0.36734694, 0.38888889]), 'class_median_width_scaled': array([0.22222222, 0.27777778, 0.27777778, 0.16666667, 0.33333333,
       0.33333333, 0.16666667, 0.27777778, 0.33333333, 0.27777778,
       0.27777778, 0.11111111, 0.27777778, 0.22222222, 0.27777778,
       0.22222222, 0.33333333, 0.38888889])}

split_conformal_aps_MLP full class metrics: {'class_coverage': array([0.88908766, 0.8466899 , 0.8966725 , 0.89838337, 0.77659574,
       0.875     , 0.9571899 , 0.87719298, 0.5       , 0.69343066,
       0.89830508, 0.92307692, 0.92191436, 0.9511323 , 0.8125    ,
       0.92361111, 0.83673469, 0.8       ]), 'class_mean_width': array([4.1234347 , 5.06968641, 4.70402802, 2.91916859, 5.65957447,
       5.725     , 3.26125137, 5.00877193, 5.6875    , 5.37956204,
       5.28813559, 2.30769231, 5.02015113, 3.9761621 , 5.5       ,
       4.33333333, 6.6122449 , 7.        ]), 'class_median_width': array([4., 5., 5., 3., 6., 6., 3., 5., 6., 5., 5., 2., 5., 4., 5., 4., 6.,
       7.]), 'class_mean_width_scaled': array([0.22907971, 0.28164925, 0.26133489, 0.16217603, 0.3144208 ,
       0.31805556, 0.18118063, 0.27826511, 0.31597222, 0.29886456,
       0.29378531, 0.12820513, 0.27889729, 0.22089789, 0.30555556,
       0.24074074, 0.36734694, 0.38888889]), 'class_median_width_scaled': array([0.22222222, 0.27777778, 0.27777778, 0.16666667, 0.33333333,
       0.33333333, 0.16666667, 0.27777778, 0.33333333, 0.27777778,
       0.27777778, 0.11111111, 0.27777778, 0.22222222, 0.27777778,
       0.22222222, 0.33333333, 0.38888889])}

Job completed at Thu Mar 20 05:03:13 PM PDT 2025
