Starting job at Wed Mar 19 06:30:11 PM PDT 2025
Job parameters:
Dataset: data_walking
UQ Method: split_conformal_lac
Estimator: ExtraTrees
Seed: 777
Train Size: 0.8
Running split_conformal_lac on data_walking with seed 777 and train size 0.8

starting experiment

data created

Fitting split_conformal_lac_ExtraTrees on data_walking with seed 777

split_conformal_lac_ExtraTrees metrics: {'coverage': np.float64(0.9068333333333334), 'mean_width': np.float64(4.949), 'median_width': np.float64(5.0), 'mean_width_scaled': np.float64(0.22495454545454543), 'median_width_scaled': np.float64(0.22727272727272727)}

split_conformal_lac_ExtraTrees full metrics: {'coverage': np.float64(0.9068333333333334), 'mean_width': np.float64(4.949), 'median_width': np.float64(5.0), 'mean_width_scaled': np.float64(0.22495454545454543), 'median_width_scaled': np.float64(0.22727272727272727)}

split_conformal_lac_ExtraTrees class metrics: {'class_coverage': array([0.90322581, 0.86666667, 0.8989899 , 0.80530973, 0.91333333,
       0.76258993, 0.94080997, 0.9119171 , 0.88475836, 0.95031056,
       0.68707483, 0.97297297, 0.53623188, 0.96040724, 0.93045564,
       0.87254902, 0.98091043, 0.74193548, 0.93333333, 0.77564103,
       0.82608696, 0.9       ]), 'class_mean_width': array([6.77419355, 4.35555556, 6.03535354, 6.52212389, 4.99333333,
       6.91366906, 5.42990654, 5.1865285 , 6.1598513 , 3.17598344,
       7.08843537, 4.37837838, 6.52173913, 3.5938914 , 3.91366906,
       6.33823529, 4.57268722, 5.91129032, 5.78461538, 6.50641026,
       6.19565217, 5.54642857]), 'class_median_width': array([7., 4., 6., 7., 5., 7., 5., 5., 6., 3., 7., 4., 7., 3., 3., 6., 4.,
       6., 6., 7., 6., 6.]), 'class_mean_width_scaled': array([0.30791789, 0.1979798 , 0.27433425, 0.29646018, 0.2269697 ,
       0.31425768, 0.24681393, 0.2357513 , 0.27999324, 0.14436288,
       0.32220161, 0.1990172 , 0.29644269, 0.1633587 , 0.17789405,
       0.2881016 , 0.20784942, 0.26869501, 0.26293706, 0.29574592,
       0.28162055, 0.25211039]), 'class_median_width_scaled': array([0.31818182, 0.18181818, 0.27272727, 0.31818182, 0.22727273,
       0.31818182, 0.22727273, 0.22727273, 0.27272727, 0.13636364,
       0.31818182, 0.18181818, 0.31818182, 0.13636364, 0.13636364,
       0.27272727, 0.18181818, 0.27272727, 0.27272727, 0.31818182,
       0.27272727, 0.27272727])}

split_conformal_lac_ExtraTrees full class metrics: {'class_coverage': array([0.90322581, 0.86666667, 0.8989899 , 0.80530973, 0.91333333,
       0.76258993, 0.94080997, 0.9119171 , 0.88475836, 0.95031056,
       0.68707483, 0.97297297, 0.53623188, 0.96040724, 0.93045564,
       0.87254902, 0.98091043, 0.74193548, 0.93333333, 0.77564103,
       0.82608696, 0.9       ]), 'class_mean_width': array([6.77419355, 4.35555556, 6.03535354, 6.52212389, 4.99333333,
       6.91366906, 5.42990654, 5.1865285 , 6.1598513 , 3.17598344,
       7.08843537, 4.37837838, 6.52173913, 3.5938914 , 3.91366906,
       6.33823529, 4.57268722, 5.91129032, 5.78461538, 6.50641026,
       6.19565217, 5.54642857]), 'class_median_width': array([7., 4., 6., 7., 5., 7., 5., 5., 6., 3., 7., 4., 7., 3., 3., 6., 4.,
       6., 6., 7., 6., 6.]), 'class_mean_width_scaled': array([0.30791789, 0.1979798 , 0.27433425, 0.29646018, 0.2269697 ,
       0.31425768, 0.24681393, 0.2357513 , 0.27999324, 0.14436288,
       0.32220161, 0.1990172 , 0.29644269, 0.1633587 , 0.17789405,
       0.2881016 , 0.20784942, 0.26869501, 0.26293706, 0.29574592,
       0.28162055, 0.25211039]), 'class_median_width_scaled': array([0.31818182, 0.18181818, 0.27272727, 0.31818182, 0.22727273,
       0.31818182, 0.22727273, 0.22727273, 0.27272727, 0.13636364,
       0.31818182, 0.18181818, 0.31818182, 0.13636364, 0.13636364,
       0.27272727, 0.18181818, 0.27272727, 0.27272727, 0.31818182,
       0.27272727, 0.27272727])}

Job completed at Wed Mar 19 06:30:15 PM PDT 2025
