Starting job at Wed Mar 19 06:27:46 PM PDT 2025
Job parameters:
Dataset: data_cover_type
UQ Method: split_conformal_lac
Estimator: LogisticRegression
Seed: 777
Train Size: 0.8
Running split_conformal_lac on data_cover_type with seed 777 and train size 0.8

starting experiment

data created

Fitting split_conformal_lac_LogisticRegression on data_cover_type with seed 777

split_conformal_lac_LogisticRegression metrics: {'coverage': np.float64(0.8925), 'mean_width': np.float64(26.496), 'median_width': np.float64(27.0), 'mean_width_scaled': np.float64(0.26496), 'median_width_scaled': np.float64(0.27)}

split_conformal_lac_LogisticRegression full metrics: {'coverage': np.float64(0.8925), 'mean_width': np.float64(26.496), 'median_width': np.float64(27.0), 'mean_width_scaled': np.float64(0.26496), 'median_width_scaled': np.float64(0.27)}

split_conformal_lac_LogisticRegression class metrics: {'class_coverage': array([0.8 , 0.7 , 0.85, 0.95, 1.  , 1.  , 0.9 , 0.85, 1.  , 0.85, 0.9 ,
       0.95, 1.  , 1.  , 0.85, 0.85, 1.  , 0.95, 0.95, 0.65, 1.  , 0.8 ,
       1.  , 0.85, 0.8 , 1.  , 1.  , 0.85, 0.85, 0.9 , 0.95, 0.75, 0.85,
       1.  , 1.  , 0.85, 0.65, 0.7 , 0.85, 1.  , 1.  , 0.95, 0.95, 1.  ,
       1.  , 1.  , 0.9 , 1.  , 1.  , 0.85, 0.55, 0.75, 1.  , 0.75, 1.  ,
       1.  , 0.7 , 0.75, 0.75, 0.9 , 0.9 , 0.75, 1.  , 1.  , 0.6 , 0.9 ,
       1.  , 1.  , 0.8 , 0.75, 1.  , 1.  , 0.85, 0.75, 0.95, 0.85, 0.95,
       0.85, 0.75, 0.95, 0.9 , 0.9 , 0.9 , 1.  , 0.9 , 0.95, 1.  , 0.95,
       0.9 , 0.9 , 0.95, 0.95, 1.  , 0.5 , 0.8 , 1.  , 1.  , 0.8 , 1.  ,
       0.9 ]), 'class_mean_width': array([29.65, 31.75, 26.55, 22.65, 39.4 , 30.8 , 22.6 , 33.25, 28.1 ,
       31.55, 29.95, 29.1 , 23.2 , 27.95, 29.1 , 32.2 , 28.5 , 18.45,
       18.95, 25.35, 22.5 , 30.4 , 20.3 , 18.05, 29.05, 25.45, 13.2 ,
       26.5 , 27.5 , 19.2 , 20.85, 26.75, 22.3 , 28.8 , 32.15, 25.55,
       26.15, 26.7 , 32.5 , 29.45, 26.95, 27.  , 31.15,  9.2 , 29.2 ,
       32.65, 37.  , 19.15, 16.4 , 27.65, 33.7 , 23.35, 34.  , 29.15,
       25.25, 26.3 , 23.65, 26.35, 27.05, 21.9 , 29.5 , 31.45, 34.25,
       25.75, 28.45, 32.5 , 37.6 , 24.75, 28.65, 28.4 , 37.25, 22.1 ,
       25.1 , 29.3 , 26.45, 28.4 , 19.6 , 23.25, 25.45, 27.8 , 25.5 ,
       22.4 , 27.4 , 25.45, 22.95, 17.75, 17.85, 28.45, 21.4 , 27.05,
       28.3 , 30.2 , 28.45, 20.45, 25.1 , 26.35, 24.65, 20.  , 25.35,
       29.1 ]), 'class_median_width': array([31.5, 34.5, 25. , 22. , 40. , 32.5, 21. , 32.5, 29.5, 31. , 30. ,
       35. , 20.5, 26. , 30. , 33. , 31. , 17. , 20. , 26.5, 21. , 30.5,
       17.5, 14. , 25.5, 25.5, 12.5, 26.5, 27.5, 19. , 22.5, 26. , 18. ,
       30. , 33.5, 26. , 26. , 27.5, 33.5, 30. , 26. , 28. , 31. ,  9.5,
       28.5, 32.5, 39. , 15.5, 17. , 27. , 36. , 24.5, 34.5, 29. , 25.5,
       25. , 20.5, 29. , 26.5, 22. , 28.5, 30. , 34.5, 23.5, 25.5, 33. ,
       36.5, 25. , 29. , 28. , 38. , 23.5, 24. , 28. , 27. , 29.5, 19. ,
       22. , 26. , 27. , 25.5, 21. , 28.5, 27. , 23. , 18. , 17. , 27.5,
       22. , 25.5, 29.5, 30. , 28. , 21.5, 27. , 27. , 24.5, 19.5, 25.5,
       29.5]), 'class_mean_width_scaled': array([0.2965, 0.3175, 0.2655, 0.2265, 0.394 , 0.308 , 0.226 , 0.3325,
       0.281 , 0.3155, 0.2995, 0.291 , 0.232 , 0.2795, 0.291 , 0.322 ,
       0.285 , 0.1845, 0.1895, 0.2535, 0.225 , 0.304 , 0.203 , 0.1805,
       0.2905, 0.2545, 0.132 , 0.265 , 0.275 , 0.192 , 0.2085, 0.2675,
       0.223 , 0.288 , 0.3215, 0.2555, 0.2615, 0.267 , 0.325 , 0.2945,
       0.2695, 0.27  , 0.3115, 0.092 , 0.292 , 0.3265, 0.37  , 0.1915,
       0.164 , 0.2765, 0.337 , 0.2335, 0.34  , 0.2915, 0.2525, 0.263 ,
       0.2365, 0.2635, 0.2705, 0.219 , 0.295 , 0.3145, 0.3425, 0.2575,
       0.2845, 0.325 , 0.376 , 0.2475, 0.2865, 0.284 , 0.3725, 0.221 ,
       0.251 , 0.293 , 0.2645, 0.284 , 0.196 , 0.2325, 0.2545, 0.278 ,
       0.255 , 0.224 , 0.274 , 0.2545, 0.2295, 0.1775, 0.1785, 0.2845,
       0.214 , 0.2705, 0.283 , 0.302 , 0.2845, 0.2045, 0.251 , 0.2635,
       0.2465, 0.2   , 0.2535, 0.291 ]), 'class_median_width_scaled': array([0.315, 0.345, 0.25 , 0.22 , 0.4  , 0.325, 0.21 , 0.325, 0.295,
       0.31 , 0.3  , 0.35 , 0.205, 0.26 , 0.3  , 0.33 , 0.31 , 0.17 ,
       0.2  , 0.265, 0.21 , 0.305, 0.175, 0.14 , 0.255, 0.255, 0.125,
       0.265, 0.275, 0.19 , 0.225, 0.26 , 0.18 , 0.3  , 0.335, 0.26 ,
       0.26 , 0.275, 0.335, 0.3  , 0.26 , 0.28 , 0.31 , 0.095, 0.285,
       0.325, 0.39 , 0.155, 0.17 , 0.27 , 0.36 , 0.245, 0.345, 0.29 ,
       0.255, 0.25 , 0.205, 0.29 , 0.265, 0.22 , 0.285, 0.3  , 0.345,
       0.235, 0.255, 0.33 , 0.365, 0.25 , 0.29 , 0.28 , 0.38 , 0.235,
       0.24 , 0.28 , 0.27 , 0.295, 0.19 , 0.22 , 0.26 , 0.27 , 0.255,
       0.21 , 0.285, 0.27 , 0.23 , 0.18 , 0.17 , 0.275, 0.22 , 0.255,
       0.295, 0.3  , 0.28 , 0.215, 0.27 , 0.27 , 0.245, 0.195, 0.255,
       0.295])}

split_conformal_lac_LogisticRegression full class metrics: {'class_coverage': array([0.8 , 0.7 , 0.85, 0.95, 1.  , 1.  , 0.9 , 0.85, 1.  , 0.85, 0.9 ,
       0.95, 1.  , 1.  , 0.85, 0.85, 1.  , 0.95, 0.95, 0.65, 1.  , 0.8 ,
       1.  , 0.85, 0.8 , 1.  , 1.  , 0.85, 0.85, 0.9 , 0.95, 0.75, 0.85,
       1.  , 1.  , 0.85, 0.65, 0.7 , 0.85, 1.  , 1.  , 0.95, 0.95, 1.  ,
       1.  , 1.  , 0.9 , 1.  , 1.  , 0.85, 0.55, 0.75, 1.  , 0.75, 1.  ,
       1.  , 0.7 , 0.75, 0.75, 0.9 , 0.9 , 0.75, 1.  , 1.  , 0.6 , 0.9 ,
       1.  , 1.  , 0.8 , 0.75, 1.  , 1.  , 0.85, 0.75, 0.95, 0.85, 0.95,
       0.85, 0.75, 0.95, 0.9 , 0.9 , 0.9 , 1.  , 0.9 , 0.95, 1.  , 0.95,
       0.9 , 0.9 , 0.95, 0.95, 1.  , 0.5 , 0.8 , 1.  , 1.  , 0.8 , 1.  ,
       0.9 ]), 'class_mean_width': array([29.65, 31.75, 26.55, 22.65, 39.4 , 30.8 , 22.6 , 33.25, 28.1 ,
       31.55, 29.95, 29.1 , 23.2 , 27.95, 29.1 , 32.2 , 28.5 , 18.45,
       18.95, 25.35, 22.5 , 30.4 , 20.3 , 18.05, 29.05, 25.45, 13.2 ,
       26.5 , 27.5 , 19.2 , 20.85, 26.75, 22.3 , 28.8 , 32.15, 25.55,
       26.15, 26.7 , 32.5 , 29.45, 26.95, 27.  , 31.15,  9.2 , 29.2 ,
       32.65, 37.  , 19.15, 16.4 , 27.65, 33.7 , 23.35, 34.  , 29.15,
       25.25, 26.3 , 23.65, 26.35, 27.05, 21.9 , 29.5 , 31.45, 34.25,
       25.75, 28.45, 32.5 , 37.6 , 24.75, 28.65, 28.4 , 37.25, 22.1 ,
       25.1 , 29.3 , 26.45, 28.4 , 19.6 , 23.25, 25.45, 27.8 , 25.5 ,
       22.4 , 27.4 , 25.45, 22.95, 17.75, 17.85, 28.45, 21.4 , 27.05,
       28.3 , 30.2 , 28.45, 20.45, 25.1 , 26.35, 24.65, 20.  , 25.35,
       29.1 ]), 'class_median_width': array([31.5, 34.5, 25. , 22. , 40. , 32.5, 21. , 32.5, 29.5, 31. , 30. ,
       35. , 20.5, 26. , 30. , 33. , 31. , 17. , 20. , 26.5, 21. , 30.5,
       17.5, 14. , 25.5, 25.5, 12.5, 26.5, 27.5, 19. , 22.5, 26. , 18. ,
       30. , 33.5, 26. , 26. , 27.5, 33.5, 30. , 26. , 28. , 31. ,  9.5,
       28.5, 32.5, 39. , 15.5, 17. , 27. , 36. , 24.5, 34.5, 29. , 25.5,
       25. , 20.5, 29. , 26.5, 22. , 28.5, 30. , 34.5, 23.5, 25.5, 33. ,
       36.5, 25. , 29. , 28. , 38. , 23.5, 24. , 28. , 27. , 29.5, 19. ,
       22. , 26. , 27. , 25.5, 21. , 28.5, 27. , 23. , 18. , 17. , 27.5,
       22. , 25.5, 29.5, 30. , 28. , 21.5, 27. , 27. , 24.5, 19.5, 25.5,
       29.5]), 'class_mean_width_scaled': array([0.2965, 0.3175, 0.2655, 0.2265, 0.394 , 0.308 , 0.226 , 0.3325,
       0.281 , 0.3155, 0.2995, 0.291 , 0.232 , 0.2795, 0.291 , 0.322 ,
       0.285 , 0.1845, 0.1895, 0.2535, 0.225 , 0.304 , 0.203 , 0.1805,
       0.2905, 0.2545, 0.132 , 0.265 , 0.275 , 0.192 , 0.2085, 0.2675,
       0.223 , 0.288 , 0.3215, 0.2555, 0.2615, 0.267 , 0.325 , 0.2945,
       0.2695, 0.27  , 0.3115, 0.092 , 0.292 , 0.3265, 0.37  , 0.1915,
       0.164 , 0.2765, 0.337 , 0.2335, 0.34  , 0.2915, 0.2525, 0.263 ,
       0.2365, 0.2635, 0.2705, 0.219 , 0.295 , 0.3145, 0.3425, 0.2575,
       0.2845, 0.325 , 0.376 , 0.2475, 0.2865, 0.284 , 0.3725, 0.221 ,
       0.251 , 0.293 , 0.2645, 0.284 , 0.196 , 0.2325, 0.2545, 0.278 ,
       0.255 , 0.224 , 0.274 , 0.2545, 0.2295, 0.1775, 0.1785, 0.2845,
       0.214 , 0.2705, 0.283 , 0.302 , 0.2845, 0.2045, 0.251 , 0.2635,
       0.2465, 0.2   , 0.2535, 0.291 ]), 'class_median_width_scaled': array([0.315, 0.345, 0.25 , 0.22 , 0.4  , 0.325, 0.21 , 0.325, 0.295,
       0.31 , 0.3  , 0.35 , 0.205, 0.26 , 0.3  , 0.33 , 0.31 , 0.17 ,
       0.2  , 0.265, 0.21 , 0.305, 0.175, 0.14 , 0.255, 0.255, 0.125,
       0.265, 0.275, 0.19 , 0.225, 0.26 , 0.18 , 0.3  , 0.335, 0.26 ,
       0.26 , 0.275, 0.335, 0.3  , 0.26 , 0.28 , 0.31 , 0.095, 0.285,
       0.325, 0.39 , 0.155, 0.17 , 0.27 , 0.36 , 0.245, 0.345, 0.29 ,
       0.255, 0.25 , 0.205, 0.29 , 0.265, 0.22 , 0.285, 0.3  , 0.345,
       0.235, 0.255, 0.33 , 0.365, 0.25 , 0.29 , 0.28 , 0.38 , 0.235,
       0.24 , 0.28 , 0.27 , 0.295, 0.19 , 0.22 , 0.26 , 0.27 , 0.255,
       0.21 , 0.285, 0.27 , 0.23 , 0.18 , 0.17 , 0.275, 0.22 , 0.255,
       0.295, 0.3  , 0.28 , 0.215, 0.27 , 0.27 , 0.245, 0.195, 0.255,
       0.295])}

Job completed at Wed Mar 19 06:28:02 PM PDT 2025
