Starting job at Wed Mar 19 06:29:09 PM PDT 2025
Job parameters:
Dataset: data_helena
UQ Method: split_conformal_lac
Estimator: MLP
Seed: 778
Train Size: 0.8
Running split_conformal_lac on data_helena with seed 778 and train size 0.8

starting experiment

data created

Fitting split_conformal_lac_MLP on data_helena with seed 778

split_conformal_lac_MLP metrics: {'coverage': np.float64(0.8973159509202454), 'mean_width': np.float64(52.59110429447853), 'median_width': np.float64(56.0), 'mean_width_scaled': np.float64(0.5259110429447853), 'median_width_scaled': np.float64(0.56)}

split_conformal_lac_MLP full metrics: {'coverage': np.float64(0.8973159509202454), 'mean_width': np.float64(52.59110429447853), 'median_width': np.float64(56.0), 'mean_width_scaled': np.float64(0.5259110429447853), 'median_width_scaled': np.float64(0.56)}

split_conformal_lac_MLP class metrics: {'class_coverage': array([0.95698925, 0.74137931, 0.81818182, 0.88541667, 0.87356322,
       0.72727273, 0.890625  , 0.89814815, 0.70833333, 0.97285068,
       0.82222222, 0.65384615, 0.71428571, 0.92899408, 0.72580645,
       0.92307692, 0.79411765, 0.26666667, 0.88888889, 0.95238095,
       0.81538462, 0.64150943, 0.88757396, 0.60784314, 0.86206897,
       0.43478261, 0.20833333, 0.20833333, 0.47826087, 0.57692308,
       0.83783784, 0.66176471, 0.95711061, 0.9752381 , 0.875     ,
       0.96327212, 0.88888889, 0.68965517, 0.85      , 0.84126984,
       0.82089552, 0.88135593, 0.61538462, 0.90909091, 0.57142857,
       0.62962963, 0.60526316, 0.92405063, 0.81818182, 0.51724138,
       0.88888889, 0.97879282, 0.5       , 0.95264624, 0.28571429,
       0.91570881, 0.89497717, 0.96052632, 0.71428571, 0.55263158,
       0.97382199, 0.86029412, 0.58823529, 0.88636364, 0.91588785,
       0.59574468, 0.9954023 , 0.99      , 0.86440678, 0.81538462,
       0.92920354, 0.91666667, 0.89285714, 0.70833333, 0.79816514,
       0.97540984, 0.99126092, 0.91372549, 0.86842105, 0.65116279,
       0.72727273, 0.88      , 0.7826087 , 0.62857143, 0.85620915,
       0.74157303, 0.88557214, 0.98382749, 0.94285714, 0.86875   ,
       0.26923077, 0.97680412, 0.96685083, 0.90243902, 0.38888889,
       0.84375   , 0.95378151, 0.96438356, 0.78688525, 0.87951807]), 'class_mean_width': array([62.8172043 , 63.46551724, 72.45454545, 54.625     , 62.42528736,
       52.68831169, 72.1875    , 70.53703704, 50.59722222, 36.01809955,
       63.4       , 70.61538462, 60.96428571, 57.60946746, 58.09677419,
       65.13461538, 51.41176471, 64.44444444, 52.3125    , 58.78231293,
       62.73846154, 42.90566038, 56.03550296, 64.23529412, 55.06034483,
       48.43478261, 46.625     , 45.08333333, 67.95652174, 50.46153846,
       61.32432432, 59.07352941, 45.75395034, 63.68380952, 53.14772727,
       58.47412354, 66.19444444, 63.82758621, 60.44166667, 66.0952381 ,
       57.01492537, 59.04237288, 61.02564103, 65.4969697 , 66.73809524,
       56.11111111, 60.13157895, 43.98734177, 57.42727273, 31.06896552,
       77.40740741, 57.95921697, 68.125     , 54.74930362, 58.76190476,
       41.96934866, 67.32876712, 61.46052632, 52.73626374, 61.73684211,
       58.97382199, 50.75      , 55.44117647, 54.17045455, 53.60747664,
       66.23404255, 70.14252874, 53.36      , 62.28813559, 75.2       ,
       59.60176991, 53.81666667, 77.57142857, 55.08333333, 62.81651376,
       29.75136612, 15.67041199, 23.05098039, 68.57894737, 20.30232558,
       51.90909091, 43.53333333, 65.58695652, 60.88571429, 58.77124183,
       53.31460674, 48.86069652, 54.52021563, 61.94285714, 54.9125    ,
       52.38461538, 49.20876289, 56.12154696, 53.45121951, 58.94444444,
       73.71875   , 56.02941176, 60.14520548, 55.62295082, 52.53012048]), 'class_median_width': array([66. , 68.5, 77. , 57.5, 67. , 53. , 79.5, 77. , 51. , 32. , 69. ,
       75.5, 71.5, 58. , 66. , 64. , 50. , 72. , 54. , 57. , 67. , 38. ,
       59. , 70. , 58.5, 51. , 42. , 38. , 73. , 49. , 66. , 62.5, 44. ,
       66. , 55. , 60. , 69. , 65. , 65.5, 71. , 62. , 63. , 67. , 74. ,
       73.5, 57.5, 64. , 42. , 64. , 22. , 78. , 61. , 79.5, 57. , 64. ,
       42. , 74. , 66.5, 54. , 64.5, 64. , 53. , 53.5, 59. , 54. , 71. ,
       75. , 54. , 69. , 77. , 61. , 53.5, 83. , 59.5, 67. , 28. , 11. ,
       21. , 76. , 13. , 55. , 45. , 70.5, 74. , 61. , 55. , 48. , 56. ,
       66. , 54.5, 60. , 49. , 59. , 54.5, 64. , 78. , 60.5, 65. , 61. ,
       54. ]), 'class_mean_width_scaled': array([0.62817204, 0.63465517, 0.72454545, 0.54625   , 0.62425287,
       0.52688312, 0.721875  , 0.70537037, 0.50597222, 0.360181  ,
       0.634     , 0.70615385, 0.60964286, 0.57609467, 0.58096774,
       0.65134615, 0.51411765, 0.64444444, 0.523125  , 0.58782313,
       0.62738462, 0.4290566 , 0.56035503, 0.64235294, 0.55060345,
       0.48434783, 0.46625   , 0.45083333, 0.67956522, 0.50461538,
       0.61324324, 0.59073529, 0.4575395 , 0.6368381 , 0.53147727,
       0.58474124, 0.66194444, 0.63827586, 0.60441667, 0.66095238,
       0.57014925, 0.59042373, 0.61025641, 0.6549697 , 0.66738095,
       0.56111111, 0.60131579, 0.43987342, 0.57427273, 0.31068966,
       0.77407407, 0.57959217, 0.68125   , 0.54749304, 0.58761905,
       0.41969349, 0.67328767, 0.61460526, 0.52736264, 0.61736842,
       0.58973822, 0.5075    , 0.55441176, 0.54170455, 0.53607477,
       0.66234043, 0.70142529, 0.5336    , 0.62288136, 0.752     ,
       0.5960177 , 0.53816667, 0.77571429, 0.55083333, 0.62816514,
       0.29751366, 0.15670412, 0.2305098 , 0.68578947, 0.20302326,
       0.51909091, 0.43533333, 0.65586957, 0.60885714, 0.58771242,
       0.53314607, 0.48860697, 0.54520216, 0.61942857, 0.549125  ,
       0.52384615, 0.49208763, 0.56121547, 0.5345122 , 0.58944444,
       0.7371875 , 0.56029412, 0.60145205, 0.55622951, 0.5253012 ]), 'class_median_width_scaled': array([0.66 , 0.685, 0.77 , 0.575, 0.67 , 0.53 , 0.795, 0.77 , 0.51 ,
       0.32 , 0.69 , 0.755, 0.715, 0.58 , 0.66 , 0.64 , 0.5  , 0.72 ,
       0.54 , 0.57 , 0.67 , 0.38 , 0.59 , 0.7  , 0.585, 0.51 , 0.42 ,
       0.38 , 0.73 , 0.49 , 0.66 , 0.625, 0.44 , 0.66 , 0.55 , 0.6  ,
       0.69 , 0.65 , 0.655, 0.71 , 0.62 , 0.63 , 0.67 , 0.74 , 0.735,
       0.575, 0.64 , 0.42 , 0.64 , 0.22 , 0.78 , 0.61 , 0.795, 0.57 ,
       0.64 , 0.42 , 0.74 , 0.665, 0.54 , 0.645, 0.64 , 0.53 , 0.535,
       0.59 , 0.54 , 0.71 , 0.75 , 0.54 , 0.69 , 0.77 , 0.61 , 0.535,
       0.83 , 0.595, 0.67 , 0.28 , 0.11 , 0.21 , 0.76 , 0.13 , 0.55 ,
       0.45 , 0.705, 0.74 , 0.61 , 0.55 , 0.48 , 0.56 , 0.66 , 0.545,
       0.6  , 0.49 , 0.59 , 0.545, 0.64 , 0.78 , 0.605, 0.65 , 0.61 ,
       0.54 ])}

split_conformal_lac_MLP full class metrics: {'class_coverage': array([0.95698925, 0.74137931, 0.81818182, 0.88541667, 0.87356322,
       0.72727273, 0.890625  , 0.89814815, 0.70833333, 0.97285068,
       0.82222222, 0.65384615, 0.71428571, 0.92899408, 0.72580645,
       0.92307692, 0.79411765, 0.26666667, 0.88888889, 0.95238095,
       0.81538462, 0.64150943, 0.88757396, 0.60784314, 0.86206897,
       0.43478261, 0.20833333, 0.20833333, 0.47826087, 0.57692308,
       0.83783784, 0.66176471, 0.95711061, 0.9752381 , 0.875     ,
       0.96327212, 0.88888889, 0.68965517, 0.85      , 0.84126984,
       0.82089552, 0.88135593, 0.61538462, 0.90909091, 0.57142857,
       0.62962963, 0.60526316, 0.92405063, 0.81818182, 0.51724138,
       0.88888889, 0.97879282, 0.5       , 0.95264624, 0.28571429,
       0.91570881, 0.89497717, 0.96052632, 0.71428571, 0.55263158,
       0.97382199, 0.86029412, 0.58823529, 0.88636364, 0.91588785,
       0.59574468, 0.9954023 , 0.99      , 0.86440678, 0.81538462,
       0.92920354, 0.91666667, 0.89285714, 0.70833333, 0.79816514,
       0.97540984, 0.99126092, 0.91372549, 0.86842105, 0.65116279,
       0.72727273, 0.88      , 0.7826087 , 0.62857143, 0.85620915,
       0.74157303, 0.88557214, 0.98382749, 0.94285714, 0.86875   ,
       0.26923077, 0.97680412, 0.96685083, 0.90243902, 0.38888889,
       0.84375   , 0.95378151, 0.96438356, 0.78688525, 0.87951807]), 'class_mean_width': array([62.8172043 , 63.46551724, 72.45454545, 54.625     , 62.42528736,
       52.68831169, 72.1875    , 70.53703704, 50.59722222, 36.01809955,
       63.4       , 70.61538462, 60.96428571, 57.60946746, 58.09677419,
       65.13461538, 51.41176471, 64.44444444, 52.3125    , 58.78231293,
       62.73846154, 42.90566038, 56.03550296, 64.23529412, 55.06034483,
       48.43478261, 46.625     , 45.08333333, 67.95652174, 50.46153846,
       61.32432432, 59.07352941, 45.75395034, 63.68380952, 53.14772727,
       58.47412354, 66.19444444, 63.82758621, 60.44166667, 66.0952381 ,
       57.01492537, 59.04237288, 61.02564103, 65.4969697 , 66.73809524,
       56.11111111, 60.13157895, 43.98734177, 57.42727273, 31.06896552,
       77.40740741, 57.95921697, 68.125     , 54.74930362, 58.76190476,
       41.96934866, 67.32876712, 61.46052632, 52.73626374, 61.73684211,
       58.97382199, 50.75      , 55.44117647, 54.17045455, 53.60747664,
       66.23404255, 70.14252874, 53.36      , 62.28813559, 75.2       ,
       59.60176991, 53.81666667, 77.57142857, 55.08333333, 62.81651376,
       29.75136612, 15.67041199, 23.05098039, 68.57894737, 20.30232558,
       51.90909091, 43.53333333, 65.58695652, 60.88571429, 58.77124183,
       53.31460674, 48.86069652, 54.52021563, 61.94285714, 54.9125    ,
       52.38461538, 49.20876289, 56.12154696, 53.45121951, 58.94444444,
       73.71875   , 56.02941176, 60.14520548, 55.62295082, 52.53012048]), 'class_median_width': array([66. , 68.5, 77. , 57.5, 67. , 53. , 79.5, 77. , 51. , 32. , 69. ,
       75.5, 71.5, 58. , 66. , 64. , 50. , 72. , 54. , 57. , 67. , 38. ,
       59. , 70. , 58.5, 51. , 42. , 38. , 73. , 49. , 66. , 62.5, 44. ,
       66. , 55. , 60. , 69. , 65. , 65.5, 71. , 62. , 63. , 67. , 74. ,
       73.5, 57.5, 64. , 42. , 64. , 22. , 78. , 61. , 79.5, 57. , 64. ,
       42. , 74. , 66.5, 54. , 64.5, 64. , 53. , 53.5, 59. , 54. , 71. ,
       75. , 54. , 69. , 77. , 61. , 53.5, 83. , 59.5, 67. , 28. , 11. ,
       21. , 76. , 13. , 55. , 45. , 70.5, 74. , 61. , 55. , 48. , 56. ,
       66. , 54.5, 60. , 49. , 59. , 54.5, 64. , 78. , 60.5, 65. , 61. ,
       54. ]), 'class_mean_width_scaled': array([0.62817204, 0.63465517, 0.72454545, 0.54625   , 0.62425287,
       0.52688312, 0.721875  , 0.70537037, 0.50597222, 0.360181  ,
       0.634     , 0.70615385, 0.60964286, 0.57609467, 0.58096774,
       0.65134615, 0.51411765, 0.64444444, 0.523125  , 0.58782313,
       0.62738462, 0.4290566 , 0.56035503, 0.64235294, 0.55060345,
       0.48434783, 0.46625   , 0.45083333, 0.67956522, 0.50461538,
       0.61324324, 0.59073529, 0.4575395 , 0.6368381 , 0.53147727,
       0.58474124, 0.66194444, 0.63827586, 0.60441667, 0.66095238,
       0.57014925, 0.59042373, 0.61025641, 0.6549697 , 0.66738095,
       0.56111111, 0.60131579, 0.43987342, 0.57427273, 0.31068966,
       0.77407407, 0.57959217, 0.68125   , 0.54749304, 0.58761905,
       0.41969349, 0.67328767, 0.61460526, 0.52736264, 0.61736842,
       0.58973822, 0.5075    , 0.55441176, 0.54170455, 0.53607477,
       0.66234043, 0.70142529, 0.5336    , 0.62288136, 0.752     ,
       0.5960177 , 0.53816667, 0.77571429, 0.55083333, 0.62816514,
       0.29751366, 0.15670412, 0.2305098 , 0.68578947, 0.20302326,
       0.51909091, 0.43533333, 0.65586957, 0.60885714, 0.58771242,
       0.53314607, 0.48860697, 0.54520216, 0.61942857, 0.549125  ,
       0.52384615, 0.49208763, 0.56121547, 0.5345122 , 0.58944444,
       0.7371875 , 0.56029412, 0.60145205, 0.55622951, 0.5253012 ]), 'class_median_width_scaled': array([0.66 , 0.685, 0.77 , 0.575, 0.67 , 0.53 , 0.795, 0.77 , 0.51 ,
       0.32 , 0.69 , 0.755, 0.715, 0.58 , 0.66 , 0.64 , 0.5  , 0.72 ,
       0.54 , 0.57 , 0.67 , 0.38 , 0.59 , 0.7  , 0.585, 0.51 , 0.42 ,
       0.38 , 0.73 , 0.49 , 0.66 , 0.625, 0.44 , 0.66 , 0.55 , 0.6  ,
       0.69 , 0.65 , 0.655, 0.71 , 0.62 , 0.63 , 0.67 , 0.74 , 0.735,
       0.575, 0.64 , 0.42 , 0.64 , 0.22 , 0.78 , 0.61 , 0.795, 0.57 ,
       0.64 , 0.42 , 0.74 , 0.665, 0.54 , 0.645, 0.64 , 0.53 , 0.535,
       0.59 , 0.54 , 0.71 , 0.75 , 0.54 , 0.69 , 0.77 , 0.61 , 0.535,
       0.83 , 0.595, 0.67 , 0.28 , 0.11 , 0.21 , 0.76 , 0.13 , 0.55 ,
       0.45 , 0.705, 0.74 , 0.61 , 0.55 , 0.48 , 0.56 , 0.66 , 0.545,
       0.6  , 0.49 , 0.59 , 0.545, 0.64 , 0.78 , 0.605, 0.65 , 0.61 ,
       0.54 ])}

Job completed at Wed Mar 19 06:29:17 PM PDT 2025
