Starting job at Wed Mar 19 06:27:24 PM PDT 2025
Job parameters:
Dataset: data_walking
UQ Method: split_conformal_naive
Estimator: MLP
Seed: 786
Train Size: 0.8
Running split_conformal_naive on data_walking with seed 786 and train size 0.8

starting experiment

data created

Fitting split_conformal_naive_MLP on data_walking with seed 786

split_conformal_naive_MLP metrics: {'coverage': np.float64(0.9173333333333333), 'mean_width': np.float64(6.510166666666667), 'median_width': np.float64(6.0), 'mean_width_scaled': np.float64(0.29591666666666666), 'median_width_scaled': np.float64(0.2727272727272727)}

split_conformal_naive_MLP full metrics: {'coverage': np.float64(0.9173333333333333), 'mean_width': np.float64(6.510166666666667), 'median_width': np.float64(6.0), 'mean_width_scaled': np.float64(0.29591666666666666), 'median_width_scaled': np.float64(0.2727272727272727)}

split_conformal_naive_MLP class metrics: {'class_coverage': array([0.91935484, 0.88888889, 0.92929293, 0.82743363, 0.92      ,
       0.90647482, 0.96261682, 0.84974093, 0.9330855 , 0.9378882 ,
       0.78911565, 1.        , 0.76811594, 0.94004525, 0.96282974,
       0.87745098, 0.92657856, 0.91129032, 0.90769231, 0.82051282,
       0.7826087 , 0.91785714]), 'class_mean_width': array([ 8.74193548,  4.84444444,  8.8989899 ,  8.36283186,  5.92666667,
        9.30215827,  8.01246106,  7.26943005,  8.36802974,  4.97515528,
       10.74829932,  6.21621622,  9.79710145,  4.04524887,  4.51318945,
        7.54901961,  5.4743025 , 10.7016129 ,  7.23076923, 10.38461538,
        8.97826087,  7.22142857]), 'class_median_width': array([ 8. ,  5. ,  9. ,  8. ,  6. ,  9. ,  8. ,  7. ,  8. ,  4. , 11. ,
        4. , 10. ,  3. ,  3. ,  7. ,  5. , 10. ,  7. , 11. ,  9.5,  7. ]), 'class_mean_width_scaled': array([0.3973607 , 0.22020202, 0.40449954, 0.38012872, 0.26939394,
       0.42282538, 0.36420278, 0.33042864, 0.38036499, 0.22614342,
       0.48855906, 0.28255528, 0.44532279, 0.18387495, 0.20514497,
       0.34313725, 0.24883193, 0.48643695, 0.32867133, 0.47202797,
       0.40810277, 0.32824675]), 'class_median_width_scaled': array([0.36363636, 0.22727273, 0.40909091, 0.36363636, 0.27272727,
       0.40909091, 0.36363636, 0.31818182, 0.36363636, 0.18181818,
       0.5       , 0.18181818, 0.45454545, 0.13636364, 0.13636364,
       0.31818182, 0.22727273, 0.45454545, 0.31818182, 0.5       ,
       0.43181818, 0.31818182])}

split_conformal_naive_MLP full class metrics: {'class_coverage': array([0.91935484, 0.88888889, 0.92929293, 0.82743363, 0.92      ,
       0.90647482, 0.96261682, 0.84974093, 0.9330855 , 0.9378882 ,
       0.78911565, 1.        , 0.76811594, 0.94004525, 0.96282974,
       0.87745098, 0.92657856, 0.91129032, 0.90769231, 0.82051282,
       0.7826087 , 0.91785714]), 'class_mean_width': array([ 8.74193548,  4.84444444,  8.8989899 ,  8.36283186,  5.92666667,
        9.30215827,  8.01246106,  7.26943005,  8.36802974,  4.97515528,
       10.74829932,  6.21621622,  9.79710145,  4.04524887,  4.51318945,
        7.54901961,  5.4743025 , 10.7016129 ,  7.23076923, 10.38461538,
        8.97826087,  7.22142857]), 'class_median_width': array([ 8. ,  5. ,  9. ,  8. ,  6. ,  9. ,  8. ,  7. ,  8. ,  4. , 11. ,
        4. , 10. ,  3. ,  3. ,  7. ,  5. , 10. ,  7. , 11. ,  9.5,  7. ]), 'class_mean_width_scaled': array([0.3973607 , 0.22020202, 0.40449954, 0.38012872, 0.26939394,
       0.42282538, 0.36420278, 0.33042864, 0.38036499, 0.22614342,
       0.48855906, 0.28255528, 0.44532279, 0.18387495, 0.20514497,
       0.34313725, 0.24883193, 0.48643695, 0.32867133, 0.47202797,
       0.40810277, 0.32824675]), 'class_median_width_scaled': array([0.36363636, 0.22727273, 0.40909091, 0.36363636, 0.27272727,
       0.40909091, 0.36363636, 0.31818182, 0.36363636, 0.18181818,
       0.5       , 0.18181818, 0.45454545, 0.13636364, 0.13636364,
       0.31818182, 0.22727273, 0.45454545, 0.31818182, 0.5       ,
       0.43181818, 0.31818182])}

Job completed at Wed Mar 19 06:27:31 PM PDT 2025
