Starting job at Thu Mar 20 05:03:15 PM PDT 2025
Job parameters:
Dataset: data_dionis
UQ Method: split_conformal_aps
Estimator: MLP
Seed: 783
Train Size: 0.8
Running split_conformal_aps on data_dionis with seed 783 and train size 0.8

starting experiment

data created

Fitting split_conformal_aps_MLP on data_dionis with seed 783

split_conformal_aps_MLP metrics: {'coverage': np.float64(0.8185), 'mean_width': np.float64(283.3745), 'median_width': np.float64(355.0), 'mean_width_scaled': np.float64(0.7982380281690141), 'median_width_scaled': np.float64(1.0)}

split_conformal_aps_MLP full metrics: {'coverage': np.float64(0.8185), 'mean_width': np.float64(283.3745), 'median_width': np.float64(355.0), 'mean_width_scaled': np.float64(0.7982380281690141), 'median_width_scaled': np.float64(1.0)}

split_conformal_aps_MLP class metrics: {'class_coverage': array([0.92857143, 0.9375    , 1.        , 0.55      , 0.75      ,
       0.53333333, 0.88888889, 0.73333333, 0.86666667, 1.        ,
       0.88888889, 0.73333333, 1.        , 0.93333333, 1.        ,
       0.85      , 1.        , 0.94736842, 1.        , 0.73333333,
       0.6       , 0.66666667, 1.        , 0.73684211, 0.9375    ,
       0.77777778, 1.        , 1.        , 1.        , 0.88888889,
       0.94736842, 1.        , 1.        , 1.        , 0.93333333,
       0.25      , 0.85714286, 0.93333333, 0.57142857, 0.8125    ,
       0.9375    , 1.        , 0.94117647, 0.86666667, 0.93333333,
       1.        , 0.94444444, 0.66666667, 1.        , 0.8       ,
       0.93333333, 0.94117647, 0.52941176, 0.94444444, 1.        ,
       0.6       , 0.86666667, 0.93333333, 1.        , 0.93333333,
       0.52941176, 0.75      , 0.63157895, 1.        , 1.        ,
       0.52941176, 0.94444444, 1.        , 0.73684211, 0.64285714,
       0.71428571, 0.76190476, 0.6875    , 0.73333333, 1.        ,
       0.46666667, 1.        , 0.84210526, 0.53333333, 1.        ,
       0.84210526, 0.80952381, 0.29411765, 0.88235294, 1.        ,
       1.        , 0.52631579, 0.93333333, 1.        , 0.9375    ,
       1.        , 0.625     , 0.88235294, 1.        , 0.375     ,
       0.57894737, 0.82352941, 0.93333333, 0.76923077, 0.89473684,
       0.625     , 1.        , 0.93333333, 0.9375    , 1.        ,
       0.93333333, 0.73333333, 0.75      , 0.92857143, 0.95      ,
       0.93333333, 0.8       , 0.42857143, 0.73333333, 0.73333333,
       0.0625    , 1.        , 1.        , 0.93333333, 1.        ,
       0.15789474, 0.5625    , 0.64      , 1.        , 0.1875    ,
       0.89473684, 1.        , 0.88235294, 0.875     , 1.        ,
       0.85      , 1.        , 1.        , 1.        , 0.66666667,
       1.        , 1.        , 0.94444444, 0.33333333, 0.9375    ,
       0.93333333, 0.8       , 0.66666667, 0.6       , 1.        ,
       0.68421053, 0.6       , 1.        , 0.92857143, 1.        ,
       0.61111111, 0.83333333, 0.58823529, 1.        , 0.29411765,
       0.88888889, 1.        , 0.9       , 1.        , 1.        ,
       0.875     , 0.94736842, 0.92857143, 0.93333333, 1.        ,
       0.84210526, 0.66666667, 0.88235294, 0.73333333, 0.66666667,
       0.76470588, 0.875     , 0.91304348, 0.8       , 1.        ,
       0.8       , 0.33333333, 0.875     , 0.93333333, 0.93333333,
       0.29411765, 1.        , 0.8125    , 1.        , 1.        ,
       0.73333333, 0.9375    , 0.5625    , 1.        , 1.        ,
       1.        , 1.        , 1.        , 1.        , 0.7       ,
       1.        , 0.94117647, 1.        , 1.        , 0.38888889,
       0.6       , 0.6       , 0.9375    , 0.4375    , 0.61904762,
       0.94736842, 0.90909091, 0.6       , 1.        , 0.93333333,
       0.85714286, 1.        , 1.        , 0.8       , 1.        ,
       0.31578947, 1.        , 0.93333333, 0.75      , 0.9047619 ,
       0.94117647, 0.375     , 0.9375    , 0.1875    , 0.30769231,
       1.        , 0.73333333, 1.        , 0.53333333, 0.8125    ,
       0.80952381, 1.        , 0.85714286, 0.52941176, 0.35294118,
       0.8       , 1.        , 0.75      , 0.93333333, 1.        ,
       1.        , 0.95454545, 0.61111111, 0.9       , 0.71428571,
       0.6875    , 1.        , 0.4375    , 0.9375    , 0.90909091,
       0.9375    , 1.        , 1.        , 0.66666667, 0.68      ,
       0.86666667, 0.72222222, 0.84210526, 1.        , 0.6       ,
       0.95      , 0.9375    , 0.93333333, 1.        , 0.93333333,
       0.8125    , 0.64705882, 1.        , 0.96296296, 1.        ,
       0.8       , 1.        , 0.73333333, 0.86666667, 0.71428571,
       0.25      , 0.83333333, 0.5625    , 0.84615385, 0.8       ,
       1.        , 1.        , 0.73333333, 0.95652174, 1.        ,
       0.35294118, 0.94444444, 0.93333333, 0.47826087, 0.8125    ,
       1.        , 1.        , 1.        , 0.8125    , 1.        ,
       1.        , 1.        , 0.95833333, 0.875     , 0.8       ,
       1.        , 1.        , 0.66666667, 0.92857143, 0.4       ,
       1.        , 0.875     , 0.93333333, 0.2       , 1.        ,
       0.61111111, 1.        , 0.85714286, 0.82608696, 0.95      ,
       0.31818182, 0.94736842, 0.57142857, 1.        , 0.89473684,
       0.84210526, 0.9375    , 1.        , 0.375     , 0.92857143,
       1.        , 0.4       , 0.75      , 1.        , 1.        ,
       0.6       , 0.33333333, 0.875     , 0.93333333, 1.        ,
       0.95454545, 0.73076923, 1.        , 0.88235294, 1.        ,
       0.72727273, 0.3125    , 1.        , 0.875     , 0.86666667,
       0.38888889, 1.        , 0.86666667, 0.73333333, 0.76923077,
       0.35714286, 0.88235294, 0.94736842, 0.42105263, 0.77777778]), 'class_mean_width': array([304.46428571, 332.9375    , 355.        , 196.15      ,
       266.82142857, 197.66666667, 296.38888889, 237.33333333,
       307.93333333, 355.        , 316.94444444, 260.8       ,
       355.        , 331.53333333, 355.        , 302.        ,
       355.        , 351.84210526, 355.        , 264.73333333,
       190.26666667, 222.75      , 355.        , 262.31578947,
       332.9375    , 256.97222222, 355.        , 355.        ,
       355.        , 315.88888889, 336.47368421, 355.        ,
       355.        , 355.        , 288.86666667,  51.875     ,
       304.57142857, 331.53333333, 157.21428571, 288.875     ,
       332.9375    , 355.        , 334.23529412, 315.8       ,
       331.53333333, 355.        , 328.38888889, 237.5       ,
       355.        , 284.45      , 344.86666667, 336.64705882,
       196.        , 335.44444444, 338.57894737, 218.53333333,
       307.93333333, 331.4       , 355.        , 331.46666667,
       137.23529412, 266.75      , 228.73684211, 355.        ,
       355.        , 196.82352941, 335.77777778, 355.        ,
       244.05263158, 229.        , 254.14285714, 254.0952381 ,
       244.8125    , 260.73333333, 355.        , 119.6       ,
       355.        , 299.89473684, 223.        , 355.        ,
       280.68421053, 292.28571429, 110.11764706, 313.47058824,
       355.        , 355.        , 107.89473684, 331.46666667,
       355.        , 310.875     , 331.53333333, 222.625     ,
       313.47058824, 355.        ,  91.0625    ,  57.78947368,
       293.11764706, 331.46666667, 255.73076923, 317.78947368,
       216.9375    , 355.        , 331.46666667, 333.        ,
       355.        , 331.46666667, 265.        , 244.9375    ,
       329.78571429, 337.35      , 331.86666667, 284.4       ,
       102.85714286, 260.73333333, 262.46666667,   2.125     ,
       355.        , 355.        , 331.53333333, 355.        ,
        62.68421053, 200.5       , 228.08      , 355.        ,
        25.5       , 317.94736842, 355.        , 314.        ,
       310.875     , 355.        , 302.05      , 355.        ,
       355.        , 355.        , 240.06666667, 355.        ,
       355.        , 335.33333333, 122.53333333, 332.9375    ,
       331.6       , 284.4       , 193.46666667, 206.33333333,
       355.        , 222.73684211, 213.73333333, 355.        ,
       329.78571429, 355.        , 198.77777778, 304.05555556,
       147.58823529, 355.        , 105.70588235, 315.77777778,
       355.        , 319.65      , 355.        , 355.        ,
       267.5625    , 340.47368421, 314.28571429, 331.46666667,
       355.        , 299.42105263, 190.73333333, 313.47058824,
       260.8       , 158.94444444, 271.94117647, 288.75      ,
       324.30434783, 284.4       , 355.        , 284.4       ,
        96.2       , 310.9375    , 331.46666667, 287.6       ,
        85.05882353, 355.        , 288.8125    , 355.        ,
       355.        , 262.13333333, 332.875     , 134.3125    ,
       355.        , 355.        , 355.        , 355.        ,
       355.        , 355.        , 198.85      , 355.        ,
       317.70588235, 355.        , 355.        , 120.        ,
       214.26666667, 213.93333333, 300.375     , 134.5       ,
       170.0952381 , 336.42105263, 309.13636364, 194.46666667,
       355.        , 331.46666667, 306.5       , 355.        ,
       355.        , 284.66666667, 355.        , 114.26315789,
       355.        , 331.6       , 271.5625    , 287.9047619 ,
       334.23529412,  46.1875    , 332.875     ,  46.0625    ,
        83.46153846, 355.        , 260.73333333, 355.        ,
       190.4       , 288.9375    , 287.95238095, 355.        ,
       304.57142857, 192.47058824, 106.05882353, 284.4       ,
       355.        , 244.75      , 331.46666667, 355.        ,
       355.        , 338.95454545, 219.05555556, 319.75      ,
       241.57142857, 225.25      , 355.        , 113.375     ,
       332.9375    , 306.81818182, 332.875     , 355.        ,
       355.        , 158.88888889, 242.36      , 307.93333333,
       249.27777778, 267.10526316, 355.        , 179.35      ,
       337.35      , 332.875     , 331.46666667, 355.        ,
       337.93333333, 272.3125    , 231.17647059, 355.        ,
       341.92592593, 355.        , 284.46666667, 355.        ,
       261.4       , 307.8       , 237.38095238,  95.        ,
       296.27777778, 201.5       , 291.15384615, 285.73333333,
       355.        , 355.        , 234.93333333, 339.60869565,
       355.        , 126.70588235, 335.38888889, 331.93333333,
       184.04347826, 291.9375    , 355.        , 355.        ,
       355.        , 288.6875    , 355.        , 355.        ,
       355.        , 345.375     , 310.9375    , 142.53333333,
       355.        , 355.        , 211.53333333, 329.78571429,
       119.66666667, 355.        , 289.125     , 331.4       ,
        49.        , 355.        , 218.5       , 355.        ,
       304.78571429, 293.60869565, 337.35      ,  78.90909091,
       336.36842105, 203.64285714, 355.        , 317.78947368,
       299.26315789, 332.9375    , 355.        ,  91.1875    ,
       328.78571429, 355.        , 143.6       , 267.125     ,
       355.        , 355.        , 143.4       ,   2.11111111,
       311.875     , 331.4       , 355.        , 338.95454545,
       260.61538462, 355.        , 278.88235294, 355.        ,
       263.36363636,  51.        , 355.        , 288.8125    ,
       308.        , 121.66666667, 355.        , 308.        ,
       260.86666667, 246.38461538, 138.14285714, 314.05882353,
       336.47368421, 132.31578947, 277.        ]), 'class_median_width': array([355. , 355. , 355. , 355. , 355. , 355. , 355. , 355. , 355. ,
       355. , 355. , 355. , 355. , 355. , 355. , 355. , 355. , 355. ,
       355. , 355. , 355. , 355. , 355. , 355. , 355. , 355. , 355. ,
       355. , 355. , 355. , 355. , 355. , 355. , 355. , 355. ,   2. ,
       355. , 355. ,  29.5, 355. , 355. , 355. , 355. , 355. , 355. ,
       355. , 355. , 355. , 355. , 355. , 355. , 355. , 355. , 355. ,
       355. , 355. , 355. , 355. , 355. , 355. ,   2. , 355. , 355. ,
       355. , 355. , 355. , 355. , 355. , 355. , 355. , 355. , 355. ,
       355. , 355. , 355. ,   2. , 355. , 355. , 355. , 355. , 355. ,
       355. ,   2. , 355. , 355. , 355. ,   2. , 355. , 355. , 355. ,
       355. , 355. , 355. , 355. ,   3. ,   2. , 355. , 355. , 355. ,
       355. , 355. , 355. , 355. , 355. , 355. , 355. , 355. , 355. ,
       355. , 355. , 355. , 355. ,   2. , 355. , 355. ,   2. , 355. ,
       355. , 355. , 355. ,   2. , 355. , 355. , 355. ,   2. , 355. ,
       355. , 355. , 355. , 355. , 355. , 355. , 355. , 355. , 355. ,
       355. , 355. , 355. ,   2. , 355. , 355. , 355. , 355. , 355. ,
       355. , 355. , 355. , 355. , 355. , 355. , 355. , 355. ,   2. ,
       355. ,   2. , 355. , 355. , 355. , 355. , 355. , 355. , 355. ,
       355. , 355. , 355. , 355. , 355. , 355. , 355. ,   3. , 355. ,
       355. , 355. , 355. , 355. , 355. ,   2. , 355. , 355. , 355. ,
         2. , 355. , 355. , 355. , 355. , 355. , 355. ,   2. , 355. ,
       355. , 355. , 355. , 355. , 355. , 355. , 355. , 355. , 355. ,
       355. ,   3. , 355. , 355. , 355. ,   2. ,   3. , 355. , 355. ,
       355. , 355. , 355. , 355. , 355. , 355. , 355. , 355. ,   5. ,
       355. , 355. , 355. , 355. , 355. ,   2. , 355. ,   2. ,   2. ,
       355. , 355. , 355. , 355. , 355. , 355. , 355. , 355. , 355. ,
         2. , 355. , 355. , 355. , 355. , 355. , 355. , 355. , 355. ,
       355. , 355. , 355. , 355. ,   2. , 355. , 355. , 355. , 355. ,
       355. ,   4. , 355. , 355. , 355. , 355. , 355. , 182. , 355. ,
       355. , 355. , 355. , 355. , 355. , 355. , 355. , 355. , 355. ,
       355. , 355. , 355. , 355. , 355. ,   2. , 355. , 355. , 355. ,
       355. , 355. , 355. , 355. , 355. , 355. ,   2. , 355. , 355. ,
       153. , 355. , 355. , 355. , 355. , 355. , 355. , 355. , 355. ,
       355. , 355. ,   5. , 355. , 355. , 355. , 355. ,   2. , 355. ,
       355. , 355. ,   2. , 355. , 355. , 355. , 355. , 355. , 355. ,
         2. , 355. , 355. , 355. , 355. , 355. , 355. , 355. ,   2. ,
       355. , 355. ,   3. , 355. , 355. , 355. ,   4. ,   2. , 355. ,
       355. , 355. , 355. , 355. , 355. , 355. , 355. , 355. ,   2. ,
       355. , 355. , 355. ,   2. , 355. , 355. , 355. , 355. ,  25.5,
       355. , 355. ,   3. , 355. ]), 'class_mean_width_scaled': array([0.85764588, 0.93785211, 1.        , 0.55253521, 0.75160966,
       0.55680751, 0.83489828, 0.6685446 , 0.86741784, 1.        ,
       0.89280125, 0.73464789, 1.        , 0.93389671, 1.        ,
       0.85070423, 1.        , 0.99110452, 1.        , 0.7457277 ,
       0.53596244, 0.62746479, 1.        , 0.73891772, 0.93785211,
       0.72386541, 1.        , 1.        , 1.        , 0.88982786,
       0.94781319, 1.        , 1.        , 1.        , 0.81370892,
       0.14612676, 0.85794769, 0.93389671, 0.44285714, 0.81373239,
       0.93785211, 1.        , 0.94150787, 0.88957746, 0.93389671,
       1.        , 0.92503912, 0.66901408, 1.        , 0.80126761,
       0.9714554 , 0.94830157, 0.55211268, 0.94491393, 0.95374351,
       0.61558685, 0.86741784, 0.93352113, 1.        , 0.93370892,
       0.38657829, 0.75140845, 0.64432913, 1.        , 1.        ,
       0.55443248, 0.9458529 , 1.        , 0.6874722 , 0.64507042,
       0.71589537, 0.71576123, 0.68961268, 0.73446009, 1.        ,
       0.33690141, 1.        , 0.84477391, 0.62816901, 1.        ,
       0.79065975, 0.82334004, 0.31019056, 0.88301574, 1.        ,
       1.        , 0.30392884, 0.93370892, 1.        , 0.87570423,
       0.93389671, 0.62711268, 0.88301574, 1.        , 0.25651408,
       0.16278725, 0.82568351, 0.93370892, 0.72036836, 0.89518162,
       0.61109155, 1.        , 0.93370892, 0.93802817, 1.        ,
       0.93370892, 0.74647887, 0.68996479, 0.92897384, 0.95028169,
       0.93483568, 0.80112676, 0.28973843, 0.73446009, 0.73934272,
       0.00598592, 1.        , 1.        , 0.93389671, 1.        ,
       0.17657524, 0.56478873, 0.64247887, 1.        , 0.07183099,
       0.89562639, 1.        , 0.88450704, 0.87570423, 1.        ,
       0.85084507, 1.        , 1.        , 1.        , 0.67624413,
       1.        , 1.        , 0.94460094, 0.34516432, 0.93785211,
       0.93408451, 0.80112676, 0.54497653, 0.58122066, 1.        ,
       0.62742772, 0.60206573, 1.        , 0.92897384, 1.        ,
       0.5599374 , 0.85649452, 0.41574151, 1.        , 0.29776305,
       0.88951487, 1.        , 0.90042254, 1.        , 1.        ,
       0.75369718, 0.9590808 , 0.88531187, 0.93370892, 1.        ,
       0.84343958, 0.537277  , 0.88301574, 0.73464789, 0.44773083,
       0.76603148, 0.81338028, 0.91353337, 0.80112676, 1.        ,
       0.80112676, 0.27098592, 0.87588028, 0.93370892, 0.81014085,
       0.23960232, 1.        , 0.81355634, 1.        , 1.        ,
       0.73840376, 0.93767606, 0.37834507, 1.        , 1.        ,
       1.        , 1.        , 1.        , 1.        , 0.56014085,
       1.        , 0.89494615, 1.        , 1.        , 0.33802817,
       0.60356808, 0.60262911, 0.84612676, 0.37887324, 0.47914152,
       0.94766494, 0.87080666, 0.54779343, 1.        , 0.93370892,
       0.86338028, 1.        , 1.        , 0.80187793, 1.        ,
       0.32186805, 1.        , 0.93408451, 0.76496479, 0.81099933,
       0.94150787, 0.13010563, 0.93767606, 0.12975352, 0.23510293,
       1.        , 0.73446009, 1.        , 0.53633803, 0.81390845,
       0.81113347, 1.        , 0.85794769, 0.54217067, 0.29875725,
       0.80112676, 1.        , 0.68943662, 0.93370892, 1.        ,
       1.        , 0.95480154, 0.6170579 , 0.90070423, 0.6804829 ,
       0.63450704, 1.        , 0.3193662 , 0.93785211, 0.86427657,
       0.93767606, 1.        , 1.        , 0.44757433, 0.68270423,
       0.86741784, 0.70219092, 0.75240919, 1.        , 0.50521127,
       0.95028169, 0.93767606, 0.93370892, 1.        , 0.95192488,
       0.76707746, 0.65120133, 1.        , 0.96317162, 1.        ,
       0.80131455, 1.        , 0.73633803, 0.86704225, 0.66867874,
       0.26760563, 0.83458529, 0.56760563, 0.82015168, 0.80488263,
       1.        , 1.        , 0.66178404, 0.95664421, 1.        ,
       0.35691798, 0.94475743, 0.93502347, 0.51843233, 0.82235915,
       1.        , 1.        , 1.        , 0.81320423, 1.        ,
       1.        , 1.        , 0.97288732, 0.87588028, 0.40150235,
       1.        , 1.        , 0.59586854, 0.92897384, 0.3370892 ,
       1.        , 0.81443662, 0.93352113, 0.13802817, 1.        ,
       0.61549296, 1.        , 0.85855131, 0.82706675, 0.95028169,
       0.22227913, 0.94751668, 0.57364185, 1.        , 0.89518162,
       0.84299481, 0.93785211, 1.        , 0.2568662 , 0.92615694,
       1.        , 0.40450704, 0.75246479, 1.        , 1.        ,
       0.40394366, 0.00594679, 0.87852113, 0.93352113, 1.        ,
       0.95480154, 0.73412784, 1.        , 0.78558409, 1.        ,
       0.7418694 , 0.14366197, 1.        , 0.81355634, 0.86760563,
       0.342723  , 1.        , 0.86760563, 0.73483568, 0.69404117,
       0.38913481, 0.88467274, 0.94781319, 0.37272053, 0.78028169]), 'class_median_width_scaled': array([1.        , 1.        , 1.        , 1.        , 1.        ,
       1.        , 1.        , 1.        , 1.        , 1.        ,
       1.        , 1.        , 1.        , 1.        , 1.        ,
       1.        , 1.        , 1.        , 1.        , 1.        ,
       1.        , 1.        , 1.        , 1.        , 1.        ,
       1.        , 1.        , 1.        , 1.        , 1.        ,
       1.        , 1.        , 1.        , 1.        , 1.        ,
       0.0056338 , 1.        , 1.        , 0.08309859, 1.        ,
       1.        , 1.        , 1.        , 1.        , 1.        ,
       1.        , 1.        , 1.        , 1.        , 1.        ,
       1.        , 1.        , 1.        , 1.        , 1.        ,
       1.        , 1.        , 1.        , 1.        , 1.        ,
       0.0056338 , 1.        , 1.        , 1.        , 1.        ,
       1.        , 1.        , 1.        , 1.        , 1.        ,
       1.        , 1.        , 1.        , 1.        , 1.        ,
       0.0056338 , 1.        , 1.        , 1.        , 1.        ,
       1.        , 1.        , 0.0056338 , 1.        , 1.        ,
       1.        , 0.0056338 , 1.        , 1.        , 1.        ,
       1.        , 1.        , 1.        , 1.        , 0.0084507 ,
       0.0056338 , 1.        , 1.        , 1.        , 1.        ,
       1.        , 1.        , 1.        , 1.        , 1.        ,
       1.        , 1.        , 1.        , 1.        , 1.        ,
       1.        , 1.        , 0.0056338 , 1.        , 1.        ,
       0.0056338 , 1.        , 1.        , 1.        , 1.        ,
       0.0056338 , 1.        , 1.        , 1.        , 0.0056338 ,
       1.        , 1.        , 1.        , 1.        , 1.        ,
       1.        , 1.        , 1.        , 1.        , 1.        ,
       1.        , 1.        , 1.        , 0.0056338 , 1.        ,
       1.        , 1.        , 1.        , 1.        , 1.        ,
       1.        , 1.        , 1.        , 1.        , 1.        ,
       1.        , 1.        , 0.0056338 , 1.        , 0.0056338 ,
       1.        , 1.        , 1.        , 1.        , 1.        ,
       1.        , 1.        , 1.        , 1.        , 1.        ,
       1.        , 1.        , 1.        , 1.        , 0.0084507 ,
       1.        , 1.        , 1.        , 1.        , 1.        ,
       1.        , 0.0056338 , 1.        , 1.        , 1.        ,
       0.0056338 , 1.        , 1.        , 1.        , 1.        ,
       1.        , 1.        , 0.0056338 , 1.        , 1.        ,
       1.        , 1.        , 1.        , 1.        , 1.        ,
       1.        , 1.        , 1.        , 1.        , 0.0084507 ,
       1.        , 1.        , 1.        , 0.0056338 , 0.0084507 ,
       1.        , 1.        , 1.        , 1.        , 1.        ,
       1.        , 1.        , 1.        , 1.        , 1.        ,
       0.01408451, 1.        , 1.        , 1.        , 1.        ,
       1.        , 0.0056338 , 1.        , 0.0056338 , 0.0056338 ,
       1.        , 1.        , 1.        , 1.        , 1.        ,
       1.        , 1.        , 1.        , 1.        , 0.0056338 ,
       1.        , 1.        , 1.        , 1.        , 1.        ,
       1.        , 1.        , 1.        , 1.        , 1.        ,
       1.        , 1.        , 0.0056338 , 1.        , 1.        ,
       1.        , 1.        , 1.        , 0.01126761, 1.        ,
       1.        , 1.        , 1.        , 1.        , 0.51267606,
       1.        , 1.        , 1.        , 1.        , 1.        ,
       1.        , 1.        , 1.        , 1.        , 1.        ,
       1.        , 1.        , 1.        , 1.        , 1.        ,
       0.0056338 , 1.        , 1.        , 1.        , 1.        ,
       1.        , 1.        , 1.        , 1.        , 1.        ,
       0.0056338 , 1.        , 1.        , 0.43098592, 1.        ,
       1.        , 1.        , 1.        , 1.        , 1.        ,
       1.        , 1.        , 1.        , 1.        , 0.01408451,
       1.        , 1.        , 1.        , 1.        , 0.0056338 ,
       1.        , 1.        , 1.        , 0.0056338 , 1.        ,
       1.        , 1.        , 1.        , 1.        , 1.        ,
       0.0056338 , 1.        , 1.        , 1.        , 1.        ,
       1.        , 1.        , 1.        , 0.0056338 , 1.        ,
       1.        , 0.0084507 , 1.        , 1.        , 1.        ,
       0.01126761, 0.0056338 , 1.        , 1.        , 1.        ,
       1.        , 1.        , 1.        , 1.        , 1.        ,
       1.        , 0.0056338 , 1.        , 1.        , 1.        ,
       0.0056338 , 1.        , 1.        , 1.        , 1.        ,
       0.07183099, 1.        , 1.        , 0.0084507 , 1.        ])}

split_conformal_aps_MLP full class metrics: {'class_coverage': array([0.92857143, 0.9375    , 1.        , 0.55      , 0.75      ,
       0.53333333, 0.88888889, 0.73333333, 0.86666667, 1.        ,
       0.88888889, 0.73333333, 1.        , 0.93333333, 1.        ,
       0.85      , 1.        , 0.94736842, 1.        , 0.73333333,
       0.6       , 0.66666667, 1.        , 0.73684211, 0.9375    ,
       0.77777778, 1.        , 1.        , 1.        , 0.88888889,
       0.94736842, 1.        , 1.        , 1.        , 0.93333333,
       0.25      , 0.85714286, 0.93333333, 0.57142857, 0.8125    ,
       0.9375    , 1.        , 0.94117647, 0.86666667, 0.93333333,
       1.        , 0.94444444, 0.66666667, 1.        , 0.8       ,
       0.93333333, 0.94117647, 0.52941176, 0.94444444, 1.        ,
       0.6       , 0.86666667, 0.93333333, 1.        , 0.93333333,
       0.52941176, 0.75      , 0.63157895, 1.        , 1.        ,
       0.52941176, 0.94444444, 1.        , 0.73684211, 0.64285714,
       0.71428571, 0.76190476, 0.6875    , 0.73333333, 1.        ,
       0.46666667, 1.        , 0.84210526, 0.53333333, 1.        ,
       0.84210526, 0.80952381, 0.29411765, 0.88235294, 1.        ,
       1.        , 0.52631579, 0.93333333, 1.        , 0.9375    ,
       1.        , 0.625     , 0.88235294, 1.        , 0.375     ,
       0.57894737, 0.82352941, 0.93333333, 0.76923077, 0.89473684,
       0.625     , 1.        , 0.93333333, 0.9375    , 1.        ,
       0.93333333, 0.73333333, 0.75      , 0.92857143, 0.95      ,
       0.93333333, 0.8       , 0.42857143, 0.73333333, 0.73333333,
       0.0625    , 1.        , 1.        , 0.93333333, 1.        ,
       0.15789474, 0.5625    , 0.64      , 1.        , 0.1875    ,
       0.89473684, 1.        , 0.88235294, 0.875     , 1.        ,
       0.85      , 1.        , 1.        , 1.        , 0.66666667,
       1.        , 1.        , 0.94444444, 0.33333333, 0.9375    ,
       0.93333333, 0.8       , 0.66666667, 0.6       , 1.        ,
       0.68421053, 0.6       , 1.        , 0.92857143, 1.        ,
       0.61111111, 0.83333333, 0.58823529, 1.        , 0.29411765,
       0.88888889, 1.        , 0.9       , 1.        , 1.        ,
       0.875     , 0.94736842, 0.92857143, 0.93333333, 1.        ,
       0.84210526, 0.66666667, 0.88235294, 0.73333333, 0.66666667,
       0.76470588, 0.875     , 0.91304348, 0.8       , 1.        ,
       0.8       , 0.33333333, 0.875     , 0.93333333, 0.93333333,
       0.29411765, 1.        , 0.8125    , 1.        , 1.        ,
       0.73333333, 0.9375    , 0.5625    , 1.        , 1.        ,
       1.        , 1.        , 1.        , 1.        , 0.7       ,
       1.        , 0.94117647, 1.        , 1.        , 0.38888889,
       0.6       , 0.6       , 0.9375    , 0.4375    , 0.61904762,
       0.94736842, 0.90909091, 0.6       , 1.        , 0.93333333,
       0.85714286, 1.        , 1.        , 0.8       , 1.        ,
       0.31578947, 1.        , 0.93333333, 0.75      , 0.9047619 ,
       0.94117647, 0.375     , 0.9375    , 0.1875    , 0.30769231,
       1.        , 0.73333333, 1.        , 0.53333333, 0.8125    ,
       0.80952381, 1.        , 0.85714286, 0.52941176, 0.35294118,
       0.8       , 1.        , 0.75      , 0.93333333, 1.        ,
       1.        , 0.95454545, 0.61111111, 0.9       , 0.71428571,
       0.6875    , 1.        , 0.4375    , 0.9375    , 0.90909091,
       0.9375    , 1.        , 1.        , 0.66666667, 0.68      ,
       0.86666667, 0.72222222, 0.84210526, 1.        , 0.6       ,
       0.95      , 0.9375    , 0.93333333, 1.        , 0.93333333,
       0.8125    , 0.64705882, 1.        , 0.96296296, 1.        ,
       0.8       , 1.        , 0.73333333, 0.86666667, 0.71428571,
       0.25      , 0.83333333, 0.5625    , 0.84615385, 0.8       ,
       1.        , 1.        , 0.73333333, 0.95652174, 1.        ,
       0.35294118, 0.94444444, 0.93333333, 0.47826087, 0.8125    ,
       1.        , 1.        , 1.        , 0.8125    , 1.        ,
       1.        , 1.        , 0.95833333, 0.875     , 0.8       ,
       1.        , 1.        , 0.66666667, 0.92857143, 0.4       ,
       1.        , 0.875     , 0.93333333, 0.2       , 1.        ,
       0.61111111, 1.        , 0.85714286, 0.82608696, 0.95      ,
       0.31818182, 0.94736842, 0.57142857, 1.        , 0.89473684,
       0.84210526, 0.9375    , 1.        , 0.375     , 0.92857143,
       1.        , 0.4       , 0.75      , 1.        , 1.        ,
       0.6       , 0.33333333, 0.875     , 0.93333333, 1.        ,
       0.95454545, 0.73076923, 1.        , 0.88235294, 1.        ,
       0.72727273, 0.3125    , 1.        , 0.875     , 0.86666667,
       0.38888889, 1.        , 0.86666667, 0.73333333, 0.76923077,
       0.35714286, 0.88235294, 0.94736842, 0.42105263, 0.77777778]), 'class_mean_width': array([304.46428571, 332.9375    , 355.        , 196.15      ,
       266.82142857, 197.66666667, 296.38888889, 237.33333333,
       307.93333333, 355.        , 316.94444444, 260.8       ,
       355.        , 331.53333333, 355.        , 302.        ,
       355.        , 351.84210526, 355.        , 264.73333333,
       190.26666667, 222.75      , 355.        , 262.31578947,
       332.9375    , 256.97222222, 355.        , 355.        ,
       355.        , 315.88888889, 336.47368421, 355.        ,
       355.        , 355.        , 288.86666667,  51.875     ,
       304.57142857, 331.53333333, 157.21428571, 288.875     ,
       332.9375    , 355.        , 334.23529412, 315.8       ,
       331.53333333, 355.        , 328.38888889, 237.5       ,
       355.        , 284.45      , 344.86666667, 336.64705882,
       196.        , 335.44444444, 338.57894737, 218.53333333,
       307.93333333, 331.4       , 355.        , 331.46666667,
       137.23529412, 266.75      , 228.73684211, 355.        ,
       355.        , 196.82352941, 335.77777778, 355.        ,
       244.05263158, 229.        , 254.14285714, 254.0952381 ,
       244.8125    , 260.73333333, 355.        , 119.6       ,
       355.        , 299.89473684, 223.        , 355.        ,
       280.68421053, 292.28571429, 110.11764706, 313.47058824,
       355.        , 355.        , 107.89473684, 331.46666667,
       355.        , 310.875     , 331.53333333, 222.625     ,
       313.47058824, 355.        ,  91.0625    ,  57.78947368,
       293.11764706, 331.46666667, 255.73076923, 317.78947368,
       216.9375    , 355.        , 331.46666667, 333.        ,
       355.        , 331.46666667, 265.        , 244.9375    ,
       329.78571429, 337.35      , 331.86666667, 284.4       ,
       102.85714286, 260.73333333, 262.46666667,   2.125     ,
       355.        , 355.        , 331.53333333, 355.        ,
        62.68421053, 200.5       , 228.08      , 355.        ,
        25.5       , 317.94736842, 355.        , 314.        ,
       310.875     , 355.        , 302.05      , 355.        ,
       355.        , 355.        , 240.06666667, 355.        ,
       355.        , 335.33333333, 122.53333333, 332.9375    ,
       331.6       , 284.4       , 193.46666667, 206.33333333,
       355.        , 222.73684211, 213.73333333, 355.        ,
       329.78571429, 355.        , 198.77777778, 304.05555556,
       147.58823529, 355.        , 105.70588235, 315.77777778,
       355.        , 319.65      , 355.        , 355.        ,
       267.5625    , 340.47368421, 314.28571429, 331.46666667,
       355.        , 299.42105263, 190.73333333, 313.47058824,
       260.8       , 158.94444444, 271.94117647, 288.75      ,
       324.30434783, 284.4       , 355.        , 284.4       ,
        96.2       , 310.9375    , 331.46666667, 287.6       ,
        85.05882353, 355.        , 288.8125    , 355.        ,
       355.        , 262.13333333, 332.875     , 134.3125    ,
       355.        , 355.        , 355.        , 355.        ,
       355.        , 355.        , 198.85      , 355.        ,
       317.70588235, 355.        , 355.        , 120.        ,
       214.26666667, 213.93333333, 300.375     , 134.5       ,
       170.0952381 , 336.42105263, 309.13636364, 194.46666667,
       355.        , 331.46666667, 306.5       , 355.        ,
       355.        , 284.66666667, 355.        , 114.26315789,
       355.        , 331.6       , 271.5625    , 287.9047619 ,
       334.23529412,  46.1875    , 332.875     ,  46.0625    ,
        83.46153846, 355.        , 260.73333333, 355.        ,
       190.4       , 288.9375    , 287.95238095, 355.        ,
       304.57142857, 192.47058824, 106.05882353, 284.4       ,
       355.        , 244.75      , 331.46666667, 355.        ,
       355.        , 338.95454545, 219.05555556, 319.75      ,
       241.57142857, 225.25      , 355.        , 113.375     ,
       332.9375    , 306.81818182, 332.875     , 355.        ,
       355.        , 158.88888889, 242.36      , 307.93333333,
       249.27777778, 267.10526316, 355.        , 179.35      ,
       337.35      , 332.875     , 331.46666667, 355.        ,
       337.93333333, 272.3125    , 231.17647059, 355.        ,
       341.92592593, 355.        , 284.46666667, 355.        ,
       261.4       , 307.8       , 237.38095238,  95.        ,
       296.27777778, 201.5       , 291.15384615, 285.73333333,
       355.        , 355.        , 234.93333333, 339.60869565,
       355.        , 126.70588235, 335.38888889, 331.93333333,
       184.04347826, 291.9375    , 355.        , 355.        ,
       355.        , 288.6875    , 355.        , 355.        ,
       355.        , 345.375     , 310.9375    , 142.53333333,
       355.        , 355.        , 211.53333333, 329.78571429,
       119.66666667, 355.        , 289.125     , 331.4       ,
        49.        , 355.        , 218.5       , 355.        ,
       304.78571429, 293.60869565, 337.35      ,  78.90909091,
       336.36842105, 203.64285714, 355.        , 317.78947368,
       299.26315789, 332.9375    , 355.        ,  91.1875    ,
       328.78571429, 355.        , 143.6       , 267.125     ,
       355.        , 355.        , 143.4       ,   2.11111111,
       311.875     , 331.4       , 355.        , 338.95454545,
       260.61538462, 355.        , 278.88235294, 355.        ,
       263.36363636,  51.        , 355.        , 288.8125    ,
       308.        , 121.66666667, 355.        , 308.        ,
       260.86666667, 246.38461538, 138.14285714, 314.05882353,
       336.47368421, 132.31578947, 277.        ]), 'class_median_width': array([355. , 355. , 355. , 355. , 355. , 355. , 355. , 355. , 355. ,
       355. , 355. , 355. , 355. , 355. , 355. , 355. , 355. , 355. ,
       355. , 355. , 355. , 355. , 355. , 355. , 355. , 355. , 355. ,
       355. , 355. , 355. , 355. , 355. , 355. , 355. , 355. ,   2. ,
       355. , 355. ,  29.5, 355. , 355. , 355. , 355. , 355. , 355. ,
       355. , 355. , 355. , 355. , 355. , 355. , 355. , 355. , 355. ,
       355. , 355. , 355. , 355. , 355. , 355. ,   2. , 355. , 355. ,
       355. , 355. , 355. , 355. , 355. , 355. , 355. , 355. , 355. ,
       355. , 355. , 355. ,   2. , 355. , 355. , 355. , 355. , 355. ,
       355. ,   2. , 355. , 355. , 355. ,   2. , 355. , 355. , 355. ,
       355. , 355. , 355. , 355. ,   3. ,   2. , 355. , 355. , 355. ,
       355. , 355. , 355. , 355. , 355. , 355. , 355. , 355. , 355. ,
       355. , 355. , 355. , 355. ,   2. , 355. , 355. ,   2. , 355. ,
       355. , 355. , 355. ,   2. , 355. , 355. , 355. ,   2. , 355. ,
       355. , 355. , 355. , 355. , 355. , 355. , 355. , 355. , 355. ,
       355. , 355. , 355. ,   2. , 355. , 355. , 355. , 355. , 355. ,
       355. , 355. , 355. , 355. , 355. , 355. , 355. , 355. ,   2. ,
       355. ,   2. , 355. , 355. , 355. , 355. , 355. , 355. , 355. ,
       355. , 355. , 355. , 355. , 355. , 355. , 355. ,   3. , 355. ,
       355. , 355. , 355. , 355. , 355. ,   2. , 355. , 355. , 355. ,
         2. , 355. , 355. , 355. , 355. , 355. , 355. ,   2. , 355. ,
       355. , 355. , 355. , 355. , 355. , 355. , 355. , 355. , 355. ,
       355. ,   3. , 355. , 355. , 355. ,   2. ,   3. , 355. , 355. ,
       355. , 355. , 355. , 355. , 355. , 355. , 355. , 355. ,   5. ,
       355. , 355. , 355. , 355. , 355. ,   2. , 355. ,   2. ,   2. ,
       355. , 355. , 355. , 355. , 355. , 355. , 355. , 355. , 355. ,
         2. , 355. , 355. , 355. , 355. , 355. , 355. , 355. , 355. ,
       355. , 355. , 355. , 355. ,   2. , 355. , 355. , 355. , 355. ,
       355. ,   4. , 355. , 355. , 355. , 355. , 355. , 182. , 355. ,
       355. , 355. , 355. , 355. , 355. , 355. , 355. , 355. , 355. ,
       355. , 355. , 355. , 355. , 355. ,   2. , 355. , 355. , 355. ,
       355. , 355. , 355. , 355. , 355. , 355. ,   2. , 355. , 355. ,
       153. , 355. , 355. , 355. , 355. , 355. , 355. , 355. , 355. ,
       355. , 355. ,   5. , 355. , 355. , 355. , 355. ,   2. , 355. ,
       355. , 355. ,   2. , 355. , 355. , 355. , 355. , 355. , 355. ,
         2. , 355. , 355. , 355. , 355. , 355. , 355. , 355. ,   2. ,
       355. , 355. ,   3. , 355. , 355. , 355. ,   4. ,   2. , 355. ,
       355. , 355. , 355. , 355. , 355. , 355. , 355. , 355. ,   2. ,
       355. , 355. , 355. ,   2. , 355. , 355. , 355. , 355. ,  25.5,
       355. , 355. ,   3. , 355. ]), 'class_mean_width_scaled': array([0.85764588, 0.93785211, 1.        , 0.55253521, 0.75160966,
       0.55680751, 0.83489828, 0.6685446 , 0.86741784, 1.        ,
       0.89280125, 0.73464789, 1.        , 0.93389671, 1.        ,
       0.85070423, 1.        , 0.99110452, 1.        , 0.7457277 ,
       0.53596244, 0.62746479, 1.        , 0.73891772, 0.93785211,
       0.72386541, 1.        , 1.        , 1.        , 0.88982786,
       0.94781319, 1.        , 1.        , 1.        , 0.81370892,
       0.14612676, 0.85794769, 0.93389671, 0.44285714, 0.81373239,
       0.93785211, 1.        , 0.94150787, 0.88957746, 0.93389671,
       1.        , 0.92503912, 0.66901408, 1.        , 0.80126761,
       0.9714554 , 0.94830157, 0.55211268, 0.94491393, 0.95374351,
       0.61558685, 0.86741784, 0.93352113, 1.        , 0.93370892,
       0.38657829, 0.75140845, 0.64432913, 1.        , 1.        ,
       0.55443248, 0.9458529 , 1.        , 0.6874722 , 0.64507042,
       0.71589537, 0.71576123, 0.68961268, 0.73446009, 1.        ,
       0.33690141, 1.        , 0.84477391, 0.62816901, 1.        ,
       0.79065975, 0.82334004, 0.31019056, 0.88301574, 1.        ,
       1.        , 0.30392884, 0.93370892, 1.        , 0.87570423,
       0.93389671, 0.62711268, 0.88301574, 1.        , 0.25651408,
       0.16278725, 0.82568351, 0.93370892, 0.72036836, 0.89518162,
       0.61109155, 1.        , 0.93370892, 0.93802817, 1.        ,
       0.93370892, 0.74647887, 0.68996479, 0.92897384, 0.95028169,
       0.93483568, 0.80112676, 0.28973843, 0.73446009, 0.73934272,
       0.00598592, 1.        , 1.        , 0.93389671, 1.        ,
       0.17657524, 0.56478873, 0.64247887, 1.        , 0.07183099,
       0.89562639, 1.        , 0.88450704, 0.87570423, 1.        ,
       0.85084507, 1.        , 1.        , 1.        , 0.67624413,
       1.        , 1.        , 0.94460094, 0.34516432, 0.93785211,
       0.93408451, 0.80112676, 0.54497653, 0.58122066, 1.        ,
       0.62742772, 0.60206573, 1.        , 0.92897384, 1.        ,
       0.5599374 , 0.85649452, 0.41574151, 1.        , 0.29776305,
       0.88951487, 1.        , 0.90042254, 1.        , 1.        ,
       0.75369718, 0.9590808 , 0.88531187, 0.93370892, 1.        ,
       0.84343958, 0.537277  , 0.88301574, 0.73464789, 0.44773083,
       0.76603148, 0.81338028, 0.91353337, 0.80112676, 1.        ,
       0.80112676, 0.27098592, 0.87588028, 0.93370892, 0.81014085,
       0.23960232, 1.        , 0.81355634, 1.        , 1.        ,
       0.73840376, 0.93767606, 0.37834507, 1.        , 1.        ,
       1.        , 1.        , 1.        , 1.        , 0.56014085,
       1.        , 0.89494615, 1.        , 1.        , 0.33802817,
       0.60356808, 0.60262911, 0.84612676, 0.37887324, 0.47914152,
       0.94766494, 0.87080666, 0.54779343, 1.        , 0.93370892,
       0.86338028, 1.        , 1.        , 0.80187793, 1.        ,
       0.32186805, 1.        , 0.93408451, 0.76496479, 0.81099933,
       0.94150787, 0.13010563, 0.93767606, 0.12975352, 0.23510293,
       1.        , 0.73446009, 1.        , 0.53633803, 0.81390845,
       0.81113347, 1.        , 0.85794769, 0.54217067, 0.29875725,
       0.80112676, 1.        , 0.68943662, 0.93370892, 1.        ,
       1.        , 0.95480154, 0.6170579 , 0.90070423, 0.6804829 ,
       0.63450704, 1.        , 0.3193662 , 0.93785211, 0.86427657,
       0.93767606, 1.        , 1.        , 0.44757433, 0.68270423,
       0.86741784, 0.70219092, 0.75240919, 1.        , 0.50521127,
       0.95028169, 0.93767606, 0.93370892, 1.        , 0.95192488,
       0.76707746, 0.65120133, 1.        , 0.96317162, 1.        ,
       0.80131455, 1.        , 0.73633803, 0.86704225, 0.66867874,
       0.26760563, 0.83458529, 0.56760563, 0.82015168, 0.80488263,
       1.        , 1.        , 0.66178404, 0.95664421, 1.        ,
       0.35691798, 0.94475743, 0.93502347, 0.51843233, 0.82235915,
       1.        , 1.        , 1.        , 0.81320423, 1.        ,
       1.        , 1.        , 0.97288732, 0.87588028, 0.40150235,
       1.        , 1.        , 0.59586854, 0.92897384, 0.3370892 ,
       1.        , 0.81443662, 0.93352113, 0.13802817, 1.        ,
       0.61549296, 1.        , 0.85855131, 0.82706675, 0.95028169,
       0.22227913, 0.94751668, 0.57364185, 1.        , 0.89518162,
       0.84299481, 0.93785211, 1.        , 0.2568662 , 0.92615694,
       1.        , 0.40450704, 0.75246479, 1.        , 1.        ,
       0.40394366, 0.00594679, 0.87852113, 0.93352113, 1.        ,
       0.95480154, 0.73412784, 1.        , 0.78558409, 1.        ,
       0.7418694 , 0.14366197, 1.        , 0.81355634, 0.86760563,
       0.342723  , 1.        , 0.86760563, 0.73483568, 0.69404117,
       0.38913481, 0.88467274, 0.94781319, 0.37272053, 0.78028169]), 'class_median_width_scaled': array([1.        , 1.        , 1.        , 1.        , 1.        ,
       1.        , 1.        , 1.        , 1.        , 1.        ,
       1.        , 1.        , 1.        , 1.        , 1.        ,
       1.        , 1.        , 1.        , 1.        , 1.        ,
       1.        , 1.        , 1.        , 1.        , 1.        ,
       1.        , 1.        , 1.        , 1.        , 1.        ,
       1.        , 1.        , 1.        , 1.        , 1.        ,
       0.0056338 , 1.        , 1.        , 0.08309859, 1.        ,
       1.        , 1.        , 1.        , 1.        , 1.        ,
       1.        , 1.        , 1.        , 1.        , 1.        ,
       1.        , 1.        , 1.        , 1.        , 1.        ,
       1.        , 1.        , 1.        , 1.        , 1.        ,
       0.0056338 , 1.        , 1.        , 1.        , 1.        ,
       1.        , 1.        , 1.        , 1.        , 1.        ,
       1.        , 1.        , 1.        , 1.        , 1.        ,
       0.0056338 , 1.        , 1.        , 1.        , 1.        ,
       1.        , 1.        , 0.0056338 , 1.        , 1.        ,
       1.        , 0.0056338 , 1.        , 1.        , 1.        ,
       1.        , 1.        , 1.        , 1.        , 0.0084507 ,
       0.0056338 , 1.        , 1.        , 1.        , 1.        ,
       1.        , 1.        , 1.        , 1.        , 1.        ,
       1.        , 1.        , 1.        , 1.        , 1.        ,
       1.        , 1.        , 0.0056338 , 1.        , 1.        ,
       0.0056338 , 1.        , 1.        , 1.        , 1.        ,
       0.0056338 , 1.        , 1.        , 1.        , 0.0056338 ,
       1.        , 1.        , 1.        , 1.        , 1.        ,
       1.        , 1.        , 1.        , 1.        , 1.        ,
       1.        , 1.        , 1.        , 0.0056338 , 1.        ,
       1.        , 1.        , 1.        , 1.        , 1.        ,
       1.        , 1.        , 1.        , 1.        , 1.        ,
       1.        , 1.        , 0.0056338 , 1.        , 0.0056338 ,
       1.        , 1.        , 1.        , 1.        , 1.        ,
       1.        , 1.        , 1.        , 1.        , 1.        ,
       1.        , 1.        , 1.        , 1.        , 0.0084507 ,
       1.        , 1.        , 1.        , 1.        , 1.        ,
       1.        , 0.0056338 , 1.        , 1.        , 1.        ,
       0.0056338 , 1.        , 1.        , 1.        , 1.        ,
       1.        , 1.        , 0.0056338 , 1.        , 1.        ,
       1.        , 1.        , 1.        , 1.        , 1.        ,
       1.        , 1.        , 1.        , 1.        , 0.0084507 ,
       1.        , 1.        , 1.        , 0.0056338 , 0.0084507 ,
       1.        , 1.        , 1.        , 1.        , 1.        ,
       1.        , 1.        , 1.        , 1.        , 1.        ,
       0.01408451, 1.        , 1.        , 1.        , 1.        ,
       1.        , 0.0056338 , 1.        , 0.0056338 , 0.0056338 ,
       1.        , 1.        , 1.        , 1.        , 1.        ,
       1.        , 1.        , 1.        , 1.        , 0.0056338 ,
       1.        , 1.        , 1.        , 1.        , 1.        ,
       1.        , 1.        , 1.        , 1.        , 1.        ,
       1.        , 1.        , 0.0056338 , 1.        , 1.        ,
       1.        , 1.        , 1.        , 0.01126761, 1.        ,
       1.        , 1.        , 1.        , 1.        , 0.51267606,
       1.        , 1.        , 1.        , 1.        , 1.        ,
       1.        , 1.        , 1.        , 1.        , 1.        ,
       1.        , 1.        , 1.        , 1.        , 1.        ,
       0.0056338 , 1.        , 1.        , 1.        , 1.        ,
       1.        , 1.        , 1.        , 1.        , 1.        ,
       0.0056338 , 1.        , 1.        , 0.43098592, 1.        ,
       1.        , 1.        , 1.        , 1.        , 1.        ,
       1.        , 1.        , 1.        , 1.        , 0.01408451,
       1.        , 1.        , 1.        , 1.        , 0.0056338 ,
       1.        , 1.        , 1.        , 0.0056338 , 1.        ,
       1.        , 1.        , 1.        , 1.        , 1.        ,
       0.0056338 , 1.        , 1.        , 1.        , 1.        ,
       1.        , 1.        , 1.        , 0.0056338 , 1.        ,
       1.        , 0.0084507 , 1.        , 1.        , 1.        ,
       0.01126761, 0.0056338 , 1.        , 1.        , 1.        ,
       1.        , 1.        , 1.        , 1.        , 1.        ,
       1.        , 0.0056338 , 1.        , 1.        , 1.        ,
       0.0056338 , 1.        , 1.        , 1.        , 1.        ,
       0.07183099, 1.        , 1.        , 0.0084507 , 1.        ])}

Job completed at Thu Mar 20 05:03:28 PM PDT 2025
