Starting job at Thu Mar 20 05:03:15 PM PDT 2025
Job parameters:
Dataset: data_dionis
UQ Method: split_conformal_aps
Estimator: MLP
Seed: 784
Train Size: 0.8
Running split_conformal_aps on data_dionis with seed 784 and train size 0.8

starting experiment

data created

Fitting split_conformal_aps_MLP on data_dionis with seed 784

split_conformal_aps_MLP metrics: {'coverage': np.float64(0.8138333333333333), 'mean_width': np.float64(282.87783333333334), 'median_width': np.float64(355.0), 'mean_width_scaled': np.float64(0.7968389671361502), 'median_width_scaled': np.float64(1.0)}

split_conformal_aps_MLP full metrics: {'coverage': np.float64(0.8138333333333333), 'mean_width': np.float64(282.87783333333334), 'median_width': np.float64(355.0), 'mean_width_scaled': np.float64(0.7968389671361502), 'median_width_scaled': np.float64(1.0)}

split_conformal_aps_MLP class metrics: {'class_coverage': array([0.96428571, 0.8125    , 0.93333333, 0.7       , 0.85714286,
       0.53333333, 0.88888889, 0.33333333, 0.86666667, 0.94444444,
       0.94444444, 1.        , 1.        , 0.86666667, 1.        ,
       0.9       , 1.        , 1.        , 1.        , 0.6       ,
       0.66666667, 0.75      , 1.        , 0.68421053, 1.        ,
       0.83333333, 0.96428571, 1.        , 1.        , 0.88888889,
       0.84210526, 1.        , 0.94117647, 1.        , 0.73333333,
       0.3125    , 0.92857143, 1.        , 0.71428571, 1.        ,
       0.875     , 1.        , 1.        , 0.93333333, 1.        ,
       0.86666667, 0.88888889, 0.77777778, 0.89473684, 0.75      ,
       0.93333333, 1.        , 0.76470588, 0.94444444, 0.73684211,
       0.4       , 0.93333333, 0.93333333, 0.92857143, 0.93333333,
       0.52941176, 0.75      , 0.73684211, 0.92857143, 1.        ,
       0.82352941, 0.94117647, 0.88235294, 0.68421053, 0.5       ,
       0.85714286, 0.85714286, 0.6875    , 0.86666667, 0.86666667,
       0.4       , 1.        , 0.73684211, 0.8       , 1.        ,
       0.84210526, 1.        , 0.23529412, 0.94117647, 1.        ,
       1.        , 0.31578947, 0.93333333, 1.        , 1.        ,
       0.93333333, 0.3125    , 1.        , 0.93333333, 0.5625    ,
       0.47368421, 0.94117647, 0.93333333, 0.84615385, 0.73684211,
       0.6875    , 0.86666667, 0.86666667, 0.75      , 0.94117647,
       0.93333333, 0.8       , 0.625     , 1.        , 0.78947368,
       0.86666667, 0.73333333, 0.21428571, 0.66666667, 0.6       ,
       0.1875    , 0.78571429, 1.        , 0.93333333, 0.93333333,
       0.84210526, 0.75      , 0.8       , 1.        , 0.125     ,
       0.89473684, 0.92857143, 0.82352941, 0.9375    , 1.        ,
       0.65      , 1.        , 1.        , 0.57142857, 0.86666667,
       0.93333333, 1.        , 0.88888889, 0.26666667, 0.9375    ,
       1.        , 0.86666667, 0.6       , 0.66666667, 1.        ,
       0.89473684, 0.6       , 0.93333333, 0.92857143, 1.        ,
       0.83333333, 0.77777778, 0.23529412, 1.        , 0.29411765,
       1.        , 1.        , 0.80952381, 1.        , 1.        ,
       0.8125    , 1.        , 0.85714286, 0.93333333, 1.        ,
       0.89473684, 0.46666667, 1.        , 0.86666667, 0.33333333,
       0.82352941, 0.6875    , 1.        , 0.53333333, 1.        ,
       0.86666667, 0.2       , 1.        , 0.93333333, 0.86666667,
       0.5625    , 1.        , 0.875     , 0.93333333, 1.        ,
       0.8       , 1.        , 0.75      , 1.        , 1.        ,
       1.        , 1.        , 1.        , 1.        , 0.45      ,
       0.94117647, 0.94117647, 1.        , 1.        , 0.33333333,
       0.73333333, 0.4       , 0.75      , 0.3125    , 0.57142857,
       0.94736842, 0.77272727, 0.53333333, 1.        , 1.        ,
       1.        , 1.        , 1.        , 0.86666667, 1.        ,
       0.63157895, 1.        , 0.86666667, 0.6875    , 0.9047619 ,
       1.        , 0.375     , 0.9375    , 0.125     , 0.53846154,
       0.86666667, 0.8       , 1.        , 0.6       , 0.8125    ,
       0.95238095, 1.        , 0.92857143, 0.52941176, 0.23529412,
       0.53333333, 1.        , 0.6875    , 0.93333333, 0.93333333,
       1.        , 0.95454545, 0.55555556, 1.        , 0.82142857,
       0.75      , 1.        , 0.3125    , 0.5625    , 0.95454545,
       1.        , 1.        , 1.        , 0.44444444, 0.6       ,
       0.8       , 0.77777778, 0.68421053, 1.        , 0.7       ,
       0.95      , 0.875     , 1.        , 1.        , 1.        ,
       0.9375    , 0.64705882, 1.        , 0.74074074, 1.        ,
       0.73333333, 1.        , 0.66666667, 0.86666667, 0.71428571,
       0.25      , 0.61111111, 0.8125    , 0.84615385, 0.73333333,
       1.        , 1.        , 0.73333333, 0.91304348, 1.        ,
       0.38235294, 0.88888889, 0.93333333, 0.56521739, 0.8125    ,
       1.        , 1.        , 1.        , 0.875     , 1.        ,
       1.        , 0.9375    , 1.        , 0.875     , 0.33333333,
       1.        , 0.86666667, 0.46666667, 0.78571429, 0.66666667,
       0.93333333, 0.9375    , 1.        , 0.2       , 1.        ,
       0.83333333, 0.73333333, 0.85714286, 0.95652174, 0.85      ,
       0.18181818, 1.        , 0.5       , 0.92857143, 0.95      ,
       0.94736842, 0.9375    , 1.        , 0.1875    , 1.        ,
       1.        , 0.4       , 0.6875    , 0.93333333, 1.        ,
       0.4       , 0.38888889, 0.875     , 1.        , 0.88235294,
       0.95454545, 0.65384615, 1.        , 0.94117647, 1.        ,
       0.73913043, 0.5       , 1.        , 0.875     , 0.93333333,
       0.5       , 1.        , 0.86666667, 0.8       , 0.84615385,
       0.42857143, 0.94117647, 1.        , 0.47368421, 0.88888889]), 'class_mean_width': array([279.35714286, 288.8125    , 331.53333333, 233.45      ,
       304.82142857, 190.06666667, 315.72222222, 119.93333333,
       307.86666667, 335.38888889, 335.33333333, 340.        ,
       355.        , 307.93333333, 355.        , 319.8       ,
       355.        , 355.        , 355.        , 214.        ,
       237.33333333, 252.08333333, 355.        , 245.36842105,
       355.        , 237.44444444, 342.89285714, 355.        ,
       355.        , 315.77777778, 280.78947368, 355.        ,
       334.23529412, 355.        , 261.06666667,  68.1875    ,
       329.78571429, 355.        , 179.85714286, 355.        ,
       310.875     , 355.        , 355.        , 331.66666667,
       355.        , 309.6       , 296.38888889, 276.66666667,
       318.21052632, 266.8       , 331.86666667, 355.        ,
       251.17647059, 335.33333333, 263.10526316, 119.73333333,
       331.46666667, 331.46666667, 329.78571429, 331.46666667,
       147.41176471, 267.125     , 262.10526316, 329.78571429,
       355.        , 292.82352941, 334.29411765, 313.76470588,
       227.68421053, 187.42857143, 304.71428571, 304.57142857,
       244.6875    , 307.93333333, 308.2       , 119.86666667,
       355.        , 262.15789474, 274.46666667, 355.        ,
       299.26315789, 355.        ,  85.11764706, 334.23529412,
       355.        , 355.        , 113.57894737, 331.46666667,
       355.        , 355.        , 331.46666667, 114.125     ,
       355.        , 332.46666667, 172.3125    ,  66.31578947,
       334.23529412, 331.46666667, 279.23076923, 263.73684211,
       179.3125    , 307.93333333, 311.33333333, 255.6875    ,
       334.17647059, 331.4       , 284.86666667, 223.5625    ,
       355.        , 283.63157895, 308.2       , 260.93333333,
        77.92857143, 237.13333333, 213.66666667,  46.1875    ,
       271.42857143, 355.        , 331.53333333, 331.53333333,
       133.68421053, 222.5       , 270.28      , 355.        ,
        46.0625    , 317.73684211, 329.78571429, 292.70588235,
       332.9375    , 355.        , 231.95      , 355.        ,
       355.        , 203.78571429, 307.93333333, 333.53333333,
       355.        , 315.77777778,  73.46666667, 333.        ,
       355.        , 307.93333333, 213.66666667, 222.73333333,
       355.        , 317.78947368, 190.26666667, 331.46666667,
       329.71428571, 355.        , 296.16666667, 245.55555556,
        69.05882353, 355.        ,  85.23529412, 355.        ,
       355.        , 287.76190476, 355.        , 355.        ,
       274.375     , 355.        , 304.42857143, 331.46666667,
       355.        , 317.84210526, 166.86666667, 334.23529412,
       308.        , 113.27777778, 292.70588235, 245.875     ,
       355.        , 192.93333333, 355.        , 307.93333333,
        73.6       , 355.        , 349.46666667, 308.86666667,
       156.375     , 355.        , 310.875     , 331.4       ,
       355.        , 284.33333333, 355.        , 264.125     ,
       355.        , 355.        , 355.        , 355.        ,
       355.        , 355.        , 143.3       , 334.17647059,
       334.35294118, 355.        , 355.        ,  80.38888889,
       271.93333333, 146.66666667, 266.8125    , 112.375     ,
       136.38095238, 336.57894737, 274.81818182, 190.33333333,
       355.        , 355.        , 355.        , 355.        ,
       355.        , 309.26666667, 355.        , 225.26315789,
       355.        , 309.2       , 246.125     , 305.23809524,
       355.        ,  90.5       , 332.875     ,  31.5       ,
       192.        , 307.93333333, 287.6       , 355.        ,
       194.93333333, 288.75      , 338.14285714, 355.        ,
       329.78571429, 175.52941176,  85.05882353, 193.86666667,
       355.        , 210.6875    , 331.53333333, 331.46666667,
       355.        , 338.95454545, 198.        , 355.        ,
       279.32142857, 266.6875    , 355.        , 112.625     ,
       200.5       , 338.95454545, 355.        , 355.        ,
       355.        , 108.44444444, 213.88      , 284.4       ,
       259.61111111, 247.94736842, 355.        , 175.8       ,
       337.4       , 310.875     , 355.        , 355.        ,
       355.        , 289.375     , 231.        , 355.        ,
       263.7037037 , 355.        , 261.93333333, 355.        ,
       213.86666667, 307.93333333, 237.38095238,  24.0625    ,
       222.11111111, 222.9375    , 300.69230769, 261.33333333,
       355.        , 355.        , 265.4       , 324.34782609,
       355.        , 116.88235294, 315.72222222, 331.46666667,
       192.30434783, 288.9375    , 355.        , 355.        ,
       355.        , 310.875     , 355.        , 355.        ,
       333.        , 355.        , 310.8125    ,  98.13333333,
       355.        , 307.93333333, 167.13333333, 279.57142857,
       213.93333333, 331.46666667, 332.9375    , 310.26666667,
        49.13333333, 355.        , 266.88888889, 260.86666667,
       304.64285714, 339.65217391, 302.3       ,  19.5       ,
       355.        , 153.71428571, 329.78571429, 337.35      ,
       336.42105263, 332.9375    , 355.        ,  68.25      ,
       355.        , 355.        , 143.46666667, 244.6875    ,
       331.46666667, 355.        , 145.53333333,  80.33333333,
       311.0625    , 355.        , 313.35294118, 338.95454545,
       232.88461538, 355.        , 334.35294118, 355.        ,
       262.91304348, 117.1875    , 355.        , 310.875     ,
       331.6       , 159.33333333, 355.        , 307.86666667,
       284.46666667, 300.84615385, 153.35714286, 334.41176471,
       355.        , 169.68421053, 315.66666667]), 'class_median_width': array([355. , 355. , 355. , 355. , 355. , 355. , 355. ,   2. , 355. ,
       355. , 355. , 355. , 355. , 355. , 355. , 355. , 355. , 355. ,
       355. , 355. , 355. , 355. , 355. , 355. , 355. , 355. , 355. ,
       355. , 355. , 355. , 355. , 355. , 355. , 355. , 355. ,   2. ,
       355. , 355. , 187. , 355. , 355. , 355. , 355. , 355. , 355. ,
       355. , 355. , 355. , 355. , 355. , 355. , 355. , 355. , 355. ,
       355. ,   2. , 355. , 355. , 355. , 355. ,   3. , 355. , 355. ,
       355. , 355. , 355. , 355. , 355. , 355. , 241. , 355. , 355. ,
       355. , 355. , 355. ,   2. , 355. , 355. , 355. , 355. , 355. ,
       355. ,   2. , 355. , 355. , 355. ,   2. , 355. , 355. , 355. ,
       355. ,   2. , 355. , 355. , 127. ,   2. , 355. , 355. , 355. ,
       355. , 181. , 355. , 355. , 355. , 355. , 355. , 355. , 355. ,
       355. , 355. , 355. , 355. ,   2. , 355. , 355. ,   2. , 355. ,
       355. , 355. , 355. ,   7. , 355. , 355. , 355. ,   2. , 355. ,
       355. , 355. , 355. , 355. , 355. , 355. , 355. , 355. , 355. ,
       355. , 355. , 355. ,   2. , 355. , 355. , 355. , 355. , 355. ,
       355. , 355. , 355. , 355. , 355. , 355. , 355. , 355. ,   2. ,
       355. ,   2. , 355. , 355. , 355. , 355. , 355. , 355. , 355. ,
       355. , 355. , 355. , 355. ,   4. , 355. , 355. ,   2. , 355. ,
       355. , 355. , 355. , 355. , 355. ,   2. , 355. , 355. , 355. ,
         2. , 355. , 355. , 355. , 355. , 355. , 355. , 355. , 355. ,
       355. , 355. , 355. , 355. , 355. ,   2.5, 355. , 355. , 355. ,
       355. ,   2. , 355. ,  23. , 355. ,   2. ,   2. , 355. , 355. ,
       355. , 355. , 355. , 355. , 355. , 355. , 355. , 355. , 355. ,
       355. , 355. , 355. , 355. , 355. ,   2. , 355. ,   2. , 355. ,
       355. , 355. , 355. , 355. , 355. , 355. , 355. , 355. , 102. ,
         2. , 355. , 355. , 355. , 355. , 355. , 355. , 355. , 355. ,
       355. , 355. , 355. , 355. ,   2. , 355. , 355. , 355. , 355. ,
       355. ,   2. , 355. , 355. , 355. , 355. , 355. , 148. , 355. ,
       355. , 355. , 355. , 355. , 355. , 355. , 355. , 355. , 355. ,
       355. , 355. , 355. , 355. , 355. ,   2. , 355. , 355. , 355. ,
       355. , 355. , 355. , 355. , 355. , 355. ,   2. , 355. , 355. ,
       355. , 355. , 355. , 355. , 355. , 355. , 355. , 355. , 355. ,
       355. , 355. ,   3. , 355. , 355. ,  12. , 355. , 355. , 355. ,
       355. , 355. ,   2. , 355. , 355. , 355. , 355. , 355. , 355. ,
         2. , 355. ,   5. , 355. , 355. , 355. , 355. , 355. ,   2. ,
       355. , 355. ,   4. , 355. , 355. , 355. ,  12. ,   2. , 355. ,
       355. , 355. , 355. , 355. , 355. , 355. , 355. , 355. ,   8.5,
       355. , 355. , 355. ,   6.5, 355. , 355. , 355. , 355. ,   3. ,
       355. , 355. ,  11. , 355. ]), 'class_mean_width_scaled': array([0.78692153, 0.81355634, 0.93389671, 0.65760563, 0.85865191,
       0.53539906, 0.88935837, 0.33784038, 0.86723005, 0.94475743,
       0.94460094, 0.95774648, 1.        , 0.86741784, 1.        ,
       0.90084507, 1.        , 1.        , 1.        , 0.6028169 ,
       0.6685446 , 0.7100939 , 1.        , 0.69117865, 1.        ,
       0.66885759, 0.96589537, 1.        , 1.        , 0.88951487,
       0.79095626, 1.        , 0.94150787, 1.        , 0.73539906,
       0.19207746, 0.92897384, 1.        , 0.50663984, 1.        ,
       0.87570423, 1.        , 1.        , 0.9342723 , 1.        ,
       0.87211268, 0.83489828, 0.77934272, 0.89636768, 0.7515493 ,
       0.93483568, 1.        , 0.70753935, 0.94460094, 0.74114159,
       0.337277  , 0.93370892, 0.93370892, 0.92897384, 0.93370892,
       0.41524441, 0.75246479, 0.73832468, 0.92897384, 1.        ,
       0.82485501, 0.94167357, 0.88384424, 0.64136397, 0.52796781,
       0.8583501 , 0.85794769, 0.68926056, 0.86741784, 0.86816901,
       0.33765258, 1.        , 0.73847294, 0.77314554, 1.        ,
       0.84299481, 1.        , 0.23976802, 0.94150787, 1.        ,
       1.        , 0.3199407 , 0.93370892, 1.        , 1.        ,
       0.93370892, 0.32147887, 1.        , 0.93652582, 0.48538732,
       0.18680504, 0.94150787, 0.93370892, 0.78656555, 0.74292068,
       0.50510563, 0.86741784, 0.87699531, 0.72024648, 0.94134217,
       0.93352113, 0.80244131, 0.62975352, 1.        , 0.79896219,
       0.86816901, 0.73502347, 0.2195171 , 0.66798122, 0.60187793,
       0.13010563, 0.76458753, 1.        , 0.93389671, 0.93389671,
       0.37657524, 0.62676056, 0.76135211, 1.        , 0.12975352,
       0.89503336, 0.92897384, 0.82452361, 0.93785211, 1.        ,
       0.65338028, 1.        , 1.        , 0.57404427, 0.86741784,
       0.93953052, 1.        , 0.88951487, 0.20694836, 0.93802817,
       1.        , 0.86741784, 0.60187793, 0.62741784, 1.        ,
       0.89518162, 0.53596244, 0.93370892, 0.92877264, 1.        ,
       0.8342723 , 0.69170579, 0.1945319 , 1.        , 0.24009942,
       1.        , 1.        , 0.81059691, 1.        , 1.        ,
       0.77288732, 1.        , 0.85754527, 0.93370892, 1.        ,
       0.89532987, 0.47004695, 0.94150787, 0.86760563, 0.31909233,
       0.82452361, 0.69260563, 1.        , 0.54347418, 1.        ,
       0.86741784, 0.20732394, 1.        , 0.98441315, 0.87004695,
       0.44049296, 1.        , 0.87570423, 0.93352113, 1.        ,
       0.80093897, 1.        , 0.74401408, 1.        , 1.        ,
       1.        , 1.        , 1.        , 1.        , 0.40366197,
       0.94134217, 0.94183927, 1.        , 1.        , 0.22644757,
       0.76600939, 0.41314554, 0.75158451, 0.3165493 , 0.3841717 ,
       0.94810971, 0.77413572, 0.53615023, 1.        , 1.        ,
       1.        , 1.        , 1.        , 0.87117371, 1.        ,
       0.63454411, 1.        , 0.87098592, 0.69330986, 0.85982562,
       1.        , 0.25492958, 0.93767606, 0.08873239, 0.54084507,
       0.86741784, 0.81014085, 1.        , 0.54910798, 0.81338028,
       0.95251509, 1.        , 0.92897384, 0.49444905, 0.23960232,
       0.54610329, 1.        , 0.59348592, 0.93389671, 0.93370892,
       1.        , 0.95480154, 0.55774648, 1.        , 0.78682093,
       0.75123239, 1.        , 0.31725352, 0.56478873, 0.95480154,
       1.        , 1.        , 1.        , 0.30547731, 0.60247887,
       0.80112676, 0.7312989 , 0.69844329, 1.        , 0.49521127,
       0.95042254, 0.87570423, 1.        , 1.        , 1.        ,
       0.81514085, 0.65070423, 1.        , 0.74282733, 1.        ,
       0.73784038, 1.        , 0.60244131, 0.86741784, 0.66867874,
       0.06778169, 0.6256651 , 0.62799296, 0.84702059, 0.73615023,
       1.        , 1.        , 0.74760563, 0.91365585, 1.        ,
       0.32924606, 0.88935837, 0.93370892, 0.54170239, 0.81390845,
       1.        , 1.        , 1.        , 0.87570423, 1.        ,
       1.        , 0.93802817, 1.        , 0.87552817, 0.27643192,
       1.        , 0.86741784, 0.47079812, 0.78752515, 0.60262911,
       0.93370892, 0.93785211, 0.87399061, 0.13840376, 1.        ,
       0.75179969, 0.73483568, 0.85814889, 0.95676669, 0.8515493 ,
       0.05492958, 1.        , 0.43299799, 0.92897384, 0.95028169,
       0.94766494, 0.93785211, 1.        , 0.19225352, 1.        ,
       1.        , 0.40413146, 0.68926056, 0.93370892, 1.        ,
       0.40995305, 0.22629108, 0.87623239, 1.        , 0.88268434,
       0.95480154, 0.656013  , 1.        , 0.94183927, 1.        ,
       0.74060012, 0.33010563, 1.        , 0.87570423, 0.93408451,
       0.44882629, 1.        , 0.86723005, 0.80131455, 0.84745395,
       0.43199195, 0.94200497, 1.        , 0.47798369, 0.88920188]), 'class_median_width_scaled': array([1.        , 1.        , 1.        , 1.        , 1.        ,
       1.        , 1.        , 0.0056338 , 1.        , 1.        ,
       1.        , 1.        , 1.        , 1.        , 1.        ,
       1.        , 1.        , 1.        , 1.        , 1.        ,
       1.        , 1.        , 1.        , 1.        , 1.        ,
       1.        , 1.        , 1.        , 1.        , 1.        ,
       1.        , 1.        , 1.        , 1.        , 1.        ,
       0.0056338 , 1.        , 1.        , 0.52676056, 1.        ,
       1.        , 1.        , 1.        , 1.        , 1.        ,
       1.        , 1.        , 1.        , 1.        , 1.        ,
       1.        , 1.        , 1.        , 1.        , 1.        ,
       0.0056338 , 1.        , 1.        , 1.        , 1.        ,
       0.0084507 , 1.        , 1.        , 1.        , 1.        ,
       1.        , 1.        , 1.        , 1.        , 0.67887324,
       1.        , 1.        , 1.        , 1.        , 1.        ,
       0.0056338 , 1.        , 1.        , 1.        , 1.        ,
       1.        , 1.        , 0.0056338 , 1.        , 1.        ,
       1.        , 0.0056338 , 1.        , 1.        , 1.        ,
       1.        , 0.0056338 , 1.        , 1.        , 0.35774648,
       0.0056338 , 1.        , 1.        , 1.        , 1.        ,
       0.50985915, 1.        , 1.        , 1.        , 1.        ,
       1.        , 1.        , 1.        , 1.        , 1.        ,
       1.        , 1.        , 0.0056338 , 1.        , 1.        ,
       0.0056338 , 1.        , 1.        , 1.        , 1.        ,
       0.01971831, 1.        , 1.        , 1.        , 0.0056338 ,
       1.        , 1.        , 1.        , 1.        , 1.        ,
       1.        , 1.        , 1.        , 1.        , 1.        ,
       1.        , 1.        , 1.        , 0.0056338 , 1.        ,
       1.        , 1.        , 1.        , 1.        , 1.        ,
       1.        , 1.        , 1.        , 1.        , 1.        ,
       1.        , 1.        , 0.0056338 , 1.        , 0.0056338 ,
       1.        , 1.        , 1.        , 1.        , 1.        ,
       1.        , 1.        , 1.        , 1.        , 1.        ,
       1.        , 0.01126761, 1.        , 1.        , 0.0056338 ,
       1.        , 1.        , 1.        , 1.        , 1.        ,
       1.        , 0.0056338 , 1.        , 1.        , 1.        ,
       0.0056338 , 1.        , 1.        , 1.        , 1.        ,
       1.        , 1.        , 1.        , 1.        , 1.        ,
       1.        , 1.        , 1.        , 1.        , 0.00704225,
       1.        , 1.        , 1.        , 1.        , 0.0056338 ,
       1.        , 0.06478873, 1.        , 0.0056338 , 0.0056338 ,
       1.        , 1.        , 1.        , 1.        , 1.        ,
       1.        , 1.        , 1.        , 1.        , 1.        ,
       1.        , 1.        , 1.        , 1.        , 1.        ,
       1.        , 0.0056338 , 1.        , 0.0056338 , 1.        ,
       1.        , 1.        , 1.        , 1.        , 1.        ,
       1.        , 1.        , 1.        , 0.28732394, 0.0056338 ,
       1.        , 1.        , 1.        , 1.        , 1.        ,
       1.        , 1.        , 1.        , 1.        , 1.        ,
       1.        , 1.        , 0.0056338 , 1.        , 1.        ,
       1.        , 1.        , 1.        , 0.0056338 , 1.        ,
       1.        , 1.        , 1.        , 1.        , 0.41690141,
       1.        , 1.        , 1.        , 1.        , 1.        ,
       1.        , 1.        , 1.        , 1.        , 1.        ,
       1.        , 1.        , 1.        , 1.        , 1.        ,
       0.0056338 , 1.        , 1.        , 1.        , 1.        ,
       1.        , 1.        , 1.        , 1.        , 1.        ,
       0.0056338 , 1.        , 1.        , 1.        , 1.        ,
       1.        , 1.        , 1.        , 1.        , 1.        ,
       1.        , 1.        , 1.        , 1.        , 0.0084507 ,
       1.        , 1.        , 0.03380282, 1.        , 1.        ,
       1.        , 1.        , 1.        , 0.0056338 , 1.        ,
       1.        , 1.        , 1.        , 1.        , 1.        ,
       0.0056338 , 1.        , 0.01408451, 1.        , 1.        ,
       1.        , 1.        , 1.        , 0.0056338 , 1.        ,
       1.        , 0.01126761, 1.        , 1.        , 1.        ,
       0.03380282, 0.0056338 , 1.        , 1.        , 1.        ,
       1.        , 1.        , 1.        , 1.        , 1.        ,
       1.        , 0.02394366, 1.        , 1.        , 1.        ,
       0.01830986, 1.        , 1.        , 1.        , 1.        ,
       0.0084507 , 1.        , 1.        , 0.03098592, 1.        ])}

split_conformal_aps_MLP full class metrics: {'class_coverage': array([0.96428571, 0.8125    , 0.93333333, 0.7       , 0.85714286,
       0.53333333, 0.88888889, 0.33333333, 0.86666667, 0.94444444,
       0.94444444, 1.        , 1.        , 0.86666667, 1.        ,
       0.9       , 1.        , 1.        , 1.        , 0.6       ,
       0.66666667, 0.75      , 1.        , 0.68421053, 1.        ,
       0.83333333, 0.96428571, 1.        , 1.        , 0.88888889,
       0.84210526, 1.        , 0.94117647, 1.        , 0.73333333,
       0.3125    , 0.92857143, 1.        , 0.71428571, 1.        ,
       0.875     , 1.        , 1.        , 0.93333333, 1.        ,
       0.86666667, 0.88888889, 0.77777778, 0.89473684, 0.75      ,
       0.93333333, 1.        , 0.76470588, 0.94444444, 0.73684211,
       0.4       , 0.93333333, 0.93333333, 0.92857143, 0.93333333,
       0.52941176, 0.75      , 0.73684211, 0.92857143, 1.        ,
       0.82352941, 0.94117647, 0.88235294, 0.68421053, 0.5       ,
       0.85714286, 0.85714286, 0.6875    , 0.86666667, 0.86666667,
       0.4       , 1.        , 0.73684211, 0.8       , 1.        ,
       0.84210526, 1.        , 0.23529412, 0.94117647, 1.        ,
       1.        , 0.31578947, 0.93333333, 1.        , 1.        ,
       0.93333333, 0.3125    , 1.        , 0.93333333, 0.5625    ,
       0.47368421, 0.94117647, 0.93333333, 0.84615385, 0.73684211,
       0.6875    , 0.86666667, 0.86666667, 0.75      , 0.94117647,
       0.93333333, 0.8       , 0.625     , 1.        , 0.78947368,
       0.86666667, 0.73333333, 0.21428571, 0.66666667, 0.6       ,
       0.1875    , 0.78571429, 1.        , 0.93333333, 0.93333333,
       0.84210526, 0.75      , 0.8       , 1.        , 0.125     ,
       0.89473684, 0.92857143, 0.82352941, 0.9375    , 1.        ,
       0.65      , 1.        , 1.        , 0.57142857, 0.86666667,
       0.93333333, 1.        , 0.88888889, 0.26666667, 0.9375    ,
       1.        , 0.86666667, 0.6       , 0.66666667, 1.        ,
       0.89473684, 0.6       , 0.93333333, 0.92857143, 1.        ,
       0.83333333, 0.77777778, 0.23529412, 1.        , 0.29411765,
       1.        , 1.        , 0.80952381, 1.        , 1.        ,
       0.8125    , 1.        , 0.85714286, 0.93333333, 1.        ,
       0.89473684, 0.46666667, 1.        , 0.86666667, 0.33333333,
       0.82352941, 0.6875    , 1.        , 0.53333333, 1.        ,
       0.86666667, 0.2       , 1.        , 0.93333333, 0.86666667,
       0.5625    , 1.        , 0.875     , 0.93333333, 1.        ,
       0.8       , 1.        , 0.75      , 1.        , 1.        ,
       1.        , 1.        , 1.        , 1.        , 0.45      ,
       0.94117647, 0.94117647, 1.        , 1.        , 0.33333333,
       0.73333333, 0.4       , 0.75      , 0.3125    , 0.57142857,
       0.94736842, 0.77272727, 0.53333333, 1.        , 1.        ,
       1.        , 1.        , 1.        , 0.86666667, 1.        ,
       0.63157895, 1.        , 0.86666667, 0.6875    , 0.9047619 ,
       1.        , 0.375     , 0.9375    , 0.125     , 0.53846154,
       0.86666667, 0.8       , 1.        , 0.6       , 0.8125    ,
       0.95238095, 1.        , 0.92857143, 0.52941176, 0.23529412,
       0.53333333, 1.        , 0.6875    , 0.93333333, 0.93333333,
       1.        , 0.95454545, 0.55555556, 1.        , 0.82142857,
       0.75      , 1.        , 0.3125    , 0.5625    , 0.95454545,
       1.        , 1.        , 1.        , 0.44444444, 0.6       ,
       0.8       , 0.77777778, 0.68421053, 1.        , 0.7       ,
       0.95      , 0.875     , 1.        , 1.        , 1.        ,
       0.9375    , 0.64705882, 1.        , 0.74074074, 1.        ,
       0.73333333, 1.        , 0.66666667, 0.86666667, 0.71428571,
       0.25      , 0.61111111, 0.8125    , 0.84615385, 0.73333333,
       1.        , 1.        , 0.73333333, 0.91304348, 1.        ,
       0.38235294, 0.88888889, 0.93333333, 0.56521739, 0.8125    ,
       1.        , 1.        , 1.        , 0.875     , 1.        ,
       1.        , 0.9375    , 1.        , 0.875     , 0.33333333,
       1.        , 0.86666667, 0.46666667, 0.78571429, 0.66666667,
       0.93333333, 0.9375    , 1.        , 0.2       , 1.        ,
       0.83333333, 0.73333333, 0.85714286, 0.95652174, 0.85      ,
       0.18181818, 1.        , 0.5       , 0.92857143, 0.95      ,
       0.94736842, 0.9375    , 1.        , 0.1875    , 1.        ,
       1.        , 0.4       , 0.6875    , 0.93333333, 1.        ,
       0.4       , 0.38888889, 0.875     , 1.        , 0.88235294,
       0.95454545, 0.65384615, 1.        , 0.94117647, 1.        ,
       0.73913043, 0.5       , 1.        , 0.875     , 0.93333333,
       0.5       , 1.        , 0.86666667, 0.8       , 0.84615385,
       0.42857143, 0.94117647, 1.        , 0.47368421, 0.88888889]), 'class_mean_width': array([279.35714286, 288.8125    , 331.53333333, 233.45      ,
       304.82142857, 190.06666667, 315.72222222, 119.93333333,
       307.86666667, 335.38888889, 335.33333333, 340.        ,
       355.        , 307.93333333, 355.        , 319.8       ,
       355.        , 355.        , 355.        , 214.        ,
       237.33333333, 252.08333333, 355.        , 245.36842105,
       355.        , 237.44444444, 342.89285714, 355.        ,
       355.        , 315.77777778, 280.78947368, 355.        ,
       334.23529412, 355.        , 261.06666667,  68.1875    ,
       329.78571429, 355.        , 179.85714286, 355.        ,
       310.875     , 355.        , 355.        , 331.66666667,
       355.        , 309.6       , 296.38888889, 276.66666667,
       318.21052632, 266.8       , 331.86666667, 355.        ,
       251.17647059, 335.33333333, 263.10526316, 119.73333333,
       331.46666667, 331.46666667, 329.78571429, 331.46666667,
       147.41176471, 267.125     , 262.10526316, 329.78571429,
       355.        , 292.82352941, 334.29411765, 313.76470588,
       227.68421053, 187.42857143, 304.71428571, 304.57142857,
       244.6875    , 307.93333333, 308.2       , 119.86666667,
       355.        , 262.15789474, 274.46666667, 355.        ,
       299.26315789, 355.        ,  85.11764706, 334.23529412,
       355.        , 355.        , 113.57894737, 331.46666667,
       355.        , 355.        , 331.46666667, 114.125     ,
       355.        , 332.46666667, 172.3125    ,  66.31578947,
       334.23529412, 331.46666667, 279.23076923, 263.73684211,
       179.3125    , 307.93333333, 311.33333333, 255.6875    ,
       334.17647059, 331.4       , 284.86666667, 223.5625    ,
       355.        , 283.63157895, 308.2       , 260.93333333,
        77.92857143, 237.13333333, 213.66666667,  46.1875    ,
       271.42857143, 355.        , 331.53333333, 331.53333333,
       133.68421053, 222.5       , 270.28      , 355.        ,
        46.0625    , 317.73684211, 329.78571429, 292.70588235,
       332.9375    , 355.        , 231.95      , 355.        ,
       355.        , 203.78571429, 307.93333333, 333.53333333,
       355.        , 315.77777778,  73.46666667, 333.        ,
       355.        , 307.93333333, 213.66666667, 222.73333333,
       355.        , 317.78947368, 190.26666667, 331.46666667,
       329.71428571, 355.        , 296.16666667, 245.55555556,
        69.05882353, 355.        ,  85.23529412, 355.        ,
       355.        , 287.76190476, 355.        , 355.        ,
       274.375     , 355.        , 304.42857143, 331.46666667,
       355.        , 317.84210526, 166.86666667, 334.23529412,
       308.        , 113.27777778, 292.70588235, 245.875     ,
       355.        , 192.93333333, 355.        , 307.93333333,
        73.6       , 355.        , 349.46666667, 308.86666667,
       156.375     , 355.        , 310.875     , 331.4       ,
       355.        , 284.33333333, 355.        , 264.125     ,
       355.        , 355.        , 355.        , 355.        ,
       355.        , 355.        , 143.3       , 334.17647059,
       334.35294118, 355.        , 355.        ,  80.38888889,
       271.93333333, 146.66666667, 266.8125    , 112.375     ,
       136.38095238, 336.57894737, 274.81818182, 190.33333333,
       355.        , 355.        , 355.        , 355.        ,
       355.        , 309.26666667, 355.        , 225.26315789,
       355.        , 309.2       , 246.125     , 305.23809524,
       355.        ,  90.5       , 332.875     ,  31.5       ,
       192.        , 307.93333333, 287.6       , 355.        ,
       194.93333333, 288.75      , 338.14285714, 355.        ,
       329.78571429, 175.52941176,  85.05882353, 193.86666667,
       355.        , 210.6875    , 331.53333333, 331.46666667,
       355.        , 338.95454545, 198.        , 355.        ,
       279.32142857, 266.6875    , 355.        , 112.625     ,
       200.5       , 338.95454545, 355.        , 355.        ,
       355.        , 108.44444444, 213.88      , 284.4       ,
       259.61111111, 247.94736842, 355.        , 175.8       ,
       337.4       , 310.875     , 355.        , 355.        ,
       355.        , 289.375     , 231.        , 355.        ,
       263.7037037 , 355.        , 261.93333333, 355.        ,
       213.86666667, 307.93333333, 237.38095238,  24.0625    ,
       222.11111111, 222.9375    , 300.69230769, 261.33333333,
       355.        , 355.        , 265.4       , 324.34782609,
       355.        , 116.88235294, 315.72222222, 331.46666667,
       192.30434783, 288.9375    , 355.        , 355.        ,
       355.        , 310.875     , 355.        , 355.        ,
       333.        , 355.        , 310.8125    ,  98.13333333,
       355.        , 307.93333333, 167.13333333, 279.57142857,
       213.93333333, 331.46666667, 332.9375    , 310.26666667,
        49.13333333, 355.        , 266.88888889, 260.86666667,
       304.64285714, 339.65217391, 302.3       ,  19.5       ,
       355.        , 153.71428571, 329.78571429, 337.35      ,
       336.42105263, 332.9375    , 355.        ,  68.25      ,
       355.        , 355.        , 143.46666667, 244.6875    ,
       331.46666667, 355.        , 145.53333333,  80.33333333,
       311.0625    , 355.        , 313.35294118, 338.95454545,
       232.88461538, 355.        , 334.35294118, 355.        ,
       262.91304348, 117.1875    , 355.        , 310.875     ,
       331.6       , 159.33333333, 355.        , 307.86666667,
       284.46666667, 300.84615385, 153.35714286, 334.41176471,
       355.        , 169.68421053, 315.66666667]), 'class_median_width': array([355. , 355. , 355. , 355. , 355. , 355. , 355. ,   2. , 355. ,
       355. , 355. , 355. , 355. , 355. , 355. , 355. , 355. , 355. ,
       355. , 355. , 355. , 355. , 355. , 355. , 355. , 355. , 355. ,
       355. , 355. , 355. , 355. , 355. , 355. , 355. , 355. ,   2. ,
       355. , 355. , 187. , 355. , 355. , 355. , 355. , 355. , 355. ,
       355. , 355. , 355. , 355. , 355. , 355. , 355. , 355. , 355. ,
       355. ,   2. , 355. , 355. , 355. , 355. ,   3. , 355. , 355. ,
       355. , 355. , 355. , 355. , 355. , 355. , 241. , 355. , 355. ,
       355. , 355. , 355. ,   2. , 355. , 355. , 355. , 355. , 355. ,
       355. ,   2. , 355. , 355. , 355. ,   2. , 355. , 355. , 355. ,
       355. ,   2. , 355. , 355. , 127. ,   2. , 355. , 355. , 355. ,
       355. , 181. , 355. , 355. , 355. , 355. , 355. , 355. , 355. ,
       355. , 355. , 355. , 355. ,   2. , 355. , 355. ,   2. , 355. ,
       355. , 355. , 355. ,   7. , 355. , 355. , 355. ,   2. , 355. ,
       355. , 355. , 355. , 355. , 355. , 355. , 355. , 355. , 355. ,
       355. , 355. , 355. ,   2. , 355. , 355. , 355. , 355. , 355. ,
       355. , 355. , 355. , 355. , 355. , 355. , 355. , 355. ,   2. ,
       355. ,   2. , 355. , 355. , 355. , 355. , 355. , 355. , 355. ,
       355. , 355. , 355. , 355. ,   4. , 355. , 355. ,   2. , 355. ,
       355. , 355. , 355. , 355. , 355. ,   2. , 355. , 355. , 355. ,
         2. , 355. , 355. , 355. , 355. , 355. , 355. , 355. , 355. ,
       355. , 355. , 355. , 355. , 355. ,   2.5, 355. , 355. , 355. ,
       355. ,   2. , 355. ,  23. , 355. ,   2. ,   2. , 355. , 355. ,
       355. , 355. , 355. , 355. , 355. , 355. , 355. , 355. , 355. ,
       355. , 355. , 355. , 355. , 355. ,   2. , 355. ,   2. , 355. ,
       355. , 355. , 355. , 355. , 355. , 355. , 355. , 355. , 102. ,
         2. , 355. , 355. , 355. , 355. , 355. , 355. , 355. , 355. ,
       355. , 355. , 355. , 355. ,   2. , 355. , 355. , 355. , 355. ,
       355. ,   2. , 355. , 355. , 355. , 355. , 355. , 148. , 355. ,
       355. , 355. , 355. , 355. , 355. , 355. , 355. , 355. , 355. ,
       355. , 355. , 355. , 355. , 355. ,   2. , 355. , 355. , 355. ,
       355. , 355. , 355. , 355. , 355. , 355. ,   2. , 355. , 355. ,
       355. , 355. , 355. , 355. , 355. , 355. , 355. , 355. , 355. ,
       355. , 355. ,   3. , 355. , 355. ,  12. , 355. , 355. , 355. ,
       355. , 355. ,   2. , 355. , 355. , 355. , 355. , 355. , 355. ,
         2. , 355. ,   5. , 355. , 355. , 355. , 355. , 355. ,   2. ,
       355. , 355. ,   4. , 355. , 355. , 355. ,  12. ,   2. , 355. ,
       355. , 355. , 355. , 355. , 355. , 355. , 355. , 355. ,   8.5,
       355. , 355. , 355. ,   6.5, 355. , 355. , 355. , 355. ,   3. ,
       355. , 355. ,  11. , 355. ]), 'class_mean_width_scaled': array([0.78692153, 0.81355634, 0.93389671, 0.65760563, 0.85865191,
       0.53539906, 0.88935837, 0.33784038, 0.86723005, 0.94475743,
       0.94460094, 0.95774648, 1.        , 0.86741784, 1.        ,
       0.90084507, 1.        , 1.        , 1.        , 0.6028169 ,
       0.6685446 , 0.7100939 , 1.        , 0.69117865, 1.        ,
       0.66885759, 0.96589537, 1.        , 1.        , 0.88951487,
       0.79095626, 1.        , 0.94150787, 1.        , 0.73539906,
       0.19207746, 0.92897384, 1.        , 0.50663984, 1.        ,
       0.87570423, 1.        , 1.        , 0.9342723 , 1.        ,
       0.87211268, 0.83489828, 0.77934272, 0.89636768, 0.7515493 ,
       0.93483568, 1.        , 0.70753935, 0.94460094, 0.74114159,
       0.337277  , 0.93370892, 0.93370892, 0.92897384, 0.93370892,
       0.41524441, 0.75246479, 0.73832468, 0.92897384, 1.        ,
       0.82485501, 0.94167357, 0.88384424, 0.64136397, 0.52796781,
       0.8583501 , 0.85794769, 0.68926056, 0.86741784, 0.86816901,
       0.33765258, 1.        , 0.73847294, 0.77314554, 1.        ,
       0.84299481, 1.        , 0.23976802, 0.94150787, 1.        ,
       1.        , 0.3199407 , 0.93370892, 1.        , 1.        ,
       0.93370892, 0.32147887, 1.        , 0.93652582, 0.48538732,
       0.18680504, 0.94150787, 0.93370892, 0.78656555, 0.74292068,
       0.50510563, 0.86741784, 0.87699531, 0.72024648, 0.94134217,
       0.93352113, 0.80244131, 0.62975352, 1.        , 0.79896219,
       0.86816901, 0.73502347, 0.2195171 , 0.66798122, 0.60187793,
       0.13010563, 0.76458753, 1.        , 0.93389671, 0.93389671,
       0.37657524, 0.62676056, 0.76135211, 1.        , 0.12975352,
       0.89503336, 0.92897384, 0.82452361, 0.93785211, 1.        ,
       0.65338028, 1.        , 1.        , 0.57404427, 0.86741784,
       0.93953052, 1.        , 0.88951487, 0.20694836, 0.93802817,
       1.        , 0.86741784, 0.60187793, 0.62741784, 1.        ,
       0.89518162, 0.53596244, 0.93370892, 0.92877264, 1.        ,
       0.8342723 , 0.69170579, 0.1945319 , 1.        , 0.24009942,
       1.        , 1.        , 0.81059691, 1.        , 1.        ,
       0.77288732, 1.        , 0.85754527, 0.93370892, 1.        ,
       0.89532987, 0.47004695, 0.94150787, 0.86760563, 0.31909233,
       0.82452361, 0.69260563, 1.        , 0.54347418, 1.        ,
       0.86741784, 0.20732394, 1.        , 0.98441315, 0.87004695,
       0.44049296, 1.        , 0.87570423, 0.93352113, 1.        ,
       0.80093897, 1.        , 0.74401408, 1.        , 1.        ,
       1.        , 1.        , 1.        , 1.        , 0.40366197,
       0.94134217, 0.94183927, 1.        , 1.        , 0.22644757,
       0.76600939, 0.41314554, 0.75158451, 0.3165493 , 0.3841717 ,
       0.94810971, 0.77413572, 0.53615023, 1.        , 1.        ,
       1.        , 1.        , 1.        , 0.87117371, 1.        ,
       0.63454411, 1.        , 0.87098592, 0.69330986, 0.85982562,
       1.        , 0.25492958, 0.93767606, 0.08873239, 0.54084507,
       0.86741784, 0.81014085, 1.        , 0.54910798, 0.81338028,
       0.95251509, 1.        , 0.92897384, 0.49444905, 0.23960232,
       0.54610329, 1.        , 0.59348592, 0.93389671, 0.93370892,
       1.        , 0.95480154, 0.55774648, 1.        , 0.78682093,
       0.75123239, 1.        , 0.31725352, 0.56478873, 0.95480154,
       1.        , 1.        , 1.        , 0.30547731, 0.60247887,
       0.80112676, 0.7312989 , 0.69844329, 1.        , 0.49521127,
       0.95042254, 0.87570423, 1.        , 1.        , 1.        ,
       0.81514085, 0.65070423, 1.        , 0.74282733, 1.        ,
       0.73784038, 1.        , 0.60244131, 0.86741784, 0.66867874,
       0.06778169, 0.6256651 , 0.62799296, 0.84702059, 0.73615023,
       1.        , 1.        , 0.74760563, 0.91365585, 1.        ,
       0.32924606, 0.88935837, 0.93370892, 0.54170239, 0.81390845,
       1.        , 1.        , 1.        , 0.87570423, 1.        ,
       1.        , 0.93802817, 1.        , 0.87552817, 0.27643192,
       1.        , 0.86741784, 0.47079812, 0.78752515, 0.60262911,
       0.93370892, 0.93785211, 0.87399061, 0.13840376, 1.        ,
       0.75179969, 0.73483568, 0.85814889, 0.95676669, 0.8515493 ,
       0.05492958, 1.        , 0.43299799, 0.92897384, 0.95028169,
       0.94766494, 0.93785211, 1.        , 0.19225352, 1.        ,
       1.        , 0.40413146, 0.68926056, 0.93370892, 1.        ,
       0.40995305, 0.22629108, 0.87623239, 1.        , 0.88268434,
       0.95480154, 0.656013  , 1.        , 0.94183927, 1.        ,
       0.74060012, 0.33010563, 1.        , 0.87570423, 0.93408451,
       0.44882629, 1.        , 0.86723005, 0.80131455, 0.84745395,
       0.43199195, 0.94200497, 1.        , 0.47798369, 0.88920188]), 'class_median_width_scaled': array([1.        , 1.        , 1.        , 1.        , 1.        ,
       1.        , 1.        , 0.0056338 , 1.        , 1.        ,
       1.        , 1.        , 1.        , 1.        , 1.        ,
       1.        , 1.        , 1.        , 1.        , 1.        ,
       1.        , 1.        , 1.        , 1.        , 1.        ,
       1.        , 1.        , 1.        , 1.        , 1.        ,
       1.        , 1.        , 1.        , 1.        , 1.        ,
       0.0056338 , 1.        , 1.        , 0.52676056, 1.        ,
       1.        , 1.        , 1.        , 1.        , 1.        ,
       1.        , 1.        , 1.        , 1.        , 1.        ,
       1.        , 1.        , 1.        , 1.        , 1.        ,
       0.0056338 , 1.        , 1.        , 1.        , 1.        ,
       0.0084507 , 1.        , 1.        , 1.        , 1.        ,
       1.        , 1.        , 1.        , 1.        , 0.67887324,
       1.        , 1.        , 1.        , 1.        , 1.        ,
       0.0056338 , 1.        , 1.        , 1.        , 1.        ,
       1.        , 1.        , 0.0056338 , 1.        , 1.        ,
       1.        , 0.0056338 , 1.        , 1.        , 1.        ,
       1.        , 0.0056338 , 1.        , 1.        , 0.35774648,
       0.0056338 , 1.        , 1.        , 1.        , 1.        ,
       0.50985915, 1.        , 1.        , 1.        , 1.        ,
       1.        , 1.        , 1.        , 1.        , 1.        ,
       1.        , 1.        , 0.0056338 , 1.        , 1.        ,
       0.0056338 , 1.        , 1.        , 1.        , 1.        ,
       0.01971831, 1.        , 1.        , 1.        , 0.0056338 ,
       1.        , 1.        , 1.        , 1.        , 1.        ,
       1.        , 1.        , 1.        , 1.        , 1.        ,
       1.        , 1.        , 1.        , 0.0056338 , 1.        ,
       1.        , 1.        , 1.        , 1.        , 1.        ,
       1.        , 1.        , 1.        , 1.        , 1.        ,
       1.        , 1.        , 0.0056338 , 1.        , 0.0056338 ,
       1.        , 1.        , 1.        , 1.        , 1.        ,
       1.        , 1.        , 1.        , 1.        , 1.        ,
       1.        , 0.01126761, 1.        , 1.        , 0.0056338 ,
       1.        , 1.        , 1.        , 1.        , 1.        ,
       1.        , 0.0056338 , 1.        , 1.        , 1.        ,
       0.0056338 , 1.        , 1.        , 1.        , 1.        ,
       1.        , 1.        , 1.        , 1.        , 1.        ,
       1.        , 1.        , 1.        , 1.        , 0.00704225,
       1.        , 1.        , 1.        , 1.        , 0.0056338 ,
       1.        , 0.06478873, 1.        , 0.0056338 , 0.0056338 ,
       1.        , 1.        , 1.        , 1.        , 1.        ,
       1.        , 1.        , 1.        , 1.        , 1.        ,
       1.        , 1.        , 1.        , 1.        , 1.        ,
       1.        , 0.0056338 , 1.        , 0.0056338 , 1.        ,
       1.        , 1.        , 1.        , 1.        , 1.        ,
       1.        , 1.        , 1.        , 0.28732394, 0.0056338 ,
       1.        , 1.        , 1.        , 1.        , 1.        ,
       1.        , 1.        , 1.        , 1.        , 1.        ,
       1.        , 1.        , 0.0056338 , 1.        , 1.        ,
       1.        , 1.        , 1.        , 0.0056338 , 1.        ,
       1.        , 1.        , 1.        , 1.        , 0.41690141,
       1.        , 1.        , 1.        , 1.        , 1.        ,
       1.        , 1.        , 1.        , 1.        , 1.        ,
       1.        , 1.        , 1.        , 1.        , 1.        ,
       0.0056338 , 1.        , 1.        , 1.        , 1.        ,
       1.        , 1.        , 1.        , 1.        , 1.        ,
       0.0056338 , 1.        , 1.        , 1.        , 1.        ,
       1.        , 1.        , 1.        , 1.        , 1.        ,
       1.        , 1.        , 1.        , 1.        , 0.0084507 ,
       1.        , 1.        , 0.03380282, 1.        , 1.        ,
       1.        , 1.        , 1.        , 0.0056338 , 1.        ,
       1.        , 1.        , 1.        , 1.        , 1.        ,
       0.0056338 , 1.        , 0.01408451, 1.        , 1.        ,
       1.        , 1.        , 1.        , 0.0056338 , 1.        ,
       1.        , 0.01126761, 1.        , 1.        , 1.        ,
       0.03380282, 0.0056338 , 1.        , 1.        , 1.        ,
       1.        , 1.        , 1.        , 1.        , 1.        ,
       1.        , 0.02394366, 1.        , 1.        , 1.        ,
       0.01830986, 1.        , 1.        , 1.        , 1.        ,
       0.0084507 , 1.        , 1.        , 0.03098592, 1.        ])}

Job completed at Thu Mar 20 05:03:24 PM PDT 2025
