Starting job at Wed Mar 19 06:24:41 PM PDT 2025
Job parameters:
Dataset: data_cover_type
UQ Method: split_conformal_naive
Estimator: AdaBoost
Seed: 777
Train Size: 0.8
Running split_conformal_naive on data_cover_type with seed 777 and train size 0.8

starting experiment

data created

Fitting split_conformal_naive_AdaBoost on data_cover_type with seed 777

split_conformal_naive_AdaBoost metrics: {'coverage': np.float64(0.952), 'mean_width': np.float64(58.7165), 'median_width': np.float64(53.0), 'mean_width_scaled': np.float64(0.587165), 'median_width_scaled': np.float64(0.53)}

split_conformal_naive_AdaBoost full metrics: {'coverage': np.float64(0.952), 'mean_width': np.float64(58.7165), 'median_width': np.float64(53.0), 'mean_width_scaled': np.float64(0.587165), 'median_width_scaled': np.float64(0.53)}

split_conformal_naive_AdaBoost class metrics: {'class_coverage': array([1.  , 1.  , 1.  , 1.  , 1.  , 1.  , 1.  , 1.  , 1.  , 1.  , 0.95,
       1.  , 1.  , 1.  , 0.95, 1.  , 1.  , 1.  , 0.95, 1.  , 1.  , 1.  ,
       1.  , 1.  , 1.  , 0.95, 1.  , 0.9 , 0.95, 1.  , 1.  , 1.  , 1.  ,
       1.  , 1.  , 1.  , 0.95, 1.  , 1.  , 1.  , 1.  , 1.  , 1.  , 1.  ,
       1.  , 1.  , 0.9 , 1.  , 1.  , 1.  , 0.9 , 1.  , 1.  , 1.  , 1.  ,
       1.  , 1.  , 1.  , 0.95, 1.  , 1.  , 1.  , 1.  , 1.  , 1.  , 1.  ,
       1.  , 1.  , 1.  , 0.85, 1.  , 1.  , 1.  , 1.  , 1.  , 0.  , 1.  ,
       1.  , 0.  , 0.  , 1.  , 1.  , 0.  , 1.  , 1.  , 1.  , 1.  , 1.  ,
       1.  , 1.  , 1.  , 1.  , 1.  , 1.  , 1.  , 1.  , 1.  , 1.  , 1.  ,
       1.  ]), 'class_mean_width': array([71.9 , 64.55, 55.1 , 53.  , 74.  , 55.1 , 61.4 , 64.55, 62.45,
       72.95, 54.05, 74.  , 74.  , 70.7 , 72.95, 74.  , 69.8 , 53.  ,
       72.95, 62.45, 53.  , 69.8 , 53.  , 53.  , 70.85, 54.05, 53.  ,
       69.5 , 71.75, 53.  , 53.  , 74.  , 70.85, 55.1 , 67.25, 56.  ,
       71.75, 65.  , 69.65, 74.  , 35.75, 69.5 , 71.75, 38.  , 74.  ,
       74.  , 69.5 , 49.25, 67.7 , 69.5 , 70.7 , 71.9 , 58.25, 56.15,
       56.15, 54.05, 56.15, 71.75, 69.65, 74.  , 62.75, 74.  , 74.  ,
       33.5 , 62.75, 69.5 , 74.  , 29.  , 71.75, 67.25, 72.95, 60.35,
       29.  , 65.  , 33.5 , 29.  , 29.  , 31.25, 29.  , 29.  , 42.5 ,
       60.5 , 33.5 , 58.25, 53.  , 53.  , 29.  , 29.  , 29.  , 71.9 ,
       58.25, 72.95, 55.1 , 53.  , 53.  , 53.  , 53.  , 53.  , 53.  ,
       53.  ]), 'class_median_width': array([74., 74., 53., 53., 74., 53., 53., 74., 53., 74., 53., 74., 74.,
       74., 74., 74., 74., 53., 74., 53., 53., 74., 53., 53., 74., 53.,
       53., 74., 74., 53., 53., 74., 74., 53., 74., 74., 74., 74., 74.,
       74., 29., 74., 74., 29., 74., 74., 74., 29., 74., 74., 74., 74.,
       74., 53., 53., 53., 53., 74., 74., 74., 74., 74., 74., 29., 74.,
       74., 74., 29., 74., 74., 74., 53., 29., 74., 29., 29., 29., 29.,
       29., 29., 29., 74., 29., 53., 53., 53., 29., 29., 29., 74., 53.,
       74., 53., 53., 53., 53., 53., 53., 53., 53.]), 'class_mean_width_scaled': array([0.719 , 0.6455, 0.551 , 0.53  , 0.74  , 0.551 , 0.614 , 0.6455,
       0.6245, 0.7295, 0.5405, 0.74  , 0.74  , 0.707 , 0.7295, 0.74  ,
       0.698 , 0.53  , 0.7295, 0.6245, 0.53  , 0.698 , 0.53  , 0.53  ,
       0.7085, 0.5405, 0.53  , 0.695 , 0.7175, 0.53  , 0.53  , 0.74  ,
       0.7085, 0.551 , 0.6725, 0.56  , 0.7175, 0.65  , 0.6965, 0.74  ,
       0.3575, 0.695 , 0.7175, 0.38  , 0.74  , 0.74  , 0.695 , 0.4925,
       0.677 , 0.695 , 0.707 , 0.719 , 0.5825, 0.5615, 0.5615, 0.5405,
       0.5615, 0.7175, 0.6965, 0.74  , 0.6275, 0.74  , 0.74  , 0.335 ,
       0.6275, 0.695 , 0.74  , 0.29  , 0.7175, 0.6725, 0.7295, 0.6035,
       0.29  , 0.65  , 0.335 , 0.29  , 0.29  , 0.3125, 0.29  , 0.29  ,
       0.425 , 0.605 , 0.335 , 0.5825, 0.53  , 0.53  , 0.29  , 0.29  ,
       0.29  , 0.719 , 0.5825, 0.7295, 0.551 , 0.53  , 0.53  , 0.53  ,
       0.53  , 0.53  , 0.53  , 0.53  ]), 'class_median_width_scaled': array([0.74, 0.74, 0.53, 0.53, 0.74, 0.53, 0.53, 0.74, 0.53, 0.74, 0.53,
       0.74, 0.74, 0.74, 0.74, 0.74, 0.74, 0.53, 0.74, 0.53, 0.53, 0.74,
       0.53, 0.53, 0.74, 0.53, 0.53, 0.74, 0.74, 0.53, 0.53, 0.74, 0.74,
       0.53, 0.74, 0.74, 0.74, 0.74, 0.74, 0.74, 0.29, 0.74, 0.74, 0.29,
       0.74, 0.74, 0.74, 0.29, 0.74, 0.74, 0.74, 0.74, 0.74, 0.53, 0.53,
       0.53, 0.53, 0.74, 0.74, 0.74, 0.74, 0.74, 0.74, 0.29, 0.74, 0.74,
       0.74, 0.29, 0.74, 0.74, 0.74, 0.53, 0.29, 0.74, 0.29, 0.29, 0.29,
       0.29, 0.29, 0.29, 0.29, 0.74, 0.29, 0.53, 0.53, 0.53, 0.29, 0.29,
       0.29, 0.74, 0.53, 0.74, 0.53, 0.53, 0.53, 0.53, 0.53, 0.53, 0.53,
       0.53])}

split_conformal_naive_AdaBoost full class metrics: {'class_coverage': array([1.  , 1.  , 1.  , 1.  , 1.  , 1.  , 1.  , 1.  , 1.  , 1.  , 0.95,
       1.  , 1.  , 1.  , 0.95, 1.  , 1.  , 1.  , 0.95, 1.  , 1.  , 1.  ,
       1.  , 1.  , 1.  , 0.95, 1.  , 0.9 , 0.95, 1.  , 1.  , 1.  , 1.  ,
       1.  , 1.  , 1.  , 0.95, 1.  , 1.  , 1.  , 1.  , 1.  , 1.  , 1.  ,
       1.  , 1.  , 0.9 , 1.  , 1.  , 1.  , 0.9 , 1.  , 1.  , 1.  , 1.  ,
       1.  , 1.  , 1.  , 0.95, 1.  , 1.  , 1.  , 1.  , 1.  , 1.  , 1.  ,
       1.  , 1.  , 1.  , 0.85, 1.  , 1.  , 1.  , 1.  , 1.  , 0.  , 1.  ,
       1.  , 0.  , 0.  , 1.  , 1.  , 0.  , 1.  , 1.  , 1.  , 1.  , 1.  ,
       1.  , 1.  , 1.  , 1.  , 1.  , 1.  , 1.  , 1.  , 1.  , 1.  , 1.  ,
       1.  ]), 'class_mean_width': array([71.9 , 64.55, 55.1 , 53.  , 74.  , 55.1 , 61.4 , 64.55, 62.45,
       72.95, 54.05, 74.  , 74.  , 70.7 , 72.95, 74.  , 69.8 , 53.  ,
       72.95, 62.45, 53.  , 69.8 , 53.  , 53.  , 70.85, 54.05, 53.  ,
       69.5 , 71.75, 53.  , 53.  , 74.  , 70.85, 55.1 , 67.25, 56.  ,
       71.75, 65.  , 69.65, 74.  , 35.75, 69.5 , 71.75, 38.  , 74.  ,
       74.  , 69.5 , 49.25, 67.7 , 69.5 , 70.7 , 71.9 , 58.25, 56.15,
       56.15, 54.05, 56.15, 71.75, 69.65, 74.  , 62.75, 74.  , 74.  ,
       33.5 , 62.75, 69.5 , 74.  , 29.  , 71.75, 67.25, 72.95, 60.35,
       29.  , 65.  , 33.5 , 29.  , 29.  , 31.25, 29.  , 29.  , 42.5 ,
       60.5 , 33.5 , 58.25, 53.  , 53.  , 29.  , 29.  , 29.  , 71.9 ,
       58.25, 72.95, 55.1 , 53.  , 53.  , 53.  , 53.  , 53.  , 53.  ,
       53.  ]), 'class_median_width': array([74., 74., 53., 53., 74., 53., 53., 74., 53., 74., 53., 74., 74.,
       74., 74., 74., 74., 53., 74., 53., 53., 74., 53., 53., 74., 53.,
       53., 74., 74., 53., 53., 74., 74., 53., 74., 74., 74., 74., 74.,
       74., 29., 74., 74., 29., 74., 74., 74., 29., 74., 74., 74., 74.,
       74., 53., 53., 53., 53., 74., 74., 74., 74., 74., 74., 29., 74.,
       74., 74., 29., 74., 74., 74., 53., 29., 74., 29., 29., 29., 29.,
       29., 29., 29., 74., 29., 53., 53., 53., 29., 29., 29., 74., 53.,
       74., 53., 53., 53., 53., 53., 53., 53., 53.]), 'class_mean_width_scaled': array([0.719 , 0.6455, 0.551 , 0.53  , 0.74  , 0.551 , 0.614 , 0.6455,
       0.6245, 0.7295, 0.5405, 0.74  , 0.74  , 0.707 , 0.7295, 0.74  ,
       0.698 , 0.53  , 0.7295, 0.6245, 0.53  , 0.698 , 0.53  , 0.53  ,
       0.7085, 0.5405, 0.53  , 0.695 , 0.7175, 0.53  , 0.53  , 0.74  ,
       0.7085, 0.551 , 0.6725, 0.56  , 0.7175, 0.65  , 0.6965, 0.74  ,
       0.3575, 0.695 , 0.7175, 0.38  , 0.74  , 0.74  , 0.695 , 0.4925,
       0.677 , 0.695 , 0.707 , 0.719 , 0.5825, 0.5615, 0.5615, 0.5405,
       0.5615, 0.7175, 0.6965, 0.74  , 0.6275, 0.74  , 0.74  , 0.335 ,
       0.6275, 0.695 , 0.74  , 0.29  , 0.7175, 0.6725, 0.7295, 0.6035,
       0.29  , 0.65  , 0.335 , 0.29  , 0.29  , 0.3125, 0.29  , 0.29  ,
       0.425 , 0.605 , 0.335 , 0.5825, 0.53  , 0.53  , 0.29  , 0.29  ,
       0.29  , 0.719 , 0.5825, 0.7295, 0.551 , 0.53  , 0.53  , 0.53  ,
       0.53  , 0.53  , 0.53  , 0.53  ]), 'class_median_width_scaled': array([0.74, 0.74, 0.53, 0.53, 0.74, 0.53, 0.53, 0.74, 0.53, 0.74, 0.53,
       0.74, 0.74, 0.74, 0.74, 0.74, 0.74, 0.53, 0.74, 0.53, 0.53, 0.74,
       0.53, 0.53, 0.74, 0.53, 0.53, 0.74, 0.74, 0.53, 0.53, 0.74, 0.74,
       0.53, 0.74, 0.74, 0.74, 0.74, 0.74, 0.74, 0.29, 0.74, 0.74, 0.29,
       0.74, 0.74, 0.74, 0.29, 0.74, 0.74, 0.74, 0.74, 0.74, 0.53, 0.53,
       0.53, 0.53, 0.74, 0.74, 0.74, 0.74, 0.74, 0.74, 0.29, 0.74, 0.74,
       0.74, 0.29, 0.74, 0.74, 0.74, 0.53, 0.29, 0.74, 0.29, 0.29, 0.29,
       0.29, 0.29, 0.29, 0.29, 0.74, 0.29, 0.53, 0.53, 0.53, 0.29, 0.29,
       0.29, 0.74, 0.53, 0.74, 0.53, 0.53, 0.53, 0.53, 0.53, 0.53, 0.53,
       0.53])}

Job completed at Wed Mar 19 06:24:44 PM PDT 2025
