Starting job at Wed Mar 19 06:24:46 PM PDT 2025
Job parameters:
Dataset: data_cover_type
UQ Method: split_conformal_naive
Estimator: AdaBoost
Seed: 780
Train Size: 0.8
Running split_conformal_naive on data_cover_type with seed 780 and train size 0.8

starting experiment

data created

Fitting split_conformal_naive_AdaBoost on data_cover_type with seed 780

split_conformal_naive_AdaBoost metrics: {'coverage': np.float64(0.936), 'mean_width': np.float64(51.7525), 'median_width': np.float64(51.0), 'mean_width_scaled': np.float64(0.517525), 'median_width_scaled': np.float64(0.51)}

split_conformal_naive_AdaBoost full metrics: {'coverage': np.float64(0.936), 'mean_width': np.float64(51.7525), 'median_width': np.float64(51.0), 'mean_width_scaled': np.float64(0.517525), 'median_width_scaled': np.float64(0.51)}

split_conformal_naive_AdaBoost class metrics: {'class_coverage': array([1.  , 1.  , 1.  , 1.  , 1.  , 1.  , 1.  , 1.  , 1.  , 1.  , 1.  ,
       1.  , 1.  , 1.  , 0.95, 1.  , 1.  , 1.  , 1.  , 1.  , 0.  , 1.  ,
       1.  , 0.  , 1.  , 1.  , 1.  , 1.  , 0.6 , 1.  , 1.  , 0.9 , 1.  ,
       1.  , 1.  , 1.  , 1.  , 1.  , 0.95, 1.  , 1.  , 1.  , 0.8 , 1.  ,
       1.  , 1.  , 1.  , 1.  , 1.  , 1.  , 1.  , 1.  , 0.95, 1.  , 1.  ,
       1.  , 1.  , 1.  , 0.85, 0.9 , 1.  , 1.  , 0.95, 1.  , 1.  , 1.  ,
       1.  , 1.  , 1.  , 0.8 , 1.  , 1.  , 1.  , 0.95, 1.  , 1.  , 1.  ,
       1.  , 1.  , 1.  , 1.  , 1.  , 1.  , 1.  , 1.  , 1.  , 1.  , 1.  ,
       1.  , 1.  , 1.  , 1.  , 1.  , 1.  , 0.  , 0.  , 1.  , 1.  , 0.  ,
       1.  ]), 'class_mean_width': array([61.45, 57.05, 52.1 , 51.  , 61.45, 52.1 , 54.3 , 58.7 , 53.4 ,
       60.9 , 51.  , 61.65, 61.1 , 59.  , 59.8 , 62.  , 57.05, 51.  ,
       62.  , 55.95, 51.  , 58.55, 51.  , 51.  , 62.  , 51.  , 51.  ,
       44.05, 52.1 , 51.  , 51.  , 58.3 , 59.25, 52.65, 51.5 , 46.45,
       50.6 , 52.2 , 56.25, 60.9 , 39.  , 48.75, 57.05, 39.  , 62.  ,
       62.  , 48.3 , 39.  , 59.8 , 49.9 , 60.6 , 60.9 , 39.8 , 52.1 ,
       53.95, 51.  , 52.3 , 51.4 , 55.3 , 60.55, 47.6 , 60.5 , 61.1 ,
       39.  , 43.8 , 49.45, 62.  , 39.  , 48.75, 56.8 , 61.45, 55.05,
       39.  , 56.5 , 39.  , 39.  , 39.  , 39.  , 39.  , 39.  , 39.8 ,
       43.  , 39.  , 52.5 , 51.  , 51.  , 39.  , 39.  , 39.  , 60.  ,
       52.65, 59.25, 51.55, 51.  , 51.  , 51.  , 51.  , 51.  , 51.  ,
       51.  ]), 'class_median_width': array([62. , 62. , 51. , 51. , 62. , 51. , 51. , 62. , 51. , 62. , 51. ,
       62. , 62. , 62. , 62. , 62. , 62. , 51. , 62. , 51. , 51. , 62. ,
       51. , 51. , 62. , 51. , 51. , 39. , 58.5, 51. , 51. , 62. , 62. ,
       51. , 55. , 39. , 55. , 55. , 62. , 62. , 39. , 47. , 62. , 39. ,
       62. , 62. , 39. , 39. , 62. , 55. , 62. , 62. , 39. , 51. , 51. ,
       51. , 51. , 55. , 58.5, 62. , 39. , 62. , 62. , 39. , 39. , 47. ,
       62. , 39. , 47. , 62. , 62. , 51. , 39. , 62. , 39. , 39. , 39. ,
       39. , 39. , 39. , 39. , 39. , 39. , 51. , 51. , 51. , 39. , 39. ,
       39. , 62. , 51. , 62. , 51. , 51. , 51. , 51. , 51. , 51. , 51. ,
       51. ]), 'class_mean_width_scaled': array([0.6145, 0.5705, 0.521 , 0.51  , 0.6145, 0.521 , 0.543 , 0.587 ,
       0.534 , 0.609 , 0.51  , 0.6165, 0.611 , 0.59  , 0.598 , 0.62  ,
       0.5705, 0.51  , 0.62  , 0.5595, 0.51  , 0.5855, 0.51  , 0.51  ,
       0.62  , 0.51  , 0.51  , 0.4405, 0.521 , 0.51  , 0.51  , 0.583 ,
       0.5925, 0.5265, 0.515 , 0.4645, 0.506 , 0.522 , 0.5625, 0.609 ,
       0.39  , 0.4875, 0.5705, 0.39  , 0.62  , 0.62  , 0.483 , 0.39  ,
       0.598 , 0.499 , 0.606 , 0.609 , 0.398 , 0.521 , 0.5395, 0.51  ,
       0.523 , 0.514 , 0.553 , 0.6055, 0.476 , 0.605 , 0.611 , 0.39  ,
       0.438 , 0.4945, 0.62  , 0.39  , 0.4875, 0.568 , 0.6145, 0.5505,
       0.39  , 0.565 , 0.39  , 0.39  , 0.39  , 0.39  , 0.39  , 0.39  ,
       0.398 , 0.43  , 0.39  , 0.525 , 0.51  , 0.51  , 0.39  , 0.39  ,
       0.39  , 0.6   , 0.5265, 0.5925, 0.5155, 0.51  , 0.51  , 0.51  ,
       0.51  , 0.51  , 0.51  , 0.51  ]), 'class_median_width_scaled': array([0.62 , 0.62 , 0.51 , 0.51 , 0.62 , 0.51 , 0.51 , 0.62 , 0.51 ,
       0.62 , 0.51 , 0.62 , 0.62 , 0.62 , 0.62 , 0.62 , 0.62 , 0.51 ,
       0.62 , 0.51 , 0.51 , 0.62 , 0.51 , 0.51 , 0.62 , 0.51 , 0.51 ,
       0.39 , 0.585, 0.51 , 0.51 , 0.62 , 0.62 , 0.51 , 0.55 , 0.39 ,
       0.55 , 0.55 , 0.62 , 0.62 , 0.39 , 0.47 , 0.62 , 0.39 , 0.62 ,
       0.62 , 0.39 , 0.39 , 0.62 , 0.55 , 0.62 , 0.62 , 0.39 , 0.51 ,
       0.51 , 0.51 , 0.51 , 0.55 , 0.585, 0.62 , 0.39 , 0.62 , 0.62 ,
       0.39 , 0.39 , 0.47 , 0.62 , 0.39 , 0.47 , 0.62 , 0.62 , 0.51 ,
       0.39 , 0.62 , 0.39 , 0.39 , 0.39 , 0.39 , 0.39 , 0.39 , 0.39 ,
       0.39 , 0.39 , 0.51 , 0.51 , 0.51 , 0.39 , 0.39 , 0.39 , 0.62 ,
       0.51 , 0.62 , 0.51 , 0.51 , 0.51 , 0.51 , 0.51 , 0.51 , 0.51 ,
       0.51 ])}

split_conformal_naive_AdaBoost full class metrics: {'class_coverage': array([1.  , 1.  , 1.  , 1.  , 1.  , 1.  , 1.  , 1.  , 1.  , 1.  , 1.  ,
       1.  , 1.  , 1.  , 0.95, 1.  , 1.  , 1.  , 1.  , 1.  , 0.  , 1.  ,
       1.  , 0.  , 1.  , 1.  , 1.  , 1.  , 0.6 , 1.  , 1.  , 0.9 , 1.  ,
       1.  , 1.  , 1.  , 1.  , 1.  , 0.95, 1.  , 1.  , 1.  , 0.8 , 1.  ,
       1.  , 1.  , 1.  , 1.  , 1.  , 1.  , 1.  , 1.  , 0.95, 1.  , 1.  ,
       1.  , 1.  , 1.  , 0.85, 0.9 , 1.  , 1.  , 0.95, 1.  , 1.  , 1.  ,
       1.  , 1.  , 1.  , 0.8 , 1.  , 1.  , 1.  , 0.95, 1.  , 1.  , 1.  ,
       1.  , 1.  , 1.  , 1.  , 1.  , 1.  , 1.  , 1.  , 1.  , 1.  , 1.  ,
       1.  , 1.  , 1.  , 1.  , 1.  , 1.  , 0.  , 0.  , 1.  , 1.  , 0.  ,
       1.  ]), 'class_mean_width': array([61.45, 57.05, 52.1 , 51.  , 61.45, 52.1 , 54.3 , 58.7 , 53.4 ,
       60.9 , 51.  , 61.65, 61.1 , 59.  , 59.8 , 62.  , 57.05, 51.  ,
       62.  , 55.95, 51.  , 58.55, 51.  , 51.  , 62.  , 51.  , 51.  ,
       44.05, 52.1 , 51.  , 51.  , 58.3 , 59.25, 52.65, 51.5 , 46.45,
       50.6 , 52.2 , 56.25, 60.9 , 39.  , 48.75, 57.05, 39.  , 62.  ,
       62.  , 48.3 , 39.  , 59.8 , 49.9 , 60.6 , 60.9 , 39.8 , 52.1 ,
       53.95, 51.  , 52.3 , 51.4 , 55.3 , 60.55, 47.6 , 60.5 , 61.1 ,
       39.  , 43.8 , 49.45, 62.  , 39.  , 48.75, 56.8 , 61.45, 55.05,
       39.  , 56.5 , 39.  , 39.  , 39.  , 39.  , 39.  , 39.  , 39.8 ,
       43.  , 39.  , 52.5 , 51.  , 51.  , 39.  , 39.  , 39.  , 60.  ,
       52.65, 59.25, 51.55, 51.  , 51.  , 51.  , 51.  , 51.  , 51.  ,
       51.  ]), 'class_median_width': array([62. , 62. , 51. , 51. , 62. , 51. , 51. , 62. , 51. , 62. , 51. ,
       62. , 62. , 62. , 62. , 62. , 62. , 51. , 62. , 51. , 51. , 62. ,
       51. , 51. , 62. , 51. , 51. , 39. , 58.5, 51. , 51. , 62. , 62. ,
       51. , 55. , 39. , 55. , 55. , 62. , 62. , 39. , 47. , 62. , 39. ,
       62. , 62. , 39. , 39. , 62. , 55. , 62. , 62. , 39. , 51. , 51. ,
       51. , 51. , 55. , 58.5, 62. , 39. , 62. , 62. , 39. , 39. , 47. ,
       62. , 39. , 47. , 62. , 62. , 51. , 39. , 62. , 39. , 39. , 39. ,
       39. , 39. , 39. , 39. , 39. , 39. , 51. , 51. , 51. , 39. , 39. ,
       39. , 62. , 51. , 62. , 51. , 51. , 51. , 51. , 51. , 51. , 51. ,
       51. ]), 'class_mean_width_scaled': array([0.6145, 0.5705, 0.521 , 0.51  , 0.6145, 0.521 , 0.543 , 0.587 ,
       0.534 , 0.609 , 0.51  , 0.6165, 0.611 , 0.59  , 0.598 , 0.62  ,
       0.5705, 0.51  , 0.62  , 0.5595, 0.51  , 0.5855, 0.51  , 0.51  ,
       0.62  , 0.51  , 0.51  , 0.4405, 0.521 , 0.51  , 0.51  , 0.583 ,
       0.5925, 0.5265, 0.515 , 0.4645, 0.506 , 0.522 , 0.5625, 0.609 ,
       0.39  , 0.4875, 0.5705, 0.39  , 0.62  , 0.62  , 0.483 , 0.39  ,
       0.598 , 0.499 , 0.606 , 0.609 , 0.398 , 0.521 , 0.5395, 0.51  ,
       0.523 , 0.514 , 0.553 , 0.6055, 0.476 , 0.605 , 0.611 , 0.39  ,
       0.438 , 0.4945, 0.62  , 0.39  , 0.4875, 0.568 , 0.6145, 0.5505,
       0.39  , 0.565 , 0.39  , 0.39  , 0.39  , 0.39  , 0.39  , 0.39  ,
       0.398 , 0.43  , 0.39  , 0.525 , 0.51  , 0.51  , 0.39  , 0.39  ,
       0.39  , 0.6   , 0.5265, 0.5925, 0.5155, 0.51  , 0.51  , 0.51  ,
       0.51  , 0.51  , 0.51  , 0.51  ]), 'class_median_width_scaled': array([0.62 , 0.62 , 0.51 , 0.51 , 0.62 , 0.51 , 0.51 , 0.62 , 0.51 ,
       0.62 , 0.51 , 0.62 , 0.62 , 0.62 , 0.62 , 0.62 , 0.62 , 0.51 ,
       0.62 , 0.51 , 0.51 , 0.62 , 0.51 , 0.51 , 0.62 , 0.51 , 0.51 ,
       0.39 , 0.585, 0.51 , 0.51 , 0.62 , 0.62 , 0.51 , 0.55 , 0.39 ,
       0.55 , 0.55 , 0.62 , 0.62 , 0.39 , 0.47 , 0.62 , 0.39 , 0.62 ,
       0.62 , 0.39 , 0.39 , 0.62 , 0.55 , 0.62 , 0.62 , 0.39 , 0.51 ,
       0.51 , 0.51 , 0.51 , 0.55 , 0.585, 0.62 , 0.39 , 0.62 , 0.62 ,
       0.39 , 0.39 , 0.47 , 0.62 , 0.39 , 0.47 , 0.62 , 0.62 , 0.51 ,
       0.39 , 0.62 , 0.39 , 0.39 , 0.39 , 0.39 , 0.39 , 0.39 , 0.39 ,
       0.39 , 0.39 , 0.51 , 0.51 , 0.51 , 0.39 , 0.39 , 0.39 , 0.62 ,
       0.51 , 0.62 , 0.51 , 0.51 , 0.51 , 0.51 , 0.51 , 0.51 , 0.51 ,
       0.51 ])}

Job completed at Wed Mar 19 06:24:50 PM PDT 2025
