Starting job at Wed Mar 19 06:24:54 PM PDT 2025
Job parameters:
Dataset: data_cover_type
UQ Method: split_conformal_naive
Estimator: AdaBoost
Seed: 785
Train Size: 0.8
Running split_conformal_naive on data_cover_type with seed 785 and train size 0.8

starting experiment

data created

Fitting split_conformal_naive_AdaBoost on data_cover_type with seed 785

split_conformal_naive_AdaBoost metrics: {'coverage': np.float64(0.9775), 'mean_width': np.float64(53.328), 'median_width': np.float64(69.0), 'mean_width_scaled': np.float64(0.53328), 'median_width_scaled': np.float64(0.69)}

split_conformal_naive_AdaBoost full metrics: {'coverage': np.float64(0.9775), 'mean_width': np.float64(53.328), 'median_width': np.float64(69.0), 'mean_width_scaled': np.float64(0.53328), 'median_width_scaled': np.float64(0.69)}

split_conformal_naive_AdaBoost class metrics: {'class_coverage': array([1.  , 1.  , 1.  , 0.  , 1.  , 1.  , 1.  , 1.  , 1.  , 1.  , 1.  ,
       1.  , 1.  , 0.6 , 1.  , 1.  , 1.  , 1.  , 1.  , 0.95, 0.9 , 1.  ,
       1.  , 1.  , 1.  , 1.  , 1.  , 1.  , 1.  , 1.  , 1.  , 0.75, 0.95,
       1.  , 1.  , 1.  , 1.  , 1.  , 1.  , 1.  , 1.  , 1.  , 1.  , 1.  ,
       1.  , 1.  , 1.  , 1.  , 1.  , 1.  , 1.  , 1.  , 1.  , 1.  , 1.  ,
       1.  , 1.  , 1.  , 1.  , 1.  , 0.85, 1.  , 1.  , 1.  , 1.  , 1.  ,
       1.  , 1.  , 1.  , 1.  , 1.  , 1.  , 1.  , 1.  , 1.  , 1.  , 1.  ,
       1.  , 1.  , 1.  , 1.  , 0.95, 1.  , 1.  , 1.  , 1.  , 1.  , 1.  ,
       1.  , 1.  , 1.  , 1.  , 1.  , 1.  , 1.  , 1.  , 0.9 , 0.9 , 1.  ,
       1.  ]), 'class_mean_width': array([69.  , 68.6 , 31.9 , 28.  , 69.  , 38.25, 69.  , 69.  , 66.75,
       69.  , 50.55, 69.  , 69.  , 57.2 , 69.  , 69.  , 69.  , 28.  ,
       69.  , 67.55, 31.7 , 68.8 , 44.4 , 28.  , 69.  , 62.25, 69.  ,
       45.6 , 63.2 , 28.  , 28.  , 61.75, 67.15, 62.25, 49.75, 41.25,
       45.4 , 51.2 , 61.35, 69.  , 40.  , 48.5 , 62.8 , 40.  , 69.  ,
       69.  , 49.95, 40.  , 69.  , 52.45, 60.3 , 69.  , 40.  , 64.9 ,
       48.5 , 69.  , 50.35, 52.85, 63.2 , 69.  , 44.35, 61.55, 69.  ,
       40.  , 45.8 , 58.25, 69.  , 40.  , 55.75, 63.  , 69.  , 69.  ,
       40.  , 61.75, 40.  , 40.  , 40.  , 40.  , 40.  , 40.  , 40.  ,
       41.25, 40.  , 69.  , 41.75, 28.  , 40.  , 40.  , 40.  , 68.8 ,
       58.15, 69.  , 52.  , 28.  , 28.  , 69.  , 35.8 , 32.1 , 45.85,
       69.  ]), 'class_median_width': array([69. , 69. , 28. , 28. , 69. , 28. , 69. , 69. , 69. , 69. , 69. ,
       69. , 69. , 69. , 69. , 69. , 69. , 28. , 69. , 69. , 28. , 69. ,
       28. , 28. , 69. , 69. , 69. , 40. , 69. , 28. , 28. , 69. , 69. ,
       69. , 40. , 40. , 40. , 40. , 69. , 69. , 40. , 40. , 69. , 40. ,
       69. , 69. , 40. , 40. , 69. , 40. , 69. , 69. , 40. , 69. , 48.5,
       69. , 67. , 40. , 69. , 69. , 40. , 69. , 69. , 40. , 40. , 67. ,
       69. , 40. , 67. , 69. , 69. , 69. , 40. , 69. , 40. , 40. , 40. ,
       40. , 40. , 40. , 40. , 40. , 40. , 69. , 28. , 28. , 40. , 40. ,
       40. , 69. , 69. , 69. , 65. , 28. , 28. , 69. , 28. , 28. , 28. ,
       69. ]), 'class_mean_width_scaled': array([0.69  , 0.686 , 0.319 , 0.28  , 0.69  , 0.3825, 0.69  , 0.69  ,
       0.6675, 0.69  , 0.5055, 0.69  , 0.69  , 0.572 , 0.69  , 0.69  ,
       0.69  , 0.28  , 0.69  , 0.6755, 0.317 , 0.688 , 0.444 , 0.28  ,
       0.69  , 0.6225, 0.69  , 0.456 , 0.632 , 0.28  , 0.28  , 0.6175,
       0.6715, 0.6225, 0.4975, 0.4125, 0.454 , 0.512 , 0.6135, 0.69  ,
       0.4   , 0.485 , 0.628 , 0.4   , 0.69  , 0.69  , 0.4995, 0.4   ,
       0.69  , 0.5245, 0.603 , 0.69  , 0.4   , 0.649 , 0.485 , 0.69  ,
       0.5035, 0.5285, 0.632 , 0.69  , 0.4435, 0.6155, 0.69  , 0.4   ,
       0.458 , 0.5825, 0.69  , 0.4   , 0.5575, 0.63  , 0.69  , 0.69  ,
       0.4   , 0.6175, 0.4   , 0.4   , 0.4   , 0.4   , 0.4   , 0.4   ,
       0.4   , 0.4125, 0.4   , 0.69  , 0.4175, 0.28  , 0.4   , 0.4   ,
       0.4   , 0.688 , 0.5815, 0.69  , 0.52  , 0.28  , 0.28  , 0.69  ,
       0.358 , 0.321 , 0.4585, 0.69  ]), 'class_median_width_scaled': array([0.69 , 0.69 , 0.28 , 0.28 , 0.69 , 0.28 , 0.69 , 0.69 , 0.69 ,
       0.69 , 0.69 , 0.69 , 0.69 , 0.69 , 0.69 , 0.69 , 0.69 , 0.28 ,
       0.69 , 0.69 , 0.28 , 0.69 , 0.28 , 0.28 , 0.69 , 0.69 , 0.69 ,
       0.4  , 0.69 , 0.28 , 0.28 , 0.69 , 0.69 , 0.69 , 0.4  , 0.4  ,
       0.4  , 0.4  , 0.69 , 0.69 , 0.4  , 0.4  , 0.69 , 0.4  , 0.69 ,
       0.69 , 0.4  , 0.4  , 0.69 , 0.4  , 0.69 , 0.69 , 0.4  , 0.69 ,
       0.485, 0.69 , 0.67 , 0.4  , 0.69 , 0.69 , 0.4  , 0.69 , 0.69 ,
       0.4  , 0.4  , 0.67 , 0.69 , 0.4  , 0.67 , 0.69 , 0.69 , 0.69 ,
       0.4  , 0.69 , 0.4  , 0.4  , 0.4  , 0.4  , 0.4  , 0.4  , 0.4  ,
       0.4  , 0.4  , 0.69 , 0.28 , 0.28 , 0.4  , 0.4  , 0.4  , 0.69 ,
       0.69 , 0.69 , 0.65 , 0.28 , 0.28 , 0.69 , 0.28 , 0.28 , 0.28 ,
       0.69 ])}

split_conformal_naive_AdaBoost full class metrics: {'class_coverage': array([1.  , 1.  , 1.  , 0.  , 1.  , 1.  , 1.  , 1.  , 1.  , 1.  , 1.  ,
       1.  , 1.  , 0.6 , 1.  , 1.  , 1.  , 1.  , 1.  , 0.95, 0.9 , 1.  ,
       1.  , 1.  , 1.  , 1.  , 1.  , 1.  , 1.  , 1.  , 1.  , 0.75, 0.95,
       1.  , 1.  , 1.  , 1.  , 1.  , 1.  , 1.  , 1.  , 1.  , 1.  , 1.  ,
       1.  , 1.  , 1.  , 1.  , 1.  , 1.  , 1.  , 1.  , 1.  , 1.  , 1.  ,
       1.  , 1.  , 1.  , 1.  , 1.  , 0.85, 1.  , 1.  , 1.  , 1.  , 1.  ,
       1.  , 1.  , 1.  , 1.  , 1.  , 1.  , 1.  , 1.  , 1.  , 1.  , 1.  ,
       1.  , 1.  , 1.  , 1.  , 0.95, 1.  , 1.  , 1.  , 1.  , 1.  , 1.  ,
       1.  , 1.  , 1.  , 1.  , 1.  , 1.  , 1.  , 1.  , 0.9 , 0.9 , 1.  ,
       1.  ]), 'class_mean_width': array([69.  , 68.6 , 31.9 , 28.  , 69.  , 38.25, 69.  , 69.  , 66.75,
       69.  , 50.55, 69.  , 69.  , 57.2 , 69.  , 69.  , 69.  , 28.  ,
       69.  , 67.55, 31.7 , 68.8 , 44.4 , 28.  , 69.  , 62.25, 69.  ,
       45.6 , 63.2 , 28.  , 28.  , 61.75, 67.15, 62.25, 49.75, 41.25,
       45.4 , 51.2 , 61.35, 69.  , 40.  , 48.5 , 62.8 , 40.  , 69.  ,
       69.  , 49.95, 40.  , 69.  , 52.45, 60.3 , 69.  , 40.  , 64.9 ,
       48.5 , 69.  , 50.35, 52.85, 63.2 , 69.  , 44.35, 61.55, 69.  ,
       40.  , 45.8 , 58.25, 69.  , 40.  , 55.75, 63.  , 69.  , 69.  ,
       40.  , 61.75, 40.  , 40.  , 40.  , 40.  , 40.  , 40.  , 40.  ,
       41.25, 40.  , 69.  , 41.75, 28.  , 40.  , 40.  , 40.  , 68.8 ,
       58.15, 69.  , 52.  , 28.  , 28.  , 69.  , 35.8 , 32.1 , 45.85,
       69.  ]), 'class_median_width': array([69. , 69. , 28. , 28. , 69. , 28. , 69. , 69. , 69. , 69. , 69. ,
       69. , 69. , 69. , 69. , 69. , 69. , 28. , 69. , 69. , 28. , 69. ,
       28. , 28. , 69. , 69. , 69. , 40. , 69. , 28. , 28. , 69. , 69. ,
       69. , 40. , 40. , 40. , 40. , 69. , 69. , 40. , 40. , 69. , 40. ,
       69. , 69. , 40. , 40. , 69. , 40. , 69. , 69. , 40. , 69. , 48.5,
       69. , 67. , 40. , 69. , 69. , 40. , 69. , 69. , 40. , 40. , 67. ,
       69. , 40. , 67. , 69. , 69. , 69. , 40. , 69. , 40. , 40. , 40. ,
       40. , 40. , 40. , 40. , 40. , 40. , 69. , 28. , 28. , 40. , 40. ,
       40. , 69. , 69. , 69. , 65. , 28. , 28. , 69. , 28. , 28. , 28. ,
       69. ]), 'class_mean_width_scaled': array([0.69  , 0.686 , 0.319 , 0.28  , 0.69  , 0.3825, 0.69  , 0.69  ,
       0.6675, 0.69  , 0.5055, 0.69  , 0.69  , 0.572 , 0.69  , 0.69  ,
       0.69  , 0.28  , 0.69  , 0.6755, 0.317 , 0.688 , 0.444 , 0.28  ,
       0.69  , 0.6225, 0.69  , 0.456 , 0.632 , 0.28  , 0.28  , 0.6175,
       0.6715, 0.6225, 0.4975, 0.4125, 0.454 , 0.512 , 0.6135, 0.69  ,
       0.4   , 0.485 , 0.628 , 0.4   , 0.69  , 0.69  , 0.4995, 0.4   ,
       0.69  , 0.5245, 0.603 , 0.69  , 0.4   , 0.649 , 0.485 , 0.69  ,
       0.5035, 0.5285, 0.632 , 0.69  , 0.4435, 0.6155, 0.69  , 0.4   ,
       0.458 , 0.5825, 0.69  , 0.4   , 0.5575, 0.63  , 0.69  , 0.69  ,
       0.4   , 0.6175, 0.4   , 0.4   , 0.4   , 0.4   , 0.4   , 0.4   ,
       0.4   , 0.4125, 0.4   , 0.69  , 0.4175, 0.28  , 0.4   , 0.4   ,
       0.4   , 0.688 , 0.5815, 0.69  , 0.52  , 0.28  , 0.28  , 0.69  ,
       0.358 , 0.321 , 0.4585, 0.69  ]), 'class_median_width_scaled': array([0.69 , 0.69 , 0.28 , 0.28 , 0.69 , 0.28 , 0.69 , 0.69 , 0.69 ,
       0.69 , 0.69 , 0.69 , 0.69 , 0.69 , 0.69 , 0.69 , 0.69 , 0.28 ,
       0.69 , 0.69 , 0.28 , 0.69 , 0.28 , 0.28 , 0.69 , 0.69 , 0.69 ,
       0.4  , 0.69 , 0.28 , 0.28 , 0.69 , 0.69 , 0.69 , 0.4  , 0.4  ,
       0.4  , 0.4  , 0.69 , 0.69 , 0.4  , 0.4  , 0.69 , 0.4  , 0.69 ,
       0.69 , 0.4  , 0.4  , 0.69 , 0.4  , 0.69 , 0.69 , 0.4  , 0.69 ,
       0.485, 0.69 , 0.67 , 0.4  , 0.69 , 0.69 , 0.4  , 0.69 , 0.69 ,
       0.4  , 0.4  , 0.67 , 0.69 , 0.4  , 0.67 , 0.69 , 0.69 , 0.69 ,
       0.4  , 0.69 , 0.4  , 0.4  , 0.4  , 0.4  , 0.4  , 0.4  , 0.4  ,
       0.4  , 0.4  , 0.69 , 0.28 , 0.28 , 0.4  , 0.4  , 0.4  , 0.69 ,
       0.69 , 0.69 , 0.65 , 0.28 , 0.28 , 0.69 , 0.28 , 0.28 , 0.28 ,
       0.69 ])}

Job completed at Wed Mar 19 06:24:58 PM PDT 2025
