Starting job at Thu Mar 20 05:03:05 PM PDT 2025
Job parameters:
Dataset: data_language
UQ Method: split_conformal_aps
Estimator: HistGradientBoosting
Seed: 779
Train Size: 0.8
Running split_conformal_aps on data_language with seed 779 and train size 0.8

starting experiment

data created

Fitting split_conformal_aps_HistGradientBoosting on data_language with seed 779

split_conformal_aps_HistGradientBoosting metrics: {'coverage': np.float64(0.895), 'mean_width': np.float64(15.025), 'median_width': np.float64(14.0), 'mean_width_scaled': np.float64(0.5008333333333334), 'median_width_scaled': np.float64(0.4666666666666667)}

split_conformal_aps_HistGradientBoosting full metrics: {'coverage': np.float64(0.895), 'mean_width': np.float64(15.025), 'median_width': np.float64(14.0), 'mean_width_scaled': np.float64(0.5008333333333334), 'median_width_scaled': np.float64(0.4666666666666667)}

split_conformal_aps_HistGradientBoosting class metrics: {'class_coverage': array([0.66666667, 1.        , 1.        , 0.66666667, 0.85714286,
       1.        , 1.        , 0.83333333, 0.875     , 0.83333333,
       1.        , 1.        , 1.        , 1.        , 0.5       ,
       1.        , 1.        , 0.33333333, 0.66666667, 0.85714286,
       0.8       , 1.        , 1.        , 1.        , 0.83333333,
       1.        , 1.        , 0.66666667, 0.83333333, 0.5       ]), 'class_mean_width': array([12.        , 15.2       , 13.66666667, 12.33333333, 15.85714286,
       14.7       , 15.2       , 10.83333333, 14.6875    , 19.16666667,
       16.4       , 23.        , 14.33333333, 14.        , 18.5       ,
       12.77777778, 16.6       , 13.66666667, 18.66666667, 15.28571429,
       15.2       , 15.46666667, 14.16666667, 12.4375    , 18.83333333,
       15.2       , 26.        , 20.16666667, 16.33333333, 13.        ]), 'class_median_width': array([11. , 14. , 14. , 10. , 15. , 12.5, 14. , 10.5, 13.5, 18.5, 15. ,
       23. , 13. , 16. , 18.5, 14. , 15. , 12. , 15. , 13. , 15. , 15. ,
       13.5, 12. , 22. , 13. , 26. , 22. , 17. , 13. ]), 'class_mean_width_scaled': array([0.4       , 0.50666667, 0.45555556, 0.41111111, 0.52857143,
       0.49      , 0.50666667, 0.36111111, 0.48958333, 0.63888889,
       0.54666667, 0.76666667, 0.47777778, 0.46666667, 0.61666667,
       0.42592593, 0.55333333, 0.45555556, 0.62222222, 0.50952381,
       0.50666667, 0.51555556, 0.47222222, 0.41458333, 0.62777778,
       0.50666667, 0.86666667, 0.67222222, 0.54444444, 0.43333333]), 'class_median_width_scaled': array([0.36666667, 0.46666667, 0.46666667, 0.33333333, 0.5       ,
       0.41666667, 0.46666667, 0.35      , 0.45      , 0.61666667,
       0.5       , 0.76666667, 0.43333333, 0.53333333, 0.61666667,
       0.46666667, 0.5       , 0.4       , 0.5       , 0.43333333,
       0.5       , 0.5       , 0.45      , 0.4       , 0.73333333,
       0.43333333, 0.86666667, 0.73333333, 0.56666667, 0.43333333])}

split_conformal_aps_HistGradientBoosting full class metrics: {'class_coverage': array([0.66666667, 1.        , 1.        , 0.66666667, 0.85714286,
       1.        , 1.        , 0.83333333, 0.875     , 0.83333333,
       1.        , 1.        , 1.        , 1.        , 0.5       ,
       1.        , 1.        , 0.33333333, 0.66666667, 0.85714286,
       0.8       , 1.        , 1.        , 1.        , 0.83333333,
       1.        , 1.        , 0.66666667, 0.83333333, 0.5       ]), 'class_mean_width': array([12.        , 15.2       , 13.66666667, 12.33333333, 15.85714286,
       14.7       , 15.2       , 10.83333333, 14.6875    , 19.16666667,
       16.4       , 23.        , 14.33333333, 14.        , 18.5       ,
       12.77777778, 16.6       , 13.66666667, 18.66666667, 15.28571429,
       15.2       , 15.46666667, 14.16666667, 12.4375    , 18.83333333,
       15.2       , 26.        , 20.16666667, 16.33333333, 13.        ]), 'class_median_width': array([11. , 14. , 14. , 10. , 15. , 12.5, 14. , 10.5, 13.5, 18.5, 15. ,
       23. , 13. , 16. , 18.5, 14. , 15. , 12. , 15. , 13. , 15. , 15. ,
       13.5, 12. , 22. , 13. , 26. , 22. , 17. , 13. ]), 'class_mean_width_scaled': array([0.4       , 0.50666667, 0.45555556, 0.41111111, 0.52857143,
       0.49      , 0.50666667, 0.36111111, 0.48958333, 0.63888889,
       0.54666667, 0.76666667, 0.47777778, 0.46666667, 0.61666667,
       0.42592593, 0.55333333, 0.45555556, 0.62222222, 0.50952381,
       0.50666667, 0.51555556, 0.47222222, 0.41458333, 0.62777778,
       0.50666667, 0.86666667, 0.67222222, 0.54444444, 0.43333333]), 'class_median_width_scaled': array([0.36666667, 0.46666667, 0.46666667, 0.33333333, 0.5       ,
       0.41666667, 0.46666667, 0.35      , 0.45      , 0.61666667,
       0.5       , 0.76666667, 0.43333333, 0.53333333, 0.61666667,
       0.46666667, 0.5       , 0.4       , 0.5       , 0.43333333,
       0.5       , 0.5       , 0.45      , 0.4       , 0.73333333,
       0.43333333, 0.86666667, 0.73333333, 0.56666667, 0.43333333])}

Job completed at Thu Mar 20 05:03:10 PM PDT 2025
