Starting job at Thu Mar 20 05:03:05 PM PDT 2025
Job parameters:
Dataset: data_language
UQ Method: split_conformal_aps
Estimator: HistGradientBoosting
Seed: 781
Train Size: 0.8
Running split_conformal_aps on data_language with seed 781 and train size 0.8

starting experiment

data created

Fitting split_conformal_aps_HistGradientBoosting on data_language with seed 781

split_conformal_aps_HistGradientBoosting metrics: {'coverage': np.float64(0.915), 'mean_width': np.float64(15.11), 'median_width': np.float64(15.0), 'mean_width_scaled': np.float64(0.5036666666666666), 'median_width_scaled': np.float64(0.5)}

split_conformal_aps_HistGradientBoosting full metrics: {'coverage': np.float64(0.915), 'mean_width': np.float64(15.11), 'median_width': np.float64(15.0), 'mean_width_scaled': np.float64(0.5036666666666666), 'median_width_scaled': np.float64(0.5)}

split_conformal_aps_HistGradientBoosting class metrics: {'class_coverage': array([1.        , 0.6       , 1.        , 1.        , 1.        ,
       0.9       , 1.        , 1.        , 0.9375    , 1.        ,
       1.        , 1.        , 0.83333333, 1.        , 0.5       ,
       1.        , 0.8       , 1.        , 1.        , 0.85714286,
       0.9       , 0.93333333, 1.        , 0.875     , 0.83333333,
       1.        , 1.        , 0.5       , 1.        , 0.5       ]), 'class_mean_width': array([10.44444444, 14.        , 21.66666667, 18.        , 17.85714286,
       16.2       , 16.4       , 11.        , 11.4375    , 16.33333333,
       21.4       , 20.        , 15.83333333, 20.5       , 17.        ,
       17.33333333, 12.8       , 19.66666667, 16.66666667, 12.85714286,
       18.3       , 16.13333333,  8.33333333, 11.4375    , 12.16666667,
       15.6       , 17.        , 13.83333333, 19.        , 19.        ]), 'class_median_width': array([10. , 13. , 22. , 21. , 22. , 15.5, 18. , 11. , 12. , 15.5, 24. ,
       20. , 18.5, 21.5, 17. , 19. , 16. , 19. , 19. , 14. , 19. , 15. ,
        9. ,  9.5, 11. , 13. , 17. , 14.5, 20.5, 19. ]), 'class_mean_width_scaled': array([0.34814815, 0.46666667, 0.72222222, 0.6       , 0.5952381 ,
       0.54      , 0.54666667, 0.36666667, 0.38125   , 0.54444444,
       0.71333333, 0.66666667, 0.52777778, 0.68333333, 0.56666667,
       0.57777778, 0.42666667, 0.65555556, 0.55555556, 0.42857143,
       0.61      , 0.53777778, 0.27777778, 0.38125   , 0.40555556,
       0.52      , 0.56666667, 0.46111111, 0.63333333, 0.63333333]), 'class_median_width_scaled': array([0.33333333, 0.43333333, 0.73333333, 0.7       , 0.73333333,
       0.51666667, 0.6       , 0.36666667, 0.4       , 0.51666667,
       0.8       , 0.66666667, 0.61666667, 0.71666667, 0.56666667,
       0.63333333, 0.53333333, 0.63333333, 0.63333333, 0.46666667,
       0.63333333, 0.5       , 0.3       , 0.31666667, 0.36666667,
       0.43333333, 0.56666667, 0.48333333, 0.68333333, 0.63333333])}

split_conformal_aps_HistGradientBoosting full class metrics: {'class_coverage': array([1.        , 0.6       , 1.        , 1.        , 1.        ,
       0.9       , 1.        , 1.        , 0.9375    , 1.        ,
       1.        , 1.        , 0.83333333, 1.        , 0.5       ,
       1.        , 0.8       , 1.        , 1.        , 0.85714286,
       0.9       , 0.93333333, 1.        , 0.875     , 0.83333333,
       1.        , 1.        , 0.5       , 1.        , 0.5       ]), 'class_mean_width': array([10.44444444, 14.        , 21.66666667, 18.        , 17.85714286,
       16.2       , 16.4       , 11.        , 11.4375    , 16.33333333,
       21.4       , 20.        , 15.83333333, 20.5       , 17.        ,
       17.33333333, 12.8       , 19.66666667, 16.66666667, 12.85714286,
       18.3       , 16.13333333,  8.33333333, 11.4375    , 12.16666667,
       15.6       , 17.        , 13.83333333, 19.        , 19.        ]), 'class_median_width': array([10. , 13. , 22. , 21. , 22. , 15.5, 18. , 11. , 12. , 15.5, 24. ,
       20. , 18.5, 21.5, 17. , 19. , 16. , 19. , 19. , 14. , 19. , 15. ,
        9. ,  9.5, 11. , 13. , 17. , 14.5, 20.5, 19. ]), 'class_mean_width_scaled': array([0.34814815, 0.46666667, 0.72222222, 0.6       , 0.5952381 ,
       0.54      , 0.54666667, 0.36666667, 0.38125   , 0.54444444,
       0.71333333, 0.66666667, 0.52777778, 0.68333333, 0.56666667,
       0.57777778, 0.42666667, 0.65555556, 0.55555556, 0.42857143,
       0.61      , 0.53777778, 0.27777778, 0.38125   , 0.40555556,
       0.52      , 0.56666667, 0.46111111, 0.63333333, 0.63333333]), 'class_median_width_scaled': array([0.33333333, 0.43333333, 0.73333333, 0.7       , 0.73333333,
       0.51666667, 0.6       , 0.36666667, 0.4       , 0.51666667,
       0.8       , 0.66666667, 0.61666667, 0.71666667, 0.56666667,
       0.63333333, 0.53333333, 0.63333333, 0.63333333, 0.46666667,
       0.63333333, 0.5       , 0.3       , 0.31666667, 0.36666667,
       0.43333333, 0.56666667, 0.48333333, 0.68333333, 0.63333333])}

Job completed at Thu Mar 20 05:03:11 PM PDT 2025
