Starting job at Thu Mar 20 05:03:04 PM PDT 2025
Job parameters:
Dataset: data_language
UQ Method: split_conformal_aps
Estimator: HistGradientBoosting
Seed: 786
Train Size: 0.8
Running split_conformal_aps on data_language with seed 786 and train size 0.8

starting experiment

data created

Fitting split_conformal_aps_HistGradientBoosting on data_language with seed 786

split_conformal_aps_HistGradientBoosting metrics: {'coverage': np.float64(0.915), 'mean_width': np.float64(13.66), 'median_width': np.float64(13.5), 'mean_width_scaled': np.float64(0.4553333333333333), 'median_width_scaled': np.float64(0.45)}

split_conformal_aps_HistGradientBoosting full metrics: {'coverage': np.float64(0.915), 'mean_width': np.float64(13.66), 'median_width': np.float64(13.5), 'mean_width_scaled': np.float64(0.4553333333333333), 'median_width_scaled': np.float64(0.45)}

split_conformal_aps_HistGradientBoosting class metrics: {'class_coverage': array([1.        , 0.8       , 0.66666667, 0.66666667, 1.        ,
       1.        , 1.        , 0.83333333, 1.        , 0.83333333,
       0.8       , 1.        , 0.66666667, 1.        , 1.        ,
       1.        , 1.        , 0.33333333, 0.66666667, 1.        ,
       0.9       , 1.        , 0.66666667, 1.        , 1.        ,
       0.8       , 0.        , 1.        , 1.        , 0.5       ]), 'class_mean_width': array([11.77777778, 10.6       , 12.33333333, 19.66666667, 12.28571429,
       15.4       , 15.8       ,  8.83333333,  8.8125    , 16.16666667,
       15.4       , 27.        , 11.83333333, 15.        , 18.        ,
       11.55555556, 13.2       ,  7.33333333, 10.66666667, 16.        ,
       14.3       , 16.8       , 14.        , 11.375     , 16.        ,
       18.4       , 10.        , 13.33333333, 14.83333333, 22.        ]), 'class_median_width': array([12. , 10. , 13. , 22. , 11. , 14.5, 15. , 10.5,  9. , 17. , 17. ,
       27. , 11. , 16. , 18. , 11. , 16. ,  5. , 10. , 18. , 15. , 17. ,
       15. , 11.5, 17. , 18. , 10. , 14.5, 13. , 22. ]), 'class_mean_width_scaled': array([0.39259259, 0.35333333, 0.41111111, 0.65555556, 0.40952381,
       0.51333333, 0.52666667, 0.29444444, 0.29375   , 0.53888889,
       0.51333333, 0.9       , 0.39444444, 0.5       , 0.6       ,
       0.38518519, 0.44      , 0.24444444, 0.35555556, 0.53333333,
       0.47666667, 0.56      , 0.46666667, 0.37916667, 0.53333333,
       0.61333333, 0.33333333, 0.44444444, 0.49444444, 0.73333333]), 'class_median_width_scaled': array([0.4       , 0.33333333, 0.43333333, 0.73333333, 0.36666667,
       0.48333333, 0.5       , 0.35      , 0.3       , 0.56666667,
       0.56666667, 0.9       , 0.36666667, 0.53333333, 0.6       ,
       0.36666667, 0.53333333, 0.16666667, 0.33333333, 0.6       ,
       0.5       , 0.56666667, 0.5       , 0.38333333, 0.56666667,
       0.6       , 0.33333333, 0.48333333, 0.43333333, 0.73333333])}

split_conformal_aps_HistGradientBoosting full class metrics: {'class_coverage': array([1.        , 0.8       , 0.66666667, 0.66666667, 1.        ,
       1.        , 1.        , 0.83333333, 1.        , 0.83333333,
       0.8       , 1.        , 0.66666667, 1.        , 1.        ,
       1.        , 1.        , 0.33333333, 0.66666667, 1.        ,
       0.9       , 1.        , 0.66666667, 1.        , 1.        ,
       0.8       , 0.        , 1.        , 1.        , 0.5       ]), 'class_mean_width': array([11.77777778, 10.6       , 12.33333333, 19.66666667, 12.28571429,
       15.4       , 15.8       ,  8.83333333,  8.8125    , 16.16666667,
       15.4       , 27.        , 11.83333333, 15.        , 18.        ,
       11.55555556, 13.2       ,  7.33333333, 10.66666667, 16.        ,
       14.3       , 16.8       , 14.        , 11.375     , 16.        ,
       18.4       , 10.        , 13.33333333, 14.83333333, 22.        ]), 'class_median_width': array([12. , 10. , 13. , 22. , 11. , 14.5, 15. , 10.5,  9. , 17. , 17. ,
       27. , 11. , 16. , 18. , 11. , 16. ,  5. , 10. , 18. , 15. , 17. ,
       15. , 11.5, 17. , 18. , 10. , 14.5, 13. , 22. ]), 'class_mean_width_scaled': array([0.39259259, 0.35333333, 0.41111111, 0.65555556, 0.40952381,
       0.51333333, 0.52666667, 0.29444444, 0.29375   , 0.53888889,
       0.51333333, 0.9       , 0.39444444, 0.5       , 0.6       ,
       0.38518519, 0.44      , 0.24444444, 0.35555556, 0.53333333,
       0.47666667, 0.56      , 0.46666667, 0.37916667, 0.53333333,
       0.61333333, 0.33333333, 0.44444444, 0.49444444, 0.73333333]), 'class_median_width_scaled': array([0.4       , 0.33333333, 0.43333333, 0.73333333, 0.36666667,
       0.48333333, 0.5       , 0.35      , 0.3       , 0.56666667,
       0.56666667, 0.9       , 0.36666667, 0.53333333, 0.6       ,
       0.36666667, 0.53333333, 0.16666667, 0.33333333, 0.6       ,
       0.5       , 0.56666667, 0.5       , 0.38333333, 0.56666667,
       0.6       , 0.33333333, 0.48333333, 0.43333333, 0.73333333])}

Job completed at Thu Mar 20 05:03:10 PM PDT 2025
