Starting job at Wed Mar 19 06:24:32 PM PDT 2025
Job parameters:
Dataset: data_chess
UQ Method: split_conformal_naive
Estimator: RandomForest
Seed: 780
Train Size: 0.8
Running split_conformal_naive on data_chess with seed 780 and train size 0.8

starting experiment

data created

Fitting split_conformal_naive_RandomForest on data_chess with seed 780

split_conformal_naive_RandomForest metrics: {'coverage': np.float64(0.920527441197434), 'mean_width': np.float64(5.829294369208839), 'median_width': np.float64(6.0), 'mean_width_scaled': np.float64(0.3238496871782688), 'median_width_scaled': np.float64(0.3333333333333333)}

split_conformal_naive_RandomForest full metrics: {'coverage': np.float64(0.920527441197434), 'mean_width': np.float64(5.829294369208839), 'median_width': np.float64(6.0), 'mean_width_scaled': np.float64(0.3238496871782688), 'median_width_scaled': np.float64(0.3333333333333333)}

split_conformal_naive_RandomForest class metrics: {'class_coverage': array([0.92665474, 0.8641115 , 0.90192644, 0.98383372, 0.73404255,
       0.6       , 0.99231614, 0.83625731, 0.625     , 0.7080292 ,
       0.89830508, 0.83333333, 0.91183879, 0.96543504, 0.6875    ,
       0.92361111, 0.95918367, 0.6       ]), 'class_mean_width': array([5.83363148, 5.96864111, 5.92469352, 5.31639723, 7.23404255,
       7.05      , 5.52579583, 6.05847953, 8.125     , 6.28467153,
       6.33050847, 5.23076923, 6.05541562, 5.6340882 , 7.5625    ,
       5.73194444, 8.48979592, 9.2       ]), 'class_median_width': array([6., 6., 6., 5., 7., 7., 5., 6., 8., 6., 6., 5., 6., 6., 7., 6., 8.,
       9.]), 'class_mean_width_scaled': array([0.32409064, 0.33159117, 0.32914964, 0.2953554 , 0.40189125,
       0.39166667, 0.30698866, 0.3365822 , 0.45138889, 0.34914842,
       0.35169492, 0.29059829, 0.33641198, 0.3130049 , 0.42013889,
       0.31844136, 0.47165533, 0.51111111]), 'class_median_width_scaled': array([0.33333333, 0.33333333, 0.33333333, 0.27777778, 0.38888889,
       0.38888889, 0.27777778, 0.33333333, 0.44444444, 0.33333333,
       0.33333333, 0.27777778, 0.33333333, 0.33333333, 0.38888889,
       0.33333333, 0.44444444, 0.5       ])}

split_conformal_naive_RandomForest full class metrics: {'class_coverage': array([0.92665474, 0.8641115 , 0.90192644, 0.98383372, 0.73404255,
       0.6       , 0.99231614, 0.83625731, 0.625     , 0.7080292 ,
       0.89830508, 0.83333333, 0.91183879, 0.96543504, 0.6875    ,
       0.92361111, 0.95918367, 0.6       ]), 'class_mean_width': array([5.83363148, 5.96864111, 5.92469352, 5.31639723, 7.23404255,
       7.05      , 5.52579583, 6.05847953, 8.125     , 6.28467153,
       6.33050847, 5.23076923, 6.05541562, 5.6340882 , 7.5625    ,
       5.73194444, 8.48979592, 9.2       ]), 'class_median_width': array([6., 6., 6., 5., 7., 7., 5., 6., 8., 6., 6., 5., 6., 6., 7., 6., 8.,
       9.]), 'class_mean_width_scaled': array([0.32409064, 0.33159117, 0.32914964, 0.2953554 , 0.40189125,
       0.39166667, 0.30698866, 0.3365822 , 0.45138889, 0.34914842,
       0.35169492, 0.29059829, 0.33641198, 0.3130049 , 0.42013889,
       0.31844136, 0.47165533, 0.51111111]), 'class_median_width_scaled': array([0.33333333, 0.33333333, 0.33333333, 0.27777778, 0.38888889,
       0.38888889, 0.27777778, 0.33333333, 0.44444444, 0.33333333,
       0.33333333, 0.27777778, 0.33333333, 0.33333333, 0.38888889,
       0.33333333, 0.44444444, 0.5       ])}

Job completed at Wed Mar 19 06:24:35 PM PDT 2025
