Starting job at Wed Mar 19 06:24:39 PM PDT 2025
Job parameters:
Dataset: data_chess
UQ Method: split_conformal_naive
Estimator: RandomForest
Seed: 786
Train Size: 0.8
Running split_conformal_naive on data_chess with seed 786 and train size 0.8

starting experiment

data created

Fitting split_conformal_naive_RandomForest on data_chess with seed 786

split_conformal_naive_RandomForest metrics: {'coverage': np.float64(0.9178545972915182), 'mean_width': np.float64(5.846044191019245), 'median_width': np.float64(6.0), 'mean_width_scaled': np.float64(0.3247802328344025), 'median_width_scaled': np.float64(0.3333333333333333)}

split_conformal_naive_RandomForest full metrics: {'coverage': np.float64(0.9178545972915182), 'mean_width': np.float64(5.846044191019245), 'median_width': np.float64(6.0), 'mean_width_scaled': np.float64(0.3247802328344025), 'median_width_scaled': np.float64(0.3333333333333333)}

split_conformal_naive_RandomForest class metrics: {'class_coverage': array([0.92307692, 0.8989547 , 0.8966725 , 0.95150115, 0.81914894,
       0.75      , 0.98682766, 0.84795322, 0.375     , 0.65693431,
       0.84745763, 0.85897436, 0.85642317, 0.97020262, 0.5625    ,
       0.95277778, 0.89795918, 0.2       ]), 'class_mean_width': array([5.74955277, 6.31707317, 5.83012259, 5.34180139, 7.19148936,
       7.325     , 5.47859495, 6.14619883, 7.375     , 6.74452555,
       7.05084746, 5.44871795, 6.14609572, 5.47318236, 8.        ,
       5.84027778, 7.71428571, 7.        ]), 'class_median_width': array([6. , 6. , 6. , 5. , 7. , 7. , 5. , 6. , 7.5, 7. , 7. , 5.5, 6. ,
       5. , 8. , 6. , 8. , 7. ]), 'class_mean_width_scaled': array([0.3194196 , 0.35094851, 0.3238957 , 0.29676674, 0.39952719,
       0.40694444, 0.30436639, 0.34145549, 0.40972222, 0.37469586,
       0.39171375, 0.30270655, 0.34144976, 0.30406569, 0.44444444,
       0.32445988, 0.42857143, 0.38888889]), 'class_median_width_scaled': array([0.33333333, 0.33333333, 0.33333333, 0.27777778, 0.38888889,
       0.38888889, 0.27777778, 0.33333333, 0.41666667, 0.38888889,
       0.38888889, 0.30555556, 0.33333333, 0.27777778, 0.44444444,
       0.33333333, 0.44444444, 0.38888889])}

split_conformal_naive_RandomForest full class metrics: {'class_coverage': array([0.92307692, 0.8989547 , 0.8966725 , 0.95150115, 0.81914894,
       0.75      , 0.98682766, 0.84795322, 0.375     , 0.65693431,
       0.84745763, 0.85897436, 0.85642317, 0.97020262, 0.5625    ,
       0.95277778, 0.89795918, 0.2       ]), 'class_mean_width': array([5.74955277, 6.31707317, 5.83012259, 5.34180139, 7.19148936,
       7.325     , 5.47859495, 6.14619883, 7.375     , 6.74452555,
       7.05084746, 5.44871795, 6.14609572, 5.47318236, 8.        ,
       5.84027778, 7.71428571, 7.        ]), 'class_median_width': array([6. , 6. , 6. , 5. , 7. , 7. , 5. , 6. , 7.5, 7. , 7. , 5.5, 6. ,
       5. , 8. , 6. , 8. , 7. ]), 'class_mean_width_scaled': array([0.3194196 , 0.35094851, 0.3238957 , 0.29676674, 0.39952719,
       0.40694444, 0.30436639, 0.34145549, 0.40972222, 0.37469586,
       0.39171375, 0.30270655, 0.34144976, 0.30406569, 0.44444444,
       0.32445988, 0.42857143, 0.38888889]), 'class_median_width_scaled': array([0.33333333, 0.33333333, 0.33333333, 0.27777778, 0.38888889,
       0.38888889, 0.27777778, 0.33333333, 0.41666667, 0.38888889,
       0.38888889, 0.30555556, 0.33333333, 0.27777778, 0.44444444,
       0.33333333, 0.44444444, 0.38888889])}

Job completed at Wed Mar 19 06:24:41 PM PDT 2025
