Starting job at Wed Mar 19 06:27:41 PM PDT 2025
Job parameters:
Dataset: data_chess
UQ Method: split_conformal_lac
Estimator: AdaBoost
Seed: 784
Train Size: 0.8
Running split_conformal_lac on data_chess with seed 784 and train size 0.8

starting experiment

data created

Fitting split_conformal_lac_AdaBoost on data_chess with seed 784

split_conformal_lac_AdaBoost metrics: {'coverage': np.float64(0.9076977904490378), 'mean_width': np.float64(13.157163221667854), 'median_width': np.float64(15.0), 'mean_width_scaled': np.float64(0.7309535123148808), 'median_width_scaled': np.float64(0.8333333333333334)}

split_conformal_lac_AdaBoost full metrics: {'coverage': np.float64(0.9076977904490378), 'mean_width': np.float64(13.157163221667854), 'median_width': np.float64(15.0), 'mean_width_scaled': np.float64(0.7309535123148808), 'median_width_scaled': np.float64(0.8333333333333334)}

split_conformal_lac_AdaBoost class metrics: {'class_coverage': array([0.93381038, 0.74216028, 0.92294221, 1.        , 0.54255319,
       0.8       , 0.99451153, 0.90935673, 0.75      , 0.65693431,
       0.71186441, 1.        , 0.8790932 , 0.93682956, 0.6875    ,
       0.90277778, 0.7755102 , 0.2       ]), 'class_mean_width': array([13.15742397, 12.44250871, 12.18563923, 15.        , 10.71276596,
       13.2       , 14.92864984, 12.08479532, 11.9375    , 11.7080292 ,
       12.23728814, 15.        , 11.65994962, 14.24553039,  8.6875    ,
       11.92361111,  9.10204082,  6.2       ]), 'class_median_width': array([15., 15., 15., 15., 15., 15., 15., 15., 15., 15., 15., 15., 15.,
       15.,  6., 15.,  6.,  6.]), 'class_mean_width_scaled': array([0.730968  , 0.69125048, 0.67697996, 0.83333333, 0.59515366,
       0.73333333, 0.82936944, 0.67137752, 0.66319444, 0.65044607,
       0.67984934, 0.83333333, 0.64777498, 0.79141836, 0.48263889,
       0.66242284, 0.50566893, 0.34444444]), 'class_median_width_scaled': array([0.83333333, 0.83333333, 0.83333333, 0.83333333, 0.83333333,
       0.83333333, 0.83333333, 0.83333333, 0.83333333, 0.83333333,
       0.83333333, 0.83333333, 0.83333333, 0.83333333, 0.33333333,
       0.83333333, 0.33333333, 0.33333333])}

split_conformal_lac_AdaBoost full class metrics: {'class_coverage': array([0.93381038, 0.74216028, 0.92294221, 1.        , 0.54255319,
       0.8       , 0.99451153, 0.90935673, 0.75      , 0.65693431,
       0.71186441, 1.        , 0.8790932 , 0.93682956, 0.6875    ,
       0.90277778, 0.7755102 , 0.2       ]), 'class_mean_width': array([13.15742397, 12.44250871, 12.18563923, 15.        , 10.71276596,
       13.2       , 14.92864984, 12.08479532, 11.9375    , 11.7080292 ,
       12.23728814, 15.        , 11.65994962, 14.24553039,  8.6875    ,
       11.92361111,  9.10204082,  6.2       ]), 'class_median_width': array([15., 15., 15., 15., 15., 15., 15., 15., 15., 15., 15., 15., 15.,
       15.,  6., 15.,  6.,  6.]), 'class_mean_width_scaled': array([0.730968  , 0.69125048, 0.67697996, 0.83333333, 0.59515366,
       0.73333333, 0.82936944, 0.67137752, 0.66319444, 0.65044607,
       0.67984934, 0.83333333, 0.64777498, 0.79141836, 0.48263889,
       0.66242284, 0.50566893, 0.34444444]), 'class_median_width_scaled': array([0.83333333, 0.83333333, 0.83333333, 0.83333333, 0.83333333,
       0.83333333, 0.83333333, 0.83333333, 0.83333333, 0.83333333,
       0.83333333, 0.83333333, 0.83333333, 0.83333333, 0.33333333,
       0.83333333, 0.33333333, 0.33333333])}

Job completed at Wed Mar 19 06:27:44 PM PDT 2025
