Starting job at Wed Mar 19 06:27:39 PM PDT 2025
Job parameters:
Dataset: data_chess
UQ Method: split_conformal_lac
Estimator: AdaBoost
Seed: 783
Train Size: 0.8
Running split_conformal_lac on data_chess with seed 783 and train size 0.8

starting experiment

data created

Fitting split_conformal_lac_AdaBoost on data_chess with seed 783

split_conformal_lac_AdaBoost metrics: {'coverage': np.float64(0.92320028510335), 'mean_width': np.float64(13.694226657163222), 'median_width': np.float64(15.0), 'mean_width_scaled': np.float64(0.7607903698424012), 'median_width_scaled': np.float64(0.8333333333333334)}

split_conformal_lac_AdaBoost full metrics: {'coverage': np.float64(0.92320028510335), 'mean_width': np.float64(13.694226657163222), 'median_width': np.float64(15.0), 'mean_width_scaled': np.float64(0.7607903698424012), 'median_width_scaled': np.float64(0.8333333333333334)}

split_conformal_lac_AdaBoost class metrics: {'class_coverage': array([0.89982111, 1.        , 1.        , 1.        , 1.        ,
       0.825     , 0.99560922, 0.76608187, 0.5       , 0.67153285,
       1.        , 1.        , 0.8488665 , 0.98331347, 1.        ,
       0.80277778, 0.75510204, 0.4       ]), 'class_mean_width': array([13.88729875, 12.7630662 , 12.80385289, 15.        , 11.14893617,
       13.25      , 14.99121844, 12.50877193, 11.        , 11.61313869,
       12.38983051, 15.        , 13.2720403 , 14.74016687, 11.        ,
       12.85833333, 11.7755102 , 12.2       ]), 'class_median_width': array([15., 15., 15., 15., 15., 15., 15., 15., 14., 15., 15., 15., 15.,
       15., 13., 15., 13., 13.]), 'class_mean_width_scaled': array([0.7715166 , 0.70905923, 0.71132516, 0.83333333, 0.61938534,
       0.73611111, 0.83284547, 0.69493177, 0.61111111, 0.64517437,
       0.68832392, 0.83333333, 0.73733557, 0.81889816, 0.61111111,
       0.71435185, 0.65419501, 0.67777778]), 'class_median_width_scaled': array([0.83333333, 0.83333333, 0.83333333, 0.83333333, 0.83333333,
       0.83333333, 0.83333333, 0.83333333, 0.77777778, 0.83333333,
       0.83333333, 0.83333333, 0.83333333, 0.83333333, 0.72222222,
       0.83333333, 0.72222222, 0.72222222])}

split_conformal_lac_AdaBoost full class metrics: {'class_coverage': array([0.89982111, 1.        , 1.        , 1.        , 1.        ,
       0.825     , 0.99560922, 0.76608187, 0.5       , 0.67153285,
       1.        , 1.        , 0.8488665 , 0.98331347, 1.        ,
       0.80277778, 0.75510204, 0.4       ]), 'class_mean_width': array([13.88729875, 12.7630662 , 12.80385289, 15.        , 11.14893617,
       13.25      , 14.99121844, 12.50877193, 11.        , 11.61313869,
       12.38983051, 15.        , 13.2720403 , 14.74016687, 11.        ,
       12.85833333, 11.7755102 , 12.2       ]), 'class_median_width': array([15., 15., 15., 15., 15., 15., 15., 15., 14., 15., 15., 15., 15.,
       15., 13., 15., 13., 13.]), 'class_mean_width_scaled': array([0.7715166 , 0.70905923, 0.71132516, 0.83333333, 0.61938534,
       0.73611111, 0.83284547, 0.69493177, 0.61111111, 0.64517437,
       0.68832392, 0.83333333, 0.73733557, 0.81889816, 0.61111111,
       0.71435185, 0.65419501, 0.67777778]), 'class_median_width_scaled': array([0.83333333, 0.83333333, 0.83333333, 0.83333333, 0.83333333,
       0.83333333, 0.83333333, 0.83333333, 0.77777778, 0.83333333,
       0.83333333, 0.83333333, 0.83333333, 0.83333333, 0.72222222,
       0.83333333, 0.72222222, 0.72222222])}

Job completed at Wed Mar 19 06:27:41 PM PDT 2025
