Starting job at Wed Mar 19 06:27:42 PM PDT 2025
Job parameters:
Dataset: data_chess
UQ Method: split_conformal_lac
Estimator: AdaBoost
Seed: 785
Train Size: 0.8
Running split_conformal_lac on data_chess with seed 785 and train size 0.8

starting experiment

data created

Fitting split_conformal_lac_AdaBoost on data_chess with seed 785

split_conformal_lac_AdaBoost metrics: {'coverage': np.float64(0.9068068424803991), 'mean_width': np.float64(13.124910905203135), 'median_width': np.float64(15.0), 'mean_width_scaled': np.float64(0.7291617169557297), 'median_width_scaled': np.float64(0.8333333333333334)}

split_conformal_lac_AdaBoost full metrics: {'coverage': np.float64(0.9068068424803991), 'mean_width': np.float64(13.124910905203135), 'median_width': np.float64(15.0), 'mean_width_scaled': np.float64(0.7291617169557297), 'median_width_scaled': np.float64(0.8333333333333334)}

split_conformal_lac_AdaBoost class metrics: {'class_coverage': array([0.80858676, 0.94076655, 0.91768827, 1.        , 0.58510638,
       0.825     , 0.99560922, 0.91520468, 1.        , 0.66423358,
       0.68644068, 1.        , 0.88664987, 0.90822408, 0.8125    ,
       0.92222222, 0.81632653, 1.        ]), 'class_mean_width': array([13.02683363, 12.22299652, 12.05429072, 15.        , 11.18085106,
       13.425     , 14.94291987, 12.10818713, 12.5625    , 11.68613139,
       12.1440678 , 15.        , 11.87153652, 13.89749702, 10.5625    ,
       12.12638889,  8.04081633, 15.        ]), 'class_median_width': array([15., 15., 15., 15., 15., 15., 15., 15., 15., 15., 15., 15., 15.,
       15., 15., 15.,  6., 15.]), 'class_mean_width_scaled': array([0.72371298, 0.67905536, 0.66968282, 0.83333333, 0.62115839,
       0.74583333, 0.83016221, 0.67267706, 0.69791667, 0.64922952,
       0.67467043, 0.83333333, 0.65952981, 0.77208317, 0.58680556,
       0.67368827, 0.44671202, 0.83333333]), 'class_median_width_scaled': array([0.83333333, 0.83333333, 0.83333333, 0.83333333, 0.83333333,
       0.83333333, 0.83333333, 0.83333333, 0.83333333, 0.83333333,
       0.83333333, 0.83333333, 0.83333333, 0.83333333, 0.83333333,
       0.83333333, 0.33333333, 0.83333333])}

split_conformal_lac_AdaBoost full class metrics: {'class_coverage': array([0.80858676, 0.94076655, 0.91768827, 1.        , 0.58510638,
       0.825     , 0.99560922, 0.91520468, 1.        , 0.66423358,
       0.68644068, 1.        , 0.88664987, 0.90822408, 0.8125    ,
       0.92222222, 0.81632653, 1.        ]), 'class_mean_width': array([13.02683363, 12.22299652, 12.05429072, 15.        , 11.18085106,
       13.425     , 14.94291987, 12.10818713, 12.5625    , 11.68613139,
       12.1440678 , 15.        , 11.87153652, 13.89749702, 10.5625    ,
       12.12638889,  8.04081633, 15.        ]), 'class_median_width': array([15., 15., 15., 15., 15., 15., 15., 15., 15., 15., 15., 15., 15.,
       15., 15., 15.,  6., 15.]), 'class_mean_width_scaled': array([0.72371298, 0.67905536, 0.66968282, 0.83333333, 0.62115839,
       0.74583333, 0.83016221, 0.67267706, 0.69791667, 0.64922952,
       0.67467043, 0.83333333, 0.65952981, 0.77208317, 0.58680556,
       0.67368827, 0.44671202, 0.83333333]), 'class_median_width_scaled': array([0.83333333, 0.83333333, 0.83333333, 0.83333333, 0.83333333,
       0.83333333, 0.83333333, 0.83333333, 0.83333333, 0.83333333,
       0.83333333, 0.83333333, 0.83333333, 0.83333333, 0.83333333,
       0.83333333, 0.33333333, 0.83333333])}

Job completed at Wed Mar 19 06:27:46 PM PDT 2025
