Starting job at Wed Mar 19 06:27:39 PM PDT 2025
Job parameters:
Dataset: data_chess
UQ Method: split_conformal_lac
Estimator: AdaBoost
Seed: 782
Train Size: 0.8
Running split_conformal_lac on data_chess with seed 782 and train size 0.8

starting experiment

data created

Fitting split_conformal_lac_AdaBoost on data_chess with seed 782

split_conformal_lac_AdaBoost metrics: {'coverage': np.float64(0.9039558089807556), 'mean_width': np.float64(14.568424803991446), 'median_width': np.float64(17.0), 'mean_width_scaled': np.float64(0.8093569335550803), 'median_width_scaled': np.float64(0.9444444444444444)}

split_conformal_lac_AdaBoost full metrics: {'coverage': np.float64(0.9039558089807556), 'mean_width': np.float64(14.568424803991446), 'median_width': np.float64(17.0), 'mean_width_scaled': np.float64(0.8093569335550803), 'median_width_scaled': np.float64(0.9444444444444444)}

split_conformal_lac_AdaBoost class metrics: {'class_coverage': array([0.80500894, 0.72473868, 0.97197898, 1.        , 0.57446809,
       0.75      , 0.99560922, 0.97660819, 0.9375    , 0.91240876,
       0.55084746, 1.        , 0.71536524, 0.92491061, 0.4375    ,
       0.98055556, 0.85714286, 0.8       ]), 'class_mean_width': array([14.50626118, 13.58536585, 13.46059545, 16.87990762, 11.35106383,
       12.35      , 16.6180022 , 13.51169591, 16.        , 12.56934307,
       11.56779661, 17.        , 13.50881612, 15.75923719,  5.9375    ,
       13.23888889,  9.7755102 , 14.8       ]), 'class_median_width': array([17., 17., 17., 17., 13., 13., 17., 17., 17., 17., 17., 17., 17.,
       17.,  6., 17.,  6., 17.]), 'class_mean_width_scaled': array([0.8059034 , 0.75474255, 0.74781086, 0.93777265, 0.63061466,
       0.68611111, 0.92322234, 0.75064977, 0.88888889, 0.69829684,
       0.64265537, 0.94444444, 0.75048978, 0.87551318, 0.32986111,
       0.73549383, 0.5430839 , 0.82222222]), 'class_median_width_scaled': array([0.94444444, 0.94444444, 0.94444444, 0.94444444, 0.72222222,
       0.72222222, 0.94444444, 0.94444444, 0.94444444, 0.94444444,
       0.94444444, 0.94444444, 0.94444444, 0.94444444, 0.33333333,
       0.94444444, 0.33333333, 0.94444444])}

split_conformal_lac_AdaBoost full class metrics: {'class_coverage': array([0.80500894, 0.72473868, 0.97197898, 1.        , 0.57446809,
       0.75      , 0.99560922, 0.97660819, 0.9375    , 0.91240876,
       0.55084746, 1.        , 0.71536524, 0.92491061, 0.4375    ,
       0.98055556, 0.85714286, 0.8       ]), 'class_mean_width': array([14.50626118, 13.58536585, 13.46059545, 16.87990762, 11.35106383,
       12.35      , 16.6180022 , 13.51169591, 16.        , 12.56934307,
       11.56779661, 17.        , 13.50881612, 15.75923719,  5.9375    ,
       13.23888889,  9.7755102 , 14.8       ]), 'class_median_width': array([17., 17., 17., 17., 13., 13., 17., 17., 17., 17., 17., 17., 17.,
       17.,  6., 17.,  6., 17.]), 'class_mean_width_scaled': array([0.8059034 , 0.75474255, 0.74781086, 0.93777265, 0.63061466,
       0.68611111, 0.92322234, 0.75064977, 0.88888889, 0.69829684,
       0.64265537, 0.94444444, 0.75048978, 0.87551318, 0.32986111,
       0.73549383, 0.5430839 , 0.82222222]), 'class_median_width_scaled': array([0.94444444, 0.94444444, 0.94444444, 0.94444444, 0.72222222,
       0.72222222, 0.94444444, 0.94444444, 0.94444444, 0.94444444,
       0.94444444, 0.94444444, 0.94444444, 0.94444444, 0.33333333,
       0.94444444, 0.33333333, 0.94444444])}

Job completed at Wed Mar 19 06:27:41 PM PDT 2025
