Starting job at Wed Mar 19 08:20:57 PM PDT 2025
Job parameters:
Dataset: data_isolet
UQ Method: split_conformal_raps
Estimator: AdaBoost
Seed: 782
Train Size: 0.8
Running split_conformal_raps on data_isolet with seed 782 and train size 0.8

starting experiment

data created

Fitting split_conformal_raps_AdaBoost on data_isolet with seed 782

split_conformal_raps_AdaBoost metrics: {'coverage': np.float64(0.9814102564102564), 'mean_width': np.float64(20.63269230769231), 'median_width': np.float64(22.0), 'mean_width_scaled': np.float64(0.7935650887573965), 'median_width_scaled': np.float64(0.8461538461538461)}

split_conformal_raps_AdaBoost full metrics: {'coverage': np.float64(0.9814102564102564), 'mean_width': np.float64(20.63269230769231), 'median_width': np.float64(22.0), 'mean_width_scaled': np.float64(0.7935650887573965), 'median_width_scaled': np.float64(0.8461538461538461)}

split_conformal_raps_AdaBoost class metrics: {'class_coverage': array([1.        , 1.        , 1.        , 1.        , 1.        ,
       1.        , 1.        , 1.        , 1.        , 1.        ,
       0.88333333, 1.        , 1.        , 1.        , 1.        ,
       1.        , 0.86666667, 1.        , 1.        , 1.        ,
       1.        , 1.        , 0.81666667, 1.        , 0.96666667,
       0.98333333]), 'class_mean_width': array([22.05      , 22.        , 22.        , 22.05      , 22.        ,
       21.96666667, 22.        , 22.        , 22.        , 22.        ,
        5.38333333, 22.        , 22.        , 22.        , 22.        ,
       22.        , 14.2       , 22.        , 22.        , 22.        ,
       22.        , 22.05      , 20.13333333, 22.05      , 12.88333333,
       21.68333333]), 'class_median_width': array([22., 22., 22., 22., 22., 22., 22., 22., 22., 22.,  1., 22., 22.,
       22., 22., 22., 22., 22., 22., 22., 22., 22., 25., 22.,  3., 22.]), 'class_mean_width_scaled': array([0.84807692, 0.84615385, 0.84615385, 0.84807692, 0.84615385,
       0.84487179, 0.84615385, 0.84615385, 0.84615385, 0.84615385,
       0.20705128, 0.84615385, 0.84615385, 0.84615385, 0.84615385,
       0.84615385, 0.54615385, 0.84615385, 0.84615385, 0.84615385,
       0.84615385, 0.84807692, 0.77435897, 0.84807692, 0.49551282,
       0.83397436]), 'class_median_width_scaled': array([0.84615385, 0.84615385, 0.84615385, 0.84615385, 0.84615385,
       0.84615385, 0.84615385, 0.84615385, 0.84615385, 0.84615385,
       0.03846154, 0.84615385, 0.84615385, 0.84615385, 0.84615385,
       0.84615385, 0.84615385, 0.84615385, 0.84615385, 0.84615385,
       0.84615385, 0.84615385, 0.96153846, 0.84615385, 0.11538462,
       0.84615385])}

split_conformal_raps_AdaBoost full class metrics: {'class_coverage': array([1.        , 1.        , 1.        , 1.        , 1.        ,
       1.        , 1.        , 1.        , 1.        , 1.        ,
       0.88333333, 1.        , 1.        , 1.        , 1.        ,
       1.        , 0.86666667, 1.        , 1.        , 1.        ,
       1.        , 1.        , 0.81666667, 1.        , 0.96666667,
       0.98333333]), 'class_mean_width': array([22.05      , 22.        , 22.        , 22.05      , 22.        ,
       21.96666667, 22.        , 22.        , 22.        , 22.        ,
        5.38333333, 22.        , 22.        , 22.        , 22.        ,
       22.        , 14.2       , 22.        , 22.        , 22.        ,
       22.        , 22.05      , 20.13333333, 22.05      , 12.88333333,
       21.68333333]), 'class_median_width': array([22., 22., 22., 22., 22., 22., 22., 22., 22., 22.,  1., 22., 22.,
       22., 22., 22., 22., 22., 22., 22., 22., 22., 25., 22.,  3., 22.]), 'class_mean_width_scaled': array([0.84807692, 0.84615385, 0.84615385, 0.84807692, 0.84615385,
       0.84487179, 0.84615385, 0.84615385, 0.84615385, 0.84615385,
       0.20705128, 0.84615385, 0.84615385, 0.84615385, 0.84615385,
       0.84615385, 0.54615385, 0.84615385, 0.84615385, 0.84615385,
       0.84615385, 0.84807692, 0.77435897, 0.84807692, 0.49551282,
       0.83397436]), 'class_median_width_scaled': array([0.84615385, 0.84615385, 0.84615385, 0.84615385, 0.84615385,
       0.84615385, 0.84615385, 0.84615385, 0.84615385, 0.84615385,
       0.03846154, 0.84615385, 0.84615385, 0.84615385, 0.84615385,
       0.84615385, 0.84615385, 0.84615385, 0.84615385, 0.84615385,
       0.84615385, 0.84615385, 0.96153846, 0.84615385, 0.11538462,
       0.84615385])}

Job completed at Wed Mar 19 08:21:12 PM PDT 2025
