Starting job at Thu Mar 20 05:03:43 PM PDT 2025
Job parameters:
Dataset: data_isolet
UQ Method: split_conformal_raps
Estimator: AdaBoost
Seed: 778
Train Size: 0.8
Running split_conformal_raps on data_isolet with seed 778 and train size 0.8

starting experiment

data created

Fitting split_conformal_raps_AdaBoost on data_isolet with seed 778

split_conformal_raps_AdaBoost metrics: {'coverage': np.float64(0.8967948717948718), 'mean_width': np.float64(10.335897435897436), 'median_width': np.float64(10.0), 'mean_width_scaled': np.float64(0.397534516765286), 'median_width_scaled': np.float64(0.38461538461538464)}

split_conformal_raps_AdaBoost full metrics: {'coverage': np.float64(0.8967948717948718), 'mean_width': np.float64(10.335897435897436), 'median_width': np.float64(10.0), 'mean_width_scaled': np.float64(0.397534516765286), 'median_width_scaled': np.float64(0.38461538461538464)}

split_conformal_raps_AdaBoost class metrics: {'class_coverage': array([0.98333333, 0.68333333, 0.95      , 1.        , 0.96666667,
       0.91666667, 1.        , 0.96666667, 0.93333333, 1.        ,
       1.        , 0.95      , 0.98333333, 1.        , 0.98333333,
       0.61666667, 0.93333333, 0.93333333, 0.98333333, 0.05      ,
       0.98333333, 0.98333333, 0.73333333, 0.95      , 0.83333333,
       1.        ]), 'class_mean_width': array([10.91666667, 10.65      , 10.86666667, 10.93333333, 10.9       ,
       10.85      , 10.91666667, 10.03333333, 10.06666667, 10.91666667,
       10.        , 10.03333333, 10.01666667, 10.        , 10.01666667,
       10.61666667, 10.05      , 10.86666667, 10.01666667, 10.05      ,
       10.01666667, 10.01666667, 10.26666667,  9.91666667,  8.96666667,
       10.83333333]), 'class_median_width': array([11., 11., 11., 11., 11., 11., 11., 10., 10., 11., 10., 10., 10.,
       10., 10., 11., 10., 11., 10., 10., 10., 10., 10., 10., 10., 11.]), 'class_mean_width_scaled': array([0.41987179, 0.40961538, 0.41794872, 0.42051282, 0.41923077,
       0.41730769, 0.41987179, 0.38589744, 0.38717949, 0.41987179,
       0.38461538, 0.38589744, 0.38525641, 0.38461538, 0.38525641,
       0.40833333, 0.38653846, 0.41794872, 0.38525641, 0.38653846,
       0.38525641, 0.38525641, 0.39487179, 0.38141026, 0.34487179,
       0.41666667]), 'class_median_width_scaled': array([0.42307692, 0.42307692, 0.42307692, 0.42307692, 0.42307692,
       0.42307692, 0.42307692, 0.38461538, 0.38461538, 0.42307692,
       0.38461538, 0.38461538, 0.38461538, 0.38461538, 0.38461538,
       0.42307692, 0.38461538, 0.42307692, 0.38461538, 0.38461538,
       0.38461538, 0.38461538, 0.38461538, 0.38461538, 0.38461538,
       0.42307692])}

split_conformal_raps_AdaBoost full class metrics: {'class_coverage': array([0.98333333, 0.68333333, 0.95      , 1.        , 0.96666667,
       0.91666667, 1.        , 0.96666667, 0.93333333, 1.        ,
       1.        , 0.95      , 0.98333333, 1.        , 0.98333333,
       0.61666667, 0.93333333, 0.93333333, 0.98333333, 0.05      ,
       0.98333333, 0.98333333, 0.73333333, 0.95      , 0.83333333,
       1.        ]), 'class_mean_width': array([10.91666667, 10.65      , 10.86666667, 10.93333333, 10.9       ,
       10.85      , 10.91666667, 10.03333333, 10.06666667, 10.91666667,
       10.        , 10.03333333, 10.01666667, 10.        , 10.01666667,
       10.61666667, 10.05      , 10.86666667, 10.01666667, 10.05      ,
       10.01666667, 10.01666667, 10.26666667,  9.91666667,  8.96666667,
       10.83333333]), 'class_median_width': array([11., 11., 11., 11., 11., 11., 11., 10., 10., 11., 10., 10., 10.,
       10., 10., 11., 10., 11., 10., 10., 10., 10., 10., 10., 10., 11.]), 'class_mean_width_scaled': array([0.41987179, 0.40961538, 0.41794872, 0.42051282, 0.41923077,
       0.41730769, 0.41987179, 0.38589744, 0.38717949, 0.41987179,
       0.38461538, 0.38589744, 0.38525641, 0.38461538, 0.38525641,
       0.40833333, 0.38653846, 0.41794872, 0.38525641, 0.38653846,
       0.38525641, 0.38525641, 0.39487179, 0.38141026, 0.34487179,
       0.41666667]), 'class_median_width_scaled': array([0.42307692, 0.42307692, 0.42307692, 0.42307692, 0.42307692,
       0.42307692, 0.42307692, 0.38461538, 0.38461538, 0.42307692,
       0.38461538, 0.38461538, 0.38461538, 0.38461538, 0.38461538,
       0.42307692, 0.38461538, 0.42307692, 0.38461538, 0.38461538,
       0.38461538, 0.38461538, 0.38461538, 0.38461538, 0.38461538,
       0.42307692])}

Job completed at Thu Mar 20 05:03:56 PM PDT 2025
