Starting job at Wed Mar 19 06:21:14 PM PDT 2025
Job parameters:
Dataset: data_helena
UQ Method: split_conformal_aps
Estimator: MLP
Seed: 786
Train Size: 0.8
Running split_conformal_aps on data_helena with seed 786 and train size 0.8

starting experiment

data created

Fitting split_conformal_aps_MLP on data_helena with seed 786

split_conformal_aps_MLP metrics: {'coverage': np.float64(0.8955521472392638), 'mean_width': np.float64(54.629064417177915), 'median_width': np.float64(61.0), 'mean_width_scaled': np.float64(0.5462906441717792), 'median_width_scaled': np.float64(0.61)}

split_conformal_aps_MLP full metrics: {'coverage': np.float64(0.8955521472392638), 'mean_width': np.float64(54.629064417177915), 'median_width': np.float64(61.0), 'mean_width_scaled': np.float64(0.5462906441717792), 'median_width_scaled': np.float64(0.61)}

split_conformal_aps_MLP class metrics: {'class_coverage': array([0.96774194, 0.79310345, 0.5       , 0.625     , 0.85057471,
       0.90909091, 0.71875   , 0.96296296, 0.70833333, 0.91402715,
       0.48888889, 0.65384615, 0.75      , 0.96449704, 0.93548387,
       0.71153846, 0.73529412, 0.68888889, 0.95833333, 0.89795918,
       0.98461538, 0.77358491, 0.90532544, 0.7254902 , 0.9137931 ,
       0.84782609, 0.04166667, 0.83333333, 0.26086957, 0.65384615,
       0.56756757, 0.63235294, 0.95936795, 0.97333333, 0.77272727,
       0.95826377, 0.80555556, 0.82758621, 0.725     , 0.95238095,
       0.97014925, 0.91525424, 0.53846154, 0.92121212, 0.64285714,
       0.62962963, 0.68421053, 0.93670886, 0.89090909, 0.62068966,
       0.66666667, 0.96900489, 0.91666667, 0.93314763, 0.80952381,
       0.95019157, 0.89954338, 0.85526316, 0.87912088, 0.76315789,
       0.94764398, 0.88970588, 0.44117647, 0.79545455, 0.89719626,
       0.65957447, 0.96551724, 0.75      , 0.74576271, 0.84615385,
       0.92035398, 0.93333333, 0.92857143, 0.625     , 0.87155963,
       0.99453552, 0.97752809, 0.9254902 , 0.60526316, 0.88372093,
       0.57575758, 0.92      , 0.7173913 , 0.71428571, 0.87581699,
       0.78651685, 0.95522388, 0.95148248, 0.97142857, 0.9375    ,
       0.73076923, 0.95618557, 0.91712707, 0.70731707, 0.61111111,
       0.34375   , 0.89495798, 0.95616438, 0.8852459 , 0.80722892]), 'class_mean_width': array([63.12903226, 66.20689655, 65.59090909, 56.15625   , 60.20689655,
       57.88311688, 64.9375    , 75.30555556, 49.70833333, 41.41628959,
       57.95555556, 70.53846154, 67.46428571, 59.05325444, 57.22580645,
       61.63461538, 53.6372549 , 66.46666667, 56.47222222, 66.88435374,
       73.38461538, 47.24528302, 60.11242604, 64.56862745, 62.86206897,
       54.93478261, 39.70833333, 47.625     , 76.73913043, 48.69230769,
       59.10810811, 60.07352941, 43.29119639, 64.45333333, 55.69318182,
       58.96494157, 67.25      , 66.79310345, 60.325     , 68.52380952,
       63.95522388, 63.60169492, 59.12820513, 69.28484848, 60.54761905,
       56.57407407, 60.07894737, 53.94936709, 59.1       , 33.82758621,
       75.40740741, 60.00652529, 75.375     , 60.99442897, 66.0952381 ,
       50.11877395, 67.23744292, 63.57894737, 58.13186813, 61.18421053,
       57.84293194, 55.63235294, 64.29411765, 60.875     , 60.43925234,
       64.36170213, 70.78390805, 53.46      , 58.66101695, 73.18461538,
       62.08849558, 59.43333333, 77.10714286, 58.375     , 66.29357798,
       30.66120219, 16.03995006, 19.48627451, 64.39473684, 17.        ,
       54.15151515, 56.38666667, 68.76086957, 62.77142857, 61.7254902 ,
       53.82022472, 55.83084577, 56.00539084, 68.35714286, 58.84375   ,
       56.84615385, 51.59793814, 59.45027624, 58.8902439 , 61.5       ,
       69.75      , 59.09663866, 57.95068493, 56.57377049, 51.74698795]), 'class_median_width': array([68. , 77. , 71. , 62. , 64. , 62. , 76. , 78.5, 55. , 44.5, 63. ,
       79. , 76.5, 63. , 62.5, 63.5, 59. , 75. , 62. , 72. , 78. , 48. ,
       66. , 73. , 70. , 63.5, 34.5, 46. , 82. , 45.5, 59. , 67. , 40. ,
       69. , 61.5, 63. , 69.5, 74. , 67.5, 75. , 67. , 68. , 64. , 76. ,
       69.5, 64. , 70.5, 57. , 64. , 21. , 78. , 66. , 81. , 65. , 71.5,
       53. , 74. , 66. , 66. , 62. , 62. , 56.5, 73.5, 67. , 65. , 71. ,
       77. , 58. , 68. , 77. , 66. , 63.5, 80.5, 65. , 72. , 29. ,  7. ,
        8. , 73. , 11. , 60. , 59. , 73. , 73. , 68. , 60. , 59. , 62. ,
       75.5, 67. , 56.5, 53. , 66. , 62.5, 63.5, 71.5, 64.5, 65. , 64. ,
       61. ]), 'class_mean_width_scaled': array([0.63129032, 0.66206897, 0.65590909, 0.5615625 , 0.60206897,
       0.57883117, 0.649375  , 0.75305556, 0.49708333, 0.4141629 ,
       0.57955556, 0.70538462, 0.67464286, 0.59053254, 0.57225806,
       0.61634615, 0.53637255, 0.66466667, 0.56472222, 0.66884354,
       0.73384615, 0.47245283, 0.60112426, 0.64568627, 0.62862069,
       0.54934783, 0.39708333, 0.47625   , 0.7673913 , 0.48692308,
       0.59108108, 0.60073529, 0.43291196, 0.64453333, 0.55693182,
       0.58964942, 0.6725    , 0.66793103, 0.60325   , 0.6852381 ,
       0.63955224, 0.63601695, 0.59128205, 0.69284848, 0.60547619,
       0.56574074, 0.60078947, 0.53949367, 0.591     , 0.33827586,
       0.75407407, 0.60006525, 0.75375   , 0.60994429, 0.66095238,
       0.50118774, 0.67237443, 0.63578947, 0.58131868, 0.61184211,
       0.57842932, 0.55632353, 0.64294118, 0.60875   , 0.60439252,
       0.64361702, 0.70783908, 0.5346    , 0.58661017, 0.73184615,
       0.62088496, 0.59433333, 0.77107143, 0.58375   , 0.66293578,
       0.30661202, 0.1603995 , 0.19486275, 0.64394737, 0.17      ,
       0.54151515, 0.56386667, 0.6876087 , 0.62771429, 0.6172549 ,
       0.53820225, 0.55830846, 0.56005391, 0.68357143, 0.5884375 ,
       0.56846154, 0.51597938, 0.59450276, 0.58890244, 0.615     ,
       0.6975    , 0.59096639, 0.57950685, 0.5657377 , 0.51746988]), 'class_median_width_scaled': array([0.68 , 0.77 , 0.71 , 0.62 , 0.64 , 0.62 , 0.76 , 0.785, 0.55 ,
       0.445, 0.63 , 0.79 , 0.765, 0.63 , 0.625, 0.635, 0.59 , 0.75 ,
       0.62 , 0.72 , 0.78 , 0.48 , 0.66 , 0.73 , 0.7  , 0.635, 0.345,
       0.46 , 0.82 , 0.455, 0.59 , 0.67 , 0.4  , 0.69 , 0.615, 0.63 ,
       0.695, 0.74 , 0.675, 0.75 , 0.67 , 0.68 , 0.64 , 0.76 , 0.695,
       0.64 , 0.705, 0.57 , 0.64 , 0.21 , 0.78 , 0.66 , 0.81 , 0.65 ,
       0.715, 0.53 , 0.74 , 0.66 , 0.66 , 0.62 , 0.62 , 0.565, 0.735,
       0.67 , 0.65 , 0.71 , 0.77 , 0.58 , 0.68 , 0.77 , 0.66 , 0.635,
       0.805, 0.65 , 0.72 , 0.29 , 0.07 , 0.08 , 0.73 , 0.11 , 0.6  ,
       0.59 , 0.73 , 0.73 , 0.68 , 0.6  , 0.59 , 0.62 , 0.755, 0.67 ,
       0.565, 0.53 , 0.66 , 0.625, 0.635, 0.715, 0.645, 0.65 , 0.64 ,
       0.61 ])}

split_conformal_aps_MLP full class metrics: {'class_coverage': array([0.96774194, 0.79310345, 0.5       , 0.625     , 0.85057471,
       0.90909091, 0.71875   , 0.96296296, 0.70833333, 0.91402715,
       0.48888889, 0.65384615, 0.75      , 0.96449704, 0.93548387,
       0.71153846, 0.73529412, 0.68888889, 0.95833333, 0.89795918,
       0.98461538, 0.77358491, 0.90532544, 0.7254902 , 0.9137931 ,
       0.84782609, 0.04166667, 0.83333333, 0.26086957, 0.65384615,
       0.56756757, 0.63235294, 0.95936795, 0.97333333, 0.77272727,
       0.95826377, 0.80555556, 0.82758621, 0.725     , 0.95238095,
       0.97014925, 0.91525424, 0.53846154, 0.92121212, 0.64285714,
       0.62962963, 0.68421053, 0.93670886, 0.89090909, 0.62068966,
       0.66666667, 0.96900489, 0.91666667, 0.93314763, 0.80952381,
       0.95019157, 0.89954338, 0.85526316, 0.87912088, 0.76315789,
       0.94764398, 0.88970588, 0.44117647, 0.79545455, 0.89719626,
       0.65957447, 0.96551724, 0.75      , 0.74576271, 0.84615385,
       0.92035398, 0.93333333, 0.92857143, 0.625     , 0.87155963,
       0.99453552, 0.97752809, 0.9254902 , 0.60526316, 0.88372093,
       0.57575758, 0.92      , 0.7173913 , 0.71428571, 0.87581699,
       0.78651685, 0.95522388, 0.95148248, 0.97142857, 0.9375    ,
       0.73076923, 0.95618557, 0.91712707, 0.70731707, 0.61111111,
       0.34375   , 0.89495798, 0.95616438, 0.8852459 , 0.80722892]), 'class_mean_width': array([63.12903226, 66.20689655, 65.59090909, 56.15625   , 60.20689655,
       57.88311688, 64.9375    , 75.30555556, 49.70833333, 41.41628959,
       57.95555556, 70.53846154, 67.46428571, 59.05325444, 57.22580645,
       61.63461538, 53.6372549 , 66.46666667, 56.47222222, 66.88435374,
       73.38461538, 47.24528302, 60.11242604, 64.56862745, 62.86206897,
       54.93478261, 39.70833333, 47.625     , 76.73913043, 48.69230769,
       59.10810811, 60.07352941, 43.29119639, 64.45333333, 55.69318182,
       58.96494157, 67.25      , 66.79310345, 60.325     , 68.52380952,
       63.95522388, 63.60169492, 59.12820513, 69.28484848, 60.54761905,
       56.57407407, 60.07894737, 53.94936709, 59.1       , 33.82758621,
       75.40740741, 60.00652529, 75.375     , 60.99442897, 66.0952381 ,
       50.11877395, 67.23744292, 63.57894737, 58.13186813, 61.18421053,
       57.84293194, 55.63235294, 64.29411765, 60.875     , 60.43925234,
       64.36170213, 70.78390805, 53.46      , 58.66101695, 73.18461538,
       62.08849558, 59.43333333, 77.10714286, 58.375     , 66.29357798,
       30.66120219, 16.03995006, 19.48627451, 64.39473684, 17.        ,
       54.15151515, 56.38666667, 68.76086957, 62.77142857, 61.7254902 ,
       53.82022472, 55.83084577, 56.00539084, 68.35714286, 58.84375   ,
       56.84615385, 51.59793814, 59.45027624, 58.8902439 , 61.5       ,
       69.75      , 59.09663866, 57.95068493, 56.57377049, 51.74698795]), 'class_median_width': array([68. , 77. , 71. , 62. , 64. , 62. , 76. , 78.5, 55. , 44.5, 63. ,
       79. , 76.5, 63. , 62.5, 63.5, 59. , 75. , 62. , 72. , 78. , 48. ,
       66. , 73. , 70. , 63.5, 34.5, 46. , 82. , 45.5, 59. , 67. , 40. ,
       69. , 61.5, 63. , 69.5, 74. , 67.5, 75. , 67. , 68. , 64. , 76. ,
       69.5, 64. , 70.5, 57. , 64. , 21. , 78. , 66. , 81. , 65. , 71.5,
       53. , 74. , 66. , 66. , 62. , 62. , 56.5, 73.5, 67. , 65. , 71. ,
       77. , 58. , 68. , 77. , 66. , 63.5, 80.5, 65. , 72. , 29. ,  7. ,
        8. , 73. , 11. , 60. , 59. , 73. , 73. , 68. , 60. , 59. , 62. ,
       75.5, 67. , 56.5, 53. , 66. , 62.5, 63.5, 71.5, 64.5, 65. , 64. ,
       61. ]), 'class_mean_width_scaled': array([0.63129032, 0.66206897, 0.65590909, 0.5615625 , 0.60206897,
       0.57883117, 0.649375  , 0.75305556, 0.49708333, 0.4141629 ,
       0.57955556, 0.70538462, 0.67464286, 0.59053254, 0.57225806,
       0.61634615, 0.53637255, 0.66466667, 0.56472222, 0.66884354,
       0.73384615, 0.47245283, 0.60112426, 0.64568627, 0.62862069,
       0.54934783, 0.39708333, 0.47625   , 0.7673913 , 0.48692308,
       0.59108108, 0.60073529, 0.43291196, 0.64453333, 0.55693182,
       0.58964942, 0.6725    , 0.66793103, 0.60325   , 0.6852381 ,
       0.63955224, 0.63601695, 0.59128205, 0.69284848, 0.60547619,
       0.56574074, 0.60078947, 0.53949367, 0.591     , 0.33827586,
       0.75407407, 0.60006525, 0.75375   , 0.60994429, 0.66095238,
       0.50118774, 0.67237443, 0.63578947, 0.58131868, 0.61184211,
       0.57842932, 0.55632353, 0.64294118, 0.60875   , 0.60439252,
       0.64361702, 0.70783908, 0.5346    , 0.58661017, 0.73184615,
       0.62088496, 0.59433333, 0.77107143, 0.58375   , 0.66293578,
       0.30661202, 0.1603995 , 0.19486275, 0.64394737, 0.17      ,
       0.54151515, 0.56386667, 0.6876087 , 0.62771429, 0.6172549 ,
       0.53820225, 0.55830846, 0.56005391, 0.68357143, 0.5884375 ,
       0.56846154, 0.51597938, 0.59450276, 0.58890244, 0.615     ,
       0.6975    , 0.59096639, 0.57950685, 0.5657377 , 0.51746988]), 'class_median_width_scaled': array([0.68 , 0.77 , 0.71 , 0.62 , 0.64 , 0.62 , 0.76 , 0.785, 0.55 ,
       0.445, 0.63 , 0.79 , 0.765, 0.63 , 0.625, 0.635, 0.59 , 0.75 ,
       0.62 , 0.72 , 0.78 , 0.48 , 0.66 , 0.73 , 0.7  , 0.635, 0.345,
       0.46 , 0.82 , 0.455, 0.59 , 0.67 , 0.4  , 0.69 , 0.615, 0.63 ,
       0.695, 0.74 , 0.675, 0.75 , 0.67 , 0.68 , 0.64 , 0.76 , 0.695,
       0.64 , 0.705, 0.57 , 0.64 , 0.21 , 0.78 , 0.66 , 0.81 , 0.65 ,
       0.715, 0.53 , 0.74 , 0.66 , 0.66 , 0.62 , 0.62 , 0.565, 0.735,
       0.67 , 0.65 , 0.71 , 0.77 , 0.58 , 0.68 , 0.77 , 0.66 , 0.635,
       0.805, 0.65 , 0.72 , 0.29 , 0.07 , 0.08 , 0.73 , 0.11 , 0.6  ,
       0.59 , 0.73 , 0.73 , 0.68 , 0.6  , 0.59 , 0.62 , 0.755, 0.67 ,
       0.565, 0.53 , 0.66 , 0.625, 0.635, 0.715, 0.645, 0.65 , 0.64 ,
       0.61 ])}

Job completed at Wed Mar 19 06:21:22 PM PDT 2025
