Starting job at Wed Mar 19 06:21:07 PM PDT 2025
Job parameters:
Dataset: data_helena
UQ Method: split_conformal_aps
Estimator: MLP
Seed: 784
Train Size: 0.8
Running split_conformal_aps on data_helena with seed 784 and train size 0.8

starting experiment

data created

Fitting split_conformal_aps_MLP on data_helena with seed 784

split_conformal_aps_MLP metrics: {'coverage': np.float64(0.9045245398773006), 'mean_width': np.float64(53.75513803680982), 'median_width': np.float64(59.0), 'mean_width_scaled': np.float64(0.5375513803680981), 'median_width_scaled': np.float64(0.59)}

split_conformal_aps_MLP full metrics: {'coverage': np.float64(0.9045245398773006), 'mean_width': np.float64(53.75513803680982), 'median_width': np.float64(59.0), 'mean_width_scaled': np.float64(0.5375513803680981), 'median_width_scaled': np.float64(0.59)}

split_conformal_aps_MLP class metrics: {'class_coverage': array([0.90322581, 0.81034483, 0.59090909, 0.89583333, 0.74712644,
       0.90909091, 0.8125    , 0.93518519, 0.70833333, 0.95248869,
       0.84444444, 0.53846154, 0.75      , 0.92307692, 0.59677419,
       0.76923077, 0.95098039, 0.73333333, 0.94444444, 0.95918367,
       0.78461538, 0.64150943, 0.9408284 , 0.76470588, 0.86206897,
       0.63043478, 0.66666667, 0.625     , 0.73913043, 0.76923077,
       0.56756757, 0.76470588, 0.99548533, 0.94857143, 0.79545455,
       0.97161937, 0.86111111, 0.17241379, 0.79166667, 0.80952381,
       0.89552239, 0.93220339, 0.74358974, 0.93939394, 0.66666667,
       0.68518519, 0.5       , 0.82278481, 0.93636364, 0.89655172,
       0.85185185, 0.98368679, 0.20833333, 0.9637883 , 0.64285714,
       0.92337165, 0.94520548, 0.82894737, 0.92307692, 0.47368421,
       0.97382199, 0.90441176, 0.58823529, 0.85227273, 0.93457944,
       0.85106383, 0.98390805, 0.89      , 0.62711864, 0.8       ,
       0.95575221, 0.83333333, 0.60714286, 0.66666667, 0.72477064,
       0.9726776 , 0.99001248, 0.95294118, 0.71052632, 0.65116279,
       1.        , 0.86666667, 0.7173913 , 0.57142857, 0.93464052,
       0.7752809 , 0.93034826, 0.98382749, 0.7       , 0.925     ,
       0.42307692, 0.9871134 , 0.94475138, 0.70731707, 0.58333333,
       0.90625   , 0.95798319, 0.96438356, 0.75409836, 0.81927711]), 'class_mean_width': array([59.05376344, 59.13793103, 68.31818182, 55.73958333, 55.1954023 ,
       53.24675325, 71.296875  , 70.93518519, 46.44444444, 43.77375566,
       68.71111111, 67.19230769, 64.14285714, 58.29585799, 56.93548387,
       59.55769231, 52.85294118, 64.62222222, 49.36111111, 66.76190476,
       62.55384615, 39.73584906, 58.50295858, 59.49019608, 61.75      ,
       49.45652174, 45.20833333, 52.54166667, 65.91304348, 56.76923077,
       56.10810811, 60.69117647, 51.15575621, 65.0247619 , 53.375     ,
       56.87646077, 70.52777778, 62.55172414, 58.38333333, 64.26984127,
       64.31343284, 60.15254237, 59.46153846, 64.84848485, 65.66666667,
       55.16666667, 58.28947368, 48.        , 58.84545455, 34.65517241,
       74.22222222, 55.8858075 , 65.625     , 56.1448468 , 59.19047619,
       43.21455939, 64.73515982, 60.63157895, 55.56043956, 57.02631579,
       54.90575916, 52.75735294, 59.35294118, 57.10227273, 56.43925234,
       64.61702128, 69.65287356, 59.03      , 62.45762712, 72.04615385,
       59.51327434, 57.81666667, 74.03571429, 56.75      , 63.48623853,
       36.20218579, 17.36204744, 26.64705882, 67.52631579, 16.48837209,
       61.33333333, 51.24      , 66.13043478, 69.        , 59.02614379,
       54.23595506, 56.        , 54.46361186, 65.61428571, 55.625     ,
       50.26923077, 53.20103093, 57.79834254, 55.91463415, 57.5       ,
       62.125     , 58.53781513, 57.57260274, 59.59016393, 50.81927711]), 'class_median_width': array([59. , 63.5, 75.5, 63. , 63. , 58. , 75.5, 75. , 47.5, 43. , 71. ,
       72. , 71.5, 65. , 64.5, 65. , 56.5, 70. , 52. , 69. , 72. , 42. ,
       60. , 66. , 66. , 55.5, 41.5, 52.5, 72. , 61. , 60. , 67.5, 49. ,
       69. , 56. , 62. , 71. , 69. , 66. , 71. , 66. , 67. , 62. , 73. ,
       74.5, 57.5, 62.5, 50. , 63. , 31. , 77. , 60. , 74. , 61. , 65.5,
       41. , 72. , 66. , 59. , 62. , 59. , 57. , 67. , 61.5, 60. , 70. ,
       74. , 64.5, 71. , 76. , 58. , 58. , 77.5, 62. , 69. , 36. , 13. ,
       23. , 73.5, 12. , 64. , 54. , 71. , 75. , 60. , 59. , 59. , 57. ,
       70.5, 58. , 53. , 56. , 62. , 61.5, 58.5, 67. , 63. , 64. , 67. ,
       54. ]), 'class_mean_width_scaled': array([0.59053763, 0.59137931, 0.68318182, 0.55739583, 0.55195402,
       0.53246753, 0.71296875, 0.70935185, 0.46444444, 0.43773756,
       0.68711111, 0.67192308, 0.64142857, 0.58295858, 0.56935484,
       0.59557692, 0.52852941, 0.64622222, 0.49361111, 0.66761905,
       0.62553846, 0.39735849, 0.58502959, 0.59490196, 0.6175    ,
       0.49456522, 0.45208333, 0.52541667, 0.65913043, 0.56769231,
       0.56108108, 0.60691176, 0.51155756, 0.65024762, 0.53375   ,
       0.56876461, 0.70527778, 0.62551724, 0.58383333, 0.64269841,
       0.64313433, 0.60152542, 0.59461538, 0.64848485, 0.65666667,
       0.55166667, 0.58289474, 0.48      , 0.58845455, 0.34655172,
       0.74222222, 0.55885808, 0.65625   , 0.56144847, 0.59190476,
       0.43214559, 0.6473516 , 0.60631579, 0.5556044 , 0.57026316,
       0.54905759, 0.52757353, 0.59352941, 0.57102273, 0.56439252,
       0.64617021, 0.69652874, 0.5903    , 0.62457627, 0.72046154,
       0.59513274, 0.57816667, 0.74035714, 0.5675    , 0.63486239,
       0.36202186, 0.17362047, 0.26647059, 0.67526316, 0.16488372,
       0.61333333, 0.5124    , 0.66130435, 0.69      , 0.59026144,
       0.54235955, 0.56      , 0.54463612, 0.65614286, 0.55625   ,
       0.50269231, 0.53201031, 0.57798343, 0.55914634, 0.575     ,
       0.62125   , 0.58537815, 0.57572603, 0.59590164, 0.50819277]), 'class_median_width_scaled': array([0.59 , 0.635, 0.755, 0.63 , 0.63 , 0.58 , 0.755, 0.75 , 0.475,
       0.43 , 0.71 , 0.72 , 0.715, 0.65 , 0.645, 0.65 , 0.565, 0.7  ,
       0.52 , 0.69 , 0.72 , 0.42 , 0.6  , 0.66 , 0.66 , 0.555, 0.415,
       0.525, 0.72 , 0.61 , 0.6  , 0.675, 0.49 , 0.69 , 0.56 , 0.62 ,
       0.71 , 0.69 , 0.66 , 0.71 , 0.66 , 0.67 , 0.62 , 0.73 , 0.745,
       0.575, 0.625, 0.5  , 0.63 , 0.31 , 0.77 , 0.6  , 0.74 , 0.61 ,
       0.655, 0.41 , 0.72 , 0.66 , 0.59 , 0.62 , 0.59 , 0.57 , 0.67 ,
       0.615, 0.6  , 0.7  , 0.74 , 0.645, 0.71 , 0.76 , 0.58 , 0.58 ,
       0.775, 0.62 , 0.69 , 0.36 , 0.13 , 0.23 , 0.735, 0.12 , 0.64 ,
       0.54 , 0.71 , 0.75 , 0.6  , 0.59 , 0.59 , 0.57 , 0.705, 0.58 ,
       0.53 , 0.56 , 0.62 , 0.615, 0.585, 0.67 , 0.63 , 0.64 , 0.67 ,
       0.54 ])}

split_conformal_aps_MLP full class metrics: {'class_coverage': array([0.90322581, 0.81034483, 0.59090909, 0.89583333, 0.74712644,
       0.90909091, 0.8125    , 0.93518519, 0.70833333, 0.95248869,
       0.84444444, 0.53846154, 0.75      , 0.92307692, 0.59677419,
       0.76923077, 0.95098039, 0.73333333, 0.94444444, 0.95918367,
       0.78461538, 0.64150943, 0.9408284 , 0.76470588, 0.86206897,
       0.63043478, 0.66666667, 0.625     , 0.73913043, 0.76923077,
       0.56756757, 0.76470588, 0.99548533, 0.94857143, 0.79545455,
       0.97161937, 0.86111111, 0.17241379, 0.79166667, 0.80952381,
       0.89552239, 0.93220339, 0.74358974, 0.93939394, 0.66666667,
       0.68518519, 0.5       , 0.82278481, 0.93636364, 0.89655172,
       0.85185185, 0.98368679, 0.20833333, 0.9637883 , 0.64285714,
       0.92337165, 0.94520548, 0.82894737, 0.92307692, 0.47368421,
       0.97382199, 0.90441176, 0.58823529, 0.85227273, 0.93457944,
       0.85106383, 0.98390805, 0.89      , 0.62711864, 0.8       ,
       0.95575221, 0.83333333, 0.60714286, 0.66666667, 0.72477064,
       0.9726776 , 0.99001248, 0.95294118, 0.71052632, 0.65116279,
       1.        , 0.86666667, 0.7173913 , 0.57142857, 0.93464052,
       0.7752809 , 0.93034826, 0.98382749, 0.7       , 0.925     ,
       0.42307692, 0.9871134 , 0.94475138, 0.70731707, 0.58333333,
       0.90625   , 0.95798319, 0.96438356, 0.75409836, 0.81927711]), 'class_mean_width': array([59.05376344, 59.13793103, 68.31818182, 55.73958333, 55.1954023 ,
       53.24675325, 71.296875  , 70.93518519, 46.44444444, 43.77375566,
       68.71111111, 67.19230769, 64.14285714, 58.29585799, 56.93548387,
       59.55769231, 52.85294118, 64.62222222, 49.36111111, 66.76190476,
       62.55384615, 39.73584906, 58.50295858, 59.49019608, 61.75      ,
       49.45652174, 45.20833333, 52.54166667, 65.91304348, 56.76923077,
       56.10810811, 60.69117647, 51.15575621, 65.0247619 , 53.375     ,
       56.87646077, 70.52777778, 62.55172414, 58.38333333, 64.26984127,
       64.31343284, 60.15254237, 59.46153846, 64.84848485, 65.66666667,
       55.16666667, 58.28947368, 48.        , 58.84545455, 34.65517241,
       74.22222222, 55.8858075 , 65.625     , 56.1448468 , 59.19047619,
       43.21455939, 64.73515982, 60.63157895, 55.56043956, 57.02631579,
       54.90575916, 52.75735294, 59.35294118, 57.10227273, 56.43925234,
       64.61702128, 69.65287356, 59.03      , 62.45762712, 72.04615385,
       59.51327434, 57.81666667, 74.03571429, 56.75      , 63.48623853,
       36.20218579, 17.36204744, 26.64705882, 67.52631579, 16.48837209,
       61.33333333, 51.24      , 66.13043478, 69.        , 59.02614379,
       54.23595506, 56.        , 54.46361186, 65.61428571, 55.625     ,
       50.26923077, 53.20103093, 57.79834254, 55.91463415, 57.5       ,
       62.125     , 58.53781513, 57.57260274, 59.59016393, 50.81927711]), 'class_median_width': array([59. , 63.5, 75.5, 63. , 63. , 58. , 75.5, 75. , 47.5, 43. , 71. ,
       72. , 71.5, 65. , 64.5, 65. , 56.5, 70. , 52. , 69. , 72. , 42. ,
       60. , 66. , 66. , 55.5, 41.5, 52.5, 72. , 61. , 60. , 67.5, 49. ,
       69. , 56. , 62. , 71. , 69. , 66. , 71. , 66. , 67. , 62. , 73. ,
       74.5, 57.5, 62.5, 50. , 63. , 31. , 77. , 60. , 74. , 61. , 65.5,
       41. , 72. , 66. , 59. , 62. , 59. , 57. , 67. , 61.5, 60. , 70. ,
       74. , 64.5, 71. , 76. , 58. , 58. , 77.5, 62. , 69. , 36. , 13. ,
       23. , 73.5, 12. , 64. , 54. , 71. , 75. , 60. , 59. , 59. , 57. ,
       70.5, 58. , 53. , 56. , 62. , 61.5, 58.5, 67. , 63. , 64. , 67. ,
       54. ]), 'class_mean_width_scaled': array([0.59053763, 0.59137931, 0.68318182, 0.55739583, 0.55195402,
       0.53246753, 0.71296875, 0.70935185, 0.46444444, 0.43773756,
       0.68711111, 0.67192308, 0.64142857, 0.58295858, 0.56935484,
       0.59557692, 0.52852941, 0.64622222, 0.49361111, 0.66761905,
       0.62553846, 0.39735849, 0.58502959, 0.59490196, 0.6175    ,
       0.49456522, 0.45208333, 0.52541667, 0.65913043, 0.56769231,
       0.56108108, 0.60691176, 0.51155756, 0.65024762, 0.53375   ,
       0.56876461, 0.70527778, 0.62551724, 0.58383333, 0.64269841,
       0.64313433, 0.60152542, 0.59461538, 0.64848485, 0.65666667,
       0.55166667, 0.58289474, 0.48      , 0.58845455, 0.34655172,
       0.74222222, 0.55885808, 0.65625   , 0.56144847, 0.59190476,
       0.43214559, 0.6473516 , 0.60631579, 0.5556044 , 0.57026316,
       0.54905759, 0.52757353, 0.59352941, 0.57102273, 0.56439252,
       0.64617021, 0.69652874, 0.5903    , 0.62457627, 0.72046154,
       0.59513274, 0.57816667, 0.74035714, 0.5675    , 0.63486239,
       0.36202186, 0.17362047, 0.26647059, 0.67526316, 0.16488372,
       0.61333333, 0.5124    , 0.66130435, 0.69      , 0.59026144,
       0.54235955, 0.56      , 0.54463612, 0.65614286, 0.55625   ,
       0.50269231, 0.53201031, 0.57798343, 0.55914634, 0.575     ,
       0.62125   , 0.58537815, 0.57572603, 0.59590164, 0.50819277]), 'class_median_width_scaled': array([0.59 , 0.635, 0.755, 0.63 , 0.63 , 0.58 , 0.755, 0.75 , 0.475,
       0.43 , 0.71 , 0.72 , 0.715, 0.65 , 0.645, 0.65 , 0.565, 0.7  ,
       0.52 , 0.69 , 0.72 , 0.42 , 0.6  , 0.66 , 0.66 , 0.555, 0.415,
       0.525, 0.72 , 0.61 , 0.6  , 0.675, 0.49 , 0.69 , 0.56 , 0.62 ,
       0.71 , 0.69 , 0.66 , 0.71 , 0.66 , 0.67 , 0.62 , 0.73 , 0.745,
       0.575, 0.625, 0.5  , 0.63 , 0.31 , 0.77 , 0.6  , 0.74 , 0.61 ,
       0.655, 0.41 , 0.72 , 0.66 , 0.59 , 0.62 , 0.59 , 0.57 , 0.67 ,
       0.615, 0.6  , 0.7  , 0.74 , 0.645, 0.71 , 0.76 , 0.58 , 0.58 ,
       0.775, 0.62 , 0.69 , 0.36 , 0.13 , 0.23 , 0.735, 0.12 , 0.64 ,
       0.54 , 0.71 , 0.75 , 0.6  , 0.59 , 0.59 , 0.57 , 0.705, 0.58 ,
       0.53 , 0.56 , 0.62 , 0.615, 0.585, 0.67 , 0.63 , 0.64 , 0.67 ,
       0.54 ])}

Job completed at Wed Mar 19 06:21:11 PM PDT 2025
