Starting job at Wed Mar 19 06:24:46 PM PDT 2025
Job parameters:
Dataset: data_cover_type
UQ Method: split_conformal_naive
Estimator: LogisticRegression
Seed: 781
Train Size: 0.8
Running split_conformal_naive on data_cover_type with seed 781 and train size 0.8

starting experiment

data created

Fitting split_conformal_naive_LogisticRegression on data_cover_type with seed 781

split_conformal_naive_LogisticRegression metrics: {'coverage': np.float64(0.875), 'mean_width': np.float64(25.8825), 'median_width': np.float64(26.0), 'mean_width_scaled': np.float64(0.258825), 'median_width_scaled': np.float64(0.26)}

split_conformal_naive_LogisticRegression full metrics: {'coverage': np.float64(0.875), 'mean_width': np.float64(25.8825), 'median_width': np.float64(26.0), 'mean_width_scaled': np.float64(0.258825), 'median_width_scaled': np.float64(0.26)}

split_conformal_naive_LogisticRegression class metrics: {'class_coverage': array([0.85, 0.7 , 0.8 , 0.75, 0.85, 0.75, 0.8 , 1.  , 0.9 , 0.9 , 1.  ,
       1.  , 0.85, 0.9 , 0.9 , 0.75, 1.  , 1.  , 0.9 , 0.6 , 1.  , 0.95,
       0.9 , 1.  , 0.9 , 1.  , 1.  , 0.95, 0.8 , 0.95, 0.95, 0.95, 0.65,
       0.95, 1.  , 0.85, 0.85, 0.8 , 0.65, 0.9 , 0.95, 0.8 , 0.65, 1.  ,
       1.  , 1.  , 0.9 , 1.  , 0.8 , 0.95, 0.8 , 0.75, 1.  , 0.6 , 0.9 ,
       1.  , 0.75, 0.7 , 0.65, 0.8 , 0.95, 0.75, 1.  , 0.9 , 0.95, 0.9 ,
       0.9 , 0.8 , 0.7 , 0.9 , 1.  , 1.  , 0.8 , 0.85, 0.95, 0.8 , 0.95,
       0.7 , 0.95, 0.9 , 0.8 , 0.65, 1.  , 0.85, 0.9 , 0.9 , 0.8 , 0.8 ,
       0.95, 0.95, 0.95, 0.95, 0.8 , 0.9 , 0.7 , 1.  , 0.9 , 0.95, 0.9 ,
       1.  ]), 'class_mean_width': array([31.25, 36.75, 21.6 , 18.25, 39.5 , 29.7 , 26.25, 39.05, 31.65,
       33.65, 28.25, 23.95, 21.95, 26.9 , 23.4 , 27.75, 26.85, 19.3 ,
       18.7 , 22.5 , 18.9 , 32.1 , 21.5 , 12.05, 31.25, 27.1 ,  8.6 ,
       27.9 , 28.3 , 14.55, 18.4 , 24.45, 24.7 , 33.25, 32.35, 28.55,
       30.9 , 28.75, 30.8 , 35.45, 25.85, 22.6 , 30.15, 10.1 , 31.85,
       35.3 , 37.6 , 18.35, 15.  , 26.2 , 27.55, 30.45, 36.7 , 31.  ,
       23.  , 28.9 , 25.65, 26.3 , 28.5 , 23.7 , 29.  , 30.7 , 39.65,
       20.25, 31.45, 33.1 , 38.45, 20.7 , 30.05, 33.7 , 38.8 , 21.4 ,
       21.65, 26.75, 24.45, 24.35, 16.  , 23.5 , 23.95, 23.3 , 23.9 ,
       20.7 , 23.7 , 23.6 , 21.35, 11.7 , 16.8 , 25.35, 15.6 , 31.85,
       23.35, 31.55, 26.05, 14.4 , 21.4 , 28.45, 17.5 , 15.15, 24.15,
       28.7 ]), 'class_median_width': array([27.5, 37.5, 19. , 14. , 41.5, 32.5, 23. , 41.5, 32.5, 32.5, 29.5,
       18. , 20. , 28. , 23. , 26.5, 29.5, 19. , 19.5, 26. , 19.5, 32.5,
       18. , 11.5, 31.5, 25. ,  8. , 25.5, 31.5, 14.5, 19. , 24. , 25. ,
       32.5, 32.5, 29. , 29.5, 28. , 32. , 36. , 25. , 22. , 31.5, 10. ,
       33. , 37.5, 39.5, 14.5, 12. , 26.5, 29.5, 31.5, 38. , 30. , 23.5,
       28. , 28.5, 27.5, 30. , 27. , 29. , 33.5, 40.5, 21. , 33. , 34.5,
       39. , 20. , 31.5, 34. , 40.5, 18.5, 22. , 27.5, 23.5, 25. , 17. ,
       23.5, 26. , 23.5, 24.5, 21. , 25.5, 23. , 22. , 11. , 15.5, 26. ,
       15.5, 31. , 23.5, 32.5, 25.5, 12. , 20. , 26.5, 18. , 15. , 26. ,
       28.5]), 'class_mean_width_scaled': array([0.3125, 0.3675, 0.216 , 0.1825, 0.395 , 0.297 , 0.2625, 0.3905,
       0.3165, 0.3365, 0.2825, 0.2395, 0.2195, 0.269 , 0.234 , 0.2775,
       0.2685, 0.193 , 0.187 , 0.225 , 0.189 , 0.321 , 0.215 , 0.1205,
       0.3125, 0.271 , 0.086 , 0.279 , 0.283 , 0.1455, 0.184 , 0.2445,
       0.247 , 0.3325, 0.3235, 0.2855, 0.309 , 0.2875, 0.308 , 0.3545,
       0.2585, 0.226 , 0.3015, 0.101 , 0.3185, 0.353 , 0.376 , 0.1835,
       0.15  , 0.262 , 0.2755, 0.3045, 0.367 , 0.31  , 0.23  , 0.289 ,
       0.2565, 0.263 , 0.285 , 0.237 , 0.29  , 0.307 , 0.3965, 0.2025,
       0.3145, 0.331 , 0.3845, 0.207 , 0.3005, 0.337 , 0.388 , 0.214 ,
       0.2165, 0.2675, 0.2445, 0.2435, 0.16  , 0.235 , 0.2395, 0.233 ,
       0.239 , 0.207 , 0.237 , 0.236 , 0.2135, 0.117 , 0.168 , 0.2535,
       0.156 , 0.3185, 0.2335, 0.3155, 0.2605, 0.144 , 0.214 , 0.2845,
       0.175 , 0.1515, 0.2415, 0.287 ]), 'class_median_width_scaled': array([0.275, 0.375, 0.19 , 0.14 , 0.415, 0.325, 0.23 , 0.415, 0.325,
       0.325, 0.295, 0.18 , 0.2  , 0.28 , 0.23 , 0.265, 0.295, 0.19 ,
       0.195, 0.26 , 0.195, 0.325, 0.18 , 0.115, 0.315, 0.25 , 0.08 ,
       0.255, 0.315, 0.145, 0.19 , 0.24 , 0.25 , 0.325, 0.325, 0.29 ,
       0.295, 0.28 , 0.32 , 0.36 , 0.25 , 0.22 , 0.315, 0.1  , 0.33 ,
       0.375, 0.395, 0.145, 0.12 , 0.265, 0.295, 0.315, 0.38 , 0.3  ,
       0.235, 0.28 , 0.285, 0.275, 0.3  , 0.27 , 0.29 , 0.335, 0.405,
       0.21 , 0.33 , 0.345, 0.39 , 0.2  , 0.315, 0.34 , 0.405, 0.185,
       0.22 , 0.275, 0.235, 0.25 , 0.17 , 0.235, 0.26 , 0.235, 0.245,
       0.21 , 0.255, 0.23 , 0.22 , 0.11 , 0.155, 0.26 , 0.155, 0.31 ,
       0.235, 0.325, 0.255, 0.12 , 0.2  , 0.265, 0.18 , 0.15 , 0.26 ,
       0.285])}

split_conformal_naive_LogisticRegression full class metrics: {'class_coverage': array([0.85, 0.7 , 0.8 , 0.75, 0.85, 0.75, 0.8 , 1.  , 0.9 , 0.9 , 1.  ,
       1.  , 0.85, 0.9 , 0.9 , 0.75, 1.  , 1.  , 0.9 , 0.6 , 1.  , 0.95,
       0.9 , 1.  , 0.9 , 1.  , 1.  , 0.95, 0.8 , 0.95, 0.95, 0.95, 0.65,
       0.95, 1.  , 0.85, 0.85, 0.8 , 0.65, 0.9 , 0.95, 0.8 , 0.65, 1.  ,
       1.  , 1.  , 0.9 , 1.  , 0.8 , 0.95, 0.8 , 0.75, 1.  , 0.6 , 0.9 ,
       1.  , 0.75, 0.7 , 0.65, 0.8 , 0.95, 0.75, 1.  , 0.9 , 0.95, 0.9 ,
       0.9 , 0.8 , 0.7 , 0.9 , 1.  , 1.  , 0.8 , 0.85, 0.95, 0.8 , 0.95,
       0.7 , 0.95, 0.9 , 0.8 , 0.65, 1.  , 0.85, 0.9 , 0.9 , 0.8 , 0.8 ,
       0.95, 0.95, 0.95, 0.95, 0.8 , 0.9 , 0.7 , 1.  , 0.9 , 0.95, 0.9 ,
       1.  ]), 'class_mean_width': array([31.25, 36.75, 21.6 , 18.25, 39.5 , 29.7 , 26.25, 39.05, 31.65,
       33.65, 28.25, 23.95, 21.95, 26.9 , 23.4 , 27.75, 26.85, 19.3 ,
       18.7 , 22.5 , 18.9 , 32.1 , 21.5 , 12.05, 31.25, 27.1 ,  8.6 ,
       27.9 , 28.3 , 14.55, 18.4 , 24.45, 24.7 , 33.25, 32.35, 28.55,
       30.9 , 28.75, 30.8 , 35.45, 25.85, 22.6 , 30.15, 10.1 , 31.85,
       35.3 , 37.6 , 18.35, 15.  , 26.2 , 27.55, 30.45, 36.7 , 31.  ,
       23.  , 28.9 , 25.65, 26.3 , 28.5 , 23.7 , 29.  , 30.7 , 39.65,
       20.25, 31.45, 33.1 , 38.45, 20.7 , 30.05, 33.7 , 38.8 , 21.4 ,
       21.65, 26.75, 24.45, 24.35, 16.  , 23.5 , 23.95, 23.3 , 23.9 ,
       20.7 , 23.7 , 23.6 , 21.35, 11.7 , 16.8 , 25.35, 15.6 , 31.85,
       23.35, 31.55, 26.05, 14.4 , 21.4 , 28.45, 17.5 , 15.15, 24.15,
       28.7 ]), 'class_median_width': array([27.5, 37.5, 19. , 14. , 41.5, 32.5, 23. , 41.5, 32.5, 32.5, 29.5,
       18. , 20. , 28. , 23. , 26.5, 29.5, 19. , 19.5, 26. , 19.5, 32.5,
       18. , 11.5, 31.5, 25. ,  8. , 25.5, 31.5, 14.5, 19. , 24. , 25. ,
       32.5, 32.5, 29. , 29.5, 28. , 32. , 36. , 25. , 22. , 31.5, 10. ,
       33. , 37.5, 39.5, 14.5, 12. , 26.5, 29.5, 31.5, 38. , 30. , 23.5,
       28. , 28.5, 27.5, 30. , 27. , 29. , 33.5, 40.5, 21. , 33. , 34.5,
       39. , 20. , 31.5, 34. , 40.5, 18.5, 22. , 27.5, 23.5, 25. , 17. ,
       23.5, 26. , 23.5, 24.5, 21. , 25.5, 23. , 22. , 11. , 15.5, 26. ,
       15.5, 31. , 23.5, 32.5, 25.5, 12. , 20. , 26.5, 18. , 15. , 26. ,
       28.5]), 'class_mean_width_scaled': array([0.3125, 0.3675, 0.216 , 0.1825, 0.395 , 0.297 , 0.2625, 0.3905,
       0.3165, 0.3365, 0.2825, 0.2395, 0.2195, 0.269 , 0.234 , 0.2775,
       0.2685, 0.193 , 0.187 , 0.225 , 0.189 , 0.321 , 0.215 , 0.1205,
       0.3125, 0.271 , 0.086 , 0.279 , 0.283 , 0.1455, 0.184 , 0.2445,
       0.247 , 0.3325, 0.3235, 0.2855, 0.309 , 0.2875, 0.308 , 0.3545,
       0.2585, 0.226 , 0.3015, 0.101 , 0.3185, 0.353 , 0.376 , 0.1835,
       0.15  , 0.262 , 0.2755, 0.3045, 0.367 , 0.31  , 0.23  , 0.289 ,
       0.2565, 0.263 , 0.285 , 0.237 , 0.29  , 0.307 , 0.3965, 0.2025,
       0.3145, 0.331 , 0.3845, 0.207 , 0.3005, 0.337 , 0.388 , 0.214 ,
       0.2165, 0.2675, 0.2445, 0.2435, 0.16  , 0.235 , 0.2395, 0.233 ,
       0.239 , 0.207 , 0.237 , 0.236 , 0.2135, 0.117 , 0.168 , 0.2535,
       0.156 , 0.3185, 0.2335, 0.3155, 0.2605, 0.144 , 0.214 , 0.2845,
       0.175 , 0.1515, 0.2415, 0.287 ]), 'class_median_width_scaled': array([0.275, 0.375, 0.19 , 0.14 , 0.415, 0.325, 0.23 , 0.415, 0.325,
       0.325, 0.295, 0.18 , 0.2  , 0.28 , 0.23 , 0.265, 0.295, 0.19 ,
       0.195, 0.26 , 0.195, 0.325, 0.18 , 0.115, 0.315, 0.25 , 0.08 ,
       0.255, 0.315, 0.145, 0.19 , 0.24 , 0.25 , 0.325, 0.325, 0.29 ,
       0.295, 0.28 , 0.32 , 0.36 , 0.25 , 0.22 , 0.315, 0.1  , 0.33 ,
       0.375, 0.395, 0.145, 0.12 , 0.265, 0.295, 0.315, 0.38 , 0.3  ,
       0.235, 0.28 , 0.285, 0.275, 0.3  , 0.27 , 0.29 , 0.335, 0.405,
       0.21 , 0.33 , 0.345, 0.39 , 0.2  , 0.315, 0.34 , 0.405, 0.185,
       0.22 , 0.275, 0.235, 0.25 , 0.17 , 0.235, 0.26 , 0.235, 0.245,
       0.21 , 0.255, 0.23 , 0.22 , 0.11 , 0.155, 0.26 , 0.155, 0.31 ,
       0.235, 0.325, 0.255, 0.12 , 0.2  , 0.265, 0.18 , 0.15 , 0.26 ,
       0.285])}

Job completed at Wed Mar 19 06:24:57 PM PDT 2025
