Starting job at Wed Mar 19 06:24:49 PM PDT 2025
Job parameters:
Dataset: data_cover_type
UQ Method: split_conformal_naive
Estimator: LogisticRegression
Seed: 783
Train Size: 0.8
Running split_conformal_naive on data_cover_type with seed 783 and train size 0.8

starting experiment

data created

Fitting split_conformal_naive_LogisticRegression on data_cover_type with seed 783

split_conformal_naive_LogisticRegression metrics: {'coverage': np.float64(0.879), 'mean_width': np.float64(25.189), 'median_width': np.float64(25.0), 'mean_width_scaled': np.float64(0.25189), 'median_width_scaled': np.float64(0.25)}

split_conformal_naive_LogisticRegression full metrics: {'coverage': np.float64(0.879), 'mean_width': np.float64(25.189), 'median_width': np.float64(25.0), 'mean_width_scaled': np.float64(0.25189), 'median_width_scaled': np.float64(0.25)}

split_conformal_naive_LogisticRegression class metrics: {'class_coverage': array([0.75, 0.95, 0.85, 0.6 , 0.85, 0.85, 0.95, 0.9 , 0.9 , 1.  , 0.9 ,
       0.95, 0.95, 1.  , 0.85, 0.8 , 0.95, 1.  , 0.9 , 0.55, 1.  , 1.  ,
       1.  , 1.  , 0.95, 0.95, 1.  , 0.9 , 0.65, 0.8 , 1.  , 0.9 , 0.75,
       1.  , 0.9 , 0.8 , 0.35, 0.8 , 0.8 , 0.9 , 0.9 , 0.85, 0.6 , 1.  ,
       1.  , 1.  , 0.95, 0.95, 0.75, 0.8 , 0.95, 0.7 , 0.85, 0.9 , 0.95,
       1.  , 0.75, 0.7 , 0.65, 0.9 , 0.75, 0.65, 0.95, 0.65, 0.8 , 1.  ,
       1.  , 0.95, 0.85, 0.85, 1.  , 0.85, 0.85, 0.75, 1.  , 0.75, 0.95,
       0.65, 0.95, 0.8 , 0.9 , 0.9 , 1.  , 0.95, 0.95, 0.95, 1.  , 1.  ,
       0.9 , 0.95, 0.9 , 1.  , 0.75, 0.8 , 1.  , 1.  , 1.  , 0.9 , 1.  ,
       1.  ]), 'class_mean_width': array([27.4 , 35.55, 23.75, 18.75, 41.3 , 33.1 , 24.9 , 34.55, 29.25,
       33.7 , 32.55, 20.5 , 26.05, 34.3 , 28.1 , 29.95, 34.45, 23.6 ,
       15.1 , 17.45, 23.8 , 32.8 , 23.9 , 11.3 , 29.1 , 29.6 ,  2.95,
       28.25, 25.05, 17.95, 17.6 , 27.2 , 19.65, 34.85, 28.3 , 24.4 ,
       24.85, 28.15, 30.1 , 34.65, 23.3 , 23.  , 30.9 ,  5.95, 29.35,
       33.75, 37.  , 15.9 , 14.9 , 22.3 , 28.65, 27.75, 33.3 , 30.15,
       22.95, 29.4 , 24.4 , 25.75, 28.45, 19.  , 27.45, 28.2 , 39.55,
       19.25, 30.35, 36.4 , 37.2 , 21.35, 25.95, 31.05, 36.95, 21.55,
       19.15, 25.8 , 19.35, 21.4 , 14.95, 19.  , 24.95, 22.  , 19.  ,
       18.25, 18.8 , 24.7 , 16.45, 11.8 , 18.3 , 23.6 , 15.65, 28.4 ,
       24.15, 29.55, 26.  , 16.75, 21.  , 25.2 , 22.9 , 15.9 , 25.25,
       30.5 ]), 'class_median_width': array([24.5, 34. , 23.5, 14.5, 43.5, 36. , 21.5, 34.5, 28. , 33. , 33. ,
       12.5, 29. , 36.5, 30. , 32. , 35.5, 21. , 11.5, 18. , 24. , 33. ,
       21.5, 10.5, 28.5, 30. ,  2. , 30. , 28.5, 18.5, 18. , 30.5, 12.5,
       41.5, 32. , 25. , 25.5, 28.5, 32. , 34. , 22. , 20.5, 32.5,  1. ,
       30. , 34.5, 39. , 10. , 12. , 21. , 30.5, 32.5, 36. , 32. , 22. ,
       30.5, 24. , 27.5, 29. , 16.5, 28. , 31. , 39. , 18.5, 29.5, 35. ,
       38. , 21.5, 26.5, 35. , 37. , 23. , 19. , 23. , 17.5, 21. , 14. ,
       17.5, 24.5, 22. , 19. , 20. , 19. , 26.5, 16. ,  9. , 18. , 24.5,
       13. , 27. , 25.5, 30. , 23.5, 15. , 19.5, 25. , 20. , 15.5, 26. ,
       30. ]), 'class_mean_width_scaled': array([0.274 , 0.3555, 0.2375, 0.1875, 0.413 , 0.331 , 0.249 , 0.3455,
       0.2925, 0.337 , 0.3255, 0.205 , 0.2605, 0.343 , 0.281 , 0.2995,
       0.3445, 0.236 , 0.151 , 0.1745, 0.238 , 0.328 , 0.239 , 0.113 ,
       0.291 , 0.296 , 0.0295, 0.2825, 0.2505, 0.1795, 0.176 , 0.272 ,
       0.1965, 0.3485, 0.283 , 0.244 , 0.2485, 0.2815, 0.301 , 0.3465,
       0.233 , 0.23  , 0.309 , 0.0595, 0.2935, 0.3375, 0.37  , 0.159 ,
       0.149 , 0.223 , 0.2865, 0.2775, 0.333 , 0.3015, 0.2295, 0.294 ,
       0.244 , 0.2575, 0.2845, 0.19  , 0.2745, 0.282 , 0.3955, 0.1925,
       0.3035, 0.364 , 0.372 , 0.2135, 0.2595, 0.3105, 0.3695, 0.2155,
       0.1915, 0.258 , 0.1935, 0.214 , 0.1495, 0.19  , 0.2495, 0.22  ,
       0.19  , 0.1825, 0.188 , 0.247 , 0.1645, 0.118 , 0.183 , 0.236 ,
       0.1565, 0.284 , 0.2415, 0.2955, 0.26  , 0.1675, 0.21  , 0.252 ,
       0.229 , 0.159 , 0.2525, 0.305 ]), 'class_median_width_scaled': array([0.245, 0.34 , 0.235, 0.145, 0.435, 0.36 , 0.215, 0.345, 0.28 ,
       0.33 , 0.33 , 0.125, 0.29 , 0.365, 0.3  , 0.32 , 0.355, 0.21 ,
       0.115, 0.18 , 0.24 , 0.33 , 0.215, 0.105, 0.285, 0.3  , 0.02 ,
       0.3  , 0.285, 0.185, 0.18 , 0.305, 0.125, 0.415, 0.32 , 0.25 ,
       0.255, 0.285, 0.32 , 0.34 , 0.22 , 0.205, 0.325, 0.01 , 0.3  ,
       0.345, 0.39 , 0.1  , 0.12 , 0.21 , 0.305, 0.325, 0.36 , 0.32 ,
       0.22 , 0.305, 0.24 , 0.275, 0.29 , 0.165, 0.28 , 0.31 , 0.39 ,
       0.185, 0.295, 0.35 , 0.38 , 0.215, 0.265, 0.35 , 0.37 , 0.23 ,
       0.19 , 0.23 , 0.175, 0.21 , 0.14 , 0.175, 0.245, 0.22 , 0.19 ,
       0.2  , 0.19 , 0.265, 0.16 , 0.09 , 0.18 , 0.245, 0.13 , 0.27 ,
       0.255, 0.3  , 0.235, 0.15 , 0.195, 0.25 , 0.2  , 0.155, 0.26 ,
       0.3  ])}

split_conformal_naive_LogisticRegression full class metrics: {'class_coverage': array([0.75, 0.95, 0.85, 0.6 , 0.85, 0.85, 0.95, 0.9 , 0.9 , 1.  , 0.9 ,
       0.95, 0.95, 1.  , 0.85, 0.8 , 0.95, 1.  , 0.9 , 0.55, 1.  , 1.  ,
       1.  , 1.  , 0.95, 0.95, 1.  , 0.9 , 0.65, 0.8 , 1.  , 0.9 , 0.75,
       1.  , 0.9 , 0.8 , 0.35, 0.8 , 0.8 , 0.9 , 0.9 , 0.85, 0.6 , 1.  ,
       1.  , 1.  , 0.95, 0.95, 0.75, 0.8 , 0.95, 0.7 , 0.85, 0.9 , 0.95,
       1.  , 0.75, 0.7 , 0.65, 0.9 , 0.75, 0.65, 0.95, 0.65, 0.8 , 1.  ,
       1.  , 0.95, 0.85, 0.85, 1.  , 0.85, 0.85, 0.75, 1.  , 0.75, 0.95,
       0.65, 0.95, 0.8 , 0.9 , 0.9 , 1.  , 0.95, 0.95, 0.95, 1.  , 1.  ,
       0.9 , 0.95, 0.9 , 1.  , 0.75, 0.8 , 1.  , 1.  , 1.  , 0.9 , 1.  ,
       1.  ]), 'class_mean_width': array([27.4 , 35.55, 23.75, 18.75, 41.3 , 33.1 , 24.9 , 34.55, 29.25,
       33.7 , 32.55, 20.5 , 26.05, 34.3 , 28.1 , 29.95, 34.45, 23.6 ,
       15.1 , 17.45, 23.8 , 32.8 , 23.9 , 11.3 , 29.1 , 29.6 ,  2.95,
       28.25, 25.05, 17.95, 17.6 , 27.2 , 19.65, 34.85, 28.3 , 24.4 ,
       24.85, 28.15, 30.1 , 34.65, 23.3 , 23.  , 30.9 ,  5.95, 29.35,
       33.75, 37.  , 15.9 , 14.9 , 22.3 , 28.65, 27.75, 33.3 , 30.15,
       22.95, 29.4 , 24.4 , 25.75, 28.45, 19.  , 27.45, 28.2 , 39.55,
       19.25, 30.35, 36.4 , 37.2 , 21.35, 25.95, 31.05, 36.95, 21.55,
       19.15, 25.8 , 19.35, 21.4 , 14.95, 19.  , 24.95, 22.  , 19.  ,
       18.25, 18.8 , 24.7 , 16.45, 11.8 , 18.3 , 23.6 , 15.65, 28.4 ,
       24.15, 29.55, 26.  , 16.75, 21.  , 25.2 , 22.9 , 15.9 , 25.25,
       30.5 ]), 'class_median_width': array([24.5, 34. , 23.5, 14.5, 43.5, 36. , 21.5, 34.5, 28. , 33. , 33. ,
       12.5, 29. , 36.5, 30. , 32. , 35.5, 21. , 11.5, 18. , 24. , 33. ,
       21.5, 10.5, 28.5, 30. ,  2. , 30. , 28.5, 18.5, 18. , 30.5, 12.5,
       41.5, 32. , 25. , 25.5, 28.5, 32. , 34. , 22. , 20.5, 32.5,  1. ,
       30. , 34.5, 39. , 10. , 12. , 21. , 30.5, 32.5, 36. , 32. , 22. ,
       30.5, 24. , 27.5, 29. , 16.5, 28. , 31. , 39. , 18.5, 29.5, 35. ,
       38. , 21.5, 26.5, 35. , 37. , 23. , 19. , 23. , 17.5, 21. , 14. ,
       17.5, 24.5, 22. , 19. , 20. , 19. , 26.5, 16. ,  9. , 18. , 24.5,
       13. , 27. , 25.5, 30. , 23.5, 15. , 19.5, 25. , 20. , 15.5, 26. ,
       30. ]), 'class_mean_width_scaled': array([0.274 , 0.3555, 0.2375, 0.1875, 0.413 , 0.331 , 0.249 , 0.3455,
       0.2925, 0.337 , 0.3255, 0.205 , 0.2605, 0.343 , 0.281 , 0.2995,
       0.3445, 0.236 , 0.151 , 0.1745, 0.238 , 0.328 , 0.239 , 0.113 ,
       0.291 , 0.296 , 0.0295, 0.2825, 0.2505, 0.1795, 0.176 , 0.272 ,
       0.1965, 0.3485, 0.283 , 0.244 , 0.2485, 0.2815, 0.301 , 0.3465,
       0.233 , 0.23  , 0.309 , 0.0595, 0.2935, 0.3375, 0.37  , 0.159 ,
       0.149 , 0.223 , 0.2865, 0.2775, 0.333 , 0.3015, 0.2295, 0.294 ,
       0.244 , 0.2575, 0.2845, 0.19  , 0.2745, 0.282 , 0.3955, 0.1925,
       0.3035, 0.364 , 0.372 , 0.2135, 0.2595, 0.3105, 0.3695, 0.2155,
       0.1915, 0.258 , 0.1935, 0.214 , 0.1495, 0.19  , 0.2495, 0.22  ,
       0.19  , 0.1825, 0.188 , 0.247 , 0.1645, 0.118 , 0.183 , 0.236 ,
       0.1565, 0.284 , 0.2415, 0.2955, 0.26  , 0.1675, 0.21  , 0.252 ,
       0.229 , 0.159 , 0.2525, 0.305 ]), 'class_median_width_scaled': array([0.245, 0.34 , 0.235, 0.145, 0.435, 0.36 , 0.215, 0.345, 0.28 ,
       0.33 , 0.33 , 0.125, 0.29 , 0.365, 0.3  , 0.32 , 0.355, 0.21 ,
       0.115, 0.18 , 0.24 , 0.33 , 0.215, 0.105, 0.285, 0.3  , 0.02 ,
       0.3  , 0.285, 0.185, 0.18 , 0.305, 0.125, 0.415, 0.32 , 0.25 ,
       0.255, 0.285, 0.32 , 0.34 , 0.22 , 0.205, 0.325, 0.01 , 0.3  ,
       0.345, 0.39 , 0.1  , 0.12 , 0.21 , 0.305, 0.325, 0.36 , 0.32 ,
       0.22 , 0.305, 0.24 , 0.275, 0.29 , 0.165, 0.28 , 0.31 , 0.39 ,
       0.185, 0.295, 0.35 , 0.38 , 0.215, 0.265, 0.35 , 0.37 , 0.23 ,
       0.19 , 0.23 , 0.175, 0.21 , 0.14 , 0.175, 0.245, 0.22 , 0.19 ,
       0.2  , 0.19 , 0.265, 0.16 , 0.09 , 0.18 , 0.245, 0.13 , 0.27 ,
       0.255, 0.3  , 0.235, 0.15 , 0.195, 0.25 , 0.2  , 0.155, 0.26 ,
       0.3  ])}

Job completed at Wed Mar 19 06:25:09 PM PDT 2025
