Starting job at Thu Mar 20 05:03:53 PM PDT 2025
Job parameters:
Dataset: data_language
UQ Method: majority_vote
Estimator: HistGradientBoosting
Seed: 786
Train Size: 0.8
Running majority_vote on data_language with seed 786 and train size 0.8

starting experiment

data created

Fitting majority_vote on data_language with seed 786

majority_vote metrics: {'coverage': np.float64(0.98), 'mean_width': np.float64(17.5), 'median_width': np.float64(17.0), 'mean_width_scaled': np.float64(0.5833333333333334), 'median_width_scaled': np.float64(0.5666666666666667)}

majority_vote full metrics: {'coverage': np.float64(0.98), 'mean_width': np.float64(17.5), 'median_width': np.float64(17.0), 'mean_width_scaled': np.float64(0.5833333333333334), 'median_width_scaled': np.float64(0.5666666666666667)}

majority_vote class metrics: {'class_coverage': array([1. , 1. , 1. , 1. , 1. , 1. , 1. , 1. , 1. , 1. , 1. , 1. , 1. ,
       1. , 1. , 1. , 1. , 1. , 1. , 1. , 1. , 1. , 1. , 1. , 1. , 0.8,
       0. , 1. , 1. , 0. ]), 'class_mean_width': array([16.44444444, 17.2       , 16.66666667, 20.        , 19.28571429,
       19.3       , 20.26666667, 13.66666667, 14.9375    , 18.5       ,
       14.        , 20.        , 13.33333333, 15.66666667, 23.5       ,
       19.55555556, 18.        , 17.33333333, 16.33333333, 19.        ,
       17.8       , 20.8       , 15.66666667, 15.75      , 16.        ,
       17.8       , 15.        , 17.66666667, 15.66666667, 22.5       ]), 'class_median_width': array([16. , 16. , 17. , 19. , 19. , 18. , 21. , 13.5, 14.5, 16.5, 15. ,
       20. , 13.5, 16. , 23.5, 20. , 17. , 16. , 16. , 19. , 17. , 21. ,
       16. , 16. , 15.5, 16. , 15. , 18.5, 15.5, 22.5]), 'class_mean_width_scaled': array([0.54814815, 0.57333333, 0.55555556, 0.66666667, 0.64285714,
       0.64333333, 0.67555556, 0.45555556, 0.49791667, 0.61666667,
       0.46666667, 0.66666667, 0.44444444, 0.52222222, 0.78333333,
       0.65185185, 0.6       , 0.57777778, 0.54444444, 0.63333333,
       0.59333333, 0.69333333, 0.52222222, 0.525     , 0.53333333,
       0.59333333, 0.5       , 0.58888889, 0.52222222, 0.75      ]), 'class_median_width_scaled': array([0.53333333, 0.53333333, 0.56666667, 0.63333333, 0.63333333,
       0.6       , 0.7       , 0.45      , 0.48333333, 0.55      ,
       0.5       , 0.66666667, 0.45      , 0.53333333, 0.78333333,
       0.66666667, 0.56666667, 0.53333333, 0.53333333, 0.63333333,
       0.56666667, 0.7       , 0.53333333, 0.53333333, 0.51666667,
       0.53333333, 0.5       , 0.61666667, 0.51666667, 0.75      ])}

majority_vote full class metrics: {'class_coverage': array([1. , 1. , 1. , 1. , 1. , 1. , 1. , 1. , 1. , 1. , 1. , 1. , 1. ,
       1. , 1. , 1. , 1. , 1. , 1. , 1. , 1. , 1. , 1. , 1. , 1. , 0.8,
       0. , 1. , 1. , 0. ]), 'class_mean_width': array([16.44444444, 17.2       , 16.66666667, 20.        , 19.28571429,
       19.3       , 20.26666667, 13.66666667, 14.9375    , 18.5       ,
       14.        , 20.        , 13.33333333, 15.66666667, 23.5       ,
       19.55555556, 18.        , 17.33333333, 16.33333333, 19.        ,
       17.8       , 20.8       , 15.66666667, 15.75      , 16.        ,
       17.8       , 15.        , 17.66666667, 15.66666667, 22.5       ]), 'class_median_width': array([16. , 16. , 17. , 19. , 19. , 18. , 21. , 13.5, 14.5, 16.5, 15. ,
       20. , 13.5, 16. , 23.5, 20. , 17. , 16. , 16. , 19. , 17. , 21. ,
       16. , 16. , 15.5, 16. , 15. , 18.5, 15.5, 22.5]), 'class_mean_width_scaled': array([0.54814815, 0.57333333, 0.55555556, 0.66666667, 0.64285714,
       0.64333333, 0.67555556, 0.45555556, 0.49791667, 0.61666667,
       0.46666667, 0.66666667, 0.44444444, 0.52222222, 0.78333333,
       0.65185185, 0.6       , 0.57777778, 0.54444444, 0.63333333,
       0.59333333, 0.69333333, 0.52222222, 0.525     , 0.53333333,
       0.59333333, 0.5       , 0.58888889, 0.52222222, 0.75      ]), 'class_median_width_scaled': array([0.53333333, 0.53333333, 0.56666667, 0.63333333, 0.63333333,
       0.6       , 0.7       , 0.45      , 0.48333333, 0.55      ,
       0.5       , 0.66666667, 0.45      , 0.53333333, 0.78333333,
       0.66666667, 0.56666667, 0.53333333, 0.53333333, 0.63333333,
       0.56666667, 0.7       , 0.53333333, 0.53333333, 0.51666667,
       0.53333333, 0.5       , 0.61666667, 0.51666667, 0.75      ])}

Job completed at Thu Mar 20 05:03:59 PM PDT 2025
