Starting job at Wed Mar 19 06:30:21 PM PDT 2025
Job parameters:
Dataset: data_walking
UQ Method: split_conformal_lac
Estimator: XGBoost
Seed: 782
Train Size: 0.8
Running split_conformal_lac on data_walking with seed 782 and train size 0.8

starting experiment

data created

Fitting split_conformal_lac_XGBoost on data_walking with seed 782

split_conformal_lac_XGBoost metrics: {'coverage': np.float64(0.8983333333333333), 'mean_width': np.float64(5.1245), 'median_width': np.float64(5.0), 'mean_width_scaled': np.float64(0.23293181818181818), 'median_width_scaled': np.float64(0.22727272727272727)}

split_conformal_lac_XGBoost full metrics: {'coverage': np.float64(0.8983333333333333), 'mean_width': np.float64(5.1245), 'median_width': np.float64(5.0), 'mean_width_scaled': np.float64(0.23293181818181818), 'median_width_scaled': np.float64(0.22727272727272727)}

split_conformal_lac_XGBoost class metrics: {'class_coverage': array([0.87096774, 1.        , 0.87878788, 0.88495575, 0.88666667,
       0.84172662, 0.86915888, 0.8238342 , 0.82899628, 0.93581781,
       0.82993197, 0.94594595, 0.75362319, 0.95022624, 0.9352518 ,
       0.84313725, 0.95741557, 0.72580645, 0.90512821, 0.81410256,
       0.7826087 , 0.86071429]), 'class_mean_width': array([7.66935484, 5.33333333, 6.09090909, 7.07964602, 6.02666667,
       7.38129496, 5.28660436, 5.63212435, 5.56133829, 3.42650104,
       8.29931973, 7.56756757, 7.98550725, 3.44117647, 3.84892086,
       6.71568627, 4.2701909 , 7.10483871, 5.64102564, 7.38461538,
       7.39130435, 6.18214286]), 'class_median_width': array([8., 5., 6., 7., 5., 7., 5., 5., 5., 3., 8., 8., 8., 3., 3., 7., 3.,
       7., 5., 7., 7., 6.]), 'class_mean_width_scaled': array([0.34860704, 0.24242424, 0.2768595 , 0.32180209, 0.27393939,
       0.33551341, 0.2403002 , 0.25600565, 0.2527881 , 0.15575005,
       0.37724181, 0.34398034, 0.3629776 , 0.15641711, 0.17495095,
       0.30525847, 0.19409959, 0.32294721, 0.25641026, 0.33566434,
       0.33596838, 0.28100649]), 'class_median_width_scaled': array([0.36363636, 0.22727273, 0.27272727, 0.31818182, 0.22727273,
       0.31818182, 0.22727273, 0.22727273, 0.22727273, 0.13636364,
       0.36363636, 0.36363636, 0.36363636, 0.13636364, 0.13636364,
       0.31818182, 0.13636364, 0.31818182, 0.22727273, 0.31818182,
       0.31818182, 0.27272727])}

split_conformal_lac_XGBoost full class metrics: {'class_coverage': array([0.87096774, 1.        , 0.87878788, 0.88495575, 0.88666667,
       0.84172662, 0.86915888, 0.8238342 , 0.82899628, 0.93581781,
       0.82993197, 0.94594595, 0.75362319, 0.95022624, 0.9352518 ,
       0.84313725, 0.95741557, 0.72580645, 0.90512821, 0.81410256,
       0.7826087 , 0.86071429]), 'class_mean_width': array([7.66935484, 5.33333333, 6.09090909, 7.07964602, 6.02666667,
       7.38129496, 5.28660436, 5.63212435, 5.56133829, 3.42650104,
       8.29931973, 7.56756757, 7.98550725, 3.44117647, 3.84892086,
       6.71568627, 4.2701909 , 7.10483871, 5.64102564, 7.38461538,
       7.39130435, 6.18214286]), 'class_median_width': array([8., 5., 6., 7., 5., 7., 5., 5., 5., 3., 8., 8., 8., 3., 3., 7., 3.,
       7., 5., 7., 7., 6.]), 'class_mean_width_scaled': array([0.34860704, 0.24242424, 0.2768595 , 0.32180209, 0.27393939,
       0.33551341, 0.2403002 , 0.25600565, 0.2527881 , 0.15575005,
       0.37724181, 0.34398034, 0.3629776 , 0.15641711, 0.17495095,
       0.30525847, 0.19409959, 0.32294721, 0.25641026, 0.33566434,
       0.33596838, 0.28100649]), 'class_median_width_scaled': array([0.36363636, 0.22727273, 0.27272727, 0.31818182, 0.22727273,
       0.31818182, 0.22727273, 0.22727273, 0.22727273, 0.13636364,
       0.36363636, 0.36363636, 0.36363636, 0.13636364, 0.13636364,
       0.31818182, 0.13636364, 0.31818182, 0.22727273, 0.31818182,
       0.31818182, 0.27272727])}

Job completed at Wed Mar 19 06:30:25 PM PDT 2025
