Starting job at Wed Mar 19 06:30:26 PM PDT 2025
Job parameters:
Dataset: data_walking
UQ Method: split_conformal_lac
Estimator: XGBoost
Seed: 785
Train Size: 0.8
Running split_conformal_lac on data_walking with seed 785 and train size 0.8

starting experiment

data created

Fitting split_conformal_lac_XGBoost on data_walking with seed 785

split_conformal_lac_XGBoost metrics: {'coverage': np.float64(0.9006666666666666), 'mean_width': np.float64(5.195833333333334), 'median_width': np.float64(5.0), 'mean_width_scaled': np.float64(0.23617424242424245), 'median_width_scaled': np.float64(0.22727272727272727)}

split_conformal_lac_XGBoost full metrics: {'coverage': np.float64(0.9006666666666666), 'mean_width': np.float64(5.195833333333334), 'median_width': np.float64(5.0), 'mean_width_scaled': np.float64(0.23617424242424245), 'median_width_scaled': np.float64(0.22727272727272727)}

split_conformal_lac_XGBoost class metrics: {'class_coverage': array([0.7983871 , 0.91111111, 0.9040404 , 0.89380531, 0.87333333,
       0.71942446, 0.9376947 , 0.72020725, 0.85873606, 0.97101449,
       0.7755102 , 0.94594595, 0.60869565, 0.96153846, 0.96402878,
       0.84313725, 0.97063142, 0.7983871 , 0.88205128, 0.68589744,
       0.73913043, 0.89285714]), 'class_mean_width': array([7.19354839, 5.37777778, 6.00505051, 6.74778761, 5.98      ,
       7.49640288, 5.59501558, 5.92227979, 6.45724907, 3.16977226,
       8.57142857, 7.89189189, 7.94202899, 3.67760181, 3.79736211,
       6.83823529, 4.2907489 , 6.89516129, 5.84871795, 7.69871795,
       6.95652174, 6.03214286]), 'class_median_width': array([7., 5., 6., 7., 5., 7., 5., 6., 6., 2., 8., 6., 8., 3., 3., 7., 3.,
       7., 5., 8., 7., 5.]), 'class_mean_width_scaled': array([0.32697947, 0.24444444, 0.27295684, 0.30671762, 0.27181818,
       0.34074559, 0.25431889, 0.26919454, 0.29351132, 0.14408056,
       0.38961039, 0.35872236, 0.36100132, 0.16716372, 0.17260737,
       0.31082888, 0.19503404, 0.31341642, 0.26585082, 0.34994172,
       0.31620553, 0.27418831]), 'class_median_width_scaled': array([0.31818182, 0.22727273, 0.27272727, 0.31818182, 0.22727273,
       0.31818182, 0.22727273, 0.27272727, 0.27272727, 0.09090909,
       0.36363636, 0.27272727, 0.36363636, 0.13636364, 0.13636364,
       0.31818182, 0.13636364, 0.31818182, 0.22727273, 0.36363636,
       0.31818182, 0.22727273])}

split_conformal_lac_XGBoost full class metrics: {'class_coverage': array([0.7983871 , 0.91111111, 0.9040404 , 0.89380531, 0.87333333,
       0.71942446, 0.9376947 , 0.72020725, 0.85873606, 0.97101449,
       0.7755102 , 0.94594595, 0.60869565, 0.96153846, 0.96402878,
       0.84313725, 0.97063142, 0.7983871 , 0.88205128, 0.68589744,
       0.73913043, 0.89285714]), 'class_mean_width': array([7.19354839, 5.37777778, 6.00505051, 6.74778761, 5.98      ,
       7.49640288, 5.59501558, 5.92227979, 6.45724907, 3.16977226,
       8.57142857, 7.89189189, 7.94202899, 3.67760181, 3.79736211,
       6.83823529, 4.2907489 , 6.89516129, 5.84871795, 7.69871795,
       6.95652174, 6.03214286]), 'class_median_width': array([7., 5., 6., 7., 5., 7., 5., 6., 6., 2., 8., 6., 8., 3., 3., 7., 3.,
       7., 5., 8., 7., 5.]), 'class_mean_width_scaled': array([0.32697947, 0.24444444, 0.27295684, 0.30671762, 0.27181818,
       0.34074559, 0.25431889, 0.26919454, 0.29351132, 0.14408056,
       0.38961039, 0.35872236, 0.36100132, 0.16716372, 0.17260737,
       0.31082888, 0.19503404, 0.31341642, 0.26585082, 0.34994172,
       0.31620553, 0.27418831]), 'class_median_width_scaled': array([0.31818182, 0.22727273, 0.27272727, 0.31818182, 0.22727273,
       0.31818182, 0.22727273, 0.27272727, 0.27272727, 0.09090909,
       0.36363636, 0.27272727, 0.36363636, 0.13636364, 0.13636364,
       0.31818182, 0.13636364, 0.31818182, 0.22727273, 0.36363636,
       0.31818182, 0.22727273])}

Job completed at Wed Mar 19 06:30:30 PM PDT 2025
