Starting job at Wed Mar 19 06:30:15 PM PDT 2025
Job parameters:
Dataset: data_walking
UQ Method: split_conformal_lac
Estimator: XGBoost
Seed: 778
Train Size: 0.8
Running split_conformal_lac on data_walking with seed 778 and train size 0.8

starting experiment

data created

Fitting split_conformal_lac_XGBoost on data_walking with seed 778

split_conformal_lac_XGBoost metrics: {'coverage': np.float64(0.9058333333333334), 'mean_width': np.float64(5.142666666666667), 'median_width': np.float64(5.0), 'mean_width_scaled': np.float64(0.23375757575757578), 'median_width_scaled': np.float64(0.22727272727272727)}

split_conformal_lac_XGBoost full metrics: {'coverage': np.float64(0.9058333333333334), 'mean_width': np.float64(5.142666666666667), 'median_width': np.float64(5.0), 'mean_width_scaled': np.float64(0.23375757575757578), 'median_width_scaled': np.float64(0.22727272727272727)}

split_conformal_lac_XGBoost class metrics: {'class_coverage': array([0.79032258, 0.93333333, 0.88888889, 0.87168142, 0.88      ,
       0.79136691, 0.92834891, 0.86528497, 0.85501859, 0.96687371,
       0.76870748, 0.91891892, 0.72463768, 0.95475113, 0.95683453,
       0.83823529, 0.96769457, 0.76612903, 0.92307692, 0.75641026,
       0.7826087 , 0.85714286]), 'class_mean_width': array([7.66129032, 4.55555556, 5.82323232, 7.34070796, 5.82666667,
       7.72661871, 5.85046729, 5.45595855, 6.05204461, 3.22153209,
       8.01360544, 8.62162162, 8.2173913 , 3.49773756, 3.66786571,
       6.26960784, 4.36563877, 7.25      , 6.1       , 6.87820513,
       7.2826087 , 5.975     ]), 'class_median_width': array([8., 4., 6., 7., 5., 8., 5., 5., 6., 2., 8., 9., 8., 3., 3., 6., 4.,
       7., 6., 7., 7., 6.]), 'class_mean_width_scaled': array([0.34824047, 0.20707071, 0.26469238, 0.33366854, 0.26484848,
       0.35120994, 0.26593033, 0.24799812, 0.27509294, 0.14643328,
       0.36425479, 0.39189189, 0.37351779, 0.15898807, 0.16672117,
       0.28498217, 0.19843813, 0.32954545, 0.27727273, 0.31264569,
       0.33102767, 0.27159091]), 'class_median_width_scaled': array([0.36363636, 0.18181818, 0.27272727, 0.31818182, 0.22727273,
       0.36363636, 0.22727273, 0.22727273, 0.27272727, 0.09090909,
       0.36363636, 0.40909091, 0.36363636, 0.13636364, 0.13636364,
       0.27272727, 0.18181818, 0.31818182, 0.27272727, 0.31818182,
       0.31818182, 0.27272727])}

split_conformal_lac_XGBoost full class metrics: {'class_coverage': array([0.79032258, 0.93333333, 0.88888889, 0.87168142, 0.88      ,
       0.79136691, 0.92834891, 0.86528497, 0.85501859, 0.96687371,
       0.76870748, 0.91891892, 0.72463768, 0.95475113, 0.95683453,
       0.83823529, 0.96769457, 0.76612903, 0.92307692, 0.75641026,
       0.7826087 , 0.85714286]), 'class_mean_width': array([7.66129032, 4.55555556, 5.82323232, 7.34070796, 5.82666667,
       7.72661871, 5.85046729, 5.45595855, 6.05204461, 3.22153209,
       8.01360544, 8.62162162, 8.2173913 , 3.49773756, 3.66786571,
       6.26960784, 4.36563877, 7.25      , 6.1       , 6.87820513,
       7.2826087 , 5.975     ]), 'class_median_width': array([8., 4., 6., 7., 5., 8., 5., 5., 6., 2., 8., 9., 8., 3., 3., 6., 4.,
       7., 6., 7., 7., 6.]), 'class_mean_width_scaled': array([0.34824047, 0.20707071, 0.26469238, 0.33366854, 0.26484848,
       0.35120994, 0.26593033, 0.24799812, 0.27509294, 0.14643328,
       0.36425479, 0.39189189, 0.37351779, 0.15898807, 0.16672117,
       0.28498217, 0.19843813, 0.32954545, 0.27727273, 0.31264569,
       0.33102767, 0.27159091]), 'class_median_width_scaled': array([0.36363636, 0.18181818, 0.27272727, 0.31818182, 0.22727273,
       0.36363636, 0.22727273, 0.22727273, 0.27272727, 0.09090909,
       0.36363636, 0.40909091, 0.36363636, 0.13636364, 0.13636364,
       0.27272727, 0.18181818, 0.31818182, 0.27272727, 0.31818182,
       0.31818182, 0.27272727])}

Job completed at Wed Mar 19 06:30:18 PM PDT 2025
