Starting job at Wed Mar 19 06:30:11 PM PDT 2025
Job parameters:
Dataset: data_walking
UQ Method: split_conformal_lac
Estimator: XGBoost
Seed: 777
Train Size: 0.8
Running split_conformal_lac on data_walking with seed 777 and train size 0.8

starting experiment

data created

Fitting split_conformal_lac_XGBoost on data_walking with seed 777

split_conformal_lac_XGBoost metrics: {'coverage': np.float64(0.8901666666666667), 'mean_width': np.float64(4.9318333333333335), 'median_width': np.float64(4.0), 'mean_width_scaled': np.float64(0.22417424242424244), 'median_width_scaled': np.float64(0.18181818181818182)}

split_conformal_lac_XGBoost full metrics: {'coverage': np.float64(0.8901666666666667), 'mean_width': np.float64(4.9318333333333335), 'median_width': np.float64(4.0), 'mean_width_scaled': np.float64(0.22417424242424244), 'median_width_scaled': np.float64(0.18181818181818182)}

split_conformal_lac_XGBoost class metrics: {'class_coverage': array([0.88709677, 0.93333333, 0.82323232, 0.81415929, 0.9       ,
       0.75539568, 0.87850467, 0.84455959, 0.79925651, 0.94616977,
       0.72108844, 0.81081081, 0.65217391, 0.96153846, 0.93165468,
       0.83823529, 0.95594714, 0.75806452, 0.91538462, 0.75641026,
       0.80434783, 0.88928571]), 'class_mean_width': array([7.37096774, 6.46666667, 5.87373737, 6.67256637, 5.08      ,
       7.76978417, 5.34267913, 5.22797927, 6.11895911, 2.72877847,
       7.65986395, 6.10810811, 8.56521739, 3.39819005, 3.56834532,
       6.55882353, 4.23054332, 6.7016129 , 5.51538462, 6.89102564,
       7.58695652, 5.84642857]), 'class_median_width': array([7., 7., 5., 7., 5., 8., 5., 5., 6., 1., 8., 4., 9., 2., 3., 7., 3.,
       7., 5., 7., 7., 6.]), 'class_mean_width_scaled': array([0.33504399, 0.29393939, 0.26698806, 0.30329847, 0.23090909,
       0.35317201, 0.24284905, 0.23763542, 0.2781345 , 0.12403538,
       0.34817563, 0.27764128, 0.38932806, 0.15446318, 0.16219751,
       0.29812834, 0.19229742, 0.30461877, 0.2506993 , 0.31322844,
       0.34486166, 0.26574675]), 'class_median_width_scaled': array([0.31818182, 0.31818182, 0.22727273, 0.31818182, 0.22727273,
       0.36363636, 0.22727273, 0.22727273, 0.27272727, 0.04545455,
       0.36363636, 0.18181818, 0.40909091, 0.09090909, 0.13636364,
       0.31818182, 0.13636364, 0.31818182, 0.22727273, 0.31818182,
       0.31818182, 0.27272727])}

split_conformal_lac_XGBoost full class metrics: {'class_coverage': array([0.88709677, 0.93333333, 0.82323232, 0.81415929, 0.9       ,
       0.75539568, 0.87850467, 0.84455959, 0.79925651, 0.94616977,
       0.72108844, 0.81081081, 0.65217391, 0.96153846, 0.93165468,
       0.83823529, 0.95594714, 0.75806452, 0.91538462, 0.75641026,
       0.80434783, 0.88928571]), 'class_mean_width': array([7.37096774, 6.46666667, 5.87373737, 6.67256637, 5.08      ,
       7.76978417, 5.34267913, 5.22797927, 6.11895911, 2.72877847,
       7.65986395, 6.10810811, 8.56521739, 3.39819005, 3.56834532,
       6.55882353, 4.23054332, 6.7016129 , 5.51538462, 6.89102564,
       7.58695652, 5.84642857]), 'class_median_width': array([7., 7., 5., 7., 5., 8., 5., 5., 6., 1., 8., 4., 9., 2., 3., 7., 3.,
       7., 5., 7., 7., 6.]), 'class_mean_width_scaled': array([0.33504399, 0.29393939, 0.26698806, 0.30329847, 0.23090909,
       0.35317201, 0.24284905, 0.23763542, 0.2781345 , 0.12403538,
       0.34817563, 0.27764128, 0.38932806, 0.15446318, 0.16219751,
       0.29812834, 0.19229742, 0.30461877, 0.2506993 , 0.31322844,
       0.34486166, 0.26574675]), 'class_median_width_scaled': array([0.31818182, 0.31818182, 0.22727273, 0.31818182, 0.22727273,
       0.36363636, 0.22727273, 0.22727273, 0.27272727, 0.04545455,
       0.36363636, 0.18181818, 0.40909091, 0.09090909, 0.13636364,
       0.31818182, 0.13636364, 0.31818182, 0.22727273, 0.31818182,
       0.31818182, 0.27272727])}

Job completed at Wed Mar 19 06:30:15 PM PDT 2025
