Starting job at Wed Mar 19 06:19:19 PM PDT 2025
Job parameters:
Dataset: data_chess
UQ Method: split_conformal_aps
Estimator: RandomForest
Seed: 784
Train Size: 0.8
Running split_conformal_aps on data_chess with seed 784 and train size 0.8

starting experiment

data created

Fitting split_conformal_aps_RandomForest on data_chess with seed 784

split_conformal_aps_RandomForest metrics: {'coverage': np.float64(0.9053813257305773), 'mean_width': np.float64(5.447255880256593), 'median_width': np.float64(5.0), 'mean_width_scaled': np.float64(0.30262532668092185), 'median_width_scaled': np.float64(0.2777777777777778)}

split_conformal_aps_RandomForest full metrics: {'coverage': np.float64(0.9053813257305773), 'mean_width': np.float64(5.447255880256593), 'median_width': np.float64(5.0), 'mean_width_scaled': np.float64(0.30262532668092185), 'median_width_scaled': np.float64(0.2777777777777778)}

split_conformal_aps_RandomForest class metrics: {'class_coverage': array([0.91413238, 0.90592334, 0.89316988, 0.96766744, 0.71276596,
       0.775     , 0.98463227, 0.8128655 , 0.25      , 0.64963504,
       0.72033898, 0.76923077, 0.85390428, 0.96424315, 0.1875    ,
       0.93888889, 0.87755102, 0.        ]), 'class_mean_width': array([5.45617174, 5.83275261, 5.57968476, 4.90069284, 6.92553191,
       7.25      , 5.064764  , 5.82163743, 7.125     , 5.93430657,
       6.60169492, 5.05128205, 5.71788413, 5.10846246, 7.        ,
       5.32638889, 7.18367347, 7.4       ]), 'class_median_width': array([5. , 6. , 6. , 5. , 7. , 7. , 5. , 6. , 7. , 6. , 7. , 5. , 6. ,
       5. , 7.5, 5. , 7. , 8. ]), 'class_mean_width_scaled': array([0.30312065, 0.32404181, 0.30998249, 0.27226071, 0.38475177,
       0.40277778, 0.28137578, 0.3234243 , 0.39583333, 0.3296837 ,
       0.36676083, 0.28062678, 0.31766023, 0.28380347, 0.38888889,
       0.29591049, 0.39909297, 0.41111111]), 'class_median_width_scaled': array([0.27777778, 0.33333333, 0.33333333, 0.27777778, 0.38888889,
       0.38888889, 0.27777778, 0.33333333, 0.38888889, 0.33333333,
       0.38888889, 0.27777778, 0.33333333, 0.27777778, 0.41666667,
       0.27777778, 0.38888889, 0.44444444])}

split_conformal_aps_RandomForest full class metrics: {'class_coverage': array([0.91413238, 0.90592334, 0.89316988, 0.96766744, 0.71276596,
       0.775     , 0.98463227, 0.8128655 , 0.25      , 0.64963504,
       0.72033898, 0.76923077, 0.85390428, 0.96424315, 0.1875    ,
       0.93888889, 0.87755102, 0.        ]), 'class_mean_width': array([5.45617174, 5.83275261, 5.57968476, 4.90069284, 6.92553191,
       7.25      , 5.064764  , 5.82163743, 7.125     , 5.93430657,
       6.60169492, 5.05128205, 5.71788413, 5.10846246, 7.        ,
       5.32638889, 7.18367347, 7.4       ]), 'class_median_width': array([5. , 6. , 6. , 5. , 7. , 7. , 5. , 6. , 7. , 6. , 7. , 5. , 6. ,
       5. , 7.5, 5. , 7. , 8. ]), 'class_mean_width_scaled': array([0.30312065, 0.32404181, 0.30998249, 0.27226071, 0.38475177,
       0.40277778, 0.28137578, 0.3234243 , 0.39583333, 0.3296837 ,
       0.36676083, 0.28062678, 0.31766023, 0.28380347, 0.38888889,
       0.29591049, 0.39909297, 0.41111111]), 'class_median_width_scaled': array([0.27777778, 0.33333333, 0.33333333, 0.27777778, 0.38888889,
       0.38888889, 0.27777778, 0.33333333, 0.38888889, 0.33333333,
       0.38888889, 0.27777778, 0.33333333, 0.27777778, 0.41666667,
       0.27777778, 0.38888889, 0.44444444])}

Job completed at Wed Mar 19 06:19:23 PM PDT 2025
