Starting job at Thu Mar 20 05:03:09 PM PDT 2025
Job parameters:
Dataset: data_chess
UQ Method: split_conformal_aps
Estimator: RandomForest
Seed: 781
Train Size: 0.8
Running split_conformal_aps on data_chess with seed 781 and train size 0.8

starting experiment

data created

Fitting split_conformal_aps_RandomForest on data_chess with seed 781

split_conformal_aps_RandomForest metrics: {'coverage': np.float64(0.9060940841054882), 'mean_width': np.float64(5.4816464718460445), 'median_width': np.float64(5.0), 'mean_width_scaled': np.float64(0.304535915102558), 'median_width_scaled': np.float64(0.2777777777777778)}

split_conformal_aps_RandomForest full metrics: {'coverage': np.float64(0.9060940841054882), 'mean_width': np.float64(5.4816464718460445), 'median_width': np.float64(5.0), 'mean_width_scaled': np.float64(0.304535915102558), 'median_width_scaled': np.float64(0.2777777777777778)}

split_conformal_aps_RandomForest class metrics: {'class_coverage': array([0.96064401, 0.83623693, 0.89492119, 0.98614319, 0.74468085,
       0.575     , 0.99670692, 0.83333333, 0.        , 0.48175182,
       0.71186441, 0.80769231, 0.82115869, 0.98688915, 0.4375    ,
       0.94861111, 0.55102041, 0.        ]), 'class_mean_width': array([5.51699463, 6.16376307, 5.71103327, 4.72517321, 7.30851064,
       7.075     , 4.88144896, 5.8245614 , 6.8125    , 6.1459854 ,
       6.49152542, 4.84615385, 5.78085642, 5.10250298, 7.125     ,
       5.57361111, 7.40816327, 6.6       ]), 'class_median_width': array([5. , 6. , 6. , 5. , 7. , 7. , 5. , 6. , 6.5, 6. , 6. , 5. , 6. ,
       5. , 7. , 6. , 7. , 7. ]), 'class_mean_width_scaled': array([0.3064997 , 0.34243128, 0.31727963, 0.26250962, 0.40602837,
       0.39305556, 0.27119161, 0.32358674, 0.37847222, 0.34144363,
       0.3606403 , 0.26923077, 0.32115869, 0.28347239, 0.39583333,
       0.30964506, 0.41156463, 0.36666667]), 'class_median_width_scaled': array([0.27777778, 0.33333333, 0.33333333, 0.27777778, 0.38888889,
       0.38888889, 0.27777778, 0.33333333, 0.36111111, 0.33333333,
       0.33333333, 0.27777778, 0.33333333, 0.27777778, 0.38888889,
       0.33333333, 0.38888889, 0.38888889])}

split_conformal_aps_RandomForest full class metrics: {'class_coverage': array([0.96064401, 0.83623693, 0.89492119, 0.98614319, 0.74468085,
       0.575     , 0.99670692, 0.83333333, 0.        , 0.48175182,
       0.71186441, 0.80769231, 0.82115869, 0.98688915, 0.4375    ,
       0.94861111, 0.55102041, 0.        ]), 'class_mean_width': array([5.51699463, 6.16376307, 5.71103327, 4.72517321, 7.30851064,
       7.075     , 4.88144896, 5.8245614 , 6.8125    , 6.1459854 ,
       6.49152542, 4.84615385, 5.78085642, 5.10250298, 7.125     ,
       5.57361111, 7.40816327, 6.6       ]), 'class_median_width': array([5. , 6. , 6. , 5. , 7. , 7. , 5. , 6. , 6.5, 6. , 6. , 5. , 6. ,
       5. , 7. , 6. , 7. , 7. ]), 'class_mean_width_scaled': array([0.3064997 , 0.34243128, 0.31727963, 0.26250962, 0.40602837,
       0.39305556, 0.27119161, 0.32358674, 0.37847222, 0.34144363,
       0.3606403 , 0.26923077, 0.32115869, 0.28347239, 0.39583333,
       0.30964506, 0.41156463, 0.36666667]), 'class_median_width_scaled': array([0.27777778, 0.33333333, 0.33333333, 0.27777778, 0.38888889,
       0.38888889, 0.27777778, 0.33333333, 0.36111111, 0.33333333,
       0.33333333, 0.27777778, 0.33333333, 0.27777778, 0.38888889,
       0.33333333, 0.38888889, 0.38888889])}

Job completed at Thu Mar 20 05:03:12 PM PDT 2025
