Starting job at Wed Mar 19 06:28:03 PM PDT 2025
Job parameters:
Dataset: data_cover_type
UQ Method: split_conformal_lac
Estimator: ExtraTrees
Seed: 782
Train Size: 0.8
Running split_conformal_lac on data_cover_type with seed 782 and train size 0.8

starting experiment

data created

Fitting split_conformal_lac_ExtraTrees on data_cover_type with seed 782

split_conformal_lac_ExtraTrees metrics: {'coverage': np.float64(0.903), 'mean_width': np.float64(11.212), 'median_width': np.float64(11.0), 'mean_width_scaled': np.float64(0.11212), 'median_width_scaled': np.float64(0.11)}

split_conformal_lac_ExtraTrees full metrics: {'coverage': np.float64(0.903), 'mean_width': np.float64(11.212), 'median_width': np.float64(11.0), 'mean_width_scaled': np.float64(0.11212), 'median_width_scaled': np.float64(0.11)}

split_conformal_lac_ExtraTrees class metrics: {'class_coverage': array([1.  , 0.65, 0.8 , 1.  , 0.7 , 0.65, 1.  , 0.75, 0.95, 0.8 , 0.85,
       1.  , 0.95, 0.9 , 0.8 , 0.95, 1.  , 1.  , 1.  , 0.9 , 1.  , 0.95,
       1.  , 1.  , 0.9 , 0.95, 1.  , 0.85, 1.  , 1.  , 0.95, 0.85, 0.65,
       1.  , 1.  , 0.6 , 0.95, 0.7 , 0.55, 0.9 , 1.  , 0.8 , 0.7 , 1.  ,
       1.  , 1.  , 1.  , 1.  , 0.95, 0.9 , 0.7 , 0.9 , 1.  , 0.9 , 0.9 ,
       1.  , 0.7 , 0.95, 0.95, 1.  , 0.8 , 0.75, 1.  , 1.  , 0.85, 0.8 ,
       0.95, 1.  , 0.75, 0.65, 0.95, 0.95, 1.  , 1.  , 0.9 , 0.9 , 1.  ,
       0.75, 1.  , 0.85, 0.9 , 0.9 , 0.9 , 0.95, 0.85, 0.95, 0.85, 1.  ,
       0.85, 0.95, 0.95, 0.95, 0.85, 1.  , 0.9 , 1.  , 0.9 , 1.  , 1.  ,
       1.  ]), 'class_mean_width': array([ 9.7 , 14.2 , 12.05,  9.6 , 14.05, 13.35,  9.65, 16.3 , 15.8 ,
       11.7 , 13.35, 11.2 , 11.6 , 12.55, 14.45, 11.45,  8.85,  9.8 ,
       11.35,  9.7 ,  9.15, 12.4 , 10.05,  7.9 , 13.05, 12.3 ,  5.35,
       11.4 , 13.05, 10.9 ,  9.9 , 13.4 , 11.5 ,  9.75,  9.6 , 12.6 ,
       10.6 , 13.45, 14.15, 12.55,  8.4 , 14.1 , 13.5 ,  3.45,  6.95,
       14.  , 12.4 ,  5.7 ,  6.95, 13.25, 12.7 ,  9.4 , 10.05, 13.3 ,
       13.85, 10.55, 11.55, 13.7 , 12.55,  7.95, 16.15, 16.65, 10.3 ,
        9.4 , 14.95, 17.85, 12.45,  8.85, 14.55, 14.5 , 11.6 ,  9.2 ,
        5.9 , 13.35,  7.4 ,  7.95,  6.4 , 12.9 ,  8.6 , 12.35, 13.55,
        7.05, 13.05, 12.1 , 11.65,  8.2 ,  9.8 ,  6.85,  9.45, 13.95,
       12.95, 10.25, 13.5 , 11.35,  8.4 , 10.  , 11.6 ,  9.9 , 10.3 ,
        7.95]), 'class_median_width': array([10.5, 15. , 11.5, 10. , 14.5, 12.5,  9. , 17. , 15.5, 11. , 13. ,
       11. , 11.5, 13. , 14. , 12. ,  7.5, 10. , 11. ,  9.5,  9. , 12.5,
        9.5,  6.5, 12.5, 12. ,  6. , 11.5, 12. , 10.5,  9. , 13. , 12. ,
        9.5,  8.5, 13.5, 10.5, 14. , 14. , 11.5,  9. , 15.5, 13.5,  2.5,
        6.5, 14. , 12. ,  5.5,  4. , 13.5, 13. ,  9. , 10. , 14. , 14. ,
       10.5, 11. , 13.5, 12. ,  7.5, 16. , 16. ,  9.5,  8. , 15.5, 18. ,
       13.5,  9. , 15. , 14. , 12. ,  9. ,  5.5, 13.5,  5.5,  7. ,  4.5,
       12. ,  8. , 12. , 13.5,  7.5, 13.5, 11.5, 11.5,  8. , 10. ,  7. ,
       10. , 14.5, 13.5, 10. , 13.5, 11. ,  8. ,  9.5, 11. , 10. , 10. ,
        7. ]), 'class_mean_width_scaled': array([0.097 , 0.142 , 0.1205, 0.096 , 0.1405, 0.1335, 0.0965, 0.163 ,
       0.158 , 0.117 , 0.1335, 0.112 , 0.116 , 0.1255, 0.1445, 0.1145,
       0.0885, 0.098 , 0.1135, 0.097 , 0.0915, 0.124 , 0.1005, 0.079 ,
       0.1305, 0.123 , 0.0535, 0.114 , 0.1305, 0.109 , 0.099 , 0.134 ,
       0.115 , 0.0975, 0.096 , 0.126 , 0.106 , 0.1345, 0.1415, 0.1255,
       0.084 , 0.141 , 0.135 , 0.0345, 0.0695, 0.14  , 0.124 , 0.057 ,
       0.0695, 0.1325, 0.127 , 0.094 , 0.1005, 0.133 , 0.1385, 0.1055,
       0.1155, 0.137 , 0.1255, 0.0795, 0.1615, 0.1665, 0.103 , 0.094 ,
       0.1495, 0.1785, 0.1245, 0.0885, 0.1455, 0.145 , 0.116 , 0.092 ,
       0.059 , 0.1335, 0.074 , 0.0795, 0.064 , 0.129 , 0.086 , 0.1235,
       0.1355, 0.0705, 0.1305, 0.121 , 0.1165, 0.082 , 0.098 , 0.0685,
       0.0945, 0.1395, 0.1295, 0.1025, 0.135 , 0.1135, 0.084 , 0.1   ,
       0.116 , 0.099 , 0.103 , 0.0795]), 'class_median_width_scaled': array([0.105, 0.15 , 0.115, 0.1  , 0.145, 0.125, 0.09 , 0.17 , 0.155,
       0.11 , 0.13 , 0.11 , 0.115, 0.13 , 0.14 , 0.12 , 0.075, 0.1  ,
       0.11 , 0.095, 0.09 , 0.125, 0.095, 0.065, 0.125, 0.12 , 0.06 ,
       0.115, 0.12 , 0.105, 0.09 , 0.13 , 0.12 , 0.095, 0.085, 0.135,
       0.105, 0.14 , 0.14 , 0.115, 0.09 , 0.155, 0.135, 0.025, 0.065,
       0.14 , 0.12 , 0.055, 0.04 , 0.135, 0.13 , 0.09 , 0.1  , 0.14 ,
       0.14 , 0.105, 0.11 , 0.135, 0.12 , 0.075, 0.16 , 0.16 , 0.095,
       0.08 , 0.155, 0.18 , 0.135, 0.09 , 0.15 , 0.14 , 0.12 , 0.09 ,
       0.055, 0.135, 0.055, 0.07 , 0.045, 0.12 , 0.08 , 0.12 , 0.135,
       0.075, 0.135, 0.115, 0.115, 0.08 , 0.1  , 0.07 , 0.1  , 0.145,
       0.135, 0.1  , 0.135, 0.11 , 0.08 , 0.095, 0.11 , 0.1  , 0.1  ,
       0.07 ])}

split_conformal_lac_ExtraTrees full class metrics: {'class_coverage': array([1.  , 0.65, 0.8 , 1.  , 0.7 , 0.65, 1.  , 0.75, 0.95, 0.8 , 0.85,
       1.  , 0.95, 0.9 , 0.8 , 0.95, 1.  , 1.  , 1.  , 0.9 , 1.  , 0.95,
       1.  , 1.  , 0.9 , 0.95, 1.  , 0.85, 1.  , 1.  , 0.95, 0.85, 0.65,
       1.  , 1.  , 0.6 , 0.95, 0.7 , 0.55, 0.9 , 1.  , 0.8 , 0.7 , 1.  ,
       1.  , 1.  , 1.  , 1.  , 0.95, 0.9 , 0.7 , 0.9 , 1.  , 0.9 , 0.9 ,
       1.  , 0.7 , 0.95, 0.95, 1.  , 0.8 , 0.75, 1.  , 1.  , 0.85, 0.8 ,
       0.95, 1.  , 0.75, 0.65, 0.95, 0.95, 1.  , 1.  , 0.9 , 0.9 , 1.  ,
       0.75, 1.  , 0.85, 0.9 , 0.9 , 0.9 , 0.95, 0.85, 0.95, 0.85, 1.  ,
       0.85, 0.95, 0.95, 0.95, 0.85, 1.  , 0.9 , 1.  , 0.9 , 1.  , 1.  ,
       1.  ]), 'class_mean_width': array([ 9.7 , 14.2 , 12.05,  9.6 , 14.05, 13.35,  9.65, 16.3 , 15.8 ,
       11.7 , 13.35, 11.2 , 11.6 , 12.55, 14.45, 11.45,  8.85,  9.8 ,
       11.35,  9.7 ,  9.15, 12.4 , 10.05,  7.9 , 13.05, 12.3 ,  5.35,
       11.4 , 13.05, 10.9 ,  9.9 , 13.4 , 11.5 ,  9.75,  9.6 , 12.6 ,
       10.6 , 13.45, 14.15, 12.55,  8.4 , 14.1 , 13.5 ,  3.45,  6.95,
       14.  , 12.4 ,  5.7 ,  6.95, 13.25, 12.7 ,  9.4 , 10.05, 13.3 ,
       13.85, 10.55, 11.55, 13.7 , 12.55,  7.95, 16.15, 16.65, 10.3 ,
        9.4 , 14.95, 17.85, 12.45,  8.85, 14.55, 14.5 , 11.6 ,  9.2 ,
        5.9 , 13.35,  7.4 ,  7.95,  6.4 , 12.9 ,  8.6 , 12.35, 13.55,
        7.05, 13.05, 12.1 , 11.65,  8.2 ,  9.8 ,  6.85,  9.45, 13.95,
       12.95, 10.25, 13.5 , 11.35,  8.4 , 10.  , 11.6 ,  9.9 , 10.3 ,
        7.95]), 'class_median_width': array([10.5, 15. , 11.5, 10. , 14.5, 12.5,  9. , 17. , 15.5, 11. , 13. ,
       11. , 11.5, 13. , 14. , 12. ,  7.5, 10. , 11. ,  9.5,  9. , 12.5,
        9.5,  6.5, 12.5, 12. ,  6. , 11.5, 12. , 10.5,  9. , 13. , 12. ,
        9.5,  8.5, 13.5, 10.5, 14. , 14. , 11.5,  9. , 15.5, 13.5,  2.5,
        6.5, 14. , 12. ,  5.5,  4. , 13.5, 13. ,  9. , 10. , 14. , 14. ,
       10.5, 11. , 13.5, 12. ,  7.5, 16. , 16. ,  9.5,  8. , 15.5, 18. ,
       13.5,  9. , 15. , 14. , 12. ,  9. ,  5.5, 13.5,  5.5,  7. ,  4.5,
       12. ,  8. , 12. , 13.5,  7.5, 13.5, 11.5, 11.5,  8. , 10. ,  7. ,
       10. , 14.5, 13.5, 10. , 13.5, 11. ,  8. ,  9.5, 11. , 10. , 10. ,
        7. ]), 'class_mean_width_scaled': array([0.097 , 0.142 , 0.1205, 0.096 , 0.1405, 0.1335, 0.0965, 0.163 ,
       0.158 , 0.117 , 0.1335, 0.112 , 0.116 , 0.1255, 0.1445, 0.1145,
       0.0885, 0.098 , 0.1135, 0.097 , 0.0915, 0.124 , 0.1005, 0.079 ,
       0.1305, 0.123 , 0.0535, 0.114 , 0.1305, 0.109 , 0.099 , 0.134 ,
       0.115 , 0.0975, 0.096 , 0.126 , 0.106 , 0.1345, 0.1415, 0.1255,
       0.084 , 0.141 , 0.135 , 0.0345, 0.0695, 0.14  , 0.124 , 0.057 ,
       0.0695, 0.1325, 0.127 , 0.094 , 0.1005, 0.133 , 0.1385, 0.1055,
       0.1155, 0.137 , 0.1255, 0.0795, 0.1615, 0.1665, 0.103 , 0.094 ,
       0.1495, 0.1785, 0.1245, 0.0885, 0.1455, 0.145 , 0.116 , 0.092 ,
       0.059 , 0.1335, 0.074 , 0.0795, 0.064 , 0.129 , 0.086 , 0.1235,
       0.1355, 0.0705, 0.1305, 0.121 , 0.1165, 0.082 , 0.098 , 0.0685,
       0.0945, 0.1395, 0.1295, 0.1025, 0.135 , 0.1135, 0.084 , 0.1   ,
       0.116 , 0.099 , 0.103 , 0.0795]), 'class_median_width_scaled': array([0.105, 0.15 , 0.115, 0.1  , 0.145, 0.125, 0.09 , 0.17 , 0.155,
       0.11 , 0.13 , 0.11 , 0.115, 0.13 , 0.14 , 0.12 , 0.075, 0.1  ,
       0.11 , 0.095, 0.09 , 0.125, 0.095, 0.065, 0.125, 0.12 , 0.06 ,
       0.115, 0.12 , 0.105, 0.09 , 0.13 , 0.12 , 0.095, 0.085, 0.135,
       0.105, 0.14 , 0.14 , 0.115, 0.09 , 0.155, 0.135, 0.025, 0.065,
       0.14 , 0.12 , 0.055, 0.04 , 0.135, 0.13 , 0.09 , 0.1  , 0.14 ,
       0.14 , 0.105, 0.11 , 0.135, 0.12 , 0.075, 0.16 , 0.16 , 0.095,
       0.08 , 0.155, 0.18 , 0.135, 0.09 , 0.15 , 0.14 , 0.12 , 0.09 ,
       0.055, 0.135, 0.055, 0.07 , 0.045, 0.12 , 0.08 , 0.12 , 0.135,
       0.075, 0.135, 0.115, 0.115, 0.08 , 0.1  , 0.07 , 0.1  , 0.145,
       0.135, 0.1  , 0.135, 0.11 , 0.08 , 0.095, 0.11 , 0.1  , 0.1  ,
       0.07 ])}

Job completed at Wed Mar 19 06:28:09 PM PDT 2025
