Starting job at Wed Mar 19 08:21:26 PM PDT 2025
Job parameters:
Dataset: data_cover_type
UQ Method: split_conformal_topk
Estimator: ExtraTrees
Seed: 777
Train Size: 0.8
Running split_conformal_topk on data_cover_type with seed 777 and train size 0.8

starting experiment

data created

Fitting split_conformal_topk_ExtraTrees on data_cover_type with seed 777

split_conformal_topk_ExtraTrees metrics: {'coverage': np.float64(0.936), 'mean_width': np.float64(37.2205), 'median_width': np.float64(18.0), 'mean_width_scaled': np.float64(0.372205), 'median_width_scaled': np.float64(0.18)}

split_conformal_topk_ExtraTrees full metrics: {'coverage': np.float64(0.936), 'mean_width': np.float64(37.2205), 'median_width': np.float64(18.0), 'mean_width_scaled': np.float64(0.372205), 'median_width_scaled': np.float64(0.18)}

split_conformal_topk_ExtraTrees class metrics: {'class_coverage': array([0.8 , 0.75, 0.9 , 1.  , 1.  , 0.85, 1.  , 0.85, 0.95, 0.95, 0.8 ,
       1.  , 0.95, 0.95, 0.9 , 0.9 , 1.  , 1.  , 1.  , 0.95, 1.  , 1.  ,
       0.95, 1.  , 0.95, 1.  , 1.  , 0.9 , 0.9 , 1.  , 1.  , 0.9 , 0.95,
       0.95, 1.  , 0.9 , 0.85, 0.85, 0.85, 1.  , 1.  , 0.8 , 0.7 , 1.  ,
       1.  , 1.  , 1.  , 1.  , 1.  , 1.  , 0.95, 1.  , 1.  , 0.9 , 0.8 ,
       1.  , 0.9 , 0.95, 0.95, 1.  , 0.85, 0.85, 0.9 , 1.  , 0.7 , 0.85,
       1.  , 1.  , 0.9 , 0.7 , 1.  , 1.  , 0.9 , 1.  , 1.  , 0.95, 1.  ,
       0.9 , 1.  , 0.8 , 0.9 , 0.9 , 0.9 , 1.  , 0.95, 1.  , 0.9 , 1.  ,
       0.9 , 0.85, 0.85, 0.95, 0.9 , 0.95, 1.  , 1.  , 0.95, 1.  , 1.  ,
       1.  ]), 'class_mean_width': array([ 50.2 ,  17.3 ,  25.7 ,  40.9 ,  26.35,  20.2 ,  34.85,  15.95,
        21.4 ,  31.45,  26.5 ,  21.15,  16.2 ,  21.85,  21.9 ,  16.6 ,
        35.35,  41.8 ,  54.25,  37.6 ,  54.2 ,  19.95,  67.5 ,  66.15,
        26.05,  29.5 ,  66.5 ,  32.9 ,  33.9 ,  36.6 ,  49.4 ,  32.75,
        21.3 ,  29.05,  23.45,  25.9 ,  37.6 ,  17.2 ,  22.1 ,  36.9 ,
        59.4 ,  24.4 ,  16.4 , 100.  ,  70.9 ,  26.7 ,  22.95,  83.05,
        54.55,  16.25,  17.25,  79.05,  28.25,  17.2 ,  18.1 ,  63.05,
        33.7 ,  20.3 ,  25.25,  57.85,  17.5 ,  18.85,  21.05,  59.55,
        18.65,  17.85,  27.25,  50.55,  18.85,  16.6 ,  22.45,  38.65,
        70.25,  17.95,  79.3 ,  37.85,  70.3 ,  33.  ,  63.65,  22.15,
        16.7 ,  38.15,  16.95,  53.95,  20.85,  78.95,  53.5 ,  62.2 ,
        46.05,  18.2 ,  22.3 ,  35.05,  30.4 ,  37.  ,  53.7 ,  66.75,
        45.65,  41.05,  62.85,  58.55]), 'class_median_width': array([ 20. ,  16. ,  17. ,  16.5,  18.5,  15. ,  19. ,  16. ,  16.5,
        21. ,  19. ,  17.5,  16. ,  17.5,  17.5,  17. ,  21.5,  17.5,
        19. ,  18.5,  20. ,  20. , 100. , 100. ,  17.5,  17. , 100. ,
        16. ,  18.5,  16. ,  17.5,  16.5,  16. ,  16.5,  18.5,  18. ,
        17. ,  17.5,  16.5,  16.5,  64. ,  18.5,  16. , 100. , 100. ,
        17.5,  18. , 100. ,  20. ,  16. ,  18. , 100. ,  16. ,  16. ,
        16. , 100. ,  16. ,  16. ,  16. ,  59.5,  17. ,  17.5,  15.5,
        62.5,  17. ,  17.5,  19. ,  19.5,  17. ,  15. ,  17.5,  19.5,
       100. ,  16.5, 100. ,  18. , 100. ,  17. , 100. ,  18. ,  16. ,
        18. ,  16. ,  19.5,  16. , 100. ,  17.5, 100. ,  20. ,  17. ,
        18. ,  21. ,  18. ,  16. ,  18.5, 100. ,  18.5,  16. , 100. ,
        61. ]), 'class_mean_width_scaled': array([0.502 , 0.173 , 0.257 , 0.409 , 0.2635, 0.202 , 0.3485, 0.1595,
       0.214 , 0.3145, 0.265 , 0.2115, 0.162 , 0.2185, 0.219 , 0.166 ,
       0.3535, 0.418 , 0.5425, 0.376 , 0.542 , 0.1995, 0.675 , 0.6615,
       0.2605, 0.295 , 0.665 , 0.329 , 0.339 , 0.366 , 0.494 , 0.3275,
       0.213 , 0.2905, 0.2345, 0.259 , 0.376 , 0.172 , 0.221 , 0.369 ,
       0.594 , 0.244 , 0.164 , 1.    , 0.709 , 0.267 , 0.2295, 0.8305,
       0.5455, 0.1625, 0.1725, 0.7905, 0.2825, 0.172 , 0.181 , 0.6305,
       0.337 , 0.203 , 0.2525, 0.5785, 0.175 , 0.1885, 0.2105, 0.5955,
       0.1865, 0.1785, 0.2725, 0.5055, 0.1885, 0.166 , 0.2245, 0.3865,
       0.7025, 0.1795, 0.793 , 0.3785, 0.703 , 0.33  , 0.6365, 0.2215,
       0.167 , 0.3815, 0.1695, 0.5395, 0.2085, 0.7895, 0.535 , 0.622 ,
       0.4605, 0.182 , 0.223 , 0.3505, 0.304 , 0.37  , 0.537 , 0.6675,
       0.4565, 0.4105, 0.6285, 0.5855]), 'class_median_width_scaled': array([0.2  , 0.16 , 0.17 , 0.165, 0.185, 0.15 , 0.19 , 0.16 , 0.165,
       0.21 , 0.19 , 0.175, 0.16 , 0.175, 0.175, 0.17 , 0.215, 0.175,
       0.19 , 0.185, 0.2  , 0.2  , 1.   , 1.   , 0.175, 0.17 , 1.   ,
       0.16 , 0.185, 0.16 , 0.175, 0.165, 0.16 , 0.165, 0.185, 0.18 ,
       0.17 , 0.175, 0.165, 0.165, 0.64 , 0.185, 0.16 , 1.   , 1.   ,
       0.175, 0.18 , 1.   , 0.2  , 0.16 , 0.18 , 1.   , 0.16 , 0.16 ,
       0.16 , 1.   , 0.16 , 0.16 , 0.16 , 0.595, 0.17 , 0.175, 0.155,
       0.625, 0.17 , 0.175, 0.19 , 0.195, 0.17 , 0.15 , 0.175, 0.195,
       1.   , 0.165, 1.   , 0.18 , 1.   , 0.17 , 1.   , 0.18 , 0.16 ,
       0.18 , 0.16 , 0.195, 0.16 , 1.   , 0.175, 1.   , 0.2  , 0.17 ,
       0.18 , 0.21 , 0.18 , 0.16 , 0.185, 1.   , 0.185, 0.16 , 1.   ,
       0.61 ])}

split_conformal_topk_ExtraTrees full class metrics: {'class_coverage': array([0.8 , 0.75, 0.9 , 1.  , 1.  , 0.85, 1.  , 0.85, 0.95, 0.95, 0.8 ,
       1.  , 0.95, 0.95, 0.9 , 0.9 , 1.  , 1.  , 1.  , 0.95, 1.  , 1.  ,
       0.95, 1.  , 0.95, 1.  , 1.  , 0.9 , 0.9 , 1.  , 1.  , 0.9 , 0.95,
       0.95, 1.  , 0.9 , 0.85, 0.85, 0.85, 1.  , 1.  , 0.8 , 0.7 , 1.  ,
       1.  , 1.  , 1.  , 1.  , 1.  , 1.  , 0.95, 1.  , 1.  , 0.9 , 0.8 ,
       1.  , 0.9 , 0.95, 0.95, 1.  , 0.85, 0.85, 0.9 , 1.  , 0.7 , 0.85,
       1.  , 1.  , 0.9 , 0.7 , 1.  , 1.  , 0.9 , 1.  , 1.  , 0.95, 1.  ,
       0.9 , 1.  , 0.8 , 0.9 , 0.9 , 0.9 , 1.  , 0.95, 1.  , 0.9 , 1.  ,
       0.9 , 0.85, 0.85, 0.95, 0.9 , 0.95, 1.  , 1.  , 0.95, 1.  , 1.  ,
       1.  ]), 'class_mean_width': array([ 50.2 ,  17.3 ,  25.7 ,  40.9 ,  26.35,  20.2 ,  34.85,  15.95,
        21.4 ,  31.45,  26.5 ,  21.15,  16.2 ,  21.85,  21.9 ,  16.6 ,
        35.35,  41.8 ,  54.25,  37.6 ,  54.2 ,  19.95,  67.5 ,  66.15,
        26.05,  29.5 ,  66.5 ,  32.9 ,  33.9 ,  36.6 ,  49.4 ,  32.75,
        21.3 ,  29.05,  23.45,  25.9 ,  37.6 ,  17.2 ,  22.1 ,  36.9 ,
        59.4 ,  24.4 ,  16.4 , 100.  ,  70.9 ,  26.7 ,  22.95,  83.05,
        54.55,  16.25,  17.25,  79.05,  28.25,  17.2 ,  18.1 ,  63.05,
        33.7 ,  20.3 ,  25.25,  57.85,  17.5 ,  18.85,  21.05,  59.55,
        18.65,  17.85,  27.25,  50.55,  18.85,  16.6 ,  22.45,  38.65,
        70.25,  17.95,  79.3 ,  37.85,  70.3 ,  33.  ,  63.65,  22.15,
        16.7 ,  38.15,  16.95,  53.95,  20.85,  78.95,  53.5 ,  62.2 ,
        46.05,  18.2 ,  22.3 ,  35.05,  30.4 ,  37.  ,  53.7 ,  66.75,
        45.65,  41.05,  62.85,  58.55]), 'class_median_width': array([ 20. ,  16. ,  17. ,  16.5,  18.5,  15. ,  19. ,  16. ,  16.5,
        21. ,  19. ,  17.5,  16. ,  17.5,  17.5,  17. ,  21.5,  17.5,
        19. ,  18.5,  20. ,  20. , 100. , 100. ,  17.5,  17. , 100. ,
        16. ,  18.5,  16. ,  17.5,  16.5,  16. ,  16.5,  18.5,  18. ,
        17. ,  17.5,  16.5,  16.5,  64. ,  18.5,  16. , 100. , 100. ,
        17.5,  18. , 100. ,  20. ,  16. ,  18. , 100. ,  16. ,  16. ,
        16. , 100. ,  16. ,  16. ,  16. ,  59.5,  17. ,  17.5,  15.5,
        62.5,  17. ,  17.5,  19. ,  19.5,  17. ,  15. ,  17.5,  19.5,
       100. ,  16.5, 100. ,  18. , 100. ,  17. , 100. ,  18. ,  16. ,
        18. ,  16. ,  19.5,  16. , 100. ,  17.5, 100. ,  20. ,  17. ,
        18. ,  21. ,  18. ,  16. ,  18.5, 100. ,  18.5,  16. , 100. ,
        61. ]), 'class_mean_width_scaled': array([0.502 , 0.173 , 0.257 , 0.409 , 0.2635, 0.202 , 0.3485, 0.1595,
       0.214 , 0.3145, 0.265 , 0.2115, 0.162 , 0.2185, 0.219 , 0.166 ,
       0.3535, 0.418 , 0.5425, 0.376 , 0.542 , 0.1995, 0.675 , 0.6615,
       0.2605, 0.295 , 0.665 , 0.329 , 0.339 , 0.366 , 0.494 , 0.3275,
       0.213 , 0.2905, 0.2345, 0.259 , 0.376 , 0.172 , 0.221 , 0.369 ,
       0.594 , 0.244 , 0.164 , 1.    , 0.709 , 0.267 , 0.2295, 0.8305,
       0.5455, 0.1625, 0.1725, 0.7905, 0.2825, 0.172 , 0.181 , 0.6305,
       0.337 , 0.203 , 0.2525, 0.5785, 0.175 , 0.1885, 0.2105, 0.5955,
       0.1865, 0.1785, 0.2725, 0.5055, 0.1885, 0.166 , 0.2245, 0.3865,
       0.7025, 0.1795, 0.793 , 0.3785, 0.703 , 0.33  , 0.6365, 0.2215,
       0.167 , 0.3815, 0.1695, 0.5395, 0.2085, 0.7895, 0.535 , 0.622 ,
       0.4605, 0.182 , 0.223 , 0.3505, 0.304 , 0.37  , 0.537 , 0.6675,
       0.4565, 0.4105, 0.6285, 0.5855]), 'class_median_width_scaled': array([0.2  , 0.16 , 0.17 , 0.165, 0.185, 0.15 , 0.19 , 0.16 , 0.165,
       0.21 , 0.19 , 0.175, 0.16 , 0.175, 0.175, 0.17 , 0.215, 0.175,
       0.19 , 0.185, 0.2  , 0.2  , 1.   , 1.   , 0.175, 0.17 , 1.   ,
       0.16 , 0.185, 0.16 , 0.175, 0.165, 0.16 , 0.165, 0.185, 0.18 ,
       0.17 , 0.175, 0.165, 0.165, 0.64 , 0.185, 0.16 , 1.   , 1.   ,
       0.175, 0.18 , 1.   , 0.2  , 0.16 , 0.18 , 1.   , 0.16 , 0.16 ,
       0.16 , 1.   , 0.16 , 0.16 , 0.16 , 0.595, 0.17 , 0.175, 0.155,
       0.625, 0.17 , 0.175, 0.19 , 0.195, 0.17 , 0.15 , 0.175, 0.195,
       1.   , 0.165, 1.   , 0.18 , 1.   , 0.17 , 1.   , 0.18 , 0.16 ,
       0.18 , 0.16 , 0.195, 0.16 , 1.   , 0.175, 1.   , 0.2  , 0.17 ,
       0.18 , 0.21 , 0.18 , 0.16 , 0.185, 1.   , 0.185, 0.16 , 1.   ,
       0.61 ])}

Job completed at Wed Mar 19 08:21:30 PM PDT 2025
