Starting job at Wed Mar 19 08:21:34 PM PDT 2025
Job parameters:
Dataset: data_cover_type
UQ Method: split_conformal_topk
Estimator: ExtraTrees
Seed: 786
Train Size: 0.8
Running split_conformal_topk on data_cover_type with seed 786 and train size 0.8

starting experiment

data created

Fitting split_conformal_topk_ExtraTrees on data_cover_type with seed 786

split_conformal_topk_ExtraTrees metrics: {'coverage': np.float64(0.939), 'mean_width': np.float64(35.4975), 'median_width': np.float64(18.0), 'mean_width_scaled': np.float64(0.35497500000000004), 'median_width_scaled': np.float64(0.18)}

split_conformal_topk_ExtraTrees full metrics: {'coverage': np.float64(0.939), 'mean_width': np.float64(35.4975), 'median_width': np.float64(18.0), 'mean_width_scaled': np.float64(0.35497500000000004), 'median_width_scaled': np.float64(0.18)}

split_conformal_topk_ExtraTrees class metrics: {'class_coverage': array([0.95, 1.  , 0.85, 1.  , 0.95, 1.  , 0.95, 0.95, 0.9 , 0.85, 0.95,
       1.  , 1.  , 1.  , 0.95, 1.  , 0.95, 1.  , 0.95, 0.95, 1.  , 0.85,
       0.9 , 1.  , 0.8 , 0.95, 1.  , 0.85, 0.95, 1.  , 1.  , 0.95, 0.8 ,
       1.  , 1.  , 0.8 , 0.85, 0.9 , 0.75, 1.  , 1.  , 1.  , 0.95, 1.  ,
       1.  , 1.  , 1.  , 1.  , 0.95, 0.95, 0.85, 1.  , 1.  , 1.  , 0.9 ,
       1.  , 0.85, 0.8 , 1.  , 1.  , 0.7 , 0.75, 1.  , 1.  , 0.8 , 0.9 ,
       1.  , 0.95, 0.65, 0.65, 0.95, 1.  , 1.  , 0.85, 0.95, 1.  , 1.  ,
       0.9 , 1.  , 0.85, 0.9 , 0.95, 0.75, 1.  , 1.  , 1.  , 0.95, 1.  ,
       1.  , 0.95, 0.9 , 1.  , 0.95, 0.95, 1.  , 1.  , 0.95, 1.  , 1.  ,
       1.  ]), 'class_mean_width': array([26.  , 17.35, 24.85, 37.65, 35.05, 30.5 , 34.25, 19.2 , 21.4 ,
       17.9 , 29.2 , 25.65, 37.15, 17.8 , 17.15, 23.4 , 46.  , 46.4 ,
       37.5 , 45.9 , 32.95, 30.85, 46.15, 53.95, 18.15, 25.95, 78.6 ,
       29.05, 42.7 , 37.4 , 41.55, 25.85, 29.55, 21.9 , 18.9 , 20.45,
       21.1 , 16.95, 15.3 , 17.15, 58.05, 19.3 , 22.35, 87.15, 66.45,
       19.5 , 30.9 , 79.95, 54.35, 16.8 , 19.8 , 62.2 , 20.5 , 21.25,
       21.35, 36.95, 25.65, 17.9 , 21.45, 66.35, 20.95, 16.6 , 38.25,
       46.35, 17.35, 17.3 , 27.55, 54.55, 18.85, 21.  , 31.6 , 51.1 ,
       70.3 , 26.05, 74.75, 46.4 , 62.55, 18.75, 42.7 , 17.9 , 31.2 ,
       50.7 , 21.55, 33.15, 42.25, 53.75, 37.3 , 53.9 , 45.15, 22.7 ,
       17.05, 42.05, 26.2 , 49.35, 66.25, 45.95, 29.25, 53.25, 46.2 ,
       78.75]), 'class_median_width': array([ 18. ,  16. ,  16. ,  18. ,  19.5,  18.5,  18.5,  18.5,  16. ,
        17.5,  16.5,  18. ,  17.5,  18. ,  17. ,  18.5,  18.5,  19.5,
        17. ,  19. ,  16.5,  20. ,  19.5,  19. ,  18. ,  18. , 100. ,
        16.5,  19.5,  17. ,  17. ,  18.5,  16. ,  17.5,  18.5,  16.5,
        17. ,  17. ,  15. ,  16.5,  61. ,  19. ,  18. , 100. , 100. ,
        18.5,  19.5, 100. ,  21. ,  16. ,  15. , 100. ,  16. ,  17. ,
        16. ,  16. ,  17. ,  17. ,  17. , 100. ,  16. ,  16.5,  18. ,
        19.5,  17. ,  15.5,  20. ,  22. ,  18. ,  16. ,  19.5,  21.5,
       100. ,  18. , 100. ,  20. , 100. ,  17. ,  19. ,  17.5,  20. ,
        21. ,  17. ,  16. ,  19. ,  18. ,  16.5,  19. ,  17.5,  18. ,
        16.5,  18.5,  17. ,  17. , 100. ,  18.5,  17.5,  17. ,  19. ,
       100. ]), 'class_mean_width_scaled': array([0.26  , 0.1735, 0.2485, 0.3765, 0.3505, 0.305 , 0.3425, 0.192 ,
       0.214 , 0.179 , 0.292 , 0.2565, 0.3715, 0.178 , 0.1715, 0.234 ,
       0.46  , 0.464 , 0.375 , 0.459 , 0.3295, 0.3085, 0.4615, 0.5395,
       0.1815, 0.2595, 0.786 , 0.2905, 0.427 , 0.374 , 0.4155, 0.2585,
       0.2955, 0.219 , 0.189 , 0.2045, 0.211 , 0.1695, 0.153 , 0.1715,
       0.5805, 0.193 , 0.2235, 0.8715, 0.6645, 0.195 , 0.309 , 0.7995,
       0.5435, 0.168 , 0.198 , 0.622 , 0.205 , 0.2125, 0.2135, 0.3695,
       0.2565, 0.179 , 0.2145, 0.6635, 0.2095, 0.166 , 0.3825, 0.4635,
       0.1735, 0.173 , 0.2755, 0.5455, 0.1885, 0.21  , 0.316 , 0.511 ,
       0.703 , 0.2605, 0.7475, 0.464 , 0.6255, 0.1875, 0.427 , 0.179 ,
       0.312 , 0.507 , 0.2155, 0.3315, 0.4225, 0.5375, 0.373 , 0.539 ,
       0.4515, 0.227 , 0.1705, 0.4205, 0.262 , 0.4935, 0.6625, 0.4595,
       0.2925, 0.5325, 0.462 , 0.7875]), 'class_median_width_scaled': array([0.18 , 0.16 , 0.16 , 0.18 , 0.195, 0.185, 0.185, 0.185, 0.16 ,
       0.175, 0.165, 0.18 , 0.175, 0.18 , 0.17 , 0.185, 0.185, 0.195,
       0.17 , 0.19 , 0.165, 0.2  , 0.195, 0.19 , 0.18 , 0.18 , 1.   ,
       0.165, 0.195, 0.17 , 0.17 , 0.185, 0.16 , 0.175, 0.185, 0.165,
       0.17 , 0.17 , 0.15 , 0.165, 0.61 , 0.19 , 0.18 , 1.   , 1.   ,
       0.185, 0.195, 1.   , 0.21 , 0.16 , 0.15 , 1.   , 0.16 , 0.17 ,
       0.16 , 0.16 , 0.17 , 0.17 , 0.17 , 1.   , 0.16 , 0.165, 0.18 ,
       0.195, 0.17 , 0.155, 0.2  , 0.22 , 0.18 , 0.16 , 0.195, 0.215,
       1.   , 0.18 , 1.   , 0.2  , 1.   , 0.17 , 0.19 , 0.175, 0.2  ,
       0.21 , 0.17 , 0.16 , 0.19 , 0.18 , 0.165, 0.19 , 0.175, 0.18 ,
       0.165, 0.185, 0.17 , 0.17 , 1.   , 0.185, 0.175, 0.17 , 0.19 ,
       1.   ])}

split_conformal_topk_ExtraTrees full class metrics: {'class_coverage': array([0.95, 1.  , 0.85, 1.  , 0.95, 1.  , 0.95, 0.95, 0.9 , 0.85, 0.95,
       1.  , 1.  , 1.  , 0.95, 1.  , 0.95, 1.  , 0.95, 0.95, 1.  , 0.85,
       0.9 , 1.  , 0.8 , 0.95, 1.  , 0.85, 0.95, 1.  , 1.  , 0.95, 0.8 ,
       1.  , 1.  , 0.8 , 0.85, 0.9 , 0.75, 1.  , 1.  , 1.  , 0.95, 1.  ,
       1.  , 1.  , 1.  , 1.  , 0.95, 0.95, 0.85, 1.  , 1.  , 1.  , 0.9 ,
       1.  , 0.85, 0.8 , 1.  , 1.  , 0.7 , 0.75, 1.  , 1.  , 0.8 , 0.9 ,
       1.  , 0.95, 0.65, 0.65, 0.95, 1.  , 1.  , 0.85, 0.95, 1.  , 1.  ,
       0.9 , 1.  , 0.85, 0.9 , 0.95, 0.75, 1.  , 1.  , 1.  , 0.95, 1.  ,
       1.  , 0.95, 0.9 , 1.  , 0.95, 0.95, 1.  , 1.  , 0.95, 1.  , 1.  ,
       1.  ]), 'class_mean_width': array([26.  , 17.35, 24.85, 37.65, 35.05, 30.5 , 34.25, 19.2 , 21.4 ,
       17.9 , 29.2 , 25.65, 37.15, 17.8 , 17.15, 23.4 , 46.  , 46.4 ,
       37.5 , 45.9 , 32.95, 30.85, 46.15, 53.95, 18.15, 25.95, 78.6 ,
       29.05, 42.7 , 37.4 , 41.55, 25.85, 29.55, 21.9 , 18.9 , 20.45,
       21.1 , 16.95, 15.3 , 17.15, 58.05, 19.3 , 22.35, 87.15, 66.45,
       19.5 , 30.9 , 79.95, 54.35, 16.8 , 19.8 , 62.2 , 20.5 , 21.25,
       21.35, 36.95, 25.65, 17.9 , 21.45, 66.35, 20.95, 16.6 , 38.25,
       46.35, 17.35, 17.3 , 27.55, 54.55, 18.85, 21.  , 31.6 , 51.1 ,
       70.3 , 26.05, 74.75, 46.4 , 62.55, 18.75, 42.7 , 17.9 , 31.2 ,
       50.7 , 21.55, 33.15, 42.25, 53.75, 37.3 , 53.9 , 45.15, 22.7 ,
       17.05, 42.05, 26.2 , 49.35, 66.25, 45.95, 29.25, 53.25, 46.2 ,
       78.75]), 'class_median_width': array([ 18. ,  16. ,  16. ,  18. ,  19.5,  18.5,  18.5,  18.5,  16. ,
        17.5,  16.5,  18. ,  17.5,  18. ,  17. ,  18.5,  18.5,  19.5,
        17. ,  19. ,  16.5,  20. ,  19.5,  19. ,  18. ,  18. , 100. ,
        16.5,  19.5,  17. ,  17. ,  18.5,  16. ,  17.5,  18.5,  16.5,
        17. ,  17. ,  15. ,  16.5,  61. ,  19. ,  18. , 100. , 100. ,
        18.5,  19.5, 100. ,  21. ,  16. ,  15. , 100. ,  16. ,  17. ,
        16. ,  16. ,  17. ,  17. ,  17. , 100. ,  16. ,  16.5,  18. ,
        19.5,  17. ,  15.5,  20. ,  22. ,  18. ,  16. ,  19.5,  21.5,
       100. ,  18. , 100. ,  20. , 100. ,  17. ,  19. ,  17.5,  20. ,
        21. ,  17. ,  16. ,  19. ,  18. ,  16.5,  19. ,  17.5,  18. ,
        16.5,  18.5,  17. ,  17. , 100. ,  18.5,  17.5,  17. ,  19. ,
       100. ]), 'class_mean_width_scaled': array([0.26  , 0.1735, 0.2485, 0.3765, 0.3505, 0.305 , 0.3425, 0.192 ,
       0.214 , 0.179 , 0.292 , 0.2565, 0.3715, 0.178 , 0.1715, 0.234 ,
       0.46  , 0.464 , 0.375 , 0.459 , 0.3295, 0.3085, 0.4615, 0.5395,
       0.1815, 0.2595, 0.786 , 0.2905, 0.427 , 0.374 , 0.4155, 0.2585,
       0.2955, 0.219 , 0.189 , 0.2045, 0.211 , 0.1695, 0.153 , 0.1715,
       0.5805, 0.193 , 0.2235, 0.8715, 0.6645, 0.195 , 0.309 , 0.7995,
       0.5435, 0.168 , 0.198 , 0.622 , 0.205 , 0.2125, 0.2135, 0.3695,
       0.2565, 0.179 , 0.2145, 0.6635, 0.2095, 0.166 , 0.3825, 0.4635,
       0.1735, 0.173 , 0.2755, 0.5455, 0.1885, 0.21  , 0.316 , 0.511 ,
       0.703 , 0.2605, 0.7475, 0.464 , 0.6255, 0.1875, 0.427 , 0.179 ,
       0.312 , 0.507 , 0.2155, 0.3315, 0.4225, 0.5375, 0.373 , 0.539 ,
       0.4515, 0.227 , 0.1705, 0.4205, 0.262 , 0.4935, 0.6625, 0.4595,
       0.2925, 0.5325, 0.462 , 0.7875]), 'class_median_width_scaled': array([0.18 , 0.16 , 0.16 , 0.18 , 0.195, 0.185, 0.185, 0.185, 0.16 ,
       0.175, 0.165, 0.18 , 0.175, 0.18 , 0.17 , 0.185, 0.185, 0.195,
       0.17 , 0.19 , 0.165, 0.2  , 0.195, 0.19 , 0.18 , 0.18 , 1.   ,
       0.165, 0.195, 0.17 , 0.17 , 0.185, 0.16 , 0.175, 0.185, 0.165,
       0.17 , 0.17 , 0.15 , 0.165, 0.61 , 0.19 , 0.18 , 1.   , 1.   ,
       0.185, 0.195, 1.   , 0.21 , 0.16 , 0.15 , 1.   , 0.16 , 0.17 ,
       0.16 , 0.16 , 0.17 , 0.17 , 0.17 , 1.   , 0.16 , 0.165, 0.18 ,
       0.195, 0.17 , 0.155, 0.2  , 0.22 , 0.18 , 0.16 , 0.195, 0.215,
       1.   , 0.18 , 1.   , 0.2  , 1.   , 0.17 , 0.19 , 0.175, 0.2  ,
       0.21 , 0.17 , 0.16 , 0.19 , 0.18 , 0.165, 0.19 , 0.175, 0.18 ,
       0.165, 0.185, 0.17 , 0.17 , 1.   , 0.185, 0.175, 0.17 , 0.19 ,
       1.   ])}

Job completed at Wed Mar 19 08:21:37 PM PDT 2025
