Starting job at Thu Mar 20 05:04:25 PM PDT 2025
Job parameters:
Dataset: data_cover_type
UQ Method: split_conformal_topk
Estimator: ExtraTrees
Seed: 779
Train Size: 0.8
Running split_conformal_topk on data_cover_type with seed 779 and train size 0.8

starting experiment

data created

Fitting split_conformal_topk_ExtraTrees on data_cover_type with seed 779

split_conformal_topk_ExtraTrees metrics: {'coverage': np.float64(0.9015), 'mean_width': np.float64(13.0), 'median_width': np.float64(13.0), 'mean_width_scaled': np.float64(0.13), 'median_width_scaled': np.float64(0.13)}

split_conformal_topk_ExtraTrees full metrics: {'coverage': np.float64(0.9015), 'mean_width': np.float64(13.0), 'median_width': np.float64(13.0), 'mean_width_scaled': np.float64(0.13), 'median_width_scaled': np.float64(0.13)}

split_conformal_topk_ExtraTrees class metrics: {'class_coverage': array([0.95, 0.8 , 0.85, 1.  , 0.75, 0.75, 0.95, 0.6 , 0.9 , 0.9 , 0.75,
       1.  , 1.  , 0.85, 0.9 , 0.85, 0.95, 0.9 , 0.95, 0.95, 1.  , 1.  ,
       0.8 , 1.  , 1.  , 0.8 , 1.  , 1.  , 0.7 , 1.  , 1.  , 0.7 , 0.85,
       1.  , 1.  , 0.9 , 0.85, 0.75, 0.5 , 0.9 , 0.95, 0.9 , 0.85, 1.  ,
       1.  , 1.  , 1.  , 1.  , 1.  , 1.  , 1.  , 0.95, 1.  , 0.85, 0.75,
       0.9 , 0.7 , 1.  , 1.  , 1.  , 0.75, 0.6 , 1.  , 1.  , 0.85, 0.8 ,
       1.  , 1.  , 0.7 , 0.65, 0.95, 1.  , 0.95, 0.9 , 0.95, 0.9 , 1.  ,
       0.65, 0.9 , 0.8 , 0.8 , 1.  , 0.75, 0.95, 0.95, 0.95, 0.85, 0.9 ,
       0.9 , 0.95, 0.85, 1.  , 0.8 , 1.  , 1.  , 1.  , 1.  , 1.  , 1.  ,
       1.  ]), 'class_mean_width': array([13., 13., 13., 13., 13., 13., 13., 13., 13., 13., 13., 13., 13.,
       13., 13., 13., 13., 13., 13., 13., 13., 13., 13., 13., 13., 13.,
       13., 13., 13., 13., 13., 13., 13., 13., 13., 13., 13., 13., 13.,
       13., 13., 13., 13., 13., 13., 13., 13., 13., 13., 13., 13., 13.,
       13., 13., 13., 13., 13., 13., 13., 13., 13., 13., 13., 13., 13.,
       13., 13., 13., 13., 13., 13., 13., 13., 13., 13., 13., 13., 13.,
       13., 13., 13., 13., 13., 13., 13., 13., 13., 13., 13., 13., 13.,
       13., 13., 13., 13., 13., 13., 13., 13., 13.]), 'class_median_width': array([13., 13., 13., 13., 13., 13., 13., 13., 13., 13., 13., 13., 13.,
       13., 13., 13., 13., 13., 13., 13., 13., 13., 13., 13., 13., 13.,
       13., 13., 13., 13., 13., 13., 13., 13., 13., 13., 13., 13., 13.,
       13., 13., 13., 13., 13., 13., 13., 13., 13., 13., 13., 13., 13.,
       13., 13., 13., 13., 13., 13., 13., 13., 13., 13., 13., 13., 13.,
       13., 13., 13., 13., 13., 13., 13., 13., 13., 13., 13., 13., 13.,
       13., 13., 13., 13., 13., 13., 13., 13., 13., 13., 13., 13., 13.,
       13., 13., 13., 13., 13., 13., 13., 13., 13.]), 'class_mean_width_scaled': array([0.13, 0.13, 0.13, 0.13, 0.13, 0.13, 0.13, 0.13, 0.13, 0.13, 0.13,
       0.13, 0.13, 0.13, 0.13, 0.13, 0.13, 0.13, 0.13, 0.13, 0.13, 0.13,
       0.13, 0.13, 0.13, 0.13, 0.13, 0.13, 0.13, 0.13, 0.13, 0.13, 0.13,
       0.13, 0.13, 0.13, 0.13, 0.13, 0.13, 0.13, 0.13, 0.13, 0.13, 0.13,
       0.13, 0.13, 0.13, 0.13, 0.13, 0.13, 0.13, 0.13, 0.13, 0.13, 0.13,
       0.13, 0.13, 0.13, 0.13, 0.13, 0.13, 0.13, 0.13, 0.13, 0.13, 0.13,
       0.13, 0.13, 0.13, 0.13, 0.13, 0.13, 0.13, 0.13, 0.13, 0.13, 0.13,
       0.13, 0.13, 0.13, 0.13, 0.13, 0.13, 0.13, 0.13, 0.13, 0.13, 0.13,
       0.13, 0.13, 0.13, 0.13, 0.13, 0.13, 0.13, 0.13, 0.13, 0.13, 0.13,
       0.13]), 'class_median_width_scaled': array([0.13, 0.13, 0.13, 0.13, 0.13, 0.13, 0.13, 0.13, 0.13, 0.13, 0.13,
       0.13, 0.13, 0.13, 0.13, 0.13, 0.13, 0.13, 0.13, 0.13, 0.13, 0.13,
       0.13, 0.13, 0.13, 0.13, 0.13, 0.13, 0.13, 0.13, 0.13, 0.13, 0.13,
       0.13, 0.13, 0.13, 0.13, 0.13, 0.13, 0.13, 0.13, 0.13, 0.13, 0.13,
       0.13, 0.13, 0.13, 0.13, 0.13, 0.13, 0.13, 0.13, 0.13, 0.13, 0.13,
       0.13, 0.13, 0.13, 0.13, 0.13, 0.13, 0.13, 0.13, 0.13, 0.13, 0.13,
       0.13, 0.13, 0.13, 0.13, 0.13, 0.13, 0.13, 0.13, 0.13, 0.13, 0.13,
       0.13, 0.13, 0.13, 0.13, 0.13, 0.13, 0.13, 0.13, 0.13, 0.13, 0.13,
       0.13, 0.13, 0.13, 0.13, 0.13, 0.13, 0.13, 0.13, 0.13, 0.13, 0.13,
       0.13])}

split_conformal_topk_ExtraTrees full class metrics: {'class_coverage': array([0.95, 0.8 , 0.85, 1.  , 0.75, 0.75, 0.95, 0.6 , 0.9 , 0.9 , 0.75,
       1.  , 1.  , 0.85, 0.9 , 0.85, 0.95, 0.9 , 0.95, 0.95, 1.  , 1.  ,
       0.8 , 1.  , 1.  , 0.8 , 1.  , 1.  , 0.7 , 1.  , 1.  , 0.7 , 0.85,
       1.  , 1.  , 0.9 , 0.85, 0.75, 0.5 , 0.9 , 0.95, 0.9 , 0.85, 1.  ,
       1.  , 1.  , 1.  , 1.  , 1.  , 1.  , 1.  , 0.95, 1.  , 0.85, 0.75,
       0.9 , 0.7 , 1.  , 1.  , 1.  , 0.75, 0.6 , 1.  , 1.  , 0.85, 0.8 ,
       1.  , 1.  , 0.7 , 0.65, 0.95, 1.  , 0.95, 0.9 , 0.95, 0.9 , 1.  ,
       0.65, 0.9 , 0.8 , 0.8 , 1.  , 0.75, 0.95, 0.95, 0.95, 0.85, 0.9 ,
       0.9 , 0.95, 0.85, 1.  , 0.8 , 1.  , 1.  , 1.  , 1.  , 1.  , 1.  ,
       1.  ]), 'class_mean_width': array([13., 13., 13., 13., 13., 13., 13., 13., 13., 13., 13., 13., 13.,
       13., 13., 13., 13., 13., 13., 13., 13., 13., 13., 13., 13., 13.,
       13., 13., 13., 13., 13., 13., 13., 13., 13., 13., 13., 13., 13.,
       13., 13., 13., 13., 13., 13., 13., 13., 13., 13., 13., 13., 13.,
       13., 13., 13., 13., 13., 13., 13., 13., 13., 13., 13., 13., 13.,
       13., 13., 13., 13., 13., 13., 13., 13., 13., 13., 13., 13., 13.,
       13., 13., 13., 13., 13., 13., 13., 13., 13., 13., 13., 13., 13.,
       13., 13., 13., 13., 13., 13., 13., 13., 13.]), 'class_median_width': array([13., 13., 13., 13., 13., 13., 13., 13., 13., 13., 13., 13., 13.,
       13., 13., 13., 13., 13., 13., 13., 13., 13., 13., 13., 13., 13.,
       13., 13., 13., 13., 13., 13., 13., 13., 13., 13., 13., 13., 13.,
       13., 13., 13., 13., 13., 13., 13., 13., 13., 13., 13., 13., 13.,
       13., 13., 13., 13., 13., 13., 13., 13., 13., 13., 13., 13., 13.,
       13., 13., 13., 13., 13., 13., 13., 13., 13., 13., 13., 13., 13.,
       13., 13., 13., 13., 13., 13., 13., 13., 13., 13., 13., 13., 13.,
       13., 13., 13., 13., 13., 13., 13., 13., 13.]), 'class_mean_width_scaled': array([0.13, 0.13, 0.13, 0.13, 0.13, 0.13, 0.13, 0.13, 0.13, 0.13, 0.13,
       0.13, 0.13, 0.13, 0.13, 0.13, 0.13, 0.13, 0.13, 0.13, 0.13, 0.13,
       0.13, 0.13, 0.13, 0.13, 0.13, 0.13, 0.13, 0.13, 0.13, 0.13, 0.13,
       0.13, 0.13, 0.13, 0.13, 0.13, 0.13, 0.13, 0.13, 0.13, 0.13, 0.13,
       0.13, 0.13, 0.13, 0.13, 0.13, 0.13, 0.13, 0.13, 0.13, 0.13, 0.13,
       0.13, 0.13, 0.13, 0.13, 0.13, 0.13, 0.13, 0.13, 0.13, 0.13, 0.13,
       0.13, 0.13, 0.13, 0.13, 0.13, 0.13, 0.13, 0.13, 0.13, 0.13, 0.13,
       0.13, 0.13, 0.13, 0.13, 0.13, 0.13, 0.13, 0.13, 0.13, 0.13, 0.13,
       0.13, 0.13, 0.13, 0.13, 0.13, 0.13, 0.13, 0.13, 0.13, 0.13, 0.13,
       0.13]), 'class_median_width_scaled': array([0.13, 0.13, 0.13, 0.13, 0.13, 0.13, 0.13, 0.13, 0.13, 0.13, 0.13,
       0.13, 0.13, 0.13, 0.13, 0.13, 0.13, 0.13, 0.13, 0.13, 0.13, 0.13,
       0.13, 0.13, 0.13, 0.13, 0.13, 0.13, 0.13, 0.13, 0.13, 0.13, 0.13,
       0.13, 0.13, 0.13, 0.13, 0.13, 0.13, 0.13, 0.13, 0.13, 0.13, 0.13,
       0.13, 0.13, 0.13, 0.13, 0.13, 0.13, 0.13, 0.13, 0.13, 0.13, 0.13,
       0.13, 0.13, 0.13, 0.13, 0.13, 0.13, 0.13, 0.13, 0.13, 0.13, 0.13,
       0.13, 0.13, 0.13, 0.13, 0.13, 0.13, 0.13, 0.13, 0.13, 0.13, 0.13,
       0.13, 0.13, 0.13, 0.13, 0.13, 0.13, 0.13, 0.13, 0.13, 0.13, 0.13,
       0.13, 0.13, 0.13, 0.13, 0.13, 0.13, 0.13, 0.13, 0.13, 0.13, 0.13,
       0.13])}

Job completed at Thu Mar 20 05:04:28 PM PDT 2025
