Starting job at Wed Mar 19 06:29:55 PM PDT 2025
Job parameters:
Dataset: data_isolet
UQ Method: split_conformal_lac
Estimator: LogisticRegression
Seed: 782
Train Size: 0.8
Running split_conformal_lac on data_isolet with seed 782 and train size 0.8

starting experiment

data created

Fitting split_conformal_lac_LogisticRegression on data_isolet with seed 782

split_conformal_lac_LogisticRegression metrics: {'coverage': np.float64(0.9814102564102564), 'mean_width': np.float64(2.9871794871794872), 'median_width': np.float64(1.0), 'mean_width_scaled': np.float64(0.11489151873767259), 'median_width_scaled': np.float64(0.038461538461538464)}

split_conformal_lac_LogisticRegression full metrics: {'coverage': np.float64(0.9814102564102564), 'mean_width': np.float64(2.9871794871794872), 'median_width': np.float64(1.0), 'mean_width_scaled': np.float64(0.11489151873767259), 'median_width_scaled': np.float64(0.038461538461538464)}

split_conformal_lac_LogisticRegression class metrics: {'class_coverage': array([1.        , 1.        , 0.96666667, 1.        , 0.9       ,
       0.95      , 1.        , 0.93333333, 1.        , 1.        ,
       0.96666667, 0.98333333, 0.96666667, 0.96666667, 0.95      ,
       1.        , 1.        , 1.        , 0.96666667, 1.        ,
       1.        , 0.98333333, 1.        , 0.98333333, 1.        ,
       1.        ]), 'class_mean_width': array([2.25      , 2.66666667, 1.83333333, 1.83333333, 3.91666667,
       4.33333333, 1.83333333, 5.58333333, 1.        , 1.        ,
       1.83333333, 2.66666667, 4.33333333, 2.25      , 6.        ,
       1.83333333, 3.91666667, 1.41666667, 1.83333333, 2.66666667,
       5.58333333, 7.25      , 2.25      , 5.58333333, 1.        ,
       1.        ]), 'class_median_width': array([1., 1., 1., 1., 1., 1., 1., 1., 1., 1., 1., 1., 1., 1., 1., 1., 1.,
       1., 1., 1., 1., 1., 1., 1., 1., 1.]), 'class_mean_width_scaled': array([0.08653846, 0.1025641 , 0.07051282, 0.07051282, 0.15064103,
       0.16666667, 0.07051282, 0.21474359, 0.03846154, 0.03846154,
       0.07051282, 0.1025641 , 0.16666667, 0.08653846, 0.23076923,
       0.07051282, 0.15064103, 0.05448718, 0.07051282, 0.1025641 ,
       0.21474359, 0.27884615, 0.08653846, 0.21474359, 0.03846154,
       0.03846154]), 'class_median_width_scaled': array([0.03846154, 0.03846154, 0.03846154, 0.03846154, 0.03846154,
       0.03846154, 0.03846154, 0.03846154, 0.03846154, 0.03846154,
       0.03846154, 0.03846154, 0.03846154, 0.03846154, 0.03846154,
       0.03846154, 0.03846154, 0.03846154, 0.03846154, 0.03846154,
       0.03846154, 0.03846154, 0.03846154, 0.03846154, 0.03846154,
       0.03846154])}

split_conformal_lac_LogisticRegression full class metrics: {'class_coverage': array([1.        , 1.        , 0.96666667, 1.        , 0.9       ,
       0.95      , 1.        , 0.93333333, 1.        , 1.        ,
       0.96666667, 0.98333333, 0.96666667, 0.96666667, 0.95      ,
       1.        , 1.        , 1.        , 0.96666667, 1.        ,
       1.        , 0.98333333, 1.        , 0.98333333, 1.        ,
       1.        ]), 'class_mean_width': array([2.25      , 2.66666667, 1.83333333, 1.83333333, 3.91666667,
       4.33333333, 1.83333333, 5.58333333, 1.        , 1.        ,
       1.83333333, 2.66666667, 4.33333333, 2.25      , 6.        ,
       1.83333333, 3.91666667, 1.41666667, 1.83333333, 2.66666667,
       5.58333333, 7.25      , 2.25      , 5.58333333, 1.        ,
       1.        ]), 'class_median_width': array([1., 1., 1., 1., 1., 1., 1., 1., 1., 1., 1., 1., 1., 1., 1., 1., 1.,
       1., 1., 1., 1., 1., 1., 1., 1., 1.]), 'class_mean_width_scaled': array([0.08653846, 0.1025641 , 0.07051282, 0.07051282, 0.15064103,
       0.16666667, 0.07051282, 0.21474359, 0.03846154, 0.03846154,
       0.07051282, 0.1025641 , 0.16666667, 0.08653846, 0.23076923,
       0.07051282, 0.15064103, 0.05448718, 0.07051282, 0.1025641 ,
       0.21474359, 0.27884615, 0.08653846, 0.21474359, 0.03846154,
       0.03846154]), 'class_median_width_scaled': array([0.03846154, 0.03846154, 0.03846154, 0.03846154, 0.03846154,
       0.03846154, 0.03846154, 0.03846154, 0.03846154, 0.03846154,
       0.03846154, 0.03846154, 0.03846154, 0.03846154, 0.03846154,
       0.03846154, 0.03846154, 0.03846154, 0.03846154, 0.03846154,
       0.03846154, 0.03846154, 0.03846154, 0.03846154, 0.03846154,
       0.03846154])}

Job completed at Wed Mar 19 06:30:09 PM PDT 2025
