Starting job at Wed Mar 19 06:25:03 PM PDT 2025
Job parameters:
Dataset: data_dionis
UQ Method: split_conformal_naive
Estimator: MLP
Seed: 779
Train Size: 0.8
Running split_conformal_naive on data_dionis with seed 779 and train size 0.8

starting experiment

data created

Fitting split_conformal_naive_MLP on data_dionis with seed 779

split_conformal_naive_MLP metrics: {'coverage': np.float64(0.7238333333333333), 'mean_width': np.float64(232.24016666666665), 'median_width': np.float64(293.0), 'mean_width_scaled': np.float64(0.6541976525821596), 'median_width_scaled': np.float64(0.8253521126760563)}

split_conformal_naive_MLP full metrics: {'coverage': np.float64(0.7238333333333333), 'mean_width': np.float64(232.24016666666665), 'median_width': np.float64(293.0), 'mean_width_scaled': np.float64(0.6541976525821596), 'median_width_scaled': np.float64(0.8253521126760563)}

split_conformal_naive_MLP class metrics: {'class_coverage': array([0.85714286, 0.9375    , 0.8       , 0.7       , 0.92857143,
       0.        , 0.83333333, 0.        , 0.8       , 0.88888889,
       1.        , 0.86666667, 1.        , 0.8       , 1.        ,
       0.95      , 1.        , 0.89473684, 1.        , 0.6       ,
       0.        , 0.625     , 0.9375    , 0.78947368, 0.875     ,
       0.72222222, 0.96428571, 1.        , 1.        , 0.94444444,
       0.84210526, 0.        , 1.        , 1.        , 0.73333333,
       0.        , 0.85714286, 0.93333333, 0.14285714, 0.8125    ,
       0.9375    , 0.9375    , 0.94117647, 0.93333333, 0.93333333,
       0.86666667, 0.83333333, 0.77777778, 0.94736842, 0.8       ,
       1.        , 0.88235294, 0.41176471, 0.94444444, 0.        ,
       0.4       , 0.86666667, 1.        , 1.        , 0.93333333,
       0.05882353, 0.75      , 0.68421053, 0.        , 0.93333333,
       0.88235294, 0.88888889, 0.88235294, 0.84210526, 0.64285714,
       0.78571429, 0.71428571, 0.        , 0.6       , 1.        ,
       0.26666667, 1.        , 0.84210526, 0.        , 1.        ,
       0.84210526, 0.9047619 , 0.23529412, 0.94117647, 1.        ,
       1.        , 0.42105263, 0.93333333, 1.        , 0.875     ,
       1.        , 0.375     , 0.88235294, 1.        , 0.3125    ,
       0.36842105, 0.82352941, 0.93333333, 0.92307692, 0.89473684,
       0.6875    , 0.93333333, 0.73333333, 0.875     , 1.        ,
       0.93333333, 0.8       , 0.        , 1.        , 0.95      ,
       1.        , 0.8       , 0.21428571, 0.        , 0.66666667,
       0.1875    , 0.85714286, 1.        , 1.        , 0.93333333,
       0.15789474, 0.5       , 0.72      , 1.        , 0.3125    ,
       0.84210526, 0.92857143, 0.88235294, 0.9375    , 1.        ,
       0.7       , 1.        , 0.93333333, 0.57142857, 0.8       ,
       1.        , 1.        , 0.83333333, 0.13333333, 1.        ,
       0.93333333, 0.        , 0.46666667, 0.66666667, 0.95652174,
       0.57894737, 0.66666667, 1.        , 1.        , 0.9375    ,
       0.05555556, 0.66666667, 0.29411765, 1.        , 0.        ,
       0.94444444, 1.        , 0.95      , 1.        , 1.        ,
       0.        , 0.94736842, 0.        , 1.        , 1.        ,
       0.89473684, 0.        , 1.        , 0.86666667, 0.        ,
       0.94117647, 0.6875    , 1.        , 0.        , 1.        ,
       0.        , 0.2       , 0.8125    , 0.86666667, 0.93333333,
       0.05882353, 1.        , 0.8125    , 1.        , 1.        ,
       0.8       , 1.        , 0.625     , 1.        , 1.        ,
       1.        , 1.        , 1.        , 0.93333333, 0.2       ,
       0.        , 0.8125    , 1.        , 1.        , 0.05555556,
       0.6       , 0.4       , 0.9375    , 0.        , 0.57142857,
       1.        , 0.95454545, 0.        , 0.95238095, 1.        ,
       0.92857143, 1.        , 0.95      , 0.8       , 1.        ,
       0.42105263, 1.        , 0.        , 0.6875    , 0.76190476,
       1.        , 0.        , 1.        , 0.        , 0.23076923,
       0.        , 0.        , 1.        , 0.        , 0.9375    ,
       0.80952381, 1.        , 0.85714286, 0.64705882, 0.17647059,
       0.26666667, 1.        , 0.        , 1.        , 0.93333333,
       1.        , 1.        , 0.66666667, 0.9       , 0.78571429,
       0.9375    , 0.92857143, 0.        , 0.9375    , 0.86363636,
       0.9375    , 1.        , 1.        , 0.05555556, 0.56      ,
       0.73333333, 0.        , 0.73684211, 1.        , 0.05      ,
       1.        , 0.875     , 1.        , 1.        , 1.        ,
       0.625     , 0.70588235, 1.        , 0.88888889, 0.85714286,
       0.8       , 1.        , 0.        , 0.93333333, 0.71428571,
       0.25      , 0.77777778, 0.        , 0.84615385, 0.93333333,
       0.93333333, 0.95      , 0.73333333, 0.91304348, 0.86666667,
       0.44117647, 0.83333333, 1.        , 0.56521739, 0.875     ,
       0.94444444, 1.        , 1.        , 0.9375    , 1.        ,
       1.        , 1.        , 1.        , 0.6875    , 0.46666667,
       1.        , 1.        , 0.46666667, 0.92857143, 0.        ,
       1.        , 0.8125    , 0.        , 0.2       , 1.        ,
       0.72222222, 0.86666667, 0.78571429, 0.95652174, 1.        ,
       0.04545455, 0.94736842, 0.42857143, 1.        , 0.95      ,
       0.94736842, 1.        , 1.        , 0.0625    , 0.71428571,
       1.        , 0.        , 0.9375    , 0.93333333, 0.88888889,
       0.06666667, 0.11111111, 0.9375    , 0.93333333, 0.88235294,
       1.        , 0.73076923, 1.        , 0.88235294, 0.94117647,
       0.7826087 , 0.        , 1.        , 0.9375    , 0.93333333,
       0.38888889, 1.        , 0.66666667, 0.        , 0.        ,
       0.        , 0.94117647, 0.89473684, 0.26315789, 0.77777778]), 'class_mean_width': array([240.85714286, 274.8125    , 234.6       , 191.5       ,
       261.71428571, 215.13333333, 244.33333333,  98.33333333,
       234.6       , 260.55555556, 293.        , 254.06666667,
       293.        , 234.66666667, 293.        , 278.4       ,
       293.        , 262.26315789, 293.        , 176.2       ,
       234.6       , 183.58333333, 274.75      , 231.52631579,
       256.5       , 195.69444444, 282.57142857, 293.        ,
       293.        , 276.77777778, 231.52631579, 293.        ,
       293.        , 293.        , 215.13333333,  92.375     ,
       251.28571429, 273.53333333, 188.71428571, 238.25      ,
       274.75      , 274.75      , 275.88235294, 273.53333333,
       273.53333333, 254.06666667, 244.05555556, 228.11111111,
       277.63157895, 205.4       , 293.        , 242.41176471,
       121.88235294, 276.77777778, 200.84210526,  78.86666667,
       254.26666667, 293.        , 293.        , 273.53333333,
        69.70588235, 220.        , 200.78947368, 230.64285714,
       273.53333333, 207.88235294, 260.55555556, 258.64705882,
       246.89473684, 188.71428571, 230.42857143, 183.52380952,
       238.25      , 176.93333333, 293.        ,  78.93333333,
       293.        , 246.94736842, 215.13333333, 293.        ,
       231.52631579, 265.19047619,  69.70588235, 258.64705882,
       293.        , 293.        , 114.94736842, 273.53333333,
       293.        , 256.5       , 293.        , 110.5       ,
       258.88235294, 293.        ,  92.25      ,  16.47368421,
       241.82352941, 273.53333333, 254.30769231, 262.26315789,
       201.75      , 273.53333333, 215.13333333, 256.5       ,
       293.        , 273.53333333, 235.33333333, 184.3125    ,
       293.        , 278.4       , 293.        , 234.6       ,
        42.92857143, 215.13333333, 195.86666667, 110.5       ,
       251.35714286, 293.        , 293.        , 273.53333333,
        78.26315789, 147.        , 199.56      , 293.        ,
        37.5       , 246.94736842, 272.14285714, 258.64705882,
       274.75      , 293.        , 205.45      , 293.        ,
       273.53333333, 167.85714286, 234.6       , 293.        ,
       293.        , 244.33333333,  40.06666667, 293.        ,
       273.53333333, 273.53333333, 117.8       , 177.4       ,
       280.30434783, 170.26315789, 195.66666667, 293.        ,
       293.        , 274.75      , 131.33333333, 196.44444444,
        86.88235294, 293.        ,  70.05882353, 276.77777778,
       293.        , 278.4       , 293.        , 293.        ,
       256.9375    , 277.63157895, 251.28571429, 293.        ,
       293.        , 246.89473684, 215.13333333, 293.        ,
       254.13333333, 114.55555556, 275.82352941, 201.75      ,
       293.        , 137.26666667, 293.        , 293.        ,
       156.73333333, 238.4375    , 254.2       , 273.53333333,
        86.88235294, 293.        , 238.375     , 293.        ,
       293.        , 234.6       , 293.        , 165.5625    ,
       293.        , 293.        , 293.        , 293.        ,
       293.        , 273.53333333,  59.4       , 293.        ,
       238.6875    , 293.        , 293.        ,  49.66666667,
       156.8       ,  98.46666667, 274.75      ,  74.        ,
       112.23809524, 293.        , 266.45454545, 215.13333333,
       279.0952381 , 293.        , 272.14285714, 293.        ,
       278.4       , 234.6       , 293.        , 108.68421053,
       293.        , 254.06666667, 201.75      , 223.66666667,
       293.        ,  19.5625    , 293.        ,  74.0625    ,
       113.46153846, 273.53333333, 215.13333333, 293.        ,
       156.8       , 274.8125    , 237.38095238, 293.        ,
       251.28571429, 189.94117647,  69.94117647, 157.06666667,
       293.        , 220.        , 293.        , 273.53333333,
       293.        , 293.        , 195.66666667, 264.1       ,
       209.60714286, 274.75      , 272.35714286,  92.3125    ,
       274.75      , 253.18181818, 274.75      , 293.        ,
       293.        , 130.83333333, 152.84      , 215.2       ,
       244.44444444, 216.15789474, 293.        , 190.8       ,
       293.        , 256.5       , 293.        , 293.        ,
       293.        , 183.875     , 207.11764706, 293.        ,
       260.55555556, 251.5       , 234.6       , 293.        ,
       195.66666667, 273.53333333, 195.66666667,  37.5       ,
       228.11111111, 129.1875    , 248.15384615, 273.53333333,
       273.53333333, 278.45      , 215.13333333, 267.65217391,
       254.06666667,  96.44117647, 244.33333333, 293.        ,
       155.95652174, 256.5       , 276.77777778, 293.        ,
       293.        , 274.75      , 293.        , 293.        ,
       293.        , 293.        , 202.4375    , 137.26666667,
       293.        , 293.        , 137.4       , 272.14285714,
       176.2       , 293.        , 238.25      , 293.        ,
        98.33333333, 293.        , 211.88888889, 254.06666667,
       231.28571429, 280.34782609, 293.        ,  27.77272727,
       277.63157895, 126.14285714, 293.        , 278.4       ,
       277.63157895, 293.        , 293.        ,  19.3125    ,
       209.57142857, 293.        , 234.6       , 274.75      ,
       273.53333333, 260.61111111, 156.73333333,  49.72222222,
       274.75      , 273.53333333, 258.64705882, 279.72727273,
       214.5       , 293.        , 258.64705882, 275.82352941,
       229.56521739,  55.8125    , 293.        , 274.75      ,
       273.53333333, 114.72222222, 293.        , 195.66666667,
       215.13333333, 180.84615385,  42.71428571, 275.82352941,
       262.26315789,  62.57894737, 228.16666667]), 'class_median_width': array([293. , 293. , 293. , 293. , 293. , 293. , 293. ,   1. , 293. ,
       293. , 293. , 293. , 293. , 293. , 293. , 293. , 293. , 293. ,
       293. , 293. , 293. , 293. , 293. , 293. , 293. , 293. , 293. ,
       293. , 293. , 293. , 293. , 293. , 293. , 293. , 293. ,   1. ,
       293. , 293. , 293. , 293. , 293. , 293. , 293. , 293. , 293. ,
       293. , 293. , 293. , 293. , 293. , 293. , 293. ,   2. , 293. ,
       293. ,   1. , 293. , 293. , 293. , 293. ,   1. , 293. , 293. ,
       293. , 293. , 293. , 293. , 293. , 293. , 293. , 293. , 293. ,
       293. , 293. , 293. ,   1. , 293. , 293. , 293. , 293. , 293. ,
       293. ,   1. , 293. , 293. , 293. ,   3. , 293. , 293. , 293. ,
       293. ,   1. , 293. , 293. ,   1. ,   1. , 293. , 293. , 293. ,
       293. , 293. , 293. , 293. , 293. , 293. , 293. , 293. , 293. ,
       293. , 293. , 293. , 293. ,   1. , 293. , 293. ,   1. , 293. ,
       293. , 293. , 293. ,   1. , 147. , 293. , 293. ,   1. , 293. ,
       293. , 293. , 293. , 293. , 293. , 293. , 293. , 293. , 293. ,
       293. , 293. , 293. ,   1. , 293. , 293. , 293. ,   1. , 293. ,
       293. , 293. , 293. , 293. , 293. , 293. ,   4. , 293. ,   1. ,
       293. ,   1. , 293. , 293. , 293. , 293. , 293. , 293. , 293. ,
       293. , 293. , 293. , 293. , 293. , 293. , 293. ,   1. , 293. ,
       293. , 293. ,   1. , 293. , 293. , 293. , 293. , 293. , 293. ,
         1. , 293. , 293. , 293. , 293. , 293. , 293. , 293. , 293. ,
       293. , 293. , 293. , 293. , 293. ,   1. , 293. , 293. , 293. ,
       293. ,   1. , 293. ,   1. , 293. ,   1. ,   1. , 293. , 293. ,
       293. , 293. , 293. , 293. , 293. , 293. , 293. , 293. ,   1. ,
       293. , 293. , 293. , 293. , 293. ,   1. , 293. ,   1. ,   1. ,
       293. , 293. , 293. , 293. , 293. , 293. , 293. , 293. , 293. ,
         1. , 293. , 293. , 293. , 293. , 293. , 293. , 293. , 293. ,
       293. , 293. , 293. , 293. ,   1. , 293. , 293. , 293. , 293. ,
       293. ,   1.5, 293. , 293. , 293. , 293. , 293. , 293. , 293. ,
       293. , 293. , 293. , 293. , 293. , 293. , 293. , 293. , 293. ,
       293. , 293. , 293. , 293. , 293. ,   1. , 293. ,   4.5, 293. ,
       293. , 293. , 293. , 293. , 293. , 293. ,   1. , 293. , 293. ,
       293. , 293. , 293. , 293. , 293. , 293. , 293. , 293. , 293. ,
       293. , 293. ,   1. , 293. , 293. ,   2. , 293. , 293. , 293. ,
       293. , 293. ,   1. , 293. , 293. , 293. , 293. , 293. , 293. ,
         1. , 293. ,   1. , 293. , 293. , 293. , 293. , 293. ,   1. ,
       293. , 293. , 293. , 293. , 293. , 293. , 293. ,   1. , 293. ,
       293. , 293. , 293. , 293. , 293. , 293. , 293. , 293. ,   1. ,
       293. , 293. , 293. ,   2. , 293. , 293. , 293. , 293. ,   1. ,
       293. , 293. ,   1. , 293. ]), 'class_mean_width_scaled': array([0.67847082, 0.77411972, 0.66084507, 0.53943662, 0.73722334,
       0.60600939, 0.68826291, 0.27699531, 0.66084507, 0.73395931,
       0.82535211, 0.71568075, 0.82535211, 0.66103286, 0.82535211,
       0.78422535, 0.82535211, 0.73876946, 0.82535211, 0.49633803,
       0.66084507, 0.51713615, 0.77394366, 0.65218681, 0.72253521,
       0.55125196, 0.79597586, 0.82535211, 0.82535211, 0.77965571,
       0.65218681, 0.82535211, 0.82535211, 0.82535211, 0.60600939,
       0.26021127, 0.70784708, 0.77051643, 0.53158954, 0.67112676,
       0.77394366, 0.77394366, 0.77713339, 0.77051643, 0.77051643,
       0.71568075, 0.68748044, 0.64256651, 0.78206079, 0.57859155,
       0.82535211, 0.68285004, 0.34333057, 0.77965571, 0.56575241,
       0.22215962, 0.71624413, 0.82535211, 0.82535211, 0.77051643,
       0.1963546 , 0.61971831, 0.56560415, 0.64969819, 0.77051643,
       0.58558409, 0.73395931, 0.72858326, 0.69547813, 0.53158954,
       0.64909457, 0.51696848, 0.67112676, 0.49840376, 0.82535211,
       0.22234742, 0.82535211, 0.69562639, 0.60600939, 0.82535211,
       0.65218681, 0.74701543, 0.1963546 , 0.72858326, 0.82535211,
       0.82535211, 0.3237954 , 0.77051643, 0.82535211, 0.72253521,
       0.82535211, 0.31126761, 0.72924606, 0.82535211, 0.25985915,
       0.04640474, 0.68119304, 0.77051643, 0.7163597 , 0.73876946,
       0.56830986, 0.77051643, 0.60600939, 0.72253521, 0.82535211,
       0.77051643, 0.6629108 , 0.51919014, 0.82535211, 0.78422535,
       0.82535211, 0.66084507, 0.12092555, 0.60600939, 0.55173709,
       0.31126761, 0.70804829, 0.82535211, 0.82535211, 0.77051643,
       0.2204596 , 0.41408451, 0.56214085, 0.82535211, 0.1056338 ,
       0.69562639, 0.7665996 , 0.72858326, 0.77394366, 0.82535211,
       0.57873239, 0.82535211, 0.77051643, 0.47283702, 0.66084507,
       0.82535211, 0.82535211, 0.68826291, 0.11286385, 0.82535211,
       0.77051643, 0.77051643, 0.33183099, 0.49971831, 0.78958971,
       0.47961453, 0.55117371, 0.82535211, 0.82535211, 0.77394366,
       0.36995305, 0.55336463, 0.24473902, 0.82535211, 0.1973488 ,
       0.77965571, 0.82535211, 0.78422535, 0.82535211, 0.82535211,
       0.72376761, 0.78206079, 0.70784708, 0.82535211, 0.82535211,
       0.69547813, 0.60600939, 0.82535211, 0.71586854, 0.32269171,
       0.77696769, 0.56830986, 0.82535211, 0.38666667, 0.82535211,
       0.82535211, 0.44150235, 0.67165493, 0.71605634, 0.77051643,
       0.24473902, 0.82535211, 0.67147887, 0.82535211, 0.82535211,
       0.66084507, 0.82535211, 0.46637324, 0.82535211, 0.82535211,
       0.82535211, 0.82535211, 0.82535211, 0.77051643, 0.16732394,
       0.82535211, 0.67235915, 0.82535211, 0.82535211, 0.1399061 ,
       0.44169014, 0.27737089, 0.77394366, 0.2084507 , 0.31616365,
       0.82535211, 0.75057618, 0.60600939, 0.78618377, 0.82535211,
       0.7665996 , 0.82535211, 0.78422535, 0.66084507, 0.82535211,
       0.30615271, 0.82535211, 0.71568075, 0.56830986, 0.63004695,
       0.82535211, 0.05510563, 0.82535211, 0.20862676, 0.31960997,
       0.77051643, 0.60600939, 0.82535211, 0.44169014, 0.77411972,
       0.66867874, 0.82535211, 0.70784708, 0.53504557, 0.1970174 ,
       0.44244131, 0.82535211, 0.61971831, 0.82535211, 0.77051643,
       0.82535211, 0.82535211, 0.55117371, 0.74394366, 0.59044266,
       0.77394366, 0.76720322, 0.26003521, 0.77394366, 0.71318822,
       0.77394366, 0.82535211, 0.82535211, 0.3685446 , 0.43053521,
       0.60619718, 0.6885759 , 0.60889548, 0.82535211, 0.53746479,
       0.82535211, 0.72253521, 0.82535211, 0.82535211, 0.82535211,
       0.51795775, 0.58342999, 0.82535211, 0.73395931, 0.7084507 ,
       0.66084507, 0.82535211, 0.55117371, 0.77051643, 0.55117371,
       0.1056338 , 0.64256651, 0.36390845, 0.69902492, 0.77051643,
       0.77051643, 0.7843662 , 0.60600939, 0.75394979, 0.71568075,
       0.27166529, 0.68826291, 0.82535211, 0.43931415, 0.72253521,
       0.77965571, 0.82535211, 0.82535211, 0.77394366, 0.82535211,
       0.82535211, 0.82535211, 0.82535211, 0.57024648, 0.38666667,
       0.82535211, 0.82535211, 0.38704225, 0.7665996 , 0.49633803,
       0.82535211, 0.67112676, 0.82535211, 0.27699531, 0.82535211,
       0.59687011, 0.71568075, 0.65150905, 0.78971219, 0.82535211,
       0.07823303, 0.78206079, 0.35533199, 0.82535211, 0.78422535,
       0.78206079, 0.82535211, 0.82535211, 0.05440141, 0.59034205,
       0.82535211, 0.66084507, 0.77394366, 0.77051643, 0.73411581,
       0.44150235, 0.1400626 , 0.77394366, 0.77051643, 0.72858326,
       0.78796415, 0.60422535, 0.82535211, 0.72858326, 0.77696769,
       0.64666258, 0.15721831, 0.82535211, 0.77394366, 0.77051643,
       0.32316119, 0.82535211, 0.55117371, 0.60600939, 0.50942579,
       0.12032193, 0.77696769, 0.73876946, 0.17627872, 0.642723  ]), 'class_median_width_scaled': array([0.82535211, 0.82535211, 0.82535211, 0.82535211, 0.82535211,
       0.82535211, 0.82535211, 0.0028169 , 0.82535211, 0.82535211,
       0.82535211, 0.82535211, 0.82535211, 0.82535211, 0.82535211,
       0.82535211, 0.82535211, 0.82535211, 0.82535211, 0.82535211,
       0.82535211, 0.82535211, 0.82535211, 0.82535211, 0.82535211,
       0.82535211, 0.82535211, 0.82535211, 0.82535211, 0.82535211,
       0.82535211, 0.82535211, 0.82535211, 0.82535211, 0.82535211,
       0.0028169 , 0.82535211, 0.82535211, 0.82535211, 0.82535211,
       0.82535211, 0.82535211, 0.82535211, 0.82535211, 0.82535211,
       0.82535211, 0.82535211, 0.82535211, 0.82535211, 0.82535211,
       0.82535211, 0.82535211, 0.0056338 , 0.82535211, 0.82535211,
       0.0028169 , 0.82535211, 0.82535211, 0.82535211, 0.82535211,
       0.0028169 , 0.82535211, 0.82535211, 0.82535211, 0.82535211,
       0.82535211, 0.82535211, 0.82535211, 0.82535211, 0.82535211,
       0.82535211, 0.82535211, 0.82535211, 0.82535211, 0.82535211,
       0.0028169 , 0.82535211, 0.82535211, 0.82535211, 0.82535211,
       0.82535211, 0.82535211, 0.0028169 , 0.82535211, 0.82535211,
       0.82535211, 0.0084507 , 0.82535211, 0.82535211, 0.82535211,
       0.82535211, 0.0028169 , 0.82535211, 0.82535211, 0.0028169 ,
       0.0028169 , 0.82535211, 0.82535211, 0.82535211, 0.82535211,
       0.82535211, 0.82535211, 0.82535211, 0.82535211, 0.82535211,
       0.82535211, 0.82535211, 0.82535211, 0.82535211, 0.82535211,
       0.82535211, 0.82535211, 0.0028169 , 0.82535211, 0.82535211,
       0.0028169 , 0.82535211, 0.82535211, 0.82535211, 0.82535211,
       0.0028169 , 0.41408451, 0.82535211, 0.82535211, 0.0028169 ,
       0.82535211, 0.82535211, 0.82535211, 0.82535211, 0.82535211,
       0.82535211, 0.82535211, 0.82535211, 0.82535211, 0.82535211,
       0.82535211, 0.82535211, 0.82535211, 0.0028169 , 0.82535211,
       0.82535211, 0.82535211, 0.0028169 , 0.82535211, 0.82535211,
       0.82535211, 0.82535211, 0.82535211, 0.82535211, 0.82535211,
       0.01126761, 0.82535211, 0.0028169 , 0.82535211, 0.0028169 ,
       0.82535211, 0.82535211, 0.82535211, 0.82535211, 0.82535211,
       0.82535211, 0.82535211, 0.82535211, 0.82535211, 0.82535211,
       0.82535211, 0.82535211, 0.82535211, 0.82535211, 0.0028169 ,
       0.82535211, 0.82535211, 0.82535211, 0.0028169 , 0.82535211,
       0.82535211, 0.82535211, 0.82535211, 0.82535211, 0.82535211,
       0.0028169 , 0.82535211, 0.82535211, 0.82535211, 0.82535211,
       0.82535211, 0.82535211, 0.82535211, 0.82535211, 0.82535211,
       0.82535211, 0.82535211, 0.82535211, 0.82535211, 0.0028169 ,
       0.82535211, 0.82535211, 0.82535211, 0.82535211, 0.0028169 ,
       0.82535211, 0.0028169 , 0.82535211, 0.0028169 , 0.0028169 ,
       0.82535211, 0.82535211, 0.82535211, 0.82535211, 0.82535211,
       0.82535211, 0.82535211, 0.82535211, 0.82535211, 0.82535211,
       0.0028169 , 0.82535211, 0.82535211, 0.82535211, 0.82535211,
       0.82535211, 0.0028169 , 0.82535211, 0.0028169 , 0.0028169 ,
       0.82535211, 0.82535211, 0.82535211, 0.82535211, 0.82535211,
       0.82535211, 0.82535211, 0.82535211, 0.82535211, 0.0028169 ,
       0.82535211, 0.82535211, 0.82535211, 0.82535211, 0.82535211,
       0.82535211, 0.82535211, 0.82535211, 0.82535211, 0.82535211,
       0.82535211, 0.82535211, 0.0028169 , 0.82535211, 0.82535211,
       0.82535211, 0.82535211, 0.82535211, 0.00422535, 0.82535211,
       0.82535211, 0.82535211, 0.82535211, 0.82535211, 0.82535211,
       0.82535211, 0.82535211, 0.82535211, 0.82535211, 0.82535211,
       0.82535211, 0.82535211, 0.82535211, 0.82535211, 0.82535211,
       0.82535211, 0.82535211, 0.82535211, 0.82535211, 0.82535211,
       0.0028169 , 0.82535211, 0.01267606, 0.82535211, 0.82535211,
       0.82535211, 0.82535211, 0.82535211, 0.82535211, 0.82535211,
       0.0028169 , 0.82535211, 0.82535211, 0.82535211, 0.82535211,
       0.82535211, 0.82535211, 0.82535211, 0.82535211, 0.82535211,
       0.82535211, 0.82535211, 0.82535211, 0.82535211, 0.0028169 ,
       0.82535211, 0.82535211, 0.0056338 , 0.82535211, 0.82535211,
       0.82535211, 0.82535211, 0.82535211, 0.0028169 , 0.82535211,
       0.82535211, 0.82535211, 0.82535211, 0.82535211, 0.82535211,
       0.0028169 , 0.82535211, 0.0028169 , 0.82535211, 0.82535211,
       0.82535211, 0.82535211, 0.82535211, 0.0028169 , 0.82535211,
       0.82535211, 0.82535211, 0.82535211, 0.82535211, 0.82535211,
       0.82535211, 0.0028169 , 0.82535211, 0.82535211, 0.82535211,
       0.82535211, 0.82535211, 0.82535211, 0.82535211, 0.82535211,
       0.82535211, 0.0028169 , 0.82535211, 0.82535211, 0.82535211,
       0.0056338 , 0.82535211, 0.82535211, 0.82535211, 0.82535211,
       0.0028169 , 0.82535211, 0.82535211, 0.0028169 , 0.82535211])}

split_conformal_naive_MLP full class metrics: {'class_coverage': array([0.85714286, 0.9375    , 0.8       , 0.7       , 0.92857143,
       0.        , 0.83333333, 0.        , 0.8       , 0.88888889,
       1.        , 0.86666667, 1.        , 0.8       , 1.        ,
       0.95      , 1.        , 0.89473684, 1.        , 0.6       ,
       0.        , 0.625     , 0.9375    , 0.78947368, 0.875     ,
       0.72222222, 0.96428571, 1.        , 1.        , 0.94444444,
       0.84210526, 0.        , 1.        , 1.        , 0.73333333,
       0.        , 0.85714286, 0.93333333, 0.14285714, 0.8125    ,
       0.9375    , 0.9375    , 0.94117647, 0.93333333, 0.93333333,
       0.86666667, 0.83333333, 0.77777778, 0.94736842, 0.8       ,
       1.        , 0.88235294, 0.41176471, 0.94444444, 0.        ,
       0.4       , 0.86666667, 1.        , 1.        , 0.93333333,
       0.05882353, 0.75      , 0.68421053, 0.        , 0.93333333,
       0.88235294, 0.88888889, 0.88235294, 0.84210526, 0.64285714,
       0.78571429, 0.71428571, 0.        , 0.6       , 1.        ,
       0.26666667, 1.        , 0.84210526, 0.        , 1.        ,
       0.84210526, 0.9047619 , 0.23529412, 0.94117647, 1.        ,
       1.        , 0.42105263, 0.93333333, 1.        , 0.875     ,
       1.        , 0.375     , 0.88235294, 1.        , 0.3125    ,
       0.36842105, 0.82352941, 0.93333333, 0.92307692, 0.89473684,
       0.6875    , 0.93333333, 0.73333333, 0.875     , 1.        ,
       0.93333333, 0.8       , 0.        , 1.        , 0.95      ,
       1.        , 0.8       , 0.21428571, 0.        , 0.66666667,
       0.1875    , 0.85714286, 1.        , 1.        , 0.93333333,
       0.15789474, 0.5       , 0.72      , 1.        , 0.3125    ,
       0.84210526, 0.92857143, 0.88235294, 0.9375    , 1.        ,
       0.7       , 1.        , 0.93333333, 0.57142857, 0.8       ,
       1.        , 1.        , 0.83333333, 0.13333333, 1.        ,
       0.93333333, 0.        , 0.46666667, 0.66666667, 0.95652174,
       0.57894737, 0.66666667, 1.        , 1.        , 0.9375    ,
       0.05555556, 0.66666667, 0.29411765, 1.        , 0.        ,
       0.94444444, 1.        , 0.95      , 1.        , 1.        ,
       0.        , 0.94736842, 0.        , 1.        , 1.        ,
       0.89473684, 0.        , 1.        , 0.86666667, 0.        ,
       0.94117647, 0.6875    , 1.        , 0.        , 1.        ,
       0.        , 0.2       , 0.8125    , 0.86666667, 0.93333333,
       0.05882353, 1.        , 0.8125    , 1.        , 1.        ,
       0.8       , 1.        , 0.625     , 1.        , 1.        ,
       1.        , 1.        , 1.        , 0.93333333, 0.2       ,
       0.        , 0.8125    , 1.        , 1.        , 0.05555556,
       0.6       , 0.4       , 0.9375    , 0.        , 0.57142857,
       1.        , 0.95454545, 0.        , 0.95238095, 1.        ,
       0.92857143, 1.        , 0.95      , 0.8       , 1.        ,
       0.42105263, 1.        , 0.        , 0.6875    , 0.76190476,
       1.        , 0.        , 1.        , 0.        , 0.23076923,
       0.        , 0.        , 1.        , 0.        , 0.9375    ,
       0.80952381, 1.        , 0.85714286, 0.64705882, 0.17647059,
       0.26666667, 1.        , 0.        , 1.        , 0.93333333,
       1.        , 1.        , 0.66666667, 0.9       , 0.78571429,
       0.9375    , 0.92857143, 0.        , 0.9375    , 0.86363636,
       0.9375    , 1.        , 1.        , 0.05555556, 0.56      ,
       0.73333333, 0.        , 0.73684211, 1.        , 0.05      ,
       1.        , 0.875     , 1.        , 1.        , 1.        ,
       0.625     , 0.70588235, 1.        , 0.88888889, 0.85714286,
       0.8       , 1.        , 0.        , 0.93333333, 0.71428571,
       0.25      , 0.77777778, 0.        , 0.84615385, 0.93333333,
       0.93333333, 0.95      , 0.73333333, 0.91304348, 0.86666667,
       0.44117647, 0.83333333, 1.        , 0.56521739, 0.875     ,
       0.94444444, 1.        , 1.        , 0.9375    , 1.        ,
       1.        , 1.        , 1.        , 0.6875    , 0.46666667,
       1.        , 1.        , 0.46666667, 0.92857143, 0.        ,
       1.        , 0.8125    , 0.        , 0.2       , 1.        ,
       0.72222222, 0.86666667, 0.78571429, 0.95652174, 1.        ,
       0.04545455, 0.94736842, 0.42857143, 1.        , 0.95      ,
       0.94736842, 1.        , 1.        , 0.0625    , 0.71428571,
       1.        , 0.        , 0.9375    , 0.93333333, 0.88888889,
       0.06666667, 0.11111111, 0.9375    , 0.93333333, 0.88235294,
       1.        , 0.73076923, 1.        , 0.88235294, 0.94117647,
       0.7826087 , 0.        , 1.        , 0.9375    , 0.93333333,
       0.38888889, 1.        , 0.66666667, 0.        , 0.        ,
       0.        , 0.94117647, 0.89473684, 0.26315789, 0.77777778]), 'class_mean_width': array([240.85714286, 274.8125    , 234.6       , 191.5       ,
       261.71428571, 215.13333333, 244.33333333,  98.33333333,
       234.6       , 260.55555556, 293.        , 254.06666667,
       293.        , 234.66666667, 293.        , 278.4       ,
       293.        , 262.26315789, 293.        , 176.2       ,
       234.6       , 183.58333333, 274.75      , 231.52631579,
       256.5       , 195.69444444, 282.57142857, 293.        ,
       293.        , 276.77777778, 231.52631579, 293.        ,
       293.        , 293.        , 215.13333333,  92.375     ,
       251.28571429, 273.53333333, 188.71428571, 238.25      ,
       274.75      , 274.75      , 275.88235294, 273.53333333,
       273.53333333, 254.06666667, 244.05555556, 228.11111111,
       277.63157895, 205.4       , 293.        , 242.41176471,
       121.88235294, 276.77777778, 200.84210526,  78.86666667,
       254.26666667, 293.        , 293.        , 273.53333333,
        69.70588235, 220.        , 200.78947368, 230.64285714,
       273.53333333, 207.88235294, 260.55555556, 258.64705882,
       246.89473684, 188.71428571, 230.42857143, 183.52380952,
       238.25      , 176.93333333, 293.        ,  78.93333333,
       293.        , 246.94736842, 215.13333333, 293.        ,
       231.52631579, 265.19047619,  69.70588235, 258.64705882,
       293.        , 293.        , 114.94736842, 273.53333333,
       293.        , 256.5       , 293.        , 110.5       ,
       258.88235294, 293.        ,  92.25      ,  16.47368421,
       241.82352941, 273.53333333, 254.30769231, 262.26315789,
       201.75      , 273.53333333, 215.13333333, 256.5       ,
       293.        , 273.53333333, 235.33333333, 184.3125    ,
       293.        , 278.4       , 293.        , 234.6       ,
        42.92857143, 215.13333333, 195.86666667, 110.5       ,
       251.35714286, 293.        , 293.        , 273.53333333,
        78.26315789, 147.        , 199.56      , 293.        ,
        37.5       , 246.94736842, 272.14285714, 258.64705882,
       274.75      , 293.        , 205.45      , 293.        ,
       273.53333333, 167.85714286, 234.6       , 293.        ,
       293.        , 244.33333333,  40.06666667, 293.        ,
       273.53333333, 273.53333333, 117.8       , 177.4       ,
       280.30434783, 170.26315789, 195.66666667, 293.        ,
       293.        , 274.75      , 131.33333333, 196.44444444,
        86.88235294, 293.        ,  70.05882353, 276.77777778,
       293.        , 278.4       , 293.        , 293.        ,
       256.9375    , 277.63157895, 251.28571429, 293.        ,
       293.        , 246.89473684, 215.13333333, 293.        ,
       254.13333333, 114.55555556, 275.82352941, 201.75      ,
       293.        , 137.26666667, 293.        , 293.        ,
       156.73333333, 238.4375    , 254.2       , 273.53333333,
        86.88235294, 293.        , 238.375     , 293.        ,
       293.        , 234.6       , 293.        , 165.5625    ,
       293.        , 293.        , 293.        , 293.        ,
       293.        , 273.53333333,  59.4       , 293.        ,
       238.6875    , 293.        , 293.        ,  49.66666667,
       156.8       ,  98.46666667, 274.75      ,  74.        ,
       112.23809524, 293.        , 266.45454545, 215.13333333,
       279.0952381 , 293.        , 272.14285714, 293.        ,
       278.4       , 234.6       , 293.        , 108.68421053,
       293.        , 254.06666667, 201.75      , 223.66666667,
       293.        ,  19.5625    , 293.        ,  74.0625    ,
       113.46153846, 273.53333333, 215.13333333, 293.        ,
       156.8       , 274.8125    , 237.38095238, 293.        ,
       251.28571429, 189.94117647,  69.94117647, 157.06666667,
       293.        , 220.        , 293.        , 273.53333333,
       293.        , 293.        , 195.66666667, 264.1       ,
       209.60714286, 274.75      , 272.35714286,  92.3125    ,
       274.75      , 253.18181818, 274.75      , 293.        ,
       293.        , 130.83333333, 152.84      , 215.2       ,
       244.44444444, 216.15789474, 293.        , 190.8       ,
       293.        , 256.5       , 293.        , 293.        ,
       293.        , 183.875     , 207.11764706, 293.        ,
       260.55555556, 251.5       , 234.6       , 293.        ,
       195.66666667, 273.53333333, 195.66666667,  37.5       ,
       228.11111111, 129.1875    , 248.15384615, 273.53333333,
       273.53333333, 278.45      , 215.13333333, 267.65217391,
       254.06666667,  96.44117647, 244.33333333, 293.        ,
       155.95652174, 256.5       , 276.77777778, 293.        ,
       293.        , 274.75      , 293.        , 293.        ,
       293.        , 293.        , 202.4375    , 137.26666667,
       293.        , 293.        , 137.4       , 272.14285714,
       176.2       , 293.        , 238.25      , 293.        ,
        98.33333333, 293.        , 211.88888889, 254.06666667,
       231.28571429, 280.34782609, 293.        ,  27.77272727,
       277.63157895, 126.14285714, 293.        , 278.4       ,
       277.63157895, 293.        , 293.        ,  19.3125    ,
       209.57142857, 293.        , 234.6       , 274.75      ,
       273.53333333, 260.61111111, 156.73333333,  49.72222222,
       274.75      , 273.53333333, 258.64705882, 279.72727273,
       214.5       , 293.        , 258.64705882, 275.82352941,
       229.56521739,  55.8125    , 293.        , 274.75      ,
       273.53333333, 114.72222222, 293.        , 195.66666667,
       215.13333333, 180.84615385,  42.71428571, 275.82352941,
       262.26315789,  62.57894737, 228.16666667]), 'class_median_width': array([293. , 293. , 293. , 293. , 293. , 293. , 293. ,   1. , 293. ,
       293. , 293. , 293. , 293. , 293. , 293. , 293. , 293. , 293. ,
       293. , 293. , 293. , 293. , 293. , 293. , 293. , 293. , 293. ,
       293. , 293. , 293. , 293. , 293. , 293. , 293. , 293. ,   1. ,
       293. , 293. , 293. , 293. , 293. , 293. , 293. , 293. , 293. ,
       293. , 293. , 293. , 293. , 293. , 293. , 293. ,   2. , 293. ,
       293. ,   1. , 293. , 293. , 293. , 293. ,   1. , 293. , 293. ,
       293. , 293. , 293. , 293. , 293. , 293. , 293. , 293. , 293. ,
       293. , 293. , 293. ,   1. , 293. , 293. , 293. , 293. , 293. ,
       293. ,   1. , 293. , 293. , 293. ,   3. , 293. , 293. , 293. ,
       293. ,   1. , 293. , 293. ,   1. ,   1. , 293. , 293. , 293. ,
       293. , 293. , 293. , 293. , 293. , 293. , 293. , 293. , 293. ,
       293. , 293. , 293. , 293. ,   1. , 293. , 293. ,   1. , 293. ,
       293. , 293. , 293. ,   1. , 147. , 293. , 293. ,   1. , 293. ,
       293. , 293. , 293. , 293. , 293. , 293. , 293. , 293. , 293. ,
       293. , 293. , 293. ,   1. , 293. , 293. , 293. ,   1. , 293. ,
       293. , 293. , 293. , 293. , 293. , 293. ,   4. , 293. ,   1. ,
       293. ,   1. , 293. , 293. , 293. , 293. , 293. , 293. , 293. ,
       293. , 293. , 293. , 293. , 293. , 293. , 293. ,   1. , 293. ,
       293. , 293. ,   1. , 293. , 293. , 293. , 293. , 293. , 293. ,
         1. , 293. , 293. , 293. , 293. , 293. , 293. , 293. , 293. ,
       293. , 293. , 293. , 293. , 293. ,   1. , 293. , 293. , 293. ,
       293. ,   1. , 293. ,   1. , 293. ,   1. ,   1. , 293. , 293. ,
       293. , 293. , 293. , 293. , 293. , 293. , 293. , 293. ,   1. ,
       293. , 293. , 293. , 293. , 293. ,   1. , 293. ,   1. ,   1. ,
       293. , 293. , 293. , 293. , 293. , 293. , 293. , 293. , 293. ,
         1. , 293. , 293. , 293. , 293. , 293. , 293. , 293. , 293. ,
       293. , 293. , 293. , 293. ,   1. , 293. , 293. , 293. , 293. ,
       293. ,   1.5, 293. , 293. , 293. , 293. , 293. , 293. , 293. ,
       293. , 293. , 293. , 293. , 293. , 293. , 293. , 293. , 293. ,
       293. , 293. , 293. , 293. , 293. ,   1. , 293. ,   4.5, 293. ,
       293. , 293. , 293. , 293. , 293. , 293. ,   1. , 293. , 293. ,
       293. , 293. , 293. , 293. , 293. , 293. , 293. , 293. , 293. ,
       293. , 293. ,   1. , 293. , 293. ,   2. , 293. , 293. , 293. ,
       293. , 293. ,   1. , 293. , 293. , 293. , 293. , 293. , 293. ,
         1. , 293. ,   1. , 293. , 293. , 293. , 293. , 293. ,   1. ,
       293. , 293. , 293. , 293. , 293. , 293. , 293. ,   1. , 293. ,
       293. , 293. , 293. , 293. , 293. , 293. , 293. , 293. ,   1. ,
       293. , 293. , 293. ,   2. , 293. , 293. , 293. , 293. ,   1. ,
       293. , 293. ,   1. , 293. ]), 'class_mean_width_scaled': array([0.67847082, 0.77411972, 0.66084507, 0.53943662, 0.73722334,
       0.60600939, 0.68826291, 0.27699531, 0.66084507, 0.73395931,
       0.82535211, 0.71568075, 0.82535211, 0.66103286, 0.82535211,
       0.78422535, 0.82535211, 0.73876946, 0.82535211, 0.49633803,
       0.66084507, 0.51713615, 0.77394366, 0.65218681, 0.72253521,
       0.55125196, 0.79597586, 0.82535211, 0.82535211, 0.77965571,
       0.65218681, 0.82535211, 0.82535211, 0.82535211, 0.60600939,
       0.26021127, 0.70784708, 0.77051643, 0.53158954, 0.67112676,
       0.77394366, 0.77394366, 0.77713339, 0.77051643, 0.77051643,
       0.71568075, 0.68748044, 0.64256651, 0.78206079, 0.57859155,
       0.82535211, 0.68285004, 0.34333057, 0.77965571, 0.56575241,
       0.22215962, 0.71624413, 0.82535211, 0.82535211, 0.77051643,
       0.1963546 , 0.61971831, 0.56560415, 0.64969819, 0.77051643,
       0.58558409, 0.73395931, 0.72858326, 0.69547813, 0.53158954,
       0.64909457, 0.51696848, 0.67112676, 0.49840376, 0.82535211,
       0.22234742, 0.82535211, 0.69562639, 0.60600939, 0.82535211,
       0.65218681, 0.74701543, 0.1963546 , 0.72858326, 0.82535211,
       0.82535211, 0.3237954 , 0.77051643, 0.82535211, 0.72253521,
       0.82535211, 0.31126761, 0.72924606, 0.82535211, 0.25985915,
       0.04640474, 0.68119304, 0.77051643, 0.7163597 , 0.73876946,
       0.56830986, 0.77051643, 0.60600939, 0.72253521, 0.82535211,
       0.77051643, 0.6629108 , 0.51919014, 0.82535211, 0.78422535,
       0.82535211, 0.66084507, 0.12092555, 0.60600939, 0.55173709,
       0.31126761, 0.70804829, 0.82535211, 0.82535211, 0.77051643,
       0.2204596 , 0.41408451, 0.56214085, 0.82535211, 0.1056338 ,
       0.69562639, 0.7665996 , 0.72858326, 0.77394366, 0.82535211,
       0.57873239, 0.82535211, 0.77051643, 0.47283702, 0.66084507,
       0.82535211, 0.82535211, 0.68826291, 0.11286385, 0.82535211,
       0.77051643, 0.77051643, 0.33183099, 0.49971831, 0.78958971,
       0.47961453, 0.55117371, 0.82535211, 0.82535211, 0.77394366,
       0.36995305, 0.55336463, 0.24473902, 0.82535211, 0.1973488 ,
       0.77965571, 0.82535211, 0.78422535, 0.82535211, 0.82535211,
       0.72376761, 0.78206079, 0.70784708, 0.82535211, 0.82535211,
       0.69547813, 0.60600939, 0.82535211, 0.71586854, 0.32269171,
       0.77696769, 0.56830986, 0.82535211, 0.38666667, 0.82535211,
       0.82535211, 0.44150235, 0.67165493, 0.71605634, 0.77051643,
       0.24473902, 0.82535211, 0.67147887, 0.82535211, 0.82535211,
       0.66084507, 0.82535211, 0.46637324, 0.82535211, 0.82535211,
       0.82535211, 0.82535211, 0.82535211, 0.77051643, 0.16732394,
       0.82535211, 0.67235915, 0.82535211, 0.82535211, 0.1399061 ,
       0.44169014, 0.27737089, 0.77394366, 0.2084507 , 0.31616365,
       0.82535211, 0.75057618, 0.60600939, 0.78618377, 0.82535211,
       0.7665996 , 0.82535211, 0.78422535, 0.66084507, 0.82535211,
       0.30615271, 0.82535211, 0.71568075, 0.56830986, 0.63004695,
       0.82535211, 0.05510563, 0.82535211, 0.20862676, 0.31960997,
       0.77051643, 0.60600939, 0.82535211, 0.44169014, 0.77411972,
       0.66867874, 0.82535211, 0.70784708, 0.53504557, 0.1970174 ,
       0.44244131, 0.82535211, 0.61971831, 0.82535211, 0.77051643,
       0.82535211, 0.82535211, 0.55117371, 0.74394366, 0.59044266,
       0.77394366, 0.76720322, 0.26003521, 0.77394366, 0.71318822,
       0.77394366, 0.82535211, 0.82535211, 0.3685446 , 0.43053521,
       0.60619718, 0.6885759 , 0.60889548, 0.82535211, 0.53746479,
       0.82535211, 0.72253521, 0.82535211, 0.82535211, 0.82535211,
       0.51795775, 0.58342999, 0.82535211, 0.73395931, 0.7084507 ,
       0.66084507, 0.82535211, 0.55117371, 0.77051643, 0.55117371,
       0.1056338 , 0.64256651, 0.36390845, 0.69902492, 0.77051643,
       0.77051643, 0.7843662 , 0.60600939, 0.75394979, 0.71568075,
       0.27166529, 0.68826291, 0.82535211, 0.43931415, 0.72253521,
       0.77965571, 0.82535211, 0.82535211, 0.77394366, 0.82535211,
       0.82535211, 0.82535211, 0.82535211, 0.57024648, 0.38666667,
       0.82535211, 0.82535211, 0.38704225, 0.7665996 , 0.49633803,
       0.82535211, 0.67112676, 0.82535211, 0.27699531, 0.82535211,
       0.59687011, 0.71568075, 0.65150905, 0.78971219, 0.82535211,
       0.07823303, 0.78206079, 0.35533199, 0.82535211, 0.78422535,
       0.78206079, 0.82535211, 0.82535211, 0.05440141, 0.59034205,
       0.82535211, 0.66084507, 0.77394366, 0.77051643, 0.73411581,
       0.44150235, 0.1400626 , 0.77394366, 0.77051643, 0.72858326,
       0.78796415, 0.60422535, 0.82535211, 0.72858326, 0.77696769,
       0.64666258, 0.15721831, 0.82535211, 0.77394366, 0.77051643,
       0.32316119, 0.82535211, 0.55117371, 0.60600939, 0.50942579,
       0.12032193, 0.77696769, 0.73876946, 0.17627872, 0.642723  ]), 'class_median_width_scaled': array([0.82535211, 0.82535211, 0.82535211, 0.82535211, 0.82535211,
       0.82535211, 0.82535211, 0.0028169 , 0.82535211, 0.82535211,
       0.82535211, 0.82535211, 0.82535211, 0.82535211, 0.82535211,
       0.82535211, 0.82535211, 0.82535211, 0.82535211, 0.82535211,
       0.82535211, 0.82535211, 0.82535211, 0.82535211, 0.82535211,
       0.82535211, 0.82535211, 0.82535211, 0.82535211, 0.82535211,
       0.82535211, 0.82535211, 0.82535211, 0.82535211, 0.82535211,
       0.0028169 , 0.82535211, 0.82535211, 0.82535211, 0.82535211,
       0.82535211, 0.82535211, 0.82535211, 0.82535211, 0.82535211,
       0.82535211, 0.82535211, 0.82535211, 0.82535211, 0.82535211,
       0.82535211, 0.82535211, 0.0056338 , 0.82535211, 0.82535211,
       0.0028169 , 0.82535211, 0.82535211, 0.82535211, 0.82535211,
       0.0028169 , 0.82535211, 0.82535211, 0.82535211, 0.82535211,
       0.82535211, 0.82535211, 0.82535211, 0.82535211, 0.82535211,
       0.82535211, 0.82535211, 0.82535211, 0.82535211, 0.82535211,
       0.0028169 , 0.82535211, 0.82535211, 0.82535211, 0.82535211,
       0.82535211, 0.82535211, 0.0028169 , 0.82535211, 0.82535211,
       0.82535211, 0.0084507 , 0.82535211, 0.82535211, 0.82535211,
       0.82535211, 0.0028169 , 0.82535211, 0.82535211, 0.0028169 ,
       0.0028169 , 0.82535211, 0.82535211, 0.82535211, 0.82535211,
       0.82535211, 0.82535211, 0.82535211, 0.82535211, 0.82535211,
       0.82535211, 0.82535211, 0.82535211, 0.82535211, 0.82535211,
       0.82535211, 0.82535211, 0.0028169 , 0.82535211, 0.82535211,
       0.0028169 , 0.82535211, 0.82535211, 0.82535211, 0.82535211,
       0.0028169 , 0.41408451, 0.82535211, 0.82535211, 0.0028169 ,
       0.82535211, 0.82535211, 0.82535211, 0.82535211, 0.82535211,
       0.82535211, 0.82535211, 0.82535211, 0.82535211, 0.82535211,
       0.82535211, 0.82535211, 0.82535211, 0.0028169 , 0.82535211,
       0.82535211, 0.82535211, 0.0028169 , 0.82535211, 0.82535211,
       0.82535211, 0.82535211, 0.82535211, 0.82535211, 0.82535211,
       0.01126761, 0.82535211, 0.0028169 , 0.82535211, 0.0028169 ,
       0.82535211, 0.82535211, 0.82535211, 0.82535211, 0.82535211,
       0.82535211, 0.82535211, 0.82535211, 0.82535211, 0.82535211,
       0.82535211, 0.82535211, 0.82535211, 0.82535211, 0.0028169 ,
       0.82535211, 0.82535211, 0.82535211, 0.0028169 , 0.82535211,
       0.82535211, 0.82535211, 0.82535211, 0.82535211, 0.82535211,
       0.0028169 , 0.82535211, 0.82535211, 0.82535211, 0.82535211,
       0.82535211, 0.82535211, 0.82535211, 0.82535211, 0.82535211,
       0.82535211, 0.82535211, 0.82535211, 0.82535211, 0.0028169 ,
       0.82535211, 0.82535211, 0.82535211, 0.82535211, 0.0028169 ,
       0.82535211, 0.0028169 , 0.82535211, 0.0028169 , 0.0028169 ,
       0.82535211, 0.82535211, 0.82535211, 0.82535211, 0.82535211,
       0.82535211, 0.82535211, 0.82535211, 0.82535211, 0.82535211,
       0.0028169 , 0.82535211, 0.82535211, 0.82535211, 0.82535211,
       0.82535211, 0.0028169 , 0.82535211, 0.0028169 , 0.0028169 ,
       0.82535211, 0.82535211, 0.82535211, 0.82535211, 0.82535211,
       0.82535211, 0.82535211, 0.82535211, 0.82535211, 0.0028169 ,
       0.82535211, 0.82535211, 0.82535211, 0.82535211, 0.82535211,
       0.82535211, 0.82535211, 0.82535211, 0.82535211, 0.82535211,
       0.82535211, 0.82535211, 0.0028169 , 0.82535211, 0.82535211,
       0.82535211, 0.82535211, 0.82535211, 0.00422535, 0.82535211,
       0.82535211, 0.82535211, 0.82535211, 0.82535211, 0.82535211,
       0.82535211, 0.82535211, 0.82535211, 0.82535211, 0.82535211,
       0.82535211, 0.82535211, 0.82535211, 0.82535211, 0.82535211,
       0.82535211, 0.82535211, 0.82535211, 0.82535211, 0.82535211,
       0.0028169 , 0.82535211, 0.01267606, 0.82535211, 0.82535211,
       0.82535211, 0.82535211, 0.82535211, 0.82535211, 0.82535211,
       0.0028169 , 0.82535211, 0.82535211, 0.82535211, 0.82535211,
       0.82535211, 0.82535211, 0.82535211, 0.82535211, 0.82535211,
       0.82535211, 0.82535211, 0.82535211, 0.82535211, 0.0028169 ,
       0.82535211, 0.82535211, 0.0056338 , 0.82535211, 0.82535211,
       0.82535211, 0.82535211, 0.82535211, 0.0028169 , 0.82535211,
       0.82535211, 0.82535211, 0.82535211, 0.82535211, 0.82535211,
       0.0028169 , 0.82535211, 0.0028169 , 0.82535211, 0.82535211,
       0.82535211, 0.82535211, 0.82535211, 0.0028169 , 0.82535211,
       0.82535211, 0.82535211, 0.82535211, 0.82535211, 0.82535211,
       0.82535211, 0.0028169 , 0.82535211, 0.82535211, 0.82535211,
       0.82535211, 0.82535211, 0.82535211, 0.82535211, 0.82535211,
       0.82535211, 0.0028169 , 0.82535211, 0.82535211, 0.82535211,
       0.0056338 , 0.82535211, 0.82535211, 0.82535211, 0.82535211,
       0.0028169 , 0.82535211, 0.82535211, 0.0028169 , 0.82535211])}

Job completed at Wed Mar 19 06:25:14 PM PDT 2025
