Starting job at Wed Mar 19 06:25:00 PM PDT 2025
Job parameters:
Dataset: data_dionis
UQ Method: split_conformal_naive
Estimator: MLP
Seed: 778
Train Size: 0.8
Running split_conformal_naive on data_dionis with seed 778 and train size 0.8

starting experiment

data created

Fitting split_conformal_naive_MLP on data_dionis with seed 778

split_conformal_naive_MLP metrics: {'coverage': np.float64(0.7273333333333334), 'mean_width': np.float64(234.45316666666668), 'median_width': np.float64(299.0), 'mean_width_scaled': np.float64(0.660431455399061), 'median_width_scaled': np.float64(0.8422535211267606)}

split_conformal_naive_MLP full metrics: {'coverage': np.float64(0.7273333333333334), 'mean_width': np.float64(234.45316666666668), 'median_width': np.float64(299.0), 'mean_width_scaled': np.float64(0.660431455399061), 'median_width_scaled': np.float64(0.8422535211267606)}

split_conformal_naive_MLP class metrics: {'class_coverage': array([0.75      , 1.        , 0.        , 0.65      , 0.71428571,
       0.        , 0.88888889, 0.6       , 0.86666667, 1.        ,
       0.94444444, 0.73333333, 0.94444444, 0.8       , 1.        ,
       0.9       , 1.        , 0.94736842, 0.92857143, 0.86666667,
       0.06666667, 0.54166667, 1.        , 0.89473684, 1.        ,
       0.80555556, 0.96428571, 1.        , 1.        , 1.        ,
       0.94736842, 0.86666667, 0.94117647, 1.        , 0.86666667,
       0.0625    , 0.92857143, 1.        , 0.42857143, 0.5625    ,
       0.875     , 0.9375    , 0.94117647, 0.86666667, 0.93333333,
       0.86666667, 0.88888889, 0.66666667, 1.        , 0.7       ,
       0.93333333, 0.94117647, 0.        , 0.94444444, 0.73684211,
       0.26666667, 0.86666667, 0.8       , 0.92857143, 1.        ,
       0.47058824, 0.6875    , 0.84210526, 0.85714286, 1.        ,
       0.11764706, 0.94444444, 1.        , 0.78947368, 0.57142857,
       0.78571429, 0.71428571, 0.8125    , 0.73333333, 0.86666667,
       0.26666667, 1.        , 0.84210526, 0.        , 1.        ,
       0.78947368, 0.9047619 , 0.35294118, 0.82352941, 1.        ,
       1.        , 0.36842105, 1.        , 1.        , 1.        ,
       0.93333333, 0.1875    , 1.        , 0.86666667, 0.0625    ,
       0.05263158, 0.76470588, 0.86666667, 0.65384615, 0.78947368,
       0.125     , 0.73333333, 0.        , 0.8125    , 0.94117647,
       0.86666667, 0.6       , 0.75      , 1.        , 0.85      ,
       1.        , 0.73333333, 0.07142857, 0.        , 0.73333333,
       0.        , 1.        , 1.        , 0.86666667, 0.93333333,
       0.15789474, 0.6875    , 0.68      , 1.        , 0.3125    ,
       0.94736842, 0.85714286, 0.88235294, 0.9375    , 1.        ,
       0.85      , 1.        , 1.        , 0.57142857, 0.86666667,
       1.        , 1.        , 0.72222222, 0.        , 1.        ,
       0.93333333, 0.93333333, 0.06666667, 0.        , 0.95652174,
       0.63157895, 0.        , 0.93333333, 0.92857143, 1.        ,
       0.66666667, 0.11111111, 0.58823529, 0.9375    , 0.41176471,
       1.        , 1.        , 0.85      , 1.        , 1.        ,
       0.6875    , 1.        , 0.        , 0.93333333, 0.86666667,
       0.78947368, 0.        , 1.        , 0.86666667, 0.11111111,
       0.88235294, 0.6875    , 1.        , 0.46666667, 1.        ,
       1.        , 0.06666667, 0.9375    , 0.86666667, 0.        ,
       0.29411765, 0.9375    , 0.6875    , 0.93333333, 1.        ,
       0.66666667, 0.9375    , 0.3125    , 1.        , 1.        ,
       1.        , 1.        , 1.        , 0.        , 0.05      ,
       0.88235294, 1.        , 1.        , 1.        , 0.05555556,
       0.53333333, 0.        , 0.9375    , 0.3125    , 0.0952381 ,
       0.94736842, 0.90909091, 0.        , 0.95238095, 1.        ,
       0.92857143, 0.875     , 0.95      , 0.93333333, 1.        ,
       0.68421053, 1.        , 0.8       , 0.625     , 0.66666667,
       0.9375    , 0.25      , 0.9375    , 0.25      , 0.38461538,
       1.        , 0.86666667, 1.        , 0.        , 0.9375    ,
       0.76190476, 0.94444444, 0.85714286, 0.64705882, 0.41176471,
       0.93333333, 0.9375    , 0.0625    , 1.        , 1.        ,
       1.        , 0.95454545, 0.61111111, 0.95      , 0.71428571,
       0.625     , 0.92857143, 0.0625    , 0.6875    , 0.81818182,
       0.875     , 1.        , 1.        , 0.5       , 0.48      ,
       0.        , 0.61111111, 0.78947368, 1.        , 0.5       ,
       1.        , 0.75      , 1.        , 1.        , 0.86666667,
       0.875     , 0.76470588, 1.        , 0.77777778, 0.85714286,
       1.        , 1.        , 0.53333333, 0.93333333, 0.0952381 ,
       0.0625    , 0.66666667, 0.5       , 0.84615385, 1.        ,
       0.93333333, 1.        , 0.6       , 0.95652174, 0.86666667,
       0.41176471, 0.88888889, 0.93333333, 0.43478261, 0.9375    ,
       0.94444444, 1.        , 1.        , 0.6875    , 1.        ,
       1.        , 0.9375    , 0.95833333, 0.75      , 0.        ,
       1.        , 0.93333333, 0.4       , 0.71428571, 0.33333333,
       1.        , 0.625     , 1.        , 0.13333333, 1.        ,
       0.        , 1.        , 0.85714286, 0.91304348, 1.        ,
       0.18181818, 1.        , 0.07142857, 0.        , 0.95      ,
       1.        , 0.875     , 1.        , 0.        , 0.        ,
       1.        , 0.        , 0.75      , 0.        , 0.94444444,
       0.2       , 0.22222222, 0.875     , 0.93333333, 1.        ,
       0.95454545, 0.76923077, 1.        , 0.58823529, 0.94117647,
       0.82608696, 0.0625    , 1.        , 0.875     , 0.8       ,
       0.55555556, 1.        , 0.73333333, 0.6       , 0.61538462,
       0.        , 0.88235294, 0.94736842, 0.31578947, 0.88888889]), 'class_mean_width': array([224.60714286, 299.        , 279.13333333, 180.25      ,
       213.92857143, 179.8       , 265.88888889, 179.93333333,
       259.26666667, 299.        , 265.94444444, 219.6       ,
       282.44444444, 240.4       , 299.        , 269.2       ,
       299.        , 283.31578947, 277.71428571, 259.26666667,
       179.86666667, 162.41666667, 299.        , 267.63157895,
       299.        , 218.55555556, 288.35714286, 299.        ,
       299.        , 299.        , 236.47368421, 259.4       ,
       281.47058824, 299.        , 259.26666667,  56.875     ,
       277.78571429, 299.        , 129.        , 169.8125    ,
       261.75      , 280.375     , 281.88235294, 259.26666667,
       279.13333333, 259.26666667, 259.22222222, 199.66666667,
       299.        , 209.6       , 279.13333333, 281.47058824,
       176.47058824, 282.44444444, 220.57894737,  40.73333333,
       259.26666667, 239.4       , 277.78571429, 299.        ,
       106.23529412, 205.875     , 252.        , 256.42857143,
       299.        , 240.64705882, 282.44444444, 299.        ,
       236.31578947, 171.71428571, 235.14285714, 213.95238095,
       243.125     , 219.53333333, 259.26666667,  80.53333333,
       299.        , 251.94736842, 159.93333333, 299.        ,
       236.26315789, 270.61904762, 106.35294118, 246.41176471,
       299.        , 299.        ,  64.47368421, 299.        ,
       299.        , 299.        , 279.13333333, 150.125     ,
       299.        , 259.26666667, 150.        ,  48.15789474,
       229.05882353, 260.66666667, 195.84615385, 236.36842105,
        94.375     , 219.66666667, 239.4       , 243.125     ,
       281.47058824, 259.33333333, 179.86666667, 224.5       ,
       299.        , 254.35      , 299.        , 219.53333333,
        86.14285714, 239.4       , 219.66666667,  75.5       ,
       299.        , 299.        , 259.26666667, 279.13333333,
       111.10526316, 205.875     , 204.04      , 299.        ,
        38.25      , 283.31578947, 256.42857143, 263.94117647,
       280.375     , 299.        , 254.3       , 299.        ,
       299.        , 171.28571429, 259.26666667, 299.        ,
       299.        , 216.27777778,  60.73333333, 299.        ,
       279.13333333, 279.13333333, 140.6       , 219.53333333,
       286.04347826, 173.52631579, 159.93333333, 282.06666667,
       277.71428571, 299.        , 183.27777778, 237.27777778,
       124.29411765, 280.375     , 106.88235294, 299.        ,
       299.        , 254.35      , 299.        , 299.        ,
       206.        , 299.        , 277.71428571, 279.13333333,
       259.26666667, 236.47368421, 219.53333333, 299.        ,
       259.26666667, 127.11111111, 263.94117647, 205.9375    ,
       299.        , 120.26666667, 299.        , 299.        ,
       120.2       , 280.375     , 259.33333333, 279.13333333,
       123.70588235, 280.375     , 205.875     , 279.13333333,
       299.        , 199.73333333, 280.375     ,  94.1875    ,
       299.        , 299.        , 299.        , 299.        ,
       299.        , 239.73333333, 179.8       , 246.41176471,
       299.        , 299.        , 299.        ,  83.77777778,
       160.13333333, 179.93333333, 280.375     ,  99.375     ,
       100.33333333, 283.31578947, 272.18181818, 140.2       ,
       284.80952381, 299.        , 277.71428571, 261.75      ,
       284.1       , 279.13333333, 299.        , 173.52631579,
       299.        , 246.6       , 189.125     , 199.66666667,
       280.375     , 131.375     , 281.375     ,  19.6875    ,
       115.61538462, 298.93333333, 219.6       , 299.        ,
       159.93333333, 261.8125    , 228.04761905, 282.44444444,
       256.42857143, 193.88235294,  71.11764706, 260.86666667,
       280.4375    , 224.5       , 299.        , 299.        ,
       299.        , 285.45454545, 183.16666667, 287.05      ,
       203.25      , 187.3125    , 278.28571429,  56.875     ,
       205.875     , 244.81818182, 261.75      , 299.        ,
       299.        , 100.33333333, 144.08      , 279.33333333,
       183.33333333, 237.15789474, 299.        , 120.5       ,
       299.        , 224.5       , 299.        , 299.        ,
       263.06666667, 224.5       , 237.05882353, 299.        ,
       232.77777778, 256.92857143, 279.13333333, 299.        ,
       160.        , 279.6       , 171.28571429,  56.875     ,
       199.72222222, 150.        , 253.15384615, 299.        ,
       279.13333333, 299.        , 179.8       , 286.04347826,
       259.33333333,  97.88235294, 265.94444444, 279.13333333,
       135.30434783, 280.4375    , 282.5       , 299.        ,
       299.        , 210.875     , 299.        , 299.        ,
       280.375     , 286.58333333, 224.5       , 120.33333333,
       299.        , 279.13333333, 120.33333333, 213.85714286,
       100.33333333, 299.        , 187.25      , 299.        ,
         1.        , 299.        , 141.58823529, 299.        ,
       256.42857143, 273.13043478, 299.        ,  28.13636364,
       299.        , 128.71428571, 299.        , 284.1       ,
       298.84210526, 261.75      , 299.        ,  96.        ,
       256.5       , 299.        , 239.4       , 224.5       ,
       279.13333333, 282.44444444, 140.13333333,  34.11111111,
       265.8125    , 279.13333333, 299.        , 285.45454545,
       218.76923077, 299.        , 176.58823529, 281.47058824,
       234.2173913 ,  75.6875    , 299.        , 261.75      ,
       239.4       , 166.61111111, 299.        , 219.6       ,
       179.8       , 184.38461538,  86.35714286, 263.94117647,
       283.31578947,  95.15789474, 265.94444444]), 'class_median_width': array([299. , 299. , 299. , 299. , 299. , 299. , 299. , 299. , 299. ,
       299. , 299. , 299. , 299. , 299. , 299. , 299. , 299. , 299. ,
       299. , 299. , 299. , 299. , 299. , 299. , 299. , 299. , 299. ,
       299. , 299. , 299. , 299. , 299. , 299. , 299. , 299. ,   1. ,
       299. , 299. ,   2.5, 299. , 299. , 299. , 299. , 299. , 299. ,
       299. , 299. , 299. , 299. , 299. , 299. , 299. , 299. , 299. ,
       299. ,   1. , 299. , 299. , 299. , 299. ,   1. , 299. , 299. ,
       299. , 299. , 299. , 299. , 299. , 299. , 299. , 299. , 299. ,
       299. , 299. , 299. ,   1. , 299. , 299. , 299. , 299. , 299. ,
       299. ,   1. , 299. , 299. , 299. ,   1. , 299. , 299. , 299. ,
       299. , 151. , 299. , 299. , 150. ,   1. , 299. , 299. , 299. ,
       299. ,   1.5, 299. , 299. , 299. , 299. , 299. , 299. , 299. ,
       299. , 299. , 299. , 299. ,   1. , 299. , 299. ,   1. , 299. ,
       299. , 299. , 299. ,   1. , 299. , 299. , 299. ,   1. , 299. ,
       299. , 299. , 299. , 299. , 299. , 299. , 299. , 299. , 299. ,
       299. , 299. , 299. ,   1. , 299. , 299. , 299. ,   9. , 299. ,
       299. , 299. , 299. , 299. , 299. , 299. , 299. , 299. ,   2. ,
       299. ,   1. , 299. , 299. , 299. , 299. , 299. , 299. , 299. ,
       299. , 299. , 299. , 299. , 299. , 299. , 299. ,   1.5, 299. ,
       299. , 299. ,   1. , 299. , 299. ,   1. , 299. , 299. , 299. ,
         1. , 299. , 299. , 299. , 299. , 299. , 299. ,   1. , 299. ,
       299. , 299. , 299. , 299. , 299. , 299. , 299. , 299. , 299. ,
       299. ,   1. , 299. , 299. , 299. ,   1. ,   1. , 299. , 299. ,
         2. , 299. , 299. , 299. , 299. , 299. , 299. , 299. , 299. ,
       299. , 299. , 299. , 299. , 299. ,   1. , 299. ,   1. ,   1. ,
       299. , 299. , 299. , 299. , 299. , 299. , 299. , 299. , 299. ,
         1. , 299. , 299. , 299. , 299. , 299. , 299. , 299. , 299. ,
       299. , 299. , 299. , 299. ,   1. , 299. , 299. , 299. , 299. ,
       299. ,   1. ,   2. , 299. , 299. , 299. , 299. ,   1. , 299. ,
       299. , 299. , 299. , 299. , 299. , 299. , 299. , 299. , 299. ,
       299. , 299. , 299. , 299. , 299. ,   1. , 299. , 150. , 299. ,
       299. , 299. , 299. , 299. , 299. , 299. ,   1. , 299. , 299. ,
         3. , 299. , 299. , 299. , 299. , 299. , 299. , 299. , 299. ,
       299. , 299. ,   2. , 299. , 299. ,   2. , 299. ,   1. , 299. ,
       299. , 299. ,   1. , 299. ,   6. , 299. , 299. , 299. , 299. ,
         1. , 299. ,   1. , 299. , 299. , 299. , 299. , 299. ,   1. ,
       299. , 299. , 299. , 299. , 299. , 299. ,   2. ,   1. , 299. ,
       299. , 299. , 299. , 299. , 299. , 299. , 299. , 299. ,   1. ,
       299. , 299. , 299. , 299. , 299. , 299. , 299. , 299. ,   1. ,
       299. , 299. ,   1. , 299. ]), 'class_mean_width_scaled': array([0.63269618, 0.84225352, 0.78629108, 0.50774648, 0.60261569,
       0.50647887, 0.74898279, 0.50685446, 0.73032864, 0.84225352,
       0.74913928, 0.61859155, 0.79561815, 0.6771831 , 0.84225352,
       0.75830986, 0.84225352, 0.79807265, 0.78229376, 0.73032864,
       0.50666667, 0.45751174, 0.84225352, 0.75389177, 0.84225352,
       0.61564945, 0.81227364, 0.84225352, 0.84225352, 0.84225352,
       0.66612305, 0.73070423, 0.7928749 , 0.84225352, 0.73032864,
       0.16021127, 0.78249497, 0.84225352, 0.36338028, 0.47834507,
       0.73732394, 0.78978873, 0.7940348 , 0.73032864, 0.78629108,
       0.73032864, 0.73020344, 0.56244131, 0.84225352, 0.59042254,
       0.78629108, 0.7928749 , 0.49710025, 0.79561815, 0.62134915,
       0.11474178, 0.73032864, 0.6743662 , 0.78249497, 0.84225352,
       0.29925435, 0.57992958, 0.70985915, 0.722334  , 0.84225352,
       0.67787904, 0.79561815, 0.84225352, 0.66567828, 0.48370221,
       0.66237425, 0.60268276, 0.68485915, 0.61840376, 0.73032864,
       0.22685446, 0.84225352, 0.7097109 , 0.45051643, 0.84225352,
       0.66553002, 0.76230718, 0.29958575, 0.69411765, 0.84225352,
       0.84225352, 0.18161601, 0.84225352, 0.84225352, 0.84225352,
       0.78629108, 0.42288732, 0.84225352, 0.73032864, 0.42253521,
       0.13565604, 0.64523612, 0.7342723 , 0.55167931, 0.66582654,
       0.26584507, 0.61877934, 0.6743662 , 0.68485915, 0.7928749 ,
       0.73051643, 0.50666667, 0.63239437, 0.84225352, 0.71647887,
       0.84225352, 0.61840376, 0.24265594, 0.6743662 , 0.61877934,
       0.21267606, 0.84225352, 0.84225352, 0.73032864, 0.78629108,
       0.31297257, 0.57992958, 0.57476056, 0.84225352, 0.10774648,
       0.79807265, 0.722334  , 0.74349627, 0.78978873, 0.84225352,
       0.71633803, 0.84225352, 0.84225352, 0.48249497, 0.73032864,
       0.84225352, 0.84225352, 0.60923318, 0.17107981, 0.84225352,
       0.78629108, 0.78629108, 0.39605634, 0.61840376, 0.80575628,
       0.48880652, 0.45051643, 0.79455399, 0.78229376, 0.84225352,
       0.51627543, 0.66838811, 0.35012428, 0.78978873, 0.30107705,
       0.84225352, 0.84225352, 0.71647887, 0.84225352, 0.84225352,
       0.58028169, 0.84225352, 0.78229376, 0.78629108, 0.73032864,
       0.66612305, 0.61840376, 0.84225352, 0.73032864, 0.35805947,
       0.74349627, 0.58010563, 0.84225352, 0.33877934, 0.84225352,
       0.84225352, 0.33859155, 0.78978873, 0.73051643, 0.78629108,
       0.34846727, 0.78978873, 0.57992958, 0.78629108, 0.84225352,
       0.56262911, 0.78978873, 0.2653169 , 0.84225352, 0.84225352,
       0.84225352, 0.84225352, 0.84225352, 0.67530516, 0.50647887,
       0.69411765, 0.84225352, 0.84225352, 0.84225352, 0.23599374,
       0.45107981, 0.50685446, 0.78978873, 0.27992958, 0.28262911,
       0.79807265, 0.76670935, 0.39492958, 0.80228035, 0.84225352,
       0.78229376, 0.73732394, 0.80028169, 0.78629108, 0.84225352,
       0.48880652, 0.84225352, 0.69464789, 0.53274648, 0.56244131,
       0.78978873, 0.37007042, 0.79260563, 0.05545775, 0.32567714,
       0.84206573, 0.61859155, 0.84225352, 0.45051643, 0.7375    ,
       0.64238766, 0.79561815, 0.722334  , 0.54614747, 0.2003314 ,
       0.73483568, 0.78996479, 0.63239437, 0.84225352, 0.84225352,
       0.84225352, 0.80409731, 0.51596244, 0.80859155, 0.57253521,
       0.52764085, 0.78390342, 0.16021127, 0.57992958, 0.68962868,
       0.73732394, 0.84225352, 0.84225352, 0.28262911, 0.40585915,
       0.78685446, 0.51643192, 0.66805041, 0.84225352, 0.33943662,
       0.84225352, 0.63239437, 0.84225352, 0.84225352, 0.74103286,
       0.63239437, 0.66777133, 0.84225352, 0.65571205, 0.72374245,
       0.78629108, 0.84225352, 0.45070423, 0.78760563, 0.48249497,
       0.16021127, 0.56259781, 0.42253521, 0.71310943, 0.84225352,
       0.78629108, 0.84225352, 0.50647887, 0.80575628, 0.73051643,
       0.27572494, 0.74913928, 0.78629108, 0.38113901, 0.78996479,
       0.79577465, 0.84225352, 0.84225352, 0.59401408, 0.84225352,
       0.84225352, 0.78978873, 0.807277  , 0.63239437, 0.33896714,
       0.84225352, 0.78629108, 0.33896714, 0.60241449, 0.28262911,
       0.84225352, 0.52746479, 0.84225352, 0.0028169 , 0.84225352,
       0.3988401 , 0.84225352, 0.722334  , 0.76938151, 0.84225352,
       0.07925736, 0.84225352, 0.36257545, 0.84225352, 0.80028169,
       0.84180875, 0.73732394, 0.84225352, 0.27042254, 0.72253521,
       0.84225352, 0.6743662 , 0.63239437, 0.78629108, 0.79561815,
       0.39474178, 0.09608764, 0.74876761, 0.78629108, 0.84225352,
       0.80409731, 0.61625135, 0.84225352, 0.49743165, 0.7928749 ,
       0.6597673 , 0.21320423, 0.84225352, 0.73732394, 0.6743662 ,
       0.46932707, 0.84225352, 0.61859155, 0.50647887, 0.51939328,
       0.24325956, 0.74349627, 0.79807265, 0.26805041, 0.74913928]), 'class_median_width_scaled': array([0.84225352, 0.84225352, 0.84225352, 0.84225352, 0.84225352,
       0.84225352, 0.84225352, 0.84225352, 0.84225352, 0.84225352,
       0.84225352, 0.84225352, 0.84225352, 0.84225352, 0.84225352,
       0.84225352, 0.84225352, 0.84225352, 0.84225352, 0.84225352,
       0.84225352, 0.84225352, 0.84225352, 0.84225352, 0.84225352,
       0.84225352, 0.84225352, 0.84225352, 0.84225352, 0.84225352,
       0.84225352, 0.84225352, 0.84225352, 0.84225352, 0.84225352,
       0.0028169 , 0.84225352, 0.84225352, 0.00704225, 0.84225352,
       0.84225352, 0.84225352, 0.84225352, 0.84225352, 0.84225352,
       0.84225352, 0.84225352, 0.84225352, 0.84225352, 0.84225352,
       0.84225352, 0.84225352, 0.84225352, 0.84225352, 0.84225352,
       0.0028169 , 0.84225352, 0.84225352, 0.84225352, 0.84225352,
       0.0028169 , 0.84225352, 0.84225352, 0.84225352, 0.84225352,
       0.84225352, 0.84225352, 0.84225352, 0.84225352, 0.84225352,
       0.84225352, 0.84225352, 0.84225352, 0.84225352, 0.84225352,
       0.0028169 , 0.84225352, 0.84225352, 0.84225352, 0.84225352,
       0.84225352, 0.84225352, 0.0028169 , 0.84225352, 0.84225352,
       0.84225352, 0.0028169 , 0.84225352, 0.84225352, 0.84225352,
       0.84225352, 0.42535211, 0.84225352, 0.84225352, 0.42253521,
       0.0028169 , 0.84225352, 0.84225352, 0.84225352, 0.84225352,
       0.00422535, 0.84225352, 0.84225352, 0.84225352, 0.84225352,
       0.84225352, 0.84225352, 0.84225352, 0.84225352, 0.84225352,
       0.84225352, 0.84225352, 0.0028169 , 0.84225352, 0.84225352,
       0.0028169 , 0.84225352, 0.84225352, 0.84225352, 0.84225352,
       0.0028169 , 0.84225352, 0.84225352, 0.84225352, 0.0028169 ,
       0.84225352, 0.84225352, 0.84225352, 0.84225352, 0.84225352,
       0.84225352, 0.84225352, 0.84225352, 0.84225352, 0.84225352,
       0.84225352, 0.84225352, 0.84225352, 0.0028169 , 0.84225352,
       0.84225352, 0.84225352, 0.02535211, 0.84225352, 0.84225352,
       0.84225352, 0.84225352, 0.84225352, 0.84225352, 0.84225352,
       0.84225352, 0.84225352, 0.0056338 , 0.84225352, 0.0028169 ,
       0.84225352, 0.84225352, 0.84225352, 0.84225352, 0.84225352,
       0.84225352, 0.84225352, 0.84225352, 0.84225352, 0.84225352,
       0.84225352, 0.84225352, 0.84225352, 0.84225352, 0.00422535,
       0.84225352, 0.84225352, 0.84225352, 0.0028169 , 0.84225352,
       0.84225352, 0.0028169 , 0.84225352, 0.84225352, 0.84225352,
       0.0028169 , 0.84225352, 0.84225352, 0.84225352, 0.84225352,
       0.84225352, 0.84225352, 0.0028169 , 0.84225352, 0.84225352,
       0.84225352, 0.84225352, 0.84225352, 0.84225352, 0.84225352,
       0.84225352, 0.84225352, 0.84225352, 0.84225352, 0.0028169 ,
       0.84225352, 0.84225352, 0.84225352, 0.0028169 , 0.0028169 ,
       0.84225352, 0.84225352, 0.0056338 , 0.84225352, 0.84225352,
       0.84225352, 0.84225352, 0.84225352, 0.84225352, 0.84225352,
       0.84225352, 0.84225352, 0.84225352, 0.84225352, 0.84225352,
       0.84225352, 0.0028169 , 0.84225352, 0.0028169 , 0.0028169 ,
       0.84225352, 0.84225352, 0.84225352, 0.84225352, 0.84225352,
       0.84225352, 0.84225352, 0.84225352, 0.84225352, 0.0028169 ,
       0.84225352, 0.84225352, 0.84225352, 0.84225352, 0.84225352,
       0.84225352, 0.84225352, 0.84225352, 0.84225352, 0.84225352,
       0.84225352, 0.84225352, 0.0028169 , 0.84225352, 0.84225352,
       0.84225352, 0.84225352, 0.84225352, 0.0028169 , 0.0056338 ,
       0.84225352, 0.84225352, 0.84225352, 0.84225352, 0.0028169 ,
       0.84225352, 0.84225352, 0.84225352, 0.84225352, 0.84225352,
       0.84225352, 0.84225352, 0.84225352, 0.84225352, 0.84225352,
       0.84225352, 0.84225352, 0.84225352, 0.84225352, 0.84225352,
       0.0028169 , 0.84225352, 0.42253521, 0.84225352, 0.84225352,
       0.84225352, 0.84225352, 0.84225352, 0.84225352, 0.84225352,
       0.0028169 , 0.84225352, 0.84225352, 0.0084507 , 0.84225352,
       0.84225352, 0.84225352, 0.84225352, 0.84225352, 0.84225352,
       0.84225352, 0.84225352, 0.84225352, 0.84225352, 0.0056338 ,
       0.84225352, 0.84225352, 0.0056338 , 0.84225352, 0.0028169 ,
       0.84225352, 0.84225352, 0.84225352, 0.0028169 , 0.84225352,
       0.01690141, 0.84225352, 0.84225352, 0.84225352, 0.84225352,
       0.0028169 , 0.84225352, 0.0028169 , 0.84225352, 0.84225352,
       0.84225352, 0.84225352, 0.84225352, 0.0028169 , 0.84225352,
       0.84225352, 0.84225352, 0.84225352, 0.84225352, 0.84225352,
       0.0056338 , 0.0028169 , 0.84225352, 0.84225352, 0.84225352,
       0.84225352, 0.84225352, 0.84225352, 0.84225352, 0.84225352,
       0.84225352, 0.0028169 , 0.84225352, 0.84225352, 0.84225352,
       0.84225352, 0.84225352, 0.84225352, 0.84225352, 0.84225352,
       0.0028169 , 0.84225352, 0.84225352, 0.0028169 , 0.84225352])}

split_conformal_naive_MLP full class metrics: {'class_coverage': array([0.75      , 1.        , 0.        , 0.65      , 0.71428571,
       0.        , 0.88888889, 0.6       , 0.86666667, 1.        ,
       0.94444444, 0.73333333, 0.94444444, 0.8       , 1.        ,
       0.9       , 1.        , 0.94736842, 0.92857143, 0.86666667,
       0.06666667, 0.54166667, 1.        , 0.89473684, 1.        ,
       0.80555556, 0.96428571, 1.        , 1.        , 1.        ,
       0.94736842, 0.86666667, 0.94117647, 1.        , 0.86666667,
       0.0625    , 0.92857143, 1.        , 0.42857143, 0.5625    ,
       0.875     , 0.9375    , 0.94117647, 0.86666667, 0.93333333,
       0.86666667, 0.88888889, 0.66666667, 1.        , 0.7       ,
       0.93333333, 0.94117647, 0.        , 0.94444444, 0.73684211,
       0.26666667, 0.86666667, 0.8       , 0.92857143, 1.        ,
       0.47058824, 0.6875    , 0.84210526, 0.85714286, 1.        ,
       0.11764706, 0.94444444, 1.        , 0.78947368, 0.57142857,
       0.78571429, 0.71428571, 0.8125    , 0.73333333, 0.86666667,
       0.26666667, 1.        , 0.84210526, 0.        , 1.        ,
       0.78947368, 0.9047619 , 0.35294118, 0.82352941, 1.        ,
       1.        , 0.36842105, 1.        , 1.        , 1.        ,
       0.93333333, 0.1875    , 1.        , 0.86666667, 0.0625    ,
       0.05263158, 0.76470588, 0.86666667, 0.65384615, 0.78947368,
       0.125     , 0.73333333, 0.        , 0.8125    , 0.94117647,
       0.86666667, 0.6       , 0.75      , 1.        , 0.85      ,
       1.        , 0.73333333, 0.07142857, 0.        , 0.73333333,
       0.        , 1.        , 1.        , 0.86666667, 0.93333333,
       0.15789474, 0.6875    , 0.68      , 1.        , 0.3125    ,
       0.94736842, 0.85714286, 0.88235294, 0.9375    , 1.        ,
       0.85      , 1.        , 1.        , 0.57142857, 0.86666667,
       1.        , 1.        , 0.72222222, 0.        , 1.        ,
       0.93333333, 0.93333333, 0.06666667, 0.        , 0.95652174,
       0.63157895, 0.        , 0.93333333, 0.92857143, 1.        ,
       0.66666667, 0.11111111, 0.58823529, 0.9375    , 0.41176471,
       1.        , 1.        , 0.85      , 1.        , 1.        ,
       0.6875    , 1.        , 0.        , 0.93333333, 0.86666667,
       0.78947368, 0.        , 1.        , 0.86666667, 0.11111111,
       0.88235294, 0.6875    , 1.        , 0.46666667, 1.        ,
       1.        , 0.06666667, 0.9375    , 0.86666667, 0.        ,
       0.29411765, 0.9375    , 0.6875    , 0.93333333, 1.        ,
       0.66666667, 0.9375    , 0.3125    , 1.        , 1.        ,
       1.        , 1.        , 1.        , 0.        , 0.05      ,
       0.88235294, 1.        , 1.        , 1.        , 0.05555556,
       0.53333333, 0.        , 0.9375    , 0.3125    , 0.0952381 ,
       0.94736842, 0.90909091, 0.        , 0.95238095, 1.        ,
       0.92857143, 0.875     , 0.95      , 0.93333333, 1.        ,
       0.68421053, 1.        , 0.8       , 0.625     , 0.66666667,
       0.9375    , 0.25      , 0.9375    , 0.25      , 0.38461538,
       1.        , 0.86666667, 1.        , 0.        , 0.9375    ,
       0.76190476, 0.94444444, 0.85714286, 0.64705882, 0.41176471,
       0.93333333, 0.9375    , 0.0625    , 1.        , 1.        ,
       1.        , 0.95454545, 0.61111111, 0.95      , 0.71428571,
       0.625     , 0.92857143, 0.0625    , 0.6875    , 0.81818182,
       0.875     , 1.        , 1.        , 0.5       , 0.48      ,
       0.        , 0.61111111, 0.78947368, 1.        , 0.5       ,
       1.        , 0.75      , 1.        , 1.        , 0.86666667,
       0.875     , 0.76470588, 1.        , 0.77777778, 0.85714286,
       1.        , 1.        , 0.53333333, 0.93333333, 0.0952381 ,
       0.0625    , 0.66666667, 0.5       , 0.84615385, 1.        ,
       0.93333333, 1.        , 0.6       , 0.95652174, 0.86666667,
       0.41176471, 0.88888889, 0.93333333, 0.43478261, 0.9375    ,
       0.94444444, 1.        , 1.        , 0.6875    , 1.        ,
       1.        , 0.9375    , 0.95833333, 0.75      , 0.        ,
       1.        , 0.93333333, 0.4       , 0.71428571, 0.33333333,
       1.        , 0.625     , 1.        , 0.13333333, 1.        ,
       0.        , 1.        , 0.85714286, 0.91304348, 1.        ,
       0.18181818, 1.        , 0.07142857, 0.        , 0.95      ,
       1.        , 0.875     , 1.        , 0.        , 0.        ,
       1.        , 0.        , 0.75      , 0.        , 0.94444444,
       0.2       , 0.22222222, 0.875     , 0.93333333, 1.        ,
       0.95454545, 0.76923077, 1.        , 0.58823529, 0.94117647,
       0.82608696, 0.0625    , 1.        , 0.875     , 0.8       ,
       0.55555556, 1.        , 0.73333333, 0.6       , 0.61538462,
       0.        , 0.88235294, 0.94736842, 0.31578947, 0.88888889]), 'class_mean_width': array([224.60714286, 299.        , 279.13333333, 180.25      ,
       213.92857143, 179.8       , 265.88888889, 179.93333333,
       259.26666667, 299.        , 265.94444444, 219.6       ,
       282.44444444, 240.4       , 299.        , 269.2       ,
       299.        , 283.31578947, 277.71428571, 259.26666667,
       179.86666667, 162.41666667, 299.        , 267.63157895,
       299.        , 218.55555556, 288.35714286, 299.        ,
       299.        , 299.        , 236.47368421, 259.4       ,
       281.47058824, 299.        , 259.26666667,  56.875     ,
       277.78571429, 299.        , 129.        , 169.8125    ,
       261.75      , 280.375     , 281.88235294, 259.26666667,
       279.13333333, 259.26666667, 259.22222222, 199.66666667,
       299.        , 209.6       , 279.13333333, 281.47058824,
       176.47058824, 282.44444444, 220.57894737,  40.73333333,
       259.26666667, 239.4       , 277.78571429, 299.        ,
       106.23529412, 205.875     , 252.        , 256.42857143,
       299.        , 240.64705882, 282.44444444, 299.        ,
       236.31578947, 171.71428571, 235.14285714, 213.95238095,
       243.125     , 219.53333333, 259.26666667,  80.53333333,
       299.        , 251.94736842, 159.93333333, 299.        ,
       236.26315789, 270.61904762, 106.35294118, 246.41176471,
       299.        , 299.        ,  64.47368421, 299.        ,
       299.        , 299.        , 279.13333333, 150.125     ,
       299.        , 259.26666667, 150.        ,  48.15789474,
       229.05882353, 260.66666667, 195.84615385, 236.36842105,
        94.375     , 219.66666667, 239.4       , 243.125     ,
       281.47058824, 259.33333333, 179.86666667, 224.5       ,
       299.        , 254.35      , 299.        , 219.53333333,
        86.14285714, 239.4       , 219.66666667,  75.5       ,
       299.        , 299.        , 259.26666667, 279.13333333,
       111.10526316, 205.875     , 204.04      , 299.        ,
        38.25      , 283.31578947, 256.42857143, 263.94117647,
       280.375     , 299.        , 254.3       , 299.        ,
       299.        , 171.28571429, 259.26666667, 299.        ,
       299.        , 216.27777778,  60.73333333, 299.        ,
       279.13333333, 279.13333333, 140.6       , 219.53333333,
       286.04347826, 173.52631579, 159.93333333, 282.06666667,
       277.71428571, 299.        , 183.27777778, 237.27777778,
       124.29411765, 280.375     , 106.88235294, 299.        ,
       299.        , 254.35      , 299.        , 299.        ,
       206.        , 299.        , 277.71428571, 279.13333333,
       259.26666667, 236.47368421, 219.53333333, 299.        ,
       259.26666667, 127.11111111, 263.94117647, 205.9375    ,
       299.        , 120.26666667, 299.        , 299.        ,
       120.2       , 280.375     , 259.33333333, 279.13333333,
       123.70588235, 280.375     , 205.875     , 279.13333333,
       299.        , 199.73333333, 280.375     ,  94.1875    ,
       299.        , 299.        , 299.        , 299.        ,
       299.        , 239.73333333, 179.8       , 246.41176471,
       299.        , 299.        , 299.        ,  83.77777778,
       160.13333333, 179.93333333, 280.375     ,  99.375     ,
       100.33333333, 283.31578947, 272.18181818, 140.2       ,
       284.80952381, 299.        , 277.71428571, 261.75      ,
       284.1       , 279.13333333, 299.        , 173.52631579,
       299.        , 246.6       , 189.125     , 199.66666667,
       280.375     , 131.375     , 281.375     ,  19.6875    ,
       115.61538462, 298.93333333, 219.6       , 299.        ,
       159.93333333, 261.8125    , 228.04761905, 282.44444444,
       256.42857143, 193.88235294,  71.11764706, 260.86666667,
       280.4375    , 224.5       , 299.        , 299.        ,
       299.        , 285.45454545, 183.16666667, 287.05      ,
       203.25      , 187.3125    , 278.28571429,  56.875     ,
       205.875     , 244.81818182, 261.75      , 299.        ,
       299.        , 100.33333333, 144.08      , 279.33333333,
       183.33333333, 237.15789474, 299.        , 120.5       ,
       299.        , 224.5       , 299.        , 299.        ,
       263.06666667, 224.5       , 237.05882353, 299.        ,
       232.77777778, 256.92857143, 279.13333333, 299.        ,
       160.        , 279.6       , 171.28571429,  56.875     ,
       199.72222222, 150.        , 253.15384615, 299.        ,
       279.13333333, 299.        , 179.8       , 286.04347826,
       259.33333333,  97.88235294, 265.94444444, 279.13333333,
       135.30434783, 280.4375    , 282.5       , 299.        ,
       299.        , 210.875     , 299.        , 299.        ,
       280.375     , 286.58333333, 224.5       , 120.33333333,
       299.        , 279.13333333, 120.33333333, 213.85714286,
       100.33333333, 299.        , 187.25      , 299.        ,
         1.        , 299.        , 141.58823529, 299.        ,
       256.42857143, 273.13043478, 299.        ,  28.13636364,
       299.        , 128.71428571, 299.        , 284.1       ,
       298.84210526, 261.75      , 299.        ,  96.        ,
       256.5       , 299.        , 239.4       , 224.5       ,
       279.13333333, 282.44444444, 140.13333333,  34.11111111,
       265.8125    , 279.13333333, 299.        , 285.45454545,
       218.76923077, 299.        , 176.58823529, 281.47058824,
       234.2173913 ,  75.6875    , 299.        , 261.75      ,
       239.4       , 166.61111111, 299.        , 219.6       ,
       179.8       , 184.38461538,  86.35714286, 263.94117647,
       283.31578947,  95.15789474, 265.94444444]), 'class_median_width': array([299. , 299. , 299. , 299. , 299. , 299. , 299. , 299. , 299. ,
       299. , 299. , 299. , 299. , 299. , 299. , 299. , 299. , 299. ,
       299. , 299. , 299. , 299. , 299. , 299. , 299. , 299. , 299. ,
       299. , 299. , 299. , 299. , 299. , 299. , 299. , 299. ,   1. ,
       299. , 299. ,   2.5, 299. , 299. , 299. , 299. , 299. , 299. ,
       299. , 299. , 299. , 299. , 299. , 299. , 299. , 299. , 299. ,
       299. ,   1. , 299. , 299. , 299. , 299. ,   1. , 299. , 299. ,
       299. , 299. , 299. , 299. , 299. , 299. , 299. , 299. , 299. ,
       299. , 299. , 299. ,   1. , 299. , 299. , 299. , 299. , 299. ,
       299. ,   1. , 299. , 299. , 299. ,   1. , 299. , 299. , 299. ,
       299. , 151. , 299. , 299. , 150. ,   1. , 299. , 299. , 299. ,
       299. ,   1.5, 299. , 299. , 299. , 299. , 299. , 299. , 299. ,
       299. , 299. , 299. , 299. ,   1. , 299. , 299. ,   1. , 299. ,
       299. , 299. , 299. ,   1. , 299. , 299. , 299. ,   1. , 299. ,
       299. , 299. , 299. , 299. , 299. , 299. , 299. , 299. , 299. ,
       299. , 299. , 299. ,   1. , 299. , 299. , 299. ,   9. , 299. ,
       299. , 299. , 299. , 299. , 299. , 299. , 299. , 299. ,   2. ,
       299. ,   1. , 299. , 299. , 299. , 299. , 299. , 299. , 299. ,
       299. , 299. , 299. , 299. , 299. , 299. , 299. ,   1.5, 299. ,
       299. , 299. ,   1. , 299. , 299. ,   1. , 299. , 299. , 299. ,
         1. , 299. , 299. , 299. , 299. , 299. , 299. ,   1. , 299. ,
       299. , 299. , 299. , 299. , 299. , 299. , 299. , 299. , 299. ,
       299. ,   1. , 299. , 299. , 299. ,   1. ,   1. , 299. , 299. ,
         2. , 299. , 299. , 299. , 299. , 299. , 299. , 299. , 299. ,
       299. , 299. , 299. , 299. , 299. ,   1. , 299. ,   1. ,   1. ,
       299. , 299. , 299. , 299. , 299. , 299. , 299. , 299. , 299. ,
         1. , 299. , 299. , 299. , 299. , 299. , 299. , 299. , 299. ,
       299. , 299. , 299. , 299. ,   1. , 299. , 299. , 299. , 299. ,
       299. ,   1. ,   2. , 299. , 299. , 299. , 299. ,   1. , 299. ,
       299. , 299. , 299. , 299. , 299. , 299. , 299. , 299. , 299. ,
       299. , 299. , 299. , 299. , 299. ,   1. , 299. , 150. , 299. ,
       299. , 299. , 299. , 299. , 299. , 299. ,   1. , 299. , 299. ,
         3. , 299. , 299. , 299. , 299. , 299. , 299. , 299. , 299. ,
       299. , 299. ,   2. , 299. , 299. ,   2. , 299. ,   1. , 299. ,
       299. , 299. ,   1. , 299. ,   6. , 299. , 299. , 299. , 299. ,
         1. , 299. ,   1. , 299. , 299. , 299. , 299. , 299. ,   1. ,
       299. , 299. , 299. , 299. , 299. , 299. ,   2. ,   1. , 299. ,
       299. , 299. , 299. , 299. , 299. , 299. , 299. , 299. ,   1. ,
       299. , 299. , 299. , 299. , 299. , 299. , 299. , 299. ,   1. ,
       299. , 299. ,   1. , 299. ]), 'class_mean_width_scaled': array([0.63269618, 0.84225352, 0.78629108, 0.50774648, 0.60261569,
       0.50647887, 0.74898279, 0.50685446, 0.73032864, 0.84225352,
       0.74913928, 0.61859155, 0.79561815, 0.6771831 , 0.84225352,
       0.75830986, 0.84225352, 0.79807265, 0.78229376, 0.73032864,
       0.50666667, 0.45751174, 0.84225352, 0.75389177, 0.84225352,
       0.61564945, 0.81227364, 0.84225352, 0.84225352, 0.84225352,
       0.66612305, 0.73070423, 0.7928749 , 0.84225352, 0.73032864,
       0.16021127, 0.78249497, 0.84225352, 0.36338028, 0.47834507,
       0.73732394, 0.78978873, 0.7940348 , 0.73032864, 0.78629108,
       0.73032864, 0.73020344, 0.56244131, 0.84225352, 0.59042254,
       0.78629108, 0.7928749 , 0.49710025, 0.79561815, 0.62134915,
       0.11474178, 0.73032864, 0.6743662 , 0.78249497, 0.84225352,
       0.29925435, 0.57992958, 0.70985915, 0.722334  , 0.84225352,
       0.67787904, 0.79561815, 0.84225352, 0.66567828, 0.48370221,
       0.66237425, 0.60268276, 0.68485915, 0.61840376, 0.73032864,
       0.22685446, 0.84225352, 0.7097109 , 0.45051643, 0.84225352,
       0.66553002, 0.76230718, 0.29958575, 0.69411765, 0.84225352,
       0.84225352, 0.18161601, 0.84225352, 0.84225352, 0.84225352,
       0.78629108, 0.42288732, 0.84225352, 0.73032864, 0.42253521,
       0.13565604, 0.64523612, 0.7342723 , 0.55167931, 0.66582654,
       0.26584507, 0.61877934, 0.6743662 , 0.68485915, 0.7928749 ,
       0.73051643, 0.50666667, 0.63239437, 0.84225352, 0.71647887,
       0.84225352, 0.61840376, 0.24265594, 0.6743662 , 0.61877934,
       0.21267606, 0.84225352, 0.84225352, 0.73032864, 0.78629108,
       0.31297257, 0.57992958, 0.57476056, 0.84225352, 0.10774648,
       0.79807265, 0.722334  , 0.74349627, 0.78978873, 0.84225352,
       0.71633803, 0.84225352, 0.84225352, 0.48249497, 0.73032864,
       0.84225352, 0.84225352, 0.60923318, 0.17107981, 0.84225352,
       0.78629108, 0.78629108, 0.39605634, 0.61840376, 0.80575628,
       0.48880652, 0.45051643, 0.79455399, 0.78229376, 0.84225352,
       0.51627543, 0.66838811, 0.35012428, 0.78978873, 0.30107705,
       0.84225352, 0.84225352, 0.71647887, 0.84225352, 0.84225352,
       0.58028169, 0.84225352, 0.78229376, 0.78629108, 0.73032864,
       0.66612305, 0.61840376, 0.84225352, 0.73032864, 0.35805947,
       0.74349627, 0.58010563, 0.84225352, 0.33877934, 0.84225352,
       0.84225352, 0.33859155, 0.78978873, 0.73051643, 0.78629108,
       0.34846727, 0.78978873, 0.57992958, 0.78629108, 0.84225352,
       0.56262911, 0.78978873, 0.2653169 , 0.84225352, 0.84225352,
       0.84225352, 0.84225352, 0.84225352, 0.67530516, 0.50647887,
       0.69411765, 0.84225352, 0.84225352, 0.84225352, 0.23599374,
       0.45107981, 0.50685446, 0.78978873, 0.27992958, 0.28262911,
       0.79807265, 0.76670935, 0.39492958, 0.80228035, 0.84225352,
       0.78229376, 0.73732394, 0.80028169, 0.78629108, 0.84225352,
       0.48880652, 0.84225352, 0.69464789, 0.53274648, 0.56244131,
       0.78978873, 0.37007042, 0.79260563, 0.05545775, 0.32567714,
       0.84206573, 0.61859155, 0.84225352, 0.45051643, 0.7375    ,
       0.64238766, 0.79561815, 0.722334  , 0.54614747, 0.2003314 ,
       0.73483568, 0.78996479, 0.63239437, 0.84225352, 0.84225352,
       0.84225352, 0.80409731, 0.51596244, 0.80859155, 0.57253521,
       0.52764085, 0.78390342, 0.16021127, 0.57992958, 0.68962868,
       0.73732394, 0.84225352, 0.84225352, 0.28262911, 0.40585915,
       0.78685446, 0.51643192, 0.66805041, 0.84225352, 0.33943662,
       0.84225352, 0.63239437, 0.84225352, 0.84225352, 0.74103286,
       0.63239437, 0.66777133, 0.84225352, 0.65571205, 0.72374245,
       0.78629108, 0.84225352, 0.45070423, 0.78760563, 0.48249497,
       0.16021127, 0.56259781, 0.42253521, 0.71310943, 0.84225352,
       0.78629108, 0.84225352, 0.50647887, 0.80575628, 0.73051643,
       0.27572494, 0.74913928, 0.78629108, 0.38113901, 0.78996479,
       0.79577465, 0.84225352, 0.84225352, 0.59401408, 0.84225352,
       0.84225352, 0.78978873, 0.807277  , 0.63239437, 0.33896714,
       0.84225352, 0.78629108, 0.33896714, 0.60241449, 0.28262911,
       0.84225352, 0.52746479, 0.84225352, 0.0028169 , 0.84225352,
       0.3988401 , 0.84225352, 0.722334  , 0.76938151, 0.84225352,
       0.07925736, 0.84225352, 0.36257545, 0.84225352, 0.80028169,
       0.84180875, 0.73732394, 0.84225352, 0.27042254, 0.72253521,
       0.84225352, 0.6743662 , 0.63239437, 0.78629108, 0.79561815,
       0.39474178, 0.09608764, 0.74876761, 0.78629108, 0.84225352,
       0.80409731, 0.61625135, 0.84225352, 0.49743165, 0.7928749 ,
       0.6597673 , 0.21320423, 0.84225352, 0.73732394, 0.6743662 ,
       0.46932707, 0.84225352, 0.61859155, 0.50647887, 0.51939328,
       0.24325956, 0.74349627, 0.79807265, 0.26805041, 0.74913928]), 'class_median_width_scaled': array([0.84225352, 0.84225352, 0.84225352, 0.84225352, 0.84225352,
       0.84225352, 0.84225352, 0.84225352, 0.84225352, 0.84225352,
       0.84225352, 0.84225352, 0.84225352, 0.84225352, 0.84225352,
       0.84225352, 0.84225352, 0.84225352, 0.84225352, 0.84225352,
       0.84225352, 0.84225352, 0.84225352, 0.84225352, 0.84225352,
       0.84225352, 0.84225352, 0.84225352, 0.84225352, 0.84225352,
       0.84225352, 0.84225352, 0.84225352, 0.84225352, 0.84225352,
       0.0028169 , 0.84225352, 0.84225352, 0.00704225, 0.84225352,
       0.84225352, 0.84225352, 0.84225352, 0.84225352, 0.84225352,
       0.84225352, 0.84225352, 0.84225352, 0.84225352, 0.84225352,
       0.84225352, 0.84225352, 0.84225352, 0.84225352, 0.84225352,
       0.0028169 , 0.84225352, 0.84225352, 0.84225352, 0.84225352,
       0.0028169 , 0.84225352, 0.84225352, 0.84225352, 0.84225352,
       0.84225352, 0.84225352, 0.84225352, 0.84225352, 0.84225352,
       0.84225352, 0.84225352, 0.84225352, 0.84225352, 0.84225352,
       0.0028169 , 0.84225352, 0.84225352, 0.84225352, 0.84225352,
       0.84225352, 0.84225352, 0.0028169 , 0.84225352, 0.84225352,
       0.84225352, 0.0028169 , 0.84225352, 0.84225352, 0.84225352,
       0.84225352, 0.42535211, 0.84225352, 0.84225352, 0.42253521,
       0.0028169 , 0.84225352, 0.84225352, 0.84225352, 0.84225352,
       0.00422535, 0.84225352, 0.84225352, 0.84225352, 0.84225352,
       0.84225352, 0.84225352, 0.84225352, 0.84225352, 0.84225352,
       0.84225352, 0.84225352, 0.0028169 , 0.84225352, 0.84225352,
       0.0028169 , 0.84225352, 0.84225352, 0.84225352, 0.84225352,
       0.0028169 , 0.84225352, 0.84225352, 0.84225352, 0.0028169 ,
       0.84225352, 0.84225352, 0.84225352, 0.84225352, 0.84225352,
       0.84225352, 0.84225352, 0.84225352, 0.84225352, 0.84225352,
       0.84225352, 0.84225352, 0.84225352, 0.0028169 , 0.84225352,
       0.84225352, 0.84225352, 0.02535211, 0.84225352, 0.84225352,
       0.84225352, 0.84225352, 0.84225352, 0.84225352, 0.84225352,
       0.84225352, 0.84225352, 0.0056338 , 0.84225352, 0.0028169 ,
       0.84225352, 0.84225352, 0.84225352, 0.84225352, 0.84225352,
       0.84225352, 0.84225352, 0.84225352, 0.84225352, 0.84225352,
       0.84225352, 0.84225352, 0.84225352, 0.84225352, 0.00422535,
       0.84225352, 0.84225352, 0.84225352, 0.0028169 , 0.84225352,
       0.84225352, 0.0028169 , 0.84225352, 0.84225352, 0.84225352,
       0.0028169 , 0.84225352, 0.84225352, 0.84225352, 0.84225352,
       0.84225352, 0.84225352, 0.0028169 , 0.84225352, 0.84225352,
       0.84225352, 0.84225352, 0.84225352, 0.84225352, 0.84225352,
       0.84225352, 0.84225352, 0.84225352, 0.84225352, 0.0028169 ,
       0.84225352, 0.84225352, 0.84225352, 0.0028169 , 0.0028169 ,
       0.84225352, 0.84225352, 0.0056338 , 0.84225352, 0.84225352,
       0.84225352, 0.84225352, 0.84225352, 0.84225352, 0.84225352,
       0.84225352, 0.84225352, 0.84225352, 0.84225352, 0.84225352,
       0.84225352, 0.0028169 , 0.84225352, 0.0028169 , 0.0028169 ,
       0.84225352, 0.84225352, 0.84225352, 0.84225352, 0.84225352,
       0.84225352, 0.84225352, 0.84225352, 0.84225352, 0.0028169 ,
       0.84225352, 0.84225352, 0.84225352, 0.84225352, 0.84225352,
       0.84225352, 0.84225352, 0.84225352, 0.84225352, 0.84225352,
       0.84225352, 0.84225352, 0.0028169 , 0.84225352, 0.84225352,
       0.84225352, 0.84225352, 0.84225352, 0.0028169 , 0.0056338 ,
       0.84225352, 0.84225352, 0.84225352, 0.84225352, 0.0028169 ,
       0.84225352, 0.84225352, 0.84225352, 0.84225352, 0.84225352,
       0.84225352, 0.84225352, 0.84225352, 0.84225352, 0.84225352,
       0.84225352, 0.84225352, 0.84225352, 0.84225352, 0.84225352,
       0.0028169 , 0.84225352, 0.42253521, 0.84225352, 0.84225352,
       0.84225352, 0.84225352, 0.84225352, 0.84225352, 0.84225352,
       0.0028169 , 0.84225352, 0.84225352, 0.0084507 , 0.84225352,
       0.84225352, 0.84225352, 0.84225352, 0.84225352, 0.84225352,
       0.84225352, 0.84225352, 0.84225352, 0.84225352, 0.0056338 ,
       0.84225352, 0.84225352, 0.0056338 , 0.84225352, 0.0028169 ,
       0.84225352, 0.84225352, 0.84225352, 0.0028169 , 0.84225352,
       0.01690141, 0.84225352, 0.84225352, 0.84225352, 0.84225352,
       0.0028169 , 0.84225352, 0.0028169 , 0.84225352, 0.84225352,
       0.84225352, 0.84225352, 0.84225352, 0.0028169 , 0.84225352,
       0.84225352, 0.84225352, 0.84225352, 0.84225352, 0.84225352,
       0.0056338 , 0.0028169 , 0.84225352, 0.84225352, 0.84225352,
       0.84225352, 0.84225352, 0.84225352, 0.84225352, 0.84225352,
       0.84225352, 0.0028169 , 0.84225352, 0.84225352, 0.84225352,
       0.84225352, 0.84225352, 0.84225352, 0.84225352, 0.84225352,
       0.0028169 , 0.84225352, 0.84225352, 0.0028169 , 0.84225352])}

Job completed at Wed Mar 19 06:25:10 PM PDT 2025
