Starting job at Wed Mar 19 06:28:58 PM PDT 2025
Job parameters:
Dataset: data_helena
UQ Method: split_conformal_lac
Estimator: LogisticRegression
Seed: 777
Train Size: 0.8
Running split_conformal_lac on data_helena with seed 777 and train size 0.8

starting experiment

data created

Fitting split_conformal_lac_LogisticRegression on data_helena with seed 777

split_conformal_lac_LogisticRegression metrics: {'coverage': np.float64(0.9044478527607362), 'mean_width': np.float64(50.38006134969325), 'median_width': np.float64(56.0), 'mean_width_scaled': np.float64(0.5038006134969325), 'median_width_scaled': np.float64(0.56)}

split_conformal_lac_LogisticRegression full metrics: {'coverage': np.float64(0.9044478527607362), 'mean_width': np.float64(50.38006134969325), 'median_width': np.float64(56.0), 'mean_width_scaled': np.float64(0.5038006134969325), 'median_width_scaled': np.float64(0.56)}

split_conformal_lac_LogisticRegression class metrics: {'class_coverage': array([0.92473118, 0.79310345, 0.45454545, 0.85416667, 0.85057471,
       0.93506494, 0.90625   , 0.97222222, 0.44444444, 0.94570136,
       0.71111111, 0.42307692, 0.60714286, 0.98816568, 0.72580645,
       0.90384615, 0.64705882, 0.53333333, 0.89583333, 0.91156463,
       0.81538462, 0.41509434, 0.96449704, 0.76470588, 0.9137931 ,
       0.7826087 , 0.375     , 0.16666667, 0.65217391, 0.5       ,
       0.7027027 , 0.92647059, 0.95259594, 0.97333333, 0.92045455,
       0.96828047, 0.83333333, 0.17241379, 0.85      , 0.79365079,
       0.8358209 , 0.95762712, 0.74358974, 0.94545455, 0.57142857,
       0.90740741, 0.47368421, 0.86075949, 0.89090909, 0.86206897,
       0.88888889, 0.98694943, 0.75      , 0.96657382, 0.76190476,
       0.97701149, 0.9543379 , 0.78947368, 0.82417582, 0.57894737,
       0.95287958, 0.89705882, 0.76470588, 0.81818182, 0.91588785,
       0.80851064, 0.9908046 , 0.94      , 0.69491525, 0.90769231,
       0.9380531 , 0.93333333, 0.92857143, 0.54166667, 0.87155963,
       0.96174863, 0.9525593 , 0.91372549, 0.84210526, 0.90697674,
       0.78787879, 0.84      , 0.69565217, 0.42857143, 0.92156863,
       0.71910112, 0.89552239, 0.9541779 , 0.78571429, 0.94375   ,
       0.46153846, 0.9742268 , 0.95027624, 0.85365854, 0.63888889,
       1.        , 0.97058824, 0.97808219, 0.78688525, 0.86746988]), 'class_mean_width': array([58.02150538, 54.89655172, 64.        , 59.64583333, 53.29885057,
       49.25974026, 66.03125   , 67.89814815, 50.18055556, 28.95022624,
       56.93333333, 63.5       , 64.        , 55.13017751, 57.83870968,
       60.13461538, 58.08823529, 60.06666667, 54.72916667, 53.24489796,
       64.49230769, 46.20754717, 55.14792899, 58.33333333, 57.15517241,
       58.26086957, 38.29166667, 51.83333333, 71.        , 43.34615385,
       58.59459459, 59.91176471, 41.91647856, 55.87619048, 56.94318182,
       50.69282137, 54.08333333, 61.93103448, 59.15833333, 63.26984127,
       55.88059701, 60.06779661, 66.38461538, 60.97575758, 60.97619048,
       54.2037037 , 58.84210526, 48.63291139, 53.7       , 32.86206897,
       61.92592593, 55.43230016, 64.125     , 54.6545961 , 60.5       ,
       45.10344828, 63.36073059, 55.92105263, 57.54945055, 53.81578947,
       56.7591623 , 51.84558824, 60.88235294, 56.34090909, 55.27102804,
       53.95744681, 64.32413793, 54.88      , 59.49152542, 67.2       ,
       51.63716814, 46.33333333, 69.21428571, 61.45833333, 59.64220183,
       23.88251366, 13.12484395, 19.56862745, 59.57894737, 49.06976744,
       48.03030303, 41.36      , 62.95652174, 62.82857143, 57.87581699,
       57.42696629, 54.99004975, 56.15363881, 66.05714286, 60.11875   ,
       53.5       , 51.5128866 , 52.64088398, 51.97560976, 55.86111111,
       65.375     , 60.78991597, 53.02191781, 59.2295082 , 54.68674699]), 'class_median_width': array([60. , 60.5, 68.5, 63. , 55. , 51. , 69. , 70. , 54. , 24. , 60. ,
       65.5, 66. , 60. , 61. , 61.5, 63. , 64. , 58. , 54. , 70. , 46. ,
       57. , 62. , 61.5, 62.5, 30. , 55. , 72. , 42.5, 59. , 62.5, 44. ,
       58. , 59.5, 54. , 54.5, 62. , 62.5, 65. , 57. , 62. , 67. , 64. ,
       66. , 60. , 60.5, 48. , 57. , 31. , 63. , 60. , 67.5, 60. , 63.5,
       46. , 68. , 61. , 60. , 57. , 60. , 55. , 63.5, 60. , 59. , 58. ,
       68. , 61. , 62. , 68. , 55. , 46.5, 70. , 66.5, 64. , 21. ,  7. ,
       14. , 66. , 54. , 50. , 39. , 65. , 69. , 59. , 60. , 58. , 61. ,
       68. , 65. , 56. , 55. , 55.5, 55. , 60. , 66.5, 64. , 57. , 63. ,
       58. ]), 'class_mean_width_scaled': array([0.58021505, 0.54896552, 0.64      , 0.59645833, 0.53298851,
       0.4925974 , 0.6603125 , 0.67898148, 0.50180556, 0.28950226,
       0.56933333, 0.635     , 0.64      , 0.55130178, 0.5783871 ,
       0.60134615, 0.58088235, 0.60066667, 0.54729167, 0.53244898,
       0.64492308, 0.46207547, 0.55147929, 0.58333333, 0.57155172,
       0.5826087 , 0.38291667, 0.51833333, 0.71      , 0.43346154,
       0.58594595, 0.59911765, 0.41916479, 0.5587619 , 0.56943182,
       0.50692821, 0.54083333, 0.61931034, 0.59158333, 0.63269841,
       0.55880597, 0.60067797, 0.66384615, 0.60975758, 0.6097619 ,
       0.54203704, 0.58842105, 0.48632911, 0.537     , 0.32862069,
       0.61925926, 0.554323  , 0.64125   , 0.54654596, 0.605     ,
       0.45103448, 0.63360731, 0.55921053, 0.57549451, 0.53815789,
       0.56759162, 0.51845588, 0.60882353, 0.56340909, 0.55271028,
       0.53957447, 0.64324138, 0.5488    , 0.59491525, 0.672     ,
       0.51637168, 0.46333333, 0.69214286, 0.61458333, 0.59642202,
       0.23882514, 0.13124844, 0.19568627, 0.59578947, 0.49069767,
       0.48030303, 0.4136    , 0.62956522, 0.62828571, 0.57875817,
       0.57426966, 0.5499005 , 0.56153639, 0.66057143, 0.6011875 ,
       0.535     , 0.51512887, 0.52640884, 0.5197561 , 0.55861111,
       0.65375   , 0.60789916, 0.53021918, 0.59229508, 0.54686747]), 'class_median_width_scaled': array([0.6  , 0.605, 0.685, 0.63 , 0.55 , 0.51 , 0.69 , 0.7  , 0.54 ,
       0.24 , 0.6  , 0.655, 0.66 , 0.6  , 0.61 , 0.615, 0.63 , 0.64 ,
       0.58 , 0.54 , 0.7  , 0.46 , 0.57 , 0.62 , 0.615, 0.625, 0.3  ,
       0.55 , 0.72 , 0.425, 0.59 , 0.625, 0.44 , 0.58 , 0.595, 0.54 ,
       0.545, 0.62 , 0.625, 0.65 , 0.57 , 0.62 , 0.67 , 0.64 , 0.66 ,
       0.6  , 0.605, 0.48 , 0.57 , 0.31 , 0.63 , 0.6  , 0.675, 0.6  ,
       0.635, 0.46 , 0.68 , 0.61 , 0.6  , 0.57 , 0.6  , 0.55 , 0.635,
       0.6  , 0.59 , 0.58 , 0.68 , 0.61 , 0.62 , 0.68 , 0.55 , 0.465,
       0.7  , 0.665, 0.64 , 0.21 , 0.07 , 0.14 , 0.66 , 0.54 , 0.5  ,
       0.39 , 0.65 , 0.69 , 0.59 , 0.6  , 0.58 , 0.61 , 0.68 , 0.65 ,
       0.56 , 0.55 , 0.555, 0.55 , 0.6  , 0.665, 0.64 , 0.57 , 0.63 ,
       0.58 ])}

split_conformal_lac_LogisticRegression full class metrics: {'class_coverage': array([0.92473118, 0.79310345, 0.45454545, 0.85416667, 0.85057471,
       0.93506494, 0.90625   , 0.97222222, 0.44444444, 0.94570136,
       0.71111111, 0.42307692, 0.60714286, 0.98816568, 0.72580645,
       0.90384615, 0.64705882, 0.53333333, 0.89583333, 0.91156463,
       0.81538462, 0.41509434, 0.96449704, 0.76470588, 0.9137931 ,
       0.7826087 , 0.375     , 0.16666667, 0.65217391, 0.5       ,
       0.7027027 , 0.92647059, 0.95259594, 0.97333333, 0.92045455,
       0.96828047, 0.83333333, 0.17241379, 0.85      , 0.79365079,
       0.8358209 , 0.95762712, 0.74358974, 0.94545455, 0.57142857,
       0.90740741, 0.47368421, 0.86075949, 0.89090909, 0.86206897,
       0.88888889, 0.98694943, 0.75      , 0.96657382, 0.76190476,
       0.97701149, 0.9543379 , 0.78947368, 0.82417582, 0.57894737,
       0.95287958, 0.89705882, 0.76470588, 0.81818182, 0.91588785,
       0.80851064, 0.9908046 , 0.94      , 0.69491525, 0.90769231,
       0.9380531 , 0.93333333, 0.92857143, 0.54166667, 0.87155963,
       0.96174863, 0.9525593 , 0.91372549, 0.84210526, 0.90697674,
       0.78787879, 0.84      , 0.69565217, 0.42857143, 0.92156863,
       0.71910112, 0.89552239, 0.9541779 , 0.78571429, 0.94375   ,
       0.46153846, 0.9742268 , 0.95027624, 0.85365854, 0.63888889,
       1.        , 0.97058824, 0.97808219, 0.78688525, 0.86746988]), 'class_mean_width': array([58.02150538, 54.89655172, 64.        , 59.64583333, 53.29885057,
       49.25974026, 66.03125   , 67.89814815, 50.18055556, 28.95022624,
       56.93333333, 63.5       , 64.        , 55.13017751, 57.83870968,
       60.13461538, 58.08823529, 60.06666667, 54.72916667, 53.24489796,
       64.49230769, 46.20754717, 55.14792899, 58.33333333, 57.15517241,
       58.26086957, 38.29166667, 51.83333333, 71.        , 43.34615385,
       58.59459459, 59.91176471, 41.91647856, 55.87619048, 56.94318182,
       50.69282137, 54.08333333, 61.93103448, 59.15833333, 63.26984127,
       55.88059701, 60.06779661, 66.38461538, 60.97575758, 60.97619048,
       54.2037037 , 58.84210526, 48.63291139, 53.7       , 32.86206897,
       61.92592593, 55.43230016, 64.125     , 54.6545961 , 60.5       ,
       45.10344828, 63.36073059, 55.92105263, 57.54945055, 53.81578947,
       56.7591623 , 51.84558824, 60.88235294, 56.34090909, 55.27102804,
       53.95744681, 64.32413793, 54.88      , 59.49152542, 67.2       ,
       51.63716814, 46.33333333, 69.21428571, 61.45833333, 59.64220183,
       23.88251366, 13.12484395, 19.56862745, 59.57894737, 49.06976744,
       48.03030303, 41.36      , 62.95652174, 62.82857143, 57.87581699,
       57.42696629, 54.99004975, 56.15363881, 66.05714286, 60.11875   ,
       53.5       , 51.5128866 , 52.64088398, 51.97560976, 55.86111111,
       65.375     , 60.78991597, 53.02191781, 59.2295082 , 54.68674699]), 'class_median_width': array([60. , 60.5, 68.5, 63. , 55. , 51. , 69. , 70. , 54. , 24. , 60. ,
       65.5, 66. , 60. , 61. , 61.5, 63. , 64. , 58. , 54. , 70. , 46. ,
       57. , 62. , 61.5, 62.5, 30. , 55. , 72. , 42.5, 59. , 62.5, 44. ,
       58. , 59.5, 54. , 54.5, 62. , 62.5, 65. , 57. , 62. , 67. , 64. ,
       66. , 60. , 60.5, 48. , 57. , 31. , 63. , 60. , 67.5, 60. , 63.5,
       46. , 68. , 61. , 60. , 57. , 60. , 55. , 63.5, 60. , 59. , 58. ,
       68. , 61. , 62. , 68. , 55. , 46.5, 70. , 66.5, 64. , 21. ,  7. ,
       14. , 66. , 54. , 50. , 39. , 65. , 69. , 59. , 60. , 58. , 61. ,
       68. , 65. , 56. , 55. , 55.5, 55. , 60. , 66.5, 64. , 57. , 63. ,
       58. ]), 'class_mean_width_scaled': array([0.58021505, 0.54896552, 0.64      , 0.59645833, 0.53298851,
       0.4925974 , 0.6603125 , 0.67898148, 0.50180556, 0.28950226,
       0.56933333, 0.635     , 0.64      , 0.55130178, 0.5783871 ,
       0.60134615, 0.58088235, 0.60066667, 0.54729167, 0.53244898,
       0.64492308, 0.46207547, 0.55147929, 0.58333333, 0.57155172,
       0.5826087 , 0.38291667, 0.51833333, 0.71      , 0.43346154,
       0.58594595, 0.59911765, 0.41916479, 0.5587619 , 0.56943182,
       0.50692821, 0.54083333, 0.61931034, 0.59158333, 0.63269841,
       0.55880597, 0.60067797, 0.66384615, 0.60975758, 0.6097619 ,
       0.54203704, 0.58842105, 0.48632911, 0.537     , 0.32862069,
       0.61925926, 0.554323  , 0.64125   , 0.54654596, 0.605     ,
       0.45103448, 0.63360731, 0.55921053, 0.57549451, 0.53815789,
       0.56759162, 0.51845588, 0.60882353, 0.56340909, 0.55271028,
       0.53957447, 0.64324138, 0.5488    , 0.59491525, 0.672     ,
       0.51637168, 0.46333333, 0.69214286, 0.61458333, 0.59642202,
       0.23882514, 0.13124844, 0.19568627, 0.59578947, 0.49069767,
       0.48030303, 0.4136    , 0.62956522, 0.62828571, 0.57875817,
       0.57426966, 0.5499005 , 0.56153639, 0.66057143, 0.6011875 ,
       0.535     , 0.51512887, 0.52640884, 0.5197561 , 0.55861111,
       0.65375   , 0.60789916, 0.53021918, 0.59229508, 0.54686747]), 'class_median_width_scaled': array([0.6  , 0.605, 0.685, 0.63 , 0.55 , 0.51 , 0.69 , 0.7  , 0.54 ,
       0.24 , 0.6  , 0.655, 0.66 , 0.6  , 0.61 , 0.615, 0.63 , 0.64 ,
       0.58 , 0.54 , 0.7  , 0.46 , 0.57 , 0.62 , 0.615, 0.625, 0.3  ,
       0.55 , 0.72 , 0.425, 0.59 , 0.625, 0.44 , 0.58 , 0.595, 0.54 ,
       0.545, 0.62 , 0.625, 0.65 , 0.57 , 0.62 , 0.67 , 0.64 , 0.66 ,
       0.6  , 0.605, 0.48 , 0.57 , 0.31 , 0.63 , 0.6  , 0.675, 0.6  ,
       0.635, 0.46 , 0.68 , 0.61 , 0.6  , 0.57 , 0.6  , 0.55 , 0.635,
       0.6  , 0.59 , 0.58 , 0.68 , 0.61 , 0.62 , 0.68 , 0.55 , 0.465,
       0.7  , 0.665, 0.64 , 0.21 , 0.07 , 0.14 , 0.66 , 0.54 , 0.5  ,
       0.39 , 0.65 , 0.69 , 0.59 , 0.6  , 0.58 , 0.61 , 0.68 , 0.65 ,
       0.56 , 0.55 , 0.555, 0.55 , 0.6  , 0.665, 0.64 , 0.57 , 0.63 ,
       0.58 ])}

Job completed at Wed Mar 19 06:29:13 PM PDT 2025
