Starting job at Wed Mar 19 08:21:58 PM PDT 2025
Job parameters:
Dataset: data_isolet
UQ Method: split_conformal_topk
Estimator: RandomForest
Seed: 777
Train Size: 0.8
Running split_conformal_topk on data_isolet with seed 777 and train size 0.8

starting experiment

data created

Fitting split_conformal_topk_RandomForest on data_isolet with seed 777

split_conformal_topk_RandomForest metrics: {'coverage': np.float64(0.926923076923077), 'mean_width': np.float64(1.005128205128205), 'median_width': np.float64(1.0), 'mean_width_scaled': np.float64(0.03865877712031558), 'median_width_scaled': np.float64(0.038461538461538464)}

split_conformal_topk_RandomForest full metrics: {'coverage': np.float64(0.926923076923077), 'mean_width': np.float64(1.005128205128205), 'median_width': np.float64(1.0), 'mean_width_scaled': np.float64(0.03865877712031558), 'median_width_scaled': np.float64(0.038461538461538464)}

split_conformal_topk_RandomForest class metrics: {'class_coverage': array([0.93333333, 0.93333333, 0.91666667, 0.96666667, 0.88333333,
       0.9       , 0.95      , 0.88333333, 0.98333333, 1.        ,
       0.95      , 0.91666667, 0.83333333, 0.96666667, 0.8       ,
       0.91666667, 0.98333333, 1.        , 0.95      , 0.95      ,
       0.81666667, 0.88333333, 0.93333333, 0.93333333, 0.96666667,
       0.95      ]), 'class_mean_width': array([1.        , 1.        , 1.        , 1.        , 1.01666667,
       1.        , 1.        , 1.        , 1.        , 1.        ,
       1.        , 1.03333333, 1.01666667, 1.        , 1.        ,
       1.        , 1.01666667, 1.        , 1.        , 1.01666667,
       1.        , 1.03333333, 1.        , 1.        , 1.        ,
       1.        ]), 'class_median_width': array([1., 1., 1., 1., 1., 1., 1., 1., 1., 1., 1., 1., 1., 1., 1., 1., 1.,
       1., 1., 1., 1., 1., 1., 1., 1., 1.]), 'class_mean_width_scaled': array([0.03846154, 0.03846154, 0.03846154, 0.03846154, 0.03910256,
       0.03846154, 0.03846154, 0.03846154, 0.03846154, 0.03846154,
       0.03846154, 0.03974359, 0.03910256, 0.03846154, 0.03846154,
       0.03846154, 0.03910256, 0.03846154, 0.03846154, 0.03910256,
       0.03846154, 0.03974359, 0.03846154, 0.03846154, 0.03846154,
       0.03846154]), 'class_median_width_scaled': array([0.03846154, 0.03846154, 0.03846154, 0.03846154, 0.03846154,
       0.03846154, 0.03846154, 0.03846154, 0.03846154, 0.03846154,
       0.03846154, 0.03846154, 0.03846154, 0.03846154, 0.03846154,
       0.03846154, 0.03846154, 0.03846154, 0.03846154, 0.03846154,
       0.03846154, 0.03846154, 0.03846154, 0.03846154, 0.03846154,
       0.03846154])}

split_conformal_topk_RandomForest full class metrics: {'class_coverage': array([0.93333333, 0.93333333, 0.91666667, 0.96666667, 0.88333333,
       0.9       , 0.95      , 0.88333333, 0.98333333, 1.        ,
       0.95      , 0.91666667, 0.83333333, 0.96666667, 0.8       ,
       0.91666667, 0.98333333, 1.        , 0.95      , 0.95      ,
       0.81666667, 0.88333333, 0.93333333, 0.93333333, 0.96666667,
       0.95      ]), 'class_mean_width': array([1.        , 1.        , 1.        , 1.        , 1.01666667,
       1.        , 1.        , 1.        , 1.        , 1.        ,
       1.        , 1.03333333, 1.01666667, 1.        , 1.        ,
       1.        , 1.01666667, 1.        , 1.        , 1.01666667,
       1.        , 1.03333333, 1.        , 1.        , 1.        ,
       1.        ]), 'class_median_width': array([1., 1., 1., 1., 1., 1., 1., 1., 1., 1., 1., 1., 1., 1., 1., 1., 1.,
       1., 1., 1., 1., 1., 1., 1., 1., 1.]), 'class_mean_width_scaled': array([0.03846154, 0.03846154, 0.03846154, 0.03846154, 0.03910256,
       0.03846154, 0.03846154, 0.03846154, 0.03846154, 0.03846154,
       0.03846154, 0.03974359, 0.03910256, 0.03846154, 0.03846154,
       0.03846154, 0.03910256, 0.03846154, 0.03846154, 0.03910256,
       0.03846154, 0.03974359, 0.03846154, 0.03846154, 0.03846154,
       0.03846154]), 'class_median_width_scaled': array([0.03846154, 0.03846154, 0.03846154, 0.03846154, 0.03846154,
       0.03846154, 0.03846154, 0.03846154, 0.03846154, 0.03846154,
       0.03846154, 0.03846154, 0.03846154, 0.03846154, 0.03846154,
       0.03846154, 0.03846154, 0.03846154, 0.03846154, 0.03846154,
       0.03846154, 0.03846154, 0.03846154, 0.03846154, 0.03846154,
       0.03846154])}

Job completed at Wed Mar 19 08:22:06 PM PDT 2025
