Starting job at Wed Mar 19 06:27:35 PM PDT 2025
Job parameters:
Dataset: data_chess
UQ Method: split_conformal_lac
Estimator: LogisticRegression
Seed: 781
Train Size: 0.8
Running split_conformal_lac on data_chess with seed 781 and train size 0.8

starting experiment

data created

Fitting split_conformal_lac_LogisticRegression on data_chess with seed 781

split_conformal_lac_LogisticRegression metrics: {'coverage': np.float64(0.9037776193870278), 'mean_width': np.float64(4.913578047042053), 'median_width': np.float64(5.0), 'mean_width_scaled': np.float64(0.27297655816900296), 'median_width_scaled': np.float64(0.2777777777777778)}

split_conformal_lac_LogisticRegression full metrics: {'coverage': np.float64(0.9037776193870278), 'mean_width': np.float64(4.913578047042053), 'median_width': np.float64(5.0), 'mean_width_scaled': np.float64(0.27297655816900296), 'median_width_scaled': np.float64(0.2777777777777778)}

split_conformal_lac_LogisticRegression class metrics: {'class_coverage': array([0.76207513, 0.85365854, 0.94921191, 0.95150115, 0.74468085,
       0.6       , 0.98792536, 0.87719298, 0.125     , 0.68613139,
       0.66949153, 0.94871795, 0.86649874, 0.9749702 , 0.625     ,
       0.97083333, 0.6122449 , 0.6       ]), 'class_mean_width': array([4.98568873, 5.20557491, 5.63222417, 3.46420323, 3.39361702,
       2.35      , 4.49066959, 5.38304094, 3.3125    , 5.45255474,
       4.39830508, 2.34615385, 5.74811083, 5.02264601, 2.0625    ,
       5.55138889, 3.67346939, 5.        ]), 'class_median_width': array([5., 5., 6., 3., 3., 2., 5., 5., 4., 6., 4., 2., 6., 5., 2., 5., 4.,
       6.]), 'class_mean_width_scaled': array([0.27698271, 0.28919861, 0.31290134, 0.19245574, 0.18853428,
       0.13055556, 0.24948164, 0.29905783, 0.18402778, 0.30291971,
       0.24435028, 0.13034188, 0.31933949, 0.27903589, 0.11458333,
       0.30841049, 0.20408163, 0.27777778]), 'class_median_width_scaled': array([0.27777778, 0.27777778, 0.33333333, 0.16666667, 0.16666667,
       0.11111111, 0.27777778, 0.27777778, 0.22222222, 0.33333333,
       0.22222222, 0.11111111, 0.33333333, 0.27777778, 0.11111111,
       0.27777778, 0.22222222, 0.33333333])}

split_conformal_lac_LogisticRegression full class metrics: {'class_coverage': array([0.76207513, 0.85365854, 0.94921191, 0.95150115, 0.74468085,
       0.6       , 0.98792536, 0.87719298, 0.125     , 0.68613139,
       0.66949153, 0.94871795, 0.86649874, 0.9749702 , 0.625     ,
       0.97083333, 0.6122449 , 0.6       ]), 'class_mean_width': array([4.98568873, 5.20557491, 5.63222417, 3.46420323, 3.39361702,
       2.35      , 4.49066959, 5.38304094, 3.3125    , 5.45255474,
       4.39830508, 2.34615385, 5.74811083, 5.02264601, 2.0625    ,
       5.55138889, 3.67346939, 5.        ]), 'class_median_width': array([5., 5., 6., 3., 3., 2., 5., 5., 4., 6., 4., 2., 6., 5., 2., 5., 4.,
       6.]), 'class_mean_width_scaled': array([0.27698271, 0.28919861, 0.31290134, 0.19245574, 0.18853428,
       0.13055556, 0.24948164, 0.29905783, 0.18402778, 0.30291971,
       0.24435028, 0.13034188, 0.31933949, 0.27903589, 0.11458333,
       0.30841049, 0.20408163, 0.27777778]), 'class_median_width_scaled': array([0.27777778, 0.27777778, 0.33333333, 0.16666667, 0.16666667,
       0.11111111, 0.27777778, 0.27777778, 0.22222222, 0.33333333,
       0.22222222, 0.11111111, 0.33333333, 0.27777778, 0.11111111,
       0.27777778, 0.22222222, 0.33333333])}

Job completed at Wed Mar 19 06:27:42 PM PDT 2025
