Starting job at Wed Mar 19 06:26:57 PM PDT 2025
Job parameters:
Dataset: data_walking
UQ Method: split_conformal_naive
Estimator: AdaBoost
Seed: 777
Train Size: 0.8
Running split_conformal_naive on data_walking with seed 777 and train size 0.8

starting experiment

data created

Fitting split_conformal_naive_AdaBoost on data_walking with seed 777

split_conformal_naive_AdaBoost metrics: {'coverage': np.float64(0.9793333333333333), 'mean_width': np.float64(15.381666666666666), 'median_width': np.float64(15.0), 'mean_width_scaled': np.float64(0.6991666666666666), 'median_width_scaled': np.float64(0.6818181818181818)}

split_conformal_naive_AdaBoost full metrics: {'coverage': np.float64(0.9793333333333333), 'mean_width': np.float64(15.381666666666666), 'median_width': np.float64(15.0), 'mean_width_scaled': np.float64(0.6991666666666666), 'median_width_scaled': np.float64(0.6818181818181818)}

split_conformal_naive_AdaBoost class metrics: {'class_coverage': array([0.98387097, 0.6       , 0.96969697, 0.95575221, 0.93333333,
       0.95683453, 0.98442368, 0.99481865, 0.99256506, 0.98964803,
       0.97959184, 0.62162162, 0.92753623, 0.99208145, 0.9940048 ,
       0.96568627, 0.99559471, 0.98387097, 1.        , 0.93589744,
       0.95652174, 0.99642857]), 'class_mean_width': array([17.91935484, 14.46666667, 17.46464646, 16.7920354 , 17.36666667,
       17.5323741 , 15.96884735, 17.04663212, 16.52416357, 14.33333333,
       17.74829932, 14.48648649, 17.05797101, 13.52375566, 13.6942446 ,
       16.58333333, 14.51101322, 18.18548387, 15.41282051, 17.59615385,
       18.17391304, 16.17142857]), 'class_median_width': array([18., 16., 18., 18., 18., 18., 16., 18., 17., 14., 18., 13., 18.,
       13., 13., 18., 13., 18., 15., 18., 19., 16.]), 'class_mean_width_scaled': array([0.81451613, 0.65757576, 0.79384757, 0.76327434, 0.78939394,
       0.7969261 , 0.7258567 , 0.77484691, 0.75109834, 0.65151515,
       0.80674088, 0.65847666, 0.77536232, 0.61471617, 0.62246566,
       0.75378788, 0.65959151, 0.8266129 , 0.70058275, 0.79982517,
       0.82608696, 0.73506494]), 'class_median_width_scaled': array([0.81818182, 0.72727273, 0.81818182, 0.81818182, 0.81818182,
       0.81818182, 0.72727273, 0.81818182, 0.77272727, 0.63636364,
       0.81818182, 0.59090909, 0.81818182, 0.59090909, 0.59090909,
       0.81818182, 0.59090909, 0.81818182, 0.68181818, 0.81818182,
       0.86363636, 0.72727273])}

split_conformal_naive_AdaBoost full class metrics: {'class_coverage': array([0.98387097, 0.6       , 0.96969697, 0.95575221, 0.93333333,
       0.95683453, 0.98442368, 0.99481865, 0.99256506, 0.98964803,
       0.97959184, 0.62162162, 0.92753623, 0.99208145, 0.9940048 ,
       0.96568627, 0.99559471, 0.98387097, 1.        , 0.93589744,
       0.95652174, 0.99642857]), 'class_mean_width': array([17.91935484, 14.46666667, 17.46464646, 16.7920354 , 17.36666667,
       17.5323741 , 15.96884735, 17.04663212, 16.52416357, 14.33333333,
       17.74829932, 14.48648649, 17.05797101, 13.52375566, 13.6942446 ,
       16.58333333, 14.51101322, 18.18548387, 15.41282051, 17.59615385,
       18.17391304, 16.17142857]), 'class_median_width': array([18., 16., 18., 18., 18., 18., 16., 18., 17., 14., 18., 13., 18.,
       13., 13., 18., 13., 18., 15., 18., 19., 16.]), 'class_mean_width_scaled': array([0.81451613, 0.65757576, 0.79384757, 0.76327434, 0.78939394,
       0.7969261 , 0.7258567 , 0.77484691, 0.75109834, 0.65151515,
       0.80674088, 0.65847666, 0.77536232, 0.61471617, 0.62246566,
       0.75378788, 0.65959151, 0.8266129 , 0.70058275, 0.79982517,
       0.82608696, 0.73506494]), 'class_median_width_scaled': array([0.81818182, 0.72727273, 0.81818182, 0.81818182, 0.81818182,
       0.81818182, 0.72727273, 0.81818182, 0.77272727, 0.63636364,
       0.81818182, 0.59090909, 0.81818182, 0.59090909, 0.59090909,
       0.81818182, 0.59090909, 0.81818182, 0.68181818, 0.81818182,
       0.86363636, 0.72727273])}

Job completed at Wed Mar 19 06:27:02 PM PDT 2025
