Starting job at Wed Mar 19 06:27:13 PM PDT 2025
Job parameters:
Dataset: data_walking
UQ Method: split_conformal_naive
Estimator: AdaBoost
Seed: 783
Train Size: 0.8
Running split_conformal_naive on data_walking with seed 783 and train size 0.8

starting experiment

data created

Fitting split_conformal_naive_AdaBoost on data_walking with seed 783

split_conformal_naive_AdaBoost metrics: {'coverage': np.float64(0.9261666666666667), 'mean_width': np.float64(15.212666666666667), 'median_width': np.float64(16.0), 'mean_width_scaled': np.float64(0.6914848484848485), 'median_width_scaled': np.float64(0.7272727272727273)}

split_conformal_naive_AdaBoost full metrics: {'coverage': np.float64(0.9261666666666667), 'mean_width': np.float64(15.212666666666667), 'median_width': np.float64(16.0), 'mean_width_scaled': np.float64(0.6914848484848485), 'median_width_scaled': np.float64(0.7272727272727273)}

split_conformal_naive_AdaBoost class metrics: {'class_coverage': array([0.89516129, 0.91111111, 0.83333333, 0.98672566, 0.88      ,
       0.95683453, 0.92834891, 0.87046632, 0.9070632 , 0.97515528,
       0.98639456, 1.        , 0.82608696, 0.9479638 , 0.89568345,
       0.98039216, 0.86196769, 0.97580645, 0.96153846, 0.91025641,
       1.        , 0.98571429]), 'class_mean_width': array([17.69354839, 17.93333333, 14.36868687, 16.58849558,  8.04      ,
       17.56834532, 15.90342679, 14.59067358, 15.40520446, 15.92546584,
       17.27891156, 18.75675676, 17.62318841, 14.70588235, 14.13669065,
       16.84313725, 13.79882526, 17.29032258, 15.87948718, 15.83974359,
       17.56521739, 16.38214286]), 'class_median_width': array([17., 18., 17., 17.,  1., 17., 16., 16., 16., 16., 17., 19., 19.,
       15., 15., 17., 15., 17., 16., 17., 17., 16.]), 'class_mean_width_scaled': array([0.8042522 , 0.81515152, 0.65312213, 0.75402253, 0.36545455,
       0.79856115, 0.72288304, 0.66321244, 0.70023657, 0.72388481,
       0.78540507, 0.85257985, 0.80105402, 0.6684492 , 0.64257685,
       0.76559715, 0.62721933, 0.78592375, 0.72179487, 0.71998834,
       0.79841897, 0.74464286]), 'class_median_width_scaled': array([0.77272727, 0.81818182, 0.77272727, 0.77272727, 0.04545455,
       0.77272727, 0.72727273, 0.72727273, 0.72727273, 0.72727273,
       0.77272727, 0.86363636, 0.86363636, 0.68181818, 0.68181818,
       0.77272727, 0.68181818, 0.77272727, 0.72727273, 0.77272727,
       0.77272727, 0.72727273])}

split_conformal_naive_AdaBoost full class metrics: {'class_coverage': array([0.89516129, 0.91111111, 0.83333333, 0.98672566, 0.88      ,
       0.95683453, 0.92834891, 0.87046632, 0.9070632 , 0.97515528,
       0.98639456, 1.        , 0.82608696, 0.9479638 , 0.89568345,
       0.98039216, 0.86196769, 0.97580645, 0.96153846, 0.91025641,
       1.        , 0.98571429]), 'class_mean_width': array([17.69354839, 17.93333333, 14.36868687, 16.58849558,  8.04      ,
       17.56834532, 15.90342679, 14.59067358, 15.40520446, 15.92546584,
       17.27891156, 18.75675676, 17.62318841, 14.70588235, 14.13669065,
       16.84313725, 13.79882526, 17.29032258, 15.87948718, 15.83974359,
       17.56521739, 16.38214286]), 'class_median_width': array([17., 18., 17., 17.,  1., 17., 16., 16., 16., 16., 17., 19., 19.,
       15., 15., 17., 15., 17., 16., 17., 17., 16.]), 'class_mean_width_scaled': array([0.8042522 , 0.81515152, 0.65312213, 0.75402253, 0.36545455,
       0.79856115, 0.72288304, 0.66321244, 0.70023657, 0.72388481,
       0.78540507, 0.85257985, 0.80105402, 0.6684492 , 0.64257685,
       0.76559715, 0.62721933, 0.78592375, 0.72179487, 0.71998834,
       0.79841897, 0.74464286]), 'class_median_width_scaled': array([0.77272727, 0.81818182, 0.77272727, 0.77272727, 0.04545455,
       0.77272727, 0.72727273, 0.72727273, 0.72727273, 0.72727273,
       0.77272727, 0.86363636, 0.86363636, 0.68181818, 0.68181818,
       0.77272727, 0.68181818, 0.77272727, 0.72727273, 0.77272727,
       0.77272727, 0.72727273])}

Job completed at Wed Mar 19 06:27:19 PM PDT 2025
