Starting job at Wed Mar 19 06:27:22 PM PDT 2025
Job parameters:
Dataset: data_walking
UQ Method: split_conformal_naive
Estimator: AdaBoost
Seed: 786
Train Size: 0.8
Running split_conformal_naive on data_walking with seed 786 and train size 0.8

starting experiment

data created

Fitting split_conformal_naive_AdaBoost on data_walking with seed 786

split_conformal_naive_AdaBoost metrics: {'coverage': np.float64(0.9765), 'mean_width': np.float64(17.459833333333332), 'median_width': np.float64(18.0), 'mean_width_scaled': np.float64(0.7936287878787879), 'median_width_scaled': np.float64(0.8181818181818182)}

split_conformal_naive_AdaBoost full metrics: {'coverage': np.float64(0.9765), 'mean_width': np.float64(17.459833333333332), 'median_width': np.float64(18.0), 'mean_width_scaled': np.float64(0.7936287878787879), 'median_width_scaled': np.float64(0.8181818181818182)}

split_conformal_naive_AdaBoost class metrics: {'class_coverage': array([0.96774194, 0.75555556, 0.99494949, 0.99115044, 0.97333333,
       0.96402878, 0.99376947, 0.98445596, 0.99628253, 0.99171843,
       0.95238095, 0.62162162, 0.91304348, 0.94909502, 0.99640288,
       0.98039216, 0.99706314, 0.98387097, 0.99487179, 0.96153846,
       0.76086957, 0.99285714]), 'class_mean_width': array([18.36290323, 13.82222222, 17.96464646, 17.65486726, 17.5       ,
       18.15827338, 17.93457944, 17.03108808, 17.78066914, 17.98550725,
       17.8707483 , 14.16216216, 17.68115942, 16.45475113, 17.14388489,
       17.39215686, 17.76211454, 18.2016129 , 18.01538462, 17.78846154,
       17.56521739, 17.58928571]), 'class_median_width': array([18., 13., 18., 18., 18., 18., 18., 18., 18., 18., 18., 14., 18.,
       18., 18., 18., 18., 18., 18., 18., 18., 18.]), 'class_mean_width_scaled': array([0.83467742, 0.62828283, 0.81657484, 0.80249397, 0.79545455,
       0.82537606, 0.81520816, 0.77414037, 0.80821223, 0.81752306,
       0.81230674, 0.64373464, 0.80368906, 0.74794323, 0.7792675 ,
       0.79055258, 0.80736884, 0.82734604, 0.81888112, 0.80856643,
       0.79841897, 0.79951299]), 'class_median_width_scaled': array([0.81818182, 0.59090909, 0.81818182, 0.81818182, 0.81818182,
       0.81818182, 0.81818182, 0.81818182, 0.81818182, 0.81818182,
       0.81818182, 0.63636364, 0.81818182, 0.81818182, 0.81818182,
       0.81818182, 0.81818182, 0.81818182, 0.81818182, 0.81818182,
       0.81818182, 0.81818182])}

split_conformal_naive_AdaBoost full class metrics: {'class_coverage': array([0.96774194, 0.75555556, 0.99494949, 0.99115044, 0.97333333,
       0.96402878, 0.99376947, 0.98445596, 0.99628253, 0.99171843,
       0.95238095, 0.62162162, 0.91304348, 0.94909502, 0.99640288,
       0.98039216, 0.99706314, 0.98387097, 0.99487179, 0.96153846,
       0.76086957, 0.99285714]), 'class_mean_width': array([18.36290323, 13.82222222, 17.96464646, 17.65486726, 17.5       ,
       18.15827338, 17.93457944, 17.03108808, 17.78066914, 17.98550725,
       17.8707483 , 14.16216216, 17.68115942, 16.45475113, 17.14388489,
       17.39215686, 17.76211454, 18.2016129 , 18.01538462, 17.78846154,
       17.56521739, 17.58928571]), 'class_median_width': array([18., 13., 18., 18., 18., 18., 18., 18., 18., 18., 18., 14., 18.,
       18., 18., 18., 18., 18., 18., 18., 18., 18.]), 'class_mean_width_scaled': array([0.83467742, 0.62828283, 0.81657484, 0.80249397, 0.79545455,
       0.82537606, 0.81520816, 0.77414037, 0.80821223, 0.81752306,
       0.81230674, 0.64373464, 0.80368906, 0.74794323, 0.7792675 ,
       0.79055258, 0.80736884, 0.82734604, 0.81888112, 0.80856643,
       0.79841897, 0.79951299]), 'class_median_width_scaled': array([0.81818182, 0.59090909, 0.81818182, 0.81818182, 0.81818182,
       0.81818182, 0.81818182, 0.81818182, 0.81818182, 0.81818182,
       0.81818182, 0.63636364, 0.81818182, 0.81818182, 0.81818182,
       0.81818182, 0.81818182, 0.81818182, 0.81818182, 0.81818182,
       0.81818182, 0.81818182])}

Job completed at Wed Mar 19 06:27:29 PM PDT 2025
