Starting job at Thu Mar 20 05:03:31 PM PDT 2025
Job parameters:
Dataset: data_yeast
UQ Method: split_conformal_raps
Estimator: LogisticRegression
Seed: 785
Train Size: 0.8
Running split_conformal_raps on data_yeast with seed 785 and train size 0.8

starting experiment

data created

Fitting split_conformal_raps_LogisticRegression on data_yeast with seed 785

split_conformal_raps_LogisticRegression metrics: {'coverage': np.float64(0.9124579124579124), 'mean_width': np.float64(3.356902356902357), 'median_width': np.float64(3.0), 'mean_width_scaled': np.float64(0.3356902356902357), 'median_width_scaled': np.float64(0.3)}

split_conformal_raps_LogisticRegression full metrics: {'coverage': np.float64(0.9124579124579124), 'mean_width': np.float64(3.356902356902357), 'median_width': np.float64(3.0), 'mean_width_scaled': np.float64(0.3356902356902357), 'median_width_scaled': np.float64(0.3)}

split_conformal_raps_LogisticRegression class metrics: {'class_coverage': array([1.        , 0.        , 0.28571429, 0.77777778, 0.3       ,
       1.        , 0.95918367, 0.98837209, 0.5       , 0.        ]), 'class_mean_width': array([3.33333333, 4.        , 4.        , 4.        , 3.9       ,
       3.5       , 3.53061224, 2.98837209, 4.        , 3.66666667]), 'class_median_width': array([3., 4., 4., 4., 4., 4., 4., 3., 4., 4.]), 'class_mean_width_scaled': array([0.33333333, 0.4       , 0.4       , 0.4       , 0.39      ,
       0.35      , 0.35306122, 0.29883721, 0.4       , 0.36666667]), 'class_median_width_scaled': array([0.3, 0.4, 0.4, 0.4, 0.4, 0.4, 0.4, 0.3, 0.4, 0.4])}

split_conformal_raps_LogisticRegression full class metrics: {'class_coverage': array([1.        , 0.        , 0.28571429, 0.77777778, 0.3       ,
       1.        , 0.95918367, 0.98837209, 0.5       , 0.        ]), 'class_mean_width': array([3.33333333, 4.        , 4.        , 4.        , 3.9       ,
       3.5       , 3.53061224, 2.98837209, 4.        , 3.66666667]), 'class_median_width': array([3., 4., 4., 4., 4., 4., 4., 3., 4., 4.]), 'class_mean_width_scaled': array([0.33333333, 0.4       , 0.4       , 0.4       , 0.39      ,
       0.35      , 0.35306122, 0.29883721, 0.4       , 0.36666667]), 'class_median_width_scaled': array([0.3, 0.4, 0.4, 0.4, 0.4, 0.4, 0.4, 0.3, 0.4, 0.4])}

Job completed at Thu Mar 20 05:03:33 PM PDT 2025
