Starting job at Thu Mar 20 05:03:30 PM PDT 2025
Job parameters:
Dataset: data_yeast
UQ Method: split_conformal_raps
Estimator: LogisticRegression
Seed: 781
Train Size: 0.8
Running split_conformal_raps on data_yeast with seed 781 and train size 0.8

starting experiment

data created

Fitting split_conformal_raps_LogisticRegression on data_yeast with seed 781

split_conformal_raps_LogisticRegression metrics: {'coverage': np.float64(0.8888888888888888), 'mean_width': np.float64(3.080808080808081), 'median_width': np.float64(3.0), 'mean_width_scaled': np.float64(0.30808080808080807), 'median_width_scaled': np.float64(0.3)}

split_conformal_raps_LogisticRegression full metrics: {'coverage': np.float64(0.8888888888888888), 'mean_width': np.float64(3.080808080808081), 'median_width': np.float64(3.0), 'mean_width_scaled': np.float64(0.30808080808080807), 'median_width_scaled': np.float64(0.3)}

split_conformal_raps_LogisticRegression class metrics: {'class_coverage': array([1.        , 0.        , 0.        , 1.        , 0.3       ,
       1.        , 0.85714286, 0.97674419, 0.25      , 0.        ]), 'class_mean_width': array([2.95698925, 4.        , 3.85714286, 4.        , 3.8       ,
       3.34375   , 3.26530612, 2.73255814, 3.5       , 3.16666667]), 'class_median_width': array([3. , 4. , 4. , 4. , 4. , 3. , 3. , 3. , 3.5, 3. ]), 'class_mean_width_scaled': array([0.29569892, 0.4       , 0.38571429, 0.4       , 0.38      ,
       0.334375  , 0.32653061, 0.27325581, 0.35      , 0.31666667]), 'class_median_width_scaled': array([0.3 , 0.4 , 0.4 , 0.4 , 0.4 , 0.3 , 0.3 , 0.3 , 0.35, 0.3 ])}

split_conformal_raps_LogisticRegression full class metrics: {'class_coverage': array([1.        , 0.        , 0.        , 1.        , 0.3       ,
       1.        , 0.85714286, 0.97674419, 0.25      , 0.        ]), 'class_mean_width': array([2.95698925, 4.        , 3.85714286, 4.        , 3.8       ,
       3.34375   , 3.26530612, 2.73255814, 3.5       , 3.16666667]), 'class_median_width': array([3. , 4. , 4. , 4. , 4. , 3. , 3. , 3. , 3.5, 3. ]), 'class_mean_width_scaled': array([0.29569892, 0.4       , 0.38571429, 0.4       , 0.38      ,
       0.334375  , 0.32653061, 0.27325581, 0.35      , 0.31666667]), 'class_median_width_scaled': array([0.3 , 0.4 , 0.4 , 0.4 , 0.4 , 0.3 , 0.3 , 0.3 , 0.35, 0.3 ])}

Job completed at Thu Mar 20 05:03:32 PM PDT 2025
