Starting job at Thu Mar 20 05:04:10 PM PDT 2025
Job parameters:
Dataset: data_language
UQ Method: split_conformal_topk
Estimator: MLP
Seed: 786
Train Size: 0.8
Running split_conformal_topk on data_language with seed 786 and train size 0.8

starting experiment

data created

Fitting split_conformal_topk_MLP on data_language with seed 786

split_conformal_topk_MLP metrics: {'coverage': np.float64(0.915), 'mean_width': np.float64(12.0), 'median_width': np.float64(12.0), 'mean_width_scaled': np.float64(0.4), 'median_width_scaled': np.float64(0.4)}

split_conformal_topk_MLP full metrics: {'coverage': np.float64(0.915), 'mean_width': np.float64(12.0), 'median_width': np.float64(12.0), 'mean_width_scaled': np.float64(0.4), 'median_width_scaled': np.float64(0.4)}

split_conformal_topk_MLP class metrics: {'class_coverage': array([1.        , 1.        , 1.        , 1.        , 0.71428571,
       0.7       , 1.        , 1.        , 1.        , 1.        ,
       1.        , 1.        , 1.        , 1.        , 0.5       ,
       1.        , 1.        , 0.66666667, 1.        , 0.57142857,
       0.9       , 1.        , 1.        , 1.        , 0.83333333,
       0.8       , 0.        , 1.        , 0.83333333, 0.        ]), 'class_mean_width': array([12., 12., 12., 12., 12., 12., 12., 12., 12., 12., 12., 12., 12.,
       12., 12., 12., 12., 12., 12., 12., 12., 12., 12., 12., 12., 12.,
       12., 12., 12., 12.]), 'class_median_width': array([12., 12., 12., 12., 12., 12., 12., 12., 12., 12., 12., 12., 12.,
       12., 12., 12., 12., 12., 12., 12., 12., 12., 12., 12., 12., 12.,
       12., 12., 12., 12.]), 'class_mean_width_scaled': array([0.4, 0.4, 0.4, 0.4, 0.4, 0.4, 0.4, 0.4, 0.4, 0.4, 0.4, 0.4, 0.4,
       0.4, 0.4, 0.4, 0.4, 0.4, 0.4, 0.4, 0.4, 0.4, 0.4, 0.4, 0.4, 0.4,
       0.4, 0.4, 0.4, 0.4]), 'class_median_width_scaled': array([0.4, 0.4, 0.4, 0.4, 0.4, 0.4, 0.4, 0.4, 0.4, 0.4, 0.4, 0.4, 0.4,
       0.4, 0.4, 0.4, 0.4, 0.4, 0.4, 0.4, 0.4, 0.4, 0.4, 0.4, 0.4, 0.4,
       0.4, 0.4, 0.4, 0.4])}

split_conformal_topk_MLP full class metrics: {'class_coverage': array([1.        , 1.        , 1.        , 1.        , 0.71428571,
       0.7       , 1.        , 1.        , 1.        , 1.        ,
       1.        , 1.        , 1.        , 1.        , 0.5       ,
       1.        , 1.        , 0.66666667, 1.        , 0.57142857,
       0.9       , 1.        , 1.        , 1.        , 0.83333333,
       0.8       , 0.        , 1.        , 0.83333333, 0.        ]), 'class_mean_width': array([12., 12., 12., 12., 12., 12., 12., 12., 12., 12., 12., 12., 12.,
       12., 12., 12., 12., 12., 12., 12., 12., 12., 12., 12., 12., 12.,
       12., 12., 12., 12.]), 'class_median_width': array([12., 12., 12., 12., 12., 12., 12., 12., 12., 12., 12., 12., 12.,
       12., 12., 12., 12., 12., 12., 12., 12., 12., 12., 12., 12., 12.,
       12., 12., 12., 12.]), 'class_mean_width_scaled': array([0.4, 0.4, 0.4, 0.4, 0.4, 0.4, 0.4, 0.4, 0.4, 0.4, 0.4, 0.4, 0.4,
       0.4, 0.4, 0.4, 0.4, 0.4, 0.4, 0.4, 0.4, 0.4, 0.4, 0.4, 0.4, 0.4,
       0.4, 0.4, 0.4, 0.4]), 'class_median_width_scaled': array([0.4, 0.4, 0.4, 0.4, 0.4, 0.4, 0.4, 0.4, 0.4, 0.4, 0.4, 0.4, 0.4,
       0.4, 0.4, 0.4, 0.4, 0.4, 0.4, 0.4, 0.4, 0.4, 0.4, 0.4, 0.4, 0.4,
       0.4, 0.4, 0.4, 0.4])}

Job completed at Thu Mar 20 05:04:13 PM PDT 2025
