Starting job at Wed Mar 19 06:25:39 PM PDT 2025
Job parameters:
Dataset: data_helena
UQ Method: split_conformal_naive
Estimator: LogisticRegression
Seed: 778
Train Size: 0.8
Running split_conformal_naive on data_helena with seed 778 and train size 0.8

starting experiment

data created

Fitting split_conformal_naive_LogisticRegression on data_helena with seed 778

split_conformal_naive_LogisticRegression metrics: {'coverage': np.float64(0.8195552147239263), 'mean_width': np.float64(30.06303680981595), 'median_width': np.float64(33.0), 'mean_width_scaled': np.float64(0.3006303680981595), 'median_width_scaled': np.float64(0.33)}

split_conformal_naive_LogisticRegression full metrics: {'coverage': np.float64(0.8195552147239263), 'mean_width': np.float64(30.06303680981595), 'median_width': np.float64(33.0), 'mean_width_scaled': np.float64(0.3006303680981595), 'median_width_scaled': np.float64(0.33)}

split_conformal_naive_LogisticRegression class metrics: {'class_coverage': array([0.65591398, 0.62068966, 0.13636364, 0.8125    , 0.81609195,
       0.58441558, 0.734375  , 0.94444444, 0.45833333, 0.88461538,
       0.6       , 0.19230769, 0.57142857, 0.92307692, 0.62903226,
       0.78846154, 0.74509804, 0.13333333, 0.8125    , 0.94557823,
       0.50769231, 0.56603774, 0.78106509, 0.17647059, 0.75      ,
       0.39130435, 0.33333333, 0.25      , 0.30434783, 0.5       ,
       0.32432432, 0.64705882, 0.94356659, 0.94095238, 0.57954545,
       0.94490818, 0.58333333, 0.27586207, 0.73333333, 0.77777778,
       0.68656716, 0.86440678, 0.35897436, 0.84242424, 0.28571429,
       0.5       , 0.28947368, 0.67088608, 0.61818182, 0.72413793,
       0.51851852, 0.97389886, 0.29166667, 0.93036212, 0.21428571,
       0.89272031, 0.90410959, 0.75      , 0.6043956 , 0.31578947,
       0.91099476, 0.79411765, 0.17647059, 0.64772727, 0.72897196,
       0.46808511, 0.98390805, 0.91      , 0.6440678 , 0.83076923,
       0.91150442, 0.8       , 0.53571429, 0.29166667, 0.74311927,
       0.8852459 , 0.9588015 , 0.88627451, 0.52631579, 0.79069767,
       0.51515152, 0.77333333, 0.41304348, 0.51428571, 0.77124183,
       0.58426966, 0.89054726, 0.94609164, 0.82857143, 0.78125   ,
       0.07692308, 0.96907216, 0.87292818, 0.63414634, 0.08333333,
       0.84375   , 0.8487395 , 0.9369863 , 0.6557377 , 0.69879518]), 'class_mean_width': array([35.30107527, 37.48275862, 43.81818182, 36.76041667, 35.02298851,
       28.97402597, 42.15625   , 44.10185185, 32.22222222, 13.27149321,
       40.62222222, 41.84615385, 39.82142857, 32.35502959, 35.51612903,
       37.25      , 38.        , 39.57777778, 33.38888889, 35.97278912,
       39.84615385, 24.96226415, 32.02366864, 39.62745098, 31.93965517,
       30.86956522, 24.33333333, 27.70833333, 43.43478261, 27.42307692,
       38.54054054, 36.91176471, 19.5530474 , 33.42095238, 34.35227273,
       30.60434057, 37.77777778, 33.10344828, 36.26666667, 42.3968254 ,
       32.50746269, 35.51694915, 42.48717949, 39.83636364, 39.71428571,
       32.37037037, 38.18421053, 23.62025316, 34.03636364, 12.48275862,
       44.96296296, 34.67373573, 43.79166667, 31.98607242, 39.69047619,
       22.19157088, 41.41552511, 36.94736842, 34.37362637, 35.23684211,
       37.71727749, 29.21323529, 34.58823529, 31.32954545, 30.21495327,
       34.25531915, 42.54712644, 30.06      , 37.13559322, 43.50769231,
       29.80530973, 24.95      , 48.96428571, 34.125     , 37.8440367 ,
        9.78415301,  5.51186017,  8.13333333, 42.55263158, 28.88372093,
       25.21212121, 20.6       , 39.45652174, 40.62857143, 34.51633987,
       34.8988764 , 31.91044776, 33.35309973, 41.95714286, 37.9       ,
       29.61538462, 28.40463918, 31.81767956, 29.91463415, 32.91666667,
       45.3125    , 36.82773109, 34.43013699, 35.72131148, 35.46987952]), 'class_median_width': array([34. , 40. , 44.5, 40. , 39. , 29. , 44. , 46.5, 36. ,  9. , 44. ,
       45.5, 42. , 33. , 38.5, 37. , 40.5, 42. , 35. , 36. , 45. , 22. ,
       33. , 43. , 32.5, 30.5, 25. , 26. , 49. , 27.5, 42. , 40. , 15. ,
       35. , 35.5, 31. , 37.5, 32. , 39.5, 46. , 34. , 38. , 44. , 43. ,
       43. , 34.5, 42. , 23. , 37. ,  6. , 46. , 37. , 46.5, 33. , 42. ,
       22. , 44. , 40.5, 38. , 34.5, 40. , 30.5, 36. , 34.5, 31. , 35. ,
       45. , 32. , 43. , 45. , 30. , 23.5, 51. , 35. , 40. ,  6. ,  3. ,
        3. , 46. , 30. , 24. , 20. , 43. , 45. , 36. , 37. , 33. , 35. ,
       44.5, 41.5, 30. , 30. , 33.5, 33. , 35.5, 46.5, 40. , 37. , 40. ,
       37. ]), 'class_mean_width_scaled': array([0.35301075, 0.37482759, 0.43818182, 0.36760417, 0.35022989,
       0.28974026, 0.4215625 , 0.44101852, 0.32222222, 0.13271493,
       0.40622222, 0.41846154, 0.39821429, 0.3235503 , 0.35516129,
       0.3725    , 0.38      , 0.39577778, 0.33388889, 0.35972789,
       0.39846154, 0.24962264, 0.32023669, 0.39627451, 0.31939655,
       0.30869565, 0.24333333, 0.27708333, 0.43434783, 0.27423077,
       0.38540541, 0.36911765, 0.19553047, 0.33420952, 0.34352273,
       0.30604341, 0.37777778, 0.33103448, 0.36266667, 0.42396825,
       0.32507463, 0.35516949, 0.42487179, 0.39836364, 0.39714286,
       0.3237037 , 0.38184211, 0.23620253, 0.34036364, 0.12482759,
       0.44962963, 0.34673736, 0.43791667, 0.31986072, 0.39690476,
       0.22191571, 0.41415525, 0.36947368, 0.34373626, 0.35236842,
       0.37717277, 0.29213235, 0.34588235, 0.31329545, 0.30214953,
       0.34255319, 0.42547126, 0.3006    , 0.37135593, 0.43507692,
       0.2980531 , 0.2495    , 0.48964286, 0.34125   , 0.37844037,
       0.09784153, 0.0551186 , 0.08133333, 0.42552632, 0.28883721,
       0.25212121, 0.206     , 0.39456522, 0.40628571, 0.3451634 ,
       0.34898876, 0.31910448, 0.333531  , 0.41957143, 0.379     ,
       0.29615385, 0.28404639, 0.3181768 , 0.29914634, 0.32916667,
       0.453125  , 0.36827731, 0.34430137, 0.35721311, 0.3546988 ]), 'class_median_width_scaled': array([0.34 , 0.4  , 0.445, 0.4  , 0.39 , 0.29 , 0.44 , 0.465, 0.36 ,
       0.09 , 0.44 , 0.455, 0.42 , 0.33 , 0.385, 0.37 , 0.405, 0.42 ,
       0.35 , 0.36 , 0.45 , 0.22 , 0.33 , 0.43 , 0.325, 0.305, 0.25 ,
       0.26 , 0.49 , 0.275, 0.42 , 0.4  , 0.15 , 0.35 , 0.355, 0.31 ,
       0.375, 0.32 , 0.395, 0.46 , 0.34 , 0.38 , 0.44 , 0.43 , 0.43 ,
       0.345, 0.42 , 0.23 , 0.37 , 0.06 , 0.46 , 0.37 , 0.465, 0.33 ,
       0.42 , 0.22 , 0.44 , 0.405, 0.38 , 0.345, 0.4  , 0.305, 0.36 ,
       0.345, 0.31 , 0.35 , 0.45 , 0.32 , 0.43 , 0.45 , 0.3  , 0.235,
       0.51 , 0.35 , 0.4  , 0.06 , 0.03 , 0.03 , 0.46 , 0.3  , 0.24 ,
       0.2  , 0.43 , 0.45 , 0.36 , 0.37 , 0.33 , 0.35 , 0.445, 0.415,
       0.3  , 0.3  , 0.335, 0.33 , 0.355, 0.465, 0.4  , 0.37 , 0.4  ,
       0.37 ])}

split_conformal_naive_LogisticRegression full class metrics: {'class_coverage': array([0.65591398, 0.62068966, 0.13636364, 0.8125    , 0.81609195,
       0.58441558, 0.734375  , 0.94444444, 0.45833333, 0.88461538,
       0.6       , 0.19230769, 0.57142857, 0.92307692, 0.62903226,
       0.78846154, 0.74509804, 0.13333333, 0.8125    , 0.94557823,
       0.50769231, 0.56603774, 0.78106509, 0.17647059, 0.75      ,
       0.39130435, 0.33333333, 0.25      , 0.30434783, 0.5       ,
       0.32432432, 0.64705882, 0.94356659, 0.94095238, 0.57954545,
       0.94490818, 0.58333333, 0.27586207, 0.73333333, 0.77777778,
       0.68656716, 0.86440678, 0.35897436, 0.84242424, 0.28571429,
       0.5       , 0.28947368, 0.67088608, 0.61818182, 0.72413793,
       0.51851852, 0.97389886, 0.29166667, 0.93036212, 0.21428571,
       0.89272031, 0.90410959, 0.75      , 0.6043956 , 0.31578947,
       0.91099476, 0.79411765, 0.17647059, 0.64772727, 0.72897196,
       0.46808511, 0.98390805, 0.91      , 0.6440678 , 0.83076923,
       0.91150442, 0.8       , 0.53571429, 0.29166667, 0.74311927,
       0.8852459 , 0.9588015 , 0.88627451, 0.52631579, 0.79069767,
       0.51515152, 0.77333333, 0.41304348, 0.51428571, 0.77124183,
       0.58426966, 0.89054726, 0.94609164, 0.82857143, 0.78125   ,
       0.07692308, 0.96907216, 0.87292818, 0.63414634, 0.08333333,
       0.84375   , 0.8487395 , 0.9369863 , 0.6557377 , 0.69879518]), 'class_mean_width': array([35.30107527, 37.48275862, 43.81818182, 36.76041667, 35.02298851,
       28.97402597, 42.15625   , 44.10185185, 32.22222222, 13.27149321,
       40.62222222, 41.84615385, 39.82142857, 32.35502959, 35.51612903,
       37.25      , 38.        , 39.57777778, 33.38888889, 35.97278912,
       39.84615385, 24.96226415, 32.02366864, 39.62745098, 31.93965517,
       30.86956522, 24.33333333, 27.70833333, 43.43478261, 27.42307692,
       38.54054054, 36.91176471, 19.5530474 , 33.42095238, 34.35227273,
       30.60434057, 37.77777778, 33.10344828, 36.26666667, 42.3968254 ,
       32.50746269, 35.51694915, 42.48717949, 39.83636364, 39.71428571,
       32.37037037, 38.18421053, 23.62025316, 34.03636364, 12.48275862,
       44.96296296, 34.67373573, 43.79166667, 31.98607242, 39.69047619,
       22.19157088, 41.41552511, 36.94736842, 34.37362637, 35.23684211,
       37.71727749, 29.21323529, 34.58823529, 31.32954545, 30.21495327,
       34.25531915, 42.54712644, 30.06      , 37.13559322, 43.50769231,
       29.80530973, 24.95      , 48.96428571, 34.125     , 37.8440367 ,
        9.78415301,  5.51186017,  8.13333333, 42.55263158, 28.88372093,
       25.21212121, 20.6       , 39.45652174, 40.62857143, 34.51633987,
       34.8988764 , 31.91044776, 33.35309973, 41.95714286, 37.9       ,
       29.61538462, 28.40463918, 31.81767956, 29.91463415, 32.91666667,
       45.3125    , 36.82773109, 34.43013699, 35.72131148, 35.46987952]), 'class_median_width': array([34. , 40. , 44.5, 40. , 39. , 29. , 44. , 46.5, 36. ,  9. , 44. ,
       45.5, 42. , 33. , 38.5, 37. , 40.5, 42. , 35. , 36. , 45. , 22. ,
       33. , 43. , 32.5, 30.5, 25. , 26. , 49. , 27.5, 42. , 40. , 15. ,
       35. , 35.5, 31. , 37.5, 32. , 39.5, 46. , 34. , 38. , 44. , 43. ,
       43. , 34.5, 42. , 23. , 37. ,  6. , 46. , 37. , 46.5, 33. , 42. ,
       22. , 44. , 40.5, 38. , 34.5, 40. , 30.5, 36. , 34.5, 31. , 35. ,
       45. , 32. , 43. , 45. , 30. , 23.5, 51. , 35. , 40. ,  6. ,  3. ,
        3. , 46. , 30. , 24. , 20. , 43. , 45. , 36. , 37. , 33. , 35. ,
       44.5, 41.5, 30. , 30. , 33.5, 33. , 35.5, 46.5, 40. , 37. , 40. ,
       37. ]), 'class_mean_width_scaled': array([0.35301075, 0.37482759, 0.43818182, 0.36760417, 0.35022989,
       0.28974026, 0.4215625 , 0.44101852, 0.32222222, 0.13271493,
       0.40622222, 0.41846154, 0.39821429, 0.3235503 , 0.35516129,
       0.3725    , 0.38      , 0.39577778, 0.33388889, 0.35972789,
       0.39846154, 0.24962264, 0.32023669, 0.39627451, 0.31939655,
       0.30869565, 0.24333333, 0.27708333, 0.43434783, 0.27423077,
       0.38540541, 0.36911765, 0.19553047, 0.33420952, 0.34352273,
       0.30604341, 0.37777778, 0.33103448, 0.36266667, 0.42396825,
       0.32507463, 0.35516949, 0.42487179, 0.39836364, 0.39714286,
       0.3237037 , 0.38184211, 0.23620253, 0.34036364, 0.12482759,
       0.44962963, 0.34673736, 0.43791667, 0.31986072, 0.39690476,
       0.22191571, 0.41415525, 0.36947368, 0.34373626, 0.35236842,
       0.37717277, 0.29213235, 0.34588235, 0.31329545, 0.30214953,
       0.34255319, 0.42547126, 0.3006    , 0.37135593, 0.43507692,
       0.2980531 , 0.2495    , 0.48964286, 0.34125   , 0.37844037,
       0.09784153, 0.0551186 , 0.08133333, 0.42552632, 0.28883721,
       0.25212121, 0.206     , 0.39456522, 0.40628571, 0.3451634 ,
       0.34898876, 0.31910448, 0.333531  , 0.41957143, 0.379     ,
       0.29615385, 0.28404639, 0.3181768 , 0.29914634, 0.32916667,
       0.453125  , 0.36827731, 0.34430137, 0.35721311, 0.3546988 ]), 'class_median_width_scaled': array([0.34 , 0.4  , 0.445, 0.4  , 0.39 , 0.29 , 0.44 , 0.465, 0.36 ,
       0.09 , 0.44 , 0.455, 0.42 , 0.33 , 0.385, 0.37 , 0.405, 0.42 ,
       0.35 , 0.36 , 0.45 , 0.22 , 0.33 , 0.43 , 0.325, 0.305, 0.25 ,
       0.26 , 0.49 , 0.275, 0.42 , 0.4  , 0.15 , 0.35 , 0.355, 0.31 ,
       0.375, 0.32 , 0.395, 0.46 , 0.34 , 0.38 , 0.44 , 0.43 , 0.43 ,
       0.345, 0.42 , 0.23 , 0.37 , 0.06 , 0.46 , 0.37 , 0.465, 0.33 ,
       0.42 , 0.22 , 0.44 , 0.405, 0.38 , 0.345, 0.4  , 0.305, 0.36 ,
       0.345, 0.31 , 0.35 , 0.45 , 0.32 , 0.43 , 0.45 , 0.3  , 0.235,
       0.51 , 0.35 , 0.4  , 0.06 , 0.03 , 0.03 , 0.46 , 0.3  , 0.24 ,
       0.2  , 0.43 , 0.45 , 0.36 , 0.37 , 0.33 , 0.35 , 0.445, 0.415,
       0.3  , 0.3  , 0.335, 0.33 , 0.355, 0.465, 0.4  , 0.37 , 0.4  ,
       0.37 ])}

Job completed at Wed Mar 19 06:25:56 PM PDT 2025
