Starting job at Thu Mar 20 05:03:15 PM PDT 2025
Job parameters:
Dataset: data_dionis
UQ Method: split_conformal_aps
Estimator: RandomForest
Seed: 784
Train Size: 0.8
Running split_conformal_aps on data_dionis with seed 784 and train size 0.8

starting experiment

data created

Fitting split_conformal_aps_RandomForest on data_dionis with seed 784

split_conformal_aps_RandomForest metrics: {'coverage': np.float64(0.8866666666666667), 'mean_width': np.float64(12.501833333333334), 'median_width': np.float64(11.0), 'mean_width_scaled': np.float64(0.03521643192488263), 'median_width_scaled': np.float64(0.030985915492957747)}

split_conformal_aps_RandomForest full metrics: {'coverage': np.float64(0.8866666666666667), 'mean_width': np.float64(12.501833333333334), 'median_width': np.float64(11.0), 'mean_width_scaled': np.float64(0.03521643192488263), 'median_width_scaled': np.float64(0.030985915492957747)}

split_conformal_aps_RandomForest class metrics: {'class_coverage': array([1.        , 0.8125    , 0.93333333, 0.95      , 0.92857143,
       0.86666667, 0.94444444, 0.53333333, 1.        , 0.94444444,
       0.94444444, 0.93333333, 0.94444444, 0.8       , 0.93333333,
       1.        , 0.95      , 1.        , 1.        , 0.4       ,
       1.        , 0.95833333, 0.9375    , 0.89473684, 0.9375    ,
       1.        , 0.96428571, 0.93333333, 1.        , 0.88888889,
       1.        , 1.        , 0.94117647, 0.73333333, 0.93333333,
       1.        , 0.92857143, 0.86666667, 0.92857143, 0.6875    ,
       0.9375    , 0.9375    , 0.94117647, 0.66666667, 0.73333333,
       0.93333333, 0.77777778, 1.        , 0.78947368, 0.9       ,
       0.8       , 0.88235294, 0.94117647, 0.94444444, 0.94736842,
       0.6       , 0.86666667, 0.6       , 0.85714286, 0.93333333,
       1.        , 0.9375    , 0.94736842, 1.        , 1.        ,
       0.94117647, 1.        , 0.82352941, 0.94736842, 0.64285714,
       0.85714286, 0.95238095, 0.875     , 0.8       , 1.        ,
       0.73333333, 1.        , 1.        , 0.73333333, 0.9375    ,
       1.        , 0.80952381, 0.94117647, 0.88235294, 0.9375    ,
       0.78571429, 0.94736842, 0.93333333, 0.64285714, 0.875     ,
       0.86666667, 0.875     , 0.94117647, 0.33333333, 0.875     ,
       1.        , 0.82352941, 0.86666667, 0.57692308, 0.89473684,
       1.        , 0.66666667, 0.86666667, 0.75      , 0.88235294,
       0.93333333, 0.86666667, 0.8125    , 0.69230769, 1.        ,
       0.93333333, 1.        , 0.35714286, 0.46666667, 0.4       ,
       1.        , 0.85714286, 0.9375    , 1.        , 0.8       ,
       1.        , 0.875     , 0.96      , 0.83333333, 1.        ,
       0.89473684, 0.85714286, 0.88235294, 0.9375    , 1.        ,
       1.        , 1.        , 0.66666667, 0.92857143, 0.93333333,
       0.93333333, 0.93333333, 1.        , 1.        , 0.8125    ,
       0.73333333, 0.93333333, 0.66666667, 0.86666667, 1.        ,
       0.89473684, 0.86666667, 1.        , 0.78571429, 0.9375    ,
       0.83333333, 1.        , 0.94117647, 0.9375    , 0.64705882,
       0.94444444, 1.        , 0.9047619 , 0.73333333, 0.93333333,
       0.6875    , 1.        , 0.64285714, 0.93333333, 0.8       ,
       1.        , 0.46666667, 0.94117647, 0.33333333, 0.72222222,
       1.        , 0.875     , 0.91304348, 1.        , 1.        ,
       0.66666667, 0.8       , 0.9375    , 1.        , 1.        ,
       0.8125    , 0.5625    , 1.        , 0.8       , 0.93333333,
       0.86666667, 0.375     , 0.875     , 1.        , 1.        ,
       0.94117647, 0.8       , 0.93333333, 1.        , 0.85      ,
       1.        , 1.        , 0.93333333, 0.73333333, 0.77777778,
       0.93333333, 0.86666667, 1.        , 0.9375    , 1.        ,
       0.84210526, 0.95454545, 1.        , 0.95238095, 1.        ,
       0.85714286, 0.75      , 0.85      , 1.        , 0.8125    ,
       0.78947368, 0.8125    , 0.73333333, 0.8125    , 0.95238095,
       0.94117647, 0.9375    , 0.9375    , 0.8125    , 1.        ,
       0.86666667, 0.93333333, 0.78571429, 1.        , 0.875     ,
       0.95238095, 1.        , 1.        , 1.        , 0.88235294,
       1.        , 1.        , 0.9375    , 0.66666667, 0.86666667,
       0.93333333, 1.        , 1.        , 1.        , 1.        ,
       0.875     , 0.92857143, 0.625     , 0.9375    , 1.        ,
       0.8125    , 0.85714286, 0.92857143, 0.88888889, 0.8       ,
       0.86666667, 0.94444444, 0.84210526, 0.95238095, 1.        ,
       0.85      , 0.6875    , 0.93333333, 1.        , 1.        ,
       1.        , 0.94117647, 1.        , 0.92592593, 0.64285714,
       0.73333333, 1.        , 1.        , 0.8       , 0.9047619 ,
       1.        , 0.94444444, 0.75      , 0.76923077, 0.93333333,
       0.86666667, 1.        , 0.86666667, 1.        , 0.66666667,
       0.97058824, 0.94444444, 0.66666667, 0.86956522, 1.        ,
       1.        , 0.9       , 1.        , 1.        , 0.875     ,
       0.71428571, 1.        , 0.95833333, 0.75      , 0.73333333,
       0.78571429, 1.        , 1.        , 0.57142857, 0.73333333,
       0.8       , 0.75      , 1.        , 1.        , 0.94444444,
       1.        , 1.        , 0.57142857, 0.82608696, 0.95      ,
       0.95454545, 1.        , 0.85714286, 0.92857143, 0.85      ,
       0.94736842, 0.6875    , 0.90909091, 0.875     , 1.        ,
       0.93333333, 0.6       , 1.        , 0.93333333, 0.88888889,
       0.4       , 1.        , 1.        , 0.93333333, 1.        ,
       0.81818182, 0.92307692, 0.93333333, 0.88235294, 1.        ,
       0.91304348, 0.9375    , 0.6       , 0.8125    , 0.73333333,
       1.        , 0.75      , 0.6       , 0.8       , 0.92307692,
       1.        , 1.        , 0.89473684, 1.        , 1.        ]), 'class_mean_width': array([11.39285714, 14.625     , 15.2       ,  7.85      , 11.57142857,
       15.2       ,  5.61111111, 15.93333333, 15.06666667, 14.83333333,
       18.66666667, 13.2       ,  9.55555556, 12.2       ,  9.66666667,
        5.05      , 11.3       ,  9.31578947, 17.35714286, 20.53333333,
       10.66666667, 12.83333333,  5.875     , 11.63157895,  7.1875    ,
       17.77777778, 35.60714286,  9.06666667,  9.38461538, 14.27777778,
        9.26315789, 13.8       ,  9.58823529, 13.93333333, 17.6       ,
       11.3125    , 13.07142857, 21.8       ,  6.14285714,  6.375     ,
       12.25      , 13.75      ,  7.88235294, 17.8       , 13.93333333,
       13.        , 14.61111111,  4.11111111, 16.26315789, 13.8       ,
       13.8       , 16.76470588, 10.35294118,  6.88888889,  8.10526316,
       11.86666667,  7.8       , 19.26666667, 14.07142857, 12.33333333,
       14.52941176,  6.25      ,  9.05263158,  6.14285714, 11.73333333,
        7.35294118, 11.17647059, 13.82352941, 10.21052632, 17.        ,
       12.78571429,  5.47619048, 15.5       , 13.2       ,  9.2       ,
       17.33333333, 24.5       ,  7.57894737, 12.26666667, 13.6875    ,
       12.84210526, 10.95238095, 14.64705882,  9.05882353,  7.0625    ,
        7.28571429, 10.21052632, 11.86666667, 13.85714286, 11.        ,
        9.73333333, 17.625     ,  4.17647059,  9.06666667, 16.375     ,
        7.94736842,  9.94117647, 11.6       , 15.65384615,  9.89473684,
       10.25      , 18.8       , 10.73333333, 16.0625    , 17.70588235,
       14.13333333, 11.66666667, 13.875     ,  5.69230769, 14.47368421,
       16.4       , 14.73333333, 16.64285714, 11.4       , 21.        ,
        7.625     , 13.64285714,  8.125     , 11.53333333, 11.73333333,
        5.68421053, 17.8125    , 33.64      ,  9.44444444,  9.75      ,
       18.21052632, 16.14285714, 18.23529412, 14.125     ,  8.52941176,
       16.        ,  8.5       , 14.86666667, 19.28571429,  5.66666667,
       12.66666667, 14.26666667,  9.        , 17.6       , 10.5625    ,
        8.73333333, 11.        , 17.        , 11.2       ,  6.17391304,
       11.47368421, 13.86666667, 11.33333333, 14.07142857, 12.25      ,
       12.94444444, 19.5       , 12.94117647, 17.8125    , 15.05882353,
       16.33333333,  8.95454545, 11.76190476, 12.06666667,  7.46666667,
       13.1875    , 14.84210526, 19.        , 12.8       , 11.26666667,
       12.10526316, 14.        , 18.23529412,  9.2       , 15.38888889,
        7.05882353,  8.5625    , 11.30434783, 15.06666667,  3.75      ,
       19.86666667, 13.        , 10.125     , 14.13333333, 12.73333333,
       11.9375    ,  9.        ,  6.5625    , 16.2       ,  8.46666667,
        4.53333333, 13.75      , 13.6875    ,  5.0625    ,  5.61111111,
       14.52941176,  7.6       ,  7.93333333, 10.33333333, 14.75      ,
        5.        ,  5.11764706,  8.86666667, 19.4       , 16.88888889,
       13.26666667, 19.86666667,  5.        , 15.625     ,  9.61904762,
        7.36842105,  6.81818182, 12.26666667, 14.19047619,  7.53333333,
        4.71428571, 12.125     , 12.05      ,  6.66666667, 12.5625    ,
        8.47368421, 15.9375    , 14.06666667, 12.1875    , 12.23809524,
        8.        ,  8.6875    ,  9.4375    , 12.3125    ,  8.69230769,
       12.66666667, 17.33333333, 11.78571429,  7.93333333, 11.5       ,
       10.33333333, 10.44444444, 15.        , 12.88235294,  8.52941176,
        4.53333333, 12.75      , 14.5       , 10.8       , 10.06666667,
        5.2       ,  8.27272727, 17.88888889,  6.75      ,  7.75      ,
       15.5       ,  7.92857143, 18.625     ,  9.375     , 22.95454545,
       22.875     , 13.92857143,  8.78571429, 11.55555556, 17.48      ,
       15.6       , 10.77777778, 12.47368421,  7.33333333, 24.1       ,
        7.8       , 16.5       ,  7.06666667, 12.13333333,  6.        ,
        7.6875    , 14.17647059,  6.7       , 33.44444444, 15.42857143,
        8.66666667,  9.94117647, 12.8       , 16.        ,  5.19047619,
       12.4375    ,  9.22222222, 10.4375    , 11.84615385, 14.4       ,
       13.86666667, 13.85      , 15.13333333,  4.26086957, 14.13333333,
       28.55882353, 28.66666667, 11.13333333, 11.13043478, 15.5625    ,
        5.72222222, 15.35      , 20.73913043, 14.5625    , 17.25      ,
       17.14285714, 13.        , 10.66666667,  8.        , 13.13333333,
       17.78571429, 11.13333333, 12.93333333, 10.21428571, 14.13333333,
        5.86666667, 18.0625    , 10.13333333,  8.86666667, 11.33333333,
       24.55555556,  7.        , 19.28571429,  6.13043478, 15.1       ,
       11.        , 10.42105263, 10.35714286, 13.85714286, 17.1       ,
       11.26315789, 13.6875    ,  6.22727273, 18.        , 10.78571429,
        9.8       , 15.06666667, 13.75      ,  8.4       , 20.22222222,
        6.93333333,  8.77777778, 14.125     , 13.6       , 11.94117647,
       11.18181818, 13.23076923,  9.93333333, 12.41176471, 19.29411765,
        6.82608696, 15.3125    ,  6.53333333, 12.625     , 13.33333333,
        4.        , 17.625     , 15.86666667, 14.33333333, 13.92307692,
       19.42857143, 13.11764706, 11.94736842,  8.78947368,  9.16666667]), 'class_median_width': array([11. , 13. , 14. ,  6. , 13.5, 15. ,  5. , 14. , 14. , 13.5, 18.5,
       11. ,  7. ,  9. , 10. ,  3.5, 10. ,  8. , 18. , 23. ,  8. , 12. ,
        4. , 12. ,  5.5,  7. , 10.5, 10. ,  8. , 14. ,  9. , 12. ,  8. ,
       15. , 18. , 10.5, 12. , 23. ,  4.5,  6. , 11.5, 13. ,  7. , 19. ,
       14. , 12. , 16.5,  2. , 17. , 13. , 13. , 15. ,  8. ,  5.5,  6. ,
       10. ,  7. , 19. , 13.5, 10. , 15. ,  4.5,  6. ,  3.5, 11. ,  7. ,
        9. , 10. ,  5. , 13.5, 13.5,  4. , 16.5, 11. ,  6. , 16. , 24. ,
        9. , 12. , 12.5, 14. ,  9. , 14. ,  5. ,  5. ,  5. , 10. , 10. ,
       13. ,  9.5,  9. , 18.5,  3. ,  6. , 16.5,  6. ,  9. , 12. , 13.5,
        8. , 10. , 18. , 10. , 17. , 17. , 13. , 10. , 12.5,  4. , 14. ,
       16. , 14. , 16. , 11. , 21. ,  7. , 13. ,  8.5,  9. , 10. ,  5. ,
       17.5,  5. ,  8. ,  9. , 17. , 16.5, 19. , 13. ,  9. , 16.5,  7.5,
       15. , 19. ,  4. , 11. , 13. ,  9.5, 18. , 10. ,  9. ,  9. , 17. ,
       10. ,  6. , 11. , 13. , 10. , 12. , 12. , 12. , 19. , 12. , 17.5,
       14. , 17. ,  7.5, 11. , 11. ,  6. , 10. , 15. , 18.5,  9. , 10. ,
       11. , 14. , 17. ,  8. , 16. ,  5. ,  7.5, 11. , 14. ,  2.5, 19. ,
       13. ,  8. , 12. , 11. , 11.5,  8.5,  4. , 15. ,  7. ,  2. , 13. ,
       11.5,  3. ,  5. , 14. ,  7. ,  9. ,  7. , 15. ,  3. ,  4. ,  9. ,
       18. , 19. , 12. , 19. ,  3. , 16.5,  9. ,  6. ,  6.5, 12. , 15. ,
        7. ,  3. , 12. , 11.5,  4. , 11. ,  7. , 15. , 12. , 10. ,  9. ,
        6. ,  7. ,  8. , 10.5,  9. , 10. , 18. , 10. ,  8. ,  9.5, 10. ,
       10. , 16.5, 13. ,  9. ,  4. ,  9. , 14.5,  8. ,  6. ,  4. ,  6.5,
       16. ,  7. ,  6. , 15.5,  7. , 18.5, 10. ,  7.5, 23. , 11. ,  6.5,
       11.5, 16. , 16. , 10.5, 11. ,  5. ,  5. ,  4. , 15.5,  6. , 11. ,
        4. ,  6.5, 11. ,  5.5,  6. , 15.5,  8. , 10. , 10. , 15. ,  3. ,
       12.5,  6.5,  9. , 12. , 13. , 12. , 13. , 15. ,  3. , 14. ,  5. ,
       10. , 10. , 11. , 16. ,  4. , 15.5,  5. , 14. , 16. , 17. , 13. ,
        9. ,  4.5, 13. , 17.5, 11. , 12. ,  9.5, 14. ,  5. , 17.5, 10. ,
        8. , 10.5,  5. ,  5. , 19. ,  4. , 15. , 11. ,  8. , 11. , 12.5,
       20. , 11. , 11.5,  6. , 15.5, 11.5,  9. , 14. , 14. ,  7. , 21. ,
        6. ,  8.5, 14.5, 15. , 12. ,  8. , 12.5,  7. , 11. , 19. ,  6. ,
       15.5,  6. , 13. , 13. ,  3.5, 18. , 15. , 15. , 15. , 20. , 13. ,
       10. ,  8. ,  6.5]), 'class_mean_width_scaled': array([0.03209256, 0.04119718, 0.0428169 , 0.02211268, 0.03259557,
       0.0428169 , 0.01580595, 0.04488263, 0.04244131, 0.04178404,
       0.05258216, 0.0371831 , 0.02691706, 0.0343662 , 0.02723005,
       0.01422535, 0.03183099, 0.02624166, 0.04889336, 0.05784038,
       0.03004695, 0.03615023, 0.0165493 , 0.03276501, 0.02024648,
       0.05007825, 0.10030181, 0.02553991, 0.02643554, 0.04021909,
       0.0260934 , 0.03887324, 0.02700911, 0.03924883, 0.04957746,
       0.0318662 , 0.03682093, 0.06140845, 0.01730382, 0.01795775,
       0.03450704, 0.03873239, 0.02220381, 0.05014085, 0.03924883,
       0.03661972, 0.04115806, 0.01158059, 0.04581171, 0.03887324,
       0.03887324, 0.04722452, 0.02916321, 0.01940532, 0.02283173,
       0.03342723, 0.02197183, 0.0542723 , 0.03963783, 0.03474178,
       0.04092792, 0.01760563, 0.02550037, 0.01730382, 0.03305164,
       0.02071251, 0.03148302, 0.03893952, 0.02876205, 0.04788732,
       0.0360161 , 0.01542589, 0.04366197, 0.0371831 , 0.02591549,
       0.04882629, 0.06901408, 0.02134915, 0.03455399, 0.03855634,
       0.03617494, 0.03085178, 0.04125932, 0.02551781, 0.01989437,
       0.02052314, 0.02876205, 0.03342723, 0.03903421, 0.03098592,
       0.02741784, 0.04964789, 0.01176471, 0.02553991, 0.04612676,
       0.02238695, 0.02800331, 0.03267606, 0.04409534, 0.0278725 ,
       0.02887324, 0.05295775, 0.03023474, 0.04524648, 0.04987572,
       0.03981221, 0.03286385, 0.03908451, 0.01603467, 0.04077094,
       0.04619718, 0.04150235, 0.04688129, 0.03211268, 0.05915493,
       0.02147887, 0.03843058, 0.02288732, 0.03248826, 0.03305164,
       0.01601186, 0.05017606, 0.09476056, 0.02660407, 0.02746479,
       0.05129726, 0.04547284, 0.05136703, 0.03978873, 0.02402651,
       0.04507042, 0.02394366, 0.04187793, 0.05432596, 0.01596244,
       0.03568075, 0.04018779, 0.02535211, 0.04957746, 0.02975352,
       0.02460094, 0.03098592, 0.04788732, 0.0315493 , 0.0173913 ,
       0.03232024, 0.03906103, 0.03192488, 0.03963783, 0.03450704,
       0.03646322, 0.05492958, 0.03645402, 0.05017606, 0.04241922,
       0.04600939, 0.02522407, 0.03313213, 0.03399061, 0.02103286,
       0.03714789, 0.04180875, 0.05352113, 0.03605634, 0.03173709,
       0.03409933, 0.03943662, 0.05136703, 0.02591549, 0.04334898,
       0.01988401, 0.02411972, 0.03184323, 0.04244131, 0.01056338,
       0.05596244, 0.03661972, 0.02852113, 0.03981221, 0.03586854,
       0.03362676, 0.02535211, 0.01848592, 0.0456338 , 0.02384977,
       0.01276995, 0.03873239, 0.03855634, 0.01426056, 0.01580595,
       0.04092792, 0.02140845, 0.02234742, 0.02910798, 0.0415493 ,
       0.01408451, 0.01441591, 0.02497653, 0.05464789, 0.04757433,
       0.03737089, 0.05596244, 0.01408451, 0.04401408, 0.02709591,
       0.02075612, 0.01920615, 0.03455399, 0.03997317, 0.02122066,
       0.01327968, 0.03415493, 0.03394366, 0.01877934, 0.03538732,
       0.02386953, 0.04489437, 0.03962441, 0.03433099, 0.03447351,
       0.02253521, 0.02447183, 0.02658451, 0.0346831 , 0.02448537,
       0.03568075, 0.04882629, 0.0331992 , 0.02234742, 0.03239437,
       0.02910798, 0.02942097, 0.04225352, 0.03628832, 0.02402651,
       0.01276995, 0.03591549, 0.04084507, 0.03042254, 0.02835681,
       0.01464789, 0.02330346, 0.05039124, 0.01901408, 0.02183099,
       0.04366197, 0.022334  , 0.05246479, 0.02640845, 0.06466069,
       0.06443662, 0.03923541, 0.02474849, 0.03255086, 0.04923944,
       0.04394366, 0.03035994, 0.03513714, 0.02065728, 0.06788732,
       0.02197183, 0.04647887, 0.0199061 , 0.0341784 , 0.01690141,
       0.02165493, 0.03993372, 0.01887324, 0.0942097 , 0.04346076,
       0.02441315, 0.02800331, 0.03605634, 0.04507042, 0.01462106,
       0.03503521, 0.02597809, 0.02940141, 0.03336945, 0.04056338,
       0.03906103, 0.03901408, 0.04262911, 0.01200245, 0.03981221,
       0.08044739, 0.08075117, 0.0313615 , 0.03135334, 0.04383803,
       0.01611894, 0.04323944, 0.05842009, 0.04102113, 0.04859155,
       0.04828974, 0.03661972, 0.03004695, 0.02253521, 0.03699531,
       0.0501006 , 0.0313615 , 0.03643192, 0.02877264, 0.03981221,
       0.01652582, 0.05088028, 0.0285446 , 0.02497653, 0.03192488,
       0.06917058, 0.01971831, 0.05432596, 0.01726883, 0.04253521,
       0.03098592, 0.02935508, 0.02917505, 0.03903421, 0.04816901,
       0.03172721, 0.03855634, 0.01754161, 0.05070423, 0.03038229,
       0.02760563, 0.04244131, 0.03873239, 0.02366197, 0.05696401,
       0.01953052, 0.02472613, 0.03978873, 0.03830986, 0.03363712,
       0.03149808, 0.03726977, 0.02798122, 0.03496272, 0.05434963,
       0.01922841, 0.0431338 , 0.01840376, 0.03556338, 0.03755869,
       0.01126761, 0.04964789, 0.04469484, 0.04037559, 0.03921993,
       0.05472837, 0.03695112, 0.03365456, 0.02475908, 0.0258216 ]), 'class_median_width_scaled': array([0.03098592, 0.03661972, 0.03943662, 0.01690141, 0.03802817,
       0.04225352, 0.01408451, 0.03943662, 0.03943662, 0.03802817,
       0.05211268, 0.03098592, 0.01971831, 0.02535211, 0.02816901,
       0.00985915, 0.02816901, 0.02253521, 0.05070423, 0.06478873,
       0.02253521, 0.03380282, 0.01126761, 0.03380282, 0.01549296,
       0.01971831, 0.02957746, 0.02816901, 0.02253521, 0.03943662,
       0.02535211, 0.03380282, 0.02253521, 0.04225352, 0.05070423,
       0.02957746, 0.03380282, 0.06478873, 0.01267606, 0.01690141,
       0.03239437, 0.03661972, 0.01971831, 0.05352113, 0.03943662,
       0.03380282, 0.04647887, 0.0056338 , 0.04788732, 0.03661972,
       0.03661972, 0.04225352, 0.02253521, 0.01549296, 0.01690141,
       0.02816901, 0.01971831, 0.05352113, 0.03802817, 0.02816901,
       0.04225352, 0.01267606, 0.01690141, 0.00985915, 0.03098592,
       0.01971831, 0.02535211, 0.02816901, 0.01408451, 0.03802817,
       0.03802817, 0.01126761, 0.04647887, 0.03098592, 0.01690141,
       0.04507042, 0.06760563, 0.02535211, 0.03380282, 0.03521127,
       0.03943662, 0.02535211, 0.03943662, 0.01408451, 0.01408451,
       0.01408451, 0.02816901, 0.02816901, 0.03661972, 0.02676056,
       0.02535211, 0.05211268, 0.0084507 , 0.01690141, 0.04647887,
       0.01690141, 0.02535211, 0.03380282, 0.03802817, 0.02253521,
       0.02816901, 0.05070423, 0.02816901, 0.04788732, 0.04788732,
       0.03661972, 0.02816901, 0.03521127, 0.01126761, 0.03943662,
       0.04507042, 0.03943662, 0.04507042, 0.03098592, 0.05915493,
       0.01971831, 0.03661972, 0.02394366, 0.02535211, 0.02816901,
       0.01408451, 0.04929577, 0.01408451, 0.02253521, 0.02535211,
       0.04788732, 0.04647887, 0.05352113, 0.03661972, 0.02535211,
       0.04647887, 0.02112676, 0.04225352, 0.05352113, 0.01126761,
       0.03098592, 0.03661972, 0.02676056, 0.05070423, 0.02816901,
       0.02535211, 0.02535211, 0.04788732, 0.02816901, 0.01690141,
       0.03098592, 0.03661972, 0.02816901, 0.03380282, 0.03380282,
       0.03380282, 0.05352113, 0.03380282, 0.04929577, 0.03943662,
       0.04788732, 0.02112676, 0.03098592, 0.03098592, 0.01690141,
       0.02816901, 0.04225352, 0.05211268, 0.02535211, 0.02816901,
       0.03098592, 0.03943662, 0.04788732, 0.02253521, 0.04507042,
       0.01408451, 0.02112676, 0.03098592, 0.03943662, 0.00704225,
       0.05352113, 0.03661972, 0.02253521, 0.03380282, 0.03098592,
       0.03239437, 0.02394366, 0.01126761, 0.04225352, 0.01971831,
       0.0056338 , 0.03661972, 0.03239437, 0.0084507 , 0.01408451,
       0.03943662, 0.01971831, 0.02535211, 0.01971831, 0.04225352,
       0.0084507 , 0.01126761, 0.02535211, 0.05070423, 0.05352113,
       0.03380282, 0.05352113, 0.0084507 , 0.04647887, 0.02535211,
       0.01690141, 0.01830986, 0.03380282, 0.04225352, 0.01971831,
       0.0084507 , 0.03380282, 0.03239437, 0.01126761, 0.03098592,
       0.01971831, 0.04225352, 0.03380282, 0.02816901, 0.02535211,
       0.01690141, 0.01971831, 0.02253521, 0.02957746, 0.02535211,
       0.02816901, 0.05070423, 0.02816901, 0.02253521, 0.02676056,
       0.02816901, 0.02816901, 0.04647887, 0.03661972, 0.02535211,
       0.01126761, 0.02535211, 0.04084507, 0.02253521, 0.01690141,
       0.01126761, 0.01830986, 0.04507042, 0.01971831, 0.01690141,
       0.04366197, 0.01971831, 0.05211268, 0.02816901, 0.02112676,
       0.06478873, 0.03098592, 0.01830986, 0.03239437, 0.04507042,
       0.04507042, 0.02957746, 0.03098592, 0.01408451, 0.01408451,
       0.01126761, 0.04366197, 0.01690141, 0.03098592, 0.01126761,
       0.01830986, 0.03098592, 0.01549296, 0.01690141, 0.04366197,
       0.02253521, 0.02816901, 0.02816901, 0.04225352, 0.0084507 ,
       0.03521127, 0.01830986, 0.02535211, 0.03380282, 0.03661972,
       0.03380282, 0.03661972, 0.04225352, 0.0084507 , 0.03943662,
       0.01408451, 0.02816901, 0.02816901, 0.03098592, 0.04507042,
       0.01126761, 0.04366197, 0.01408451, 0.03943662, 0.04507042,
       0.04788732, 0.03661972, 0.02535211, 0.01267606, 0.03661972,
       0.04929577, 0.03098592, 0.03380282, 0.02676056, 0.03943662,
       0.01408451, 0.04929577, 0.02816901, 0.02253521, 0.02957746,
       0.01408451, 0.01408451, 0.05352113, 0.01126761, 0.04225352,
       0.03098592, 0.02253521, 0.03098592, 0.03521127, 0.05633803,
       0.03098592, 0.03239437, 0.01690141, 0.04366197, 0.03239437,
       0.02535211, 0.03943662, 0.03943662, 0.01971831, 0.05915493,
       0.01690141, 0.02394366, 0.04084507, 0.04225352, 0.03380282,
       0.02253521, 0.03521127, 0.01971831, 0.03098592, 0.05352113,
       0.01690141, 0.04366197, 0.01690141, 0.03661972, 0.03661972,
       0.00985915, 0.05070423, 0.04225352, 0.04225352, 0.04225352,
       0.05633803, 0.03661972, 0.02816901, 0.02253521, 0.01830986])}

split_conformal_aps_RandomForest full class metrics: {'class_coverage': array([1.        , 0.8125    , 0.93333333, 0.95      , 0.92857143,
       0.86666667, 0.94444444, 0.53333333, 1.        , 0.94444444,
       0.94444444, 0.93333333, 0.94444444, 0.8       , 0.93333333,
       1.        , 0.95      , 1.        , 1.        , 0.4       ,
       1.        , 0.95833333, 0.9375    , 0.89473684, 0.9375    ,
       1.        , 0.96428571, 0.93333333, 1.        , 0.88888889,
       1.        , 1.        , 0.94117647, 0.73333333, 0.93333333,
       1.        , 0.92857143, 0.86666667, 0.92857143, 0.6875    ,
       0.9375    , 0.9375    , 0.94117647, 0.66666667, 0.73333333,
       0.93333333, 0.77777778, 1.        , 0.78947368, 0.9       ,
       0.8       , 0.88235294, 0.94117647, 0.94444444, 0.94736842,
       0.6       , 0.86666667, 0.6       , 0.85714286, 0.93333333,
       1.        , 0.9375    , 0.94736842, 1.        , 1.        ,
       0.94117647, 1.        , 0.82352941, 0.94736842, 0.64285714,
       0.85714286, 0.95238095, 0.875     , 0.8       , 1.        ,
       0.73333333, 1.        , 1.        , 0.73333333, 0.9375    ,
       1.        , 0.80952381, 0.94117647, 0.88235294, 0.9375    ,
       0.78571429, 0.94736842, 0.93333333, 0.64285714, 0.875     ,
       0.86666667, 0.875     , 0.94117647, 0.33333333, 0.875     ,
       1.        , 0.82352941, 0.86666667, 0.57692308, 0.89473684,
       1.        , 0.66666667, 0.86666667, 0.75      , 0.88235294,
       0.93333333, 0.86666667, 0.8125    , 0.69230769, 1.        ,
       0.93333333, 1.        , 0.35714286, 0.46666667, 0.4       ,
       1.        , 0.85714286, 0.9375    , 1.        , 0.8       ,
       1.        , 0.875     , 0.96      , 0.83333333, 1.        ,
       0.89473684, 0.85714286, 0.88235294, 0.9375    , 1.        ,
       1.        , 1.        , 0.66666667, 0.92857143, 0.93333333,
       0.93333333, 0.93333333, 1.        , 1.        , 0.8125    ,
       0.73333333, 0.93333333, 0.66666667, 0.86666667, 1.        ,
       0.89473684, 0.86666667, 1.        , 0.78571429, 0.9375    ,
       0.83333333, 1.        , 0.94117647, 0.9375    , 0.64705882,
       0.94444444, 1.        , 0.9047619 , 0.73333333, 0.93333333,
       0.6875    , 1.        , 0.64285714, 0.93333333, 0.8       ,
       1.        , 0.46666667, 0.94117647, 0.33333333, 0.72222222,
       1.        , 0.875     , 0.91304348, 1.        , 1.        ,
       0.66666667, 0.8       , 0.9375    , 1.        , 1.        ,
       0.8125    , 0.5625    , 1.        , 0.8       , 0.93333333,
       0.86666667, 0.375     , 0.875     , 1.        , 1.        ,
       0.94117647, 0.8       , 0.93333333, 1.        , 0.85      ,
       1.        , 1.        , 0.93333333, 0.73333333, 0.77777778,
       0.93333333, 0.86666667, 1.        , 0.9375    , 1.        ,
       0.84210526, 0.95454545, 1.        , 0.95238095, 1.        ,
       0.85714286, 0.75      , 0.85      , 1.        , 0.8125    ,
       0.78947368, 0.8125    , 0.73333333, 0.8125    , 0.95238095,
       0.94117647, 0.9375    , 0.9375    , 0.8125    , 1.        ,
       0.86666667, 0.93333333, 0.78571429, 1.        , 0.875     ,
       0.95238095, 1.        , 1.        , 1.        , 0.88235294,
       1.        , 1.        , 0.9375    , 0.66666667, 0.86666667,
       0.93333333, 1.        , 1.        , 1.        , 1.        ,
       0.875     , 0.92857143, 0.625     , 0.9375    , 1.        ,
       0.8125    , 0.85714286, 0.92857143, 0.88888889, 0.8       ,
       0.86666667, 0.94444444, 0.84210526, 0.95238095, 1.        ,
       0.85      , 0.6875    , 0.93333333, 1.        , 1.        ,
       1.        , 0.94117647, 1.        , 0.92592593, 0.64285714,
       0.73333333, 1.        , 1.        , 0.8       , 0.9047619 ,
       1.        , 0.94444444, 0.75      , 0.76923077, 0.93333333,
       0.86666667, 1.        , 0.86666667, 1.        , 0.66666667,
       0.97058824, 0.94444444, 0.66666667, 0.86956522, 1.        ,
       1.        , 0.9       , 1.        , 1.        , 0.875     ,
       0.71428571, 1.        , 0.95833333, 0.75      , 0.73333333,
       0.78571429, 1.        , 1.        , 0.57142857, 0.73333333,
       0.8       , 0.75      , 1.        , 1.        , 0.94444444,
       1.        , 1.        , 0.57142857, 0.82608696, 0.95      ,
       0.95454545, 1.        , 0.85714286, 0.92857143, 0.85      ,
       0.94736842, 0.6875    , 0.90909091, 0.875     , 1.        ,
       0.93333333, 0.6       , 1.        , 0.93333333, 0.88888889,
       0.4       , 1.        , 1.        , 0.93333333, 1.        ,
       0.81818182, 0.92307692, 0.93333333, 0.88235294, 1.        ,
       0.91304348, 0.9375    , 0.6       , 0.8125    , 0.73333333,
       1.        , 0.75      , 0.6       , 0.8       , 0.92307692,
       1.        , 1.        , 0.89473684, 1.        , 1.        ]), 'class_mean_width': array([11.39285714, 14.625     , 15.2       ,  7.85      , 11.57142857,
       15.2       ,  5.61111111, 15.93333333, 15.06666667, 14.83333333,
       18.66666667, 13.2       ,  9.55555556, 12.2       ,  9.66666667,
        5.05      , 11.3       ,  9.31578947, 17.35714286, 20.53333333,
       10.66666667, 12.83333333,  5.875     , 11.63157895,  7.1875    ,
       17.77777778, 35.60714286,  9.06666667,  9.38461538, 14.27777778,
        9.26315789, 13.8       ,  9.58823529, 13.93333333, 17.6       ,
       11.3125    , 13.07142857, 21.8       ,  6.14285714,  6.375     ,
       12.25      , 13.75      ,  7.88235294, 17.8       , 13.93333333,
       13.        , 14.61111111,  4.11111111, 16.26315789, 13.8       ,
       13.8       , 16.76470588, 10.35294118,  6.88888889,  8.10526316,
       11.86666667,  7.8       , 19.26666667, 14.07142857, 12.33333333,
       14.52941176,  6.25      ,  9.05263158,  6.14285714, 11.73333333,
        7.35294118, 11.17647059, 13.82352941, 10.21052632, 17.        ,
       12.78571429,  5.47619048, 15.5       , 13.2       ,  9.2       ,
       17.33333333, 24.5       ,  7.57894737, 12.26666667, 13.6875    ,
       12.84210526, 10.95238095, 14.64705882,  9.05882353,  7.0625    ,
        7.28571429, 10.21052632, 11.86666667, 13.85714286, 11.        ,
        9.73333333, 17.625     ,  4.17647059,  9.06666667, 16.375     ,
        7.94736842,  9.94117647, 11.6       , 15.65384615,  9.89473684,
       10.25      , 18.8       , 10.73333333, 16.0625    , 17.70588235,
       14.13333333, 11.66666667, 13.875     ,  5.69230769, 14.47368421,
       16.4       , 14.73333333, 16.64285714, 11.4       , 21.        ,
        7.625     , 13.64285714,  8.125     , 11.53333333, 11.73333333,
        5.68421053, 17.8125    , 33.64      ,  9.44444444,  9.75      ,
       18.21052632, 16.14285714, 18.23529412, 14.125     ,  8.52941176,
       16.        ,  8.5       , 14.86666667, 19.28571429,  5.66666667,
       12.66666667, 14.26666667,  9.        , 17.6       , 10.5625    ,
        8.73333333, 11.        , 17.        , 11.2       ,  6.17391304,
       11.47368421, 13.86666667, 11.33333333, 14.07142857, 12.25      ,
       12.94444444, 19.5       , 12.94117647, 17.8125    , 15.05882353,
       16.33333333,  8.95454545, 11.76190476, 12.06666667,  7.46666667,
       13.1875    , 14.84210526, 19.        , 12.8       , 11.26666667,
       12.10526316, 14.        , 18.23529412,  9.2       , 15.38888889,
        7.05882353,  8.5625    , 11.30434783, 15.06666667,  3.75      ,
       19.86666667, 13.        , 10.125     , 14.13333333, 12.73333333,
       11.9375    ,  9.        ,  6.5625    , 16.2       ,  8.46666667,
        4.53333333, 13.75      , 13.6875    ,  5.0625    ,  5.61111111,
       14.52941176,  7.6       ,  7.93333333, 10.33333333, 14.75      ,
        5.        ,  5.11764706,  8.86666667, 19.4       , 16.88888889,
       13.26666667, 19.86666667,  5.        , 15.625     ,  9.61904762,
        7.36842105,  6.81818182, 12.26666667, 14.19047619,  7.53333333,
        4.71428571, 12.125     , 12.05      ,  6.66666667, 12.5625    ,
        8.47368421, 15.9375    , 14.06666667, 12.1875    , 12.23809524,
        8.        ,  8.6875    ,  9.4375    , 12.3125    ,  8.69230769,
       12.66666667, 17.33333333, 11.78571429,  7.93333333, 11.5       ,
       10.33333333, 10.44444444, 15.        , 12.88235294,  8.52941176,
        4.53333333, 12.75      , 14.5       , 10.8       , 10.06666667,
        5.2       ,  8.27272727, 17.88888889,  6.75      ,  7.75      ,
       15.5       ,  7.92857143, 18.625     ,  9.375     , 22.95454545,
       22.875     , 13.92857143,  8.78571429, 11.55555556, 17.48      ,
       15.6       , 10.77777778, 12.47368421,  7.33333333, 24.1       ,
        7.8       , 16.5       ,  7.06666667, 12.13333333,  6.        ,
        7.6875    , 14.17647059,  6.7       , 33.44444444, 15.42857143,
        8.66666667,  9.94117647, 12.8       , 16.        ,  5.19047619,
       12.4375    ,  9.22222222, 10.4375    , 11.84615385, 14.4       ,
       13.86666667, 13.85      , 15.13333333,  4.26086957, 14.13333333,
       28.55882353, 28.66666667, 11.13333333, 11.13043478, 15.5625    ,
        5.72222222, 15.35      , 20.73913043, 14.5625    , 17.25      ,
       17.14285714, 13.        , 10.66666667,  8.        , 13.13333333,
       17.78571429, 11.13333333, 12.93333333, 10.21428571, 14.13333333,
        5.86666667, 18.0625    , 10.13333333,  8.86666667, 11.33333333,
       24.55555556,  7.        , 19.28571429,  6.13043478, 15.1       ,
       11.        , 10.42105263, 10.35714286, 13.85714286, 17.1       ,
       11.26315789, 13.6875    ,  6.22727273, 18.        , 10.78571429,
        9.8       , 15.06666667, 13.75      ,  8.4       , 20.22222222,
        6.93333333,  8.77777778, 14.125     , 13.6       , 11.94117647,
       11.18181818, 13.23076923,  9.93333333, 12.41176471, 19.29411765,
        6.82608696, 15.3125    ,  6.53333333, 12.625     , 13.33333333,
        4.        , 17.625     , 15.86666667, 14.33333333, 13.92307692,
       19.42857143, 13.11764706, 11.94736842,  8.78947368,  9.16666667]), 'class_median_width': array([11. , 13. , 14. ,  6. , 13.5, 15. ,  5. , 14. , 14. , 13.5, 18.5,
       11. ,  7. ,  9. , 10. ,  3.5, 10. ,  8. , 18. , 23. ,  8. , 12. ,
        4. , 12. ,  5.5,  7. , 10.5, 10. ,  8. , 14. ,  9. , 12. ,  8. ,
       15. , 18. , 10.5, 12. , 23. ,  4.5,  6. , 11.5, 13. ,  7. , 19. ,
       14. , 12. , 16.5,  2. , 17. , 13. , 13. , 15. ,  8. ,  5.5,  6. ,
       10. ,  7. , 19. , 13.5, 10. , 15. ,  4.5,  6. ,  3.5, 11. ,  7. ,
        9. , 10. ,  5. , 13.5, 13.5,  4. , 16.5, 11. ,  6. , 16. , 24. ,
        9. , 12. , 12.5, 14. ,  9. , 14. ,  5. ,  5. ,  5. , 10. , 10. ,
       13. ,  9.5,  9. , 18.5,  3. ,  6. , 16.5,  6. ,  9. , 12. , 13.5,
        8. , 10. , 18. , 10. , 17. , 17. , 13. , 10. , 12.5,  4. , 14. ,
       16. , 14. , 16. , 11. , 21. ,  7. , 13. ,  8.5,  9. , 10. ,  5. ,
       17.5,  5. ,  8. ,  9. , 17. , 16.5, 19. , 13. ,  9. , 16.5,  7.5,
       15. , 19. ,  4. , 11. , 13. ,  9.5, 18. , 10. ,  9. ,  9. , 17. ,
       10. ,  6. , 11. , 13. , 10. , 12. , 12. , 12. , 19. , 12. , 17.5,
       14. , 17. ,  7.5, 11. , 11. ,  6. , 10. , 15. , 18.5,  9. , 10. ,
       11. , 14. , 17. ,  8. , 16. ,  5. ,  7.5, 11. , 14. ,  2.5, 19. ,
       13. ,  8. , 12. , 11. , 11.5,  8.5,  4. , 15. ,  7. ,  2. , 13. ,
       11.5,  3. ,  5. , 14. ,  7. ,  9. ,  7. , 15. ,  3. ,  4. ,  9. ,
       18. , 19. , 12. , 19. ,  3. , 16.5,  9. ,  6. ,  6.5, 12. , 15. ,
        7. ,  3. , 12. , 11.5,  4. , 11. ,  7. , 15. , 12. , 10. ,  9. ,
        6. ,  7. ,  8. , 10.5,  9. , 10. , 18. , 10. ,  8. ,  9.5, 10. ,
       10. , 16.5, 13. ,  9. ,  4. ,  9. , 14.5,  8. ,  6. ,  4. ,  6.5,
       16. ,  7. ,  6. , 15.5,  7. , 18.5, 10. ,  7.5, 23. , 11. ,  6.5,
       11.5, 16. , 16. , 10.5, 11. ,  5. ,  5. ,  4. , 15.5,  6. , 11. ,
        4. ,  6.5, 11. ,  5.5,  6. , 15.5,  8. , 10. , 10. , 15. ,  3. ,
       12.5,  6.5,  9. , 12. , 13. , 12. , 13. , 15. ,  3. , 14. ,  5. ,
       10. , 10. , 11. , 16. ,  4. , 15.5,  5. , 14. , 16. , 17. , 13. ,
        9. ,  4.5, 13. , 17.5, 11. , 12. ,  9.5, 14. ,  5. , 17.5, 10. ,
        8. , 10.5,  5. ,  5. , 19. ,  4. , 15. , 11. ,  8. , 11. , 12.5,
       20. , 11. , 11.5,  6. , 15.5, 11.5,  9. , 14. , 14. ,  7. , 21. ,
        6. ,  8.5, 14.5, 15. , 12. ,  8. , 12.5,  7. , 11. , 19. ,  6. ,
       15.5,  6. , 13. , 13. ,  3.5, 18. , 15. , 15. , 15. , 20. , 13. ,
       10. ,  8. ,  6.5]), 'class_mean_width_scaled': array([0.03209256, 0.04119718, 0.0428169 , 0.02211268, 0.03259557,
       0.0428169 , 0.01580595, 0.04488263, 0.04244131, 0.04178404,
       0.05258216, 0.0371831 , 0.02691706, 0.0343662 , 0.02723005,
       0.01422535, 0.03183099, 0.02624166, 0.04889336, 0.05784038,
       0.03004695, 0.03615023, 0.0165493 , 0.03276501, 0.02024648,
       0.05007825, 0.10030181, 0.02553991, 0.02643554, 0.04021909,
       0.0260934 , 0.03887324, 0.02700911, 0.03924883, 0.04957746,
       0.0318662 , 0.03682093, 0.06140845, 0.01730382, 0.01795775,
       0.03450704, 0.03873239, 0.02220381, 0.05014085, 0.03924883,
       0.03661972, 0.04115806, 0.01158059, 0.04581171, 0.03887324,
       0.03887324, 0.04722452, 0.02916321, 0.01940532, 0.02283173,
       0.03342723, 0.02197183, 0.0542723 , 0.03963783, 0.03474178,
       0.04092792, 0.01760563, 0.02550037, 0.01730382, 0.03305164,
       0.02071251, 0.03148302, 0.03893952, 0.02876205, 0.04788732,
       0.0360161 , 0.01542589, 0.04366197, 0.0371831 , 0.02591549,
       0.04882629, 0.06901408, 0.02134915, 0.03455399, 0.03855634,
       0.03617494, 0.03085178, 0.04125932, 0.02551781, 0.01989437,
       0.02052314, 0.02876205, 0.03342723, 0.03903421, 0.03098592,
       0.02741784, 0.04964789, 0.01176471, 0.02553991, 0.04612676,
       0.02238695, 0.02800331, 0.03267606, 0.04409534, 0.0278725 ,
       0.02887324, 0.05295775, 0.03023474, 0.04524648, 0.04987572,
       0.03981221, 0.03286385, 0.03908451, 0.01603467, 0.04077094,
       0.04619718, 0.04150235, 0.04688129, 0.03211268, 0.05915493,
       0.02147887, 0.03843058, 0.02288732, 0.03248826, 0.03305164,
       0.01601186, 0.05017606, 0.09476056, 0.02660407, 0.02746479,
       0.05129726, 0.04547284, 0.05136703, 0.03978873, 0.02402651,
       0.04507042, 0.02394366, 0.04187793, 0.05432596, 0.01596244,
       0.03568075, 0.04018779, 0.02535211, 0.04957746, 0.02975352,
       0.02460094, 0.03098592, 0.04788732, 0.0315493 , 0.0173913 ,
       0.03232024, 0.03906103, 0.03192488, 0.03963783, 0.03450704,
       0.03646322, 0.05492958, 0.03645402, 0.05017606, 0.04241922,
       0.04600939, 0.02522407, 0.03313213, 0.03399061, 0.02103286,
       0.03714789, 0.04180875, 0.05352113, 0.03605634, 0.03173709,
       0.03409933, 0.03943662, 0.05136703, 0.02591549, 0.04334898,
       0.01988401, 0.02411972, 0.03184323, 0.04244131, 0.01056338,
       0.05596244, 0.03661972, 0.02852113, 0.03981221, 0.03586854,
       0.03362676, 0.02535211, 0.01848592, 0.0456338 , 0.02384977,
       0.01276995, 0.03873239, 0.03855634, 0.01426056, 0.01580595,
       0.04092792, 0.02140845, 0.02234742, 0.02910798, 0.0415493 ,
       0.01408451, 0.01441591, 0.02497653, 0.05464789, 0.04757433,
       0.03737089, 0.05596244, 0.01408451, 0.04401408, 0.02709591,
       0.02075612, 0.01920615, 0.03455399, 0.03997317, 0.02122066,
       0.01327968, 0.03415493, 0.03394366, 0.01877934, 0.03538732,
       0.02386953, 0.04489437, 0.03962441, 0.03433099, 0.03447351,
       0.02253521, 0.02447183, 0.02658451, 0.0346831 , 0.02448537,
       0.03568075, 0.04882629, 0.0331992 , 0.02234742, 0.03239437,
       0.02910798, 0.02942097, 0.04225352, 0.03628832, 0.02402651,
       0.01276995, 0.03591549, 0.04084507, 0.03042254, 0.02835681,
       0.01464789, 0.02330346, 0.05039124, 0.01901408, 0.02183099,
       0.04366197, 0.022334  , 0.05246479, 0.02640845, 0.06466069,
       0.06443662, 0.03923541, 0.02474849, 0.03255086, 0.04923944,
       0.04394366, 0.03035994, 0.03513714, 0.02065728, 0.06788732,
       0.02197183, 0.04647887, 0.0199061 , 0.0341784 , 0.01690141,
       0.02165493, 0.03993372, 0.01887324, 0.0942097 , 0.04346076,
       0.02441315, 0.02800331, 0.03605634, 0.04507042, 0.01462106,
       0.03503521, 0.02597809, 0.02940141, 0.03336945, 0.04056338,
       0.03906103, 0.03901408, 0.04262911, 0.01200245, 0.03981221,
       0.08044739, 0.08075117, 0.0313615 , 0.03135334, 0.04383803,
       0.01611894, 0.04323944, 0.05842009, 0.04102113, 0.04859155,
       0.04828974, 0.03661972, 0.03004695, 0.02253521, 0.03699531,
       0.0501006 , 0.0313615 , 0.03643192, 0.02877264, 0.03981221,
       0.01652582, 0.05088028, 0.0285446 , 0.02497653, 0.03192488,
       0.06917058, 0.01971831, 0.05432596, 0.01726883, 0.04253521,
       0.03098592, 0.02935508, 0.02917505, 0.03903421, 0.04816901,
       0.03172721, 0.03855634, 0.01754161, 0.05070423, 0.03038229,
       0.02760563, 0.04244131, 0.03873239, 0.02366197, 0.05696401,
       0.01953052, 0.02472613, 0.03978873, 0.03830986, 0.03363712,
       0.03149808, 0.03726977, 0.02798122, 0.03496272, 0.05434963,
       0.01922841, 0.0431338 , 0.01840376, 0.03556338, 0.03755869,
       0.01126761, 0.04964789, 0.04469484, 0.04037559, 0.03921993,
       0.05472837, 0.03695112, 0.03365456, 0.02475908, 0.0258216 ]), 'class_median_width_scaled': array([0.03098592, 0.03661972, 0.03943662, 0.01690141, 0.03802817,
       0.04225352, 0.01408451, 0.03943662, 0.03943662, 0.03802817,
       0.05211268, 0.03098592, 0.01971831, 0.02535211, 0.02816901,
       0.00985915, 0.02816901, 0.02253521, 0.05070423, 0.06478873,
       0.02253521, 0.03380282, 0.01126761, 0.03380282, 0.01549296,
       0.01971831, 0.02957746, 0.02816901, 0.02253521, 0.03943662,
       0.02535211, 0.03380282, 0.02253521, 0.04225352, 0.05070423,
       0.02957746, 0.03380282, 0.06478873, 0.01267606, 0.01690141,
       0.03239437, 0.03661972, 0.01971831, 0.05352113, 0.03943662,
       0.03380282, 0.04647887, 0.0056338 , 0.04788732, 0.03661972,
       0.03661972, 0.04225352, 0.02253521, 0.01549296, 0.01690141,
       0.02816901, 0.01971831, 0.05352113, 0.03802817, 0.02816901,
       0.04225352, 0.01267606, 0.01690141, 0.00985915, 0.03098592,
       0.01971831, 0.02535211, 0.02816901, 0.01408451, 0.03802817,
       0.03802817, 0.01126761, 0.04647887, 0.03098592, 0.01690141,
       0.04507042, 0.06760563, 0.02535211, 0.03380282, 0.03521127,
       0.03943662, 0.02535211, 0.03943662, 0.01408451, 0.01408451,
       0.01408451, 0.02816901, 0.02816901, 0.03661972, 0.02676056,
       0.02535211, 0.05211268, 0.0084507 , 0.01690141, 0.04647887,
       0.01690141, 0.02535211, 0.03380282, 0.03802817, 0.02253521,
       0.02816901, 0.05070423, 0.02816901, 0.04788732, 0.04788732,
       0.03661972, 0.02816901, 0.03521127, 0.01126761, 0.03943662,
       0.04507042, 0.03943662, 0.04507042, 0.03098592, 0.05915493,
       0.01971831, 0.03661972, 0.02394366, 0.02535211, 0.02816901,
       0.01408451, 0.04929577, 0.01408451, 0.02253521, 0.02535211,
       0.04788732, 0.04647887, 0.05352113, 0.03661972, 0.02535211,
       0.04647887, 0.02112676, 0.04225352, 0.05352113, 0.01126761,
       0.03098592, 0.03661972, 0.02676056, 0.05070423, 0.02816901,
       0.02535211, 0.02535211, 0.04788732, 0.02816901, 0.01690141,
       0.03098592, 0.03661972, 0.02816901, 0.03380282, 0.03380282,
       0.03380282, 0.05352113, 0.03380282, 0.04929577, 0.03943662,
       0.04788732, 0.02112676, 0.03098592, 0.03098592, 0.01690141,
       0.02816901, 0.04225352, 0.05211268, 0.02535211, 0.02816901,
       0.03098592, 0.03943662, 0.04788732, 0.02253521, 0.04507042,
       0.01408451, 0.02112676, 0.03098592, 0.03943662, 0.00704225,
       0.05352113, 0.03661972, 0.02253521, 0.03380282, 0.03098592,
       0.03239437, 0.02394366, 0.01126761, 0.04225352, 0.01971831,
       0.0056338 , 0.03661972, 0.03239437, 0.0084507 , 0.01408451,
       0.03943662, 0.01971831, 0.02535211, 0.01971831, 0.04225352,
       0.0084507 , 0.01126761, 0.02535211, 0.05070423, 0.05352113,
       0.03380282, 0.05352113, 0.0084507 , 0.04647887, 0.02535211,
       0.01690141, 0.01830986, 0.03380282, 0.04225352, 0.01971831,
       0.0084507 , 0.03380282, 0.03239437, 0.01126761, 0.03098592,
       0.01971831, 0.04225352, 0.03380282, 0.02816901, 0.02535211,
       0.01690141, 0.01971831, 0.02253521, 0.02957746, 0.02535211,
       0.02816901, 0.05070423, 0.02816901, 0.02253521, 0.02676056,
       0.02816901, 0.02816901, 0.04647887, 0.03661972, 0.02535211,
       0.01126761, 0.02535211, 0.04084507, 0.02253521, 0.01690141,
       0.01126761, 0.01830986, 0.04507042, 0.01971831, 0.01690141,
       0.04366197, 0.01971831, 0.05211268, 0.02816901, 0.02112676,
       0.06478873, 0.03098592, 0.01830986, 0.03239437, 0.04507042,
       0.04507042, 0.02957746, 0.03098592, 0.01408451, 0.01408451,
       0.01126761, 0.04366197, 0.01690141, 0.03098592, 0.01126761,
       0.01830986, 0.03098592, 0.01549296, 0.01690141, 0.04366197,
       0.02253521, 0.02816901, 0.02816901, 0.04225352, 0.0084507 ,
       0.03521127, 0.01830986, 0.02535211, 0.03380282, 0.03661972,
       0.03380282, 0.03661972, 0.04225352, 0.0084507 , 0.03943662,
       0.01408451, 0.02816901, 0.02816901, 0.03098592, 0.04507042,
       0.01126761, 0.04366197, 0.01408451, 0.03943662, 0.04507042,
       0.04788732, 0.03661972, 0.02535211, 0.01267606, 0.03661972,
       0.04929577, 0.03098592, 0.03380282, 0.02676056, 0.03943662,
       0.01408451, 0.04929577, 0.02816901, 0.02253521, 0.02957746,
       0.01408451, 0.01408451, 0.05352113, 0.01126761, 0.04225352,
       0.03098592, 0.02253521, 0.03098592, 0.03521127, 0.05633803,
       0.03098592, 0.03239437, 0.01690141, 0.04366197, 0.03239437,
       0.02535211, 0.03943662, 0.03943662, 0.01971831, 0.05915493,
       0.01690141, 0.02394366, 0.04084507, 0.04225352, 0.03380282,
       0.02253521, 0.03521127, 0.01971831, 0.03098592, 0.05352113,
       0.01690141, 0.04366197, 0.01690141, 0.03661972, 0.03661972,
       0.00985915, 0.05070423, 0.04225352, 0.04225352, 0.04225352,
       0.05633803, 0.03661972, 0.02816901, 0.02253521, 0.01830986])}

Job completed at Thu Mar 20 05:03:30 PM PDT 2025
