Starting job at Thu Mar 20 05:03:13 PM PDT 2025
Job parameters:
Dataset: data_dionis
UQ Method: split_conformal_aps
Estimator: RandomForest
Seed: 777
Train Size: 0.8
Running split_conformal_aps on data_dionis with seed 777 and train size 0.8

starting experiment

data created

Fitting split_conformal_aps_RandomForest on data_dionis with seed 777

split_conformal_aps_RandomForest metrics: {'coverage': np.float64(0.8893333333333333), 'mean_width': np.float64(12.539), 'median_width': np.float64(11.0), 'mean_width_scaled': np.float64(0.03532112676056338), 'median_width_scaled': np.float64(0.030985915492957747)}

split_conformal_aps_RandomForest full metrics: {'coverage': np.float64(0.8893333333333333), 'mean_width': np.float64(12.539), 'median_width': np.float64(11.0), 'mean_width_scaled': np.float64(0.03532112676056338), 'median_width_scaled': np.float64(0.030985915492957747)}

split_conformal_aps_RandomForest class metrics: {'class_coverage': array([0.89285714, 0.8125    , 0.93333333, 0.95      , 0.96428571,
       0.73333333, 1.        , 0.66666667, 0.73333333, 0.83333333,
       0.83333333, 0.8       , 0.94444444, 1.        , 0.93333333,
       0.95      , 0.95      , 1.        , 1.        , 0.66666667,
       1.        , 0.79166667, 0.8125    , 1.        , 0.875     ,
       0.97222222, 1.        , 0.73333333, 1.        , 1.        ,
       1.        , 1.        , 1.        , 0.93333333, 0.86666667,
       1.        , 0.78571429, 0.73333333, 1.        , 0.75      ,
       0.875     , 0.8125    , 1.        , 0.53333333, 0.6       ,
       1.        , 0.83333333, 1.        , 0.94736842, 0.95      ,
       0.73333333, 0.94117647, 0.70588235, 1.        , 0.94736842,
       1.        , 0.93333333, 0.86666667, 0.64285714, 0.8       ,
       0.76470588, 1.        , 0.89473684, 0.92857143, 0.66666667,
       0.76470588, 0.83333333, 0.94117647, 0.89473684, 0.92857143,
       0.5       , 1.        , 0.8125    , 0.93333333, 0.93333333,
       0.73333333, 0.9375    , 0.94736842, 0.6       , 0.875     ,
       1.        , 0.80952381, 0.94117647, 0.94117647, 0.9375    ,
       0.64285714, 0.73684211, 1.        , 0.71428571, 0.9375    ,
       0.93333333, 0.8125    , 0.94117647, 0.86666667, 1.        ,
       0.89473684, 0.94117647, 0.93333333, 0.84615385, 0.84210526,
       0.8125    , 0.73333333, 0.86666667, 0.9375    , 0.94117647,
       0.73333333, 0.73333333, 0.4375    , 0.92307692, 1.        ,
       1.        , 0.8       , 0.85714286, 0.86666667, 0.8       ,
       1.        , 0.71428571, 0.9375    , 0.86666667, 0.8       ,
       1.        , 0.75      , 1.        , 0.77777778, 1.        ,
       0.84210526, 0.85714286, 0.94117647, 0.9375    , 1.        ,
       0.95      , 1.        , 0.93333333, 0.78571429, 0.46666667,
       1.        , 0.86666667, 1.        , 0.93333333, 1.        ,
       0.8       , 0.93333333, 0.93333333, 1.        , 1.        ,
       0.89473684, 0.86666667, 1.        , 0.64285714, 0.9375    ,
       1.        , 0.94444444, 1.        , 0.9375    , 0.94117647,
       0.94444444, 0.95454545, 0.85      , 0.93333333, 0.6       ,
       0.625     , 1.        , 0.85714286, 0.73333333, 0.8       ,
       1.        , 0.93333333, 1.        , 0.8       , 0.83333333,
       0.94117647, 0.9375    , 1.        , 0.8       , 0.875     ,
       0.93333333, 0.86666667, 0.875     , 0.8       , 0.93333333,
       0.875     , 0.5625    , 1.        , 0.86666667, 1.        ,
       1.        , 0.75      , 0.9375    , 1.        , 1.        ,
       0.94117647, 0.53333333, 0.93333333, 0.93333333, 0.85      ,
       0.76470588, 0.52941176, 0.93333333, 0.86666667, 0.88888889,
       0.93333333, 0.8       , 0.875     , 1.        , 0.9047619 ,
       1.        , 1.        , 0.8       , 1.        , 1.        ,
       0.85714286, 0.5625    , 0.9       , 0.73333333, 0.6875    ,
       0.84210526, 0.9375    , 0.93333333, 0.9375    , 1.        ,
       1.        , 0.9375    , 1.        , 0.9375    , 1.        ,
       0.93333333, 0.8       , 0.78571429, 1.        , 0.8125    ,
       0.9047619 , 0.55555556, 0.71428571, 0.94117647, 0.94117647,
       0.93333333, 0.875     , 0.9375    , 0.73333333, 0.86666667,
       0.86666667, 1.        , 1.        , 0.95      , 0.96428571,
       0.75      , 1.        , 0.9375    , 1.        , 1.        ,
       0.875     , 0.57142857, 0.85714286, 1.        , 0.84      ,
       0.86666667, 0.77777778, 0.89473684, 0.95238095, 1.        ,
       0.95      , 0.875     , 0.86666667, 1.        , 0.93333333,
       1.        , 0.94117647, 1.        , 1.        , 0.64285714,
       0.93333333, 0.82352941, 1.        , 0.8       , 0.95238095,
       1.        , 0.94444444, 0.75      , 0.92307692, 1.        ,
       0.86666667, 0.95      , 0.86666667, 0.86956522, 0.66666667,
       1.        , 0.94444444, 1.        , 0.82608696, 1.        ,
       1.        , 0.95      , 1.        , 1.        , 0.9375    ,
       0.71428571, 1.        , 0.95833333, 0.6875    , 0.8       ,
       0.92857143, 1.        , 0.86666667, 0.5       , 0.86666667,
       1.        , 0.6875    , 1.        , 0.8       , 0.94444444,
       0.94444444, 0.93333333, 0.78571429, 0.95652174, 0.8       ,
       1.        , 1.        , 0.71428571, 0.92857143, 0.85      ,
       0.89473684, 0.5625    , 0.90909091, 0.75      , 1.        ,
       1.        , 0.53333333, 0.9375    , 0.73333333, 0.83333333,
       0.93333333, 0.88888889, 1.        , 0.93333333, 0.88235294,
       0.95454545, 1.        , 0.86666667, 0.94117647, 0.88235294,
       0.95652174, 0.9375    , 0.66666667, 0.9375    , 0.86666667,
       0.94444444, 0.9375    , 0.93333333, 0.8       , 0.84615385,
       1.        , 0.94117647, 0.94736842, 1.        , 1.        ]), 'class_mean_width': array([13.03571429, 16.5625    , 18.33333333, 21.05      , 11.82142857,
       16.13333333,  5.5       , 16.93333333, 16.26666667, 11.94444444,
       20.77777778, 15.46666667, 10.94444444, 12.8       , 13.93333333,
        5.9       , 12.8       , 12.63157895, 15.        , 15.8       ,
        7.06666667, 15.16666667,  8.625     , 13.73684211, 11.5625    ,
        9.02777778, 13.21428571,  9.53333333,  8.84615385, 13.5       ,
       11.42105263, 12.        , 10.82352941, 14.4       , 14.8       ,
       16.3125    , 15.14285714, 22.26666667, 12.21428571,  8.        ,
       15.        , 15.        ,  7.88235294, 19.6       , 16.        ,
       14.26666667, 19.77777778,  5.        , 14.63157895,  9.05      ,
       15.66666667, 20.05882353, 10.70588235,  9.94444444,  8.52631579,
       15.13333333,  8.06666667, 20.93333333, 15.5       , 11.66666667,
       15.94117647,  7.1875    , 11.26315789,  6.85714286, 15.2       ,
        6.94117647, 14.27777778, 13.41176471, 13.10526316, 16.07142857,
       11.5       , 36.0952381 , 13.4375    ,  6.26666667, 14.93333333,
       14.46666667, 19.1875    ,  8.78947368, 12.93333333,  9.625     ,
       13.73684211, 10.0952381 , 18.35294118, 10.88235294,  6.0625    ,
       12.07142857,  9.42105263,  7.        , 15.71428571, 10.625     ,
       13.4       , 14.4375    ,  7.70588235,  7.33333333, 18.25      ,
       10.63157895, 12.35294118, 14.33333333, 14.53846154,  9.78947368,
       11.9375    , 17.46666667, 13.53333333, 11.1875    , 21.23529412,
       14.8       , 11.        , 10.75      ,  6.30769231, 10.7       ,
       19.73333333, 18.13333333, 18.78571429, 12.8       , 21.13333333,
        8.0625    , 14.78571429, 10.375     , 16.8       , 12.13333333,
        5.63157895, 15.6875    ,  4.64      , 12.33333333,  9.5       ,
       17.47368421, 16.5       , 19.64705882, 10.375     , 11.35294118,
       15.05      , 10.21428571, 13.93333333, 20.14285714,  8.86666667,
       13.06666667, 14.6       ,  6.61111111, 17.13333333,  7.6875    ,
       14.86666667, 10.8       , 13.66666667, 13.26666667, 20.7826087 ,
       13.52631579, 13.13333333, 11.93333333, 12.07142857, 15.5       ,
       15.27777778, 18.77777778, 12.23529412, 21.25      , 16.05882353,
       12.05555556,  6.09090909, 12.9       ,  7.93333333,  7.86666667,
       13.5       , 11.21052632, 16.21428571, 14.26666667, 15.        ,
       17.89473684, 10.4       , 21.70588235,  8.        , 13.22222222,
        8.88235294,  8.75      ,  8.65217391, 15.13333333,  6.875     ,
       14.2       , 12.73333333, 13.6875    , 13.8       , 21.        ,
       15.25      ,  8.8125    ,  6.0625    , 13.4       , 14.93333333,
        7.06666667, 12.8125    , 13.0625    ,  7.6875    ,  4.72222222,
       16.11764706,  7.93333333,  6.13333333, 10.        , 11.6       ,
        4.94117647, 10.88235294, 12.93333333, 12.93333333, 16.22222222,
       13.26666667, 14.4       ,  5.25      , 14.3125    , 11.        ,
        8.84210526,  3.31818182, 14.2       , 15.9047619 ,  8.46666667,
        5.21428571, 11.9375    , 11.55      ,  6.2       , 14.375     ,
       12.10526316, 15.875     , 12.4       ,  8.8125    , 15.85714286,
        7.41176471, 15.125     ,  9.5       ,  9.5625    ,  8.84615385,
       16.2       , 16.        , 19.71428571,  9.33333333, 11.3125    ,
       12.80952381, 15.05555556, 13.64285714, 18.58823529,  5.82352941,
        9.66666667, 17.4375    , 13.1875    , 17.2       , 12.4       ,
        7.46666667,  7.81818182, 17.05555556,  9.85      ,  6.42857143,
       16.625     ,  8.5       , 16.1875    , 10.5625    ,  7.72727273,
       21.3125    , 16.28571429, 13.35714286,  8.11111111, 16.68      ,
       13.86666667, 14.05555556, 13.89473684, 10.76190476,  8.15      ,
       24.65      , 16.5625    ,  4.73333333, 13.73333333,  7.06666667,
       10.5       , 10.17647059,  9.75      ,  5.03846154, 17.71428571,
       10.8       , 10.        , 16.2       , 18.13333333,  7.95238095,
       12.625     , 12.94444444, 11.5625    , 10.38461538, 11.06666667,
       11.66666667, 10.55      , 14.93333333,  3.95652174, 15.6       ,
       17.61764706,  6.88888889, 13.8       , 13.34782609, 14.6875    ,
        6.77777778,  7.8       ,  7.08695652, 11.75      , 14.75      ,
       20.71428571, 16.        , 13.79166667, 16.5       , 16.8       ,
       10.07142857,  9.73333333, 13.86666667, 12.42857143, 14.06666667,
        6.53333333, 19.6875    , 10.66666667, 17.        , 11.83333333,
        6.44444444,  4.93333333, 15.57142857,  5.2173913 , 18.        ,
       10.04545455,  8.47368421, 14.78571429, 14.42857143, 19.75      ,
        6.89473684, 16.3125    ,  5.5       , 16.25      , 13.85714286,
       10.93333333, 13.73333333, 11.8125    ,  9.53333333, 17.83333333,
        8.33333333,  9.77777778, 18.4375    , 15.4       , 11.17647059,
       10.31818182, 14.03846154,  6.73333333, 11.88235294, 16.41176471,
        7.73913043, 15.25      ,  9.2       , 14.        , 17.13333333,
        5.11111111, 14.8125    , 17.06666667, 15.26666667, 12.84615385,
       13.57142857, 11.64705882, 11.42105263,  9.26315789, 11.44444444]), 'class_median_width': array([13. , 14.5, 17. ,  1.5, 11.5, 16. ,  2. , 16. , 15. ,  9.5, 22. ,
       15. ,  9.5, 12. , 15. ,  4. , 12.5, 12. , 15. , 15. ,  7. , 16. ,
        7.5, 13. ,  9. ,  7. ,  9. ,  9. ,  8. , 13. , 12. , 12. , 11. ,
       12. , 13. , 15. , 16. , 21. , 12.5,  5.5, 15. , 13.5,  7. , 18. ,
       18. , 13. , 21. ,  3. , 14. ,  4.5, 15. , 19. ,  8. ,  7. ,  8. ,
       15. ,  7. , 21. , 14. , 11. , 15. ,  7.5,  8. ,  3.5, 12. ,  6. ,
       13.5, 13. , 13. , 14.5, 13. ,  2. , 12. ,  4. , 15. , 14. , 18.5,
       10. , 13. ,  8.5, 14. ,  9. , 18. , 10. ,  4. , 11.5,  8. ,  4. ,
       16. , 10.5, 13. , 17. ,  6. ,  5. , 18. , 11. , 11. , 16. , 13. ,
       11. , 12.5, 16. , 13. , 10. , 21. , 14. , 11. , 10.5,  5. ,  8.5,
       18. , 18. , 16.5, 11. , 19. ,  7. , 14.5, 10.5, 16. , 11. ,  4. ,
       16. ,  3. ,  9.5,  8. , 20. , 15.5, 20. ,  9. , 10. , 15. ,  9.5,
       13. , 20. ,  7. , 11. , 12. ,  5. , 18. ,  6.5, 15. ,  8. , 12. ,
       14. ,  5. , 13. , 12. , 11. , 12.5, 15. , 17.5, 18. , 10. , 20.5,
       14. , 12. ,  6. , 12. ,  7. ,  7. , 13. , 10. , 17. , 12. , 14. ,
       17. , 11. , 21. ,  6. , 14. ,  7. ,  8.5,  7. , 14. ,  5.5, 14. ,
       11. , 12. , 15. , 22. , 14. ,  8. ,  4. , 12. , 13. ,  5. , 12.5,
       14. ,  7.5,  4. , 14. ,  6. ,  5. ,  9. , 13. ,  4. ,  9. , 10. ,
       12. , 15.5, 11. , 12. ,  5. , 14. ,  6. ,  8. ,  3.5, 15. , 18. ,
        7. ,  4.5, 10. , 10. ,  4. , 15. , 12. , 15. , 12. ,  7.5, 14. ,
        5. , 11. ,  9. ,  9. ,  7. , 16. , 14. , 17.5,  8. , 11.5, 12. ,
       15. , 12. , 19. ,  6. , 11. , 15. , 13.5, 17. , 11. ,  7. ,  6. ,
       20. ,  9. ,  6. , 15.5,  8. , 16.5,  9.5,  6. , 20.5, 15.5, 12.5,
        8. , 17. , 13. , 13. , 14. , 10. ,  5.5,  2.5, 15. ,  4. , 13. ,
        5. , 10. ,  5. ,  9.5,  4. , 15. ,  9. ,  8. , 17. , 16. ,  6. ,
       12. , 12. ,  9.5, 10. , 11. , 12. ,  9. , 14. ,  4. , 13. ,  6. ,
        6.5, 13. , 12. , 12.5,  6.5,  9. ,  5. , 10.5, 15. , 22. , 16. ,
       12. , 13.5, 18. ,  9. , 10. , 14. , 12.5, 13. ,  6. , 19. , 10. ,
       15. , 10. ,  6. ,  4. , 15. ,  4. , 16. ,  7. ,  6. , 11. , 15. ,
       20. ,  7. , 15. ,  3.5, 16. , 14. , 10. , 13. ,  7. ,  7. , 18.5,
        7. ,  8.5, 18. , 13. , 10. ,  8. , 16.5,  5. , 11. , 17. ,  6. ,
       14. ,  7. , 13. , 18. ,  3. , 15. , 17. , 16. , 13. , 13. ,  9. ,
       10. ,  8. ,  9. ]), 'class_mean_width_scaled': array([0.03672032, 0.04665493, 0.05164319, 0.05929577, 0.0332998 ,
       0.04544601, 0.01549296, 0.04769953, 0.0458216 , 0.03364632,
       0.05852895, 0.04356808, 0.03082942, 0.03605634, 0.03924883,
       0.01661972, 0.03605634, 0.03558191, 0.04225352, 0.04450704,
       0.0199061 , 0.042723  , 0.02429577, 0.03869533, 0.03257042,
       0.02543036, 0.03722334, 0.02685446, 0.02491874, 0.03802817,
       0.03217198, 0.03380282, 0.03048882, 0.04056338, 0.04169014,
       0.0459507 , 0.04265594, 0.062723  , 0.03440644, 0.02253521,
       0.04225352, 0.04225352, 0.02220381, 0.05521127, 0.04507042,
       0.04018779, 0.05571205, 0.01408451, 0.04121572, 0.02549296,
       0.04413146, 0.05650373, 0.03015742, 0.02801252, 0.02401779,
       0.04262911, 0.022723  , 0.05896714, 0.04366197, 0.03286385,
       0.04490472, 0.02024648, 0.03172721, 0.0193159 , 0.0428169 ,
       0.01955261, 0.04021909, 0.03777962, 0.03691623, 0.04527163,
       0.03239437, 0.10167673, 0.03785211, 0.01765258, 0.04206573,
       0.04075117, 0.0540493 , 0.02475908, 0.03643192, 0.02711268,
       0.03869533, 0.02843729, 0.05169843, 0.03065452, 0.01707746,
       0.03400402, 0.02653818, 0.01971831, 0.04426559, 0.02992958,
       0.03774648, 0.04066901, 0.02170671, 0.02065728, 0.05140845,
       0.02994811, 0.03479702, 0.04037559, 0.04095341, 0.02757598,
       0.03362676, 0.04920188, 0.03812207, 0.03151408, 0.05981773,
       0.04169014, 0.03098592, 0.03028169, 0.01776815, 0.03014085,
       0.05558685, 0.05107981, 0.05291751, 0.03605634, 0.05953052,
       0.02271127, 0.0416499 , 0.02922535, 0.04732394, 0.0341784 ,
       0.0158636 , 0.04419014, 0.01307042, 0.03474178, 0.02676056,
       0.04922165, 0.04647887, 0.05534383, 0.02922535, 0.03198012,
       0.04239437, 0.02877264, 0.03924883, 0.05674044, 0.02497653,
       0.03680751, 0.04112676, 0.01862285, 0.04826291, 0.02165493,
       0.04187793, 0.03042254, 0.03849765, 0.03737089, 0.05854256,
       0.0381023 , 0.03699531, 0.03361502, 0.03400402, 0.04366197,
       0.04303599, 0.05289515, 0.03446562, 0.05985915, 0.04523612,
       0.03395931, 0.01715749, 0.03633803, 0.02234742, 0.02215962,
       0.03802817, 0.03157895, 0.04567404, 0.04018779, 0.04225352,
       0.05040771, 0.02929577, 0.06114333, 0.02253521, 0.0372457 ,
       0.02502071, 0.02464789, 0.02437232, 0.04262911, 0.0193662 ,
       0.04      , 0.03586854, 0.03855634, 0.03887324, 0.05915493,
       0.04295775, 0.02482394, 0.01707746, 0.03774648, 0.04206573,
       0.0199061 , 0.03609155, 0.03679577, 0.02165493, 0.01330203,
       0.04540182, 0.02234742, 0.017277  , 0.02816901, 0.03267606,
       0.01391881, 0.03065452, 0.03643192, 0.03643192, 0.0456964 ,
       0.03737089, 0.04056338, 0.01478873, 0.0403169 , 0.03098592,
       0.02490734, 0.00934699, 0.04      , 0.04480215, 0.02384977,
       0.01468813, 0.03362676, 0.03253521, 0.01746479, 0.04049296,
       0.03409933, 0.04471831, 0.03492958, 0.02482394, 0.04466801,
       0.02087821, 0.04260563, 0.02676056, 0.02693662, 0.02491874,
       0.0456338 , 0.04507042, 0.0555332 , 0.02629108, 0.0318662 ,
       0.03608317, 0.04241002, 0.03843058, 0.05236123, 0.01640431,
       0.02723005, 0.04911972, 0.03714789, 0.0484507 , 0.03492958,
       0.02103286, 0.02202305, 0.04804382, 0.02774648, 0.01810865,
       0.04683099, 0.02394366, 0.04559859, 0.02975352, 0.02176697,
       0.06003521, 0.04587525, 0.03762575, 0.0228482 , 0.04698592,
       0.03906103, 0.03959311, 0.0391401 , 0.03031522, 0.02295775,
       0.06943662, 0.04665493, 0.01333333, 0.03868545, 0.0199061 ,
       0.02957746, 0.02866611, 0.02746479, 0.01419285, 0.0498994 ,
       0.03042254, 0.02816901, 0.0456338 , 0.05107981, 0.02240107,
       0.03556338, 0.03646322, 0.03257042, 0.02925244, 0.03117371,
       0.03286385, 0.02971831, 0.04206573, 0.01114513, 0.04394366,
       0.04962717, 0.01940532, 0.03887324, 0.03759951, 0.04137324,
       0.01909233, 0.02197183, 0.01996326, 0.03309859, 0.0415493 ,
       0.0583501 , 0.04507042, 0.03884977, 0.04647887, 0.04732394,
       0.02837022, 0.02741784, 0.03906103, 0.03501006, 0.03962441,
       0.01840376, 0.05545775, 0.03004695, 0.04788732, 0.03333333,
       0.01815336, 0.01389671, 0.04386318, 0.01469688, 0.05070423,
       0.02829706, 0.02386953, 0.0416499 , 0.04064386, 0.0556338 ,
       0.01942179, 0.0459507 , 0.01549296, 0.04577465, 0.03903421,
       0.03079812, 0.03868545, 0.03327465, 0.02685446, 0.05023474,
       0.02347418, 0.02754304, 0.05193662, 0.04338028, 0.03148302,
       0.0290653 , 0.03954496, 0.01896714, 0.03347142, 0.04623032,
       0.02180037, 0.04295775, 0.02591549, 0.03943662, 0.04826291,
       0.0143975 , 0.04172535, 0.04807512, 0.04300469, 0.03618635,
       0.03822938, 0.03280862, 0.03217198, 0.0260934 , 0.03223787]), 'class_median_width_scaled': array([0.03661972, 0.04084507, 0.04788732, 0.00422535, 0.03239437,
       0.04507042, 0.0056338 , 0.04507042, 0.04225352, 0.02676056,
       0.06197183, 0.04225352, 0.02676056, 0.03380282, 0.04225352,
       0.01126761, 0.03521127, 0.03380282, 0.04225352, 0.04225352,
       0.01971831, 0.04507042, 0.02112676, 0.03661972, 0.02535211,
       0.01971831, 0.02535211, 0.02535211, 0.02253521, 0.03661972,
       0.03380282, 0.03380282, 0.03098592, 0.03380282, 0.03661972,
       0.04225352, 0.04507042, 0.05915493, 0.03521127, 0.01549296,
       0.04225352, 0.03802817, 0.01971831, 0.05070423, 0.05070423,
       0.03661972, 0.05915493, 0.0084507 , 0.03943662, 0.01267606,
       0.04225352, 0.05352113, 0.02253521, 0.01971831, 0.02253521,
       0.04225352, 0.01971831, 0.05915493, 0.03943662, 0.03098592,
       0.04225352, 0.02112676, 0.02253521, 0.00985915, 0.03380282,
       0.01690141, 0.03802817, 0.03661972, 0.03661972, 0.04084507,
       0.03661972, 0.0056338 , 0.03380282, 0.01126761, 0.04225352,
       0.03943662, 0.05211268, 0.02816901, 0.03661972, 0.02394366,
       0.03943662, 0.02535211, 0.05070423, 0.02816901, 0.01126761,
       0.03239437, 0.02253521, 0.01126761, 0.04507042, 0.02957746,
       0.03661972, 0.04788732, 0.01690141, 0.01408451, 0.05070423,
       0.03098592, 0.03098592, 0.04507042, 0.03661972, 0.03098592,
       0.03521127, 0.04507042, 0.03661972, 0.02816901, 0.05915493,
       0.03943662, 0.03098592, 0.02957746, 0.01408451, 0.02394366,
       0.05070423, 0.05070423, 0.04647887, 0.03098592, 0.05352113,
       0.01971831, 0.04084507, 0.02957746, 0.04507042, 0.03098592,
       0.01126761, 0.04507042, 0.0084507 , 0.02676056, 0.02253521,
       0.05633803, 0.04366197, 0.05633803, 0.02535211, 0.02816901,
       0.04225352, 0.02676056, 0.03661972, 0.05633803, 0.01971831,
       0.03098592, 0.03380282, 0.01408451, 0.05070423, 0.01830986,
       0.04225352, 0.02253521, 0.03380282, 0.03943662, 0.01408451,
       0.03661972, 0.03380282, 0.03098592, 0.03521127, 0.04225352,
       0.04929577, 0.05070423, 0.02816901, 0.05774648, 0.03943662,
       0.03380282, 0.01690141, 0.03380282, 0.01971831, 0.01971831,
       0.03661972, 0.02816901, 0.04788732, 0.03380282, 0.03943662,
       0.04788732, 0.03098592, 0.05915493, 0.01690141, 0.03943662,
       0.01971831, 0.02394366, 0.01971831, 0.03943662, 0.01549296,
       0.03943662, 0.03098592, 0.03380282, 0.04225352, 0.06197183,
       0.03943662, 0.02253521, 0.01126761, 0.03380282, 0.03661972,
       0.01408451, 0.03521127, 0.03943662, 0.02112676, 0.01126761,
       0.03943662, 0.01690141, 0.01408451, 0.02535211, 0.03661972,
       0.01126761, 0.02535211, 0.02816901, 0.03380282, 0.04366197,
       0.03098592, 0.03380282, 0.01408451, 0.03943662, 0.01690141,
       0.02253521, 0.00985915, 0.04225352, 0.05070423, 0.01971831,
       0.01267606, 0.02816901, 0.02816901, 0.01126761, 0.04225352,
       0.03380282, 0.04225352, 0.03380282, 0.02112676, 0.03943662,
       0.01408451, 0.03098592, 0.02535211, 0.02535211, 0.01971831,
       0.04507042, 0.03943662, 0.04929577, 0.02253521, 0.03239437,
       0.03380282, 0.04225352, 0.03380282, 0.05352113, 0.01690141,
       0.03098592, 0.04225352, 0.03802817, 0.04788732, 0.03098592,
       0.01971831, 0.01690141, 0.05633803, 0.02535211, 0.01690141,
       0.04366197, 0.02253521, 0.04647887, 0.02676056, 0.01690141,
       0.05774648, 0.04366197, 0.03521127, 0.02253521, 0.04788732,
       0.03661972, 0.03661972, 0.03943662, 0.02816901, 0.01549296,
       0.00704225, 0.04225352, 0.01126761, 0.03661972, 0.01408451,
       0.02816901, 0.01408451, 0.02676056, 0.01126761, 0.04225352,
       0.02535211, 0.02253521, 0.04788732, 0.04507042, 0.01690141,
       0.03380282, 0.03380282, 0.02676056, 0.02816901, 0.03098592,
       0.03380282, 0.02535211, 0.03943662, 0.01126761, 0.03661972,
       0.01690141, 0.01830986, 0.03661972, 0.03380282, 0.03521127,
       0.01830986, 0.02535211, 0.01408451, 0.02957746, 0.04225352,
       0.06197183, 0.04507042, 0.03380282, 0.03802817, 0.05070423,
       0.02535211, 0.02816901, 0.03943662, 0.03521127, 0.03661972,
       0.01690141, 0.05352113, 0.02816901, 0.04225352, 0.02816901,
       0.01690141, 0.01126761, 0.04225352, 0.01126761, 0.04507042,
       0.01971831, 0.01690141, 0.03098592, 0.04225352, 0.05633803,
       0.01971831, 0.04225352, 0.00985915, 0.04507042, 0.03943662,
       0.02816901, 0.03661972, 0.01971831, 0.01971831, 0.05211268,
       0.01971831, 0.02394366, 0.05070423, 0.03661972, 0.02816901,
       0.02253521, 0.04647887, 0.01408451, 0.03098592, 0.04788732,
       0.01690141, 0.03943662, 0.01971831, 0.03661972, 0.05070423,
       0.0084507 , 0.04225352, 0.04788732, 0.04507042, 0.03661972,
       0.03661972, 0.02535211, 0.02816901, 0.02253521, 0.02535211])}

split_conformal_aps_RandomForest full class metrics: {'class_coverage': array([0.89285714, 0.8125    , 0.93333333, 0.95      , 0.96428571,
       0.73333333, 1.        , 0.66666667, 0.73333333, 0.83333333,
       0.83333333, 0.8       , 0.94444444, 1.        , 0.93333333,
       0.95      , 0.95      , 1.        , 1.        , 0.66666667,
       1.        , 0.79166667, 0.8125    , 1.        , 0.875     ,
       0.97222222, 1.        , 0.73333333, 1.        , 1.        ,
       1.        , 1.        , 1.        , 0.93333333, 0.86666667,
       1.        , 0.78571429, 0.73333333, 1.        , 0.75      ,
       0.875     , 0.8125    , 1.        , 0.53333333, 0.6       ,
       1.        , 0.83333333, 1.        , 0.94736842, 0.95      ,
       0.73333333, 0.94117647, 0.70588235, 1.        , 0.94736842,
       1.        , 0.93333333, 0.86666667, 0.64285714, 0.8       ,
       0.76470588, 1.        , 0.89473684, 0.92857143, 0.66666667,
       0.76470588, 0.83333333, 0.94117647, 0.89473684, 0.92857143,
       0.5       , 1.        , 0.8125    , 0.93333333, 0.93333333,
       0.73333333, 0.9375    , 0.94736842, 0.6       , 0.875     ,
       1.        , 0.80952381, 0.94117647, 0.94117647, 0.9375    ,
       0.64285714, 0.73684211, 1.        , 0.71428571, 0.9375    ,
       0.93333333, 0.8125    , 0.94117647, 0.86666667, 1.        ,
       0.89473684, 0.94117647, 0.93333333, 0.84615385, 0.84210526,
       0.8125    , 0.73333333, 0.86666667, 0.9375    , 0.94117647,
       0.73333333, 0.73333333, 0.4375    , 0.92307692, 1.        ,
       1.        , 0.8       , 0.85714286, 0.86666667, 0.8       ,
       1.        , 0.71428571, 0.9375    , 0.86666667, 0.8       ,
       1.        , 0.75      , 1.        , 0.77777778, 1.        ,
       0.84210526, 0.85714286, 0.94117647, 0.9375    , 1.        ,
       0.95      , 1.        , 0.93333333, 0.78571429, 0.46666667,
       1.        , 0.86666667, 1.        , 0.93333333, 1.        ,
       0.8       , 0.93333333, 0.93333333, 1.        , 1.        ,
       0.89473684, 0.86666667, 1.        , 0.64285714, 0.9375    ,
       1.        , 0.94444444, 1.        , 0.9375    , 0.94117647,
       0.94444444, 0.95454545, 0.85      , 0.93333333, 0.6       ,
       0.625     , 1.        , 0.85714286, 0.73333333, 0.8       ,
       1.        , 0.93333333, 1.        , 0.8       , 0.83333333,
       0.94117647, 0.9375    , 1.        , 0.8       , 0.875     ,
       0.93333333, 0.86666667, 0.875     , 0.8       , 0.93333333,
       0.875     , 0.5625    , 1.        , 0.86666667, 1.        ,
       1.        , 0.75      , 0.9375    , 1.        , 1.        ,
       0.94117647, 0.53333333, 0.93333333, 0.93333333, 0.85      ,
       0.76470588, 0.52941176, 0.93333333, 0.86666667, 0.88888889,
       0.93333333, 0.8       , 0.875     , 1.        , 0.9047619 ,
       1.        , 1.        , 0.8       , 1.        , 1.        ,
       0.85714286, 0.5625    , 0.9       , 0.73333333, 0.6875    ,
       0.84210526, 0.9375    , 0.93333333, 0.9375    , 1.        ,
       1.        , 0.9375    , 1.        , 0.9375    , 1.        ,
       0.93333333, 0.8       , 0.78571429, 1.        , 0.8125    ,
       0.9047619 , 0.55555556, 0.71428571, 0.94117647, 0.94117647,
       0.93333333, 0.875     , 0.9375    , 0.73333333, 0.86666667,
       0.86666667, 1.        , 1.        , 0.95      , 0.96428571,
       0.75      , 1.        , 0.9375    , 1.        , 1.        ,
       0.875     , 0.57142857, 0.85714286, 1.        , 0.84      ,
       0.86666667, 0.77777778, 0.89473684, 0.95238095, 1.        ,
       0.95      , 0.875     , 0.86666667, 1.        , 0.93333333,
       1.        , 0.94117647, 1.        , 1.        , 0.64285714,
       0.93333333, 0.82352941, 1.        , 0.8       , 0.95238095,
       1.        , 0.94444444, 0.75      , 0.92307692, 1.        ,
       0.86666667, 0.95      , 0.86666667, 0.86956522, 0.66666667,
       1.        , 0.94444444, 1.        , 0.82608696, 1.        ,
       1.        , 0.95      , 1.        , 1.        , 0.9375    ,
       0.71428571, 1.        , 0.95833333, 0.6875    , 0.8       ,
       0.92857143, 1.        , 0.86666667, 0.5       , 0.86666667,
       1.        , 0.6875    , 1.        , 0.8       , 0.94444444,
       0.94444444, 0.93333333, 0.78571429, 0.95652174, 0.8       ,
       1.        , 1.        , 0.71428571, 0.92857143, 0.85      ,
       0.89473684, 0.5625    , 0.90909091, 0.75      , 1.        ,
       1.        , 0.53333333, 0.9375    , 0.73333333, 0.83333333,
       0.93333333, 0.88888889, 1.        , 0.93333333, 0.88235294,
       0.95454545, 1.        , 0.86666667, 0.94117647, 0.88235294,
       0.95652174, 0.9375    , 0.66666667, 0.9375    , 0.86666667,
       0.94444444, 0.9375    , 0.93333333, 0.8       , 0.84615385,
       1.        , 0.94117647, 0.94736842, 1.        , 1.        ]), 'class_mean_width': array([13.03571429, 16.5625    , 18.33333333, 21.05      , 11.82142857,
       16.13333333,  5.5       , 16.93333333, 16.26666667, 11.94444444,
       20.77777778, 15.46666667, 10.94444444, 12.8       , 13.93333333,
        5.9       , 12.8       , 12.63157895, 15.        , 15.8       ,
        7.06666667, 15.16666667,  8.625     , 13.73684211, 11.5625    ,
        9.02777778, 13.21428571,  9.53333333,  8.84615385, 13.5       ,
       11.42105263, 12.        , 10.82352941, 14.4       , 14.8       ,
       16.3125    , 15.14285714, 22.26666667, 12.21428571,  8.        ,
       15.        , 15.        ,  7.88235294, 19.6       , 16.        ,
       14.26666667, 19.77777778,  5.        , 14.63157895,  9.05      ,
       15.66666667, 20.05882353, 10.70588235,  9.94444444,  8.52631579,
       15.13333333,  8.06666667, 20.93333333, 15.5       , 11.66666667,
       15.94117647,  7.1875    , 11.26315789,  6.85714286, 15.2       ,
        6.94117647, 14.27777778, 13.41176471, 13.10526316, 16.07142857,
       11.5       , 36.0952381 , 13.4375    ,  6.26666667, 14.93333333,
       14.46666667, 19.1875    ,  8.78947368, 12.93333333,  9.625     ,
       13.73684211, 10.0952381 , 18.35294118, 10.88235294,  6.0625    ,
       12.07142857,  9.42105263,  7.        , 15.71428571, 10.625     ,
       13.4       , 14.4375    ,  7.70588235,  7.33333333, 18.25      ,
       10.63157895, 12.35294118, 14.33333333, 14.53846154,  9.78947368,
       11.9375    , 17.46666667, 13.53333333, 11.1875    , 21.23529412,
       14.8       , 11.        , 10.75      ,  6.30769231, 10.7       ,
       19.73333333, 18.13333333, 18.78571429, 12.8       , 21.13333333,
        8.0625    , 14.78571429, 10.375     , 16.8       , 12.13333333,
        5.63157895, 15.6875    ,  4.64      , 12.33333333,  9.5       ,
       17.47368421, 16.5       , 19.64705882, 10.375     , 11.35294118,
       15.05      , 10.21428571, 13.93333333, 20.14285714,  8.86666667,
       13.06666667, 14.6       ,  6.61111111, 17.13333333,  7.6875    ,
       14.86666667, 10.8       , 13.66666667, 13.26666667, 20.7826087 ,
       13.52631579, 13.13333333, 11.93333333, 12.07142857, 15.5       ,
       15.27777778, 18.77777778, 12.23529412, 21.25      , 16.05882353,
       12.05555556,  6.09090909, 12.9       ,  7.93333333,  7.86666667,
       13.5       , 11.21052632, 16.21428571, 14.26666667, 15.        ,
       17.89473684, 10.4       , 21.70588235,  8.        , 13.22222222,
        8.88235294,  8.75      ,  8.65217391, 15.13333333,  6.875     ,
       14.2       , 12.73333333, 13.6875    , 13.8       , 21.        ,
       15.25      ,  8.8125    ,  6.0625    , 13.4       , 14.93333333,
        7.06666667, 12.8125    , 13.0625    ,  7.6875    ,  4.72222222,
       16.11764706,  7.93333333,  6.13333333, 10.        , 11.6       ,
        4.94117647, 10.88235294, 12.93333333, 12.93333333, 16.22222222,
       13.26666667, 14.4       ,  5.25      , 14.3125    , 11.        ,
        8.84210526,  3.31818182, 14.2       , 15.9047619 ,  8.46666667,
        5.21428571, 11.9375    , 11.55      ,  6.2       , 14.375     ,
       12.10526316, 15.875     , 12.4       ,  8.8125    , 15.85714286,
        7.41176471, 15.125     ,  9.5       ,  9.5625    ,  8.84615385,
       16.2       , 16.        , 19.71428571,  9.33333333, 11.3125    ,
       12.80952381, 15.05555556, 13.64285714, 18.58823529,  5.82352941,
        9.66666667, 17.4375    , 13.1875    , 17.2       , 12.4       ,
        7.46666667,  7.81818182, 17.05555556,  9.85      ,  6.42857143,
       16.625     ,  8.5       , 16.1875    , 10.5625    ,  7.72727273,
       21.3125    , 16.28571429, 13.35714286,  8.11111111, 16.68      ,
       13.86666667, 14.05555556, 13.89473684, 10.76190476,  8.15      ,
       24.65      , 16.5625    ,  4.73333333, 13.73333333,  7.06666667,
       10.5       , 10.17647059,  9.75      ,  5.03846154, 17.71428571,
       10.8       , 10.        , 16.2       , 18.13333333,  7.95238095,
       12.625     , 12.94444444, 11.5625    , 10.38461538, 11.06666667,
       11.66666667, 10.55      , 14.93333333,  3.95652174, 15.6       ,
       17.61764706,  6.88888889, 13.8       , 13.34782609, 14.6875    ,
        6.77777778,  7.8       ,  7.08695652, 11.75      , 14.75      ,
       20.71428571, 16.        , 13.79166667, 16.5       , 16.8       ,
       10.07142857,  9.73333333, 13.86666667, 12.42857143, 14.06666667,
        6.53333333, 19.6875    , 10.66666667, 17.        , 11.83333333,
        6.44444444,  4.93333333, 15.57142857,  5.2173913 , 18.        ,
       10.04545455,  8.47368421, 14.78571429, 14.42857143, 19.75      ,
        6.89473684, 16.3125    ,  5.5       , 16.25      , 13.85714286,
       10.93333333, 13.73333333, 11.8125    ,  9.53333333, 17.83333333,
        8.33333333,  9.77777778, 18.4375    , 15.4       , 11.17647059,
       10.31818182, 14.03846154,  6.73333333, 11.88235294, 16.41176471,
        7.73913043, 15.25      ,  9.2       , 14.        , 17.13333333,
        5.11111111, 14.8125    , 17.06666667, 15.26666667, 12.84615385,
       13.57142857, 11.64705882, 11.42105263,  9.26315789, 11.44444444]), 'class_median_width': array([13. , 14.5, 17. ,  1.5, 11.5, 16. ,  2. , 16. , 15. ,  9.5, 22. ,
       15. ,  9.5, 12. , 15. ,  4. , 12.5, 12. , 15. , 15. ,  7. , 16. ,
        7.5, 13. ,  9. ,  7. ,  9. ,  9. ,  8. , 13. , 12. , 12. , 11. ,
       12. , 13. , 15. , 16. , 21. , 12.5,  5.5, 15. , 13.5,  7. , 18. ,
       18. , 13. , 21. ,  3. , 14. ,  4.5, 15. , 19. ,  8. ,  7. ,  8. ,
       15. ,  7. , 21. , 14. , 11. , 15. ,  7.5,  8. ,  3.5, 12. ,  6. ,
       13.5, 13. , 13. , 14.5, 13. ,  2. , 12. ,  4. , 15. , 14. , 18.5,
       10. , 13. ,  8.5, 14. ,  9. , 18. , 10. ,  4. , 11.5,  8. ,  4. ,
       16. , 10.5, 13. , 17. ,  6. ,  5. , 18. , 11. , 11. , 16. , 13. ,
       11. , 12.5, 16. , 13. , 10. , 21. , 14. , 11. , 10.5,  5. ,  8.5,
       18. , 18. , 16.5, 11. , 19. ,  7. , 14.5, 10.5, 16. , 11. ,  4. ,
       16. ,  3. ,  9.5,  8. , 20. , 15.5, 20. ,  9. , 10. , 15. ,  9.5,
       13. , 20. ,  7. , 11. , 12. ,  5. , 18. ,  6.5, 15. ,  8. , 12. ,
       14. ,  5. , 13. , 12. , 11. , 12.5, 15. , 17.5, 18. , 10. , 20.5,
       14. , 12. ,  6. , 12. ,  7. ,  7. , 13. , 10. , 17. , 12. , 14. ,
       17. , 11. , 21. ,  6. , 14. ,  7. ,  8.5,  7. , 14. ,  5.5, 14. ,
       11. , 12. , 15. , 22. , 14. ,  8. ,  4. , 12. , 13. ,  5. , 12.5,
       14. ,  7.5,  4. , 14. ,  6. ,  5. ,  9. , 13. ,  4. ,  9. , 10. ,
       12. , 15.5, 11. , 12. ,  5. , 14. ,  6. ,  8. ,  3.5, 15. , 18. ,
        7. ,  4.5, 10. , 10. ,  4. , 15. , 12. , 15. , 12. ,  7.5, 14. ,
        5. , 11. ,  9. ,  9. ,  7. , 16. , 14. , 17.5,  8. , 11.5, 12. ,
       15. , 12. , 19. ,  6. , 11. , 15. , 13.5, 17. , 11. ,  7. ,  6. ,
       20. ,  9. ,  6. , 15.5,  8. , 16.5,  9.5,  6. , 20.5, 15.5, 12.5,
        8. , 17. , 13. , 13. , 14. , 10. ,  5.5,  2.5, 15. ,  4. , 13. ,
        5. , 10. ,  5. ,  9.5,  4. , 15. ,  9. ,  8. , 17. , 16. ,  6. ,
       12. , 12. ,  9.5, 10. , 11. , 12. ,  9. , 14. ,  4. , 13. ,  6. ,
        6.5, 13. , 12. , 12.5,  6.5,  9. ,  5. , 10.5, 15. , 22. , 16. ,
       12. , 13.5, 18. ,  9. , 10. , 14. , 12.5, 13. ,  6. , 19. , 10. ,
       15. , 10. ,  6. ,  4. , 15. ,  4. , 16. ,  7. ,  6. , 11. , 15. ,
       20. ,  7. , 15. ,  3.5, 16. , 14. , 10. , 13. ,  7. ,  7. , 18.5,
        7. ,  8.5, 18. , 13. , 10. ,  8. , 16.5,  5. , 11. , 17. ,  6. ,
       14. ,  7. , 13. , 18. ,  3. , 15. , 17. , 16. , 13. , 13. ,  9. ,
       10. ,  8. ,  9. ]), 'class_mean_width_scaled': array([0.03672032, 0.04665493, 0.05164319, 0.05929577, 0.0332998 ,
       0.04544601, 0.01549296, 0.04769953, 0.0458216 , 0.03364632,
       0.05852895, 0.04356808, 0.03082942, 0.03605634, 0.03924883,
       0.01661972, 0.03605634, 0.03558191, 0.04225352, 0.04450704,
       0.0199061 , 0.042723  , 0.02429577, 0.03869533, 0.03257042,
       0.02543036, 0.03722334, 0.02685446, 0.02491874, 0.03802817,
       0.03217198, 0.03380282, 0.03048882, 0.04056338, 0.04169014,
       0.0459507 , 0.04265594, 0.062723  , 0.03440644, 0.02253521,
       0.04225352, 0.04225352, 0.02220381, 0.05521127, 0.04507042,
       0.04018779, 0.05571205, 0.01408451, 0.04121572, 0.02549296,
       0.04413146, 0.05650373, 0.03015742, 0.02801252, 0.02401779,
       0.04262911, 0.022723  , 0.05896714, 0.04366197, 0.03286385,
       0.04490472, 0.02024648, 0.03172721, 0.0193159 , 0.0428169 ,
       0.01955261, 0.04021909, 0.03777962, 0.03691623, 0.04527163,
       0.03239437, 0.10167673, 0.03785211, 0.01765258, 0.04206573,
       0.04075117, 0.0540493 , 0.02475908, 0.03643192, 0.02711268,
       0.03869533, 0.02843729, 0.05169843, 0.03065452, 0.01707746,
       0.03400402, 0.02653818, 0.01971831, 0.04426559, 0.02992958,
       0.03774648, 0.04066901, 0.02170671, 0.02065728, 0.05140845,
       0.02994811, 0.03479702, 0.04037559, 0.04095341, 0.02757598,
       0.03362676, 0.04920188, 0.03812207, 0.03151408, 0.05981773,
       0.04169014, 0.03098592, 0.03028169, 0.01776815, 0.03014085,
       0.05558685, 0.05107981, 0.05291751, 0.03605634, 0.05953052,
       0.02271127, 0.0416499 , 0.02922535, 0.04732394, 0.0341784 ,
       0.0158636 , 0.04419014, 0.01307042, 0.03474178, 0.02676056,
       0.04922165, 0.04647887, 0.05534383, 0.02922535, 0.03198012,
       0.04239437, 0.02877264, 0.03924883, 0.05674044, 0.02497653,
       0.03680751, 0.04112676, 0.01862285, 0.04826291, 0.02165493,
       0.04187793, 0.03042254, 0.03849765, 0.03737089, 0.05854256,
       0.0381023 , 0.03699531, 0.03361502, 0.03400402, 0.04366197,
       0.04303599, 0.05289515, 0.03446562, 0.05985915, 0.04523612,
       0.03395931, 0.01715749, 0.03633803, 0.02234742, 0.02215962,
       0.03802817, 0.03157895, 0.04567404, 0.04018779, 0.04225352,
       0.05040771, 0.02929577, 0.06114333, 0.02253521, 0.0372457 ,
       0.02502071, 0.02464789, 0.02437232, 0.04262911, 0.0193662 ,
       0.04      , 0.03586854, 0.03855634, 0.03887324, 0.05915493,
       0.04295775, 0.02482394, 0.01707746, 0.03774648, 0.04206573,
       0.0199061 , 0.03609155, 0.03679577, 0.02165493, 0.01330203,
       0.04540182, 0.02234742, 0.017277  , 0.02816901, 0.03267606,
       0.01391881, 0.03065452, 0.03643192, 0.03643192, 0.0456964 ,
       0.03737089, 0.04056338, 0.01478873, 0.0403169 , 0.03098592,
       0.02490734, 0.00934699, 0.04      , 0.04480215, 0.02384977,
       0.01468813, 0.03362676, 0.03253521, 0.01746479, 0.04049296,
       0.03409933, 0.04471831, 0.03492958, 0.02482394, 0.04466801,
       0.02087821, 0.04260563, 0.02676056, 0.02693662, 0.02491874,
       0.0456338 , 0.04507042, 0.0555332 , 0.02629108, 0.0318662 ,
       0.03608317, 0.04241002, 0.03843058, 0.05236123, 0.01640431,
       0.02723005, 0.04911972, 0.03714789, 0.0484507 , 0.03492958,
       0.02103286, 0.02202305, 0.04804382, 0.02774648, 0.01810865,
       0.04683099, 0.02394366, 0.04559859, 0.02975352, 0.02176697,
       0.06003521, 0.04587525, 0.03762575, 0.0228482 , 0.04698592,
       0.03906103, 0.03959311, 0.0391401 , 0.03031522, 0.02295775,
       0.06943662, 0.04665493, 0.01333333, 0.03868545, 0.0199061 ,
       0.02957746, 0.02866611, 0.02746479, 0.01419285, 0.0498994 ,
       0.03042254, 0.02816901, 0.0456338 , 0.05107981, 0.02240107,
       0.03556338, 0.03646322, 0.03257042, 0.02925244, 0.03117371,
       0.03286385, 0.02971831, 0.04206573, 0.01114513, 0.04394366,
       0.04962717, 0.01940532, 0.03887324, 0.03759951, 0.04137324,
       0.01909233, 0.02197183, 0.01996326, 0.03309859, 0.0415493 ,
       0.0583501 , 0.04507042, 0.03884977, 0.04647887, 0.04732394,
       0.02837022, 0.02741784, 0.03906103, 0.03501006, 0.03962441,
       0.01840376, 0.05545775, 0.03004695, 0.04788732, 0.03333333,
       0.01815336, 0.01389671, 0.04386318, 0.01469688, 0.05070423,
       0.02829706, 0.02386953, 0.0416499 , 0.04064386, 0.0556338 ,
       0.01942179, 0.0459507 , 0.01549296, 0.04577465, 0.03903421,
       0.03079812, 0.03868545, 0.03327465, 0.02685446, 0.05023474,
       0.02347418, 0.02754304, 0.05193662, 0.04338028, 0.03148302,
       0.0290653 , 0.03954496, 0.01896714, 0.03347142, 0.04623032,
       0.02180037, 0.04295775, 0.02591549, 0.03943662, 0.04826291,
       0.0143975 , 0.04172535, 0.04807512, 0.04300469, 0.03618635,
       0.03822938, 0.03280862, 0.03217198, 0.0260934 , 0.03223787]), 'class_median_width_scaled': array([0.03661972, 0.04084507, 0.04788732, 0.00422535, 0.03239437,
       0.04507042, 0.0056338 , 0.04507042, 0.04225352, 0.02676056,
       0.06197183, 0.04225352, 0.02676056, 0.03380282, 0.04225352,
       0.01126761, 0.03521127, 0.03380282, 0.04225352, 0.04225352,
       0.01971831, 0.04507042, 0.02112676, 0.03661972, 0.02535211,
       0.01971831, 0.02535211, 0.02535211, 0.02253521, 0.03661972,
       0.03380282, 0.03380282, 0.03098592, 0.03380282, 0.03661972,
       0.04225352, 0.04507042, 0.05915493, 0.03521127, 0.01549296,
       0.04225352, 0.03802817, 0.01971831, 0.05070423, 0.05070423,
       0.03661972, 0.05915493, 0.0084507 , 0.03943662, 0.01267606,
       0.04225352, 0.05352113, 0.02253521, 0.01971831, 0.02253521,
       0.04225352, 0.01971831, 0.05915493, 0.03943662, 0.03098592,
       0.04225352, 0.02112676, 0.02253521, 0.00985915, 0.03380282,
       0.01690141, 0.03802817, 0.03661972, 0.03661972, 0.04084507,
       0.03661972, 0.0056338 , 0.03380282, 0.01126761, 0.04225352,
       0.03943662, 0.05211268, 0.02816901, 0.03661972, 0.02394366,
       0.03943662, 0.02535211, 0.05070423, 0.02816901, 0.01126761,
       0.03239437, 0.02253521, 0.01126761, 0.04507042, 0.02957746,
       0.03661972, 0.04788732, 0.01690141, 0.01408451, 0.05070423,
       0.03098592, 0.03098592, 0.04507042, 0.03661972, 0.03098592,
       0.03521127, 0.04507042, 0.03661972, 0.02816901, 0.05915493,
       0.03943662, 0.03098592, 0.02957746, 0.01408451, 0.02394366,
       0.05070423, 0.05070423, 0.04647887, 0.03098592, 0.05352113,
       0.01971831, 0.04084507, 0.02957746, 0.04507042, 0.03098592,
       0.01126761, 0.04507042, 0.0084507 , 0.02676056, 0.02253521,
       0.05633803, 0.04366197, 0.05633803, 0.02535211, 0.02816901,
       0.04225352, 0.02676056, 0.03661972, 0.05633803, 0.01971831,
       0.03098592, 0.03380282, 0.01408451, 0.05070423, 0.01830986,
       0.04225352, 0.02253521, 0.03380282, 0.03943662, 0.01408451,
       0.03661972, 0.03380282, 0.03098592, 0.03521127, 0.04225352,
       0.04929577, 0.05070423, 0.02816901, 0.05774648, 0.03943662,
       0.03380282, 0.01690141, 0.03380282, 0.01971831, 0.01971831,
       0.03661972, 0.02816901, 0.04788732, 0.03380282, 0.03943662,
       0.04788732, 0.03098592, 0.05915493, 0.01690141, 0.03943662,
       0.01971831, 0.02394366, 0.01971831, 0.03943662, 0.01549296,
       0.03943662, 0.03098592, 0.03380282, 0.04225352, 0.06197183,
       0.03943662, 0.02253521, 0.01126761, 0.03380282, 0.03661972,
       0.01408451, 0.03521127, 0.03943662, 0.02112676, 0.01126761,
       0.03943662, 0.01690141, 0.01408451, 0.02535211, 0.03661972,
       0.01126761, 0.02535211, 0.02816901, 0.03380282, 0.04366197,
       0.03098592, 0.03380282, 0.01408451, 0.03943662, 0.01690141,
       0.02253521, 0.00985915, 0.04225352, 0.05070423, 0.01971831,
       0.01267606, 0.02816901, 0.02816901, 0.01126761, 0.04225352,
       0.03380282, 0.04225352, 0.03380282, 0.02112676, 0.03943662,
       0.01408451, 0.03098592, 0.02535211, 0.02535211, 0.01971831,
       0.04507042, 0.03943662, 0.04929577, 0.02253521, 0.03239437,
       0.03380282, 0.04225352, 0.03380282, 0.05352113, 0.01690141,
       0.03098592, 0.04225352, 0.03802817, 0.04788732, 0.03098592,
       0.01971831, 0.01690141, 0.05633803, 0.02535211, 0.01690141,
       0.04366197, 0.02253521, 0.04647887, 0.02676056, 0.01690141,
       0.05774648, 0.04366197, 0.03521127, 0.02253521, 0.04788732,
       0.03661972, 0.03661972, 0.03943662, 0.02816901, 0.01549296,
       0.00704225, 0.04225352, 0.01126761, 0.03661972, 0.01408451,
       0.02816901, 0.01408451, 0.02676056, 0.01126761, 0.04225352,
       0.02535211, 0.02253521, 0.04788732, 0.04507042, 0.01690141,
       0.03380282, 0.03380282, 0.02676056, 0.02816901, 0.03098592,
       0.03380282, 0.02535211, 0.03943662, 0.01126761, 0.03661972,
       0.01690141, 0.01830986, 0.03661972, 0.03380282, 0.03521127,
       0.01830986, 0.02535211, 0.01408451, 0.02957746, 0.04225352,
       0.06197183, 0.04507042, 0.03380282, 0.03802817, 0.05070423,
       0.02535211, 0.02816901, 0.03943662, 0.03521127, 0.03661972,
       0.01690141, 0.05352113, 0.02816901, 0.04225352, 0.02816901,
       0.01690141, 0.01126761, 0.04225352, 0.01126761, 0.04507042,
       0.01971831, 0.01690141, 0.03098592, 0.04225352, 0.05633803,
       0.01971831, 0.04225352, 0.00985915, 0.04507042, 0.03943662,
       0.02816901, 0.03661972, 0.01971831, 0.01971831, 0.05211268,
       0.01971831, 0.02394366, 0.05070423, 0.03661972, 0.02816901,
       0.02253521, 0.04647887, 0.01408451, 0.03098592, 0.04788732,
       0.01690141, 0.03943662, 0.01971831, 0.03661972, 0.05070423,
       0.0084507 , 0.04225352, 0.04788732, 0.04507042, 0.03661972,
       0.03661972, 0.02535211, 0.02816901, 0.02253521, 0.02535211])}

Job completed at Thu Mar 20 05:03:29 PM PDT 2025
