Starting job at Wed Mar 19 06:26:37 PM PDT 2025
Job parameters:
Dataset: data_isolet
UQ Method: split_conformal_naive
Estimator: MLP
Seed: 781
Train Size: 0.8
Running split_conformal_naive on data_isolet with seed 781 and train size 0.8

starting experiment

data created

Fitting split_conformal_naive_MLP on data_isolet with seed 781

split_conformal_naive_MLP metrics: {'coverage': np.float64(0.9833333333333333), 'mean_width': np.float64(1.1333333333333333), 'median_width': np.float64(1.0), 'mean_width_scaled': np.float64(0.04358974358974359), 'median_width_scaled': np.float64(0.038461538461538464)}

split_conformal_naive_MLP full metrics: {'coverage': np.float64(0.9833333333333333), 'mean_width': np.float64(1.1333333333333333), 'median_width': np.float64(1.0), 'mean_width_scaled': np.float64(0.04358974358974359), 'median_width_scaled': np.float64(0.038461538461538464)}

split_conformal_naive_MLP class metrics: {'class_coverage': array([1.        , 1.        , 0.98333333, 1.        , 1.        ,
       0.95      , 1.        , 0.96666667, 1.        , 1.        ,
       1.        , 0.96666667, 0.95      , 1.        , 0.96666667,
       0.98333333, 0.98333333, 1.        , 0.98333333, 0.95      ,
       0.96666667, 0.98333333, 0.98333333, 0.96666667, 0.98333333,
       1.        ]), 'class_mean_width': array([1.05      , 1.        , 1.16666667, 1.03333333, 1.11666667,
       1.16666667, 1.1       , 1.4       , 1.06666667, 1.        ,
       1.06666667, 1.23333333, 1.28333333, 1.06666667, 1.25      ,
       1.05      , 1.11666667, 1.01666667, 1.08333333, 1.06666667,
       1.4       , 1.28333333, 1.11666667, 1.25      , 1.01666667,
       1.06666667]), 'class_median_width': array([1., 1., 1., 1., 1., 1., 1., 1., 1., 1., 1., 1., 1., 1., 1., 1., 1.,
       1., 1., 1., 1., 1., 1., 1., 1., 1.]), 'class_mean_width_scaled': array([0.04038462, 0.03846154, 0.04487179, 0.03974359, 0.04294872,
       0.04487179, 0.04230769, 0.05384615, 0.04102564, 0.03846154,
       0.04102564, 0.0474359 , 0.04935897, 0.04102564, 0.04807692,
       0.04038462, 0.04294872, 0.03910256, 0.04166667, 0.04102564,
       0.05384615, 0.04935897, 0.04294872, 0.04807692, 0.03910256,
       0.04102564]), 'class_median_width_scaled': array([0.03846154, 0.03846154, 0.03846154, 0.03846154, 0.03846154,
       0.03846154, 0.03846154, 0.03846154, 0.03846154, 0.03846154,
       0.03846154, 0.03846154, 0.03846154, 0.03846154, 0.03846154,
       0.03846154, 0.03846154, 0.03846154, 0.03846154, 0.03846154,
       0.03846154, 0.03846154, 0.03846154, 0.03846154, 0.03846154,
       0.03846154])}

split_conformal_naive_MLP full class metrics: {'class_coverage': array([1.        , 1.        , 0.98333333, 1.        , 1.        ,
       0.95      , 1.        , 0.96666667, 1.        , 1.        ,
       1.        , 0.96666667, 0.95      , 1.        , 0.96666667,
       0.98333333, 0.98333333, 1.        , 0.98333333, 0.95      ,
       0.96666667, 0.98333333, 0.98333333, 0.96666667, 0.98333333,
       1.        ]), 'class_mean_width': array([1.05      , 1.        , 1.16666667, 1.03333333, 1.11666667,
       1.16666667, 1.1       , 1.4       , 1.06666667, 1.        ,
       1.06666667, 1.23333333, 1.28333333, 1.06666667, 1.25      ,
       1.05      , 1.11666667, 1.01666667, 1.08333333, 1.06666667,
       1.4       , 1.28333333, 1.11666667, 1.25      , 1.01666667,
       1.06666667]), 'class_median_width': array([1., 1., 1., 1., 1., 1., 1., 1., 1., 1., 1., 1., 1., 1., 1., 1., 1.,
       1., 1., 1., 1., 1., 1., 1., 1., 1.]), 'class_mean_width_scaled': array([0.04038462, 0.03846154, 0.04487179, 0.03974359, 0.04294872,
       0.04487179, 0.04230769, 0.05384615, 0.04102564, 0.03846154,
       0.04102564, 0.0474359 , 0.04935897, 0.04102564, 0.04807692,
       0.04038462, 0.04294872, 0.03910256, 0.04166667, 0.04102564,
       0.05384615, 0.04935897, 0.04294872, 0.04807692, 0.03910256,
       0.04102564]), 'class_median_width_scaled': array([0.03846154, 0.03846154, 0.03846154, 0.03846154, 0.03846154,
       0.03846154, 0.03846154, 0.03846154, 0.03846154, 0.03846154,
       0.03846154, 0.03846154, 0.03846154, 0.03846154, 0.03846154,
       0.03846154, 0.03846154, 0.03846154, 0.03846154, 0.03846154,
       0.03846154, 0.03846154, 0.03846154, 0.03846154, 0.03846154,
       0.03846154])}

Job completed at Wed Mar 19 06:26:46 PM PDT 2025
