Starting job at Wed Mar 19 06:26:12 PM PDT 2025
Job parameters:
Dataset: data_helena
UQ Method: split_conformal_naive
Estimator: ExtraTrees
Seed: 786
Train Size: 0.8
Running split_conformal_naive on data_helena with seed 786 and train size 0.8

starting experiment

data created

Fitting split_conformal_naive_ExtraTrees on data_helena with seed 786

split_conformal_naive_ExtraTrees metrics: {'coverage': np.float64(0.8149539877300613), 'mean_width': np.float64(29.96234662576687), 'median_width': np.float64(34.0), 'mean_width_scaled': np.float64(0.29962346625766867), 'median_width_scaled': np.float64(0.34)}

split_conformal_naive_ExtraTrees full metrics: {'coverage': np.float64(0.8149539877300613), 'mean_width': np.float64(29.96234662576687), 'median_width': np.float64(34.0), 'mean_width_scaled': np.float64(0.29962346625766867), 'median_width_scaled': np.float64(0.34)}

split_conformal_naive_ExtraTrees class metrics: {'class_coverage': array([0.86021505, 0.56896552, 0.27272727, 0.46875   , 0.67816092,
       0.75324675, 0.53125   , 0.80555556, 0.51388889, 0.90271493,
       0.22222222, 0.30769231, 0.64285714, 0.8816568 , 0.72580645,
       0.61538462, 0.74509804, 0.28888889, 0.81944444, 0.91836735,
       0.44615385, 0.71698113, 0.80473373, 0.35294118, 0.74137931,
       0.43478261, 0.20833333, 0.41666667, 0.        , 0.38461538,
       0.43243243, 0.57352941, 0.95259594, 0.9352381 , 0.69318182,
       0.92654424, 0.72222222, 0.31034483, 0.68333333, 0.61904762,
       0.89552239, 0.80508475, 0.58974359, 0.75757576, 0.42857143,
       0.48148148, 0.44736842, 0.70886076, 0.69090909, 0.62068966,
       0.44444444, 0.94290375, 0.79166667, 0.93036212, 0.45238095,
       0.95019157, 0.82191781, 0.76315789, 0.76923077, 0.57894737,
       0.83246073, 0.72058824, 0.26470588, 0.72727273, 0.71028037,
       0.23404255, 0.97931034, 0.69      , 0.52542373, 0.63076923,
       0.82300885, 0.61666667, 0.67857143, 0.25      , 0.58715596,
       0.96994536, 0.97503121, 0.91764706, 0.18421053, 0.90697674,
       0.75757576, 0.89333333, 0.43478261, 0.51428571, 0.79738562,
       0.66292135, 0.85572139, 0.93530997, 0.85714286, 0.78125   ,
       0.38461538, 0.94329897, 0.89502762, 0.51219512, 0.30555556,
       0.4375    , 0.87815126, 0.94520548, 0.49180328, 0.65060241]), 'class_mean_width': array([36.82795699, 33.89655172, 35.5       , 38.04166667, 31.14942529,
       30.58441558, 34.84375   , 33.10185185, 34.26388889, 14.6561086 ,
       36.86666667, 37.15384615, 37.75      , 32.52662722, 36.03225806,
       36.86538462, 37.18627451, 34.75555556, 36.55555556, 38.26530612,
       37.41538462, 37.71698113, 29.73964497, 38.78431373, 31.22413793,
       37.93478261, 35.08333333, 35.25      , 39.95652174, 37.76923077,
       36.75675676, 38.55882353, 28.93227991, 28.7352381 , 36.45454545,
       29.76961603, 37.25      , 38.72413793, 37.21666667, 38.3968254 ,
       26.85074627, 31.34745763, 34.48717949, 36.1030303 , 35.66666667,
       35.44444444, 37.81578947, 28.70886076, 36.1       , 36.4137931 ,
       38.33333333, 33.62969005, 38.875     , 29.09192201, 37.9047619 ,
       28.85057471, 36.7260274 , 38.98684211, 35.14285714, 36.65789474,
       36.28272251, 36.875     , 36.5       , 39.95454545, 33.23364486,
       29.76595745, 35.85287356, 36.4       , 35.45762712, 33.36923077,
       24.57522124, 22.76666667, 39.78571429, 36.75      , 33.10091743,
        8.29234973,  8.33083645,  8.69019608, 36.44736842, 22.41860465,
       30.15151515, 24.69333333, 34.63043478, 38.25714286, 28.9869281 ,
       36.46067416, 35.18905473, 31.38814016, 38.6       , 36.3125    ,
       38.15384615, 30.98969072, 33.18508287, 32.7804878 , 34.94444444,
       37.125     , 35.53361345, 33.38356164, 37.19672131, 38.57831325]), 'class_median_width': array([38. , 37. , 36. , 38.5, 33. , 31. , 36. , 33. , 36. ,  9.5, 39. ,
       36.5, 38. , 34. , 37. , 38.5, 38. , 36. , 37. , 39. , 37. , 39. ,
       32. , 39. , 33. , 39. , 37.5, 37.5, 41. , 38. , 38. , 38.5, 30. ,
       31. , 36. , 31. , 39.5, 39. , 39. , 38. , 28. , 32. , 36. , 37. ,
       38. , 36.5, 37. , 29. , 38. , 38. , 39. , 34. , 39. , 31. , 39. ,
       30. , 38. , 40. , 37. , 38.5, 37. , 38. , 37. , 40. , 35. , 31. ,
       37. , 36. , 35. , 33. , 25. , 20.5, 40. , 37. , 34. ,  5. ,  4. ,
        4. , 37. , 24. , 32. , 24. , 36.5, 39. , 32. , 38. , 35. , 33. ,
       39. , 38. , 39.5, 32. , 35. , 34.5, 35. , 38. , 37. , 34. , 38. ,
       39. ]), 'class_mean_width_scaled': array([0.36827957, 0.33896552, 0.355     , 0.38041667, 0.31149425,
       0.30584416, 0.3484375 , 0.33101852, 0.34263889, 0.14656109,
       0.36866667, 0.37153846, 0.3775    , 0.32526627, 0.36032258,
       0.36865385, 0.37186275, 0.34755556, 0.36555556, 0.38265306,
       0.37415385, 0.37716981, 0.29739645, 0.38784314, 0.31224138,
       0.37934783, 0.35083333, 0.3525    , 0.39956522, 0.37769231,
       0.36756757, 0.38558824, 0.2893228 , 0.28735238, 0.36454545,
       0.29769616, 0.3725    , 0.38724138, 0.37216667, 0.38396825,
       0.26850746, 0.31347458, 0.34487179, 0.3610303 , 0.35666667,
       0.35444444, 0.37815789, 0.28708861, 0.361     , 0.36413793,
       0.38333333, 0.3362969 , 0.38875   , 0.29091922, 0.37904762,
       0.28850575, 0.36726027, 0.38986842, 0.35142857, 0.36657895,
       0.36282723, 0.36875   , 0.365     , 0.39954545, 0.33233645,
       0.29765957, 0.35852874, 0.364     , 0.35457627, 0.33369231,
       0.24575221, 0.22766667, 0.39785714, 0.3675    , 0.33100917,
       0.0829235 , 0.08330836, 0.08690196, 0.36447368, 0.22418605,
       0.30151515, 0.24693333, 0.34630435, 0.38257143, 0.28986928,
       0.36460674, 0.35189055, 0.3138814 , 0.386     , 0.363125  ,
       0.38153846, 0.30989691, 0.33185083, 0.32780488, 0.34944444,
       0.37125   , 0.35533613, 0.33383562, 0.37196721, 0.38578313]), 'class_median_width_scaled': array([0.38 , 0.37 , 0.36 , 0.385, 0.33 , 0.31 , 0.36 , 0.33 , 0.36 ,
       0.095, 0.39 , 0.365, 0.38 , 0.34 , 0.37 , 0.385, 0.38 , 0.36 ,
       0.37 , 0.39 , 0.37 , 0.39 , 0.32 , 0.39 , 0.33 , 0.39 , 0.375,
       0.375, 0.41 , 0.38 , 0.38 , 0.385, 0.3  , 0.31 , 0.36 , 0.31 ,
       0.395, 0.39 , 0.39 , 0.38 , 0.28 , 0.32 , 0.36 , 0.37 , 0.38 ,
       0.365, 0.37 , 0.29 , 0.38 , 0.38 , 0.39 , 0.34 , 0.39 , 0.31 ,
       0.39 , 0.3  , 0.38 , 0.4  , 0.37 , 0.385, 0.37 , 0.38 , 0.37 ,
       0.4  , 0.35 , 0.31 , 0.37 , 0.36 , 0.35 , 0.33 , 0.25 , 0.205,
       0.4  , 0.37 , 0.34 , 0.05 , 0.04 , 0.04 , 0.37 , 0.24 , 0.32 ,
       0.24 , 0.365, 0.39 , 0.32 , 0.38 , 0.35 , 0.33 , 0.39 , 0.38 ,
       0.395, 0.32 , 0.35 , 0.345, 0.35 , 0.38 , 0.37 , 0.34 , 0.38 ,
       0.39 ])}

split_conformal_naive_ExtraTrees full class metrics: {'class_coverage': array([0.86021505, 0.56896552, 0.27272727, 0.46875   , 0.67816092,
       0.75324675, 0.53125   , 0.80555556, 0.51388889, 0.90271493,
       0.22222222, 0.30769231, 0.64285714, 0.8816568 , 0.72580645,
       0.61538462, 0.74509804, 0.28888889, 0.81944444, 0.91836735,
       0.44615385, 0.71698113, 0.80473373, 0.35294118, 0.74137931,
       0.43478261, 0.20833333, 0.41666667, 0.        , 0.38461538,
       0.43243243, 0.57352941, 0.95259594, 0.9352381 , 0.69318182,
       0.92654424, 0.72222222, 0.31034483, 0.68333333, 0.61904762,
       0.89552239, 0.80508475, 0.58974359, 0.75757576, 0.42857143,
       0.48148148, 0.44736842, 0.70886076, 0.69090909, 0.62068966,
       0.44444444, 0.94290375, 0.79166667, 0.93036212, 0.45238095,
       0.95019157, 0.82191781, 0.76315789, 0.76923077, 0.57894737,
       0.83246073, 0.72058824, 0.26470588, 0.72727273, 0.71028037,
       0.23404255, 0.97931034, 0.69      , 0.52542373, 0.63076923,
       0.82300885, 0.61666667, 0.67857143, 0.25      , 0.58715596,
       0.96994536, 0.97503121, 0.91764706, 0.18421053, 0.90697674,
       0.75757576, 0.89333333, 0.43478261, 0.51428571, 0.79738562,
       0.66292135, 0.85572139, 0.93530997, 0.85714286, 0.78125   ,
       0.38461538, 0.94329897, 0.89502762, 0.51219512, 0.30555556,
       0.4375    , 0.87815126, 0.94520548, 0.49180328, 0.65060241]), 'class_mean_width': array([36.82795699, 33.89655172, 35.5       , 38.04166667, 31.14942529,
       30.58441558, 34.84375   , 33.10185185, 34.26388889, 14.6561086 ,
       36.86666667, 37.15384615, 37.75      , 32.52662722, 36.03225806,
       36.86538462, 37.18627451, 34.75555556, 36.55555556, 38.26530612,
       37.41538462, 37.71698113, 29.73964497, 38.78431373, 31.22413793,
       37.93478261, 35.08333333, 35.25      , 39.95652174, 37.76923077,
       36.75675676, 38.55882353, 28.93227991, 28.7352381 , 36.45454545,
       29.76961603, 37.25      , 38.72413793, 37.21666667, 38.3968254 ,
       26.85074627, 31.34745763, 34.48717949, 36.1030303 , 35.66666667,
       35.44444444, 37.81578947, 28.70886076, 36.1       , 36.4137931 ,
       38.33333333, 33.62969005, 38.875     , 29.09192201, 37.9047619 ,
       28.85057471, 36.7260274 , 38.98684211, 35.14285714, 36.65789474,
       36.28272251, 36.875     , 36.5       , 39.95454545, 33.23364486,
       29.76595745, 35.85287356, 36.4       , 35.45762712, 33.36923077,
       24.57522124, 22.76666667, 39.78571429, 36.75      , 33.10091743,
        8.29234973,  8.33083645,  8.69019608, 36.44736842, 22.41860465,
       30.15151515, 24.69333333, 34.63043478, 38.25714286, 28.9869281 ,
       36.46067416, 35.18905473, 31.38814016, 38.6       , 36.3125    ,
       38.15384615, 30.98969072, 33.18508287, 32.7804878 , 34.94444444,
       37.125     , 35.53361345, 33.38356164, 37.19672131, 38.57831325]), 'class_median_width': array([38. , 37. , 36. , 38.5, 33. , 31. , 36. , 33. , 36. ,  9.5, 39. ,
       36.5, 38. , 34. , 37. , 38.5, 38. , 36. , 37. , 39. , 37. , 39. ,
       32. , 39. , 33. , 39. , 37.5, 37.5, 41. , 38. , 38. , 38.5, 30. ,
       31. , 36. , 31. , 39.5, 39. , 39. , 38. , 28. , 32. , 36. , 37. ,
       38. , 36.5, 37. , 29. , 38. , 38. , 39. , 34. , 39. , 31. , 39. ,
       30. , 38. , 40. , 37. , 38.5, 37. , 38. , 37. , 40. , 35. , 31. ,
       37. , 36. , 35. , 33. , 25. , 20.5, 40. , 37. , 34. ,  5. ,  4. ,
        4. , 37. , 24. , 32. , 24. , 36.5, 39. , 32. , 38. , 35. , 33. ,
       39. , 38. , 39.5, 32. , 35. , 34.5, 35. , 38. , 37. , 34. , 38. ,
       39. ]), 'class_mean_width_scaled': array([0.36827957, 0.33896552, 0.355     , 0.38041667, 0.31149425,
       0.30584416, 0.3484375 , 0.33101852, 0.34263889, 0.14656109,
       0.36866667, 0.37153846, 0.3775    , 0.32526627, 0.36032258,
       0.36865385, 0.37186275, 0.34755556, 0.36555556, 0.38265306,
       0.37415385, 0.37716981, 0.29739645, 0.38784314, 0.31224138,
       0.37934783, 0.35083333, 0.3525    , 0.39956522, 0.37769231,
       0.36756757, 0.38558824, 0.2893228 , 0.28735238, 0.36454545,
       0.29769616, 0.3725    , 0.38724138, 0.37216667, 0.38396825,
       0.26850746, 0.31347458, 0.34487179, 0.3610303 , 0.35666667,
       0.35444444, 0.37815789, 0.28708861, 0.361     , 0.36413793,
       0.38333333, 0.3362969 , 0.38875   , 0.29091922, 0.37904762,
       0.28850575, 0.36726027, 0.38986842, 0.35142857, 0.36657895,
       0.36282723, 0.36875   , 0.365     , 0.39954545, 0.33233645,
       0.29765957, 0.35852874, 0.364     , 0.35457627, 0.33369231,
       0.24575221, 0.22766667, 0.39785714, 0.3675    , 0.33100917,
       0.0829235 , 0.08330836, 0.08690196, 0.36447368, 0.22418605,
       0.30151515, 0.24693333, 0.34630435, 0.38257143, 0.28986928,
       0.36460674, 0.35189055, 0.3138814 , 0.386     , 0.363125  ,
       0.38153846, 0.30989691, 0.33185083, 0.32780488, 0.34944444,
       0.37125   , 0.35533613, 0.33383562, 0.37196721, 0.38578313]), 'class_median_width_scaled': array([0.38 , 0.37 , 0.36 , 0.385, 0.33 , 0.31 , 0.36 , 0.33 , 0.36 ,
       0.095, 0.39 , 0.365, 0.38 , 0.34 , 0.37 , 0.385, 0.38 , 0.36 ,
       0.37 , 0.39 , 0.37 , 0.39 , 0.32 , 0.39 , 0.33 , 0.39 , 0.375,
       0.375, 0.41 , 0.38 , 0.38 , 0.385, 0.3  , 0.31 , 0.36 , 0.31 ,
       0.395, 0.39 , 0.39 , 0.38 , 0.28 , 0.32 , 0.36 , 0.37 , 0.38 ,
       0.365, 0.37 , 0.29 , 0.38 , 0.38 , 0.39 , 0.34 , 0.39 , 0.31 ,
       0.39 , 0.3  , 0.38 , 0.4  , 0.37 , 0.385, 0.37 , 0.38 , 0.37 ,
       0.4  , 0.35 , 0.31 , 0.37 , 0.36 , 0.35 , 0.33 , 0.25 , 0.205,
       0.4  , 0.37 , 0.34 , 0.05 , 0.04 , 0.04 , 0.37 , 0.24 , 0.32 ,
       0.24 , 0.365, 0.39 , 0.32 , 0.38 , 0.35 , 0.33 , 0.39 , 0.38 ,
       0.395, 0.32 , 0.35 , 0.345, 0.35 , 0.38 , 0.37 , 0.34 , 0.38 ,
       0.39 ])}

Job completed at Wed Mar 19 06:26:19 PM PDT 2025
