Starting job at Wed Mar 19 06:25:40 PM PDT 2025
Job parameters:
Dataset: data_helena
UQ Method: split_conformal_naive
Estimator: ExtraTrees
Seed: 778
Train Size: 0.8
Running split_conformal_naive on data_helena with seed 778 and train size 0.8

starting experiment

data created

Fitting split_conformal_naive_ExtraTrees on data_helena with seed 778

split_conformal_naive_ExtraTrees metrics: {'coverage': np.float64(0.818021472392638), 'mean_width': np.float64(29.167407975460122), 'median_width': np.float64(33.0), 'mean_width_scaled': np.float64(0.29167407975460125), 'median_width_scaled': np.float64(0.33)}

split_conformal_naive_ExtraTrees full metrics: {'coverage': np.float64(0.818021472392638), 'mean_width': np.float64(29.167407975460122), 'median_width': np.float64(33.0), 'mean_width_scaled': np.float64(0.29167407975460125), 'median_width_scaled': np.float64(0.33)}

split_conformal_naive_ExtraTrees class metrics: {'class_coverage': array([0.79569892, 0.68965517, 0.40909091, 0.65625   , 0.66666667,
       0.75324675, 0.65625   , 0.75925926, 0.40277778, 0.91628959,
       0.66666667, 0.38461538, 0.42857143, 0.90532544, 0.58064516,
       0.73076923, 0.76470588, 0.11111111, 0.79166667, 0.91836735,
       0.38461538, 0.69811321, 0.79289941, 0.37254902, 0.81896552,
       0.56521739, 0.41666667, 0.5       , 0.17391304, 0.42307692,
       0.40540541, 0.73529412, 0.95259594, 0.9447619 , 0.68181818,
       0.95158598, 0.72222222, 0.4137931 , 0.775     , 0.57142857,
       0.74626866, 0.81355932, 0.51282051, 0.75151515, 0.11904762,
       0.40740741, 0.42105263, 0.73417722, 0.71818182, 0.72413793,
       0.37037037, 0.94779772, 0.29166667, 0.93036212, 0.19047619,
       0.91954023, 0.83105023, 0.78947368, 0.63736264, 0.36842105,
       0.86910995, 0.69852941, 0.41176471, 0.61363636, 0.65420561,
       0.46808511, 0.97241379, 0.8       , 0.59322034, 0.83076923,
       0.84955752, 0.83333333, 0.67857143, 0.41666667, 0.56880734,
       0.94262295, 0.97627965, 0.89803922, 0.5       , 0.90697674,
       0.78787879, 0.8       , 0.19565217, 0.54285714, 0.79738562,
       0.5505618 , 0.87562189, 0.93261456, 0.67142857, 0.7625    ,
       0.19230769, 0.95876289, 0.91160221, 0.48780488, 0.36111111,
       0.71875   , 0.88235294, 0.94246575, 0.52459016, 0.59036145]), 'class_mean_width': array([36.31182796, 35.82758621, 33.95454545, 36.66666667, 32.50574713,
       33.33766234, 32.515625  , 31.66666667, 36.80555556, 13.83710407,
       37.57777778, 36.15384615, 35.78571429, 32.24852071, 38.01612903,
       37.90384615, 36.21568627, 34.04444444, 36.02777778, 37.2244898 ,
       35.55384615, 36.05660377, 27.04142012, 38.80392157, 28.0862069 ,
       30.73913043, 37.875     , 35.25      , 35.04347826, 39.07692308,
       37.64864865, 38.35294118, 28.20541761, 27.08761905, 36.88636364,
       29.34724541, 38.97222222, 36.27586207, 38.4       , 37.01587302,
       26.31343284, 30.56779661, 37.1025641 , 35.73333333, 35.80952381,
       33.88888889, 36.73684211, 28.58227848, 37.42727273, 35.24137931,
       38.85185185, 32.81729201, 34.45833333, 28.00557103, 36.45238095,
       27.68199234, 35.43835616, 37.82894737, 34.57142857, 36.86842105,
       34.98429319, 35.94117647, 37.38235294, 37.77272727, 29.95327103,
       29.40425532, 33.88735632, 33.55      , 35.3559322 , 31.03076923,
       23.10619469, 21.16666667, 40.25      , 35.58333333, 33.00917431,
        8.65300546,  8.4144819 ,  8.43921569, 38.        , 21.79069767,
       30.78787879, 23.61333333, 33.10869565, 34.42857143, 28.56862745,
       37.92134831, 33.84577114, 31.88948787, 36.77142857, 35.71875   ,
       36.92307692, 29.03608247, 30.62430939, 30.90243902, 32.44444444,
       36.3125    , 34.81932773, 32.97808219, 36.49180328, 37.56626506]), 'class_median_width': array([37. , 36. , 34.5, 38. , 34. , 33. , 34. , 33. , 38. ,  9. , 38. ,
       38.5, 37. , 33. , 39. , 39. , 37. , 36. , 37. , 38. , 37. , 37. ,
       29. , 39. , 31. , 31. , 39. , 37.5, 36. , 38. , 39. , 39. , 30. ,
       29. , 37. , 31. , 38.5, 38. , 39. , 38. , 27. , 32.5, 38. , 38. ,
       37.5, 35. , 37. , 30. , 38. , 37. , 38. , 34. , 36. , 30. , 37. ,
       29. , 37. , 39. , 35. , 38.5, 36. , 37. , 37. , 39. , 32. , 32. ,
       35. , 35. , 38. , 32. , 19. , 18. , 41. , 37. , 35. ,  5. ,  4. ,
        4. , 39.5, 22. , 32. , 21. , 35. , 36. , 30. , 40. , 35. , 33. ,
       38.5, 37. , 40. , 30.5, 32. , 33. , 33.5, 38. , 37. , 34. , 37. ,
       37. ]), 'class_mean_width_scaled': array([0.36311828, 0.35827586, 0.33954545, 0.36666667, 0.32505747,
       0.33337662, 0.32515625, 0.31666667, 0.36805556, 0.13837104,
       0.37577778, 0.36153846, 0.35785714, 0.32248521, 0.38016129,
       0.37903846, 0.36215686, 0.34044444, 0.36027778, 0.3722449 ,
       0.35553846, 0.36056604, 0.2704142 , 0.38803922, 0.28086207,
       0.3073913 , 0.37875   , 0.3525    , 0.35043478, 0.39076923,
       0.37648649, 0.38352941, 0.28205418, 0.27087619, 0.36886364,
       0.29347245, 0.38972222, 0.36275862, 0.384     , 0.37015873,
       0.26313433, 0.30567797, 0.37102564, 0.35733333, 0.35809524,
       0.33888889, 0.36736842, 0.28582278, 0.37427273, 0.35241379,
       0.38851852, 0.32817292, 0.34458333, 0.28005571, 0.36452381,
       0.27681992, 0.35438356, 0.37828947, 0.34571429, 0.36868421,
       0.34984293, 0.35941176, 0.37382353, 0.37772727, 0.29953271,
       0.29404255, 0.33887356, 0.3355    , 0.35355932, 0.31030769,
       0.23106195, 0.21166667, 0.4025    , 0.35583333, 0.33009174,
       0.08653005, 0.08414482, 0.08439216, 0.38      , 0.21790698,
       0.30787879, 0.23613333, 0.33108696, 0.34428571, 0.28568627,
       0.37921348, 0.33845771, 0.31889488, 0.36771429, 0.3571875 ,
       0.36923077, 0.29036082, 0.30624309, 0.30902439, 0.32444444,
       0.363125  , 0.34819328, 0.32978082, 0.36491803, 0.37566265]), 'class_median_width_scaled': array([0.37 , 0.36 , 0.345, 0.38 , 0.34 , 0.33 , 0.34 , 0.33 , 0.38 ,
       0.09 , 0.38 , 0.385, 0.37 , 0.33 , 0.39 , 0.39 , 0.37 , 0.36 ,
       0.37 , 0.38 , 0.37 , 0.37 , 0.29 , 0.39 , 0.31 , 0.31 , 0.39 ,
       0.375, 0.36 , 0.38 , 0.39 , 0.39 , 0.3  , 0.29 , 0.37 , 0.31 ,
       0.385, 0.38 , 0.39 , 0.38 , 0.27 , 0.325, 0.38 , 0.38 , 0.375,
       0.35 , 0.37 , 0.3  , 0.38 , 0.37 , 0.38 , 0.34 , 0.36 , 0.3  ,
       0.37 , 0.29 , 0.37 , 0.39 , 0.35 , 0.385, 0.36 , 0.37 , 0.37 ,
       0.39 , 0.32 , 0.32 , 0.35 , 0.35 , 0.38 , 0.32 , 0.19 , 0.18 ,
       0.41 , 0.37 , 0.35 , 0.05 , 0.04 , 0.04 , 0.395, 0.22 , 0.32 ,
       0.21 , 0.35 , 0.36 , 0.3  , 0.4  , 0.35 , 0.33 , 0.385, 0.37 ,
       0.4  , 0.305, 0.32 , 0.33 , 0.335, 0.38 , 0.37 , 0.34 , 0.37 ,
       0.37 ])}

split_conformal_naive_ExtraTrees full class metrics: {'class_coverage': array([0.79569892, 0.68965517, 0.40909091, 0.65625   , 0.66666667,
       0.75324675, 0.65625   , 0.75925926, 0.40277778, 0.91628959,
       0.66666667, 0.38461538, 0.42857143, 0.90532544, 0.58064516,
       0.73076923, 0.76470588, 0.11111111, 0.79166667, 0.91836735,
       0.38461538, 0.69811321, 0.79289941, 0.37254902, 0.81896552,
       0.56521739, 0.41666667, 0.5       , 0.17391304, 0.42307692,
       0.40540541, 0.73529412, 0.95259594, 0.9447619 , 0.68181818,
       0.95158598, 0.72222222, 0.4137931 , 0.775     , 0.57142857,
       0.74626866, 0.81355932, 0.51282051, 0.75151515, 0.11904762,
       0.40740741, 0.42105263, 0.73417722, 0.71818182, 0.72413793,
       0.37037037, 0.94779772, 0.29166667, 0.93036212, 0.19047619,
       0.91954023, 0.83105023, 0.78947368, 0.63736264, 0.36842105,
       0.86910995, 0.69852941, 0.41176471, 0.61363636, 0.65420561,
       0.46808511, 0.97241379, 0.8       , 0.59322034, 0.83076923,
       0.84955752, 0.83333333, 0.67857143, 0.41666667, 0.56880734,
       0.94262295, 0.97627965, 0.89803922, 0.5       , 0.90697674,
       0.78787879, 0.8       , 0.19565217, 0.54285714, 0.79738562,
       0.5505618 , 0.87562189, 0.93261456, 0.67142857, 0.7625    ,
       0.19230769, 0.95876289, 0.91160221, 0.48780488, 0.36111111,
       0.71875   , 0.88235294, 0.94246575, 0.52459016, 0.59036145]), 'class_mean_width': array([36.31182796, 35.82758621, 33.95454545, 36.66666667, 32.50574713,
       33.33766234, 32.515625  , 31.66666667, 36.80555556, 13.83710407,
       37.57777778, 36.15384615, 35.78571429, 32.24852071, 38.01612903,
       37.90384615, 36.21568627, 34.04444444, 36.02777778, 37.2244898 ,
       35.55384615, 36.05660377, 27.04142012, 38.80392157, 28.0862069 ,
       30.73913043, 37.875     , 35.25      , 35.04347826, 39.07692308,
       37.64864865, 38.35294118, 28.20541761, 27.08761905, 36.88636364,
       29.34724541, 38.97222222, 36.27586207, 38.4       , 37.01587302,
       26.31343284, 30.56779661, 37.1025641 , 35.73333333, 35.80952381,
       33.88888889, 36.73684211, 28.58227848, 37.42727273, 35.24137931,
       38.85185185, 32.81729201, 34.45833333, 28.00557103, 36.45238095,
       27.68199234, 35.43835616, 37.82894737, 34.57142857, 36.86842105,
       34.98429319, 35.94117647, 37.38235294, 37.77272727, 29.95327103,
       29.40425532, 33.88735632, 33.55      , 35.3559322 , 31.03076923,
       23.10619469, 21.16666667, 40.25      , 35.58333333, 33.00917431,
        8.65300546,  8.4144819 ,  8.43921569, 38.        , 21.79069767,
       30.78787879, 23.61333333, 33.10869565, 34.42857143, 28.56862745,
       37.92134831, 33.84577114, 31.88948787, 36.77142857, 35.71875   ,
       36.92307692, 29.03608247, 30.62430939, 30.90243902, 32.44444444,
       36.3125    , 34.81932773, 32.97808219, 36.49180328, 37.56626506]), 'class_median_width': array([37. , 36. , 34.5, 38. , 34. , 33. , 34. , 33. , 38. ,  9. , 38. ,
       38.5, 37. , 33. , 39. , 39. , 37. , 36. , 37. , 38. , 37. , 37. ,
       29. , 39. , 31. , 31. , 39. , 37.5, 36. , 38. , 39. , 39. , 30. ,
       29. , 37. , 31. , 38.5, 38. , 39. , 38. , 27. , 32.5, 38. , 38. ,
       37.5, 35. , 37. , 30. , 38. , 37. , 38. , 34. , 36. , 30. , 37. ,
       29. , 37. , 39. , 35. , 38.5, 36. , 37. , 37. , 39. , 32. , 32. ,
       35. , 35. , 38. , 32. , 19. , 18. , 41. , 37. , 35. ,  5. ,  4. ,
        4. , 39.5, 22. , 32. , 21. , 35. , 36. , 30. , 40. , 35. , 33. ,
       38.5, 37. , 40. , 30.5, 32. , 33. , 33.5, 38. , 37. , 34. , 37. ,
       37. ]), 'class_mean_width_scaled': array([0.36311828, 0.35827586, 0.33954545, 0.36666667, 0.32505747,
       0.33337662, 0.32515625, 0.31666667, 0.36805556, 0.13837104,
       0.37577778, 0.36153846, 0.35785714, 0.32248521, 0.38016129,
       0.37903846, 0.36215686, 0.34044444, 0.36027778, 0.3722449 ,
       0.35553846, 0.36056604, 0.2704142 , 0.38803922, 0.28086207,
       0.3073913 , 0.37875   , 0.3525    , 0.35043478, 0.39076923,
       0.37648649, 0.38352941, 0.28205418, 0.27087619, 0.36886364,
       0.29347245, 0.38972222, 0.36275862, 0.384     , 0.37015873,
       0.26313433, 0.30567797, 0.37102564, 0.35733333, 0.35809524,
       0.33888889, 0.36736842, 0.28582278, 0.37427273, 0.35241379,
       0.38851852, 0.32817292, 0.34458333, 0.28005571, 0.36452381,
       0.27681992, 0.35438356, 0.37828947, 0.34571429, 0.36868421,
       0.34984293, 0.35941176, 0.37382353, 0.37772727, 0.29953271,
       0.29404255, 0.33887356, 0.3355    , 0.35355932, 0.31030769,
       0.23106195, 0.21166667, 0.4025    , 0.35583333, 0.33009174,
       0.08653005, 0.08414482, 0.08439216, 0.38      , 0.21790698,
       0.30787879, 0.23613333, 0.33108696, 0.34428571, 0.28568627,
       0.37921348, 0.33845771, 0.31889488, 0.36771429, 0.3571875 ,
       0.36923077, 0.29036082, 0.30624309, 0.30902439, 0.32444444,
       0.363125  , 0.34819328, 0.32978082, 0.36491803, 0.37566265]), 'class_median_width_scaled': array([0.37 , 0.36 , 0.345, 0.38 , 0.34 , 0.33 , 0.34 , 0.33 , 0.38 ,
       0.09 , 0.38 , 0.385, 0.37 , 0.33 , 0.39 , 0.39 , 0.37 , 0.36 ,
       0.37 , 0.38 , 0.37 , 0.37 , 0.29 , 0.39 , 0.31 , 0.31 , 0.39 ,
       0.375, 0.36 , 0.38 , 0.39 , 0.39 , 0.3  , 0.29 , 0.37 , 0.31 ,
       0.385, 0.38 , 0.39 , 0.38 , 0.27 , 0.325, 0.38 , 0.38 , 0.375,
       0.35 , 0.37 , 0.3  , 0.38 , 0.37 , 0.38 , 0.34 , 0.36 , 0.3  ,
       0.37 , 0.29 , 0.37 , 0.39 , 0.35 , 0.385, 0.36 , 0.37 , 0.37 ,
       0.39 , 0.32 , 0.32 , 0.35 , 0.35 , 0.38 , 0.32 , 0.19 , 0.18 ,
       0.41 , 0.37 , 0.35 , 0.05 , 0.04 , 0.04 , 0.395, 0.22 , 0.32 ,
       0.21 , 0.35 , 0.36 , 0.3  , 0.4  , 0.35 , 0.33 , 0.385, 0.37 ,
       0.4  , 0.305, 0.32 , 0.33 , 0.335, 0.38 , 0.37 , 0.34 , 0.37 ,
       0.37 ])}

Job completed at Wed Mar 19 06:25:47 PM PDT 2025
