Starting job at Thu Mar 20 05:04:56 PM PDT 2025
Job parameters:
Dataset: data_isolet
UQ Method: split_conformal_topk
Estimator: ExtraTrees
Seed: 784
Train Size: 0.8
Running split_conformal_topk on data_isolet with seed 784 and train size 0.8

starting experiment

data created

Fitting split_conformal_topk_ExtraTrees on data_isolet with seed 784

split_conformal_topk_ExtraTrees metrics: {'coverage': np.float64(0.933974358974359), 'mean_width': np.float64(1.0), 'median_width': np.float64(1.0), 'mean_width_scaled': np.float64(0.038461538461538464), 'median_width_scaled': np.float64(0.038461538461538464)}

split_conformal_topk_ExtraTrees full metrics: {'coverage': np.float64(0.933974358974359), 'mean_width': np.float64(1.0), 'median_width': np.float64(1.0), 'mean_width_scaled': np.float64(0.038461538461538464), 'median_width_scaled': np.float64(0.038461538461538464)}

split_conformal_topk_ExtraTrees class metrics: {'class_coverage': array([0.98333333, 1.        , 0.91666667, 0.96666667, 0.93333333,
       0.91666667, 1.        , 0.86666667, 1.        , 1.        ,
       0.93333333, 0.88333333, 0.91666667, 0.98333333, 0.65      ,
       0.88333333, 0.98333333, 0.98333333, 0.95      , 0.95      ,
       0.9       , 0.85      , 0.96666667, 0.91666667, 0.98333333,
       0.96666667]), 'class_mean_width': array([1., 1., 1., 1., 1., 1., 1., 1., 1., 1., 1., 1., 1., 1., 1., 1., 1.,
       1., 1., 1., 1., 1., 1., 1., 1., 1.]), 'class_median_width': array([1., 1., 1., 1., 1., 1., 1., 1., 1., 1., 1., 1., 1., 1., 1., 1., 1.,
       1., 1., 1., 1., 1., 1., 1., 1., 1.]), 'class_mean_width_scaled': array([0.03846154, 0.03846154, 0.03846154, 0.03846154, 0.03846154,
       0.03846154, 0.03846154, 0.03846154, 0.03846154, 0.03846154,
       0.03846154, 0.03846154, 0.03846154, 0.03846154, 0.03846154,
       0.03846154, 0.03846154, 0.03846154, 0.03846154, 0.03846154,
       0.03846154, 0.03846154, 0.03846154, 0.03846154, 0.03846154,
       0.03846154]), 'class_median_width_scaled': array([0.03846154, 0.03846154, 0.03846154, 0.03846154, 0.03846154,
       0.03846154, 0.03846154, 0.03846154, 0.03846154, 0.03846154,
       0.03846154, 0.03846154, 0.03846154, 0.03846154, 0.03846154,
       0.03846154, 0.03846154, 0.03846154, 0.03846154, 0.03846154,
       0.03846154, 0.03846154, 0.03846154, 0.03846154, 0.03846154,
       0.03846154])}

split_conformal_topk_ExtraTrees full class metrics: {'class_coverage': array([0.98333333, 1.        , 0.91666667, 0.96666667, 0.93333333,
       0.91666667, 1.        , 0.86666667, 1.        , 1.        ,
       0.93333333, 0.88333333, 0.91666667, 0.98333333, 0.65      ,
       0.88333333, 0.98333333, 0.98333333, 0.95      , 0.95      ,
       0.9       , 0.85      , 0.96666667, 0.91666667, 0.98333333,
       0.96666667]), 'class_mean_width': array([1., 1., 1., 1., 1., 1., 1., 1., 1., 1., 1., 1., 1., 1., 1., 1., 1.,
       1., 1., 1., 1., 1., 1., 1., 1., 1.]), 'class_median_width': array([1., 1., 1., 1., 1., 1., 1., 1., 1., 1., 1., 1., 1., 1., 1., 1., 1.,
       1., 1., 1., 1., 1., 1., 1., 1., 1.]), 'class_mean_width_scaled': array([0.03846154, 0.03846154, 0.03846154, 0.03846154, 0.03846154,
       0.03846154, 0.03846154, 0.03846154, 0.03846154, 0.03846154,
       0.03846154, 0.03846154, 0.03846154, 0.03846154, 0.03846154,
       0.03846154, 0.03846154, 0.03846154, 0.03846154, 0.03846154,
       0.03846154, 0.03846154, 0.03846154, 0.03846154, 0.03846154,
       0.03846154]), 'class_median_width_scaled': array([0.03846154, 0.03846154, 0.03846154, 0.03846154, 0.03846154,
       0.03846154, 0.03846154, 0.03846154, 0.03846154, 0.03846154,
       0.03846154, 0.03846154, 0.03846154, 0.03846154, 0.03846154,
       0.03846154, 0.03846154, 0.03846154, 0.03846154, 0.03846154,
       0.03846154, 0.03846154, 0.03846154, 0.03846154, 0.03846154,
       0.03846154])}

Job completed at Thu Mar 20 05:04:59 PM PDT 2025
