Starting job at Wed Mar 19 08:22:13 PM PDT 2025
Job parameters:
Dataset: data_isolet
UQ Method: split_conformal_topk
Estimator: ExtraTrees
Seed: 784
Train Size: 0.8
Running split_conformal_topk on data_isolet with seed 784 and train size 0.8

starting experiment

data created

Fitting split_conformal_topk_ExtraTrees on data_isolet with seed 784

split_conformal_topk_ExtraTrees metrics: {'coverage': np.float64(0.9487179487179487), 'mean_width': np.float64(1.0076923076923077), 'median_width': np.float64(1.0), 'mean_width_scaled': np.float64(0.03875739644970414), 'median_width_scaled': np.float64(0.038461538461538464)}

split_conformal_topk_ExtraTrees full metrics: {'coverage': np.float64(0.9487179487179487), 'mean_width': np.float64(1.0076923076923077), 'median_width': np.float64(1.0), 'mean_width_scaled': np.float64(0.03875739644970414), 'median_width_scaled': np.float64(0.038461538461538464)}

split_conformal_topk_ExtraTrees class metrics: {'class_coverage': array([0.98333333, 1.        , 0.96666667, 0.96666667, 0.93333333,
       0.9       , 1.        , 0.88333333, 1.        , 1.        ,
       0.95      , 0.91666667, 0.93333333, 0.98333333, 0.73333333,
       0.95      , 1.        , 0.98333333, 0.96666667, 0.98333333,
       0.91666667, 0.81666667, 0.98333333, 0.93333333, 0.98333333,
       1.        ]), 'class_mean_width': array([1.        , 1.        , 1.01666667, 1.        , 1.06666667,
       1.01666667, 1.        , 1.03333333, 1.        , 1.        ,
       1.        , 1.        , 1.01666667, 1.        , 1.01666667,
       1.        , 1.        , 1.        , 1.        , 1.01666667,
       1.01666667, 1.        , 1.        , 1.        , 1.        ,
       1.        ]), 'class_median_width': array([1., 1., 1., 1., 1., 1., 1., 1., 1., 1., 1., 1., 1., 1., 1., 1., 1.,
       1., 1., 1., 1., 1., 1., 1., 1., 1.]), 'class_mean_width_scaled': array([0.03846154, 0.03846154, 0.03910256, 0.03846154, 0.04102564,
       0.03910256, 0.03846154, 0.03974359, 0.03846154, 0.03846154,
       0.03846154, 0.03846154, 0.03910256, 0.03846154, 0.03910256,
       0.03846154, 0.03846154, 0.03846154, 0.03846154, 0.03910256,
       0.03910256, 0.03846154, 0.03846154, 0.03846154, 0.03846154,
       0.03846154]), 'class_median_width_scaled': array([0.03846154, 0.03846154, 0.03846154, 0.03846154, 0.03846154,
       0.03846154, 0.03846154, 0.03846154, 0.03846154, 0.03846154,
       0.03846154, 0.03846154, 0.03846154, 0.03846154, 0.03846154,
       0.03846154, 0.03846154, 0.03846154, 0.03846154, 0.03846154,
       0.03846154, 0.03846154, 0.03846154, 0.03846154, 0.03846154,
       0.03846154])}

split_conformal_topk_ExtraTrees full class metrics: {'class_coverage': array([0.98333333, 1.        , 0.96666667, 0.96666667, 0.93333333,
       0.9       , 1.        , 0.88333333, 1.        , 1.        ,
       0.95      , 0.91666667, 0.93333333, 0.98333333, 0.73333333,
       0.95      , 1.        , 0.98333333, 0.96666667, 0.98333333,
       0.91666667, 0.81666667, 0.98333333, 0.93333333, 0.98333333,
       1.        ]), 'class_mean_width': array([1.        , 1.        , 1.01666667, 1.        , 1.06666667,
       1.01666667, 1.        , 1.03333333, 1.        , 1.        ,
       1.        , 1.        , 1.01666667, 1.        , 1.01666667,
       1.        , 1.        , 1.        , 1.        , 1.01666667,
       1.01666667, 1.        , 1.        , 1.        , 1.        ,
       1.        ]), 'class_median_width': array([1., 1., 1., 1., 1., 1., 1., 1., 1., 1., 1., 1., 1., 1., 1., 1., 1.,
       1., 1., 1., 1., 1., 1., 1., 1., 1.]), 'class_mean_width_scaled': array([0.03846154, 0.03846154, 0.03910256, 0.03846154, 0.04102564,
       0.03910256, 0.03846154, 0.03974359, 0.03846154, 0.03846154,
       0.03846154, 0.03846154, 0.03910256, 0.03846154, 0.03910256,
       0.03846154, 0.03846154, 0.03846154, 0.03846154, 0.03910256,
       0.03910256, 0.03846154, 0.03846154, 0.03846154, 0.03846154,
       0.03846154]), 'class_median_width_scaled': array([0.03846154, 0.03846154, 0.03846154, 0.03846154, 0.03846154,
       0.03846154, 0.03846154, 0.03846154, 0.03846154, 0.03846154,
       0.03846154, 0.03846154, 0.03846154, 0.03846154, 0.03846154,
       0.03846154, 0.03846154, 0.03846154, 0.03846154, 0.03846154,
       0.03846154, 0.03846154, 0.03846154, 0.03846154, 0.03846154,
       0.03846154])}

Job completed at Wed Mar 19 08:22:19 PM PDT 2025
