Starting job at Wed Mar 19 06:25:01 PM PDT 2025
Job parameters:
Dataset: data_dionis
UQ Method: split_conformal_naive
Estimator: LogisticRegression
Seed: 779
Train Size: 0.8
Running split_conformal_naive on data_dionis with seed 779 and train size 0.8

starting experiment

data created

Fitting split_conformal_naive_LogisticRegression on data_dionis with seed 779

split_conformal_naive_LogisticRegression metrics: {'coverage': np.float64(0.8071666666666667), 'mean_width': np.float64(107.13516666666666), 'median_width': np.float64(112.0), 'mean_width_scaled': np.float64(0.3017892018779343), 'median_width_scaled': np.float64(0.3154929577464789)}

split_conformal_naive_LogisticRegression full metrics: {'coverage': np.float64(0.8071666666666667), 'mean_width': np.float64(107.13516666666666), 'median_width': np.float64(112.0), 'mean_width_scaled': np.float64(0.3017892018779343), 'median_width_scaled': np.float64(0.3154929577464789)}

split_conformal_naive_LogisticRegression class metrics: {'class_coverage': array([0.71428571, 0.9375    , 0.8       , 0.7       , 0.85714286,
       0.33333333, 0.83333333, 0.26666667, 0.66666667, 0.88888889,
       1.        , 0.86666667, 1.        , 0.73333333, 1.        ,
       0.95      , 1.        , 1.        , 0.71428571, 0.6       ,
       0.66666667, 0.41666667, 0.9375    , 0.78947368, 0.875     ,
       0.61111111, 0.92857143, 1.        , 0.92307692, 0.88888889,
       0.78947368, 1.        , 1.        , 0.93333333, 0.8       ,
       0.3125    , 0.64285714, 0.93333333, 1.        , 0.75      ,
       0.75      , 0.8125    , 1.        , 0.93333333, 0.86666667,
       0.93333333, 0.88888889, 0.33333333, 0.94736842, 0.7       ,
       1.        , 0.94117647, 0.52941176, 0.94444444, 0.57894737,
       0.53333333, 0.86666667, 0.93333333, 1.        , 0.93333333,
       0.88235294, 0.75      , 0.73684211, 0.85714286, 0.93333333,
       0.94117647, 0.77777778, 0.94117647, 0.84210526, 0.64285714,
       0.92857143, 0.66666667, 0.375     , 0.8       , 0.93333333,
       0.33333333, 0.9375    , 0.73684211, 0.6       , 1.        ,
       0.57894737, 0.76190476, 0.52941176, 1.        , 1.        ,
       1.        , 0.78947368, 0.93333333, 1.        , 0.75      ,
       1.        , 0.5       , 0.88235294, 1.        , 0.1875    ,
       0.73684211, 0.88235294, 0.86666667, 0.80769231, 0.84210526,
       0.875     , 0.93333333, 0.66666667, 0.6875    , 1.        ,
       0.93333333, 0.66666667, 0.75      , 0.92857143, 0.95      ,
       1.        , 0.86666667, 0.14285714, 0.8       , 0.53333333,
       0.5       , 0.92857143, 0.875     , 0.6       , 0.93333333,
       0.89473684, 0.4375    , 0.8       , 1.        , 0.25      ,
       0.73684211, 0.92857143, 0.82352941, 0.875     , 1.        ,
       0.8       , 1.        , 0.93333333, 0.42857143, 0.86666667,
       1.        , 1.        , 0.88888889, 0.33333333, 1.        ,
       0.93333333, 0.93333333, 0.53333333, 0.53333333, 1.        ,
       0.73684211, 0.6       , 1.        , 0.57142857, 0.9375    ,
       0.83333333, 0.94444444, 0.76470588, 1.        , 0.58823529,
       0.88888889, 1.        , 0.85      , 1.        , 1.        ,
       0.625     , 1.        , 0.64285714, 0.86666667, 0.93333333,
       0.89473684, 0.6       , 1.        , 0.93333333, 0.5       ,
       0.88235294, 0.75      , 0.95652174, 0.33333333, 1.        ,
       0.93333333, 0.4       , 0.875     , 0.86666667, 0.93333333,
       0.17647059, 1.        , 0.8125    , 0.93333333, 1.        ,
       0.8       , 1.        , 0.5       , 1.        , 1.        ,
       1.        , 0.93333333, 1.        , 0.93333333, 0.75      ,
       0.64705882, 0.875     , 1.        , 1.        , 0.33333333,
       0.4       , 0.6       , 0.75      , 0.25      , 0.66666667,
       1.        , 0.95454545, 0.2       , 0.95238095, 0.93333333,
       0.85714286, 1.        , 0.95      , 0.93333333, 0.9375    ,
       0.57894737, 1.        , 0.73333333, 0.75      , 0.85714286,
       1.        , 0.25      , 1.        , 0.1875    , 0.46153846,
       0.93333333, 0.53333333, 1.        , 0.6       , 1.        ,
       0.9047619 , 1.        , 0.85714286, 0.76470588, 0.70588235,
       0.73333333, 0.9375    , 0.75      , 0.93333333, 0.86666667,
       1.        , 0.95454545, 0.66666667, 1.        , 0.85714286,
       0.875     , 0.92857143, 0.5       , 0.9375    , 0.95454545,
       0.9375    , 0.92857143, 1.        , 0.5       , 0.44      ,
       0.73333333, 0.66666667, 0.73684211, 0.9047619 , 0.6       ,
       1.        , 0.875     , 0.93333333, 1.        , 0.86666667,
       0.75      , 0.88235294, 1.        , 0.85185185, 0.85714286,
       0.86666667, 1.        , 0.53333333, 0.86666667, 0.80952381,
       0.125     , 0.77777778, 0.5625    , 0.84615385, 0.93333333,
       0.93333333, 0.95      , 0.73333333, 1.        , 0.93333333,
       0.55882353, 0.94444444, 1.        , 0.82608696, 0.9375    ,
       0.88888889, 1.        , 1.        , 0.8125    , 1.        ,
       1.        , 0.875     , 0.95833333, 0.8125    , 0.66666667,
       1.        , 1.        , 0.4       , 0.92857143, 0.13333333,
       1.        , 0.75      , 0.93333333, 0.73333333, 1.        ,
       0.88888889, 0.93333333, 0.85714286, 1.        , 1.        ,
       0.36363636, 1.        , 0.35714286, 1.        , 0.9       ,
       1.        , 1.        , 1.        , 0.4375    , 0.85714286,
       1.        , 0.26666667, 0.9375    , 0.8       , 0.88888889,
       0.73333333, 0.44444444, 0.9375    , 0.93333333, 0.88235294,
       0.81818182, 0.88461538, 1.        , 0.88235294, 0.94117647,
       0.82608696, 0.5       , 1.        , 0.9375    , 0.73333333,
       0.61111111, 1.        , 0.8       , 0.73333333, 0.76923077,
       0.42857143, 1.        , 0.89473684, 0.31578947, 0.88888889]), 'class_mean_width': array([127.39285714, 125.75      , 159.8       ,  38.45      ,
       109.96428571,  57.86666667, 154.27777778,  38.33333333,
       103.06666667, 175.        , 158.94444444, 147.        ,
       194.70588235, 104.8       , 175.86666667, 115.55      ,
       192.9       , 107.31578947, 151.28571429, 114.33333333,
        41.06666667,  75.83333333, 136.5       , 136.36842105,
       139.125     ,  82.33333333, 154.17857143, 137.6       ,
       125.15384615, 179.72222222,  79.31578947, 131.53333333,
       169.11764706, 160.46666667,  76.93333333,  34.0625    ,
       100.21428571, 162.8       ,  69.07142857,  81.        ,
       137.0625    , 157.125     , 166.52941176, 192.2       ,
       188.53333333, 121.06666667, 137.55555556,  62.94444444,
       178.73684211,  70.65      , 157.33333333, 141.29411765,
        45.35294118, 190.22222222,  73.26315789,  27.        ,
       102.46666667, 137.33333333, 186.5       , 164.33333333,
        46.82352941, 135.75      ,  92.52631579,  48.14285714,
       185.06666667,  36.23529412, 118.55555556,  85.88235294,
       121.42105263,  70.21428571, 118.28571429,  89.33333333,
        92.3125    ,  62.66666667, 103.8       ,  36.2       ,
       147.9375    , 113.15789474,  70.26666667, 136.9375    ,
        95.84210526,  78.71428571,  25.05882353, 117.35294118,
       163.5625    , 160.57142857,  34.52631579,  50.        ,
       211.64285714,  69.1875    , 178.6       ,  51.5       ,
       125.58823529, 162.13333333,  35.875     ,   5.73684211,
        64.64705882, 112.26666667,  84.15384615,  96.26315789,
        38.75      , 129.66666667,  60.73333333,  81.75      ,
       201.70588235, 135.33333333,  46.2       ,  48.4375    ,
       133.        , 189.6       , 157.86666667, 129.8       ,
        35.85714286,  86.        ,  79.2       ,  19.375     ,
        82.71428571, 129.9375    , 132.46666667, 171.73333333,
        22.42105263,  73.5625    ,  52.6       , 171.5       ,
        22.75      , 115.89473684, 174.5       , 115.52941176,
       100.875     , 162.23529412,  88.75      , 133.92857143,
       150.93333333,  57.57142857, 120.2       , 211.46666667,
       175.4       ,  49.33333333,  14.86666667, 183.5       ,
       152.86666667, 131.33333333,  39.2       ,  30.33333333,
       162.95652174,  57.94736842,  69.86666667, 169.53333333,
       115.21428571, 109.0625    ,  55.88888889,  51.83333333,
        21.88235294, 148.8125    ,  31.41176471, 167.22222222,
       155.18181818, 110.35      , 175.93333333,  96.46666667,
        95.9375    , 193.10526316, 150.42857143, 172.26666667,
       125.93333333, 150.57894737,  55.13333333, 153.70588235,
       160.13333333,  57.11111111, 154.29411765,  97.875     ,
       144.86956522,  43.2       , 158.625     , 123.66666667,
        50.4       ,  72.8125    , 126.13333333, 105.6       ,
        16.        ,  72.5       ,  96.875     , 205.26666667,
       116.06666667, 106.86666667, 213.5625    ,  49.9375    ,
       155.75      , 153.38888889, 148.17647059,  67.73333333,
       169.26666667, 146.93333333,  31.55      ,  69.64705882,
       110.3125    , 143.4       , 180.93333333,  14.55555556,
        49.46666667,  28.26666667, 137.4375    ,  40.6875    ,
        44.52380952, 127.84210526, 138.54545455,  64.73333333,
       117.52380952, 154.73333333,  73.85714286, 124.75      ,
       160.85      ,  52.73333333, 149.9375    ,  22.52631579,
       154.6875    , 115.6       , 112.375     ,  50.33333333,
       135.9375    ,  18.375     , 146.125     ,  25.0625    ,
        47.30769231, 145.86666667,  81.46666667, 145.57142857,
        36.73333333,  98.75      ,  74.28571429, 169.66666667,
       159.35714286,  46.88235294,  13.70588235,  37.2       ,
       140.875     , 104.875     , 190.26666667, 145.        ,
       139.13333333, 129.81818182,  78.11111111, 103.5       ,
        53.5       , 125.5625    ,  83.42857143,  24.4375    ,
       168.8125    ,  58.5       , 178.125     , 129.        ,
       168.92857143,  31.38888889,  52.76      , 125.86666667,
        45.72222222,  70.26315789, 130.9047619 ,  35.65      ,
       189.6       , 142.875     ,  69.2       , 198.73333333,
        80.26666667,  32.375     ,  87.35294118, 189.5       ,
       134.37037037, 153.35714286,  67.66666667,  59.35294118,
        85.2       , 134.86666667,  72.14285714,   6.0625    ,
        79.33333333,  57.1875    ,  76.84615385,  57.46666667,
       126.66666667, 193.4       ,  56.26666667,  69.91304348,
       135.46666667,  25.11764706, 160.88888889, 199.4       ,
        45.34782609, 113.9375    ,  88.94444444, 202.75      ,
       184.73913043, 147.375     , 212.375     , 188.5       ,
       131.1875    , 159.54166667,  89.1875    ,  42.73333333,
       203.        ,  92.2       ,  47.86666667, 128.21428571,
        53.2       ,  59.4       ,  75.6875    , 132.73333333,
        22.13333333, 164.44444444,  71.77777778, 125.        ,
       159.28571429,  80.08695652, 154.6       ,  10.22727273,
       153.21052632,  35.64285714, 216.35714286, 144.55      ,
       126.15789474, 181.6875    , 129.86363636,   5.75      ,
        46.57142857, 134.53333333,  82.46666667, 120.0625    ,
        59.13333333, 158.55555556,  32.6       ,   8.27777778,
       155.375     , 163.        , 122.35294118,  94.18181818,
        64.65384615, 170.13333333,  60.94117647, 181.64705882,
        49.86956522,  25.        , 105.73333333, 132.125     ,
       116.33333333,  31.22222222, 218.5625    , 101.8       ,
       117.2       ,  67.15384615,  33.28571429, 138.94117647,
       166.73684211,  11.73684211, 115.22222222]), 'class_median_width': array([161.5, 129. , 212. ,  14.5, 124.5,  42. , 186. ,  33. ,  98. ,
       206. , 165.5, 167. , 199. ,  81. , 184. , 122.5, 192.5, 114. ,
       172.5, 129. ,  36. ,  47. , 165.5, 167. , 164.5,  83. , 169.5,
       142. , 129. , 203. ,  77. , 146. , 169. , 162. ,  92. ,  12.5,
       102. , 174. ,  60. ,  88. , 156. , 183. , 186. , 212. , 210. ,
       150. , 186. ,  57. , 213. ,  55. , 159. , 146. ,  12. , 202. ,
        73. ,   4. , 126. , 151. , 191. , 177. ,  28. , 174. , 110. ,
        48.5, 199. ,  31. , 138.5,  77. , 113. ,  63. , 136. , 106. ,
        86. ,  32. , 110. ,   5. , 149.5, 131. ,  66. , 150.5,  87. ,
        89. ,   6. , 119. , 170.5, 164. ,  10. ,  54. , 218. ,  75. ,
       188. ,  25. , 147. , 167. ,  26. ,   2. ,  57. , 127. ,  76.5,
        85. ,  42. , 134. ,  54. ,  86. , 207. , 141. ,  50. ,  41.5,
       147. , 208. , 170. , 154. ,  15. ,  94. ,  74. ,   5.5,  80. ,
       133.5, 132. , 198. ,   9. ,  28.5,  38. , 181. ,   5.5,  92. ,
       214. ,  98. ,  95.5, 164. , 107.5, 140.5, 166. ,  31.5, 151. ,
       208. , 180. ,  51.5,   4. , 193. , 167. , 156. ,  17. ,  28. ,
       176. ,  53. ,  69. , 181. , 120. , 102.5,  43. ,  34. ,  15. ,
       153.5,  14. , 183.5, 159. , 128.5, 178. , 100. ,  84. , 205. ,
       207.5, 184. , 129. , 186. ,  41. , 177. , 192. ,  22. , 164. ,
       126. , 139. ,  19. , 161.5, 137. ,  39. ,  68.5, 138. , 116. ,
         2. ,  64.5,  92.5, 220. , 115. , 146. , 218. ,  32.5, 170.5,
       160. , 157. ,  58. , 170. , 170. ,  11. ,  75. , 131.5, 170. ,
       176. ,   4.5,  38. ,  28. , 155.5,  24. ,  12. , 132. , 172. ,
        78. , 131. , 158. ,  70. , 125.5, 171. ,  63. , 154.5,  15. ,
       156.5, 133. , 150.5,  42. , 139.5,   9. , 154. ,   8.5,   4. ,
       156. ,  88. , 144.5,  24. , 102. ,  66. , 170.5, 189. ,  44. ,
         5. ,  29. , 160.5, 124. , 196. , 152. , 139. , 142. ,  74. ,
        96.5,  37.5, 151. ,  94.5,   9.5, 180. ,  66. , 208.5, 126. ,
       164. ,  16. ,  23. , 129. ,  42.5,  72. , 129. ,  23.5, 190. ,
       143.5,  69. , 208. ,  72. ,  34. ,  83. , 190. , 153. , 184.5,
        46. ,  58. ,  67. , 153. ,  70. ,   2. ,  91.5,  39. ,  83. ,
        47. , 142. , 202. ,  63. ,  58. , 161. ,   7.5, 176. , 203. ,
        41. , 124.5,  92. , 211. , 192. , 184. , 210. , 190. , 141. ,
       164.5,  63.5,  41. , 213.5,  77. ,  36. , 149.5,  52. ,  56. ,
        72.5, 144. ,   4. , 165.5,  29. , 148. , 193.5,  62. , 164.5,
         5. , 157. ,   9. , 222.5, 157. , 132. , 209.5, 135.5,   1.5,
        42. , 150. ,  69. , 129. ,  60. , 185.5,  25. ,   4. , 158. ,
       174. , 145. ,  91. ,  50. , 187. ,  58. , 195. ,  46. ,   3.5,
       115. , 133. , 127. ,  11.5, 220. ,  90. , 152. ,  82. ,  22.5,
       159. , 195. ,   4. , 137.5]), 'class_mean_width_scaled': array([0.35885312, 0.35422535, 0.45014085, 0.10830986, 0.30975855,
       0.16300469, 0.43458529, 0.10798122, 0.29032864, 0.49295775,
       0.44773083, 0.41408451, 0.54846727, 0.29521127, 0.49539906,
       0.32549296, 0.54338028, 0.302298  , 0.42615694, 0.32206573,
       0.11568075, 0.21361502, 0.38450704, 0.3841364 , 0.39190141,
       0.23192488, 0.43430584, 0.38760563, 0.35254605, 0.50625978,
       0.22342476, 0.37051643, 0.47638774, 0.45201878, 0.21671362,
       0.0959507 , 0.28229376, 0.45859155, 0.1945674 , 0.22816901,
       0.38609155, 0.44260563, 0.46909693, 0.54140845, 0.53107981,
       0.34103286, 0.38748044, 0.17730829, 0.50348406, 0.19901408,
       0.44319249, 0.3980116 , 0.12775476, 0.53583725, 0.20637509,
       0.07605634, 0.2886385 , 0.38685446, 0.52535211, 0.4629108 ,
       0.13189727, 0.38239437, 0.26063751, 0.13561368, 0.52131455,
       0.10207125, 0.33395931, 0.24192212, 0.34203113, 0.19778672,
       0.3331992 , 0.25164319, 0.26003521, 0.17652582, 0.29239437,
       0.10197183, 0.41672535, 0.31875463, 0.19793427, 0.38573944,
       0.26997776, 0.22173038, 0.07058824, 0.33057167, 0.46073944,
       0.45231388, 0.09725723, 0.14084507, 0.59617706, 0.19489437,
       0.50309859, 0.14507042, 0.35376968, 0.45671362, 0.10105634,
       0.01616012, 0.18210439, 0.31624413, 0.23705309, 0.27116383,
       0.10915493, 0.36525822, 0.17107981, 0.23028169, 0.56818558,
       0.38122066, 0.13014085, 0.13644366, 0.37464789, 0.53408451,
       0.44469484, 0.3656338 , 0.10100604, 0.24225352, 0.22309859,
       0.05457746, 0.23299799, 0.36602113, 0.37314554, 0.48375587,
       0.06315789, 0.20721831, 0.14816901, 0.48309859, 0.06408451,
       0.32646405, 0.4915493 , 0.32543496, 0.28415493, 0.45700083,
       0.25      , 0.37726358, 0.42516432, 0.16217304, 0.33859155,
       0.59568075, 0.49408451, 0.13896714, 0.04187793, 0.51690141,
       0.43061033, 0.36995305, 0.11042254, 0.08544601, 0.45903246,
       0.16323202, 0.19680751, 0.47755869, 0.32454728, 0.30721831,
       0.15743349, 0.14600939, 0.06164043, 0.41919014, 0.08848384,
       0.47104851, 0.43713188, 0.31084507, 0.49558685, 0.27173709,
       0.27024648, 0.54395849, 0.42374245, 0.48525822, 0.35474178,
       0.42416605, 0.15530516, 0.43297432, 0.45107981, 0.16087637,
       0.43463132, 0.27570423, 0.40808328, 0.12169014, 0.44683099,
       0.34835681, 0.14197183, 0.20510563, 0.35530516, 0.29746479,
       0.04507042, 0.20422535, 0.27288732, 0.57821596, 0.32694836,
       0.30103286, 0.60158451, 0.14066901, 0.43873239, 0.43208138,
       0.41739851, 0.19079812, 0.47680751, 0.41389671, 0.08887324,
       0.1961889 , 0.31073944, 0.40394366, 0.50967136, 0.04100156,
       0.13934272, 0.07962441, 0.38714789, 0.11461268, 0.12541918,
       0.36011861, 0.39026889, 0.18234742, 0.33105298, 0.43586854,
       0.20804829, 0.35140845, 0.45309859, 0.1485446 , 0.42235915,
       0.06345441, 0.43573944, 0.3256338 , 0.3165493 , 0.14178404,
       0.38292254, 0.05176056, 0.41161972, 0.07059859, 0.13326111,
       0.41089202, 0.22948357, 0.41006036, 0.10347418, 0.27816901,
       0.20925553, 0.47793427, 0.44889336, 0.13206297, 0.03860812,
       0.10478873, 0.39683099, 0.29542254, 0.53596244, 0.4084507 ,
       0.39192488, 0.36568502, 0.2200313 , 0.2915493 , 0.15070423,
       0.35369718, 0.23501006, 0.06883803, 0.47552817, 0.16478873,
       0.50176056, 0.36338028, 0.47585513, 0.08841941, 0.14861972,
       0.35455399, 0.12879499, 0.19792439, 0.36874581, 0.10042254,
       0.53408451, 0.40246479, 0.19492958, 0.55981221, 0.22610329,
       0.09119718, 0.24606462, 0.53380282, 0.37850809, 0.43199195,
       0.19061033, 0.16719138, 0.24      , 0.3799061 , 0.20321932,
       0.01707746, 0.22347418, 0.16109155, 0.21646804, 0.16187793,
       0.35680751, 0.54478873, 0.15849765, 0.19693815, 0.38159624,
       0.07075394, 0.45320814, 0.56169014, 0.12774036, 0.3209507 ,
       0.25054773, 0.57112676, 0.52039192, 0.41514085, 0.59823944,
       0.53098592, 0.36954225, 0.44941315, 0.25123239, 0.12037559,
       0.57183099, 0.25971831, 0.13483568, 0.361167  , 0.14985915,
       0.16732394, 0.21320423, 0.37389671, 0.06234742, 0.46322379,
       0.20219092, 0.35211268, 0.44869215, 0.22559706, 0.43549296,
       0.02880922, 0.43157895, 0.10040241, 0.60945674, 0.4071831 ,
       0.35537435, 0.51179577, 0.36581306, 0.01619718, 0.13118712,
       0.37896714, 0.23230047, 0.33820423, 0.16657277, 0.44663537,
       0.09183099, 0.02331768, 0.43767606, 0.45915493, 0.34465617,
       0.2653009 , 0.18212351, 0.47924883, 0.17166529, 0.51168186,
       0.14047765, 0.07042254, 0.29784038, 0.3721831 , 0.32769953,
       0.08794992, 0.61566901, 0.28676056, 0.33014085, 0.18916576,
       0.09376258, 0.3913836 , 0.46968125, 0.03306153, 0.32456964]), 'class_median_width_scaled': array([0.45492958, 0.36338028, 0.5971831 , 0.04084507, 0.35070423,
       0.11830986, 0.52394366, 0.09295775, 0.27605634, 0.58028169,
       0.46619718, 0.47042254, 0.56056338, 0.22816901, 0.51830986,
       0.34507042, 0.54225352, 0.32112676, 0.48591549, 0.36338028,
       0.10140845, 0.13239437, 0.46619718, 0.47042254, 0.46338028,
       0.23380282, 0.47746479, 0.4       , 0.36338028, 0.57183099,
       0.21690141, 0.41126761, 0.47605634, 0.45633803, 0.25915493,
       0.03521127, 0.28732394, 0.49014085, 0.16901408, 0.24788732,
       0.43943662, 0.51549296, 0.52394366, 0.5971831 , 0.5915493 ,
       0.42253521, 0.52394366, 0.16056338, 0.6       , 0.15492958,
       0.44788732, 0.41126761, 0.03380282, 0.56901408, 0.2056338 ,
       0.01126761, 0.35492958, 0.42535211, 0.53802817, 0.49859155,
       0.07887324, 0.49014085, 0.30985915, 0.13661972, 0.56056338,
       0.08732394, 0.39014085, 0.21690141, 0.31830986, 0.17746479,
       0.38309859, 0.29859155, 0.24225352, 0.09014085, 0.30985915,
       0.01408451, 0.42112676, 0.36901408, 0.18591549, 0.42394366,
       0.24507042, 0.25070423, 0.01690141, 0.33521127, 0.48028169,
       0.46197183, 0.02816901, 0.15211268, 0.61408451, 0.21126761,
       0.52957746, 0.07042254, 0.41408451, 0.47042254, 0.07323944,
       0.0056338 , 0.16056338, 0.35774648, 0.21549296, 0.23943662,
       0.11830986, 0.37746479, 0.15211268, 0.24225352, 0.58309859,
       0.3971831 , 0.14084507, 0.11690141, 0.41408451, 0.58591549,
       0.47887324, 0.43380282, 0.04225352, 0.26478873, 0.2084507 ,
       0.01549296, 0.22535211, 0.37605634, 0.37183099, 0.55774648,
       0.02535211, 0.08028169, 0.10704225, 0.50985915, 0.01549296,
       0.25915493, 0.6028169 , 0.27605634, 0.26901408, 0.46197183,
       0.3028169 , 0.39577465, 0.46760563, 0.08873239, 0.42535211,
       0.58591549, 0.50704225, 0.14507042, 0.01126761, 0.54366197,
       0.47042254, 0.43943662, 0.04788732, 0.07887324, 0.49577465,
       0.14929577, 0.1943662 , 0.50985915, 0.33802817, 0.28873239,
       0.12112676, 0.09577465, 0.04225352, 0.43239437, 0.03943662,
       0.51690141, 0.44788732, 0.36197183, 0.50140845, 0.28169014,
       0.23661972, 0.57746479, 0.58450704, 0.51830986, 0.36338028,
       0.52394366, 0.11549296, 0.49859155, 0.54084507, 0.06197183,
       0.46197183, 0.35492958, 0.3915493 , 0.05352113, 0.45492958,
       0.38591549, 0.10985915, 0.19295775, 0.38873239, 0.32676056,
       0.0056338 , 0.18169014, 0.26056338, 0.61971831, 0.32394366,
       0.41126761, 0.61408451, 0.0915493 , 0.48028169, 0.45070423,
       0.44225352, 0.16338028, 0.47887324, 0.47887324, 0.03098592,
       0.21126761, 0.37042254, 0.47887324, 0.49577465, 0.01267606,
       0.10704225, 0.07887324, 0.43802817, 0.06760563, 0.03380282,
       0.37183099, 0.48450704, 0.21971831, 0.36901408, 0.44507042,
       0.1971831 , 0.35352113, 0.48169014, 0.17746479, 0.43521127,
       0.04225352, 0.44084507, 0.37464789, 0.42394366, 0.11830986,
       0.39295775, 0.02535211, 0.43380282, 0.02394366, 0.01126761,
       0.43943662, 0.24788732, 0.40704225, 0.06760563, 0.28732394,
       0.18591549, 0.48028169, 0.53239437, 0.12394366, 0.01408451,
       0.08169014, 0.45211268, 0.34929577, 0.55211268, 0.42816901,
       0.3915493 , 0.4       , 0.2084507 , 0.27183099, 0.1056338 ,
       0.42535211, 0.26619718, 0.02676056, 0.50704225, 0.18591549,
       0.58732394, 0.35492958, 0.46197183, 0.04507042, 0.06478873,
       0.36338028, 0.11971831, 0.2028169 , 0.36338028, 0.06619718,
       0.53521127, 0.40422535, 0.1943662 , 0.58591549, 0.2028169 ,
       0.09577465, 0.23380282, 0.53521127, 0.43098592, 0.51971831,
       0.12957746, 0.16338028, 0.18873239, 0.43098592, 0.1971831 ,
       0.0056338 , 0.25774648, 0.10985915, 0.23380282, 0.13239437,
       0.4       , 0.56901408, 0.17746479, 0.16338028, 0.45352113,
       0.02112676, 0.49577465, 0.57183099, 0.11549296, 0.35070423,
       0.25915493, 0.5943662 , 0.54084507, 0.51830986, 0.5915493 ,
       0.53521127, 0.3971831 , 0.46338028, 0.17887324, 0.11549296,
       0.60140845, 0.21690141, 0.10140845, 0.42112676, 0.14647887,
       0.15774648, 0.20422535, 0.4056338 , 0.01126761, 0.46619718,
       0.08169014, 0.41690141, 0.54507042, 0.17464789, 0.46338028,
       0.01408451, 0.44225352, 0.02535211, 0.62676056, 0.44225352,
       0.37183099, 0.59014085, 0.38169014, 0.00422535, 0.11830986,
       0.42253521, 0.1943662 , 0.36338028, 0.16901408, 0.52253521,
       0.07042254, 0.01126761, 0.44507042, 0.49014085, 0.4084507 ,
       0.25633803, 0.14084507, 0.52676056, 0.16338028, 0.54929577,
       0.12957746, 0.00985915, 0.32394366, 0.37464789, 0.35774648,
       0.03239437, 0.61971831, 0.25352113, 0.42816901, 0.23098592,
       0.06338028, 0.44788732, 0.54929577, 0.01126761, 0.38732394])}

split_conformal_naive_LogisticRegression full class metrics: {'class_coverage': array([0.71428571, 0.9375    , 0.8       , 0.7       , 0.85714286,
       0.33333333, 0.83333333, 0.26666667, 0.66666667, 0.88888889,
       1.        , 0.86666667, 1.        , 0.73333333, 1.        ,
       0.95      , 1.        , 1.        , 0.71428571, 0.6       ,
       0.66666667, 0.41666667, 0.9375    , 0.78947368, 0.875     ,
       0.61111111, 0.92857143, 1.        , 0.92307692, 0.88888889,
       0.78947368, 1.        , 1.        , 0.93333333, 0.8       ,
       0.3125    , 0.64285714, 0.93333333, 1.        , 0.75      ,
       0.75      , 0.8125    , 1.        , 0.93333333, 0.86666667,
       0.93333333, 0.88888889, 0.33333333, 0.94736842, 0.7       ,
       1.        , 0.94117647, 0.52941176, 0.94444444, 0.57894737,
       0.53333333, 0.86666667, 0.93333333, 1.        , 0.93333333,
       0.88235294, 0.75      , 0.73684211, 0.85714286, 0.93333333,
       0.94117647, 0.77777778, 0.94117647, 0.84210526, 0.64285714,
       0.92857143, 0.66666667, 0.375     , 0.8       , 0.93333333,
       0.33333333, 0.9375    , 0.73684211, 0.6       , 1.        ,
       0.57894737, 0.76190476, 0.52941176, 1.        , 1.        ,
       1.        , 0.78947368, 0.93333333, 1.        , 0.75      ,
       1.        , 0.5       , 0.88235294, 1.        , 0.1875    ,
       0.73684211, 0.88235294, 0.86666667, 0.80769231, 0.84210526,
       0.875     , 0.93333333, 0.66666667, 0.6875    , 1.        ,
       0.93333333, 0.66666667, 0.75      , 0.92857143, 0.95      ,
       1.        , 0.86666667, 0.14285714, 0.8       , 0.53333333,
       0.5       , 0.92857143, 0.875     , 0.6       , 0.93333333,
       0.89473684, 0.4375    , 0.8       , 1.        , 0.25      ,
       0.73684211, 0.92857143, 0.82352941, 0.875     , 1.        ,
       0.8       , 1.        , 0.93333333, 0.42857143, 0.86666667,
       1.        , 1.        , 0.88888889, 0.33333333, 1.        ,
       0.93333333, 0.93333333, 0.53333333, 0.53333333, 1.        ,
       0.73684211, 0.6       , 1.        , 0.57142857, 0.9375    ,
       0.83333333, 0.94444444, 0.76470588, 1.        , 0.58823529,
       0.88888889, 1.        , 0.85      , 1.        , 1.        ,
       0.625     , 1.        , 0.64285714, 0.86666667, 0.93333333,
       0.89473684, 0.6       , 1.        , 0.93333333, 0.5       ,
       0.88235294, 0.75      , 0.95652174, 0.33333333, 1.        ,
       0.93333333, 0.4       , 0.875     , 0.86666667, 0.93333333,
       0.17647059, 1.        , 0.8125    , 0.93333333, 1.        ,
       0.8       , 1.        , 0.5       , 1.        , 1.        ,
       1.        , 0.93333333, 1.        , 0.93333333, 0.75      ,
       0.64705882, 0.875     , 1.        , 1.        , 0.33333333,
       0.4       , 0.6       , 0.75      , 0.25      , 0.66666667,
       1.        , 0.95454545, 0.2       , 0.95238095, 0.93333333,
       0.85714286, 1.        , 0.95      , 0.93333333, 0.9375    ,
       0.57894737, 1.        , 0.73333333, 0.75      , 0.85714286,
       1.        , 0.25      , 1.        , 0.1875    , 0.46153846,
       0.93333333, 0.53333333, 1.        , 0.6       , 1.        ,
       0.9047619 , 1.        , 0.85714286, 0.76470588, 0.70588235,
       0.73333333, 0.9375    , 0.75      , 0.93333333, 0.86666667,
       1.        , 0.95454545, 0.66666667, 1.        , 0.85714286,
       0.875     , 0.92857143, 0.5       , 0.9375    , 0.95454545,
       0.9375    , 0.92857143, 1.        , 0.5       , 0.44      ,
       0.73333333, 0.66666667, 0.73684211, 0.9047619 , 0.6       ,
       1.        , 0.875     , 0.93333333, 1.        , 0.86666667,
       0.75      , 0.88235294, 1.        , 0.85185185, 0.85714286,
       0.86666667, 1.        , 0.53333333, 0.86666667, 0.80952381,
       0.125     , 0.77777778, 0.5625    , 0.84615385, 0.93333333,
       0.93333333, 0.95      , 0.73333333, 1.        , 0.93333333,
       0.55882353, 0.94444444, 1.        , 0.82608696, 0.9375    ,
       0.88888889, 1.        , 1.        , 0.8125    , 1.        ,
       1.        , 0.875     , 0.95833333, 0.8125    , 0.66666667,
       1.        , 1.        , 0.4       , 0.92857143, 0.13333333,
       1.        , 0.75      , 0.93333333, 0.73333333, 1.        ,
       0.88888889, 0.93333333, 0.85714286, 1.        , 1.        ,
       0.36363636, 1.        , 0.35714286, 1.        , 0.9       ,
       1.        , 1.        , 1.        , 0.4375    , 0.85714286,
       1.        , 0.26666667, 0.9375    , 0.8       , 0.88888889,
       0.73333333, 0.44444444, 0.9375    , 0.93333333, 0.88235294,
       0.81818182, 0.88461538, 1.        , 0.88235294, 0.94117647,
       0.82608696, 0.5       , 1.        , 0.9375    , 0.73333333,
       0.61111111, 1.        , 0.8       , 0.73333333, 0.76923077,
       0.42857143, 1.        , 0.89473684, 0.31578947, 0.88888889]), 'class_mean_width': array([127.39285714, 125.75      , 159.8       ,  38.45      ,
       109.96428571,  57.86666667, 154.27777778,  38.33333333,
       103.06666667, 175.        , 158.94444444, 147.        ,
       194.70588235, 104.8       , 175.86666667, 115.55      ,
       192.9       , 107.31578947, 151.28571429, 114.33333333,
        41.06666667,  75.83333333, 136.5       , 136.36842105,
       139.125     ,  82.33333333, 154.17857143, 137.6       ,
       125.15384615, 179.72222222,  79.31578947, 131.53333333,
       169.11764706, 160.46666667,  76.93333333,  34.0625    ,
       100.21428571, 162.8       ,  69.07142857,  81.        ,
       137.0625    , 157.125     , 166.52941176, 192.2       ,
       188.53333333, 121.06666667, 137.55555556,  62.94444444,
       178.73684211,  70.65      , 157.33333333, 141.29411765,
        45.35294118, 190.22222222,  73.26315789,  27.        ,
       102.46666667, 137.33333333, 186.5       , 164.33333333,
        46.82352941, 135.75      ,  92.52631579,  48.14285714,
       185.06666667,  36.23529412, 118.55555556,  85.88235294,
       121.42105263,  70.21428571, 118.28571429,  89.33333333,
        92.3125    ,  62.66666667, 103.8       ,  36.2       ,
       147.9375    , 113.15789474,  70.26666667, 136.9375    ,
        95.84210526,  78.71428571,  25.05882353, 117.35294118,
       163.5625    , 160.57142857,  34.52631579,  50.        ,
       211.64285714,  69.1875    , 178.6       ,  51.5       ,
       125.58823529, 162.13333333,  35.875     ,   5.73684211,
        64.64705882, 112.26666667,  84.15384615,  96.26315789,
        38.75      , 129.66666667,  60.73333333,  81.75      ,
       201.70588235, 135.33333333,  46.2       ,  48.4375    ,
       133.        , 189.6       , 157.86666667, 129.8       ,
        35.85714286,  86.        ,  79.2       ,  19.375     ,
        82.71428571, 129.9375    , 132.46666667, 171.73333333,
        22.42105263,  73.5625    ,  52.6       , 171.5       ,
        22.75      , 115.89473684, 174.5       , 115.52941176,
       100.875     , 162.23529412,  88.75      , 133.92857143,
       150.93333333,  57.57142857, 120.2       , 211.46666667,
       175.4       ,  49.33333333,  14.86666667, 183.5       ,
       152.86666667, 131.33333333,  39.2       ,  30.33333333,
       162.95652174,  57.94736842,  69.86666667, 169.53333333,
       115.21428571, 109.0625    ,  55.88888889,  51.83333333,
        21.88235294, 148.8125    ,  31.41176471, 167.22222222,
       155.18181818, 110.35      , 175.93333333,  96.46666667,
        95.9375    , 193.10526316, 150.42857143, 172.26666667,
       125.93333333, 150.57894737,  55.13333333, 153.70588235,
       160.13333333,  57.11111111, 154.29411765,  97.875     ,
       144.86956522,  43.2       , 158.625     , 123.66666667,
        50.4       ,  72.8125    , 126.13333333, 105.6       ,
        16.        ,  72.5       ,  96.875     , 205.26666667,
       116.06666667, 106.86666667, 213.5625    ,  49.9375    ,
       155.75      , 153.38888889, 148.17647059,  67.73333333,
       169.26666667, 146.93333333,  31.55      ,  69.64705882,
       110.3125    , 143.4       , 180.93333333,  14.55555556,
        49.46666667,  28.26666667, 137.4375    ,  40.6875    ,
        44.52380952, 127.84210526, 138.54545455,  64.73333333,
       117.52380952, 154.73333333,  73.85714286, 124.75      ,
       160.85      ,  52.73333333, 149.9375    ,  22.52631579,
       154.6875    , 115.6       , 112.375     ,  50.33333333,
       135.9375    ,  18.375     , 146.125     ,  25.0625    ,
        47.30769231, 145.86666667,  81.46666667, 145.57142857,
        36.73333333,  98.75      ,  74.28571429, 169.66666667,
       159.35714286,  46.88235294,  13.70588235,  37.2       ,
       140.875     , 104.875     , 190.26666667, 145.        ,
       139.13333333, 129.81818182,  78.11111111, 103.5       ,
        53.5       , 125.5625    ,  83.42857143,  24.4375    ,
       168.8125    ,  58.5       , 178.125     , 129.        ,
       168.92857143,  31.38888889,  52.76      , 125.86666667,
        45.72222222,  70.26315789, 130.9047619 ,  35.65      ,
       189.6       , 142.875     ,  69.2       , 198.73333333,
        80.26666667,  32.375     ,  87.35294118, 189.5       ,
       134.37037037, 153.35714286,  67.66666667,  59.35294118,
        85.2       , 134.86666667,  72.14285714,   6.0625    ,
        79.33333333,  57.1875    ,  76.84615385,  57.46666667,
       126.66666667, 193.4       ,  56.26666667,  69.91304348,
       135.46666667,  25.11764706, 160.88888889, 199.4       ,
        45.34782609, 113.9375    ,  88.94444444, 202.75      ,
       184.73913043, 147.375     , 212.375     , 188.5       ,
       131.1875    , 159.54166667,  89.1875    ,  42.73333333,
       203.        ,  92.2       ,  47.86666667, 128.21428571,
        53.2       ,  59.4       ,  75.6875    , 132.73333333,
        22.13333333, 164.44444444,  71.77777778, 125.        ,
       159.28571429,  80.08695652, 154.6       ,  10.22727273,
       153.21052632,  35.64285714, 216.35714286, 144.55      ,
       126.15789474, 181.6875    , 129.86363636,   5.75      ,
        46.57142857, 134.53333333,  82.46666667, 120.0625    ,
        59.13333333, 158.55555556,  32.6       ,   8.27777778,
       155.375     , 163.        , 122.35294118,  94.18181818,
        64.65384615, 170.13333333,  60.94117647, 181.64705882,
        49.86956522,  25.        , 105.73333333, 132.125     ,
       116.33333333,  31.22222222, 218.5625    , 101.8       ,
       117.2       ,  67.15384615,  33.28571429, 138.94117647,
       166.73684211,  11.73684211, 115.22222222]), 'class_median_width': array([161.5, 129. , 212. ,  14.5, 124.5,  42. , 186. ,  33. ,  98. ,
       206. , 165.5, 167. , 199. ,  81. , 184. , 122.5, 192.5, 114. ,
       172.5, 129. ,  36. ,  47. , 165.5, 167. , 164.5,  83. , 169.5,
       142. , 129. , 203. ,  77. , 146. , 169. , 162. ,  92. ,  12.5,
       102. , 174. ,  60. ,  88. , 156. , 183. , 186. , 212. , 210. ,
       150. , 186. ,  57. , 213. ,  55. , 159. , 146. ,  12. , 202. ,
        73. ,   4. , 126. , 151. , 191. , 177. ,  28. , 174. , 110. ,
        48.5, 199. ,  31. , 138.5,  77. , 113. ,  63. , 136. , 106. ,
        86. ,  32. , 110. ,   5. , 149.5, 131. ,  66. , 150.5,  87. ,
        89. ,   6. , 119. , 170.5, 164. ,  10. ,  54. , 218. ,  75. ,
       188. ,  25. , 147. , 167. ,  26. ,   2. ,  57. , 127. ,  76.5,
        85. ,  42. , 134. ,  54. ,  86. , 207. , 141. ,  50. ,  41.5,
       147. , 208. , 170. , 154. ,  15. ,  94. ,  74. ,   5.5,  80. ,
       133.5, 132. , 198. ,   9. ,  28.5,  38. , 181. ,   5.5,  92. ,
       214. ,  98. ,  95.5, 164. , 107.5, 140.5, 166. ,  31.5, 151. ,
       208. , 180. ,  51.5,   4. , 193. , 167. , 156. ,  17. ,  28. ,
       176. ,  53. ,  69. , 181. , 120. , 102.5,  43. ,  34. ,  15. ,
       153.5,  14. , 183.5, 159. , 128.5, 178. , 100. ,  84. , 205. ,
       207.5, 184. , 129. , 186. ,  41. , 177. , 192. ,  22. , 164. ,
       126. , 139. ,  19. , 161.5, 137. ,  39. ,  68.5, 138. , 116. ,
         2. ,  64.5,  92.5, 220. , 115. , 146. , 218. ,  32.5, 170.5,
       160. , 157. ,  58. , 170. , 170. ,  11. ,  75. , 131.5, 170. ,
       176. ,   4.5,  38. ,  28. , 155.5,  24. ,  12. , 132. , 172. ,
        78. , 131. , 158. ,  70. , 125.5, 171. ,  63. , 154.5,  15. ,
       156.5, 133. , 150.5,  42. , 139.5,   9. , 154. ,   8.5,   4. ,
       156. ,  88. , 144.5,  24. , 102. ,  66. , 170.5, 189. ,  44. ,
         5. ,  29. , 160.5, 124. , 196. , 152. , 139. , 142. ,  74. ,
        96.5,  37.5, 151. ,  94.5,   9.5, 180. ,  66. , 208.5, 126. ,
       164. ,  16. ,  23. , 129. ,  42.5,  72. , 129. ,  23.5, 190. ,
       143.5,  69. , 208. ,  72. ,  34. ,  83. , 190. , 153. , 184.5,
        46. ,  58. ,  67. , 153. ,  70. ,   2. ,  91.5,  39. ,  83. ,
        47. , 142. , 202. ,  63. ,  58. , 161. ,   7.5, 176. , 203. ,
        41. , 124.5,  92. , 211. , 192. , 184. , 210. , 190. , 141. ,
       164.5,  63.5,  41. , 213.5,  77. ,  36. , 149.5,  52. ,  56. ,
        72.5, 144. ,   4. , 165.5,  29. , 148. , 193.5,  62. , 164.5,
         5. , 157. ,   9. , 222.5, 157. , 132. , 209.5, 135.5,   1.5,
        42. , 150. ,  69. , 129. ,  60. , 185.5,  25. ,   4. , 158. ,
       174. , 145. ,  91. ,  50. , 187. ,  58. , 195. ,  46. ,   3.5,
       115. , 133. , 127. ,  11.5, 220. ,  90. , 152. ,  82. ,  22.5,
       159. , 195. ,   4. , 137.5]), 'class_mean_width_scaled': array([0.35885312, 0.35422535, 0.45014085, 0.10830986, 0.30975855,
       0.16300469, 0.43458529, 0.10798122, 0.29032864, 0.49295775,
       0.44773083, 0.41408451, 0.54846727, 0.29521127, 0.49539906,
       0.32549296, 0.54338028, 0.302298  , 0.42615694, 0.32206573,
       0.11568075, 0.21361502, 0.38450704, 0.3841364 , 0.39190141,
       0.23192488, 0.43430584, 0.38760563, 0.35254605, 0.50625978,
       0.22342476, 0.37051643, 0.47638774, 0.45201878, 0.21671362,
       0.0959507 , 0.28229376, 0.45859155, 0.1945674 , 0.22816901,
       0.38609155, 0.44260563, 0.46909693, 0.54140845, 0.53107981,
       0.34103286, 0.38748044, 0.17730829, 0.50348406, 0.19901408,
       0.44319249, 0.3980116 , 0.12775476, 0.53583725, 0.20637509,
       0.07605634, 0.2886385 , 0.38685446, 0.52535211, 0.4629108 ,
       0.13189727, 0.38239437, 0.26063751, 0.13561368, 0.52131455,
       0.10207125, 0.33395931, 0.24192212, 0.34203113, 0.19778672,
       0.3331992 , 0.25164319, 0.26003521, 0.17652582, 0.29239437,
       0.10197183, 0.41672535, 0.31875463, 0.19793427, 0.38573944,
       0.26997776, 0.22173038, 0.07058824, 0.33057167, 0.46073944,
       0.45231388, 0.09725723, 0.14084507, 0.59617706, 0.19489437,
       0.50309859, 0.14507042, 0.35376968, 0.45671362, 0.10105634,
       0.01616012, 0.18210439, 0.31624413, 0.23705309, 0.27116383,
       0.10915493, 0.36525822, 0.17107981, 0.23028169, 0.56818558,
       0.38122066, 0.13014085, 0.13644366, 0.37464789, 0.53408451,
       0.44469484, 0.3656338 , 0.10100604, 0.24225352, 0.22309859,
       0.05457746, 0.23299799, 0.36602113, 0.37314554, 0.48375587,
       0.06315789, 0.20721831, 0.14816901, 0.48309859, 0.06408451,
       0.32646405, 0.4915493 , 0.32543496, 0.28415493, 0.45700083,
       0.25      , 0.37726358, 0.42516432, 0.16217304, 0.33859155,
       0.59568075, 0.49408451, 0.13896714, 0.04187793, 0.51690141,
       0.43061033, 0.36995305, 0.11042254, 0.08544601, 0.45903246,
       0.16323202, 0.19680751, 0.47755869, 0.32454728, 0.30721831,
       0.15743349, 0.14600939, 0.06164043, 0.41919014, 0.08848384,
       0.47104851, 0.43713188, 0.31084507, 0.49558685, 0.27173709,
       0.27024648, 0.54395849, 0.42374245, 0.48525822, 0.35474178,
       0.42416605, 0.15530516, 0.43297432, 0.45107981, 0.16087637,
       0.43463132, 0.27570423, 0.40808328, 0.12169014, 0.44683099,
       0.34835681, 0.14197183, 0.20510563, 0.35530516, 0.29746479,
       0.04507042, 0.20422535, 0.27288732, 0.57821596, 0.32694836,
       0.30103286, 0.60158451, 0.14066901, 0.43873239, 0.43208138,
       0.41739851, 0.19079812, 0.47680751, 0.41389671, 0.08887324,
       0.1961889 , 0.31073944, 0.40394366, 0.50967136, 0.04100156,
       0.13934272, 0.07962441, 0.38714789, 0.11461268, 0.12541918,
       0.36011861, 0.39026889, 0.18234742, 0.33105298, 0.43586854,
       0.20804829, 0.35140845, 0.45309859, 0.1485446 , 0.42235915,
       0.06345441, 0.43573944, 0.3256338 , 0.3165493 , 0.14178404,
       0.38292254, 0.05176056, 0.41161972, 0.07059859, 0.13326111,
       0.41089202, 0.22948357, 0.41006036, 0.10347418, 0.27816901,
       0.20925553, 0.47793427, 0.44889336, 0.13206297, 0.03860812,
       0.10478873, 0.39683099, 0.29542254, 0.53596244, 0.4084507 ,
       0.39192488, 0.36568502, 0.2200313 , 0.2915493 , 0.15070423,
       0.35369718, 0.23501006, 0.06883803, 0.47552817, 0.16478873,
       0.50176056, 0.36338028, 0.47585513, 0.08841941, 0.14861972,
       0.35455399, 0.12879499, 0.19792439, 0.36874581, 0.10042254,
       0.53408451, 0.40246479, 0.19492958, 0.55981221, 0.22610329,
       0.09119718, 0.24606462, 0.53380282, 0.37850809, 0.43199195,
       0.19061033, 0.16719138, 0.24      , 0.3799061 , 0.20321932,
       0.01707746, 0.22347418, 0.16109155, 0.21646804, 0.16187793,
       0.35680751, 0.54478873, 0.15849765, 0.19693815, 0.38159624,
       0.07075394, 0.45320814, 0.56169014, 0.12774036, 0.3209507 ,
       0.25054773, 0.57112676, 0.52039192, 0.41514085, 0.59823944,
       0.53098592, 0.36954225, 0.44941315, 0.25123239, 0.12037559,
       0.57183099, 0.25971831, 0.13483568, 0.361167  , 0.14985915,
       0.16732394, 0.21320423, 0.37389671, 0.06234742, 0.46322379,
       0.20219092, 0.35211268, 0.44869215, 0.22559706, 0.43549296,
       0.02880922, 0.43157895, 0.10040241, 0.60945674, 0.4071831 ,
       0.35537435, 0.51179577, 0.36581306, 0.01619718, 0.13118712,
       0.37896714, 0.23230047, 0.33820423, 0.16657277, 0.44663537,
       0.09183099, 0.02331768, 0.43767606, 0.45915493, 0.34465617,
       0.2653009 , 0.18212351, 0.47924883, 0.17166529, 0.51168186,
       0.14047765, 0.07042254, 0.29784038, 0.3721831 , 0.32769953,
       0.08794992, 0.61566901, 0.28676056, 0.33014085, 0.18916576,
       0.09376258, 0.3913836 , 0.46968125, 0.03306153, 0.32456964]), 'class_median_width_scaled': array([0.45492958, 0.36338028, 0.5971831 , 0.04084507, 0.35070423,
       0.11830986, 0.52394366, 0.09295775, 0.27605634, 0.58028169,
       0.46619718, 0.47042254, 0.56056338, 0.22816901, 0.51830986,
       0.34507042, 0.54225352, 0.32112676, 0.48591549, 0.36338028,
       0.10140845, 0.13239437, 0.46619718, 0.47042254, 0.46338028,
       0.23380282, 0.47746479, 0.4       , 0.36338028, 0.57183099,
       0.21690141, 0.41126761, 0.47605634, 0.45633803, 0.25915493,
       0.03521127, 0.28732394, 0.49014085, 0.16901408, 0.24788732,
       0.43943662, 0.51549296, 0.52394366, 0.5971831 , 0.5915493 ,
       0.42253521, 0.52394366, 0.16056338, 0.6       , 0.15492958,
       0.44788732, 0.41126761, 0.03380282, 0.56901408, 0.2056338 ,
       0.01126761, 0.35492958, 0.42535211, 0.53802817, 0.49859155,
       0.07887324, 0.49014085, 0.30985915, 0.13661972, 0.56056338,
       0.08732394, 0.39014085, 0.21690141, 0.31830986, 0.17746479,
       0.38309859, 0.29859155, 0.24225352, 0.09014085, 0.30985915,
       0.01408451, 0.42112676, 0.36901408, 0.18591549, 0.42394366,
       0.24507042, 0.25070423, 0.01690141, 0.33521127, 0.48028169,
       0.46197183, 0.02816901, 0.15211268, 0.61408451, 0.21126761,
       0.52957746, 0.07042254, 0.41408451, 0.47042254, 0.07323944,
       0.0056338 , 0.16056338, 0.35774648, 0.21549296, 0.23943662,
       0.11830986, 0.37746479, 0.15211268, 0.24225352, 0.58309859,
       0.3971831 , 0.14084507, 0.11690141, 0.41408451, 0.58591549,
       0.47887324, 0.43380282, 0.04225352, 0.26478873, 0.2084507 ,
       0.01549296, 0.22535211, 0.37605634, 0.37183099, 0.55774648,
       0.02535211, 0.08028169, 0.10704225, 0.50985915, 0.01549296,
       0.25915493, 0.6028169 , 0.27605634, 0.26901408, 0.46197183,
       0.3028169 , 0.39577465, 0.46760563, 0.08873239, 0.42535211,
       0.58591549, 0.50704225, 0.14507042, 0.01126761, 0.54366197,
       0.47042254, 0.43943662, 0.04788732, 0.07887324, 0.49577465,
       0.14929577, 0.1943662 , 0.50985915, 0.33802817, 0.28873239,
       0.12112676, 0.09577465, 0.04225352, 0.43239437, 0.03943662,
       0.51690141, 0.44788732, 0.36197183, 0.50140845, 0.28169014,
       0.23661972, 0.57746479, 0.58450704, 0.51830986, 0.36338028,
       0.52394366, 0.11549296, 0.49859155, 0.54084507, 0.06197183,
       0.46197183, 0.35492958, 0.3915493 , 0.05352113, 0.45492958,
       0.38591549, 0.10985915, 0.19295775, 0.38873239, 0.32676056,
       0.0056338 , 0.18169014, 0.26056338, 0.61971831, 0.32394366,
       0.41126761, 0.61408451, 0.0915493 , 0.48028169, 0.45070423,
       0.44225352, 0.16338028, 0.47887324, 0.47887324, 0.03098592,
       0.21126761, 0.37042254, 0.47887324, 0.49577465, 0.01267606,
       0.10704225, 0.07887324, 0.43802817, 0.06760563, 0.03380282,
       0.37183099, 0.48450704, 0.21971831, 0.36901408, 0.44507042,
       0.1971831 , 0.35352113, 0.48169014, 0.17746479, 0.43521127,
       0.04225352, 0.44084507, 0.37464789, 0.42394366, 0.11830986,
       0.39295775, 0.02535211, 0.43380282, 0.02394366, 0.01126761,
       0.43943662, 0.24788732, 0.40704225, 0.06760563, 0.28732394,
       0.18591549, 0.48028169, 0.53239437, 0.12394366, 0.01408451,
       0.08169014, 0.45211268, 0.34929577, 0.55211268, 0.42816901,
       0.3915493 , 0.4       , 0.2084507 , 0.27183099, 0.1056338 ,
       0.42535211, 0.26619718, 0.02676056, 0.50704225, 0.18591549,
       0.58732394, 0.35492958, 0.46197183, 0.04507042, 0.06478873,
       0.36338028, 0.11971831, 0.2028169 , 0.36338028, 0.06619718,
       0.53521127, 0.40422535, 0.1943662 , 0.58591549, 0.2028169 ,
       0.09577465, 0.23380282, 0.53521127, 0.43098592, 0.51971831,
       0.12957746, 0.16338028, 0.18873239, 0.43098592, 0.1971831 ,
       0.0056338 , 0.25774648, 0.10985915, 0.23380282, 0.13239437,
       0.4       , 0.56901408, 0.17746479, 0.16338028, 0.45352113,
       0.02112676, 0.49577465, 0.57183099, 0.11549296, 0.35070423,
       0.25915493, 0.5943662 , 0.54084507, 0.51830986, 0.5915493 ,
       0.53521127, 0.3971831 , 0.46338028, 0.17887324, 0.11549296,
       0.60140845, 0.21690141, 0.10140845, 0.42112676, 0.14647887,
       0.15774648, 0.20422535, 0.4056338 , 0.01126761, 0.46619718,
       0.08169014, 0.41690141, 0.54507042, 0.17464789, 0.46338028,
       0.01408451, 0.44225352, 0.02535211, 0.62676056, 0.44225352,
       0.37183099, 0.59014085, 0.38169014, 0.00422535, 0.11830986,
       0.42253521, 0.1943662 , 0.36338028, 0.16901408, 0.52253521,
       0.07042254, 0.01126761, 0.44507042, 0.49014085, 0.4084507 ,
       0.25633803, 0.14084507, 0.52676056, 0.16338028, 0.54929577,
       0.12957746, 0.00985915, 0.32394366, 0.37464789, 0.35774648,
       0.03239437, 0.61971831, 0.25352113, 0.42816901, 0.23098592,
       0.06338028, 0.44788732, 0.54929577, 0.01126761, 0.38732394])}

Job completed at Wed Mar 19 06:26:04 PM PDT 2025
