Starting job at Wed Mar 19 06:24:19 PM PDT 2025
Job parameters:
Dataset: data_walking
UQ Method: split_conformal_raps
Estimator: RandomForest
Seed: 782
Train Size: 0.8
Running split_conformal_raps on data_walking with seed 782 and train size 0.8

starting experiment

data created

Fitting split_conformal_raps_RandomForest on data_walking with seed 782

split_conformal_raps_RandomForest metrics: {'coverage': np.float64(0.916), 'mean_width': np.float64(5.899166666666667), 'median_width': np.float64(7.0), 'mean_width_scaled': np.float64(0.2681439393939394), 'median_width_scaled': np.float64(0.3181818181818182)}

split_conformal_raps_RandomForest full metrics: {'coverage': np.float64(0.916), 'mean_width': np.float64(5.899166666666667), 'median_width': np.float64(7.0), 'mean_width_scaled': np.float64(0.2681439393939394), 'median_width_scaled': np.float64(0.3181818181818182)}

split_conformal_raps_RandomForest class metrics: {'class_coverage': array([0.85483871, 0.97777778, 0.9040404 , 0.87610619, 0.88666667,
       0.82014388, 0.91277259, 0.89119171, 0.86988848, 0.96066253,
       0.80272109, 1.        , 0.63768116, 0.96153846, 0.94004796,
       0.87254902, 0.97503671, 0.81451613, 0.92307692, 0.83974359,
       0.82608696, 0.90714286]), 'class_mean_width': array([7.70967742, 8.55555556, 7.82828283, 7.46017699, 6.8       ,
       7.74820144, 6.57632399, 6.2642487 , 7.53159851, 4.92753623,
       8.00680272, 8.10810811, 8.14492754, 3.80995475, 4.54196643,
       7.29411765, 4.91776799, 7.62903226, 6.37435897, 7.98717949,
       7.47826087, 6.93214286]), 'class_median_width': array([7., 9., 7., 7., 7., 7., 7., 7., 7., 5., 7., 7., 7., 3., 4., 7., 4.,
       7., 7., 7., 7., 7.]), 'class_mean_width_scaled': array([0.35043988, 0.38888889, 0.35583104, 0.33909895, 0.30909091,
       0.35219097, 0.29892382, 0.28473858, 0.34234539, 0.22397892,
       0.36394558, 0.36855037, 0.37022398, 0.17317976, 0.20645302,
       0.3315508 , 0.22353491, 0.34677419, 0.28974359, 0.36305361,
       0.33992095, 0.3150974 ]), 'class_median_width_scaled': array([0.31818182, 0.40909091, 0.31818182, 0.31818182, 0.31818182,
       0.31818182, 0.31818182, 0.31818182, 0.31818182, 0.22727273,
       0.31818182, 0.31818182, 0.31818182, 0.13636364, 0.18181818,
       0.31818182, 0.18181818, 0.31818182, 0.31818182, 0.31818182,
       0.31818182, 0.31818182])}

split_conformal_raps_RandomForest full class metrics: {'class_coverage': array([0.85483871, 0.97777778, 0.9040404 , 0.87610619, 0.88666667,
       0.82014388, 0.91277259, 0.89119171, 0.86988848, 0.96066253,
       0.80272109, 1.        , 0.63768116, 0.96153846, 0.94004796,
       0.87254902, 0.97503671, 0.81451613, 0.92307692, 0.83974359,
       0.82608696, 0.90714286]), 'class_mean_width': array([7.70967742, 8.55555556, 7.82828283, 7.46017699, 6.8       ,
       7.74820144, 6.57632399, 6.2642487 , 7.53159851, 4.92753623,
       8.00680272, 8.10810811, 8.14492754, 3.80995475, 4.54196643,
       7.29411765, 4.91776799, 7.62903226, 6.37435897, 7.98717949,
       7.47826087, 6.93214286]), 'class_median_width': array([7., 9., 7., 7., 7., 7., 7., 7., 7., 5., 7., 7., 7., 3., 4., 7., 4.,
       7., 7., 7., 7., 7.]), 'class_mean_width_scaled': array([0.35043988, 0.38888889, 0.35583104, 0.33909895, 0.30909091,
       0.35219097, 0.29892382, 0.28473858, 0.34234539, 0.22397892,
       0.36394558, 0.36855037, 0.37022398, 0.17317976, 0.20645302,
       0.3315508 , 0.22353491, 0.34677419, 0.28974359, 0.36305361,
       0.33992095, 0.3150974 ]), 'class_median_width_scaled': array([0.31818182, 0.40909091, 0.31818182, 0.31818182, 0.31818182,
       0.31818182, 0.31818182, 0.31818182, 0.31818182, 0.22727273,
       0.31818182, 0.31818182, 0.31818182, 0.13636364, 0.18181818,
       0.31818182, 0.18181818, 0.31818182, 0.31818182, 0.31818182,
       0.31818182, 0.31818182])}

Job completed at Wed Mar 19 06:24:22 PM PDT 2025
