Starting job at Wed Mar 19 08:21:07 PM PDT 2025
Job parameters:
Dataset: data_walking
UQ Method: split_conformal_raps
Estimator: RandomForest
Seed: 784
Train Size: 0.8
Running split_conformal_raps on data_walking with seed 784 and train size 0.8

starting experiment

data created

Fitting split_conformal_raps_RandomForest on data_walking with seed 784

split_conformal_raps_RandomForest metrics: {'coverage': np.float64(0.9221666666666667), 'mean_width': np.float64(6.441), 'median_width': np.float64(6.0), 'mean_width_scaled': np.float64(0.29277272727272724), 'median_width_scaled': np.float64(0.2727272727272727)}

split_conformal_raps_RandomForest full metrics: {'coverage': np.float64(0.9221666666666667), 'mean_width': np.float64(6.441), 'median_width': np.float64(6.0), 'mean_width_scaled': np.float64(0.29277272727272724), 'median_width_scaled': np.float64(0.2727272727272727)}

split_conformal_raps_RandomForest class metrics: {'class_coverage': array([0.81451613, 0.97777778, 0.93939394, 0.91150442, 0.85333333,
       0.82733813, 0.94392523, 0.9119171 , 0.88475836, 0.96687371,
       0.82993197, 0.89189189, 0.55072464, 0.96040724, 0.95803357,
       0.91666667, 0.96769457, 0.77419355, 0.95384615, 0.82051282,
       0.91304348, 0.87142857]), 'class_mean_width': array([7.61290323, 7.62222222, 7.57070707, 7.44247788, 7.66666667,
       7.76258993, 7.10280374, 7.00518135, 7.7472119 , 5.60869565,
       8.29931973, 8.32432432, 8.01449275, 4.90723982, 5.22302158,
       7.32352941, 5.96475771, 7.41935484, 6.83846154, 7.8974359 ,
       7.65217391, 7.22142857]), 'class_median_width': array([8., 8., 8., 8., 8., 8., 7., 6., 8., 6., 8., 8., 8., 5., 5., 8., 6.,
       8., 6., 8., 8., 8.]), 'class_mean_width_scaled': array([0.34604106, 0.34646465, 0.34412305, 0.33829445, 0.34848485,
       0.352845  , 0.32285472, 0.31841733, 0.352146  , 0.25494071,
       0.37724181, 0.37837838, 0.36429513, 0.22305636, 0.23741007,
       0.3328877 , 0.27112535, 0.3372434 , 0.31083916, 0.35897436,
       0.34782609, 0.32824675]), 'class_median_width_scaled': array([0.36363636, 0.36363636, 0.36363636, 0.36363636, 0.36363636,
       0.36363636, 0.31818182, 0.27272727, 0.36363636, 0.27272727,
       0.36363636, 0.36363636, 0.36363636, 0.22727273, 0.22727273,
       0.36363636, 0.27272727, 0.36363636, 0.27272727, 0.36363636,
       0.36363636, 0.36363636])}

split_conformal_raps_RandomForest full class metrics: {'class_coverage': array([0.81451613, 0.97777778, 0.93939394, 0.91150442, 0.85333333,
       0.82733813, 0.94392523, 0.9119171 , 0.88475836, 0.96687371,
       0.82993197, 0.89189189, 0.55072464, 0.96040724, 0.95803357,
       0.91666667, 0.96769457, 0.77419355, 0.95384615, 0.82051282,
       0.91304348, 0.87142857]), 'class_mean_width': array([7.61290323, 7.62222222, 7.57070707, 7.44247788, 7.66666667,
       7.76258993, 7.10280374, 7.00518135, 7.7472119 , 5.60869565,
       8.29931973, 8.32432432, 8.01449275, 4.90723982, 5.22302158,
       7.32352941, 5.96475771, 7.41935484, 6.83846154, 7.8974359 ,
       7.65217391, 7.22142857]), 'class_median_width': array([8., 8., 8., 8., 8., 8., 7., 6., 8., 6., 8., 8., 8., 5., 5., 8., 6.,
       8., 6., 8., 8., 8.]), 'class_mean_width_scaled': array([0.34604106, 0.34646465, 0.34412305, 0.33829445, 0.34848485,
       0.352845  , 0.32285472, 0.31841733, 0.352146  , 0.25494071,
       0.37724181, 0.37837838, 0.36429513, 0.22305636, 0.23741007,
       0.3328877 , 0.27112535, 0.3372434 , 0.31083916, 0.35897436,
       0.34782609, 0.32824675]), 'class_median_width_scaled': array([0.36363636, 0.36363636, 0.36363636, 0.36363636, 0.36363636,
       0.36363636, 0.31818182, 0.27272727, 0.36363636, 0.27272727,
       0.36363636, 0.36363636, 0.36363636, 0.22727273, 0.22727273,
       0.36363636, 0.27272727, 0.36363636, 0.27272727, 0.36363636,
       0.36363636, 0.36363636])}

Job completed at Wed Mar 19 08:21:11 PM PDT 2025
