Starting job at Wed Mar 19 08:21:10 PM PDT 2025
Job parameters:
Dataset: data_chess
UQ Method: pcs_oob
Estimator: HistGradientBoosting
Seed: 784
Train Size: 0.8
Running pcs_oob on data_chess with seed 784 and train size 0.8

starting experiment

data created

Fitting pcs_oob on data_chess with seed 784

Finished training HistGradientBoosting models
number of classes 18
correct_indices: [0 1 0 ... 0 0 0]
pcs_oob metrics: {'coverage': np.float64(0.9080541696364932), 'mean_width': np.float64(3.1377405559515323), 'median_width': np.float64(3.0), 'mean_width_scaled': np.float64(0.17431891977508512), 'median_width_scaled': np.float64(0.16666666666666666)}

pcs_oob full metrics: {'coverage': np.float64(0.9080541696364932), 'mean_width': np.float64(3.1377405559515323), 'median_width': np.float64(3.0), 'mean_width_scaled': np.float64(0.17431891977508512), 'median_width_scaled': np.float64(0.16666666666666666)}

pcs_oob class metrics: {'class_coverage': array([0.99463327, 0.8641115 , 0.88791594, 0.94919169, 0.71276596,
       0.875     , 0.97585071, 0.78654971, 0.25      , 0.64963504,
       0.71186441, 0.73076923, 0.80856423, 0.97973778, 0.375     ,
       0.95138889, 0.93877551, 0.        ]), 'class_mean_width': array([3.02146691, 3.22996516, 3.17688266, 3.01847575, 3.44680851,
       3.475     , 3.04829857, 3.27192982, 3.4375    , 3.40145985,
       3.41525424, 3.02564103, 3.24433249, 3.07747318, 3.25      ,
       3.14305556, 3.12244898, 3.        ]), 'class_median_width': array([3., 3., 3., 3., 3., 3., 3., 3., 3., 3., 3., 3., 3., 3., 3., 3., 3.,
       3.]), 'class_mean_width_scaled': array([0.16785927, 0.17944251, 0.17649348, 0.1676931 , 0.19148936,
       0.19305556, 0.16934992, 0.18177388, 0.19097222, 0.18896999,
       0.18973635, 0.16809117, 0.18024069, 0.17097073, 0.18055556,
       0.1746142 , 0.17346939, 0.16666667]), 'class_median_width_scaled': array([0.16666667, 0.16666667, 0.16666667, 0.16666667, 0.16666667,
       0.16666667, 0.16666667, 0.16666667, 0.16666667, 0.16666667,
       0.16666667, 0.16666667, 0.16666667, 0.16666667, 0.16666667,
       0.16666667, 0.16666667, 0.16666667])}

pcs_oob full class metrics: {'class_coverage': array([0.99463327, 0.8641115 , 0.88791594, 0.94919169, 0.71276596,
       0.875     , 0.97585071, 0.78654971, 0.25      , 0.64963504,
       0.71186441, 0.73076923, 0.80856423, 0.97973778, 0.375     ,
       0.95138889, 0.93877551, 0.        ]), 'class_mean_width': array([3.02146691, 3.22996516, 3.17688266, 3.01847575, 3.44680851,
       3.475     , 3.04829857, 3.27192982, 3.4375    , 3.40145985,
       3.41525424, 3.02564103, 3.24433249, 3.07747318, 3.25      ,
       3.14305556, 3.12244898, 3.        ]), 'class_median_width': array([3., 3., 3., 3., 3., 3., 3., 3., 3., 3., 3., 3., 3., 3., 3., 3., 3.,
       3.]), 'class_mean_width_scaled': array([0.16785927, 0.17944251, 0.17649348, 0.1676931 , 0.19148936,
       0.19305556, 0.16934992, 0.18177388, 0.19097222, 0.18896999,
       0.18973635, 0.16809117, 0.18024069, 0.17097073, 0.18055556,
       0.1746142 , 0.17346939, 0.16666667]), 'class_median_width_scaled': array([0.16666667, 0.16666667, 0.16666667, 0.16666667, 0.16666667,
       0.16666667, 0.16666667, 0.16666667, 0.16666667, 0.16666667,
       0.16666667, 0.16666667, 0.16666667, 0.16666667, 0.16666667,
       0.16666667, 0.16666667, 0.16666667])}

Job completed at Wed Mar 19 09:18:47 PM PDT 2025
