Starting job at Wed Mar 19 08:21:10 PM PDT 2025
Job parameters:
Dataset: data_chess
UQ Method: pcs_oob
Estimator: HistGradientBoosting
Seed: 786
Train Size: 0.8
Running pcs_oob on data_chess with seed 786 and train size 0.8

starting experiment

data created

Fitting pcs_oob on data_chess with seed 786

Finished training HistGradientBoosting models
number of classes 18
correct_indices: [0 0 0 ... 0 2 0]
pcs_oob metrics: {'coverage': np.float64(0.8911261582323592), 'mean_width': np.float64(3.036528866714184), 'median_width': np.float64(3.0), 'mean_width_scaled': np.float64(0.168696048150788), 'median_width_scaled': np.float64(0.16666666666666666)}

pcs_oob full metrics: {'coverage': np.float64(0.8911261582323592), 'mean_width': np.float64(3.036528866714184), 'median_width': np.float64(3.0), 'mean_width_scaled': np.float64(0.168696048150788), 'median_width_scaled': np.float64(0.16666666666666666)}

pcs_oob class metrics: {'class_coverage': array([0.99105546, 0.87108014, 0.83362522, 0.91916859, 0.87234043,
       0.85      , 0.97145993, 0.75438596, 0.625     , 0.59124088,
       0.72033898, 0.82051282, 0.7581864 , 0.96185936, 0.5       ,
       0.91527778, 0.97959184, 0.2       ]), 'class_mean_width': array([3.00536673, 3.07317073, 3.03677758, 3.01154734, 3.06382979,
       3.075     , 3.01317234, 3.07017544, 3.125     , 3.1459854 ,
       3.05932203, 3.        , 3.09823678, 3.01549464, 3.125     ,
       3.03611111, 3.        , 3.2       ]), 'class_median_width': array([3., 3., 3., 3., 3., 3., 3., 3., 3., 3., 3., 3., 3., 3., 3., 3., 3.,
       3.]), 'class_mean_width_scaled': array([0.16696482, 0.17073171, 0.16870987, 0.16730819, 0.17021277,
       0.17083333, 0.16739846, 0.1705653 , 0.17361111, 0.17477697,
       0.16996234, 0.16666667, 0.17212427, 0.16752748, 0.17361111,
       0.16867284, 0.16666667, 0.17777778]), 'class_median_width_scaled': array([0.16666667, 0.16666667, 0.16666667, 0.16666667, 0.16666667,
       0.16666667, 0.16666667, 0.16666667, 0.16666667, 0.16666667,
       0.16666667, 0.16666667, 0.16666667, 0.16666667, 0.16666667,
       0.16666667, 0.16666667, 0.16666667])}

pcs_oob full class metrics: {'class_coverage': array([0.99105546, 0.87108014, 0.83362522, 0.91916859, 0.87234043,
       0.85      , 0.97145993, 0.75438596, 0.625     , 0.59124088,
       0.72033898, 0.82051282, 0.7581864 , 0.96185936, 0.5       ,
       0.91527778, 0.97959184, 0.2       ]), 'class_mean_width': array([3.00536673, 3.07317073, 3.03677758, 3.01154734, 3.06382979,
       3.075     , 3.01317234, 3.07017544, 3.125     , 3.1459854 ,
       3.05932203, 3.        , 3.09823678, 3.01549464, 3.125     ,
       3.03611111, 3.        , 3.2       ]), 'class_median_width': array([3., 3., 3., 3., 3., 3., 3., 3., 3., 3., 3., 3., 3., 3., 3., 3., 3.,
       3.]), 'class_mean_width_scaled': array([0.16696482, 0.17073171, 0.16870987, 0.16730819, 0.17021277,
       0.17083333, 0.16739846, 0.1705653 , 0.17361111, 0.17477697,
       0.16996234, 0.16666667, 0.17212427, 0.16752748, 0.17361111,
       0.16867284, 0.16666667, 0.17777778]), 'class_median_width_scaled': array([0.16666667, 0.16666667, 0.16666667, 0.16666667, 0.16666667,
       0.16666667, 0.16666667, 0.16666667, 0.16666667, 0.16666667,
       0.16666667, 0.16666667, 0.16666667, 0.16666667, 0.16666667,
       0.16666667, 0.16666667, 0.16666667])}

Job completed at Wed Mar 19 10:07:44 PM PDT 2025
