Starting job at Wed Mar 19 08:21:09 PM PDT 2025
Job parameters:
Dataset: data_chess
UQ Method: pcs_oob
Estimator: HistGradientBoosting
Seed: 778
Train Size: 0.8
Running pcs_oob on data_chess with seed 778 and train size 0.8

starting experiment

data created

Fitting pcs_oob on data_chess with seed 778

Finished training HistGradientBoosting models
number of classes 18
correct_indices: [1 0 0 ... 0 1 0]
pcs_oob metrics: {'coverage': np.float64(0.8950463292943692), 'mean_width': np.float64(3.0561297220242336), 'median_width': np.float64(3.0), 'mean_width_scaled': np.float64(0.16978498455690186), 'median_width_scaled': np.float64(0.16666666666666666)}

pcs_oob full metrics: {'coverage': np.float64(0.8950463292943692), 'mean_width': np.float64(3.0561297220242336), 'median_width': np.float64(3.0), 'mean_width_scaled': np.float64(0.16978498455690186), 'median_width_scaled': np.float64(0.16666666666666666)}

pcs_oob class metrics: {'class_coverage': array([0.98747764, 0.83275261, 0.85814361, 0.91916859, 0.86170213,
       0.675     , 0.9791438 , 0.74561404, 0.5       , 0.62773723,
       0.78813559, 0.80769231, 0.79345088, 0.95589988, 0.3125    ,
       0.92777778, 1.        , 0.        ]), 'class_mean_width': array([3.01431127, 3.12891986, 3.07880911, 3.00923788, 3.20212766,
       3.2       , 3.01975851, 3.09064327, 3.125     , 3.13868613,
       3.10169492, 3.01282051, 3.10579345, 3.03218117, 3.125     ,
       3.05416667, 3.02040816, 3.        ]), 'class_median_width': array([3., 3., 3., 3., 3., 3., 3., 3., 3., 3., 3., 3., 3., 3., 3., 3., 3.,
       3.]), 'class_mean_width_scaled': array([0.16746174, 0.17382888, 0.17104495, 0.16717988, 0.17789598,
       0.17777778, 0.16776436, 0.1717024 , 0.17361111, 0.17437145,
       0.17231638, 0.16737892, 0.17254408, 0.16845451, 0.17361111,
       0.16967593, 0.16780045, 0.16666667]), 'class_median_width_scaled': array([0.16666667, 0.16666667, 0.16666667, 0.16666667, 0.16666667,
       0.16666667, 0.16666667, 0.16666667, 0.16666667, 0.16666667,
       0.16666667, 0.16666667, 0.16666667, 0.16666667, 0.16666667,
       0.16666667, 0.16666667, 0.16666667])}

pcs_oob full class metrics: {'class_coverage': array([0.98747764, 0.83275261, 0.85814361, 0.91916859, 0.86170213,
       0.675     , 0.9791438 , 0.74561404, 0.5       , 0.62773723,
       0.78813559, 0.80769231, 0.79345088, 0.95589988, 0.3125    ,
       0.92777778, 1.        , 0.        ]), 'class_mean_width': array([3.01431127, 3.12891986, 3.07880911, 3.00923788, 3.20212766,
       3.2       , 3.01975851, 3.09064327, 3.125     , 3.13868613,
       3.10169492, 3.01282051, 3.10579345, 3.03218117, 3.125     ,
       3.05416667, 3.02040816, 3.        ]), 'class_median_width': array([3., 3., 3., 3., 3., 3., 3., 3., 3., 3., 3., 3., 3., 3., 3., 3., 3.,
       3.]), 'class_mean_width_scaled': array([0.16746174, 0.17382888, 0.17104495, 0.16717988, 0.17789598,
       0.17777778, 0.16776436, 0.1717024 , 0.17361111, 0.17437145,
       0.17231638, 0.16737892, 0.17254408, 0.16845451, 0.17361111,
       0.16967593, 0.16780045, 0.16666667]), 'class_median_width_scaled': array([0.16666667, 0.16666667, 0.16666667, 0.16666667, 0.16666667,
       0.16666667, 0.16666667, 0.16666667, 0.16666667, 0.16666667,
       0.16666667, 0.16666667, 0.16666667, 0.16666667, 0.16666667,
       0.16666667, 0.16666667, 0.16666667])}

Job completed at Wed Mar 19 09:29:10 PM PDT 2025
