Starting job at Thu Mar 20 05:03:04 PM PDT 2025
Job parameters:
Dataset: data_language
UQ Method: split_conformal_aps
Estimator: ExtraTrees
Seed: 785
Train Size: 0.8
Running split_conformal_aps on data_language with seed 785 and train size 0.8

starting experiment

data created

Fitting split_conformal_aps_ExtraTrees on data_language with seed 785

split_conformal_aps_ExtraTrees metrics: {'coverage': np.float64(0.895), 'mean_width': np.float64(10.095), 'median_width': np.float64(10.0), 'mean_width_scaled': np.float64(0.3365), 'median_width_scaled': np.float64(0.3333333333333333)}

split_conformal_aps_ExtraTrees full metrics: {'coverage': np.float64(0.895), 'mean_width': np.float64(10.095), 'median_width': np.float64(10.0), 'mean_width_scaled': np.float64(0.3365), 'median_width_scaled': np.float64(0.3333333333333333)}

split_conformal_aps_ExtraTrees class metrics: {'class_coverage': array([1.        , 1.        , 0.66666667, 0.33333333, 0.85714286,
       1.        , 1.        , 0.83333333, 1.        , 1.        ,
       1.        , 0.        , 1.        , 1.        , 0.        ,
       0.88888889, 1.        , 1.        , 0.33333333, 0.71428571,
       0.9       , 0.93333333, 0.83333333, 1.        , 1.        ,
       0.6       , 0.        , 1.        , 1.        , 0.        ]), 'class_mean_width': array([ 9.11111111, 11.        , 11.        , 10.66666667, 10.42857143,
       11.6       , 10.66666667,  8.5       ,  8.5625    ,  9.83333333,
        9.4       ,  9.        ,  8.33333333, 10.33333333, 13.        ,
       10.88888889, 11.6       , 12.        ,  9.66666667, 11.14285714,
       11.        , 10.73333333,  7.66666667,  8.5       , 11.16666667,
       12.2       ,  9.        ,  9.        , 11.16666667,  8.5       ]), 'class_median_width': array([ 9. , 11. , 11. , 11. , 10. , 11.5, 10. ,  7.5,  8. ,  9. ,  9. ,
        9. ,  8.5, 10. , 13. , 10. , 12. , 12. , 10. , 11. , 11. , 10. ,
        7.5,  8.5, 12. , 13. ,  9. ,  9. , 11.5,  8.5]), 'class_mean_width_scaled': array([0.3037037 , 0.36666667, 0.36666667, 0.35555556, 0.34761905,
       0.38666667, 0.35555556, 0.28333333, 0.28541667, 0.32777778,
       0.31333333, 0.3       , 0.27777778, 0.34444444, 0.43333333,
       0.36296296, 0.38666667, 0.4       , 0.32222222, 0.37142857,
       0.36666667, 0.35777778, 0.25555556, 0.28333333, 0.37222222,
       0.40666667, 0.3       , 0.3       , 0.37222222, 0.28333333]), 'class_median_width_scaled': array([0.3       , 0.36666667, 0.36666667, 0.36666667, 0.33333333,
       0.38333333, 0.33333333, 0.25      , 0.26666667, 0.3       ,
       0.3       , 0.3       , 0.28333333, 0.33333333, 0.43333333,
       0.33333333, 0.4       , 0.4       , 0.33333333, 0.36666667,
       0.36666667, 0.33333333, 0.25      , 0.28333333, 0.4       ,
       0.43333333, 0.3       , 0.3       , 0.38333333, 0.28333333])}

split_conformal_aps_ExtraTrees full class metrics: {'class_coverage': array([1.        , 1.        , 0.66666667, 0.33333333, 0.85714286,
       1.        , 1.        , 0.83333333, 1.        , 1.        ,
       1.        , 0.        , 1.        , 1.        , 0.        ,
       0.88888889, 1.        , 1.        , 0.33333333, 0.71428571,
       0.9       , 0.93333333, 0.83333333, 1.        , 1.        ,
       0.6       , 0.        , 1.        , 1.        , 0.        ]), 'class_mean_width': array([ 9.11111111, 11.        , 11.        , 10.66666667, 10.42857143,
       11.6       , 10.66666667,  8.5       ,  8.5625    ,  9.83333333,
        9.4       ,  9.        ,  8.33333333, 10.33333333, 13.        ,
       10.88888889, 11.6       , 12.        ,  9.66666667, 11.14285714,
       11.        , 10.73333333,  7.66666667,  8.5       , 11.16666667,
       12.2       ,  9.        ,  9.        , 11.16666667,  8.5       ]), 'class_median_width': array([ 9. , 11. , 11. , 11. , 10. , 11.5, 10. ,  7.5,  8. ,  9. ,  9. ,
        9. ,  8.5, 10. , 13. , 10. , 12. , 12. , 10. , 11. , 11. , 10. ,
        7.5,  8.5, 12. , 13. ,  9. ,  9. , 11.5,  8.5]), 'class_mean_width_scaled': array([0.3037037 , 0.36666667, 0.36666667, 0.35555556, 0.34761905,
       0.38666667, 0.35555556, 0.28333333, 0.28541667, 0.32777778,
       0.31333333, 0.3       , 0.27777778, 0.34444444, 0.43333333,
       0.36296296, 0.38666667, 0.4       , 0.32222222, 0.37142857,
       0.36666667, 0.35777778, 0.25555556, 0.28333333, 0.37222222,
       0.40666667, 0.3       , 0.3       , 0.37222222, 0.28333333]), 'class_median_width_scaled': array([0.3       , 0.36666667, 0.36666667, 0.36666667, 0.33333333,
       0.38333333, 0.33333333, 0.25      , 0.26666667, 0.3       ,
       0.3       , 0.3       , 0.28333333, 0.33333333, 0.43333333,
       0.33333333, 0.4       , 0.4       , 0.33333333, 0.36666667,
       0.36666667, 0.33333333, 0.25      , 0.28333333, 0.4       ,
       0.43333333, 0.3       , 0.3       , 0.38333333, 0.28333333])}

Job completed at Thu Mar 20 05:03:07 PM PDT 2025
