Starting job at Wed Mar 19 08:22:28 PM PDT 2025
Job parameters:
Dataset: data_walking
UQ Method: split_conformal_topk
Estimator: LogisticRegression
Seed: 781
Train Size: 0.8
Running split_conformal_topk on data_walking with seed 781 and train size 0.8

starting experiment

data created

Fitting split_conformal_topk_LogisticRegression on data_walking with seed 781

split_conformal_topk_LogisticRegression metrics: {'coverage': np.float64(0.9118333333333334), 'mean_width': np.float64(11.0), 'median_width': np.float64(11.0), 'mean_width_scaled': np.float64(0.5), 'median_width_scaled': np.float64(0.5)}

split_conformal_topk_LogisticRegression full metrics: {'coverage': np.float64(0.9118333333333334), 'mean_width': np.float64(11.0), 'median_width': np.float64(11.0), 'mean_width_scaled': np.float64(0.5), 'median_width_scaled': np.float64(0.5)}

split_conformal_topk_LogisticRegression class metrics: {'class_coverage': array([0.75      , 0.82222222, 0.94949495, 0.93362832, 0.87333333,
       0.71942446, 0.99065421, 0.4611399 , 0.95167286, 0.99585921,
       0.86394558, 1.        , 0.55072464, 0.90497738, 0.94364508,
       0.85294118, 0.989721  , 0.89516129, 0.98717949, 0.78205128,
       0.89130435, 0.96785714]), 'class_mean_width': array([11., 11., 11., 11., 11., 11., 11., 11., 11., 11., 11., 11., 11.,
       11., 11., 11., 11., 11., 11., 11., 11., 11.]), 'class_median_width': array([11., 11., 11., 11., 11., 11., 11., 11., 11., 11., 11., 11., 11.,
       11., 11., 11., 11., 11., 11., 11., 11., 11.]), 'class_mean_width_scaled': array([0.5, 0.5, 0.5, 0.5, 0.5, 0.5, 0.5, 0.5, 0.5, 0.5, 0.5, 0.5, 0.5,
       0.5, 0.5, 0.5, 0.5, 0.5, 0.5, 0.5, 0.5, 0.5]), 'class_median_width_scaled': array([0.5, 0.5, 0.5, 0.5, 0.5, 0.5, 0.5, 0.5, 0.5, 0.5, 0.5, 0.5, 0.5,
       0.5, 0.5, 0.5, 0.5, 0.5, 0.5, 0.5, 0.5, 0.5])}

split_conformal_topk_LogisticRegression full class metrics: {'class_coverage': array([0.75      , 0.82222222, 0.94949495, 0.93362832, 0.87333333,
       0.71942446, 0.99065421, 0.4611399 , 0.95167286, 0.99585921,
       0.86394558, 1.        , 0.55072464, 0.90497738, 0.94364508,
       0.85294118, 0.989721  , 0.89516129, 0.98717949, 0.78205128,
       0.89130435, 0.96785714]), 'class_mean_width': array([11., 11., 11., 11., 11., 11., 11., 11., 11., 11., 11., 11., 11.,
       11., 11., 11., 11., 11., 11., 11., 11., 11.]), 'class_median_width': array([11., 11., 11., 11., 11., 11., 11., 11., 11., 11., 11., 11., 11.,
       11., 11., 11., 11., 11., 11., 11., 11., 11.]), 'class_mean_width_scaled': array([0.5, 0.5, 0.5, 0.5, 0.5, 0.5, 0.5, 0.5, 0.5, 0.5, 0.5, 0.5, 0.5,
       0.5, 0.5, 0.5, 0.5, 0.5, 0.5, 0.5, 0.5, 0.5]), 'class_median_width_scaled': array([0.5, 0.5, 0.5, 0.5, 0.5, 0.5, 0.5, 0.5, 0.5, 0.5, 0.5, 0.5, 0.5,
       0.5, 0.5, 0.5, 0.5, 0.5, 0.5, 0.5, 0.5, 0.5])}

Job completed at Wed Mar 19 08:22:35 PM PDT 2025
