Starting job at Wed Mar 19 08:22:38 PM PDT 2025
Job parameters:
Dataset: data_walking
UQ Method: split_conformal_topk
Estimator: LogisticRegression
Seed: 785
Train Size: 0.8
Running split_conformal_topk on data_walking with seed 785 and train size 0.8

starting experiment

data created

Fitting split_conformal_topk_LogisticRegression on data_walking with seed 785

split_conformal_topk_LogisticRegression metrics: {'coverage': np.float64(0.9111666666666667), 'mean_width': np.float64(11.0), 'median_width': np.float64(11.0), 'mean_width_scaled': np.float64(0.5), 'median_width_scaled': np.float64(0.5)}

split_conformal_topk_LogisticRegression full metrics: {'coverage': np.float64(0.9111666666666667), 'mean_width': np.float64(11.0), 'median_width': np.float64(11.0), 'mean_width_scaled': np.float64(0.5), 'median_width_scaled': np.float64(0.5)}

split_conformal_topk_LogisticRegression class metrics: {'class_coverage': array([0.83064516, 0.8       , 0.98989899, 0.93362832, 0.83333333,
       0.71942446, 0.97819315, 0.58031088, 0.94423792, 0.99585921,
       0.6462585 , 0.89189189, 0.49275362, 0.92647059, 0.941247  ,
       0.85784314, 0.98825257, 0.90322581, 0.97435897, 0.78846154,
       0.91304348, 0.94285714]), 'class_mean_width': array([11., 11., 11., 11., 11., 11., 11., 11., 11., 11., 11., 11., 11.,
       11., 11., 11., 11., 11., 11., 11., 11., 11.]), 'class_median_width': array([11., 11., 11., 11., 11., 11., 11., 11., 11., 11., 11., 11., 11.,
       11., 11., 11., 11., 11., 11., 11., 11., 11.]), 'class_mean_width_scaled': array([0.5, 0.5, 0.5, 0.5, 0.5, 0.5, 0.5, 0.5, 0.5, 0.5, 0.5, 0.5, 0.5,
       0.5, 0.5, 0.5, 0.5, 0.5, 0.5, 0.5, 0.5, 0.5]), 'class_median_width_scaled': array([0.5, 0.5, 0.5, 0.5, 0.5, 0.5, 0.5, 0.5, 0.5, 0.5, 0.5, 0.5, 0.5,
       0.5, 0.5, 0.5, 0.5, 0.5, 0.5, 0.5, 0.5, 0.5])}

split_conformal_topk_LogisticRegression full class metrics: {'class_coverage': array([0.83064516, 0.8       , 0.98989899, 0.93362832, 0.83333333,
       0.71942446, 0.97819315, 0.58031088, 0.94423792, 0.99585921,
       0.6462585 , 0.89189189, 0.49275362, 0.92647059, 0.941247  ,
       0.85784314, 0.98825257, 0.90322581, 0.97435897, 0.78846154,
       0.91304348, 0.94285714]), 'class_mean_width': array([11., 11., 11., 11., 11., 11., 11., 11., 11., 11., 11., 11., 11.,
       11., 11., 11., 11., 11., 11., 11., 11., 11.]), 'class_median_width': array([11., 11., 11., 11., 11., 11., 11., 11., 11., 11., 11., 11., 11.,
       11., 11., 11., 11., 11., 11., 11., 11., 11.]), 'class_mean_width_scaled': array([0.5, 0.5, 0.5, 0.5, 0.5, 0.5, 0.5, 0.5, 0.5, 0.5, 0.5, 0.5, 0.5,
       0.5, 0.5, 0.5, 0.5, 0.5, 0.5, 0.5, 0.5, 0.5]), 'class_median_width_scaled': array([0.5, 0.5, 0.5, 0.5, 0.5, 0.5, 0.5, 0.5, 0.5, 0.5, 0.5, 0.5, 0.5,
       0.5, 0.5, 0.5, 0.5, 0.5, 0.5, 0.5, 0.5, 0.5])}

Job completed at Wed Mar 19 08:22:46 PM PDT 2025
