Starting job at Wed Mar 19 06:26:03 PM PDT 2025
Job parameters:
Dataset: data_helena
UQ Method: split_conformal_naive
Estimator: RandomForest
Seed: 783
Train Size: 0.8
Running split_conformal_naive on data_helena with seed 783 and train size 0.8

starting experiment

data created

Fitting split_conformal_naive_RandomForest on data_helena with seed 783

split_conformal_naive_RandomForest metrics: {'coverage': np.float64(0.8160276073619632), 'mean_width': np.float64(30.462960122699386), 'median_width': np.float64(34.0), 'mean_width_scaled': np.float64(0.30462960122699384), 'median_width_scaled': np.float64(0.34)}

split_conformal_naive_RandomForest full metrics: {'coverage': np.float64(0.8160276073619632), 'mean_width': np.float64(30.462960122699386), 'median_width': np.float64(34.0), 'mean_width_scaled': np.float64(0.30462960122699384), 'median_width_scaled': np.float64(0.34)}

split_conformal_naive_RandomForest class metrics: {'class_coverage': array([0.87096774, 0.55172414, 0.45454545, 0.46875   , 0.66666667,
       0.75324675, 0.5625    , 0.85185185, 0.36111111, 0.93438914,
       0.42222222, 0.34615385, 0.35714286, 0.86390533, 0.53225806,
       0.57692308, 0.67647059, 0.22222222, 0.79166667, 0.89795918,
       0.4       , 0.73584906, 0.85798817, 0.52941176, 0.60344828,
       0.43478261, 0.375     , 0.04166667, 0.52173913, 0.34615385,
       0.24324324, 0.60294118, 0.94130926, 0.9752381 , 0.77272727,
       0.93823038, 0.61111111, 0.13793103, 0.725     , 0.77777778,
       0.80597015, 0.69491525, 0.53846154, 0.73939394, 0.47619048,
       0.61111111, 0.36842105, 0.72151899, 0.73636364, 0.44827586,
       0.48148148, 0.94942904, 0.16666667, 0.9637883 , 0.19047619,
       0.94252874, 0.86757991, 0.53947368, 0.81318681, 0.42105263,
       0.84293194, 0.63970588, 0.29411765, 0.53409091, 0.70093458,
       0.61702128, 0.97471264, 0.7       , 0.47457627, 0.78461538,
       0.86725664, 0.8       , 0.75      , 0.45833333, 0.65137615,
       0.94262295, 0.97003745, 0.89411765, 0.42105263, 0.95348837,
       0.75757576, 0.84      , 0.26086957, 0.54285714, 0.75816993,
       0.69662921, 0.88059701, 0.96495957, 0.52857143, 0.8875    ,
       0.42307692, 0.93298969, 0.91160221, 0.52439024, 0.55555556,
       0.65625   , 0.91176471, 0.94520548, 0.45901639, 0.55421687]), 'class_mean_width': array([37.04301075, 35.46551724, 35.59090909, 38.20833333, 31.26436782,
       31.01298701, 37.734375  , 36.77777778, 36.66666667, 14.92986425,
       38.62222222, 38.65384615, 39.82142857, 31.9704142 , 38.53225806,
       39.67307692, 38.24509804, 36.13333333, 37.98611111, 37.70068027,
       37.64615385, 36.66037736, 31.82248521, 39.15686275, 30.78448276,
       36.84782609, 36.58333333, 34.41666667, 37.69565217, 39.15384615,
       38.2972973 , 39.73529412, 27.99097065, 31.12952381, 37.67045455,
       26.35058431, 38.94444444, 38.86206897, 38.89166667, 38.71428571,
       31.11940299, 33.38135593, 39.61538462, 36.61212121, 38.52380952,
       36.57407407, 38.44736842, 31.16455696, 38.85454545, 34.4137931 ,
       39.14814815, 32.67699837, 37.70833333, 32.22841226, 39.42857143,
       29.31417625, 37.39726027, 39.77631579, 35.13186813, 37.86842105,
       36.54450262, 35.28676471, 34.70588235, 40.        , 33.98130841,
       31.08510638, 36.95402299, 34.73      , 37.40677966, 34.49230769,
       26.56637168, 26.06666667, 39.39285714, 37.95833333, 34.11009174,
        9.85245902,  8.30087391,  8.27843137, 39.02631579, 27.76744186,
       33.66666667, 26.30666667, 37.26086957, 35.08571429, 31.31372549,
       39.16853933, 34.92537313, 30.93261456, 39.67142857, 37.39375   ,
       40.57692308, 29.13402062, 33.88674033, 34.56097561, 36.97222222,
       37.03125   , 37.77731092, 32.45753425, 39.01639344, 39.73493976]), 'class_median_width': array([38. , 36. , 37. , 39. , 33. , 32. , 37. , 37. , 39.5,  9. , 38. ,
       40.5, 40. , 35. , 39. , 41. , 39. , 38. , 39. , 38. , 38. , 38. ,
       33. , 41. , 33.5, 38. , 38. , 35. , 40. , 40. , 40. , 40. , 29. ,
       33. , 39. , 30. , 39.5, 39. , 41. , 40. , 32. , 34. , 41. , 39. ,
       40. , 38. , 38.5, 33. , 40. , 35. , 40. , 35. , 40. , 33. , 39.5,
       30. , 38. , 40. , 37. , 39. , 38. , 38. , 40. , 40. , 35. , 34. ,
       38. , 35.5, 38. , 35. , 28. , 27.5, 41. , 40. , 36. ,  5. ,  4. ,
        3. , 40. , 30. , 36. , 28. , 38. , 38. , 34. , 39. , 36. , 32. ,
       40. , 38. , 40.5, 30. , 36. , 37. , 38. , 38. , 39. , 34. , 39. ,
       41. ]), 'class_mean_width_scaled': array([0.37043011, 0.35465517, 0.35590909, 0.38208333, 0.31264368,
       0.31012987, 0.37734375, 0.36777778, 0.36666667, 0.14929864,
       0.38622222, 0.38653846, 0.39821429, 0.31970414, 0.38532258,
       0.39673077, 0.38245098, 0.36133333, 0.37986111, 0.3770068 ,
       0.37646154, 0.36660377, 0.31822485, 0.39156863, 0.30784483,
       0.36847826, 0.36583333, 0.34416667, 0.37695652, 0.39153846,
       0.38297297, 0.39735294, 0.27990971, 0.31129524, 0.37670455,
       0.26350584, 0.38944444, 0.38862069, 0.38891667, 0.38714286,
       0.31119403, 0.33381356, 0.39615385, 0.36612121, 0.3852381 ,
       0.36574074, 0.38447368, 0.31164557, 0.38854545, 0.34413793,
       0.39148148, 0.32676998, 0.37708333, 0.32228412, 0.39428571,
       0.29314176, 0.3739726 , 0.39776316, 0.35131868, 0.37868421,
       0.36544503, 0.35286765, 0.34705882, 0.4       , 0.33981308,
       0.31085106, 0.36954023, 0.3473    , 0.3740678 , 0.34492308,
       0.26566372, 0.26066667, 0.39392857, 0.37958333, 0.34110092,
       0.09852459, 0.08300874, 0.08278431, 0.39026316, 0.27767442,
       0.33666667, 0.26306667, 0.3726087 , 0.35085714, 0.31313725,
       0.39168539, 0.34925373, 0.30932615, 0.39671429, 0.3739375 ,
       0.40576923, 0.29134021, 0.3388674 , 0.34560976, 0.36972222,
       0.3703125 , 0.37777311, 0.32457534, 0.39016393, 0.3973494 ]), 'class_median_width_scaled': array([0.38 , 0.36 , 0.37 , 0.39 , 0.33 , 0.32 , 0.37 , 0.37 , 0.395,
       0.09 , 0.38 , 0.405, 0.4  , 0.35 , 0.39 , 0.41 , 0.39 , 0.38 ,
       0.39 , 0.38 , 0.38 , 0.38 , 0.33 , 0.41 , 0.335, 0.38 , 0.38 ,
       0.35 , 0.4  , 0.4  , 0.4  , 0.4  , 0.29 , 0.33 , 0.39 , 0.3  ,
       0.395, 0.39 , 0.41 , 0.4  , 0.32 , 0.34 , 0.41 , 0.39 , 0.4  ,
       0.38 , 0.385, 0.33 , 0.4  , 0.35 , 0.4  , 0.35 , 0.4  , 0.33 ,
       0.395, 0.3  , 0.38 , 0.4  , 0.37 , 0.39 , 0.38 , 0.38 , 0.4  ,
       0.4  , 0.35 , 0.34 , 0.38 , 0.355, 0.38 , 0.35 , 0.28 , 0.275,
       0.41 , 0.4  , 0.36 , 0.05 , 0.04 , 0.03 , 0.4  , 0.3  , 0.36 ,
       0.28 , 0.38 , 0.38 , 0.34 , 0.39 , 0.36 , 0.32 , 0.4  , 0.38 ,
       0.405, 0.3  , 0.36 , 0.37 , 0.38 , 0.38 , 0.39 , 0.34 , 0.39 ,
       0.41 ])}

split_conformal_naive_RandomForest full class metrics: {'class_coverage': array([0.87096774, 0.55172414, 0.45454545, 0.46875   , 0.66666667,
       0.75324675, 0.5625    , 0.85185185, 0.36111111, 0.93438914,
       0.42222222, 0.34615385, 0.35714286, 0.86390533, 0.53225806,
       0.57692308, 0.67647059, 0.22222222, 0.79166667, 0.89795918,
       0.4       , 0.73584906, 0.85798817, 0.52941176, 0.60344828,
       0.43478261, 0.375     , 0.04166667, 0.52173913, 0.34615385,
       0.24324324, 0.60294118, 0.94130926, 0.9752381 , 0.77272727,
       0.93823038, 0.61111111, 0.13793103, 0.725     , 0.77777778,
       0.80597015, 0.69491525, 0.53846154, 0.73939394, 0.47619048,
       0.61111111, 0.36842105, 0.72151899, 0.73636364, 0.44827586,
       0.48148148, 0.94942904, 0.16666667, 0.9637883 , 0.19047619,
       0.94252874, 0.86757991, 0.53947368, 0.81318681, 0.42105263,
       0.84293194, 0.63970588, 0.29411765, 0.53409091, 0.70093458,
       0.61702128, 0.97471264, 0.7       , 0.47457627, 0.78461538,
       0.86725664, 0.8       , 0.75      , 0.45833333, 0.65137615,
       0.94262295, 0.97003745, 0.89411765, 0.42105263, 0.95348837,
       0.75757576, 0.84      , 0.26086957, 0.54285714, 0.75816993,
       0.69662921, 0.88059701, 0.96495957, 0.52857143, 0.8875    ,
       0.42307692, 0.93298969, 0.91160221, 0.52439024, 0.55555556,
       0.65625   , 0.91176471, 0.94520548, 0.45901639, 0.55421687]), 'class_mean_width': array([37.04301075, 35.46551724, 35.59090909, 38.20833333, 31.26436782,
       31.01298701, 37.734375  , 36.77777778, 36.66666667, 14.92986425,
       38.62222222, 38.65384615, 39.82142857, 31.9704142 , 38.53225806,
       39.67307692, 38.24509804, 36.13333333, 37.98611111, 37.70068027,
       37.64615385, 36.66037736, 31.82248521, 39.15686275, 30.78448276,
       36.84782609, 36.58333333, 34.41666667, 37.69565217, 39.15384615,
       38.2972973 , 39.73529412, 27.99097065, 31.12952381, 37.67045455,
       26.35058431, 38.94444444, 38.86206897, 38.89166667, 38.71428571,
       31.11940299, 33.38135593, 39.61538462, 36.61212121, 38.52380952,
       36.57407407, 38.44736842, 31.16455696, 38.85454545, 34.4137931 ,
       39.14814815, 32.67699837, 37.70833333, 32.22841226, 39.42857143,
       29.31417625, 37.39726027, 39.77631579, 35.13186813, 37.86842105,
       36.54450262, 35.28676471, 34.70588235, 40.        , 33.98130841,
       31.08510638, 36.95402299, 34.73      , 37.40677966, 34.49230769,
       26.56637168, 26.06666667, 39.39285714, 37.95833333, 34.11009174,
        9.85245902,  8.30087391,  8.27843137, 39.02631579, 27.76744186,
       33.66666667, 26.30666667, 37.26086957, 35.08571429, 31.31372549,
       39.16853933, 34.92537313, 30.93261456, 39.67142857, 37.39375   ,
       40.57692308, 29.13402062, 33.88674033, 34.56097561, 36.97222222,
       37.03125   , 37.77731092, 32.45753425, 39.01639344, 39.73493976]), 'class_median_width': array([38. , 36. , 37. , 39. , 33. , 32. , 37. , 37. , 39.5,  9. , 38. ,
       40.5, 40. , 35. , 39. , 41. , 39. , 38. , 39. , 38. , 38. , 38. ,
       33. , 41. , 33.5, 38. , 38. , 35. , 40. , 40. , 40. , 40. , 29. ,
       33. , 39. , 30. , 39.5, 39. , 41. , 40. , 32. , 34. , 41. , 39. ,
       40. , 38. , 38.5, 33. , 40. , 35. , 40. , 35. , 40. , 33. , 39.5,
       30. , 38. , 40. , 37. , 39. , 38. , 38. , 40. , 40. , 35. , 34. ,
       38. , 35.5, 38. , 35. , 28. , 27.5, 41. , 40. , 36. ,  5. ,  4. ,
        3. , 40. , 30. , 36. , 28. , 38. , 38. , 34. , 39. , 36. , 32. ,
       40. , 38. , 40.5, 30. , 36. , 37. , 38. , 38. , 39. , 34. , 39. ,
       41. ]), 'class_mean_width_scaled': array([0.37043011, 0.35465517, 0.35590909, 0.38208333, 0.31264368,
       0.31012987, 0.37734375, 0.36777778, 0.36666667, 0.14929864,
       0.38622222, 0.38653846, 0.39821429, 0.31970414, 0.38532258,
       0.39673077, 0.38245098, 0.36133333, 0.37986111, 0.3770068 ,
       0.37646154, 0.36660377, 0.31822485, 0.39156863, 0.30784483,
       0.36847826, 0.36583333, 0.34416667, 0.37695652, 0.39153846,
       0.38297297, 0.39735294, 0.27990971, 0.31129524, 0.37670455,
       0.26350584, 0.38944444, 0.38862069, 0.38891667, 0.38714286,
       0.31119403, 0.33381356, 0.39615385, 0.36612121, 0.3852381 ,
       0.36574074, 0.38447368, 0.31164557, 0.38854545, 0.34413793,
       0.39148148, 0.32676998, 0.37708333, 0.32228412, 0.39428571,
       0.29314176, 0.3739726 , 0.39776316, 0.35131868, 0.37868421,
       0.36544503, 0.35286765, 0.34705882, 0.4       , 0.33981308,
       0.31085106, 0.36954023, 0.3473    , 0.3740678 , 0.34492308,
       0.26566372, 0.26066667, 0.39392857, 0.37958333, 0.34110092,
       0.09852459, 0.08300874, 0.08278431, 0.39026316, 0.27767442,
       0.33666667, 0.26306667, 0.3726087 , 0.35085714, 0.31313725,
       0.39168539, 0.34925373, 0.30932615, 0.39671429, 0.3739375 ,
       0.40576923, 0.29134021, 0.3388674 , 0.34560976, 0.36972222,
       0.3703125 , 0.37777311, 0.32457534, 0.39016393, 0.3973494 ]), 'class_median_width_scaled': array([0.38 , 0.36 , 0.37 , 0.39 , 0.33 , 0.32 , 0.37 , 0.37 , 0.395,
       0.09 , 0.38 , 0.405, 0.4  , 0.35 , 0.39 , 0.41 , 0.39 , 0.38 ,
       0.39 , 0.38 , 0.38 , 0.38 , 0.33 , 0.41 , 0.335, 0.38 , 0.38 ,
       0.35 , 0.4  , 0.4  , 0.4  , 0.4  , 0.29 , 0.33 , 0.39 , 0.3  ,
       0.395, 0.39 , 0.41 , 0.4  , 0.32 , 0.34 , 0.41 , 0.39 , 0.4  ,
       0.38 , 0.385, 0.33 , 0.4  , 0.35 , 0.4  , 0.35 , 0.4  , 0.33 ,
       0.395, 0.3  , 0.38 , 0.4  , 0.37 , 0.39 , 0.38 , 0.38 , 0.4  ,
       0.4  , 0.35 , 0.34 , 0.38 , 0.355, 0.38 , 0.35 , 0.28 , 0.275,
       0.41 , 0.4  , 0.36 , 0.05 , 0.04 , 0.03 , 0.4  , 0.3  , 0.36 ,
       0.28 , 0.38 , 0.38 , 0.34 , 0.39 , 0.36 , 0.32 , 0.4  , 0.38 ,
       0.405, 0.3  , 0.36 , 0.37 , 0.38 , 0.38 , 0.39 , 0.34 , 0.39 ,
       0.41 ])}

Job completed at Wed Mar 19 06:26:10 PM PDT 2025
