Starting job at Wed Mar 19 06:29:42 PM PDT 2025
Job parameters:
Dataset: data_isolet
UQ Method: split_conformal_lac
Estimator: RandomForest
Seed: 778
Train Size: 0.8
Running split_conformal_lac on data_isolet with seed 778 and train size 0.8

starting experiment

data created

Fitting split_conformal_lac_RandomForest on data_isolet with seed 778

split_conformal_lac_RandomForest metrics: {'coverage': np.float64(0.9666666666666667), 'mean_width': np.float64(2.8275641025641027), 'median_width': np.float64(1.0), 'mean_width_scaled': np.float64(0.10875246548323472), 'median_width_scaled': np.float64(0.038461538461538464)}

split_conformal_lac_RandomForest full metrics: {'coverage': np.float64(0.9666666666666667), 'mean_width': np.float64(2.8275641025641027), 'median_width': np.float64(1.0), 'mean_width_scaled': np.float64(0.10875246548323472), 'median_width_scaled': np.float64(0.038461538461538464)}

split_conformal_lac_RandomForest class metrics: {'class_coverage': array([1.        , 0.95      , 0.96666667, 1.        , 0.93333333,
       0.96666667, 1.        , 0.93333333, 1.        , 0.96666667,
       1.        , 0.9       , 0.91666667, 0.98333333, 0.93333333,
       0.98333333, 1.        , 0.98333333, 0.98333333, 0.98333333,
       0.95      , 0.88333333, 0.98333333, 0.95      , 1.        ,
       0.98333333]), 'class_mean_width': array([2.26666667, 1.88333333, 2.28333333, 1.85      , 3.91666667,
       4.45      , 1.45      , 5.58333333, 2.66666667, 1.03333333,
       1.05      , 3.51666667, 3.08333333, 1.43333333, 7.66666667,
       4.76666667, 2.25      , 1.        , 1.03333333, 1.03333333,
       6.03333333, 4.06666667, 1.51666667, 4.38333333, 1.01666667,
       2.28333333]), 'class_median_width': array([1., 1., 1., 1., 1., 1., 1., 1., 1., 1., 1., 1., 1., 1., 1., 1., 1.,
       1., 1., 1., 1., 1., 1., 1., 1., 1.]), 'class_mean_width_scaled': array([0.08717949, 0.0724359 , 0.08782051, 0.07115385, 0.15064103,
       0.17115385, 0.05576923, 0.21474359, 0.1025641 , 0.03974359,
       0.04038462, 0.13525641, 0.11858974, 0.05512821, 0.29487179,
       0.18333333, 0.08653846, 0.03846154, 0.03974359, 0.03974359,
       0.23205128, 0.15641026, 0.05833333, 0.16858974, 0.03910256,
       0.08782051]), 'class_median_width_scaled': array([0.03846154, 0.03846154, 0.03846154, 0.03846154, 0.03846154,
       0.03846154, 0.03846154, 0.03846154, 0.03846154, 0.03846154,
       0.03846154, 0.03846154, 0.03846154, 0.03846154, 0.03846154,
       0.03846154, 0.03846154, 0.03846154, 0.03846154, 0.03846154,
       0.03846154, 0.03846154, 0.03846154, 0.03846154, 0.03846154,
       0.03846154])}

split_conformal_lac_RandomForest full class metrics: {'class_coverage': array([1.        , 0.95      , 0.96666667, 1.        , 0.93333333,
       0.96666667, 1.        , 0.93333333, 1.        , 0.96666667,
       1.        , 0.9       , 0.91666667, 0.98333333, 0.93333333,
       0.98333333, 1.        , 0.98333333, 0.98333333, 0.98333333,
       0.95      , 0.88333333, 0.98333333, 0.95      , 1.        ,
       0.98333333]), 'class_mean_width': array([2.26666667, 1.88333333, 2.28333333, 1.85      , 3.91666667,
       4.45      , 1.45      , 5.58333333, 2.66666667, 1.03333333,
       1.05      , 3.51666667, 3.08333333, 1.43333333, 7.66666667,
       4.76666667, 2.25      , 1.        , 1.03333333, 1.03333333,
       6.03333333, 4.06666667, 1.51666667, 4.38333333, 1.01666667,
       2.28333333]), 'class_median_width': array([1., 1., 1., 1., 1., 1., 1., 1., 1., 1., 1., 1., 1., 1., 1., 1., 1.,
       1., 1., 1., 1., 1., 1., 1., 1., 1.]), 'class_mean_width_scaled': array([0.08717949, 0.0724359 , 0.08782051, 0.07115385, 0.15064103,
       0.17115385, 0.05576923, 0.21474359, 0.1025641 , 0.03974359,
       0.04038462, 0.13525641, 0.11858974, 0.05512821, 0.29487179,
       0.18333333, 0.08653846, 0.03846154, 0.03974359, 0.03974359,
       0.23205128, 0.15641026, 0.05833333, 0.16858974, 0.03910256,
       0.08782051]), 'class_median_width_scaled': array([0.03846154, 0.03846154, 0.03846154, 0.03846154, 0.03846154,
       0.03846154, 0.03846154, 0.03846154, 0.03846154, 0.03846154,
       0.03846154, 0.03846154, 0.03846154, 0.03846154, 0.03846154,
       0.03846154, 0.03846154, 0.03846154, 0.03846154, 0.03846154,
       0.03846154, 0.03846154, 0.03846154, 0.03846154, 0.03846154,
       0.03846154])}

Job completed at Wed Mar 19 06:29:50 PM PDT 2025
