Starting job at Wed Mar 19 06:30:02 PM PDT 2025
Job parameters:
Dataset: data_isolet
UQ Method: split_conformal_lac
Estimator: RandomForest
Seed: 783
Train Size: 0.8
Running split_conformal_lac on data_isolet with seed 783 and train size 0.8

starting experiment

data created

Fitting split_conformal_lac_RandomForest on data_isolet with seed 783

split_conformal_lac_RandomForest metrics: {'coverage': np.float64(0.9717948717948718), 'mean_width': np.float64(2.894230769230769), 'median_width': np.float64(1.0), 'mean_width_scaled': np.float64(0.11131656804733728), 'median_width_scaled': np.float64(0.038461538461538464)}

split_conformal_lac_RandomForest full metrics: {'coverage': np.float64(0.9717948717948718), 'mean_width': np.float64(2.894230769230769), 'median_width': np.float64(1.0), 'mean_width_scaled': np.float64(0.11131656804733728), 'median_width_scaled': np.float64(0.038461538461538464)}

split_conformal_lac_RandomForest class metrics: {'class_coverage': array([1.        , 0.98333333, 0.95      , 0.98333333, 0.93333333,
       0.93333333, 1.        , 0.91666667, 1.        , 0.98333333,
       1.        , 0.95      , 0.96666667, 0.96666667, 0.9       ,
       0.98333333, 1.        , 0.98333333, 1.        , 1.        ,
       0.93333333, 0.96666667, 1.        , 0.93333333, 1.        ,
       1.        ]), 'class_mean_width': array([2.28333333, 2.28333333, 3.53333333, 1.83333333, 2.4       ,
       6.13333333, 1.06666667, 4.33333333, 1.85      , 1.01666667,
       1.45      , 5.28333333, 3.51666667, 1.01666667, 7.68333333,
       7.25      , 1.        , 1.41666667, 1.83333333, 1.48333333,
       5.6       , 2.35      , 1.86666667, 4.76666667, 1.        ,
       1.        ]), 'class_median_width': array([1., 1., 1., 1., 1., 1., 1., 1., 1., 1., 1., 1., 1., 1., 1., 1., 1.,
       1., 1., 1., 1., 1., 1., 1., 1., 1.]), 'class_mean_width_scaled': array([0.08782051, 0.08782051, 0.13589744, 0.07051282, 0.09230769,
       0.23589744, 0.04102564, 0.16666667, 0.07115385, 0.03910256,
       0.05576923, 0.20320513, 0.13525641, 0.03910256, 0.29551282,
       0.27884615, 0.03846154, 0.05448718, 0.07051282, 0.05705128,
       0.21538462, 0.09038462, 0.07179487, 0.18333333, 0.03846154,
       0.03846154]), 'class_median_width_scaled': array([0.03846154, 0.03846154, 0.03846154, 0.03846154, 0.03846154,
       0.03846154, 0.03846154, 0.03846154, 0.03846154, 0.03846154,
       0.03846154, 0.03846154, 0.03846154, 0.03846154, 0.03846154,
       0.03846154, 0.03846154, 0.03846154, 0.03846154, 0.03846154,
       0.03846154, 0.03846154, 0.03846154, 0.03846154, 0.03846154,
       0.03846154])}

split_conformal_lac_RandomForest full class metrics: {'class_coverage': array([1.        , 0.98333333, 0.95      , 0.98333333, 0.93333333,
       0.93333333, 1.        , 0.91666667, 1.        , 0.98333333,
       1.        , 0.95      , 0.96666667, 0.96666667, 0.9       ,
       0.98333333, 1.        , 0.98333333, 1.        , 1.        ,
       0.93333333, 0.96666667, 1.        , 0.93333333, 1.        ,
       1.        ]), 'class_mean_width': array([2.28333333, 2.28333333, 3.53333333, 1.83333333, 2.4       ,
       6.13333333, 1.06666667, 4.33333333, 1.85      , 1.01666667,
       1.45      , 5.28333333, 3.51666667, 1.01666667, 7.68333333,
       7.25      , 1.        , 1.41666667, 1.83333333, 1.48333333,
       5.6       , 2.35      , 1.86666667, 4.76666667, 1.        ,
       1.        ]), 'class_median_width': array([1., 1., 1., 1., 1., 1., 1., 1., 1., 1., 1., 1., 1., 1., 1., 1., 1.,
       1., 1., 1., 1., 1., 1., 1., 1., 1.]), 'class_mean_width_scaled': array([0.08782051, 0.08782051, 0.13589744, 0.07051282, 0.09230769,
       0.23589744, 0.04102564, 0.16666667, 0.07115385, 0.03910256,
       0.05576923, 0.20320513, 0.13525641, 0.03910256, 0.29551282,
       0.27884615, 0.03846154, 0.05448718, 0.07051282, 0.05705128,
       0.21538462, 0.09038462, 0.07179487, 0.18333333, 0.03846154,
       0.03846154]), 'class_median_width_scaled': array([0.03846154, 0.03846154, 0.03846154, 0.03846154, 0.03846154,
       0.03846154, 0.03846154, 0.03846154, 0.03846154, 0.03846154,
       0.03846154, 0.03846154, 0.03846154, 0.03846154, 0.03846154,
       0.03846154, 0.03846154, 0.03846154, 0.03846154, 0.03846154,
       0.03846154, 0.03846154, 0.03846154, 0.03846154, 0.03846154,
       0.03846154])}

Job completed at Wed Mar 19 06:30:10 PM PDT 2025
