Starting job at Wed Mar 19 06:20:38 PM PDT 2025
Job parameters:
Dataset: data_helena
UQ Method: split_conformal_aps
Estimator: AdaBoost
Seed: 777
Train Size: 0.8
Running split_conformal_aps on data_helena with seed 777 and train size 0.8

starting experiment

data created

Fitting split_conformal_aps_AdaBoost on data_helena with seed 777

split_conformal_aps_AdaBoost metrics: {'coverage': np.float64(0.9217791411042945), 'mean_width': np.float64(69.27599693251534), 'median_width': np.float64(74.0), 'mean_width_scaled': np.float64(0.6927599693251534), 'median_width_scaled': np.float64(0.74)}

split_conformal_aps_AdaBoost full metrics: {'coverage': np.float64(0.9217791411042945), 'mean_width': np.float64(69.27599693251534), 'median_width': np.float64(74.0), 'mean_width_scaled': np.float64(0.6927599693251534), 'median_width_scaled': np.float64(0.74)}

split_conformal_aps_AdaBoost class metrics: {'class_coverage': array([1.        , 1.        , 0.        , 1.        , 0.96551724,
       0.93506494, 0.984375  , 0.98148148, 0.95833333, 1.        ,
       0.95555556, 0.        , 0.        , 0.95857988, 0.96774194,
       1.        , 0.98039216, 0.        , 0.98611111, 0.97278912,
       1.        , 0.90566038, 1.        , 0.98039216, 0.98275862,
       0.91304348, 0.08333333, 0.        , 0.        , 0.        ,
       0.97297297, 0.95588235, 1.        , 0.99809524, 0.95454545,
       1.        , 0.        , 0.        , 0.975     , 1.        ,
       0.97014925, 0.94915254, 1.        , 0.97575758, 1.        ,
       0.98148148, 0.        , 0.98734177, 1.        , 0.        ,
       0.        , 0.99021207, 0.125     , 0.98885794, 0.02380952,
       0.98467433, 1.        , 0.98684211, 0.98901099, 0.05263158,
       1.        , 0.94852941, 0.91176471, 0.96590909, 0.89719626,
       0.9787234 , 0.98850575, 0.97      , 0.94915254, 1.        ,
       0.96460177, 1.        , 0.        , 0.        , 0.97247706,
       1.        , 0.95630462, 0.77254902, 0.        , 0.74418605,
       0.        , 0.89333333, 1.        , 0.02857143, 0.97385621,
       0.95505618, 0.97014925, 0.99191375, 0.98571429, 0.95625   ,
       0.03846154, 0.9871134 , 0.99723757, 0.87804878, 0.02777778,
       0.        , 0.95798319, 1.        , 0.96721311, 0.96385542]), 'class_mean_width': array([73.97849462, 75.06896552, 74.04545455, 72.39583333, 74.        ,
       71.67532468, 73.328125  , 73.55555556, 72.76388889, 69.35972851,
       71.44444444, 74.07692308, 67.67857143, 72.78698225, 71.37096774,
       74.03846154, 71.98039216, 71.46666667, 71.20138889, 72.7414966 ,
       73.26153846, 70.22641509, 69.64497041, 74.62745098, 69.86206897,
       69.02173913, 71.91666667, 74.04166667, 74.        , 72.34615385,
       73.83783784, 71.73529412, 73.40406321, 72.36190476, 72.22727273,
       73.78464107, 74.05555556, 74.10344828, 73.23333333, 72.65079365,
       72.97014925, 73.31355932, 74.51282051, 73.52727273, 73.5       ,
       73.25925926, 74.02631579, 66.51898734, 71.96363636, 74.06896552,
       74.14814815, 72.46329527, 71.125     , 71.15877437, 72.38095238,
       62.34482759, 73.85388128, 73.71052632, 73.54945055, 73.31578947,
       73.27748691, 71.97058824, 70.47058824, 73.80681818, 70.51401869,
       69.85106383, 73.65057471, 72.31      , 71.11864407, 73.98461538,
       72.17699115, 68.26666667, 74.10714286, 72.25      , 73.40366972,
       57.31420765, 43.52933833, 37.76078431, 72.86842105, 30.06976744,
       72.51515152, 68.08      , 74.45652174, 72.88571429, 73.08496732,
       72.21348315, 73.10447761, 73.91913747, 73.44285714, 72.89375   ,
       74.76923077, 73.51804124, 70.88121547, 70.70731707, 69.63888889,
       74.03125   , 72.36554622, 73.67945205, 72.19672131, 71.89156627]), 'class_median_width': array([74., 74., 74., 74., 74., 74., 74., 74., 74., 74., 74., 74., 74.,
       74., 74., 74., 74., 74., 74., 74., 74., 74., 74., 74., 74., 74.,
       74., 74., 74., 74., 74., 74., 74., 74., 74., 74., 74., 74., 74.,
       74., 74., 74., 74., 74., 74., 74., 74., 74., 74., 74., 74., 74.,
       74., 74., 74., 74., 74., 74., 74., 74., 74., 74., 74., 74., 74.,
       74., 74., 74., 74., 74., 74., 74., 74., 74., 74., 74., 30., 16.,
       74., 17., 74., 74., 74., 74., 74., 74., 74., 74., 74., 74., 74.,
       74., 74., 74., 74., 74., 74., 74., 74., 74.]), 'class_mean_width_scaled': array([0.73978495, 0.75068966, 0.74045455, 0.72395833, 0.74      ,
       0.71675325, 0.73328125, 0.73555556, 0.72763889, 0.69359729,
       0.71444444, 0.74076923, 0.67678571, 0.72786982, 0.71370968,
       0.74038462, 0.71980392, 0.71466667, 0.71201389, 0.72741497,
       0.73261538, 0.70226415, 0.6964497 , 0.74627451, 0.69862069,
       0.69021739, 0.71916667, 0.74041667, 0.74      , 0.72346154,
       0.73837838, 0.71735294, 0.73404063, 0.72361905, 0.72227273,
       0.73784641, 0.74055556, 0.74103448, 0.73233333, 0.72650794,
       0.72970149, 0.73313559, 0.74512821, 0.73527273, 0.735     ,
       0.73259259, 0.74026316, 0.66518987, 0.71963636, 0.74068966,
       0.74148148, 0.72463295, 0.71125   , 0.71158774, 0.72380952,
       0.62344828, 0.73853881, 0.73710526, 0.73549451, 0.73315789,
       0.73277487, 0.71970588, 0.70470588, 0.73806818, 0.70514019,
       0.69851064, 0.73650575, 0.7231    , 0.71118644, 0.73984615,
       0.72176991, 0.68266667, 0.74107143, 0.7225    , 0.7340367 ,
       0.57314208, 0.43529338, 0.37760784, 0.72868421, 0.30069767,
       0.72515152, 0.6808    , 0.74456522, 0.72885714, 0.73084967,
       0.72213483, 0.73104478, 0.73919137, 0.73442857, 0.7289375 ,
       0.74769231, 0.73518041, 0.70881215, 0.70707317, 0.69638889,
       0.7403125 , 0.72365546, 0.73679452, 0.72196721, 0.71891566]), 'class_median_width_scaled': array([0.74, 0.74, 0.74, 0.74, 0.74, 0.74, 0.74, 0.74, 0.74, 0.74, 0.74,
       0.74, 0.74, 0.74, 0.74, 0.74, 0.74, 0.74, 0.74, 0.74, 0.74, 0.74,
       0.74, 0.74, 0.74, 0.74, 0.74, 0.74, 0.74, 0.74, 0.74, 0.74, 0.74,
       0.74, 0.74, 0.74, 0.74, 0.74, 0.74, 0.74, 0.74, 0.74, 0.74, 0.74,
       0.74, 0.74, 0.74, 0.74, 0.74, 0.74, 0.74, 0.74, 0.74, 0.74, 0.74,
       0.74, 0.74, 0.74, 0.74, 0.74, 0.74, 0.74, 0.74, 0.74, 0.74, 0.74,
       0.74, 0.74, 0.74, 0.74, 0.74, 0.74, 0.74, 0.74, 0.74, 0.74, 0.3 ,
       0.16, 0.74, 0.17, 0.74, 0.74, 0.74, 0.74, 0.74, 0.74, 0.74, 0.74,
       0.74, 0.74, 0.74, 0.74, 0.74, 0.74, 0.74, 0.74, 0.74, 0.74, 0.74,
       0.74])}

split_conformal_aps_AdaBoost full class metrics: {'class_coverage': array([1.        , 1.        , 0.        , 1.        , 0.96551724,
       0.93506494, 0.984375  , 0.98148148, 0.95833333, 1.        ,
       0.95555556, 0.        , 0.        , 0.95857988, 0.96774194,
       1.        , 0.98039216, 0.        , 0.98611111, 0.97278912,
       1.        , 0.90566038, 1.        , 0.98039216, 0.98275862,
       0.91304348, 0.08333333, 0.        , 0.        , 0.        ,
       0.97297297, 0.95588235, 1.        , 0.99809524, 0.95454545,
       1.        , 0.        , 0.        , 0.975     , 1.        ,
       0.97014925, 0.94915254, 1.        , 0.97575758, 1.        ,
       0.98148148, 0.        , 0.98734177, 1.        , 0.        ,
       0.        , 0.99021207, 0.125     , 0.98885794, 0.02380952,
       0.98467433, 1.        , 0.98684211, 0.98901099, 0.05263158,
       1.        , 0.94852941, 0.91176471, 0.96590909, 0.89719626,
       0.9787234 , 0.98850575, 0.97      , 0.94915254, 1.        ,
       0.96460177, 1.        , 0.        , 0.        , 0.97247706,
       1.        , 0.95630462, 0.77254902, 0.        , 0.74418605,
       0.        , 0.89333333, 1.        , 0.02857143, 0.97385621,
       0.95505618, 0.97014925, 0.99191375, 0.98571429, 0.95625   ,
       0.03846154, 0.9871134 , 0.99723757, 0.87804878, 0.02777778,
       0.        , 0.95798319, 1.        , 0.96721311, 0.96385542]), 'class_mean_width': array([73.97849462, 75.06896552, 74.04545455, 72.39583333, 74.        ,
       71.67532468, 73.328125  , 73.55555556, 72.76388889, 69.35972851,
       71.44444444, 74.07692308, 67.67857143, 72.78698225, 71.37096774,
       74.03846154, 71.98039216, 71.46666667, 71.20138889, 72.7414966 ,
       73.26153846, 70.22641509, 69.64497041, 74.62745098, 69.86206897,
       69.02173913, 71.91666667, 74.04166667, 74.        , 72.34615385,
       73.83783784, 71.73529412, 73.40406321, 72.36190476, 72.22727273,
       73.78464107, 74.05555556, 74.10344828, 73.23333333, 72.65079365,
       72.97014925, 73.31355932, 74.51282051, 73.52727273, 73.5       ,
       73.25925926, 74.02631579, 66.51898734, 71.96363636, 74.06896552,
       74.14814815, 72.46329527, 71.125     , 71.15877437, 72.38095238,
       62.34482759, 73.85388128, 73.71052632, 73.54945055, 73.31578947,
       73.27748691, 71.97058824, 70.47058824, 73.80681818, 70.51401869,
       69.85106383, 73.65057471, 72.31      , 71.11864407, 73.98461538,
       72.17699115, 68.26666667, 74.10714286, 72.25      , 73.40366972,
       57.31420765, 43.52933833, 37.76078431, 72.86842105, 30.06976744,
       72.51515152, 68.08      , 74.45652174, 72.88571429, 73.08496732,
       72.21348315, 73.10447761, 73.91913747, 73.44285714, 72.89375   ,
       74.76923077, 73.51804124, 70.88121547, 70.70731707, 69.63888889,
       74.03125   , 72.36554622, 73.67945205, 72.19672131, 71.89156627]), 'class_median_width': array([74., 74., 74., 74., 74., 74., 74., 74., 74., 74., 74., 74., 74.,
       74., 74., 74., 74., 74., 74., 74., 74., 74., 74., 74., 74., 74.,
       74., 74., 74., 74., 74., 74., 74., 74., 74., 74., 74., 74., 74.,
       74., 74., 74., 74., 74., 74., 74., 74., 74., 74., 74., 74., 74.,
       74., 74., 74., 74., 74., 74., 74., 74., 74., 74., 74., 74., 74.,
       74., 74., 74., 74., 74., 74., 74., 74., 74., 74., 74., 30., 16.,
       74., 17., 74., 74., 74., 74., 74., 74., 74., 74., 74., 74., 74.,
       74., 74., 74., 74., 74., 74., 74., 74., 74.]), 'class_mean_width_scaled': array([0.73978495, 0.75068966, 0.74045455, 0.72395833, 0.74      ,
       0.71675325, 0.73328125, 0.73555556, 0.72763889, 0.69359729,
       0.71444444, 0.74076923, 0.67678571, 0.72786982, 0.71370968,
       0.74038462, 0.71980392, 0.71466667, 0.71201389, 0.72741497,
       0.73261538, 0.70226415, 0.6964497 , 0.74627451, 0.69862069,
       0.69021739, 0.71916667, 0.74041667, 0.74      , 0.72346154,
       0.73837838, 0.71735294, 0.73404063, 0.72361905, 0.72227273,
       0.73784641, 0.74055556, 0.74103448, 0.73233333, 0.72650794,
       0.72970149, 0.73313559, 0.74512821, 0.73527273, 0.735     ,
       0.73259259, 0.74026316, 0.66518987, 0.71963636, 0.74068966,
       0.74148148, 0.72463295, 0.71125   , 0.71158774, 0.72380952,
       0.62344828, 0.73853881, 0.73710526, 0.73549451, 0.73315789,
       0.73277487, 0.71970588, 0.70470588, 0.73806818, 0.70514019,
       0.69851064, 0.73650575, 0.7231    , 0.71118644, 0.73984615,
       0.72176991, 0.68266667, 0.74107143, 0.7225    , 0.7340367 ,
       0.57314208, 0.43529338, 0.37760784, 0.72868421, 0.30069767,
       0.72515152, 0.6808    , 0.74456522, 0.72885714, 0.73084967,
       0.72213483, 0.73104478, 0.73919137, 0.73442857, 0.7289375 ,
       0.74769231, 0.73518041, 0.70881215, 0.70707317, 0.69638889,
       0.7403125 , 0.72365546, 0.73679452, 0.72196721, 0.71891566]), 'class_median_width_scaled': array([0.74, 0.74, 0.74, 0.74, 0.74, 0.74, 0.74, 0.74, 0.74, 0.74, 0.74,
       0.74, 0.74, 0.74, 0.74, 0.74, 0.74, 0.74, 0.74, 0.74, 0.74, 0.74,
       0.74, 0.74, 0.74, 0.74, 0.74, 0.74, 0.74, 0.74, 0.74, 0.74, 0.74,
       0.74, 0.74, 0.74, 0.74, 0.74, 0.74, 0.74, 0.74, 0.74, 0.74, 0.74,
       0.74, 0.74, 0.74, 0.74, 0.74, 0.74, 0.74, 0.74, 0.74, 0.74, 0.74,
       0.74, 0.74, 0.74, 0.74, 0.74, 0.74, 0.74, 0.74, 0.74, 0.74, 0.74,
       0.74, 0.74, 0.74, 0.74, 0.74, 0.74, 0.74, 0.74, 0.74, 0.74, 0.3 ,
       0.16, 0.74, 0.17, 0.74, 0.74, 0.74, 0.74, 0.74, 0.74, 0.74, 0.74,
       0.74, 0.74, 0.74, 0.74, 0.74, 0.74, 0.74, 0.74, 0.74, 0.74, 0.74,
       0.74])}

Job completed at Wed Mar 19 06:20:45 PM PDT 2025
