Starting job at Wed Mar 19 06:23:47 PM PDT 2025
Job parameters:
Dataset: data_isolet
UQ Method: split_conformal_raps
Estimator: MLP
Seed: 779
Train Size: 0.8
Running split_conformal_raps on data_isolet with seed 779 and train size 0.8

starting experiment

data created

Fitting split_conformal_raps_MLP on data_isolet with seed 779

split_conformal_raps_MLP metrics: {'coverage': np.float64(0.9487179487179487), 'mean_width': np.float64(1.9615384615384615), 'median_width': np.float64(1.0), 'mean_width_scaled': np.float64(0.07544378698224852), 'median_width_scaled': np.float64(0.038461538461538464)}

split_conformal_raps_MLP full metrics: {'coverage': np.float64(0.9487179487179487), 'mean_width': np.float64(1.9615384615384615), 'median_width': np.float64(1.0), 'mean_width_scaled': np.float64(0.07544378698224852), 'median_width_scaled': np.float64(0.038461538461538464)}

split_conformal_raps_MLP class metrics: {'class_coverage': array([0.96666667, 0.98333333, 0.96666667, 1.        , 0.95      ,
       0.91666667, 0.96666667, 0.95      , 1.        , 0.98333333,
       0.96666667, 0.88333333, 0.91666667, 1.        , 0.8       ,
       0.91666667, 0.95      , 1.        , 0.93333333, 0.96666667,
       0.91666667, 0.88333333, 0.95      , 0.91666667, 1.        ,
       0.98333333]), 'class_mean_width': array([3.08333333, 1.        , 1.41666667, 3.5       , 1.        ,
       2.25      , 1.41666667, 2.25      , 2.25      , 1.41666667,
       1.83333333, 1.41666667, 1.41666667, 1.83333333, 1.41666667,
       1.41666667, 3.08333333, 1.83333333, 2.25      , 1.41666667,
       1.        , 2.25      , 2.25      , 1.41666667, 3.5       ,
       3.08333333]), 'class_median_width': array([1., 1., 1., 1., 1., 1., 1., 1., 1., 1., 1., 1., 1., 1., 1., 1., 1.,
       1., 1., 1., 1., 1., 1., 1., 1., 1.]), 'class_mean_width_scaled': array([0.11858974, 0.03846154, 0.05448718, 0.13461538, 0.03846154,
       0.08653846, 0.05448718, 0.08653846, 0.08653846, 0.05448718,
       0.07051282, 0.05448718, 0.05448718, 0.07051282, 0.05448718,
       0.05448718, 0.11858974, 0.07051282, 0.08653846, 0.05448718,
       0.03846154, 0.08653846, 0.08653846, 0.05448718, 0.13461538,
       0.11858974]), 'class_median_width_scaled': array([0.03846154, 0.03846154, 0.03846154, 0.03846154, 0.03846154,
       0.03846154, 0.03846154, 0.03846154, 0.03846154, 0.03846154,
       0.03846154, 0.03846154, 0.03846154, 0.03846154, 0.03846154,
       0.03846154, 0.03846154, 0.03846154, 0.03846154, 0.03846154,
       0.03846154, 0.03846154, 0.03846154, 0.03846154, 0.03846154,
       0.03846154])}

split_conformal_raps_MLP full class metrics: {'class_coverage': array([0.96666667, 0.98333333, 0.96666667, 1.        , 0.95      ,
       0.91666667, 0.96666667, 0.95      , 1.        , 0.98333333,
       0.96666667, 0.88333333, 0.91666667, 1.        , 0.8       ,
       0.91666667, 0.95      , 1.        , 0.93333333, 0.96666667,
       0.91666667, 0.88333333, 0.95      , 0.91666667, 1.        ,
       0.98333333]), 'class_mean_width': array([3.08333333, 1.        , 1.41666667, 3.5       , 1.        ,
       2.25      , 1.41666667, 2.25      , 2.25      , 1.41666667,
       1.83333333, 1.41666667, 1.41666667, 1.83333333, 1.41666667,
       1.41666667, 3.08333333, 1.83333333, 2.25      , 1.41666667,
       1.        , 2.25      , 2.25      , 1.41666667, 3.5       ,
       3.08333333]), 'class_median_width': array([1., 1., 1., 1., 1., 1., 1., 1., 1., 1., 1., 1., 1., 1., 1., 1., 1.,
       1., 1., 1., 1., 1., 1., 1., 1., 1.]), 'class_mean_width_scaled': array([0.11858974, 0.03846154, 0.05448718, 0.13461538, 0.03846154,
       0.08653846, 0.05448718, 0.08653846, 0.08653846, 0.05448718,
       0.07051282, 0.05448718, 0.05448718, 0.07051282, 0.05448718,
       0.05448718, 0.11858974, 0.07051282, 0.08653846, 0.05448718,
       0.03846154, 0.08653846, 0.08653846, 0.05448718, 0.13461538,
       0.11858974]), 'class_median_width_scaled': array([0.03846154, 0.03846154, 0.03846154, 0.03846154, 0.03846154,
       0.03846154, 0.03846154, 0.03846154, 0.03846154, 0.03846154,
       0.03846154, 0.03846154, 0.03846154, 0.03846154, 0.03846154,
       0.03846154, 0.03846154, 0.03846154, 0.03846154, 0.03846154,
       0.03846154, 0.03846154, 0.03846154, 0.03846154, 0.03846154,
       0.03846154])}

Job completed at Wed Mar 19 06:23:53 PM PDT 2025
