Starting job at Thu Mar 20 05:03:48 PM PDT 2025
Job parameters:
Dataset: data_isolet
UQ Method: split_conformal_raps
Estimator: MLP
Seed: 782
Train Size: 0.8
Running split_conformal_raps on data_isolet with seed 782 and train size 0.8

starting experiment

data created

Fitting split_conformal_raps_MLP on data_isolet with seed 782

split_conformal_raps_MLP metrics: {'coverage': np.float64(0.9455128205128205), 'mean_width': np.float64(2.187179487179487), 'median_width': np.float64(1.0), 'mean_width_scaled': np.float64(0.0841222879684418), 'median_width_scaled': np.float64(0.038461538461538464)}

split_conformal_raps_MLP full metrics: {'coverage': np.float64(0.9455128205128205), 'mean_width': np.float64(2.187179487179487), 'median_width': np.float64(1.0), 'mean_width_scaled': np.float64(0.0841222879684418), 'median_width_scaled': np.float64(0.038461538461538464)}

split_conformal_raps_MLP class metrics: {'class_coverage': array([1.        , 0.96666667, 0.93333333, 1.        , 0.85      ,
       0.86666667, 0.96666667, 0.83333333, 1.        , 1.        ,
       0.98333333, 0.95      , 0.86666667, 0.96666667, 0.83333333,
       0.98333333, 0.95      , 1.        , 0.95      , 0.98333333,
       0.91666667, 0.9       , 0.96666667, 0.91666667, 1.        ,
       1.        ]), 'class_mean_width': array([2.66666667, 1.83333333, 1.        , 1.01666667, 2.25      ,
       3.08333333, 1.41666667, 2.25      , 2.25      , 2.25      ,
       1.83333333, 1.83333333, 2.25      , 3.08333333, 1.83333333,
       1.85      , 3.5       , 3.08333333, 2.66666667, 2.66666667,
       1.83333333, 1.83333333, 1.41666667, 2.25      , 1.83333333,
       3.08333333]), 'class_median_width': array([1., 1., 1., 1., 1., 1., 1., 1., 1., 1., 1., 1., 1., 1., 1., 1., 1.,
       1., 1., 1., 1., 1., 1., 1., 1., 1.]), 'class_mean_width_scaled': array([0.1025641 , 0.07051282, 0.03846154, 0.03910256, 0.08653846,
       0.11858974, 0.05448718, 0.08653846, 0.08653846, 0.08653846,
       0.07051282, 0.07051282, 0.08653846, 0.11858974, 0.07051282,
       0.07115385, 0.13461538, 0.11858974, 0.1025641 , 0.1025641 ,
       0.07051282, 0.07051282, 0.05448718, 0.08653846, 0.07051282,
       0.11858974]), 'class_median_width_scaled': array([0.03846154, 0.03846154, 0.03846154, 0.03846154, 0.03846154,
       0.03846154, 0.03846154, 0.03846154, 0.03846154, 0.03846154,
       0.03846154, 0.03846154, 0.03846154, 0.03846154, 0.03846154,
       0.03846154, 0.03846154, 0.03846154, 0.03846154, 0.03846154,
       0.03846154, 0.03846154, 0.03846154, 0.03846154, 0.03846154,
       0.03846154])}

split_conformal_raps_MLP full class metrics: {'class_coverage': array([1.        , 0.96666667, 0.93333333, 1.        , 0.85      ,
       0.86666667, 0.96666667, 0.83333333, 1.        , 1.        ,
       0.98333333, 0.95      , 0.86666667, 0.96666667, 0.83333333,
       0.98333333, 0.95      , 1.        , 0.95      , 0.98333333,
       0.91666667, 0.9       , 0.96666667, 0.91666667, 1.        ,
       1.        ]), 'class_mean_width': array([2.66666667, 1.83333333, 1.        , 1.01666667, 2.25      ,
       3.08333333, 1.41666667, 2.25      , 2.25      , 2.25      ,
       1.83333333, 1.83333333, 2.25      , 3.08333333, 1.83333333,
       1.85      , 3.5       , 3.08333333, 2.66666667, 2.66666667,
       1.83333333, 1.83333333, 1.41666667, 2.25      , 1.83333333,
       3.08333333]), 'class_median_width': array([1., 1., 1., 1., 1., 1., 1., 1., 1., 1., 1., 1., 1., 1., 1., 1., 1.,
       1., 1., 1., 1., 1., 1., 1., 1., 1.]), 'class_mean_width_scaled': array([0.1025641 , 0.07051282, 0.03846154, 0.03910256, 0.08653846,
       0.11858974, 0.05448718, 0.08653846, 0.08653846, 0.08653846,
       0.07051282, 0.07051282, 0.08653846, 0.11858974, 0.07051282,
       0.07115385, 0.13461538, 0.11858974, 0.1025641 , 0.1025641 ,
       0.07051282, 0.07051282, 0.05448718, 0.08653846, 0.07051282,
       0.11858974]), 'class_median_width_scaled': array([0.03846154, 0.03846154, 0.03846154, 0.03846154, 0.03846154,
       0.03846154, 0.03846154, 0.03846154, 0.03846154, 0.03846154,
       0.03846154, 0.03846154, 0.03846154, 0.03846154, 0.03846154,
       0.03846154, 0.03846154, 0.03846154, 0.03846154, 0.03846154,
       0.03846154, 0.03846154, 0.03846154, 0.03846154, 0.03846154,
       0.03846154])}

Job completed at Thu Mar 20 05:03:59 PM PDT 2025
