Starting job at Wed Mar 19 06:24:04 PM PDT 2025
Job parameters:
Dataset: data_isolet
UQ Method: split_conformal_raps
Estimator: MLP
Seed: 784
Train Size: 0.8
Running split_conformal_raps on data_isolet with seed 784 and train size 0.8

starting experiment

data created

Fitting split_conformal_raps_MLP on data_isolet with seed 784

split_conformal_raps_MLP metrics: {'coverage': np.float64(0.9551282051282052), 'mean_width': np.float64(2.2352564102564103), 'median_width': np.float64(1.0), 'mean_width_scaled': np.float64(0.08597140039447732), 'median_width_scaled': np.float64(0.038461538461538464)}

split_conformal_raps_MLP full metrics: {'coverage': np.float64(0.9551282051282052), 'mean_width': np.float64(2.2352564102564103), 'median_width': np.float64(1.0), 'mean_width_scaled': np.float64(0.08597140039447732), 'median_width_scaled': np.float64(0.038461538461538464)}

split_conformal_raps_MLP class metrics: {'class_coverage': array([1.        , 0.96666667, 0.98333333, 0.96666667, 0.93333333,
       0.91666667, 1.        , 0.91666667, 1.        , 1.        ,
       0.98333333, 0.95      , 0.9       , 0.96666667, 0.7       ,
       0.98333333, 0.98333333, 1.        , 0.96666667, 0.95      ,
       0.96666667, 0.91666667, 0.96666667, 0.98333333, 0.98333333,
       0.95      ]), 'class_mean_width': array([1.83333333, 2.66666667, 1.83333333, 1.83333333, 2.66666667,
       3.5       , 2.66666667, 1.83333333, 2.66666667, 2.25      ,
       3.08333333, 1.        , 2.25      , 1.        , 1.43333333,
       3.08333333, 1.41666667, 2.25      , 1.41666667, 1.41666667,
       2.66666667, 1.01666667, 1.83333333, 3.08333333, 5.16666667,
       2.25      ]), 'class_median_width': array([1., 1., 1., 1., 1., 1., 1., 1., 1., 1., 1., 1., 1., 1., 1., 1., 1.,
       1., 1., 1., 1., 1., 1., 1., 1., 1.]), 'class_mean_width_scaled': array([0.07051282, 0.1025641 , 0.07051282, 0.07051282, 0.1025641 ,
       0.13461538, 0.1025641 , 0.07051282, 0.1025641 , 0.08653846,
       0.11858974, 0.03846154, 0.08653846, 0.03846154, 0.05512821,
       0.11858974, 0.05448718, 0.08653846, 0.05448718, 0.05448718,
       0.1025641 , 0.03910256, 0.07051282, 0.11858974, 0.19871795,
       0.08653846]), 'class_median_width_scaled': array([0.03846154, 0.03846154, 0.03846154, 0.03846154, 0.03846154,
       0.03846154, 0.03846154, 0.03846154, 0.03846154, 0.03846154,
       0.03846154, 0.03846154, 0.03846154, 0.03846154, 0.03846154,
       0.03846154, 0.03846154, 0.03846154, 0.03846154, 0.03846154,
       0.03846154, 0.03846154, 0.03846154, 0.03846154, 0.03846154,
       0.03846154])}

split_conformal_raps_MLP full class metrics: {'class_coverage': array([1.        , 0.96666667, 0.98333333, 0.96666667, 0.93333333,
       0.91666667, 1.        , 0.91666667, 1.        , 1.        ,
       0.98333333, 0.95      , 0.9       , 0.96666667, 0.7       ,
       0.98333333, 0.98333333, 1.        , 0.96666667, 0.95      ,
       0.96666667, 0.91666667, 0.96666667, 0.98333333, 0.98333333,
       0.95      ]), 'class_mean_width': array([1.83333333, 2.66666667, 1.83333333, 1.83333333, 2.66666667,
       3.5       , 2.66666667, 1.83333333, 2.66666667, 2.25      ,
       3.08333333, 1.        , 2.25      , 1.        , 1.43333333,
       3.08333333, 1.41666667, 2.25      , 1.41666667, 1.41666667,
       2.66666667, 1.01666667, 1.83333333, 3.08333333, 5.16666667,
       2.25      ]), 'class_median_width': array([1., 1., 1., 1., 1., 1., 1., 1., 1., 1., 1., 1., 1., 1., 1., 1., 1.,
       1., 1., 1., 1., 1., 1., 1., 1., 1.]), 'class_mean_width_scaled': array([0.07051282, 0.1025641 , 0.07051282, 0.07051282, 0.1025641 ,
       0.13461538, 0.1025641 , 0.07051282, 0.1025641 , 0.08653846,
       0.11858974, 0.03846154, 0.08653846, 0.03846154, 0.05512821,
       0.11858974, 0.05448718, 0.08653846, 0.05448718, 0.05448718,
       0.1025641 , 0.03910256, 0.07051282, 0.11858974, 0.19871795,
       0.08653846]), 'class_median_width_scaled': array([0.03846154, 0.03846154, 0.03846154, 0.03846154, 0.03846154,
       0.03846154, 0.03846154, 0.03846154, 0.03846154, 0.03846154,
       0.03846154, 0.03846154, 0.03846154, 0.03846154, 0.03846154,
       0.03846154, 0.03846154, 0.03846154, 0.03846154, 0.03846154,
       0.03846154, 0.03846154, 0.03846154, 0.03846154, 0.03846154,
       0.03846154])}

Job completed at Wed Mar 19 06:24:12 PM PDT 2025
