Starting job at Thu Mar 20 05:04:18 PM PDT 2025
Job parameters:
Dataset: data_chess
UQ Method: split_conformal_topk
Estimator: HistGradientBoosting
Seed: 778
Train Size: 0.8
Running split_conformal_topk on data_chess with seed 778 and train size 0.8

starting experiment

data created

Fitting split_conformal_topk_HistGradientBoosting on data_chess with seed 778

split_conformal_topk_HistGradientBoosting metrics: {'coverage': np.float64(0.9119743406985032), 'mean_width': np.float64(5.0), 'median_width': np.float64(5.0), 'mean_width_scaled': np.float64(0.2777777777777778), 'median_width_scaled': np.float64(0.2777777777777778)}

split_conformal_topk_HistGradientBoosting full metrics: {'coverage': np.float64(0.9119743406985032), 'mean_width': np.float64(5.0), 'median_width': np.float64(5.0), 'mean_width_scaled': np.float64(0.2777777777777778), 'median_width_scaled': np.float64(0.2777777777777778)}

split_conformal_topk_HistGradientBoosting class metrics: {'class_coverage': array([0.96958855, 0.85365854, 0.86865149, 0.93071594, 0.84042553,
       0.8       , 0.98572997, 0.80409357, 0.4375    , 0.55474453,
       0.78813559, 0.88461538, 0.87657431, 0.98212157, 0.125     ,
       0.94583333, 0.97959184, 0.        ]), 'class_mean_width': array([5., 5., 5., 5., 5., 5., 5., 5., 5., 5., 5., 5., 5., 5., 5., 5., 5.,
       5.]), 'class_median_width': array([5., 5., 5., 5., 5., 5., 5., 5., 5., 5., 5., 5., 5., 5., 5., 5., 5.,
       5.]), 'class_mean_width_scaled': array([0.27777778, 0.27777778, 0.27777778, 0.27777778, 0.27777778,
       0.27777778, 0.27777778, 0.27777778, 0.27777778, 0.27777778,
       0.27777778, 0.27777778, 0.27777778, 0.27777778, 0.27777778,
       0.27777778, 0.27777778, 0.27777778]), 'class_median_width_scaled': array([0.27777778, 0.27777778, 0.27777778, 0.27777778, 0.27777778,
       0.27777778, 0.27777778, 0.27777778, 0.27777778, 0.27777778,
       0.27777778, 0.27777778, 0.27777778, 0.27777778, 0.27777778,
       0.27777778, 0.27777778, 0.27777778])}

split_conformal_topk_HistGradientBoosting full class metrics: {'class_coverage': array([0.96958855, 0.85365854, 0.86865149, 0.93071594, 0.84042553,
       0.8       , 0.98572997, 0.80409357, 0.4375    , 0.55474453,
       0.78813559, 0.88461538, 0.87657431, 0.98212157, 0.125     ,
       0.94583333, 0.97959184, 0.        ]), 'class_mean_width': array([5., 5., 5., 5., 5., 5., 5., 5., 5., 5., 5., 5., 5., 5., 5., 5., 5.,
       5.]), 'class_median_width': array([5., 5., 5., 5., 5., 5., 5., 5., 5., 5., 5., 5., 5., 5., 5., 5., 5.,
       5.]), 'class_mean_width_scaled': array([0.27777778, 0.27777778, 0.27777778, 0.27777778, 0.27777778,
       0.27777778, 0.27777778, 0.27777778, 0.27777778, 0.27777778,
       0.27777778, 0.27777778, 0.27777778, 0.27777778, 0.27777778,
       0.27777778, 0.27777778, 0.27777778]), 'class_median_width_scaled': array([0.27777778, 0.27777778, 0.27777778, 0.27777778, 0.27777778,
       0.27777778, 0.27777778, 0.27777778, 0.27777778, 0.27777778,
       0.27777778, 0.27777778, 0.27777778, 0.27777778, 0.27777778,
       0.27777778, 0.27777778, 0.27777778])}

Job completed at Thu Mar 20 05:04:24 PM PDT 2025
