Starting job at Thu Mar 20 05:04:23 PM PDT 2025
Job parameters:
Dataset: data_chess
UQ Method: split_conformal_topk
Estimator: HistGradientBoosting
Seed: 783
Train Size: 0.8
Running split_conformal_topk on data_chess with seed 783 and train size 0.8

starting experiment

data created

Fitting split_conformal_topk_HistGradientBoosting on data_chess with seed 783

split_conformal_topk_HistGradientBoosting metrics: {'coverage': np.float64(0.91535994297933), 'mean_width': np.float64(5.0), 'median_width': np.float64(5.0), 'mean_width_scaled': np.float64(0.2777777777777778), 'median_width_scaled': np.float64(0.2777777777777778)}

split_conformal_topk_HistGradientBoosting full metrics: {'coverage': np.float64(0.91535994297933), 'mean_width': np.float64(5.0), 'median_width': np.float64(5.0), 'mean_width_scaled': np.float64(0.2777777777777778), 'median_width_scaled': np.float64(0.2777777777777778)}

split_conformal_topk_HistGradientBoosting class metrics: {'class_coverage': array([0.99284436, 0.78397213, 0.9089317 , 0.98152425, 0.80851064,
       0.8       , 0.97585071, 0.76315789, 0.375     , 0.66423358,
       0.74576271, 0.88461538, 0.88413098, 0.95589988, 0.625     ,
       0.95972222, 0.95918367, 0.        ]), 'class_mean_width': array([5., 5., 5., 5., 5., 5., 5., 5., 5., 5., 5., 5., 5., 5., 5., 5., 5.,
       5.]), 'class_median_width': array([5., 5., 5., 5., 5., 5., 5., 5., 5., 5., 5., 5., 5., 5., 5., 5., 5.,
       5.]), 'class_mean_width_scaled': array([0.27777778, 0.27777778, 0.27777778, 0.27777778, 0.27777778,
       0.27777778, 0.27777778, 0.27777778, 0.27777778, 0.27777778,
       0.27777778, 0.27777778, 0.27777778, 0.27777778, 0.27777778,
       0.27777778, 0.27777778, 0.27777778]), 'class_median_width_scaled': array([0.27777778, 0.27777778, 0.27777778, 0.27777778, 0.27777778,
       0.27777778, 0.27777778, 0.27777778, 0.27777778, 0.27777778,
       0.27777778, 0.27777778, 0.27777778, 0.27777778, 0.27777778,
       0.27777778, 0.27777778, 0.27777778])}

split_conformal_topk_HistGradientBoosting full class metrics: {'class_coverage': array([0.99284436, 0.78397213, 0.9089317 , 0.98152425, 0.80851064,
       0.8       , 0.97585071, 0.76315789, 0.375     , 0.66423358,
       0.74576271, 0.88461538, 0.88413098, 0.95589988, 0.625     ,
       0.95972222, 0.95918367, 0.        ]), 'class_mean_width': array([5., 5., 5., 5., 5., 5., 5., 5., 5., 5., 5., 5., 5., 5., 5., 5., 5.,
       5.]), 'class_median_width': array([5., 5., 5., 5., 5., 5., 5., 5., 5., 5., 5., 5., 5., 5., 5., 5., 5.,
       5.]), 'class_mean_width_scaled': array([0.27777778, 0.27777778, 0.27777778, 0.27777778, 0.27777778,
       0.27777778, 0.27777778, 0.27777778, 0.27777778, 0.27777778,
       0.27777778, 0.27777778, 0.27777778, 0.27777778, 0.27777778,
       0.27777778, 0.27777778, 0.27777778]), 'class_median_width_scaled': array([0.27777778, 0.27777778, 0.27777778, 0.27777778, 0.27777778,
       0.27777778, 0.27777778, 0.27777778, 0.27777778, 0.27777778,
       0.27777778, 0.27777778, 0.27777778, 0.27777778, 0.27777778,
       0.27777778, 0.27777778, 0.27777778])}

Job completed at Thu Mar 20 05:04:29 PM PDT 2025
