Starting job at Wed Mar 19 08:21:22 PM PDT 2025
Job parameters:
Dataset: data_chess
UQ Method: split_conformal_topk
Estimator: HistGradientBoosting
Seed: 784
Train Size: 0.8
Running split_conformal_topk on data_chess with seed 784 and train size 0.8

starting experiment

data created

Fitting split_conformal_topk_HistGradientBoosting on data_chess with seed 784

split_conformal_topk_HistGradientBoosting metrics: {'coverage': np.float64(0.8978973627940128), 'mean_width': np.float64(4.0), 'median_width': np.float64(4.0), 'mean_width_scaled': np.float64(0.2222222222222222), 'median_width_scaled': np.float64(0.2222222222222222)}

split_conformal_topk_HistGradientBoosting full metrics: {'coverage': np.float64(0.8978973627940128), 'mean_width': np.float64(4.0), 'median_width': np.float64(4.0), 'mean_width_scaled': np.float64(0.2222222222222222), 'median_width_scaled': np.float64(0.2222222222222222)}

split_conformal_topk_HistGradientBoosting class metrics: {'class_coverage': array([0.99284436, 0.83972125, 0.91768827, 0.96073903, 0.65957447,
       0.75      , 0.97036224, 0.76900585, 0.0625    , 0.62043796,
       0.54237288, 0.69230769, 0.83123426, 0.9749702 , 0.125     ,
       0.925     , 0.89795918, 0.        ]), 'class_mean_width': array([4., 4., 4., 4., 4., 4., 4., 4., 4., 4., 4., 4., 4., 4., 4., 4., 4.,
       4.]), 'class_median_width': array([4., 4., 4., 4., 4., 4., 4., 4., 4., 4., 4., 4., 4., 4., 4., 4., 4.,
       4.]), 'class_mean_width_scaled': array([0.22222222, 0.22222222, 0.22222222, 0.22222222, 0.22222222,
       0.22222222, 0.22222222, 0.22222222, 0.22222222, 0.22222222,
       0.22222222, 0.22222222, 0.22222222, 0.22222222, 0.22222222,
       0.22222222, 0.22222222, 0.22222222]), 'class_median_width_scaled': array([0.22222222, 0.22222222, 0.22222222, 0.22222222, 0.22222222,
       0.22222222, 0.22222222, 0.22222222, 0.22222222, 0.22222222,
       0.22222222, 0.22222222, 0.22222222, 0.22222222, 0.22222222,
       0.22222222, 0.22222222, 0.22222222])}

split_conformal_topk_HistGradientBoosting full class metrics: {'class_coverage': array([0.99284436, 0.83972125, 0.91768827, 0.96073903, 0.65957447,
       0.75      , 0.97036224, 0.76900585, 0.0625    , 0.62043796,
       0.54237288, 0.69230769, 0.83123426, 0.9749702 , 0.125     ,
       0.925     , 0.89795918, 0.        ]), 'class_mean_width': array([4., 4., 4., 4., 4., 4., 4., 4., 4., 4., 4., 4., 4., 4., 4., 4., 4.,
       4.]), 'class_median_width': array([4., 4., 4., 4., 4., 4., 4., 4., 4., 4., 4., 4., 4., 4., 4., 4., 4.,
       4.]), 'class_mean_width_scaled': array([0.22222222, 0.22222222, 0.22222222, 0.22222222, 0.22222222,
       0.22222222, 0.22222222, 0.22222222, 0.22222222, 0.22222222,
       0.22222222, 0.22222222, 0.22222222, 0.22222222, 0.22222222,
       0.22222222, 0.22222222, 0.22222222]), 'class_median_width_scaled': array([0.22222222, 0.22222222, 0.22222222, 0.22222222, 0.22222222,
       0.22222222, 0.22222222, 0.22222222, 0.22222222, 0.22222222,
       0.22222222, 0.22222222, 0.22222222, 0.22222222, 0.22222222,
       0.22222222, 0.22222222, 0.22222222])}

Job completed at Wed Mar 19 08:21:34 PM PDT 2025
