Starting job at Wed Mar 19 06:24:36 PM PDT 2025
Job parameters:
Dataset: data_chess
UQ Method: split_conformal_naive
Estimator: AdaBoost
Seed: 783
Train Size: 0.8
Running split_conformal_naive on data_chess with seed 783 and train size 0.8

starting experiment

data created

Fitting split_conformal_naive_AdaBoost on data_chess with seed 783

split_conformal_naive_AdaBoost metrics: {'coverage': np.float64(0.8804347826086957), 'mean_width': np.float64(12.852993585174627), 'median_width': np.float64(15.0), 'mean_width_scaled': np.float64(0.7140551991763682), 'median_width_scaled': np.float64(0.8333333333333334)}

split_conformal_naive_AdaBoost full metrics: {'coverage': np.float64(0.8804347826086957), 'mean_width': np.float64(12.852993585174627), 'median_width': np.float64(15.0), 'mean_width_scaled': np.float64(0.7140551991763682), 'median_width_scaled': np.float64(0.8333333333333334)}

split_conformal_naive_AdaBoost class metrics: {'class_coverage': array([0.89982111, 0.79442509, 0.80035026, 1.        , 0.62765957,
       0.825     , 0.99560922, 0.76608187, 0.5       , 0.67153285,
       0.74576271, 1.        , 0.8488665 , 0.98331347, 1.        ,
       0.80277778, 0.75510204, 0.        ]), 'class_mean_width': array([13.15563506, 11.40766551, 11.57793345, 14.82909931,  9.09574468,
       11.725     , 14.69593853, 11.16081871,  9.375     ,  9.87591241,
       10.70338983, 15.        , 12.21662469, 14.30274136,  9.0625    ,
       11.73055556, 10.40816327, 11.        ]), 'class_median_width': array([15. , 14. , 14. , 15. , 14. , 14. , 15. , 14. , 13.5, 14. , 14. ,
       15. , 14. , 15. , 12. , 14. , 12. , 12. ]), 'class_mean_width_scaled': array([0.73086861, 0.63375919, 0.64321853, 0.82383885, 0.50531915,
       0.65138889, 0.81644103, 0.62004548, 0.52083333, 0.5486618 ,
       0.59463277, 0.83333333, 0.67870137, 0.79459674, 0.50347222,
       0.65169753, 0.57823129, 0.61111111]), 'class_median_width_scaled': array([0.83333333, 0.77777778, 0.77777778, 0.83333333, 0.77777778,
       0.77777778, 0.83333333, 0.77777778, 0.75      , 0.77777778,
       0.77777778, 0.83333333, 0.77777778, 0.83333333, 0.66666667,
       0.77777778, 0.66666667, 0.66666667])}

split_conformal_naive_AdaBoost full class metrics: {'class_coverage': array([0.89982111, 0.79442509, 0.80035026, 1.        , 0.62765957,
       0.825     , 0.99560922, 0.76608187, 0.5       , 0.67153285,
       0.74576271, 1.        , 0.8488665 , 0.98331347, 1.        ,
       0.80277778, 0.75510204, 0.        ]), 'class_mean_width': array([13.15563506, 11.40766551, 11.57793345, 14.82909931,  9.09574468,
       11.725     , 14.69593853, 11.16081871,  9.375     ,  9.87591241,
       10.70338983, 15.        , 12.21662469, 14.30274136,  9.0625    ,
       11.73055556, 10.40816327, 11.        ]), 'class_median_width': array([15. , 14. , 14. , 15. , 14. , 14. , 15. , 14. , 13.5, 14. , 14. ,
       15. , 14. , 15. , 12. , 14. , 12. , 12. ]), 'class_mean_width_scaled': array([0.73086861, 0.63375919, 0.64321853, 0.82383885, 0.50531915,
       0.65138889, 0.81644103, 0.62004548, 0.52083333, 0.5486618 ,
       0.59463277, 0.83333333, 0.67870137, 0.79459674, 0.50347222,
       0.65169753, 0.57823129, 0.61111111]), 'class_median_width_scaled': array([0.83333333, 0.77777778, 0.77777778, 0.83333333, 0.77777778,
       0.77777778, 0.83333333, 0.77777778, 0.75      , 0.77777778,
       0.77777778, 0.83333333, 0.77777778, 0.83333333, 0.66666667,
       0.77777778, 0.66666667, 0.66666667])}

Job completed at Wed Mar 19 06:24:38 PM PDT 2025
