Starting job at Wed Mar 19 06:24:30 PM PDT 2025
Job parameters:
Dataset: data_chess
UQ Method: split_conformal_naive
Estimator: AdaBoost
Seed: 778
Train Size: 0.8
Running split_conformal_naive on data_chess with seed 778 and train size 0.8

starting experiment

data created

Fitting split_conformal_naive_AdaBoost on data_chess with seed 778

split_conformal_naive_AdaBoost metrics: {'coverage': np.float64(0.9743406985032074), 'mean_width': np.float64(14.802209550962225), 'median_width': np.float64(16.0), 'mean_width_scaled': np.float64(0.8223449750534569), 'median_width_scaled': np.float64(0.8888888888888888)}

split_conformal_naive_AdaBoost full metrics: {'coverage': np.float64(0.9743406985032074), 'mean_width': np.float64(14.802209550962225), 'median_width': np.float64(16.0), 'mean_width_scaled': np.float64(0.8223449750534569), 'median_width_scaled': np.float64(0.8888888888888888)}

split_conformal_naive_AdaBoost class metrics: {'class_coverage': array([0.980322  , 0.9825784 , 0.97898424, 1.        , 0.81914894,
       0.675     , 1.        , 0.97076023, 0.625     , 0.94890511,
       0.86440678, 1.        , 0.97229219, 1.        , 0.4375    ,
       0.98194444, 0.81632653, 0.        ]), 'class_mean_width': array([14.85509839, 14.5087108 , 14.32399299, 15.86143187, 11.64893617,
       12.425     , 15.7453348 , 14.23391813, 13.125     , 14.18248175,
       13.52542373, 16.        , 14.42821159, 15.37663886,  9.9375    ,
       14.35138889, 11.53061224, 13.6       ]), 'class_median_width': array([16., 16., 16., 16., 12., 13., 16., 16., 16., 16., 16., 16., 16.,
       16., 12., 16., 12., 12.]), 'class_mean_width_scaled': array([0.82528324, 0.80603949, 0.79577739, 0.88119066, 0.64716312,
       0.69027778, 0.87474082, 0.79077323, 0.72916667, 0.78791565,
       0.75141243, 0.88888889, 0.80156731, 0.85425771, 0.55208333,
       0.79729938, 0.64058957, 0.75555556]), 'class_median_width_scaled': array([0.88888889, 0.88888889, 0.88888889, 0.88888889, 0.66666667,
       0.72222222, 0.88888889, 0.88888889, 0.88888889, 0.88888889,
       0.88888889, 0.88888889, 0.88888889, 0.88888889, 0.66666667,
       0.88888889, 0.66666667, 0.66666667])}

split_conformal_naive_AdaBoost full class metrics: {'class_coverage': array([0.980322  , 0.9825784 , 0.97898424, 1.        , 0.81914894,
       0.675     , 1.        , 0.97076023, 0.625     , 0.94890511,
       0.86440678, 1.        , 0.97229219, 1.        , 0.4375    ,
       0.98194444, 0.81632653, 0.        ]), 'class_mean_width': array([14.85509839, 14.5087108 , 14.32399299, 15.86143187, 11.64893617,
       12.425     , 15.7453348 , 14.23391813, 13.125     , 14.18248175,
       13.52542373, 16.        , 14.42821159, 15.37663886,  9.9375    ,
       14.35138889, 11.53061224, 13.6       ]), 'class_median_width': array([16., 16., 16., 16., 12., 13., 16., 16., 16., 16., 16., 16., 16.,
       16., 12., 16., 12., 12.]), 'class_mean_width_scaled': array([0.82528324, 0.80603949, 0.79577739, 0.88119066, 0.64716312,
       0.69027778, 0.87474082, 0.79077323, 0.72916667, 0.78791565,
       0.75141243, 0.88888889, 0.80156731, 0.85425771, 0.55208333,
       0.79729938, 0.64058957, 0.75555556]), 'class_median_width_scaled': array([0.88888889, 0.88888889, 0.88888889, 0.88888889, 0.66666667,
       0.72222222, 0.88888889, 0.88888889, 0.88888889, 0.88888889,
       0.88888889, 0.88888889, 0.88888889, 0.88888889, 0.66666667,
       0.88888889, 0.66666667, 0.66666667])}

Job completed at Wed Mar 19 06:24:32 PM PDT 2025
