Starting job at Wed Mar 19 06:24:27 PM PDT 2025
Job parameters:
Dataset: data_chess
UQ Method: split_conformal_naive
Estimator: AdaBoost
Seed: 777
Train Size: 0.8
Running split_conformal_naive on data_chess with seed 777 and train size 0.8

starting experiment

data created

Fitting split_conformal_naive_AdaBoost on data_chess with seed 777

split_conformal_naive_AdaBoost metrics: {'coverage': np.float64(0.9750534568781183), 'mean_width': np.float64(14.837669280114042), 'median_width': np.float64(16.0), 'mean_width_scaled': np.float64(0.8243149600063356), 'median_width_scaled': np.float64(0.8888888888888888)}

split_conformal_naive_AdaBoost full metrics: {'coverage': np.float64(0.9750534568781183), 'mean_width': np.float64(14.837669280114042), 'median_width': np.float64(16.0), 'mean_width_scaled': np.float64(0.8243149600063356), 'median_width_scaled': np.float64(0.8888888888888888)}

split_conformal_naive_AdaBoost class metrics: {'class_coverage': array([0.97853309, 0.98954704, 0.97723292, 1.        , 0.91489362,
       0.75      , 0.99451153, 0.97660819, 0.9375    , 0.93430657,
       0.90677966, 1.        , 0.95465995, 0.9988081 , 0.25      ,
       0.98472222, 0.73469388, 0.        ]), 'class_mean_width': array([14.81037567, 14.72473868, 14.41856392, 15.90993072, 13.04255319,
       13.425     , 15.76728869, 14.47660819, 13.8125    , 14.19708029,
       13.59322034, 16.        , 14.07556675, 15.32896305, 11.5       ,
       14.35      , 10.3877551 , 14.4       ]), 'class_median_width': array([16. , 16. , 16. , 16. , 13. , 14.5, 16. , 16. , 16. , 16. , 16. ,
       16. , 16. , 16. , 12. , 16. , 12. , 16. ]), 'class_mean_width_scaled': array([0.82279865, 0.81804104, 0.80103133, 0.88388504, 0.72458629,
       0.74583333, 0.87596048, 0.80425601, 0.76736111, 0.78872668,
       0.75517891, 0.88888889, 0.78197593, 0.85160906, 0.63888889,
       0.79722222, 0.57709751, 0.8       ]), 'class_median_width_scaled': array([0.88888889, 0.88888889, 0.88888889, 0.88888889, 0.72222222,
       0.80555556, 0.88888889, 0.88888889, 0.88888889, 0.88888889,
       0.88888889, 0.88888889, 0.88888889, 0.88888889, 0.66666667,
       0.88888889, 0.66666667, 0.88888889])}

split_conformal_naive_AdaBoost full class metrics: {'class_coverage': array([0.97853309, 0.98954704, 0.97723292, 1.        , 0.91489362,
       0.75      , 0.99451153, 0.97660819, 0.9375    , 0.93430657,
       0.90677966, 1.        , 0.95465995, 0.9988081 , 0.25      ,
       0.98472222, 0.73469388, 0.        ]), 'class_mean_width': array([14.81037567, 14.72473868, 14.41856392, 15.90993072, 13.04255319,
       13.425     , 15.76728869, 14.47660819, 13.8125    , 14.19708029,
       13.59322034, 16.        , 14.07556675, 15.32896305, 11.5       ,
       14.35      , 10.3877551 , 14.4       ]), 'class_median_width': array([16. , 16. , 16. , 16. , 13. , 14.5, 16. , 16. , 16. , 16. , 16. ,
       16. , 16. , 16. , 12. , 16. , 12. , 16. ]), 'class_mean_width_scaled': array([0.82279865, 0.81804104, 0.80103133, 0.88388504, 0.72458629,
       0.74583333, 0.87596048, 0.80425601, 0.76736111, 0.78872668,
       0.75517891, 0.88888889, 0.78197593, 0.85160906, 0.63888889,
       0.79722222, 0.57709751, 0.8       ]), 'class_median_width_scaled': array([0.88888889, 0.88888889, 0.88888889, 0.88888889, 0.72222222,
       0.80555556, 0.88888889, 0.88888889, 0.88888889, 0.88888889,
       0.88888889, 0.88888889, 0.88888889, 0.88888889, 0.66666667,
       0.88888889, 0.66666667, 0.88888889])}

Job completed at Wed Mar 19 06:24:31 PM PDT 2025
