Starting job at Wed Mar 19 06:24:32 PM PDT 2025
Job parameters:
Dataset: data_chess
UQ Method: split_conformal_naive
Estimator: AdaBoost
Seed: 780
Train Size: 0.8
Running split_conformal_naive on data_chess with seed 780 and train size 0.8

starting experiment

data created

Fitting split_conformal_naive_AdaBoost on data_chess with seed 780

split_conformal_naive_AdaBoost metrics: {'coverage': np.float64(0.8203848895224519), 'mean_width': np.float64(11.87312900926586), 'median_width': np.float64(13.0), 'mean_width_scaled': np.float64(0.6596182782925477), 'median_width_scaled': np.float64(0.7222222222222222)}

split_conformal_naive_AdaBoost full metrics: {'coverage': np.float64(0.8203848895224519), 'mean_width': np.float64(11.87312900926586), 'median_width': np.float64(13.0), 'mean_width_scaled': np.float64(0.6596182782925477), 'median_width_scaled': np.float64(0.7222222222222222)}

split_conformal_naive_AdaBoost class metrics: {'class_coverage': array([0.82647585, 0.72125436, 0.71978984, 1.        , 0.4787234 ,
       0.675     , 0.99670692, 0.72807018, 1.        , 0.7080292 ,
       0.66949153, 1.        , 0.68513854, 0.90703218, 0.125     ,
       0.72083333, 0.71428571, 0.6       ]), 'class_mean_width': array([11.99463327, 10.33449477, 10.49912434, 14.6812933 ,  7.07446809,
        9.1       , 14.3183315 , 10.53508772, 12.5625    , 10.01459854,
        9.27966102, 15.        , 10.06549118, 13.08343266,  4.625     ,
       10.67083333,  6.46938776,  9.6       ]), 'class_median_width': array([15. , 13. , 13. , 15. ,  7.5, 13. , 15. , 13. , 15. , 13. , 13. ,
       15. , 13. , 15. ,  2. , 13. ,  2. , 15. ]), 'class_mean_width_scaled': array([0.66636852, 0.5741386 , 0.58328469, 0.81562741, 0.393026  ,
       0.50555556, 0.79546286, 0.58528265, 0.69791667, 0.55636659,
       0.51553672, 0.83333333, 0.55919395, 0.72685737, 0.25694444,
       0.59282407, 0.35941043, 0.53333333]), 'class_median_width_scaled': array([0.83333333, 0.72222222, 0.72222222, 0.83333333, 0.41666667,
       0.72222222, 0.83333333, 0.72222222, 0.83333333, 0.72222222,
       0.72222222, 0.83333333, 0.72222222, 0.83333333, 0.11111111,
       0.72222222, 0.11111111, 0.83333333])}

split_conformal_naive_AdaBoost full class metrics: {'class_coverage': array([0.82647585, 0.72125436, 0.71978984, 1.        , 0.4787234 ,
       0.675     , 0.99670692, 0.72807018, 1.        , 0.7080292 ,
       0.66949153, 1.        , 0.68513854, 0.90703218, 0.125     ,
       0.72083333, 0.71428571, 0.6       ]), 'class_mean_width': array([11.99463327, 10.33449477, 10.49912434, 14.6812933 ,  7.07446809,
        9.1       , 14.3183315 , 10.53508772, 12.5625    , 10.01459854,
        9.27966102, 15.        , 10.06549118, 13.08343266,  4.625     ,
       10.67083333,  6.46938776,  9.6       ]), 'class_median_width': array([15. , 13. , 13. , 15. ,  7.5, 13. , 15. , 13. , 15. , 13. , 13. ,
       15. , 13. , 15. ,  2. , 13. ,  2. , 15. ]), 'class_mean_width_scaled': array([0.66636852, 0.5741386 , 0.58328469, 0.81562741, 0.393026  ,
       0.50555556, 0.79546286, 0.58528265, 0.69791667, 0.55636659,
       0.51553672, 0.83333333, 0.55919395, 0.72685737, 0.25694444,
       0.59282407, 0.35941043, 0.53333333]), 'class_median_width_scaled': array([0.83333333, 0.72222222, 0.72222222, 0.83333333, 0.41666667,
       0.72222222, 0.83333333, 0.72222222, 0.83333333, 0.72222222,
       0.72222222, 0.83333333, 0.72222222, 0.83333333, 0.11111111,
       0.72222222, 0.11111111, 0.83333333])}

Job completed at Wed Mar 19 06:24:35 PM PDT 2025
