Starting job at Wed Mar 19 06:21:34 PM PDT 2025
Job parameters:
Dataset: data_isolet
UQ Method: split_conformal_aps
Estimator: AdaBoost
Seed: 782
Train Size: 0.8
Running split_conformal_aps on data_isolet with seed 782 and train size 0.8

starting experiment

data created

Fitting split_conformal_aps_AdaBoost on data_isolet with seed 782

split_conformal_aps_AdaBoost metrics: {'coverage': np.float64(0.9737179487179487), 'mean_width': np.float64(20.398717948717948), 'median_width': np.float64(22.0), 'mean_width_scaled': np.float64(0.7845660749506903), 'median_width_scaled': np.float64(0.8461538461538461)}

split_conformal_aps_AdaBoost full metrics: {'coverage': np.float64(0.9737179487179487), 'mean_width': np.float64(20.398717948717948), 'median_width': np.float64(22.0), 'mean_width_scaled': np.float64(0.7845660749506903), 'median_width_scaled': np.float64(0.8461538461538461)}

split_conformal_aps_AdaBoost class metrics: {'class_coverage': array([1.        , 1.        , 1.        , 0.98333333, 1.        ,
       1.        , 1.        , 1.        , 1.        , 1.        ,
       0.88333333, 1.        , 1.        , 1.        , 1.        ,
       0.81666667, 0.86666667, 1.        , 1.        , 1.        ,
       1.        , 1.        , 0.81666667, 1.        , 0.96666667,
       0.98333333]), 'class_mean_width': array([21.78333333, 21.78333333, 21.73333333, 21.81666667, 21.76666667,
       21.66666667, 21.85      , 21.8       , 21.85      , 21.8       ,
        5.38333333, 21.83333333, 21.7       , 21.7       , 21.81666667,
       21.81666667, 13.76666667, 21.83333333, 21.76666667, 21.8       ,
       21.76666667, 21.8       , 19.63333333, 21.93333333, 12.48333333,
       21.48333333]), 'class_median_width': array([22., 22., 22., 22., 22., 22., 22., 22., 22., 22.,  1., 22., 22.,
       22., 22., 22., 21., 22., 22., 22., 22., 22., 24., 22.,  3., 22.]), 'class_mean_width_scaled': array([0.83782051, 0.83782051, 0.83589744, 0.83910256, 0.83717949,
       0.83333333, 0.84038462, 0.83846154, 0.84038462, 0.83846154,
       0.20705128, 0.83974359, 0.83461538, 0.83461538, 0.83910256,
       0.83910256, 0.52948718, 0.83974359, 0.83717949, 0.83846154,
       0.83717949, 0.83846154, 0.75512821, 0.84358974, 0.48012821,
       0.82628205]), 'class_median_width_scaled': array([0.84615385, 0.84615385, 0.84615385, 0.84615385, 0.84615385,
       0.84615385, 0.84615385, 0.84615385, 0.84615385, 0.84615385,
       0.03846154, 0.84615385, 0.84615385, 0.84615385, 0.84615385,
       0.84615385, 0.80769231, 0.84615385, 0.84615385, 0.84615385,
       0.84615385, 0.84615385, 0.92307692, 0.84615385, 0.11538462,
       0.84615385])}

split_conformal_aps_AdaBoost full class metrics: {'class_coverage': array([1.        , 1.        , 1.        , 0.98333333, 1.        ,
       1.        , 1.        , 1.        , 1.        , 1.        ,
       0.88333333, 1.        , 1.        , 1.        , 1.        ,
       0.81666667, 0.86666667, 1.        , 1.        , 1.        ,
       1.        , 1.        , 0.81666667, 1.        , 0.96666667,
       0.98333333]), 'class_mean_width': array([21.78333333, 21.78333333, 21.73333333, 21.81666667, 21.76666667,
       21.66666667, 21.85      , 21.8       , 21.85      , 21.8       ,
        5.38333333, 21.83333333, 21.7       , 21.7       , 21.81666667,
       21.81666667, 13.76666667, 21.83333333, 21.76666667, 21.8       ,
       21.76666667, 21.8       , 19.63333333, 21.93333333, 12.48333333,
       21.48333333]), 'class_median_width': array([22., 22., 22., 22., 22., 22., 22., 22., 22., 22.,  1., 22., 22.,
       22., 22., 22., 21., 22., 22., 22., 22., 22., 24., 22.,  3., 22.]), 'class_mean_width_scaled': array([0.83782051, 0.83782051, 0.83589744, 0.83910256, 0.83717949,
       0.83333333, 0.84038462, 0.83846154, 0.84038462, 0.83846154,
       0.20705128, 0.83974359, 0.83461538, 0.83461538, 0.83910256,
       0.83910256, 0.52948718, 0.83974359, 0.83717949, 0.83846154,
       0.83717949, 0.83846154, 0.75512821, 0.84358974, 0.48012821,
       0.82628205]), 'class_median_width_scaled': array([0.84615385, 0.84615385, 0.84615385, 0.84615385, 0.84615385,
       0.84615385, 0.84615385, 0.84615385, 0.84615385, 0.84615385,
       0.03846154, 0.84615385, 0.84615385, 0.84615385, 0.84615385,
       0.84615385, 0.80769231, 0.84615385, 0.84615385, 0.84615385,
       0.84615385, 0.84615385, 0.92307692, 0.84615385, 0.11538462,
       0.84615385])}

Job completed at Wed Mar 19 06:21:46 PM PDT 2025
