Starting job at Thu Mar 20 05:03:20 PM PDT 2025
Job parameters:
Dataset: data_isolet
UQ Method: split_conformal_aps
Estimator: AdaBoost
Seed: 781
Train Size: 0.8
Running split_conformal_aps on data_isolet with seed 781 and train size 0.8

starting experiment

data created

Fitting split_conformal_aps_AdaBoost on data_isolet with seed 781

split_conformal_aps_AdaBoost metrics: {'coverage': np.float64(0.9391025641025641), 'mean_width': np.float64(19.95576923076923), 'median_width': np.float64(21.0), 'mean_width_scaled': np.float64(0.7675295857988166), 'median_width_scaled': np.float64(0.8076923076923077)}

split_conformal_aps_AdaBoost full metrics: {'coverage': np.float64(0.9391025641025641), 'mean_width': np.float64(19.95576923076923), 'median_width': np.float64(21.0), 'mean_width_scaled': np.float64(0.7675295857988166), 'median_width_scaled': np.float64(0.8076923076923077)}

split_conformal_aps_AdaBoost class metrics: {'class_coverage': array([1.        , 1.        , 0.76666667, 1.        , 1.        ,
       1.        , 1.        , 1.        , 1.        , 1.        ,
       0.95      , 0.        , 1.        , 1.        , 1.        ,
       1.        , 0.9       , 1.        , 1.        , 1.        ,
       1.        , 1.        , 0.85      , 0.98333333, 0.96666667,
       1.        ]), 'class_mean_width': array([20.76666667, 20.76666667, 20.76666667, 20.78333333, 20.83333333,
       20.66666667, 20.8       , 20.78333333, 20.75      , 20.75      ,
        9.21666667, 20.78333333, 20.81666667, 20.75      , 20.6       ,
       20.75      , 17.73333333, 20.8       , 20.81666667, 20.7       ,
       20.73333333, 20.71666667, 17.66666667, 20.76666667, 17.58333333,
       20.75      ]), 'class_median_width': array([21., 21., 21., 21., 21., 21., 21., 21., 21., 21.,  1., 21., 21.,
       21., 21., 21., 18., 21., 21., 21., 21., 21., 18., 21., 18., 21.]), 'class_mean_width_scaled': array([0.79871795, 0.79871795, 0.79871795, 0.79935897, 0.80128205,
       0.79487179, 0.8       , 0.79935897, 0.79807692, 0.79807692,
       0.35448718, 0.79935897, 0.80064103, 0.79807692, 0.79230769,
       0.79807692, 0.68205128, 0.8       , 0.80064103, 0.79615385,
       0.7974359 , 0.79679487, 0.67948718, 0.79871795, 0.67628205,
       0.79807692]), 'class_median_width_scaled': array([0.80769231, 0.80769231, 0.80769231, 0.80769231, 0.80769231,
       0.80769231, 0.80769231, 0.80769231, 0.80769231, 0.80769231,
       0.03846154, 0.80769231, 0.80769231, 0.80769231, 0.80769231,
       0.80769231, 0.69230769, 0.80769231, 0.80769231, 0.80769231,
       0.80769231, 0.80769231, 0.69230769, 0.80769231, 0.69230769,
       0.80769231])}

split_conformal_aps_AdaBoost full class metrics: {'class_coverage': array([1.        , 1.        , 0.76666667, 1.        , 1.        ,
       1.        , 1.        , 1.        , 1.        , 1.        ,
       0.95      , 0.        , 1.        , 1.        , 1.        ,
       1.        , 0.9       , 1.        , 1.        , 1.        ,
       1.        , 1.        , 0.85      , 0.98333333, 0.96666667,
       1.        ]), 'class_mean_width': array([20.76666667, 20.76666667, 20.76666667, 20.78333333, 20.83333333,
       20.66666667, 20.8       , 20.78333333, 20.75      , 20.75      ,
        9.21666667, 20.78333333, 20.81666667, 20.75      , 20.6       ,
       20.75      , 17.73333333, 20.8       , 20.81666667, 20.7       ,
       20.73333333, 20.71666667, 17.66666667, 20.76666667, 17.58333333,
       20.75      ]), 'class_median_width': array([21., 21., 21., 21., 21., 21., 21., 21., 21., 21.,  1., 21., 21.,
       21., 21., 21., 18., 21., 21., 21., 21., 21., 18., 21., 18., 21.]), 'class_mean_width_scaled': array([0.79871795, 0.79871795, 0.79871795, 0.79935897, 0.80128205,
       0.79487179, 0.8       , 0.79935897, 0.79807692, 0.79807692,
       0.35448718, 0.79935897, 0.80064103, 0.79807692, 0.79230769,
       0.79807692, 0.68205128, 0.8       , 0.80064103, 0.79615385,
       0.7974359 , 0.79679487, 0.67948718, 0.79871795, 0.67628205,
       0.79807692]), 'class_median_width_scaled': array([0.80769231, 0.80769231, 0.80769231, 0.80769231, 0.80769231,
       0.80769231, 0.80769231, 0.80769231, 0.80769231, 0.80769231,
       0.03846154, 0.80769231, 0.80769231, 0.80769231, 0.80769231,
       0.80769231, 0.69230769, 0.80769231, 0.80769231, 0.80769231,
       0.80769231, 0.80769231, 0.69230769, 0.80769231, 0.69230769,
       0.80769231])}

Job completed at Thu Mar 20 05:03:34 PM PDT 2025
