Starting job at Thu Mar 20 05:03:24 PM PDT 2025
Job parameters:
Dataset: data_isolet
UQ Method: split_conformal_aps
Estimator: AdaBoost
Seed: 786
Train Size: 0.8
Running split_conformal_aps on data_isolet with seed 786 and train size 0.8

starting experiment

data created

Fitting split_conformal_aps_AdaBoost on data_isolet with seed 786

split_conformal_aps_AdaBoost metrics: {'coverage': np.float64(0.9006410256410257), 'mean_width': np.float64(17.694871794871794), 'median_width': np.float64(20.0), 'mean_width_scaled': np.float64(0.6805719921104536), 'median_width_scaled': np.float64(0.7692307692307693)}

split_conformal_aps_AdaBoost full metrics: {'coverage': np.float64(0.9006410256410257), 'mean_width': np.float64(17.694871794871794), 'median_width': np.float64(20.0), 'mean_width_scaled': np.float64(0.6805719921104536), 'median_width_scaled': np.float64(0.7692307692307693)}

split_conformal_aps_AdaBoost class metrics: {'class_coverage': array([1.        , 1.        , 1.        , 1.        , 1.        ,
       0.98333333, 1.        , 1.        , 0.75      , 1.        ,
       0.98333333, 0.        , 1.        , 1.        , 1.        ,
       1.        , 0.88333333, 1.        , 0.        , 1.        ,
       1.        , 0.98333333, 0.9       , 1.        , 0.93333333,
       1.        ]), 'class_mean_width': array([19.85      , 19.76666667, 19.88333333, 19.78333333, 19.8       ,
       19.48333333, 19.88333333, 19.81666667, 19.75      , 19.83333333,
        5.7       , 19.55      , 19.73333333, 19.78333333, 19.75      ,
       19.75      ,  5.61666667, 19.81666667, 19.8       , 19.93333333,
       19.76666667, 19.5       ,  9.06666667, 19.86666667,  4.83333333,
       19.75      ]), 'class_median_width': array([20., 20., 20., 20., 20., 20., 20., 20., 20., 20.,  1., 20., 20.,
       20., 20., 20.,  4., 20., 20., 20., 20., 20.,  4., 20.,  4., 20.]), 'class_mean_width_scaled': array([0.76346154, 0.76025641, 0.76474359, 0.76089744, 0.76153846,
       0.74935897, 0.76474359, 0.76217949, 0.75961538, 0.76282051,
       0.21923077, 0.75192308, 0.75897436, 0.76089744, 0.75961538,
       0.75961538, 0.21602564, 0.76217949, 0.76153846, 0.76666667,
       0.76025641, 0.75      , 0.34871795, 0.76410256, 0.18589744,
       0.75961538]), 'class_median_width_scaled': array([0.76923077, 0.76923077, 0.76923077, 0.76923077, 0.76923077,
       0.76923077, 0.76923077, 0.76923077, 0.76923077, 0.76923077,
       0.03846154, 0.76923077, 0.76923077, 0.76923077, 0.76923077,
       0.76923077, 0.15384615, 0.76923077, 0.76923077, 0.76923077,
       0.76923077, 0.76923077, 0.15384615, 0.76923077, 0.15384615,
       0.76923077])}

split_conformal_aps_AdaBoost full class metrics: {'class_coverage': array([1.        , 1.        , 1.        , 1.        , 1.        ,
       0.98333333, 1.        , 1.        , 0.75      , 1.        ,
       0.98333333, 0.        , 1.        , 1.        , 1.        ,
       1.        , 0.88333333, 1.        , 0.        , 1.        ,
       1.        , 0.98333333, 0.9       , 1.        , 0.93333333,
       1.        ]), 'class_mean_width': array([19.85      , 19.76666667, 19.88333333, 19.78333333, 19.8       ,
       19.48333333, 19.88333333, 19.81666667, 19.75      , 19.83333333,
        5.7       , 19.55      , 19.73333333, 19.78333333, 19.75      ,
       19.75      ,  5.61666667, 19.81666667, 19.8       , 19.93333333,
       19.76666667, 19.5       ,  9.06666667, 19.86666667,  4.83333333,
       19.75      ]), 'class_median_width': array([20., 20., 20., 20., 20., 20., 20., 20., 20., 20.,  1., 20., 20.,
       20., 20., 20.,  4., 20., 20., 20., 20., 20.,  4., 20.,  4., 20.]), 'class_mean_width_scaled': array([0.76346154, 0.76025641, 0.76474359, 0.76089744, 0.76153846,
       0.74935897, 0.76474359, 0.76217949, 0.75961538, 0.76282051,
       0.21923077, 0.75192308, 0.75897436, 0.76089744, 0.75961538,
       0.75961538, 0.21602564, 0.76217949, 0.76153846, 0.76666667,
       0.76025641, 0.75      , 0.34871795, 0.76410256, 0.18589744,
       0.75961538]), 'class_median_width_scaled': array([0.76923077, 0.76923077, 0.76923077, 0.76923077, 0.76923077,
       0.76923077, 0.76923077, 0.76923077, 0.76923077, 0.76923077,
       0.03846154, 0.76923077, 0.76923077, 0.76923077, 0.76923077,
       0.76923077, 0.15384615, 0.76923077, 0.76923077, 0.76923077,
       0.76923077, 0.76923077, 0.15384615, 0.76923077, 0.15384615,
       0.76923077])}

Job completed at Thu Mar 20 05:03:38 PM PDT 2025
