Starting job at Thu Mar 20 05:03:23 PM PDT 2025
Job parameters:
Dataset: data_isolet
UQ Method: split_conformal_aps
Estimator: AdaBoost
Seed: 783
Train Size: 0.8
Running split_conformal_aps on data_isolet with seed 783 and train size 0.8

starting experiment

data created

Fitting split_conformal_aps_AdaBoost on data_isolet with seed 783

split_conformal_aps_AdaBoost metrics: {'coverage': np.float64(0.9121794871794872), 'mean_width': np.float64(13.678205128205128), 'median_width': np.float64(15.0), 'mean_width_scaled': np.float64(0.5260848126232742), 'median_width_scaled': np.float64(0.5769230769230769)}

split_conformal_aps_AdaBoost full metrics: {'coverage': np.float64(0.9121794871794872), 'mean_width': np.float64(13.678205128205128), 'median_width': np.float64(15.0), 'mean_width_scaled': np.float64(0.5260848126232742), 'median_width_scaled': np.float64(0.5769230769230769)}

split_conformal_aps_AdaBoost class metrics: {'class_coverage': array([1.        , 0.1       , 0.08333333, 0.98333333, 0.98333333,
       1.        , 0.86666667, 1.        , 1.        , 1.        ,
       0.95      , 1.        , 1.        , 1.        , 1.        ,
       1.        , 0.9       , 0.91666667, 1.        , 1.        ,
       1.        , 1.        , 1.        , 0.98333333, 0.98333333,
       0.96666667]), 'class_mean_width': array([14.88333333, 14.76666667, 14.78333333, 12.58333333, 14.75      ,
       14.9       , 12.76666667, 15.        , 15.        , 12.55      ,
        6.56666667, 14.96666667, 15.        , 15.        , 14.96666667,
       14.71666667,  6.56666667, 12.85      , 14.96666667, 14.98333333,
       15.        , 14.98333333, 11.13333333, 14.93333333, 14.38333333,
       12.63333333]), 'class_median_width': array([15. , 15. , 15. , 13. , 15. , 15. , 13. , 15. , 15. , 13. ,  1. ,
       15. , 15. , 15. , 15. , 15. ,  1.5, 13. , 15. , 15. , 15. , 15. ,
       12. , 15. , 16. , 13. ]), 'class_mean_width_scaled': array([0.5724359 , 0.56794872, 0.56858974, 0.48397436, 0.56730769,
       0.57307692, 0.49102564, 0.57692308, 0.57692308, 0.48269231,
       0.2525641 , 0.57564103, 0.57692308, 0.57692308, 0.57564103,
       0.56602564, 0.2525641 , 0.49423077, 0.57564103, 0.57628205,
       0.57692308, 0.57628205, 0.42820513, 0.57435897, 0.55320513,
       0.48589744]), 'class_median_width_scaled': array([0.57692308, 0.57692308, 0.57692308, 0.5       , 0.57692308,
       0.57692308, 0.5       , 0.57692308, 0.57692308, 0.5       ,
       0.03846154, 0.57692308, 0.57692308, 0.57692308, 0.57692308,
       0.57692308, 0.05769231, 0.5       , 0.57692308, 0.57692308,
       0.57692308, 0.57692308, 0.46153846, 0.57692308, 0.61538462,
       0.5       ])}

split_conformal_aps_AdaBoost full class metrics: {'class_coverage': array([1.        , 0.1       , 0.08333333, 0.98333333, 0.98333333,
       1.        , 0.86666667, 1.        , 1.        , 1.        ,
       0.95      , 1.        , 1.        , 1.        , 1.        ,
       1.        , 0.9       , 0.91666667, 1.        , 1.        ,
       1.        , 1.        , 1.        , 0.98333333, 0.98333333,
       0.96666667]), 'class_mean_width': array([14.88333333, 14.76666667, 14.78333333, 12.58333333, 14.75      ,
       14.9       , 12.76666667, 15.        , 15.        , 12.55      ,
        6.56666667, 14.96666667, 15.        , 15.        , 14.96666667,
       14.71666667,  6.56666667, 12.85      , 14.96666667, 14.98333333,
       15.        , 14.98333333, 11.13333333, 14.93333333, 14.38333333,
       12.63333333]), 'class_median_width': array([15. , 15. , 15. , 13. , 15. , 15. , 13. , 15. , 15. , 13. ,  1. ,
       15. , 15. , 15. , 15. , 15. ,  1.5, 13. , 15. , 15. , 15. , 15. ,
       12. , 15. , 16. , 13. ]), 'class_mean_width_scaled': array([0.5724359 , 0.56794872, 0.56858974, 0.48397436, 0.56730769,
       0.57307692, 0.49102564, 0.57692308, 0.57692308, 0.48269231,
       0.2525641 , 0.57564103, 0.57692308, 0.57692308, 0.57564103,
       0.56602564, 0.2525641 , 0.49423077, 0.57564103, 0.57628205,
       0.57692308, 0.57628205, 0.42820513, 0.57435897, 0.55320513,
       0.48589744]), 'class_median_width_scaled': array([0.57692308, 0.57692308, 0.57692308, 0.5       , 0.57692308,
       0.57692308, 0.5       , 0.57692308, 0.57692308, 0.5       ,
       0.03846154, 0.57692308, 0.57692308, 0.57692308, 0.57692308,
       0.57692308, 0.05769231, 0.5       , 0.57692308, 0.57692308,
       0.57692308, 0.57692308, 0.46153846, 0.57692308, 0.61538462,
       0.5       ])}

Job completed at Thu Mar 20 05:03:35 PM PDT 2025
