Starting job at Wed Mar 19 06:28:41 PM PDT 2025
Job parameters:
Dataset: data_dionis
UQ Method: split_conformal_lac
Estimator: RandomForest
Seed: 784
Train Size: 0.8
Running split_conformal_lac on data_dionis with seed 784 and train size 0.8

starting experiment

data created

Fitting split_conformal_lac_RandomForest on data_dionis with seed 784

split_conformal_lac_RandomForest metrics: {'coverage': np.float64(0.8951666666666667), 'mean_width': np.float64(15.188833333333333), 'median_width': np.float64(15.0), 'mean_width_scaled': np.float64(0.042785446009389674), 'median_width_scaled': np.float64(0.04225352112676056)}

split_conformal_lac_RandomForest full metrics: {'coverage': np.float64(0.8951666666666667), 'mean_width': np.float64(15.188833333333333), 'median_width': np.float64(15.0), 'mean_width_scaled': np.float64(0.042785446009389674), 'median_width_scaled': np.float64(0.04225352112676056)}

split_conformal_lac_RandomForest class metrics: {'class_coverage': array([0.92857143, 0.8125    , 0.86666667, 0.95      , 0.92857143,
       0.86666667, 1.        , 0.6       , 0.86666667, 0.83333333,
       0.88888889, 0.93333333, 0.94444444, 0.86666667, 0.93333333,
       0.95      , 0.95      , 1.        , 0.92857143, 0.46666667,
       0.93333333, 0.95833333, 0.9375    , 0.94736842, 0.9375    ,
       1.        , 0.96428571, 1.        , 1.        , 0.83333333,
       1.        , 1.        , 0.94117647, 0.93333333, 0.93333333,
       1.        , 1.        , 0.66666667, 0.92857143, 0.8125    ,
       0.875     , 0.9375    , 0.94117647, 0.53333333, 1.        ,
       0.93333333, 0.77777778, 1.        , 0.78947368, 0.9       ,
       0.86666667, 1.        , 1.        , 0.94444444, 0.94736842,
       0.6       , 0.86666667, 0.73333333, 0.85714286, 0.93333333,
       1.        , 1.        , 0.94736842, 0.92857143, 1.        ,
       0.94117647, 0.94117647, 0.82352941, 0.84210526, 0.71428571,
       0.78571429, 0.9047619 , 0.8125    , 0.86666667, 0.86666667,
       0.8       , 1.        , 1.        , 0.6       , 0.9375    ,
       0.94736842, 0.9047619 , 1.        , 0.94117647, 1.        ,
       1.        , 0.89473684, 0.8       , 0.57142857, 0.8125    ,
       0.93333333, 0.875     , 1.        , 0.66666667, 0.9375    ,
       1.        , 0.94117647, 1.        , 0.61538462, 0.94736842,
       0.9375    , 0.66666667, 0.86666667, 0.625     , 0.82352941,
       0.86666667, 0.8       , 0.875     , 1.        , 1.        ,
       0.93333333, 0.93333333, 0.57142857, 0.73333333, 0.6       ,
       1.        , 0.85714286, 1.        , 1.        , 0.73333333,
       1.        , 0.875     , 1.        , 0.94444444, 0.9375    ,
       0.57894737, 0.85714286, 0.88235294, 0.9375    , 1.        ,
       1.        , 1.        , 0.73333333, 0.92857143, 1.        ,
       0.93333333, 0.93333333, 1.        , 1.        , 0.9375    ,
       0.53333333, 0.93333333, 0.73333333, 0.93333333, 1.        ,
       0.94736842, 0.86666667, 0.93333333, 0.64285714, 0.9375    ,
       0.94444444, 1.        , 1.        , 1.        , 0.76470588,
       0.88888889, 0.95454545, 0.9047619 , 0.86666667, 1.        ,
       0.75      , 1.        , 0.64285714, 0.93333333, 0.73333333,
       0.94736842, 0.66666667, 0.94117647, 0.66666667, 0.94444444,
       0.88235294, 0.875     , 0.91304348, 0.93333333, 1.        ,
       0.73333333, 0.8       , 0.9375    , 1.        , 1.        ,
       0.75      , 0.6875    , 1.        , 0.93333333, 0.86666667,
       1.        , 0.5625    , 0.9375    , 1.        , 1.        ,
       0.88235294, 0.8       , 0.93333333, 1.        , 0.85      ,
       1.        , 0.94117647, 0.93333333, 0.66666667, 0.83333333,
       0.93333333, 0.66666667, 1.        , 0.9375    , 0.9047619 ,
       0.89473684, 0.95454545, 1.        , 1.        , 1.        ,
       0.92857143, 0.75      , 0.85      , 0.93333333, 0.8125    ,
       0.94736842, 0.75      , 0.8       , 0.8125    , 0.95238095,
       0.94117647, 0.9375    , 0.9375    , 0.8125    , 0.92307692,
       0.86666667, 0.86666667, 0.85714286, 0.93333333, 0.9375    ,
       0.9047619 , 1.        , 1.        , 1.        , 0.94117647,
       1.        , 1.        , 0.9375    , 0.66666667, 0.86666667,
       1.        , 1.        , 0.94444444, 1.        , 1.        ,
       0.8125    , 1.        , 0.8125    , 0.9375    , 1.        ,
       0.75      , 0.71428571, 0.92857143, 0.94444444, 0.8       ,
       0.8       , 0.94444444, 0.78947368, 0.95238095, 1.        ,
       0.85      , 0.6875    , 1.        , 1.        , 1.        ,
       0.9375    , 0.94117647, 1.        , 0.88888889, 0.57142857,
       0.93333333, 0.94117647, 1.        , 0.86666667, 1.        ,
       1.        , 0.88888889, 0.6875    , 0.92307692, 0.86666667,
       0.86666667, 1.        , 0.73333333, 1.        , 0.73333333,
       0.94117647, 0.94444444, 0.8       , 0.82608696, 1.        ,
       1.        , 0.9       , 1.        , 0.9375    , 0.875     ,
       0.78571429, 1.        , 0.95833333, 0.75      , 0.86666667,
       0.85714286, 1.        , 0.93333333, 0.78571429, 0.6       ,
       0.8       , 0.75      , 1.        , 1.        , 0.94444444,
       0.88888889, 1.        , 0.78571429, 0.82608696, 0.9       ,
       0.90909091, 1.        , 0.85714286, 0.85714286, 0.9       ,
       0.94736842, 0.75      , 0.90909091, 0.875     , 1.        ,
       0.93333333, 0.6       , 0.9375    , 0.86666667, 0.77777778,
       0.93333333, 1.        , 1.        , 0.86666667, 0.94117647,
       0.90909091, 0.92307692, 0.86666667, 0.76470588, 0.94117647,
       1.        , 0.9375    , 0.86666667, 0.8125    , 0.93333333,
       1.        , 0.875     , 0.66666667, 0.93333333, 0.84615385,
       1.        , 0.94117647, 0.73684211, 1.        , 1.        ]), 'class_mean_width': array([14.64285714, 16.125     , 14.93333333, 13.35      , 13.5       ,
       18.26666667, 12.61111111, 18.13333333, 14.2       , 19.33333333,
       14.66666667, 14.93333333, 14.33333333, 15.93333333, 14.93333333,
       11.85      , 14.5       , 12.47368421, 17.71428571, 17.8       ,
       17.46666667, 15.79166667, 11.625     , 15.31578947, 14.25      ,
       11.41666667, 11.67857143, 14.6       , 14.46153846, 17.11111111,
       15.57894737, 15.53333333, 13.58823529, 18.53333333, 19.06666667,
       15.        , 14.14285714, 18.26666667, 10.57142857, 13.8125    ,
       16.375     , 18.625     , 13.70588235, 17.6       , 16.8       ,
       16.2       , 13.83333333,  9.        , 15.89473684, 15.4       ,
       16.6       , 15.52941176, 16.94117647, 12.55555556, 13.94736842,
       15.73333333, 15.6       , 17.6       , 17.78571429, 16.46666667,
       15.        , 11.6875    , 13.52631579, 13.57142857, 16.        ,
       14.17647059, 16.11764706, 15.52941176, 14.42105263, 17.28571429,
       17.07142857, 12.0952381 , 16.6875    , 16.26666667, 13.26666667,
       19.86666667, 16.        , 12.73684211, 19.93333333, 12.        ,
       16.42105263, 16.42857143, 18.        , 13.05882353, 14.5625    ,
       13.        , 12.36842105, 16.86666667, 16.42857143, 14.625     ,
       13.6       , 16.875     , 11.70588235, 14.93333333, 20.25      ,
       11.78947368, 13.94117647, 17.66666667, 18.11538462, 14.42105263,
       16.4375    , 18.13333333, 15.86666667, 19.125     , 16.58823529,
       17.4       , 16.26666667, 13.3125    , 14.15384615, 14.57894737,
       19.4       , 16.8       , 17.42857143, 16.        , 19.4       ,
       13.6875    , 19.14285714, 15.625     , 14.8       , 14.13333333,
        9.63157895, 16.875     , 11.08      , 13.77777778, 14.25      ,
       17.31578947, 16.14285714, 17.82352941, 14.3125    , 14.58823529,
       16.1       , 14.        , 17.13333333, 16.14285714, 11.        ,
       16.73333333, 18.2       , 14.27777778, 16.93333333, 14.5625    ,
       14.4       , 16.6       , 18.26666667, 16.8       , 12.34782609,
       18.05263158, 18.2       , 12.73333333, 17.64285714, 15.625     ,
       15.11111111, 16.38888889, 15.70588235, 15.125     , 19.52941176,
       16.38888889, 11.18181818, 17.9047619 , 18.06666667, 15.        ,
       18.3125    , 14.78947368, 18.35714286, 14.33333333, 16.93333333,
       15.        , 17.26666667, 14.29411765, 14.93333333, 16.5       ,
       12.41176471, 14.375     , 15.69565217, 16.46666667, 10.0625    ,
       17.        , 18.73333333, 14.75      , 15.86666667, 14.2       ,
       16.0625    , 17.5625    , 12.8125    , 17.33333333, 14.86666667,
        9.4       , 18.375     , 15.75      , 11.0625    , 13.38888889,
       17.64705882, 15.6       , 15.93333333, 14.4       , 15.        ,
       10.47058824, 12.47058824, 15.26666667, 19.46666667, 15.72222222,
       17.13333333, 17.4       , 10.9375    , 17.1875    , 13.47619048,
       14.73684211, 14.27272727, 14.86666667, 13.19047619, 15.66666667,
       11.07142857, 16.75      , 15.65      , 11.13333333, 13.375     ,
       11.68421053, 18.0625    , 15.33333333, 15.375     , 15.33333333,
       14.41176471, 14.375     , 15.75      , 15.375     , 16.53846154,
       15.2       , 17.53333333, 14.78571429, 15.53333333, 15.8125    ,
       13.23809524, 17.83333333, 15.5       , 14.64705882, 14.05882353,
        9.33333333, 14.        , 16.625     , 13.73333333, 15.73333333,
       13.53333333, 12.68181818, 17.33333333, 13.65      , 13.03571429,
       17.25      , 15.21428571, 16.8125    , 11.5625    , 11.31818182,
       17.9375    , 16.85714286, 15.28571429, 14.94444444, 18.64      ,
       16.13333333, 16.77777778, 17.84210526, 14.66666667, 11.4       ,
       12.7       , 16.6875    , 14.53333333, 14.53333333, 11.26666667,
       16.25      , 15.70588235, 14.6       , 10.81481481, 16.71428571,
       16.66666667, 16.29411765, 16.13333333, 18.53333333, 11.9047619 ,
       13.8125    , 10.94444444, 14.125     , 17.53846154, 16.53333333,
       15.        , 16.2       , 19.46666667, 11.39130435, 18.        ,
       12.44117647, 12.88888889, 14.93333333, 17.47826087, 17.6875    ,
       12.77777778, 16.95      , 10.52173913, 15.        , 16.6875    ,
       16.78571429, 16.6875    , 16.25      , 14.4375    , 15.13333333,
       17.07142857, 16.46666667, 18.        , 15.        , 17.2       ,
       11.8       , 17.9375    , 13.93333333, 14.13333333, 14.94444444,
       12.33333333, 14.06666667, 18.71428571, 12.26086957, 15.05      ,
       14.68181818, 14.78947368, 15.14285714, 16.07142857, 15.35      ,
       14.63157895, 15.9375    , 13.59090909, 18.5       , 13.5       ,
       15.73333333, 17.66666667, 15.5       , 15.73333333, 17.77777778,
       15.8       , 13.66666667, 15.375     , 14.8       , 14.64705882,
       16.90909091, 15.84615385, 14.53333333, 17.88235294, 17.29411765,
       13.56521739, 16.25      , 15.8       , 17.875     , 16.8       ,
       10.22222222, 17.1875    , 18.13333333, 16.93333333, 17.38461538,
       17.35714286, 14.88235294, 16.21052632, 13.21052632, 14.27777778]), 'class_median_width': array([15. , 16. , 15. , 14. , 14.5, 18. , 12.5, 17. , 13. , 19. , 14.5,
       15. , 13.5, 17. , 15. , 12. , 14.5, 13. , 18.5, 18. , 18. , 16. ,
       10. , 15. , 15. , 12. , 12. , 15. , 14. , 17.5, 16. , 15. , 13. ,
       17. , 19. , 14.5, 13.5, 17. ,  9.5, 13. , 16. , 18.5, 14. , 17. ,
       17. , 16. , 13. ,  8. , 17. , 14. , 16. , 17. , 16. , 12. , 13. ,
       15. , 16. , 18. , 17. , 18. , 13. , 11.5, 13. , 13. , 15. , 15. ,
       15. , 15. , 14. , 18. , 17.5, 11. , 16.5, 16. , 14. , 19. , 16. ,
       13. , 19. , 12.5, 17. , 16. , 18. , 13. , 14. , 12. , 11. , 18. ,
       16. , 13.5, 13. , 16.5, 11. , 14. , 20.5, 11. , 13. , 18. , 18. ,
       15. , 17.5, 18. , 16. , 21. , 16. , 18. , 16. , 13. , 14. , 14. ,
       19. , 16. , 17. , 15. , 19. , 14. , 18. , 16. , 16. , 14. ,  8. ,
       17.5, 11. , 13. , 13. , 18. , 15.5, 18. , 14.5, 14. , 16.5, 14. ,
       17. , 16. , 10. , 18. , 18. , 15. , 17. , 14.5, 13. , 17. , 18. ,
       16. , 13. , 17. , 19. , 12. , 18.5, 16. , 15. , 16. , 15. , 14.5,
       20. , 16.5, 11. , 17. , 17. , 14. , 18. , 15. , 19. , 14. , 17. ,
       14. , 18. , 13. , 15. , 15.5, 12. , 15. , 16. , 17. ,  8. , 17. ,
       19. , 14. , 17. , 14. , 15.5, 17.5, 12.5, 18. , 15. ,  9. , 18.5,
       15. ,  9. , 13. , 17. , 16. , 16. , 14. , 14.5, 11. , 13. , 15. ,
       19. , 14.5, 17. , 18. , 10. , 18. , 12. , 15. , 16. , 16. , 14. ,
       14. , 10.5, 16.5, 16. , 11. , 12. , 10. , 17. , 15. , 16. , 15. ,
       14. , 13. , 16. , 15. , 18. , 14. , 18. , 15.5, 16. , 14.5, 13. ,
       18. , 16. , 15. , 14. ,  9. , 15. , 17.5, 13. , 15. , 13. , 12.5,
       17.5, 14. , 13.5, 17. , 15.5, 16.5, 10.5, 10.5, 18. , 17. , 14.5,
       14.5, 19. , 16. , 16.5, 18. , 14. , 10.5, 14. , 16.5, 14. , 14. ,
        9. , 17. , 16. , 13.5, 10. , 17. , 17. , 16. , 17. , 19. , 11. ,
       14. ,  9.5, 14. , 19. , 17. , 15. , 15. , 20. , 11. , 19. , 12. ,
       12.5, 15. , 20. , 17. , 11.5, 16.5, 11. , 15. , 18. , 16. , 17.5,
       16. , 14.5, 16. , 17.5, 16. , 18. , 15.5, 17. , 11. , 18. , 15. ,
       14. , 15. , 11.5, 13. , 18. , 11. , 15.5, 15. , 14. , 15. , 16. ,
       16.5, 14. , 16. , 13. , 18.5, 14. , 16. , 17. , 16.5, 15. , 18. ,
       16. , 12. , 15.5, 16. , 16. , 16. , 16. , 14. , 17. , 17. , 11. ,
       17. , 15. , 20.5, 18. , 10. , 16.5, 18. , 17. , 16. , 18. , 15. ,
       18. , 13. , 14. ]), 'class_mean_width_scaled': array([0.04124748, 0.04542254, 0.04206573, 0.03760563, 0.03802817,
       0.0514554 , 0.03552426, 0.05107981, 0.04      , 0.05446009,
       0.04131455, 0.04206573, 0.04037559, 0.04488263, 0.04206573,
       0.03338028, 0.04084507, 0.03513714, 0.0498994 , 0.05014085,
       0.04920188, 0.04448357, 0.03274648, 0.04314307, 0.04014085,
       0.03215962, 0.03289738, 0.04112676, 0.04073673, 0.04820031,
       0.04388436, 0.04375587, 0.03827672, 0.05220657, 0.05370892,
       0.04225352, 0.03983903, 0.0514554 , 0.02977867, 0.03890845,
       0.04612676, 0.05246479, 0.03860812, 0.04957746, 0.04732394,
       0.0456338 , 0.03896714, 0.02535211, 0.04477391, 0.04338028,
       0.04676056, 0.04374482, 0.04772162, 0.03536776, 0.03928836,
       0.04431925, 0.04394366, 0.04957746, 0.0501006 , 0.04638498,
       0.04225352, 0.03292254, 0.0381023 , 0.03822938, 0.04507042,
       0.03993372, 0.04540182, 0.04374482, 0.04062268, 0.04869215,
       0.04808853, 0.03407109, 0.04700704, 0.0458216 , 0.03737089,
       0.05596244, 0.04507042, 0.03587843, 0.05615023, 0.03380282,
       0.04625649, 0.04627767, 0.05070423, 0.03678542, 0.04102113,
       0.03661972, 0.03484062, 0.04751174, 0.04627767, 0.04119718,
       0.03830986, 0.04753521, 0.03297432, 0.04206573, 0.05704225,
       0.03320979, 0.03927092, 0.04976526, 0.05102925, 0.04062268,
       0.04630282, 0.05107981, 0.04469484, 0.05387324, 0.04672742,
       0.04901408, 0.0458216 , 0.0375    , 0.03986999, 0.04106746,
       0.05464789, 0.04732394, 0.04909457, 0.04507042, 0.05464789,
       0.03855634, 0.05392354, 0.04401408, 0.04169014, 0.03981221,
       0.02713121, 0.04753521, 0.03121127, 0.03881064, 0.04014085,
       0.04877687, 0.04547284, 0.05020713, 0.0403169 , 0.04109362,
       0.04535211, 0.03943662, 0.04826291, 0.04547284, 0.03098592,
       0.04713615, 0.05126761, 0.04021909, 0.04769953, 0.04102113,
       0.04056338, 0.04676056, 0.0514554 , 0.04732394, 0.03478261,
       0.05085248, 0.05126761, 0.03586854, 0.04969819, 0.04401408,
       0.04256651, 0.04616588, 0.04424192, 0.04260563, 0.05501243,
       0.04616588, 0.03149808, 0.05043595, 0.05089202, 0.04225352,
       0.05158451, 0.04166049, 0.05171026, 0.04037559, 0.04769953,
       0.04225352, 0.0486385 , 0.04026512, 0.04206573, 0.04647887,
       0.03496272, 0.04049296, 0.0442131 , 0.04638498, 0.02834507,
       0.04788732, 0.05276995, 0.0415493 , 0.04469484, 0.04      ,
       0.04524648, 0.04947183, 0.03609155, 0.04882629, 0.04187793,
       0.02647887, 0.05176056, 0.0443662 , 0.03116197, 0.03771518,
       0.04971002, 0.04394366, 0.04488263, 0.04056338, 0.04225352,
       0.02949461, 0.03512842, 0.04300469, 0.05483568, 0.04428795,
       0.04826291, 0.04901408, 0.03080986, 0.04841549, 0.0379611 ,
       0.04151223, 0.04020487, 0.04187793, 0.03715627, 0.04413146,
       0.03118712, 0.0471831 , 0.04408451, 0.0313615 , 0.03767606,
       0.03291327, 0.05088028, 0.04319249, 0.04330986, 0.04319249,
       0.04059652, 0.04049296, 0.0443662 , 0.04330986, 0.04658722,
       0.0428169 , 0.04938967, 0.0416499 , 0.04375587, 0.04454225,
       0.03729041, 0.05023474, 0.04366197, 0.04125932, 0.03960232,
       0.02629108, 0.03943662, 0.04683099, 0.03868545, 0.04431925,
       0.03812207, 0.03572343, 0.04882629, 0.0384507 , 0.03672032,
       0.04859155, 0.04285714, 0.04735915, 0.03257042, 0.0318822 ,
       0.05052817, 0.04748491, 0.04305835, 0.04209703, 0.05250704,
       0.04544601, 0.04726135, 0.05025945, 0.04131455, 0.03211268,
       0.03577465, 0.04700704, 0.04093897, 0.04093897, 0.03173709,
       0.04577465, 0.04424192, 0.04112676, 0.03046427, 0.04708249,
       0.04694836, 0.04589892, 0.04544601, 0.05220657, 0.03353454,
       0.03890845, 0.03082942, 0.03978873, 0.04940412, 0.04657277,
       0.04225352, 0.0456338 , 0.05483568, 0.03208818, 0.05070423,
       0.03504557, 0.03630673, 0.04206573, 0.04923454, 0.04982394,
       0.03599374, 0.04774648, 0.0296387 , 0.04225352, 0.04700704,
       0.0472837 , 0.04700704, 0.04577465, 0.04066901, 0.04262911,
       0.04808853, 0.04638498, 0.05070423, 0.04225352, 0.0484507 ,
       0.03323944, 0.05052817, 0.03924883, 0.03981221, 0.04209703,
       0.03474178, 0.03962441, 0.0527163 , 0.03453766, 0.04239437,
       0.04135723, 0.04166049, 0.04265594, 0.04527163, 0.04323944,
       0.04121572, 0.04489437, 0.03828425, 0.05211268, 0.03802817,
       0.04431925, 0.04976526, 0.04366197, 0.04431925, 0.05007825,
       0.04450704, 0.03849765, 0.04330986, 0.04169014, 0.04125932,
       0.04763124, 0.04463705, 0.04093897, 0.05037283, 0.04871582,
       0.03821188, 0.04577465, 0.04450704, 0.05035211, 0.04732394,
       0.02879499, 0.04841549, 0.05107981, 0.04769953, 0.04897075,
       0.04889336, 0.04192212, 0.04566345, 0.03721275, 0.04021909]), 'class_median_width_scaled': array([0.04225352, 0.04507042, 0.04225352, 0.03943662, 0.04084507,
       0.05070423, 0.03521127, 0.04788732, 0.03661972, 0.05352113,
       0.04084507, 0.04225352, 0.03802817, 0.04788732, 0.04225352,
       0.03380282, 0.04084507, 0.03661972, 0.05211268, 0.05070423,
       0.05070423, 0.04507042, 0.02816901, 0.04225352, 0.04225352,
       0.03380282, 0.03380282, 0.04225352, 0.03943662, 0.04929577,
       0.04507042, 0.04225352, 0.03661972, 0.04788732, 0.05352113,
       0.04084507, 0.03802817, 0.04788732, 0.02676056, 0.03661972,
       0.04507042, 0.05211268, 0.03943662, 0.04788732, 0.04788732,
       0.04507042, 0.03661972, 0.02253521, 0.04788732, 0.03943662,
       0.04507042, 0.04788732, 0.04507042, 0.03380282, 0.03661972,
       0.04225352, 0.04507042, 0.05070423, 0.04788732, 0.05070423,
       0.03661972, 0.03239437, 0.03661972, 0.03661972, 0.04225352,
       0.04225352, 0.04225352, 0.04225352, 0.03943662, 0.05070423,
       0.04929577, 0.03098592, 0.04647887, 0.04507042, 0.03943662,
       0.05352113, 0.04507042, 0.03661972, 0.05352113, 0.03521127,
       0.04788732, 0.04507042, 0.05070423, 0.03661972, 0.03943662,
       0.03380282, 0.03098592, 0.05070423, 0.04507042, 0.03802817,
       0.03661972, 0.04647887, 0.03098592, 0.03943662, 0.05774648,
       0.03098592, 0.03661972, 0.05070423, 0.05070423, 0.04225352,
       0.04929577, 0.05070423, 0.04507042, 0.05915493, 0.04507042,
       0.05070423, 0.04507042, 0.03661972, 0.03943662, 0.03943662,
       0.05352113, 0.04507042, 0.04788732, 0.04225352, 0.05352113,
       0.03943662, 0.05070423, 0.04507042, 0.04507042, 0.03943662,
       0.02253521, 0.04929577, 0.03098592, 0.03661972, 0.03661972,
       0.05070423, 0.04366197, 0.05070423, 0.04084507, 0.03943662,
       0.04647887, 0.03943662, 0.04788732, 0.04507042, 0.02816901,
       0.05070423, 0.05070423, 0.04225352, 0.04788732, 0.04084507,
       0.03661972, 0.04788732, 0.05070423, 0.04507042, 0.03661972,
       0.04788732, 0.05352113, 0.03380282, 0.05211268, 0.04507042,
       0.04225352, 0.04507042, 0.04225352, 0.04084507, 0.05633803,
       0.04647887, 0.03098592, 0.04788732, 0.04788732, 0.03943662,
       0.05070423, 0.04225352, 0.05352113, 0.03943662, 0.04788732,
       0.03943662, 0.05070423, 0.03661972, 0.04225352, 0.04366197,
       0.03380282, 0.04225352, 0.04507042, 0.04788732, 0.02253521,
       0.04788732, 0.05352113, 0.03943662, 0.04788732, 0.03943662,
       0.04366197, 0.04929577, 0.03521127, 0.05070423, 0.04225352,
       0.02535211, 0.05211268, 0.04225352, 0.02535211, 0.03661972,
       0.04788732, 0.04507042, 0.04507042, 0.03943662, 0.04084507,
       0.03098592, 0.03661972, 0.04225352, 0.05352113, 0.04084507,
       0.04788732, 0.05070423, 0.02816901, 0.05070423, 0.03380282,
       0.04225352, 0.04507042, 0.04507042, 0.03943662, 0.03943662,
       0.02957746, 0.04647887, 0.04507042, 0.03098592, 0.03380282,
       0.02816901, 0.04788732, 0.04225352, 0.04507042, 0.04225352,
       0.03943662, 0.03661972, 0.04507042, 0.04225352, 0.05070423,
       0.03943662, 0.05070423, 0.04366197, 0.04507042, 0.04084507,
       0.03661972, 0.05070423, 0.04507042, 0.04225352, 0.03943662,
       0.02535211, 0.04225352, 0.04929577, 0.03661972, 0.04225352,
       0.03661972, 0.03521127, 0.04929577, 0.03943662, 0.03802817,
       0.04788732, 0.04366197, 0.04647887, 0.02957746, 0.02957746,
       0.05070423, 0.04788732, 0.04084507, 0.04084507, 0.05352113,
       0.04507042, 0.04647887, 0.05070423, 0.03943662, 0.02957746,
       0.03943662, 0.04647887, 0.03943662, 0.03943662, 0.02535211,
       0.04788732, 0.04507042, 0.03802817, 0.02816901, 0.04788732,
       0.04788732, 0.04507042, 0.04788732, 0.05352113, 0.03098592,
       0.03943662, 0.02676056, 0.03943662, 0.05352113, 0.04788732,
       0.04225352, 0.04225352, 0.05633803, 0.03098592, 0.05352113,
       0.03380282, 0.03521127, 0.04225352, 0.05633803, 0.04788732,
       0.03239437, 0.04647887, 0.03098592, 0.04225352, 0.05070423,
       0.04507042, 0.04929577, 0.04507042, 0.04084507, 0.04507042,
       0.04929577, 0.04507042, 0.05070423, 0.04366197, 0.04788732,
       0.03098592, 0.05070423, 0.04225352, 0.03943662, 0.04225352,
       0.03239437, 0.03661972, 0.05070423, 0.03098592, 0.04366197,
       0.04225352, 0.03943662, 0.04225352, 0.04507042, 0.04647887,
       0.03943662, 0.04507042, 0.03661972, 0.05211268, 0.03943662,
       0.04507042, 0.04788732, 0.04647887, 0.04225352, 0.05070423,
       0.04507042, 0.03380282, 0.04366197, 0.04507042, 0.04507042,
       0.04507042, 0.04507042, 0.03943662, 0.04788732, 0.04788732,
       0.03098592, 0.04788732, 0.04225352, 0.05774648, 0.05070423,
       0.02816901, 0.04647887, 0.05070423, 0.04788732, 0.04507042,
       0.05070423, 0.04225352, 0.05070423, 0.03661972, 0.03943662])}

split_conformal_lac_RandomForest full class metrics: {'class_coverage': array([0.92857143, 0.8125    , 0.86666667, 0.95      , 0.92857143,
       0.86666667, 1.        , 0.6       , 0.86666667, 0.83333333,
       0.88888889, 0.93333333, 0.94444444, 0.86666667, 0.93333333,
       0.95      , 0.95      , 1.        , 0.92857143, 0.46666667,
       0.93333333, 0.95833333, 0.9375    , 0.94736842, 0.9375    ,
       1.        , 0.96428571, 1.        , 1.        , 0.83333333,
       1.        , 1.        , 0.94117647, 0.93333333, 0.93333333,
       1.        , 1.        , 0.66666667, 0.92857143, 0.8125    ,
       0.875     , 0.9375    , 0.94117647, 0.53333333, 1.        ,
       0.93333333, 0.77777778, 1.        , 0.78947368, 0.9       ,
       0.86666667, 1.        , 1.        , 0.94444444, 0.94736842,
       0.6       , 0.86666667, 0.73333333, 0.85714286, 0.93333333,
       1.        , 1.        , 0.94736842, 0.92857143, 1.        ,
       0.94117647, 0.94117647, 0.82352941, 0.84210526, 0.71428571,
       0.78571429, 0.9047619 , 0.8125    , 0.86666667, 0.86666667,
       0.8       , 1.        , 1.        , 0.6       , 0.9375    ,
       0.94736842, 0.9047619 , 1.        , 0.94117647, 1.        ,
       1.        , 0.89473684, 0.8       , 0.57142857, 0.8125    ,
       0.93333333, 0.875     , 1.        , 0.66666667, 0.9375    ,
       1.        , 0.94117647, 1.        , 0.61538462, 0.94736842,
       0.9375    , 0.66666667, 0.86666667, 0.625     , 0.82352941,
       0.86666667, 0.8       , 0.875     , 1.        , 1.        ,
       0.93333333, 0.93333333, 0.57142857, 0.73333333, 0.6       ,
       1.        , 0.85714286, 1.        , 1.        , 0.73333333,
       1.        , 0.875     , 1.        , 0.94444444, 0.9375    ,
       0.57894737, 0.85714286, 0.88235294, 0.9375    , 1.        ,
       1.        , 1.        , 0.73333333, 0.92857143, 1.        ,
       0.93333333, 0.93333333, 1.        , 1.        , 0.9375    ,
       0.53333333, 0.93333333, 0.73333333, 0.93333333, 1.        ,
       0.94736842, 0.86666667, 0.93333333, 0.64285714, 0.9375    ,
       0.94444444, 1.        , 1.        , 1.        , 0.76470588,
       0.88888889, 0.95454545, 0.9047619 , 0.86666667, 1.        ,
       0.75      , 1.        , 0.64285714, 0.93333333, 0.73333333,
       0.94736842, 0.66666667, 0.94117647, 0.66666667, 0.94444444,
       0.88235294, 0.875     , 0.91304348, 0.93333333, 1.        ,
       0.73333333, 0.8       , 0.9375    , 1.        , 1.        ,
       0.75      , 0.6875    , 1.        , 0.93333333, 0.86666667,
       1.        , 0.5625    , 0.9375    , 1.        , 1.        ,
       0.88235294, 0.8       , 0.93333333, 1.        , 0.85      ,
       1.        , 0.94117647, 0.93333333, 0.66666667, 0.83333333,
       0.93333333, 0.66666667, 1.        , 0.9375    , 0.9047619 ,
       0.89473684, 0.95454545, 1.        , 1.        , 1.        ,
       0.92857143, 0.75      , 0.85      , 0.93333333, 0.8125    ,
       0.94736842, 0.75      , 0.8       , 0.8125    , 0.95238095,
       0.94117647, 0.9375    , 0.9375    , 0.8125    , 0.92307692,
       0.86666667, 0.86666667, 0.85714286, 0.93333333, 0.9375    ,
       0.9047619 , 1.        , 1.        , 1.        , 0.94117647,
       1.        , 1.        , 0.9375    , 0.66666667, 0.86666667,
       1.        , 1.        , 0.94444444, 1.        , 1.        ,
       0.8125    , 1.        , 0.8125    , 0.9375    , 1.        ,
       0.75      , 0.71428571, 0.92857143, 0.94444444, 0.8       ,
       0.8       , 0.94444444, 0.78947368, 0.95238095, 1.        ,
       0.85      , 0.6875    , 1.        , 1.        , 1.        ,
       0.9375    , 0.94117647, 1.        , 0.88888889, 0.57142857,
       0.93333333, 0.94117647, 1.        , 0.86666667, 1.        ,
       1.        , 0.88888889, 0.6875    , 0.92307692, 0.86666667,
       0.86666667, 1.        , 0.73333333, 1.        , 0.73333333,
       0.94117647, 0.94444444, 0.8       , 0.82608696, 1.        ,
       1.        , 0.9       , 1.        , 0.9375    , 0.875     ,
       0.78571429, 1.        , 0.95833333, 0.75      , 0.86666667,
       0.85714286, 1.        , 0.93333333, 0.78571429, 0.6       ,
       0.8       , 0.75      , 1.        , 1.        , 0.94444444,
       0.88888889, 1.        , 0.78571429, 0.82608696, 0.9       ,
       0.90909091, 1.        , 0.85714286, 0.85714286, 0.9       ,
       0.94736842, 0.75      , 0.90909091, 0.875     , 1.        ,
       0.93333333, 0.6       , 0.9375    , 0.86666667, 0.77777778,
       0.93333333, 1.        , 1.        , 0.86666667, 0.94117647,
       0.90909091, 0.92307692, 0.86666667, 0.76470588, 0.94117647,
       1.        , 0.9375    , 0.86666667, 0.8125    , 0.93333333,
       1.        , 0.875     , 0.66666667, 0.93333333, 0.84615385,
       1.        , 0.94117647, 0.73684211, 1.        , 1.        ]), 'class_mean_width': array([14.64285714, 16.125     , 14.93333333, 13.35      , 13.5       ,
       18.26666667, 12.61111111, 18.13333333, 14.2       , 19.33333333,
       14.66666667, 14.93333333, 14.33333333, 15.93333333, 14.93333333,
       11.85      , 14.5       , 12.47368421, 17.71428571, 17.8       ,
       17.46666667, 15.79166667, 11.625     , 15.31578947, 14.25      ,
       11.41666667, 11.67857143, 14.6       , 14.46153846, 17.11111111,
       15.57894737, 15.53333333, 13.58823529, 18.53333333, 19.06666667,
       15.        , 14.14285714, 18.26666667, 10.57142857, 13.8125    ,
       16.375     , 18.625     , 13.70588235, 17.6       , 16.8       ,
       16.2       , 13.83333333,  9.        , 15.89473684, 15.4       ,
       16.6       , 15.52941176, 16.94117647, 12.55555556, 13.94736842,
       15.73333333, 15.6       , 17.6       , 17.78571429, 16.46666667,
       15.        , 11.6875    , 13.52631579, 13.57142857, 16.        ,
       14.17647059, 16.11764706, 15.52941176, 14.42105263, 17.28571429,
       17.07142857, 12.0952381 , 16.6875    , 16.26666667, 13.26666667,
       19.86666667, 16.        , 12.73684211, 19.93333333, 12.        ,
       16.42105263, 16.42857143, 18.        , 13.05882353, 14.5625    ,
       13.        , 12.36842105, 16.86666667, 16.42857143, 14.625     ,
       13.6       , 16.875     , 11.70588235, 14.93333333, 20.25      ,
       11.78947368, 13.94117647, 17.66666667, 18.11538462, 14.42105263,
       16.4375    , 18.13333333, 15.86666667, 19.125     , 16.58823529,
       17.4       , 16.26666667, 13.3125    , 14.15384615, 14.57894737,
       19.4       , 16.8       , 17.42857143, 16.        , 19.4       ,
       13.6875    , 19.14285714, 15.625     , 14.8       , 14.13333333,
        9.63157895, 16.875     , 11.08      , 13.77777778, 14.25      ,
       17.31578947, 16.14285714, 17.82352941, 14.3125    , 14.58823529,
       16.1       , 14.        , 17.13333333, 16.14285714, 11.        ,
       16.73333333, 18.2       , 14.27777778, 16.93333333, 14.5625    ,
       14.4       , 16.6       , 18.26666667, 16.8       , 12.34782609,
       18.05263158, 18.2       , 12.73333333, 17.64285714, 15.625     ,
       15.11111111, 16.38888889, 15.70588235, 15.125     , 19.52941176,
       16.38888889, 11.18181818, 17.9047619 , 18.06666667, 15.        ,
       18.3125    , 14.78947368, 18.35714286, 14.33333333, 16.93333333,
       15.        , 17.26666667, 14.29411765, 14.93333333, 16.5       ,
       12.41176471, 14.375     , 15.69565217, 16.46666667, 10.0625    ,
       17.        , 18.73333333, 14.75      , 15.86666667, 14.2       ,
       16.0625    , 17.5625    , 12.8125    , 17.33333333, 14.86666667,
        9.4       , 18.375     , 15.75      , 11.0625    , 13.38888889,
       17.64705882, 15.6       , 15.93333333, 14.4       , 15.        ,
       10.47058824, 12.47058824, 15.26666667, 19.46666667, 15.72222222,
       17.13333333, 17.4       , 10.9375    , 17.1875    , 13.47619048,
       14.73684211, 14.27272727, 14.86666667, 13.19047619, 15.66666667,
       11.07142857, 16.75      , 15.65      , 11.13333333, 13.375     ,
       11.68421053, 18.0625    , 15.33333333, 15.375     , 15.33333333,
       14.41176471, 14.375     , 15.75      , 15.375     , 16.53846154,
       15.2       , 17.53333333, 14.78571429, 15.53333333, 15.8125    ,
       13.23809524, 17.83333333, 15.5       , 14.64705882, 14.05882353,
        9.33333333, 14.        , 16.625     , 13.73333333, 15.73333333,
       13.53333333, 12.68181818, 17.33333333, 13.65      , 13.03571429,
       17.25      , 15.21428571, 16.8125    , 11.5625    , 11.31818182,
       17.9375    , 16.85714286, 15.28571429, 14.94444444, 18.64      ,
       16.13333333, 16.77777778, 17.84210526, 14.66666667, 11.4       ,
       12.7       , 16.6875    , 14.53333333, 14.53333333, 11.26666667,
       16.25      , 15.70588235, 14.6       , 10.81481481, 16.71428571,
       16.66666667, 16.29411765, 16.13333333, 18.53333333, 11.9047619 ,
       13.8125    , 10.94444444, 14.125     , 17.53846154, 16.53333333,
       15.        , 16.2       , 19.46666667, 11.39130435, 18.        ,
       12.44117647, 12.88888889, 14.93333333, 17.47826087, 17.6875    ,
       12.77777778, 16.95      , 10.52173913, 15.        , 16.6875    ,
       16.78571429, 16.6875    , 16.25      , 14.4375    , 15.13333333,
       17.07142857, 16.46666667, 18.        , 15.        , 17.2       ,
       11.8       , 17.9375    , 13.93333333, 14.13333333, 14.94444444,
       12.33333333, 14.06666667, 18.71428571, 12.26086957, 15.05      ,
       14.68181818, 14.78947368, 15.14285714, 16.07142857, 15.35      ,
       14.63157895, 15.9375    , 13.59090909, 18.5       , 13.5       ,
       15.73333333, 17.66666667, 15.5       , 15.73333333, 17.77777778,
       15.8       , 13.66666667, 15.375     , 14.8       , 14.64705882,
       16.90909091, 15.84615385, 14.53333333, 17.88235294, 17.29411765,
       13.56521739, 16.25      , 15.8       , 17.875     , 16.8       ,
       10.22222222, 17.1875    , 18.13333333, 16.93333333, 17.38461538,
       17.35714286, 14.88235294, 16.21052632, 13.21052632, 14.27777778]), 'class_median_width': array([15. , 16. , 15. , 14. , 14.5, 18. , 12.5, 17. , 13. , 19. , 14.5,
       15. , 13.5, 17. , 15. , 12. , 14.5, 13. , 18.5, 18. , 18. , 16. ,
       10. , 15. , 15. , 12. , 12. , 15. , 14. , 17.5, 16. , 15. , 13. ,
       17. , 19. , 14.5, 13.5, 17. ,  9.5, 13. , 16. , 18.5, 14. , 17. ,
       17. , 16. , 13. ,  8. , 17. , 14. , 16. , 17. , 16. , 12. , 13. ,
       15. , 16. , 18. , 17. , 18. , 13. , 11.5, 13. , 13. , 15. , 15. ,
       15. , 15. , 14. , 18. , 17.5, 11. , 16.5, 16. , 14. , 19. , 16. ,
       13. , 19. , 12.5, 17. , 16. , 18. , 13. , 14. , 12. , 11. , 18. ,
       16. , 13.5, 13. , 16.5, 11. , 14. , 20.5, 11. , 13. , 18. , 18. ,
       15. , 17.5, 18. , 16. , 21. , 16. , 18. , 16. , 13. , 14. , 14. ,
       19. , 16. , 17. , 15. , 19. , 14. , 18. , 16. , 16. , 14. ,  8. ,
       17.5, 11. , 13. , 13. , 18. , 15.5, 18. , 14.5, 14. , 16.5, 14. ,
       17. , 16. , 10. , 18. , 18. , 15. , 17. , 14.5, 13. , 17. , 18. ,
       16. , 13. , 17. , 19. , 12. , 18.5, 16. , 15. , 16. , 15. , 14.5,
       20. , 16.5, 11. , 17. , 17. , 14. , 18. , 15. , 19. , 14. , 17. ,
       14. , 18. , 13. , 15. , 15.5, 12. , 15. , 16. , 17. ,  8. , 17. ,
       19. , 14. , 17. , 14. , 15.5, 17.5, 12.5, 18. , 15. ,  9. , 18.5,
       15. ,  9. , 13. , 17. , 16. , 16. , 14. , 14.5, 11. , 13. , 15. ,
       19. , 14.5, 17. , 18. , 10. , 18. , 12. , 15. , 16. , 16. , 14. ,
       14. , 10.5, 16.5, 16. , 11. , 12. , 10. , 17. , 15. , 16. , 15. ,
       14. , 13. , 16. , 15. , 18. , 14. , 18. , 15.5, 16. , 14.5, 13. ,
       18. , 16. , 15. , 14. ,  9. , 15. , 17.5, 13. , 15. , 13. , 12.5,
       17.5, 14. , 13.5, 17. , 15.5, 16.5, 10.5, 10.5, 18. , 17. , 14.5,
       14.5, 19. , 16. , 16.5, 18. , 14. , 10.5, 14. , 16.5, 14. , 14. ,
        9. , 17. , 16. , 13.5, 10. , 17. , 17. , 16. , 17. , 19. , 11. ,
       14. ,  9.5, 14. , 19. , 17. , 15. , 15. , 20. , 11. , 19. , 12. ,
       12.5, 15. , 20. , 17. , 11.5, 16.5, 11. , 15. , 18. , 16. , 17.5,
       16. , 14.5, 16. , 17.5, 16. , 18. , 15.5, 17. , 11. , 18. , 15. ,
       14. , 15. , 11.5, 13. , 18. , 11. , 15.5, 15. , 14. , 15. , 16. ,
       16.5, 14. , 16. , 13. , 18.5, 14. , 16. , 17. , 16.5, 15. , 18. ,
       16. , 12. , 15.5, 16. , 16. , 16. , 16. , 14. , 17. , 17. , 11. ,
       17. , 15. , 20.5, 18. , 10. , 16.5, 18. , 17. , 16. , 18. , 15. ,
       18. , 13. , 14. ]), 'class_mean_width_scaled': array([0.04124748, 0.04542254, 0.04206573, 0.03760563, 0.03802817,
       0.0514554 , 0.03552426, 0.05107981, 0.04      , 0.05446009,
       0.04131455, 0.04206573, 0.04037559, 0.04488263, 0.04206573,
       0.03338028, 0.04084507, 0.03513714, 0.0498994 , 0.05014085,
       0.04920188, 0.04448357, 0.03274648, 0.04314307, 0.04014085,
       0.03215962, 0.03289738, 0.04112676, 0.04073673, 0.04820031,
       0.04388436, 0.04375587, 0.03827672, 0.05220657, 0.05370892,
       0.04225352, 0.03983903, 0.0514554 , 0.02977867, 0.03890845,
       0.04612676, 0.05246479, 0.03860812, 0.04957746, 0.04732394,
       0.0456338 , 0.03896714, 0.02535211, 0.04477391, 0.04338028,
       0.04676056, 0.04374482, 0.04772162, 0.03536776, 0.03928836,
       0.04431925, 0.04394366, 0.04957746, 0.0501006 , 0.04638498,
       0.04225352, 0.03292254, 0.0381023 , 0.03822938, 0.04507042,
       0.03993372, 0.04540182, 0.04374482, 0.04062268, 0.04869215,
       0.04808853, 0.03407109, 0.04700704, 0.0458216 , 0.03737089,
       0.05596244, 0.04507042, 0.03587843, 0.05615023, 0.03380282,
       0.04625649, 0.04627767, 0.05070423, 0.03678542, 0.04102113,
       0.03661972, 0.03484062, 0.04751174, 0.04627767, 0.04119718,
       0.03830986, 0.04753521, 0.03297432, 0.04206573, 0.05704225,
       0.03320979, 0.03927092, 0.04976526, 0.05102925, 0.04062268,
       0.04630282, 0.05107981, 0.04469484, 0.05387324, 0.04672742,
       0.04901408, 0.0458216 , 0.0375    , 0.03986999, 0.04106746,
       0.05464789, 0.04732394, 0.04909457, 0.04507042, 0.05464789,
       0.03855634, 0.05392354, 0.04401408, 0.04169014, 0.03981221,
       0.02713121, 0.04753521, 0.03121127, 0.03881064, 0.04014085,
       0.04877687, 0.04547284, 0.05020713, 0.0403169 , 0.04109362,
       0.04535211, 0.03943662, 0.04826291, 0.04547284, 0.03098592,
       0.04713615, 0.05126761, 0.04021909, 0.04769953, 0.04102113,
       0.04056338, 0.04676056, 0.0514554 , 0.04732394, 0.03478261,
       0.05085248, 0.05126761, 0.03586854, 0.04969819, 0.04401408,
       0.04256651, 0.04616588, 0.04424192, 0.04260563, 0.05501243,
       0.04616588, 0.03149808, 0.05043595, 0.05089202, 0.04225352,
       0.05158451, 0.04166049, 0.05171026, 0.04037559, 0.04769953,
       0.04225352, 0.0486385 , 0.04026512, 0.04206573, 0.04647887,
       0.03496272, 0.04049296, 0.0442131 , 0.04638498, 0.02834507,
       0.04788732, 0.05276995, 0.0415493 , 0.04469484, 0.04      ,
       0.04524648, 0.04947183, 0.03609155, 0.04882629, 0.04187793,
       0.02647887, 0.05176056, 0.0443662 , 0.03116197, 0.03771518,
       0.04971002, 0.04394366, 0.04488263, 0.04056338, 0.04225352,
       0.02949461, 0.03512842, 0.04300469, 0.05483568, 0.04428795,
       0.04826291, 0.04901408, 0.03080986, 0.04841549, 0.0379611 ,
       0.04151223, 0.04020487, 0.04187793, 0.03715627, 0.04413146,
       0.03118712, 0.0471831 , 0.04408451, 0.0313615 , 0.03767606,
       0.03291327, 0.05088028, 0.04319249, 0.04330986, 0.04319249,
       0.04059652, 0.04049296, 0.0443662 , 0.04330986, 0.04658722,
       0.0428169 , 0.04938967, 0.0416499 , 0.04375587, 0.04454225,
       0.03729041, 0.05023474, 0.04366197, 0.04125932, 0.03960232,
       0.02629108, 0.03943662, 0.04683099, 0.03868545, 0.04431925,
       0.03812207, 0.03572343, 0.04882629, 0.0384507 , 0.03672032,
       0.04859155, 0.04285714, 0.04735915, 0.03257042, 0.0318822 ,
       0.05052817, 0.04748491, 0.04305835, 0.04209703, 0.05250704,
       0.04544601, 0.04726135, 0.05025945, 0.04131455, 0.03211268,
       0.03577465, 0.04700704, 0.04093897, 0.04093897, 0.03173709,
       0.04577465, 0.04424192, 0.04112676, 0.03046427, 0.04708249,
       0.04694836, 0.04589892, 0.04544601, 0.05220657, 0.03353454,
       0.03890845, 0.03082942, 0.03978873, 0.04940412, 0.04657277,
       0.04225352, 0.0456338 , 0.05483568, 0.03208818, 0.05070423,
       0.03504557, 0.03630673, 0.04206573, 0.04923454, 0.04982394,
       0.03599374, 0.04774648, 0.0296387 , 0.04225352, 0.04700704,
       0.0472837 , 0.04700704, 0.04577465, 0.04066901, 0.04262911,
       0.04808853, 0.04638498, 0.05070423, 0.04225352, 0.0484507 ,
       0.03323944, 0.05052817, 0.03924883, 0.03981221, 0.04209703,
       0.03474178, 0.03962441, 0.0527163 , 0.03453766, 0.04239437,
       0.04135723, 0.04166049, 0.04265594, 0.04527163, 0.04323944,
       0.04121572, 0.04489437, 0.03828425, 0.05211268, 0.03802817,
       0.04431925, 0.04976526, 0.04366197, 0.04431925, 0.05007825,
       0.04450704, 0.03849765, 0.04330986, 0.04169014, 0.04125932,
       0.04763124, 0.04463705, 0.04093897, 0.05037283, 0.04871582,
       0.03821188, 0.04577465, 0.04450704, 0.05035211, 0.04732394,
       0.02879499, 0.04841549, 0.05107981, 0.04769953, 0.04897075,
       0.04889336, 0.04192212, 0.04566345, 0.03721275, 0.04021909]), 'class_median_width_scaled': array([0.04225352, 0.04507042, 0.04225352, 0.03943662, 0.04084507,
       0.05070423, 0.03521127, 0.04788732, 0.03661972, 0.05352113,
       0.04084507, 0.04225352, 0.03802817, 0.04788732, 0.04225352,
       0.03380282, 0.04084507, 0.03661972, 0.05211268, 0.05070423,
       0.05070423, 0.04507042, 0.02816901, 0.04225352, 0.04225352,
       0.03380282, 0.03380282, 0.04225352, 0.03943662, 0.04929577,
       0.04507042, 0.04225352, 0.03661972, 0.04788732, 0.05352113,
       0.04084507, 0.03802817, 0.04788732, 0.02676056, 0.03661972,
       0.04507042, 0.05211268, 0.03943662, 0.04788732, 0.04788732,
       0.04507042, 0.03661972, 0.02253521, 0.04788732, 0.03943662,
       0.04507042, 0.04788732, 0.04507042, 0.03380282, 0.03661972,
       0.04225352, 0.04507042, 0.05070423, 0.04788732, 0.05070423,
       0.03661972, 0.03239437, 0.03661972, 0.03661972, 0.04225352,
       0.04225352, 0.04225352, 0.04225352, 0.03943662, 0.05070423,
       0.04929577, 0.03098592, 0.04647887, 0.04507042, 0.03943662,
       0.05352113, 0.04507042, 0.03661972, 0.05352113, 0.03521127,
       0.04788732, 0.04507042, 0.05070423, 0.03661972, 0.03943662,
       0.03380282, 0.03098592, 0.05070423, 0.04507042, 0.03802817,
       0.03661972, 0.04647887, 0.03098592, 0.03943662, 0.05774648,
       0.03098592, 0.03661972, 0.05070423, 0.05070423, 0.04225352,
       0.04929577, 0.05070423, 0.04507042, 0.05915493, 0.04507042,
       0.05070423, 0.04507042, 0.03661972, 0.03943662, 0.03943662,
       0.05352113, 0.04507042, 0.04788732, 0.04225352, 0.05352113,
       0.03943662, 0.05070423, 0.04507042, 0.04507042, 0.03943662,
       0.02253521, 0.04929577, 0.03098592, 0.03661972, 0.03661972,
       0.05070423, 0.04366197, 0.05070423, 0.04084507, 0.03943662,
       0.04647887, 0.03943662, 0.04788732, 0.04507042, 0.02816901,
       0.05070423, 0.05070423, 0.04225352, 0.04788732, 0.04084507,
       0.03661972, 0.04788732, 0.05070423, 0.04507042, 0.03661972,
       0.04788732, 0.05352113, 0.03380282, 0.05211268, 0.04507042,
       0.04225352, 0.04507042, 0.04225352, 0.04084507, 0.05633803,
       0.04647887, 0.03098592, 0.04788732, 0.04788732, 0.03943662,
       0.05070423, 0.04225352, 0.05352113, 0.03943662, 0.04788732,
       0.03943662, 0.05070423, 0.03661972, 0.04225352, 0.04366197,
       0.03380282, 0.04225352, 0.04507042, 0.04788732, 0.02253521,
       0.04788732, 0.05352113, 0.03943662, 0.04788732, 0.03943662,
       0.04366197, 0.04929577, 0.03521127, 0.05070423, 0.04225352,
       0.02535211, 0.05211268, 0.04225352, 0.02535211, 0.03661972,
       0.04788732, 0.04507042, 0.04507042, 0.03943662, 0.04084507,
       0.03098592, 0.03661972, 0.04225352, 0.05352113, 0.04084507,
       0.04788732, 0.05070423, 0.02816901, 0.05070423, 0.03380282,
       0.04225352, 0.04507042, 0.04507042, 0.03943662, 0.03943662,
       0.02957746, 0.04647887, 0.04507042, 0.03098592, 0.03380282,
       0.02816901, 0.04788732, 0.04225352, 0.04507042, 0.04225352,
       0.03943662, 0.03661972, 0.04507042, 0.04225352, 0.05070423,
       0.03943662, 0.05070423, 0.04366197, 0.04507042, 0.04084507,
       0.03661972, 0.05070423, 0.04507042, 0.04225352, 0.03943662,
       0.02535211, 0.04225352, 0.04929577, 0.03661972, 0.04225352,
       0.03661972, 0.03521127, 0.04929577, 0.03943662, 0.03802817,
       0.04788732, 0.04366197, 0.04647887, 0.02957746, 0.02957746,
       0.05070423, 0.04788732, 0.04084507, 0.04084507, 0.05352113,
       0.04507042, 0.04647887, 0.05070423, 0.03943662, 0.02957746,
       0.03943662, 0.04647887, 0.03943662, 0.03943662, 0.02535211,
       0.04788732, 0.04507042, 0.03802817, 0.02816901, 0.04788732,
       0.04788732, 0.04507042, 0.04788732, 0.05352113, 0.03098592,
       0.03943662, 0.02676056, 0.03943662, 0.05352113, 0.04788732,
       0.04225352, 0.04225352, 0.05633803, 0.03098592, 0.05352113,
       0.03380282, 0.03521127, 0.04225352, 0.05633803, 0.04788732,
       0.03239437, 0.04647887, 0.03098592, 0.04225352, 0.05070423,
       0.04507042, 0.04929577, 0.04507042, 0.04084507, 0.04507042,
       0.04929577, 0.04507042, 0.05070423, 0.04366197, 0.04788732,
       0.03098592, 0.05070423, 0.04225352, 0.03943662, 0.04225352,
       0.03239437, 0.03661972, 0.05070423, 0.03098592, 0.04366197,
       0.04225352, 0.03943662, 0.04225352, 0.04507042, 0.04647887,
       0.03943662, 0.04507042, 0.03661972, 0.05211268, 0.03943662,
       0.04507042, 0.04788732, 0.04647887, 0.04225352, 0.05070423,
       0.04507042, 0.03380282, 0.04366197, 0.04507042, 0.04507042,
       0.04507042, 0.04507042, 0.03943662, 0.04788732, 0.04788732,
       0.03098592, 0.04788732, 0.04225352, 0.05774648, 0.05070423,
       0.02816901, 0.04647887, 0.05070423, 0.04788732, 0.04507042,
       0.05070423, 0.04225352, 0.05070423, 0.03661972, 0.03943662])}

Job completed at Wed Mar 19 06:28:50 PM PDT 2025
