Starting job at Wed Mar 19 06:22:02 PM PDT 2025
Job parameters:
Dataset: data_walking
UQ Method: split_conformal_aps
Estimator: ExtraTrees
Seed: 784
Train Size: 0.8
Running split_conformal_aps on data_walking with seed 784 and train size 0.8

starting experiment

data created

Fitting split_conformal_aps_ExtraTrees on data_walking with seed 784

split_conformal_aps_ExtraTrees metrics: {'coverage': np.float64(0.9211666666666667), 'mean_width': np.float64(5.648666666666666), 'median_width': np.float64(5.0), 'mean_width_scaled': np.float64(0.25675757575757574), 'median_width_scaled': np.float64(0.22727272727272727)}

split_conformal_aps_ExtraTrees full metrics: {'coverage': np.float64(0.9211666666666667), 'mean_width': np.float64(5.648666666666666), 'median_width': np.float64(5.0), 'mean_width_scaled': np.float64(0.25675757575757574), 'median_width_scaled': np.float64(0.22727272727272727)}

split_conformal_aps_ExtraTrees class metrics: {'class_coverage': array([0.87096774, 0.97777778, 0.93434343, 0.92035398, 0.9       ,
       0.81294964, 0.93146417, 0.89119171, 0.88104089, 0.95238095,
       0.85714286, 0.86486486, 0.60869565, 0.95927602, 0.95083933,
       0.92156863, 0.97063142, 0.84677419, 0.91025641, 0.79487179,
       0.91304348, 0.89285714]), 'class_mean_width': array([7.79032258, 6.22222222, 7.11111111, 7.72566372, 6.38      ,
       7.87769784, 6.34267913, 6.24870466, 7.10408922, 4.4679089 ,
       9.29931973, 6.05405405, 8.86956522, 3.64479638, 3.86810552,
       6.94607843, 4.65491924, 7.69354839, 6.33076923, 8.30128205,
       7.73913043, 6.48928571]), 'class_median_width': array([7., 7., 7., 7., 6., 8., 5., 6., 7., 3., 9., 6., 9., 3., 3., 6., 4.,
       8., 6., 8., 8., 7.]), 'class_mean_width_scaled': array([0.35410557, 0.28282828, 0.32323232, 0.35116653, 0.29      ,
       0.35807717, 0.2883036 , 0.28403203, 0.32291315, 0.20308677,
       0.42269635, 0.27518428, 0.40316206, 0.16567256, 0.17582298,
       0.31573084, 0.21158724, 0.34970674, 0.28776224, 0.377331  ,
       0.35177866, 0.29496753]), 'class_median_width_scaled': array([0.31818182, 0.31818182, 0.31818182, 0.31818182, 0.27272727,
       0.36363636, 0.22727273, 0.27272727, 0.31818182, 0.13636364,
       0.40909091, 0.27272727, 0.40909091, 0.13636364, 0.13636364,
       0.27272727, 0.18181818, 0.36363636, 0.27272727, 0.36363636,
       0.36363636, 0.31818182])}

split_conformal_aps_ExtraTrees full class metrics: {'class_coverage': array([0.87096774, 0.97777778, 0.93434343, 0.92035398, 0.9       ,
       0.81294964, 0.93146417, 0.89119171, 0.88104089, 0.95238095,
       0.85714286, 0.86486486, 0.60869565, 0.95927602, 0.95083933,
       0.92156863, 0.97063142, 0.84677419, 0.91025641, 0.79487179,
       0.91304348, 0.89285714]), 'class_mean_width': array([7.79032258, 6.22222222, 7.11111111, 7.72566372, 6.38      ,
       7.87769784, 6.34267913, 6.24870466, 7.10408922, 4.4679089 ,
       9.29931973, 6.05405405, 8.86956522, 3.64479638, 3.86810552,
       6.94607843, 4.65491924, 7.69354839, 6.33076923, 8.30128205,
       7.73913043, 6.48928571]), 'class_median_width': array([7., 7., 7., 7., 6., 8., 5., 6., 7., 3., 9., 6., 9., 3., 3., 6., 4.,
       8., 6., 8., 8., 7.]), 'class_mean_width_scaled': array([0.35410557, 0.28282828, 0.32323232, 0.35116653, 0.29      ,
       0.35807717, 0.2883036 , 0.28403203, 0.32291315, 0.20308677,
       0.42269635, 0.27518428, 0.40316206, 0.16567256, 0.17582298,
       0.31573084, 0.21158724, 0.34970674, 0.28776224, 0.377331  ,
       0.35177866, 0.29496753]), 'class_median_width_scaled': array([0.31818182, 0.31818182, 0.31818182, 0.31818182, 0.27272727,
       0.36363636, 0.22727273, 0.27272727, 0.31818182, 0.13636364,
       0.40909091, 0.27272727, 0.40909091, 0.13636364, 0.13636364,
       0.27272727, 0.18181818, 0.36363636, 0.27272727, 0.36363636,
       0.36363636, 0.31818182])}

Job completed at Wed Mar 19 06:22:05 PM PDT 2025
