Starting job at Thu Mar 20 05:03:11 PM PDT 2025
Job parameters:
Dataset: data_cover_type
UQ Method: split_conformal_aps
Estimator: RandomForest
Seed: 781
Train Size: 0.8
Running split_conformal_aps on data_cover_type with seed 781 and train size 0.8

starting experiment

data created

Fitting split_conformal_aps_RandomForest on data_cover_type with seed 781

split_conformal_aps_RandomForest metrics: {'coverage': np.float64(0.91), 'mean_width': np.float64(9.4925), 'median_width': np.float64(9.0), 'mean_width_scaled': np.float64(0.094925), 'median_width_scaled': np.float64(0.09)}

split_conformal_aps_RandomForest full metrics: {'coverage': np.float64(0.91), 'mean_width': np.float64(9.4925), 'median_width': np.float64(9.0), 'mean_width_scaled': np.float64(0.094925), 'median_width_scaled': np.float64(0.09)}

split_conformal_aps_RandomForest class metrics: {'class_coverage': array([0.9 , 0.7 , 0.75, 0.95, 0.95, 0.65, 0.95, 0.95, 0.95, 0.9 , 0.9 ,
       1.  , 0.85, 0.95, 0.9 , 1.  , 1.  , 1.  , 0.95, 1.  , 1.  , 1.  ,
       0.95, 1.  , 0.95, 0.95, 1.  , 0.95, 0.7 , 1.  , 0.95, 0.85, 0.55,
       0.95, 1.  , 0.7 , 0.85, 0.75, 0.65, 1.  , 0.95, 0.7 , 0.7 , 1.  ,
       1.  , 1.  , 1.  , 1.  , 1.  , 0.95, 0.95, 1.  , 1.  , 0.75, 0.9 ,
       1.  , 0.75, 0.85, 0.85, 0.95, 0.95, 0.75, 1.  , 1.  , 0.9 , 0.75,
       1.  , 1.  , 0.85, 0.6 , 0.95, 1.  , 0.85, 0.9 , 0.95, 0.9 , 1.  ,
       0.95, 1.  , 0.95, 0.85, 0.9 , 0.9 , 0.9 , 0.9 , 0.95, 0.9 , 1.  ,
       0.95, 0.95, 0.85, 1.  , 0.9 , 1.  , 0.75, 1.  , 0.85, 1.  , 0.95,
       1.  ]), 'class_mean_width': array([ 8.2 , 13.1 ,  8.65,  6.95, 11.2 ,  9.1 , 10.95, 13.2 , 11.4 ,
       11.95,  9.95,  7.05,  7.25, 11.65, 11.4 , 10.15, 10.5 ,  7.2 ,
        8.  ,  8.05,  6.35, 11.5 ,  9.6 ,  4.75, 12.6 , 10.65,  2.6 ,
       10.85, 10.8 ,  6.95,  7.65,  9.35, 10.2 , 10.15, 10.3 , 11.95,
       11.75, 12.6 , 12.95, 12.2 ,  7.35, 13.15, 12.75,  7.  ,  5.35,
       12.5 ,  9.  ,  6.05,  5.4 , 11.45, 10.15,  6.45,  8.15, 11.9 ,
       11.75,  7.5 , 11.1 , 10.6 ,  8.55,  5.15, 13.  , 14.1 , 11.9 ,
        8.15, 13.45, 13.6 , 14.45,  6.6 , 13.9 , 14.05, 12.9 ,  6.15,
       10.9 , 11.45,  5.55,  6.25,  4.45,  9.95,  7.3 , 10.35, 11.15,
        9.35, 11.15,  9.2 ,  8.65,  5.75,  8.  ,  9.8 ,  7.7 , 10.05,
       10.75,  8.55, 11.95,  6.4 ,  6.35,  6.8 ,  7.55,  7.05,  7.4 ,
        4.25]), 'class_median_width': array([ 8.5, 12.5,  8. ,  6.5, 11. ,  9. , 12.5, 13. , 12. , 12. ,  9. ,
        7. ,  7.5, 11. , 12.5,  9. ,  4. ,  7. ,  8. ,  8.5,  6.5, 11.5,
        9. ,  4.5, 12.5, 11. ,  1. , 10. , 10. ,  6. ,  8. ,  9. , 10. ,
       10. , 10. , 12. , 12. , 13. , 12.5, 10.5,  6.5, 13. , 13. ,  1.5,
        4. , 12.5,  9. ,  6.5,  3. , 11. , 10. ,  7.5,  8. , 12. , 12. ,
        8.5, 12. , 10. ,  9. ,  4.5, 12. , 15. , 11. ,  8. , 12.5, 14. ,
       14.5,  5. , 13.5, 14. , 13. ,  3.5,  5. , 12. ,  5. ,  6. ,  3.5,
       10. ,  7.5, 10. , 11. , 11. , 11. ,  9. ,  8.5,  5. ,  7.5,  9. ,
        8. , 11. , 11. ,  8. , 13. ,  5.5,  7. ,  6. ,  8. ,  6.5,  6.5,
        4. ]), 'class_mean_width_scaled': array([0.082 , 0.131 , 0.0865, 0.0695, 0.112 , 0.091 , 0.1095, 0.132 ,
       0.114 , 0.1195, 0.0995, 0.0705, 0.0725, 0.1165, 0.114 , 0.1015,
       0.105 , 0.072 , 0.08  , 0.0805, 0.0635, 0.115 , 0.096 , 0.0475,
       0.126 , 0.1065, 0.026 , 0.1085, 0.108 , 0.0695, 0.0765, 0.0935,
       0.102 , 0.1015, 0.103 , 0.1195, 0.1175, 0.126 , 0.1295, 0.122 ,
       0.0735, 0.1315, 0.1275, 0.07  , 0.0535, 0.125 , 0.09  , 0.0605,
       0.054 , 0.1145, 0.1015, 0.0645, 0.0815, 0.119 , 0.1175, 0.075 ,
       0.111 , 0.106 , 0.0855, 0.0515, 0.13  , 0.141 , 0.119 , 0.0815,
       0.1345, 0.136 , 0.1445, 0.066 , 0.139 , 0.1405, 0.129 , 0.0615,
       0.109 , 0.1145, 0.0555, 0.0625, 0.0445, 0.0995, 0.073 , 0.1035,
       0.1115, 0.0935, 0.1115, 0.092 , 0.0865, 0.0575, 0.08  , 0.098 ,
       0.077 , 0.1005, 0.1075, 0.0855, 0.1195, 0.064 , 0.0635, 0.068 ,
       0.0755, 0.0705, 0.074 , 0.0425]), 'class_median_width_scaled': array([0.085, 0.125, 0.08 , 0.065, 0.11 , 0.09 , 0.125, 0.13 , 0.12 ,
       0.12 , 0.09 , 0.07 , 0.075, 0.11 , 0.125, 0.09 , 0.04 , 0.07 ,
       0.08 , 0.085, 0.065, 0.115, 0.09 , 0.045, 0.125, 0.11 , 0.01 ,
       0.1  , 0.1  , 0.06 , 0.08 , 0.09 , 0.1  , 0.1  , 0.1  , 0.12 ,
       0.12 , 0.13 , 0.125, 0.105, 0.065, 0.13 , 0.13 , 0.015, 0.04 ,
       0.125, 0.09 , 0.065, 0.03 , 0.11 , 0.1  , 0.075, 0.08 , 0.12 ,
       0.12 , 0.085, 0.12 , 0.1  , 0.09 , 0.045, 0.12 , 0.15 , 0.11 ,
       0.08 , 0.125, 0.14 , 0.145, 0.05 , 0.135, 0.14 , 0.13 , 0.035,
       0.05 , 0.12 , 0.05 , 0.06 , 0.035, 0.1  , 0.075, 0.1  , 0.11 ,
       0.11 , 0.11 , 0.09 , 0.085, 0.05 , 0.075, 0.09 , 0.08 , 0.11 ,
       0.11 , 0.08 , 0.13 , 0.055, 0.07 , 0.06 , 0.08 , 0.065, 0.065,
       0.04 ])}

split_conformal_aps_RandomForest full class metrics: {'class_coverage': array([0.9 , 0.7 , 0.75, 0.95, 0.95, 0.65, 0.95, 0.95, 0.95, 0.9 , 0.9 ,
       1.  , 0.85, 0.95, 0.9 , 1.  , 1.  , 1.  , 0.95, 1.  , 1.  , 1.  ,
       0.95, 1.  , 0.95, 0.95, 1.  , 0.95, 0.7 , 1.  , 0.95, 0.85, 0.55,
       0.95, 1.  , 0.7 , 0.85, 0.75, 0.65, 1.  , 0.95, 0.7 , 0.7 , 1.  ,
       1.  , 1.  , 1.  , 1.  , 1.  , 0.95, 0.95, 1.  , 1.  , 0.75, 0.9 ,
       1.  , 0.75, 0.85, 0.85, 0.95, 0.95, 0.75, 1.  , 1.  , 0.9 , 0.75,
       1.  , 1.  , 0.85, 0.6 , 0.95, 1.  , 0.85, 0.9 , 0.95, 0.9 , 1.  ,
       0.95, 1.  , 0.95, 0.85, 0.9 , 0.9 , 0.9 , 0.9 , 0.95, 0.9 , 1.  ,
       0.95, 0.95, 0.85, 1.  , 0.9 , 1.  , 0.75, 1.  , 0.85, 1.  , 0.95,
       1.  ]), 'class_mean_width': array([ 8.2 , 13.1 ,  8.65,  6.95, 11.2 ,  9.1 , 10.95, 13.2 , 11.4 ,
       11.95,  9.95,  7.05,  7.25, 11.65, 11.4 , 10.15, 10.5 ,  7.2 ,
        8.  ,  8.05,  6.35, 11.5 ,  9.6 ,  4.75, 12.6 , 10.65,  2.6 ,
       10.85, 10.8 ,  6.95,  7.65,  9.35, 10.2 , 10.15, 10.3 , 11.95,
       11.75, 12.6 , 12.95, 12.2 ,  7.35, 13.15, 12.75,  7.  ,  5.35,
       12.5 ,  9.  ,  6.05,  5.4 , 11.45, 10.15,  6.45,  8.15, 11.9 ,
       11.75,  7.5 , 11.1 , 10.6 ,  8.55,  5.15, 13.  , 14.1 , 11.9 ,
        8.15, 13.45, 13.6 , 14.45,  6.6 , 13.9 , 14.05, 12.9 ,  6.15,
       10.9 , 11.45,  5.55,  6.25,  4.45,  9.95,  7.3 , 10.35, 11.15,
        9.35, 11.15,  9.2 ,  8.65,  5.75,  8.  ,  9.8 ,  7.7 , 10.05,
       10.75,  8.55, 11.95,  6.4 ,  6.35,  6.8 ,  7.55,  7.05,  7.4 ,
        4.25]), 'class_median_width': array([ 8.5, 12.5,  8. ,  6.5, 11. ,  9. , 12.5, 13. , 12. , 12. ,  9. ,
        7. ,  7.5, 11. , 12.5,  9. ,  4. ,  7. ,  8. ,  8.5,  6.5, 11.5,
        9. ,  4.5, 12.5, 11. ,  1. , 10. , 10. ,  6. ,  8. ,  9. , 10. ,
       10. , 10. , 12. , 12. , 13. , 12.5, 10.5,  6.5, 13. , 13. ,  1.5,
        4. , 12.5,  9. ,  6.5,  3. , 11. , 10. ,  7.5,  8. , 12. , 12. ,
        8.5, 12. , 10. ,  9. ,  4.5, 12. , 15. , 11. ,  8. , 12.5, 14. ,
       14.5,  5. , 13.5, 14. , 13. ,  3.5,  5. , 12. ,  5. ,  6. ,  3.5,
       10. ,  7.5, 10. , 11. , 11. , 11. ,  9. ,  8.5,  5. ,  7.5,  9. ,
        8. , 11. , 11. ,  8. , 13. ,  5.5,  7. ,  6. ,  8. ,  6.5,  6.5,
        4. ]), 'class_mean_width_scaled': array([0.082 , 0.131 , 0.0865, 0.0695, 0.112 , 0.091 , 0.1095, 0.132 ,
       0.114 , 0.1195, 0.0995, 0.0705, 0.0725, 0.1165, 0.114 , 0.1015,
       0.105 , 0.072 , 0.08  , 0.0805, 0.0635, 0.115 , 0.096 , 0.0475,
       0.126 , 0.1065, 0.026 , 0.1085, 0.108 , 0.0695, 0.0765, 0.0935,
       0.102 , 0.1015, 0.103 , 0.1195, 0.1175, 0.126 , 0.1295, 0.122 ,
       0.0735, 0.1315, 0.1275, 0.07  , 0.0535, 0.125 , 0.09  , 0.0605,
       0.054 , 0.1145, 0.1015, 0.0645, 0.0815, 0.119 , 0.1175, 0.075 ,
       0.111 , 0.106 , 0.0855, 0.0515, 0.13  , 0.141 , 0.119 , 0.0815,
       0.1345, 0.136 , 0.1445, 0.066 , 0.139 , 0.1405, 0.129 , 0.0615,
       0.109 , 0.1145, 0.0555, 0.0625, 0.0445, 0.0995, 0.073 , 0.1035,
       0.1115, 0.0935, 0.1115, 0.092 , 0.0865, 0.0575, 0.08  , 0.098 ,
       0.077 , 0.1005, 0.1075, 0.0855, 0.1195, 0.064 , 0.0635, 0.068 ,
       0.0755, 0.0705, 0.074 , 0.0425]), 'class_median_width_scaled': array([0.085, 0.125, 0.08 , 0.065, 0.11 , 0.09 , 0.125, 0.13 , 0.12 ,
       0.12 , 0.09 , 0.07 , 0.075, 0.11 , 0.125, 0.09 , 0.04 , 0.07 ,
       0.08 , 0.085, 0.065, 0.115, 0.09 , 0.045, 0.125, 0.11 , 0.01 ,
       0.1  , 0.1  , 0.06 , 0.08 , 0.09 , 0.1  , 0.1  , 0.1  , 0.12 ,
       0.12 , 0.13 , 0.125, 0.105, 0.065, 0.13 , 0.13 , 0.015, 0.04 ,
       0.125, 0.09 , 0.065, 0.03 , 0.11 , 0.1  , 0.075, 0.08 , 0.12 ,
       0.12 , 0.085, 0.12 , 0.1  , 0.09 , 0.045, 0.12 , 0.15 , 0.11 ,
       0.08 , 0.125, 0.14 , 0.145, 0.05 , 0.135, 0.14 , 0.13 , 0.035,
       0.05 , 0.12 , 0.05 , 0.06 , 0.035, 0.1  , 0.075, 0.1  , 0.11 ,
       0.11 , 0.11 , 0.09 , 0.085, 0.05 , 0.075, 0.09 , 0.08 , 0.11 ,
       0.11 , 0.08 , 0.13 , 0.055, 0.07 , 0.06 , 0.08 , 0.065, 0.065,
       0.04 ])}

Job completed at Thu Mar 20 05:03:14 PM PDT 2025
