Starting job at Wed Mar 19 06:19:53 PM PDT 2025
Job parameters:
Dataset: data_cover_type
UQ Method: split_conformal_aps
Estimator: RandomForest
Seed: 785
Train Size: 0.8
Running split_conformal_aps on data_cover_type with seed 785 and train size 0.8

starting experiment

data created

Fitting split_conformal_aps_RandomForest on data_cover_type with seed 785

split_conformal_aps_RandomForest metrics: {'coverage': np.float64(0.9045), 'mean_width': np.float64(11.6), 'median_width': np.float64(11.0), 'mean_width_scaled': np.float64(0.11599999999999999), 'median_width_scaled': np.float64(0.11)}

split_conformal_aps_RandomForest full metrics: {'coverage': np.float64(0.9045), 'mean_width': np.float64(11.6), 'median_width': np.float64(11.0), 'mean_width_scaled': np.float64(0.11599999999999999), 'median_width_scaled': np.float64(0.11)}

split_conformal_aps_RandomForest class metrics: {'class_coverage': array([1.  , 0.75, 0.85, 0.9 , 0.9 , 0.9 , 1.  , 1.  , 1.  , 0.85, 0.8 ,
       1.  , 0.95, 0.7 , 0.9 , 1.  , 0.95, 1.  , 1.  , 0.9 , 1.  , 0.95,
       0.95, 0.95, 1.  , 0.95, 1.  , 0.85, 0.85, 0.8 , 1.  , 0.65, 0.85,
       0.95, 1.  , 0.8 , 0.95, 0.75, 0.6 , 0.9 , 1.  , 0.85, 0.7 , 1.  ,
       1.  , 1.  , 1.  , 1.  , 1.  , 0.75, 0.75, 0.9 , 1.  , 0.9 , 0.95,
       0.95, 0.8 , 0.75, 0.9 , 1.  , 0.9 , 0.8 , 1.  , 1.  , 0.7 , 0.9 ,
       1.  , 0.9 , 0.8 , 0.9 , 1.  , 1.  , 1.  , 0.9 , 1.  , 0.9 , 1.  ,
       0.7 , 0.95, 0.9 , 0.7 , 0.85, 0.8 , 0.95, 0.85, 0.85, 0.8 , 1.  ,
       0.95, 0.8 , 0.85, 0.95, 0.85, 0.95, 0.95, 1.  , 0.8 , 1.  , 1.  ,
       1.  ]), 'class_mean_width': array([10.5 , 16.6 , 10.5 ,  7.  , 10.7 , 10.95, 14.1 , 20.75, 15.2 ,
       13.75, 11.9 , 11.2 , 12.65, 17.7 , 14.  , 13.35,  9.55,  8.1 ,
        9.65, 11.35,  9.5 , 13.4 ,  8.55,  7.5 , 11.2 , 14.75,  8.3 ,
       13.4 , 12.45,  8.65,  7.3 , 12.5 , 11.1 , 14.5 , 12.8 , 15.35,
       13.1 , 16.  , 13.3 , 13.5 ,  8.15, 16.15, 14.2 , 10.25,  6.6 ,
       14.95, 10.75,  4.65,  6.7 , 12.95, 13.75,  8.05,  9.7 , 14.  ,
       14.15, 15.75, 12.3 , 14.4 , 12.7 ,  5.2 , 15.7 , 17.1 , 14.3 ,
        6.55, 13.85, 19.15, 14.45,  7.1 , 17.75, 22.05, 12.8 ,  6.5 ,
        5.85, 12.8 ,  6.95,  8.3 ,  6.7 , 12.95,  9.6 ,  9.85, 14.6 ,
       11.25, 13.55, 14.75, 10.2 ,  7.25,  8.8 , 10.15,  9.9 , 10.75,
       17.35, 11.95, 11.35,  7.65,  4.75,  8.4 ,  9.1 ,  8.85,  9.95,
        7.15]), 'class_median_width': array([11. , 15.5,  9.5,  6. ,  8.5,  9. , 13. , 18.5, 14. , 12. , 12.5,
       11. , 13. , 16.5, 14. , 12. ,  8.5,  8. , 11.5,  9.5, 10. , 11. ,
        7.5,  4.5, 10.5, 13. ,  2. , 12. , 11.5,  8. ,  7. , 12. , 10. ,
       11.5, 11. , 15. , 14. , 16.5, 12.5, 11. ,  7.5, 15. , 12.5,  5.5,
        5. , 12.5,  8.5,  2.5,  3.5, 13. , 14. ,  7. , 10.5, 12.5, 13.5,
        4.5, 11. , 14.5, 13. ,  3.5, 15. , 15.5, 12. ,  4.5, 14. , 18. ,
       13. ,  6. , 15. , 19.5, 12.5,  5. ,  3. , 13. ,  5.5,  7. ,  6. ,
       13.5,  7. , 10. , 15. , 11. , 13.5, 13. ,  9.5,  6.5,  6.5, 10.5,
        9.5,  9. , 15. ,  9.5, 13. ,  7.5,  5. ,  6.5,  8. ,  8. ,  9. ,
        7. ]), 'class_mean_width_scaled': array([0.105 , 0.166 , 0.105 , 0.07  , 0.107 , 0.1095, 0.141 , 0.2075,
       0.152 , 0.1375, 0.119 , 0.112 , 0.1265, 0.177 , 0.14  , 0.1335,
       0.0955, 0.081 , 0.0965, 0.1135, 0.095 , 0.134 , 0.0855, 0.075 ,
       0.112 , 0.1475, 0.083 , 0.134 , 0.1245, 0.0865, 0.073 , 0.125 ,
       0.111 , 0.145 , 0.128 , 0.1535, 0.131 , 0.16  , 0.133 , 0.135 ,
       0.0815, 0.1615, 0.142 , 0.1025, 0.066 , 0.1495, 0.1075, 0.0465,
       0.067 , 0.1295, 0.1375, 0.0805, 0.097 , 0.14  , 0.1415, 0.1575,
       0.123 , 0.144 , 0.127 , 0.052 , 0.157 , 0.171 , 0.143 , 0.0655,
       0.1385, 0.1915, 0.1445, 0.071 , 0.1775, 0.2205, 0.128 , 0.065 ,
       0.0585, 0.128 , 0.0695, 0.083 , 0.067 , 0.1295, 0.096 , 0.0985,
       0.146 , 0.1125, 0.1355, 0.1475, 0.102 , 0.0725, 0.088 , 0.1015,
       0.099 , 0.1075, 0.1735, 0.1195, 0.1135, 0.0765, 0.0475, 0.084 ,
       0.091 , 0.0885, 0.0995, 0.0715]), 'class_median_width_scaled': array([0.11 , 0.155, 0.095, 0.06 , 0.085, 0.09 , 0.13 , 0.185, 0.14 ,
       0.12 , 0.125, 0.11 , 0.13 , 0.165, 0.14 , 0.12 , 0.085, 0.08 ,
       0.115, 0.095, 0.1  , 0.11 , 0.075, 0.045, 0.105, 0.13 , 0.02 ,
       0.12 , 0.115, 0.08 , 0.07 , 0.12 , 0.1  , 0.115, 0.11 , 0.15 ,
       0.14 , 0.165, 0.125, 0.11 , 0.075, 0.15 , 0.125, 0.055, 0.05 ,
       0.125, 0.085, 0.025, 0.035, 0.13 , 0.14 , 0.07 , 0.105, 0.125,
       0.135, 0.045, 0.11 , 0.145, 0.13 , 0.035, 0.15 , 0.155, 0.12 ,
       0.045, 0.14 , 0.18 , 0.13 , 0.06 , 0.15 , 0.195, 0.125, 0.05 ,
       0.03 , 0.13 , 0.055, 0.07 , 0.06 , 0.135, 0.07 , 0.1  , 0.15 ,
       0.11 , 0.135, 0.13 , 0.095, 0.065, 0.065, 0.105, 0.095, 0.09 ,
       0.15 , 0.095, 0.13 , 0.075, 0.05 , 0.065, 0.08 , 0.08 , 0.09 ,
       0.07 ])}

split_conformal_aps_RandomForest full class metrics: {'class_coverage': array([1.  , 0.75, 0.85, 0.9 , 0.9 , 0.9 , 1.  , 1.  , 1.  , 0.85, 0.8 ,
       1.  , 0.95, 0.7 , 0.9 , 1.  , 0.95, 1.  , 1.  , 0.9 , 1.  , 0.95,
       0.95, 0.95, 1.  , 0.95, 1.  , 0.85, 0.85, 0.8 , 1.  , 0.65, 0.85,
       0.95, 1.  , 0.8 , 0.95, 0.75, 0.6 , 0.9 , 1.  , 0.85, 0.7 , 1.  ,
       1.  , 1.  , 1.  , 1.  , 1.  , 0.75, 0.75, 0.9 , 1.  , 0.9 , 0.95,
       0.95, 0.8 , 0.75, 0.9 , 1.  , 0.9 , 0.8 , 1.  , 1.  , 0.7 , 0.9 ,
       1.  , 0.9 , 0.8 , 0.9 , 1.  , 1.  , 1.  , 0.9 , 1.  , 0.9 , 1.  ,
       0.7 , 0.95, 0.9 , 0.7 , 0.85, 0.8 , 0.95, 0.85, 0.85, 0.8 , 1.  ,
       0.95, 0.8 , 0.85, 0.95, 0.85, 0.95, 0.95, 1.  , 0.8 , 1.  , 1.  ,
       1.  ]), 'class_mean_width': array([10.5 , 16.6 , 10.5 ,  7.  , 10.7 , 10.95, 14.1 , 20.75, 15.2 ,
       13.75, 11.9 , 11.2 , 12.65, 17.7 , 14.  , 13.35,  9.55,  8.1 ,
        9.65, 11.35,  9.5 , 13.4 ,  8.55,  7.5 , 11.2 , 14.75,  8.3 ,
       13.4 , 12.45,  8.65,  7.3 , 12.5 , 11.1 , 14.5 , 12.8 , 15.35,
       13.1 , 16.  , 13.3 , 13.5 ,  8.15, 16.15, 14.2 , 10.25,  6.6 ,
       14.95, 10.75,  4.65,  6.7 , 12.95, 13.75,  8.05,  9.7 , 14.  ,
       14.15, 15.75, 12.3 , 14.4 , 12.7 ,  5.2 , 15.7 , 17.1 , 14.3 ,
        6.55, 13.85, 19.15, 14.45,  7.1 , 17.75, 22.05, 12.8 ,  6.5 ,
        5.85, 12.8 ,  6.95,  8.3 ,  6.7 , 12.95,  9.6 ,  9.85, 14.6 ,
       11.25, 13.55, 14.75, 10.2 ,  7.25,  8.8 , 10.15,  9.9 , 10.75,
       17.35, 11.95, 11.35,  7.65,  4.75,  8.4 ,  9.1 ,  8.85,  9.95,
        7.15]), 'class_median_width': array([11. , 15.5,  9.5,  6. ,  8.5,  9. , 13. , 18.5, 14. , 12. , 12.5,
       11. , 13. , 16.5, 14. , 12. ,  8.5,  8. , 11.5,  9.5, 10. , 11. ,
        7.5,  4.5, 10.5, 13. ,  2. , 12. , 11.5,  8. ,  7. , 12. , 10. ,
       11.5, 11. , 15. , 14. , 16.5, 12.5, 11. ,  7.5, 15. , 12.5,  5.5,
        5. , 12.5,  8.5,  2.5,  3.5, 13. , 14. ,  7. , 10.5, 12.5, 13.5,
        4.5, 11. , 14.5, 13. ,  3.5, 15. , 15.5, 12. ,  4.5, 14. , 18. ,
       13. ,  6. , 15. , 19.5, 12.5,  5. ,  3. , 13. ,  5.5,  7. ,  6. ,
       13.5,  7. , 10. , 15. , 11. , 13.5, 13. ,  9.5,  6.5,  6.5, 10.5,
        9.5,  9. , 15. ,  9.5, 13. ,  7.5,  5. ,  6.5,  8. ,  8. ,  9. ,
        7. ]), 'class_mean_width_scaled': array([0.105 , 0.166 , 0.105 , 0.07  , 0.107 , 0.1095, 0.141 , 0.2075,
       0.152 , 0.1375, 0.119 , 0.112 , 0.1265, 0.177 , 0.14  , 0.1335,
       0.0955, 0.081 , 0.0965, 0.1135, 0.095 , 0.134 , 0.0855, 0.075 ,
       0.112 , 0.1475, 0.083 , 0.134 , 0.1245, 0.0865, 0.073 , 0.125 ,
       0.111 , 0.145 , 0.128 , 0.1535, 0.131 , 0.16  , 0.133 , 0.135 ,
       0.0815, 0.1615, 0.142 , 0.1025, 0.066 , 0.1495, 0.1075, 0.0465,
       0.067 , 0.1295, 0.1375, 0.0805, 0.097 , 0.14  , 0.1415, 0.1575,
       0.123 , 0.144 , 0.127 , 0.052 , 0.157 , 0.171 , 0.143 , 0.0655,
       0.1385, 0.1915, 0.1445, 0.071 , 0.1775, 0.2205, 0.128 , 0.065 ,
       0.0585, 0.128 , 0.0695, 0.083 , 0.067 , 0.1295, 0.096 , 0.0985,
       0.146 , 0.1125, 0.1355, 0.1475, 0.102 , 0.0725, 0.088 , 0.1015,
       0.099 , 0.1075, 0.1735, 0.1195, 0.1135, 0.0765, 0.0475, 0.084 ,
       0.091 , 0.0885, 0.0995, 0.0715]), 'class_median_width_scaled': array([0.11 , 0.155, 0.095, 0.06 , 0.085, 0.09 , 0.13 , 0.185, 0.14 ,
       0.12 , 0.125, 0.11 , 0.13 , 0.165, 0.14 , 0.12 , 0.085, 0.08 ,
       0.115, 0.095, 0.1  , 0.11 , 0.075, 0.045, 0.105, 0.13 , 0.02 ,
       0.12 , 0.115, 0.08 , 0.07 , 0.12 , 0.1  , 0.115, 0.11 , 0.15 ,
       0.14 , 0.165, 0.125, 0.11 , 0.075, 0.15 , 0.125, 0.055, 0.05 ,
       0.125, 0.085, 0.025, 0.035, 0.13 , 0.14 , 0.07 , 0.105, 0.125,
       0.135, 0.045, 0.11 , 0.145, 0.13 , 0.035, 0.15 , 0.155, 0.12 ,
       0.045, 0.14 , 0.18 , 0.13 , 0.06 , 0.15 , 0.195, 0.125, 0.05 ,
       0.03 , 0.13 , 0.055, 0.07 , 0.06 , 0.135, 0.07 , 0.1  , 0.15 ,
       0.11 , 0.135, 0.13 , 0.095, 0.065, 0.065, 0.105, 0.095, 0.09 ,
       0.15 , 0.095, 0.13 , 0.075, 0.05 , 0.065, 0.08 , 0.08 , 0.09 ,
       0.07 ])}

Job completed at Wed Mar 19 06:19:59 PM PDT 2025
