Starting job at Wed Mar 19 06:21:48 PM PDT 2025
Job parameters:
Dataset: data_walking
UQ Method: split_conformal_aps
Estimator: MLP
Seed: 777
Train Size: 0.8
Running split_conformal_aps on data_walking with seed 777 and train size 0.8

starting experiment

data created

Fitting split_conformal_aps_MLP on data_walking with seed 777

split_conformal_aps_MLP metrics: {'coverage': np.float64(0.9018333333333334), 'mean_width': np.float64(5.9665), 'median_width': np.float64(6.0), 'mean_width_scaled': np.float64(0.2712045454545455), 'median_width_scaled': np.float64(0.2727272727272727)}

split_conformal_aps_MLP full metrics: {'coverage': np.float64(0.9018333333333334), 'mean_width': np.float64(5.9665), 'median_width': np.float64(6.0), 'mean_width_scaled': np.float64(0.2712045454545455), 'median_width_scaled': np.float64(0.2727272727272727)}

split_conformal_aps_MLP class metrics: {'class_coverage': array([0.88709677, 0.82222222, 0.84848485, 0.90707965, 0.93333333,
       0.78417266, 0.91900312, 0.93264249, 0.93680297, 0.92339545,
       0.82312925, 0.94594595, 0.66666667, 0.89366516, 0.86211031,
       0.82352941, 0.97650514, 0.83870968, 0.97435897, 0.87179487,
       0.86956522, 0.94642857]), 'class_mean_width': array([8.13709677, 4.97777778, 7.77272727, 7.86725664, 4.93333333,
       8.62589928, 6.75700935, 6.44041451, 7.62081784, 3.51966874,
       9.6462585 , 5.18918919, 9.56521739, 4.20361991, 4.48441247,
       7.3627451 , 4.96475771, 9.55645161, 6.68974359, 9.37179487,
       7.15217391, 6.97857143]), 'class_median_width': array([ 8.,  4.,  8.,  7.,  4.,  8.,  6.,  7.,  7.,  2., 10.,  4., 10.,
        3.,  4.,  7.,  4.,  9.,  6.,  9.,  7.,  7.]), 'class_mean_width_scaled': array([0.36986804, 0.22626263, 0.35330579, 0.35760257, 0.22424242,
       0.39208633, 0.30713679, 0.29274611, 0.34640081, 0.15998494,
       0.4384663 , 0.23587224, 0.43478261, 0.19107363, 0.20383693,
       0.33467023, 0.2256708 , 0.43438416, 0.30407925, 0.42599068,
       0.32509881, 0.31720779]), 'class_median_width_scaled': array([0.36363636, 0.18181818, 0.36363636, 0.31818182, 0.18181818,
       0.36363636, 0.27272727, 0.31818182, 0.31818182, 0.09090909,
       0.45454545, 0.18181818, 0.45454545, 0.13636364, 0.18181818,
       0.31818182, 0.18181818, 0.40909091, 0.27272727, 0.40909091,
       0.31818182, 0.31818182])}

split_conformal_aps_MLP full class metrics: {'class_coverage': array([0.88709677, 0.82222222, 0.84848485, 0.90707965, 0.93333333,
       0.78417266, 0.91900312, 0.93264249, 0.93680297, 0.92339545,
       0.82312925, 0.94594595, 0.66666667, 0.89366516, 0.86211031,
       0.82352941, 0.97650514, 0.83870968, 0.97435897, 0.87179487,
       0.86956522, 0.94642857]), 'class_mean_width': array([8.13709677, 4.97777778, 7.77272727, 7.86725664, 4.93333333,
       8.62589928, 6.75700935, 6.44041451, 7.62081784, 3.51966874,
       9.6462585 , 5.18918919, 9.56521739, 4.20361991, 4.48441247,
       7.3627451 , 4.96475771, 9.55645161, 6.68974359, 9.37179487,
       7.15217391, 6.97857143]), 'class_median_width': array([ 8.,  4.,  8.,  7.,  4.,  8.,  6.,  7.,  7.,  2., 10.,  4., 10.,
        3.,  4.,  7.,  4.,  9.,  6.,  9.,  7.,  7.]), 'class_mean_width_scaled': array([0.36986804, 0.22626263, 0.35330579, 0.35760257, 0.22424242,
       0.39208633, 0.30713679, 0.29274611, 0.34640081, 0.15998494,
       0.4384663 , 0.23587224, 0.43478261, 0.19107363, 0.20383693,
       0.33467023, 0.2256708 , 0.43438416, 0.30407925, 0.42599068,
       0.32509881, 0.31720779]), 'class_median_width_scaled': array([0.36363636, 0.18181818, 0.36363636, 0.31818182, 0.18181818,
       0.36363636, 0.27272727, 0.31818182, 0.31818182, 0.09090909,
       0.45454545, 0.18181818, 0.45454545, 0.13636364, 0.18181818,
       0.31818182, 0.18181818, 0.40909091, 0.27272727, 0.40909091,
       0.31818182, 0.31818182])}

Job completed at Wed Mar 19 06:21:52 PM PDT 2025
