Starting job at Thu Mar 20 05:03:54 PM PDT 2025
Job parameters:
Dataset: data_chess
UQ Method: majority_vote
Estimator: HistGradientBoosting
Seed: 781
Train Size: 0.8
Running majority_vote on data_chess with seed 781 and train size 0.8

starting experiment

data created

Fitting majority_vote on data_chess with seed 781

majority_vote metrics: {'coverage': np.float64(0.981111903064861), 'mean_width': np.float64(7.483784746970777), 'median_width': np.float64(7.0), 'mean_width_scaled': np.float64(0.41576581927615425), 'median_width_scaled': np.float64(0.3888888888888889)}

majority_vote full metrics: {'coverage': np.float64(0.981111903064861), 'mean_width': np.float64(7.483784746970777), 'median_width': np.float64(7.0), 'mean_width_scaled': np.float64(0.41576581927615425), 'median_width_scaled': np.float64(0.3888888888888889)}

majority_vote class metrics: {'class_coverage': array([0.99821109, 0.96864111, 0.99474606, 0.99769053, 0.91489362,
       0.9       , 0.99780461, 0.97368421, 0.4375    , 0.83941606,
       0.89830508, 0.97435897, 0.97984887, 0.9988081 , 0.75      ,
       1.        , 0.87755102, 0.        ]), 'class_mean_width': array([ 7.35241503,  8.6097561 ,  7.85639229,  6.26096998, 10.53191489,
       10.55      ,  6.64105379,  7.89766082,  9.0625    ,  8.67883212,
        9.36440678,  5.98717949,  8.15869018,  6.92252682,  9.125     ,
        7.50555556, 10.30612245, 10.        ]), 'class_median_width': array([ 7. ,  9. ,  8. ,  6. , 11. , 11. ,  7. ,  8. , 10. ,  9. ,  9. ,
        6. ,  8. ,  7. ,  9.5,  7. , 11. , 11. ]), 'class_mean_width_scaled': array([0.4084675 , 0.47831978, 0.43646624, 0.34783167, 0.58510638,
       0.58611111, 0.36894743, 0.43875893, 0.50347222, 0.48215734,
       0.52024482, 0.33262108, 0.45326057, 0.38458482, 0.50694444,
       0.41697531, 0.57256236, 0.55555556]), 'class_median_width_scaled': array([0.38888889, 0.5       , 0.44444444, 0.33333333, 0.61111111,
       0.61111111, 0.38888889, 0.44444444, 0.55555556, 0.5       ,
       0.5       , 0.33333333, 0.44444444, 0.38888889, 0.52777778,
       0.38888889, 0.61111111, 0.61111111])}

majority_vote full class metrics: {'class_coverage': array([0.99821109, 0.96864111, 0.99474606, 0.99769053, 0.91489362,
       0.9       , 0.99780461, 0.97368421, 0.4375    , 0.83941606,
       0.89830508, 0.97435897, 0.97984887, 0.9988081 , 0.75      ,
       1.        , 0.87755102, 0.        ]), 'class_mean_width': array([ 7.35241503,  8.6097561 ,  7.85639229,  6.26096998, 10.53191489,
       10.55      ,  6.64105379,  7.89766082,  9.0625    ,  8.67883212,
        9.36440678,  5.98717949,  8.15869018,  6.92252682,  9.125     ,
        7.50555556, 10.30612245, 10.        ]), 'class_median_width': array([ 7. ,  9. ,  8. ,  6. , 11. , 11. ,  7. ,  8. , 10. ,  9. ,  9. ,
        6. ,  8. ,  7. ,  9.5,  7. , 11. , 11. ]), 'class_mean_width_scaled': array([0.4084675 , 0.47831978, 0.43646624, 0.34783167, 0.58510638,
       0.58611111, 0.36894743, 0.43875893, 0.50347222, 0.48215734,
       0.52024482, 0.33262108, 0.45326057, 0.38458482, 0.50694444,
       0.41697531, 0.57256236, 0.55555556]), 'class_median_width_scaled': array([0.38888889, 0.5       , 0.44444444, 0.33333333, 0.61111111,
       0.61111111, 0.38888889, 0.44444444, 0.55555556, 0.5       ,
       0.5       , 0.33333333, 0.44444444, 0.38888889, 0.52777778,
       0.38888889, 0.61111111, 0.61111111])}

Job completed at Thu Mar 20 05:04:06 PM PDT 2025
