Starting job at Thu Mar 20 05:03:55 PM PDT 2025
Job parameters:
Dataset: data_chess
UQ Method: majority_vote
Estimator: HistGradientBoosting
Seed: 786
Train Size: 0.8
Running majority_vote on data_chess with seed 786 and train size 0.8

starting experiment

data created

Fitting majority_vote on data_chess with seed 786

majority_vote metrics: {'coverage': np.float64(0.9793300071275838), 'mean_width': np.float64(7.396471846044191), 'median_width': np.float64(7.0), 'mean_width_scaled': np.float64(0.4109151025580106), 'median_width_scaled': np.float64(0.3888888888888889)}

majority_vote full metrics: {'coverage': np.float64(0.9793300071275838), 'mean_width': np.float64(7.396471846044191), 'median_width': np.float64(7.0), 'mean_width_scaled': np.float64(0.4109151025580106), 'median_width_scaled': np.float64(0.3888888888888889)}

majority_vote class metrics: {'class_coverage': array([1.        , 0.95121951, 0.9737303 , 0.99307159, 0.94680851,
       0.825     , 0.99560922, 0.98245614, 0.6875    , 0.76642336,
       0.93220339, 0.97435897, 0.99748111, 1.        , 0.75      ,
       0.99166667, 1.        , 0.2       ]), 'class_mean_width': array([ 7.24329159,  8.46341463,  7.64798599,  6.24018476, 10.39361702,
       10.675     ,  6.52689352,  7.74561404, 10.6875    ,  8.83941606,
        9.6440678 ,  6.01282051,  7.93702771,  6.8784267 ,  9.5       ,
        7.40277778, 10.42857143, 11.8       ]), 'class_median_width': array([ 7. ,  9. ,  7. ,  6. , 10. , 11. ,  6. ,  8. , 11. ,  9. , 10. ,
        6. ,  8. ,  7. ,  9.5,  7. , 11. , 12. ]), 'class_mean_width_scaled': array([0.40240509, 0.4701897 , 0.42488811, 0.34667693, 0.57742317,
       0.59305556, 0.3626052 , 0.43031189, 0.59375   , 0.49107867,
       0.53578154, 0.33404558, 0.44094598, 0.38213482, 0.52777778,
       0.41126543, 0.57936508, 0.65555556]), 'class_median_width_scaled': array([0.38888889, 0.5       , 0.38888889, 0.33333333, 0.55555556,
       0.61111111, 0.33333333, 0.44444444, 0.61111111, 0.5       ,
       0.55555556, 0.33333333, 0.44444444, 0.38888889, 0.52777778,
       0.38888889, 0.61111111, 0.66666667])}

majority_vote full class metrics: {'class_coverage': array([1.        , 0.95121951, 0.9737303 , 0.99307159, 0.94680851,
       0.825     , 0.99560922, 0.98245614, 0.6875    , 0.76642336,
       0.93220339, 0.97435897, 0.99748111, 1.        , 0.75      ,
       0.99166667, 1.        , 0.2       ]), 'class_mean_width': array([ 7.24329159,  8.46341463,  7.64798599,  6.24018476, 10.39361702,
       10.675     ,  6.52689352,  7.74561404, 10.6875    ,  8.83941606,
        9.6440678 ,  6.01282051,  7.93702771,  6.8784267 ,  9.5       ,
        7.40277778, 10.42857143, 11.8       ]), 'class_median_width': array([ 7. ,  9. ,  7. ,  6. , 10. , 11. ,  6. ,  8. , 11. ,  9. , 10. ,
        6. ,  8. ,  7. ,  9.5,  7. , 11. , 12. ]), 'class_mean_width_scaled': array([0.40240509, 0.4701897 , 0.42488811, 0.34667693, 0.57742317,
       0.59305556, 0.3626052 , 0.43031189, 0.59375   , 0.49107867,
       0.53578154, 0.33404558, 0.44094598, 0.38213482, 0.52777778,
       0.41126543, 0.57936508, 0.65555556]), 'class_median_width_scaled': array([0.38888889, 0.5       , 0.38888889, 0.33333333, 0.55555556,
       0.61111111, 0.33333333, 0.44444444, 0.61111111, 0.5       ,
       0.55555556, 0.33333333, 0.44444444, 0.38888889, 0.52777778,
       0.38888889, 0.61111111, 0.66666667])}

Job completed at Thu Mar 20 05:04:07 PM PDT 2025
