Starting job at Thu Mar 20 05:03:55 PM PDT 2025
Job parameters:
Dataset: data_chess
UQ Method: majority_vote
Estimator: HistGradientBoosting
Seed: 779
Train Size: 0.8
Running majority_vote on data_chess with seed 779 and train size 0.8

starting experiment

data created

Fitting majority_vote on data_chess with seed 779

majority_vote metrics: {'coverage': np.float64(0.9734497505345688), 'mean_width': np.float64(7.371881682109764), 'median_width': np.float64(7.0), 'mean_width_scaled': np.float64(0.4095489823394314), 'median_width_scaled': np.float64(0.3888888888888889)}

majority_vote full metrics: {'coverage': np.float64(0.9734497505345688), 'mean_width': np.float64(7.371881682109764), 'median_width': np.float64(7.0), 'mean_width_scaled': np.float64(0.4095489823394314), 'median_width_scaled': np.float64(0.3888888888888889)}

majority_vote class metrics: {'class_coverage': array([0.99463327, 0.96515679, 0.99299475, 0.99769053, 0.91489362,
       0.675     , 1.        , 0.98245614, 0.4375    , 0.88321168,
       0.83050847, 0.80769231, 0.96221662, 1.        , 0.0625    ,
       0.9875    , 0.97959184, 0.2       ]), 'class_mean_width': array([ 7.17889088,  8.34146341,  7.71628722,  6.12471132,  9.55319149,
       10.2       ,  6.49835346,  8.11988304,  9.8125    ,  8.68613139,
        9.07627119,  5.87179487,  8.04282116,  6.87961859,  8.9375    ,
        7.46666667, 10.        , 10.6       ]), 'class_median_width': array([ 7. ,  8. ,  8. ,  6. , 10. , 10. ,  6. ,  8. , 10. ,  9. ,  9. ,
        6. ,  8. ,  7. ,  9.5,  7. , 10. , 11. ]), 'class_mean_width_scaled': array([0.39882727, 0.46341463, 0.42868262, 0.34026174, 0.53073286,
       0.56666667, 0.36101964, 0.45110461, 0.54513889, 0.48256285,
       0.50423729, 0.32621083, 0.4468234 , 0.38220103, 0.49652778,
       0.41481481, 0.55555556, 0.58888889]), 'class_median_width_scaled': array([0.38888889, 0.44444444, 0.44444444, 0.33333333, 0.55555556,
       0.55555556, 0.33333333, 0.44444444, 0.55555556, 0.5       ,
       0.5       , 0.33333333, 0.44444444, 0.38888889, 0.52777778,
       0.38888889, 0.55555556, 0.61111111])}

majority_vote full class metrics: {'class_coverage': array([0.99463327, 0.96515679, 0.99299475, 0.99769053, 0.91489362,
       0.675     , 1.        , 0.98245614, 0.4375    , 0.88321168,
       0.83050847, 0.80769231, 0.96221662, 1.        , 0.0625    ,
       0.9875    , 0.97959184, 0.2       ]), 'class_mean_width': array([ 7.17889088,  8.34146341,  7.71628722,  6.12471132,  9.55319149,
       10.2       ,  6.49835346,  8.11988304,  9.8125    ,  8.68613139,
        9.07627119,  5.87179487,  8.04282116,  6.87961859,  8.9375    ,
        7.46666667, 10.        , 10.6       ]), 'class_median_width': array([ 7. ,  8. ,  8. ,  6. , 10. , 10. ,  6. ,  8. , 10. ,  9. ,  9. ,
        6. ,  8. ,  7. ,  9.5,  7. , 10. , 11. ]), 'class_mean_width_scaled': array([0.39882727, 0.46341463, 0.42868262, 0.34026174, 0.53073286,
       0.56666667, 0.36101964, 0.45110461, 0.54513889, 0.48256285,
       0.50423729, 0.32621083, 0.4468234 , 0.38220103, 0.49652778,
       0.41481481, 0.55555556, 0.58888889]), 'class_median_width_scaled': array([0.38888889, 0.44444444, 0.44444444, 0.33333333, 0.55555556,
       0.55555556, 0.33333333, 0.44444444, 0.55555556, 0.5       ,
       0.5       , 0.33333333, 0.44444444, 0.38888889, 0.52777778,
       0.38888889, 0.55555556, 0.61111111])}

Job completed at Thu Mar 20 05:04:07 PM PDT 2025
