Starting job at Thu Mar 20 05:03:54 PM PDT 2025
Job parameters:
Dataset: data_chess
UQ Method: majority_vote
Estimator: HistGradientBoosting
Seed: 783
Train Size: 0.8
Running majority_vote on data_chess with seed 783 and train size 0.8

starting experiment

data created

Fitting majority_vote on data_chess with seed 783

majority_vote metrics: {'coverage': np.float64(0.981111903064861), 'mean_width': np.float64(7.5465074839629365), 'median_width': np.float64(7.0), 'mean_width_scaled': np.float64(0.4192504157757187), 'median_width_scaled': np.float64(0.3888888888888889)}

majority_vote full metrics: {'coverage': np.float64(0.981111903064861), 'mean_width': np.float64(7.5465074839629365), 'median_width': np.float64(7.0), 'mean_width_scaled': np.float64(0.4192504157757187), 'median_width_scaled': np.float64(0.3888888888888889)}

majority_vote class metrics: {'class_coverage': array([0.99821109, 0.93728223, 0.99124343, 1.        , 0.89361702,
       0.85      , 0.99780461, 0.9619883 , 0.375     , 0.93430657,
       0.91525424, 0.93589744, 0.98992443, 0.99761621, 0.6875    ,
       1.        , 0.95918367, 0.2       ]), 'class_mean_width': array([ 7.32915921,  8.64111498,  7.82486865,  6.54965358,  9.96808511,
       10.725     ,  6.82546652,  7.96491228, 10.4375    ,  8.81021898,
        9.6779661 ,  6.69230769,  7.96473552,  6.96305125, 10.625     ,
        7.50416667, 10.10204082, 10.4       ]), 'class_median_width': array([ 7. ,  9. ,  8. ,  7. , 10. , 11. ,  7. ,  8. , 10. ,  9. , 10. ,
        7. ,  8. ,  7. , 10.5,  7. , 10. , 10. ]), 'class_mean_width_scaled': array([0.40717551, 0.48006194, 0.43471493, 0.36386964, 0.55378251,
       0.59583333, 0.37919258, 0.44249513, 0.57986111, 0.48945661,
       0.53766478, 0.37179487, 0.44248531, 0.38683618, 0.59027778,
       0.41689815, 0.56122449, 0.57777778]), 'class_median_width_scaled': array([0.38888889, 0.5       , 0.44444444, 0.38888889, 0.55555556,
       0.61111111, 0.38888889, 0.44444444, 0.55555556, 0.5       ,
       0.55555556, 0.38888889, 0.44444444, 0.38888889, 0.58333333,
       0.38888889, 0.55555556, 0.55555556])}

majority_vote full class metrics: {'class_coverage': array([0.99821109, 0.93728223, 0.99124343, 1.        , 0.89361702,
       0.85      , 0.99780461, 0.9619883 , 0.375     , 0.93430657,
       0.91525424, 0.93589744, 0.98992443, 0.99761621, 0.6875    ,
       1.        , 0.95918367, 0.2       ]), 'class_mean_width': array([ 7.32915921,  8.64111498,  7.82486865,  6.54965358,  9.96808511,
       10.725     ,  6.82546652,  7.96491228, 10.4375    ,  8.81021898,
        9.6779661 ,  6.69230769,  7.96473552,  6.96305125, 10.625     ,
        7.50416667, 10.10204082, 10.4       ]), 'class_median_width': array([ 7. ,  9. ,  8. ,  7. , 10. , 11. ,  7. ,  8. , 10. ,  9. , 10. ,
        7. ,  8. ,  7. , 10.5,  7. , 10. , 10. ]), 'class_mean_width_scaled': array([0.40717551, 0.48006194, 0.43471493, 0.36386964, 0.55378251,
       0.59583333, 0.37919258, 0.44249513, 0.57986111, 0.48945661,
       0.53766478, 0.37179487, 0.44248531, 0.38683618, 0.59027778,
       0.41689815, 0.56122449, 0.57777778]), 'class_median_width_scaled': array([0.38888889, 0.5       , 0.44444444, 0.38888889, 0.55555556,
       0.61111111, 0.38888889, 0.44444444, 0.55555556, 0.5       ,
       0.55555556, 0.38888889, 0.44444444, 0.38888889, 0.58333333,
       0.38888889, 0.55555556, 0.55555556])}

Job completed at Thu Mar 20 05:04:07 PM PDT 2025
