Starting job at Wed Mar 19 06:29:56 PM PDT 2025
Job parameters:
Dataset: data_isolet
UQ Method: split_conformal_lac
Estimator: AdaBoost
Seed: 782
Train Size: 0.8
Running split_conformal_lac on data_isolet with seed 782 and train size 0.8

starting experiment

data created

Fitting split_conformal_lac_AdaBoost on data_isolet with seed 782

split_conformal_lac_AdaBoost metrics: {'coverage': np.float64(0.9826923076923076), 'mean_width': np.float64(19.49230769230769), 'median_width': np.float64(22.0), 'mean_width_scaled': np.float64(0.7497041420118342), 'median_width_scaled': np.float64(0.8461538461538461)}

split_conformal_lac_AdaBoost full metrics: {'coverage': np.float64(0.9826923076923076), 'mean_width': np.float64(19.49230769230769), 'median_width': np.float64(22.0), 'mean_width_scaled': np.float64(0.7497041420118342), 'median_width_scaled': np.float64(0.8461538461538461)}

split_conformal_lac_AdaBoost class metrics: {'class_coverage': array([0.98333333, 1.        , 1.        , 0.98333333, 1.        ,
       0.98333333, 1.        , 1.        , 1.        , 1.        ,
       1.        , 1.        , 1.        , 1.        , 1.        ,
       1.        , 0.86666667, 1.        , 1.        , 1.        ,
       1.        , 0.98333333, 0.81666667, 0.98333333, 0.96666667,
       0.98333333]), 'class_mean_width': array([21.76666667, 22.        , 22.        , 21.76666667, 22.        ,
       21.68333333, 22.        , 22.        , 22.        , 22.        ,
        1.35      , 22.        , 22.        , 22.        , 22.        ,
       22.        ,  8.        , 22.        , 22.        , 22.        ,
       22.        , 21.76666667,  9.03333333, 21.76666667,  5.96666667,
       21.7       ]), 'class_median_width': array([22., 22., 22., 22., 22., 22., 22., 22., 22., 22.,  1., 22., 22.,
       22., 22., 22.,  8., 22., 22., 22., 22., 22.,  8., 22.,  4., 22.]), 'class_mean_width_scaled': array([0.83717949, 0.84615385, 0.84615385, 0.83717949, 0.84615385,
       0.83397436, 0.84615385, 0.84615385, 0.84615385, 0.84615385,
       0.05192308, 0.84615385, 0.84615385, 0.84615385, 0.84615385,
       0.84615385, 0.30769231, 0.84615385, 0.84615385, 0.84615385,
       0.84615385, 0.83717949, 0.3474359 , 0.83717949, 0.22948718,
       0.83461538]), 'class_median_width_scaled': array([0.84615385, 0.84615385, 0.84615385, 0.84615385, 0.84615385,
       0.84615385, 0.84615385, 0.84615385, 0.84615385, 0.84615385,
       0.03846154, 0.84615385, 0.84615385, 0.84615385, 0.84615385,
       0.84615385, 0.30769231, 0.84615385, 0.84615385, 0.84615385,
       0.84615385, 0.84615385, 0.30769231, 0.84615385, 0.15384615,
       0.84615385])}

split_conformal_lac_AdaBoost full class metrics: {'class_coverage': array([0.98333333, 1.        , 1.        , 0.98333333, 1.        ,
       0.98333333, 1.        , 1.        , 1.        , 1.        ,
       1.        , 1.        , 1.        , 1.        , 1.        ,
       1.        , 0.86666667, 1.        , 1.        , 1.        ,
       1.        , 0.98333333, 0.81666667, 0.98333333, 0.96666667,
       0.98333333]), 'class_mean_width': array([21.76666667, 22.        , 22.        , 21.76666667, 22.        ,
       21.68333333, 22.        , 22.        , 22.        , 22.        ,
        1.35      , 22.        , 22.        , 22.        , 22.        ,
       22.        ,  8.        , 22.        , 22.        , 22.        ,
       22.        , 21.76666667,  9.03333333, 21.76666667,  5.96666667,
       21.7       ]), 'class_median_width': array([22., 22., 22., 22., 22., 22., 22., 22., 22., 22.,  1., 22., 22.,
       22., 22., 22.,  8., 22., 22., 22., 22., 22.,  8., 22.,  4., 22.]), 'class_mean_width_scaled': array([0.83717949, 0.84615385, 0.84615385, 0.83717949, 0.84615385,
       0.83397436, 0.84615385, 0.84615385, 0.84615385, 0.84615385,
       0.05192308, 0.84615385, 0.84615385, 0.84615385, 0.84615385,
       0.84615385, 0.30769231, 0.84615385, 0.84615385, 0.84615385,
       0.84615385, 0.83717949, 0.3474359 , 0.83717949, 0.22948718,
       0.83461538]), 'class_median_width_scaled': array([0.84615385, 0.84615385, 0.84615385, 0.84615385, 0.84615385,
       0.84615385, 0.84615385, 0.84615385, 0.84615385, 0.84615385,
       0.03846154, 0.84615385, 0.84615385, 0.84615385, 0.84615385,
       0.84615385, 0.30769231, 0.84615385, 0.84615385, 0.84615385,
       0.84615385, 0.84615385, 0.30769231, 0.84615385, 0.15384615,
       0.84615385])}

Job completed at Wed Mar 19 06:30:14 PM PDT 2025
