Starting job at Wed Mar 19 06:29:44 PM PDT 2025
Job parameters:
Dataset: data_isolet
UQ Method: split_conformal_lac
Estimator: AdaBoost
Seed: 778
Train Size: 0.8
Running split_conformal_lac on data_isolet with seed 778 and train size 0.8

starting experiment

data created

Fitting split_conformal_lac_AdaBoost on data_isolet with seed 778

split_conformal_lac_AdaBoost metrics: {'coverage': np.float64(0.916025641025641), 'mean_width': np.float64(12.441025641025641), 'median_width': np.float64(9.0), 'mean_width_scaled': np.float64(0.4785009861932939), 'median_width_scaled': np.float64(0.34615384615384615)}

split_conformal_lac_AdaBoost full metrics: {'coverage': np.float64(0.916025641025641), 'mean_width': np.float64(12.441025641025641), 'median_width': np.float64(9.0), 'mean_width_scaled': np.float64(0.4785009861932939), 'median_width_scaled': np.float64(0.34615384615384615)}

split_conformal_lac_AdaBoost class metrics: {'class_coverage': array([1.        , 0.31666667, 1.        , 1.        , 1.        ,
       1.        , 1.        , 0.96666667, 0.93333333, 1.        ,
       1.        , 0.95      , 0.98333333, 1.        , 0.98333333,
       0.33333333, 0.93333333, 1.        , 0.98333333, 0.95      ,
       0.98333333, 0.98333333, 0.73333333, 0.95      , 0.83333333,
       1.        ]), 'class_mean_width': array([ 9.11666667, 11.56666667,  9.41666667,  9.        ,  9.26666667,
        9.73333333,  9.        , 17.66666667, 17.36666667,  9.        ,
        4.06666667, 17.66666667, 17.81666667, 18.        , 17.81666667,
       12.        ,  5.26666667,  9.6       , 17.81666667, 17.45      ,
       17.85      , 17.85      ,  6.03333333, 17.45      ,  6.65      ,
        9.        ]), 'class_median_width': array([ 9.,  9.,  9.,  9.,  9.,  9.,  9., 18., 18.,  9.,  4., 18., 18.,
       18., 18.,  9.,  5.,  9., 18., 18., 18., 18.,  5., 18.,  5.,  9.]), 'class_mean_width_scaled': array([0.35064103, 0.44487179, 0.36217949, 0.34615385, 0.35641026,
       0.37435897, 0.34615385, 0.67948718, 0.66794872, 0.34615385,
       0.15641026, 0.67948718, 0.68525641, 0.69230769, 0.68525641,
       0.46153846, 0.2025641 , 0.36923077, 0.68525641, 0.67115385,
       0.68653846, 0.68653846, 0.23205128, 0.67115385, 0.25576923,
       0.34615385]), 'class_median_width_scaled': array([0.34615385, 0.34615385, 0.34615385, 0.34615385, 0.34615385,
       0.34615385, 0.34615385, 0.69230769, 0.69230769, 0.34615385,
       0.15384615, 0.69230769, 0.69230769, 0.69230769, 0.69230769,
       0.34615385, 0.19230769, 0.34615385, 0.69230769, 0.69230769,
       0.69230769, 0.69230769, 0.19230769, 0.69230769, 0.19230769,
       0.34615385])}

split_conformal_lac_AdaBoost full class metrics: {'class_coverage': array([1.        , 0.31666667, 1.        , 1.        , 1.        ,
       1.        , 1.        , 0.96666667, 0.93333333, 1.        ,
       1.        , 0.95      , 0.98333333, 1.        , 0.98333333,
       0.33333333, 0.93333333, 1.        , 0.98333333, 0.95      ,
       0.98333333, 0.98333333, 0.73333333, 0.95      , 0.83333333,
       1.        ]), 'class_mean_width': array([ 9.11666667, 11.56666667,  9.41666667,  9.        ,  9.26666667,
        9.73333333,  9.        , 17.66666667, 17.36666667,  9.        ,
        4.06666667, 17.66666667, 17.81666667, 18.        , 17.81666667,
       12.        ,  5.26666667,  9.6       , 17.81666667, 17.45      ,
       17.85      , 17.85      ,  6.03333333, 17.45      ,  6.65      ,
        9.        ]), 'class_median_width': array([ 9.,  9.,  9.,  9.,  9.,  9.,  9., 18., 18.,  9.,  4., 18., 18.,
       18., 18.,  9.,  5.,  9., 18., 18., 18., 18.,  5., 18.,  5.,  9.]), 'class_mean_width_scaled': array([0.35064103, 0.44487179, 0.36217949, 0.34615385, 0.35641026,
       0.37435897, 0.34615385, 0.67948718, 0.66794872, 0.34615385,
       0.15641026, 0.67948718, 0.68525641, 0.69230769, 0.68525641,
       0.46153846, 0.2025641 , 0.36923077, 0.68525641, 0.67115385,
       0.68653846, 0.68653846, 0.23205128, 0.67115385, 0.25576923,
       0.34615385]), 'class_median_width_scaled': array([0.34615385, 0.34615385, 0.34615385, 0.34615385, 0.34615385,
       0.34615385, 0.34615385, 0.69230769, 0.69230769, 0.34615385,
       0.15384615, 0.69230769, 0.69230769, 0.69230769, 0.69230769,
       0.34615385, 0.19230769, 0.34615385, 0.69230769, 0.69230769,
       0.69230769, 0.69230769, 0.19230769, 0.69230769, 0.19230769,
       0.34615385])}

Job completed at Wed Mar 19 06:30:01 PM PDT 2025
