Starting job at Thu Mar 20 05:03:07 PM PDT 2025
Job parameters:
Dataset: data_yeast
UQ Method: split_conformal_aps
Estimator: AdaBoost
Seed: 785
Train Size: 0.8
Running split_conformal_aps on data_yeast with seed 785 and train size 0.8

starting experiment

data created

Fitting split_conformal_aps_AdaBoost on data_yeast with seed 785

split_conformal_aps_AdaBoost metrics: {'coverage': np.float64(0.8787878787878788), 'mean_width': np.float64(3.016835016835017), 'median_width': np.float64(3.0), 'mean_width_scaled': np.float64(0.30168350168350166), 'median_width_scaled': np.float64(0.3)}

split_conformal_aps_AdaBoost full metrics: {'coverage': np.float64(0.8787878787878788), 'mean_width': np.float64(3.016835016835017), 'median_width': np.float64(3.0), 'mean_width_scaled': np.float64(0.30168350168350166), 'median_width_scaled': np.float64(0.3)}

split_conformal_aps_AdaBoost class metrics: {'class_coverage': array([0.91397849, 1.        , 0.42857143, 0.66666667, 0.5       ,
       0.9375    , 0.97959184, 0.94186047, 0.5       , 0.        ]), 'class_mean_width': array([2.96774194, 1.        , 3.71428571, 2.88888889, 4.9       ,
       3.03125   , 2.91836735, 2.90697674, 2.75      , 2.83333333]), 'class_median_width': array([3., 1., 3., 2., 3., 3., 3., 3., 3., 3.]), 'class_mean_width_scaled': array([0.29677419, 0.1       , 0.37142857, 0.28888889, 0.49      ,
       0.303125  , 0.29183673, 0.29069767, 0.275     , 0.28333333]), 'class_median_width_scaled': array([0.3, 0.1, 0.3, 0.2, 0.3, 0.3, 0.3, 0.3, 0.3, 0.3])}

split_conformal_aps_AdaBoost full class metrics: {'class_coverage': array([0.91397849, 1.        , 0.42857143, 0.66666667, 0.5       ,
       0.9375    , 0.97959184, 0.94186047, 0.5       , 0.        ]), 'class_mean_width': array([2.96774194, 1.        , 3.71428571, 2.88888889, 4.9       ,
       3.03125   , 2.91836735, 2.90697674, 2.75      , 2.83333333]), 'class_median_width': array([3., 1., 3., 2., 3., 3., 3., 3., 3., 3.]), 'class_mean_width_scaled': array([0.29677419, 0.1       , 0.37142857, 0.28888889, 0.49      ,
       0.303125  , 0.29183673, 0.29069767, 0.275     , 0.28333333]), 'class_median_width_scaled': array([0.3, 0.1, 0.3, 0.2, 0.3, 0.3, 0.3, 0.3, 0.3, 0.3])}

Job completed at Thu Mar 20 05:03:09 PM PDT 2025
