Starting job at Thu Mar 20 05:03:04 PM PDT 2025
Job parameters:
Dataset: data_yeast
UQ Method: split_conformal_aps
Estimator: AdaBoost
Seed: 779
Train Size: 0.8
Running split_conformal_aps on data_yeast with seed 779 and train size 0.8

starting experiment

data created

Fitting split_conformal_aps_AdaBoost on data_yeast with seed 779

split_conformal_aps_AdaBoost metrics: {'coverage': np.float64(0.9158249158249159), 'mean_width': np.float64(4.134680134680135), 'median_width': np.float64(4.0), 'mean_width_scaled': np.float64(0.4134680134680135), 'median_width_scaled': np.float64(0.4)}

split_conformal_aps_AdaBoost full metrics: {'coverage': np.float64(0.9158249158249159), 'mean_width': np.float64(4.134680134680135), 'median_width': np.float64(4.0), 'mean_width_scaled': np.float64(0.4134680134680135), 'median_width_scaled': np.float64(0.4)}

split_conformal_aps_AdaBoost class metrics: {'class_coverage': array([0.96774194, 0.        , 1.        , 0.        , 0.7       ,
       0.96875   , 1.        , 0.98837209, 0.        , 0.5       ]), 'class_mean_width': array([4.1827957 , 1.        , 3.71428571, 3.77777778, 3.4       ,
       4.09375   , 4.2244898 , 4.25581395, 4.        , 4.        ]), 'class_median_width': array([4., 1., 4., 4., 3., 4., 4., 4., 4., 4.]), 'class_mean_width_scaled': array([0.41827957, 0.1       , 0.37142857, 0.37777778, 0.34      ,
       0.409375  , 0.42244898, 0.4255814 , 0.4       , 0.4       ]), 'class_median_width_scaled': array([0.4, 0.1, 0.4, 0.4, 0.3, 0.4, 0.4, 0.4, 0.4, 0.4])}

split_conformal_aps_AdaBoost full class metrics: {'class_coverage': array([0.96774194, 0.        , 1.        , 0.        , 0.7       ,
       0.96875   , 1.        , 0.98837209, 0.        , 0.5       ]), 'class_mean_width': array([4.1827957 , 1.        , 3.71428571, 3.77777778, 3.4       ,
       4.09375   , 4.2244898 , 4.25581395, 4.        , 4.        ]), 'class_median_width': array([4., 1., 4., 4., 3., 4., 4., 4., 4., 4.]), 'class_mean_width_scaled': array([0.41827957, 0.1       , 0.37142857, 0.37777778, 0.34      ,
       0.409375  , 0.42244898, 0.4255814 , 0.4       , 0.4       ]), 'class_median_width_scaled': array([0.4, 0.1, 0.4, 0.4, 0.3, 0.4, 0.4, 0.4, 0.4, 0.4])}

Job completed at Thu Mar 20 05:03:06 PM PDT 2025
