Starting job at Thu Mar 20 05:03:35 PM PDT 2025
Job parameters:
Dataset: data_cover_type
UQ Method: split_conformal_raps
Estimator: ExtraTrees
Seed: 779
Train Size: 0.8
Running split_conformal_raps on data_cover_type with seed 779 and train size 0.8

starting experiment

data created

Fitting split_conformal_raps_ExtraTrees on data_cover_type with seed 779

split_conformal_raps_ExtraTrees metrics: {'coverage': np.float64(0.8895), 'mean_width': np.float64(11.2675), 'median_width': np.float64(13.0), 'mean_width_scaled': np.float64(0.112675), 'median_width_scaled': np.float64(0.13)}

split_conformal_raps_ExtraTrees full metrics: {'coverage': np.float64(0.8895), 'mean_width': np.float64(11.2675), 'median_width': np.float64(13.0), 'mean_width_scaled': np.float64(0.112675), 'median_width_scaled': np.float64(0.13)}

split_conformal_raps_ExtraTrees class metrics: {'class_coverage': array([0.95, 0.8 , 0.85, 0.95, 0.75, 0.65, 0.95, 0.6 , 0.9 , 0.9 , 0.75,
       1.  , 0.9 , 0.85, 0.9 , 0.85, 0.95, 0.8 , 0.95, 0.95, 1.  , 1.  ,
       0.75, 1.  , 1.  , 0.8 , 1.  , 1.  , 0.65, 1.  , 1.  , 0.7 , 0.8 ,
       1.  , 1.  , 0.9 , 0.8 , 0.75, 0.4 , 0.9 , 0.95, 0.9 , 0.85, 1.  ,
       1.  , 1.  , 1.  , 1.  , 1.  , 0.9 , 1.  , 0.95, 1.  , 0.85, 0.75,
       0.9 , 0.65, 1.  , 0.9 , 1.  , 0.75, 0.6 , 1.  , 1.  , 0.85, 0.8 ,
       1.  , 1.  , 0.6 , 0.65, 0.95, 1.  , 0.95, 0.9 , 0.95, 0.9 , 1.  ,
       0.6 , 0.9 , 0.8 , 0.8 , 1.  , 0.75, 0.95, 0.95, 0.95, 0.85, 0.9 ,
       0.85, 0.95, 0.85, 1.  , 0.8 , 1.  , 0.9 , 1.  , 1.  , 1.  , 1.  ,
       1.  ]), 'class_mean_width': array([12.9 , 12.65, 10.85,  9.8 , 13.  , 11.45, 12.75, 13.  , 12.95,
       13.  , 11.85, 10.6 , 10.4 , 12.65, 12.85, 12.3 , 12.05, 10.35,
       10.15,  9.45, 10.75, 13.  , 10.4 ,  9.  , 13.  , 12.25,  4.9 ,
       12.2 , 11.95,  9.25,  8.7 , 11.85, 11.3 , 12.7 , 13.  , 12.8 ,
       11.3 , 12.5 , 11.45, 12.7 ,  8.1 , 12.8 , 12.45,  2.7 , 11.85,
       13.  , 12.85, 10.65,  8.85, 11.95, 12.2 ,  7.2 , 11.2 , 12.85,
       12.65, 12.95, 12.  , 12.45, 10.95,  6.95, 12.8 , 13.  , 12.9 ,
       11.8 , 13.  , 12.6 , 13.  , 12.25, 12.15, 12.95, 13.  , 12.15,
        7.2 , 13.  ,  7.85, 11.35, 10.5 , 12.1 ,  8.35, 12.45, 12.3 ,
       12.45, 12.9 , 12.4 , 10.95,  7.55, 10.75, 11.85, 10.2 , 13.  ,
       12.75, 13.  , 12.05,  9.5 ,  6.7 , 10.25, 10.  ,  9.25, 10.05,
        7.85]), 'class_median_width': array([13. , 13. , 11. , 10. , 13. , 12. , 13. , 13. , 13. , 13. , 13. ,
       11. , 12. , 13. , 13. , 13. , 13. , 10. , 11. , 10. , 10.5, 13. ,
        9. ,  9. , 13. , 13. ,  5. , 13. , 12.5, 10. ,  9. , 13. , 12. ,
       13. , 13. , 13. , 12.5, 13. , 12.5, 13. ,  8. , 13. , 13. ,  2. ,
       12.5, 13. , 13. , 12.5,  8.5, 13. , 13. ,  6. , 11. , 13. , 13. ,
       13. , 13. , 13. , 11.5,  6.5, 13. , 13. , 13. , 13. , 13. , 13. ,
       13. , 13. , 13. , 13. , 13. , 13. ,  7. , 13. ,  8. , 13. , 11.5,
       13. ,  9. , 13. , 13. , 13. , 13. , 13. , 11.5,  7. , 11. , 12.5,
       11. , 13. , 13. , 13. , 13. ,  9. ,  7. , 10. , 10. , 10. , 10. ,
        8. ]), 'class_mean_width_scaled': array([0.129 , 0.1265, 0.1085, 0.098 , 0.13  , 0.1145, 0.1275, 0.13  ,
       0.1295, 0.13  , 0.1185, 0.106 , 0.104 , 0.1265, 0.1285, 0.123 ,
       0.1205, 0.1035, 0.1015, 0.0945, 0.1075, 0.13  , 0.104 , 0.09  ,
       0.13  , 0.1225, 0.049 , 0.122 , 0.1195, 0.0925, 0.087 , 0.1185,
       0.113 , 0.127 , 0.13  , 0.128 , 0.113 , 0.125 , 0.1145, 0.127 ,
       0.081 , 0.128 , 0.1245, 0.027 , 0.1185, 0.13  , 0.1285, 0.1065,
       0.0885, 0.1195, 0.122 , 0.072 , 0.112 , 0.1285, 0.1265, 0.1295,
       0.12  , 0.1245, 0.1095, 0.0695, 0.128 , 0.13  , 0.129 , 0.118 ,
       0.13  , 0.126 , 0.13  , 0.1225, 0.1215, 0.1295, 0.13  , 0.1215,
       0.072 , 0.13  , 0.0785, 0.1135, 0.105 , 0.121 , 0.0835, 0.1245,
       0.123 , 0.1245, 0.129 , 0.124 , 0.1095, 0.0755, 0.1075, 0.1185,
       0.102 , 0.13  , 0.1275, 0.13  , 0.1205, 0.095 , 0.067 , 0.1025,
       0.1   , 0.0925, 0.1005, 0.0785]), 'class_median_width_scaled': array([0.13 , 0.13 , 0.11 , 0.1  , 0.13 , 0.12 , 0.13 , 0.13 , 0.13 ,
       0.13 , 0.13 , 0.11 , 0.12 , 0.13 , 0.13 , 0.13 , 0.13 , 0.1  ,
       0.11 , 0.1  , 0.105, 0.13 , 0.09 , 0.09 , 0.13 , 0.13 , 0.05 ,
       0.13 , 0.125, 0.1  , 0.09 , 0.13 , 0.12 , 0.13 , 0.13 , 0.13 ,
       0.125, 0.13 , 0.125, 0.13 , 0.08 , 0.13 , 0.13 , 0.02 , 0.125,
       0.13 , 0.13 , 0.125, 0.085, 0.13 , 0.13 , 0.06 , 0.11 , 0.13 ,
       0.13 , 0.13 , 0.13 , 0.13 , 0.115, 0.065, 0.13 , 0.13 , 0.13 ,
       0.13 , 0.13 , 0.13 , 0.13 , 0.13 , 0.13 , 0.13 , 0.13 , 0.13 ,
       0.07 , 0.13 , 0.08 , 0.13 , 0.115, 0.13 , 0.09 , 0.13 , 0.13 ,
       0.13 , 0.13 , 0.13 , 0.115, 0.07 , 0.11 , 0.125, 0.11 , 0.13 ,
       0.13 , 0.13 , 0.13 , 0.09 , 0.07 , 0.1  , 0.1  , 0.1  , 0.1  ,
       0.08 ])}

split_conformal_raps_ExtraTrees full class metrics: {'class_coverage': array([0.95, 0.8 , 0.85, 0.95, 0.75, 0.65, 0.95, 0.6 , 0.9 , 0.9 , 0.75,
       1.  , 0.9 , 0.85, 0.9 , 0.85, 0.95, 0.8 , 0.95, 0.95, 1.  , 1.  ,
       0.75, 1.  , 1.  , 0.8 , 1.  , 1.  , 0.65, 1.  , 1.  , 0.7 , 0.8 ,
       1.  , 1.  , 0.9 , 0.8 , 0.75, 0.4 , 0.9 , 0.95, 0.9 , 0.85, 1.  ,
       1.  , 1.  , 1.  , 1.  , 1.  , 0.9 , 1.  , 0.95, 1.  , 0.85, 0.75,
       0.9 , 0.65, 1.  , 0.9 , 1.  , 0.75, 0.6 , 1.  , 1.  , 0.85, 0.8 ,
       1.  , 1.  , 0.6 , 0.65, 0.95, 1.  , 0.95, 0.9 , 0.95, 0.9 , 1.  ,
       0.6 , 0.9 , 0.8 , 0.8 , 1.  , 0.75, 0.95, 0.95, 0.95, 0.85, 0.9 ,
       0.85, 0.95, 0.85, 1.  , 0.8 , 1.  , 0.9 , 1.  , 1.  , 1.  , 1.  ,
       1.  ]), 'class_mean_width': array([12.9 , 12.65, 10.85,  9.8 , 13.  , 11.45, 12.75, 13.  , 12.95,
       13.  , 11.85, 10.6 , 10.4 , 12.65, 12.85, 12.3 , 12.05, 10.35,
       10.15,  9.45, 10.75, 13.  , 10.4 ,  9.  , 13.  , 12.25,  4.9 ,
       12.2 , 11.95,  9.25,  8.7 , 11.85, 11.3 , 12.7 , 13.  , 12.8 ,
       11.3 , 12.5 , 11.45, 12.7 ,  8.1 , 12.8 , 12.45,  2.7 , 11.85,
       13.  , 12.85, 10.65,  8.85, 11.95, 12.2 ,  7.2 , 11.2 , 12.85,
       12.65, 12.95, 12.  , 12.45, 10.95,  6.95, 12.8 , 13.  , 12.9 ,
       11.8 , 13.  , 12.6 , 13.  , 12.25, 12.15, 12.95, 13.  , 12.15,
        7.2 , 13.  ,  7.85, 11.35, 10.5 , 12.1 ,  8.35, 12.45, 12.3 ,
       12.45, 12.9 , 12.4 , 10.95,  7.55, 10.75, 11.85, 10.2 , 13.  ,
       12.75, 13.  , 12.05,  9.5 ,  6.7 , 10.25, 10.  ,  9.25, 10.05,
        7.85]), 'class_median_width': array([13. , 13. , 11. , 10. , 13. , 12. , 13. , 13. , 13. , 13. , 13. ,
       11. , 12. , 13. , 13. , 13. , 13. , 10. , 11. , 10. , 10.5, 13. ,
        9. ,  9. , 13. , 13. ,  5. , 13. , 12.5, 10. ,  9. , 13. , 12. ,
       13. , 13. , 13. , 12.5, 13. , 12.5, 13. ,  8. , 13. , 13. ,  2. ,
       12.5, 13. , 13. , 12.5,  8.5, 13. , 13. ,  6. , 11. , 13. , 13. ,
       13. , 13. , 13. , 11.5,  6.5, 13. , 13. , 13. , 13. , 13. , 13. ,
       13. , 13. , 13. , 13. , 13. , 13. ,  7. , 13. ,  8. , 13. , 11.5,
       13. ,  9. , 13. , 13. , 13. , 13. , 13. , 11.5,  7. , 11. , 12.5,
       11. , 13. , 13. , 13. , 13. ,  9. ,  7. , 10. , 10. , 10. , 10. ,
        8. ]), 'class_mean_width_scaled': array([0.129 , 0.1265, 0.1085, 0.098 , 0.13  , 0.1145, 0.1275, 0.13  ,
       0.1295, 0.13  , 0.1185, 0.106 , 0.104 , 0.1265, 0.1285, 0.123 ,
       0.1205, 0.1035, 0.1015, 0.0945, 0.1075, 0.13  , 0.104 , 0.09  ,
       0.13  , 0.1225, 0.049 , 0.122 , 0.1195, 0.0925, 0.087 , 0.1185,
       0.113 , 0.127 , 0.13  , 0.128 , 0.113 , 0.125 , 0.1145, 0.127 ,
       0.081 , 0.128 , 0.1245, 0.027 , 0.1185, 0.13  , 0.1285, 0.1065,
       0.0885, 0.1195, 0.122 , 0.072 , 0.112 , 0.1285, 0.1265, 0.1295,
       0.12  , 0.1245, 0.1095, 0.0695, 0.128 , 0.13  , 0.129 , 0.118 ,
       0.13  , 0.126 , 0.13  , 0.1225, 0.1215, 0.1295, 0.13  , 0.1215,
       0.072 , 0.13  , 0.0785, 0.1135, 0.105 , 0.121 , 0.0835, 0.1245,
       0.123 , 0.1245, 0.129 , 0.124 , 0.1095, 0.0755, 0.1075, 0.1185,
       0.102 , 0.13  , 0.1275, 0.13  , 0.1205, 0.095 , 0.067 , 0.1025,
       0.1   , 0.0925, 0.1005, 0.0785]), 'class_median_width_scaled': array([0.13 , 0.13 , 0.11 , 0.1  , 0.13 , 0.12 , 0.13 , 0.13 , 0.13 ,
       0.13 , 0.13 , 0.11 , 0.12 , 0.13 , 0.13 , 0.13 , 0.13 , 0.1  ,
       0.11 , 0.1  , 0.105, 0.13 , 0.09 , 0.09 , 0.13 , 0.13 , 0.05 ,
       0.13 , 0.125, 0.1  , 0.09 , 0.13 , 0.12 , 0.13 , 0.13 , 0.13 ,
       0.125, 0.13 , 0.125, 0.13 , 0.08 , 0.13 , 0.13 , 0.02 , 0.125,
       0.13 , 0.13 , 0.125, 0.085, 0.13 , 0.13 , 0.06 , 0.11 , 0.13 ,
       0.13 , 0.13 , 0.13 , 0.13 , 0.115, 0.065, 0.13 , 0.13 , 0.13 ,
       0.13 , 0.13 , 0.13 , 0.13 , 0.13 , 0.13 , 0.13 , 0.13 , 0.13 ,
       0.07 , 0.13 , 0.08 , 0.13 , 0.115, 0.13 , 0.09 , 0.13 , 0.13 ,
       0.13 , 0.13 , 0.13 , 0.115, 0.07 , 0.11 , 0.125, 0.11 , 0.13 ,
       0.13 , 0.13 , 0.13 , 0.09 , 0.07 , 0.1  , 0.1  , 0.1  , 0.1  ,
       0.08 ])}

Job completed at Thu Mar 20 05:03:38 PM PDT 2025
