Starting job at Wed Mar 19 08:22:00 PM PDT 2025
Job parameters:
Dataset: data_isolet
UQ Method: split_conformal_topk
Estimator: AdaBoost
Seed: 780
Train Size: 0.8
Running split_conformal_topk on data_isolet with seed 780 and train size 0.8

starting experiment

data created

Fitting split_conformal_topk_AdaBoost on data_isolet with seed 780

split_conformal_topk_AdaBoost metrics: {'coverage': np.float64(0.9243589743589744), 'mean_width': np.float64(15.58525641025641), 'median_width': np.float64(15.0), 'mean_width_scaled': np.float64(0.5994329388560158), 'median_width_scaled': np.float64(0.5769230769230769)}

split_conformal_topk_AdaBoost full metrics: {'coverage': np.float64(0.9243589743589744), 'mean_width': np.float64(15.58525641025641), 'median_width': np.float64(15.0), 'mean_width_scaled': np.float64(0.5994329388560158), 'median_width_scaled': np.float64(0.5769230769230769)}

split_conformal_topk_AdaBoost class metrics: {'class_coverage': array([1.        , 0.11666667, 0.11666667, 1.        , 1.        ,
       0.98333333, 0.88333333, 1.        , 1.        , 1.        ,
       1.        , 1.        , 1.        , 1.        , 1.        ,
       1.        , 1.        , 0.96666667, 1.        , 1.        ,
       1.        , 1.        , 1.        , 1.        , 1.        ,
       0.96666667]), 'class_mean_width': array([15.        , 15.        , 15.        , 15.        , 15.        ,
       15.03333333, 15.        , 15.        , 15.        , 15.        ,
       24.21666667, 15.        , 15.        , 15.        , 15.03333333,
       15.        , 17.76666667, 15.        , 15.03333333, 15.03333333,
       15.        , 15.        , 15.25      , 15.        , 17.85      ,
       15.        ]), 'class_median_width': array([15., 15., 15., 15., 15., 15., 15., 15., 15., 15., 26., 15., 15.,
       15., 15., 15., 15., 15., 15., 15., 15., 15., 15., 15., 17., 15.]), 'class_mean_width_scaled': array([0.57692308, 0.57692308, 0.57692308, 0.57692308, 0.57692308,
       0.57820513, 0.57692308, 0.57692308, 0.57692308, 0.57692308,
       0.93141026, 0.57692308, 0.57692308, 0.57692308, 0.57820513,
       0.57692308, 0.68333333, 0.57692308, 0.57820513, 0.57820513,
       0.57692308, 0.57692308, 0.58653846, 0.57692308, 0.68653846,
       0.57692308]), 'class_median_width_scaled': array([0.57692308, 0.57692308, 0.57692308, 0.57692308, 0.57692308,
       0.57692308, 0.57692308, 0.57692308, 0.57692308, 0.57692308,
       1.        , 0.57692308, 0.57692308, 0.57692308, 0.57692308,
       0.57692308, 0.57692308, 0.57692308, 0.57692308, 0.57692308,
       0.57692308, 0.57692308, 0.57692308, 0.57692308, 0.65384615,
       0.57692308])}

split_conformal_topk_AdaBoost full class metrics: {'class_coverage': array([1.        , 0.11666667, 0.11666667, 1.        , 1.        ,
       0.98333333, 0.88333333, 1.        , 1.        , 1.        ,
       1.        , 1.        , 1.        , 1.        , 1.        ,
       1.        , 1.        , 0.96666667, 1.        , 1.        ,
       1.        , 1.        , 1.        , 1.        , 1.        ,
       0.96666667]), 'class_mean_width': array([15.        , 15.        , 15.        , 15.        , 15.        ,
       15.03333333, 15.        , 15.        , 15.        , 15.        ,
       24.21666667, 15.        , 15.        , 15.        , 15.03333333,
       15.        , 17.76666667, 15.        , 15.03333333, 15.03333333,
       15.        , 15.        , 15.25      , 15.        , 17.85      ,
       15.        ]), 'class_median_width': array([15., 15., 15., 15., 15., 15., 15., 15., 15., 15., 26., 15., 15.,
       15., 15., 15., 15., 15., 15., 15., 15., 15., 15., 15., 17., 15.]), 'class_mean_width_scaled': array([0.57692308, 0.57692308, 0.57692308, 0.57692308, 0.57692308,
       0.57820513, 0.57692308, 0.57692308, 0.57692308, 0.57692308,
       0.93141026, 0.57692308, 0.57692308, 0.57692308, 0.57820513,
       0.57692308, 0.68333333, 0.57692308, 0.57820513, 0.57820513,
       0.57692308, 0.57692308, 0.58653846, 0.57692308, 0.68653846,
       0.57692308]), 'class_median_width_scaled': array([0.57692308, 0.57692308, 0.57692308, 0.57692308, 0.57692308,
       0.57692308, 0.57692308, 0.57692308, 0.57692308, 0.57692308,
       1.        , 0.57692308, 0.57692308, 0.57692308, 0.57692308,
       0.57692308, 0.57692308, 0.57692308, 0.57692308, 0.57692308,
       0.57692308, 0.57692308, 0.57692308, 0.57692308, 0.65384615,
       0.57692308])}

Job completed at Wed Mar 19 08:22:19 PM PDT 2025
