Starting job at Thu Mar 20 05:05:00 PM PDT 2025
Job parameters:
Dataset: data_isolet
UQ Method: split_conformal_topk
Estimator: AdaBoost
Seed: 786
Train Size: 0.8
Running split_conformal_topk on data_isolet with seed 786 and train size 0.8

starting experiment

data created

Fitting split_conformal_topk_AdaBoost on data_isolet with seed 786

split_conformal_topk_AdaBoost metrics: {'coverage': np.float64(0.9134615384615384), 'mean_width': np.float64(20.868589743589745), 'median_width': np.float64(20.0), 'mean_width_scaled': np.float64(0.802638067061144), 'median_width_scaled': np.float64(0.7692307692307693)}

split_conformal_topk_AdaBoost full metrics: {'coverage': np.float64(0.9134615384615384), 'mean_width': np.float64(20.868589743589745), 'median_width': np.float64(20.0), 'mean_width_scaled': np.float64(0.802638067061144), 'median_width_scaled': np.float64(0.7692307692307693)}

split_conformal_topk_AdaBoost class metrics: {'class_coverage': array([1.        , 1.        , 1.        , 1.        , 1.        ,
       1.        , 1.        , 1.        , 1.        , 1.        ,
       1.        , 0.01666667, 1.        , 1.        , 1.        ,
       1.        , 0.9       , 1.        , 0.        , 1.        ,
       1.        , 1.        , 0.9       , 1.        , 0.93333333,
       1.        ]), 'class_mean_width': array([20.08333333, 20.        , 20.        , 20.        , 20.        ,
       20.1       , 20.        , 20.        , 20.        , 20.        ,
       25.9       , 20.1       , 20.        , 20.        , 20.        ,
       20.08333333, 25.38333333, 20.        , 20.        , 20.        ,
       20.        , 20.1       , 25.23333333, 20.        , 25.6       ,
       20.        ]), 'class_median_width': array([20., 20., 20., 20., 20., 20., 20., 20., 20., 20., 26., 20., 20.,
       20., 20., 20., 26., 20., 20., 20., 20., 20., 26., 20., 26., 20.]), 'class_mean_width_scaled': array([0.7724359 , 0.76923077, 0.76923077, 0.76923077, 0.76923077,
       0.77307692, 0.76923077, 0.76923077, 0.76923077, 0.76923077,
       0.99615385, 0.77307692, 0.76923077, 0.76923077, 0.76923077,
       0.7724359 , 0.97628205, 0.76923077, 0.76923077, 0.76923077,
       0.76923077, 0.77307692, 0.97051282, 0.76923077, 0.98461538,
       0.76923077]), 'class_median_width_scaled': array([0.76923077, 0.76923077, 0.76923077, 0.76923077, 0.76923077,
       0.76923077, 0.76923077, 0.76923077, 0.76923077, 0.76923077,
       1.        , 0.76923077, 0.76923077, 0.76923077, 0.76923077,
       0.76923077, 1.        , 0.76923077, 0.76923077, 0.76923077,
       0.76923077, 0.76923077, 1.        , 0.76923077, 1.        ,
       0.76923077])}

split_conformal_topk_AdaBoost full class metrics: {'class_coverage': array([1.        , 1.        , 1.        , 1.        , 1.        ,
       1.        , 1.        , 1.        , 1.        , 1.        ,
       1.        , 0.01666667, 1.        , 1.        , 1.        ,
       1.        , 0.9       , 1.        , 0.        , 1.        ,
       1.        , 1.        , 0.9       , 1.        , 0.93333333,
       1.        ]), 'class_mean_width': array([20.08333333, 20.        , 20.        , 20.        , 20.        ,
       20.1       , 20.        , 20.        , 20.        , 20.        ,
       25.9       , 20.1       , 20.        , 20.        , 20.        ,
       20.08333333, 25.38333333, 20.        , 20.        , 20.        ,
       20.        , 20.1       , 25.23333333, 20.        , 25.6       ,
       20.        ]), 'class_median_width': array([20., 20., 20., 20., 20., 20., 20., 20., 20., 20., 26., 20., 20.,
       20., 20., 20., 26., 20., 20., 20., 20., 20., 26., 20., 26., 20.]), 'class_mean_width_scaled': array([0.7724359 , 0.76923077, 0.76923077, 0.76923077, 0.76923077,
       0.77307692, 0.76923077, 0.76923077, 0.76923077, 0.76923077,
       0.99615385, 0.77307692, 0.76923077, 0.76923077, 0.76923077,
       0.7724359 , 0.97628205, 0.76923077, 0.76923077, 0.76923077,
       0.76923077, 0.77307692, 0.97051282, 0.76923077, 0.98461538,
       0.76923077]), 'class_median_width_scaled': array([0.76923077, 0.76923077, 0.76923077, 0.76923077, 0.76923077,
       0.76923077, 0.76923077, 0.76923077, 0.76923077, 0.76923077,
       1.        , 0.76923077, 0.76923077, 0.76923077, 0.76923077,
       0.76923077, 1.        , 0.76923077, 0.76923077, 0.76923077,
       0.76923077, 0.76923077, 1.        , 0.76923077, 1.        ,
       0.76923077])}

Job completed at Thu Mar 20 05:05:13 PM PDT 2025
