Starting job at Wed Mar 19 08:21:58 PM PDT 2025
Job parameters:
Dataset: data_isolet
UQ Method: split_conformal_topk
Estimator: AdaBoost
Seed: 779
Train Size: 0.8
Running split_conformal_topk on data_isolet with seed 779 and train size 0.8

starting experiment

data created

Fitting split_conformal_topk_AdaBoost on data_isolet with seed 779

split_conformal_topk_AdaBoost metrics: {'coverage': np.float64(0.9147435897435897), 'mean_width': np.float64(20.809615384615384), 'median_width': np.float64(20.0), 'mean_width_scaled': np.float64(0.800369822485207), 'median_width_scaled': np.float64(0.7692307692307693)}

split_conformal_topk_AdaBoost full metrics: {'coverage': np.float64(0.9147435897435897), 'mean_width': np.float64(20.809615384615384), 'median_width': np.float64(20.0), 'mean_width_scaled': np.float64(0.800369822485207), 'median_width_scaled': np.float64(0.7692307692307693)}

split_conformal_topk_AdaBoost class metrics: {'class_coverage': array([1.        , 1.        , 1.        , 1.        , 1.        ,
       1.        , 1.        , 1.        , 1.        , 1.        ,
       0.96666667, 1.        , 1.        , 1.        , 1.        ,
       0.        , 0.86666667, 0.        , 1.        , 1.        ,
       1.        , 1.        , 0.95      , 1.        , 1.        ,
       1.        ]), 'class_mean_width': array([20.        , 20.15      , 20.        , 20.        , 20.        ,
       20.        , 20.        , 20.        , 20.        , 20.        ,
       25.95      , 20.06666667, 20.        , 20.        , 20.06666667,
       20.        , 24.7       , 20.        , 20.        , 20.        ,
       20.        , 20.        , 24.65      , 20.        , 25.4       ,
       20.06666667]), 'class_median_width': array([20., 20., 20., 20., 20., 20., 20., 20., 20., 20., 26., 20., 20.,
       20., 20., 20., 25., 20., 20., 20., 20., 20., 25., 20., 25., 20.]), 'class_mean_width_scaled': array([0.76923077, 0.775     , 0.76923077, 0.76923077, 0.76923077,
       0.76923077, 0.76923077, 0.76923077, 0.76923077, 0.76923077,
       0.99807692, 0.77179487, 0.76923077, 0.76923077, 0.77179487,
       0.76923077, 0.95      , 0.76923077, 0.76923077, 0.76923077,
       0.76923077, 0.76923077, 0.94807692, 0.76923077, 0.97692308,
       0.77179487]), 'class_median_width_scaled': array([0.76923077, 0.76923077, 0.76923077, 0.76923077, 0.76923077,
       0.76923077, 0.76923077, 0.76923077, 0.76923077, 0.76923077,
       1.        , 0.76923077, 0.76923077, 0.76923077, 0.76923077,
       0.76923077, 0.96153846, 0.76923077, 0.76923077, 0.76923077,
       0.76923077, 0.76923077, 0.96153846, 0.76923077, 0.96153846,
       0.76923077])}

split_conformal_topk_AdaBoost full class metrics: {'class_coverage': array([1.        , 1.        , 1.        , 1.        , 1.        ,
       1.        , 1.        , 1.        , 1.        , 1.        ,
       0.96666667, 1.        , 1.        , 1.        , 1.        ,
       0.        , 0.86666667, 0.        , 1.        , 1.        ,
       1.        , 1.        , 0.95      , 1.        , 1.        ,
       1.        ]), 'class_mean_width': array([20.        , 20.15      , 20.        , 20.        , 20.        ,
       20.        , 20.        , 20.        , 20.        , 20.        ,
       25.95      , 20.06666667, 20.        , 20.        , 20.06666667,
       20.        , 24.7       , 20.        , 20.        , 20.        ,
       20.        , 20.        , 24.65      , 20.        , 25.4       ,
       20.06666667]), 'class_median_width': array([20., 20., 20., 20., 20., 20., 20., 20., 20., 20., 26., 20., 20.,
       20., 20., 20., 25., 20., 20., 20., 20., 20., 25., 20., 25., 20.]), 'class_mean_width_scaled': array([0.76923077, 0.775     , 0.76923077, 0.76923077, 0.76923077,
       0.76923077, 0.76923077, 0.76923077, 0.76923077, 0.76923077,
       0.99807692, 0.77179487, 0.76923077, 0.76923077, 0.77179487,
       0.76923077, 0.95      , 0.76923077, 0.76923077, 0.76923077,
       0.76923077, 0.76923077, 0.94807692, 0.76923077, 0.97692308,
       0.77179487]), 'class_median_width_scaled': array([0.76923077, 0.76923077, 0.76923077, 0.76923077, 0.76923077,
       0.76923077, 0.76923077, 0.76923077, 0.76923077, 0.76923077,
       1.        , 0.76923077, 0.76923077, 0.76923077, 0.76923077,
       0.76923077, 0.96153846, 0.76923077, 0.76923077, 0.76923077,
       0.76923077, 0.76923077, 0.96153846, 0.76923077, 0.96153846,
       0.76923077])}

Job completed at Wed Mar 19 08:22:18 PM PDT 2025
