Starting job at Wed Mar 19 08:22:15 PM PDT 2025
Job parameters:
Dataset: data_isolet
UQ Method: split_conformal_topk
Estimator: AdaBoost
Seed: 784
Train Size: 0.8
Running split_conformal_topk on data_isolet with seed 784 and train size 0.8

starting experiment

data created

Fitting split_conformal_topk_AdaBoost on data_isolet with seed 784

split_conformal_topk_AdaBoost metrics: {'coverage': np.float64(0.9185897435897435), 'mean_width': np.float64(20.598717948717947), 'median_width': np.float64(20.0), 'mean_width_scaled': np.float64(0.792258382642998), 'median_width_scaled': np.float64(0.7692307692307693)}

split_conformal_topk_AdaBoost full metrics: {'coverage': np.float64(0.9185897435897435), 'mean_width': np.float64(20.598717948717947), 'median_width': np.float64(20.0), 'mean_width_scaled': np.float64(0.792258382642998), 'median_width_scaled': np.float64(0.7692307692307693)}

split_conformal_topk_AdaBoost class metrics: {'class_coverage': array([1.        , 0.        , 1.        , 1.        , 1.        ,
       1.        , 1.        , 1.        , 1.        , 1.        ,
       0.98333333, 1.        , 1.        , 1.        , 1.        ,
       0.01666667, 1.        , 1.        , 1.        , 1.        ,
       1.        , 1.        , 0.91666667, 1.        , 0.96666667,
       1.        ]), 'class_mean_width': array([20.        , 20.        , 20.        , 20.        , 20.        ,
       20.        , 20.        , 20.        , 20.        , 20.        ,
       25.68333333, 20.06666667, 20.        , 20.        , 20.        ,
       20.05      , 23.45      , 20.        , 20.03333333, 20.        ,
       20.        , 20.        , 22.75      , 20.        , 23.46666667,
       20.06666667]), 'class_median_width': array([20., 20., 20., 20., 20., 20., 20., 20., 20., 20., 26., 20., 20.,
       20., 20., 20., 23., 20., 20., 20., 20., 20., 23., 20., 23., 20.]), 'class_mean_width_scaled': array([0.76923077, 0.76923077, 0.76923077, 0.76923077, 0.76923077,
       0.76923077, 0.76923077, 0.76923077, 0.76923077, 0.76923077,
       0.98782051, 0.77179487, 0.76923077, 0.76923077, 0.76923077,
       0.77115385, 0.90192308, 0.76923077, 0.77051282, 0.76923077,
       0.76923077, 0.76923077, 0.875     , 0.76923077, 0.9025641 ,
       0.77179487]), 'class_median_width_scaled': array([0.76923077, 0.76923077, 0.76923077, 0.76923077, 0.76923077,
       0.76923077, 0.76923077, 0.76923077, 0.76923077, 0.76923077,
       1.        , 0.76923077, 0.76923077, 0.76923077, 0.76923077,
       0.76923077, 0.88461538, 0.76923077, 0.76923077, 0.76923077,
       0.76923077, 0.76923077, 0.88461538, 0.76923077, 0.88461538,
       0.76923077])}

split_conformal_topk_AdaBoost full class metrics: {'class_coverage': array([1.        , 0.        , 1.        , 1.        , 1.        ,
       1.        , 1.        , 1.        , 1.        , 1.        ,
       0.98333333, 1.        , 1.        , 1.        , 1.        ,
       0.01666667, 1.        , 1.        , 1.        , 1.        ,
       1.        , 1.        , 0.91666667, 1.        , 0.96666667,
       1.        ]), 'class_mean_width': array([20.        , 20.        , 20.        , 20.        , 20.        ,
       20.        , 20.        , 20.        , 20.        , 20.        ,
       25.68333333, 20.06666667, 20.        , 20.        , 20.        ,
       20.05      , 23.45      , 20.        , 20.03333333, 20.        ,
       20.        , 20.        , 22.75      , 20.        , 23.46666667,
       20.06666667]), 'class_median_width': array([20., 20., 20., 20., 20., 20., 20., 20., 20., 20., 26., 20., 20.,
       20., 20., 20., 23., 20., 20., 20., 20., 20., 23., 20., 23., 20.]), 'class_mean_width_scaled': array([0.76923077, 0.76923077, 0.76923077, 0.76923077, 0.76923077,
       0.76923077, 0.76923077, 0.76923077, 0.76923077, 0.76923077,
       0.98782051, 0.77179487, 0.76923077, 0.76923077, 0.76923077,
       0.77115385, 0.90192308, 0.76923077, 0.77051282, 0.76923077,
       0.76923077, 0.76923077, 0.875     , 0.76923077, 0.9025641 ,
       0.77179487]), 'class_median_width_scaled': array([0.76923077, 0.76923077, 0.76923077, 0.76923077, 0.76923077,
       0.76923077, 0.76923077, 0.76923077, 0.76923077, 0.76923077,
       1.        , 0.76923077, 0.76923077, 0.76923077, 0.76923077,
       0.76923077, 0.88461538, 0.76923077, 0.76923077, 0.76923077,
       0.76923077, 0.76923077, 0.88461538, 0.76923077, 0.88461538,
       0.76923077])}

Job completed at Wed Mar 19 08:22:36 PM PDT 2025
