Starting job at Wed Mar 19 06:29:39 PM PDT 2025
Job parameters:
Dataset: data_helena
UQ Method: split_conformal_lac
Estimator: AdaBoost
Seed: 786
Train Size: 0.8
Running split_conformal_lac on data_helena with seed 786 and train size 0.8

starting experiment

data created

Fitting split_conformal_lac_AdaBoost on data_helena with seed 786

split_conformal_lac_AdaBoost metrics: {'coverage': np.float64(0.8988496932515337), 'mean_width': np.float64(61.21894171779141), 'median_width': np.float64(64.0), 'mean_width_scaled': np.float64(0.6121894171779141), 'median_width_scaled': np.float64(0.64)}

split_conformal_lac_AdaBoost full metrics: {'coverage': np.float64(0.8988496932515337), 'mean_width': np.float64(61.21894171779141), 'median_width': np.float64(64.0), 'mean_width_scaled': np.float64(0.6121894171779141), 'median_width_scaled': np.float64(0.64)}

split_conformal_lac_AdaBoost class metrics: {'class_coverage': array([0.89247312, 0.96551724, 0.68181818, 0.83333333, 0.8045977 ,
       0.92207792, 0.34375   , 0.97222222, 1.        , 0.87782805,
       0.44444444, 0.15384615, 0.32142857, 0.95857988, 0.90322581,
       0.82692308, 0.82352941, 1.        , 0.96527778, 0.95918367,
       0.56923077, 0.79245283, 0.98816568, 0.94117647, 0.93103448,
       0.97826087, 0.04166667, 0.875     , 0.        , 0.84615385,
       0.59459459, 0.79411765, 0.97742664, 0.98857143, 1.        ,
       0.97495826, 0.83333333, 0.34482759, 0.98333333, 0.80952381,
       0.70149254, 0.84745763, 0.87179487, 0.99393939, 0.21428571,
       1.        , 0.81578947, 0.6835443 , 0.98181818, 0.17241379,
       0.2962963 , 0.99510604, 0.75      , 0.98885794, 0.95238095,
       0.88122605, 0.99543379, 1.        , 0.82417582, 0.39473684,
       0.9895288 , 0.98529412, 0.61764706, 1.        , 0.90654206,
       0.42553191, 0.99310345, 0.9       , 0.55932203, 0.86153846,
       0.73451327, 0.71666667, 0.60714286, 0.20833333, 0.97247706,
       0.80054645, 0.95755306, 0.62352941, 0.36842105, 0.72093023,
       0.06060606, 0.8       , 0.91304348, 0.62857143, 0.98039216,
       0.97752809, 0.97014925, 0.99460916, 0.97142857, 0.99375   ,
       0.76923077, 0.98195876, 0.97790055, 1.        , 0.75      ,
       0.09375   , 0.94117647, 1.        , 0.80327869, 0.81927711]), 'class_mean_width': array([68.07526882, 64.67241379, 70.22727273, 63.76041667, 64.96551724,
       66.83116883, 63.625     , 66.40740741, 63.97222222, 51.30769231,
       64.2       , 65.42307692, 65.28571429, 65.23076923, 60.59677419,
       65.28846154, 62.03921569, 65.73333333, 62.73611111, 64.61904762,
       65.78461538, 63.24528302, 61.40236686, 66.37254902, 61.01724138,
       64.04347826, 60.25      , 62.5       , 67.08695652, 64.07692308,
       64.72972973, 63.97058824, 65.10835214, 62.83238095, 64.28409091,
       67.42737896, 64.75      , 65.89655172, 63.76666667, 63.55555556,
       61.95522388, 65.01694915, 64.8974359 , 65.25454545, 65.5       ,
       64.90740741, 62.97368421, 60.30379747, 60.12727273, 56.51724138,
       66.59259259, 64.54649266, 68.875     , 63.97493036, 62.4047619 ,
       59.89655172, 65.59360731, 64.30263158, 64.36263736, 59.65789474,
       64.47120419, 63.96323529, 64.41176471, 65.77272727, 61.59813084,
       61.63829787, 66.06666667, 65.02      , 63.93220339, 65.55384615,
       60.46902655, 56.93333333, 67.32142857, 66.5       , 63.37614679,
       43.31147541, 48.16229713, 27.90980392, 65.47368421, 21.6744186 ,
       59.24242424, 53.52      , 64.82608696, 66.37142857, 63.22222222,
       63.85393258, 65.27363184, 65.83827493, 66.75714286, 65.19375   ,
       58.69230769, 65.70103093, 60.41712707, 63.58536585, 66.44444444,
       60.75      , 61.79411765, 64.61369863, 63.70491803, 61.01204819]), 'class_median_width': array([65. , 64. , 68. , 64. , 65. , 65. , 64. , 65. , 64. , 52. , 64. ,
       65. , 64. , 64. , 64. , 64. , 64. , 64. , 64. , 64. , 64. , 64. ,
       64. , 64. , 64. , 64. , 64. , 64. , 68. , 64. , 64. , 64. , 64. ,
       63. , 64. , 64. , 64. , 64. , 64. , 64. , 63. , 65. , 64. , 64. ,
       64. , 64. , 64. , 64. , 64. , 64. , 64. , 64. , 68. , 63. , 64. ,
       63. , 65. , 64. , 64. , 64. , 64. , 64. , 64. , 64. , 65. , 63. ,
       65. , 64. , 64. , 65. , 63. , 63. , 68. , 64. , 64. , 52. , 52. ,
       18. , 64. ,  3. , 64. , 52. , 64. , 65. , 64. , 64. , 64. , 65. ,
       68. , 64. , 64. , 65. , 64. , 64. , 65. , 63.5, 64. , 64. , 64. ,
       64. ]), 'class_mean_width_scaled': array([0.68075269, 0.64672414, 0.70227273, 0.63760417, 0.64965517,
       0.66831169, 0.63625   , 0.66407407, 0.63972222, 0.51307692,
       0.642     , 0.65423077, 0.65285714, 0.65230769, 0.60596774,
       0.65288462, 0.62039216, 0.65733333, 0.62736111, 0.64619048,
       0.65784615, 0.63245283, 0.61402367, 0.66372549, 0.61017241,
       0.64043478, 0.6025    , 0.625     , 0.67086957, 0.64076923,
       0.6472973 , 0.63970588, 0.65108352, 0.62832381, 0.64284091,
       0.67427379, 0.6475    , 0.65896552, 0.63766667, 0.63555556,
       0.61955224, 0.65016949, 0.64897436, 0.65254545, 0.655     ,
       0.64907407, 0.62973684, 0.60303797, 0.60127273, 0.56517241,
       0.66592593, 0.64546493, 0.68875   , 0.6397493 , 0.62404762,
       0.59896552, 0.65593607, 0.64302632, 0.64362637, 0.59657895,
       0.64471204, 0.63963235, 0.64411765, 0.65772727, 0.61598131,
       0.61638298, 0.66066667, 0.6502    , 0.63932203, 0.65553846,
       0.60469027, 0.56933333, 0.67321429, 0.665     , 0.63376147,
       0.43311475, 0.48162297, 0.27909804, 0.65473684, 0.21674419,
       0.59242424, 0.5352    , 0.64826087, 0.66371429, 0.63222222,
       0.63853933, 0.65273632, 0.65838275, 0.66757143, 0.6519375 ,
       0.58692308, 0.65701031, 0.60417127, 0.63585366, 0.66444444,
       0.6075    , 0.61794118, 0.64613699, 0.63704918, 0.61012048]), 'class_median_width_scaled': array([0.65 , 0.64 , 0.68 , 0.64 , 0.65 , 0.65 , 0.64 , 0.65 , 0.64 ,
       0.52 , 0.64 , 0.65 , 0.64 , 0.64 , 0.64 , 0.64 , 0.64 , 0.64 ,
       0.64 , 0.64 , 0.64 , 0.64 , 0.64 , 0.64 , 0.64 , 0.64 , 0.64 ,
       0.64 , 0.68 , 0.64 , 0.64 , 0.64 , 0.64 , 0.63 , 0.64 , 0.64 ,
       0.64 , 0.64 , 0.64 , 0.64 , 0.63 , 0.65 , 0.64 , 0.64 , 0.64 ,
       0.64 , 0.64 , 0.64 , 0.64 , 0.64 , 0.64 , 0.64 , 0.68 , 0.63 ,
       0.64 , 0.63 , 0.65 , 0.64 , 0.64 , 0.64 , 0.64 , 0.64 , 0.64 ,
       0.64 , 0.65 , 0.63 , 0.65 , 0.64 , 0.64 , 0.65 , 0.63 , 0.63 ,
       0.68 , 0.64 , 0.64 , 0.52 , 0.52 , 0.18 , 0.64 , 0.03 , 0.64 ,
       0.52 , 0.64 , 0.65 , 0.64 , 0.64 , 0.64 , 0.65 , 0.68 , 0.64 ,
       0.64 , 0.65 , 0.64 , 0.64 , 0.65 , 0.635, 0.64 , 0.64 , 0.64 ,
       0.64 ])}

split_conformal_lac_AdaBoost full class metrics: {'class_coverage': array([0.89247312, 0.96551724, 0.68181818, 0.83333333, 0.8045977 ,
       0.92207792, 0.34375   , 0.97222222, 1.        , 0.87782805,
       0.44444444, 0.15384615, 0.32142857, 0.95857988, 0.90322581,
       0.82692308, 0.82352941, 1.        , 0.96527778, 0.95918367,
       0.56923077, 0.79245283, 0.98816568, 0.94117647, 0.93103448,
       0.97826087, 0.04166667, 0.875     , 0.        , 0.84615385,
       0.59459459, 0.79411765, 0.97742664, 0.98857143, 1.        ,
       0.97495826, 0.83333333, 0.34482759, 0.98333333, 0.80952381,
       0.70149254, 0.84745763, 0.87179487, 0.99393939, 0.21428571,
       1.        , 0.81578947, 0.6835443 , 0.98181818, 0.17241379,
       0.2962963 , 0.99510604, 0.75      , 0.98885794, 0.95238095,
       0.88122605, 0.99543379, 1.        , 0.82417582, 0.39473684,
       0.9895288 , 0.98529412, 0.61764706, 1.        , 0.90654206,
       0.42553191, 0.99310345, 0.9       , 0.55932203, 0.86153846,
       0.73451327, 0.71666667, 0.60714286, 0.20833333, 0.97247706,
       0.80054645, 0.95755306, 0.62352941, 0.36842105, 0.72093023,
       0.06060606, 0.8       , 0.91304348, 0.62857143, 0.98039216,
       0.97752809, 0.97014925, 0.99460916, 0.97142857, 0.99375   ,
       0.76923077, 0.98195876, 0.97790055, 1.        , 0.75      ,
       0.09375   , 0.94117647, 1.        , 0.80327869, 0.81927711]), 'class_mean_width': array([68.07526882, 64.67241379, 70.22727273, 63.76041667, 64.96551724,
       66.83116883, 63.625     , 66.40740741, 63.97222222, 51.30769231,
       64.2       , 65.42307692, 65.28571429, 65.23076923, 60.59677419,
       65.28846154, 62.03921569, 65.73333333, 62.73611111, 64.61904762,
       65.78461538, 63.24528302, 61.40236686, 66.37254902, 61.01724138,
       64.04347826, 60.25      , 62.5       , 67.08695652, 64.07692308,
       64.72972973, 63.97058824, 65.10835214, 62.83238095, 64.28409091,
       67.42737896, 64.75      , 65.89655172, 63.76666667, 63.55555556,
       61.95522388, 65.01694915, 64.8974359 , 65.25454545, 65.5       ,
       64.90740741, 62.97368421, 60.30379747, 60.12727273, 56.51724138,
       66.59259259, 64.54649266, 68.875     , 63.97493036, 62.4047619 ,
       59.89655172, 65.59360731, 64.30263158, 64.36263736, 59.65789474,
       64.47120419, 63.96323529, 64.41176471, 65.77272727, 61.59813084,
       61.63829787, 66.06666667, 65.02      , 63.93220339, 65.55384615,
       60.46902655, 56.93333333, 67.32142857, 66.5       , 63.37614679,
       43.31147541, 48.16229713, 27.90980392, 65.47368421, 21.6744186 ,
       59.24242424, 53.52      , 64.82608696, 66.37142857, 63.22222222,
       63.85393258, 65.27363184, 65.83827493, 66.75714286, 65.19375   ,
       58.69230769, 65.70103093, 60.41712707, 63.58536585, 66.44444444,
       60.75      , 61.79411765, 64.61369863, 63.70491803, 61.01204819]), 'class_median_width': array([65. , 64. , 68. , 64. , 65. , 65. , 64. , 65. , 64. , 52. , 64. ,
       65. , 64. , 64. , 64. , 64. , 64. , 64. , 64. , 64. , 64. , 64. ,
       64. , 64. , 64. , 64. , 64. , 64. , 68. , 64. , 64. , 64. , 64. ,
       63. , 64. , 64. , 64. , 64. , 64. , 64. , 63. , 65. , 64. , 64. ,
       64. , 64. , 64. , 64. , 64. , 64. , 64. , 64. , 68. , 63. , 64. ,
       63. , 65. , 64. , 64. , 64. , 64. , 64. , 64. , 64. , 65. , 63. ,
       65. , 64. , 64. , 65. , 63. , 63. , 68. , 64. , 64. , 52. , 52. ,
       18. , 64. ,  3. , 64. , 52. , 64. , 65. , 64. , 64. , 64. , 65. ,
       68. , 64. , 64. , 65. , 64. , 64. , 65. , 63.5, 64. , 64. , 64. ,
       64. ]), 'class_mean_width_scaled': array([0.68075269, 0.64672414, 0.70227273, 0.63760417, 0.64965517,
       0.66831169, 0.63625   , 0.66407407, 0.63972222, 0.51307692,
       0.642     , 0.65423077, 0.65285714, 0.65230769, 0.60596774,
       0.65288462, 0.62039216, 0.65733333, 0.62736111, 0.64619048,
       0.65784615, 0.63245283, 0.61402367, 0.66372549, 0.61017241,
       0.64043478, 0.6025    , 0.625     , 0.67086957, 0.64076923,
       0.6472973 , 0.63970588, 0.65108352, 0.62832381, 0.64284091,
       0.67427379, 0.6475    , 0.65896552, 0.63766667, 0.63555556,
       0.61955224, 0.65016949, 0.64897436, 0.65254545, 0.655     ,
       0.64907407, 0.62973684, 0.60303797, 0.60127273, 0.56517241,
       0.66592593, 0.64546493, 0.68875   , 0.6397493 , 0.62404762,
       0.59896552, 0.65593607, 0.64302632, 0.64362637, 0.59657895,
       0.64471204, 0.63963235, 0.64411765, 0.65772727, 0.61598131,
       0.61638298, 0.66066667, 0.6502    , 0.63932203, 0.65553846,
       0.60469027, 0.56933333, 0.67321429, 0.665     , 0.63376147,
       0.43311475, 0.48162297, 0.27909804, 0.65473684, 0.21674419,
       0.59242424, 0.5352    , 0.64826087, 0.66371429, 0.63222222,
       0.63853933, 0.65273632, 0.65838275, 0.66757143, 0.6519375 ,
       0.58692308, 0.65701031, 0.60417127, 0.63585366, 0.66444444,
       0.6075    , 0.61794118, 0.64613699, 0.63704918, 0.61012048]), 'class_median_width_scaled': array([0.65 , 0.64 , 0.68 , 0.64 , 0.65 , 0.65 , 0.64 , 0.65 , 0.64 ,
       0.52 , 0.64 , 0.65 , 0.64 , 0.64 , 0.64 , 0.64 , 0.64 , 0.64 ,
       0.64 , 0.64 , 0.64 , 0.64 , 0.64 , 0.64 , 0.64 , 0.64 , 0.64 ,
       0.64 , 0.68 , 0.64 , 0.64 , 0.64 , 0.64 , 0.63 , 0.64 , 0.64 ,
       0.64 , 0.64 , 0.64 , 0.64 , 0.63 , 0.65 , 0.64 , 0.64 , 0.64 ,
       0.64 , 0.64 , 0.64 , 0.64 , 0.64 , 0.64 , 0.64 , 0.68 , 0.63 ,
       0.64 , 0.63 , 0.65 , 0.64 , 0.64 , 0.64 , 0.64 , 0.64 , 0.64 ,
       0.64 , 0.65 , 0.63 , 0.65 , 0.64 , 0.64 , 0.65 , 0.63 , 0.63 ,
       0.68 , 0.64 , 0.64 , 0.52 , 0.52 , 0.18 , 0.64 , 0.03 , 0.64 ,
       0.52 , 0.64 , 0.65 , 0.64 , 0.64 , 0.64 , 0.65 , 0.68 , 0.64 ,
       0.64 , 0.65 , 0.64 , 0.64 , 0.65 , 0.635, 0.64 , 0.64 , 0.64 ,
       0.64 ])}

Job completed at Wed Mar 19 06:29:49 PM PDT 2025
