Starting job at Wed Mar 19 06:19:20 PM PDT 2025
Job parameters:
Dataset: data_chess
UQ Method: split_conformal_aps
Estimator: XGBoost
Seed: 784
Train Size: 0.8
Running split_conformal_aps on data_chess with seed 784 and train size 0.8

starting experiment

data created

Fitting split_conformal_aps_XGBoost on data_chess with seed 784

split_conformal_aps_XGBoost metrics: {'coverage': np.float64(0.8939771917320029), 'mean_width': np.float64(4.3091589451176056), 'median_width': np.float64(4.0), 'mean_width_scaled': np.float64(0.2393977191732003), 'median_width_scaled': np.float64(0.2222222222222222)}

split_conformal_aps_XGBoost full metrics: {'coverage': np.float64(0.8939771917320029), 'mean_width': np.float64(4.3091589451176056), 'median_width': np.float64(4.0), 'mean_width_scaled': np.float64(0.2393977191732003), 'median_width_scaled': np.float64(0.2222222222222222)}

split_conformal_aps_XGBoost class metrics: {'class_coverage': array([0.97137746, 0.8815331 , 0.90192644, 0.90531178, 0.74468085,
       0.625     , 0.96267838, 0.81578947, 0.        , 0.69343066,
       0.65254237, 0.62820513, 0.84382872, 0.94636472, 0.0625    ,
       0.93611111, 0.7755102 , 0.        ]), 'class_mean_width': array([3.74418605, 4.74912892, 4.80035026, 3.19168591, 6.06382979,
       6.6       , 3.53677278, 5.11695906, 5.8125    , 5.32846715,
       5.78813559, 2.83333333, 4.98236776, 4.13230036, 5.8125    ,
       4.43333333, 6.28571429, 6.6       ]), 'class_median_width': array([4., 5., 5., 3., 6., 7., 3., 5., 6., 5., 6., 3., 5., 4., 5., 4., 7.,
       6.]), 'class_mean_width_scaled': array([0.20801034, 0.2638405 , 0.26668613, 0.17731588, 0.33687943,
       0.36666667, 0.19648738, 0.2842755 , 0.32291667, 0.29602595,
       0.32156309, 0.15740741, 0.27679821, 0.22957224, 0.32291667,
       0.2462963 , 0.34920635, 0.36666667]), 'class_median_width_scaled': array([0.22222222, 0.27777778, 0.27777778, 0.16666667, 0.33333333,
       0.38888889, 0.16666667, 0.27777778, 0.33333333, 0.27777778,
       0.33333333, 0.16666667, 0.27777778, 0.22222222, 0.27777778,
       0.22222222, 0.38888889, 0.33333333])}

split_conformal_aps_XGBoost full class metrics: {'class_coverage': array([0.97137746, 0.8815331 , 0.90192644, 0.90531178, 0.74468085,
       0.625     , 0.96267838, 0.81578947, 0.        , 0.69343066,
       0.65254237, 0.62820513, 0.84382872, 0.94636472, 0.0625    ,
       0.93611111, 0.7755102 , 0.        ]), 'class_mean_width': array([3.74418605, 4.74912892, 4.80035026, 3.19168591, 6.06382979,
       6.6       , 3.53677278, 5.11695906, 5.8125    , 5.32846715,
       5.78813559, 2.83333333, 4.98236776, 4.13230036, 5.8125    ,
       4.43333333, 6.28571429, 6.6       ]), 'class_median_width': array([4., 5., 5., 3., 6., 7., 3., 5., 6., 5., 6., 3., 5., 4., 5., 4., 7.,
       6.]), 'class_mean_width_scaled': array([0.20801034, 0.2638405 , 0.26668613, 0.17731588, 0.33687943,
       0.36666667, 0.19648738, 0.2842755 , 0.32291667, 0.29602595,
       0.32156309, 0.15740741, 0.27679821, 0.22957224, 0.32291667,
       0.2462963 , 0.34920635, 0.36666667]), 'class_median_width_scaled': array([0.22222222, 0.27777778, 0.27777778, 0.16666667, 0.33333333,
       0.38888889, 0.16666667, 0.27777778, 0.33333333, 0.27777778,
       0.33333333, 0.16666667, 0.27777778, 0.22222222, 0.27777778,
       0.22222222, 0.38888889, 0.33333333])}

Job completed at Wed Mar 19 06:19:26 PM PDT 2025
