Starting job at Thu Mar 20 05:04:02 PM PDT 2025
Job parameters:
Dataset: data_language
UQ Method: split_conformal_topk
Estimator: LogisticRegression
Seed: 779
Train Size: 0.8
Running split_conformal_topk on data_language with seed 779 and train size 0.8

starting experiment

data created

Fitting split_conformal_topk_LogisticRegression on data_language with seed 779

split_conformal_topk_LogisticRegression metrics: {'coverage': np.float64(0.88), 'mean_width': np.float64(12.0), 'median_width': np.float64(12.0), 'mean_width_scaled': np.float64(0.4), 'median_width_scaled': np.float64(0.4)}

split_conformal_topk_LogisticRegression full metrics: {'coverage': np.float64(0.88), 'mean_width': np.float64(12.0), 'median_width': np.float64(12.0), 'mean_width_scaled': np.float64(0.4), 'median_width_scaled': np.float64(0.4)}

split_conformal_topk_LogisticRegression class metrics: {'class_coverage': array([0.66666667, 0.8       , 1.        , 0.66666667, 0.85714286,
       0.8       , 1.        , 0.83333333, 0.8125    , 1.        ,
       1.        , 1.        , 1.        , 1.        , 1.        ,
       1.        , 1.        , 1.        , 0.66666667, 0.28571429,
       0.8       , 0.93333333, 0.83333333, 1.        , 1.        ,
       1.        , 0.        , 0.83333333, 1.        , 1.        ]), 'class_mean_width': array([12., 12., 12., 12., 12., 12., 12., 12., 12., 12., 12., 12., 12.,
       12., 12., 12., 12., 12., 12., 12., 12., 12., 12., 12., 12., 12.,
       12., 12., 12., 12.]), 'class_median_width': array([12., 12., 12., 12., 12., 12., 12., 12., 12., 12., 12., 12., 12.,
       12., 12., 12., 12., 12., 12., 12., 12., 12., 12., 12., 12., 12.,
       12., 12., 12., 12.]), 'class_mean_width_scaled': array([0.4, 0.4, 0.4, 0.4, 0.4, 0.4, 0.4, 0.4, 0.4, 0.4, 0.4, 0.4, 0.4,
       0.4, 0.4, 0.4, 0.4, 0.4, 0.4, 0.4, 0.4, 0.4, 0.4, 0.4, 0.4, 0.4,
       0.4, 0.4, 0.4, 0.4]), 'class_median_width_scaled': array([0.4, 0.4, 0.4, 0.4, 0.4, 0.4, 0.4, 0.4, 0.4, 0.4, 0.4, 0.4, 0.4,
       0.4, 0.4, 0.4, 0.4, 0.4, 0.4, 0.4, 0.4, 0.4, 0.4, 0.4, 0.4, 0.4,
       0.4, 0.4, 0.4, 0.4])}

split_conformal_topk_LogisticRegression full class metrics: {'class_coverage': array([0.66666667, 0.8       , 1.        , 0.66666667, 0.85714286,
       0.8       , 1.        , 0.83333333, 0.8125    , 1.        ,
       1.        , 1.        , 1.        , 1.        , 1.        ,
       1.        , 1.        , 1.        , 0.66666667, 0.28571429,
       0.8       , 0.93333333, 0.83333333, 1.        , 1.        ,
       1.        , 0.        , 0.83333333, 1.        , 1.        ]), 'class_mean_width': array([12., 12., 12., 12., 12., 12., 12., 12., 12., 12., 12., 12., 12.,
       12., 12., 12., 12., 12., 12., 12., 12., 12., 12., 12., 12., 12.,
       12., 12., 12., 12.]), 'class_median_width': array([12., 12., 12., 12., 12., 12., 12., 12., 12., 12., 12., 12., 12.,
       12., 12., 12., 12., 12., 12., 12., 12., 12., 12., 12., 12., 12.,
       12., 12., 12., 12.]), 'class_mean_width_scaled': array([0.4, 0.4, 0.4, 0.4, 0.4, 0.4, 0.4, 0.4, 0.4, 0.4, 0.4, 0.4, 0.4,
       0.4, 0.4, 0.4, 0.4, 0.4, 0.4, 0.4, 0.4, 0.4, 0.4, 0.4, 0.4, 0.4,
       0.4, 0.4, 0.4, 0.4]), 'class_median_width_scaled': array([0.4, 0.4, 0.4, 0.4, 0.4, 0.4, 0.4, 0.4, 0.4, 0.4, 0.4, 0.4, 0.4,
       0.4, 0.4, 0.4, 0.4, 0.4, 0.4, 0.4, 0.4, 0.4, 0.4, 0.4, 0.4, 0.4,
       0.4, 0.4, 0.4, 0.4])}

Job completed at Thu Mar 20 05:04:03 PM PDT 2025
