Starting job at Wed Mar 19 06:24:33 PM PDT 2025
Job parameters:
Dataset: data_chess
UQ Method: split_conformal_naive
Estimator: ExtraTrees
Seed: 781
Train Size: 0.8
Running split_conformal_naive on data_chess with seed 781 and train size 0.8

starting experiment

data created

Fitting split_conformal_naive_ExtraTrees on data_chess with seed 781

split_conformal_naive_ExtraTrees metrics: {'coverage': np.float64(0.8759800427655025), 'mean_width': np.float64(4.809871703492516), 'median_width': np.float64(5.0), 'mean_width_scaled': np.float64(0.2672150946384731), 'median_width_scaled': np.float64(0.2777777777777778)}

split_conformal_naive_ExtraTrees full metrics: {'coverage': np.float64(0.8759800427655025), 'mean_width': np.float64(4.809871703492516), 'median_width': np.float64(5.0), 'mean_width_scaled': np.float64(0.2672150946384731), 'median_width_scaled': np.float64(0.2777777777777778)}

split_conformal_naive_ExtraTrees class metrics: {'class_coverage': array([0.84794275, 0.85365854, 0.85113835, 0.9330254 , 0.78723404,
       0.8       , 0.97365532, 0.84210526, 0.375     , 0.59854015,
       0.77118644, 0.84615385, 0.79345088, 0.91299166, 0.6875    ,
       0.90972222, 0.63265306, 0.6       ]), 'class_mean_width': array([4.86046512, 5.16724739, 4.95971979, 4.34411085, 5.72340426,
       5.675     , 4.45773875, 4.86842105, 5.3125    , 5.59854015,
       5.65254237, 4.64102564, 4.97984887, 4.51013111, 5.6875    ,
       4.87083333, 6.46938776, 6.4       ]), 'class_median_width': array([5. , 5. , 5. , 4. , 6. , 6. , 4. , 5. , 5.5, 6. , 5.5, 4. , 5. ,
       4. , 6. , 5. , 6. , 8. ]), 'class_mean_width_scaled': array([0.27002584, 0.2870693 , 0.27553999, 0.24133949, 0.3179669 ,
       0.31527778, 0.24765215, 0.27046784, 0.29513889, 0.31103001,
       0.31403013, 0.25783476, 0.27665827, 0.25056284, 0.31597222,
       0.27060185, 0.35941043, 0.35555556]), 'class_median_width_scaled': array([0.27777778, 0.27777778, 0.27777778, 0.22222222, 0.33333333,
       0.33333333, 0.22222222, 0.27777778, 0.30555556, 0.33333333,
       0.30555556, 0.22222222, 0.27777778, 0.22222222, 0.33333333,
       0.27777778, 0.33333333, 0.44444444])}

split_conformal_naive_ExtraTrees full class metrics: {'class_coverage': array([0.84794275, 0.85365854, 0.85113835, 0.9330254 , 0.78723404,
       0.8       , 0.97365532, 0.84210526, 0.375     , 0.59854015,
       0.77118644, 0.84615385, 0.79345088, 0.91299166, 0.6875    ,
       0.90972222, 0.63265306, 0.6       ]), 'class_mean_width': array([4.86046512, 5.16724739, 4.95971979, 4.34411085, 5.72340426,
       5.675     , 4.45773875, 4.86842105, 5.3125    , 5.59854015,
       5.65254237, 4.64102564, 4.97984887, 4.51013111, 5.6875    ,
       4.87083333, 6.46938776, 6.4       ]), 'class_median_width': array([5. , 5. , 5. , 4. , 6. , 6. , 4. , 5. , 5.5, 6. , 5.5, 4. , 5. ,
       4. , 6. , 5. , 6. , 8. ]), 'class_mean_width_scaled': array([0.27002584, 0.2870693 , 0.27553999, 0.24133949, 0.3179669 ,
       0.31527778, 0.24765215, 0.27046784, 0.29513889, 0.31103001,
       0.31403013, 0.25783476, 0.27665827, 0.25056284, 0.31597222,
       0.27060185, 0.35941043, 0.35555556]), 'class_median_width_scaled': array([0.27777778, 0.27777778, 0.27777778, 0.22222222, 0.33333333,
       0.33333333, 0.22222222, 0.27777778, 0.30555556, 0.33333333,
       0.30555556, 0.22222222, 0.27777778, 0.22222222, 0.33333333,
       0.27777778, 0.33333333, 0.44444444])}

Job completed at Wed Mar 19 06:24:37 PM PDT 2025
