Starting job at Wed Mar 19 06:24:32 PM PDT 2025
Job parameters:
Dataset: data_chess
UQ Method: split_conformal_naive
Estimator: ExtraTrees
Seed: 780
Train Size: 0.8
Running split_conformal_naive on data_chess with seed 780 and train size 0.8

starting experiment

data created

Fitting split_conformal_naive_ExtraTrees on data_chess with seed 780

split_conformal_naive_ExtraTrees metrics: {'coverage': np.float64(0.867783321454027), 'mean_width': np.float64(4.690306486101211), 'median_width': np.float64(5.0), 'mean_width_scaled': np.float64(0.26057258256117843), 'median_width_scaled': np.float64(0.2777777777777778)}

split_conformal_naive_ExtraTrees full metrics: {'coverage': np.float64(0.867783321454027), 'mean_width': np.float64(4.690306486101211), 'median_width': np.float64(5.0), 'mean_width_scaled': np.float64(0.26057258256117843), 'median_width_scaled': np.float64(0.2777777777777778)}

split_conformal_naive_ExtraTrees class metrics: {'class_coverage': array([0.85509839, 0.77003484, 0.83887916, 0.92378753, 0.72340426,
       0.55      , 0.96597146, 0.78070175, 0.5       , 0.64233577,
       0.80508475, 0.78205128, 0.85894207, 0.92371871, 0.6875    ,
       0.87222222, 0.91836735, 0.6       ]), 'class_mean_width': array([4.7745975 , 4.65853659, 4.77408056, 4.3556582 , 5.70212766,
       6.15      , 4.38968167, 4.87426901, 6.1875    , 5.10218978,
       5.12711864, 4.19230769, 4.8186398 , 4.54350417, 6.125     ,
       4.63472222, 6.79591837, 6.6       ]), 'class_median_width': array([5., 5., 5., 4., 6., 6., 4., 5., 6., 5., 5., 4., 5., 5., 6., 5., 7.,
       7.]), 'class_mean_width_scaled': array([0.26525542, 0.25880759, 0.2652267 , 0.24198101, 0.31678487,
       0.34166667, 0.2438712 , 0.27079272, 0.34375   , 0.28345499,
       0.28483992, 0.23290598, 0.26770221, 0.2524169 , 0.34027778,
       0.25748457, 0.37755102, 0.36666667]), 'class_median_width_scaled': array([0.27777778, 0.27777778, 0.27777778, 0.22222222, 0.33333333,
       0.33333333, 0.22222222, 0.27777778, 0.33333333, 0.27777778,
       0.27777778, 0.22222222, 0.27777778, 0.27777778, 0.33333333,
       0.27777778, 0.38888889, 0.38888889])}

split_conformal_naive_ExtraTrees full class metrics: {'class_coverage': array([0.85509839, 0.77003484, 0.83887916, 0.92378753, 0.72340426,
       0.55      , 0.96597146, 0.78070175, 0.5       , 0.64233577,
       0.80508475, 0.78205128, 0.85894207, 0.92371871, 0.6875    ,
       0.87222222, 0.91836735, 0.6       ]), 'class_mean_width': array([4.7745975 , 4.65853659, 4.77408056, 4.3556582 , 5.70212766,
       6.15      , 4.38968167, 4.87426901, 6.1875    , 5.10218978,
       5.12711864, 4.19230769, 4.8186398 , 4.54350417, 6.125     ,
       4.63472222, 6.79591837, 6.6       ]), 'class_median_width': array([5., 5., 5., 4., 6., 6., 4., 5., 6., 5., 5., 4., 5., 5., 6., 5., 7.,
       7.]), 'class_mean_width_scaled': array([0.26525542, 0.25880759, 0.2652267 , 0.24198101, 0.31678487,
       0.34166667, 0.2438712 , 0.27079272, 0.34375   , 0.28345499,
       0.28483992, 0.23290598, 0.26770221, 0.2524169 , 0.34027778,
       0.25748457, 0.37755102, 0.36666667]), 'class_median_width_scaled': array([0.27777778, 0.27777778, 0.27777778, 0.22222222, 0.33333333,
       0.33333333, 0.22222222, 0.27777778, 0.33333333, 0.27777778,
       0.27777778, 0.22222222, 0.27777778, 0.27777778, 0.33333333,
       0.27777778, 0.38888889, 0.38888889])}

Job completed at Wed Mar 19 06:24:34 PM PDT 2025
