Starting job at Wed Mar 19 06:24:42 PM PDT 2025
Job parameters:
Dataset: data_cover_type
UQ Method: split_conformal_naive
Estimator: XGBoost
Seed: 778
Train Size: 0.8
Running split_conformal_naive on data_cover_type with seed 778 and train size 0.8

starting experiment

data created

Fitting split_conformal_naive_XGBoost on data_cover_type with seed 778

split_conformal_naive_XGBoost metrics: {'coverage': np.float64(0.868), 'mean_width': np.float64(10.894), 'median_width': np.float64(8.0), 'mean_width_scaled': np.float64(0.10894), 'median_width_scaled': np.float64(0.08)}

split_conformal_naive_XGBoost full metrics: {'coverage': np.float64(0.868), 'mean_width': np.float64(10.894), 'median_width': np.float64(8.0), 'mean_width_scaled': np.float64(0.10894), 'median_width_scaled': np.float64(0.08)}

split_conformal_naive_XGBoost class metrics: {'class_coverage': array([0.95, 0.7 , 0.85, 0.9 , 0.8 , 0.75, 1.  , 0.8 , 0.85, 0.9 , 0.95,
       1.  , 0.9 , 0.75, 0.75, 0.95, 0.9 , 0.9 , 1.  , 0.9 , 0.95, 0.85,
       0.9 , 1.  , 0.9 , 0.95, 1.  , 0.8 , 0.9 , 0.6 , 1.  , 0.85, 0.75,
       0.9 , 0.95, 0.75, 0.8 , 0.55, 0.85, 0.75, 1.  , 0.8 , 0.6 , 1.  ,
       1.  , 1.  , 0.95, 0.95, 1.  , 0.9 , 0.75, 0.85, 0.95, 0.8 , 0.8 ,
       0.95, 0.8 , 0.9 , 0.9 , 0.85, 0.65, 0.7 , 1.  , 0.95, 0.8 , 0.85,
       0.95, 0.85, 0.6 , 0.7 , 0.95, 1.  , 1.  , 0.9 , 1.  , 0.95, 1.  ,
       0.75, 1.  , 0.8 , 0.85, 0.85, 0.6 , 0.9 , 0.95, 0.7 , 0.65, 1.  ,
       0.9 , 0.85, 0.9 , 0.9 , 0.85, 0.9 , 0.85, 0.95, 0.75, 0.95, 0.85,
       1.  ]), 'class_mean_width': array([ 9.4 , 14.25, 10.6 ,  6.6 , 19.5 , 15.2 , 12.95, 19.1 , 11.1 ,
       19.8 , 16.35,  8.25,  9.15, 16.95, 13.45,  8.6 , 13.35,  6.95,
        9.75,  5.2 ,  8.95, 15.55,  9.  ,  4.  , 18.55, 10.  ,  2.5 ,
       12.6 , 11.45,  9.25,  6.4 , 13.5 , 13.25, 14.  ,  8.3 , 11.4 ,
        9.65, 13.05, 18.1 , 12.45, 11.65, 16.45, 14.8 ,  2.  ,  7.2 ,
       15.35,  8.25,  6.4 ,  4.45, 10.3 , 11.6 ,  5.95, 10.15, 14.65,
       12.2 , 12.75, 14.7 , 11.05, 13.4 ,  6.3 , 13.25, 18.2 , 16.25,
        9.8 , 15.25, 18.25, 13.45,  8.3 , 17.2 , 17.9 , 15.5 ,  9.35,
        2.85, 12.7 ,  7.15,  7.15,  5.15, 10.  , 11.65,  8.55, 14.65,
        8.1 ,  8.8 , 11.55,  9.9 ,  4.  ,  6.65, 11.  ,  6.2 , 10.2 ,
       11.8 ,  9.35,  8.7 ,  6.95,  6.75,  6.45, 11.3 ,  7.  ,  8.7 ,
        5.4 ]), 'class_median_width': array([ 3.5, 15.5,  8. ,  6.5, 14. , 14.5,  4. , 17. ,  5.5, 22. , 14. ,
        8. ,  6.5, 16. ,  9.5,  6.5, 10. ,  5. ,  8. ,  3.5,  7.5, 15. ,
        7.5,  2. , 12. ,  9. ,  1. , 10. , 10. ,  8. ,  5. , 11.5, 11.5,
       14. ,  3.5, 10. ,  8.5, 11. , 14. ,  9. ,  9. , 16. , 11. ,  1. ,
        2. , 14.5,  4.5,  4.5,  2.5,  9. ,  8. ,  2. , 10.5, 15. , 10.5,
        9.5, 13.5,  9. , 12. ,  3. , 10.5, 17. , 15.5,  5. , 12. , 19. ,
       13.5,  9. , 12.5, 15.5, 12.5,  4.5,  2. ,  9. ,  4.5,  4. ,  3.5,
        5. , 10. ,  8. , 16. ,  5. ,  5.5,  9. ,  8.5,  3. ,  4. , 10.5,
        3. , 10. , 12.5,  4.5,  7.5,  6. ,  6.5,  3.5, 11. ,  6.5,  6.5,
        4. ]), 'class_mean_width_scaled': array([0.094 , 0.1425, 0.106 , 0.066 , 0.195 , 0.152 , 0.1295, 0.191 ,
       0.111 , 0.198 , 0.1635, 0.0825, 0.0915, 0.1695, 0.1345, 0.086 ,
       0.1335, 0.0695, 0.0975, 0.052 , 0.0895, 0.1555, 0.09  , 0.04  ,
       0.1855, 0.1   , 0.025 , 0.126 , 0.1145, 0.0925, 0.064 , 0.135 ,
       0.1325, 0.14  , 0.083 , 0.114 , 0.0965, 0.1305, 0.181 , 0.1245,
       0.1165, 0.1645, 0.148 , 0.02  , 0.072 , 0.1535, 0.0825, 0.064 ,
       0.0445, 0.103 , 0.116 , 0.0595, 0.1015, 0.1465, 0.122 , 0.1275,
       0.147 , 0.1105, 0.134 , 0.063 , 0.1325, 0.182 , 0.1625, 0.098 ,
       0.1525, 0.1825, 0.1345, 0.083 , 0.172 , 0.179 , 0.155 , 0.0935,
       0.0285, 0.127 , 0.0715, 0.0715, 0.0515, 0.1   , 0.1165, 0.0855,
       0.1465, 0.081 , 0.088 , 0.1155, 0.099 , 0.04  , 0.0665, 0.11  ,
       0.062 , 0.102 , 0.118 , 0.0935, 0.087 , 0.0695, 0.0675, 0.0645,
       0.113 , 0.07  , 0.087 , 0.054 ]), 'class_median_width_scaled': array([0.035, 0.155, 0.08 , 0.065, 0.14 , 0.145, 0.04 , 0.17 , 0.055,
       0.22 , 0.14 , 0.08 , 0.065, 0.16 , 0.095, 0.065, 0.1  , 0.05 ,
       0.08 , 0.035, 0.075, 0.15 , 0.075, 0.02 , 0.12 , 0.09 , 0.01 ,
       0.1  , 0.1  , 0.08 , 0.05 , 0.115, 0.115, 0.14 , 0.035, 0.1  ,
       0.085, 0.11 , 0.14 , 0.09 , 0.09 , 0.16 , 0.11 , 0.01 , 0.02 ,
       0.145, 0.045, 0.045, 0.025, 0.09 , 0.08 , 0.02 , 0.105, 0.15 ,
       0.105, 0.095, 0.135, 0.09 , 0.12 , 0.03 , 0.105, 0.17 , 0.155,
       0.05 , 0.12 , 0.19 , 0.135, 0.09 , 0.125, 0.155, 0.125, 0.045,
       0.02 , 0.09 , 0.045, 0.04 , 0.035, 0.05 , 0.1  , 0.08 , 0.16 ,
       0.05 , 0.055, 0.09 , 0.085, 0.03 , 0.04 , 0.105, 0.03 , 0.1  ,
       0.125, 0.045, 0.075, 0.06 , 0.065, 0.035, 0.11 , 0.065, 0.065,
       0.04 ])}

split_conformal_naive_XGBoost full class metrics: {'class_coverage': array([0.95, 0.7 , 0.85, 0.9 , 0.8 , 0.75, 1.  , 0.8 , 0.85, 0.9 , 0.95,
       1.  , 0.9 , 0.75, 0.75, 0.95, 0.9 , 0.9 , 1.  , 0.9 , 0.95, 0.85,
       0.9 , 1.  , 0.9 , 0.95, 1.  , 0.8 , 0.9 , 0.6 , 1.  , 0.85, 0.75,
       0.9 , 0.95, 0.75, 0.8 , 0.55, 0.85, 0.75, 1.  , 0.8 , 0.6 , 1.  ,
       1.  , 1.  , 0.95, 0.95, 1.  , 0.9 , 0.75, 0.85, 0.95, 0.8 , 0.8 ,
       0.95, 0.8 , 0.9 , 0.9 , 0.85, 0.65, 0.7 , 1.  , 0.95, 0.8 , 0.85,
       0.95, 0.85, 0.6 , 0.7 , 0.95, 1.  , 1.  , 0.9 , 1.  , 0.95, 1.  ,
       0.75, 1.  , 0.8 , 0.85, 0.85, 0.6 , 0.9 , 0.95, 0.7 , 0.65, 1.  ,
       0.9 , 0.85, 0.9 , 0.9 , 0.85, 0.9 , 0.85, 0.95, 0.75, 0.95, 0.85,
       1.  ]), 'class_mean_width': array([ 9.4 , 14.25, 10.6 ,  6.6 , 19.5 , 15.2 , 12.95, 19.1 , 11.1 ,
       19.8 , 16.35,  8.25,  9.15, 16.95, 13.45,  8.6 , 13.35,  6.95,
        9.75,  5.2 ,  8.95, 15.55,  9.  ,  4.  , 18.55, 10.  ,  2.5 ,
       12.6 , 11.45,  9.25,  6.4 , 13.5 , 13.25, 14.  ,  8.3 , 11.4 ,
        9.65, 13.05, 18.1 , 12.45, 11.65, 16.45, 14.8 ,  2.  ,  7.2 ,
       15.35,  8.25,  6.4 ,  4.45, 10.3 , 11.6 ,  5.95, 10.15, 14.65,
       12.2 , 12.75, 14.7 , 11.05, 13.4 ,  6.3 , 13.25, 18.2 , 16.25,
        9.8 , 15.25, 18.25, 13.45,  8.3 , 17.2 , 17.9 , 15.5 ,  9.35,
        2.85, 12.7 ,  7.15,  7.15,  5.15, 10.  , 11.65,  8.55, 14.65,
        8.1 ,  8.8 , 11.55,  9.9 ,  4.  ,  6.65, 11.  ,  6.2 , 10.2 ,
       11.8 ,  9.35,  8.7 ,  6.95,  6.75,  6.45, 11.3 ,  7.  ,  8.7 ,
        5.4 ]), 'class_median_width': array([ 3.5, 15.5,  8. ,  6.5, 14. , 14.5,  4. , 17. ,  5.5, 22. , 14. ,
        8. ,  6.5, 16. ,  9.5,  6.5, 10. ,  5. ,  8. ,  3.5,  7.5, 15. ,
        7.5,  2. , 12. ,  9. ,  1. , 10. , 10. ,  8. ,  5. , 11.5, 11.5,
       14. ,  3.5, 10. ,  8.5, 11. , 14. ,  9. ,  9. , 16. , 11. ,  1. ,
        2. , 14.5,  4.5,  4.5,  2.5,  9. ,  8. ,  2. , 10.5, 15. , 10.5,
        9.5, 13.5,  9. , 12. ,  3. , 10.5, 17. , 15.5,  5. , 12. , 19. ,
       13.5,  9. , 12.5, 15.5, 12.5,  4.5,  2. ,  9. ,  4.5,  4. ,  3.5,
        5. , 10. ,  8. , 16. ,  5. ,  5.5,  9. ,  8.5,  3. ,  4. , 10.5,
        3. , 10. , 12.5,  4.5,  7.5,  6. ,  6.5,  3.5, 11. ,  6.5,  6.5,
        4. ]), 'class_mean_width_scaled': array([0.094 , 0.1425, 0.106 , 0.066 , 0.195 , 0.152 , 0.1295, 0.191 ,
       0.111 , 0.198 , 0.1635, 0.0825, 0.0915, 0.1695, 0.1345, 0.086 ,
       0.1335, 0.0695, 0.0975, 0.052 , 0.0895, 0.1555, 0.09  , 0.04  ,
       0.1855, 0.1   , 0.025 , 0.126 , 0.1145, 0.0925, 0.064 , 0.135 ,
       0.1325, 0.14  , 0.083 , 0.114 , 0.0965, 0.1305, 0.181 , 0.1245,
       0.1165, 0.1645, 0.148 , 0.02  , 0.072 , 0.1535, 0.0825, 0.064 ,
       0.0445, 0.103 , 0.116 , 0.0595, 0.1015, 0.1465, 0.122 , 0.1275,
       0.147 , 0.1105, 0.134 , 0.063 , 0.1325, 0.182 , 0.1625, 0.098 ,
       0.1525, 0.1825, 0.1345, 0.083 , 0.172 , 0.179 , 0.155 , 0.0935,
       0.0285, 0.127 , 0.0715, 0.0715, 0.0515, 0.1   , 0.1165, 0.0855,
       0.1465, 0.081 , 0.088 , 0.1155, 0.099 , 0.04  , 0.0665, 0.11  ,
       0.062 , 0.102 , 0.118 , 0.0935, 0.087 , 0.0695, 0.0675, 0.0645,
       0.113 , 0.07  , 0.087 , 0.054 ]), 'class_median_width_scaled': array([0.035, 0.155, 0.08 , 0.065, 0.14 , 0.145, 0.04 , 0.17 , 0.055,
       0.22 , 0.14 , 0.08 , 0.065, 0.16 , 0.095, 0.065, 0.1  , 0.05 ,
       0.08 , 0.035, 0.075, 0.15 , 0.075, 0.02 , 0.12 , 0.09 , 0.01 ,
       0.1  , 0.1  , 0.08 , 0.05 , 0.115, 0.115, 0.14 , 0.035, 0.1  ,
       0.085, 0.11 , 0.14 , 0.09 , 0.09 , 0.16 , 0.11 , 0.01 , 0.02 ,
       0.145, 0.045, 0.045, 0.025, 0.09 , 0.08 , 0.02 , 0.105, 0.15 ,
       0.105, 0.095, 0.135, 0.09 , 0.12 , 0.03 , 0.105, 0.17 , 0.155,
       0.05 , 0.12 , 0.19 , 0.135, 0.09 , 0.125, 0.155, 0.125, 0.045,
       0.02 , 0.09 , 0.045, 0.04 , 0.035, 0.05 , 0.1  , 0.08 , 0.16 ,
       0.05 , 0.055, 0.09 , 0.085, 0.03 , 0.04 , 0.105, 0.03 , 0.1  ,
       0.125, 0.045, 0.075, 0.06 , 0.065, 0.035, 0.11 , 0.065, 0.065,
       0.04 ])}

Job completed at Wed Mar 19 06:24:47 PM PDT 2025
