Starting job at Wed Mar 19 06:24:51 PM PDT 2025
Job parameters:
Dataset: data_cover_type
UQ Method: split_conformal_naive
Estimator: XGBoost
Seed: 783
Train Size: 0.8
Running split_conformal_naive on data_cover_type with seed 783 and train size 0.8

starting experiment

data created

Fitting split_conformal_naive_XGBoost on data_cover_type with seed 783

split_conformal_naive_XGBoost metrics: {'coverage': np.float64(0.8645), 'mean_width': np.float64(10.2045), 'median_width': np.float64(8.0), 'mean_width_scaled': np.float64(0.102045), 'median_width_scaled': np.float64(0.08)}

split_conformal_naive_XGBoost full metrics: {'coverage': np.float64(0.8645), 'mean_width': np.float64(10.2045), 'median_width': np.float64(8.0), 'mean_width_scaled': np.float64(0.102045), 'median_width_scaled': np.float64(0.08)}

split_conformal_naive_XGBoost class metrics: {'class_coverage': array([0.9 , 0.7 , 0.85, 0.95, 1.  , 0.85, 1.  , 0.75, 0.9 , 0.95, 0.85,
       1.  , 0.9 , 0.95, 0.7 , 0.95, 0.95, 1.  , 0.85, 0.8 , 1.  , 0.95,
       0.9 , 1.  , 0.85, 0.85, 0.95, 0.8 , 0.65, 0.8 , 0.8 , 0.65, 0.85,
       1.  , 0.9 , 0.65, 0.75, 0.65, 0.6 , 0.9 , 0.75, 0.75, 0.85, 1.  ,
       1.  , 1.  , 0.95, 1.  , 0.9 , 0.8 , 0.85, 0.75, 0.9 , 0.9 , 0.7 ,
       1.  , 0.65, 0.9 , 0.8 , 0.9 , 0.8 , 0.75, 1.  , 0.95, 0.7 , 0.8 ,
       1.  , 0.9 , 0.7 , 0.75, 0.95, 0.95, 1.  , 0.75, 0.95, 0.85, 0.9 ,
       0.8 , 1.  , 0.7 , 0.8 , 1.  , 0.85, 1.  , 0.9 , 0.9 , 0.75, 1.  ,
       0.75, 0.75, 0.75, 1.  , 0.65, 0.85, 1.  , 1.  , 0.85, 0.95, 0.85,
       1.  ]), 'class_mean_width': array([ 9.65, 15.4 ,  9.8 ,  8.6 , 13.35, 17.3 , 10.1 , 17.35, 11.4 ,
       12.5 , 11.45,  9.85, 11.8 , 16.  , 11.9 , 11.3 , 10.15,  6.1 ,
        7.15,  6.15,  7.75,  9.6 , 12.05,  3.8 , 14.3 , 13.2 ,  2.5 ,
       12.35, 12.3 , 11.25,  8.25, 11.95, 10.4 ,  8.3 ,  5.95, 12.4 ,
       14.1 , 14.35, 14.85, 10.95,  9.55, 11.8 , 20.2 ,  2.7 ,  7.45,
       14.  ,  4.8 ,  6.9 ,  9.85, 10.75, 12.35,  8.8 ,  9.2 , 18.45,
       13.7 , 10.1 , 14.3 ,  9.45, 10.25,  3.9 , 11.1 , 14.2 , 13.9 ,
        6.05, 13.75, 21.9 , 13.05,  6.6 , 15.35, 18.7 , 17.7 ,  7.25,
        4.85, 13.  ,  6.95,  5.6 ,  3.85,  8.  ,  6.65,  8.1 , 10.3 ,
        8.4 ,  9.  ,  8.7 ,  5.75,  3.45,  7.35, 11.4 ,  6.55,  8.5 ,
       10.1 ,  6.3 , 10.7 ,  6.85,  4.15,  5.55, 11.25,  6.6 , 12.2 ,
        4.4 ]), 'class_median_width': array([ 4.5, 14.5,  8.5,  6. ,  6.5, 14. ,  6.5, 15.5, 10. ,  7.5,  8. ,
        9. , 10.5, 14.5,  8. , 10. ,  3. ,  6.5,  7.5,  5. ,  6.5,  6. ,
       10. ,  3.5, 13. , 12. ,  1. , 11.5, 11.5,  8. ,  6.5, 11. ,  8.5,
        4.5,  2. ,  9.5, 10. , 12. , 13.5, 10.5,  9.5,  8.5, 18. ,  2. ,
        3. , 10. ,  2. ,  1.5,  3. , 10.5, 12.5,  7. ,  8.5, 20. ,  9.5,
        8. , 16. ,  7. ,  7.5,  2. ,  9. , 14.5,  9. ,  4.5, 11.5, 22. ,
       10. ,  4.5, 14.5, 14. , 15.5,  4.5,  3. ,  9.5,  5. ,  4. ,  2.5,
        7.5,  5. ,  7.5, 10.5,  4.5,  9. ,  2.5,  5. ,  3. ,  4. ,  9.5,
        6.5,  4.5,  8.5,  3.5,  9.5,  3. ,  3. ,  4.5, 10. ,  5.5, 11. ,
        3.5]), 'class_mean_width_scaled': array([0.0965, 0.154 , 0.098 , 0.086 , 0.1335, 0.173 , 0.101 , 0.1735,
       0.114 , 0.125 , 0.1145, 0.0985, 0.118 , 0.16  , 0.119 , 0.113 ,
       0.1015, 0.061 , 0.0715, 0.0615, 0.0775, 0.096 , 0.1205, 0.038 ,
       0.143 , 0.132 , 0.025 , 0.1235, 0.123 , 0.1125, 0.0825, 0.1195,
       0.104 , 0.083 , 0.0595, 0.124 , 0.141 , 0.1435, 0.1485, 0.1095,
       0.0955, 0.118 , 0.202 , 0.027 , 0.0745, 0.14  , 0.048 , 0.069 ,
       0.0985, 0.1075, 0.1235, 0.088 , 0.092 , 0.1845, 0.137 , 0.101 ,
       0.143 , 0.0945, 0.1025, 0.039 , 0.111 , 0.142 , 0.139 , 0.0605,
       0.1375, 0.219 , 0.1305, 0.066 , 0.1535, 0.187 , 0.177 , 0.0725,
       0.0485, 0.13  , 0.0695, 0.056 , 0.0385, 0.08  , 0.0665, 0.081 ,
       0.103 , 0.084 , 0.09  , 0.087 , 0.0575, 0.0345, 0.0735, 0.114 ,
       0.0655, 0.085 , 0.101 , 0.063 , 0.107 , 0.0685, 0.0415, 0.0555,
       0.1125, 0.066 , 0.122 , 0.044 ]), 'class_median_width_scaled': array([0.045, 0.145, 0.085, 0.06 , 0.065, 0.14 , 0.065, 0.155, 0.1  ,
       0.075, 0.08 , 0.09 , 0.105, 0.145, 0.08 , 0.1  , 0.03 , 0.065,
       0.075, 0.05 , 0.065, 0.06 , 0.1  , 0.035, 0.13 , 0.12 , 0.01 ,
       0.115, 0.115, 0.08 , 0.065, 0.11 , 0.085, 0.045, 0.02 , 0.095,
       0.1  , 0.12 , 0.135, 0.105, 0.095, 0.085, 0.18 , 0.02 , 0.03 ,
       0.1  , 0.02 , 0.015, 0.03 , 0.105, 0.125, 0.07 , 0.085, 0.2  ,
       0.095, 0.08 , 0.16 , 0.07 , 0.075, 0.02 , 0.09 , 0.145, 0.09 ,
       0.045, 0.115, 0.22 , 0.1  , 0.045, 0.145, 0.14 , 0.155, 0.045,
       0.03 , 0.095, 0.05 , 0.04 , 0.025, 0.075, 0.05 , 0.075, 0.105,
       0.045, 0.09 , 0.025, 0.05 , 0.03 , 0.04 , 0.095, 0.065, 0.045,
       0.085, 0.035, 0.095, 0.03 , 0.03 , 0.045, 0.1  , 0.055, 0.11 ,
       0.035])}

split_conformal_naive_XGBoost full class metrics: {'class_coverage': array([0.9 , 0.7 , 0.85, 0.95, 1.  , 0.85, 1.  , 0.75, 0.9 , 0.95, 0.85,
       1.  , 0.9 , 0.95, 0.7 , 0.95, 0.95, 1.  , 0.85, 0.8 , 1.  , 0.95,
       0.9 , 1.  , 0.85, 0.85, 0.95, 0.8 , 0.65, 0.8 , 0.8 , 0.65, 0.85,
       1.  , 0.9 , 0.65, 0.75, 0.65, 0.6 , 0.9 , 0.75, 0.75, 0.85, 1.  ,
       1.  , 1.  , 0.95, 1.  , 0.9 , 0.8 , 0.85, 0.75, 0.9 , 0.9 , 0.7 ,
       1.  , 0.65, 0.9 , 0.8 , 0.9 , 0.8 , 0.75, 1.  , 0.95, 0.7 , 0.8 ,
       1.  , 0.9 , 0.7 , 0.75, 0.95, 0.95, 1.  , 0.75, 0.95, 0.85, 0.9 ,
       0.8 , 1.  , 0.7 , 0.8 , 1.  , 0.85, 1.  , 0.9 , 0.9 , 0.75, 1.  ,
       0.75, 0.75, 0.75, 1.  , 0.65, 0.85, 1.  , 1.  , 0.85, 0.95, 0.85,
       1.  ]), 'class_mean_width': array([ 9.65, 15.4 ,  9.8 ,  8.6 , 13.35, 17.3 , 10.1 , 17.35, 11.4 ,
       12.5 , 11.45,  9.85, 11.8 , 16.  , 11.9 , 11.3 , 10.15,  6.1 ,
        7.15,  6.15,  7.75,  9.6 , 12.05,  3.8 , 14.3 , 13.2 ,  2.5 ,
       12.35, 12.3 , 11.25,  8.25, 11.95, 10.4 ,  8.3 ,  5.95, 12.4 ,
       14.1 , 14.35, 14.85, 10.95,  9.55, 11.8 , 20.2 ,  2.7 ,  7.45,
       14.  ,  4.8 ,  6.9 ,  9.85, 10.75, 12.35,  8.8 ,  9.2 , 18.45,
       13.7 , 10.1 , 14.3 ,  9.45, 10.25,  3.9 , 11.1 , 14.2 , 13.9 ,
        6.05, 13.75, 21.9 , 13.05,  6.6 , 15.35, 18.7 , 17.7 ,  7.25,
        4.85, 13.  ,  6.95,  5.6 ,  3.85,  8.  ,  6.65,  8.1 , 10.3 ,
        8.4 ,  9.  ,  8.7 ,  5.75,  3.45,  7.35, 11.4 ,  6.55,  8.5 ,
       10.1 ,  6.3 , 10.7 ,  6.85,  4.15,  5.55, 11.25,  6.6 , 12.2 ,
        4.4 ]), 'class_median_width': array([ 4.5, 14.5,  8.5,  6. ,  6.5, 14. ,  6.5, 15.5, 10. ,  7.5,  8. ,
        9. , 10.5, 14.5,  8. , 10. ,  3. ,  6.5,  7.5,  5. ,  6.5,  6. ,
       10. ,  3.5, 13. , 12. ,  1. , 11.5, 11.5,  8. ,  6.5, 11. ,  8.5,
        4.5,  2. ,  9.5, 10. , 12. , 13.5, 10.5,  9.5,  8.5, 18. ,  2. ,
        3. , 10. ,  2. ,  1.5,  3. , 10.5, 12.5,  7. ,  8.5, 20. ,  9.5,
        8. , 16. ,  7. ,  7.5,  2. ,  9. , 14.5,  9. ,  4.5, 11.5, 22. ,
       10. ,  4.5, 14.5, 14. , 15.5,  4.5,  3. ,  9.5,  5. ,  4. ,  2.5,
        7.5,  5. ,  7.5, 10.5,  4.5,  9. ,  2.5,  5. ,  3. ,  4. ,  9.5,
        6.5,  4.5,  8.5,  3.5,  9.5,  3. ,  3. ,  4.5, 10. ,  5.5, 11. ,
        3.5]), 'class_mean_width_scaled': array([0.0965, 0.154 , 0.098 , 0.086 , 0.1335, 0.173 , 0.101 , 0.1735,
       0.114 , 0.125 , 0.1145, 0.0985, 0.118 , 0.16  , 0.119 , 0.113 ,
       0.1015, 0.061 , 0.0715, 0.0615, 0.0775, 0.096 , 0.1205, 0.038 ,
       0.143 , 0.132 , 0.025 , 0.1235, 0.123 , 0.1125, 0.0825, 0.1195,
       0.104 , 0.083 , 0.0595, 0.124 , 0.141 , 0.1435, 0.1485, 0.1095,
       0.0955, 0.118 , 0.202 , 0.027 , 0.0745, 0.14  , 0.048 , 0.069 ,
       0.0985, 0.1075, 0.1235, 0.088 , 0.092 , 0.1845, 0.137 , 0.101 ,
       0.143 , 0.0945, 0.1025, 0.039 , 0.111 , 0.142 , 0.139 , 0.0605,
       0.1375, 0.219 , 0.1305, 0.066 , 0.1535, 0.187 , 0.177 , 0.0725,
       0.0485, 0.13  , 0.0695, 0.056 , 0.0385, 0.08  , 0.0665, 0.081 ,
       0.103 , 0.084 , 0.09  , 0.087 , 0.0575, 0.0345, 0.0735, 0.114 ,
       0.0655, 0.085 , 0.101 , 0.063 , 0.107 , 0.0685, 0.0415, 0.0555,
       0.1125, 0.066 , 0.122 , 0.044 ]), 'class_median_width_scaled': array([0.045, 0.145, 0.085, 0.06 , 0.065, 0.14 , 0.065, 0.155, 0.1  ,
       0.075, 0.08 , 0.09 , 0.105, 0.145, 0.08 , 0.1  , 0.03 , 0.065,
       0.075, 0.05 , 0.065, 0.06 , 0.1  , 0.035, 0.13 , 0.12 , 0.01 ,
       0.115, 0.115, 0.08 , 0.065, 0.11 , 0.085, 0.045, 0.02 , 0.095,
       0.1  , 0.12 , 0.135, 0.105, 0.095, 0.085, 0.18 , 0.02 , 0.03 ,
       0.1  , 0.02 , 0.015, 0.03 , 0.105, 0.125, 0.07 , 0.085, 0.2  ,
       0.095, 0.08 , 0.16 , 0.07 , 0.075, 0.02 , 0.09 , 0.145, 0.09 ,
       0.045, 0.115, 0.22 , 0.1  , 0.045, 0.145, 0.14 , 0.155, 0.045,
       0.03 , 0.095, 0.05 , 0.04 , 0.025, 0.075, 0.05 , 0.075, 0.105,
       0.045, 0.09 , 0.025, 0.05 , 0.03 , 0.04 , 0.095, 0.065, 0.045,
       0.085, 0.035, 0.095, 0.03 , 0.03 , 0.045, 0.1  , 0.055, 0.11 ,
       0.035])}

Job completed at Wed Mar 19 06:24:55 PM PDT 2025
