Starting job at Wed Mar 19 06:24:49 PM PDT 2025
Job parameters:
Dataset: data_cover_type
UQ Method: split_conformal_naive
Estimator: XGBoost
Seed: 782
Train Size: 0.8
Running split_conformal_naive on data_cover_type with seed 782 and train size 0.8

starting experiment

data created

Fitting split_conformal_naive_XGBoost on data_cover_type with seed 782

split_conformal_naive_XGBoost metrics: {'coverage': np.float64(0.8625), 'mean_width': np.float64(11.102), 'median_width': np.float64(8.0), 'mean_width_scaled': np.float64(0.11102000000000001), 'median_width_scaled': np.float64(0.08)}

split_conformal_naive_XGBoost full metrics: {'coverage': np.float64(0.8625), 'mean_width': np.float64(11.102), 'median_width': np.float64(8.0), 'mean_width_scaled': np.float64(0.11102000000000001), 'median_width_scaled': np.float64(0.08)}

split_conformal_naive_XGBoost class metrics: {'class_coverage': array([0.9 , 0.75, 0.7 , 0.85, 0.75, 0.7 , 1.  , 0.65, 0.95, 0.85, 0.7 ,
       0.9 , 0.9 , 0.8 , 0.75, 0.9 , 1.  , 1.  , 1.  , 0.85, 1.  , 0.95,
       0.75, 1.  , 0.95, 0.8 , 1.  , 0.85, 1.  , 0.95, 0.9 , 0.8 , 0.75,
       0.95, 1.  , 0.6 , 0.8 , 0.75, 0.6 , 0.9 , 1.  , 0.75, 0.85, 1.  ,
       0.9 , 1.  , 1.  , 1.  , 0.9 , 0.7 , 0.6 , 0.55, 0.95, 0.95, 0.8 ,
       0.85, 0.6 , 0.85, 0.85, 0.95, 0.75, 0.75, 1.  , 1.  , 0.75, 0.9 ,
       0.95, 0.9 , 0.8 , 0.7 , 0.75, 0.9 , 1.  , 1.  , 0.95, 0.75, 1.  ,
       0.9 , 0.95, 0.9 , 0.9 , 0.85, 0.7 , 1.  , 0.95, 0.95, 0.65, 0.95,
       0.7 , 0.85, 0.85, 0.95, 0.8 , 0.95, 0.85, 1.  , 0.7 , 0.8 , 1.  ,
       1.  ]), 'class_mean_width': array([10.25, 17.3 , 11.05,  7.8 , 17.1 , 15.2 ,  8.65, 18.85, 17.8 ,
       15.35, 15.8 , 13.7 ,  8.9 , 17.15, 15.  , 12.5 ,  9.35,  8.05,
        7.8 , 10.95,  8.85, 18.2 ,  9.35,  4.7 , 16.55, 12.  ,  2.75,
        8.65, 15.5 ,  7.1 ,  6.55, 13.4 , 13.9 ,  9.  ,  8.05, 10.3 ,
       10.4 , 12.25, 14.8 , 15.65, 11.  , 11.8 , 16.65,  2.4 ,  3.6 ,
       20.9 , 21.05,  4.7 ,  8.85, 12.  , 12.6 ,  5.05, 10.55, 17.8 ,
       10.85, 10.  , 12.8 , 10.3 , 11.05,  4.85, 15.2 , 23.3 , 12.35,
       10.35, 14.55, 23.1 , 14.9 ,  7.45, 13.25, 16.6 , 12.5 ,  8.4 ,
        5.2 ,  9.8 ,  6.3 ,  3.75,  4.4 , 11.2 ,  7.05,  9.65, 12.75,
        7.  , 12.45,  9.3 , 13.4 ,  3.9 ,  8.1 ,  8.65,  5.85,  8.95,
       14.15,  8.75, 11.1 ,  7.  ,  7.3 ,  7.9 , 11.25, 10.85, 12.4 ,
        4.55]), 'class_median_width': array([ 5. , 13.5,  8. ,  8. , 12. , 12.5,  2.5, 14. , 15.5, 12.5, 17.5,
       10.5,  8.5, 15. , 12. , 10. ,  1.5,  7.5,  6. ,  7. ,  8. , 14.5,
       10. ,  1.5, 15.5,  7. ,  1. ,  4.5, 14. ,  6.5,  7.5, 11. , 11.5,
        5.5,  6. ,  8. ,  8. , 11.5, 15.5, 10. ,  5.5, 10. , 12.5,  1.5,
        1. , 23. , 23.5,  3. ,  2.5, 11.5,  9.5,  4. , 10.5, 19. ,  8. ,
       10. , 12.5,  9.5, 12. ,  3.5, 14. , 22. ,  9. ,  8. , 13. , 21. ,
       13. ,  3. ,  9. , 14.5, 11. ,  4.5,  3.5,  9.5,  3.5,  2. ,  3. ,
       12. ,  6.5, 11. , 11. ,  5.5,  9.5,  4. , 10. ,  3. ,  6. ,  8.5,
        6. ,  6. , 12. ,  3. , 10.5,  6.5,  4.5,  5. , 11. , 11. , 11. ,
        2.5]), 'class_mean_width_scaled': array([0.1025, 0.173 , 0.1105, 0.078 , 0.171 , 0.152 , 0.0865, 0.1885,
       0.178 , 0.1535, 0.158 , 0.137 , 0.089 , 0.1715, 0.15  , 0.125 ,
       0.0935, 0.0805, 0.078 , 0.1095, 0.0885, 0.182 , 0.0935, 0.047 ,
       0.1655, 0.12  , 0.0275, 0.0865, 0.155 , 0.071 , 0.0655, 0.134 ,
       0.139 , 0.09  , 0.0805, 0.103 , 0.104 , 0.1225, 0.148 , 0.1565,
       0.11  , 0.118 , 0.1665, 0.024 , 0.036 , 0.209 , 0.2105, 0.047 ,
       0.0885, 0.12  , 0.126 , 0.0505, 0.1055, 0.178 , 0.1085, 0.1   ,
       0.128 , 0.103 , 0.1105, 0.0485, 0.152 , 0.233 , 0.1235, 0.1035,
       0.1455, 0.231 , 0.149 , 0.0745, 0.1325, 0.166 , 0.125 , 0.084 ,
       0.052 , 0.098 , 0.063 , 0.0375, 0.044 , 0.112 , 0.0705, 0.0965,
       0.1275, 0.07  , 0.1245, 0.093 , 0.134 , 0.039 , 0.081 , 0.0865,
       0.0585, 0.0895, 0.1415, 0.0875, 0.111 , 0.07  , 0.073 , 0.079 ,
       0.1125, 0.1085, 0.124 , 0.0455]), 'class_median_width_scaled': array([0.05 , 0.135, 0.08 , 0.08 , 0.12 , 0.125, 0.025, 0.14 , 0.155,
       0.125, 0.175, 0.105, 0.085, 0.15 , 0.12 , 0.1  , 0.015, 0.075,
       0.06 , 0.07 , 0.08 , 0.145, 0.1  , 0.015, 0.155, 0.07 , 0.01 ,
       0.045, 0.14 , 0.065, 0.075, 0.11 , 0.115, 0.055, 0.06 , 0.08 ,
       0.08 , 0.115, 0.155, 0.1  , 0.055, 0.1  , 0.125, 0.015, 0.01 ,
       0.23 , 0.235, 0.03 , 0.025, 0.115, 0.095, 0.04 , 0.105, 0.19 ,
       0.08 , 0.1  , 0.125, 0.095, 0.12 , 0.035, 0.14 , 0.22 , 0.09 ,
       0.08 , 0.13 , 0.21 , 0.13 , 0.03 , 0.09 , 0.145, 0.11 , 0.045,
       0.035, 0.095, 0.035, 0.02 , 0.03 , 0.12 , 0.065, 0.11 , 0.11 ,
       0.055, 0.095, 0.04 , 0.1  , 0.03 , 0.06 , 0.085, 0.06 , 0.06 ,
       0.12 , 0.03 , 0.105, 0.065, 0.045, 0.05 , 0.11 , 0.11 , 0.11 ,
       0.025])}

split_conformal_naive_XGBoost full class metrics: {'class_coverage': array([0.9 , 0.75, 0.7 , 0.85, 0.75, 0.7 , 1.  , 0.65, 0.95, 0.85, 0.7 ,
       0.9 , 0.9 , 0.8 , 0.75, 0.9 , 1.  , 1.  , 1.  , 0.85, 1.  , 0.95,
       0.75, 1.  , 0.95, 0.8 , 1.  , 0.85, 1.  , 0.95, 0.9 , 0.8 , 0.75,
       0.95, 1.  , 0.6 , 0.8 , 0.75, 0.6 , 0.9 , 1.  , 0.75, 0.85, 1.  ,
       0.9 , 1.  , 1.  , 1.  , 0.9 , 0.7 , 0.6 , 0.55, 0.95, 0.95, 0.8 ,
       0.85, 0.6 , 0.85, 0.85, 0.95, 0.75, 0.75, 1.  , 1.  , 0.75, 0.9 ,
       0.95, 0.9 , 0.8 , 0.7 , 0.75, 0.9 , 1.  , 1.  , 0.95, 0.75, 1.  ,
       0.9 , 0.95, 0.9 , 0.9 , 0.85, 0.7 , 1.  , 0.95, 0.95, 0.65, 0.95,
       0.7 , 0.85, 0.85, 0.95, 0.8 , 0.95, 0.85, 1.  , 0.7 , 0.8 , 1.  ,
       1.  ]), 'class_mean_width': array([10.25, 17.3 , 11.05,  7.8 , 17.1 , 15.2 ,  8.65, 18.85, 17.8 ,
       15.35, 15.8 , 13.7 ,  8.9 , 17.15, 15.  , 12.5 ,  9.35,  8.05,
        7.8 , 10.95,  8.85, 18.2 ,  9.35,  4.7 , 16.55, 12.  ,  2.75,
        8.65, 15.5 ,  7.1 ,  6.55, 13.4 , 13.9 ,  9.  ,  8.05, 10.3 ,
       10.4 , 12.25, 14.8 , 15.65, 11.  , 11.8 , 16.65,  2.4 ,  3.6 ,
       20.9 , 21.05,  4.7 ,  8.85, 12.  , 12.6 ,  5.05, 10.55, 17.8 ,
       10.85, 10.  , 12.8 , 10.3 , 11.05,  4.85, 15.2 , 23.3 , 12.35,
       10.35, 14.55, 23.1 , 14.9 ,  7.45, 13.25, 16.6 , 12.5 ,  8.4 ,
        5.2 ,  9.8 ,  6.3 ,  3.75,  4.4 , 11.2 ,  7.05,  9.65, 12.75,
        7.  , 12.45,  9.3 , 13.4 ,  3.9 ,  8.1 ,  8.65,  5.85,  8.95,
       14.15,  8.75, 11.1 ,  7.  ,  7.3 ,  7.9 , 11.25, 10.85, 12.4 ,
        4.55]), 'class_median_width': array([ 5. , 13.5,  8. ,  8. , 12. , 12.5,  2.5, 14. , 15.5, 12.5, 17.5,
       10.5,  8.5, 15. , 12. , 10. ,  1.5,  7.5,  6. ,  7. ,  8. , 14.5,
       10. ,  1.5, 15.5,  7. ,  1. ,  4.5, 14. ,  6.5,  7.5, 11. , 11.5,
        5.5,  6. ,  8. ,  8. , 11.5, 15.5, 10. ,  5.5, 10. , 12.5,  1.5,
        1. , 23. , 23.5,  3. ,  2.5, 11.5,  9.5,  4. , 10.5, 19. ,  8. ,
       10. , 12.5,  9.5, 12. ,  3.5, 14. , 22. ,  9. ,  8. , 13. , 21. ,
       13. ,  3. ,  9. , 14.5, 11. ,  4.5,  3.5,  9.5,  3.5,  2. ,  3. ,
       12. ,  6.5, 11. , 11. ,  5.5,  9.5,  4. , 10. ,  3. ,  6. ,  8.5,
        6. ,  6. , 12. ,  3. , 10.5,  6.5,  4.5,  5. , 11. , 11. , 11. ,
        2.5]), 'class_mean_width_scaled': array([0.1025, 0.173 , 0.1105, 0.078 , 0.171 , 0.152 , 0.0865, 0.1885,
       0.178 , 0.1535, 0.158 , 0.137 , 0.089 , 0.1715, 0.15  , 0.125 ,
       0.0935, 0.0805, 0.078 , 0.1095, 0.0885, 0.182 , 0.0935, 0.047 ,
       0.1655, 0.12  , 0.0275, 0.0865, 0.155 , 0.071 , 0.0655, 0.134 ,
       0.139 , 0.09  , 0.0805, 0.103 , 0.104 , 0.1225, 0.148 , 0.1565,
       0.11  , 0.118 , 0.1665, 0.024 , 0.036 , 0.209 , 0.2105, 0.047 ,
       0.0885, 0.12  , 0.126 , 0.0505, 0.1055, 0.178 , 0.1085, 0.1   ,
       0.128 , 0.103 , 0.1105, 0.0485, 0.152 , 0.233 , 0.1235, 0.1035,
       0.1455, 0.231 , 0.149 , 0.0745, 0.1325, 0.166 , 0.125 , 0.084 ,
       0.052 , 0.098 , 0.063 , 0.0375, 0.044 , 0.112 , 0.0705, 0.0965,
       0.1275, 0.07  , 0.1245, 0.093 , 0.134 , 0.039 , 0.081 , 0.0865,
       0.0585, 0.0895, 0.1415, 0.0875, 0.111 , 0.07  , 0.073 , 0.079 ,
       0.1125, 0.1085, 0.124 , 0.0455]), 'class_median_width_scaled': array([0.05 , 0.135, 0.08 , 0.08 , 0.12 , 0.125, 0.025, 0.14 , 0.155,
       0.125, 0.175, 0.105, 0.085, 0.15 , 0.12 , 0.1  , 0.015, 0.075,
       0.06 , 0.07 , 0.08 , 0.145, 0.1  , 0.015, 0.155, 0.07 , 0.01 ,
       0.045, 0.14 , 0.065, 0.075, 0.11 , 0.115, 0.055, 0.06 , 0.08 ,
       0.08 , 0.115, 0.155, 0.1  , 0.055, 0.1  , 0.125, 0.015, 0.01 ,
       0.23 , 0.235, 0.03 , 0.025, 0.115, 0.095, 0.04 , 0.105, 0.19 ,
       0.08 , 0.1  , 0.125, 0.095, 0.12 , 0.035, 0.14 , 0.22 , 0.09 ,
       0.08 , 0.13 , 0.21 , 0.13 , 0.03 , 0.09 , 0.145, 0.11 , 0.045,
       0.035, 0.095, 0.035, 0.02 , 0.03 , 0.12 , 0.065, 0.11 , 0.11 ,
       0.055, 0.095, 0.04 , 0.1  , 0.03 , 0.06 , 0.085, 0.06 , 0.06 ,
       0.12 , 0.03 , 0.105, 0.065, 0.045, 0.05 , 0.11 , 0.11 , 0.11 ,
       0.025])}

Job completed at Wed Mar 19 06:24:54 PM PDT 2025
