Starting job at Wed Mar 19 06:24:45 PM PDT 2025
Job parameters:
Dataset: data_cover_type
UQ Method: split_conformal_naive
Estimator: XGBoost
Seed: 780
Train Size: 0.8
Running split_conformal_naive on data_cover_type with seed 780 and train size 0.8

starting experiment

data created

Fitting split_conformal_naive_XGBoost on data_cover_type with seed 780

split_conformal_naive_XGBoost metrics: {'coverage': np.float64(0.863), 'mean_width': np.float64(10.9325), 'median_width': np.float64(8.0), 'mean_width_scaled': np.float64(0.10932499999999999), 'median_width_scaled': np.float64(0.08)}

split_conformal_naive_XGBoost full metrics: {'coverage': np.float64(0.863), 'mean_width': np.float64(10.9325), 'median_width': np.float64(8.0), 'mean_width_scaled': np.float64(0.10932499999999999), 'median_width_scaled': np.float64(0.08)}

split_conformal_naive_XGBoost class metrics: {'class_coverage': array([1.  , 0.8 , 0.7 , 0.75, 0.95, 0.8 , 1.  , 0.85, 0.75, 0.85, 0.6 ,
       1.  , 0.95, 0.9 , 0.9 , 1.  , 1.  , 0.75, 0.85, 0.8 , 0.9 , 0.95,
       1.  , 0.85, 1.  , 0.9 , 1.  , 0.95, 0.7 , 0.85, 0.9 , 0.75, 0.9 ,
       1.  , 1.  , 0.75, 0.85, 0.5 , 0.6 , 0.95, 0.75, 0.85, 0.8 , 1.  ,
       1.  , 0.95, 1.  , 1.  , 1.  , 0.75, 1.  , 0.7 , 0.75, 0.95, 0.8 ,
       0.95, 0.8 , 0.8 , 0.8 , 0.95, 0.75, 0.75, 0.85, 0.95, 0.9 , 0.75,
       0.9 , 0.95, 0.65, 0.75, 1.  , 0.9 , 0.95, 0.95, 1.  , 0.85, 1.  ,
       0.55, 0.95, 0.7 , 0.8 , 0.75, 0.7 , 0.85, 0.65, 0.75, 0.95, 1.  ,
       0.85, 0.8 , 0.9 , 0.9 , 0.8 , 0.95, 0.85, 1.  , 0.9 , 0.9 , 0.85,
       1.  ]), 'class_mean_width': array([13.15, 23.2 , 11.85,  7.75, 17.6 , 12.85, 10.2 , 18.85, 16.35,
       15.15, 14.45, 11.5 , 12.2 , 19.45, 18.75, 12.75, 12.75,  8.7 ,
        6.55,  7.35,  6.6 , 15.2 , 10.5 ,  5.8 , 15.2 , 10.2 ,  3.5 ,
        9.35, 10.4 ,  8.25,  9.25, 15.2 , 11.45, 14.  ,  7.95,  9.  ,
        7.7 , 11.05, 15.5 , 12.8 ,  8.75, 11.5 , 20.65,  5.15,  4.7 ,
       17.3 , 11.95,  2.8 ,  7.7 , 10.85, 14.05,  8.3 ,  9.75, 13.4 ,
       13.25, 14.25, 12.05, 11.9 ,  9.45,  4.55, 12.1 , 21.05, 11.  ,
        7.8 , 16.15, 18.75, 13.75,  6.05, 10.7 , 17.4 , 18.15, 13.55,
        8.05, 17.  ,  5.4 ,  5.2 ,  4.35,  7.95,  9.85,  6.7 , 11.05,
        8.8 ,  8.75,  4.5 ,  6.7 ,  4.95,  7.3 , 14.2 ,  5.65, 13.7 ,
        9.7 ,  9.  , 14.35,  5.95,  6.85,  6.3 , 12.15,  7.35,  7.55,
        4.9 ]), 'class_median_width': array([ 5.5, 25.5, 10.5,  6.5, 14.5, 10.5,  3. , 17. , 12. ,  9.5, 14. ,
        6.5, 12. , 15. , 14.5,  8. ,  6.5,  5.5,  6. ,  4. ,  6. , 16.5,
        5. ,  4.5, 12. ,  7. ,  1. ,  6.5,  7.5,  7. ,  9. , 14.5,  8. ,
       11.5,  7. ,  7.5,  6.5, 10. , 12. , 13.5,  6.5,  9.5, 17. ,  2. ,
        1. , 13.5,  2.5,  1. ,  2.5, 10. , 13. ,  6. ,  8. , 13. , 11. ,
       13. ,  9. , 11.5,  8.5,  2. , 11. , 19.5,  5. ,  5.5, 16. , 16.5,
       11.5,  5. ,  9. , 17. , 21. , 11.5,  6. , 15.5,  5. ,  4.5,  3. ,
        6.5,  9. ,  6. , 11. ,  5.5,  7.5,  2.5,  5. ,  4. ,  6. , 13.5,
        4. , 13. ,  8.5,  7. , 12.5,  4.5,  5. ,  3. ,  7.5,  7. ,  6. ,
        3.5]), 'class_mean_width_scaled': array([0.1315, 0.232 , 0.1185, 0.0775, 0.176 , 0.1285, 0.102 , 0.1885,
       0.1635, 0.1515, 0.1445, 0.115 , 0.122 , 0.1945, 0.1875, 0.1275,
       0.1275, 0.087 , 0.0655, 0.0735, 0.066 , 0.152 , 0.105 , 0.058 ,
       0.152 , 0.102 , 0.035 , 0.0935, 0.104 , 0.0825, 0.0925, 0.152 ,
       0.1145, 0.14  , 0.0795, 0.09  , 0.077 , 0.1105, 0.155 , 0.128 ,
       0.0875, 0.115 , 0.2065, 0.0515, 0.047 , 0.173 , 0.1195, 0.028 ,
       0.077 , 0.1085, 0.1405, 0.083 , 0.0975, 0.134 , 0.1325, 0.1425,
       0.1205, 0.119 , 0.0945, 0.0455, 0.121 , 0.2105, 0.11  , 0.078 ,
       0.1615, 0.1875, 0.1375, 0.0605, 0.107 , 0.174 , 0.1815, 0.1355,
       0.0805, 0.17  , 0.054 , 0.052 , 0.0435, 0.0795, 0.0985, 0.067 ,
       0.1105, 0.088 , 0.0875, 0.045 , 0.067 , 0.0495, 0.073 , 0.142 ,
       0.0565, 0.137 , 0.097 , 0.09  , 0.1435, 0.0595, 0.0685, 0.063 ,
       0.1215, 0.0735, 0.0755, 0.049 ]), 'class_median_width_scaled': array([0.055, 0.255, 0.105, 0.065, 0.145, 0.105, 0.03 , 0.17 , 0.12 ,
       0.095, 0.14 , 0.065, 0.12 , 0.15 , 0.145, 0.08 , 0.065, 0.055,
       0.06 , 0.04 , 0.06 , 0.165, 0.05 , 0.045, 0.12 , 0.07 , 0.01 ,
       0.065, 0.075, 0.07 , 0.09 , 0.145, 0.08 , 0.115, 0.07 , 0.075,
       0.065, 0.1  , 0.12 , 0.135, 0.065, 0.095, 0.17 , 0.02 , 0.01 ,
       0.135, 0.025, 0.01 , 0.025, 0.1  , 0.13 , 0.06 , 0.08 , 0.13 ,
       0.11 , 0.13 , 0.09 , 0.115, 0.085, 0.02 , 0.11 , 0.195, 0.05 ,
       0.055, 0.16 , 0.165, 0.115, 0.05 , 0.09 , 0.17 , 0.21 , 0.115,
       0.06 , 0.155, 0.05 , 0.045, 0.03 , 0.065, 0.09 , 0.06 , 0.11 ,
       0.055, 0.075, 0.025, 0.05 , 0.04 , 0.06 , 0.135, 0.04 , 0.13 ,
       0.085, 0.07 , 0.125, 0.045, 0.05 , 0.03 , 0.075, 0.07 , 0.06 ,
       0.035])}

split_conformal_naive_XGBoost full class metrics: {'class_coverage': array([1.  , 0.8 , 0.7 , 0.75, 0.95, 0.8 , 1.  , 0.85, 0.75, 0.85, 0.6 ,
       1.  , 0.95, 0.9 , 0.9 , 1.  , 1.  , 0.75, 0.85, 0.8 , 0.9 , 0.95,
       1.  , 0.85, 1.  , 0.9 , 1.  , 0.95, 0.7 , 0.85, 0.9 , 0.75, 0.9 ,
       1.  , 1.  , 0.75, 0.85, 0.5 , 0.6 , 0.95, 0.75, 0.85, 0.8 , 1.  ,
       1.  , 0.95, 1.  , 1.  , 1.  , 0.75, 1.  , 0.7 , 0.75, 0.95, 0.8 ,
       0.95, 0.8 , 0.8 , 0.8 , 0.95, 0.75, 0.75, 0.85, 0.95, 0.9 , 0.75,
       0.9 , 0.95, 0.65, 0.75, 1.  , 0.9 , 0.95, 0.95, 1.  , 0.85, 1.  ,
       0.55, 0.95, 0.7 , 0.8 , 0.75, 0.7 , 0.85, 0.65, 0.75, 0.95, 1.  ,
       0.85, 0.8 , 0.9 , 0.9 , 0.8 , 0.95, 0.85, 1.  , 0.9 , 0.9 , 0.85,
       1.  ]), 'class_mean_width': array([13.15, 23.2 , 11.85,  7.75, 17.6 , 12.85, 10.2 , 18.85, 16.35,
       15.15, 14.45, 11.5 , 12.2 , 19.45, 18.75, 12.75, 12.75,  8.7 ,
        6.55,  7.35,  6.6 , 15.2 , 10.5 ,  5.8 , 15.2 , 10.2 ,  3.5 ,
        9.35, 10.4 ,  8.25,  9.25, 15.2 , 11.45, 14.  ,  7.95,  9.  ,
        7.7 , 11.05, 15.5 , 12.8 ,  8.75, 11.5 , 20.65,  5.15,  4.7 ,
       17.3 , 11.95,  2.8 ,  7.7 , 10.85, 14.05,  8.3 ,  9.75, 13.4 ,
       13.25, 14.25, 12.05, 11.9 ,  9.45,  4.55, 12.1 , 21.05, 11.  ,
        7.8 , 16.15, 18.75, 13.75,  6.05, 10.7 , 17.4 , 18.15, 13.55,
        8.05, 17.  ,  5.4 ,  5.2 ,  4.35,  7.95,  9.85,  6.7 , 11.05,
        8.8 ,  8.75,  4.5 ,  6.7 ,  4.95,  7.3 , 14.2 ,  5.65, 13.7 ,
        9.7 ,  9.  , 14.35,  5.95,  6.85,  6.3 , 12.15,  7.35,  7.55,
        4.9 ]), 'class_median_width': array([ 5.5, 25.5, 10.5,  6.5, 14.5, 10.5,  3. , 17. , 12. ,  9.5, 14. ,
        6.5, 12. , 15. , 14.5,  8. ,  6.5,  5.5,  6. ,  4. ,  6. , 16.5,
        5. ,  4.5, 12. ,  7. ,  1. ,  6.5,  7.5,  7. ,  9. , 14.5,  8. ,
       11.5,  7. ,  7.5,  6.5, 10. , 12. , 13.5,  6.5,  9.5, 17. ,  2. ,
        1. , 13.5,  2.5,  1. ,  2.5, 10. , 13. ,  6. ,  8. , 13. , 11. ,
       13. ,  9. , 11.5,  8.5,  2. , 11. , 19.5,  5. ,  5.5, 16. , 16.5,
       11.5,  5. ,  9. , 17. , 21. , 11.5,  6. , 15.5,  5. ,  4.5,  3. ,
        6.5,  9. ,  6. , 11. ,  5.5,  7.5,  2.5,  5. ,  4. ,  6. , 13.5,
        4. , 13. ,  8.5,  7. , 12.5,  4.5,  5. ,  3. ,  7.5,  7. ,  6. ,
        3.5]), 'class_mean_width_scaled': array([0.1315, 0.232 , 0.1185, 0.0775, 0.176 , 0.1285, 0.102 , 0.1885,
       0.1635, 0.1515, 0.1445, 0.115 , 0.122 , 0.1945, 0.1875, 0.1275,
       0.1275, 0.087 , 0.0655, 0.0735, 0.066 , 0.152 , 0.105 , 0.058 ,
       0.152 , 0.102 , 0.035 , 0.0935, 0.104 , 0.0825, 0.0925, 0.152 ,
       0.1145, 0.14  , 0.0795, 0.09  , 0.077 , 0.1105, 0.155 , 0.128 ,
       0.0875, 0.115 , 0.2065, 0.0515, 0.047 , 0.173 , 0.1195, 0.028 ,
       0.077 , 0.1085, 0.1405, 0.083 , 0.0975, 0.134 , 0.1325, 0.1425,
       0.1205, 0.119 , 0.0945, 0.0455, 0.121 , 0.2105, 0.11  , 0.078 ,
       0.1615, 0.1875, 0.1375, 0.0605, 0.107 , 0.174 , 0.1815, 0.1355,
       0.0805, 0.17  , 0.054 , 0.052 , 0.0435, 0.0795, 0.0985, 0.067 ,
       0.1105, 0.088 , 0.0875, 0.045 , 0.067 , 0.0495, 0.073 , 0.142 ,
       0.0565, 0.137 , 0.097 , 0.09  , 0.1435, 0.0595, 0.0685, 0.063 ,
       0.1215, 0.0735, 0.0755, 0.049 ]), 'class_median_width_scaled': array([0.055, 0.255, 0.105, 0.065, 0.145, 0.105, 0.03 , 0.17 , 0.12 ,
       0.095, 0.14 , 0.065, 0.12 , 0.15 , 0.145, 0.08 , 0.065, 0.055,
       0.06 , 0.04 , 0.06 , 0.165, 0.05 , 0.045, 0.12 , 0.07 , 0.01 ,
       0.065, 0.075, 0.07 , 0.09 , 0.145, 0.08 , 0.115, 0.07 , 0.075,
       0.065, 0.1  , 0.12 , 0.135, 0.065, 0.095, 0.17 , 0.02 , 0.01 ,
       0.135, 0.025, 0.01 , 0.025, 0.1  , 0.13 , 0.06 , 0.08 , 0.13 ,
       0.11 , 0.13 , 0.09 , 0.115, 0.085, 0.02 , 0.11 , 0.195, 0.05 ,
       0.055, 0.16 , 0.165, 0.115, 0.05 , 0.09 , 0.17 , 0.21 , 0.115,
       0.06 , 0.155, 0.05 , 0.045, 0.03 , 0.065, 0.09 , 0.06 , 0.11 ,
       0.055, 0.075, 0.025, 0.05 , 0.04 , 0.06 , 0.135, 0.04 , 0.13 ,
       0.085, 0.07 , 0.125, 0.045, 0.05 , 0.03 , 0.075, 0.07 , 0.06 ,
       0.035])}

Job completed at Wed Mar 19 06:24:50 PM PDT 2025
