Starting job at Wed Mar 19 06:24:41 PM PDT 2025
Job parameters:
Dataset: data_cover_type
UQ Method: split_conformal_naive
Estimator: XGBoost
Seed: 777
Train Size: 0.8
Running split_conformal_naive on data_cover_type with seed 777 and train size 0.8

starting experiment

data created

Fitting split_conformal_naive_XGBoost on data_cover_type with seed 777

split_conformal_naive_XGBoost metrics: {'coverage': np.float64(0.871), 'mean_width': np.float64(10.795), 'median_width': np.float64(8.0), 'mean_width_scaled': np.float64(0.10795), 'median_width_scaled': np.float64(0.08)}

split_conformal_naive_XGBoost full metrics: {'coverage': np.float64(0.871), 'mean_width': np.float64(10.795), 'median_width': np.float64(8.0), 'mean_width_scaled': np.float64(0.10795), 'median_width_scaled': np.float64(0.08)}

split_conformal_naive_XGBoost class metrics: {'class_coverage': array([0.9 , 0.8 , 0.75, 0.95, 1.  , 0.75, 0.95, 0.9 , 1.  , 0.9 , 0.85,
       1.  , 0.85, 1.  , 0.8 , 0.9 , 1.  , 0.75, 0.95, 0.9 , 1.  , 0.7 ,
       1.  , 0.95, 0.8 , 0.95, 1.  , 0.85, 0.75, 0.85, 1.  , 0.75, 0.8 ,
       0.9 , 1.  , 0.55, 0.85, 0.65, 0.75, 0.8 , 1.  , 0.85, 0.8 , 1.  ,
       1.  , 1.  , 0.95, 1.  , 0.95, 0.9 , 0.9 , 0.8 , 1.  , 0.75, 0.65,
       1.  , 0.95, 0.85, 0.7 , 1.  , 0.75, 0.8 , 1.  , 1.  , 0.55, 0.85,
       0.9 , 1.  , 0.85, 0.9 , 0.95, 0.95, 0.85, 0.9 , 0.95, 0.8 , 1.  ,
       0.75, 0.85, 0.6 , 0.85, 0.9 , 0.8 , 0.9 , 0.85, 0.85, 0.8 , 0.9 ,
       0.75, 0.85, 0.7 , 0.95, 0.75, 0.9 , 0.85, 1.  , 0.8 , 0.8 , 0.85,
       1.  ]), 'class_mean_width': array([12.75, 16.4 , 12.5 ,  7.6 , 18.15, 14.15,  7.55, 22.45, 18.25,
       16.6 , 16.15, 12.  ,  8.35, 16.1 , 16.75, 15.05, 16.25,  4.75,
        5.6 , 10.55,  9.8 , 13.95,  8.95,  5.75, 13.3 ,  9.85,  3.45,
       14.4 ,  9.3 ,  7.9 ,  6.55, 14.2 , 12.75, 13.3 ,  7.4 ,  9.55,
       12.75, 11.05, 15.95, 10.7 ,  5.75, 12.2 , 18.7 ,  1.35,  5.65,
       15.9 ,  8.  ,  3.9 ,  6.5 ,  9.4 , 14.05,  3.45,  6.85, 16.65,
       10.6 ,  6.6 , 13.75, 10.85,  8.6 ,  4.9 , 16.25, 16.4 , 16.  ,
        7.4 , 17.15, 19.55,  8.3 ,  4.8 , 16.4 , 23.  , 14.95,  7.95,
        9.3 , 16.85,  7.65,  6.05,  2.45,  7.2 ,  8.3 ,  9.65, 11.4 ,
        8.8 , 11.5 ,  6.2 ,  9.35,  5.1 ,  3.95,  7.85,  4.35, 14.6 ,
       12.95, 11.1 , 13.4 ,  6.3 ,  7.45,  7.25, 12.05,  8.95, 12.95,
        5.95]), 'class_median_width': array([ 6.5, 16. ,  6.5,  6.5, 12.5, 13.5,  5.5, 23. , 15.5, 12. , 15. ,
       10. ,  7.5, 13. , 15.5, 13.5, 10. ,  3.5,  3. ,  7. ,  5.5, 12. ,
        7. ,  3. ,  7. ,  8.5,  1.5, 11. ,  9. ,  7. ,  6. , 14.5,  7. ,
        9. ,  6. ,  8. , 11.5, 12. , 16. ,  5.5,  5. , 12.5, 14.5,  1. ,
        2. , 18. ,  4. ,  1. ,  4.5,  8. , 13. ,  2. ,  5.5, 14.5, 10. ,
        3. , 12. ,  9.5,  8. ,  2.5, 17.5, 14. , 10.5,  2.5, 14.5, 17. ,
        5. ,  3. , 19. , 22. ,  9.5,  5.5,  8. , 14.5,  4.5,  4. ,  1.5,
        5. ,  8. ,  9. , 10. ,  5.5,  8. ,  2. ,  5.5,  4.5,  3.5,  7. ,
        3.5, 12.5, 11.5, 10.5, 12. ,  6. ,  8. ,  3.5, 11.5,  6. ,  7. ,
        4.5]), 'class_mean_width_scaled': array([0.1275, 0.164 , 0.125 , 0.076 , 0.1815, 0.1415, 0.0755, 0.2245,
       0.1825, 0.166 , 0.1615, 0.12  , 0.0835, 0.161 , 0.1675, 0.1505,
       0.1625, 0.0475, 0.056 , 0.1055, 0.098 , 0.1395, 0.0895, 0.0575,
       0.133 , 0.0985, 0.0345, 0.144 , 0.093 , 0.079 , 0.0655, 0.142 ,
       0.1275, 0.133 , 0.074 , 0.0955, 0.1275, 0.1105, 0.1595, 0.107 ,
       0.0575, 0.122 , 0.187 , 0.0135, 0.0565, 0.159 , 0.08  , 0.039 ,
       0.065 , 0.094 , 0.1405, 0.0345, 0.0685, 0.1665, 0.106 , 0.066 ,
       0.1375, 0.1085, 0.086 , 0.049 , 0.1625, 0.164 , 0.16  , 0.074 ,
       0.1715, 0.1955, 0.083 , 0.048 , 0.164 , 0.23  , 0.1495, 0.0795,
       0.093 , 0.1685, 0.0765, 0.0605, 0.0245, 0.072 , 0.083 , 0.0965,
       0.114 , 0.088 , 0.115 , 0.062 , 0.0935, 0.051 , 0.0395, 0.0785,
       0.0435, 0.146 , 0.1295, 0.111 , 0.134 , 0.063 , 0.0745, 0.0725,
       0.1205, 0.0895, 0.1295, 0.0595]), 'class_median_width_scaled': array([0.065, 0.16 , 0.065, 0.065, 0.125, 0.135, 0.055, 0.23 , 0.155,
       0.12 , 0.15 , 0.1  , 0.075, 0.13 , 0.155, 0.135, 0.1  , 0.035,
       0.03 , 0.07 , 0.055, 0.12 , 0.07 , 0.03 , 0.07 , 0.085, 0.015,
       0.11 , 0.09 , 0.07 , 0.06 , 0.145, 0.07 , 0.09 , 0.06 , 0.08 ,
       0.115, 0.12 , 0.16 , 0.055, 0.05 , 0.125, 0.145, 0.01 , 0.02 ,
       0.18 , 0.04 , 0.01 , 0.045, 0.08 , 0.13 , 0.02 , 0.055, 0.145,
       0.1  , 0.03 , 0.12 , 0.095, 0.08 , 0.025, 0.175, 0.14 , 0.105,
       0.025, 0.145, 0.17 , 0.05 , 0.03 , 0.19 , 0.22 , 0.095, 0.055,
       0.08 , 0.145, 0.045, 0.04 , 0.015, 0.05 , 0.08 , 0.09 , 0.1  ,
       0.055, 0.08 , 0.02 , 0.055, 0.045, 0.035, 0.07 , 0.035, 0.125,
       0.115, 0.105, 0.12 , 0.06 , 0.08 , 0.035, 0.115, 0.06 , 0.07 ,
       0.045])}

split_conformal_naive_XGBoost full class metrics: {'class_coverage': array([0.9 , 0.8 , 0.75, 0.95, 1.  , 0.75, 0.95, 0.9 , 1.  , 0.9 , 0.85,
       1.  , 0.85, 1.  , 0.8 , 0.9 , 1.  , 0.75, 0.95, 0.9 , 1.  , 0.7 ,
       1.  , 0.95, 0.8 , 0.95, 1.  , 0.85, 0.75, 0.85, 1.  , 0.75, 0.8 ,
       0.9 , 1.  , 0.55, 0.85, 0.65, 0.75, 0.8 , 1.  , 0.85, 0.8 , 1.  ,
       1.  , 1.  , 0.95, 1.  , 0.95, 0.9 , 0.9 , 0.8 , 1.  , 0.75, 0.65,
       1.  , 0.95, 0.85, 0.7 , 1.  , 0.75, 0.8 , 1.  , 1.  , 0.55, 0.85,
       0.9 , 1.  , 0.85, 0.9 , 0.95, 0.95, 0.85, 0.9 , 0.95, 0.8 , 1.  ,
       0.75, 0.85, 0.6 , 0.85, 0.9 , 0.8 , 0.9 , 0.85, 0.85, 0.8 , 0.9 ,
       0.75, 0.85, 0.7 , 0.95, 0.75, 0.9 , 0.85, 1.  , 0.8 , 0.8 , 0.85,
       1.  ]), 'class_mean_width': array([12.75, 16.4 , 12.5 ,  7.6 , 18.15, 14.15,  7.55, 22.45, 18.25,
       16.6 , 16.15, 12.  ,  8.35, 16.1 , 16.75, 15.05, 16.25,  4.75,
        5.6 , 10.55,  9.8 , 13.95,  8.95,  5.75, 13.3 ,  9.85,  3.45,
       14.4 ,  9.3 ,  7.9 ,  6.55, 14.2 , 12.75, 13.3 ,  7.4 ,  9.55,
       12.75, 11.05, 15.95, 10.7 ,  5.75, 12.2 , 18.7 ,  1.35,  5.65,
       15.9 ,  8.  ,  3.9 ,  6.5 ,  9.4 , 14.05,  3.45,  6.85, 16.65,
       10.6 ,  6.6 , 13.75, 10.85,  8.6 ,  4.9 , 16.25, 16.4 , 16.  ,
        7.4 , 17.15, 19.55,  8.3 ,  4.8 , 16.4 , 23.  , 14.95,  7.95,
        9.3 , 16.85,  7.65,  6.05,  2.45,  7.2 ,  8.3 ,  9.65, 11.4 ,
        8.8 , 11.5 ,  6.2 ,  9.35,  5.1 ,  3.95,  7.85,  4.35, 14.6 ,
       12.95, 11.1 , 13.4 ,  6.3 ,  7.45,  7.25, 12.05,  8.95, 12.95,
        5.95]), 'class_median_width': array([ 6.5, 16. ,  6.5,  6.5, 12.5, 13.5,  5.5, 23. , 15.5, 12. , 15. ,
       10. ,  7.5, 13. , 15.5, 13.5, 10. ,  3.5,  3. ,  7. ,  5.5, 12. ,
        7. ,  3. ,  7. ,  8.5,  1.5, 11. ,  9. ,  7. ,  6. , 14.5,  7. ,
        9. ,  6. ,  8. , 11.5, 12. , 16. ,  5.5,  5. , 12.5, 14.5,  1. ,
        2. , 18. ,  4. ,  1. ,  4.5,  8. , 13. ,  2. ,  5.5, 14.5, 10. ,
        3. , 12. ,  9.5,  8. ,  2.5, 17.5, 14. , 10.5,  2.5, 14.5, 17. ,
        5. ,  3. , 19. , 22. ,  9.5,  5.5,  8. , 14.5,  4.5,  4. ,  1.5,
        5. ,  8. ,  9. , 10. ,  5.5,  8. ,  2. ,  5.5,  4.5,  3.5,  7. ,
        3.5, 12.5, 11.5, 10.5, 12. ,  6. ,  8. ,  3.5, 11.5,  6. ,  7. ,
        4.5]), 'class_mean_width_scaled': array([0.1275, 0.164 , 0.125 , 0.076 , 0.1815, 0.1415, 0.0755, 0.2245,
       0.1825, 0.166 , 0.1615, 0.12  , 0.0835, 0.161 , 0.1675, 0.1505,
       0.1625, 0.0475, 0.056 , 0.1055, 0.098 , 0.1395, 0.0895, 0.0575,
       0.133 , 0.0985, 0.0345, 0.144 , 0.093 , 0.079 , 0.0655, 0.142 ,
       0.1275, 0.133 , 0.074 , 0.0955, 0.1275, 0.1105, 0.1595, 0.107 ,
       0.0575, 0.122 , 0.187 , 0.0135, 0.0565, 0.159 , 0.08  , 0.039 ,
       0.065 , 0.094 , 0.1405, 0.0345, 0.0685, 0.1665, 0.106 , 0.066 ,
       0.1375, 0.1085, 0.086 , 0.049 , 0.1625, 0.164 , 0.16  , 0.074 ,
       0.1715, 0.1955, 0.083 , 0.048 , 0.164 , 0.23  , 0.1495, 0.0795,
       0.093 , 0.1685, 0.0765, 0.0605, 0.0245, 0.072 , 0.083 , 0.0965,
       0.114 , 0.088 , 0.115 , 0.062 , 0.0935, 0.051 , 0.0395, 0.0785,
       0.0435, 0.146 , 0.1295, 0.111 , 0.134 , 0.063 , 0.0745, 0.0725,
       0.1205, 0.0895, 0.1295, 0.0595]), 'class_median_width_scaled': array([0.065, 0.16 , 0.065, 0.065, 0.125, 0.135, 0.055, 0.23 , 0.155,
       0.12 , 0.15 , 0.1  , 0.075, 0.13 , 0.155, 0.135, 0.1  , 0.035,
       0.03 , 0.07 , 0.055, 0.12 , 0.07 , 0.03 , 0.07 , 0.085, 0.015,
       0.11 , 0.09 , 0.07 , 0.06 , 0.145, 0.07 , 0.09 , 0.06 , 0.08 ,
       0.115, 0.12 , 0.16 , 0.055, 0.05 , 0.125, 0.145, 0.01 , 0.02 ,
       0.18 , 0.04 , 0.01 , 0.045, 0.08 , 0.13 , 0.02 , 0.055, 0.145,
       0.1  , 0.03 , 0.12 , 0.095, 0.08 , 0.025, 0.175, 0.14 , 0.105,
       0.025, 0.145, 0.17 , 0.05 , 0.03 , 0.19 , 0.22 , 0.095, 0.055,
       0.08 , 0.145, 0.045, 0.04 , 0.015, 0.05 , 0.08 , 0.09 , 0.1  ,
       0.055, 0.08 , 0.02 , 0.055, 0.045, 0.035, 0.07 , 0.035, 0.125,
       0.115, 0.105, 0.12 , 0.06 , 0.08 , 0.035, 0.115, 0.06 , 0.07 ,
       0.045])}

Job completed at Wed Mar 19 06:24:46 PM PDT 2025
