Starting job at Wed Mar 19 08:20:43 PM PDT 2025
Job parameters:
Dataset: data_cover_type
UQ Method: split_conformal_raps
Estimator: HistGradientBoosting
Seed: 782
Train Size: 0.8
Running split_conformal_raps on data_cover_type with seed 782 and train size 0.8

starting experiment

data created

Fitting split_conformal_raps_HistGradientBoosting on data_cover_type with seed 782

split_conformal_raps_HistGradientBoosting metrics: {'coverage': np.float64(0.8925), 'mean_width': np.float64(12.372), 'median_width': np.float64(18.0), 'mean_width_scaled': np.float64(0.12372), 'median_width_scaled': np.float64(0.18)}

split_conformal_raps_HistGradientBoosting full metrics: {'coverage': np.float64(0.8925), 'mean_width': np.float64(12.372), 'median_width': np.float64(18.0), 'mean_width_scaled': np.float64(0.12372), 'median_width_scaled': np.float64(0.18)}

split_conformal_raps_HistGradientBoosting class metrics: {'class_coverage': array([0.9 , 0.7 , 0.85, 0.85, 0.8 , 0.8 , 1.  , 0.7 , 1.  , 0.85, 0.85,
       1.  , 0.95, 0.9 , 0.9 , 0.9 , 1.  , 1.  , 0.95, 0.7 , 1.  , 0.95,
       0.85, 0.95, 0.95, 0.85, 0.9 , 0.85, 1.  , 0.95, 1.  , 0.9 , 0.95,
       0.95, 1.  , 0.65, 0.8 , 0.75, 0.7 , 0.85, 1.  , 1.  , 0.8 , 1.  ,
       0.9 , 0.95, 1.  , 1.  , 0.95, 0.85, 0.9 , 0.7 , 1.  , 0.9 , 0.95,
       1.  , 0.75, 0.95, 0.75, 0.9 , 0.75, 0.6 , 1.  , 1.  , 0.8 , 0.85,
       0.9 , 1.  , 0.9 , 0.7 , 0.8 , 0.9 , 1.  , 0.9 , 1.  , 0.8 , 0.95,
       0.85, 1.  , 0.9 , 0.95, 0.95, 0.85, 0.95, 0.95, 1.  , 0.85, 1.  ,
       0.75, 0.75, 0.8 , 0.85, 0.9 , 1.  , 0.9 , 1.  , 0.8 , 0.8 , 0.95,
       1.  ]), 'class_mean_width': array([10.7 , 16.15, 14.8 , 13.65,  9.95, 17.  ,  7.3 , 17.6 , 18.  ,
       16.  , 17.55, 15.7 , 15.3 , 11.15, 16.65, 11.45,  5.5 , 13.05,
        7.8 ,  8.7 ,  7.7 , 13.9 , 11.35,  7.2 , 13.75, 12.4 ,  3.1 ,
       12.  , 16.35, 15.95, 11.35, 18.  , 14.7 , 11.15,  9.35, 15.85,
       12.8 , 16.3 , 15.1 , 12.05, 10.85, 17.85, 17.8 ,  2.9 ,  3.7 ,
       14.4 , 11.5 ,  7.4 ,  6.3 , 15.9 , 16.55, 10.45, 11.7 , 15.6 ,
       16.  ,  9.55, 15.65, 15.75, 13.85,  8.3 , 14.65, 16.95,  8.35,
       11.05, 16.25, 17.3 , 11.25,  8.75, 16.35, 16.1 , 10.6 ,  8.4 ,
        6.2 , 13.4 , 10.3 ,  5.5 ,  6.55, 15.35, 11.05, 13.6 , 17.3 ,
       11.25, 16.6 ,  8.75, 16.15,  9.  , 13.  ,  9.4 ,  8.8 , 10.95,
       17.1 ,  7.7 , 17.15, 16.1 , 11.6 ,  5.25, 16.3 , 10.8 , 14.2 ,
        5.5 ]), 'class_median_width': array([18. , 18. , 18. , 18. , 10.5, 18. ,  3. , 18. , 18. , 18. , 18. ,
       18. , 18. , 12. , 18. , 18. ,  1.5, 18. ,  4.5,  4. ,  5. , 18. ,
       18. ,  2.5, 18. , 18. ,  1. , 18. , 18. , 18. , 15. , 18. , 18. ,
       18. ,  7.5, 18. , 18. , 18. , 18. , 17. , 15.5, 18. , 18. ,  1. ,
        1. , 18. , 18. ,  1. ,  1. , 18. , 18. , 14. , 18. , 18. , 18. ,
        9. , 18. , 18. , 18. ,  3. , 18. , 18. ,  3. , 18. , 18. , 18. ,
       17. ,  4. , 18. , 18. , 12. ,  6. ,  4. , 18. , 13.5,  2. ,  1. ,
       18. , 11.5, 18. , 18. , 18. , 18. ,  5.5, 18. ,  7. , 18. ,  7.5,
        4. , 16.5, 18. ,  2. , 18. , 18. , 18. ,  1.5, 18. , 15. , 18. ,
        2.5]), 'class_mean_width_scaled': array([0.107 , 0.1615, 0.148 , 0.1365, 0.0995, 0.17  , 0.073 , 0.176 ,
       0.18  , 0.16  , 0.1755, 0.157 , 0.153 , 0.1115, 0.1665, 0.1145,
       0.055 , 0.1305, 0.078 , 0.087 , 0.077 , 0.139 , 0.1135, 0.072 ,
       0.1375, 0.124 , 0.031 , 0.12  , 0.1635, 0.1595, 0.1135, 0.18  ,
       0.147 , 0.1115, 0.0935, 0.1585, 0.128 , 0.163 , 0.151 , 0.1205,
       0.1085, 0.1785, 0.178 , 0.029 , 0.037 , 0.144 , 0.115 , 0.074 ,
       0.063 , 0.159 , 0.1655, 0.1045, 0.117 , 0.156 , 0.16  , 0.0955,
       0.1565, 0.1575, 0.1385, 0.083 , 0.1465, 0.1695, 0.0835, 0.1105,
       0.1625, 0.173 , 0.1125, 0.0875, 0.1635, 0.161 , 0.106 , 0.084 ,
       0.062 , 0.134 , 0.103 , 0.055 , 0.0655, 0.1535, 0.1105, 0.136 ,
       0.173 , 0.1125, 0.166 , 0.0875, 0.1615, 0.09  , 0.13  , 0.094 ,
       0.088 , 0.1095, 0.171 , 0.077 , 0.1715, 0.161 , 0.116 , 0.0525,
       0.163 , 0.108 , 0.142 , 0.055 ]), 'class_median_width_scaled': array([0.18 , 0.18 , 0.18 , 0.18 , 0.105, 0.18 , 0.03 , 0.18 , 0.18 ,
       0.18 , 0.18 , 0.18 , 0.18 , 0.12 , 0.18 , 0.18 , 0.015, 0.18 ,
       0.045, 0.04 , 0.05 , 0.18 , 0.18 , 0.025, 0.18 , 0.18 , 0.01 ,
       0.18 , 0.18 , 0.18 , 0.15 , 0.18 , 0.18 , 0.18 , 0.075, 0.18 ,
       0.18 , 0.18 , 0.18 , 0.17 , 0.155, 0.18 , 0.18 , 0.01 , 0.01 ,
       0.18 , 0.18 , 0.01 , 0.01 , 0.18 , 0.18 , 0.14 , 0.18 , 0.18 ,
       0.18 , 0.09 , 0.18 , 0.18 , 0.18 , 0.03 , 0.18 , 0.18 , 0.03 ,
       0.18 , 0.18 , 0.18 , 0.17 , 0.04 , 0.18 , 0.18 , 0.12 , 0.06 ,
       0.04 , 0.18 , 0.135, 0.02 , 0.01 , 0.18 , 0.115, 0.18 , 0.18 ,
       0.18 , 0.18 , 0.055, 0.18 , 0.07 , 0.18 , 0.075, 0.04 , 0.165,
       0.18 , 0.02 , 0.18 , 0.18 , 0.18 , 0.015, 0.18 , 0.15 , 0.18 ,
       0.025])}

split_conformal_raps_HistGradientBoosting full class metrics: {'class_coverage': array([0.9 , 0.7 , 0.85, 0.85, 0.8 , 0.8 , 1.  , 0.7 , 1.  , 0.85, 0.85,
       1.  , 0.95, 0.9 , 0.9 , 0.9 , 1.  , 1.  , 0.95, 0.7 , 1.  , 0.95,
       0.85, 0.95, 0.95, 0.85, 0.9 , 0.85, 1.  , 0.95, 1.  , 0.9 , 0.95,
       0.95, 1.  , 0.65, 0.8 , 0.75, 0.7 , 0.85, 1.  , 1.  , 0.8 , 1.  ,
       0.9 , 0.95, 1.  , 1.  , 0.95, 0.85, 0.9 , 0.7 , 1.  , 0.9 , 0.95,
       1.  , 0.75, 0.95, 0.75, 0.9 , 0.75, 0.6 , 1.  , 1.  , 0.8 , 0.85,
       0.9 , 1.  , 0.9 , 0.7 , 0.8 , 0.9 , 1.  , 0.9 , 1.  , 0.8 , 0.95,
       0.85, 1.  , 0.9 , 0.95, 0.95, 0.85, 0.95, 0.95, 1.  , 0.85, 1.  ,
       0.75, 0.75, 0.8 , 0.85, 0.9 , 1.  , 0.9 , 1.  , 0.8 , 0.8 , 0.95,
       1.  ]), 'class_mean_width': array([10.7 , 16.15, 14.8 , 13.65,  9.95, 17.  ,  7.3 , 17.6 , 18.  ,
       16.  , 17.55, 15.7 , 15.3 , 11.15, 16.65, 11.45,  5.5 , 13.05,
        7.8 ,  8.7 ,  7.7 , 13.9 , 11.35,  7.2 , 13.75, 12.4 ,  3.1 ,
       12.  , 16.35, 15.95, 11.35, 18.  , 14.7 , 11.15,  9.35, 15.85,
       12.8 , 16.3 , 15.1 , 12.05, 10.85, 17.85, 17.8 ,  2.9 ,  3.7 ,
       14.4 , 11.5 ,  7.4 ,  6.3 , 15.9 , 16.55, 10.45, 11.7 , 15.6 ,
       16.  ,  9.55, 15.65, 15.75, 13.85,  8.3 , 14.65, 16.95,  8.35,
       11.05, 16.25, 17.3 , 11.25,  8.75, 16.35, 16.1 , 10.6 ,  8.4 ,
        6.2 , 13.4 , 10.3 ,  5.5 ,  6.55, 15.35, 11.05, 13.6 , 17.3 ,
       11.25, 16.6 ,  8.75, 16.15,  9.  , 13.  ,  9.4 ,  8.8 , 10.95,
       17.1 ,  7.7 , 17.15, 16.1 , 11.6 ,  5.25, 16.3 , 10.8 , 14.2 ,
        5.5 ]), 'class_median_width': array([18. , 18. , 18. , 18. , 10.5, 18. ,  3. , 18. , 18. , 18. , 18. ,
       18. , 18. , 12. , 18. , 18. ,  1.5, 18. ,  4.5,  4. ,  5. , 18. ,
       18. ,  2.5, 18. , 18. ,  1. , 18. , 18. , 18. , 15. , 18. , 18. ,
       18. ,  7.5, 18. , 18. , 18. , 18. , 17. , 15.5, 18. , 18. ,  1. ,
        1. , 18. , 18. ,  1. ,  1. , 18. , 18. , 14. , 18. , 18. , 18. ,
        9. , 18. , 18. , 18. ,  3. , 18. , 18. ,  3. , 18. , 18. , 18. ,
       17. ,  4. , 18. , 18. , 12. ,  6. ,  4. , 18. , 13.5,  2. ,  1. ,
       18. , 11.5, 18. , 18. , 18. , 18. ,  5.5, 18. ,  7. , 18. ,  7.5,
        4. , 16.5, 18. ,  2. , 18. , 18. , 18. ,  1.5, 18. , 15. , 18. ,
        2.5]), 'class_mean_width_scaled': array([0.107 , 0.1615, 0.148 , 0.1365, 0.0995, 0.17  , 0.073 , 0.176 ,
       0.18  , 0.16  , 0.1755, 0.157 , 0.153 , 0.1115, 0.1665, 0.1145,
       0.055 , 0.1305, 0.078 , 0.087 , 0.077 , 0.139 , 0.1135, 0.072 ,
       0.1375, 0.124 , 0.031 , 0.12  , 0.1635, 0.1595, 0.1135, 0.18  ,
       0.147 , 0.1115, 0.0935, 0.1585, 0.128 , 0.163 , 0.151 , 0.1205,
       0.1085, 0.1785, 0.178 , 0.029 , 0.037 , 0.144 , 0.115 , 0.074 ,
       0.063 , 0.159 , 0.1655, 0.1045, 0.117 , 0.156 , 0.16  , 0.0955,
       0.1565, 0.1575, 0.1385, 0.083 , 0.1465, 0.1695, 0.0835, 0.1105,
       0.1625, 0.173 , 0.1125, 0.0875, 0.1635, 0.161 , 0.106 , 0.084 ,
       0.062 , 0.134 , 0.103 , 0.055 , 0.0655, 0.1535, 0.1105, 0.136 ,
       0.173 , 0.1125, 0.166 , 0.0875, 0.1615, 0.09  , 0.13  , 0.094 ,
       0.088 , 0.1095, 0.171 , 0.077 , 0.1715, 0.161 , 0.116 , 0.0525,
       0.163 , 0.108 , 0.142 , 0.055 ]), 'class_median_width_scaled': array([0.18 , 0.18 , 0.18 , 0.18 , 0.105, 0.18 , 0.03 , 0.18 , 0.18 ,
       0.18 , 0.18 , 0.18 , 0.18 , 0.12 , 0.18 , 0.18 , 0.015, 0.18 ,
       0.045, 0.04 , 0.05 , 0.18 , 0.18 , 0.025, 0.18 , 0.18 , 0.01 ,
       0.18 , 0.18 , 0.18 , 0.15 , 0.18 , 0.18 , 0.18 , 0.075, 0.18 ,
       0.18 , 0.18 , 0.18 , 0.17 , 0.155, 0.18 , 0.18 , 0.01 , 0.01 ,
       0.18 , 0.18 , 0.01 , 0.01 , 0.18 , 0.18 , 0.14 , 0.18 , 0.18 ,
       0.18 , 0.09 , 0.18 , 0.18 , 0.18 , 0.03 , 0.18 , 0.18 , 0.03 ,
       0.18 , 0.18 , 0.18 , 0.17 , 0.04 , 0.18 , 0.18 , 0.12 , 0.06 ,
       0.04 , 0.18 , 0.135, 0.02 , 0.01 , 0.18 , 0.115, 0.18 , 0.18 ,
       0.18 , 0.18 , 0.055, 0.18 , 0.07 , 0.18 , 0.075, 0.04 , 0.165,
       0.18 , 0.02 , 0.18 , 0.18 , 0.18 , 0.015, 0.18 , 0.15 , 0.18 ,
       0.025])}

Job completed at Wed Mar 19 08:21:10 PM PDT 2025
