Starting job at Thu Mar 20 05:03:35 PM PDT 2025
Job parameters:
Dataset: data_cover_type
UQ Method: split_conformal_raps
Estimator: HistGradientBoosting
Seed: 779
Train Size: 0.8
Running split_conformal_raps on data_cover_type with seed 779 and train size 0.8

starting experiment

data created

Fitting split_conformal_raps_HistGradientBoosting on data_cover_type with seed 779

split_conformal_raps_HistGradientBoosting metrics: {'coverage': np.float64(0.887), 'mean_width': np.float64(11.742), 'median_width': np.float64(16.0), 'mean_width_scaled': np.float64(0.11742000000000001), 'median_width_scaled': np.float64(0.16)}

split_conformal_raps_HistGradientBoosting full metrics: {'coverage': np.float64(0.887), 'mean_width': np.float64(11.742), 'median_width': np.float64(16.0), 'mean_width_scaled': np.float64(0.11742000000000001), 'median_width_scaled': np.float64(0.16)}

split_conformal_raps_HistGradientBoosting class metrics: {'class_coverage': array([0.9 , 0.8 , 0.8 , 0.95, 0.8 , 0.85, 0.9 , 0.6 , 0.75, 0.9 , 0.8 ,
       1.  , 0.8 , 1.  , 0.95, 0.9 , 0.85, 0.95, 0.85, 0.8 , 0.85, 0.9 ,
       0.75, 1.  , 0.8 , 0.85, 0.9 , 0.95, 0.85, 1.  , 0.95, 0.85, 0.9 ,
       0.85, 1.  , 0.9 , 0.95, 0.8 , 0.55, 1.  , 1.  , 0.9 , 0.85, 1.  ,
       1.  , 0.85, 0.95, 0.95, 1.  , 0.85, 0.95, 0.85, 1.  , 0.95, 0.95,
       0.85, 0.85, 0.95, 0.95, 0.95, 0.9 , 0.75, 0.9 , 1.  , 0.95, 0.9 ,
       1.  , 0.85, 0.6 , 0.95, 1.  , 0.95, 0.9 , 0.9 , 0.9 , 1.  , 1.  ,
       0.6 , 0.9 , 0.8 , 0.85, 1.  , 0.8 , 0.9 , 0.8 , 0.95, 0.95, 0.9 ,
       0.7 , 0.85, 0.65, 0.9 , 0.85, 1.  , 0.9 , 1.  , 0.85, 0.8 , 1.  ,
       0.95]), 'class_mean_width': array([ 9.  , 15.2 , 13.1 , 12.35, 10.9 , 14.8 , 10.8 , 15.5 , 15.  ,
       12.85, 14.35, 15.25, 11.6 , 14.5 , 14.95, 12.5 ,  8.7 , 10.6 ,
       11.35,  8.45,  7.05, 14.05, 12.8 ,  6.25, 14.15, 15.6 ,  2.5 ,
       14.  , 14.95, 15.  , 14.05, 14.2 , 15.75, 10.05, 10.75, 14.55,
       13.  , 13.6 , 13.4 , 14.75,  8.85, 14.7 , 15.4 ,  2.6 ,  4.1 ,
       13.7 ,  9.3 ,  4.25, 10.5 , 15.15, 15.05,  9.7 ,  4.75, 13.8 ,
       13.8 ,  7.1 , 15.05, 14.55, 14.3 ,  9.45, 15.6 , 15.95,  7.9 ,
        8.35, 15.65, 15.9 , 12.55,  9.45, 13.05, 16.  , 14.1 ,  8.55,
        4.7 , 11.75,  9.75, 10.15,  4.9 , 13.85,  9.65, 14.  , 13.6 ,
        8.3 , 13.95, 12.7 , 14.3 ,  7.85, 13.15, 12.65,  8.  , 12.25,
       14.15,  8.75, 13.75, 10.65,  9.65,  5.7 , 13.85, 11.75, 13.25,
        5.85]), 'class_median_width': array([ 8. , 16. , 16. , 16. , 16. , 16. , 14. , 16. , 16. , 16. , 16. ,
       16. , 16. , 16. , 16. , 16. ,  8. , 16. , 16. ,  7.5,  5. , 16. ,
       16. ,  4. , 16. , 16. ,  1.5, 16. , 16. , 16. , 16. , 16. , 16. ,
       13.5, 16. , 16. , 16. , 16. , 16. , 16. ,  8. , 16. , 16. ,  1. ,
        1. , 16. , 10. ,  1. , 14.5, 16. , 16. , 10. ,  3. , 16. , 16. ,
        1. , 16. , 16. , 16. , 10.5, 16. , 16. ,  5. ,  7.5, 16. , 16. ,
       13. , 16. , 16. , 16. , 16. ,  9.5,  1. , 16. , 12.5, 16. ,  3. ,
       16. ,  9. , 16. , 16. ,  9. , 16. , 16. , 16. ,  5.5, 16. , 16. ,
        6. , 16. , 16. ,  8.5, 16. , 13.5, 12. ,  2. , 16. , 16. , 16. ,
        2. ]), 'class_mean_width_scaled': array([0.09  , 0.152 , 0.131 , 0.1235, 0.109 , 0.148 , 0.108 , 0.155 ,
       0.15  , 0.1285, 0.1435, 0.1525, 0.116 , 0.145 , 0.1495, 0.125 ,
       0.087 , 0.106 , 0.1135, 0.0845, 0.0705, 0.1405, 0.128 , 0.0625,
       0.1415, 0.156 , 0.025 , 0.14  , 0.1495, 0.15  , 0.1405, 0.142 ,
       0.1575, 0.1005, 0.1075, 0.1455, 0.13  , 0.136 , 0.134 , 0.1475,
       0.0885, 0.147 , 0.154 , 0.026 , 0.041 , 0.137 , 0.093 , 0.0425,
       0.105 , 0.1515, 0.1505, 0.097 , 0.0475, 0.138 , 0.138 , 0.071 ,
       0.1505, 0.1455, 0.143 , 0.0945, 0.156 , 0.1595, 0.079 , 0.0835,
       0.1565, 0.159 , 0.1255, 0.0945, 0.1305, 0.16  , 0.141 , 0.0855,
       0.047 , 0.1175, 0.0975, 0.1015, 0.049 , 0.1385, 0.0965, 0.14  ,
       0.136 , 0.083 , 0.1395, 0.127 , 0.143 , 0.0785, 0.1315, 0.1265,
       0.08  , 0.1225, 0.1415, 0.0875, 0.1375, 0.1065, 0.0965, 0.057 ,
       0.1385, 0.1175, 0.1325, 0.0585]), 'class_median_width_scaled': array([0.08 , 0.16 , 0.16 , 0.16 , 0.16 , 0.16 , 0.14 , 0.16 , 0.16 ,
       0.16 , 0.16 , 0.16 , 0.16 , 0.16 , 0.16 , 0.16 , 0.08 , 0.16 ,
       0.16 , 0.075, 0.05 , 0.16 , 0.16 , 0.04 , 0.16 , 0.16 , 0.015,
       0.16 , 0.16 , 0.16 , 0.16 , 0.16 , 0.16 , 0.135, 0.16 , 0.16 ,
       0.16 , 0.16 , 0.16 , 0.16 , 0.08 , 0.16 , 0.16 , 0.01 , 0.01 ,
       0.16 , 0.1  , 0.01 , 0.145, 0.16 , 0.16 , 0.1  , 0.03 , 0.16 ,
       0.16 , 0.01 , 0.16 , 0.16 , 0.16 , 0.105, 0.16 , 0.16 , 0.05 ,
       0.075, 0.16 , 0.16 , 0.13 , 0.16 , 0.16 , 0.16 , 0.16 , 0.095,
       0.01 , 0.16 , 0.125, 0.16 , 0.03 , 0.16 , 0.09 , 0.16 , 0.16 ,
       0.09 , 0.16 , 0.16 , 0.16 , 0.055, 0.16 , 0.16 , 0.06 , 0.16 ,
       0.16 , 0.085, 0.16 , 0.135, 0.12 , 0.02 , 0.16 , 0.16 , 0.16 ,
       0.02 ])}

split_conformal_raps_HistGradientBoosting full class metrics: {'class_coverage': array([0.9 , 0.8 , 0.8 , 0.95, 0.8 , 0.85, 0.9 , 0.6 , 0.75, 0.9 , 0.8 ,
       1.  , 0.8 , 1.  , 0.95, 0.9 , 0.85, 0.95, 0.85, 0.8 , 0.85, 0.9 ,
       0.75, 1.  , 0.8 , 0.85, 0.9 , 0.95, 0.85, 1.  , 0.95, 0.85, 0.9 ,
       0.85, 1.  , 0.9 , 0.95, 0.8 , 0.55, 1.  , 1.  , 0.9 , 0.85, 1.  ,
       1.  , 0.85, 0.95, 0.95, 1.  , 0.85, 0.95, 0.85, 1.  , 0.95, 0.95,
       0.85, 0.85, 0.95, 0.95, 0.95, 0.9 , 0.75, 0.9 , 1.  , 0.95, 0.9 ,
       1.  , 0.85, 0.6 , 0.95, 1.  , 0.95, 0.9 , 0.9 , 0.9 , 1.  , 1.  ,
       0.6 , 0.9 , 0.8 , 0.85, 1.  , 0.8 , 0.9 , 0.8 , 0.95, 0.95, 0.9 ,
       0.7 , 0.85, 0.65, 0.9 , 0.85, 1.  , 0.9 , 1.  , 0.85, 0.8 , 1.  ,
       0.95]), 'class_mean_width': array([ 9.  , 15.2 , 13.1 , 12.35, 10.9 , 14.8 , 10.8 , 15.5 , 15.  ,
       12.85, 14.35, 15.25, 11.6 , 14.5 , 14.95, 12.5 ,  8.7 , 10.6 ,
       11.35,  8.45,  7.05, 14.05, 12.8 ,  6.25, 14.15, 15.6 ,  2.5 ,
       14.  , 14.95, 15.  , 14.05, 14.2 , 15.75, 10.05, 10.75, 14.55,
       13.  , 13.6 , 13.4 , 14.75,  8.85, 14.7 , 15.4 ,  2.6 ,  4.1 ,
       13.7 ,  9.3 ,  4.25, 10.5 , 15.15, 15.05,  9.7 ,  4.75, 13.8 ,
       13.8 ,  7.1 , 15.05, 14.55, 14.3 ,  9.45, 15.6 , 15.95,  7.9 ,
        8.35, 15.65, 15.9 , 12.55,  9.45, 13.05, 16.  , 14.1 ,  8.55,
        4.7 , 11.75,  9.75, 10.15,  4.9 , 13.85,  9.65, 14.  , 13.6 ,
        8.3 , 13.95, 12.7 , 14.3 ,  7.85, 13.15, 12.65,  8.  , 12.25,
       14.15,  8.75, 13.75, 10.65,  9.65,  5.7 , 13.85, 11.75, 13.25,
        5.85]), 'class_median_width': array([ 8. , 16. , 16. , 16. , 16. , 16. , 14. , 16. , 16. , 16. , 16. ,
       16. , 16. , 16. , 16. , 16. ,  8. , 16. , 16. ,  7.5,  5. , 16. ,
       16. ,  4. , 16. , 16. ,  1.5, 16. , 16. , 16. , 16. , 16. , 16. ,
       13.5, 16. , 16. , 16. , 16. , 16. , 16. ,  8. , 16. , 16. ,  1. ,
        1. , 16. , 10. ,  1. , 14.5, 16. , 16. , 10. ,  3. , 16. , 16. ,
        1. , 16. , 16. , 16. , 10.5, 16. , 16. ,  5. ,  7.5, 16. , 16. ,
       13. , 16. , 16. , 16. , 16. ,  9.5,  1. , 16. , 12.5, 16. ,  3. ,
       16. ,  9. , 16. , 16. ,  9. , 16. , 16. , 16. ,  5.5, 16. , 16. ,
        6. , 16. , 16. ,  8.5, 16. , 13.5, 12. ,  2. , 16. , 16. , 16. ,
        2. ]), 'class_mean_width_scaled': array([0.09  , 0.152 , 0.131 , 0.1235, 0.109 , 0.148 , 0.108 , 0.155 ,
       0.15  , 0.1285, 0.1435, 0.1525, 0.116 , 0.145 , 0.1495, 0.125 ,
       0.087 , 0.106 , 0.1135, 0.0845, 0.0705, 0.1405, 0.128 , 0.0625,
       0.1415, 0.156 , 0.025 , 0.14  , 0.1495, 0.15  , 0.1405, 0.142 ,
       0.1575, 0.1005, 0.1075, 0.1455, 0.13  , 0.136 , 0.134 , 0.1475,
       0.0885, 0.147 , 0.154 , 0.026 , 0.041 , 0.137 , 0.093 , 0.0425,
       0.105 , 0.1515, 0.1505, 0.097 , 0.0475, 0.138 , 0.138 , 0.071 ,
       0.1505, 0.1455, 0.143 , 0.0945, 0.156 , 0.1595, 0.079 , 0.0835,
       0.1565, 0.159 , 0.1255, 0.0945, 0.1305, 0.16  , 0.141 , 0.0855,
       0.047 , 0.1175, 0.0975, 0.1015, 0.049 , 0.1385, 0.0965, 0.14  ,
       0.136 , 0.083 , 0.1395, 0.127 , 0.143 , 0.0785, 0.1315, 0.1265,
       0.08  , 0.1225, 0.1415, 0.0875, 0.1375, 0.1065, 0.0965, 0.057 ,
       0.1385, 0.1175, 0.1325, 0.0585]), 'class_median_width_scaled': array([0.08 , 0.16 , 0.16 , 0.16 , 0.16 , 0.16 , 0.14 , 0.16 , 0.16 ,
       0.16 , 0.16 , 0.16 , 0.16 , 0.16 , 0.16 , 0.16 , 0.08 , 0.16 ,
       0.16 , 0.075, 0.05 , 0.16 , 0.16 , 0.04 , 0.16 , 0.16 , 0.015,
       0.16 , 0.16 , 0.16 , 0.16 , 0.16 , 0.16 , 0.135, 0.16 , 0.16 ,
       0.16 , 0.16 , 0.16 , 0.16 , 0.08 , 0.16 , 0.16 , 0.01 , 0.01 ,
       0.16 , 0.1  , 0.01 , 0.145, 0.16 , 0.16 , 0.1  , 0.03 , 0.16 ,
       0.16 , 0.01 , 0.16 , 0.16 , 0.16 , 0.105, 0.16 , 0.16 , 0.05 ,
       0.075, 0.16 , 0.16 , 0.13 , 0.16 , 0.16 , 0.16 , 0.16 , 0.095,
       0.01 , 0.16 , 0.125, 0.16 , 0.03 , 0.16 , 0.09 , 0.16 , 0.16 ,
       0.09 , 0.16 , 0.16 , 0.16 , 0.055, 0.16 , 0.16 , 0.06 , 0.16 ,
       0.16 , 0.085, 0.16 , 0.135, 0.12 , 0.02 , 0.16 , 0.16 , 0.16 ,
       0.02 ])}

Job completed at Thu Mar 20 05:03:55 PM PDT 2025
