Starting job at Thu Mar 20 05:03:35 PM PDT 2025
Job parameters:
Dataset: data_cover_type
UQ Method: split_conformal_raps
Estimator: HistGradientBoosting
Seed: 778
Train Size: 0.8
Running split_conformal_raps on data_cover_type with seed 778 and train size 0.8

starting experiment

data created

Fitting split_conformal_raps_HistGradientBoosting on data_cover_type with seed 778

split_conformal_raps_HistGradientBoosting metrics: {'coverage': np.float64(0.911), 'mean_width': np.float64(13.7325), 'median_width': np.float64(14.0), 'mean_width_scaled': np.float64(0.137325), 'median_width_scaled': np.float64(0.14)}

split_conformal_raps_HistGradientBoosting full metrics: {'coverage': np.float64(0.911), 'mean_width': np.float64(13.7325), 'median_width': np.float64(14.0), 'mean_width_scaled': np.float64(0.137325), 'median_width_scaled': np.float64(0.14)}

split_conformal_raps_HistGradientBoosting class metrics: {'class_coverage': array([1.  , 0.9 , 0.9 , 1.  , 0.75, 0.9 , 1.  , 0.9 , 0.9 , 0.85, 0.95,
       0.95, 0.95, 0.75, 0.95, 0.95, 0.9 , 1.  , 0.95, 0.95, 0.9 , 0.9 ,
       0.95, 1.  , 0.95, 1.  , 0.85, 0.85, 1.  , 0.8 , 1.  , 0.85, 0.75,
       0.95, 0.85, 0.9 , 0.8 , 0.85, 0.95, 1.  , 0.95, 0.85, 0.8 , 1.  ,
       0.9 , 1.  , 1.  , 1.  , 1.  , 0.9 , 0.8 , 0.9 , 0.95, 0.85, 0.9 ,
       0.85, 0.9 , 0.95, 0.95, 0.95, 0.75, 0.75, 0.95, 0.95, 0.75, 0.95,
       1.  , 0.95, 0.9 , 0.9 , 0.9 , 0.95, 1.  , 0.85, 0.95, 0.9 , 1.  ,
       0.9 , 1.  , 0.85, 0.85, 0.9 , 0.75, 0.75, 1.  , 0.9 , 0.9 , 1.  ,
       0.85, 0.8 , 0.9 , 0.85, 1.  , 0.9 , 1.  , 0.9 , 0.9 , 1.  , 0.9 ,
       1.  ]), 'class_mean_width': array([13.7 , 13.95, 13.9 , 13.65, 13.75, 13.9 , 13.5 , 13.95, 13.7 ,
       13.4 , 13.95, 13.75, 13.7 , 13.95, 13.8 , 13.5 , 14.35, 13.55,
       13.75, 12.25, 13.7 , 13.8 , 13.6 , 13.25, 13.9 , 13.8 , 14.85,
       13.8 , 13.9 , 13.8 , 13.5 , 13.95, 13.7 , 13.75, 13.65, 13.95,
       13.65, 13.9 , 13.95, 13.9 , 13.45, 14.  , 13.8 , 17.55, 13.4 ,
       13.9 , 13.8 , 13.4 , 13.45, 13.95, 13.75, 12.2 , 13.7 , 13.95,
       13.95, 13.65, 14.  , 13.85, 13.3 , 13.4 , 13.95, 13.8 , 13.8 ,
       13.6 , 13.9 , 14.  , 13.9 , 13.75, 13.8 , 13.9 , 13.9 , 13.85,
       14.35, 13.8 , 13.6 , 13.35, 13.35, 13.6 , 13.7 , 13.75, 13.95,
       13.35, 13.6 , 13.55, 13.65, 13.4 , 13.5 , 13.8 , 13.4 , 13.9 ,
       13.9 , 13.4 , 13.7 , 13.45, 13.65, 13.3 , 13.8 , 13.6 , 13.9 ,
       12.1 ]), 'class_median_width': array([14. , 14. , 14. , 14. , 14. , 14. , 13.5, 14. , 14. , 14. , 14. ,
       14. , 14. , 14. , 14. , 13.5, 14. , 14. , 14. , 13. , 14. , 14. ,
       14. , 13. , 14. , 14. , 13. , 14. , 14. , 14. , 13.5, 14. , 14. ,
       14. , 14. , 14. , 14. , 14. , 14. , 14. , 13. , 14. , 14. , 14. ,
       13. , 14. , 14. , 13. , 13. , 14. , 14. , 13. , 14. , 14. , 14. ,
       14. , 14. , 14. , 14. , 13. , 14. , 14. , 14. , 14. , 14. , 14. ,
       14. , 14. , 14. , 14. , 14. , 14. , 13.5, 14. , 14. , 13. , 13. ,
       14. , 14. , 14. , 14. , 13. , 14. , 14. , 14. , 13. , 13.5, 14. ,
       13. , 14. , 14. , 13. , 14. , 13. , 14. , 13. , 14. , 14. , 14. ,
       13.5]), 'class_mean_width_scaled': array([0.137 , 0.1395, 0.139 , 0.1365, 0.1375, 0.139 , 0.135 , 0.1395,
       0.137 , 0.134 , 0.1395, 0.1375, 0.137 , 0.1395, 0.138 , 0.135 ,
       0.1435, 0.1355, 0.1375, 0.1225, 0.137 , 0.138 , 0.136 , 0.1325,
       0.139 , 0.138 , 0.1485, 0.138 , 0.139 , 0.138 , 0.135 , 0.1395,
       0.137 , 0.1375, 0.1365, 0.1395, 0.1365, 0.139 , 0.1395, 0.139 ,
       0.1345, 0.14  , 0.138 , 0.1755, 0.134 , 0.139 , 0.138 , 0.134 ,
       0.1345, 0.1395, 0.1375, 0.122 , 0.137 , 0.1395, 0.1395, 0.1365,
       0.14  , 0.1385, 0.133 , 0.134 , 0.1395, 0.138 , 0.138 , 0.136 ,
       0.139 , 0.14  , 0.139 , 0.1375, 0.138 , 0.139 , 0.139 , 0.1385,
       0.1435, 0.138 , 0.136 , 0.1335, 0.1335, 0.136 , 0.137 , 0.1375,
       0.1395, 0.1335, 0.136 , 0.1355, 0.1365, 0.134 , 0.135 , 0.138 ,
       0.134 , 0.139 , 0.139 , 0.134 , 0.137 , 0.1345, 0.1365, 0.133 ,
       0.138 , 0.136 , 0.139 , 0.121 ]), 'class_median_width_scaled': array([0.14 , 0.14 , 0.14 , 0.14 , 0.14 , 0.14 , 0.135, 0.14 , 0.14 ,
       0.14 , 0.14 , 0.14 , 0.14 , 0.14 , 0.14 , 0.135, 0.14 , 0.14 ,
       0.14 , 0.13 , 0.14 , 0.14 , 0.14 , 0.13 , 0.14 , 0.14 , 0.13 ,
       0.14 , 0.14 , 0.14 , 0.135, 0.14 , 0.14 , 0.14 , 0.14 , 0.14 ,
       0.14 , 0.14 , 0.14 , 0.14 , 0.13 , 0.14 , 0.14 , 0.14 , 0.13 ,
       0.14 , 0.14 , 0.13 , 0.13 , 0.14 , 0.14 , 0.13 , 0.14 , 0.14 ,
       0.14 , 0.14 , 0.14 , 0.14 , 0.14 , 0.13 , 0.14 , 0.14 , 0.14 ,
       0.14 , 0.14 , 0.14 , 0.14 , 0.14 , 0.14 , 0.14 , 0.14 , 0.14 ,
       0.135, 0.14 , 0.14 , 0.13 , 0.13 , 0.14 , 0.14 , 0.14 , 0.14 ,
       0.13 , 0.14 , 0.14 , 0.14 , 0.13 , 0.135, 0.14 , 0.13 , 0.14 ,
       0.14 , 0.13 , 0.14 , 0.13 , 0.14 , 0.13 , 0.14 , 0.14 , 0.14 ,
       0.135])}

split_conformal_raps_HistGradientBoosting full class metrics: {'class_coverage': array([1.  , 0.9 , 0.9 , 1.  , 0.75, 0.9 , 1.  , 0.9 , 0.9 , 0.85, 0.95,
       0.95, 0.95, 0.75, 0.95, 0.95, 0.9 , 1.  , 0.95, 0.95, 0.9 , 0.9 ,
       0.95, 1.  , 0.95, 1.  , 0.85, 0.85, 1.  , 0.8 , 1.  , 0.85, 0.75,
       0.95, 0.85, 0.9 , 0.8 , 0.85, 0.95, 1.  , 0.95, 0.85, 0.8 , 1.  ,
       0.9 , 1.  , 1.  , 1.  , 1.  , 0.9 , 0.8 , 0.9 , 0.95, 0.85, 0.9 ,
       0.85, 0.9 , 0.95, 0.95, 0.95, 0.75, 0.75, 0.95, 0.95, 0.75, 0.95,
       1.  , 0.95, 0.9 , 0.9 , 0.9 , 0.95, 1.  , 0.85, 0.95, 0.9 , 1.  ,
       0.9 , 1.  , 0.85, 0.85, 0.9 , 0.75, 0.75, 1.  , 0.9 , 0.9 , 1.  ,
       0.85, 0.8 , 0.9 , 0.85, 1.  , 0.9 , 1.  , 0.9 , 0.9 , 1.  , 0.9 ,
       1.  ]), 'class_mean_width': array([13.7 , 13.95, 13.9 , 13.65, 13.75, 13.9 , 13.5 , 13.95, 13.7 ,
       13.4 , 13.95, 13.75, 13.7 , 13.95, 13.8 , 13.5 , 14.35, 13.55,
       13.75, 12.25, 13.7 , 13.8 , 13.6 , 13.25, 13.9 , 13.8 , 14.85,
       13.8 , 13.9 , 13.8 , 13.5 , 13.95, 13.7 , 13.75, 13.65, 13.95,
       13.65, 13.9 , 13.95, 13.9 , 13.45, 14.  , 13.8 , 17.55, 13.4 ,
       13.9 , 13.8 , 13.4 , 13.45, 13.95, 13.75, 12.2 , 13.7 , 13.95,
       13.95, 13.65, 14.  , 13.85, 13.3 , 13.4 , 13.95, 13.8 , 13.8 ,
       13.6 , 13.9 , 14.  , 13.9 , 13.75, 13.8 , 13.9 , 13.9 , 13.85,
       14.35, 13.8 , 13.6 , 13.35, 13.35, 13.6 , 13.7 , 13.75, 13.95,
       13.35, 13.6 , 13.55, 13.65, 13.4 , 13.5 , 13.8 , 13.4 , 13.9 ,
       13.9 , 13.4 , 13.7 , 13.45, 13.65, 13.3 , 13.8 , 13.6 , 13.9 ,
       12.1 ]), 'class_median_width': array([14. , 14. , 14. , 14. , 14. , 14. , 13.5, 14. , 14. , 14. , 14. ,
       14. , 14. , 14. , 14. , 13.5, 14. , 14. , 14. , 13. , 14. , 14. ,
       14. , 13. , 14. , 14. , 13. , 14. , 14. , 14. , 13.5, 14. , 14. ,
       14. , 14. , 14. , 14. , 14. , 14. , 14. , 13. , 14. , 14. , 14. ,
       13. , 14. , 14. , 13. , 13. , 14. , 14. , 13. , 14. , 14. , 14. ,
       14. , 14. , 14. , 14. , 13. , 14. , 14. , 14. , 14. , 14. , 14. ,
       14. , 14. , 14. , 14. , 14. , 14. , 13.5, 14. , 14. , 13. , 13. ,
       14. , 14. , 14. , 14. , 13. , 14. , 14. , 14. , 13. , 13.5, 14. ,
       13. , 14. , 14. , 13. , 14. , 13. , 14. , 13. , 14. , 14. , 14. ,
       13.5]), 'class_mean_width_scaled': array([0.137 , 0.1395, 0.139 , 0.1365, 0.1375, 0.139 , 0.135 , 0.1395,
       0.137 , 0.134 , 0.1395, 0.1375, 0.137 , 0.1395, 0.138 , 0.135 ,
       0.1435, 0.1355, 0.1375, 0.1225, 0.137 , 0.138 , 0.136 , 0.1325,
       0.139 , 0.138 , 0.1485, 0.138 , 0.139 , 0.138 , 0.135 , 0.1395,
       0.137 , 0.1375, 0.1365, 0.1395, 0.1365, 0.139 , 0.1395, 0.139 ,
       0.1345, 0.14  , 0.138 , 0.1755, 0.134 , 0.139 , 0.138 , 0.134 ,
       0.1345, 0.1395, 0.1375, 0.122 , 0.137 , 0.1395, 0.1395, 0.1365,
       0.14  , 0.1385, 0.133 , 0.134 , 0.1395, 0.138 , 0.138 , 0.136 ,
       0.139 , 0.14  , 0.139 , 0.1375, 0.138 , 0.139 , 0.139 , 0.1385,
       0.1435, 0.138 , 0.136 , 0.1335, 0.1335, 0.136 , 0.137 , 0.1375,
       0.1395, 0.1335, 0.136 , 0.1355, 0.1365, 0.134 , 0.135 , 0.138 ,
       0.134 , 0.139 , 0.139 , 0.134 , 0.137 , 0.1345, 0.1365, 0.133 ,
       0.138 , 0.136 , 0.139 , 0.121 ]), 'class_median_width_scaled': array([0.14 , 0.14 , 0.14 , 0.14 , 0.14 , 0.14 , 0.135, 0.14 , 0.14 ,
       0.14 , 0.14 , 0.14 , 0.14 , 0.14 , 0.14 , 0.135, 0.14 , 0.14 ,
       0.14 , 0.13 , 0.14 , 0.14 , 0.14 , 0.13 , 0.14 , 0.14 , 0.13 ,
       0.14 , 0.14 , 0.14 , 0.135, 0.14 , 0.14 , 0.14 , 0.14 , 0.14 ,
       0.14 , 0.14 , 0.14 , 0.14 , 0.13 , 0.14 , 0.14 , 0.14 , 0.13 ,
       0.14 , 0.14 , 0.13 , 0.13 , 0.14 , 0.14 , 0.13 , 0.14 , 0.14 ,
       0.14 , 0.14 , 0.14 , 0.14 , 0.14 , 0.13 , 0.14 , 0.14 , 0.14 ,
       0.14 , 0.14 , 0.14 , 0.14 , 0.14 , 0.14 , 0.14 , 0.14 , 0.14 ,
       0.135, 0.14 , 0.14 , 0.13 , 0.13 , 0.14 , 0.14 , 0.14 , 0.14 ,
       0.13 , 0.14 , 0.14 , 0.14 , 0.13 , 0.135, 0.14 , 0.13 , 0.14 ,
       0.14 , 0.13 , 0.14 , 0.13 , 0.14 , 0.13 , 0.14 , 0.14 , 0.14 ,
       0.135])}

Job completed at Thu Mar 20 05:03:49 PM PDT 2025
