Starting job at Wed Mar 19 08:20:43 PM PDT 2025
Job parameters:
Dataset: data_cover_type
UQ Method: split_conformal_raps
Estimator: HistGradientBoosting
Seed: 780
Train Size: 0.8
Running split_conformal_raps on data_cover_type with seed 780 and train size 0.8

starting experiment

data created

Fitting split_conformal_raps_HistGradientBoosting on data_cover_type with seed 780

split_conformal_raps_HistGradientBoosting metrics: {'coverage': np.float64(0.913), 'mean_width': np.float64(15.5695), 'median_width': np.float64(15.0), 'mean_width_scaled': np.float64(0.155695), 'median_width_scaled': np.float64(0.15)}

split_conformal_raps_HistGradientBoosting full metrics: {'coverage': np.float64(0.913), 'mean_width': np.float64(15.5695), 'median_width': np.float64(15.0), 'mean_width_scaled': np.float64(0.155695), 'median_width_scaled': np.float64(0.15)}

split_conformal_raps_HistGradientBoosting class metrics: {'class_coverage': array([1.  , 0.7 , 0.75, 0.75, 1.  , 0.8 , 1.  , 1.  , 0.85, 0.8 , 0.7 ,
       1.  , 1.  , 0.9 , 0.9 , 0.9 , 0.95, 1.  , 1.  , 1.  , 1.  , 0.9 ,
       0.95, 0.95, 1.  , 0.9 , 1.  , 0.95, 0.75, 0.95, 1.  , 0.8 , 0.85,
       1.  , 1.  , 0.85, 0.9 , 0.75, 0.7 , 1.  , 0.75, 0.9 , 0.8 , 1.  ,
       0.95, 1.  , 1.  , 1.  , 1.  , 0.9 , 1.  , 0.85, 1.  , 1.  , 0.95,
       0.9 , 0.95, 0.85, 0.85, 1.  , 0.7 , 0.7 , 0.9 , 0.95, 0.85, 0.85,
       1.  , 1.  , 0.85, 0.7 , 1.  , 1.  , 0.9 , 0.95, 1.  , 1.  , 1.  ,
       0.7 , 1.  , 0.9 , 0.85, 0.8 , 0.8 , 0.95, 0.8 , 1.  , 0.95, 0.95,
       1.  , 0.8 , 0.95, 0.9 , 0.95, 0.95, 0.9 , 1.  , 0.95, 1.  , 1.  ,
       1.  ]), 'class_mean_width': array([15.35, 15.2 , 15.15, 15.2 , 15.05, 15.25, 15.2 , 15.35, 15.15,
       15.25, 15.25, 15.05, 15.1 , 15.25, 15.15, 15.3 , 15.7 , 15.1 ,
       15.1 , 15.15, 15.6 , 15.  , 15.1 , 19.5 , 15.3 , 15.25, 16.4 ,
       15.15, 15.1 , 15.05, 15.  , 15.15, 15.25, 15.15, 15.05, 15.1 ,
       15.25, 15.15, 15.25, 15.05, 15.45, 15.1 , 15.8 , 15.7 , 19.6 ,
       15.4 , 16.55, 17.75, 15.95, 15.  , 15.2 , 15.1 , 15.25, 15.15,
       15.1 , 21.3 , 15.05, 15.1 , 15.25, 15.1 , 15.15, 15.35, 15.3 ,
       23.15, 15.15, 15.2 , 15.05, 15.3 , 15.1 , 15.3 , 15.25, 15.7 ,
       15.5 , 15.25, 15.2 , 15.75, 15.7 , 15.  , 15.4 , 15.  , 15.05,
       15.35, 15.05, 16.45, 15.15, 15.1 , 15.  , 15.3 , 15.3 , 19.3 ,
       15.15, 15.  , 15.25, 15.05, 15.75, 15.5 , 15.15, 15.2 , 15.05,
       15.95]), 'class_median_width': array([15., 15., 15., 15., 15., 15., 15., 15., 15., 15., 15., 15., 15.,
       15., 15., 15., 15., 15., 15., 15., 15., 15., 15., 15., 15., 15.,
       15., 15., 15., 15., 15., 15., 15., 15., 15., 15., 15., 15., 15.,
       15., 15., 15., 15., 15., 15., 15., 16., 15., 15., 15., 15., 15.,
       15., 15., 15., 15., 15., 15., 15., 15., 15., 15., 15., 15., 15.,
       15., 15., 15., 15., 15., 15., 15., 15., 15., 15., 15., 15., 15.,
       15., 15., 15., 15., 15., 15., 15., 15., 15., 15., 15., 15., 15.,
       15., 15., 15., 15., 15., 15., 15., 15., 15.]), 'class_mean_width_scaled': array([0.1535, 0.152 , 0.1515, 0.152 , 0.1505, 0.1525, 0.152 , 0.1535,
       0.1515, 0.1525, 0.1525, 0.1505, 0.151 , 0.1525, 0.1515, 0.153 ,
       0.157 , 0.151 , 0.151 , 0.1515, 0.156 , 0.15  , 0.151 , 0.195 ,
       0.153 , 0.1525, 0.164 , 0.1515, 0.151 , 0.1505, 0.15  , 0.1515,
       0.1525, 0.1515, 0.1505, 0.151 , 0.1525, 0.1515, 0.1525, 0.1505,
       0.1545, 0.151 , 0.158 , 0.157 , 0.196 , 0.154 , 0.1655, 0.1775,
       0.1595, 0.15  , 0.152 , 0.151 , 0.1525, 0.1515, 0.151 , 0.213 ,
       0.1505, 0.151 , 0.1525, 0.151 , 0.1515, 0.1535, 0.153 , 0.2315,
       0.1515, 0.152 , 0.1505, 0.153 , 0.151 , 0.153 , 0.1525, 0.157 ,
       0.155 , 0.1525, 0.152 , 0.1575, 0.157 , 0.15  , 0.154 , 0.15  ,
       0.1505, 0.1535, 0.1505, 0.1645, 0.1515, 0.151 , 0.15  , 0.153 ,
       0.153 , 0.193 , 0.1515, 0.15  , 0.1525, 0.1505, 0.1575, 0.155 ,
       0.1515, 0.152 , 0.1505, 0.1595]), 'class_median_width_scaled': array([0.15, 0.15, 0.15, 0.15, 0.15, 0.15, 0.15, 0.15, 0.15, 0.15, 0.15,
       0.15, 0.15, 0.15, 0.15, 0.15, 0.15, 0.15, 0.15, 0.15, 0.15, 0.15,
       0.15, 0.15, 0.15, 0.15, 0.15, 0.15, 0.15, 0.15, 0.15, 0.15, 0.15,
       0.15, 0.15, 0.15, 0.15, 0.15, 0.15, 0.15, 0.15, 0.15, 0.15, 0.15,
       0.15, 0.15, 0.16, 0.15, 0.15, 0.15, 0.15, 0.15, 0.15, 0.15, 0.15,
       0.15, 0.15, 0.15, 0.15, 0.15, 0.15, 0.15, 0.15, 0.15, 0.15, 0.15,
       0.15, 0.15, 0.15, 0.15, 0.15, 0.15, 0.15, 0.15, 0.15, 0.15, 0.15,
       0.15, 0.15, 0.15, 0.15, 0.15, 0.15, 0.15, 0.15, 0.15, 0.15, 0.15,
       0.15, 0.15, 0.15, 0.15, 0.15, 0.15, 0.15, 0.15, 0.15, 0.15, 0.15,
       0.15])}

split_conformal_raps_HistGradientBoosting full class metrics: {'class_coverage': array([1.  , 0.7 , 0.75, 0.75, 1.  , 0.8 , 1.  , 1.  , 0.85, 0.8 , 0.7 ,
       1.  , 1.  , 0.9 , 0.9 , 0.9 , 0.95, 1.  , 1.  , 1.  , 1.  , 0.9 ,
       0.95, 0.95, 1.  , 0.9 , 1.  , 0.95, 0.75, 0.95, 1.  , 0.8 , 0.85,
       1.  , 1.  , 0.85, 0.9 , 0.75, 0.7 , 1.  , 0.75, 0.9 , 0.8 , 1.  ,
       0.95, 1.  , 1.  , 1.  , 1.  , 0.9 , 1.  , 0.85, 1.  , 1.  , 0.95,
       0.9 , 0.95, 0.85, 0.85, 1.  , 0.7 , 0.7 , 0.9 , 0.95, 0.85, 0.85,
       1.  , 1.  , 0.85, 0.7 , 1.  , 1.  , 0.9 , 0.95, 1.  , 1.  , 1.  ,
       0.7 , 1.  , 0.9 , 0.85, 0.8 , 0.8 , 0.95, 0.8 , 1.  , 0.95, 0.95,
       1.  , 0.8 , 0.95, 0.9 , 0.95, 0.95, 0.9 , 1.  , 0.95, 1.  , 1.  ,
       1.  ]), 'class_mean_width': array([15.35, 15.2 , 15.15, 15.2 , 15.05, 15.25, 15.2 , 15.35, 15.15,
       15.25, 15.25, 15.05, 15.1 , 15.25, 15.15, 15.3 , 15.7 , 15.1 ,
       15.1 , 15.15, 15.6 , 15.  , 15.1 , 19.5 , 15.3 , 15.25, 16.4 ,
       15.15, 15.1 , 15.05, 15.  , 15.15, 15.25, 15.15, 15.05, 15.1 ,
       15.25, 15.15, 15.25, 15.05, 15.45, 15.1 , 15.8 , 15.7 , 19.6 ,
       15.4 , 16.55, 17.75, 15.95, 15.  , 15.2 , 15.1 , 15.25, 15.15,
       15.1 , 21.3 , 15.05, 15.1 , 15.25, 15.1 , 15.15, 15.35, 15.3 ,
       23.15, 15.15, 15.2 , 15.05, 15.3 , 15.1 , 15.3 , 15.25, 15.7 ,
       15.5 , 15.25, 15.2 , 15.75, 15.7 , 15.  , 15.4 , 15.  , 15.05,
       15.35, 15.05, 16.45, 15.15, 15.1 , 15.  , 15.3 , 15.3 , 19.3 ,
       15.15, 15.  , 15.25, 15.05, 15.75, 15.5 , 15.15, 15.2 , 15.05,
       15.95]), 'class_median_width': array([15., 15., 15., 15., 15., 15., 15., 15., 15., 15., 15., 15., 15.,
       15., 15., 15., 15., 15., 15., 15., 15., 15., 15., 15., 15., 15.,
       15., 15., 15., 15., 15., 15., 15., 15., 15., 15., 15., 15., 15.,
       15., 15., 15., 15., 15., 15., 15., 16., 15., 15., 15., 15., 15.,
       15., 15., 15., 15., 15., 15., 15., 15., 15., 15., 15., 15., 15.,
       15., 15., 15., 15., 15., 15., 15., 15., 15., 15., 15., 15., 15.,
       15., 15., 15., 15., 15., 15., 15., 15., 15., 15., 15., 15., 15.,
       15., 15., 15., 15., 15., 15., 15., 15., 15.]), 'class_mean_width_scaled': array([0.1535, 0.152 , 0.1515, 0.152 , 0.1505, 0.1525, 0.152 , 0.1535,
       0.1515, 0.1525, 0.1525, 0.1505, 0.151 , 0.1525, 0.1515, 0.153 ,
       0.157 , 0.151 , 0.151 , 0.1515, 0.156 , 0.15  , 0.151 , 0.195 ,
       0.153 , 0.1525, 0.164 , 0.1515, 0.151 , 0.1505, 0.15  , 0.1515,
       0.1525, 0.1515, 0.1505, 0.151 , 0.1525, 0.1515, 0.1525, 0.1505,
       0.1545, 0.151 , 0.158 , 0.157 , 0.196 , 0.154 , 0.1655, 0.1775,
       0.1595, 0.15  , 0.152 , 0.151 , 0.1525, 0.1515, 0.151 , 0.213 ,
       0.1505, 0.151 , 0.1525, 0.151 , 0.1515, 0.1535, 0.153 , 0.2315,
       0.1515, 0.152 , 0.1505, 0.153 , 0.151 , 0.153 , 0.1525, 0.157 ,
       0.155 , 0.1525, 0.152 , 0.1575, 0.157 , 0.15  , 0.154 , 0.15  ,
       0.1505, 0.1535, 0.1505, 0.1645, 0.1515, 0.151 , 0.15  , 0.153 ,
       0.153 , 0.193 , 0.1515, 0.15  , 0.1525, 0.1505, 0.1575, 0.155 ,
       0.1515, 0.152 , 0.1505, 0.1595]), 'class_median_width_scaled': array([0.15, 0.15, 0.15, 0.15, 0.15, 0.15, 0.15, 0.15, 0.15, 0.15, 0.15,
       0.15, 0.15, 0.15, 0.15, 0.15, 0.15, 0.15, 0.15, 0.15, 0.15, 0.15,
       0.15, 0.15, 0.15, 0.15, 0.15, 0.15, 0.15, 0.15, 0.15, 0.15, 0.15,
       0.15, 0.15, 0.15, 0.15, 0.15, 0.15, 0.15, 0.15, 0.15, 0.15, 0.15,
       0.15, 0.15, 0.16, 0.15, 0.15, 0.15, 0.15, 0.15, 0.15, 0.15, 0.15,
       0.15, 0.15, 0.15, 0.15, 0.15, 0.15, 0.15, 0.15, 0.15, 0.15, 0.15,
       0.15, 0.15, 0.15, 0.15, 0.15, 0.15, 0.15, 0.15, 0.15, 0.15, 0.15,
       0.15, 0.15, 0.15, 0.15, 0.15, 0.15, 0.15, 0.15, 0.15, 0.15, 0.15,
       0.15, 0.15, 0.15, 0.15, 0.15, 0.15, 0.15, 0.15, 0.15, 0.15, 0.15,
       0.15])}

Job completed at Wed Mar 19 08:21:10 PM PDT 2025
