Starting job at Thu Mar 20 05:03:39 PM PDT 2025
Job parameters:
Dataset: data_cover_type
UQ Method: split_conformal_raps
Estimator: HistGradientBoosting
Seed: 786
Train Size: 0.8
Running split_conformal_raps on data_cover_type with seed 786 and train size 0.8

starting experiment

data created

Fitting split_conformal_raps_HistGradientBoosting on data_cover_type with seed 786

split_conformal_raps_HistGradientBoosting metrics: {'coverage': np.float64(0.908), 'mean_width': np.float64(13.143), 'median_width': np.float64(14.0), 'mean_width_scaled': np.float64(0.13143000000000002), 'median_width_scaled': np.float64(0.14)}

split_conformal_raps_HistGradientBoosting full metrics: {'coverage': np.float64(0.908), 'mean_width': np.float64(13.143), 'median_width': np.float64(14.0), 'mean_width_scaled': np.float64(0.13143000000000002), 'median_width_scaled': np.float64(0.14)}

split_conformal_raps_HistGradientBoosting class metrics: {'class_coverage': array([0.85, 0.9 , 0.8 , 0.9 , 1.  , 1.  , 0.9 , 0.85, 0.9 , 0.8 , 1.  ,
       1.  , 1.  , 0.85, 0.9 , 0.9 , 0.95, 1.  , 0.95, 1.  , 0.95, 0.85,
       0.9 , 0.8 , 0.75, 0.95, 1.  , 0.9 , 0.95, 1.  , 0.8 , 0.85, 0.8 ,
       0.95, 1.  , 0.7 , 0.6 , 0.95, 0.8 , 1.  , 0.95, 0.8 , 0.85, 1.  ,
       0.9 , 1.  , 0.85, 1.  , 0.95, 0.85, 0.9 , 1.  , 0.9 , 0.95, 0.9 ,
       0.9 , 0.9 , 0.75, 1.  , 0.95, 0.6 , 0.95, 1.  , 1.  , 1.  , 0.85,
       0.95, 0.95, 0.75, 0.9 , 1.  , 1.  , 1.  , 0.8 , 0.9 , 0.9 , 1.  ,
       0.9 , 1.  , 0.8 , 0.85, 0.9 , 0.75, 0.85, 1.  , 0.95, 0.9 , 0.95,
       1.  , 0.95, 0.9 , 1.  , 0.9 , 0.75, 0.75, 1.  , 0.9 , 1.  , 1.  ,
       1.  ]), 'class_mean_width': array([12.8 , 13.2 , 13.5 , 12.8 , 13.  , 13.6 , 12.35, 13.8 , 13.5 ,
       13.2 , 13.65, 13.5 , 13.3 , 13.55, 13.4 , 12.8 , 12.5 , 12.8 ,
       12.7 , 13.2 , 12.7 , 13.35, 13.5 , 13.1 , 13.3 , 12.5 , 13.85,
       13.6 , 13.3 , 13.1 , 13.3 , 13.4 , 13.3 , 12.55, 12.9 , 13.35,
       13.5 , 13.5 , 13.4 , 13.75, 12.8 , 13.8 , 13.6 , 12.9 , 12.4 ,
       13.2 , 13.2 , 13.7 , 12.6 , 13.8 , 13.4 , 12.3 , 12.5 , 13.2 ,
       13.55, 12.8 , 13.7 , 13.5 , 13.35, 13.  , 13.8 , 13.7 , 12.8 ,
       12.2 , 13.7 , 14.  , 12.7 , 12.3 , 13.5 , 13.8 , 13.4 , 12.65,
       12.7 , 13.1 , 12.55, 13.05, 12.7 , 13.45, 13.1 , 13.45, 13.8 ,
       13.2 , 13.6 , 13.  , 13.4 , 12.4 , 13.  , 12.7 , 12.2 , 13.3 ,
       13.5 , 12.3 , 13.6 , 12.9 , 12.7 , 12.55, 13.5 , 12.7 , 13.2 ,
       12.4 ]), 'class_median_width': array([12. , 14. , 14. , 12. , 13. , 14. , 12. , 14. , 14. , 14. , 14. ,
       14. , 14. , 14. , 14. , 12. , 12. , 12. , 12. , 14. , 12. , 14. ,
       14. , 12. , 14. , 12. , 12. , 14. , 14. , 14. , 14. , 14. , 14. ,
       12. , 12. , 14. , 14. , 14. , 14. , 14. , 12. , 14. , 14. , 12. ,
       12. , 14. , 14. , 12. , 12. , 14. , 14. , 12. , 12. , 14. , 14. ,
       12. , 14. , 14. , 14. , 12. , 14. , 14. , 12. , 12. , 14. , 14. ,
       12. , 12. , 14. , 14. , 14. , 12. , 12. , 14. , 12. , 13.5, 12. ,
       14. , 14. , 14. , 14. , 14. , 14. , 13. , 14. , 12. , 13. , 12. ,
       12. , 14. , 14. , 12. , 14. , 12. , 12. , 12. , 14. , 12. , 14. ,
       12. ]), 'class_mean_width_scaled': array([0.128 , 0.132 , 0.135 , 0.128 , 0.13  , 0.136 , 0.1235, 0.138 ,
       0.135 , 0.132 , 0.1365, 0.135 , 0.133 , 0.1355, 0.134 , 0.128 ,
       0.125 , 0.128 , 0.127 , 0.132 , 0.127 , 0.1335, 0.135 , 0.131 ,
       0.133 , 0.125 , 0.1385, 0.136 , 0.133 , 0.131 , 0.133 , 0.134 ,
       0.133 , 0.1255, 0.129 , 0.1335, 0.135 , 0.135 , 0.134 , 0.1375,
       0.128 , 0.138 , 0.136 , 0.129 , 0.124 , 0.132 , 0.132 , 0.137 ,
       0.126 , 0.138 , 0.134 , 0.123 , 0.125 , 0.132 , 0.1355, 0.128 ,
       0.137 , 0.135 , 0.1335, 0.13  , 0.138 , 0.137 , 0.128 , 0.122 ,
       0.137 , 0.14  , 0.127 , 0.123 , 0.135 , 0.138 , 0.134 , 0.1265,
       0.127 , 0.131 , 0.1255, 0.1305, 0.127 , 0.1345, 0.131 , 0.1345,
       0.138 , 0.132 , 0.136 , 0.13  , 0.134 , 0.124 , 0.13  , 0.127 ,
       0.122 , 0.133 , 0.135 , 0.123 , 0.136 , 0.129 , 0.127 , 0.1255,
       0.135 , 0.127 , 0.132 , 0.124 ]), 'class_median_width_scaled': array([0.12 , 0.14 , 0.14 , 0.12 , 0.13 , 0.14 , 0.12 , 0.14 , 0.14 ,
       0.14 , 0.14 , 0.14 , 0.14 , 0.14 , 0.14 , 0.12 , 0.12 , 0.12 ,
       0.12 , 0.14 , 0.12 , 0.14 , 0.14 , 0.12 , 0.14 , 0.12 , 0.12 ,
       0.14 , 0.14 , 0.14 , 0.14 , 0.14 , 0.14 , 0.12 , 0.12 , 0.14 ,
       0.14 , 0.14 , 0.14 , 0.14 , 0.12 , 0.14 , 0.14 , 0.12 , 0.12 ,
       0.14 , 0.14 , 0.12 , 0.12 , 0.14 , 0.14 , 0.12 , 0.12 , 0.14 ,
       0.14 , 0.12 , 0.14 , 0.14 , 0.14 , 0.12 , 0.14 , 0.14 , 0.12 ,
       0.12 , 0.14 , 0.14 , 0.12 , 0.12 , 0.14 , 0.14 , 0.14 , 0.12 ,
       0.12 , 0.14 , 0.12 , 0.135, 0.12 , 0.14 , 0.14 , 0.14 , 0.14 ,
       0.14 , 0.14 , 0.13 , 0.14 , 0.12 , 0.13 , 0.12 , 0.12 , 0.14 ,
       0.14 , 0.12 , 0.14 , 0.12 , 0.12 , 0.12 , 0.14 , 0.12 , 0.14 ,
       0.12 ])}

split_conformal_raps_HistGradientBoosting full class metrics: {'class_coverage': array([0.85, 0.9 , 0.8 , 0.9 , 1.  , 1.  , 0.9 , 0.85, 0.9 , 0.8 , 1.  ,
       1.  , 1.  , 0.85, 0.9 , 0.9 , 0.95, 1.  , 0.95, 1.  , 0.95, 0.85,
       0.9 , 0.8 , 0.75, 0.95, 1.  , 0.9 , 0.95, 1.  , 0.8 , 0.85, 0.8 ,
       0.95, 1.  , 0.7 , 0.6 , 0.95, 0.8 , 1.  , 0.95, 0.8 , 0.85, 1.  ,
       0.9 , 1.  , 0.85, 1.  , 0.95, 0.85, 0.9 , 1.  , 0.9 , 0.95, 0.9 ,
       0.9 , 0.9 , 0.75, 1.  , 0.95, 0.6 , 0.95, 1.  , 1.  , 1.  , 0.85,
       0.95, 0.95, 0.75, 0.9 , 1.  , 1.  , 1.  , 0.8 , 0.9 , 0.9 , 1.  ,
       0.9 , 1.  , 0.8 , 0.85, 0.9 , 0.75, 0.85, 1.  , 0.95, 0.9 , 0.95,
       1.  , 0.95, 0.9 , 1.  , 0.9 , 0.75, 0.75, 1.  , 0.9 , 1.  , 1.  ,
       1.  ]), 'class_mean_width': array([12.8 , 13.2 , 13.5 , 12.8 , 13.  , 13.6 , 12.35, 13.8 , 13.5 ,
       13.2 , 13.65, 13.5 , 13.3 , 13.55, 13.4 , 12.8 , 12.5 , 12.8 ,
       12.7 , 13.2 , 12.7 , 13.35, 13.5 , 13.1 , 13.3 , 12.5 , 13.85,
       13.6 , 13.3 , 13.1 , 13.3 , 13.4 , 13.3 , 12.55, 12.9 , 13.35,
       13.5 , 13.5 , 13.4 , 13.75, 12.8 , 13.8 , 13.6 , 12.9 , 12.4 ,
       13.2 , 13.2 , 13.7 , 12.6 , 13.8 , 13.4 , 12.3 , 12.5 , 13.2 ,
       13.55, 12.8 , 13.7 , 13.5 , 13.35, 13.  , 13.8 , 13.7 , 12.8 ,
       12.2 , 13.7 , 14.  , 12.7 , 12.3 , 13.5 , 13.8 , 13.4 , 12.65,
       12.7 , 13.1 , 12.55, 13.05, 12.7 , 13.45, 13.1 , 13.45, 13.8 ,
       13.2 , 13.6 , 13.  , 13.4 , 12.4 , 13.  , 12.7 , 12.2 , 13.3 ,
       13.5 , 12.3 , 13.6 , 12.9 , 12.7 , 12.55, 13.5 , 12.7 , 13.2 ,
       12.4 ]), 'class_median_width': array([12. , 14. , 14. , 12. , 13. , 14. , 12. , 14. , 14. , 14. , 14. ,
       14. , 14. , 14. , 14. , 12. , 12. , 12. , 12. , 14. , 12. , 14. ,
       14. , 12. , 14. , 12. , 12. , 14. , 14. , 14. , 14. , 14. , 14. ,
       12. , 12. , 14. , 14. , 14. , 14. , 14. , 12. , 14. , 14. , 12. ,
       12. , 14. , 14. , 12. , 12. , 14. , 14. , 12. , 12. , 14. , 14. ,
       12. , 14. , 14. , 14. , 12. , 14. , 14. , 12. , 12. , 14. , 14. ,
       12. , 12. , 14. , 14. , 14. , 12. , 12. , 14. , 12. , 13.5, 12. ,
       14. , 14. , 14. , 14. , 14. , 14. , 13. , 14. , 12. , 13. , 12. ,
       12. , 14. , 14. , 12. , 14. , 12. , 12. , 12. , 14. , 12. , 14. ,
       12. ]), 'class_mean_width_scaled': array([0.128 , 0.132 , 0.135 , 0.128 , 0.13  , 0.136 , 0.1235, 0.138 ,
       0.135 , 0.132 , 0.1365, 0.135 , 0.133 , 0.1355, 0.134 , 0.128 ,
       0.125 , 0.128 , 0.127 , 0.132 , 0.127 , 0.1335, 0.135 , 0.131 ,
       0.133 , 0.125 , 0.1385, 0.136 , 0.133 , 0.131 , 0.133 , 0.134 ,
       0.133 , 0.1255, 0.129 , 0.1335, 0.135 , 0.135 , 0.134 , 0.1375,
       0.128 , 0.138 , 0.136 , 0.129 , 0.124 , 0.132 , 0.132 , 0.137 ,
       0.126 , 0.138 , 0.134 , 0.123 , 0.125 , 0.132 , 0.1355, 0.128 ,
       0.137 , 0.135 , 0.1335, 0.13  , 0.138 , 0.137 , 0.128 , 0.122 ,
       0.137 , 0.14  , 0.127 , 0.123 , 0.135 , 0.138 , 0.134 , 0.1265,
       0.127 , 0.131 , 0.1255, 0.1305, 0.127 , 0.1345, 0.131 , 0.1345,
       0.138 , 0.132 , 0.136 , 0.13  , 0.134 , 0.124 , 0.13  , 0.127 ,
       0.122 , 0.133 , 0.135 , 0.123 , 0.136 , 0.129 , 0.127 , 0.1255,
       0.135 , 0.127 , 0.132 , 0.124 ]), 'class_median_width_scaled': array([0.12 , 0.14 , 0.14 , 0.12 , 0.13 , 0.14 , 0.12 , 0.14 , 0.14 ,
       0.14 , 0.14 , 0.14 , 0.14 , 0.14 , 0.14 , 0.12 , 0.12 , 0.12 ,
       0.12 , 0.14 , 0.12 , 0.14 , 0.14 , 0.12 , 0.14 , 0.12 , 0.12 ,
       0.14 , 0.14 , 0.14 , 0.14 , 0.14 , 0.14 , 0.12 , 0.12 , 0.14 ,
       0.14 , 0.14 , 0.14 , 0.14 , 0.12 , 0.14 , 0.14 , 0.12 , 0.12 ,
       0.14 , 0.14 , 0.12 , 0.12 , 0.14 , 0.14 , 0.12 , 0.12 , 0.14 ,
       0.14 , 0.12 , 0.14 , 0.14 , 0.14 , 0.12 , 0.14 , 0.14 , 0.12 ,
       0.12 , 0.14 , 0.14 , 0.12 , 0.12 , 0.14 , 0.14 , 0.14 , 0.12 ,
       0.12 , 0.14 , 0.12 , 0.135, 0.12 , 0.14 , 0.14 , 0.14 , 0.14 ,
       0.14 , 0.14 , 0.13 , 0.14 , 0.12 , 0.13 , 0.12 , 0.12 , 0.14 ,
       0.14 , 0.12 , 0.14 , 0.12 , 0.12 , 0.12 , 0.14 , 0.12 , 0.14 ,
       0.12 ])}

Job completed at Thu Mar 20 05:03:58 PM PDT 2025
