Starting job at Thu Mar 20 05:03:37 PM PDT 2025
Job parameters:
Dataset: data_cover_type
UQ Method: split_conformal_raps
Estimator: HistGradientBoosting
Seed: 783
Train Size: 0.8
Running split_conformal_raps on data_cover_type with seed 783 and train size 0.8

starting experiment

data created

Fitting split_conformal_raps_HistGradientBoosting on data_cover_type with seed 783

split_conformal_raps_HistGradientBoosting metrics: {'coverage': np.float64(0.8925), 'mean_width': np.float64(11.682), 'median_width': np.float64(16.0), 'mean_width_scaled': np.float64(0.11682000000000001), 'median_width_scaled': np.float64(0.16)}

split_conformal_raps_HistGradientBoosting full metrics: {'coverage': np.float64(0.8925), 'mean_width': np.float64(11.682), 'median_width': np.float64(16.0), 'mean_width_scaled': np.float64(0.11682000000000001), 'median_width_scaled': np.float64(0.16)}

split_conformal_raps_HistGradientBoosting class metrics: {'class_coverage': array([0.9 , 0.95, 0.85, 0.9 , 1.  , 0.75, 0.9 , 0.8 , 0.95, 0.95, 0.95,
       1.  , 0.9 , 1.  , 0.55, 0.9 , 0.95, 1.  , 0.85, 0.8 , 1.  , 0.95,
       1.  , 1.  , 0.8 , 0.8 , 1.  , 0.8 , 1.  , 0.85, 0.85, 0.85, 0.8 ,
       0.95, 0.95, 0.85, 0.75, 0.65, 0.9 , 0.85, 0.85, 0.9 , 0.85, 1.  ,
       0.9 , 1.  , 1.  , 0.95, 0.8 , 0.95, 0.9 , 0.95, 0.95, 0.75, 0.8 ,
       0.9 , 0.8 , 0.95, 0.6 , 0.8 , 0.9 , 0.75, 1.  , 1.  , 0.85, 0.8 ,
       1.  , 0.95, 0.8 , 0.9 , 0.9 , 0.95, 1.  , 0.75, 0.85, 0.85, 0.85,
       0.9 , 1.  , 0.8 , 0.9 , 0.95, 0.9 , 1.  , 0.95, 0.95, 0.75, 1.  ,
       0.8 , 0.8 , 0.8 , 0.95, 0.9 , 0.8 , 1.  , 1.  , 1.  , 1.  , 0.95,
       1.  ]), 'class_mean_width': array([12.15, 15.45, 15.35, 13.8 ,  8.  , 15.5 ,  9.6 , 15.1 , 12.75,
       14.15, 14.55, 12.2 , 12.  , 15.3 , 12.5 , 10.55,  7.05, 12.45,
        8.65,  9.65,  8.7 , 12.85, 13.85,  7.35, 15.05, 13.8 ,  2.45,
       13.7 , 15.6 , 14.5 , 12.15, 14.45, 13.5 ,  7.1 ,  8.7 , 15.15,
       14.15, 13.45, 14.45, 12.9 , 11.1 , 15.15, 15.1 ,  3.55,  6.25,
       13.8 ,  6.05,  4.75,  6.8 , 15.4 , 15.25,  9.8 , 11.9 , 15.1 ,
       14.95, 10.55, 15.25, 15.85, 14.  ,  7.95, 16.  , 14.65, 11.4 ,
        6.9 , 14.2 , 16.  , 12.2 ,  7.2 , 15.45, 15.9 , 13.75,  8.  ,
        7.85, 10.8 , 11.65,  8.65,  3.65, 13.6 , 12.4 , 10.2 , 15.3 ,
        7.4 , 14.05, 11.  , 13.65,  8.6 , 12.55,  8.95, 10.5 , 10.65,
       14.55,  8.95, 14.7 , 10.75,  8.65,  5.7 , 14.05, 11.1 , 13.95,
        3.55]), 'class_median_width': array([15. , 16. , 16. , 16. ,  5. , 16. , 11. , 16. , 16. , 16. , 16. ,
       16. , 16. , 16. , 16. , 16. ,  2.5, 16. ,  7. ,  8.5,  6. , 16. ,
       16. ,  5. , 16. , 16. ,  1. , 16. , 16. , 16. , 16. , 16. , 16. ,
        5.5, 10.5, 16. , 16. , 16. , 16. , 16. , 15.5, 16. , 16. ,  1. ,
        2. , 16. ,  2. ,  1. ,  2.5, 16. , 16. ,  9.5, 16. , 16. , 16. ,
       12.5, 16. , 16. , 16. ,  3. , 16. , 16. , 16. ,  2. , 16. , 16. ,
       16. ,  5. , 16. , 16. , 16. ,  6. ,  4. , 16. , 15. ,  7. ,  1. ,
       16. , 16. , 11.5, 16. ,  5.5, 16. , 14.5, 16. ,  8. , 16. ,  8. ,
       16. , 16. , 16. , 10.5, 16. , 15.5,  8.5,  2. , 16. , 11.5, 16. ,
        2. ]), 'class_mean_width_scaled': array([0.1215, 0.1545, 0.1535, 0.138 , 0.08  , 0.155 , 0.096 , 0.151 ,
       0.1275, 0.1415, 0.1455, 0.122 , 0.12  , 0.153 , 0.125 , 0.1055,
       0.0705, 0.1245, 0.0865, 0.0965, 0.087 , 0.1285, 0.1385, 0.0735,
       0.1505, 0.138 , 0.0245, 0.137 , 0.156 , 0.145 , 0.1215, 0.1445,
       0.135 , 0.071 , 0.087 , 0.1515, 0.1415, 0.1345, 0.1445, 0.129 ,
       0.111 , 0.1515, 0.151 , 0.0355, 0.0625, 0.138 , 0.0605, 0.0475,
       0.068 , 0.154 , 0.1525, 0.098 , 0.119 , 0.151 , 0.1495, 0.1055,
       0.1525, 0.1585, 0.14  , 0.0795, 0.16  , 0.1465, 0.114 , 0.069 ,
       0.142 , 0.16  , 0.122 , 0.072 , 0.1545, 0.159 , 0.1375, 0.08  ,
       0.0785, 0.108 , 0.1165, 0.0865, 0.0365, 0.136 , 0.124 , 0.102 ,
       0.153 , 0.074 , 0.1405, 0.11  , 0.1365, 0.086 , 0.1255, 0.0895,
       0.105 , 0.1065, 0.1455, 0.0895, 0.147 , 0.1075, 0.0865, 0.057 ,
       0.1405, 0.111 , 0.1395, 0.0355]), 'class_median_width_scaled': array([0.15 , 0.16 , 0.16 , 0.16 , 0.05 , 0.16 , 0.11 , 0.16 , 0.16 ,
       0.16 , 0.16 , 0.16 , 0.16 , 0.16 , 0.16 , 0.16 , 0.025, 0.16 ,
       0.07 , 0.085, 0.06 , 0.16 , 0.16 , 0.05 , 0.16 , 0.16 , 0.01 ,
       0.16 , 0.16 , 0.16 , 0.16 , 0.16 , 0.16 , 0.055, 0.105, 0.16 ,
       0.16 , 0.16 , 0.16 , 0.16 , 0.155, 0.16 , 0.16 , 0.01 , 0.02 ,
       0.16 , 0.02 , 0.01 , 0.025, 0.16 , 0.16 , 0.095, 0.16 , 0.16 ,
       0.16 , 0.125, 0.16 , 0.16 , 0.16 , 0.03 , 0.16 , 0.16 , 0.16 ,
       0.02 , 0.16 , 0.16 , 0.16 , 0.05 , 0.16 , 0.16 , 0.16 , 0.06 ,
       0.04 , 0.16 , 0.15 , 0.07 , 0.01 , 0.16 , 0.16 , 0.115, 0.16 ,
       0.055, 0.16 , 0.145, 0.16 , 0.08 , 0.16 , 0.08 , 0.16 , 0.16 ,
       0.16 , 0.105, 0.16 , 0.155, 0.085, 0.02 , 0.16 , 0.115, 0.16 ,
       0.02 ])}

split_conformal_raps_HistGradientBoosting full class metrics: {'class_coverage': array([0.9 , 0.95, 0.85, 0.9 , 1.  , 0.75, 0.9 , 0.8 , 0.95, 0.95, 0.95,
       1.  , 0.9 , 1.  , 0.55, 0.9 , 0.95, 1.  , 0.85, 0.8 , 1.  , 0.95,
       1.  , 1.  , 0.8 , 0.8 , 1.  , 0.8 , 1.  , 0.85, 0.85, 0.85, 0.8 ,
       0.95, 0.95, 0.85, 0.75, 0.65, 0.9 , 0.85, 0.85, 0.9 , 0.85, 1.  ,
       0.9 , 1.  , 1.  , 0.95, 0.8 , 0.95, 0.9 , 0.95, 0.95, 0.75, 0.8 ,
       0.9 , 0.8 , 0.95, 0.6 , 0.8 , 0.9 , 0.75, 1.  , 1.  , 0.85, 0.8 ,
       1.  , 0.95, 0.8 , 0.9 , 0.9 , 0.95, 1.  , 0.75, 0.85, 0.85, 0.85,
       0.9 , 1.  , 0.8 , 0.9 , 0.95, 0.9 , 1.  , 0.95, 0.95, 0.75, 1.  ,
       0.8 , 0.8 , 0.8 , 0.95, 0.9 , 0.8 , 1.  , 1.  , 1.  , 1.  , 0.95,
       1.  ]), 'class_mean_width': array([12.15, 15.45, 15.35, 13.8 ,  8.  , 15.5 ,  9.6 , 15.1 , 12.75,
       14.15, 14.55, 12.2 , 12.  , 15.3 , 12.5 , 10.55,  7.05, 12.45,
        8.65,  9.65,  8.7 , 12.85, 13.85,  7.35, 15.05, 13.8 ,  2.45,
       13.7 , 15.6 , 14.5 , 12.15, 14.45, 13.5 ,  7.1 ,  8.7 , 15.15,
       14.15, 13.45, 14.45, 12.9 , 11.1 , 15.15, 15.1 ,  3.55,  6.25,
       13.8 ,  6.05,  4.75,  6.8 , 15.4 , 15.25,  9.8 , 11.9 , 15.1 ,
       14.95, 10.55, 15.25, 15.85, 14.  ,  7.95, 16.  , 14.65, 11.4 ,
        6.9 , 14.2 , 16.  , 12.2 ,  7.2 , 15.45, 15.9 , 13.75,  8.  ,
        7.85, 10.8 , 11.65,  8.65,  3.65, 13.6 , 12.4 , 10.2 , 15.3 ,
        7.4 , 14.05, 11.  , 13.65,  8.6 , 12.55,  8.95, 10.5 , 10.65,
       14.55,  8.95, 14.7 , 10.75,  8.65,  5.7 , 14.05, 11.1 , 13.95,
        3.55]), 'class_median_width': array([15. , 16. , 16. , 16. ,  5. , 16. , 11. , 16. , 16. , 16. , 16. ,
       16. , 16. , 16. , 16. , 16. ,  2.5, 16. ,  7. ,  8.5,  6. , 16. ,
       16. ,  5. , 16. , 16. ,  1. , 16. , 16. , 16. , 16. , 16. , 16. ,
        5.5, 10.5, 16. , 16. , 16. , 16. , 16. , 15.5, 16. , 16. ,  1. ,
        2. , 16. ,  2. ,  1. ,  2.5, 16. , 16. ,  9.5, 16. , 16. , 16. ,
       12.5, 16. , 16. , 16. ,  3. , 16. , 16. , 16. ,  2. , 16. , 16. ,
       16. ,  5. , 16. , 16. , 16. ,  6. ,  4. , 16. , 15. ,  7. ,  1. ,
       16. , 16. , 11.5, 16. ,  5.5, 16. , 14.5, 16. ,  8. , 16. ,  8. ,
       16. , 16. , 16. , 10.5, 16. , 15.5,  8.5,  2. , 16. , 11.5, 16. ,
        2. ]), 'class_mean_width_scaled': array([0.1215, 0.1545, 0.1535, 0.138 , 0.08  , 0.155 , 0.096 , 0.151 ,
       0.1275, 0.1415, 0.1455, 0.122 , 0.12  , 0.153 , 0.125 , 0.1055,
       0.0705, 0.1245, 0.0865, 0.0965, 0.087 , 0.1285, 0.1385, 0.0735,
       0.1505, 0.138 , 0.0245, 0.137 , 0.156 , 0.145 , 0.1215, 0.1445,
       0.135 , 0.071 , 0.087 , 0.1515, 0.1415, 0.1345, 0.1445, 0.129 ,
       0.111 , 0.1515, 0.151 , 0.0355, 0.0625, 0.138 , 0.0605, 0.0475,
       0.068 , 0.154 , 0.1525, 0.098 , 0.119 , 0.151 , 0.1495, 0.1055,
       0.1525, 0.1585, 0.14  , 0.0795, 0.16  , 0.1465, 0.114 , 0.069 ,
       0.142 , 0.16  , 0.122 , 0.072 , 0.1545, 0.159 , 0.1375, 0.08  ,
       0.0785, 0.108 , 0.1165, 0.0865, 0.0365, 0.136 , 0.124 , 0.102 ,
       0.153 , 0.074 , 0.1405, 0.11  , 0.1365, 0.086 , 0.1255, 0.0895,
       0.105 , 0.1065, 0.1455, 0.0895, 0.147 , 0.1075, 0.0865, 0.057 ,
       0.1405, 0.111 , 0.1395, 0.0355]), 'class_median_width_scaled': array([0.15 , 0.16 , 0.16 , 0.16 , 0.05 , 0.16 , 0.11 , 0.16 , 0.16 ,
       0.16 , 0.16 , 0.16 , 0.16 , 0.16 , 0.16 , 0.16 , 0.025, 0.16 ,
       0.07 , 0.085, 0.06 , 0.16 , 0.16 , 0.05 , 0.16 , 0.16 , 0.01 ,
       0.16 , 0.16 , 0.16 , 0.16 , 0.16 , 0.16 , 0.055, 0.105, 0.16 ,
       0.16 , 0.16 , 0.16 , 0.16 , 0.155, 0.16 , 0.16 , 0.01 , 0.02 ,
       0.16 , 0.02 , 0.01 , 0.025, 0.16 , 0.16 , 0.095, 0.16 , 0.16 ,
       0.16 , 0.125, 0.16 , 0.16 , 0.16 , 0.03 , 0.16 , 0.16 , 0.16 ,
       0.02 , 0.16 , 0.16 , 0.16 , 0.05 , 0.16 , 0.16 , 0.16 , 0.06 ,
       0.04 , 0.16 , 0.15 , 0.07 , 0.01 , 0.16 , 0.16 , 0.115, 0.16 ,
       0.055, 0.16 , 0.145, 0.16 , 0.08 , 0.16 , 0.08 , 0.16 , 0.16 ,
       0.16 , 0.105, 0.16 , 0.155, 0.085, 0.02 , 0.16 , 0.115, 0.16 ,
       0.02 ])}

Job completed at Thu Mar 20 05:03:54 PM PDT 2025
