Starting job at Wed Mar 19 06:22:07 PM PDT 2025
Job parameters:
Dataset: data_chess
UQ Method: split_conformal_raps
Estimator: MLP
Seed: 779
Train Size: 0.8
Running split_conformal_raps on data_chess with seed 779 and train size 0.8

starting experiment

data created

Fitting split_conformal_raps_MLP on data_chess with seed 779

split_conformal_raps_MLP metrics: {'coverage': np.float64(0.8955808980755524), 'mean_width': np.float64(3.9624019957234498), 'median_width': np.float64(4.0), 'mean_width_scaled': np.float64(0.22013344420685832), 'median_width_scaled': np.float64(0.2222222222222222)}

split_conformal_raps_MLP full metrics: {'coverage': np.float64(0.8955808980755524), 'mean_width': np.float64(3.9624019957234498), 'median_width': np.float64(4.0), 'mean_width_scaled': np.float64(0.22013344420685832), 'median_width_scaled': np.float64(0.2222222222222222)}

split_conformal_raps_MLP class metrics: {'class_coverage': array([0.90518784, 0.85714286, 0.90017513, 0.92147806, 0.82978723,
       0.725     , 0.97365532, 0.85964912, 0.5625    , 0.62043796,
       0.71186441, 0.69230769, 0.84130982, 0.95709178, 0.1875    ,
       0.90416667, 0.95918367, 0.6       ]), 'class_mean_width': array([3.85152057, 4.61324042, 4.42031524, 2.74595843, 4.64893617,
       4.35      , 3.30845225, 4.50877193, 4.875     , 4.71532847,
       4.72033898, 2.46153846, 4.53400504, 3.87246722, 4.25      ,
       4.22083333, 4.6122449 , 5.        ]), 'class_median_width': array([4., 5., 5., 3., 5., 5., 3., 5., 5., 5., 5., 2., 5., 4., 5., 4., 5.,
       5.]), 'class_mean_width_scaled': array([0.21397337, 0.25629113, 0.24557307, 0.15255325, 0.25827423,
       0.24166667, 0.1838029 , 0.25048733, 0.27083333, 0.26196269,
       0.26224105, 0.13675214, 0.25188917, 0.21513707, 0.23611111,
       0.23449074, 0.25623583, 0.27777778]), 'class_median_width_scaled': array([0.22222222, 0.27777778, 0.27777778, 0.16666667, 0.27777778,
       0.27777778, 0.16666667, 0.27777778, 0.27777778, 0.27777778,
       0.27777778, 0.11111111, 0.27777778, 0.22222222, 0.27777778,
       0.22222222, 0.27777778, 0.27777778])}

split_conformal_raps_MLP full class metrics: {'class_coverage': array([0.90518784, 0.85714286, 0.90017513, 0.92147806, 0.82978723,
       0.725     , 0.97365532, 0.85964912, 0.5625    , 0.62043796,
       0.71186441, 0.69230769, 0.84130982, 0.95709178, 0.1875    ,
       0.90416667, 0.95918367, 0.6       ]), 'class_mean_width': array([3.85152057, 4.61324042, 4.42031524, 2.74595843, 4.64893617,
       4.35      , 3.30845225, 4.50877193, 4.875     , 4.71532847,
       4.72033898, 2.46153846, 4.53400504, 3.87246722, 4.25      ,
       4.22083333, 4.6122449 , 5.        ]), 'class_median_width': array([4., 5., 5., 3., 5., 5., 3., 5., 5., 5., 5., 2., 5., 4., 5., 4., 5.,
       5.]), 'class_mean_width_scaled': array([0.21397337, 0.25629113, 0.24557307, 0.15255325, 0.25827423,
       0.24166667, 0.1838029 , 0.25048733, 0.27083333, 0.26196269,
       0.26224105, 0.13675214, 0.25188917, 0.21513707, 0.23611111,
       0.23449074, 0.25623583, 0.27777778]), 'class_median_width_scaled': array([0.22222222, 0.27777778, 0.27777778, 0.16666667, 0.27777778,
       0.27777778, 0.16666667, 0.27777778, 0.27777778, 0.27777778,
       0.27777778, 0.11111111, 0.27777778, 0.22222222, 0.27777778,
       0.22222222, 0.27777778, 0.27777778])}

Job completed at Wed Mar 19 06:22:10 PM PDT 2025
