Starting job at Thu Mar 20 05:03:34 PM PDT 2025
Job parameters:
Dataset: data_chess
UQ Method: split_conformal_raps
Estimator: MLP
Seed: 785
Train Size: 0.8
Running split_conformal_raps on data_chess with seed 785 and train size 0.8

starting experiment

data created

Fitting split_conformal_raps_MLP on data_chess with seed 785

split_conformal_raps_MLP metrics: {'coverage': np.float64(0.8891660727013543), 'mean_width': np.float64(3.859408410548824), 'median_width': np.float64(4.0), 'mean_width_scaled': np.float64(0.21441157836382355), 'median_width_scaled': np.float64(0.2222222222222222)}

split_conformal_raps_MLP full metrics: {'coverage': np.float64(0.8891660727013543), 'mean_width': np.float64(3.859408410548824), 'median_width': np.float64(4.0), 'mean_width_scaled': np.float64(0.21441157836382355), 'median_width_scaled': np.float64(0.2222222222222222)}

split_conformal_raps_MLP class metrics: {'class_coverage': array([0.88193202, 0.80836237, 0.90017513, 0.93071594, 0.81914894,
       0.825     , 0.97145993, 0.81871345, 0.6875    , 0.67883212,
       0.77966102, 0.79487179, 0.86649874, 0.90941597, 0.5625    ,
       0.90972222, 0.89795918, 0.        ]), 'class_mean_width': array([3.76744186, 4.42160279, 4.30998249, 2.8221709 , 4.77659574,
       4.475     , 3.33369923, 4.32163743, 5.        , 4.57664234,
       4.41525424, 2.25641026, 4.37783375, 3.66507747, 4.75      ,
       4.04027778, 4.71428571, 5.        ]), 'class_median_width': array([4., 5., 5., 3., 5., 5., 3., 5., 5., 5., 5., 2., 5., 4., 5., 4., 5.,
       5.]), 'class_mean_width_scaled': array([0.20930233, 0.2456446 , 0.23944347, 0.15678727, 0.26536643,
       0.24861111, 0.18520551, 0.24009097, 0.27777778, 0.25425791,
       0.2452919 , 0.12535613, 0.24321299, 0.20361542, 0.26388889,
       0.22445988, 0.26190476, 0.27777778]), 'class_median_width_scaled': array([0.22222222, 0.27777778, 0.27777778, 0.16666667, 0.27777778,
       0.27777778, 0.16666667, 0.27777778, 0.27777778, 0.27777778,
       0.27777778, 0.11111111, 0.27777778, 0.22222222, 0.27777778,
       0.22222222, 0.27777778, 0.27777778])}

split_conformal_raps_MLP full class metrics: {'class_coverage': array([0.88193202, 0.80836237, 0.90017513, 0.93071594, 0.81914894,
       0.825     , 0.97145993, 0.81871345, 0.6875    , 0.67883212,
       0.77966102, 0.79487179, 0.86649874, 0.90941597, 0.5625    ,
       0.90972222, 0.89795918, 0.        ]), 'class_mean_width': array([3.76744186, 4.42160279, 4.30998249, 2.8221709 , 4.77659574,
       4.475     , 3.33369923, 4.32163743, 5.        , 4.57664234,
       4.41525424, 2.25641026, 4.37783375, 3.66507747, 4.75      ,
       4.04027778, 4.71428571, 5.        ]), 'class_median_width': array([4., 5., 5., 3., 5., 5., 3., 5., 5., 5., 5., 2., 5., 4., 5., 4., 5.,
       5.]), 'class_mean_width_scaled': array([0.20930233, 0.2456446 , 0.23944347, 0.15678727, 0.26536643,
       0.24861111, 0.18520551, 0.24009097, 0.27777778, 0.25425791,
       0.2452919 , 0.12535613, 0.24321299, 0.20361542, 0.26388889,
       0.22445988, 0.26190476, 0.27777778]), 'class_median_width_scaled': array([0.22222222, 0.27777778, 0.27777778, 0.16666667, 0.27777778,
       0.27777778, 0.16666667, 0.27777778, 0.27777778, 0.27777778,
       0.27777778, 0.11111111, 0.27777778, 0.22222222, 0.27777778,
       0.22222222, 0.27777778, 0.27777778])}

Job completed at Thu Mar 20 05:03:39 PM PDT 2025
