Starting job at Wed Mar 19 06:22:06 PM PDT 2025
Job parameters:
Dataset: data_chess
UQ Method: split_conformal_raps
Estimator: RandomForest
Seed: 777
Train Size: 0.8
Running split_conformal_raps on data_chess with seed 777 and train size 0.8

starting experiment

data created

Fitting split_conformal_raps_RandomForest on data_chess with seed 777

split_conformal_raps_RandomForest metrics: {'coverage': np.float64(0.9182109764789737), 'mean_width': np.float64(6.3342836778332146), 'median_width': np.float64(6.0), 'mean_width_scaled': np.float64(0.3519046487685119), 'median_width_scaled': np.float64(0.3333333333333333)}

split_conformal_raps_RandomForest full metrics: {'coverage': np.float64(0.9182109764789737), 'mean_width': np.float64(6.3342836778332146), 'median_width': np.float64(6.0), 'mean_width_scaled': np.float64(0.3519046487685119), 'median_width_scaled': np.float64(0.3333333333333333)}

split_conformal_raps_RandomForest class metrics: {'class_coverage': array([0.94454383, 0.85017422, 0.9352014 , 0.97459584, 0.80851064,
       0.55      , 0.98902305, 0.83333333, 0.8125    , 0.59854015,
       0.84745763, 0.75641026, 0.84382872, 0.97139452, 0.5625    ,
       0.94583333, 0.91836735, 0.4       ]), 'class_mean_width': array([6.23971377, 6.58536585, 6.45183888, 6.09237875, 6.91489362,
       6.95      , 6.18880351, 6.42397661, 6.75      , 6.5620438 ,
       6.65254237, 6.08974359, 6.49370277, 6.16209774, 7.0625    ,
       6.35833333, 7.02040816, 7.        ]), 'class_median_width': array([6., 6., 6., 6., 6., 6., 6., 6., 6., 6., 6., 6., 6., 6., 6., 6., 6.,
       6.]), 'class_mean_width_scaled': array([0.34665077, 0.36585366, 0.35843549, 0.33846549, 0.38416076,
       0.38611111, 0.34382242, 0.35688759, 0.375     , 0.36455799,
       0.36958569, 0.33831909, 0.36076127, 0.34233876, 0.39236111,
       0.35324074, 0.39002268, 0.38888889]), 'class_median_width_scaled': array([0.33333333, 0.33333333, 0.33333333, 0.33333333, 0.33333333,
       0.33333333, 0.33333333, 0.33333333, 0.33333333, 0.33333333,
       0.33333333, 0.33333333, 0.33333333, 0.33333333, 0.33333333,
       0.33333333, 0.33333333, 0.33333333])}

split_conformal_raps_RandomForest full class metrics: {'class_coverage': array([0.94454383, 0.85017422, 0.9352014 , 0.97459584, 0.80851064,
       0.55      , 0.98902305, 0.83333333, 0.8125    , 0.59854015,
       0.84745763, 0.75641026, 0.84382872, 0.97139452, 0.5625    ,
       0.94583333, 0.91836735, 0.4       ]), 'class_mean_width': array([6.23971377, 6.58536585, 6.45183888, 6.09237875, 6.91489362,
       6.95      , 6.18880351, 6.42397661, 6.75      , 6.5620438 ,
       6.65254237, 6.08974359, 6.49370277, 6.16209774, 7.0625    ,
       6.35833333, 7.02040816, 7.        ]), 'class_median_width': array([6., 6., 6., 6., 6., 6., 6., 6., 6., 6., 6., 6., 6., 6., 6., 6., 6.,
       6.]), 'class_mean_width_scaled': array([0.34665077, 0.36585366, 0.35843549, 0.33846549, 0.38416076,
       0.38611111, 0.34382242, 0.35688759, 0.375     , 0.36455799,
       0.36958569, 0.33831909, 0.36076127, 0.34233876, 0.39236111,
       0.35324074, 0.39002268, 0.38888889]), 'class_median_width_scaled': array([0.33333333, 0.33333333, 0.33333333, 0.33333333, 0.33333333,
       0.33333333, 0.33333333, 0.33333333, 0.33333333, 0.33333333,
       0.33333333, 0.33333333, 0.33333333, 0.33333333, 0.33333333,
       0.33333333, 0.33333333, 0.33333333])}

Job completed at Wed Mar 19 06:22:09 PM PDT 2025
