Starting job at Wed Mar 19 08:20:43 PM PDT 2025
Job parameters:
Dataset: data_chess
UQ Method: split_conformal_raps
Estimator: RandomForest
Seed: 784
Train Size: 0.8
Running split_conformal_raps on data_chess with seed 784 and train size 0.8

starting experiment

data created

Fitting split_conformal_raps_RandomForest on data_chess with seed 784

split_conformal_raps_RandomForest metrics: {'coverage': np.float64(0.9148253741981468), 'mean_width': np.float64(5.786707056307912), 'median_width': np.float64(6.0), 'mean_width_scaled': np.float64(0.32148372535043956), 'median_width_scaled': np.float64(0.3333333333333333)}

split_conformal_raps_RandomForest full metrics: {'coverage': np.float64(0.9148253741981468), 'mean_width': np.float64(5.786707056307912), 'median_width': np.float64(6.0), 'mean_width_scaled': np.float64(0.32148372535043956), 'median_width_scaled': np.float64(0.3333333333333333)}

split_conformal_raps_RandomForest class metrics: {'class_coverage': array([0.9177102 , 0.90592334, 0.91068301, 0.97690531, 0.73404255,
       0.8       , 0.99012075, 0.83333333, 0.25      , 0.64963504,
       0.68644068, 0.83333333, 0.86397985, 0.97735399, 0.25      ,
       0.94722222, 0.85714286, 0.        ]), 'class_mean_width': array([5.86583184, 6.04181185, 5.9352014 , 5.29099307, 6.63829787,
       6.65      , 5.5751921 , 6.06140351, 6.625     , 6.04379562,
       6.38135593, 5.56410256, 5.95717884, 5.53396901, 6.6875    ,
       5.74722222, 6.69387755, 7.6       ]), 'class_median_width': array([6., 6., 6., 5., 6., 6., 6., 6., 6., 6., 6., 5., 6., 6., 6., 6., 6.,
       8.]), 'class_mean_width_scaled': array([0.32587955, 0.33565621, 0.32973341, 0.29394406, 0.36879433,
       0.36944444, 0.30973289, 0.33674464, 0.36805556, 0.33576642,
       0.35451977, 0.30911681, 0.33095438, 0.30744272, 0.37152778,
       0.31929012, 0.37188209, 0.42222222]), 'class_median_width_scaled': array([0.33333333, 0.33333333, 0.33333333, 0.27777778, 0.33333333,
       0.33333333, 0.33333333, 0.33333333, 0.33333333, 0.33333333,
       0.33333333, 0.27777778, 0.33333333, 0.33333333, 0.33333333,
       0.33333333, 0.33333333, 0.44444444])}

split_conformal_raps_RandomForest full class metrics: {'class_coverage': array([0.9177102 , 0.90592334, 0.91068301, 0.97690531, 0.73404255,
       0.8       , 0.99012075, 0.83333333, 0.25      , 0.64963504,
       0.68644068, 0.83333333, 0.86397985, 0.97735399, 0.25      ,
       0.94722222, 0.85714286, 0.        ]), 'class_mean_width': array([5.86583184, 6.04181185, 5.9352014 , 5.29099307, 6.63829787,
       6.65      , 5.5751921 , 6.06140351, 6.625     , 6.04379562,
       6.38135593, 5.56410256, 5.95717884, 5.53396901, 6.6875    ,
       5.74722222, 6.69387755, 7.6       ]), 'class_median_width': array([6., 6., 6., 5., 6., 6., 6., 6., 6., 6., 6., 5., 6., 6., 6., 6., 6.,
       8.]), 'class_mean_width_scaled': array([0.32587955, 0.33565621, 0.32973341, 0.29394406, 0.36879433,
       0.36944444, 0.30973289, 0.33674464, 0.36805556, 0.33576642,
       0.35451977, 0.30911681, 0.33095438, 0.30744272, 0.37152778,
       0.31929012, 0.37188209, 0.42222222]), 'class_median_width_scaled': array([0.33333333, 0.33333333, 0.33333333, 0.27777778, 0.33333333,
       0.33333333, 0.33333333, 0.33333333, 0.33333333, 0.33333333,
       0.33333333, 0.27777778, 0.33333333, 0.33333333, 0.33333333,
       0.33333333, 0.33333333, 0.44444444])}

Job completed at Wed Mar 19 08:20:49 PM PDT 2025
