Starting job at Thu Mar 20 05:03:34 PM PDT 2025
Job parameters:
Dataset: data_chess
UQ Method: split_conformal_raps
Estimator: RandomForest
Seed: 785
Train Size: 0.8
Running split_conformal_raps on data_chess with seed 785 and train size 0.8

starting experiment

data created

Fitting split_conformal_raps_RandomForest on data_chess with seed 785

split_conformal_raps_RandomForest metrics: {'coverage': np.float64(0.9019957234497505), 'mean_width': np.float64(5.7683535281539555), 'median_width': np.float64(6.0), 'mean_width_scaled': np.float64(0.320464084897442), 'median_width_scaled': np.float64(0.3333333333333333)}

split_conformal_raps_RandomForest full metrics: {'coverage': np.float64(0.9019957234497505), 'mean_width': np.float64(5.7683535281539555), 'median_width': np.float64(6.0), 'mean_width_scaled': np.float64(0.320464084897442), 'median_width_scaled': np.float64(0.3333333333333333)}

split_conformal_raps_RandomForest class metrics: {'class_coverage': array([0.98389982, 0.80139373, 0.90367776, 0.99769053, 0.4893617 ,
       0.325     , 0.99231614, 0.80409357, 0.125     , 0.47445255,
       0.57627119, 0.76923077, 0.85894207, 0.98808105, 0.        ,
       0.97361111, 0.6122449 , 0.        ]), 'class_mean_width': array([5.79248658, 5.90940767, 5.80910683, 5.57274827, 5.9893617 ,
       6.        , 5.65642151, 5.91520468, 6.        , 5.94160584,
       5.96610169, 5.6025641 , 5.88413098, 5.69725864, 6.        ,
       5.75277778, 6.        , 6.        ]), 'class_median_width': array([6., 6., 6., 6., 6., 6., 6., 6., 6., 6., 6., 6., 6., 6., 6., 6., 6.,
       6.]), 'class_mean_width_scaled': array([0.32180481, 0.32830043, 0.32272816, 0.30959713, 0.33274232,
       0.33333333, 0.31424564, 0.32862248, 0.33333333, 0.33008921,
       0.33145009, 0.31125356, 0.32689617, 0.31651437, 0.33333333,
       0.31959877, 0.33333333, 0.33333333]), 'class_median_width_scaled': array([0.33333333, 0.33333333, 0.33333333, 0.33333333, 0.33333333,
       0.33333333, 0.33333333, 0.33333333, 0.33333333, 0.33333333,
       0.33333333, 0.33333333, 0.33333333, 0.33333333, 0.33333333,
       0.33333333, 0.33333333, 0.33333333])}

split_conformal_raps_RandomForest full class metrics: {'class_coverage': array([0.98389982, 0.80139373, 0.90367776, 0.99769053, 0.4893617 ,
       0.325     , 0.99231614, 0.80409357, 0.125     , 0.47445255,
       0.57627119, 0.76923077, 0.85894207, 0.98808105, 0.        ,
       0.97361111, 0.6122449 , 0.        ]), 'class_mean_width': array([5.79248658, 5.90940767, 5.80910683, 5.57274827, 5.9893617 ,
       6.        , 5.65642151, 5.91520468, 6.        , 5.94160584,
       5.96610169, 5.6025641 , 5.88413098, 5.69725864, 6.        ,
       5.75277778, 6.        , 6.        ]), 'class_median_width': array([6., 6., 6., 6., 6., 6., 6., 6., 6., 6., 6., 6., 6., 6., 6., 6., 6.,
       6.]), 'class_mean_width_scaled': array([0.32180481, 0.32830043, 0.32272816, 0.30959713, 0.33274232,
       0.33333333, 0.31424564, 0.32862248, 0.33333333, 0.33008921,
       0.33145009, 0.31125356, 0.32689617, 0.31651437, 0.33333333,
       0.31959877, 0.33333333, 0.33333333]), 'class_median_width_scaled': array([0.33333333, 0.33333333, 0.33333333, 0.33333333, 0.33333333,
       0.33333333, 0.33333333, 0.33333333, 0.33333333, 0.33333333,
       0.33333333, 0.33333333, 0.33333333, 0.33333333, 0.33333333,
       0.33333333, 0.33333333, 0.33333333])}

Job completed at Thu Mar 20 05:03:37 PM PDT 2025
