Starting job at Wed Mar 19 06:22:06 PM PDT 2025
Job parameters:
Dataset: data_chess
UQ Method: split_conformal_raps
Estimator: RandomForest
Seed: 778
Train Size: 0.8
Running split_conformal_raps on data_chess with seed 778 and train size 0.8

starting experiment

data created

Fitting split_conformal_raps_RandomForest on data_chess with seed 778

split_conformal_raps_RandomForest metrics: {'coverage': np.float64(0.9050249465431219), 'mean_width': np.float64(5.6928011404134), 'median_width': np.float64(6.0), 'mean_width_scaled': np.float64(0.3162667300229667), 'median_width_scaled': np.float64(0.3333333333333333)}

split_conformal_raps_RandomForest full metrics: {'coverage': np.float64(0.9050249465431219), 'mean_width': np.float64(5.6928011404134), 'median_width': np.float64(6.0), 'mean_width_scaled': np.float64(0.3162667300229667), 'median_width_scaled': np.float64(0.3333333333333333)}

split_conformal_raps_RandomForest class metrics: {'class_coverage': array([0.92128801, 0.86759582, 0.89141856, 0.95612009, 0.85106383,
       0.725     , 0.98463227, 0.7748538 , 0.5       , 0.64233577,
       0.78813559, 0.83333333, 0.83123426, 0.96781883, 0.25      ,
       0.94027778, 0.89795918, 0.        ]), 'class_mean_width': array([5.6529517 , 5.92682927, 5.75656743, 5.36489607, 6.41489362,
       6.4       , 5.53787047, 5.91520468, 6.3125    , 5.97080292,
       6.30508475, 5.41025641, 5.84634761, 5.43146603, 6.        ,
       5.72222222, 6.89795918, 6.6       ]), 'class_median_width': array([6., 6., 6., 5., 6., 6., 6., 6., 6., 6., 6., 5., 6., 6., 6., 6., 6.,
       6.]), 'class_mean_width_scaled': array([0.31405287, 0.32926829, 0.3198093 , 0.29804978, 0.35638298,
       0.35555556, 0.30765947, 0.32862248, 0.35069444, 0.33171127,
       0.35028249, 0.3005698 , 0.32479709, 0.30174811, 0.33333333,
       0.31790123, 0.38321995, 0.36666667]), 'class_median_width_scaled': array([0.33333333, 0.33333333, 0.33333333, 0.27777778, 0.33333333,
       0.33333333, 0.33333333, 0.33333333, 0.33333333, 0.33333333,
       0.33333333, 0.27777778, 0.33333333, 0.33333333, 0.33333333,
       0.33333333, 0.33333333, 0.33333333])}

split_conformal_raps_RandomForest full class metrics: {'class_coverage': array([0.92128801, 0.86759582, 0.89141856, 0.95612009, 0.85106383,
       0.725     , 0.98463227, 0.7748538 , 0.5       , 0.64233577,
       0.78813559, 0.83333333, 0.83123426, 0.96781883, 0.25      ,
       0.94027778, 0.89795918, 0.        ]), 'class_mean_width': array([5.6529517 , 5.92682927, 5.75656743, 5.36489607, 6.41489362,
       6.4       , 5.53787047, 5.91520468, 6.3125    , 5.97080292,
       6.30508475, 5.41025641, 5.84634761, 5.43146603, 6.        ,
       5.72222222, 6.89795918, 6.6       ]), 'class_median_width': array([6., 6., 6., 5., 6., 6., 6., 6., 6., 6., 6., 5., 6., 6., 6., 6., 6.,
       6.]), 'class_mean_width_scaled': array([0.31405287, 0.32926829, 0.3198093 , 0.29804978, 0.35638298,
       0.35555556, 0.30765947, 0.32862248, 0.35069444, 0.33171127,
       0.35028249, 0.3005698 , 0.32479709, 0.30174811, 0.33333333,
       0.31790123, 0.38321995, 0.36666667]), 'class_median_width_scaled': array([0.33333333, 0.33333333, 0.33333333, 0.27777778, 0.33333333,
       0.33333333, 0.33333333, 0.33333333, 0.33333333, 0.33333333,
       0.33333333, 0.27777778, 0.33333333, 0.33333333, 0.33333333,
       0.33333333, 0.33333333, 0.33333333])}

Job completed at Wed Mar 19 06:22:09 PM PDT 2025
