Starting job at Thu Mar 20 05:03:55 PM PDT 2025
Job parameters:
Dataset: data_language
UQ Method: pcs_oob
Estimator: HistGradientBoosting
Seed: 783
Train Size: 0.8
Running pcs_oob on data_language with seed 783 and train size 0.8

starting experiment

data created

Fitting pcs_oob on data_language with seed 783

Finished training RandomForest models
number of classes 30
correct_indices: [ 1 17  0  1  5  0  2  5  3  5  1  5  0 12 24  2  0  5 23  0  7  3  1  1
 26  0 13  0  1  0 11  3  7  5  3  6  6  7  0  7  2  4  2  1  1  0 15  0
  1  0  2  0  0  1  1  0  0  1  6 10  1  0  1  0  4  5  6  1  4  4  0  9
  0  5  2  1  0  0  0  2  3  0  0  1  4  5  2  6  3  2  0  3  0  1  6 17
 16  1  1  1  1  0  0  0  6  1  2  4  5  0  3  5 13 14 16  1  1  0  4  1
  2  3  4  6 21  2  4  0  2 13  1  1  5  1  1  3  3  2  0  0  1  3  3  9
  8  4  4  0  1 22  4  4  5  0  4  0 18  5  0  8  3  2  3  6  5  3  4  7
  1  0  0  0  1  0  2  1  0 11  3  1  4  0  2  0  5  0  0  0  0 10  0 19
  0  0  0 18 10  3 10  1  0  1  0  5  6 12  2  0  0  8  3  4  1 14  1  5
  0  6  0  1  6  4 17  2  2  0  1  3  1  8  7  0  1  8  7  8  6  9  1  1
  5  1  7 13  2  0  0  4  1  0  0  2  4  1  0  0  0  0  7  7  0  6  3  2
  2  0  6  1  9  5  4 13  3  2  4  4  1  0  4  9  4  4  1  0 13  7  7  0
  1  2  0  0  1  1  4 19 15  9 14  0  7 12  2  8  0  7  1  1  0  6  2  1
  3  9  1 10  1  9  0  9  3  2  3  3  1  5  8  1  0  2  1  3  1  0  0  5
  0  3  8  1  1  1  0  2  0 15  0  0  0  0  2  7  0  2  4  9  0  5 10  3
 10  7  3  0  3  7  3  1  4  0 14  6  9  0  0  5  1  6  0  9  1  8  8 11
  7 13  1  1  0  7 11  3  2  4  1  0 14  5  6  5  0  3  1  4  0  3  7  2
  8  6  3  0  1 11  4  8  0  5  2  0  2  1  0  0  4  4  1  2  3  0  4  7
  0  0  8  1  3 10  3  1  1  1  0  0  5  2  1  3  0  0  1  2  1  6 18  5
  3  8  2  1  0  3  0  0  4  4  0  0  0 10  0  3 10  7  1  7  0  0  7  0
  3  2  1  1  0  3 12 10  0  1  1  0  0  4  3 14  3  9  6  1  1  0  0  2
  1 10  2  0  0  3  4  3  3 19  0  3  0  1  8  5  4  2  2 16  0  5  6  0
  0  1 13  3  2  0  4  4  8  0  0  1  6  0  0  4  4  3  1  4  2  3  8  1
  1  2  2  2  3  5  0  2  1  3  1 15  0  3 15  0  3  0  5 13  3  1  0  1
  2  5  1  2  1  1  3 10  6  6 23  0 10  1  3  6 11  0  7  4  4  0  0  1
  1  0  0  2  1  5  1  0 10  4  0 12  0  2  0  5  2  0  4  1  8  0  1  4
  7  3 18  1 10  1  0  0  1  9  5  5  0  0  2  0  5  0  1  6  0  1  1  2
  0  5  2  1  1  1  1  3  7  3  0  1  2  5  0  0 10  4  0  0 25 10  9 17
  3  3  0  0  6  3  6  0  0  3 14  2  0  1  7  1  0 10  0  0  4  3  4  0
  5  6  2  1  1  7  3  9  0  0  0  0  1  1  0  4  0  1  3  5  0  1  0  1
  1  1  5  0  0  1  3  2  0  0  0  0  3 14  0  6  8  0 17  1 25  3 10  1
  8  0  0  1  2  5  0  0  1  2  0  1  4  5  1  0  1  5  3  2  3  1  8  8
  7  5  1  2  7  1  3  1  6  4  7  0  6  0 10  9  0  1  8  0  7  0  0  3
  1  5  0  1  1 14  0  0]
pcs_oob metrics: {'coverage': np.float64(0.89), 'mean_width': np.float64(9.795), 'median_width': np.float64(10.0), 'mean_width_scaled': np.float64(0.3265), 'median_width_scaled': np.float64(0.3333333333333333)}

pcs_oob full metrics: {'coverage': np.float64(0.89), 'mean_width': np.float64(9.795), 'median_width': np.float64(10.0), 'mean_width_scaled': np.float64(0.3265), 'median_width_scaled': np.float64(0.3333333333333333)}

pcs_oob class metrics: {'class_coverage': array([1.        , 0.8       , 0.33333333, 0.33333333, 0.85714286,
       0.9       , 1.        , 0.66666667, 1.        , 1.        ,
       1.        , 0.        , 1.        , 1.        , 0.        ,
       1.        , 0.8       , 1.        , 0.33333333, 1.        ,
       1.        , 1.        , 0.83333333, 1.        , 0.83333333,
       0.4       , 1.        , 1.        , 1.        , 0.        ]), 'class_mean_width': array([ 9.88888889, 10.        , 10.        , 10.        , 10.        ,
       10.        ,  9.93333333,  9.5       ,  9.625     ,  9.83333333,
        9.4       , 10.        ,  9.5       ,  9.66666667, 10.        ,
       10.        , 10.        , 10.        ,  9.66666667, 10.        ,
        9.9       ,  9.93333333,  9.5       ,  9.5625    ,  9.5       ,
        9.8       , 10.        ,  9.5       ,  9.83333333, 10.        ]), 'class_median_width': array([10. , 10. , 10. , 10. , 10. , 10. , 10. ,  9.5, 10. , 10. ,  9. ,
       10. ,  9.5, 10. , 10. , 10. , 10. , 10. , 10. , 10. , 10. , 10. ,
        9.5, 10. ,  9.5, 10. , 10. ,  9.5, 10. , 10. ]), 'class_mean_width_scaled': array([0.32962963, 0.33333333, 0.33333333, 0.33333333, 0.33333333,
       0.33333333, 0.33111111, 0.31666667, 0.32083333, 0.32777778,
       0.31333333, 0.33333333, 0.31666667, 0.32222222, 0.33333333,
       0.33333333, 0.33333333, 0.33333333, 0.32222222, 0.33333333,
       0.33      , 0.33111111, 0.31666667, 0.31875   , 0.31666667,
       0.32666667, 0.33333333, 0.31666667, 0.32777778, 0.33333333]), 'class_median_width_scaled': array([0.33333333, 0.33333333, 0.33333333, 0.33333333, 0.33333333,
       0.33333333, 0.33333333, 0.31666667, 0.33333333, 0.33333333,
       0.3       , 0.33333333, 0.31666667, 0.33333333, 0.33333333,
       0.33333333, 0.33333333, 0.33333333, 0.33333333, 0.33333333,
       0.33333333, 0.33333333, 0.31666667, 0.33333333, 0.31666667,
       0.33333333, 0.33333333, 0.31666667, 0.33333333, 0.33333333])}

pcs_oob full class metrics: {'class_coverage': array([1.        , 0.8       , 0.33333333, 0.33333333, 0.85714286,
       0.9       , 1.        , 0.66666667, 1.        , 1.        ,
       1.        , 0.        , 1.        , 1.        , 0.        ,
       1.        , 0.8       , 1.        , 0.33333333, 1.        ,
       1.        , 1.        , 0.83333333, 1.        , 0.83333333,
       0.4       , 1.        , 1.        , 1.        , 0.        ]), 'class_mean_width': array([ 9.88888889, 10.        , 10.        , 10.        , 10.        ,
       10.        ,  9.93333333,  9.5       ,  9.625     ,  9.83333333,
        9.4       , 10.        ,  9.5       ,  9.66666667, 10.        ,
       10.        , 10.        , 10.        ,  9.66666667, 10.        ,
        9.9       ,  9.93333333,  9.5       ,  9.5625    ,  9.5       ,
        9.8       , 10.        ,  9.5       ,  9.83333333, 10.        ]), 'class_median_width': array([10. , 10. , 10. , 10. , 10. , 10. , 10. ,  9.5, 10. , 10. ,  9. ,
       10. ,  9.5, 10. , 10. , 10. , 10. , 10. , 10. , 10. , 10. , 10. ,
        9.5, 10. ,  9.5, 10. , 10. ,  9.5, 10. , 10. ]), 'class_mean_width_scaled': array([0.32962963, 0.33333333, 0.33333333, 0.33333333, 0.33333333,
       0.33333333, 0.33111111, 0.31666667, 0.32083333, 0.32777778,
       0.31333333, 0.33333333, 0.31666667, 0.32222222, 0.33333333,
       0.33333333, 0.33333333, 0.33333333, 0.32222222, 0.33333333,
       0.33      , 0.33111111, 0.31666667, 0.31875   , 0.31666667,
       0.32666667, 0.33333333, 0.31666667, 0.32777778, 0.33333333]), 'class_median_width_scaled': array([0.33333333, 0.33333333, 0.33333333, 0.33333333, 0.33333333,
       0.33333333, 0.33333333, 0.31666667, 0.33333333, 0.33333333,
       0.3       , 0.33333333, 0.31666667, 0.33333333, 0.33333333,
       0.33333333, 0.33333333, 0.33333333, 0.33333333, 0.33333333,
       0.33333333, 0.33333333, 0.31666667, 0.33333333, 0.31666667,
       0.33333333, 0.33333333, 0.31666667, 0.33333333, 0.33333333])}

Job completed at Thu Mar 20 05:06:59 PM PDT 2025
