Starting job at Thu Mar 20 05:03:55 PM PDT 2025
Job parameters:
Dataset: data_language
UQ Method: pcs_oob
Estimator: HistGradientBoosting
Seed: 785
Train Size: 0.8
Running pcs_oob on data_language with seed 785 and train size 0.8

starting experiment

data created

Fitting pcs_oob on data_language with seed 785

Finished training LogisticRegression models
number of classes 30
correct_indices: [ 1  2  6 10  3  1  3  2  0  2  7 10  9 11  1  1 15  6  6  5  0 17  0  0
  0 10  0 17  3  2  3  4 19  3  3  5  6  0  1  0  2  2  0  2  0  0  7 12
  1  0  8  0  3  2  0  2  0  5  8  1 17  4  5  0  8  1  1 16  2  4  1  9
  1  3  1  3  3 13  6  8  2  1  2  2  3 10  1  1  1  5  2  2 24  4  1  0
  1  1  1  0  1  1  5 14  6  0 11  0  0  4 10  2  0  1  0  1  6  0  4  1
  2  1  4  0  3  3  9  2  1  1  6  0  6  4 11  0  5  1  0  2  5  2  7  7
 10 10  0  7  8  0  0  6  7 13  7  1  0  3 21  5  7  0  0  8  2  2  1  3
  9  4 19  6  0  7  2  3  0  4  0  4  0 11 10  2 27  0  0 14  1  0  4  4
  0  1  5  2 12 15  0  3  3  5  0  1  0  1 11 11  0  1  3  6  1  1  0  0
  6  1  9  1  6  0  6  2  0  3  0 16 13  0  0  9  1  2  4  0  9  2  1  1
 12  0  1  2  0  0  6  0  0  7  2  4  1  8  1  2  0  0  5  0  9  6  5  4
  0  1  0  2  7  0  1  0  8 17  4  6  0  5  5  5  0 10  4  6  1  2  1  7
  2  1  1  9 17  3  0  2  3 27  2  7  0  0  0  0  4  1  3  5  1  1  3  4
  7  6  2  8  2  0  0  1  0  2  7  2  4  0  0  0 17  1  5  6  0  0  4  1
  8  1  1  7  6  1 10  8  4  0  1 14  0  5 17  8  1  6  2  0  0 11  1  0
  4  8  3  1  0  4  0  7  7  0  3 12  0  6  1  0  2 16  9  0  6  0  3  0
  0  0 11  7  4  2  1  2 13  1  2  3  1  8  8  9  0  1  2 10  1  1  5  4
  0  0  4  1  0  0  2  5 16  0  3  4  4  6  3  0  3  3 11  7  9  0  3  4
  1  3  0  0  1  1  0  0  1 17  4  2  2  1  0  4  3  2  0  1 14  8 10  4
  3 14  7  6  0  0  1  0  2  0 10  0  9 12  1 15  0  1  1  2 16 14  0 11
  2  5  4  4  3  6  2  0  0  0  1  3  1  0  7  3  2  7  1  9  0  0  0  0
  0  0  1 13  9 16 10  3  7  0  4  4  0  3  1  3  1  1  2  2  4  1 16  2
  1  0  1  1  1  1  0  4  0  5  3  1  0 11  0  5  8  2  8  3  0 15  0  2
  1 14  0  7  5 10  1  0  2  7  4  2  0  7  7  8  1  1  1  1  4  1  0  5
  0 25  1  7 10  0  3  1  5  0  0  5  1  1  6  1  9  1  0  0  8  2  2  3
  1  4  1  2  0  3  0  3  7  0  0  0  5  7  1  0  0  1  3  0  0  2  0  4
  1  9  0  0  1  0  0  0  1  1  6  0  0  3  8  0 16  2 10 11  4  1  2  0
  3  1  0  0 17  0  4  1  0  2  6  6  7  0 23  9  6  0  3  2 12  1  2  2
 11  0  2  3 10  1 10  3  3 10  7  1 12  6 22 11  1 12  1  0  7  9  0  1
  0  1  0  3  5  0 26  1  1  2  1  0  1  7  2  1  2  5  7  0  1 13  0  1
  6  0  1  0  1  1  0  2 17  1  1  5  0  0  3  1  7  1 11  0  3  7  0  0
  0  1  1  0  9  1  0  0 11  1  0  2 29  0  0  5 18  0  3 11  0 11  5  3
  2  3  5  0  5  1  5  3  1  9  2 10  0 13  1  1  1  1  3  2  6  1 23  1
  3 10  0  1  5  3  1  3]
pcs_oob metrics: {'coverage': np.float64(0.905), 'mean_width': np.float64(10.685), 'median_width': np.float64(11.0), 'mean_width_scaled': np.float64(0.3561666666666667), 'median_width_scaled': np.float64(0.36666666666666664)}

pcs_oob full metrics: {'coverage': np.float64(0.905), 'mean_width': np.float64(10.685), 'median_width': np.float64(11.0), 'mean_width_scaled': np.float64(0.3561666666666667), 'median_width_scaled': np.float64(0.36666666666666664)}

pcs_oob class metrics: {'class_coverage': array([1.        , 0.8       , 1.        , 1.        , 0.85714286,
       0.9       , 1.        , 0.66666667, 0.9375    , 1.        ,
       1.        , 1.        , 1.        , 1.        , 0.        ,
       0.88888889, 1.        , 1.        , 0.33333333, 1.        ,
       0.9       , 0.93333333, 0.66666667, 0.9375    , 0.83333333,
       1.        , 0.        , 1.        , 0.83333333, 1.        ]), 'class_mean_width': array([11.        , 11.        , 10.66666667, 10.66666667, 10.85714286,
       10.7       , 10.8       , 10.66666667, 10.5       , 10.83333333,
       10.4       , 11.        , 10.5       , 10.66666667, 10.5       ,
       11.        , 11.        , 11.        , 10.66666667, 10.71428571,
       10.7       , 10.8       , 10.5       , 10.5625    , 10.16666667,
       10.8       , 10.        , 10.5       , 10.5       , 10.        ]), 'class_median_width': array([11. , 11. , 11. , 11. , 11. , 11. , 11. , 11. , 10.5, 11. , 10. ,
       11. , 10.5, 11. , 10.5, 11. , 11. , 11. , 11. , 11. , 11. , 11. ,
       10.5, 11. , 10. , 11. , 10. , 10.5, 10.5, 10. ]), 'class_mean_width_scaled': array([0.36666667, 0.36666667, 0.35555556, 0.35555556, 0.36190476,
       0.35666667, 0.36      , 0.35555556, 0.35      , 0.36111111,
       0.34666667, 0.36666667, 0.35      , 0.35555556, 0.35      ,
       0.36666667, 0.36666667, 0.36666667, 0.35555556, 0.35714286,
       0.35666667, 0.36      , 0.35      , 0.35208333, 0.33888889,
       0.36      , 0.33333333, 0.35      , 0.35      , 0.33333333]), 'class_median_width_scaled': array([0.36666667, 0.36666667, 0.36666667, 0.36666667, 0.36666667,
       0.36666667, 0.36666667, 0.36666667, 0.35      , 0.36666667,
       0.33333333, 0.36666667, 0.35      , 0.36666667, 0.35      ,
       0.36666667, 0.36666667, 0.36666667, 0.36666667, 0.36666667,
       0.36666667, 0.36666667, 0.35      , 0.36666667, 0.33333333,
       0.36666667, 0.33333333, 0.35      , 0.35      , 0.33333333])}

pcs_oob full class metrics: {'class_coverage': array([1.        , 0.8       , 1.        , 1.        , 0.85714286,
       0.9       , 1.        , 0.66666667, 0.9375    , 1.        ,
       1.        , 1.        , 1.        , 1.        , 0.        ,
       0.88888889, 1.        , 1.        , 0.33333333, 1.        ,
       0.9       , 0.93333333, 0.66666667, 0.9375    , 0.83333333,
       1.        , 0.        , 1.        , 0.83333333, 1.        ]), 'class_mean_width': array([11.        , 11.        , 10.66666667, 10.66666667, 10.85714286,
       10.7       , 10.8       , 10.66666667, 10.5       , 10.83333333,
       10.4       , 11.        , 10.5       , 10.66666667, 10.5       ,
       11.        , 11.        , 11.        , 10.66666667, 10.71428571,
       10.7       , 10.8       , 10.5       , 10.5625    , 10.16666667,
       10.8       , 10.        , 10.5       , 10.5       , 10.        ]), 'class_median_width': array([11. , 11. , 11. , 11. , 11. , 11. , 11. , 11. , 10.5, 11. , 10. ,
       11. , 10.5, 11. , 10.5, 11. , 11. , 11. , 11. , 11. , 11. , 11. ,
       10.5, 11. , 10. , 11. , 10. , 10.5, 10.5, 10. ]), 'class_mean_width_scaled': array([0.36666667, 0.36666667, 0.35555556, 0.35555556, 0.36190476,
       0.35666667, 0.36      , 0.35555556, 0.35      , 0.36111111,
       0.34666667, 0.36666667, 0.35      , 0.35555556, 0.35      ,
       0.36666667, 0.36666667, 0.36666667, 0.35555556, 0.35714286,
       0.35666667, 0.36      , 0.35      , 0.35208333, 0.33888889,
       0.36      , 0.33333333, 0.35      , 0.35      , 0.33333333]), 'class_median_width_scaled': array([0.36666667, 0.36666667, 0.36666667, 0.36666667, 0.36666667,
       0.36666667, 0.36666667, 0.36666667, 0.35      , 0.36666667,
       0.33333333, 0.36666667, 0.35      , 0.36666667, 0.35      ,
       0.36666667, 0.36666667, 0.36666667, 0.36666667, 0.36666667,
       0.36666667, 0.36666667, 0.35      , 0.36666667, 0.33333333,
       0.36666667, 0.33333333, 0.35      , 0.35      , 0.33333333])}

Job completed at Thu Mar 20 05:04:40 PM PDT 2025
