Starting job at Wed Mar 19 06:30:19 PM PDT 2025
Job parameters:
Dataset: data_walking
UQ Method: split_conformal_lac
Estimator: AdaBoost
Seed: 780
Train Size: 0.8
Running split_conformal_lac on data_walking with seed 780 and train size 0.8

starting experiment

data created

Fitting split_conformal_lac_AdaBoost on data_walking with seed 780

split_conformal_lac_AdaBoost metrics: {'coverage': np.float64(0.903), 'mean_width': np.float64(11.336666666666666), 'median_width': np.float64(10.0), 'mean_width_scaled': np.float64(0.5153030303030303), 'median_width_scaled': np.float64(0.45454545454545453)}

split_conformal_lac_AdaBoost full metrics: {'coverage': np.float64(0.903), 'mean_width': np.float64(11.336666666666666), 'median_width': np.float64(10.0), 'mean_width_scaled': np.float64(0.5153030303030303), 'median_width_scaled': np.float64(0.45454545454545453)}

split_conformal_lac_AdaBoost class metrics: {'class_coverage': array([0.59677419, 0.93333333, 0.86363636, 1.        , 0.98666667,
       0.56115108, 0.69470405, 0.98445596, 0.75464684, 0.9378882 ,
       0.96598639, 0.97297297, 0.91304348, 0.99773756, 0.99520384,
       0.94607843, 0.84434655, 0.92741935, 0.75897436, 0.99358974,
       0.95652174, 0.99642857]), 'class_mean_width': array([14.89516129,  9.08888889, 14.64646465, 13.9159292 , 14.40666667,
       14.20143885, 12.70716511, 13.23316062, 13.37174721, 10.67494824,
       15.04081633, 10.81081081, 17.27536232,  8.27262443,  8.32254197,
       13.1372549 ,  9.54625551, 16.17741935, 11.46410256, 14.28846154,
       17.        , 12.4       ]), 'class_median_width': array([17.5, 10. , 16. , 15. , 13. , 12. , 11. , 11. , 14. ,  9. , 16. ,
       10. , 20. ,  7. ,  7. , 10. ,  7. , 18. , 10. , 11. , 20. , 10. ]), 'class_mean_width_scaled': array([0.67705279, 0.41313131, 0.66574839, 0.63254224, 0.65484848,
       0.64551995, 0.57759841, 0.6015073 , 0.60780669, 0.48522492,
       0.68367347, 0.49140049, 0.78524374, 0.37602838, 0.37829736,
       0.59714795, 0.4339207 , 0.73533724, 0.52109557, 0.64947552,
       0.77272727, 0.56363636]), 'class_median_width_scaled': array([0.79545455, 0.45454545, 0.72727273, 0.68181818, 0.59090909,
       0.54545455, 0.5       , 0.5       , 0.63636364, 0.40909091,
       0.72727273, 0.45454545, 0.90909091, 0.31818182, 0.31818182,
       0.45454545, 0.31818182, 0.81818182, 0.45454545, 0.5       ,
       0.90909091, 0.45454545])}

split_conformal_lac_AdaBoost full class metrics: {'class_coverage': array([0.59677419, 0.93333333, 0.86363636, 1.        , 0.98666667,
       0.56115108, 0.69470405, 0.98445596, 0.75464684, 0.9378882 ,
       0.96598639, 0.97297297, 0.91304348, 0.99773756, 0.99520384,
       0.94607843, 0.84434655, 0.92741935, 0.75897436, 0.99358974,
       0.95652174, 0.99642857]), 'class_mean_width': array([14.89516129,  9.08888889, 14.64646465, 13.9159292 , 14.40666667,
       14.20143885, 12.70716511, 13.23316062, 13.37174721, 10.67494824,
       15.04081633, 10.81081081, 17.27536232,  8.27262443,  8.32254197,
       13.1372549 ,  9.54625551, 16.17741935, 11.46410256, 14.28846154,
       17.        , 12.4       ]), 'class_median_width': array([17.5, 10. , 16. , 15. , 13. , 12. , 11. , 11. , 14. ,  9. , 16. ,
       10. , 20. ,  7. ,  7. , 10. ,  7. , 18. , 10. , 11. , 20. , 10. ]), 'class_mean_width_scaled': array([0.67705279, 0.41313131, 0.66574839, 0.63254224, 0.65484848,
       0.64551995, 0.57759841, 0.6015073 , 0.60780669, 0.48522492,
       0.68367347, 0.49140049, 0.78524374, 0.37602838, 0.37829736,
       0.59714795, 0.4339207 , 0.73533724, 0.52109557, 0.64947552,
       0.77272727, 0.56363636]), 'class_median_width_scaled': array([0.79545455, 0.45454545, 0.72727273, 0.68181818, 0.59090909,
       0.54545455, 0.5       , 0.5       , 0.63636364, 0.40909091,
       0.72727273, 0.45454545, 0.90909091, 0.31818182, 0.31818182,
       0.45454545, 0.31818182, 0.81818182, 0.45454545, 0.5       ,
       0.90909091, 0.45454545])}

Job completed at Wed Mar 19 06:30:22 PM PDT 2025
