Starting job at Wed Mar 19 06:30:21 PM PDT 2025
Job parameters:
Dataset: data_walking
UQ Method: split_conformal_lac
Estimator: AdaBoost
Seed: 781
Train Size: 0.8
Running split_conformal_lac on data_walking with seed 781 and train size 0.8

starting experiment

data created

Fitting split_conformal_lac_AdaBoost on data_walking with seed 781

split_conformal_lac_AdaBoost metrics: {'coverage': np.float64(0.8928333333333334), 'mean_width': np.float64(14.755666666666666), 'median_width': np.float64(14.0), 'mean_width_scaled': np.float64(0.6707121212121212), 'median_width_scaled': np.float64(0.6363636363636364)}

split_conformal_lac_AdaBoost full metrics: {'coverage': np.float64(0.8928333333333334), 'mean_width': np.float64(14.755666666666666), 'median_width': np.float64(14.0), 'mean_width_scaled': np.float64(0.6707121212121212), 'median_width_scaled': np.float64(0.6363636363636364)}

split_conformal_lac_AdaBoost class metrics: {'class_coverage': array([1.        , 1.        , 0.94949495, 0.9159292 , 0.83333333,
       0.95683453, 0.95950156, 0.83419689, 0.91821561, 0.98964803,
       1.        , 1.        , 1.        , 0.75339367, 0.8117506 ,
       0.94117647, 0.90455213, 1.        , 0.92307692, 0.98717949,
       1.        , 0.90357143]), 'class_mean_width': array([18.45967742, 17.6       , 17.03030303, 15.30088496, 17.34666667,
       18.6618705 , 15.7788162 , 14.87564767, 15.74349442, 15.51138716,
       19.38095238, 20.75675676, 18.84057971, 11.52375566, 12.17745803,
       16.16666667, 13.82819383, 19.42741935, 14.5974359 , 17.98717949,
       18.15217391, 14.45      ]), 'class_median_width': array([19. , 18. , 19. , 15.5, 17. , 19. , 14. , 17. , 17. , 14. , 19. ,
       21. , 20. , 14. , 14. , 19. , 14. , 19. , 14. , 19. , 17. , 14. ]), 'class_mean_width_scaled': array([0.83907625, 0.8       , 0.77410468, 0.69549477, 0.78848485,
       0.84826684, 0.71721892, 0.6761658 , 0.71561338, 0.70506305,
       0.88095238, 0.94348894, 0.85638999, 0.52380708, 0.55352082,
       0.73484848, 0.62855427, 0.88306452, 0.66351981, 0.81759907,
       0.82509881, 0.65681818]), 'class_median_width_scaled': array([0.86363636, 0.81818182, 0.86363636, 0.70454545, 0.77272727,
       0.86363636, 0.63636364, 0.77272727, 0.77272727, 0.63636364,
       0.86363636, 0.95454545, 0.90909091, 0.63636364, 0.63636364,
       0.86363636, 0.63636364, 0.86363636, 0.63636364, 0.86363636,
       0.77272727, 0.63636364])}

split_conformal_lac_AdaBoost full class metrics: {'class_coverage': array([1.        , 1.        , 0.94949495, 0.9159292 , 0.83333333,
       0.95683453, 0.95950156, 0.83419689, 0.91821561, 0.98964803,
       1.        , 1.        , 1.        , 0.75339367, 0.8117506 ,
       0.94117647, 0.90455213, 1.        , 0.92307692, 0.98717949,
       1.        , 0.90357143]), 'class_mean_width': array([18.45967742, 17.6       , 17.03030303, 15.30088496, 17.34666667,
       18.6618705 , 15.7788162 , 14.87564767, 15.74349442, 15.51138716,
       19.38095238, 20.75675676, 18.84057971, 11.52375566, 12.17745803,
       16.16666667, 13.82819383, 19.42741935, 14.5974359 , 17.98717949,
       18.15217391, 14.45      ]), 'class_median_width': array([19. , 18. , 19. , 15.5, 17. , 19. , 14. , 17. , 17. , 14. , 19. ,
       21. , 20. , 14. , 14. , 19. , 14. , 19. , 14. , 19. , 17. , 14. ]), 'class_mean_width_scaled': array([0.83907625, 0.8       , 0.77410468, 0.69549477, 0.78848485,
       0.84826684, 0.71721892, 0.6761658 , 0.71561338, 0.70506305,
       0.88095238, 0.94348894, 0.85638999, 0.52380708, 0.55352082,
       0.73484848, 0.62855427, 0.88306452, 0.66351981, 0.81759907,
       0.82509881, 0.65681818]), 'class_median_width_scaled': array([0.86363636, 0.81818182, 0.86363636, 0.70454545, 0.77272727,
       0.86363636, 0.63636364, 0.77272727, 0.77272727, 0.63636364,
       0.86363636, 0.95454545, 0.90909091, 0.63636364, 0.63636364,
       0.86363636, 0.63636364, 0.86363636, 0.63636364, 0.86363636,
       0.77272727, 0.63636364])}

Job completed at Wed Mar 19 06:30:23 PM PDT 2025
