Starting job at Wed Mar 19 06:30:24 PM PDT 2025
Job parameters:
Dataset: data_walking
UQ Method: split_conformal_lac
Estimator: AdaBoost
Seed: 783
Train Size: 0.8
Running split_conformal_lac on data_walking with seed 783 and train size 0.8

starting experiment

data created

Fitting split_conformal_lac_AdaBoost on data_walking with seed 783

split_conformal_lac_AdaBoost metrics: {'coverage': np.float64(0.8951666666666667), 'mean_width': np.float64(11.581333333333333), 'median_width': np.float64(14.0), 'mean_width_scaled': np.float64(0.5264242424242425), 'median_width_scaled': np.float64(0.6363636363636364)}

split_conformal_lac_AdaBoost full metrics: {'coverage': np.float64(0.8951666666666667), 'mean_width': np.float64(11.581333333333333), 'median_width': np.float64(14.0), 'mean_width_scaled': np.float64(0.5264242424242425), 'median_width_scaled': np.float64(0.6363636363636364)}

split_conformal_lac_AdaBoost class metrics: {'class_coverage': array([0.89516129, 0.71111111, 0.78282828, 0.98230088, 0.8       ,
       0.91366906, 0.89719626, 0.83419689, 0.89962825, 0.94409938,
       0.97959184, 0.91891892, 0.50724638, 0.93891403, 0.89328537,
       0.94607843, 0.80763583, 0.91935484, 0.90512821, 0.8974359 ,
       1.        , 0.975     ]), 'class_mean_width': array([14.37903226, 11.11111111, 12.00505051, 13.75663717,  6.52666667,
       14.1942446 , 13.39875389, 11.57512953, 12.87360595, 11.97929607,
       14.3877551 ,  8.67567568, 13.65217391,  9.71153846,  9.70743405,
       13.67647059,  9.98237885, 14.08064516, 13.07435897, 13.26282051,
       14.15217391, 13.46785714]), 'class_median_width': array([14.5, 11. , 14. , 14. ,  1. , 15. , 14. , 13. , 14. , 14. , 15. ,
        9. , 14. ,  8. ,  8. , 14. ,  8. , 14. , 14. , 14. , 14. , 14. ]), 'class_mean_width_scaled': array([0.65359238, 0.50505051, 0.54568411, 0.62530169, 0.29666667,
       0.64519294, 0.60903427, 0.52614225, 0.58516391, 0.54451346,
       0.65398887, 0.39434889, 0.62055336, 0.44143357, 0.441247  ,
       0.62165775, 0.45374449, 0.64002933, 0.59428904, 0.60285548,
       0.64328063, 0.61217532]), 'class_median_width_scaled': array([0.65909091, 0.5       , 0.63636364, 0.63636364, 0.04545455,
       0.68181818, 0.63636364, 0.59090909, 0.63636364, 0.63636364,
       0.68181818, 0.40909091, 0.63636364, 0.36363636, 0.36363636,
       0.63636364, 0.36363636, 0.63636364, 0.63636364, 0.63636364,
       0.63636364, 0.63636364])}

split_conformal_lac_AdaBoost full class metrics: {'class_coverage': array([0.89516129, 0.71111111, 0.78282828, 0.98230088, 0.8       ,
       0.91366906, 0.89719626, 0.83419689, 0.89962825, 0.94409938,
       0.97959184, 0.91891892, 0.50724638, 0.93891403, 0.89328537,
       0.94607843, 0.80763583, 0.91935484, 0.90512821, 0.8974359 ,
       1.        , 0.975     ]), 'class_mean_width': array([14.37903226, 11.11111111, 12.00505051, 13.75663717,  6.52666667,
       14.1942446 , 13.39875389, 11.57512953, 12.87360595, 11.97929607,
       14.3877551 ,  8.67567568, 13.65217391,  9.71153846,  9.70743405,
       13.67647059,  9.98237885, 14.08064516, 13.07435897, 13.26282051,
       14.15217391, 13.46785714]), 'class_median_width': array([14.5, 11. , 14. , 14. ,  1. , 15. , 14. , 13. , 14. , 14. , 15. ,
        9. , 14. ,  8. ,  8. , 14. ,  8. , 14. , 14. , 14. , 14. , 14. ]), 'class_mean_width_scaled': array([0.65359238, 0.50505051, 0.54568411, 0.62530169, 0.29666667,
       0.64519294, 0.60903427, 0.52614225, 0.58516391, 0.54451346,
       0.65398887, 0.39434889, 0.62055336, 0.44143357, 0.441247  ,
       0.62165775, 0.45374449, 0.64002933, 0.59428904, 0.60285548,
       0.64328063, 0.61217532]), 'class_median_width_scaled': array([0.65909091, 0.5       , 0.63636364, 0.63636364, 0.04545455,
       0.68181818, 0.63636364, 0.59090909, 0.63636364, 0.63636364,
       0.68181818, 0.40909091, 0.63636364, 0.36363636, 0.36363636,
       0.63636364, 0.36363636, 0.63636364, 0.63636364, 0.63636364,
       0.63636364, 0.63636364])}

Job completed at Wed Mar 19 06:30:27 PM PDT 2025
