Starting job at Wed Mar 19 06:30:19 PM PDT 2025
Job parameters:
Dataset: data_walking
UQ Method: split_conformal_lac
Estimator: LogisticRegression
Seed: 781
Train Size: 0.8
Running split_conformal_lac on data_walking with seed 781 and train size 0.8

starting experiment

data created

Fitting split_conformal_lac_LogisticRegression on data_walking with seed 781

split_conformal_lac_LogisticRegression metrics: {'coverage': np.float64(0.9053333333333333), 'mean_width': np.float64(8.476666666666667), 'median_width': np.float64(8.0), 'mean_width_scaled': np.float64(0.3853030303030303), 'median_width_scaled': np.float64(0.36363636363636365)}

split_conformal_lac_LogisticRegression full metrics: {'coverage': np.float64(0.9053333333333333), 'mean_width': np.float64(8.476666666666667), 'median_width': np.float64(8.0), 'mean_width_scaled': np.float64(0.3853030303030303), 'median_width_scaled': np.float64(0.36363636363636365)}

split_conformal_lac_LogisticRegression class metrics: {'class_coverage': array([0.78225806, 0.8       , 0.95454545, 0.87610619, 0.87333333,
       0.81294964, 0.93457944, 0.43523316, 0.96282528, 0.99585921,
       0.95238095, 1.        , 0.62318841, 0.9061086 , 0.92685851,
       0.84313725, 0.979442  , 0.93548387, 0.94358974, 0.83333333,
       0.67391304, 0.95      ]), 'class_mean_width': array([11.5       ,  9.66666667, 10.14646465, 10.45575221,  7.37333333,
       11.38129496,  9.2834891 ,  9.29015544, 10.42750929,  9.04968944,
       13.18367347, 11.21621622, 11.97101449,  5.75565611,  5.83333333,
       10.57843137,  6.95154185, 12.09677419,  8.86410256, 11.85897436,
       10.        ,  9.63928571]), 'class_median_width': array([11. ,  9. , 10. , 10. ,  7. , 11. ,  9. ,  9. , 10. ,  8. , 14. ,
       11. , 11. ,  5. ,  5. , 10. ,  7. , 11. ,  8. , 12. , 10. ,  9.5]), 'class_mean_width_scaled': array([0.52272727, 0.43939394, 0.46120294, 0.47526146, 0.33515152,
       0.51733159, 0.42197678, 0.42227979, 0.4739777 , 0.41134952,
       0.59925788, 0.50982801, 0.54413702, 0.26162073, 0.26515152,
       0.48083779, 0.31597918, 0.54985337, 0.40291375, 0.53904429,
       0.45454545, 0.43814935]), 'class_median_width_scaled': array([0.5       , 0.40909091, 0.45454545, 0.45454545, 0.31818182,
       0.5       , 0.40909091, 0.40909091, 0.45454545, 0.36363636,
       0.63636364, 0.5       , 0.5       , 0.22727273, 0.22727273,
       0.45454545, 0.31818182, 0.5       , 0.36363636, 0.54545455,
       0.45454545, 0.43181818])}

split_conformal_lac_LogisticRegression full class metrics: {'class_coverage': array([0.78225806, 0.8       , 0.95454545, 0.87610619, 0.87333333,
       0.81294964, 0.93457944, 0.43523316, 0.96282528, 0.99585921,
       0.95238095, 1.        , 0.62318841, 0.9061086 , 0.92685851,
       0.84313725, 0.979442  , 0.93548387, 0.94358974, 0.83333333,
       0.67391304, 0.95      ]), 'class_mean_width': array([11.5       ,  9.66666667, 10.14646465, 10.45575221,  7.37333333,
       11.38129496,  9.2834891 ,  9.29015544, 10.42750929,  9.04968944,
       13.18367347, 11.21621622, 11.97101449,  5.75565611,  5.83333333,
       10.57843137,  6.95154185, 12.09677419,  8.86410256, 11.85897436,
       10.        ,  9.63928571]), 'class_median_width': array([11. ,  9. , 10. , 10. ,  7. , 11. ,  9. ,  9. , 10. ,  8. , 14. ,
       11. , 11. ,  5. ,  5. , 10. ,  7. , 11. ,  8. , 12. , 10. ,  9.5]), 'class_mean_width_scaled': array([0.52272727, 0.43939394, 0.46120294, 0.47526146, 0.33515152,
       0.51733159, 0.42197678, 0.42227979, 0.4739777 , 0.41134952,
       0.59925788, 0.50982801, 0.54413702, 0.26162073, 0.26515152,
       0.48083779, 0.31597918, 0.54985337, 0.40291375, 0.53904429,
       0.45454545, 0.43814935]), 'class_median_width_scaled': array([0.5       , 0.40909091, 0.45454545, 0.45454545, 0.31818182,
       0.5       , 0.40909091, 0.40909091, 0.45454545, 0.36363636,
       0.63636364, 0.5       , 0.5       , 0.22727273, 0.22727273,
       0.45454545, 0.31818182, 0.5       , 0.36363636, 0.54545455,
       0.45454545, 0.43181818])}

Job completed at Wed Mar 19 06:30:26 PM PDT 2025
