Starting job at Wed Mar 19 08:20:44 PM PDT 2025
Job parameters:
Dataset: data_chess
UQ Method: split_conformal_raps
Estimator: LogisticRegression
Seed: 779
Train Size: 0.8
Running split_conformal_raps on data_chess with seed 779 and train size 0.8

starting experiment

data created

Fitting split_conformal_raps_LogisticRegression on data_chess with seed 779

split_conformal_raps_LogisticRegression metrics: {'coverage': np.float64(0.900392017106201), 'mean_width': np.float64(5.048823948681397), 'median_width': np.float64(5.0), 'mean_width_scaled': np.float64(0.28049021937118873), 'median_width_scaled': np.float64(0.2777777777777778)}

split_conformal_raps_LogisticRegression full metrics: {'coverage': np.float64(0.900392017106201), 'mean_width': np.float64(5.048823948681397), 'median_width': np.float64(5.0), 'mean_width_scaled': np.float64(0.28049021937118873), 'median_width_scaled': np.float64(0.2777777777777778)}

split_conformal_raps_LogisticRegression class metrics: {'class_coverage': array([0.79964222, 0.86759582, 0.94395797, 0.94457275, 0.78723404,
       0.575     , 0.98243688, 0.84502924, 0.25      , 0.62773723,
       0.65254237, 0.75641026, 0.86146096, 0.98688915, 0.125     ,
       0.9625    , 0.71428571, 0.4       ]), 'class_mean_width': array([5.10375671, 5.59581882, 5.60770578, 3.49884527, 4.58510638,
       3.275     , 4.61031833, 5.57017544, 3.5       , 5.48175182,
       5.44067797, 2.42307692, 5.65491184, 5.20977354, 2.8125    ,
       5.55      , 3.57142857, 4.2       ]), 'class_median_width': array([5. , 6. , 6. , 3. , 5. , 2.5, 5. , 6. , 3.5, 6. , 6. , 2. , 6. ,
       5. , 2.5, 6. , 3. , 6. ]), 'class_mean_width_scaled': array([0.28354204, 0.31087882, 0.31153921, 0.19438029, 0.25472813,
       0.18194444, 0.2561288 , 0.30945419, 0.19444444, 0.30454177,
       0.30225989, 0.13461538, 0.31416177, 0.28943186, 0.15625   ,
       0.30833333, 0.1984127 , 0.23333333]), 'class_median_width_scaled': array([0.27777778, 0.33333333, 0.33333333, 0.16666667, 0.27777778,
       0.13888889, 0.27777778, 0.33333333, 0.19444444, 0.33333333,
       0.33333333, 0.11111111, 0.33333333, 0.27777778, 0.13888889,
       0.33333333, 0.16666667, 0.33333333])}

split_conformal_raps_LogisticRegression full class metrics: {'class_coverage': array([0.79964222, 0.86759582, 0.94395797, 0.94457275, 0.78723404,
       0.575     , 0.98243688, 0.84502924, 0.25      , 0.62773723,
       0.65254237, 0.75641026, 0.86146096, 0.98688915, 0.125     ,
       0.9625    , 0.71428571, 0.4       ]), 'class_mean_width': array([5.10375671, 5.59581882, 5.60770578, 3.49884527, 4.58510638,
       3.275     , 4.61031833, 5.57017544, 3.5       , 5.48175182,
       5.44067797, 2.42307692, 5.65491184, 5.20977354, 2.8125    ,
       5.55      , 3.57142857, 4.2       ]), 'class_median_width': array([5. , 6. , 6. , 3. , 5. , 2.5, 5. , 6. , 3.5, 6. , 6. , 2. , 6. ,
       5. , 2.5, 6. , 3. , 6. ]), 'class_mean_width_scaled': array([0.28354204, 0.31087882, 0.31153921, 0.19438029, 0.25472813,
       0.18194444, 0.2561288 , 0.30945419, 0.19444444, 0.30454177,
       0.30225989, 0.13461538, 0.31416177, 0.28943186, 0.15625   ,
       0.30833333, 0.1984127 , 0.23333333]), 'class_median_width_scaled': array([0.27777778, 0.33333333, 0.33333333, 0.16666667, 0.27777778,
       0.13888889, 0.27777778, 0.33333333, 0.19444444, 0.33333333,
       0.33333333, 0.11111111, 0.33333333, 0.27777778, 0.13888889,
       0.33333333, 0.16666667, 0.33333333])}

Job completed at Wed Mar 19 08:20:54 PM PDT 2025
