Starting job at Thu Mar 20 05:03:33 PM PDT 2025
Job parameters:
Dataset: data_chess
UQ Method: split_conformal_raps
Estimator: LogisticRegression
Seed: 780
Train Size: 0.8
Running split_conformal_raps on data_chess with seed 780 and train size 0.8

starting experiment

data created

Fitting split_conformal_raps_LogisticRegression on data_chess with seed 780

split_conformal_raps_LogisticRegression metrics: {'coverage': np.float64(0.900392017106201), 'mean_width': np.float64(5.589451176051319), 'median_width': np.float64(6.0), 'mean_width_scaled': np.float64(0.3105250653361844), 'median_width_scaled': np.float64(0.3333333333333333)}

split_conformal_raps_LogisticRegression full metrics: {'coverage': np.float64(0.900392017106201), 'mean_width': np.float64(5.589451176051319), 'median_width': np.float64(6.0), 'mean_width_scaled': np.float64(0.3105250653361844), 'median_width_scaled': np.float64(0.3333333333333333)}

split_conformal_raps_LogisticRegression class metrics: {'class_coverage': array([0.83363148, 0.78745645, 0.90542907, 0.93533487, 0.71276596,
       0.625     , 0.98463227, 0.83918129, 0.3125    , 0.55474453,
       0.84745763, 0.78205128, 0.91939547, 0.97973778, 0.25      ,
       0.96805556, 0.67346939, 0.        ]), 'class_mean_width': array([5.55813953, 6.26829268, 6.08756567, 4.04157044, 6.73404255,
       6.95      , 4.82217344, 6.19883041, 7.        , 6.28467153,
       6.69491525, 3.21794872, 6.31738035, 5.41954708, 6.625     ,
       5.92361111, 6.87755102, 7.        ]), 'class_median_width': array([6., 7., 6., 4., 7., 7., 5., 6., 7., 7., 7., 3., 7., 5., 7., 6., 7.,
       7.]), 'class_mean_width_scaled': array([0.30878553, 0.34823848, 0.33819809, 0.22453169, 0.37411348,
       0.38611111, 0.26789852, 0.34437947, 0.38888889, 0.34914842,
       0.37193974, 0.17877493, 0.35096558, 0.30108595, 0.36805556,
       0.32908951, 0.38208617, 0.38888889]), 'class_median_width_scaled': array([0.33333333, 0.38888889, 0.33333333, 0.22222222, 0.38888889,
       0.38888889, 0.27777778, 0.33333333, 0.38888889, 0.38888889,
       0.38888889, 0.16666667, 0.38888889, 0.27777778, 0.38888889,
       0.33333333, 0.38888889, 0.38888889])}

split_conformal_raps_LogisticRegression full class metrics: {'class_coverage': array([0.83363148, 0.78745645, 0.90542907, 0.93533487, 0.71276596,
       0.625     , 0.98463227, 0.83918129, 0.3125    , 0.55474453,
       0.84745763, 0.78205128, 0.91939547, 0.97973778, 0.25      ,
       0.96805556, 0.67346939, 0.        ]), 'class_mean_width': array([5.55813953, 6.26829268, 6.08756567, 4.04157044, 6.73404255,
       6.95      , 4.82217344, 6.19883041, 7.        , 6.28467153,
       6.69491525, 3.21794872, 6.31738035, 5.41954708, 6.625     ,
       5.92361111, 6.87755102, 7.        ]), 'class_median_width': array([6., 7., 6., 4., 7., 7., 5., 6., 7., 7., 7., 3., 7., 5., 7., 6., 7.,
       7.]), 'class_mean_width_scaled': array([0.30878553, 0.34823848, 0.33819809, 0.22453169, 0.37411348,
       0.38611111, 0.26789852, 0.34437947, 0.38888889, 0.34914842,
       0.37193974, 0.17877493, 0.35096558, 0.30108595, 0.36805556,
       0.32908951, 0.38208617, 0.38888889]), 'class_median_width_scaled': array([0.33333333, 0.38888889, 0.33333333, 0.22222222, 0.38888889,
       0.38888889, 0.27777778, 0.33333333, 0.38888889, 0.38888889,
       0.38888889, 0.16666667, 0.38888889, 0.27777778, 0.38888889,
       0.33333333, 0.38888889, 0.38888889])}

Job completed at Thu Mar 20 05:03:38 PM PDT 2025
