Starting job at Wed Mar 19 06:19:14 PM PDT 2025
Job parameters:
Dataset: data_chess
UQ Method: split_conformal_aps
Estimator: ExtraTrees
Seed: 783
Train Size: 0.8
Running split_conformal_aps on data_chess with seed 783 and train size 0.8

starting experiment

data created

Fitting split_conformal_aps_ExtraTrees on data_chess with seed 783

split_conformal_aps_ExtraTrees metrics: {'coverage': np.float64(0.9019957234497505), 'mean_width': np.float64(5.612972202423379), 'median_width': np.float64(5.0), 'mean_width_scaled': np.float64(0.31183178902352104), 'median_width_scaled': np.float64(0.2777777777777778)}

split_conformal_aps_ExtraTrees full metrics: {'coverage': np.float64(0.9019957234497505), 'mean_width': np.float64(5.612972202423379), 'median_width': np.float64(5.0), 'mean_width_scaled': np.float64(0.31183178902352104), 'median_width_scaled': np.float64(0.2777777777777778)}

split_conformal_aps_ExtraTrees class metrics: {'class_coverage': array([0.90161002, 0.83623693, 0.89492119, 0.93995381, 0.73404255,
       0.725     , 0.97036224, 0.80994152, 0.375     , 0.80291971,
       0.74576271, 0.80769231, 0.88664987, 0.94398093, 0.8125    ,
       0.93888889, 0.79591837, 0.4       ]), 'class_mean_width': array([5.62254025, 5.82926829, 5.62872154, 5.32101617, 6.67021277,
       6.975     , 5.39297475, 5.73099415, 7.375     , 6.30656934,
       6.52542373, 5.6025641 , 5.71284635, 5.25864124, 7.1875    ,
       5.56527778, 7.30612245, 7.6       ]), 'class_median_width': array([6. , 6. , 5. , 5. , 7. , 7. , 5. , 6. , 7.5, 6. , 6. , 6. , 6. ,
       5. , 7.5, 5. , 7. , 7. ]), 'class_mean_width_scaled': array([0.31236335, 0.32384824, 0.31270675, 0.29561201, 0.37056738,
       0.3875    , 0.29960971, 0.31838856, 0.40972222, 0.35036496,
       0.36252354, 0.31125356, 0.31738035, 0.29214674, 0.39930556,
       0.3091821 , 0.40589569, 0.42222222]), 'class_median_width_scaled': array([0.33333333, 0.33333333, 0.27777778, 0.27777778, 0.38888889,
       0.38888889, 0.27777778, 0.33333333, 0.41666667, 0.33333333,
       0.33333333, 0.33333333, 0.33333333, 0.27777778, 0.41666667,
       0.27777778, 0.38888889, 0.38888889])}

split_conformal_aps_ExtraTrees full class metrics: {'class_coverage': array([0.90161002, 0.83623693, 0.89492119, 0.93995381, 0.73404255,
       0.725     , 0.97036224, 0.80994152, 0.375     , 0.80291971,
       0.74576271, 0.80769231, 0.88664987, 0.94398093, 0.8125    ,
       0.93888889, 0.79591837, 0.4       ]), 'class_mean_width': array([5.62254025, 5.82926829, 5.62872154, 5.32101617, 6.67021277,
       6.975     , 5.39297475, 5.73099415, 7.375     , 6.30656934,
       6.52542373, 5.6025641 , 5.71284635, 5.25864124, 7.1875    ,
       5.56527778, 7.30612245, 7.6       ]), 'class_median_width': array([6. , 6. , 5. , 5. , 7. , 7. , 5. , 6. , 7.5, 6. , 6. , 6. , 6. ,
       5. , 7.5, 5. , 7. , 7. ]), 'class_mean_width_scaled': array([0.31236335, 0.32384824, 0.31270675, 0.29561201, 0.37056738,
       0.3875    , 0.29960971, 0.31838856, 0.40972222, 0.35036496,
       0.36252354, 0.31125356, 0.31738035, 0.29214674, 0.39930556,
       0.3091821 , 0.40589569, 0.42222222]), 'class_median_width_scaled': array([0.33333333, 0.33333333, 0.27777778, 0.27777778, 0.38888889,
       0.38888889, 0.27777778, 0.33333333, 0.41666667, 0.33333333,
       0.33333333, 0.33333333, 0.33333333, 0.27777778, 0.41666667,
       0.27777778, 0.38888889, 0.38888889])}

Job completed at Wed Mar 19 06:19:19 PM PDT 2025
