Starting job at Thu Mar 20 05:03:08 PM PDT 2025
Job parameters:
Dataset: data_chess
UQ Method: split_conformal_aps
Estimator: ExtraTrees
Seed: 779
Train Size: 0.8
Running split_conformal_aps on data_chess with seed 779 and train size 0.8

starting experiment

data created

Fitting split_conformal_aps_ExtraTrees on data_chess with seed 779

split_conformal_aps_ExtraTrees metrics: {'coverage': np.float64(0.9025302922309337), 'mean_width': np.float64(5.294547398431932), 'median_width': np.float64(5.0), 'mean_width_scaled': np.float64(0.2941415221351073), 'median_width_scaled': np.float64(0.2777777777777778)}

split_conformal_aps_ExtraTrees full metrics: {'coverage': np.float64(0.9025302922309337), 'mean_width': np.float64(5.294547398431932), 'median_width': np.float64(5.0), 'mean_width_scaled': np.float64(0.2941415221351073), 'median_width_scaled': np.float64(0.2777777777777778)}

split_conformal_aps_ExtraTrees class metrics: {'class_coverage': array([0.9391771 , 0.8641115 , 0.88966725, 0.96073903, 0.82978723,
       0.35      , 0.99231614, 0.8128655 , 0.3125    , 0.57664234,
       0.61864407, 0.65384615, 0.83879093, 0.9749702 , 0.1875    ,
       0.95416667, 0.89795918, 0.2       ]), 'class_mean_width': array([5.27728086, 5.91289199, 5.45534151, 4.57505774, 6.87234043,
       7.175     , 4.72008782, 5.71345029, 7.4375    , 6.35766423,
       6.36440678, 4.48717949, 5.71788413, 4.87127533, 7.625     ,
       5.29166667, 7.44897959, 7.6       ]), 'class_median_width': array([5., 6., 5., 5., 7., 7., 5., 6., 7., 6., 6., 4., 6., 5., 8., 5., 7.,
       8.]), 'class_mean_width_scaled': array([0.29318227, 0.328494  , 0.30307453, 0.25416987, 0.38179669,
       0.39861111, 0.2622271 , 0.31741391, 0.41319444, 0.35320357,
       0.35357815, 0.24928775, 0.31766023, 0.27062641, 0.42361111,
       0.29398148, 0.4138322 , 0.42222222]), 'class_median_width_scaled': array([0.27777778, 0.33333333, 0.27777778, 0.27777778, 0.38888889,
       0.38888889, 0.27777778, 0.33333333, 0.38888889, 0.33333333,
       0.33333333, 0.22222222, 0.33333333, 0.27777778, 0.44444444,
       0.27777778, 0.38888889, 0.44444444])}

split_conformal_aps_ExtraTrees full class metrics: {'class_coverage': array([0.9391771 , 0.8641115 , 0.88966725, 0.96073903, 0.82978723,
       0.35      , 0.99231614, 0.8128655 , 0.3125    , 0.57664234,
       0.61864407, 0.65384615, 0.83879093, 0.9749702 , 0.1875    ,
       0.95416667, 0.89795918, 0.2       ]), 'class_mean_width': array([5.27728086, 5.91289199, 5.45534151, 4.57505774, 6.87234043,
       7.175     , 4.72008782, 5.71345029, 7.4375    , 6.35766423,
       6.36440678, 4.48717949, 5.71788413, 4.87127533, 7.625     ,
       5.29166667, 7.44897959, 7.6       ]), 'class_median_width': array([5., 6., 5., 5., 7., 7., 5., 6., 7., 6., 6., 4., 6., 5., 8., 5., 7.,
       8.]), 'class_mean_width_scaled': array([0.29318227, 0.328494  , 0.30307453, 0.25416987, 0.38179669,
       0.39861111, 0.2622271 , 0.31741391, 0.41319444, 0.35320357,
       0.35357815, 0.24928775, 0.31766023, 0.27062641, 0.42361111,
       0.29398148, 0.4138322 , 0.42222222]), 'class_median_width_scaled': array([0.27777778, 0.33333333, 0.27777778, 0.27777778, 0.38888889,
       0.38888889, 0.27777778, 0.33333333, 0.38888889, 0.33333333,
       0.33333333, 0.22222222, 0.33333333, 0.27777778, 0.44444444,
       0.27777778, 0.38888889, 0.44444444])}

Job completed at Thu Mar 20 05:03:10 PM PDT 2025
