Starting job at Wed Mar 19 06:19:14 PM PDT 2025
Job parameters:
Dataset: data_chess
UQ Method: split_conformal_aps
Estimator: ExtraTrees
Seed: 782
Train Size: 0.8
Running split_conformal_aps on data_chess with seed 782 and train size 0.8

starting experiment

data created

Fitting split_conformal_aps_ExtraTrees on data_chess with seed 782

split_conformal_aps_ExtraTrees metrics: {'coverage': np.float64(0.909479686386315), 'mean_width': np.float64(5.723806129722024), 'median_width': np.float64(6.0), 'mean_width_scaled': np.float64(0.3179892294290013), 'median_width_scaled': np.float64(0.3333333333333333)}

split_conformal_aps_ExtraTrees full metrics: {'coverage': np.float64(0.909479686386315), 'mean_width': np.float64(5.723806129722024), 'median_width': np.float64(6.0), 'mean_width_scaled': np.float64(0.3179892294290013), 'median_width_scaled': np.float64(0.3333333333333333)}

split_conformal_aps_ExtraTrees class metrics: {'class_coverage': array([0.90518784, 0.91289199, 0.91768827, 0.95381062, 0.75531915,
       0.8       , 0.9780461 , 0.83918129, 0.875     , 0.73722628,
       0.86440678, 0.65384615, 0.85390428, 0.94159714, 0.375     ,
       0.92638889, 0.93877551, 0.4       ]), 'class_mean_width': array([5.69230769, 6.30662021, 5.7145359 , 5.32332564, 6.92553191,
       6.75      , 5.33918771, 6.05263158, 8.375     , 6.09489051,
       6.40677966, 5.17948718, 5.84382872, 5.3659118 , 7.5       ,
       5.82361111, 8.14285714, 8.8       ]), 'class_median_width': array([6. , 6. , 6. , 5. , 7. , 7. , 5. , 6. , 8. , 6. , 6.5, 5. , 6. ,
       5. , 7.5, 6. , 8. , 9. ]), 'class_mean_width_scaled': array([0.31623932, 0.35036779, 0.31747422, 0.29574031, 0.38475177,
       0.375     , 0.29662154, 0.33625731, 0.46527778, 0.33860503,
       0.3559322 , 0.28774929, 0.32465715, 0.29810621, 0.41666667,
       0.32353395, 0.45238095, 0.48888889]), 'class_median_width_scaled': array([0.33333333, 0.33333333, 0.33333333, 0.27777778, 0.38888889,
       0.38888889, 0.27777778, 0.33333333, 0.44444444, 0.33333333,
       0.36111111, 0.27777778, 0.33333333, 0.27777778, 0.41666667,
       0.33333333, 0.44444444, 0.5       ])}

split_conformal_aps_ExtraTrees full class metrics: {'class_coverage': array([0.90518784, 0.91289199, 0.91768827, 0.95381062, 0.75531915,
       0.8       , 0.9780461 , 0.83918129, 0.875     , 0.73722628,
       0.86440678, 0.65384615, 0.85390428, 0.94159714, 0.375     ,
       0.92638889, 0.93877551, 0.4       ]), 'class_mean_width': array([5.69230769, 6.30662021, 5.7145359 , 5.32332564, 6.92553191,
       6.75      , 5.33918771, 6.05263158, 8.375     , 6.09489051,
       6.40677966, 5.17948718, 5.84382872, 5.3659118 , 7.5       ,
       5.82361111, 8.14285714, 8.8       ]), 'class_median_width': array([6. , 6. , 6. , 5. , 7. , 7. , 5. , 6. , 8. , 6. , 6.5, 5. , 6. ,
       5. , 7.5, 6. , 8. , 9. ]), 'class_mean_width_scaled': array([0.31623932, 0.35036779, 0.31747422, 0.29574031, 0.38475177,
       0.375     , 0.29662154, 0.33625731, 0.46527778, 0.33860503,
       0.3559322 , 0.28774929, 0.32465715, 0.29810621, 0.41666667,
       0.32353395, 0.45238095, 0.48888889]), 'class_median_width_scaled': array([0.33333333, 0.33333333, 0.33333333, 0.27777778, 0.38888889,
       0.38888889, 0.27777778, 0.33333333, 0.44444444, 0.33333333,
       0.36111111, 0.27777778, 0.33333333, 0.27777778, 0.41666667,
       0.33333333, 0.44444444, 0.5       ])}

Job completed at Wed Mar 19 06:19:19 PM PDT 2025
