Starting job at Thu Mar 20 05:03:09 PM PDT 2025
Job parameters:
Dataset: data_chess
UQ Method: split_conformal_aps
Estimator: ExtraTrees
Seed: 782
Train Size: 0.8
Running split_conformal_aps on data_chess with seed 782 and train size 0.8

starting experiment

data created

Fitting split_conformal_aps_ExtraTrees on data_chess with seed 782

split_conformal_aps_ExtraTrees metrics: {'coverage': np.float64(0.8996792587312901), 'mean_width': np.float64(5.204739843193157), 'median_width': np.float64(5.0), 'mean_width_scaled': np.float64(0.28915221351073095), 'median_width_scaled': np.float64(0.2777777777777778)}

split_conformal_aps_ExtraTrees full metrics: {'coverage': np.float64(0.8996792587312901), 'mean_width': np.float64(5.204739843193157), 'median_width': np.float64(5.0), 'mean_width_scaled': np.float64(0.28915221351073095), 'median_width_scaled': np.float64(0.2777777777777778)}

split_conformal_aps_ExtraTrees class metrics: {'class_coverage': array([0.89445438, 0.84320557, 0.93169877, 0.98845266, 0.63829787,
       0.575     , 0.98792536, 0.8245614 , 0.5       , 0.53284672,
       0.81355932, 0.52564103, 0.80604534, 0.97377831, 0.375     ,
       0.95      , 0.75510204, 0.        ]), 'class_mean_width': array([5.27906977, 5.87456446, 5.29772329, 4.49191686, 6.68085106,
       6.675     , 4.61031833, 5.56140351, 7.5625    , 5.93430657,
       6.1779661 , 4.76923077, 5.65491184, 4.77473182, 7.125     ,
       5.26666667, 7.69387755, 7.2       ]), 'class_median_width': array([5. , 6. , 5. , 4. , 7. , 7. , 4. , 6. , 7.5, 6. , 6. , 5. , 6. ,
       5. , 7. , 5. , 8. , 7. ]), 'class_mean_width_scaled': array([0.29328165, 0.32636469, 0.29431796, 0.24955094, 0.37115839,
       0.37083333, 0.2561288 , 0.30896686, 0.42013889, 0.3296837 ,
       0.34322034, 0.26495726, 0.31416177, 0.26526288, 0.39583333,
       0.29259259, 0.42743764, 0.4       ]), 'class_median_width_scaled': array([0.27777778, 0.33333333, 0.27777778, 0.22222222, 0.38888889,
       0.38888889, 0.22222222, 0.33333333, 0.41666667, 0.33333333,
       0.33333333, 0.27777778, 0.33333333, 0.27777778, 0.38888889,
       0.27777778, 0.44444444, 0.38888889])}

split_conformal_aps_ExtraTrees full class metrics: {'class_coverage': array([0.89445438, 0.84320557, 0.93169877, 0.98845266, 0.63829787,
       0.575     , 0.98792536, 0.8245614 , 0.5       , 0.53284672,
       0.81355932, 0.52564103, 0.80604534, 0.97377831, 0.375     ,
       0.95      , 0.75510204, 0.        ]), 'class_mean_width': array([5.27906977, 5.87456446, 5.29772329, 4.49191686, 6.68085106,
       6.675     , 4.61031833, 5.56140351, 7.5625    , 5.93430657,
       6.1779661 , 4.76923077, 5.65491184, 4.77473182, 7.125     ,
       5.26666667, 7.69387755, 7.2       ]), 'class_median_width': array([5. , 6. , 5. , 4. , 7. , 7. , 4. , 6. , 7.5, 6. , 6. , 5. , 6. ,
       5. , 7. , 5. , 8. , 7. ]), 'class_mean_width_scaled': array([0.29328165, 0.32636469, 0.29431796, 0.24955094, 0.37115839,
       0.37083333, 0.2561288 , 0.30896686, 0.42013889, 0.3296837 ,
       0.34322034, 0.26495726, 0.31416177, 0.26526288, 0.39583333,
       0.29259259, 0.42743764, 0.4       ]), 'class_median_width_scaled': array([0.27777778, 0.33333333, 0.27777778, 0.22222222, 0.38888889,
       0.38888889, 0.22222222, 0.33333333, 0.41666667, 0.33333333,
       0.33333333, 0.27777778, 0.33333333, 0.27777778, 0.38888889,
       0.27777778, 0.44444444, 0.38888889])}

Job completed at Thu Mar 20 05:03:12 PM PDT 2025
