Starting job at Thu Mar 20 05:03:20 PM PDT 2025
Job parameters:
Dataset: data_isolet
UQ Method: split_conformal_aps
Estimator: RandomForest
Seed: 781
Train Size: 0.8
Running split_conformal_aps on data_isolet with seed 781 and train size 0.8

starting experiment

data created

Fitting split_conformal_aps_RandomForest on data_isolet with seed 781

split_conformal_aps_RandomForest metrics: {'coverage': np.float64(0.975), 'mean_width': np.float64(3.508974358974359), 'median_width': np.float64(1.0), 'mean_width_scaled': np.float64(0.13496055226824458), 'median_width_scaled': np.float64(0.038461538461538464)}

split_conformal_aps_RandomForest full metrics: {'coverage': np.float64(0.975), 'mean_width': np.float64(3.508974358974359), 'median_width': np.float64(1.0), 'mean_width_scaled': np.float64(0.13496055226824458), 'median_width_scaled': np.float64(0.038461538461538464)}

split_conformal_aps_RandomForest class metrics: {'class_coverage': array([1.        , 1.        , 0.95      , 1.        , 1.        ,
       0.98333333, 1.        , 0.9       , 1.        , 0.98333333,
       0.98333333, 1.        , 0.98333333, 1.        , 0.93333333,
       0.96666667, 0.95      , 1.        , 0.98333333, 0.95      ,
       0.95      , 0.96666667, 0.95      , 0.91666667, 1.        ,
       1.        ]), 'class_mean_width': array([3.28333333, 2.25      , 2.21666667, 3.88333333, 2.1       ,
       2.48333333, 3.55      , 2.96666667, 2.98333333, 5.7       ,
       7.4       , 1.93333333, 2.06666667, 3.03333333, 2.3       ,
       2.96666667, 4.61666667, 4.18333333, 4.76666667, 4.55      ,
       2.26666667, 2.3       , 3.33333333, 1.9       , 8.31666667,
       3.88333333]), 'class_median_width': array([1., 2., 2., 1., 2., 2., 1., 2., 1., 1., 1., 2., 2., 1., 2., 3., 1.,
       1., 1., 1., 2., 2., 1., 2., 1., 1.]), 'class_mean_width_scaled': array([0.12628205, 0.08653846, 0.08525641, 0.14935897, 0.08076923,
       0.09551282, 0.13653846, 0.11410256, 0.11474359, 0.21923077,
       0.28461538, 0.07435897, 0.07948718, 0.11666667, 0.08846154,
       0.11410256, 0.1775641 , 0.16089744, 0.18333333, 0.175     ,
       0.08717949, 0.08846154, 0.12820513, 0.07307692, 0.31987179,
       0.14935897]), 'class_median_width_scaled': array([0.03846154, 0.07692308, 0.07692308, 0.03846154, 0.07692308,
       0.07692308, 0.03846154, 0.07692308, 0.03846154, 0.03846154,
       0.03846154, 0.07692308, 0.07692308, 0.03846154, 0.07692308,
       0.11538462, 0.03846154, 0.03846154, 0.03846154, 0.03846154,
       0.07692308, 0.07692308, 0.03846154, 0.07692308, 0.03846154,
       0.03846154])}

split_conformal_aps_RandomForest full class metrics: {'class_coverage': array([1.        , 1.        , 0.95      , 1.        , 1.        ,
       0.98333333, 1.        , 0.9       , 1.        , 0.98333333,
       0.98333333, 1.        , 0.98333333, 1.        , 0.93333333,
       0.96666667, 0.95      , 1.        , 0.98333333, 0.95      ,
       0.95      , 0.96666667, 0.95      , 0.91666667, 1.        ,
       1.        ]), 'class_mean_width': array([3.28333333, 2.25      , 2.21666667, 3.88333333, 2.1       ,
       2.48333333, 3.55      , 2.96666667, 2.98333333, 5.7       ,
       7.4       , 1.93333333, 2.06666667, 3.03333333, 2.3       ,
       2.96666667, 4.61666667, 4.18333333, 4.76666667, 4.55      ,
       2.26666667, 2.3       , 3.33333333, 1.9       , 8.31666667,
       3.88333333]), 'class_median_width': array([1., 2., 2., 1., 2., 2., 1., 2., 1., 1., 1., 2., 2., 1., 2., 3., 1.,
       1., 1., 1., 2., 2., 1., 2., 1., 1.]), 'class_mean_width_scaled': array([0.12628205, 0.08653846, 0.08525641, 0.14935897, 0.08076923,
       0.09551282, 0.13653846, 0.11410256, 0.11474359, 0.21923077,
       0.28461538, 0.07435897, 0.07948718, 0.11666667, 0.08846154,
       0.11410256, 0.1775641 , 0.16089744, 0.18333333, 0.175     ,
       0.08717949, 0.08846154, 0.12820513, 0.07307692, 0.31987179,
       0.14935897]), 'class_median_width_scaled': array([0.03846154, 0.07692308, 0.07692308, 0.03846154, 0.07692308,
       0.07692308, 0.03846154, 0.07692308, 0.03846154, 0.03846154,
       0.03846154, 0.07692308, 0.07692308, 0.03846154, 0.07692308,
       0.11538462, 0.03846154, 0.03846154, 0.03846154, 0.03846154,
       0.07692308, 0.07692308, 0.03846154, 0.07692308, 0.03846154,
       0.03846154])}

Job completed at Thu Mar 20 05:03:29 PM PDT 2025
