Starting job at Thu Mar 20 05:03:21 PM PDT 2025
Job parameters:
Dataset: data_isolet
UQ Method: split_conformal_aps
Estimator: RandomForest
Seed: 782
Train Size: 0.8
Running split_conformal_aps on data_isolet with seed 782 and train size 0.8

starting experiment

data created

Fitting split_conformal_aps_RandomForest on data_isolet with seed 782

split_conformal_aps_RandomForest metrics: {'coverage': np.float64(0.9871794871794872), 'mean_width': np.float64(3.5730769230769233), 'median_width': np.float64(1.0), 'mean_width_scaled': np.float64(0.1374260355029586), 'median_width_scaled': np.float64(0.038461538461538464)}

split_conformal_aps_RandomForest full metrics: {'coverage': np.float64(0.9871794871794872), 'mean_width': np.float64(3.5730769230769233), 'median_width': np.float64(1.0), 'mean_width_scaled': np.float64(0.1374260355029586), 'median_width_scaled': np.float64(0.038461538461538464)}

split_conformal_aps_RandomForest class metrics: {'class_coverage': array([0.98333333, 1.        , 1.        , 0.98333333, 0.96666667,
       1.        , 1.        , 0.93333333, 1.        , 1.        ,
       0.96666667, 0.98333333, 0.96666667, 1.        , 1.        ,
       1.        , 1.        , 1.        , 0.98333333, 0.98333333,
       0.96666667, 0.98333333, 0.98333333, 0.98333333, 1.        ,
       1.        ]), 'class_mean_width': array([3.16666667, 1.8       , 2.95      , 2.13333333, 2.26666667,
       2.55      , 4.33333333, 2.7       , 4.05      , 5.23333333,
       4.4       , 2.36666667, 3.28333333, 5.28333333, 2.78333333,
       3.65      , 6.65      , 3.86666667, 5.1       , 4.15      ,
       3.11666667, 2.6       , 3.01666667, 2.03333333, 3.96666667,
       5.45      ]), 'class_median_width': array([1. , 2. , 1. , 1. , 2. , 2. , 1. , 2.5, 1. , 1. , 1. , 2. , 2. ,
       1. , 3. , 4. , 1. , 1. , 1. , 1. , 2. , 2. , 1. , 2. , 1. , 1. ]), 'class_mean_width_scaled': array([0.12179487, 0.06923077, 0.11346154, 0.08205128, 0.08717949,
       0.09807692, 0.16666667, 0.10384615, 0.15576923, 0.20128205,
       0.16923077, 0.09102564, 0.12628205, 0.20320513, 0.10705128,
       0.14038462, 0.25576923, 0.14871795, 0.19615385, 0.15961538,
       0.11987179, 0.1       , 0.11602564, 0.07820513, 0.1525641 ,
       0.20961538]), 'class_median_width_scaled': array([0.03846154, 0.07692308, 0.03846154, 0.03846154, 0.07692308,
       0.07692308, 0.03846154, 0.09615385, 0.03846154, 0.03846154,
       0.03846154, 0.07692308, 0.07692308, 0.03846154, 0.11538462,
       0.15384615, 0.03846154, 0.03846154, 0.03846154, 0.03846154,
       0.07692308, 0.07692308, 0.03846154, 0.07692308, 0.03846154,
       0.03846154])}

split_conformal_aps_RandomForest full class metrics: {'class_coverage': array([0.98333333, 1.        , 1.        , 0.98333333, 0.96666667,
       1.        , 1.        , 0.93333333, 1.        , 1.        ,
       0.96666667, 0.98333333, 0.96666667, 1.        , 1.        ,
       1.        , 1.        , 1.        , 0.98333333, 0.98333333,
       0.96666667, 0.98333333, 0.98333333, 0.98333333, 1.        ,
       1.        ]), 'class_mean_width': array([3.16666667, 1.8       , 2.95      , 2.13333333, 2.26666667,
       2.55      , 4.33333333, 2.7       , 4.05      , 5.23333333,
       4.4       , 2.36666667, 3.28333333, 5.28333333, 2.78333333,
       3.65      , 6.65      , 3.86666667, 5.1       , 4.15      ,
       3.11666667, 2.6       , 3.01666667, 2.03333333, 3.96666667,
       5.45      ]), 'class_median_width': array([1. , 2. , 1. , 1. , 2. , 2. , 1. , 2.5, 1. , 1. , 1. , 2. , 2. ,
       1. , 3. , 4. , 1. , 1. , 1. , 1. , 2. , 2. , 1. , 2. , 1. , 1. ]), 'class_mean_width_scaled': array([0.12179487, 0.06923077, 0.11346154, 0.08205128, 0.08717949,
       0.09807692, 0.16666667, 0.10384615, 0.15576923, 0.20128205,
       0.16923077, 0.09102564, 0.12628205, 0.20320513, 0.10705128,
       0.14038462, 0.25576923, 0.14871795, 0.19615385, 0.15961538,
       0.11987179, 0.1       , 0.11602564, 0.07820513, 0.1525641 ,
       0.20961538]), 'class_median_width_scaled': array([0.03846154, 0.07692308, 0.03846154, 0.03846154, 0.07692308,
       0.07692308, 0.03846154, 0.09615385, 0.03846154, 0.03846154,
       0.03846154, 0.07692308, 0.07692308, 0.03846154, 0.11538462,
       0.15384615, 0.03846154, 0.03846154, 0.03846154, 0.03846154,
       0.07692308, 0.07692308, 0.03846154, 0.07692308, 0.03846154,
       0.03846154])}

Job completed at Thu Mar 20 05:03:30 PM PDT 2025
