Starting job at Thu Mar 20 05:03:37 PM PDT 2025
Job parameters:
Dataset: data_cover_type
UQ Method: split_conformal_raps
Estimator: RandomForest
Seed: 784
Train Size: 0.8
Running split_conformal_raps on data_cover_type with seed 784 and train size 0.8

starting experiment

data created

Fitting split_conformal_raps_RandomForest on data_cover_type with seed 784

split_conformal_raps_RandomForest metrics: {'coverage': np.float64(0.909), 'mean_width': np.float64(10.777), 'median_width': np.float64(10.0), 'mean_width_scaled': np.float64(0.10776999999999999), 'median_width_scaled': np.float64(0.1)}

split_conformal_raps_RandomForest full metrics: {'coverage': np.float64(0.909), 'mean_width': np.float64(10.777), 'median_width': np.float64(10.0), 'mean_width_scaled': np.float64(0.10776999999999999), 'median_width_scaled': np.float64(0.1)}

split_conformal_raps_RandomForest class metrics: {'class_coverage': array([0.85, 0.85, 0.85, 1.  , 1.  , 0.85, 1.  , 0.9 , 0.8 , 0.85, 0.9 ,
       1.  , 1.  , 0.9 , 0.8 , 0.95, 0.85, 1.  , 0.9 , 0.95, 1.  , 0.75,
       0.95, 1.  , 1.  , 1.  , 1.  , 0.8 , 0.85, 1.  , 1.  , 1.  , 0.8 ,
       1.  , 1.  , 0.6 , 0.85, 0.8 , 0.65, 1.  , 1.  , 0.85, 0.6 , 1.  ,
       1.  , 1.  , 1.  , 1.  , 0.9 , 1.  , 0.7 , 1.  , 1.  , 0.95, 0.85,
       0.8 , 0.65, 0.85, 0.9 , 0.95, 0.8 , 0.85, 1.  , 0.95, 0.9 , 0.85,
       1.  , 1.  , 0.8 , 0.5 , 0.95, 1.  , 1.  , 0.95, 0.85, 0.95, 1.  ,
       0.85, 1.  , 0.85, 0.85, 0.95, 0.75, 0.95, 0.95, 0.85, 0.9 , 1.  ,
       0.9 , 0.85, 0.95, 1.  , 0.8 , 1.  , 1.  , 1.  , 0.95, 0.95, 1.  ,
       1.  ]), 'class_mean_width': array([11.1 , 11.8 , 10.45, 10.2 , 11.05, 10.45, 10.5 , 11.7 , 11.5 ,
       11.3 , 10.8 , 10.  , 10.05, 11.7 , 11.6 , 10.9 , 10.85, 10.35,
       10.3 , 10.5 , 10.  , 11.4 , 10.5 , 10.2 , 11.25, 10.55, 10.  ,
       10.8 , 11.1 , 10.15, 10.  , 10.8 , 10.6 , 10.8 , 11.35, 11.15,
       11.1 , 11.75, 11.45, 10.9 , 10.55, 11.3 , 11.05, 10.1 , 10.1 ,
       11.4 , 10.45, 10.25, 10.5 , 11.1 , 10.9 , 10.2 , 10.65, 11.5 ,
       11.15, 10.9 , 10.7 , 10.75, 10.45, 10.3 , 11.75, 11.85, 11.  ,
       10.4 , 12.  , 11.8 , 11.6 , 10.75, 11.65, 11.6 , 11.5 , 10.9 ,
       10.1 , 11.35, 10.6 , 10.4 , 10.1 , 10.65, 10.5 , 10.8 , 11.1 ,
       10.25, 11.2 , 10.5 , 10.3 , 10.  , 10.3 , 10.65, 10.45, 11.4 ,
       11.2 , 10.7 , 10.7 , 10.15, 10.  , 10.  , 10.15, 10.1 , 10.  ,
       10.  ]), 'class_median_width': array([12. , 12. , 10. , 10. , 11.5, 10. , 10. , 12. , 12. , 12. , 10. ,
       10. , 10. , 12. , 12. , 10. , 10. , 10. , 10. , 10. , 10. , 12. ,
       10. , 10. , 12. , 10. , 10. , 10. , 12. , 10. , 10. , 10. , 10. ,
       10. , 12. , 12. , 12. , 12. , 12. , 10. , 10. , 12. , 11.5, 10. ,
       10. , 12. , 10. , 10. , 10. , 12. , 11. , 10. , 10. , 12. , 12. ,
       10.5, 10. , 10. , 10. , 10. , 12. , 12. , 11. , 10. , 12. , 12. ,
       12. , 10. , 12. , 12. , 12. , 10. , 10. , 12. , 10. , 10. , 10. ,
       10. , 10. , 10. , 11.5, 10. , 12. , 10. , 10. , 10. , 10. , 10. ,
       10. , 12. , 12. , 10. , 10. , 10. , 10. , 10. , 10. , 10. , 10. ,
       10. ]), 'class_mean_width_scaled': array([0.111 , 0.118 , 0.1045, 0.102 , 0.1105, 0.1045, 0.105 , 0.117 ,
       0.115 , 0.113 , 0.108 , 0.1   , 0.1005, 0.117 , 0.116 , 0.109 ,
       0.1085, 0.1035, 0.103 , 0.105 , 0.1   , 0.114 , 0.105 , 0.102 ,
       0.1125, 0.1055, 0.1   , 0.108 , 0.111 , 0.1015, 0.1   , 0.108 ,
       0.106 , 0.108 , 0.1135, 0.1115, 0.111 , 0.1175, 0.1145, 0.109 ,
       0.1055, 0.113 , 0.1105, 0.101 , 0.101 , 0.114 , 0.1045, 0.1025,
       0.105 , 0.111 , 0.109 , 0.102 , 0.1065, 0.115 , 0.1115, 0.109 ,
       0.107 , 0.1075, 0.1045, 0.103 , 0.1175, 0.1185, 0.11  , 0.104 ,
       0.12  , 0.118 , 0.116 , 0.1075, 0.1165, 0.116 , 0.115 , 0.109 ,
       0.101 , 0.1135, 0.106 , 0.104 , 0.101 , 0.1065, 0.105 , 0.108 ,
       0.111 , 0.1025, 0.112 , 0.105 , 0.103 , 0.1   , 0.103 , 0.1065,
       0.1045, 0.114 , 0.112 , 0.107 , 0.107 , 0.1015, 0.1   , 0.1   ,
       0.1015, 0.101 , 0.1   , 0.1   ]), 'class_median_width_scaled': array([0.12 , 0.12 , 0.1  , 0.1  , 0.115, 0.1  , 0.1  , 0.12 , 0.12 ,
       0.12 , 0.1  , 0.1  , 0.1  , 0.12 , 0.12 , 0.1  , 0.1  , 0.1  ,
       0.1  , 0.1  , 0.1  , 0.12 , 0.1  , 0.1  , 0.12 , 0.1  , 0.1  ,
       0.1  , 0.12 , 0.1  , 0.1  , 0.1  , 0.1  , 0.1  , 0.12 , 0.12 ,
       0.12 , 0.12 , 0.12 , 0.1  , 0.1  , 0.12 , 0.115, 0.1  , 0.1  ,
       0.12 , 0.1  , 0.1  , 0.1  , 0.12 , 0.11 , 0.1  , 0.1  , 0.12 ,
       0.12 , 0.105, 0.1  , 0.1  , 0.1  , 0.1  , 0.12 , 0.12 , 0.11 ,
       0.1  , 0.12 , 0.12 , 0.12 , 0.1  , 0.12 , 0.12 , 0.12 , 0.1  ,
       0.1  , 0.12 , 0.1  , 0.1  , 0.1  , 0.1  , 0.1  , 0.1  , 0.115,
       0.1  , 0.12 , 0.1  , 0.1  , 0.1  , 0.1  , 0.1  , 0.1  , 0.12 ,
       0.12 , 0.1  , 0.1  , 0.1  , 0.1  , 0.1  , 0.1  , 0.1  , 0.1  ,
       0.1  ])}

split_conformal_raps_RandomForest full class metrics: {'class_coverage': array([0.85, 0.85, 0.85, 1.  , 1.  , 0.85, 1.  , 0.9 , 0.8 , 0.85, 0.9 ,
       1.  , 1.  , 0.9 , 0.8 , 0.95, 0.85, 1.  , 0.9 , 0.95, 1.  , 0.75,
       0.95, 1.  , 1.  , 1.  , 1.  , 0.8 , 0.85, 1.  , 1.  , 1.  , 0.8 ,
       1.  , 1.  , 0.6 , 0.85, 0.8 , 0.65, 1.  , 1.  , 0.85, 0.6 , 1.  ,
       1.  , 1.  , 1.  , 1.  , 0.9 , 1.  , 0.7 , 1.  , 1.  , 0.95, 0.85,
       0.8 , 0.65, 0.85, 0.9 , 0.95, 0.8 , 0.85, 1.  , 0.95, 0.9 , 0.85,
       1.  , 1.  , 0.8 , 0.5 , 0.95, 1.  , 1.  , 0.95, 0.85, 0.95, 1.  ,
       0.85, 1.  , 0.85, 0.85, 0.95, 0.75, 0.95, 0.95, 0.85, 0.9 , 1.  ,
       0.9 , 0.85, 0.95, 1.  , 0.8 , 1.  , 1.  , 1.  , 0.95, 0.95, 1.  ,
       1.  ]), 'class_mean_width': array([11.1 , 11.8 , 10.45, 10.2 , 11.05, 10.45, 10.5 , 11.7 , 11.5 ,
       11.3 , 10.8 , 10.  , 10.05, 11.7 , 11.6 , 10.9 , 10.85, 10.35,
       10.3 , 10.5 , 10.  , 11.4 , 10.5 , 10.2 , 11.25, 10.55, 10.  ,
       10.8 , 11.1 , 10.15, 10.  , 10.8 , 10.6 , 10.8 , 11.35, 11.15,
       11.1 , 11.75, 11.45, 10.9 , 10.55, 11.3 , 11.05, 10.1 , 10.1 ,
       11.4 , 10.45, 10.25, 10.5 , 11.1 , 10.9 , 10.2 , 10.65, 11.5 ,
       11.15, 10.9 , 10.7 , 10.75, 10.45, 10.3 , 11.75, 11.85, 11.  ,
       10.4 , 12.  , 11.8 , 11.6 , 10.75, 11.65, 11.6 , 11.5 , 10.9 ,
       10.1 , 11.35, 10.6 , 10.4 , 10.1 , 10.65, 10.5 , 10.8 , 11.1 ,
       10.25, 11.2 , 10.5 , 10.3 , 10.  , 10.3 , 10.65, 10.45, 11.4 ,
       11.2 , 10.7 , 10.7 , 10.15, 10.  , 10.  , 10.15, 10.1 , 10.  ,
       10.  ]), 'class_median_width': array([12. , 12. , 10. , 10. , 11.5, 10. , 10. , 12. , 12. , 12. , 10. ,
       10. , 10. , 12. , 12. , 10. , 10. , 10. , 10. , 10. , 10. , 12. ,
       10. , 10. , 12. , 10. , 10. , 10. , 12. , 10. , 10. , 10. , 10. ,
       10. , 12. , 12. , 12. , 12. , 12. , 10. , 10. , 12. , 11.5, 10. ,
       10. , 12. , 10. , 10. , 10. , 12. , 11. , 10. , 10. , 12. , 12. ,
       10.5, 10. , 10. , 10. , 10. , 12. , 12. , 11. , 10. , 12. , 12. ,
       12. , 10. , 12. , 12. , 12. , 10. , 10. , 12. , 10. , 10. , 10. ,
       10. , 10. , 10. , 11.5, 10. , 12. , 10. , 10. , 10. , 10. , 10. ,
       10. , 12. , 12. , 10. , 10. , 10. , 10. , 10. , 10. , 10. , 10. ,
       10. ]), 'class_mean_width_scaled': array([0.111 , 0.118 , 0.1045, 0.102 , 0.1105, 0.1045, 0.105 , 0.117 ,
       0.115 , 0.113 , 0.108 , 0.1   , 0.1005, 0.117 , 0.116 , 0.109 ,
       0.1085, 0.1035, 0.103 , 0.105 , 0.1   , 0.114 , 0.105 , 0.102 ,
       0.1125, 0.1055, 0.1   , 0.108 , 0.111 , 0.1015, 0.1   , 0.108 ,
       0.106 , 0.108 , 0.1135, 0.1115, 0.111 , 0.1175, 0.1145, 0.109 ,
       0.1055, 0.113 , 0.1105, 0.101 , 0.101 , 0.114 , 0.1045, 0.1025,
       0.105 , 0.111 , 0.109 , 0.102 , 0.1065, 0.115 , 0.1115, 0.109 ,
       0.107 , 0.1075, 0.1045, 0.103 , 0.1175, 0.1185, 0.11  , 0.104 ,
       0.12  , 0.118 , 0.116 , 0.1075, 0.1165, 0.116 , 0.115 , 0.109 ,
       0.101 , 0.1135, 0.106 , 0.104 , 0.101 , 0.1065, 0.105 , 0.108 ,
       0.111 , 0.1025, 0.112 , 0.105 , 0.103 , 0.1   , 0.103 , 0.1065,
       0.1045, 0.114 , 0.112 , 0.107 , 0.107 , 0.1015, 0.1   , 0.1   ,
       0.1015, 0.101 , 0.1   , 0.1   ]), 'class_median_width_scaled': array([0.12 , 0.12 , 0.1  , 0.1  , 0.115, 0.1  , 0.1  , 0.12 , 0.12 ,
       0.12 , 0.1  , 0.1  , 0.1  , 0.12 , 0.12 , 0.1  , 0.1  , 0.1  ,
       0.1  , 0.1  , 0.1  , 0.12 , 0.1  , 0.1  , 0.12 , 0.1  , 0.1  ,
       0.1  , 0.12 , 0.1  , 0.1  , 0.1  , 0.1  , 0.1  , 0.12 , 0.12 ,
       0.12 , 0.12 , 0.12 , 0.1  , 0.1  , 0.12 , 0.115, 0.1  , 0.1  ,
       0.12 , 0.1  , 0.1  , 0.1  , 0.12 , 0.11 , 0.1  , 0.1  , 0.12 ,
       0.12 , 0.105, 0.1  , 0.1  , 0.1  , 0.1  , 0.12 , 0.12 , 0.11 ,
       0.1  , 0.12 , 0.12 , 0.12 , 0.1  , 0.12 , 0.12 , 0.12 , 0.1  ,
       0.1  , 0.12 , 0.1  , 0.1  , 0.1  , 0.1  , 0.1  , 0.1  , 0.115,
       0.1  , 0.12 , 0.1  , 0.1  , 0.1  , 0.1  , 0.1  , 0.1  , 0.12 ,
       0.12 , 0.1  , 0.1  , 0.1  , 0.1  , 0.1  , 0.1  , 0.1  , 0.1  ,
       0.1  ])}

Job completed at Thu Mar 20 05:03:40 PM PDT 2025
