Starting job at Wed Mar 19 06:22:21 PM PDT 2025
Job parameters:
Dataset: data_cover_type
UQ Method: split_conformal_raps
Estimator: RandomForest
Seed: 779
Train Size: 0.8
Running split_conformal_raps on data_cover_type with seed 779 and train size 0.8

starting experiment

data created

Fitting split_conformal_raps_RandomForest on data_cover_type with seed 779

split_conformal_raps_RandomForest metrics: {'coverage': np.float64(0.9175), 'mean_width': np.float64(15.049), 'median_width': np.float64(15.0), 'mean_width_scaled': np.float64(0.15048999999999998), 'median_width_scaled': np.float64(0.15)}

split_conformal_raps_RandomForest full metrics: {'coverage': np.float64(0.9175), 'mean_width': np.float64(15.049), 'median_width': np.float64(15.0), 'mean_width_scaled': np.float64(0.15048999999999998), 'median_width_scaled': np.float64(0.15)}

split_conformal_raps_RandomForest class metrics: {'class_coverage': array([0.95, 0.8 , 0.9 , 0.95, 1.  , 0.8 , 1.  , 0.65, 0.9 , 0.9 , 0.85,
       1.  , 0.95, 0.95, 0.9 , 0.8 , 0.95, 1.  , 0.95, 0.95, 1.  , 1.  ,
       0.8 , 1.  , 1.  , 0.95, 1.  , 1.  , 0.75, 0.95, 1.  , 0.8 , 0.85,
       1.  , 1.  , 0.8 , 0.85, 0.8 , 0.45, 0.9 , 1.  , 0.95, 0.8 , 1.  ,
       1.  , 1.  , 1.  , 1.  , 1.  , 0.9 , 1.  , 1.  , 1.  , 0.95, 0.95,
       0.9 , 0.6 , 1.  , 0.95, 1.  , 0.8 , 0.7 , 1.  , 1.  , 0.85, 0.8 ,
       1.  , 1.  , 0.8 , 0.85, 0.95, 0.95, 0.9 , 0.95, 0.95, 0.95, 1.  ,
       0.7 , 1.  , 0.85, 0.85, 1.  , 0.9 , 0.95, 1.  , 0.95, 0.9 , 0.9 ,
       0.9 , 0.9 , 0.8 , 0.95, 0.9 , 1.  , 0.9 , 1.  , 1.  , 0.9 , 1.  ,
       1.  ]), 'class_mean_width': array([16.05, 16.  , 15.5 , 13.45, 17.1 , 14.4 , 16.2 , 15.35, 15.4 ,
       17.3 , 15.8 , 14.65, 14.45, 15.5 , 16.25, 14.9 , 14.  , 14.1 ,
       13.2 , 14.1 , 16.2 , 16.75, 15.1 , 11.65, 17.35, 14.9 ,  8.55,
       14.8 , 15.45, 13.75, 14.2 , 14.9 , 14.4 , 16.25, 17.15, 15.15,
       13.85, 15.3 , 14.85, 16.7 , 12.5 , 15.9 , 16.25,  6.55, 12.8 ,
       16.25, 17.85, 12.2 , 13.4 , 16.85, 15.65, 11.2 , 14.8 , 16.7 ,
       14.75, 12.6 , 15.1 , 15.05, 15.4 , 12.6 , 16.15, 16.1 , 15.65,
       15.2 , 16.25, 16.  , 18.85, 14.95, 16.65, 16.85, 16.45, 14.95,
       10.85, 16.6 , 13.45, 15.75, 14.5 , 15.75, 13.8 , 16.3 , 14.55,
       15.9 , 15.7 , 17.15, 13.9 , 14.2 , 15.3 , 16.25, 13.85, 19.2 ,
       15.55, 15.85, 16.75, 14.15, 12.2 , 16.05, 15.65, 14.75, 16.8 ,
       14.75]), 'class_median_width': array([15.5, 16. , 15. , 14. , 16. , 14. , 16. , 14. , 15. , 15. , 14.5,
       15. , 14. , 15. , 15. , 15.5, 12. , 13. , 14. , 15. , 16. , 16.5,
       15. , 12. , 17. , 14. ,  9. , 14. , 15. , 14. , 13. , 15. , 14. ,
       16. , 16. , 14.5, 14. , 14.5, 14. , 16. , 14. , 14. , 16. ,  6.5,
       13. , 15.5, 17.5, 13. , 14.5, 16.5, 16. , 11.5, 14.5, 16. , 14. ,
       12. , 15. , 15. , 14.5, 14. , 15. , 16. , 16.5, 16. , 15. , 16. ,
       19. , 14. , 16. , 17. , 16. , 14. , 10. , 15.5, 14. , 15. , 14.5,
       15. , 14.5, 15. , 14. , 15.5, 14. , 16. , 14. , 15. , 15. , 16. ,
       13. , 19. , 15.5, 15. , 15.5, 14. , 14. , 16. , 15. , 14.5, 16. ,
       14.5]), 'class_mean_width_scaled': array([0.1605, 0.16  , 0.155 , 0.1345, 0.171 , 0.144 , 0.162 , 0.1535,
       0.154 , 0.173 , 0.158 , 0.1465, 0.1445, 0.155 , 0.1625, 0.149 ,
       0.14  , 0.141 , 0.132 , 0.141 , 0.162 , 0.1675, 0.151 , 0.1165,
       0.1735, 0.149 , 0.0855, 0.148 , 0.1545, 0.1375, 0.142 , 0.149 ,
       0.144 , 0.1625, 0.1715, 0.1515, 0.1385, 0.153 , 0.1485, 0.167 ,
       0.125 , 0.159 , 0.1625, 0.0655, 0.128 , 0.1625, 0.1785, 0.122 ,
       0.134 , 0.1685, 0.1565, 0.112 , 0.148 , 0.167 , 0.1475, 0.126 ,
       0.151 , 0.1505, 0.154 , 0.126 , 0.1615, 0.161 , 0.1565, 0.152 ,
       0.1625, 0.16  , 0.1885, 0.1495, 0.1665, 0.1685, 0.1645, 0.1495,
       0.1085, 0.166 , 0.1345, 0.1575, 0.145 , 0.1575, 0.138 , 0.163 ,
       0.1455, 0.159 , 0.157 , 0.1715, 0.139 , 0.142 , 0.153 , 0.1625,
       0.1385, 0.192 , 0.1555, 0.1585, 0.1675, 0.1415, 0.122 , 0.1605,
       0.1565, 0.1475, 0.168 , 0.1475]), 'class_median_width_scaled': array([0.155, 0.16 , 0.15 , 0.14 , 0.16 , 0.14 , 0.16 , 0.14 , 0.15 ,
       0.15 , 0.145, 0.15 , 0.14 , 0.15 , 0.15 , 0.155, 0.12 , 0.13 ,
       0.14 , 0.15 , 0.16 , 0.165, 0.15 , 0.12 , 0.17 , 0.14 , 0.09 ,
       0.14 , 0.15 , 0.14 , 0.13 , 0.15 , 0.14 , 0.16 , 0.16 , 0.145,
       0.14 , 0.145, 0.14 , 0.16 , 0.14 , 0.14 , 0.16 , 0.065, 0.13 ,
       0.155, 0.175, 0.13 , 0.145, 0.165, 0.16 , 0.115, 0.145, 0.16 ,
       0.14 , 0.12 , 0.15 , 0.15 , 0.145, 0.14 , 0.15 , 0.16 , 0.165,
       0.16 , 0.15 , 0.16 , 0.19 , 0.14 , 0.16 , 0.17 , 0.16 , 0.14 ,
       0.1  , 0.155, 0.14 , 0.15 , 0.145, 0.15 , 0.145, 0.15 , 0.14 ,
       0.155, 0.14 , 0.16 , 0.14 , 0.15 , 0.15 , 0.16 , 0.13 , 0.19 ,
       0.155, 0.15 , 0.155, 0.14 , 0.14 , 0.16 , 0.15 , 0.145, 0.16 ,
       0.145])}

split_conformal_raps_RandomForest full class metrics: {'class_coverage': array([0.95, 0.8 , 0.9 , 0.95, 1.  , 0.8 , 1.  , 0.65, 0.9 , 0.9 , 0.85,
       1.  , 0.95, 0.95, 0.9 , 0.8 , 0.95, 1.  , 0.95, 0.95, 1.  , 1.  ,
       0.8 , 1.  , 1.  , 0.95, 1.  , 1.  , 0.75, 0.95, 1.  , 0.8 , 0.85,
       1.  , 1.  , 0.8 , 0.85, 0.8 , 0.45, 0.9 , 1.  , 0.95, 0.8 , 1.  ,
       1.  , 1.  , 1.  , 1.  , 1.  , 0.9 , 1.  , 1.  , 1.  , 0.95, 0.95,
       0.9 , 0.6 , 1.  , 0.95, 1.  , 0.8 , 0.7 , 1.  , 1.  , 0.85, 0.8 ,
       1.  , 1.  , 0.8 , 0.85, 0.95, 0.95, 0.9 , 0.95, 0.95, 0.95, 1.  ,
       0.7 , 1.  , 0.85, 0.85, 1.  , 0.9 , 0.95, 1.  , 0.95, 0.9 , 0.9 ,
       0.9 , 0.9 , 0.8 , 0.95, 0.9 , 1.  , 0.9 , 1.  , 1.  , 0.9 , 1.  ,
       1.  ]), 'class_mean_width': array([16.05, 16.  , 15.5 , 13.45, 17.1 , 14.4 , 16.2 , 15.35, 15.4 ,
       17.3 , 15.8 , 14.65, 14.45, 15.5 , 16.25, 14.9 , 14.  , 14.1 ,
       13.2 , 14.1 , 16.2 , 16.75, 15.1 , 11.65, 17.35, 14.9 ,  8.55,
       14.8 , 15.45, 13.75, 14.2 , 14.9 , 14.4 , 16.25, 17.15, 15.15,
       13.85, 15.3 , 14.85, 16.7 , 12.5 , 15.9 , 16.25,  6.55, 12.8 ,
       16.25, 17.85, 12.2 , 13.4 , 16.85, 15.65, 11.2 , 14.8 , 16.7 ,
       14.75, 12.6 , 15.1 , 15.05, 15.4 , 12.6 , 16.15, 16.1 , 15.65,
       15.2 , 16.25, 16.  , 18.85, 14.95, 16.65, 16.85, 16.45, 14.95,
       10.85, 16.6 , 13.45, 15.75, 14.5 , 15.75, 13.8 , 16.3 , 14.55,
       15.9 , 15.7 , 17.15, 13.9 , 14.2 , 15.3 , 16.25, 13.85, 19.2 ,
       15.55, 15.85, 16.75, 14.15, 12.2 , 16.05, 15.65, 14.75, 16.8 ,
       14.75]), 'class_median_width': array([15.5, 16. , 15. , 14. , 16. , 14. , 16. , 14. , 15. , 15. , 14.5,
       15. , 14. , 15. , 15. , 15.5, 12. , 13. , 14. , 15. , 16. , 16.5,
       15. , 12. , 17. , 14. ,  9. , 14. , 15. , 14. , 13. , 15. , 14. ,
       16. , 16. , 14.5, 14. , 14.5, 14. , 16. , 14. , 14. , 16. ,  6.5,
       13. , 15.5, 17.5, 13. , 14.5, 16.5, 16. , 11.5, 14.5, 16. , 14. ,
       12. , 15. , 15. , 14.5, 14. , 15. , 16. , 16.5, 16. , 15. , 16. ,
       19. , 14. , 16. , 17. , 16. , 14. , 10. , 15.5, 14. , 15. , 14.5,
       15. , 14.5, 15. , 14. , 15.5, 14. , 16. , 14. , 15. , 15. , 16. ,
       13. , 19. , 15.5, 15. , 15.5, 14. , 14. , 16. , 15. , 14.5, 16. ,
       14.5]), 'class_mean_width_scaled': array([0.1605, 0.16  , 0.155 , 0.1345, 0.171 , 0.144 , 0.162 , 0.1535,
       0.154 , 0.173 , 0.158 , 0.1465, 0.1445, 0.155 , 0.1625, 0.149 ,
       0.14  , 0.141 , 0.132 , 0.141 , 0.162 , 0.1675, 0.151 , 0.1165,
       0.1735, 0.149 , 0.0855, 0.148 , 0.1545, 0.1375, 0.142 , 0.149 ,
       0.144 , 0.1625, 0.1715, 0.1515, 0.1385, 0.153 , 0.1485, 0.167 ,
       0.125 , 0.159 , 0.1625, 0.0655, 0.128 , 0.1625, 0.1785, 0.122 ,
       0.134 , 0.1685, 0.1565, 0.112 , 0.148 , 0.167 , 0.1475, 0.126 ,
       0.151 , 0.1505, 0.154 , 0.126 , 0.1615, 0.161 , 0.1565, 0.152 ,
       0.1625, 0.16  , 0.1885, 0.1495, 0.1665, 0.1685, 0.1645, 0.1495,
       0.1085, 0.166 , 0.1345, 0.1575, 0.145 , 0.1575, 0.138 , 0.163 ,
       0.1455, 0.159 , 0.157 , 0.1715, 0.139 , 0.142 , 0.153 , 0.1625,
       0.1385, 0.192 , 0.1555, 0.1585, 0.1675, 0.1415, 0.122 , 0.1605,
       0.1565, 0.1475, 0.168 , 0.1475]), 'class_median_width_scaled': array([0.155, 0.16 , 0.15 , 0.14 , 0.16 , 0.14 , 0.16 , 0.14 , 0.15 ,
       0.15 , 0.145, 0.15 , 0.14 , 0.15 , 0.15 , 0.155, 0.12 , 0.13 ,
       0.14 , 0.15 , 0.16 , 0.165, 0.15 , 0.12 , 0.17 , 0.14 , 0.09 ,
       0.14 , 0.15 , 0.14 , 0.13 , 0.15 , 0.14 , 0.16 , 0.16 , 0.145,
       0.14 , 0.145, 0.14 , 0.16 , 0.14 , 0.14 , 0.16 , 0.065, 0.13 ,
       0.155, 0.175, 0.13 , 0.145, 0.165, 0.16 , 0.115, 0.145, 0.16 ,
       0.14 , 0.12 , 0.15 , 0.15 , 0.145, 0.14 , 0.15 , 0.16 , 0.165,
       0.16 , 0.15 , 0.16 , 0.19 , 0.14 , 0.16 , 0.17 , 0.16 , 0.14 ,
       0.1  , 0.155, 0.14 , 0.15 , 0.145, 0.15 , 0.145, 0.15 , 0.14 ,
       0.155, 0.14 , 0.16 , 0.14 , 0.15 , 0.15 , 0.16 , 0.13 , 0.19 ,
       0.155, 0.15 , 0.155, 0.14 , 0.14 , 0.16 , 0.15 , 0.145, 0.16 ,
       0.145])}

Job completed at Wed Mar 19 06:22:24 PM PDT 2025
