Starting job at Wed Mar 19 06:22:28 PM PDT 2025
Job parameters:
Dataset: data_cover_type
UQ Method: split_conformal_raps
Estimator: RandomForest
Seed: 782
Train Size: 0.8
Running split_conformal_raps on data_cover_type with seed 782 and train size 0.8

starting experiment

data created

Fitting split_conformal_raps_RandomForest on data_cover_type with seed 782

split_conformal_raps_RandomForest metrics: {'coverage': np.float64(0.9205), 'mean_width': np.float64(14.9165), 'median_width': np.float64(15.0), 'mean_width_scaled': np.float64(0.149165), 'median_width_scaled': np.float64(0.15)}

split_conformal_raps_RandomForest full metrics: {'coverage': np.float64(0.9205), 'mean_width': np.float64(14.9165), 'median_width': np.float64(15.0), 'mean_width_scaled': np.float64(0.149165), 'median_width_scaled': np.float64(0.15)}

split_conformal_raps_RandomForest class metrics: {'class_coverage': array([0.95, 0.7 , 0.75, 0.95, 0.75, 0.75, 1.  , 0.8 , 0.85, 0.8 , 1.  ,
       1.  , 0.95, 0.95, 0.85, 0.9 , 1.  , 1.  , 1.  , 0.95, 1.  , 1.  ,
       0.9 , 1.  , 0.95, 1.  , 1.  , 0.85, 1.  , 1.  , 1.  , 0.8 , 0.85,
       1.  , 1.  , 0.8 , 0.85, 0.75, 0.6 , 0.95, 1.  , 0.9 , 0.75, 1.  ,
       1.  , 0.95, 1.  , 1.  , 0.95, 0.95, 0.85, 0.85, 1.  , 0.9 , 0.95,
       1.  , 0.75, 1.  , 0.9 , 1.  , 0.8 , 0.65, 1.  , 1.  , 0.9 , 0.9 ,
       0.95, 1.  , 0.8 , 0.8 , 1.  , 0.95, 1.  , 1.  , 1.  , 0.9 , 1.  ,
       0.85, 1.  , 0.85, 1.  , 0.9 , 0.9 , 0.95, 0.95, 1.  , 0.9 , 1.  ,
       0.8 , 0.95, 0.8 , 0.95, 0.95, 1.  , 0.9 , 1.  , 0.85, 1.  , 1.  ,
       1.  ]), 'class_mean_width': array([15.9 , 17.4 , 14.4 ,  9.05, 16.3 , 17.05, 14.75, 18.7 , 18.25,
       17.35, 17.  , 11.95, 13.35, 18.95, 17.55, 17.95, 15.5 , 12.45,
       13.  , 13.55, 13.95, 19.65, 12.  ,  7.85, 18.1 , 17.25,  5.5 ,
       16.15, 15.1 , 10.75, 10.3 , 16.05, 16.05, 17.5 , 16.8 , 16.7 ,
       12.55, 18.75, 16.85, 16.2 , 14.3 , 17.35, 18.4 ,  6.  , 10.45,
       16.35, 18.65, 13.95, 10.5 , 14.45, 16.1 , 10.8 , 14.25, 16.25,
       16.4 , 15.75, 15.05, 16.8 , 16.5 , 11.95, 19.  , 16.45, 17.  ,
       13.4 , 16.8 , 17.45, 17.85, 13.05, 17.3 , 16.6 , 18.45, 12.85,
       12.1 , 18.1 , 10.25, 12.75, 11.4 , 14.45, 13.7 , 15.2 , 17.9 ,
       11.4 , 16.85, 17.75, 16.15, 10.4 , 15.15, 16.85, 14.65, 18.4 ,
       15.95, 14.8 , 16.25, 12.2 , 10.55, 15.25, 14.8 , 13.95, 14.5 ,
        9.05]), 'class_median_width': array([15.5, 17.5, 13. ,  9. , 15.5, 17. , 16. , 17.5, 18. , 17. , 16. ,
       12. , 12.5, 18. , 16. , 17.5, 16. , 13. , 13. , 14. , 15. , 19.5,
       10.5,  6. , 18.5, 17. ,  3. , 17. , 15. , 10. ,  9. , 15.5, 16. ,
       18. , 16. , 16. , 13. , 18. , 16. , 16. , 15. , 16. , 18.5,  2.5,
       12.5, 16.5, 17.5, 14.5,  5.5, 14. , 13.5,  9.5, 15. , 15. , 15.5,
       15.5, 15. , 16. , 18. , 11. , 18. , 16. , 17. , 15. , 16.5, 18. ,
       18. , 12.5, 16.5, 16.5, 18. , 13. , 13.5, 17.5, 10. , 13. , 10.5,
       13. , 14. , 15. , 16.5, 11.5, 16.5, 19. , 16. ,  8.5, 15.5, 17. ,
       14. , 18.5, 16. , 15.5, 15. , 12. ,  9. , 16. , 15. , 13. , 15.5,
        9. ]), 'class_mean_width_scaled': array([0.159 , 0.174 , 0.144 , 0.0905, 0.163 , 0.1705, 0.1475, 0.187 ,
       0.1825, 0.1735, 0.17  , 0.1195, 0.1335, 0.1895, 0.1755, 0.1795,
       0.155 , 0.1245, 0.13  , 0.1355, 0.1395, 0.1965, 0.12  , 0.0785,
       0.181 , 0.1725, 0.055 , 0.1615, 0.151 , 0.1075, 0.103 , 0.1605,
       0.1605, 0.175 , 0.168 , 0.167 , 0.1255, 0.1875, 0.1685, 0.162 ,
       0.143 , 0.1735, 0.184 , 0.06  , 0.1045, 0.1635, 0.1865, 0.1395,
       0.105 , 0.1445, 0.161 , 0.108 , 0.1425, 0.1625, 0.164 , 0.1575,
       0.1505, 0.168 , 0.165 , 0.1195, 0.19  , 0.1645, 0.17  , 0.134 ,
       0.168 , 0.1745, 0.1785, 0.1305, 0.173 , 0.166 , 0.1845, 0.1285,
       0.121 , 0.181 , 0.1025, 0.1275, 0.114 , 0.1445, 0.137 , 0.152 ,
       0.179 , 0.114 , 0.1685, 0.1775, 0.1615, 0.104 , 0.1515, 0.1685,
       0.1465, 0.184 , 0.1595, 0.148 , 0.1625, 0.122 , 0.1055, 0.1525,
       0.148 , 0.1395, 0.145 , 0.0905]), 'class_median_width_scaled': array([0.155, 0.175, 0.13 , 0.09 , 0.155, 0.17 , 0.16 , 0.175, 0.18 ,
       0.17 , 0.16 , 0.12 , 0.125, 0.18 , 0.16 , 0.175, 0.16 , 0.13 ,
       0.13 , 0.14 , 0.15 , 0.195, 0.105, 0.06 , 0.185, 0.17 , 0.03 ,
       0.17 , 0.15 , 0.1  , 0.09 , 0.155, 0.16 , 0.18 , 0.16 , 0.16 ,
       0.13 , 0.18 , 0.16 , 0.16 , 0.15 , 0.16 , 0.185, 0.025, 0.125,
       0.165, 0.175, 0.145, 0.055, 0.14 , 0.135, 0.095, 0.15 , 0.15 ,
       0.155, 0.155, 0.15 , 0.16 , 0.18 , 0.11 , 0.18 , 0.16 , 0.17 ,
       0.15 , 0.165, 0.18 , 0.18 , 0.125, 0.165, 0.165, 0.18 , 0.13 ,
       0.135, 0.175, 0.1  , 0.13 , 0.105, 0.13 , 0.14 , 0.15 , 0.165,
       0.115, 0.165, 0.19 , 0.16 , 0.085, 0.155, 0.17 , 0.14 , 0.185,
       0.16 , 0.155, 0.15 , 0.12 , 0.09 , 0.16 , 0.15 , 0.13 , 0.155,
       0.09 ])}

split_conformal_raps_RandomForest full class metrics: {'class_coverage': array([0.95, 0.7 , 0.75, 0.95, 0.75, 0.75, 1.  , 0.8 , 0.85, 0.8 , 1.  ,
       1.  , 0.95, 0.95, 0.85, 0.9 , 1.  , 1.  , 1.  , 0.95, 1.  , 1.  ,
       0.9 , 1.  , 0.95, 1.  , 1.  , 0.85, 1.  , 1.  , 1.  , 0.8 , 0.85,
       1.  , 1.  , 0.8 , 0.85, 0.75, 0.6 , 0.95, 1.  , 0.9 , 0.75, 1.  ,
       1.  , 0.95, 1.  , 1.  , 0.95, 0.95, 0.85, 0.85, 1.  , 0.9 , 0.95,
       1.  , 0.75, 1.  , 0.9 , 1.  , 0.8 , 0.65, 1.  , 1.  , 0.9 , 0.9 ,
       0.95, 1.  , 0.8 , 0.8 , 1.  , 0.95, 1.  , 1.  , 1.  , 0.9 , 1.  ,
       0.85, 1.  , 0.85, 1.  , 0.9 , 0.9 , 0.95, 0.95, 1.  , 0.9 , 1.  ,
       0.8 , 0.95, 0.8 , 0.95, 0.95, 1.  , 0.9 , 1.  , 0.85, 1.  , 1.  ,
       1.  ]), 'class_mean_width': array([15.9 , 17.4 , 14.4 ,  9.05, 16.3 , 17.05, 14.75, 18.7 , 18.25,
       17.35, 17.  , 11.95, 13.35, 18.95, 17.55, 17.95, 15.5 , 12.45,
       13.  , 13.55, 13.95, 19.65, 12.  ,  7.85, 18.1 , 17.25,  5.5 ,
       16.15, 15.1 , 10.75, 10.3 , 16.05, 16.05, 17.5 , 16.8 , 16.7 ,
       12.55, 18.75, 16.85, 16.2 , 14.3 , 17.35, 18.4 ,  6.  , 10.45,
       16.35, 18.65, 13.95, 10.5 , 14.45, 16.1 , 10.8 , 14.25, 16.25,
       16.4 , 15.75, 15.05, 16.8 , 16.5 , 11.95, 19.  , 16.45, 17.  ,
       13.4 , 16.8 , 17.45, 17.85, 13.05, 17.3 , 16.6 , 18.45, 12.85,
       12.1 , 18.1 , 10.25, 12.75, 11.4 , 14.45, 13.7 , 15.2 , 17.9 ,
       11.4 , 16.85, 17.75, 16.15, 10.4 , 15.15, 16.85, 14.65, 18.4 ,
       15.95, 14.8 , 16.25, 12.2 , 10.55, 15.25, 14.8 , 13.95, 14.5 ,
        9.05]), 'class_median_width': array([15.5, 17.5, 13. ,  9. , 15.5, 17. , 16. , 17.5, 18. , 17. , 16. ,
       12. , 12.5, 18. , 16. , 17.5, 16. , 13. , 13. , 14. , 15. , 19.5,
       10.5,  6. , 18.5, 17. ,  3. , 17. , 15. , 10. ,  9. , 15.5, 16. ,
       18. , 16. , 16. , 13. , 18. , 16. , 16. , 15. , 16. , 18.5,  2.5,
       12.5, 16.5, 17.5, 14.5,  5.5, 14. , 13.5,  9.5, 15. , 15. , 15.5,
       15.5, 15. , 16. , 18. , 11. , 18. , 16. , 17. , 15. , 16.5, 18. ,
       18. , 12.5, 16.5, 16.5, 18. , 13. , 13.5, 17.5, 10. , 13. , 10.5,
       13. , 14. , 15. , 16.5, 11.5, 16.5, 19. , 16. ,  8.5, 15.5, 17. ,
       14. , 18.5, 16. , 15.5, 15. , 12. ,  9. , 16. , 15. , 13. , 15.5,
        9. ]), 'class_mean_width_scaled': array([0.159 , 0.174 , 0.144 , 0.0905, 0.163 , 0.1705, 0.1475, 0.187 ,
       0.1825, 0.1735, 0.17  , 0.1195, 0.1335, 0.1895, 0.1755, 0.1795,
       0.155 , 0.1245, 0.13  , 0.1355, 0.1395, 0.1965, 0.12  , 0.0785,
       0.181 , 0.1725, 0.055 , 0.1615, 0.151 , 0.1075, 0.103 , 0.1605,
       0.1605, 0.175 , 0.168 , 0.167 , 0.1255, 0.1875, 0.1685, 0.162 ,
       0.143 , 0.1735, 0.184 , 0.06  , 0.1045, 0.1635, 0.1865, 0.1395,
       0.105 , 0.1445, 0.161 , 0.108 , 0.1425, 0.1625, 0.164 , 0.1575,
       0.1505, 0.168 , 0.165 , 0.1195, 0.19  , 0.1645, 0.17  , 0.134 ,
       0.168 , 0.1745, 0.1785, 0.1305, 0.173 , 0.166 , 0.1845, 0.1285,
       0.121 , 0.181 , 0.1025, 0.1275, 0.114 , 0.1445, 0.137 , 0.152 ,
       0.179 , 0.114 , 0.1685, 0.1775, 0.1615, 0.104 , 0.1515, 0.1685,
       0.1465, 0.184 , 0.1595, 0.148 , 0.1625, 0.122 , 0.1055, 0.1525,
       0.148 , 0.1395, 0.145 , 0.0905]), 'class_median_width_scaled': array([0.155, 0.175, 0.13 , 0.09 , 0.155, 0.17 , 0.16 , 0.175, 0.18 ,
       0.17 , 0.16 , 0.12 , 0.125, 0.18 , 0.16 , 0.175, 0.16 , 0.13 ,
       0.13 , 0.14 , 0.15 , 0.195, 0.105, 0.06 , 0.185, 0.17 , 0.03 ,
       0.17 , 0.15 , 0.1  , 0.09 , 0.155, 0.16 , 0.18 , 0.16 , 0.16 ,
       0.13 , 0.18 , 0.16 , 0.16 , 0.15 , 0.16 , 0.185, 0.025, 0.125,
       0.165, 0.175, 0.145, 0.055, 0.14 , 0.135, 0.095, 0.15 , 0.15 ,
       0.155, 0.155, 0.15 , 0.16 , 0.18 , 0.11 , 0.18 , 0.16 , 0.17 ,
       0.15 , 0.165, 0.18 , 0.18 , 0.125, 0.165, 0.165, 0.18 , 0.13 ,
       0.135, 0.175, 0.1  , 0.13 , 0.105, 0.13 , 0.14 , 0.15 , 0.165,
       0.115, 0.165, 0.19 , 0.16 , 0.085, 0.155, 0.17 , 0.14 , 0.185,
       0.16 , 0.155, 0.15 , 0.12 , 0.09 , 0.16 , 0.15 , 0.13 , 0.155,
       0.09 ])}

Job completed at Wed Mar 19 06:22:31 PM PDT 2025
