Starting job at Thu Mar 20 05:03:15 PM PDT 2025
Job parameters:
Dataset: data_dionis
UQ Method: split_conformal_aps
Estimator: LogisticRegression
Seed: 784
Train Size: 0.8
Running split_conformal_aps on data_dionis with seed 784 and train size 0.8

starting experiment

data created

Fitting split_conformal_aps_LogisticRegression on data_dionis with seed 784

split_conformal_aps_LogisticRegression metrics: {'coverage': np.float64(0.9085), 'mean_width': np.float64(305.847), 'median_width': np.float64(349.0), 'mean_width_scaled': np.float64(0.8615408450704225), 'median_width_scaled': np.float64(0.9830985915492958)}

split_conformal_aps_LogisticRegression full metrics: {'coverage': np.float64(0.9085), 'mean_width': np.float64(305.847), 'median_width': np.float64(349.0), 'mean_width_scaled': np.float64(0.8615408450704225), 'median_width_scaled': np.float64(0.9830985915492958)}

split_conformal_aps_LogisticRegression class metrics: {'class_coverage': array([0.92857143, 0.9375    , 0.93333333, 0.9       , 0.89285714,
       0.4       , 0.94444444, 0.6       , 0.93333333, 0.94444444,
       1.        , 1.        , 1.        , 0.86666667, 1.        ,
       0.95      , 1.        , 1.        , 1.        , 0.66666667,
       0.6       , 0.75      , 1.        , 0.89473684, 1.        ,
       0.94444444, 1.        , 1.        , 1.        , 1.        ,
       1.        , 1.        , 1.        , 1.        , 1.        ,
       0.6875    , 0.92857143, 1.        , 1.        , 1.        ,
       1.        , 1.        , 1.        , 1.        , 1.        ,
       0.93333333, 0.94444444, 1.        , 1.        , 0.9       ,
       1.        , 1.        , 0.64705882, 1.        , 0.94736842,
       0.66666667, 1.        , 0.93333333, 1.        , 0.93333333,
       0.82352941, 1.        , 0.78947368, 0.92857143, 1.        ,
       1.        , 1.        , 0.94117647, 0.89473684, 0.64285714,
       0.92857143, 0.95238095, 0.75      , 1.        , 1.        ,
       0.8       , 1.        , 0.94736842, 0.86666667, 1.        ,
       0.84210526, 1.        , 0.64705882, 0.94117647, 1.        ,
       1.        , 0.73684211, 1.        , 1.        , 1.        ,
       0.93333333, 0.5       , 1.        , 1.        , 0.5625    ,
       0.78947368, 1.        , 1.        , 0.84615385, 0.94736842,
       0.9375    , 1.        , 1.        , 0.875     , 1.        ,
       1.        , 0.93333333, 0.8125    , 1.        , 0.84210526,
       0.93333333, 0.8       , 0.57142857, 0.93333333, 0.4       ,
       0.75      , 0.85714286, 1.        , 1.        , 1.        ,
       1.        , 0.8125    , 0.8       , 1.        , 0.375     ,
       1.        , 1.        , 0.88235294, 1.        , 1.        ,
       0.8       , 1.        , 1.        , 0.78571429, 0.93333333,
       1.        , 1.        , 0.94444444, 0.66666667, 1.        ,
       1.        , 0.86666667, 0.73333333, 0.73333333, 1.        ,
       0.89473684, 0.8       , 1.        , 1.        , 1.        ,
       0.83333333, 1.        , 0.64705882, 1.        , 0.76470588,
       1.        , 1.        , 0.95238095, 1.        , 1.        ,
       0.8125    , 1.        , 1.        , 1.        , 1.        ,
       0.89473684, 0.8       , 1.        , 0.86666667, 0.66666667,
       0.94117647, 0.875     , 1.        , 0.53333333, 1.        ,
       0.86666667, 0.13333333, 1.        , 1.        , 1.        ,
       0.75      , 1.        , 0.9375    , 0.93333333, 1.        ,
       0.86666667, 1.        , 0.875     , 1.        , 1.        ,
       1.        , 1.        , 1.        , 1.        , 0.95      ,
       1.        , 1.        , 1.        , 1.        , 0.38888889,
       0.93333333, 0.93333333, 0.875     , 0.3125    , 0.9047619 ,
       1.        , 0.90909091, 0.73333333, 1.        , 1.        ,
       1.        , 1.        , 1.        , 1.        , 1.        ,
       0.84210526, 1.        , 1.        , 0.875     , 0.9047619 ,
       1.        , 0.5       , 1.        , 0.4375    , 0.61538462,
       1.        , 0.93333333, 1.        , 0.93333333, 1.        ,
       1.        , 1.        , 0.92857143, 0.94117647, 0.82352941,
       0.86666667, 1.        , 0.8125    , 1.        , 0.93333333,
       1.        , 0.95454545, 0.94444444, 1.        , 0.82142857,
       0.8125    , 1.        , 0.8125    , 0.9375    , 1.        ,
       1.        , 1.        , 1.        , 0.77777778, 0.8       ,
       1.        , 0.94444444, 0.94736842, 1.        , 0.9       ,
       0.95      , 1.        , 1.        , 1.        , 1.        ,
       0.9375    , 1.        , 1.        , 0.88888889, 1.        ,
       1.        , 1.        , 0.93333333, 0.86666667, 0.85714286,
       0.25      , 0.83333333, 0.875     , 0.92307692, 1.        ,
       1.        , 1.        , 0.53333333, 1.        , 1.        ,
       0.61764706, 1.        , 1.        , 0.86956522, 0.9375    ,
       1.        , 1.        , 1.        , 0.875     , 1.        ,
       1.        , 1.        , 1.        , 1.        , 0.66666667,
       1.        , 1.        , 0.66666667, 0.92857143, 0.73333333,
       0.93333333, 0.9375    , 1.        , 0.93333333, 1.        ,
       0.94444444, 0.93333333, 1.        , 0.95652174, 1.        ,
       0.5       , 1.        , 0.64285714, 1.        , 1.        ,
       1.        , 0.9375    , 1.        , 0.4375    , 1.        ,
       1.        , 0.6       , 0.9375    , 0.93333333, 1.        ,
       0.73333333, 0.72222222, 0.9375    , 1.        , 1.        ,
       0.95454545, 0.84615385, 1.        , 1.        , 1.        ,
       0.91304348, 0.6875    , 1.        , 0.875     , 1.        ,
       0.66666667, 1.        , 0.93333333, 0.86666667, 0.92307692,
       0.78571429, 1.        , 1.        , 0.73684211, 1.        ]), 'class_mean_width': array([299.21428571, 309.0625    , 331.2       , 302.6       ,
       308.39285714, 246.73333333, 323.11111111, 178.93333333,
       320.6       , 332.11111111, 343.94444444, 349.26666667,
       352.22222222, 303.2       , 351.        , 316.35      ,
       352.1       , 350.21052632, 349.92857143, 251.73333333,
       226.33333333, 251.125     , 350.4375    , 284.47368421,
       350.8125    , 267.27777778, 348.28571429, 350.2       ,
       347.        , 347.72222222, 312.94736842, 349.33333333,
       332.23529412, 349.33333333, 293.46666667, 152.4375    ,
       318.28571429, 350.4       , 272.85714286, 350.        ,
       308.5       , 350.9375    , 348.47058824, 345.46666667,
       352.46666667, 342.53333333, 324.44444444, 307.33333333,
       346.05263158, 277.3       , 340.4       , 349.82352941,
       262.58823529, 348.38888889, 299.47368421, 172.93333333,
       345.13333333, 322.6       , 350.64285714, 327.13333333,
       207.        , 326.0625    , 281.26315789, 324.78571429,
       351.53333333, 341.35294118, 337.17647059, 331.11764706,
       294.68421053, 257.64285714, 315.64285714, 322.52380952,
       274.5       , 334.66666667, 338.06666667, 195.93333333,
       349.9375    , 274.78947368, 305.4       , 346.8125    ,
       294.84210526, 348.0952381 , 192.47058824, 328.82352941,
       349.8125    , 350.28571429, 183.05263158, 344.53333333,
       352.28571429, 345.625     , 328.4       , 187.75      ,
       349.41176471, 343.6       , 277.1875    , 115.47368421,
       341.05882353, 333.06666667, 315.96153846, 316.78947368,
       285.6875    , 322.6       , 331.        , 299.6875    ,
       347.70588235, 332.2       , 316.33333333, 263.625     ,
       348.84615385, 290.68421053, 332.2       , 299.4       ,
       177.07142857, 288.86666667, 257.86666667, 127.0625    ,
       281.64285714, 347.125     , 347.26666667, 344.86666667,
       287.        , 252.375     , 275.92      , 350.22222222,
        92.1875    , 339.94736842, 343.71428571, 299.35294118,
       343.3125    , 348.58823529, 261.85      , 349.92857143,
       345.53333333, 241.14285714, 315.6       , 352.06666667,
       350.06666667, 326.5       , 196.2       , 346.3125    ,
       349.6       , 321.26666667, 272.66666667, 260.6       ,
       351.04347826, 307.05263158, 224.06666667, 339.4       ,
       332.71428571, 349.        , 278.16666667, 338.83333333,
       163.70588235, 348.375     , 188.        , 350.        ,
       349.13636364, 322.19047619, 351.26666667, 347.2       ,
       300.75      , 351.57894737, 334.28571429, 340.93333333,
       348.66666667, 326.63157895, 254.06666667, 331.70588235,
       303.2       , 180.94444444, 309.58823529, 287.        ,
       348.91304348, 261.        , 349.6875    , 307.86666667,
       141.13333333, 344.5       , 339.4       , 338.33333333,
       178.        , 349.8125    , 305.        , 330.6       ,
       351.26666667, 281.8       , 352.1875    , 285.25      ,
       349.25      , 348.44444444, 349.88235294, 351.73333333,
       349.73333333, 343.8       , 230.6       , 343.52941176,
       343.05882353, 350.33333333, 349.66666667, 134.94444444,
       296.46666667, 297.        , 294.        , 171.75      ,
       195.66666667, 341.68421053, 310.54545455, 245.93333333,
       347.9047619 , 349.13333333, 346.5       , 344.5625    ,
       349.5       , 343.66666667, 349.4375    , 253.84210526,
       349.8125    , 336.93333333, 317.        , 325.95238095,
       348.11764706, 204.875     , 347.1875    , 162.5       ,
       212.69230769, 343.66666667, 303.73333333, 347.42857143,
       273.6       , 323.9375    , 338.52380952, 352.16666667,
       322.71428571, 252.76470588, 205.64705882, 238.06666667,
       346.875     , 229.9375    , 348.06666667, 339.26666667,
       349.        , 331.90909091, 295.77777778, 349.3       ,
       295.75      , 299.375     , 340.64285714, 202.3125    ,
       224.75      , 342.54545455, 351.0625    , 347.5       ,
       349.85714286, 190.61111111, 256.44      , 302.06666667,
       293.44444444, 294.89473684, 349.04761905, 282.4       ,
       333.6       , 347.6875    , 350.86666667, 352.46666667,
       349.13333333, 316.75      , 301.88235294, 351.4       ,
       288.7037037 , 344.85714286, 322.33333333, 350.05882353,
       279.26666667, 310.86666667, 270.33333333,  46.6875    ,
       276.        , 289.3125    , 311.92307692, 304.        ,
       351.6       , 351.45      , 294.46666667, 337.86956522,
       348.        , 181.52941176, 322.16666667, 348.4       ,
       268.30434783, 326.        , 347.33333333, 351.45      ,
       352.17391304, 305.1875    , 351.875     , 351.71428571,
       341.9375    , 349.83333333, 336.8125    , 221.13333333,
       351.14285714, 334.4       , 276.        , 313.5       ,
       252.2       , 325.66666667, 322.6875    , 335.93333333,
       134.8       , 350.5       , 290.27777778, 281.93333333,
       338.64285714, 327.7826087 , 340.5       , 153.59090909,
       347.        , 208.92857143, 340.78571429, 343.65      ,
       345.31578947, 329.        , 347.90909091, 131.375     ,
       344.28571429, 351.        , 242.53333333, 300.6875    ,
       325.46666667, 349.5       , 248.66666667, 189.27777778,
       321.5625    , 351.33333333, 323.35294118, 335.31818182,
       261.15384615, 349.8       , 332.94117647, 350.70588235,
       313.7826087 , 209.9375    , 348.46666667, 314.4375    ,
       334.6       , 240.83333333, 351.4375    , 324.53333333,
       340.2       , 325.38461538, 236.14285714, 341.05882353,
       351.52631579, 247.05263158, 337.22222222]), 'class_median_width': array([347.5, 347. , 353. , 327.5, 344. , 319. , 352. , 218. , 349. ,
       352. , 351. , 352. , 352. , 352. , 351. , 349. , 352. , 352. ,
       351. , 343. , 333. , 335. , 350. , 349. , 351.5, 307. , 350. ,
       351. , 349. , 351. , 346. , 349. , 350. , 350. , 338. , 179. ,
       345. , 351. , 307. , 351. , 346. , 351. , 352. , 347. , 353. ,
       347. , 352. , 329. , 353. , 339. , 347. , 351. , 347. , 352. ,
       348. , 100. , 351. , 349. , 352. , 351. , 236. , 350.5, 352. ,
       348. , 352. , 345. , 347. , 349. , 347. , 324. , 346. , 348. ,
       337. , 342. , 352. , 220. , 350. , 340. , 347. , 347.5, 341. ,
       350. , 262. , 350. , 350. , 350.5, 236. , 351. , 352. , 348. ,
       352. , 217. , 349. , 352. , 293. ,  58. , 349. , 348. , 344.5,
       343. , 333.5, 348. , 342. , 340. , 352. , 350. , 349. , 335. ,
       349. , 352. , 350. , 349. , 196.5, 345. , 344. ,  34.5, 342. ,
       348. , 348. , 352. , 310. , 346.5, 337. , 351. ,   9. , 347. ,
       351.5, 347. , 347.5, 350. , 329.5, 350.5, 345. , 331. , 351. ,
       352. , 351. , 352. , 194. , 352. , 351. , 353. , 331. , 335. ,
       351. , 350. , 293. , 351. , 351. , 349.5, 328.5, 347. , 132. ,
       349. , 214. , 350. , 349.5, 347. , 352. , 351. , 346.5, 352. ,
       351. , 352. , 349. , 352. , 335. , 352. , 352. , 194.5, 350. ,
       347. , 350. , 336. , 351. , 351. ,  22. , 347. , 346. , 344. ,
       208.5, 351. , 348.5, 352. , 352. , 350. , 352. , 328.5, 351. ,
       348. , 351. , 352. , 351. , 351. , 250. , 347. , 351. , 351. ,
       350. ,  39.5, 341. , 309. , 347. , 147. , 208. , 348. , 350.5,
       298. , 349. , 349. , 346. , 344.5, 349.5, 347. , 350.5, 316. ,
       350.5, 348. , 349. , 347. , 349. , 255.5, 350. , 148. , 347. ,
       350. , 320. , 350. , 326. , 346. , 350. , 352. , 352. , 306. ,
       227. , 339. , 351. , 347. , 352. , 352. , 349. , 348. , 327. ,
       352. , 338.5, 347.5, 345.5, 223.5, 348. , 350. , 352. , 349. ,
       350. , 216. , 334. , 343. , 338. , 338. , 349. , 330. , 351. ,
       351. , 351. , 353. , 352. , 339.5, 327. , 351. , 350. , 348. ,
       344. , 352. , 329. , 352. , 340. ,   4.5, 347.5, 349.5, 346. ,
       342. , 352. , 352. , 337. , 347. , 350. , 222.5, 350. , 352. ,
       338. , 350. , 348. , 352. , 352. , 352. , 352. , 352. , 348.5,
       350. , 337.5, 283. , 352. , 344. , 341. , 350. , 342. , 346. ,
       349. , 348. ,  92. , 350. , 332. , 351. , 349.5, 347. , 349.5,
        98. , 349. , 303.5, 352. , 348. , 351. , 352. , 348. ,  52. ,
       348. , 351. , 312. , 346. , 352. , 350. , 285. , 205. , 350. ,
       352. , 345. , 351. , 335.5, 352. , 343. , 351. , 351. , 257.5,
       351. , 343. , 344. , 280. , 351.5, 348. , 352. , 346. , 279. ,
       348. , 353. , 300. , 352. ]), 'class_mean_width_scaled': array([0.84285714, 0.87059859, 0.93295775, 0.85239437, 0.86871227,
       0.69502347, 0.91017214, 0.50403756, 0.90309859, 0.93552426,
       0.96885759, 0.98384977, 0.99217527, 0.85408451, 0.98873239,
       0.89112676, 0.99183099, 0.98650852, 0.98571429, 0.70910798,
       0.63755869, 0.70739437, 0.98714789, 0.80133432, 0.98820423,
       0.75289515, 0.98108652, 0.98647887, 0.97746479, 0.97949922,
       0.88154188, 0.98403756, 0.93587407, 0.98403756, 0.82666667,
       0.42940141, 0.89657948, 0.98704225, 0.76861167, 0.98591549,
       0.86901408, 0.98855634, 0.98160729, 0.97314554, 0.99286385,
       0.96488263, 0.91392801, 0.8657277 , 0.97479615, 0.78112676,
       0.95887324, 0.98541839, 0.73968517, 0.98137715, 0.84358784,
       0.48713615, 0.97220657, 0.90873239, 0.98772636, 0.92150235,
       0.58309859, 0.91848592, 0.79229059, 0.91488934, 0.99023474,
       0.96155758, 0.94979287, 0.93272577, 0.83009637, 0.72575453,
       0.88913481, 0.90851777, 0.77323944, 0.942723  , 0.95230047,
       0.55192488, 0.98573944, 0.77405486, 0.86028169, 0.97693662,
       0.83054114, 0.98054997, 0.54217067, 0.92626346, 0.98538732,
       0.98672032, 0.51564122, 0.97051643, 0.99235412, 0.97359155,
       0.92507042, 0.52887324, 0.98425849, 0.96788732, 0.78080986,
       0.32527798, 0.96072908, 0.93821596, 0.8900325 , 0.89236471,
       0.80475352, 0.90873239, 0.93239437, 0.84419014, 0.97945319,
       0.93577465, 0.89107981, 0.74260563, 0.98266522, 0.81882876,
       0.93577465, 0.84338028, 0.49879276, 0.81370892, 0.72638498,
       0.35792254, 0.79336016, 0.9778169 , 0.97821596, 0.9714554 ,
       0.8084507 , 0.71091549, 0.77723944, 0.98654147, 0.2596831 ,
       0.95759822, 0.96820926, 0.84324772, 0.96707746, 0.98193869,
       0.73760563, 0.98571429, 0.97333333, 0.67927565, 0.88901408,
       0.99173709, 0.98610329, 0.91971831, 0.55267606, 0.97552817,
       0.98478873, 0.90497653, 0.76807512, 0.73408451, 0.98885487,
       0.86493699, 0.63117371, 0.95605634, 0.93722334, 0.98309859,
       0.78356808, 0.95446009, 0.46114333, 0.98133803, 0.52957746,
       0.98591549, 0.98348271, 0.90757881, 0.98948357, 0.97802817,
       0.8471831 , 0.99036323, 0.9416499 , 0.96037559, 0.98215962,
       0.92008895, 0.71568075, 0.93438277, 0.85408451, 0.50970266,
       0.87207954, 0.8084507 , 0.98285364, 0.73521127, 0.98503521,
       0.86723005, 0.39755869, 0.97042254, 0.95605634, 0.95305164,
       0.50140845, 0.98538732, 0.85915493, 0.93126761, 0.98948357,
       0.79380282, 0.99207746, 0.80352113, 0.98380282, 0.98153365,
       0.98558409, 0.99079812, 0.98516432, 0.9684507 , 0.64957746,
       0.96768848, 0.96636288, 0.98685446, 0.98497653, 0.3801252 ,
       0.83511737, 0.83661972, 0.82816901, 0.48380282, 0.55117371,
       0.96249073, 0.87477593, 0.69276995, 0.98001341, 0.98347418,
       0.97605634, 0.97059859, 0.98450704, 0.96807512, 0.98433099,
       0.71504818, 0.98538732, 0.94910798, 0.89295775, 0.91817572,
       0.98061309, 0.57711268, 0.97799296, 0.45774648, 0.59913326,
       0.96807512, 0.85558685, 0.97867203, 0.77070423, 0.9125    ,
       0.9535882 , 0.99201878, 0.90905433, 0.71201326, 0.57928749,
       0.67061033, 0.97711268, 0.64771127, 0.98046948, 0.95568075,
       0.98309859, 0.93495519, 0.83317684, 0.98394366, 0.83309859,
       0.84330986, 0.95955734, 0.56989437, 0.63309859, 0.96491677,
       0.98890845, 0.97887324, 0.98551308, 0.53693271, 0.7223662 ,
       0.85089202, 0.82660407, 0.8306894 , 0.98323273, 0.79549296,
       0.93971831, 0.97940141, 0.98835681, 0.99286385, 0.98347418,
       0.89225352, 0.85037283, 0.98985915, 0.81324987, 0.97142857,
       0.90798122, 0.98608119, 0.78666667, 0.87568075, 0.76150235,
       0.13151408, 0.77746479, 0.81496479, 0.87865655, 0.85633803,
       0.99042254, 0.99      , 0.82948357, 0.95174525, 0.98028169,
       0.51135046, 0.90751174, 0.98140845, 0.7557869 , 0.91830986,
       0.97840376, 0.99      , 0.99203919, 0.8596831 , 0.99119718,
       0.99074447, 0.96320423, 0.98544601, 0.94876761, 0.6229108 ,
       0.98913481, 0.94197183, 0.77746479, 0.88309859, 0.71042254,
       0.91737089, 0.90897887, 0.94629108, 0.37971831, 0.98732394,
       0.81768388, 0.7941784 , 0.95392354, 0.92333129, 0.95915493,
       0.43265045, 0.97746479, 0.58853119, 0.95995976, 0.96802817,
       0.97272053, 0.92676056, 0.98002561, 0.37007042, 0.96981891,
       0.98873239, 0.68319249, 0.84700704, 0.91680751, 0.98450704,
       0.70046948, 0.53317684, 0.90580986, 0.98967136, 0.91085336,
       0.94455826, 0.73564464, 0.98535211, 0.93786247, 0.98790389,
       0.88389467, 0.59137324, 0.98159624, 0.88573944, 0.94253521,
       0.67840376, 0.98996479, 0.9141784 , 0.95830986, 0.91657638,
       0.66519115, 0.96072908, 0.99021497, 0.69592291, 0.94992175]), 'class_median_width_scaled': array([0.97887324, 0.97746479, 0.9943662 , 0.92253521, 0.96901408,
       0.89859155, 0.9915493 , 0.61408451, 0.98309859, 0.9915493 ,
       0.98873239, 0.9915493 , 0.9915493 , 0.9915493 , 0.98873239,
       0.98309859, 0.9915493 , 0.9915493 , 0.98873239, 0.96619718,
       0.93802817, 0.94366197, 0.98591549, 0.98309859, 0.99014085,
       0.86478873, 0.98591549, 0.98873239, 0.98309859, 0.98873239,
       0.97464789, 0.98309859, 0.98591549, 0.98591549, 0.95211268,
       0.50422535, 0.97183099, 0.98873239, 0.86478873, 0.98873239,
       0.97464789, 0.98873239, 0.9915493 , 0.97746479, 0.9943662 ,
       0.97746479, 0.9915493 , 0.92676056, 0.9943662 , 0.95492958,
       0.97746479, 0.98873239, 0.97746479, 0.9915493 , 0.98028169,
       0.28169014, 0.98873239, 0.98309859, 0.9915493 , 0.98873239,
       0.66478873, 0.98732394, 0.9915493 , 0.98028169, 0.9915493 ,
       0.97183099, 0.97746479, 0.98309859, 0.97746479, 0.91267606,
       0.97464789, 0.98028169, 0.94929577, 0.96338028, 0.9915493 ,
       0.61971831, 0.98591549, 0.95774648, 0.97746479, 0.97887324,
       0.96056338, 0.98591549, 0.73802817, 0.98591549, 0.98591549,
       0.98732394, 0.66478873, 0.98873239, 0.9915493 , 0.98028169,
       0.9915493 , 0.61126761, 0.98309859, 0.9915493 , 0.82535211,
       0.16338028, 0.98309859, 0.98028169, 0.97042254, 0.96619718,
       0.93943662, 0.98028169, 0.96338028, 0.95774648, 0.9915493 ,
       0.98591549, 0.98309859, 0.94366197, 0.98309859, 0.9915493 ,
       0.98591549, 0.98309859, 0.55352113, 0.97183099, 0.96901408,
       0.0971831 , 0.96338028, 0.98028169, 0.98028169, 0.9915493 ,
       0.87323944, 0.97605634, 0.94929577, 0.98873239, 0.02535211,
       0.97746479, 0.99014085, 0.97746479, 0.97887324, 0.98591549,
       0.92816901, 0.98732394, 0.97183099, 0.93239437, 0.98873239,
       0.9915493 , 0.98873239, 0.9915493 , 0.54647887, 0.9915493 ,
       0.98873239, 0.9943662 , 0.93239437, 0.94366197, 0.98873239,
       0.98591549, 0.82535211, 0.98873239, 0.98873239, 0.98450704,
       0.92535211, 0.97746479, 0.37183099, 0.98309859, 0.6028169 ,
       0.98591549, 0.98450704, 0.97746479, 0.9915493 , 0.98873239,
       0.97605634, 0.9915493 , 0.98873239, 0.9915493 , 0.98309859,
       0.9915493 , 0.94366197, 0.9915493 , 0.9915493 , 0.54788732,
       0.98591549, 0.97746479, 0.98591549, 0.94647887, 0.98873239,
       0.98873239, 0.06197183, 0.97746479, 0.97464789, 0.96901408,
       0.58732394, 0.98873239, 0.98169014, 0.9915493 , 0.9915493 ,
       0.98591549, 0.9915493 , 0.92535211, 0.98873239, 0.98028169,
       0.98873239, 0.9915493 , 0.98873239, 0.98873239, 0.70422535,
       0.97746479, 0.98873239, 0.98873239, 0.98591549, 0.11126761,
       0.96056338, 0.87042254, 0.97746479, 0.41408451, 0.58591549,
       0.98028169, 0.98732394, 0.83943662, 0.98309859, 0.98309859,
       0.97464789, 0.97042254, 0.98450704, 0.97746479, 0.98732394,
       0.89014085, 0.98732394, 0.98028169, 0.98309859, 0.97746479,
       0.98309859, 0.71971831, 0.98591549, 0.41690141, 0.97746479,
       0.98591549, 0.90140845, 0.98591549, 0.91830986, 0.97464789,
       0.98591549, 0.9915493 , 0.9915493 , 0.86197183, 0.63943662,
       0.95492958, 0.98873239, 0.97746479, 0.9915493 , 0.9915493 ,
       0.98309859, 0.98028169, 0.92112676, 0.9915493 , 0.95352113,
       0.97887324, 0.97323944, 0.62957746, 0.98028169, 0.98591549,
       0.9915493 , 0.98309859, 0.98591549, 0.6084507 , 0.94084507,
       0.96619718, 0.95211268, 0.95211268, 0.98309859, 0.92957746,
       0.98873239, 0.98873239, 0.98873239, 0.9943662 , 0.9915493 ,
       0.95633803, 0.92112676, 0.98873239, 0.98591549, 0.98028169,
       0.96901408, 0.9915493 , 0.92676056, 0.9915493 , 0.95774648,
       0.01267606, 0.97887324, 0.98450704, 0.97464789, 0.96338028,
       0.9915493 , 0.9915493 , 0.94929577, 0.97746479, 0.98591549,
       0.62676056, 0.98591549, 0.9915493 , 0.95211268, 0.98591549,
       0.98028169, 0.9915493 , 0.9915493 , 0.9915493 , 0.9915493 ,
       0.9915493 , 0.98169014, 0.98591549, 0.95070423, 0.7971831 ,
       0.9915493 , 0.96901408, 0.96056338, 0.98591549, 0.96338028,
       0.97464789, 0.98309859, 0.98028169, 0.25915493, 0.98591549,
       0.93521127, 0.98873239, 0.98450704, 0.97746479, 0.98450704,
       0.27605634, 0.98309859, 0.85492958, 0.9915493 , 0.98028169,
       0.98873239, 0.9915493 , 0.98028169, 0.14647887, 0.98028169,
       0.98873239, 0.87887324, 0.97464789, 0.9915493 , 0.98591549,
       0.8028169 , 0.57746479, 0.98591549, 0.9915493 , 0.97183099,
       0.98873239, 0.94507042, 0.9915493 , 0.96619718, 0.98873239,
       0.98873239, 0.72535211, 0.98873239, 0.96619718, 0.96901408,
       0.78873239, 0.99014085, 0.98028169, 0.9915493 , 0.97464789,
       0.78591549, 0.98028169, 0.9943662 , 0.84507042, 0.9915493 ])}

split_conformal_aps_LogisticRegression full class metrics: {'class_coverage': array([0.92857143, 0.9375    , 0.93333333, 0.9       , 0.89285714,
       0.4       , 0.94444444, 0.6       , 0.93333333, 0.94444444,
       1.        , 1.        , 1.        , 0.86666667, 1.        ,
       0.95      , 1.        , 1.        , 1.        , 0.66666667,
       0.6       , 0.75      , 1.        , 0.89473684, 1.        ,
       0.94444444, 1.        , 1.        , 1.        , 1.        ,
       1.        , 1.        , 1.        , 1.        , 1.        ,
       0.6875    , 0.92857143, 1.        , 1.        , 1.        ,
       1.        , 1.        , 1.        , 1.        , 1.        ,
       0.93333333, 0.94444444, 1.        , 1.        , 0.9       ,
       1.        , 1.        , 0.64705882, 1.        , 0.94736842,
       0.66666667, 1.        , 0.93333333, 1.        , 0.93333333,
       0.82352941, 1.        , 0.78947368, 0.92857143, 1.        ,
       1.        , 1.        , 0.94117647, 0.89473684, 0.64285714,
       0.92857143, 0.95238095, 0.75      , 1.        , 1.        ,
       0.8       , 1.        , 0.94736842, 0.86666667, 1.        ,
       0.84210526, 1.        , 0.64705882, 0.94117647, 1.        ,
       1.        , 0.73684211, 1.        , 1.        , 1.        ,
       0.93333333, 0.5       , 1.        , 1.        , 0.5625    ,
       0.78947368, 1.        , 1.        , 0.84615385, 0.94736842,
       0.9375    , 1.        , 1.        , 0.875     , 1.        ,
       1.        , 0.93333333, 0.8125    , 1.        , 0.84210526,
       0.93333333, 0.8       , 0.57142857, 0.93333333, 0.4       ,
       0.75      , 0.85714286, 1.        , 1.        , 1.        ,
       1.        , 0.8125    , 0.8       , 1.        , 0.375     ,
       1.        , 1.        , 0.88235294, 1.        , 1.        ,
       0.8       , 1.        , 1.        , 0.78571429, 0.93333333,
       1.        , 1.        , 0.94444444, 0.66666667, 1.        ,
       1.        , 0.86666667, 0.73333333, 0.73333333, 1.        ,
       0.89473684, 0.8       , 1.        , 1.        , 1.        ,
       0.83333333, 1.        , 0.64705882, 1.        , 0.76470588,
       1.        , 1.        , 0.95238095, 1.        , 1.        ,
       0.8125    , 1.        , 1.        , 1.        , 1.        ,
       0.89473684, 0.8       , 1.        , 0.86666667, 0.66666667,
       0.94117647, 0.875     , 1.        , 0.53333333, 1.        ,
       0.86666667, 0.13333333, 1.        , 1.        , 1.        ,
       0.75      , 1.        , 0.9375    , 0.93333333, 1.        ,
       0.86666667, 1.        , 0.875     , 1.        , 1.        ,
       1.        , 1.        , 1.        , 1.        , 0.95      ,
       1.        , 1.        , 1.        , 1.        , 0.38888889,
       0.93333333, 0.93333333, 0.875     , 0.3125    , 0.9047619 ,
       1.        , 0.90909091, 0.73333333, 1.        , 1.        ,
       1.        , 1.        , 1.        , 1.        , 1.        ,
       0.84210526, 1.        , 1.        , 0.875     , 0.9047619 ,
       1.        , 0.5       , 1.        , 0.4375    , 0.61538462,
       1.        , 0.93333333, 1.        , 0.93333333, 1.        ,
       1.        , 1.        , 0.92857143, 0.94117647, 0.82352941,
       0.86666667, 1.        , 0.8125    , 1.        , 0.93333333,
       1.        , 0.95454545, 0.94444444, 1.        , 0.82142857,
       0.8125    , 1.        , 0.8125    , 0.9375    , 1.        ,
       1.        , 1.        , 1.        , 0.77777778, 0.8       ,
       1.        , 0.94444444, 0.94736842, 1.        , 0.9       ,
       0.95      , 1.        , 1.        , 1.        , 1.        ,
       0.9375    , 1.        , 1.        , 0.88888889, 1.        ,
       1.        , 1.        , 0.93333333, 0.86666667, 0.85714286,
       0.25      , 0.83333333, 0.875     , 0.92307692, 1.        ,
       1.        , 1.        , 0.53333333, 1.        , 1.        ,
       0.61764706, 1.        , 1.        , 0.86956522, 0.9375    ,
       1.        , 1.        , 1.        , 0.875     , 1.        ,
       1.        , 1.        , 1.        , 1.        , 0.66666667,
       1.        , 1.        , 0.66666667, 0.92857143, 0.73333333,
       0.93333333, 0.9375    , 1.        , 0.93333333, 1.        ,
       0.94444444, 0.93333333, 1.        , 0.95652174, 1.        ,
       0.5       , 1.        , 0.64285714, 1.        , 1.        ,
       1.        , 0.9375    , 1.        , 0.4375    , 1.        ,
       1.        , 0.6       , 0.9375    , 0.93333333, 1.        ,
       0.73333333, 0.72222222, 0.9375    , 1.        , 1.        ,
       0.95454545, 0.84615385, 1.        , 1.        , 1.        ,
       0.91304348, 0.6875    , 1.        , 0.875     , 1.        ,
       0.66666667, 1.        , 0.93333333, 0.86666667, 0.92307692,
       0.78571429, 1.        , 1.        , 0.73684211, 1.        ]), 'class_mean_width': array([299.21428571, 309.0625    , 331.2       , 302.6       ,
       308.39285714, 246.73333333, 323.11111111, 178.93333333,
       320.6       , 332.11111111, 343.94444444, 349.26666667,
       352.22222222, 303.2       , 351.        , 316.35      ,
       352.1       , 350.21052632, 349.92857143, 251.73333333,
       226.33333333, 251.125     , 350.4375    , 284.47368421,
       350.8125    , 267.27777778, 348.28571429, 350.2       ,
       347.        , 347.72222222, 312.94736842, 349.33333333,
       332.23529412, 349.33333333, 293.46666667, 152.4375    ,
       318.28571429, 350.4       , 272.85714286, 350.        ,
       308.5       , 350.9375    , 348.47058824, 345.46666667,
       352.46666667, 342.53333333, 324.44444444, 307.33333333,
       346.05263158, 277.3       , 340.4       , 349.82352941,
       262.58823529, 348.38888889, 299.47368421, 172.93333333,
       345.13333333, 322.6       , 350.64285714, 327.13333333,
       207.        , 326.0625    , 281.26315789, 324.78571429,
       351.53333333, 341.35294118, 337.17647059, 331.11764706,
       294.68421053, 257.64285714, 315.64285714, 322.52380952,
       274.5       , 334.66666667, 338.06666667, 195.93333333,
       349.9375    , 274.78947368, 305.4       , 346.8125    ,
       294.84210526, 348.0952381 , 192.47058824, 328.82352941,
       349.8125    , 350.28571429, 183.05263158, 344.53333333,
       352.28571429, 345.625     , 328.4       , 187.75      ,
       349.41176471, 343.6       , 277.1875    , 115.47368421,
       341.05882353, 333.06666667, 315.96153846, 316.78947368,
       285.6875    , 322.6       , 331.        , 299.6875    ,
       347.70588235, 332.2       , 316.33333333, 263.625     ,
       348.84615385, 290.68421053, 332.2       , 299.4       ,
       177.07142857, 288.86666667, 257.86666667, 127.0625    ,
       281.64285714, 347.125     , 347.26666667, 344.86666667,
       287.        , 252.375     , 275.92      , 350.22222222,
        92.1875    , 339.94736842, 343.71428571, 299.35294118,
       343.3125    , 348.58823529, 261.85      , 349.92857143,
       345.53333333, 241.14285714, 315.6       , 352.06666667,
       350.06666667, 326.5       , 196.2       , 346.3125    ,
       349.6       , 321.26666667, 272.66666667, 260.6       ,
       351.04347826, 307.05263158, 224.06666667, 339.4       ,
       332.71428571, 349.        , 278.16666667, 338.83333333,
       163.70588235, 348.375     , 188.        , 350.        ,
       349.13636364, 322.19047619, 351.26666667, 347.2       ,
       300.75      , 351.57894737, 334.28571429, 340.93333333,
       348.66666667, 326.63157895, 254.06666667, 331.70588235,
       303.2       , 180.94444444, 309.58823529, 287.        ,
       348.91304348, 261.        , 349.6875    , 307.86666667,
       141.13333333, 344.5       , 339.4       , 338.33333333,
       178.        , 349.8125    , 305.        , 330.6       ,
       351.26666667, 281.8       , 352.1875    , 285.25      ,
       349.25      , 348.44444444, 349.88235294, 351.73333333,
       349.73333333, 343.8       , 230.6       , 343.52941176,
       343.05882353, 350.33333333, 349.66666667, 134.94444444,
       296.46666667, 297.        , 294.        , 171.75      ,
       195.66666667, 341.68421053, 310.54545455, 245.93333333,
       347.9047619 , 349.13333333, 346.5       , 344.5625    ,
       349.5       , 343.66666667, 349.4375    , 253.84210526,
       349.8125    , 336.93333333, 317.        , 325.95238095,
       348.11764706, 204.875     , 347.1875    , 162.5       ,
       212.69230769, 343.66666667, 303.73333333, 347.42857143,
       273.6       , 323.9375    , 338.52380952, 352.16666667,
       322.71428571, 252.76470588, 205.64705882, 238.06666667,
       346.875     , 229.9375    , 348.06666667, 339.26666667,
       349.        , 331.90909091, 295.77777778, 349.3       ,
       295.75      , 299.375     , 340.64285714, 202.3125    ,
       224.75      , 342.54545455, 351.0625    , 347.5       ,
       349.85714286, 190.61111111, 256.44      , 302.06666667,
       293.44444444, 294.89473684, 349.04761905, 282.4       ,
       333.6       , 347.6875    , 350.86666667, 352.46666667,
       349.13333333, 316.75      , 301.88235294, 351.4       ,
       288.7037037 , 344.85714286, 322.33333333, 350.05882353,
       279.26666667, 310.86666667, 270.33333333,  46.6875    ,
       276.        , 289.3125    , 311.92307692, 304.        ,
       351.6       , 351.45      , 294.46666667, 337.86956522,
       348.        , 181.52941176, 322.16666667, 348.4       ,
       268.30434783, 326.        , 347.33333333, 351.45      ,
       352.17391304, 305.1875    , 351.875     , 351.71428571,
       341.9375    , 349.83333333, 336.8125    , 221.13333333,
       351.14285714, 334.4       , 276.        , 313.5       ,
       252.2       , 325.66666667, 322.6875    , 335.93333333,
       134.8       , 350.5       , 290.27777778, 281.93333333,
       338.64285714, 327.7826087 , 340.5       , 153.59090909,
       347.        , 208.92857143, 340.78571429, 343.65      ,
       345.31578947, 329.        , 347.90909091, 131.375     ,
       344.28571429, 351.        , 242.53333333, 300.6875    ,
       325.46666667, 349.5       , 248.66666667, 189.27777778,
       321.5625    , 351.33333333, 323.35294118, 335.31818182,
       261.15384615, 349.8       , 332.94117647, 350.70588235,
       313.7826087 , 209.9375    , 348.46666667, 314.4375    ,
       334.6       , 240.83333333, 351.4375    , 324.53333333,
       340.2       , 325.38461538, 236.14285714, 341.05882353,
       351.52631579, 247.05263158, 337.22222222]), 'class_median_width': array([347.5, 347. , 353. , 327.5, 344. , 319. , 352. , 218. , 349. ,
       352. , 351. , 352. , 352. , 352. , 351. , 349. , 352. , 352. ,
       351. , 343. , 333. , 335. , 350. , 349. , 351.5, 307. , 350. ,
       351. , 349. , 351. , 346. , 349. , 350. , 350. , 338. , 179. ,
       345. , 351. , 307. , 351. , 346. , 351. , 352. , 347. , 353. ,
       347. , 352. , 329. , 353. , 339. , 347. , 351. , 347. , 352. ,
       348. , 100. , 351. , 349. , 352. , 351. , 236. , 350.5, 352. ,
       348. , 352. , 345. , 347. , 349. , 347. , 324. , 346. , 348. ,
       337. , 342. , 352. , 220. , 350. , 340. , 347. , 347.5, 341. ,
       350. , 262. , 350. , 350. , 350.5, 236. , 351. , 352. , 348. ,
       352. , 217. , 349. , 352. , 293. ,  58. , 349. , 348. , 344.5,
       343. , 333.5, 348. , 342. , 340. , 352. , 350. , 349. , 335. ,
       349. , 352. , 350. , 349. , 196.5, 345. , 344. ,  34.5, 342. ,
       348. , 348. , 352. , 310. , 346.5, 337. , 351. ,   9. , 347. ,
       351.5, 347. , 347.5, 350. , 329.5, 350.5, 345. , 331. , 351. ,
       352. , 351. , 352. , 194. , 352. , 351. , 353. , 331. , 335. ,
       351. , 350. , 293. , 351. , 351. , 349.5, 328.5, 347. , 132. ,
       349. , 214. , 350. , 349.5, 347. , 352. , 351. , 346.5, 352. ,
       351. , 352. , 349. , 352. , 335. , 352. , 352. , 194.5, 350. ,
       347. , 350. , 336. , 351. , 351. ,  22. , 347. , 346. , 344. ,
       208.5, 351. , 348.5, 352. , 352. , 350. , 352. , 328.5, 351. ,
       348. , 351. , 352. , 351. , 351. , 250. , 347. , 351. , 351. ,
       350. ,  39.5, 341. , 309. , 347. , 147. , 208. , 348. , 350.5,
       298. , 349. , 349. , 346. , 344.5, 349.5, 347. , 350.5, 316. ,
       350.5, 348. , 349. , 347. , 349. , 255.5, 350. , 148. , 347. ,
       350. , 320. , 350. , 326. , 346. , 350. , 352. , 352. , 306. ,
       227. , 339. , 351. , 347. , 352. , 352. , 349. , 348. , 327. ,
       352. , 338.5, 347.5, 345.5, 223.5, 348. , 350. , 352. , 349. ,
       350. , 216. , 334. , 343. , 338. , 338. , 349. , 330. , 351. ,
       351. , 351. , 353. , 352. , 339.5, 327. , 351. , 350. , 348. ,
       344. , 352. , 329. , 352. , 340. ,   4.5, 347.5, 349.5, 346. ,
       342. , 352. , 352. , 337. , 347. , 350. , 222.5, 350. , 352. ,
       338. , 350. , 348. , 352. , 352. , 352. , 352. , 352. , 348.5,
       350. , 337.5, 283. , 352. , 344. , 341. , 350. , 342. , 346. ,
       349. , 348. ,  92. , 350. , 332. , 351. , 349.5, 347. , 349.5,
        98. , 349. , 303.5, 352. , 348. , 351. , 352. , 348. ,  52. ,
       348. , 351. , 312. , 346. , 352. , 350. , 285. , 205. , 350. ,
       352. , 345. , 351. , 335.5, 352. , 343. , 351. , 351. , 257.5,
       351. , 343. , 344. , 280. , 351.5, 348. , 352. , 346. , 279. ,
       348. , 353. , 300. , 352. ]), 'class_mean_width_scaled': array([0.84285714, 0.87059859, 0.93295775, 0.85239437, 0.86871227,
       0.69502347, 0.91017214, 0.50403756, 0.90309859, 0.93552426,
       0.96885759, 0.98384977, 0.99217527, 0.85408451, 0.98873239,
       0.89112676, 0.99183099, 0.98650852, 0.98571429, 0.70910798,
       0.63755869, 0.70739437, 0.98714789, 0.80133432, 0.98820423,
       0.75289515, 0.98108652, 0.98647887, 0.97746479, 0.97949922,
       0.88154188, 0.98403756, 0.93587407, 0.98403756, 0.82666667,
       0.42940141, 0.89657948, 0.98704225, 0.76861167, 0.98591549,
       0.86901408, 0.98855634, 0.98160729, 0.97314554, 0.99286385,
       0.96488263, 0.91392801, 0.8657277 , 0.97479615, 0.78112676,
       0.95887324, 0.98541839, 0.73968517, 0.98137715, 0.84358784,
       0.48713615, 0.97220657, 0.90873239, 0.98772636, 0.92150235,
       0.58309859, 0.91848592, 0.79229059, 0.91488934, 0.99023474,
       0.96155758, 0.94979287, 0.93272577, 0.83009637, 0.72575453,
       0.88913481, 0.90851777, 0.77323944, 0.942723  , 0.95230047,
       0.55192488, 0.98573944, 0.77405486, 0.86028169, 0.97693662,
       0.83054114, 0.98054997, 0.54217067, 0.92626346, 0.98538732,
       0.98672032, 0.51564122, 0.97051643, 0.99235412, 0.97359155,
       0.92507042, 0.52887324, 0.98425849, 0.96788732, 0.78080986,
       0.32527798, 0.96072908, 0.93821596, 0.8900325 , 0.89236471,
       0.80475352, 0.90873239, 0.93239437, 0.84419014, 0.97945319,
       0.93577465, 0.89107981, 0.74260563, 0.98266522, 0.81882876,
       0.93577465, 0.84338028, 0.49879276, 0.81370892, 0.72638498,
       0.35792254, 0.79336016, 0.9778169 , 0.97821596, 0.9714554 ,
       0.8084507 , 0.71091549, 0.77723944, 0.98654147, 0.2596831 ,
       0.95759822, 0.96820926, 0.84324772, 0.96707746, 0.98193869,
       0.73760563, 0.98571429, 0.97333333, 0.67927565, 0.88901408,
       0.99173709, 0.98610329, 0.91971831, 0.55267606, 0.97552817,
       0.98478873, 0.90497653, 0.76807512, 0.73408451, 0.98885487,
       0.86493699, 0.63117371, 0.95605634, 0.93722334, 0.98309859,
       0.78356808, 0.95446009, 0.46114333, 0.98133803, 0.52957746,
       0.98591549, 0.98348271, 0.90757881, 0.98948357, 0.97802817,
       0.8471831 , 0.99036323, 0.9416499 , 0.96037559, 0.98215962,
       0.92008895, 0.71568075, 0.93438277, 0.85408451, 0.50970266,
       0.87207954, 0.8084507 , 0.98285364, 0.73521127, 0.98503521,
       0.86723005, 0.39755869, 0.97042254, 0.95605634, 0.95305164,
       0.50140845, 0.98538732, 0.85915493, 0.93126761, 0.98948357,
       0.79380282, 0.99207746, 0.80352113, 0.98380282, 0.98153365,
       0.98558409, 0.99079812, 0.98516432, 0.9684507 , 0.64957746,
       0.96768848, 0.96636288, 0.98685446, 0.98497653, 0.3801252 ,
       0.83511737, 0.83661972, 0.82816901, 0.48380282, 0.55117371,
       0.96249073, 0.87477593, 0.69276995, 0.98001341, 0.98347418,
       0.97605634, 0.97059859, 0.98450704, 0.96807512, 0.98433099,
       0.71504818, 0.98538732, 0.94910798, 0.89295775, 0.91817572,
       0.98061309, 0.57711268, 0.97799296, 0.45774648, 0.59913326,
       0.96807512, 0.85558685, 0.97867203, 0.77070423, 0.9125    ,
       0.9535882 , 0.99201878, 0.90905433, 0.71201326, 0.57928749,
       0.67061033, 0.97711268, 0.64771127, 0.98046948, 0.95568075,
       0.98309859, 0.93495519, 0.83317684, 0.98394366, 0.83309859,
       0.84330986, 0.95955734, 0.56989437, 0.63309859, 0.96491677,
       0.98890845, 0.97887324, 0.98551308, 0.53693271, 0.7223662 ,
       0.85089202, 0.82660407, 0.8306894 , 0.98323273, 0.79549296,
       0.93971831, 0.97940141, 0.98835681, 0.99286385, 0.98347418,
       0.89225352, 0.85037283, 0.98985915, 0.81324987, 0.97142857,
       0.90798122, 0.98608119, 0.78666667, 0.87568075, 0.76150235,
       0.13151408, 0.77746479, 0.81496479, 0.87865655, 0.85633803,
       0.99042254, 0.99      , 0.82948357, 0.95174525, 0.98028169,
       0.51135046, 0.90751174, 0.98140845, 0.7557869 , 0.91830986,
       0.97840376, 0.99      , 0.99203919, 0.8596831 , 0.99119718,
       0.99074447, 0.96320423, 0.98544601, 0.94876761, 0.6229108 ,
       0.98913481, 0.94197183, 0.77746479, 0.88309859, 0.71042254,
       0.91737089, 0.90897887, 0.94629108, 0.37971831, 0.98732394,
       0.81768388, 0.7941784 , 0.95392354, 0.92333129, 0.95915493,
       0.43265045, 0.97746479, 0.58853119, 0.95995976, 0.96802817,
       0.97272053, 0.92676056, 0.98002561, 0.37007042, 0.96981891,
       0.98873239, 0.68319249, 0.84700704, 0.91680751, 0.98450704,
       0.70046948, 0.53317684, 0.90580986, 0.98967136, 0.91085336,
       0.94455826, 0.73564464, 0.98535211, 0.93786247, 0.98790389,
       0.88389467, 0.59137324, 0.98159624, 0.88573944, 0.94253521,
       0.67840376, 0.98996479, 0.9141784 , 0.95830986, 0.91657638,
       0.66519115, 0.96072908, 0.99021497, 0.69592291, 0.94992175]), 'class_median_width_scaled': array([0.97887324, 0.97746479, 0.9943662 , 0.92253521, 0.96901408,
       0.89859155, 0.9915493 , 0.61408451, 0.98309859, 0.9915493 ,
       0.98873239, 0.9915493 , 0.9915493 , 0.9915493 , 0.98873239,
       0.98309859, 0.9915493 , 0.9915493 , 0.98873239, 0.96619718,
       0.93802817, 0.94366197, 0.98591549, 0.98309859, 0.99014085,
       0.86478873, 0.98591549, 0.98873239, 0.98309859, 0.98873239,
       0.97464789, 0.98309859, 0.98591549, 0.98591549, 0.95211268,
       0.50422535, 0.97183099, 0.98873239, 0.86478873, 0.98873239,
       0.97464789, 0.98873239, 0.9915493 , 0.97746479, 0.9943662 ,
       0.97746479, 0.9915493 , 0.92676056, 0.9943662 , 0.95492958,
       0.97746479, 0.98873239, 0.97746479, 0.9915493 , 0.98028169,
       0.28169014, 0.98873239, 0.98309859, 0.9915493 , 0.98873239,
       0.66478873, 0.98732394, 0.9915493 , 0.98028169, 0.9915493 ,
       0.97183099, 0.97746479, 0.98309859, 0.97746479, 0.91267606,
       0.97464789, 0.98028169, 0.94929577, 0.96338028, 0.9915493 ,
       0.61971831, 0.98591549, 0.95774648, 0.97746479, 0.97887324,
       0.96056338, 0.98591549, 0.73802817, 0.98591549, 0.98591549,
       0.98732394, 0.66478873, 0.98873239, 0.9915493 , 0.98028169,
       0.9915493 , 0.61126761, 0.98309859, 0.9915493 , 0.82535211,
       0.16338028, 0.98309859, 0.98028169, 0.97042254, 0.96619718,
       0.93943662, 0.98028169, 0.96338028, 0.95774648, 0.9915493 ,
       0.98591549, 0.98309859, 0.94366197, 0.98309859, 0.9915493 ,
       0.98591549, 0.98309859, 0.55352113, 0.97183099, 0.96901408,
       0.0971831 , 0.96338028, 0.98028169, 0.98028169, 0.9915493 ,
       0.87323944, 0.97605634, 0.94929577, 0.98873239, 0.02535211,
       0.97746479, 0.99014085, 0.97746479, 0.97887324, 0.98591549,
       0.92816901, 0.98732394, 0.97183099, 0.93239437, 0.98873239,
       0.9915493 , 0.98873239, 0.9915493 , 0.54647887, 0.9915493 ,
       0.98873239, 0.9943662 , 0.93239437, 0.94366197, 0.98873239,
       0.98591549, 0.82535211, 0.98873239, 0.98873239, 0.98450704,
       0.92535211, 0.97746479, 0.37183099, 0.98309859, 0.6028169 ,
       0.98591549, 0.98450704, 0.97746479, 0.9915493 , 0.98873239,
       0.97605634, 0.9915493 , 0.98873239, 0.9915493 , 0.98309859,
       0.9915493 , 0.94366197, 0.9915493 , 0.9915493 , 0.54788732,
       0.98591549, 0.97746479, 0.98591549, 0.94647887, 0.98873239,
       0.98873239, 0.06197183, 0.97746479, 0.97464789, 0.96901408,
       0.58732394, 0.98873239, 0.98169014, 0.9915493 , 0.9915493 ,
       0.98591549, 0.9915493 , 0.92535211, 0.98873239, 0.98028169,
       0.98873239, 0.9915493 , 0.98873239, 0.98873239, 0.70422535,
       0.97746479, 0.98873239, 0.98873239, 0.98591549, 0.11126761,
       0.96056338, 0.87042254, 0.97746479, 0.41408451, 0.58591549,
       0.98028169, 0.98732394, 0.83943662, 0.98309859, 0.98309859,
       0.97464789, 0.97042254, 0.98450704, 0.97746479, 0.98732394,
       0.89014085, 0.98732394, 0.98028169, 0.98309859, 0.97746479,
       0.98309859, 0.71971831, 0.98591549, 0.41690141, 0.97746479,
       0.98591549, 0.90140845, 0.98591549, 0.91830986, 0.97464789,
       0.98591549, 0.9915493 , 0.9915493 , 0.86197183, 0.63943662,
       0.95492958, 0.98873239, 0.97746479, 0.9915493 , 0.9915493 ,
       0.98309859, 0.98028169, 0.92112676, 0.9915493 , 0.95352113,
       0.97887324, 0.97323944, 0.62957746, 0.98028169, 0.98591549,
       0.9915493 , 0.98309859, 0.98591549, 0.6084507 , 0.94084507,
       0.96619718, 0.95211268, 0.95211268, 0.98309859, 0.92957746,
       0.98873239, 0.98873239, 0.98873239, 0.9943662 , 0.9915493 ,
       0.95633803, 0.92112676, 0.98873239, 0.98591549, 0.98028169,
       0.96901408, 0.9915493 , 0.92676056, 0.9915493 , 0.95774648,
       0.01267606, 0.97887324, 0.98450704, 0.97464789, 0.96338028,
       0.9915493 , 0.9915493 , 0.94929577, 0.97746479, 0.98591549,
       0.62676056, 0.98591549, 0.9915493 , 0.95211268, 0.98591549,
       0.98028169, 0.9915493 , 0.9915493 , 0.9915493 , 0.9915493 ,
       0.9915493 , 0.98169014, 0.98591549, 0.95070423, 0.7971831 ,
       0.9915493 , 0.96901408, 0.96056338, 0.98591549, 0.96338028,
       0.97464789, 0.98309859, 0.98028169, 0.25915493, 0.98591549,
       0.93521127, 0.98873239, 0.98450704, 0.97746479, 0.98450704,
       0.27605634, 0.98309859, 0.85492958, 0.9915493 , 0.98028169,
       0.98873239, 0.9915493 , 0.98028169, 0.14647887, 0.98028169,
       0.98873239, 0.87887324, 0.97464789, 0.9915493 , 0.98591549,
       0.8028169 , 0.57746479, 0.98591549, 0.9915493 , 0.97183099,
       0.98873239, 0.94507042, 0.9915493 , 0.96619718, 0.98873239,
       0.98873239, 0.72535211, 0.98873239, 0.96619718, 0.96901408,
       0.78873239, 0.99014085, 0.98028169, 0.9915493 , 0.97464789,
       0.78591549, 0.98028169, 0.9943662 , 0.84507042, 0.9915493 ])}

Job completed at Thu Mar 20 05:03:40 PM PDT 2025
