Starting job at Wed Mar 19 06:20:37 PM PDT 2025
Job parameters:
Dataset: data_dionis
UQ Method: split_conformal_aps
Estimator: LogisticRegression
Seed: 786
Train Size: 0.8
Running split_conformal_aps on data_dionis with seed 786 and train size 0.8

starting experiment

data created

Fitting split_conformal_aps_LogisticRegression on data_dionis with seed 786

split_conformal_aps_LogisticRegression metrics: {'coverage': np.float64(0.8966666666666666), 'mean_width': np.float64(233.33733333333333), 'median_width': np.float64(280.0), 'mean_width_scaled': np.float64(0.6572882629107981), 'median_width_scaled': np.float64(0.7887323943661971)}

split_conformal_aps_LogisticRegression full metrics: {'coverage': np.float64(0.8966666666666666), 'mean_width': np.float64(233.33733333333333), 'median_width': np.float64(280.0), 'mean_width_scaled': np.float64(0.6572882629107981), 'median_width_scaled': np.float64(0.7887323943661971)}

split_conformal_aps_LogisticRegression class metrics: {'class_coverage': array([0.89285714, 1.        , 1.        , 0.85      , 0.89285714,
       0.53333333, 0.94444444, 0.66666667, 0.86666667, 0.94444444,
       1.        , 0.86666667, 1.        , 0.86666667, 1.        ,
       0.95      , 1.        , 1.        , 1.        , 0.86666667,
       0.53333333, 0.66666667, 1.        , 0.94736842, 0.9375    ,
       0.91666667, 0.96428571, 1.        , 1.        , 0.88888889,
       0.89473684, 1.        , 1.        , 0.93333333, 0.93333333,
       0.625     , 0.92857143, 0.93333333, 1.        , 1.        ,
       0.9375    , 1.        , 0.94117647, 1.        , 0.93333333,
       1.        , 0.94444444, 0.88888889, 1.        , 0.6       ,
       1.        , 1.        , 1.        , 1.        , 0.89473684,
       0.53333333, 1.        , 0.93333333, 0.92857143, 0.93333333,
       0.76470588, 0.8125    , 0.94736842, 1.        , 1.        ,
       0.94117647, 1.        , 1.        , 0.89473684, 0.64285714,
       0.85714286, 0.85714286, 0.9375    , 1.        , 1.        ,
       0.6       , 1.        , 1.        , 0.86666667, 1.        ,
       0.89473684, 1.        , 0.70588235, 1.        , 1.        ,
       1.        , 0.84210526, 1.        , 1.        , 0.875     ,
       1.        , 0.6875    , 1.        , 0.93333333, 0.6875    ,
       0.73684211, 1.        , 1.        , 0.80769231, 0.73684211,
       1.        , 1.        , 0.86666667, 0.875     , 1.        ,
       0.93333333, 0.86666667, 0.8125    , 1.        , 0.9       ,
       1.        , 0.93333333, 0.5       , 0.86666667, 0.86666667,
       0.8125    , 1.        , 1.        , 1.        , 0.86666667,
       0.89473684, 0.75      , 0.88      , 1.        , 0.5       ,
       1.        , 1.        , 1.        , 1.        , 1.        ,
       0.8       , 1.        , 1.        , 0.64285714, 0.8       ,
       1.        , 1.        , 0.88888889, 0.4       , 1.        ,
       1.        , 0.93333333, 0.86666667, 0.93333333, 0.95652174,
       0.94736842, 0.93333333, 0.93333333, 1.        , 0.9375    ,
       0.94444444, 1.        , 0.64705882, 1.        , 0.82352941,
       1.        , 0.95454545, 0.85714286, 1.        , 1.        ,
       1.        , 1.        , 1.        , 1.        , 1.        ,
       0.94736842, 0.8       , 0.94117647, 0.93333333, 0.66666667,
       1.        , 0.875     , 0.95652174, 0.86666667, 1.        ,
       0.86666667, 0.53333333, 0.9375    , 1.        , 0.93333333,
       0.35294118, 1.        , 1.        , 0.86666667, 1.        ,
       0.93333333, 1.        , 0.625     , 1.        , 1.        ,
       1.        , 0.93333333, 1.        , 1.        , 0.85      ,
       1.        , 0.94117647, 1.        , 1.        , 0.23529412,
       0.8       , 0.66666667, 0.9375    , 0.75      , 0.66666667,
       1.        , 1.        , 0.8       , 1.        , 0.93333333,
       1.        , 1.        , 0.95      , 0.86666667, 1.        ,
       0.57894737, 1.        , 0.93333333, 0.75      , 0.9047619 ,
       1.        , 0.4375    , 1.        , 0.3125    , 0.69230769,
       1.        , 0.73333333, 1.        , 0.66666667, 1.        ,
       1.        , 1.        , 0.78571429, 0.88235294, 0.58823529,
       1.        , 1.        , 0.875     , 1.        , 0.93333333,
       1.        , 1.        , 0.72222222, 1.        , 0.89285714,
       0.9375    , 1.        , 0.5625    , 0.8125    , 0.86363636,
       0.9375    , 1.        , 1.        , 0.88888889, 0.8       ,
       1.        , 0.94444444, 1.        , 1.        , 0.65      ,
       1.        , 0.875     , 0.93333333, 1.        , 0.93333333,
       1.        , 0.94117647, 1.        , 0.92592593, 0.78571429,
       1.        , 1.        , 0.66666667, 0.93333333, 0.85714286,
       0.1875    , 0.77777778, 0.875     , 0.84615385, 1.        ,
       1.        , 1.        , 0.8       , 1.        , 1.        ,
       0.76470588, 1.        , 1.        , 1.        , 0.875     ,
       1.        , 1.        , 1.        , 0.75      , 1.        ,
       1.        , 1.        , 0.91666667, 0.9375    , 0.93333333,
       1.        , 0.93333333, 0.86666667, 0.92857143, 0.4       ,
       1.        , 0.6875    , 0.93333333, 0.93333333, 1.        ,
       0.94444444, 0.86666667, 1.        , 0.95652174, 1.        ,
       0.68181818, 1.        , 0.35714286, 1.        , 1.        ,
       0.94736842, 0.875     , 0.95454545, 0.375     , 0.92857143,
       1.        , 0.73333333, 1.        , 0.93333333, 1.        ,
       1.        , 0.66666667, 0.9375    , 1.        , 0.88235294,
       0.86363636, 0.88461538, 1.        , 0.88235294, 1.        ,
       0.7826087 , 0.8125    , 1.        , 0.8125    , 0.93333333,
       0.82352941, 1.        , 0.86666667, 0.8       , 0.84615385,
       0.85714286, 0.94117647, 1.        , 0.63157895, 0.83333333]), 'class_mean_width': array([273.89285714, 277.4375    , 328.4       , 106.45      ,
       249.17857143, 113.66666667, 292.88888889, 161.73333333,
       241.13333333, 323.38888889, 287.55555556, 268.        ,
       318.33333333, 238.26666667, 305.33333333, 256.95      ,
       327.5       , 269.73684211, 297.14285714, 287.4       ,
       134.46666667, 208.5       , 305.6875    , 252.78947368,
       282.        , 200.08333333, 289.5       , 272.86666667,
       269.53846154, 303.5       , 188.10526316, 287.46666667,
       316.88235294, 312.46666667, 221.73333333,  73.25      ,
       243.78571429, 313.4       , 172.42857143, 222.4375    ,
       284.1875    , 328.25      , 295.35294118, 297.13333333,
       325.13333333, 259.13333333, 282.94444444, 182.44444444,
       334.47368421, 121.5       , 284.66666667, 320.52941176,
       195.47058824, 334.5       , 222.36842105,  66.73333333,
       256.53333333, 254.33333333, 276.5       , 308.26666667,
       167.41176471, 236.375     , 236.26315789, 179.14285714,
       327.33333333, 123.35294118, 248.94444444, 241.88235294,
       242.36842105, 189.        , 257.35714286, 216.28571429,
       207.375     , 188.        , 239.4       , 136.53333333,
       320.625     , 197.31578947, 169.13333333, 280.4375    ,
       240.15789474, 234.57142857, 127.05882353, 256.52941176,
       322.25      , 289.57142857, 103.36842105, 163.86666667,
       333.57142857, 194.4375    , 300.66666667, 170.375     ,
       274.11764706, 253.26666667, 166.8125    ,  62.05263158,
       259.76470588, 244.73333333, 197.19230769, 232.21052632,
       124.1875    , 247.13333333, 189.13333333, 195.875     ,
       337.76470588, 287.33333333, 153.46666667, 118.625     ,
       300.14285714, 294.85      , 279.53333333, 261.53333333,
       135.78571429, 197.26666667, 211.46666667,  52.25      ,
       220.64285714, 300.        , 311.26666667, 287.4       ,
        55.78947368, 175.875     , 194.56      , 304.05555556,
        42.6875    , 261.47368421, 315.42857143, 275.64705882,
       274.1875    , 309.29411765, 244.6       , 301.78571429,
       276.26666667, 164.85714286, 201.93333333, 337.06666667,
       320.06666667, 148.11111111,  54.26666667, 326.9375    ,
       327.06666667, 265.        , 187.86666667, 122.06666667,
       296.86956522, 208.        , 203.        , 299.66666667,
       283.57142857, 278.5       , 160.27777778, 199.44444444,
       117.76470588, 308.375     , 114.29411765, 330.33333333,
       295.59090909, 252.42857143, 319.4       , 258.2       ,
       224.125     , 332.52631579, 323.85714286, 320.4       ,
       279.53333333, 260.        , 118.4       , 252.47058824,
       283.93333333, 137.38888889, 294.52941176, 233.8125    ,
       277.30434783, 199.26666667, 311.375     , 220.93333333,
        78.26666667, 180.6875    , 246.13333333, 245.2       ,
        77.64705882, 233.6875    , 250.875     , 312.8       ,
       275.46666667, 275.73333333, 326.        , 143.625     ,
       309.375     , 308.5       , 308.58823529, 216.33333333,
       315.93333333, 303.8       , 180.8       , 212.29411765,
       256.11764706, 307.66666667, 328.66666667,  66.82352941,
       212.        , 157.06666667, 269.0625    , 198.3125    ,
       169.61904762, 267.15789474, 281.04545455, 201.13333333,
       298.38095238, 294.93333333, 177.21428571, 289.125     ,
       314.95      , 190.86666667, 292.1875    ,  85.94736842,
       311.125     , 251.73333333, 200.8125    , 177.0952381 ,
       286.11764706,  46.6875    , 300.9375    ,  50.125     ,
       134.61538462, 306.86666667, 205.66666667, 312.14285714,
       118.33333333, 228.4375    , 221.42857143, 304.44444444,
       243.21428571, 166.70588235,  92.58823529, 168.13333333,
       288.        , 217.8125    , 330.6       , 290.6       ,
       308.26666667, 270.5       , 163.88888889, 244.5       ,
       182.14285714, 241.5       , 243.57142857,  81.8125    ,
       227.8125    , 151.22727273, 315.125     , 301.35714286,
       320.85714286, 137.33333333, 169.72      , 291.        ,
       135.55555556, 209.15789474, 306.52380952, 132.55      ,
       321.25      , 251.375     , 194.2       , 327.73333333,
       219.6       , 137.125     , 223.05882353, 331.4       ,
       264.33333333, 282.92857143, 244.8       , 181.05882353,
       133.93333333, 290.2       , 158.66666667,  24.875     ,
       166.77777778, 124.3125    , 206.69230769, 218.8       ,
       292.13333333, 326.65      , 197.73333333, 218.73913043,
       306.4       ,  81.70588235, 274.76470588, 329.13333333,
       165.17391304, 241.4375    , 264.61111111, 335.9       ,
       310.26086957, 222.75      , 336.5625    , 330.35714286,
       305.6875    , 291.16666667, 244.8125    , 125.46666667,
       334.57142857, 249.4       , 159.73333333, 273.07142857,
       122.6       , 191.        , 226.0625    , 254.2       ,
        80.        , 317.83333333, 131.83333333, 237.26666667,
       266.5       , 257.7826087 , 296.4       ,  61.31818182,
       321.26315789, 107.64285714, 325.21428571, 279.26315789,
       262.05263158, 270.875     , 283.18181818,  83.8125    ,
       170.57142857, 292.93333333, 149.2       , 270.5       ,
       208.86666667, 310.88888889, 129.4       ,  75.5       ,
       294.3125    , 322.73333333, 268.52941176, 214.27272727,
       216.65384615, 316.33333333, 197.35294118, 322.23529412,
       144.56521739,  91.125     , 259.93333333, 225.5625    ,
       279.8       , 117.05882353, 337.        , 251.13333333,
       215.33333333, 189.07692308, 137.28571429, 291.05882353,
       332.15789474, 127.94736842, 213.83333333]), 'class_median_width': array([327. , 309.5, 336. ,  84.5, 299.5,  50. , 329. , 199. , 278. ,
       336. , 318. , 317. , 334.5, 323. , 312. , 292.5, 329. , 296. ,
       325. , 337. , 123. , 183.5, 306. , 304. , 315. , 209.5, 316. ,
       280. , 280. , 331. , 226. , 310. , 320. , 325. , 255. ,  18. ,
       278. , 330. , 183. , 220. , 309. , 333. , 328. , 332. , 340. ,
       301. , 322. , 258. , 341. ,  93. , 304. , 338. , 237. , 336. ,
       255. ,   9. , 289. , 283. , 332. , 331. , 168. , 310. , 285. ,
       187.5, 329. , 131. , 262. , 294. , 289. , 233.5, 311.5, 292. ,
       219. , 187. , 256. , 109. , 328. , 208. , 205. , 293.5, 293. ,
       240. , 117. , 263. , 327.5, 301. ,  75. , 169. , 336.5, 232. ,
       318. , 202. , 303. , 274. , 203.5,  43. , 257. , 283. , 226. ,
       223. , 141.5, 280. , 193. , 218.5, 338. , 317. , 186. ,  86.5,
       311. , 334.5, 310. , 318. ,  43.5, 197. , 280. ,  16. , 235. ,
       317. , 312. , 334. ,  24. , 187.5, 221. , 314.5,  10. , 315. ,
       339. , 291. , 303. , 313. , 297. , 313. , 302. , 155.5, 293. ,
       339. , 325. , 158. ,  40. , 330. , 329. , 306. , 232. , 132. ,
       313. , 211. , 234. , 323. , 302. , 299.5, 182.5, 215. ,  74. ,
       312. ,  64. , 333. , 308. , 317. , 322. , 268. , 231.5, 339. ,
       337. , 333. , 307. , 325. , 129. , 310. , 328. , 145.5, 298. ,
       295. , 304. , 236. , 312.5, 259. ,  36. , 190. , 298. , 277. ,
        24. , 231.5, 306.5, 341. , 287. , 307. , 337. , 147. , 314. ,
       310.5, 319. , 211. , 319. , 319. , 210.5, 227. , 284. , 313. ,
       333. ,  23. , 238. , 182. , 296. , 225. , 162. , 292. , 317.5,
       226. , 312. , 315. , 179.5, 313. , 327. , 197. , 306. ,  53. ,
       322. , 301. , 246.5, 232. , 296. ,  16.5, 308.5,  15.5, 181. ,
       324. , 262. , 316. , 103. , 248. , 221. , 320.5, 331. , 188. ,
        85. , 165. , 313. , 286. , 334. , 306. , 314. , 307.5, 142.5,
       246.5, 189. , 287. , 259.5,  60.5, 321.5, 177. , 338.5, 314.5,
       323. , 117.5, 234. , 314. , 148. , 226. , 310. , 157.5, 325. ,
       320.5, 205. , 338. , 230. , 124. , 242. , 331.5, 313. , 311.5,
       266. , 177. , 115. , 316. , 146. ,   3. , 226. , 136. , 242. ,
       260. , 300. , 333.5, 244. , 275. , 319. ,  66.5, 319. , 335. ,
       193. , 279. , 293. , 337. , 324. , 237. , 338. , 333.5, 304.5,
       325.5, 260.5, 126. , 336. , 293. , 189. , 301. ,  75. , 190. ,
       287. , 314. ,  65. , 318. , 117. , 290. , 317.5, 284. , 311.5,
        53. , 328. ,  63. , 338. , 297. , 291. , 335.5, 298. ,  27.5,
       168.5, 311. , 149. , 321. , 217. , 326. , 175. ,  35. , 325. ,
       325. , 312. , 243.5, 250. , 328. , 183. , 334. , 161. ,  65. ,
       269. , 273.5, 308. , 111. , 337.5, 275. , 261. , 189. , 118. ,
       316. , 336. , 141. , 287.5]), 'class_mean_width_scaled': array([0.77152918, 0.78151408, 0.92507042, 0.29985915, 0.70191147,
       0.32018779, 0.82503912, 0.45558685, 0.67924883, 0.91095462,
       0.81001565, 0.75492958, 0.89671362, 0.67117371, 0.8600939 ,
       0.72380282, 0.92253521, 0.75982209, 0.83702213, 0.80957746,
       0.37877934, 0.58732394, 0.86109155, 0.71208302, 0.7943662 ,
       0.56361502, 0.81549296, 0.7686385 , 0.75926327, 0.85492958,
       0.52987398, 0.80976526, 0.89262635, 0.88018779, 0.62460094,
       0.20633803, 0.68672032, 0.8828169 , 0.48571429, 0.62658451,
       0.80052817, 0.92464789, 0.83198012, 0.83699531, 0.91586854,
       0.72995305, 0.7970266 , 0.51392801, 0.94217939, 0.34225352,
       0.80187793, 0.90289975, 0.55062138, 0.94225352, 0.62638992,
       0.18798122, 0.72262911, 0.71643192, 0.77887324, 0.86835681,
       0.47158244, 0.66584507, 0.66553002, 0.50462777, 0.92206573,
       0.34747307, 0.70125196, 0.68135874, 0.68272795, 0.53239437,
       0.7249497 , 0.60925553, 0.58415493, 0.52957746, 0.6743662 ,
       0.38460094, 0.90316901, 0.55581913, 0.47643192, 0.78996479,
       0.67650111, 0.66076459, 0.35791218, 0.72261806, 0.90774648,
       0.81569416, 0.29117865, 0.46159624, 0.93963783, 0.54771127,
       0.84694836, 0.47992958, 0.77216239, 0.71342723, 0.46989437,
       0.17479615, 0.73173157, 0.68938967, 0.55547129, 0.65411416,
       0.34982394, 0.69615023, 0.53276995, 0.55176056, 0.95144988,
       0.80938967, 0.43230047, 0.33415493, 0.84547284, 0.83056338,
       0.78741784, 0.73671362, 0.38249497, 0.55568075, 0.59568075,
       0.1471831 , 0.62152918, 0.84507042, 0.87680751, 0.80957746,
       0.15715345, 0.49542254, 0.54805634, 0.85649452, 0.12024648,
       0.73654559, 0.88853119, 0.77647059, 0.77235915, 0.87125104,
       0.68901408, 0.8501006 , 0.77821596, 0.46438632, 0.56882629,
       0.94948357, 0.90159624, 0.4172144 , 0.15286385, 0.9209507 ,
       0.92131455, 0.74647887, 0.52920188, 0.34384977, 0.8362523 ,
       0.58591549, 0.57183099, 0.84413146, 0.79879276, 0.78450704,
       0.4514867 , 0.56181534, 0.33173157, 0.86866197, 0.32195526,
       0.93051643, 0.83265045, 0.7110664 , 0.89971831, 0.72732394,
       0.63133803, 0.93669385, 0.91227364, 0.90253521, 0.78741784,
       0.73239437, 0.33352113, 0.71118476, 0.79981221, 0.38701095,
       0.82966031, 0.65862676, 0.78113901, 0.56131455, 0.87711268,
       0.62234742, 0.22046948, 0.50897887, 0.69333333, 0.69070423,
       0.21872411, 0.65827465, 0.70669014, 0.88112676, 0.77596244,
       0.77671362, 0.91830986, 0.40457746, 0.87147887, 0.86901408,
       0.86926263, 0.60938967, 0.88995305, 0.85577465, 0.50929577,
       0.5980116 , 0.72145816, 0.86666667, 0.9258216 , 0.18823529,
       0.5971831 , 0.44244131, 0.75792254, 0.55862676, 0.47780013,
       0.75255745, 0.79167734, 0.56657277, 0.84050973, 0.83079812,
       0.49919517, 0.81443662, 0.8871831 , 0.53765258, 0.82306338,
       0.24210526, 0.87640845, 0.70910798, 0.56566901, 0.49885983,
       0.8059652 , 0.13151408, 0.84771127, 0.14119718, 0.37919827,
       0.86441315, 0.57934272, 0.87927565, 0.33333333, 0.64348592,
       0.62374245, 0.85758998, 0.68511066, 0.46959403, 0.26081193,
       0.47361502, 0.81126761, 0.61355634, 0.93126761, 0.81859155,
       0.86835681, 0.76197183, 0.46165884, 0.68873239, 0.51307847,
       0.68028169, 0.6861167 , 0.23045775, 0.64172535, 0.42599232,
       0.88767606, 0.84889336, 0.90382294, 0.38685446, 0.47808451,
       0.81971831, 0.38184664, 0.58917717, 0.86344735, 0.37338028,
       0.90492958, 0.70809859, 0.54704225, 0.92319249, 0.61859155,
       0.38626761, 0.62833471, 0.93352113, 0.74460094, 0.79698189,
       0.68957746, 0.51002486, 0.377277  , 0.81746479, 0.44694836,
       0.07007042, 0.46979656, 0.35017606, 0.58223185, 0.61633803,
       0.8229108 , 0.92014085, 0.55699531, 0.61616656, 0.86309859,
       0.23015742, 0.77398509, 0.92713615, 0.46527863, 0.68010563,
       0.74538341, 0.94619718, 0.87397428, 0.62746479, 0.94806338,
       0.9305835 , 0.86109155, 0.82018779, 0.68961268, 0.35342723,
       0.94245473, 0.70253521, 0.44995305, 0.76921529, 0.34535211,
       0.53802817, 0.63679577, 0.71605634, 0.22535211, 0.89530516,
       0.3713615 , 0.66835681, 0.75070423, 0.72614819, 0.83492958,
       0.17272727, 0.90496664, 0.30321932, 0.91609658, 0.78665678,
       0.73817643, 0.76302817, 0.79769526, 0.23609155, 0.4804829 ,
       0.82516432, 0.42028169, 0.76197183, 0.58835681, 0.87574335,
       0.36450704, 0.21267606, 0.8290493 , 0.90910798, 0.75642088,
       0.60358515, 0.61029252, 0.89107981, 0.55592378, 0.90770505,
       0.40722596, 0.25669014, 0.73220657, 0.63538732, 0.78816901,
       0.32974316, 0.94929577, 0.70741784, 0.60657277, 0.53261105,
       0.38672032, 0.81988401, 0.93565604, 0.36041512, 0.60234742]), 'class_median_width_scaled': array([0.92112676, 0.87183099, 0.94647887, 0.23802817, 0.84366197,
       0.14084507, 0.92676056, 0.56056338, 0.78309859, 0.94647887,
       0.89577465, 0.89295775, 0.94225352, 0.90985915, 0.87887324,
       0.82394366, 0.92676056, 0.83380282, 0.91549296, 0.94929577,
       0.34647887, 0.51690141, 0.86197183, 0.85633803, 0.88732394,
       0.59014085, 0.89014085, 0.78873239, 0.78873239, 0.93239437,
       0.63661972, 0.87323944, 0.90140845, 0.91549296, 0.71830986,
       0.05070423, 0.78309859, 0.92957746, 0.51549296, 0.61971831,
       0.87042254, 0.93802817, 0.92394366, 0.93521127, 0.95774648,
       0.84788732, 0.90704225, 0.72676056, 0.96056338, 0.26197183,
       0.85633803, 0.95211268, 0.66760563, 0.94647887, 0.71830986,
       0.02535211, 0.81408451, 0.7971831 , 0.93521127, 0.93239437,
       0.47323944, 0.87323944, 0.8028169 , 0.52816901, 0.92676056,
       0.36901408, 0.73802817, 0.82816901, 0.81408451, 0.65774648,
       0.87746479, 0.82253521, 0.61690141, 0.52676056, 0.72112676,
       0.30704225, 0.92394366, 0.58591549, 0.57746479, 0.82676056,
       0.82535211, 0.67605634, 0.32957746, 0.74084507, 0.92253521,
       0.84788732, 0.21126761, 0.47605634, 0.94788732, 0.65352113,
       0.89577465, 0.56901408, 0.85352113, 0.77183099, 0.57323944,
       0.12112676, 0.72394366, 0.7971831 , 0.63661972, 0.62816901,
       0.39859155, 0.78873239, 0.54366197, 0.61549296, 0.95211268,
       0.89295775, 0.52394366, 0.24366197, 0.87605634, 0.94225352,
       0.87323944, 0.89577465, 0.12253521, 0.55492958, 0.78873239,
       0.04507042, 0.66197183, 0.89295775, 0.87887324, 0.94084507,
       0.06760563, 0.52816901, 0.62253521, 0.88591549, 0.02816901,
       0.88732394, 0.95492958, 0.81971831, 0.85352113, 0.88169014,
       0.83661972, 0.88169014, 0.85070423, 0.43802817, 0.82535211,
       0.95492958, 0.91549296, 0.44507042, 0.11267606, 0.92957746,
       0.92676056, 0.86197183, 0.65352113, 0.37183099, 0.88169014,
       0.5943662 , 0.65915493, 0.90985915, 0.85070423, 0.84366197,
       0.51408451, 0.6056338 , 0.2084507 , 0.87887324, 0.18028169,
       0.93802817, 0.86760563, 0.89295775, 0.90704225, 0.75492958,
       0.65211268, 0.95492958, 0.94929577, 0.93802817, 0.86478873,
       0.91549296, 0.36338028, 0.87323944, 0.92394366, 0.40985915,
       0.83943662, 0.83098592, 0.85633803, 0.66478873, 0.88028169,
       0.72957746, 0.10140845, 0.53521127, 0.83943662, 0.78028169,
       0.06760563, 0.65211268, 0.86338028, 0.96056338, 0.8084507 ,
       0.86478873, 0.94929577, 0.41408451, 0.88450704, 0.87464789,
       0.89859155, 0.5943662 , 0.89859155, 0.89859155, 0.59295775,
       0.63943662, 0.8       , 0.88169014, 0.93802817, 0.06478873,
       0.67042254, 0.51267606, 0.83380282, 0.63380282, 0.45633803,
       0.82253521, 0.8943662 , 0.63661972, 0.87887324, 0.88732394,
       0.5056338 , 0.88169014, 0.92112676, 0.55492958, 0.86197183,
       0.14929577, 0.90704225, 0.84788732, 0.6943662 , 0.65352113,
       0.83380282, 0.04647887, 0.86901408, 0.04366197, 0.50985915,
       0.91267606, 0.73802817, 0.89014085, 0.29014085, 0.69859155,
       0.62253521, 0.9028169 , 0.93239437, 0.52957746, 0.23943662,
       0.46478873, 0.88169014, 0.8056338 , 0.94084507, 0.86197183,
       0.88450704, 0.86619718, 0.40140845, 0.6943662 , 0.53239437,
       0.8084507 , 0.73098592, 0.17042254, 0.9056338 , 0.49859155,
       0.95352113, 0.88591549, 0.90985915, 0.33098592, 0.65915493,
       0.88450704, 0.41690141, 0.63661972, 0.87323944, 0.44366197,
       0.91549296, 0.9028169 , 0.57746479, 0.95211268, 0.64788732,
       0.34929577, 0.68169014, 0.93380282, 0.88169014, 0.87746479,
       0.74929577, 0.49859155, 0.32394366, 0.89014085, 0.41126761,
       0.0084507 , 0.63661972, 0.38309859, 0.68169014, 0.73239437,
       0.84507042, 0.93943662, 0.68732394, 0.77464789, 0.89859155,
       0.18732394, 0.89859155, 0.94366197, 0.54366197, 0.78591549,
       0.82535211, 0.94929577, 0.91267606, 0.66760563, 0.95211268,
       0.93943662, 0.85774648, 0.91690141, 0.73380282, 0.35492958,
       0.94647887, 0.82535211, 0.53239437, 0.84788732, 0.21126761,
       0.53521127, 0.8084507 , 0.88450704, 0.18309859, 0.89577465,
       0.32957746, 0.81690141, 0.8943662 , 0.8       , 0.87746479,
       0.14929577, 0.92394366, 0.17746479, 0.95211268, 0.83661972,
       0.81971831, 0.94507042, 0.83943662, 0.07746479, 0.47464789,
       0.87605634, 0.41971831, 0.90422535, 0.61126761, 0.91830986,
       0.49295775, 0.09859155, 0.91549296, 0.91549296, 0.87887324,
       0.68591549, 0.70422535, 0.92394366, 0.51549296, 0.94084507,
       0.45352113, 0.18309859, 0.75774648, 0.77042254, 0.86760563,
       0.31267606, 0.95070423, 0.77464789, 0.73521127, 0.53239437,
       0.33239437, 0.89014085, 0.94647887, 0.3971831 , 0.80985915])}

split_conformal_aps_LogisticRegression full class metrics: {'class_coverage': array([0.89285714, 1.        , 1.        , 0.85      , 0.89285714,
       0.53333333, 0.94444444, 0.66666667, 0.86666667, 0.94444444,
       1.        , 0.86666667, 1.        , 0.86666667, 1.        ,
       0.95      , 1.        , 1.        , 1.        , 0.86666667,
       0.53333333, 0.66666667, 1.        , 0.94736842, 0.9375    ,
       0.91666667, 0.96428571, 1.        , 1.        , 0.88888889,
       0.89473684, 1.        , 1.        , 0.93333333, 0.93333333,
       0.625     , 0.92857143, 0.93333333, 1.        , 1.        ,
       0.9375    , 1.        , 0.94117647, 1.        , 0.93333333,
       1.        , 0.94444444, 0.88888889, 1.        , 0.6       ,
       1.        , 1.        , 1.        , 1.        , 0.89473684,
       0.53333333, 1.        , 0.93333333, 0.92857143, 0.93333333,
       0.76470588, 0.8125    , 0.94736842, 1.        , 1.        ,
       0.94117647, 1.        , 1.        , 0.89473684, 0.64285714,
       0.85714286, 0.85714286, 0.9375    , 1.        , 1.        ,
       0.6       , 1.        , 1.        , 0.86666667, 1.        ,
       0.89473684, 1.        , 0.70588235, 1.        , 1.        ,
       1.        , 0.84210526, 1.        , 1.        , 0.875     ,
       1.        , 0.6875    , 1.        , 0.93333333, 0.6875    ,
       0.73684211, 1.        , 1.        , 0.80769231, 0.73684211,
       1.        , 1.        , 0.86666667, 0.875     , 1.        ,
       0.93333333, 0.86666667, 0.8125    , 1.        , 0.9       ,
       1.        , 0.93333333, 0.5       , 0.86666667, 0.86666667,
       0.8125    , 1.        , 1.        , 1.        , 0.86666667,
       0.89473684, 0.75      , 0.88      , 1.        , 0.5       ,
       1.        , 1.        , 1.        , 1.        , 1.        ,
       0.8       , 1.        , 1.        , 0.64285714, 0.8       ,
       1.        , 1.        , 0.88888889, 0.4       , 1.        ,
       1.        , 0.93333333, 0.86666667, 0.93333333, 0.95652174,
       0.94736842, 0.93333333, 0.93333333, 1.        , 0.9375    ,
       0.94444444, 1.        , 0.64705882, 1.        , 0.82352941,
       1.        , 0.95454545, 0.85714286, 1.        , 1.        ,
       1.        , 1.        , 1.        , 1.        , 1.        ,
       0.94736842, 0.8       , 0.94117647, 0.93333333, 0.66666667,
       1.        , 0.875     , 0.95652174, 0.86666667, 1.        ,
       0.86666667, 0.53333333, 0.9375    , 1.        , 0.93333333,
       0.35294118, 1.        , 1.        , 0.86666667, 1.        ,
       0.93333333, 1.        , 0.625     , 1.        , 1.        ,
       1.        , 0.93333333, 1.        , 1.        , 0.85      ,
       1.        , 0.94117647, 1.        , 1.        , 0.23529412,
       0.8       , 0.66666667, 0.9375    , 0.75      , 0.66666667,
       1.        , 1.        , 0.8       , 1.        , 0.93333333,
       1.        , 1.        , 0.95      , 0.86666667, 1.        ,
       0.57894737, 1.        , 0.93333333, 0.75      , 0.9047619 ,
       1.        , 0.4375    , 1.        , 0.3125    , 0.69230769,
       1.        , 0.73333333, 1.        , 0.66666667, 1.        ,
       1.        , 1.        , 0.78571429, 0.88235294, 0.58823529,
       1.        , 1.        , 0.875     , 1.        , 0.93333333,
       1.        , 1.        , 0.72222222, 1.        , 0.89285714,
       0.9375    , 1.        , 0.5625    , 0.8125    , 0.86363636,
       0.9375    , 1.        , 1.        , 0.88888889, 0.8       ,
       1.        , 0.94444444, 1.        , 1.        , 0.65      ,
       1.        , 0.875     , 0.93333333, 1.        , 0.93333333,
       1.        , 0.94117647, 1.        , 0.92592593, 0.78571429,
       1.        , 1.        , 0.66666667, 0.93333333, 0.85714286,
       0.1875    , 0.77777778, 0.875     , 0.84615385, 1.        ,
       1.        , 1.        , 0.8       , 1.        , 1.        ,
       0.76470588, 1.        , 1.        , 1.        , 0.875     ,
       1.        , 1.        , 1.        , 0.75      , 1.        ,
       1.        , 1.        , 0.91666667, 0.9375    , 0.93333333,
       1.        , 0.93333333, 0.86666667, 0.92857143, 0.4       ,
       1.        , 0.6875    , 0.93333333, 0.93333333, 1.        ,
       0.94444444, 0.86666667, 1.        , 0.95652174, 1.        ,
       0.68181818, 1.        , 0.35714286, 1.        , 1.        ,
       0.94736842, 0.875     , 0.95454545, 0.375     , 0.92857143,
       1.        , 0.73333333, 1.        , 0.93333333, 1.        ,
       1.        , 0.66666667, 0.9375    , 1.        , 0.88235294,
       0.86363636, 0.88461538, 1.        , 0.88235294, 1.        ,
       0.7826087 , 0.8125    , 1.        , 0.8125    , 0.93333333,
       0.82352941, 1.        , 0.86666667, 0.8       , 0.84615385,
       0.85714286, 0.94117647, 1.        , 0.63157895, 0.83333333]), 'class_mean_width': array([273.89285714, 277.4375    , 328.4       , 106.45      ,
       249.17857143, 113.66666667, 292.88888889, 161.73333333,
       241.13333333, 323.38888889, 287.55555556, 268.        ,
       318.33333333, 238.26666667, 305.33333333, 256.95      ,
       327.5       , 269.73684211, 297.14285714, 287.4       ,
       134.46666667, 208.5       , 305.6875    , 252.78947368,
       282.        , 200.08333333, 289.5       , 272.86666667,
       269.53846154, 303.5       , 188.10526316, 287.46666667,
       316.88235294, 312.46666667, 221.73333333,  73.25      ,
       243.78571429, 313.4       , 172.42857143, 222.4375    ,
       284.1875    , 328.25      , 295.35294118, 297.13333333,
       325.13333333, 259.13333333, 282.94444444, 182.44444444,
       334.47368421, 121.5       , 284.66666667, 320.52941176,
       195.47058824, 334.5       , 222.36842105,  66.73333333,
       256.53333333, 254.33333333, 276.5       , 308.26666667,
       167.41176471, 236.375     , 236.26315789, 179.14285714,
       327.33333333, 123.35294118, 248.94444444, 241.88235294,
       242.36842105, 189.        , 257.35714286, 216.28571429,
       207.375     , 188.        , 239.4       , 136.53333333,
       320.625     , 197.31578947, 169.13333333, 280.4375    ,
       240.15789474, 234.57142857, 127.05882353, 256.52941176,
       322.25      , 289.57142857, 103.36842105, 163.86666667,
       333.57142857, 194.4375    , 300.66666667, 170.375     ,
       274.11764706, 253.26666667, 166.8125    ,  62.05263158,
       259.76470588, 244.73333333, 197.19230769, 232.21052632,
       124.1875    , 247.13333333, 189.13333333, 195.875     ,
       337.76470588, 287.33333333, 153.46666667, 118.625     ,
       300.14285714, 294.85      , 279.53333333, 261.53333333,
       135.78571429, 197.26666667, 211.46666667,  52.25      ,
       220.64285714, 300.        , 311.26666667, 287.4       ,
        55.78947368, 175.875     , 194.56      , 304.05555556,
        42.6875    , 261.47368421, 315.42857143, 275.64705882,
       274.1875    , 309.29411765, 244.6       , 301.78571429,
       276.26666667, 164.85714286, 201.93333333, 337.06666667,
       320.06666667, 148.11111111,  54.26666667, 326.9375    ,
       327.06666667, 265.        , 187.86666667, 122.06666667,
       296.86956522, 208.        , 203.        , 299.66666667,
       283.57142857, 278.5       , 160.27777778, 199.44444444,
       117.76470588, 308.375     , 114.29411765, 330.33333333,
       295.59090909, 252.42857143, 319.4       , 258.2       ,
       224.125     , 332.52631579, 323.85714286, 320.4       ,
       279.53333333, 260.        , 118.4       , 252.47058824,
       283.93333333, 137.38888889, 294.52941176, 233.8125    ,
       277.30434783, 199.26666667, 311.375     , 220.93333333,
        78.26666667, 180.6875    , 246.13333333, 245.2       ,
        77.64705882, 233.6875    , 250.875     , 312.8       ,
       275.46666667, 275.73333333, 326.        , 143.625     ,
       309.375     , 308.5       , 308.58823529, 216.33333333,
       315.93333333, 303.8       , 180.8       , 212.29411765,
       256.11764706, 307.66666667, 328.66666667,  66.82352941,
       212.        , 157.06666667, 269.0625    , 198.3125    ,
       169.61904762, 267.15789474, 281.04545455, 201.13333333,
       298.38095238, 294.93333333, 177.21428571, 289.125     ,
       314.95      , 190.86666667, 292.1875    ,  85.94736842,
       311.125     , 251.73333333, 200.8125    , 177.0952381 ,
       286.11764706,  46.6875    , 300.9375    ,  50.125     ,
       134.61538462, 306.86666667, 205.66666667, 312.14285714,
       118.33333333, 228.4375    , 221.42857143, 304.44444444,
       243.21428571, 166.70588235,  92.58823529, 168.13333333,
       288.        , 217.8125    , 330.6       , 290.6       ,
       308.26666667, 270.5       , 163.88888889, 244.5       ,
       182.14285714, 241.5       , 243.57142857,  81.8125    ,
       227.8125    , 151.22727273, 315.125     , 301.35714286,
       320.85714286, 137.33333333, 169.72      , 291.        ,
       135.55555556, 209.15789474, 306.52380952, 132.55      ,
       321.25      , 251.375     , 194.2       , 327.73333333,
       219.6       , 137.125     , 223.05882353, 331.4       ,
       264.33333333, 282.92857143, 244.8       , 181.05882353,
       133.93333333, 290.2       , 158.66666667,  24.875     ,
       166.77777778, 124.3125    , 206.69230769, 218.8       ,
       292.13333333, 326.65      , 197.73333333, 218.73913043,
       306.4       ,  81.70588235, 274.76470588, 329.13333333,
       165.17391304, 241.4375    , 264.61111111, 335.9       ,
       310.26086957, 222.75      , 336.5625    , 330.35714286,
       305.6875    , 291.16666667, 244.8125    , 125.46666667,
       334.57142857, 249.4       , 159.73333333, 273.07142857,
       122.6       , 191.        , 226.0625    , 254.2       ,
        80.        , 317.83333333, 131.83333333, 237.26666667,
       266.5       , 257.7826087 , 296.4       ,  61.31818182,
       321.26315789, 107.64285714, 325.21428571, 279.26315789,
       262.05263158, 270.875     , 283.18181818,  83.8125    ,
       170.57142857, 292.93333333, 149.2       , 270.5       ,
       208.86666667, 310.88888889, 129.4       ,  75.5       ,
       294.3125    , 322.73333333, 268.52941176, 214.27272727,
       216.65384615, 316.33333333, 197.35294118, 322.23529412,
       144.56521739,  91.125     , 259.93333333, 225.5625    ,
       279.8       , 117.05882353, 337.        , 251.13333333,
       215.33333333, 189.07692308, 137.28571429, 291.05882353,
       332.15789474, 127.94736842, 213.83333333]), 'class_median_width': array([327. , 309.5, 336. ,  84.5, 299.5,  50. , 329. , 199. , 278. ,
       336. , 318. , 317. , 334.5, 323. , 312. , 292.5, 329. , 296. ,
       325. , 337. , 123. , 183.5, 306. , 304. , 315. , 209.5, 316. ,
       280. , 280. , 331. , 226. , 310. , 320. , 325. , 255. ,  18. ,
       278. , 330. , 183. , 220. , 309. , 333. , 328. , 332. , 340. ,
       301. , 322. , 258. , 341. ,  93. , 304. , 338. , 237. , 336. ,
       255. ,   9. , 289. , 283. , 332. , 331. , 168. , 310. , 285. ,
       187.5, 329. , 131. , 262. , 294. , 289. , 233.5, 311.5, 292. ,
       219. , 187. , 256. , 109. , 328. , 208. , 205. , 293.5, 293. ,
       240. , 117. , 263. , 327.5, 301. ,  75. , 169. , 336.5, 232. ,
       318. , 202. , 303. , 274. , 203.5,  43. , 257. , 283. , 226. ,
       223. , 141.5, 280. , 193. , 218.5, 338. , 317. , 186. ,  86.5,
       311. , 334.5, 310. , 318. ,  43.5, 197. , 280. ,  16. , 235. ,
       317. , 312. , 334. ,  24. , 187.5, 221. , 314.5,  10. , 315. ,
       339. , 291. , 303. , 313. , 297. , 313. , 302. , 155.5, 293. ,
       339. , 325. , 158. ,  40. , 330. , 329. , 306. , 232. , 132. ,
       313. , 211. , 234. , 323. , 302. , 299.5, 182.5, 215. ,  74. ,
       312. ,  64. , 333. , 308. , 317. , 322. , 268. , 231.5, 339. ,
       337. , 333. , 307. , 325. , 129. , 310. , 328. , 145.5, 298. ,
       295. , 304. , 236. , 312.5, 259. ,  36. , 190. , 298. , 277. ,
        24. , 231.5, 306.5, 341. , 287. , 307. , 337. , 147. , 314. ,
       310.5, 319. , 211. , 319. , 319. , 210.5, 227. , 284. , 313. ,
       333. ,  23. , 238. , 182. , 296. , 225. , 162. , 292. , 317.5,
       226. , 312. , 315. , 179.5, 313. , 327. , 197. , 306. ,  53. ,
       322. , 301. , 246.5, 232. , 296. ,  16.5, 308.5,  15.5, 181. ,
       324. , 262. , 316. , 103. , 248. , 221. , 320.5, 331. , 188. ,
        85. , 165. , 313. , 286. , 334. , 306. , 314. , 307.5, 142.5,
       246.5, 189. , 287. , 259.5,  60.5, 321.5, 177. , 338.5, 314.5,
       323. , 117.5, 234. , 314. , 148. , 226. , 310. , 157.5, 325. ,
       320.5, 205. , 338. , 230. , 124. , 242. , 331.5, 313. , 311.5,
       266. , 177. , 115. , 316. , 146. ,   3. , 226. , 136. , 242. ,
       260. , 300. , 333.5, 244. , 275. , 319. ,  66.5, 319. , 335. ,
       193. , 279. , 293. , 337. , 324. , 237. , 338. , 333.5, 304.5,
       325.5, 260.5, 126. , 336. , 293. , 189. , 301. ,  75. , 190. ,
       287. , 314. ,  65. , 318. , 117. , 290. , 317.5, 284. , 311.5,
        53. , 328. ,  63. , 338. , 297. , 291. , 335.5, 298. ,  27.5,
       168.5, 311. , 149. , 321. , 217. , 326. , 175. ,  35. , 325. ,
       325. , 312. , 243.5, 250. , 328. , 183. , 334. , 161. ,  65. ,
       269. , 273.5, 308. , 111. , 337.5, 275. , 261. , 189. , 118. ,
       316. , 336. , 141. , 287.5]), 'class_mean_width_scaled': array([0.77152918, 0.78151408, 0.92507042, 0.29985915, 0.70191147,
       0.32018779, 0.82503912, 0.45558685, 0.67924883, 0.91095462,
       0.81001565, 0.75492958, 0.89671362, 0.67117371, 0.8600939 ,
       0.72380282, 0.92253521, 0.75982209, 0.83702213, 0.80957746,
       0.37877934, 0.58732394, 0.86109155, 0.71208302, 0.7943662 ,
       0.56361502, 0.81549296, 0.7686385 , 0.75926327, 0.85492958,
       0.52987398, 0.80976526, 0.89262635, 0.88018779, 0.62460094,
       0.20633803, 0.68672032, 0.8828169 , 0.48571429, 0.62658451,
       0.80052817, 0.92464789, 0.83198012, 0.83699531, 0.91586854,
       0.72995305, 0.7970266 , 0.51392801, 0.94217939, 0.34225352,
       0.80187793, 0.90289975, 0.55062138, 0.94225352, 0.62638992,
       0.18798122, 0.72262911, 0.71643192, 0.77887324, 0.86835681,
       0.47158244, 0.66584507, 0.66553002, 0.50462777, 0.92206573,
       0.34747307, 0.70125196, 0.68135874, 0.68272795, 0.53239437,
       0.7249497 , 0.60925553, 0.58415493, 0.52957746, 0.6743662 ,
       0.38460094, 0.90316901, 0.55581913, 0.47643192, 0.78996479,
       0.67650111, 0.66076459, 0.35791218, 0.72261806, 0.90774648,
       0.81569416, 0.29117865, 0.46159624, 0.93963783, 0.54771127,
       0.84694836, 0.47992958, 0.77216239, 0.71342723, 0.46989437,
       0.17479615, 0.73173157, 0.68938967, 0.55547129, 0.65411416,
       0.34982394, 0.69615023, 0.53276995, 0.55176056, 0.95144988,
       0.80938967, 0.43230047, 0.33415493, 0.84547284, 0.83056338,
       0.78741784, 0.73671362, 0.38249497, 0.55568075, 0.59568075,
       0.1471831 , 0.62152918, 0.84507042, 0.87680751, 0.80957746,
       0.15715345, 0.49542254, 0.54805634, 0.85649452, 0.12024648,
       0.73654559, 0.88853119, 0.77647059, 0.77235915, 0.87125104,
       0.68901408, 0.8501006 , 0.77821596, 0.46438632, 0.56882629,
       0.94948357, 0.90159624, 0.4172144 , 0.15286385, 0.9209507 ,
       0.92131455, 0.74647887, 0.52920188, 0.34384977, 0.8362523 ,
       0.58591549, 0.57183099, 0.84413146, 0.79879276, 0.78450704,
       0.4514867 , 0.56181534, 0.33173157, 0.86866197, 0.32195526,
       0.93051643, 0.83265045, 0.7110664 , 0.89971831, 0.72732394,
       0.63133803, 0.93669385, 0.91227364, 0.90253521, 0.78741784,
       0.73239437, 0.33352113, 0.71118476, 0.79981221, 0.38701095,
       0.82966031, 0.65862676, 0.78113901, 0.56131455, 0.87711268,
       0.62234742, 0.22046948, 0.50897887, 0.69333333, 0.69070423,
       0.21872411, 0.65827465, 0.70669014, 0.88112676, 0.77596244,
       0.77671362, 0.91830986, 0.40457746, 0.87147887, 0.86901408,
       0.86926263, 0.60938967, 0.88995305, 0.85577465, 0.50929577,
       0.5980116 , 0.72145816, 0.86666667, 0.9258216 , 0.18823529,
       0.5971831 , 0.44244131, 0.75792254, 0.55862676, 0.47780013,
       0.75255745, 0.79167734, 0.56657277, 0.84050973, 0.83079812,
       0.49919517, 0.81443662, 0.8871831 , 0.53765258, 0.82306338,
       0.24210526, 0.87640845, 0.70910798, 0.56566901, 0.49885983,
       0.8059652 , 0.13151408, 0.84771127, 0.14119718, 0.37919827,
       0.86441315, 0.57934272, 0.87927565, 0.33333333, 0.64348592,
       0.62374245, 0.85758998, 0.68511066, 0.46959403, 0.26081193,
       0.47361502, 0.81126761, 0.61355634, 0.93126761, 0.81859155,
       0.86835681, 0.76197183, 0.46165884, 0.68873239, 0.51307847,
       0.68028169, 0.6861167 , 0.23045775, 0.64172535, 0.42599232,
       0.88767606, 0.84889336, 0.90382294, 0.38685446, 0.47808451,
       0.81971831, 0.38184664, 0.58917717, 0.86344735, 0.37338028,
       0.90492958, 0.70809859, 0.54704225, 0.92319249, 0.61859155,
       0.38626761, 0.62833471, 0.93352113, 0.74460094, 0.79698189,
       0.68957746, 0.51002486, 0.377277  , 0.81746479, 0.44694836,
       0.07007042, 0.46979656, 0.35017606, 0.58223185, 0.61633803,
       0.8229108 , 0.92014085, 0.55699531, 0.61616656, 0.86309859,
       0.23015742, 0.77398509, 0.92713615, 0.46527863, 0.68010563,
       0.74538341, 0.94619718, 0.87397428, 0.62746479, 0.94806338,
       0.9305835 , 0.86109155, 0.82018779, 0.68961268, 0.35342723,
       0.94245473, 0.70253521, 0.44995305, 0.76921529, 0.34535211,
       0.53802817, 0.63679577, 0.71605634, 0.22535211, 0.89530516,
       0.3713615 , 0.66835681, 0.75070423, 0.72614819, 0.83492958,
       0.17272727, 0.90496664, 0.30321932, 0.91609658, 0.78665678,
       0.73817643, 0.76302817, 0.79769526, 0.23609155, 0.4804829 ,
       0.82516432, 0.42028169, 0.76197183, 0.58835681, 0.87574335,
       0.36450704, 0.21267606, 0.8290493 , 0.90910798, 0.75642088,
       0.60358515, 0.61029252, 0.89107981, 0.55592378, 0.90770505,
       0.40722596, 0.25669014, 0.73220657, 0.63538732, 0.78816901,
       0.32974316, 0.94929577, 0.70741784, 0.60657277, 0.53261105,
       0.38672032, 0.81988401, 0.93565604, 0.36041512, 0.60234742]), 'class_median_width_scaled': array([0.92112676, 0.87183099, 0.94647887, 0.23802817, 0.84366197,
       0.14084507, 0.92676056, 0.56056338, 0.78309859, 0.94647887,
       0.89577465, 0.89295775, 0.94225352, 0.90985915, 0.87887324,
       0.82394366, 0.92676056, 0.83380282, 0.91549296, 0.94929577,
       0.34647887, 0.51690141, 0.86197183, 0.85633803, 0.88732394,
       0.59014085, 0.89014085, 0.78873239, 0.78873239, 0.93239437,
       0.63661972, 0.87323944, 0.90140845, 0.91549296, 0.71830986,
       0.05070423, 0.78309859, 0.92957746, 0.51549296, 0.61971831,
       0.87042254, 0.93802817, 0.92394366, 0.93521127, 0.95774648,
       0.84788732, 0.90704225, 0.72676056, 0.96056338, 0.26197183,
       0.85633803, 0.95211268, 0.66760563, 0.94647887, 0.71830986,
       0.02535211, 0.81408451, 0.7971831 , 0.93521127, 0.93239437,
       0.47323944, 0.87323944, 0.8028169 , 0.52816901, 0.92676056,
       0.36901408, 0.73802817, 0.82816901, 0.81408451, 0.65774648,
       0.87746479, 0.82253521, 0.61690141, 0.52676056, 0.72112676,
       0.30704225, 0.92394366, 0.58591549, 0.57746479, 0.82676056,
       0.82535211, 0.67605634, 0.32957746, 0.74084507, 0.92253521,
       0.84788732, 0.21126761, 0.47605634, 0.94788732, 0.65352113,
       0.89577465, 0.56901408, 0.85352113, 0.77183099, 0.57323944,
       0.12112676, 0.72394366, 0.7971831 , 0.63661972, 0.62816901,
       0.39859155, 0.78873239, 0.54366197, 0.61549296, 0.95211268,
       0.89295775, 0.52394366, 0.24366197, 0.87605634, 0.94225352,
       0.87323944, 0.89577465, 0.12253521, 0.55492958, 0.78873239,
       0.04507042, 0.66197183, 0.89295775, 0.87887324, 0.94084507,
       0.06760563, 0.52816901, 0.62253521, 0.88591549, 0.02816901,
       0.88732394, 0.95492958, 0.81971831, 0.85352113, 0.88169014,
       0.83661972, 0.88169014, 0.85070423, 0.43802817, 0.82535211,
       0.95492958, 0.91549296, 0.44507042, 0.11267606, 0.92957746,
       0.92676056, 0.86197183, 0.65352113, 0.37183099, 0.88169014,
       0.5943662 , 0.65915493, 0.90985915, 0.85070423, 0.84366197,
       0.51408451, 0.6056338 , 0.2084507 , 0.87887324, 0.18028169,
       0.93802817, 0.86760563, 0.89295775, 0.90704225, 0.75492958,
       0.65211268, 0.95492958, 0.94929577, 0.93802817, 0.86478873,
       0.91549296, 0.36338028, 0.87323944, 0.92394366, 0.40985915,
       0.83943662, 0.83098592, 0.85633803, 0.66478873, 0.88028169,
       0.72957746, 0.10140845, 0.53521127, 0.83943662, 0.78028169,
       0.06760563, 0.65211268, 0.86338028, 0.96056338, 0.8084507 ,
       0.86478873, 0.94929577, 0.41408451, 0.88450704, 0.87464789,
       0.89859155, 0.5943662 , 0.89859155, 0.89859155, 0.59295775,
       0.63943662, 0.8       , 0.88169014, 0.93802817, 0.06478873,
       0.67042254, 0.51267606, 0.83380282, 0.63380282, 0.45633803,
       0.82253521, 0.8943662 , 0.63661972, 0.87887324, 0.88732394,
       0.5056338 , 0.88169014, 0.92112676, 0.55492958, 0.86197183,
       0.14929577, 0.90704225, 0.84788732, 0.6943662 , 0.65352113,
       0.83380282, 0.04647887, 0.86901408, 0.04366197, 0.50985915,
       0.91267606, 0.73802817, 0.89014085, 0.29014085, 0.69859155,
       0.62253521, 0.9028169 , 0.93239437, 0.52957746, 0.23943662,
       0.46478873, 0.88169014, 0.8056338 , 0.94084507, 0.86197183,
       0.88450704, 0.86619718, 0.40140845, 0.6943662 , 0.53239437,
       0.8084507 , 0.73098592, 0.17042254, 0.9056338 , 0.49859155,
       0.95352113, 0.88591549, 0.90985915, 0.33098592, 0.65915493,
       0.88450704, 0.41690141, 0.63661972, 0.87323944, 0.44366197,
       0.91549296, 0.9028169 , 0.57746479, 0.95211268, 0.64788732,
       0.34929577, 0.68169014, 0.93380282, 0.88169014, 0.87746479,
       0.74929577, 0.49859155, 0.32394366, 0.89014085, 0.41126761,
       0.0084507 , 0.63661972, 0.38309859, 0.68169014, 0.73239437,
       0.84507042, 0.93943662, 0.68732394, 0.77464789, 0.89859155,
       0.18732394, 0.89859155, 0.94366197, 0.54366197, 0.78591549,
       0.82535211, 0.94929577, 0.91267606, 0.66760563, 0.95211268,
       0.93943662, 0.85774648, 0.91690141, 0.73380282, 0.35492958,
       0.94647887, 0.82535211, 0.53239437, 0.84788732, 0.21126761,
       0.53521127, 0.8084507 , 0.88450704, 0.18309859, 0.89577465,
       0.32957746, 0.81690141, 0.8943662 , 0.8       , 0.87746479,
       0.14929577, 0.92394366, 0.17746479, 0.95211268, 0.83661972,
       0.81971831, 0.94507042, 0.83943662, 0.07746479, 0.47464789,
       0.87605634, 0.41971831, 0.90422535, 0.61126761, 0.91830986,
       0.49295775, 0.09859155, 0.91549296, 0.91549296, 0.87887324,
       0.68591549, 0.70422535, 0.92394366, 0.51549296, 0.94084507,
       0.45352113, 0.18309859, 0.75774648, 0.77042254, 0.86760563,
       0.31267606, 0.95070423, 0.77464789, 0.73521127, 0.53239437,
       0.33239437, 0.89014085, 0.94647887, 0.3971831 , 0.80985915])}

Job completed at Wed Mar 19 06:21:45 PM PDT 2025
