Starting job at Thu Mar 20 05:03:13 PM PDT 2025
Job parameters:
Dataset: data_dionis
UQ Method: split_conformal_aps
Estimator: LogisticRegression
Seed: 778
Train Size: 0.8
Running split_conformal_aps on data_dionis with seed 778 and train size 0.8

starting experiment

data created

Fitting split_conformal_aps_LogisticRegression on data_dionis with seed 778

split_conformal_aps_LogisticRegression metrics: {'coverage': np.float64(0.9085), 'mean_width': np.float64(305.051), 'median_width': np.float64(350.0), 'mean_width_scaled': np.float64(0.8592985915492958), 'median_width_scaled': np.float64(0.9859154929577465)}

split_conformal_aps_LogisticRegression full metrics: {'coverage': np.float64(0.9085), 'mean_width': np.float64(305.051), 'median_width': np.float64(350.0), 'mean_width_scaled': np.float64(0.8592985915492958), 'median_width_scaled': np.float64(0.9859154929577465)}

split_conformal_aps_LogisticRegression class metrics: {'class_coverage': array([0.85714286, 1.        , 0.93333333, 0.7       , 0.89285714,
       0.6       , 0.88888889, 0.86666667, 0.93333333, 1.        ,
       1.        , 1.        , 1.        , 0.93333333, 1.        ,
       0.95      , 1.        , 1.        , 1.        , 0.93333333,
       0.8       , 0.66666667, 1.        , 0.94736842, 1.        ,
       0.97222222, 1.        , 1.        , 1.        , 1.        ,
       1.        , 1.        , 0.94117647, 1.        , 0.93333333,
       0.5625    , 1.        , 1.        , 0.92857143, 0.9375    ,
       0.875     , 1.        , 1.        , 0.93333333, 1.        ,
       1.        , 0.88888889, 0.94444444, 1.        , 0.75      ,
       0.93333333, 0.94117647, 0.94117647, 1.        , 0.89473684,
       0.73333333, 0.93333333, 0.86666667, 1.        , 1.        ,
       0.52941176, 0.8125    , 0.89473684, 0.92857143, 1.        ,
       1.        , 1.        , 1.        , 1.        , 0.71428571,
       1.        , 0.85714286, 0.9375    , 0.93333333, 0.93333333,
       0.53333333, 1.        , 0.84210526, 0.8       , 1.        ,
       0.78947368, 0.95238095, 0.76470588, 0.94117647, 1.        ,
       1.        , 0.68421053, 1.        , 1.        , 1.        ,
       1.        , 0.8125    , 1.        , 0.93333333, 0.6875    ,
       0.63157895, 1.        , 1.        , 0.96153846, 0.94736842,
       0.875     , 1.        , 0.86666667, 0.9375    , 1.        ,
       1.        , 0.86666667, 0.9375    , 1.        , 1.        ,
       1.        , 0.93333333, 0.57142857, 0.26666667, 0.86666667,
       0.5       , 1.        , 1.        , 1.        , 0.93333333,
       1.        , 0.6875    , 0.84      , 1.        , 0.5625    ,
       1.        , 1.        , 0.94117647, 1.        , 1.        ,
       0.9       , 1.        , 1.        , 0.71428571, 0.93333333,
       1.        , 1.        , 0.88888889, 0.33333333, 1.        ,
       1.        , 1.        , 0.73333333, 0.73333333, 0.95652174,
       0.78947368, 1.        , 1.        , 1.        , 1.        ,
       0.77777778, 1.        , 0.82352941, 1.        , 0.94117647,
       1.        , 1.        , 0.9       , 1.        , 1.        ,
       1.        , 1.        , 1.        , 1.        , 1.        ,
       0.89473684, 0.8       , 1.        , 0.93333333, 0.72222222,
       0.94117647, 0.75      , 1.        , 0.66666667, 1.        ,
       1.        , 0.53333333, 1.        , 1.        , 0.93333333,
       0.52941176, 0.9375    , 0.75      , 0.93333333, 1.        ,
       0.73333333, 1.        , 0.625     , 1.        , 1.        ,
       1.        , 1.        , 1.        , 0.86666667, 0.9       ,
       1.        , 1.        , 1.        , 1.        , 0.27777778,
       0.6       , 1.        , 0.9375    , 0.75      , 0.80952381,
       1.        , 0.95454545, 0.93333333, 1.        , 1.        ,
       1.        , 1.        , 1.        , 0.93333333, 1.        ,
       1.        , 1.        , 0.93333333, 0.8125    , 0.9047619 ,
       0.9375    , 0.6875    , 1.        , 0.625     , 0.61538462,
       1.        , 1.        , 1.        , 0.86666667, 0.9375    ,
       0.80952381, 1.        , 1.        , 0.76470588, 0.94117647,
       1.        , 1.        , 0.875     , 1.        , 1.        ,
       1.        , 1.        , 1.        , 1.        , 0.82142857,
       0.875     , 1.        , 0.5625    , 0.9375    , 0.90909091,
       0.9375    , 1.        , 1.        , 0.55555556, 0.72      ,
       1.        , 1.        , 0.94736842, 1.        , 0.95      ,
       1.        , 0.875     , 1.        , 1.        , 1.        ,
       1.        , 0.94117647, 1.        , 0.88888889, 1.        ,
       1.        , 1.        , 0.93333333, 1.        , 0.80952381,
       0.3125    , 0.77777778, 0.875     , 1.        , 1.        ,
       0.93333333, 1.        , 0.66666667, 1.        , 1.        ,
       0.52941176, 1.        , 0.93333333, 0.7826087 , 1.        ,
       1.        , 1.        , 1.        , 0.9375    , 1.        ,
       1.        , 1.        , 0.95833333, 1.        , 1.        ,
       1.        , 1.        , 0.93333333, 0.92857143, 0.73333333,
       1.        , 0.8125    , 1.        , 0.8       , 1.        ,
       0.82352941, 1.        , 1.        , 0.95652174, 1.        ,
       0.5       , 1.        , 0.57142857, 1.        , 0.95      ,
       1.        , 0.9375    , 1.        , 0.5625    , 1.        ,
       1.        , 0.73333333, 0.875     , 1.        , 1.        ,
       0.93333333, 0.88888889, 0.9375    , 0.93333333, 1.        ,
       0.95454545, 0.84615385, 1.        , 0.94117647, 1.        ,
       0.95652174, 0.9375    , 1.        , 0.875     , 0.93333333,
       0.66666667, 1.        , 0.86666667, 0.86666667, 0.84615385,
       0.78571429, 0.94117647, 1.        , 0.52631579, 1.        ]), 'class_mean_width': array([300.57142857, 350.125     , 328.6       , 242.45      ,
       279.89285714, 231.26666667, 315.72222222, 281.46666667,
       317.86666667, 351.22222222, 338.66666667, 324.46666667,
       346.        , 323.4       , 351.66666667, 329.95      ,
       352.25      , 338.        , 345.14285714, 315.66666667,
       228.86666667, 230.08333333, 350.1875    , 325.47368421,
       351.3125    , 298.88888889, 348.10714286, 351.73333333,
       346.61538462, 351.5       , 314.89473684, 337.93333333,
       333.35294118, 350.13333333, 311.53333333, 162.875     ,
       340.5       , 351.53333333, 289.78571429, 321.5       ,
       312.375     , 345.875     , 347.52941176, 330.53333333,
       343.8       , 327.26666667, 319.33333333, 269.72222222,
       350.26315789, 264.9       , 326.46666667, 338.64705882,
       232.47058824, 349.66666667, 277.        , 106.86666667,
       333.33333333, 295.06666667, 349.78571429, 350.8       ,
       246.11764706, 263.125     , 311.15789474, 317.28571429,
       350.86666667, 327.94117647, 341.22222222, 346.05882353,
       323.42105263, 248.5       , 315.07142857, 276.38095238,
       314.8125    , 307.13333333, 335.73333333, 179.86666667,
       351.5       , 334.26315789, 249.4       , 350.1875    ,
       296.        , 329.80952381, 191.29411765, 321.76470588,
       350.375     , 350.85714286, 144.10526316, 350.33333333,
       352.5       , 348.0625    , 332.8       , 263.1875    ,
       350.11764706, 325.86666667, 214.1875    , 142.84210526,
       333.94117647, 344.06666667, 275.        , 324.26315789,
       291.8125    , 307.53333333, 304.46666667, 308.6875    ,
       350.29411765, 327.4       , 276.        , 285.4375    ,
       347.92857143, 321.65      , 349.53333333, 285.2       ,
       160.28571429, 321.46666667, 300.73333333, 137.3125    ,
       350.35714286, 349.8125    , 343.6       , 327.53333333,
       266.36842105, 267.0625    , 266.52      , 350.83333333,
       100.6875    , 346.57894737, 343.35714286, 322.23529412,
       336.4375    , 349.47058824, 300.75      , 350.57142857,
       349.73333333, 263.07142857, 328.4       , 350.53333333,
       351.26666667, 290.16666667, 180.26666667, 351.8125    ,
       348.93333333, 330.13333333, 220.33333333, 293.26666667,
       341.91304348, 252.31578947, 281.13333333, 349.2       ,
       325.71428571, 350.75      , 274.        , 345.77777778,
       191.17647059, 349.        , 239.        , 351.72222222,
       350.22727273, 313.35      , 351.53333333, 349.8       ,
       277.25      , 352.42105263, 347.07142857, 343.06666667,
       343.93333333, 321.84210526, 269.33333333, 349.23529412,
       326.6       , 186.        , 326.29411765, 260.3125    ,
       350.7826087 , 224.26666667, 348.8125    , 350.26666667,
       171.06666667, 344.875     , 340.86666667, 333.06666667,
       171.88235294, 330.8125    , 250.625     , 327.66666667,
       351.66666667, 272.2       , 351.        , 175.3125    ,
       349.6875    , 350.77777778, 351.05882353, 350.86666667,
       351.13333333, 303.93333333, 257.05      , 344.11764706,
       350.88235294, 344.8       , 351.46666667, 129.27777778,
       287.2       , 285.6       , 339.3125    , 192.1875    ,
       192.47619048, 347.21052632, 336.59090909, 281.53333333,
       342.33333333, 348.93333333, 347.14285714, 346.5       ,
       350.8       , 323.        , 350.25      , 262.73684211,
       350.0625    , 322.        , 288.25      , 274.61904762,
       326.8125    , 203.        , 347.25      , 105.375     ,
       172.46153846, 347.66666667, 316.93333333, 349.35714286,
       297.        , 321.0625    , 299.47619048, 342.61111111,
       317.85714286, 289.76470588, 168.        , 321.46666667,
       345.4375    , 304.4375    , 350.53333333, 351.93333333,
       350.4       , 327.45454545, 290.44444444, 350.3       ,
       277.89285714, 287.        , 340.        , 192.5625    ,
       274.0625    , 291.45454545, 323.5625    , 348.92857143,
       351.21428571, 191.61111111, 251.4       , 345.6       ,
       305.61111111, 319.10526316, 346.04761905, 247.7       ,
       351.4       , 298.75      , 350.73333333, 351.8       ,
       345.86666667, 313.8125    , 322.64705882, 351.35      ,
       292.22222222, 349.07142857, 339.4       , 350.23529412,
       247.66666667, 351.06666667, 246.95238095,  93.125     ,
       295.66666667, 254.9375    , 318.07692308, 345.        ,
       342.06666667, 351.2       , 232.13333333, 333.39130435,
       342.73333333, 172.55882353, 330.38888889, 328.4       ,
       243.04347826, 338.125     , 341.72222222, 351.7       ,
       352.17391304, 295.8125    , 352.        , 351.85714286,
       335.25      , 335.625     , 332.375     , 292.        ,
       351.78571429, 324.8       , 290.8       , 304.28571429,
       232.46666667, 348.66666667, 276.1875    , 349.93333333,
       157.33333333, 351.52941176, 280.64705882, 349.93333333,
       339.78571429, 338.17391304, 351.65      , 145.54545455,
       350.47368421, 177.92857143, 351.78571429, 336.25      ,
       347.36842105, 323.625     , 348.40909091, 190.3125    ,
       335.14285714, 351.26666667, 301.26666667, 293.3125    ,
       350.66666667, 330.5       , 250.13333333, 157.66666667,
       324.5625    , 328.4       , 349.23529412, 333.45454545,
       289.46153846, 350.73333333, 303.64705882, 349.35294118,
       333.13043478, 180.5625    , 348.86666667, 308.3125    ,
       304.53333333, 247.88888889, 351.75      , 304.6       ,
       274.73333333, 281.15384615, 243.14285714, 319.58823529,
       350.84210526, 207.21052632, 344.77777778]), 'class_median_width': array([350.5, 350.5, 352. , 330. , 348.5, 336. , 352. , 342. , 350. ,
       352. , 351. , 352. , 352. , 350. , 352. , 351. , 352. , 352. ,
       352. , 351. , 324. , 333.5, 350. , 351. , 351.5, 345.5, 351. ,
       352. , 349. , 352. , 345. , 348. , 351. , 350. , 349. , 228. ,
       348.5, 351. , 320.5, 349. , 351. , 351. , 352. , 353. , 352. ,
       349. , 351.5, 336. , 352. , 343.5, 351. , 352. , 337. , 352. ,
       335. ,  36. , 351. , 352. , 351. , 351. , 286. , 351. , 353. ,
       349. , 351. , 345. , 351. , 351. , 352. , 332. , 347. , 350. ,
       342.5, 348. , 352. , 165. , 352. , 349. , 337. , 350. , 344. ,
       351. , 277. , 350. , 351. , 351. ,  63. , 351. , 352. , 349.5,
       352. , 331. , 351. , 351. , 269.5, 133. , 345. , 349. , 342. ,
       349. , 333. , 341. , 348. , 350. , 352. , 351. , 341. , 336.5,
       349. , 352. , 351. , 352. , 114.5, 349. , 349. ,  87. , 350.5,
       351. , 350. , 352. , 307. , 352. , 331. , 351.5,  31.5, 349. ,
       352. , 349. , 351. , 350. , 343.5, 351. , 351. , 335. , 350. ,
       352. , 351. , 350. , 267. , 352. , 351. , 353. , 328. , 345. ,
       351. , 332. , 319. , 351. , 350.5, 351. , 345.5, 348. , 220. ,
       351. , 247. , 352. , 351. , 347.5, 352. , 351. , 339.5, 353. ,
       352. , 352. , 349. , 352. , 346. , 353. , 352. , 252. , 350. ,
       350. , 351. , 295. , 350.5, 351. , 108. , 347.5, 346. , 347. ,
        73. , 351. , 350. , 352. , 352. , 351. , 352. , 203.5, 350. ,
       351. , 351. , 351. , 352. , 352. , 334. , 349. , 351. , 351. ,
       351. ,  61. , 335. , 341. , 350. , 202.5, 221. , 351. , 352. ,
       339. , 351. , 351. , 349. , 349. , 351. , 348. , 351. , 306. ,
       351. , 351. , 349.5, 345. , 351. , 262.5, 351. ,  54.5, 124. ,
       351. , 345. , 351. , 324. , 346. , 349. , 352.5, 352. , 335. ,
       148. , 344. , 352. , 351.5, 352. , 352. , 351. , 350. , 323. ,
       352. , 340.5, 342. , 349. , 225. , 349.5, 342.5, 352. , 350. ,
       351. , 208.5, 288. , 351. , 336. , 348. , 350. , 287.5, 352. ,
       353. , 351. , 352. , 350. , 341. , 350. , 351. , 351. , 352. ,
       348. , 350. , 314. , 352. , 322. ,  13.5, 347. , 334. , 351. ,
       349. , 351. , 351. , 327. , 348. , 348. , 127. , 351.5, 352. ,
       334. , 351. , 350. , 352. , 352. , 348. , 352. , 352. , 350. ,
       350. , 348. , 328. , 352. , 350. , 330. , 350. , 285. , 349. ,
       337. , 351. , 161. , 352. , 312. , 352. , 352. , 351. , 352. ,
       102. , 351. , 190. , 352. , 351. , 351. , 352. , 349. , 256.5,
       350. , 352. , 337. , 349. , 352. , 352. , 266. , 124. , 352. ,
       352. , 351. , 350. , 350. , 352. , 329. , 351. , 350. , 155. ,
       351. , 350. , 348. , 296.5, 352. , 349. , 351. , 347. , 288. ,
       349. , 352. , 277. , 353. ]), 'class_mean_width_scaled': array([0.84668008, 0.98626761, 0.9256338 , 0.68295775, 0.78843058,
       0.6514554 , 0.88935837, 0.79286385, 0.89539906, 0.98935837,
       0.95399061, 0.91399061, 0.97464789, 0.91098592, 0.99061033,
       0.92943662, 0.99225352, 0.95211268, 0.9722334 , 0.88920188,
       0.64469484, 0.64812207, 0.98644366, 0.91682728, 0.98961268,
       0.84194053, 0.9805835 , 0.99079812, 0.97638137, 0.99014085,
       0.88702743, 0.95192488, 0.93902237, 0.98629108, 0.87755869,
       0.45880282, 0.95915493, 0.99023474, 0.81629779, 0.9056338 ,
       0.87992958, 0.97429577, 0.97895609, 0.93107981, 0.9684507 ,
       0.92187793, 0.89953052, 0.75978091, 0.98665678, 0.74619718,
       0.91962441, 0.95393538, 0.65484673, 0.98497653, 0.78028169,
       0.30103286, 0.93896714, 0.83117371, 0.98531187, 0.98816901,
       0.69328915, 0.74119718, 0.87650111, 0.89376258, 0.98835681,
       0.92377796, 0.96118936, 0.97481359, 0.91104522, 0.7       ,
       0.88752515, 0.77853789, 0.88679577, 0.86516432, 0.9457277 ,
       0.50666667, 0.99014085, 0.94158636, 0.70253521, 0.98644366,
       0.83380282, 0.92904091, 0.53885667, 0.90637945, 0.98697183,
       0.98832998, 0.40593032, 0.98685446, 0.99295775, 0.98045775,
       0.93746479, 0.74137324, 0.98624689, 0.91793427, 0.60334507,
       0.40237213, 0.94067937, 0.96920188, 0.77464789, 0.91341735,
       0.82200704, 0.86629108, 0.85765258, 0.86954225, 0.98674399,
       0.92225352, 0.77746479, 0.8040493 , 0.98008048, 0.90605634,
       0.98460094, 0.80338028, 0.45150905, 0.90553991, 0.84713615,
       0.38679577, 0.98692153, 0.98538732, 0.96788732, 0.92262911,
       0.75033358, 0.75228873, 0.75076056, 0.98826291, 0.28362676,
       0.97627872, 0.96720322, 0.90770505, 0.94771127, 0.98442419,
       0.8471831 , 0.98752515, 0.98516432, 0.74104628, 0.92507042,
       0.98741784, 0.98948357, 0.81737089, 0.50779343, 0.99102113,
       0.9829108 , 0.92995305, 0.62065728, 0.82610329, 0.96313533,
       0.7107487 , 0.79192488, 0.98366197, 0.91750503, 0.98802817,
       0.77183099, 0.97402191, 0.53852527, 0.98309859, 0.67323944,
       0.99076682, 0.9865557 , 0.88267606, 0.99023474, 0.98535211,
       0.78098592, 0.99273536, 0.977666  , 0.96638498, 0.96882629,
       0.90659748, 0.75868545, 0.98376139, 0.92      , 0.52394366,
       0.91913836, 0.73327465, 0.98812002, 0.63173709, 0.98257042,
       0.98666667, 0.48187793, 0.97147887, 0.96018779, 0.93821596,
       0.48417564, 0.9318662 , 0.70598592, 0.92300469, 0.99061033,
       0.76676056, 0.98873239, 0.49383803, 0.98503521, 0.98810642,
       0.98889809, 0.98835681, 0.98910798, 0.85615023, 0.72408451,
       0.96934548, 0.98840099, 0.97126761, 0.99004695, 0.36416275,
       0.80901408, 0.80450704, 0.95580986, 0.54137324, 0.54218645,
       0.97805782, 0.94814341, 0.79305164, 0.96431925, 0.9829108 ,
       0.9778672 , 0.97605634, 0.98816901, 0.90985915, 0.98661972,
       0.74010378, 0.98609155, 0.90704225, 0.81197183, 0.77357478,
       0.92059859, 0.57183099, 0.97816901, 0.29683099, 0.48580715,
       0.97934272, 0.89276995, 0.98410463, 0.83661972, 0.90440141,
       0.8435949 , 0.96510172, 0.89537223, 0.81623861, 0.47323944,
       0.90553991, 0.97306338, 0.85757042, 0.98741784, 0.9913615 ,
       0.98704225, 0.92240717, 0.81815336, 0.98676056, 0.78279678,
       0.8084507 , 0.95774648, 0.54242958, 0.77200704, 0.82099872,
       0.91144366, 0.98289738, 0.98933602, 0.53974961, 0.70816901,
       0.97352113, 0.86087637, 0.89888807, 0.97478203, 0.69774648,
       0.98985915, 0.8415493 , 0.98798122, 0.99098592, 0.9742723 ,
       0.88397887, 0.90886495, 0.98971831, 0.82316119, 0.9832998 ,
       0.95605634, 0.98657829, 0.69765258, 0.98892019, 0.69564051,
       0.26232394, 0.83286385, 0.7181338 , 0.89599133, 0.97183099,
       0.96356808, 0.98929577, 0.65389671, 0.93913043, 0.96544601,
       0.48608119, 0.93067293, 0.92507042, 0.68462952, 0.95246479,
       0.96259781, 0.99070423, 0.99203919, 0.83327465, 0.9915493 ,
       0.99114688, 0.9443662 , 0.94542254, 0.93626761, 0.82253521,
       0.99094567, 0.91492958, 0.81915493, 0.85714286, 0.65483568,
       0.98215962, 0.77799296, 0.9857277 , 0.44319249, 0.9902237 ,
       0.7905551 , 0.9857277 , 0.95714286, 0.95260257, 0.99056338,
       0.4099872 , 0.98724981, 0.50120724, 0.99094567, 0.9471831 ,
       0.97850259, 0.91161972, 0.98143406, 0.53609155, 0.94406439,
       0.98948357, 0.8486385 , 0.82623239, 0.98779343, 0.93098592,
       0.70460094, 0.44413146, 0.91426056, 0.92507042, 0.98376139,
       0.93930858, 0.81538462, 0.98798122, 0.85534383, 0.98409279,
       0.93839559, 0.50862676, 0.982723  , 0.86848592, 0.85784038,
       0.69827856, 0.99084507, 0.85802817, 0.77389671, 0.79198267,
       0.68490946, 0.90024855, 0.98828762, 0.58369162, 0.97120501]), 'class_median_width_scaled': array([0.98732394, 0.98732394, 0.9915493 , 0.92957746, 0.98169014,
       0.94647887, 0.9915493 , 0.96338028, 0.98591549, 0.9915493 ,
       0.98873239, 0.9915493 , 0.9915493 , 0.98591549, 0.9915493 ,
       0.98873239, 0.9915493 , 0.9915493 , 0.9915493 , 0.98873239,
       0.91267606, 0.93943662, 0.98591549, 0.98873239, 0.99014085,
       0.97323944, 0.98873239, 0.9915493 , 0.98309859, 0.9915493 ,
       0.97183099, 0.98028169, 0.98873239, 0.98591549, 0.98309859,
       0.64225352, 0.98169014, 0.98873239, 0.9028169 , 0.98309859,
       0.98873239, 0.98873239, 0.9915493 , 0.9943662 , 0.9915493 ,
       0.98309859, 0.99014085, 0.94647887, 0.9915493 , 0.96760563,
       0.98873239, 0.9915493 , 0.94929577, 0.9915493 , 0.94366197,
       0.10140845, 0.98873239, 0.9915493 , 0.98873239, 0.98873239,
       0.8056338 , 0.98873239, 0.9943662 , 0.98309859, 0.98873239,
       0.97183099, 0.98873239, 0.98873239, 0.9915493 , 0.93521127,
       0.97746479, 0.98591549, 0.96478873, 0.98028169, 0.9915493 ,
       0.46478873, 0.9915493 , 0.98309859, 0.94929577, 0.98591549,
       0.96901408, 0.98873239, 0.78028169, 0.98591549, 0.98873239,
       0.98873239, 0.17746479, 0.98873239, 0.9915493 , 0.98450704,
       0.9915493 , 0.93239437, 0.98873239, 0.98873239, 0.75915493,
       0.37464789, 0.97183099, 0.98309859, 0.96338028, 0.98309859,
       0.93802817, 0.96056338, 0.98028169, 0.98591549, 0.9915493 ,
       0.98873239, 0.96056338, 0.94788732, 0.98309859, 0.9915493 ,
       0.98873239, 0.9915493 , 0.32253521, 0.98309859, 0.98309859,
       0.24507042, 0.98732394, 0.98873239, 0.98591549, 0.9915493 ,
       0.86478873, 0.9915493 , 0.93239437, 0.99014085, 0.08873239,
       0.98309859, 0.9915493 , 0.98309859, 0.98873239, 0.98591549,
       0.96760563, 0.98873239, 0.98873239, 0.94366197, 0.98591549,
       0.9915493 , 0.98873239, 0.98591549, 0.75211268, 0.9915493 ,
       0.98873239, 0.9943662 , 0.92394366, 0.97183099, 0.98873239,
       0.93521127, 0.89859155, 0.98873239, 0.98732394, 0.98873239,
       0.97323944, 0.98028169, 0.61971831, 0.98873239, 0.69577465,
       0.9915493 , 0.98873239, 0.97887324, 0.9915493 , 0.98873239,
       0.95633803, 0.9943662 , 0.9915493 , 0.9915493 , 0.98309859,
       0.9915493 , 0.97464789, 0.9943662 , 0.9915493 , 0.70985915,
       0.98591549, 0.98591549, 0.98873239, 0.83098592, 0.98732394,
       0.98873239, 0.30422535, 0.97887324, 0.97464789, 0.97746479,
       0.2056338 , 0.98873239, 0.98591549, 0.9915493 , 0.9915493 ,
       0.98873239, 0.9915493 , 0.57323944, 0.98591549, 0.98873239,
       0.98873239, 0.98873239, 0.9915493 , 0.9915493 , 0.94084507,
       0.98309859, 0.98873239, 0.98873239, 0.98873239, 0.17183099,
       0.94366197, 0.96056338, 0.98591549, 0.57042254, 0.62253521,
       0.98873239, 0.9915493 , 0.95492958, 0.98873239, 0.98873239,
       0.98309859, 0.98309859, 0.98873239, 0.98028169, 0.98873239,
       0.86197183, 0.98873239, 0.98873239, 0.98450704, 0.97183099,
       0.98873239, 0.73943662, 0.98873239, 0.15352113, 0.34929577,
       0.98873239, 0.97183099, 0.98873239, 0.91267606, 0.97464789,
       0.98309859, 0.99295775, 0.9915493 , 0.94366197, 0.41690141,
       0.96901408, 0.9915493 , 0.99014085, 0.9915493 , 0.9915493 ,
       0.98873239, 0.98591549, 0.90985915, 0.9915493 , 0.95915493,
       0.96338028, 0.98309859, 0.63380282, 0.98450704, 0.96478873,
       0.9915493 , 0.98591549, 0.98873239, 0.58732394, 0.81126761,
       0.98873239, 0.94647887, 0.98028169, 0.98591549, 0.80985915,
       0.9915493 , 0.9943662 , 0.98873239, 0.9915493 , 0.98591549,
       0.96056338, 0.98591549, 0.98873239, 0.98873239, 0.9915493 ,
       0.98028169, 0.98591549, 0.88450704, 0.9915493 , 0.90704225,
       0.03802817, 0.97746479, 0.94084507, 0.98873239, 0.98309859,
       0.98873239, 0.98873239, 0.92112676, 0.98028169, 0.98028169,
       0.35774648, 0.99014085, 0.9915493 , 0.94084507, 0.98873239,
       0.98591549, 0.9915493 , 0.9915493 , 0.98028169, 0.9915493 ,
       0.9915493 , 0.98591549, 0.98591549, 0.98028169, 0.92394366,
       0.9915493 , 0.98591549, 0.92957746, 0.98591549, 0.8028169 ,
       0.98309859, 0.94929577, 0.98873239, 0.45352113, 0.9915493 ,
       0.87887324, 0.9915493 , 0.9915493 , 0.98873239, 0.9915493 ,
       0.28732394, 0.98873239, 0.53521127, 0.9915493 , 0.98873239,
       0.98873239, 0.9915493 , 0.98309859, 0.72253521, 0.98591549,
       0.9915493 , 0.94929577, 0.98309859, 0.9915493 , 0.9915493 ,
       0.74929577, 0.34929577, 0.9915493 , 0.9915493 , 0.98873239,
       0.98591549, 0.98591549, 0.9915493 , 0.92676056, 0.98873239,
       0.98591549, 0.43661972, 0.98873239, 0.98591549, 0.98028169,
       0.83521127, 0.9915493 , 0.98309859, 0.98873239, 0.97746479,
       0.81126761, 0.98309859, 0.9915493 , 0.78028169, 0.9943662 ])}

split_conformal_aps_LogisticRegression full class metrics: {'class_coverage': array([0.85714286, 1.        , 0.93333333, 0.7       , 0.89285714,
       0.6       , 0.88888889, 0.86666667, 0.93333333, 1.        ,
       1.        , 1.        , 1.        , 0.93333333, 1.        ,
       0.95      , 1.        , 1.        , 1.        , 0.93333333,
       0.8       , 0.66666667, 1.        , 0.94736842, 1.        ,
       0.97222222, 1.        , 1.        , 1.        , 1.        ,
       1.        , 1.        , 0.94117647, 1.        , 0.93333333,
       0.5625    , 1.        , 1.        , 0.92857143, 0.9375    ,
       0.875     , 1.        , 1.        , 0.93333333, 1.        ,
       1.        , 0.88888889, 0.94444444, 1.        , 0.75      ,
       0.93333333, 0.94117647, 0.94117647, 1.        , 0.89473684,
       0.73333333, 0.93333333, 0.86666667, 1.        , 1.        ,
       0.52941176, 0.8125    , 0.89473684, 0.92857143, 1.        ,
       1.        , 1.        , 1.        , 1.        , 0.71428571,
       1.        , 0.85714286, 0.9375    , 0.93333333, 0.93333333,
       0.53333333, 1.        , 0.84210526, 0.8       , 1.        ,
       0.78947368, 0.95238095, 0.76470588, 0.94117647, 1.        ,
       1.        , 0.68421053, 1.        , 1.        , 1.        ,
       1.        , 0.8125    , 1.        , 0.93333333, 0.6875    ,
       0.63157895, 1.        , 1.        , 0.96153846, 0.94736842,
       0.875     , 1.        , 0.86666667, 0.9375    , 1.        ,
       1.        , 0.86666667, 0.9375    , 1.        , 1.        ,
       1.        , 0.93333333, 0.57142857, 0.26666667, 0.86666667,
       0.5       , 1.        , 1.        , 1.        , 0.93333333,
       1.        , 0.6875    , 0.84      , 1.        , 0.5625    ,
       1.        , 1.        , 0.94117647, 1.        , 1.        ,
       0.9       , 1.        , 1.        , 0.71428571, 0.93333333,
       1.        , 1.        , 0.88888889, 0.33333333, 1.        ,
       1.        , 1.        , 0.73333333, 0.73333333, 0.95652174,
       0.78947368, 1.        , 1.        , 1.        , 1.        ,
       0.77777778, 1.        , 0.82352941, 1.        , 0.94117647,
       1.        , 1.        , 0.9       , 1.        , 1.        ,
       1.        , 1.        , 1.        , 1.        , 1.        ,
       0.89473684, 0.8       , 1.        , 0.93333333, 0.72222222,
       0.94117647, 0.75      , 1.        , 0.66666667, 1.        ,
       1.        , 0.53333333, 1.        , 1.        , 0.93333333,
       0.52941176, 0.9375    , 0.75      , 0.93333333, 1.        ,
       0.73333333, 1.        , 0.625     , 1.        , 1.        ,
       1.        , 1.        , 1.        , 0.86666667, 0.9       ,
       1.        , 1.        , 1.        , 1.        , 0.27777778,
       0.6       , 1.        , 0.9375    , 0.75      , 0.80952381,
       1.        , 0.95454545, 0.93333333, 1.        , 1.        ,
       1.        , 1.        , 1.        , 0.93333333, 1.        ,
       1.        , 1.        , 0.93333333, 0.8125    , 0.9047619 ,
       0.9375    , 0.6875    , 1.        , 0.625     , 0.61538462,
       1.        , 1.        , 1.        , 0.86666667, 0.9375    ,
       0.80952381, 1.        , 1.        , 0.76470588, 0.94117647,
       1.        , 1.        , 0.875     , 1.        , 1.        ,
       1.        , 1.        , 1.        , 1.        , 0.82142857,
       0.875     , 1.        , 0.5625    , 0.9375    , 0.90909091,
       0.9375    , 1.        , 1.        , 0.55555556, 0.72      ,
       1.        , 1.        , 0.94736842, 1.        , 0.95      ,
       1.        , 0.875     , 1.        , 1.        , 1.        ,
       1.        , 0.94117647, 1.        , 0.88888889, 1.        ,
       1.        , 1.        , 0.93333333, 1.        , 0.80952381,
       0.3125    , 0.77777778, 0.875     , 1.        , 1.        ,
       0.93333333, 1.        , 0.66666667, 1.        , 1.        ,
       0.52941176, 1.        , 0.93333333, 0.7826087 , 1.        ,
       1.        , 1.        , 1.        , 0.9375    , 1.        ,
       1.        , 1.        , 0.95833333, 1.        , 1.        ,
       1.        , 1.        , 0.93333333, 0.92857143, 0.73333333,
       1.        , 0.8125    , 1.        , 0.8       , 1.        ,
       0.82352941, 1.        , 1.        , 0.95652174, 1.        ,
       0.5       , 1.        , 0.57142857, 1.        , 0.95      ,
       1.        , 0.9375    , 1.        , 0.5625    , 1.        ,
       1.        , 0.73333333, 0.875     , 1.        , 1.        ,
       0.93333333, 0.88888889, 0.9375    , 0.93333333, 1.        ,
       0.95454545, 0.84615385, 1.        , 0.94117647, 1.        ,
       0.95652174, 0.9375    , 1.        , 0.875     , 0.93333333,
       0.66666667, 1.        , 0.86666667, 0.86666667, 0.84615385,
       0.78571429, 0.94117647, 1.        , 0.52631579, 1.        ]), 'class_mean_width': array([300.57142857, 350.125     , 328.6       , 242.45      ,
       279.89285714, 231.26666667, 315.72222222, 281.46666667,
       317.86666667, 351.22222222, 338.66666667, 324.46666667,
       346.        , 323.4       , 351.66666667, 329.95      ,
       352.25      , 338.        , 345.14285714, 315.66666667,
       228.86666667, 230.08333333, 350.1875    , 325.47368421,
       351.3125    , 298.88888889, 348.10714286, 351.73333333,
       346.61538462, 351.5       , 314.89473684, 337.93333333,
       333.35294118, 350.13333333, 311.53333333, 162.875     ,
       340.5       , 351.53333333, 289.78571429, 321.5       ,
       312.375     , 345.875     , 347.52941176, 330.53333333,
       343.8       , 327.26666667, 319.33333333, 269.72222222,
       350.26315789, 264.9       , 326.46666667, 338.64705882,
       232.47058824, 349.66666667, 277.        , 106.86666667,
       333.33333333, 295.06666667, 349.78571429, 350.8       ,
       246.11764706, 263.125     , 311.15789474, 317.28571429,
       350.86666667, 327.94117647, 341.22222222, 346.05882353,
       323.42105263, 248.5       , 315.07142857, 276.38095238,
       314.8125    , 307.13333333, 335.73333333, 179.86666667,
       351.5       , 334.26315789, 249.4       , 350.1875    ,
       296.        , 329.80952381, 191.29411765, 321.76470588,
       350.375     , 350.85714286, 144.10526316, 350.33333333,
       352.5       , 348.0625    , 332.8       , 263.1875    ,
       350.11764706, 325.86666667, 214.1875    , 142.84210526,
       333.94117647, 344.06666667, 275.        , 324.26315789,
       291.8125    , 307.53333333, 304.46666667, 308.6875    ,
       350.29411765, 327.4       , 276.        , 285.4375    ,
       347.92857143, 321.65      , 349.53333333, 285.2       ,
       160.28571429, 321.46666667, 300.73333333, 137.3125    ,
       350.35714286, 349.8125    , 343.6       , 327.53333333,
       266.36842105, 267.0625    , 266.52      , 350.83333333,
       100.6875    , 346.57894737, 343.35714286, 322.23529412,
       336.4375    , 349.47058824, 300.75      , 350.57142857,
       349.73333333, 263.07142857, 328.4       , 350.53333333,
       351.26666667, 290.16666667, 180.26666667, 351.8125    ,
       348.93333333, 330.13333333, 220.33333333, 293.26666667,
       341.91304348, 252.31578947, 281.13333333, 349.2       ,
       325.71428571, 350.75      , 274.        , 345.77777778,
       191.17647059, 349.        , 239.        , 351.72222222,
       350.22727273, 313.35      , 351.53333333, 349.8       ,
       277.25      , 352.42105263, 347.07142857, 343.06666667,
       343.93333333, 321.84210526, 269.33333333, 349.23529412,
       326.6       , 186.        , 326.29411765, 260.3125    ,
       350.7826087 , 224.26666667, 348.8125    , 350.26666667,
       171.06666667, 344.875     , 340.86666667, 333.06666667,
       171.88235294, 330.8125    , 250.625     , 327.66666667,
       351.66666667, 272.2       , 351.        , 175.3125    ,
       349.6875    , 350.77777778, 351.05882353, 350.86666667,
       351.13333333, 303.93333333, 257.05      , 344.11764706,
       350.88235294, 344.8       , 351.46666667, 129.27777778,
       287.2       , 285.6       , 339.3125    , 192.1875    ,
       192.47619048, 347.21052632, 336.59090909, 281.53333333,
       342.33333333, 348.93333333, 347.14285714, 346.5       ,
       350.8       , 323.        , 350.25      , 262.73684211,
       350.0625    , 322.        , 288.25      , 274.61904762,
       326.8125    , 203.        , 347.25      , 105.375     ,
       172.46153846, 347.66666667, 316.93333333, 349.35714286,
       297.        , 321.0625    , 299.47619048, 342.61111111,
       317.85714286, 289.76470588, 168.        , 321.46666667,
       345.4375    , 304.4375    , 350.53333333, 351.93333333,
       350.4       , 327.45454545, 290.44444444, 350.3       ,
       277.89285714, 287.        , 340.        , 192.5625    ,
       274.0625    , 291.45454545, 323.5625    , 348.92857143,
       351.21428571, 191.61111111, 251.4       , 345.6       ,
       305.61111111, 319.10526316, 346.04761905, 247.7       ,
       351.4       , 298.75      , 350.73333333, 351.8       ,
       345.86666667, 313.8125    , 322.64705882, 351.35      ,
       292.22222222, 349.07142857, 339.4       , 350.23529412,
       247.66666667, 351.06666667, 246.95238095,  93.125     ,
       295.66666667, 254.9375    , 318.07692308, 345.        ,
       342.06666667, 351.2       , 232.13333333, 333.39130435,
       342.73333333, 172.55882353, 330.38888889, 328.4       ,
       243.04347826, 338.125     , 341.72222222, 351.7       ,
       352.17391304, 295.8125    , 352.        , 351.85714286,
       335.25      , 335.625     , 332.375     , 292.        ,
       351.78571429, 324.8       , 290.8       , 304.28571429,
       232.46666667, 348.66666667, 276.1875    , 349.93333333,
       157.33333333, 351.52941176, 280.64705882, 349.93333333,
       339.78571429, 338.17391304, 351.65      , 145.54545455,
       350.47368421, 177.92857143, 351.78571429, 336.25      ,
       347.36842105, 323.625     , 348.40909091, 190.3125    ,
       335.14285714, 351.26666667, 301.26666667, 293.3125    ,
       350.66666667, 330.5       , 250.13333333, 157.66666667,
       324.5625    , 328.4       , 349.23529412, 333.45454545,
       289.46153846, 350.73333333, 303.64705882, 349.35294118,
       333.13043478, 180.5625    , 348.86666667, 308.3125    ,
       304.53333333, 247.88888889, 351.75      , 304.6       ,
       274.73333333, 281.15384615, 243.14285714, 319.58823529,
       350.84210526, 207.21052632, 344.77777778]), 'class_median_width': array([350.5, 350.5, 352. , 330. , 348.5, 336. , 352. , 342. , 350. ,
       352. , 351. , 352. , 352. , 350. , 352. , 351. , 352. , 352. ,
       352. , 351. , 324. , 333.5, 350. , 351. , 351.5, 345.5, 351. ,
       352. , 349. , 352. , 345. , 348. , 351. , 350. , 349. , 228. ,
       348.5, 351. , 320.5, 349. , 351. , 351. , 352. , 353. , 352. ,
       349. , 351.5, 336. , 352. , 343.5, 351. , 352. , 337. , 352. ,
       335. ,  36. , 351. , 352. , 351. , 351. , 286. , 351. , 353. ,
       349. , 351. , 345. , 351. , 351. , 352. , 332. , 347. , 350. ,
       342.5, 348. , 352. , 165. , 352. , 349. , 337. , 350. , 344. ,
       351. , 277. , 350. , 351. , 351. ,  63. , 351. , 352. , 349.5,
       352. , 331. , 351. , 351. , 269.5, 133. , 345. , 349. , 342. ,
       349. , 333. , 341. , 348. , 350. , 352. , 351. , 341. , 336.5,
       349. , 352. , 351. , 352. , 114.5, 349. , 349. ,  87. , 350.5,
       351. , 350. , 352. , 307. , 352. , 331. , 351.5,  31.5, 349. ,
       352. , 349. , 351. , 350. , 343.5, 351. , 351. , 335. , 350. ,
       352. , 351. , 350. , 267. , 352. , 351. , 353. , 328. , 345. ,
       351. , 332. , 319. , 351. , 350.5, 351. , 345.5, 348. , 220. ,
       351. , 247. , 352. , 351. , 347.5, 352. , 351. , 339.5, 353. ,
       352. , 352. , 349. , 352. , 346. , 353. , 352. , 252. , 350. ,
       350. , 351. , 295. , 350.5, 351. , 108. , 347.5, 346. , 347. ,
        73. , 351. , 350. , 352. , 352. , 351. , 352. , 203.5, 350. ,
       351. , 351. , 351. , 352. , 352. , 334. , 349. , 351. , 351. ,
       351. ,  61. , 335. , 341. , 350. , 202.5, 221. , 351. , 352. ,
       339. , 351. , 351. , 349. , 349. , 351. , 348. , 351. , 306. ,
       351. , 351. , 349.5, 345. , 351. , 262.5, 351. ,  54.5, 124. ,
       351. , 345. , 351. , 324. , 346. , 349. , 352.5, 352. , 335. ,
       148. , 344. , 352. , 351.5, 352. , 352. , 351. , 350. , 323. ,
       352. , 340.5, 342. , 349. , 225. , 349.5, 342.5, 352. , 350. ,
       351. , 208.5, 288. , 351. , 336. , 348. , 350. , 287.5, 352. ,
       353. , 351. , 352. , 350. , 341. , 350. , 351. , 351. , 352. ,
       348. , 350. , 314. , 352. , 322. ,  13.5, 347. , 334. , 351. ,
       349. , 351. , 351. , 327. , 348. , 348. , 127. , 351.5, 352. ,
       334. , 351. , 350. , 352. , 352. , 348. , 352. , 352. , 350. ,
       350. , 348. , 328. , 352. , 350. , 330. , 350. , 285. , 349. ,
       337. , 351. , 161. , 352. , 312. , 352. , 352. , 351. , 352. ,
       102. , 351. , 190. , 352. , 351. , 351. , 352. , 349. , 256.5,
       350. , 352. , 337. , 349. , 352. , 352. , 266. , 124. , 352. ,
       352. , 351. , 350. , 350. , 352. , 329. , 351. , 350. , 155. ,
       351. , 350. , 348. , 296.5, 352. , 349. , 351. , 347. , 288. ,
       349. , 352. , 277. , 353. ]), 'class_mean_width_scaled': array([0.84668008, 0.98626761, 0.9256338 , 0.68295775, 0.78843058,
       0.6514554 , 0.88935837, 0.79286385, 0.89539906, 0.98935837,
       0.95399061, 0.91399061, 0.97464789, 0.91098592, 0.99061033,
       0.92943662, 0.99225352, 0.95211268, 0.9722334 , 0.88920188,
       0.64469484, 0.64812207, 0.98644366, 0.91682728, 0.98961268,
       0.84194053, 0.9805835 , 0.99079812, 0.97638137, 0.99014085,
       0.88702743, 0.95192488, 0.93902237, 0.98629108, 0.87755869,
       0.45880282, 0.95915493, 0.99023474, 0.81629779, 0.9056338 ,
       0.87992958, 0.97429577, 0.97895609, 0.93107981, 0.9684507 ,
       0.92187793, 0.89953052, 0.75978091, 0.98665678, 0.74619718,
       0.91962441, 0.95393538, 0.65484673, 0.98497653, 0.78028169,
       0.30103286, 0.93896714, 0.83117371, 0.98531187, 0.98816901,
       0.69328915, 0.74119718, 0.87650111, 0.89376258, 0.98835681,
       0.92377796, 0.96118936, 0.97481359, 0.91104522, 0.7       ,
       0.88752515, 0.77853789, 0.88679577, 0.86516432, 0.9457277 ,
       0.50666667, 0.99014085, 0.94158636, 0.70253521, 0.98644366,
       0.83380282, 0.92904091, 0.53885667, 0.90637945, 0.98697183,
       0.98832998, 0.40593032, 0.98685446, 0.99295775, 0.98045775,
       0.93746479, 0.74137324, 0.98624689, 0.91793427, 0.60334507,
       0.40237213, 0.94067937, 0.96920188, 0.77464789, 0.91341735,
       0.82200704, 0.86629108, 0.85765258, 0.86954225, 0.98674399,
       0.92225352, 0.77746479, 0.8040493 , 0.98008048, 0.90605634,
       0.98460094, 0.80338028, 0.45150905, 0.90553991, 0.84713615,
       0.38679577, 0.98692153, 0.98538732, 0.96788732, 0.92262911,
       0.75033358, 0.75228873, 0.75076056, 0.98826291, 0.28362676,
       0.97627872, 0.96720322, 0.90770505, 0.94771127, 0.98442419,
       0.8471831 , 0.98752515, 0.98516432, 0.74104628, 0.92507042,
       0.98741784, 0.98948357, 0.81737089, 0.50779343, 0.99102113,
       0.9829108 , 0.92995305, 0.62065728, 0.82610329, 0.96313533,
       0.7107487 , 0.79192488, 0.98366197, 0.91750503, 0.98802817,
       0.77183099, 0.97402191, 0.53852527, 0.98309859, 0.67323944,
       0.99076682, 0.9865557 , 0.88267606, 0.99023474, 0.98535211,
       0.78098592, 0.99273536, 0.977666  , 0.96638498, 0.96882629,
       0.90659748, 0.75868545, 0.98376139, 0.92      , 0.52394366,
       0.91913836, 0.73327465, 0.98812002, 0.63173709, 0.98257042,
       0.98666667, 0.48187793, 0.97147887, 0.96018779, 0.93821596,
       0.48417564, 0.9318662 , 0.70598592, 0.92300469, 0.99061033,
       0.76676056, 0.98873239, 0.49383803, 0.98503521, 0.98810642,
       0.98889809, 0.98835681, 0.98910798, 0.85615023, 0.72408451,
       0.96934548, 0.98840099, 0.97126761, 0.99004695, 0.36416275,
       0.80901408, 0.80450704, 0.95580986, 0.54137324, 0.54218645,
       0.97805782, 0.94814341, 0.79305164, 0.96431925, 0.9829108 ,
       0.9778672 , 0.97605634, 0.98816901, 0.90985915, 0.98661972,
       0.74010378, 0.98609155, 0.90704225, 0.81197183, 0.77357478,
       0.92059859, 0.57183099, 0.97816901, 0.29683099, 0.48580715,
       0.97934272, 0.89276995, 0.98410463, 0.83661972, 0.90440141,
       0.8435949 , 0.96510172, 0.89537223, 0.81623861, 0.47323944,
       0.90553991, 0.97306338, 0.85757042, 0.98741784, 0.9913615 ,
       0.98704225, 0.92240717, 0.81815336, 0.98676056, 0.78279678,
       0.8084507 , 0.95774648, 0.54242958, 0.77200704, 0.82099872,
       0.91144366, 0.98289738, 0.98933602, 0.53974961, 0.70816901,
       0.97352113, 0.86087637, 0.89888807, 0.97478203, 0.69774648,
       0.98985915, 0.8415493 , 0.98798122, 0.99098592, 0.9742723 ,
       0.88397887, 0.90886495, 0.98971831, 0.82316119, 0.9832998 ,
       0.95605634, 0.98657829, 0.69765258, 0.98892019, 0.69564051,
       0.26232394, 0.83286385, 0.7181338 , 0.89599133, 0.97183099,
       0.96356808, 0.98929577, 0.65389671, 0.93913043, 0.96544601,
       0.48608119, 0.93067293, 0.92507042, 0.68462952, 0.95246479,
       0.96259781, 0.99070423, 0.99203919, 0.83327465, 0.9915493 ,
       0.99114688, 0.9443662 , 0.94542254, 0.93626761, 0.82253521,
       0.99094567, 0.91492958, 0.81915493, 0.85714286, 0.65483568,
       0.98215962, 0.77799296, 0.9857277 , 0.44319249, 0.9902237 ,
       0.7905551 , 0.9857277 , 0.95714286, 0.95260257, 0.99056338,
       0.4099872 , 0.98724981, 0.50120724, 0.99094567, 0.9471831 ,
       0.97850259, 0.91161972, 0.98143406, 0.53609155, 0.94406439,
       0.98948357, 0.8486385 , 0.82623239, 0.98779343, 0.93098592,
       0.70460094, 0.44413146, 0.91426056, 0.92507042, 0.98376139,
       0.93930858, 0.81538462, 0.98798122, 0.85534383, 0.98409279,
       0.93839559, 0.50862676, 0.982723  , 0.86848592, 0.85784038,
       0.69827856, 0.99084507, 0.85802817, 0.77389671, 0.79198267,
       0.68490946, 0.90024855, 0.98828762, 0.58369162, 0.97120501]), 'class_median_width_scaled': array([0.98732394, 0.98732394, 0.9915493 , 0.92957746, 0.98169014,
       0.94647887, 0.9915493 , 0.96338028, 0.98591549, 0.9915493 ,
       0.98873239, 0.9915493 , 0.9915493 , 0.98591549, 0.9915493 ,
       0.98873239, 0.9915493 , 0.9915493 , 0.9915493 , 0.98873239,
       0.91267606, 0.93943662, 0.98591549, 0.98873239, 0.99014085,
       0.97323944, 0.98873239, 0.9915493 , 0.98309859, 0.9915493 ,
       0.97183099, 0.98028169, 0.98873239, 0.98591549, 0.98309859,
       0.64225352, 0.98169014, 0.98873239, 0.9028169 , 0.98309859,
       0.98873239, 0.98873239, 0.9915493 , 0.9943662 , 0.9915493 ,
       0.98309859, 0.99014085, 0.94647887, 0.9915493 , 0.96760563,
       0.98873239, 0.9915493 , 0.94929577, 0.9915493 , 0.94366197,
       0.10140845, 0.98873239, 0.9915493 , 0.98873239, 0.98873239,
       0.8056338 , 0.98873239, 0.9943662 , 0.98309859, 0.98873239,
       0.97183099, 0.98873239, 0.98873239, 0.9915493 , 0.93521127,
       0.97746479, 0.98591549, 0.96478873, 0.98028169, 0.9915493 ,
       0.46478873, 0.9915493 , 0.98309859, 0.94929577, 0.98591549,
       0.96901408, 0.98873239, 0.78028169, 0.98591549, 0.98873239,
       0.98873239, 0.17746479, 0.98873239, 0.9915493 , 0.98450704,
       0.9915493 , 0.93239437, 0.98873239, 0.98873239, 0.75915493,
       0.37464789, 0.97183099, 0.98309859, 0.96338028, 0.98309859,
       0.93802817, 0.96056338, 0.98028169, 0.98591549, 0.9915493 ,
       0.98873239, 0.96056338, 0.94788732, 0.98309859, 0.9915493 ,
       0.98873239, 0.9915493 , 0.32253521, 0.98309859, 0.98309859,
       0.24507042, 0.98732394, 0.98873239, 0.98591549, 0.9915493 ,
       0.86478873, 0.9915493 , 0.93239437, 0.99014085, 0.08873239,
       0.98309859, 0.9915493 , 0.98309859, 0.98873239, 0.98591549,
       0.96760563, 0.98873239, 0.98873239, 0.94366197, 0.98591549,
       0.9915493 , 0.98873239, 0.98591549, 0.75211268, 0.9915493 ,
       0.98873239, 0.9943662 , 0.92394366, 0.97183099, 0.98873239,
       0.93521127, 0.89859155, 0.98873239, 0.98732394, 0.98873239,
       0.97323944, 0.98028169, 0.61971831, 0.98873239, 0.69577465,
       0.9915493 , 0.98873239, 0.97887324, 0.9915493 , 0.98873239,
       0.95633803, 0.9943662 , 0.9915493 , 0.9915493 , 0.98309859,
       0.9915493 , 0.97464789, 0.9943662 , 0.9915493 , 0.70985915,
       0.98591549, 0.98591549, 0.98873239, 0.83098592, 0.98732394,
       0.98873239, 0.30422535, 0.97887324, 0.97464789, 0.97746479,
       0.2056338 , 0.98873239, 0.98591549, 0.9915493 , 0.9915493 ,
       0.98873239, 0.9915493 , 0.57323944, 0.98591549, 0.98873239,
       0.98873239, 0.98873239, 0.9915493 , 0.9915493 , 0.94084507,
       0.98309859, 0.98873239, 0.98873239, 0.98873239, 0.17183099,
       0.94366197, 0.96056338, 0.98591549, 0.57042254, 0.62253521,
       0.98873239, 0.9915493 , 0.95492958, 0.98873239, 0.98873239,
       0.98309859, 0.98309859, 0.98873239, 0.98028169, 0.98873239,
       0.86197183, 0.98873239, 0.98873239, 0.98450704, 0.97183099,
       0.98873239, 0.73943662, 0.98873239, 0.15352113, 0.34929577,
       0.98873239, 0.97183099, 0.98873239, 0.91267606, 0.97464789,
       0.98309859, 0.99295775, 0.9915493 , 0.94366197, 0.41690141,
       0.96901408, 0.9915493 , 0.99014085, 0.9915493 , 0.9915493 ,
       0.98873239, 0.98591549, 0.90985915, 0.9915493 , 0.95915493,
       0.96338028, 0.98309859, 0.63380282, 0.98450704, 0.96478873,
       0.9915493 , 0.98591549, 0.98873239, 0.58732394, 0.81126761,
       0.98873239, 0.94647887, 0.98028169, 0.98591549, 0.80985915,
       0.9915493 , 0.9943662 , 0.98873239, 0.9915493 , 0.98591549,
       0.96056338, 0.98591549, 0.98873239, 0.98873239, 0.9915493 ,
       0.98028169, 0.98591549, 0.88450704, 0.9915493 , 0.90704225,
       0.03802817, 0.97746479, 0.94084507, 0.98873239, 0.98309859,
       0.98873239, 0.98873239, 0.92112676, 0.98028169, 0.98028169,
       0.35774648, 0.99014085, 0.9915493 , 0.94084507, 0.98873239,
       0.98591549, 0.9915493 , 0.9915493 , 0.98028169, 0.9915493 ,
       0.9915493 , 0.98591549, 0.98591549, 0.98028169, 0.92394366,
       0.9915493 , 0.98591549, 0.92957746, 0.98591549, 0.8028169 ,
       0.98309859, 0.94929577, 0.98873239, 0.45352113, 0.9915493 ,
       0.87887324, 0.9915493 , 0.9915493 , 0.98873239, 0.9915493 ,
       0.28732394, 0.98873239, 0.53521127, 0.9915493 , 0.98873239,
       0.98873239, 0.9915493 , 0.98309859, 0.72253521, 0.98591549,
       0.9915493 , 0.94929577, 0.98309859, 0.9915493 , 0.9915493 ,
       0.74929577, 0.34929577, 0.9915493 , 0.9915493 , 0.98873239,
       0.98591549, 0.98591549, 0.9915493 , 0.92676056, 0.98873239,
       0.98591549, 0.43661972, 0.98873239, 0.98591549, 0.98028169,
       0.83521127, 0.9915493 , 0.98309859, 0.98873239, 0.97746479,
       0.81126761, 0.98309859, 0.9915493 , 0.78028169, 0.9943662 ])}

Job completed at Thu Mar 20 05:03:29 PM PDT 2025
