Starting job at Thu Mar 20 05:03:16 PM PDT 2025
Job parameters:
Dataset: data_isolet
UQ Method: split_conformal_aps
Estimator: LogisticRegression
Seed: 777
Train Size: 0.8
Running split_conformal_aps on data_isolet with seed 777 and train size 0.8

starting experiment

data created

Fitting split_conformal_aps_LogisticRegression on data_isolet with seed 777

split_conformal_aps_LogisticRegression metrics: {'coverage': np.float64(0.9807692307692307), 'mean_width': np.float64(3.2814102564102563), 'median_width': np.float64(1.0), 'mean_width_scaled': np.float64(0.12620808678500986), 'median_width_scaled': np.float64(0.038461538461538464)}

split_conformal_aps_LogisticRegression full metrics: {'coverage': np.float64(0.9807692307692307), 'mean_width': np.float64(3.2814102564102563), 'median_width': np.float64(1.0), 'mean_width_scaled': np.float64(0.12620808678500986), 'median_width_scaled': np.float64(0.038461538461538464)}

split_conformal_aps_LogisticRegression class metrics: {'class_coverage': array([1.        , 1.        , 1.        , 1.        , 0.98333333,
       0.93333333, 1.        , 0.96666667, 1.        , 1.        ,
       1.        , 0.95      , 0.93333333, 1.        , 0.96666667,
       0.96666667, 1.        , 1.        , 1.        , 0.96666667,
       0.93333333, 0.95      , 0.96666667, 1.        , 1.        ,
       0.98333333]), 'class_mean_width': array([3.86666667, 3.11666667, 2.86666667, 2.8       , 3.31666667,
       2.41666667, 2.78333333, 1.75      , 3.53333333, 4.35      ,
       4.83333333, 2.23333333, 3.96666667, 3.13333333, 2.16666667,
       3.21666667, 4.85      , 2.68333333, 5.28333333, 3.61666667,
       1.18333333, 3.3       , 2.53333333, 3.23333333, 3.5       ,
       4.78333333]), 'class_median_width': array([1., 1., 1., 1., 1., 1., 1., 1., 1., 1., 1., 1., 1., 1., 1., 1., 1.,
       1., 1., 1., 1., 1., 1., 1., 1., 1.]), 'class_mean_width_scaled': array([0.14871795, 0.11987179, 0.11025641, 0.10769231, 0.1275641 ,
       0.09294872, 0.10705128, 0.06730769, 0.13589744, 0.16730769,
       0.18589744, 0.08589744, 0.1525641 , 0.12051282, 0.08333333,
       0.12371795, 0.18653846, 0.10320513, 0.20320513, 0.13910256,
       0.04551282, 0.12692308, 0.0974359 , 0.12435897, 0.13461538,
       0.18397436]), 'class_median_width_scaled': array([0.03846154, 0.03846154, 0.03846154, 0.03846154, 0.03846154,
       0.03846154, 0.03846154, 0.03846154, 0.03846154, 0.03846154,
       0.03846154, 0.03846154, 0.03846154, 0.03846154, 0.03846154,
       0.03846154, 0.03846154, 0.03846154, 0.03846154, 0.03846154,
       0.03846154, 0.03846154, 0.03846154, 0.03846154, 0.03846154,
       0.03846154])}

split_conformal_aps_LogisticRegression full class metrics: {'class_coverage': array([1.        , 1.        , 1.        , 1.        , 0.98333333,
       0.93333333, 1.        , 0.96666667, 1.        , 1.        ,
       1.        , 0.95      , 0.93333333, 1.        , 0.96666667,
       0.96666667, 1.        , 1.        , 1.        , 0.96666667,
       0.93333333, 0.95      , 0.96666667, 1.        , 1.        ,
       0.98333333]), 'class_mean_width': array([3.86666667, 3.11666667, 2.86666667, 2.8       , 3.31666667,
       2.41666667, 2.78333333, 1.75      , 3.53333333, 4.35      ,
       4.83333333, 2.23333333, 3.96666667, 3.13333333, 2.16666667,
       3.21666667, 4.85      , 2.68333333, 5.28333333, 3.61666667,
       1.18333333, 3.3       , 2.53333333, 3.23333333, 3.5       ,
       4.78333333]), 'class_median_width': array([1., 1., 1., 1., 1., 1., 1., 1., 1., 1., 1., 1., 1., 1., 1., 1., 1.,
       1., 1., 1., 1., 1., 1., 1., 1., 1.]), 'class_mean_width_scaled': array([0.14871795, 0.11987179, 0.11025641, 0.10769231, 0.1275641 ,
       0.09294872, 0.10705128, 0.06730769, 0.13589744, 0.16730769,
       0.18589744, 0.08589744, 0.1525641 , 0.12051282, 0.08333333,
       0.12371795, 0.18653846, 0.10320513, 0.20320513, 0.13910256,
       0.04551282, 0.12692308, 0.0974359 , 0.12435897, 0.13461538,
       0.18397436]), 'class_median_width_scaled': array([0.03846154, 0.03846154, 0.03846154, 0.03846154, 0.03846154,
       0.03846154, 0.03846154, 0.03846154, 0.03846154, 0.03846154,
       0.03846154, 0.03846154, 0.03846154, 0.03846154, 0.03846154,
       0.03846154, 0.03846154, 0.03846154, 0.03846154, 0.03846154,
       0.03846154, 0.03846154, 0.03846154, 0.03846154, 0.03846154,
       0.03846154])}

Job completed at Thu Mar 20 05:03:25 PM PDT 2025
