Starting job at Wed Mar 19 06:21:32 PM PDT 2025
Job parameters:
Dataset: data_isolet
UQ Method: split_conformal_aps
Estimator: LogisticRegression
Seed: 782
Train Size: 0.8
Running split_conformal_aps on data_isolet with seed 782 and train size 0.8

starting experiment

data created

Fitting split_conformal_aps_LogisticRegression on data_isolet with seed 782

split_conformal_aps_LogisticRegression metrics: {'coverage': np.float64(0.9775641025641025), 'mean_width': np.float64(3.007051282051282), 'median_width': np.float64(1.0), 'mean_width_scaled': np.float64(0.11565581854043393), 'median_width_scaled': np.float64(0.038461538461538464)}

split_conformal_aps_LogisticRegression full metrics: {'coverage': np.float64(0.9775641025641025), 'mean_width': np.float64(3.007051282051282), 'median_width': np.float64(1.0), 'mean_width_scaled': np.float64(0.11565581854043393), 'median_width_scaled': np.float64(0.038461538461538464)}

split_conformal_aps_LogisticRegression class metrics: {'class_coverage': array([1.        , 1.        , 0.96666667, 1.        , 0.9       ,
       0.95      , 1.        , 0.93333333, 1.        , 1.        ,
       0.98333333, 0.96666667, 0.95      , 0.96666667, 0.95      ,
       1.        , 0.98333333, 1.        , 0.96666667, 0.98333333,
       0.96666667, 0.96666667, 1.        , 0.98333333, 1.        ,
       1.        ]), 'class_mean_width': array([3.18333333, 2.75      , 2.38333333, 1.9       , 2.43333333,
       3.25      , 2.73333333, 2.63333333, 3.1       , 3.11666667,
       2.26666667, 1.91666667, 3.31666667, 4.83333333, 3.46666667,
       3.56666667, 5.73333333, 3.1       , 3.98333333, 2.73333333,
       3.33333333, 3.05      , 1.5       , 2.53333333, 1.85      ,
       3.51666667]), 'class_median_width': array([1., 1., 1., 1., 1., 1., 1., 1., 1., 1., 1., 1., 1., 1., 1., 1., 1.,
       1., 1., 1., 1., 1., 1., 1., 1., 1.]), 'class_mean_width_scaled': array([0.1224359 , 0.10576923, 0.09166667, 0.07307692, 0.09358974,
       0.125     , 0.10512821, 0.10128205, 0.11923077, 0.11987179,
       0.08717949, 0.07371795, 0.1275641 , 0.18589744, 0.13333333,
       0.13717949, 0.22051282, 0.11923077, 0.15320513, 0.10512821,
       0.12820513, 0.11730769, 0.05769231, 0.0974359 , 0.07115385,
       0.13525641]), 'class_median_width_scaled': array([0.03846154, 0.03846154, 0.03846154, 0.03846154, 0.03846154,
       0.03846154, 0.03846154, 0.03846154, 0.03846154, 0.03846154,
       0.03846154, 0.03846154, 0.03846154, 0.03846154, 0.03846154,
       0.03846154, 0.03846154, 0.03846154, 0.03846154, 0.03846154,
       0.03846154, 0.03846154, 0.03846154, 0.03846154, 0.03846154,
       0.03846154])}

split_conformal_aps_LogisticRegression full class metrics: {'class_coverage': array([1.        , 1.        , 0.96666667, 1.        , 0.9       ,
       0.95      , 1.        , 0.93333333, 1.        , 1.        ,
       0.98333333, 0.96666667, 0.95      , 0.96666667, 0.95      ,
       1.        , 0.98333333, 1.        , 0.96666667, 0.98333333,
       0.96666667, 0.96666667, 1.        , 0.98333333, 1.        ,
       1.        ]), 'class_mean_width': array([3.18333333, 2.75      , 2.38333333, 1.9       , 2.43333333,
       3.25      , 2.73333333, 2.63333333, 3.1       , 3.11666667,
       2.26666667, 1.91666667, 3.31666667, 4.83333333, 3.46666667,
       3.56666667, 5.73333333, 3.1       , 3.98333333, 2.73333333,
       3.33333333, 3.05      , 1.5       , 2.53333333, 1.85      ,
       3.51666667]), 'class_median_width': array([1., 1., 1., 1., 1., 1., 1., 1., 1., 1., 1., 1., 1., 1., 1., 1., 1.,
       1., 1., 1., 1., 1., 1., 1., 1., 1.]), 'class_mean_width_scaled': array([0.1224359 , 0.10576923, 0.09166667, 0.07307692, 0.09358974,
       0.125     , 0.10512821, 0.10128205, 0.11923077, 0.11987179,
       0.08717949, 0.07371795, 0.1275641 , 0.18589744, 0.13333333,
       0.13717949, 0.22051282, 0.11923077, 0.15320513, 0.10512821,
       0.12820513, 0.11730769, 0.05769231, 0.0974359 , 0.07115385,
       0.13525641]), 'class_median_width_scaled': array([0.03846154, 0.03846154, 0.03846154, 0.03846154, 0.03846154,
       0.03846154, 0.03846154, 0.03846154, 0.03846154, 0.03846154,
       0.03846154, 0.03846154, 0.03846154, 0.03846154, 0.03846154,
       0.03846154, 0.03846154, 0.03846154, 0.03846154, 0.03846154,
       0.03846154, 0.03846154, 0.03846154, 0.03846154, 0.03846154,
       0.03846154])}

Job completed at Wed Mar 19 06:21:43 PM PDT 2025
