Starting job at Thu Mar 20 05:03:24 PM PDT 2025
Job parameters:
Dataset: data_isolet
UQ Method: split_conformal_aps
Estimator: LogisticRegression
Seed: 785
Train Size: 0.8
Running split_conformal_aps on data_isolet with seed 785 and train size 0.8

starting experiment

data created

Fitting split_conformal_aps_LogisticRegression on data_isolet with seed 785

split_conformal_aps_LogisticRegression metrics: {'coverage': np.float64(0.9775641025641025), 'mean_width': np.float64(2.978846153846154), 'median_width': np.float64(1.0), 'mean_width_scaled': np.float64(0.11457100591715977), 'median_width_scaled': np.float64(0.038461538461538464)}

split_conformal_aps_LogisticRegression full metrics: {'coverage': np.float64(0.9775641025641025), 'mean_width': np.float64(2.978846153846154), 'median_width': np.float64(1.0), 'mean_width_scaled': np.float64(0.11457100591715977), 'median_width_scaled': np.float64(0.038461538461538464)}

split_conformal_aps_LogisticRegression class metrics: {'class_coverage': array([1.        , 0.98333333, 1.        , 1.        , 0.95      ,
       0.95      , 0.98333333, 0.93333333, 1.        , 1.        ,
       0.91666667, 0.95      , 0.96666667, 1.        , 0.96666667,
       0.96666667, 1.        , 1.        , 0.98333333, 0.96666667,
       0.98333333, 1.        , 0.96666667, 0.95      , 1.        ,
       1.        ]), 'class_mean_width': array([2.78333333, 3.98333333, 4.13333333, 3.08333333, 3.46666667,
       3.36666667, 2.36666667, 3.45      , 4.38333333, 2.3       ,
       2.26666667, 2.15      , 2.91666667, 2.33333333, 2.98333333,
       2.43333333, 3.11666667, 3.91666667, 1.91666667, 3.93333333,
       3.06666667, 2.71666667, 2.91666667, 2.9       , 2.25      ,
       2.31666667]), 'class_median_width': array([1., 1., 1., 1., 1., 1., 1., 1., 1., 1., 1., 1., 1., 1., 1., 1., 1.,
       1., 1., 1., 1., 1., 1., 1., 1., 1.]), 'class_mean_width_scaled': array([0.10705128, 0.15320513, 0.15897436, 0.11858974, 0.13333333,
       0.12948718, 0.09102564, 0.13269231, 0.16858974, 0.08846154,
       0.08717949, 0.08269231, 0.11217949, 0.08974359, 0.11474359,
       0.09358974, 0.11987179, 0.15064103, 0.07371795, 0.15128205,
       0.11794872, 0.10448718, 0.11217949, 0.11153846, 0.08653846,
       0.08910256]), 'class_median_width_scaled': array([0.03846154, 0.03846154, 0.03846154, 0.03846154, 0.03846154,
       0.03846154, 0.03846154, 0.03846154, 0.03846154, 0.03846154,
       0.03846154, 0.03846154, 0.03846154, 0.03846154, 0.03846154,
       0.03846154, 0.03846154, 0.03846154, 0.03846154, 0.03846154,
       0.03846154, 0.03846154, 0.03846154, 0.03846154, 0.03846154,
       0.03846154])}

split_conformal_aps_LogisticRegression full class metrics: {'class_coverage': array([1.        , 0.98333333, 1.        , 1.        , 0.95      ,
       0.95      , 0.98333333, 0.93333333, 1.        , 1.        ,
       0.91666667, 0.95      , 0.96666667, 1.        , 0.96666667,
       0.96666667, 1.        , 1.        , 0.98333333, 0.96666667,
       0.98333333, 1.        , 0.96666667, 0.95      , 1.        ,
       1.        ]), 'class_mean_width': array([2.78333333, 3.98333333, 4.13333333, 3.08333333, 3.46666667,
       3.36666667, 2.36666667, 3.45      , 4.38333333, 2.3       ,
       2.26666667, 2.15      , 2.91666667, 2.33333333, 2.98333333,
       2.43333333, 3.11666667, 3.91666667, 1.91666667, 3.93333333,
       3.06666667, 2.71666667, 2.91666667, 2.9       , 2.25      ,
       2.31666667]), 'class_median_width': array([1., 1., 1., 1., 1., 1., 1., 1., 1., 1., 1., 1., 1., 1., 1., 1., 1.,
       1., 1., 1., 1., 1., 1., 1., 1., 1.]), 'class_mean_width_scaled': array([0.10705128, 0.15320513, 0.15897436, 0.11858974, 0.13333333,
       0.12948718, 0.09102564, 0.13269231, 0.16858974, 0.08846154,
       0.08717949, 0.08269231, 0.11217949, 0.08974359, 0.11474359,
       0.09358974, 0.11987179, 0.15064103, 0.07371795, 0.15128205,
       0.11794872, 0.10448718, 0.11217949, 0.11153846, 0.08653846,
       0.08910256]), 'class_median_width_scaled': array([0.03846154, 0.03846154, 0.03846154, 0.03846154, 0.03846154,
       0.03846154, 0.03846154, 0.03846154, 0.03846154, 0.03846154,
       0.03846154, 0.03846154, 0.03846154, 0.03846154, 0.03846154,
       0.03846154, 0.03846154, 0.03846154, 0.03846154, 0.03846154,
       0.03846154, 0.03846154, 0.03846154, 0.03846154, 0.03846154,
       0.03846154])}

Job completed at Thu Mar 20 05:03:33 PM PDT 2025
