Starting job at Thu Mar 20 05:03:18 PM PDT 2025
Job parameters:
Dataset: data_isolet
UQ Method: split_conformal_aps
Estimator: LogisticRegression
Seed: 780
Train Size: 0.8
Running split_conformal_aps on data_isolet with seed 780 and train size 0.8

starting experiment

data created

Fitting split_conformal_aps_LogisticRegression on data_isolet with seed 780

split_conformal_aps_LogisticRegression metrics: {'coverage': np.float64(0.9801282051282051), 'mean_width': np.float64(3.1846153846153844), 'median_width': np.float64(1.0), 'mean_width_scaled': np.float64(0.12248520710059171), 'median_width_scaled': np.float64(0.038461538461538464)}

split_conformal_aps_LogisticRegression full metrics: {'coverage': np.float64(0.9801282051282051), 'mean_width': np.float64(3.1846153846153844), 'median_width': np.float64(1.0), 'mean_width_scaled': np.float64(0.12248520710059171), 'median_width_scaled': np.float64(0.038461538461538464)}

split_conformal_aps_LogisticRegression class metrics: {'class_coverage': array([1.        , 1.        , 1.        , 0.98333333, 0.98333333,
       0.93333333, 1.        , 0.95      , 1.        , 0.98333333,
       1.        , 0.96666667, 0.96666667, 0.98333333, 0.91666667,
       0.96666667, 1.        , 1.        , 0.98333333, 1.        ,
       0.96666667, 0.95      , 0.96666667, 0.98333333, 1.        ,
       1.        ]), 'class_mean_width': array([3.75      , 2.73333333, 2.48333333, 3.6       , 4.25      ,
       2.98333333, 2.31666667, 2.21666667, 2.76666667, 2.7       ,
       3.93333333, 2.13333333, 3.75      , 3.1       , 2.25      ,
       1.55      , 2.7       , 3.1       , 3.58333333, 5.21666667,
       2.5       , 4.        , 4.93333333, 2.8       , 3.5       ,
       3.95      ]), 'class_median_width': array([1., 1., 1., 1., 1., 1., 1., 1., 1., 1., 1., 1., 1., 1., 1., 1., 1.,
       1., 1., 1., 1., 2., 1., 1., 1., 1.]), 'class_mean_width_scaled': array([0.14423077, 0.10512821, 0.09551282, 0.13846154, 0.16346154,
       0.11474359, 0.08910256, 0.08525641, 0.10641026, 0.10384615,
       0.15128205, 0.08205128, 0.14423077, 0.11923077, 0.08653846,
       0.05961538, 0.10384615, 0.11923077, 0.13782051, 0.20064103,
       0.09615385, 0.15384615, 0.18974359, 0.10769231, 0.13461538,
       0.15192308]), 'class_median_width_scaled': array([0.03846154, 0.03846154, 0.03846154, 0.03846154, 0.03846154,
       0.03846154, 0.03846154, 0.03846154, 0.03846154, 0.03846154,
       0.03846154, 0.03846154, 0.03846154, 0.03846154, 0.03846154,
       0.03846154, 0.03846154, 0.03846154, 0.03846154, 0.03846154,
       0.03846154, 0.07692308, 0.03846154, 0.03846154, 0.03846154,
       0.03846154])}

split_conformal_aps_LogisticRegression full class metrics: {'class_coverage': array([1.        , 1.        , 1.        , 0.98333333, 0.98333333,
       0.93333333, 1.        , 0.95      , 1.        , 0.98333333,
       1.        , 0.96666667, 0.96666667, 0.98333333, 0.91666667,
       0.96666667, 1.        , 1.        , 0.98333333, 1.        ,
       0.96666667, 0.95      , 0.96666667, 0.98333333, 1.        ,
       1.        ]), 'class_mean_width': array([3.75      , 2.73333333, 2.48333333, 3.6       , 4.25      ,
       2.98333333, 2.31666667, 2.21666667, 2.76666667, 2.7       ,
       3.93333333, 2.13333333, 3.75      , 3.1       , 2.25      ,
       1.55      , 2.7       , 3.1       , 3.58333333, 5.21666667,
       2.5       , 4.        , 4.93333333, 2.8       , 3.5       ,
       3.95      ]), 'class_median_width': array([1., 1., 1., 1., 1., 1., 1., 1., 1., 1., 1., 1., 1., 1., 1., 1., 1.,
       1., 1., 1., 1., 2., 1., 1., 1., 1.]), 'class_mean_width_scaled': array([0.14423077, 0.10512821, 0.09551282, 0.13846154, 0.16346154,
       0.11474359, 0.08910256, 0.08525641, 0.10641026, 0.10384615,
       0.15128205, 0.08205128, 0.14423077, 0.11923077, 0.08653846,
       0.05961538, 0.10384615, 0.11923077, 0.13782051, 0.20064103,
       0.09615385, 0.15384615, 0.18974359, 0.10769231, 0.13461538,
       0.15192308]), 'class_median_width_scaled': array([0.03846154, 0.03846154, 0.03846154, 0.03846154, 0.03846154,
       0.03846154, 0.03846154, 0.03846154, 0.03846154, 0.03846154,
       0.03846154, 0.03846154, 0.03846154, 0.03846154, 0.03846154,
       0.03846154, 0.03846154, 0.03846154, 0.03846154, 0.03846154,
       0.03846154, 0.07692308, 0.03846154, 0.03846154, 0.03846154,
       0.03846154])}

Job completed at Thu Mar 20 05:03:29 PM PDT 2025
