Starting job at Wed Mar 19 06:21:16 PM PDT 2025
Job parameters:
Dataset: data_isolet
UQ Method: split_conformal_aps
Estimator: LogisticRegression
Seed: 778
Train Size: 0.8
Running split_conformal_aps on data_isolet with seed 778 and train size 0.8

starting experiment

data created

Fitting split_conformal_aps_LogisticRegression on data_isolet with seed 778

split_conformal_aps_LogisticRegression metrics: {'coverage': np.float64(0.9788461538461538), 'mean_width': np.float64(3.424358974358974), 'median_width': np.float64(1.0), 'mean_width_scaled': np.float64(0.13170611439842209), 'median_width_scaled': np.float64(0.038461538461538464)}

split_conformal_aps_LogisticRegression full metrics: {'coverage': np.float64(0.9788461538461538), 'mean_width': np.float64(3.424358974358974), 'median_width': np.float64(1.0), 'mean_width_scaled': np.float64(0.13170611439842209), 'median_width_scaled': np.float64(0.038461538461538464)}

split_conformal_aps_LogisticRegression class metrics: {'class_coverage': array([1.        , 1.        , 0.95      , 1.        , 0.98333333,
       0.9       , 1.        , 0.98333333, 0.98333333, 0.98333333,
       1.        , 0.98333333, 0.98333333, 1.        , 0.9       ,
       0.98333333, 0.98333333, 1.        , 0.96666667, 1.        ,
       0.98333333, 0.98333333, 0.98333333, 0.95      , 1.        ,
       0.96666667]), 'class_mean_width': array([3.3       , 2.9       , 4.45      , 3.31666667, 3.08333333,
       2.05      , 3.56666667, 2.46666667, 4.8       , 4.36666667,
       3.98333333, 2.28333333, 1.7       , 3.16666667, 1.7       ,
       3.68333333, 2.33333333, 4.35      , 4.81666667, 5.25      ,
       3.6       , 3.03333333, 2.06666667, 3.15      , 4.36666667,
       5.25      ]), 'class_median_width': array([1., 1., 1., 1., 1., 1., 1., 1., 1., 1., 1., 1., 1., 1., 1., 1., 1.,
       1., 1., 1., 1., 1., 1., 1., 1., 1.]), 'class_mean_width_scaled': array([0.12692308, 0.11153846, 0.17115385, 0.1275641 , 0.11858974,
       0.07884615, 0.13717949, 0.09487179, 0.18461538, 0.16794872,
       0.15320513, 0.08782051, 0.06538462, 0.12179487, 0.06538462,
       0.14166667, 0.08974359, 0.16730769, 0.18525641, 0.20192308,
       0.13846154, 0.11666667, 0.07948718, 0.12115385, 0.16794872,
       0.20192308]), 'class_median_width_scaled': array([0.03846154, 0.03846154, 0.03846154, 0.03846154, 0.03846154,
       0.03846154, 0.03846154, 0.03846154, 0.03846154, 0.03846154,
       0.03846154, 0.03846154, 0.03846154, 0.03846154, 0.03846154,
       0.03846154, 0.03846154, 0.03846154, 0.03846154, 0.03846154,
       0.03846154, 0.03846154, 0.03846154, 0.03846154, 0.03846154,
       0.03846154])}

split_conformal_aps_LogisticRegression full class metrics: {'class_coverage': array([1.        , 1.        , 0.95      , 1.        , 0.98333333,
       0.9       , 1.        , 0.98333333, 0.98333333, 0.98333333,
       1.        , 0.98333333, 0.98333333, 1.        , 0.9       ,
       0.98333333, 0.98333333, 1.        , 0.96666667, 1.        ,
       0.98333333, 0.98333333, 0.98333333, 0.95      , 1.        ,
       0.96666667]), 'class_mean_width': array([3.3       , 2.9       , 4.45      , 3.31666667, 3.08333333,
       2.05      , 3.56666667, 2.46666667, 4.8       , 4.36666667,
       3.98333333, 2.28333333, 1.7       , 3.16666667, 1.7       ,
       3.68333333, 2.33333333, 4.35      , 4.81666667, 5.25      ,
       3.6       , 3.03333333, 2.06666667, 3.15      , 4.36666667,
       5.25      ]), 'class_median_width': array([1., 1., 1., 1., 1., 1., 1., 1., 1., 1., 1., 1., 1., 1., 1., 1., 1.,
       1., 1., 1., 1., 1., 1., 1., 1., 1.]), 'class_mean_width_scaled': array([0.12692308, 0.11153846, 0.17115385, 0.1275641 , 0.11858974,
       0.07884615, 0.13717949, 0.09487179, 0.18461538, 0.16794872,
       0.15320513, 0.08782051, 0.06538462, 0.12179487, 0.06538462,
       0.14166667, 0.08974359, 0.16730769, 0.18525641, 0.20192308,
       0.13846154, 0.11666667, 0.07948718, 0.12115385, 0.16794872,
       0.20192308]), 'class_median_width_scaled': array([0.03846154, 0.03846154, 0.03846154, 0.03846154, 0.03846154,
       0.03846154, 0.03846154, 0.03846154, 0.03846154, 0.03846154,
       0.03846154, 0.03846154, 0.03846154, 0.03846154, 0.03846154,
       0.03846154, 0.03846154, 0.03846154, 0.03846154, 0.03846154,
       0.03846154, 0.03846154, 0.03846154, 0.03846154, 0.03846154,
       0.03846154])}

Job completed at Wed Mar 19 06:21:24 PM PDT 2025
