Starting job at Thu Mar 20 05:03:54 PM PDT 2025
Job parameters:
Dataset: data_dionis
UQ Method: majority_vote
Estimator: HistGradientBoosting
Seed: 777
Train Size: 0.8
Running majority_vote on data_dionis with seed 777 and train size 0.8

starting experiment

data created

Fitting majority_vote on data_dionis with seed 777

majority_vote metrics: {'coverage': np.float64(0.9835), 'mean_width': np.float64(218.00466666666668), 'median_width': np.float64(297.0), 'mean_width_scaled': np.float64(0.6140976525821596), 'median_width_scaled': np.float64(0.8366197183098592)}

majority_vote full metrics: {'coverage': np.float64(0.9835), 'mean_width': np.float64(218.00466666666668), 'median_width': np.float64(297.0), 'mean_width_scaled': np.float64(0.6140976525821596), 'median_width_scaled': np.float64(0.8366197183098592)}

majority_vote class metrics: {'class_coverage': array([1.        , 1.        , 1.        , 1.        , 0.96428571,
       0.93333333, 1.        , 1.        , 1.        , 0.88888889,
       1.        , 0.93333333, 1.        , 1.        , 1.        ,
       1.        , 1.        , 1.        , 1.        , 0.73333333,
       1.        , 1.        , 0.9375    , 1.        , 1.        ,
       1.        , 1.        , 1.        , 1.        , 1.        ,
       1.        , 1.        , 1.        , 1.        , 1.        ,
       1.        , 1.        , 1.        , 1.        , 0.8125    ,
       1.        , 1.        , 1.        , 1.        , 0.93333333,
       1.        , 0.94444444, 1.        , 1.        , 1.        ,
       1.        , 1.        , 1.        , 1.        , 1.        ,
       1.        , 1.        , 1.        , 1.        , 1.        ,
       0.94117647, 1.        , 1.        , 1.        , 0.8       ,
       1.        , 0.94444444, 1.        , 1.        , 1.        ,
       0.92857143, 1.        , 0.9375    , 0.93333333, 1.        ,
       1.        , 1.        , 1.        , 1.        , 1.        ,
       1.        , 1.        , 1.        , 1.        , 1.        ,
       1.        , 1.        , 1.        , 1.        , 1.        ,
       1.        , 1.        , 1.        , 1.        , 1.        ,
       0.94736842, 1.        , 1.        , 1.        , 0.84210526,
       1.        , 1.        , 1.        , 1.        , 1.        ,
       1.        , 0.93333333, 0.9375    , 1.        , 1.        ,
       1.        , 0.86666667, 1.        , 0.93333333, 1.        ,
       1.        , 1.        , 1.        , 0.93333333, 0.86666667,
       0.94736842, 1.        , 1.        , 1.        , 1.        ,
       1.        , 1.        , 0.88235294, 1.        , 1.        ,
       0.95      , 1.        , 0.93333333, 1.        , 1.        ,
       1.        , 1.        , 1.        , 1.        , 1.        ,
       0.93333333, 0.93333333, 0.93333333, 1.        , 1.        ,
       1.        , 1.        , 1.        , 1.        , 1.        ,
       1.        , 1.        , 1.        , 1.        , 1.        ,
       1.        , 1.        , 1.        , 1.        , 1.        ,
       1.        , 1.        , 1.        , 1.        , 1.        ,
       1.        , 1.        , 1.        , 1.        , 0.94444444,
       0.94117647, 1.        , 1.        , 0.93333333, 1.        ,
       1.        , 1.        , 1.        , 0.93333333, 1.        ,
       1.        , 0.9375    , 1.        , 1.        , 1.        ,
       1.        , 1.        , 1.        , 1.        , 1.        ,
       1.        , 1.        , 1.        , 1.        , 1.        ,
       1.        , 1.        , 1.        , 1.        , 1.        ,
       1.        , 1.        , 1.        , 1.        , 0.95238095,
       1.        , 1.        , 0.93333333, 1.        , 1.        ,
       1.        , 1.        , 1.        , 0.8       , 1.        ,
       1.        , 0.9375    , 1.        , 1.        , 1.        ,
       1.        , 0.9375    , 1.        , 0.9375    , 1.        ,
       0.93333333, 1.        , 0.85714286, 1.        , 0.9375    ,
       1.        , 0.94444444, 0.92857143, 1.        , 1.        ,
       1.        , 1.        , 1.        , 0.93333333, 0.93333333,
       1.        , 1.        , 1.        , 1.        , 1.        ,
       1.        , 1.        , 1.        , 1.        , 1.        ,
       1.        , 0.92857143, 1.        , 1.        , 1.        ,
       0.93333333, 1.        , 1.        , 1.        , 1.        ,
       1.        , 1.        , 1.        , 1.        , 0.93333333,
       1.        , 1.        , 1.        , 1.        , 0.92857143,
       0.93333333, 0.94117647, 1.        , 1.        , 1.        ,
       1.        , 0.94444444, 1.        , 1.        , 1.        ,
       1.        , 1.        , 1.        , 1.        , 0.86666667,
       1.        , 1.        , 1.        , 1.        , 1.        ,
       1.        , 1.        , 1.        , 1.        , 1.        ,
       1.        , 1.        , 1.        , 0.875     , 0.8       ,
       1.        , 1.        , 1.        , 0.71428571, 1.        ,
       1.        , 1.        , 1.        , 1.        , 1.        ,
       1.        , 1.        , 0.92857143, 1.        , 1.        ,
       1.        , 1.        , 0.85714286, 1.        , 0.95      ,
       0.94736842, 1.        , 1.        , 1.        , 1.        ,
       1.        , 0.8       , 1.        , 1.        , 1.        ,
       1.        , 0.94444444, 1.        , 1.        , 0.88235294,
       0.90909091, 1.        , 1.        , 1.        , 0.94117647,
       1.        , 0.9375    , 0.93333333, 1.        , 1.        ,
       1.        , 1.        , 0.93333333, 1.        , 1.        ,
       1.        , 1.        , 1.        , 1.        , 1.        ]), 'class_mean_width': array([262.5       , 215.75      , 238.        , 133.5       ,
       254.89285714, 176.26666667, 271.16666667, 134.8       ,
       283.06666667, 268.27777778, 279.22222222, 233.26666667,
       272.27777778, 211.33333333, 302.73333333, 228.95      ,
       302.5       , 265.10526316, 291.        , 241.46666667,
        80.8       , 233.66666667, 126.125     , 218.89473684,
       241.5625    , 160.22222222, 297.60714286, 298.66666667,
       298.38461538, 288.05555556,  89.42105263, 277.        ,
       268.47058824, 265.46666667, 302.6       , 106.3125    ,
       135.64285714, 219.13333333, 208.71428571, 134.75      ,
       267.5625    , 184.6875    , 289.64705882, 299.46666667,
       283.46666667, 289.46666667, 241.27777778, 221.33333333,
       284.84210526, 225.5       , 283.73333333, 284.52941176,
       188.94117647, 299.83333333, 258.31578947, 119.93333333,
       283.        , 256.93333333, 284.35714286, 276.8       ,
       211.64705882, 216.8125    , 249.26315789, 278.35714286,
       252.46666667, 230.70588235, 144.33333333, 161.        ,
       243.78947368, 186.85714286, 251.57142857, 220.61904762,
       170.8125    , 114.4       , 282.8       , 128.26666667,
       303.5625    , 284.26315789, 261.        , 275.1875    ,
       246.63157895, 272.33333333, 182.58823529, 129.05882353,
       143.6875    , 108.14285714, 149.10526316, 277.86666667,
       298.85714286, 297.875     , 299.2       , 107.3125    ,
       248.35294118, 112.        , 126.6875    ,  98.15789474,
       187.17647059, 257.2       , 249.26923077, 191.52631579,
       155.8125    , 239.06666667, 243.13333333, 236.75      ,
       298.76470588, 288.13333333, 261.46666667, 240.8125    ,
       270.46153846, 291.15      , 284.6       , 167.26666667,
       127.78571429, 196.13333333, 239.66666667,  93.8125    ,
       262.07142857, 104.8125    , 255.8       , 263.6       ,
       115.94736842, 214.75      ,  75.64      , 221.72222222,
        78.25      , 263.26315789, 283.5       , 232.58823529,
       284.875     , 254.82352941, 250.4       , 291.28571429,
       283.26666667, 208.        , 107.73333333, 298.8       ,
       162.33333333, 293.55555556, 136.73333333, 296.875     ,
       271.86666667, 251.26666667, 143.53333333, 189.13333333,
       282.        , 244.89473684, 187.06666667, 254.8       ,
       296.57142857, 301.1875    , 234.44444444, 279.83333333,
       146.29411765, 294.3125    , 118.70588235, 168.44444444,
       280.13636364, 119.8       , 133.73333333, 297.        ,
       240.25      , 287.21052632, 265.5       , 298.13333333,
       229.06666667, 235.21052632, 138.2       , 299.76470588,
       297.26666667, 194.16666667, 123.64705882, 106.0625    ,
       141.82608696, 128.66666667, 105.        , 203.73333333,
        89.93333333, 251.25      , 251.13333333, 301.6       ,
        99.125     , 282.5625    , 213.        , 282.6       ,
       300.2       , 178.93333333, 299.125     , 214.        ,
       104.3125    , 103.33333333, 160.47058824, 285.73333333,
       116.8       , 279.33333333, 142.3       , 108.70588235,
        95.70588235, 306.8       , 300.13333333,  55.5       ,
       198.        , 169.8       , 263.75      , 108.5625    ,
       118.28571429, 271.84210526, 230.04545455, 169.46666667,
       307.0952381 , 119.8       , 134.92857143, 262.8125    ,
       231.2       , 115.13333333, 267.5625    , 170.10526316,
       281.5       , 266.93333333, 282.375     , 143.95238095,
       284.58823529,  93.25      , 287.5       ,  81.8125    ,
        85.38461538, 152.4       , 266.86666667, 225.21428571,
       171.06666667, 105.625     , 286.33333333, 284.11111111,
       281.28571429, 242.35294118, 119.05882353, 222.53333333,
       167.        , 232.9375    , 266.46666667, 274.4       ,
       132.33333333, 293.54545455, 230.05555556, 272.05      ,
       238.78571429, 281.9375    , 103.        , 110.25      ,
       234.3125    , 285.40909091, 272.375     , 209.57142857,
       225.85714286, 104.72222222, 188.28      , 247.13333333,
       268.55555556, 214.52631579, 254.52380952, 156.4       ,
       118.2       , 298.6875    , 279.        , 297.46666667,
       266.26666667, 251.3125    , 211.64705882, 298.6       ,
       268.73076923, 269.28571429,  95.93333333, 283.23529412,
       185.73333333, 302.33333333, 166.66666667,  89.        ,
       204.44444444, 232.25      , 278.53846154, 124.2       ,
       283.        , 185.3       , 184.73333333, 101.39130435,
       274.86666667,  41.88235294, 259.        , 297.73333333,
       230.60869565, 237.25      , 106.72222222, 298.4       ,
       289.        , 256.        , 290.3125    , 215.28571429,
       282.75      , 231.625     , 207.9375    ,  82.8       ,
       298.71428571, 100.93333333, 197.33333333, 124.        ,
       111.93333333, 298.2       , 221.375     ,  82.73333333,
       109.53333333, 164.83333333, 205.44444444, 243.46666667,
       246.57142857, 239.91304348, 293.25      ,  81.86363636,
       299.31578947, 181.78571429, 300.28571429, 284.95      ,
       283.47368421, 283.625     , 114.18181818,  42.        ,
       165.35714286, 299.4       , 180.26666667, 231.8125    ,
       247.53333333, 290.72222222, 168.66666667, 109.05555556,
       300.6875    , 292.73333333, 208.47058824, 279.09090909,
       229.88461538, 160.2       , 265.17647059, 237.29411765,
       253.30434783,  96.        , 286.4       , 240.6875    ,
       261.86666667, 119.66666667, 298.4375    , 281.53333333,
       250.86666667, 277.69230769, 148.14285714, 273.76470588,
       274.26315789, 132.47368421, 273.33333333]), 'class_median_width': array([298. , 302. , 297. ,  90. , 305. , 296. , 299. ,  59. , 300. ,
       299.5, 304. , 296. , 296. , 296. , 302. , 258. , 302. , 264. ,
       303.5, 298. , 103. , 297. , 115. , 297. , 301.5,  95.5, 299. ,
       298. , 301. , 299. , 103. , 305. , 300. , 299. , 302. ,  48.5,
        63.5, 305. , 298.5, 112.5, 299. , 120. , 302. , 299. , 297. ,
       301. , 297. , 259.5, 299. , 297. , 298. , 300. , 296. , 300. ,
       297. ,  41. , 299. , 305. , 300. , 301. , 301. , 304. , 297. ,
       297.5, 297. , 297. , 116. , 113. , 299. , 296.5, 301.5, 261. ,
       212. , 105. , 299. ,  45. , 303. , 299. , 297. , 264. , 299. ,
       297. , 297. , 110. , 106.5, 111.5,  63. , 298. , 299. , 297. ,
       299. ,  49. , 304. , 112. ,  54. ,  31. , 115. , 304. , 297. ,
       261. ,  97.5, 302. , 298. , 263. , 299. , 298. , 297. , 298. ,
       298. , 304. , 298. ,  82. ,  67. , 264. , 302. ,  26. , 297.5,
       108.5, 302. , 297. ,  37. , 297.5, 102. , 304. ,  30.5, 304. ,
       299. , 307. , 299. , 304. , 302. , 304. , 297. , 298. , 112. ,
       298. , 108. , 297.5,  63. , 299. , 299. , 297. ,  52. , 266. ,
       300. , 297. , 267. , 301. , 296.5, 301. , 300. , 305. ,  59. ,
       305. ,  48. , 116. , 264. , 107.5, 107. , 297. , 296.5, 300. ,
       298. , 298. , 298. , 297. ,  38. , 300. , 296. , 298. , 118. ,
       109.5, 104. ,  45. , 105.5, 264. ,  35. , 297. , 299. , 305. ,
        38.5, 296. , 297. , 298. , 300. , 299. , 298. , 297. , 103. ,
       101.5, 118. , 297. , 103. , 297. ,  52. , 106. , 113. , 306. ,
       300. ,  46. , 299. , 158. , 298. ,  50.5,  46. , 297. , 261. ,
       109. , 308. , 106. , 105. , 300.5, 301.5, 105. , 273.5, 133. ,
       298. , 298. , 297. , 115. , 298. ,  38. , 297. ,  30.5,  21. ,
       117. , 300. , 303.5, 297. , 108. , 297. , 298.5, 299. , 308. ,
        28. , 298. , 122.5, 297. , 298. , 300. , 106. , 304. , 299.5,
       298. , 297. , 297. , 104. ,  63. , 299.5, 297. , 299. , 213.5,
       307. ,  33. , 296. , 298. , 299. , 296. , 297. ,  59. , 105. ,
       297.5, 297. , 297. , 298. , 297.5, 261. , 298. , 299. , 298.5,
       107. , 297. , 300. , 302. , 258. ,  45. , 300.5, 298.5, 297. ,
       106. , 301. , 116. , 296. , 105. , 300. ,  20. , 299. , 298. ,
       296. , 263. , 105.5, 298. , 298. , 282.5, 302. , 223.5, 302. ,
       299. , 298. ,  50. , 299. , 105. , 299. , 113.5,  36. , 298. ,
       301.5,  55. ,  49. , 109.5, 261. , 258. , 297. , 261. , 302.5,
        34. , 299. , 296.5, 298.5, 306. , 297. , 299.5, 102. ,  34. ,
       156.5, 299. , 296. , 302. , 297. , 302. , 274. ,  44.5, 300.5,
       306. , 263. , 297. , 297. , 105. , 297. , 301. , 297. ,  59. ,
       296. , 302. , 304. ,  44.5, 299. , 298. , 302. , 297. ,  53.5,
       298. , 297. ,  39. , 297. ]), 'class_mean_width_scaled': array([0.73943662, 0.60774648, 0.67042254, 0.37605634, 0.71800805,
       0.49652582, 0.76384977, 0.37971831, 0.79737089, 0.75571205,
       0.78654147, 0.6570892 , 0.76697966, 0.59530516, 0.85276995,
       0.64492958, 0.85211268, 0.74677539, 0.81971831, 0.68018779,
       0.22760563, 0.65821596, 0.35528169, 0.61660489, 0.68045775,
       0.4513302 , 0.83832998, 0.84131455, 0.84052004, 0.8114241 ,
       0.25189029, 0.78028169, 0.75625518, 0.74779343, 0.85239437,
       0.29947183, 0.38209256, 0.617277  , 0.58792757, 0.37957746,
       0.75369718, 0.52024648, 0.81590721, 0.84356808, 0.79849765,
       0.81539906, 0.67965571, 0.62347418, 0.80237213, 0.63521127,
       0.79924883, 0.8014913 , 0.53222867, 0.84460094, 0.72765011,
       0.33784038, 0.7971831 , 0.72375587, 0.80100604, 0.77971831,
       0.5961889 , 0.61073944, 0.70214974, 0.78410463, 0.71117371,
       0.64987572, 0.40657277, 0.45352113, 0.68673091, 0.52635815,
       0.70865191, 0.62146211, 0.48116197, 0.32225352, 0.79661972,
       0.36131455, 0.85510563, 0.80074129, 0.73521127, 0.77517606,
       0.69473684, 0.76713615, 0.51433306, 0.36354598, 0.40475352,
       0.30462777, 0.42001483, 0.782723  , 0.84185111, 0.83908451,
       0.8428169 , 0.30228873, 0.69958575, 0.31549296, 0.3568662 ,
       0.27650111, 0.52725766, 0.72450704, 0.70216685, 0.53951075,
       0.43890845, 0.67342723, 0.68488263, 0.66690141, 0.84159072,
       0.81164319, 0.73652582, 0.67834507, 0.76186349, 0.82014085,
       0.80169014, 0.47117371, 0.35995976, 0.55248826, 0.67511737,
       0.26426056, 0.73822938, 0.29524648, 0.72056338, 0.74253521,
       0.32661231, 0.60492958, 0.21307042, 0.62456964, 0.22042254,
       0.74158636, 0.79859155, 0.65517813, 0.80246479, 0.71781276,
       0.70535211, 0.82052314, 0.79793427, 0.58591549, 0.30347418,
       0.84169014, 0.457277  , 0.82691706, 0.38516432, 0.83626761,
       0.7658216 , 0.70779343, 0.40431925, 0.53276995, 0.7943662 ,
       0.68984433, 0.52694836, 0.71774648, 0.83541247, 0.84841549,
       0.66040689, 0.78826291, 0.41209611, 0.8290493 , 0.33438277,
       0.47449139, 0.78911652, 0.33746479, 0.37671362, 0.83661972,
       0.67676056, 0.80904374, 0.74788732, 0.83981221, 0.64525822,
       0.66256486, 0.38929577, 0.84440762, 0.83737089, 0.54694836,
       0.34830157, 0.29876761, 0.3995101 , 0.36244131, 0.29577465,
       0.57389671, 0.25333333, 0.70774648, 0.70741784, 0.84957746,
       0.27922535, 0.7959507 , 0.6       , 0.79605634, 0.8456338 ,
       0.50403756, 0.84260563, 0.6028169 , 0.29383803, 0.29107981,
       0.45202983, 0.80488263, 0.32901408, 0.78685446, 0.40084507,
       0.30621375, 0.26959403, 0.86422535, 0.84544601, 0.15633803,
       0.55774648, 0.47830986, 0.74295775, 0.30580986, 0.3331992 ,
       0.76575241, 0.64801536, 0.47737089, 0.86505701, 0.33746479,
       0.38008048, 0.7403169 , 0.65126761, 0.32431925, 0.75369718,
       0.47916976, 0.79295775, 0.75192488, 0.79542254, 0.40549966,
       0.801657  , 0.26267606, 0.80985915, 0.23045775, 0.24052004,
       0.42929577, 0.75173709, 0.63440644, 0.48187793, 0.29753521,
       0.80657277, 0.80031299, 0.79235412, 0.68268434, 0.33537697,
       0.62685446, 0.47042254, 0.65616197, 0.75061033, 0.77295775,
       0.37276995, 0.8268886 , 0.64804382, 0.76633803, 0.67263581,
       0.79419014, 0.29014085, 0.31056338, 0.66003521, 0.80396927,
       0.76725352, 0.59034205, 0.6362173 , 0.29499218, 0.5303662 ,
       0.69615023, 0.75649452, 0.60429948, 0.71696848, 0.44056338,
       0.33295775, 0.84137324, 0.78591549, 0.83793427, 0.75004695,
       0.70792254, 0.5961889 , 0.84112676, 0.75698808, 0.75855131,
       0.27023474, 0.7978459 , 0.52319249, 0.85164319, 0.46948357,
       0.25070423, 0.57589984, 0.65422535, 0.78461538, 0.34985915,
       0.7971831 , 0.52197183, 0.52037559, 0.28560931, 0.7742723 ,
       0.11797846, 0.72957746, 0.83868545, 0.64960196, 0.66830986,
       0.30062598, 0.84056338, 0.81408451, 0.72112676, 0.81778169,
       0.60643863, 0.79647887, 0.65246479, 0.58573944, 0.23323944,
       0.84144869, 0.28431925, 0.55586854, 0.34929577, 0.31530516,
       0.84      , 0.62359155, 0.23305164, 0.3085446 , 0.46431925,
       0.57871674, 0.6858216 , 0.6945674 , 0.67581139, 0.82605634,
       0.23060179, 0.84314307, 0.51207243, 0.84587525, 0.80267606,
       0.79851742, 0.79894366, 0.32163892, 0.11830986, 0.46579477,
       0.84338028, 0.50779343, 0.65299296, 0.697277  , 0.81893584,
       0.47511737, 0.30719875, 0.84700704, 0.82460094, 0.58724109,
       0.78617157, 0.6475623 , 0.45126761, 0.74697597, 0.66843413,
       0.71353337, 0.27042254, 0.80676056, 0.67799296, 0.73765258,
       0.3370892 , 0.84066901, 0.79305164, 0.70666667, 0.78223185,
       0.41730382, 0.77116819, 0.77257228, 0.37316531, 0.76995305]), 'class_median_width_scaled': array([0.83943662, 0.85070423, 0.83661972, 0.25352113, 0.85915493,
       0.83380282, 0.84225352, 0.16619718, 0.84507042, 0.84366197,
       0.85633803, 0.83380282, 0.83380282, 0.83380282, 0.85070423,
       0.72676056, 0.85070423, 0.74366197, 0.85492958, 0.83943662,
       0.29014085, 0.83661972, 0.32394366, 0.83661972, 0.84929577,
       0.26901408, 0.84225352, 0.83943662, 0.84788732, 0.84225352,
       0.29014085, 0.85915493, 0.84507042, 0.84225352, 0.85070423,
       0.13661972, 0.17887324, 0.85915493, 0.84084507, 0.31690141,
       0.84225352, 0.33802817, 0.85070423, 0.84225352, 0.83661972,
       0.84788732, 0.83661972, 0.73098592, 0.84225352, 0.83661972,
       0.83943662, 0.84507042, 0.83380282, 0.84507042, 0.83661972,
       0.11549296, 0.84225352, 0.85915493, 0.84507042, 0.84788732,
       0.84788732, 0.85633803, 0.83661972, 0.83802817, 0.83661972,
       0.83661972, 0.32676056, 0.31830986, 0.84225352, 0.83521127,
       0.84929577, 0.73521127, 0.5971831 , 0.29577465, 0.84225352,
       0.12676056, 0.85352113, 0.84225352, 0.83661972, 0.74366197,
       0.84225352, 0.83661972, 0.83661972, 0.30985915, 0.3       ,
       0.31408451, 0.17746479, 0.83943662, 0.84225352, 0.83661972,
       0.84225352, 0.13802817, 0.85633803, 0.31549296, 0.15211268,
       0.08732394, 0.32394366, 0.85633803, 0.83661972, 0.73521127,
       0.27464789, 0.85070423, 0.83943662, 0.74084507, 0.84225352,
       0.83943662, 0.83661972, 0.83943662, 0.83943662, 0.85633803,
       0.83943662, 0.23098592, 0.18873239, 0.74366197, 0.85070423,
       0.07323944, 0.83802817, 0.3056338 , 0.85070423, 0.83661972,
       0.10422535, 0.83802817, 0.28732394, 0.85633803, 0.08591549,
       0.85633803, 0.84225352, 0.86478873, 0.84225352, 0.85633803,
       0.85070423, 0.85633803, 0.83661972, 0.83943662, 0.31549296,
       0.83943662, 0.30422535, 0.83802817, 0.17746479, 0.84225352,
       0.84225352, 0.83661972, 0.14647887, 0.74929577, 0.84507042,
       0.83661972, 0.75211268, 0.84788732, 0.83521127, 0.84788732,
       0.84507042, 0.85915493, 0.16619718, 0.85915493, 0.13521127,
       0.32676056, 0.74366197, 0.3028169 , 0.30140845, 0.83661972,
       0.83521127, 0.84507042, 0.83943662, 0.83943662, 0.83943662,
       0.83661972, 0.10704225, 0.84507042, 0.83380282, 0.83943662,
       0.33239437, 0.3084507 , 0.29295775, 0.12676056, 0.2971831 ,
       0.74366197, 0.09859155, 0.83661972, 0.84225352, 0.85915493,
       0.1084507 , 0.83380282, 0.83661972, 0.83943662, 0.84507042,
       0.84225352, 0.83943662, 0.83661972, 0.29014085, 0.28591549,
       0.33239437, 0.83661972, 0.29014085, 0.83661972, 0.14647887,
       0.29859155, 0.31830986, 0.86197183, 0.84507042, 0.12957746,
       0.84225352, 0.44507042, 0.83943662, 0.14225352, 0.12957746,
       0.83661972, 0.73521127, 0.30704225, 0.86760563, 0.29859155,
       0.29577465, 0.84647887, 0.84929577, 0.29577465, 0.77042254,
       0.37464789, 0.83943662, 0.83943662, 0.83661972, 0.32394366,
       0.83943662, 0.10704225, 0.83661972, 0.08591549, 0.05915493,
       0.32957746, 0.84507042, 0.85492958, 0.83661972, 0.30422535,
       0.83661972, 0.84084507, 0.84225352, 0.86760563, 0.07887324,
       0.83943662, 0.34507042, 0.83661972, 0.83943662, 0.84507042,
       0.29859155, 0.85633803, 0.84366197, 0.83943662, 0.83661972,
       0.83661972, 0.29295775, 0.17746479, 0.84366197, 0.83661972,
       0.84225352, 0.60140845, 0.86478873, 0.09295775, 0.83380282,
       0.83943662, 0.84225352, 0.83380282, 0.83661972, 0.16619718,
       0.29577465, 0.83802817, 0.83661972, 0.83661972, 0.83943662,
       0.83802817, 0.73521127, 0.83943662, 0.84225352, 0.84084507,
       0.30140845, 0.83661972, 0.84507042, 0.85070423, 0.72676056,
       0.12676056, 0.84647887, 0.84084507, 0.83661972, 0.29859155,
       0.84788732, 0.32676056, 0.83380282, 0.29577465, 0.84507042,
       0.05633803, 0.84225352, 0.83943662, 0.83380282, 0.74084507,
       0.2971831 , 0.83943662, 0.83943662, 0.79577465, 0.85070423,
       0.62957746, 0.85070423, 0.84225352, 0.83943662, 0.14084507,
       0.84225352, 0.29577465, 0.84225352, 0.31971831, 0.10140845,
       0.83943662, 0.84929577, 0.15492958, 0.13802817, 0.3084507 ,
       0.73521127, 0.72676056, 0.83661972, 0.73521127, 0.85211268,
       0.09577465, 0.84225352, 0.83521127, 0.84084507, 0.86197183,
       0.83661972, 0.84366197, 0.28732394, 0.09577465, 0.44084507,
       0.84225352, 0.83380282, 0.85070423, 0.83661972, 0.85070423,
       0.77183099, 0.12535211, 0.84647887, 0.86197183, 0.74084507,
       0.83661972, 0.83661972, 0.29577465, 0.83661972, 0.84788732,
       0.83661972, 0.16619718, 0.83380282, 0.85070423, 0.85633803,
       0.12535211, 0.84225352, 0.83943662, 0.85070423, 0.83661972,
       0.15070423, 0.83943662, 0.83661972, 0.10985915, 0.83661972])}

majority_vote full class metrics: {'class_coverage': array([1.        , 1.        , 1.        , 1.        , 0.96428571,
       0.93333333, 1.        , 1.        , 1.        , 0.88888889,
       1.        , 0.93333333, 1.        , 1.        , 1.        ,
       1.        , 1.        , 1.        , 1.        , 0.73333333,
       1.        , 1.        , 0.9375    , 1.        , 1.        ,
       1.        , 1.        , 1.        , 1.        , 1.        ,
       1.        , 1.        , 1.        , 1.        , 1.        ,
       1.        , 1.        , 1.        , 1.        , 0.8125    ,
       1.        , 1.        , 1.        , 1.        , 0.93333333,
       1.        , 0.94444444, 1.        , 1.        , 1.        ,
       1.        , 1.        , 1.        , 1.        , 1.        ,
       1.        , 1.        , 1.        , 1.        , 1.        ,
       0.94117647, 1.        , 1.        , 1.        , 0.8       ,
       1.        , 0.94444444, 1.        , 1.        , 1.        ,
       0.92857143, 1.        , 0.9375    , 0.93333333, 1.        ,
       1.        , 1.        , 1.        , 1.        , 1.        ,
       1.        , 1.        , 1.        , 1.        , 1.        ,
       1.        , 1.        , 1.        , 1.        , 1.        ,
       1.        , 1.        , 1.        , 1.        , 1.        ,
       0.94736842, 1.        , 1.        , 1.        , 0.84210526,
       1.        , 1.        , 1.        , 1.        , 1.        ,
       1.        , 0.93333333, 0.9375    , 1.        , 1.        ,
       1.        , 0.86666667, 1.        , 0.93333333, 1.        ,
       1.        , 1.        , 1.        , 0.93333333, 0.86666667,
       0.94736842, 1.        , 1.        , 1.        , 1.        ,
       1.        , 1.        , 0.88235294, 1.        , 1.        ,
       0.95      , 1.        , 0.93333333, 1.        , 1.        ,
       1.        , 1.        , 1.        , 1.        , 1.        ,
       0.93333333, 0.93333333, 0.93333333, 1.        , 1.        ,
       1.        , 1.        , 1.        , 1.        , 1.        ,
       1.        , 1.        , 1.        , 1.        , 1.        ,
       1.        , 1.        , 1.        , 1.        , 1.        ,
       1.        , 1.        , 1.        , 1.        , 1.        ,
       1.        , 1.        , 1.        , 1.        , 0.94444444,
       0.94117647, 1.        , 1.        , 0.93333333, 1.        ,
       1.        , 1.        , 1.        , 0.93333333, 1.        ,
       1.        , 0.9375    , 1.        , 1.        , 1.        ,
       1.        , 1.        , 1.        , 1.        , 1.        ,
       1.        , 1.        , 1.        , 1.        , 1.        ,
       1.        , 1.        , 1.        , 1.        , 1.        ,
       1.        , 1.        , 1.        , 1.        , 0.95238095,
       1.        , 1.        , 0.93333333, 1.        , 1.        ,
       1.        , 1.        , 1.        , 0.8       , 1.        ,
       1.        , 0.9375    , 1.        , 1.        , 1.        ,
       1.        , 0.9375    , 1.        , 0.9375    , 1.        ,
       0.93333333, 1.        , 0.85714286, 1.        , 0.9375    ,
       1.        , 0.94444444, 0.92857143, 1.        , 1.        ,
       1.        , 1.        , 1.        , 0.93333333, 0.93333333,
       1.        , 1.        , 1.        , 1.        , 1.        ,
       1.        , 1.        , 1.        , 1.        , 1.        ,
       1.        , 0.92857143, 1.        , 1.        , 1.        ,
       0.93333333, 1.        , 1.        , 1.        , 1.        ,
       1.        , 1.        , 1.        , 1.        , 0.93333333,
       1.        , 1.        , 1.        , 1.        , 0.92857143,
       0.93333333, 0.94117647, 1.        , 1.        , 1.        ,
       1.        , 0.94444444, 1.        , 1.        , 1.        ,
       1.        , 1.        , 1.        , 1.        , 0.86666667,
       1.        , 1.        , 1.        , 1.        , 1.        ,
       1.        , 1.        , 1.        , 1.        , 1.        ,
       1.        , 1.        , 1.        , 0.875     , 0.8       ,
       1.        , 1.        , 1.        , 0.71428571, 1.        ,
       1.        , 1.        , 1.        , 1.        , 1.        ,
       1.        , 1.        , 0.92857143, 1.        , 1.        ,
       1.        , 1.        , 0.85714286, 1.        , 0.95      ,
       0.94736842, 1.        , 1.        , 1.        , 1.        ,
       1.        , 0.8       , 1.        , 1.        , 1.        ,
       1.        , 0.94444444, 1.        , 1.        , 0.88235294,
       0.90909091, 1.        , 1.        , 1.        , 0.94117647,
       1.        , 0.9375    , 0.93333333, 1.        , 1.        ,
       1.        , 1.        , 0.93333333, 1.        , 1.        ,
       1.        , 1.        , 1.        , 1.        , 1.        ]), 'class_mean_width': array([262.5       , 215.75      , 238.        , 133.5       ,
       254.89285714, 176.26666667, 271.16666667, 134.8       ,
       283.06666667, 268.27777778, 279.22222222, 233.26666667,
       272.27777778, 211.33333333, 302.73333333, 228.95      ,
       302.5       , 265.10526316, 291.        , 241.46666667,
        80.8       , 233.66666667, 126.125     , 218.89473684,
       241.5625    , 160.22222222, 297.60714286, 298.66666667,
       298.38461538, 288.05555556,  89.42105263, 277.        ,
       268.47058824, 265.46666667, 302.6       , 106.3125    ,
       135.64285714, 219.13333333, 208.71428571, 134.75      ,
       267.5625    , 184.6875    , 289.64705882, 299.46666667,
       283.46666667, 289.46666667, 241.27777778, 221.33333333,
       284.84210526, 225.5       , 283.73333333, 284.52941176,
       188.94117647, 299.83333333, 258.31578947, 119.93333333,
       283.        , 256.93333333, 284.35714286, 276.8       ,
       211.64705882, 216.8125    , 249.26315789, 278.35714286,
       252.46666667, 230.70588235, 144.33333333, 161.        ,
       243.78947368, 186.85714286, 251.57142857, 220.61904762,
       170.8125    , 114.4       , 282.8       , 128.26666667,
       303.5625    , 284.26315789, 261.        , 275.1875    ,
       246.63157895, 272.33333333, 182.58823529, 129.05882353,
       143.6875    , 108.14285714, 149.10526316, 277.86666667,
       298.85714286, 297.875     , 299.2       , 107.3125    ,
       248.35294118, 112.        , 126.6875    ,  98.15789474,
       187.17647059, 257.2       , 249.26923077, 191.52631579,
       155.8125    , 239.06666667, 243.13333333, 236.75      ,
       298.76470588, 288.13333333, 261.46666667, 240.8125    ,
       270.46153846, 291.15      , 284.6       , 167.26666667,
       127.78571429, 196.13333333, 239.66666667,  93.8125    ,
       262.07142857, 104.8125    , 255.8       , 263.6       ,
       115.94736842, 214.75      ,  75.64      , 221.72222222,
        78.25      , 263.26315789, 283.5       , 232.58823529,
       284.875     , 254.82352941, 250.4       , 291.28571429,
       283.26666667, 208.        , 107.73333333, 298.8       ,
       162.33333333, 293.55555556, 136.73333333, 296.875     ,
       271.86666667, 251.26666667, 143.53333333, 189.13333333,
       282.        , 244.89473684, 187.06666667, 254.8       ,
       296.57142857, 301.1875    , 234.44444444, 279.83333333,
       146.29411765, 294.3125    , 118.70588235, 168.44444444,
       280.13636364, 119.8       , 133.73333333, 297.        ,
       240.25      , 287.21052632, 265.5       , 298.13333333,
       229.06666667, 235.21052632, 138.2       , 299.76470588,
       297.26666667, 194.16666667, 123.64705882, 106.0625    ,
       141.82608696, 128.66666667, 105.        , 203.73333333,
        89.93333333, 251.25      , 251.13333333, 301.6       ,
        99.125     , 282.5625    , 213.        , 282.6       ,
       300.2       , 178.93333333, 299.125     , 214.        ,
       104.3125    , 103.33333333, 160.47058824, 285.73333333,
       116.8       , 279.33333333, 142.3       , 108.70588235,
        95.70588235, 306.8       , 300.13333333,  55.5       ,
       198.        , 169.8       , 263.75      , 108.5625    ,
       118.28571429, 271.84210526, 230.04545455, 169.46666667,
       307.0952381 , 119.8       , 134.92857143, 262.8125    ,
       231.2       , 115.13333333, 267.5625    , 170.10526316,
       281.5       , 266.93333333, 282.375     , 143.95238095,
       284.58823529,  93.25      , 287.5       ,  81.8125    ,
        85.38461538, 152.4       , 266.86666667, 225.21428571,
       171.06666667, 105.625     , 286.33333333, 284.11111111,
       281.28571429, 242.35294118, 119.05882353, 222.53333333,
       167.        , 232.9375    , 266.46666667, 274.4       ,
       132.33333333, 293.54545455, 230.05555556, 272.05      ,
       238.78571429, 281.9375    , 103.        , 110.25      ,
       234.3125    , 285.40909091, 272.375     , 209.57142857,
       225.85714286, 104.72222222, 188.28      , 247.13333333,
       268.55555556, 214.52631579, 254.52380952, 156.4       ,
       118.2       , 298.6875    , 279.        , 297.46666667,
       266.26666667, 251.3125    , 211.64705882, 298.6       ,
       268.73076923, 269.28571429,  95.93333333, 283.23529412,
       185.73333333, 302.33333333, 166.66666667,  89.        ,
       204.44444444, 232.25      , 278.53846154, 124.2       ,
       283.        , 185.3       , 184.73333333, 101.39130435,
       274.86666667,  41.88235294, 259.        , 297.73333333,
       230.60869565, 237.25      , 106.72222222, 298.4       ,
       289.        , 256.        , 290.3125    , 215.28571429,
       282.75      , 231.625     , 207.9375    ,  82.8       ,
       298.71428571, 100.93333333, 197.33333333, 124.        ,
       111.93333333, 298.2       , 221.375     ,  82.73333333,
       109.53333333, 164.83333333, 205.44444444, 243.46666667,
       246.57142857, 239.91304348, 293.25      ,  81.86363636,
       299.31578947, 181.78571429, 300.28571429, 284.95      ,
       283.47368421, 283.625     , 114.18181818,  42.        ,
       165.35714286, 299.4       , 180.26666667, 231.8125    ,
       247.53333333, 290.72222222, 168.66666667, 109.05555556,
       300.6875    , 292.73333333, 208.47058824, 279.09090909,
       229.88461538, 160.2       , 265.17647059, 237.29411765,
       253.30434783,  96.        , 286.4       , 240.6875    ,
       261.86666667, 119.66666667, 298.4375    , 281.53333333,
       250.86666667, 277.69230769, 148.14285714, 273.76470588,
       274.26315789, 132.47368421, 273.33333333]), 'class_median_width': array([298. , 302. , 297. ,  90. , 305. , 296. , 299. ,  59. , 300. ,
       299.5, 304. , 296. , 296. , 296. , 302. , 258. , 302. , 264. ,
       303.5, 298. , 103. , 297. , 115. , 297. , 301.5,  95.5, 299. ,
       298. , 301. , 299. , 103. , 305. , 300. , 299. , 302. ,  48.5,
        63.5, 305. , 298.5, 112.5, 299. , 120. , 302. , 299. , 297. ,
       301. , 297. , 259.5, 299. , 297. , 298. , 300. , 296. , 300. ,
       297. ,  41. , 299. , 305. , 300. , 301. , 301. , 304. , 297. ,
       297.5, 297. , 297. , 116. , 113. , 299. , 296.5, 301.5, 261. ,
       212. , 105. , 299. ,  45. , 303. , 299. , 297. , 264. , 299. ,
       297. , 297. , 110. , 106.5, 111.5,  63. , 298. , 299. , 297. ,
       299. ,  49. , 304. , 112. ,  54. ,  31. , 115. , 304. , 297. ,
       261. ,  97.5, 302. , 298. , 263. , 299. , 298. , 297. , 298. ,
       298. , 304. , 298. ,  82. ,  67. , 264. , 302. ,  26. , 297.5,
       108.5, 302. , 297. ,  37. , 297.5, 102. , 304. ,  30.5, 304. ,
       299. , 307. , 299. , 304. , 302. , 304. , 297. , 298. , 112. ,
       298. , 108. , 297.5,  63. , 299. , 299. , 297. ,  52. , 266. ,
       300. , 297. , 267. , 301. , 296.5, 301. , 300. , 305. ,  59. ,
       305. ,  48. , 116. , 264. , 107.5, 107. , 297. , 296.5, 300. ,
       298. , 298. , 298. , 297. ,  38. , 300. , 296. , 298. , 118. ,
       109.5, 104. ,  45. , 105.5, 264. ,  35. , 297. , 299. , 305. ,
        38.5, 296. , 297. , 298. , 300. , 299. , 298. , 297. , 103. ,
       101.5, 118. , 297. , 103. , 297. ,  52. , 106. , 113. , 306. ,
       300. ,  46. , 299. , 158. , 298. ,  50.5,  46. , 297. , 261. ,
       109. , 308. , 106. , 105. , 300.5, 301.5, 105. , 273.5, 133. ,
       298. , 298. , 297. , 115. , 298. ,  38. , 297. ,  30.5,  21. ,
       117. , 300. , 303.5, 297. , 108. , 297. , 298.5, 299. , 308. ,
        28. , 298. , 122.5, 297. , 298. , 300. , 106. , 304. , 299.5,
       298. , 297. , 297. , 104. ,  63. , 299.5, 297. , 299. , 213.5,
       307. ,  33. , 296. , 298. , 299. , 296. , 297. ,  59. , 105. ,
       297.5, 297. , 297. , 298. , 297.5, 261. , 298. , 299. , 298.5,
       107. , 297. , 300. , 302. , 258. ,  45. , 300.5, 298.5, 297. ,
       106. , 301. , 116. , 296. , 105. , 300. ,  20. , 299. , 298. ,
       296. , 263. , 105.5, 298. , 298. , 282.5, 302. , 223.5, 302. ,
       299. , 298. ,  50. , 299. , 105. , 299. , 113.5,  36. , 298. ,
       301.5,  55. ,  49. , 109.5, 261. , 258. , 297. , 261. , 302.5,
        34. , 299. , 296.5, 298.5, 306. , 297. , 299.5, 102. ,  34. ,
       156.5, 299. , 296. , 302. , 297. , 302. , 274. ,  44.5, 300.5,
       306. , 263. , 297. , 297. , 105. , 297. , 301. , 297. ,  59. ,
       296. , 302. , 304. ,  44.5, 299. , 298. , 302. , 297. ,  53.5,
       298. , 297. ,  39. , 297. ]), 'class_mean_width_scaled': array([0.73943662, 0.60774648, 0.67042254, 0.37605634, 0.71800805,
       0.49652582, 0.76384977, 0.37971831, 0.79737089, 0.75571205,
       0.78654147, 0.6570892 , 0.76697966, 0.59530516, 0.85276995,
       0.64492958, 0.85211268, 0.74677539, 0.81971831, 0.68018779,
       0.22760563, 0.65821596, 0.35528169, 0.61660489, 0.68045775,
       0.4513302 , 0.83832998, 0.84131455, 0.84052004, 0.8114241 ,
       0.25189029, 0.78028169, 0.75625518, 0.74779343, 0.85239437,
       0.29947183, 0.38209256, 0.617277  , 0.58792757, 0.37957746,
       0.75369718, 0.52024648, 0.81590721, 0.84356808, 0.79849765,
       0.81539906, 0.67965571, 0.62347418, 0.80237213, 0.63521127,
       0.79924883, 0.8014913 , 0.53222867, 0.84460094, 0.72765011,
       0.33784038, 0.7971831 , 0.72375587, 0.80100604, 0.77971831,
       0.5961889 , 0.61073944, 0.70214974, 0.78410463, 0.71117371,
       0.64987572, 0.40657277, 0.45352113, 0.68673091, 0.52635815,
       0.70865191, 0.62146211, 0.48116197, 0.32225352, 0.79661972,
       0.36131455, 0.85510563, 0.80074129, 0.73521127, 0.77517606,
       0.69473684, 0.76713615, 0.51433306, 0.36354598, 0.40475352,
       0.30462777, 0.42001483, 0.782723  , 0.84185111, 0.83908451,
       0.8428169 , 0.30228873, 0.69958575, 0.31549296, 0.3568662 ,
       0.27650111, 0.52725766, 0.72450704, 0.70216685, 0.53951075,
       0.43890845, 0.67342723, 0.68488263, 0.66690141, 0.84159072,
       0.81164319, 0.73652582, 0.67834507, 0.76186349, 0.82014085,
       0.80169014, 0.47117371, 0.35995976, 0.55248826, 0.67511737,
       0.26426056, 0.73822938, 0.29524648, 0.72056338, 0.74253521,
       0.32661231, 0.60492958, 0.21307042, 0.62456964, 0.22042254,
       0.74158636, 0.79859155, 0.65517813, 0.80246479, 0.71781276,
       0.70535211, 0.82052314, 0.79793427, 0.58591549, 0.30347418,
       0.84169014, 0.457277  , 0.82691706, 0.38516432, 0.83626761,
       0.7658216 , 0.70779343, 0.40431925, 0.53276995, 0.7943662 ,
       0.68984433, 0.52694836, 0.71774648, 0.83541247, 0.84841549,
       0.66040689, 0.78826291, 0.41209611, 0.8290493 , 0.33438277,
       0.47449139, 0.78911652, 0.33746479, 0.37671362, 0.83661972,
       0.67676056, 0.80904374, 0.74788732, 0.83981221, 0.64525822,
       0.66256486, 0.38929577, 0.84440762, 0.83737089, 0.54694836,
       0.34830157, 0.29876761, 0.3995101 , 0.36244131, 0.29577465,
       0.57389671, 0.25333333, 0.70774648, 0.70741784, 0.84957746,
       0.27922535, 0.7959507 , 0.6       , 0.79605634, 0.8456338 ,
       0.50403756, 0.84260563, 0.6028169 , 0.29383803, 0.29107981,
       0.45202983, 0.80488263, 0.32901408, 0.78685446, 0.40084507,
       0.30621375, 0.26959403, 0.86422535, 0.84544601, 0.15633803,
       0.55774648, 0.47830986, 0.74295775, 0.30580986, 0.3331992 ,
       0.76575241, 0.64801536, 0.47737089, 0.86505701, 0.33746479,
       0.38008048, 0.7403169 , 0.65126761, 0.32431925, 0.75369718,
       0.47916976, 0.79295775, 0.75192488, 0.79542254, 0.40549966,
       0.801657  , 0.26267606, 0.80985915, 0.23045775, 0.24052004,
       0.42929577, 0.75173709, 0.63440644, 0.48187793, 0.29753521,
       0.80657277, 0.80031299, 0.79235412, 0.68268434, 0.33537697,
       0.62685446, 0.47042254, 0.65616197, 0.75061033, 0.77295775,
       0.37276995, 0.8268886 , 0.64804382, 0.76633803, 0.67263581,
       0.79419014, 0.29014085, 0.31056338, 0.66003521, 0.80396927,
       0.76725352, 0.59034205, 0.6362173 , 0.29499218, 0.5303662 ,
       0.69615023, 0.75649452, 0.60429948, 0.71696848, 0.44056338,
       0.33295775, 0.84137324, 0.78591549, 0.83793427, 0.75004695,
       0.70792254, 0.5961889 , 0.84112676, 0.75698808, 0.75855131,
       0.27023474, 0.7978459 , 0.52319249, 0.85164319, 0.46948357,
       0.25070423, 0.57589984, 0.65422535, 0.78461538, 0.34985915,
       0.7971831 , 0.52197183, 0.52037559, 0.28560931, 0.7742723 ,
       0.11797846, 0.72957746, 0.83868545, 0.64960196, 0.66830986,
       0.30062598, 0.84056338, 0.81408451, 0.72112676, 0.81778169,
       0.60643863, 0.79647887, 0.65246479, 0.58573944, 0.23323944,
       0.84144869, 0.28431925, 0.55586854, 0.34929577, 0.31530516,
       0.84      , 0.62359155, 0.23305164, 0.3085446 , 0.46431925,
       0.57871674, 0.6858216 , 0.6945674 , 0.67581139, 0.82605634,
       0.23060179, 0.84314307, 0.51207243, 0.84587525, 0.80267606,
       0.79851742, 0.79894366, 0.32163892, 0.11830986, 0.46579477,
       0.84338028, 0.50779343, 0.65299296, 0.697277  , 0.81893584,
       0.47511737, 0.30719875, 0.84700704, 0.82460094, 0.58724109,
       0.78617157, 0.6475623 , 0.45126761, 0.74697597, 0.66843413,
       0.71353337, 0.27042254, 0.80676056, 0.67799296, 0.73765258,
       0.3370892 , 0.84066901, 0.79305164, 0.70666667, 0.78223185,
       0.41730382, 0.77116819, 0.77257228, 0.37316531, 0.76995305]), 'class_median_width_scaled': array([0.83943662, 0.85070423, 0.83661972, 0.25352113, 0.85915493,
       0.83380282, 0.84225352, 0.16619718, 0.84507042, 0.84366197,
       0.85633803, 0.83380282, 0.83380282, 0.83380282, 0.85070423,
       0.72676056, 0.85070423, 0.74366197, 0.85492958, 0.83943662,
       0.29014085, 0.83661972, 0.32394366, 0.83661972, 0.84929577,
       0.26901408, 0.84225352, 0.83943662, 0.84788732, 0.84225352,
       0.29014085, 0.85915493, 0.84507042, 0.84225352, 0.85070423,
       0.13661972, 0.17887324, 0.85915493, 0.84084507, 0.31690141,
       0.84225352, 0.33802817, 0.85070423, 0.84225352, 0.83661972,
       0.84788732, 0.83661972, 0.73098592, 0.84225352, 0.83661972,
       0.83943662, 0.84507042, 0.83380282, 0.84507042, 0.83661972,
       0.11549296, 0.84225352, 0.85915493, 0.84507042, 0.84788732,
       0.84788732, 0.85633803, 0.83661972, 0.83802817, 0.83661972,
       0.83661972, 0.32676056, 0.31830986, 0.84225352, 0.83521127,
       0.84929577, 0.73521127, 0.5971831 , 0.29577465, 0.84225352,
       0.12676056, 0.85352113, 0.84225352, 0.83661972, 0.74366197,
       0.84225352, 0.83661972, 0.83661972, 0.30985915, 0.3       ,
       0.31408451, 0.17746479, 0.83943662, 0.84225352, 0.83661972,
       0.84225352, 0.13802817, 0.85633803, 0.31549296, 0.15211268,
       0.08732394, 0.32394366, 0.85633803, 0.83661972, 0.73521127,
       0.27464789, 0.85070423, 0.83943662, 0.74084507, 0.84225352,
       0.83943662, 0.83661972, 0.83943662, 0.83943662, 0.85633803,
       0.83943662, 0.23098592, 0.18873239, 0.74366197, 0.85070423,
       0.07323944, 0.83802817, 0.3056338 , 0.85070423, 0.83661972,
       0.10422535, 0.83802817, 0.28732394, 0.85633803, 0.08591549,
       0.85633803, 0.84225352, 0.86478873, 0.84225352, 0.85633803,
       0.85070423, 0.85633803, 0.83661972, 0.83943662, 0.31549296,
       0.83943662, 0.30422535, 0.83802817, 0.17746479, 0.84225352,
       0.84225352, 0.83661972, 0.14647887, 0.74929577, 0.84507042,
       0.83661972, 0.75211268, 0.84788732, 0.83521127, 0.84788732,
       0.84507042, 0.85915493, 0.16619718, 0.85915493, 0.13521127,
       0.32676056, 0.74366197, 0.3028169 , 0.30140845, 0.83661972,
       0.83521127, 0.84507042, 0.83943662, 0.83943662, 0.83943662,
       0.83661972, 0.10704225, 0.84507042, 0.83380282, 0.83943662,
       0.33239437, 0.3084507 , 0.29295775, 0.12676056, 0.2971831 ,
       0.74366197, 0.09859155, 0.83661972, 0.84225352, 0.85915493,
       0.1084507 , 0.83380282, 0.83661972, 0.83943662, 0.84507042,
       0.84225352, 0.83943662, 0.83661972, 0.29014085, 0.28591549,
       0.33239437, 0.83661972, 0.29014085, 0.83661972, 0.14647887,
       0.29859155, 0.31830986, 0.86197183, 0.84507042, 0.12957746,
       0.84225352, 0.44507042, 0.83943662, 0.14225352, 0.12957746,
       0.83661972, 0.73521127, 0.30704225, 0.86760563, 0.29859155,
       0.29577465, 0.84647887, 0.84929577, 0.29577465, 0.77042254,
       0.37464789, 0.83943662, 0.83943662, 0.83661972, 0.32394366,
       0.83943662, 0.10704225, 0.83661972, 0.08591549, 0.05915493,
       0.32957746, 0.84507042, 0.85492958, 0.83661972, 0.30422535,
       0.83661972, 0.84084507, 0.84225352, 0.86760563, 0.07887324,
       0.83943662, 0.34507042, 0.83661972, 0.83943662, 0.84507042,
       0.29859155, 0.85633803, 0.84366197, 0.83943662, 0.83661972,
       0.83661972, 0.29295775, 0.17746479, 0.84366197, 0.83661972,
       0.84225352, 0.60140845, 0.86478873, 0.09295775, 0.83380282,
       0.83943662, 0.84225352, 0.83380282, 0.83661972, 0.16619718,
       0.29577465, 0.83802817, 0.83661972, 0.83661972, 0.83943662,
       0.83802817, 0.73521127, 0.83943662, 0.84225352, 0.84084507,
       0.30140845, 0.83661972, 0.84507042, 0.85070423, 0.72676056,
       0.12676056, 0.84647887, 0.84084507, 0.83661972, 0.29859155,
       0.84788732, 0.32676056, 0.83380282, 0.29577465, 0.84507042,
       0.05633803, 0.84225352, 0.83943662, 0.83380282, 0.74084507,
       0.2971831 , 0.83943662, 0.83943662, 0.79577465, 0.85070423,
       0.62957746, 0.85070423, 0.84225352, 0.83943662, 0.14084507,
       0.84225352, 0.29577465, 0.84225352, 0.31971831, 0.10140845,
       0.83943662, 0.84929577, 0.15492958, 0.13802817, 0.3084507 ,
       0.73521127, 0.72676056, 0.83661972, 0.73521127, 0.85211268,
       0.09577465, 0.84225352, 0.83521127, 0.84084507, 0.86197183,
       0.83661972, 0.84366197, 0.28732394, 0.09577465, 0.44084507,
       0.84225352, 0.83380282, 0.85070423, 0.83661972, 0.85070423,
       0.77183099, 0.12535211, 0.84647887, 0.86197183, 0.74084507,
       0.83661972, 0.83661972, 0.29577465, 0.83661972, 0.84788732,
       0.83661972, 0.16619718, 0.83380282, 0.85070423, 0.85633803,
       0.12535211, 0.84225352, 0.83943662, 0.85070423, 0.83661972,
       0.15070423, 0.83943662, 0.83661972, 0.10985915, 0.83661972])}

Job completed at Thu Mar 20 05:05:20 PM PDT 2025
