Starting job at Wed Mar 19 06:25:50 PM PDT 2025
Job parameters:
Dataset: data_helena
UQ Method: split_conformal_naive
Estimator: XGBoost
Seed: 780
Train Size: 0.8
Running split_conformal_naive on data_helena with seed 780 and train size 0.8

starting experiment

data created

Fitting split_conformal_naive_XGBoost on data_helena with seed 780

split_conformal_naive_XGBoost metrics: {'coverage': np.float64(0.7273006134969325), 'mean_width': np.float64(22.484279141104295), 'median_width': np.float64(24.0), 'mean_width_scaled': np.float64(0.22484279141104296), 'median_width_scaled': np.float64(0.24)}

split_conformal_naive_XGBoost full metrics: {'coverage': np.float64(0.7273006134969325), 'mean_width': np.float64(22.484279141104295), 'median_width': np.float64(24.0), 'mean_width_scaled': np.float64(0.22484279141104296), 'median_width_scaled': np.float64(0.24)}

split_conformal_naive_XGBoost class metrics: {'class_coverage': array([0.70967742, 0.68965517, 0.81818182, 0.40625   , 0.54022989,
       0.63636364, 0.5625    , 0.62037037, 0.44444444, 0.85067873,
       0.48888889, 0.42307692, 0.67857143, 0.5739645 , 0.35483871,
       0.53846154, 0.55882353, 0.42222222, 0.46527778, 0.9047619 ,
       0.30769231, 0.66037736, 0.62721893, 0.54901961, 0.53448276,
       0.60869565, 0.70833333, 0.70833333, 0.2173913 , 0.69230769,
       0.43243243, 0.57352941, 0.84424379, 0.86666667, 0.55681818,
       0.83138564, 0.77777778, 0.5862069 , 0.54166667, 0.68253968,
       0.73134328, 0.56779661, 0.71794872, 0.58181818, 0.54761905,
       0.5       , 0.36842105, 0.72151899, 0.66363636, 0.68965517,
       0.74074074, 0.85644372, 0.45833333, 0.81615599, 0.54761905,
       0.86590038, 0.66210046, 0.63157895, 0.76923077, 0.42105263,
       0.70157068, 0.63970588, 0.38235294, 0.42045455, 0.56074766,
       0.40425532, 0.7954023 , 0.69      , 0.55932203, 0.73846154,
       0.61946903, 0.71666667, 0.78571429, 0.41666667, 0.59633028,
       0.80874317, 0.93508115, 0.90196078, 0.71052632, 0.86046512,
       0.78787879, 0.74666667, 0.56521739, 0.48571429, 0.67973856,
       0.47191011, 0.67164179, 0.83827493, 0.74285714, 0.61875   ,
       0.34615385, 0.84020619, 0.76243094, 0.46341463, 0.66666667,
       0.84375   , 0.67226891, 0.79452055, 0.47540984, 0.55421687]), 'class_mean_width': array([31.7311828 , 29.13793103, 32.54545455, 29.10416667, 23.75862069,
       24.48051948, 30.90625   , 28.84259259, 26.65277778, 12.83710407,
       29.75555556, 27.30769231, 32.67857143, 24.50295858, 28.22580645,
       29.73076923, 30.93137255, 27.84444444, 30.66666667, 23.60544218,
       31.8       , 23.64150943, 23.10059172, 32.7254902 , 25.39655172,
       29.89130435, 29.45833333, 29.125     , 33.7826087 , 32.84615385,
       30.45945946, 32.01470588, 14.85778781, 21.65904762, 27.30681818,
       20.67278798, 29.27777778, 29.68965517, 29.99166667, 29.28571429,
       21.3880597 , 21.5       , 31.28205128, 29.80606061, 30.88095238,
       24.77777778, 29.97368421, 21.06329114, 28.97272727, 22.86206897,
       32.85185185, 21.63621533, 29.08333333, 21.45682451, 31.5       ,
       17.96934866, 29.83105023, 28.68421053, 27.15384615, 28.47368421,
       25.97905759, 29.05882353, 33.41176471, 28.71590909, 24.22429907,
       21.19148936, 28.33793103, 25.55      , 29.54237288, 27.07692308,
       17.32743363, 17.45      , 33.75      , 33.45833333, 26.59633028,
        9.15846995,  5.1011236 ,  8.95294118, 32.73684211, 20.1627907 ,
       30.24242424, 23.41333333, 28.52173913, 29.74285714, 23.16993464,
       29.13483146, 23.87064677, 20.69002695, 27.45714286, 30.7125    ,
       31.88461538, 18.22680412, 26.27348066, 26.56097561, 27.25      ,
       33.375     , 28.62605042, 23.02465753, 28.81967213, 31.6746988 ]), 'class_median_width': array([32. , 29.5, 35.5, 31. , 25. , 27. , 31. , 28. , 28. ,  7. , 30. ,
       31.5, 34.5, 26. , 30. , 32. , 33. , 31. , 32. , 25. , 34. , 26. ,
       24. , 33. , 27. , 32. , 31.5, 30. , 35. , 34.5, 34. , 33. , 11. ,
       22. , 28. , 22. , 30.5, 36. , 32. , 29. , 19. , 22. , 33. , 31. ,
       33. , 27. , 30.5, 19. , 29. , 22. , 37. , 22. , 30.5, 22. , 32.5,
       16. , 31. , 30.5, 28. , 29. , 27. , 31. , 34.5, 30. , 24. , 23. ,
       30. , 27. , 30. , 29. , 15. , 15.5, 35. , 34. , 28. ,  3. ,  1. ,
        3. , 34. , 21. , 33. , 24. , 32. , 29. , 23. , 31. , 24. , 21. ,
       28. , 33. , 32. , 18. , 28. , 28. , 28. , 33. , 31. , 24. , 30. ,
       33. ]), 'class_mean_width_scaled': array([0.31731183, 0.29137931, 0.32545455, 0.29104167, 0.23758621,
       0.24480519, 0.3090625 , 0.28842593, 0.26652778, 0.12837104,
       0.29755556, 0.27307692, 0.32678571, 0.24502959, 0.28225806,
       0.29730769, 0.30931373, 0.27844444, 0.30666667, 0.23605442,
       0.318     , 0.23641509, 0.23100592, 0.3272549 , 0.25396552,
       0.29891304, 0.29458333, 0.29125   , 0.33782609, 0.32846154,
       0.30459459, 0.32014706, 0.14857788, 0.21659048, 0.27306818,
       0.20672788, 0.29277778, 0.29689655, 0.29991667, 0.29285714,
       0.2138806 , 0.215     , 0.31282051, 0.29806061, 0.30880952,
       0.24777778, 0.29973684, 0.21063291, 0.28972727, 0.22862069,
       0.32851852, 0.21636215, 0.29083333, 0.21456825, 0.315     ,
       0.17969349, 0.2983105 , 0.28684211, 0.27153846, 0.28473684,
       0.25979058, 0.29058824, 0.33411765, 0.28715909, 0.24224299,
       0.21191489, 0.28337931, 0.2555    , 0.29542373, 0.27076923,
       0.17327434, 0.1745    , 0.3375    , 0.33458333, 0.2659633 ,
       0.0915847 , 0.05101124, 0.08952941, 0.32736842, 0.20162791,
       0.30242424, 0.23413333, 0.28521739, 0.29742857, 0.23169935,
       0.29134831, 0.23870647, 0.20690027, 0.27457143, 0.307125  ,
       0.31884615, 0.18226804, 0.26273481, 0.26560976, 0.2725    ,
       0.33375   , 0.2862605 , 0.23024658, 0.28819672, 0.31674699]), 'class_median_width_scaled': array([0.32 , 0.295, 0.355, 0.31 , 0.25 , 0.27 , 0.31 , 0.28 , 0.28 ,
       0.07 , 0.3  , 0.315, 0.345, 0.26 , 0.3  , 0.32 , 0.33 , 0.31 ,
       0.32 , 0.25 , 0.34 , 0.26 , 0.24 , 0.33 , 0.27 , 0.32 , 0.315,
       0.3  , 0.35 , 0.345, 0.34 , 0.33 , 0.11 , 0.22 , 0.28 , 0.22 ,
       0.305, 0.36 , 0.32 , 0.29 , 0.19 , 0.22 , 0.33 , 0.31 , 0.33 ,
       0.27 , 0.305, 0.19 , 0.29 , 0.22 , 0.37 , 0.22 , 0.305, 0.22 ,
       0.325, 0.16 , 0.31 , 0.305, 0.28 , 0.29 , 0.27 , 0.31 , 0.345,
       0.3  , 0.24 , 0.23 , 0.3  , 0.27 , 0.3  , 0.29 , 0.15 , 0.155,
       0.35 , 0.34 , 0.28 , 0.03 , 0.01 , 0.03 , 0.34 , 0.21 , 0.33 ,
       0.24 , 0.32 , 0.29 , 0.23 , 0.31 , 0.24 , 0.21 , 0.28 , 0.33 ,
       0.32 , 0.18 , 0.28 , 0.28 , 0.28 , 0.33 , 0.31 , 0.24 , 0.3  ,
       0.33 ])}

split_conformal_naive_XGBoost full class metrics: {'class_coverage': array([0.70967742, 0.68965517, 0.81818182, 0.40625   , 0.54022989,
       0.63636364, 0.5625    , 0.62037037, 0.44444444, 0.85067873,
       0.48888889, 0.42307692, 0.67857143, 0.5739645 , 0.35483871,
       0.53846154, 0.55882353, 0.42222222, 0.46527778, 0.9047619 ,
       0.30769231, 0.66037736, 0.62721893, 0.54901961, 0.53448276,
       0.60869565, 0.70833333, 0.70833333, 0.2173913 , 0.69230769,
       0.43243243, 0.57352941, 0.84424379, 0.86666667, 0.55681818,
       0.83138564, 0.77777778, 0.5862069 , 0.54166667, 0.68253968,
       0.73134328, 0.56779661, 0.71794872, 0.58181818, 0.54761905,
       0.5       , 0.36842105, 0.72151899, 0.66363636, 0.68965517,
       0.74074074, 0.85644372, 0.45833333, 0.81615599, 0.54761905,
       0.86590038, 0.66210046, 0.63157895, 0.76923077, 0.42105263,
       0.70157068, 0.63970588, 0.38235294, 0.42045455, 0.56074766,
       0.40425532, 0.7954023 , 0.69      , 0.55932203, 0.73846154,
       0.61946903, 0.71666667, 0.78571429, 0.41666667, 0.59633028,
       0.80874317, 0.93508115, 0.90196078, 0.71052632, 0.86046512,
       0.78787879, 0.74666667, 0.56521739, 0.48571429, 0.67973856,
       0.47191011, 0.67164179, 0.83827493, 0.74285714, 0.61875   ,
       0.34615385, 0.84020619, 0.76243094, 0.46341463, 0.66666667,
       0.84375   , 0.67226891, 0.79452055, 0.47540984, 0.55421687]), 'class_mean_width': array([31.7311828 , 29.13793103, 32.54545455, 29.10416667, 23.75862069,
       24.48051948, 30.90625   , 28.84259259, 26.65277778, 12.83710407,
       29.75555556, 27.30769231, 32.67857143, 24.50295858, 28.22580645,
       29.73076923, 30.93137255, 27.84444444, 30.66666667, 23.60544218,
       31.8       , 23.64150943, 23.10059172, 32.7254902 , 25.39655172,
       29.89130435, 29.45833333, 29.125     , 33.7826087 , 32.84615385,
       30.45945946, 32.01470588, 14.85778781, 21.65904762, 27.30681818,
       20.67278798, 29.27777778, 29.68965517, 29.99166667, 29.28571429,
       21.3880597 , 21.5       , 31.28205128, 29.80606061, 30.88095238,
       24.77777778, 29.97368421, 21.06329114, 28.97272727, 22.86206897,
       32.85185185, 21.63621533, 29.08333333, 21.45682451, 31.5       ,
       17.96934866, 29.83105023, 28.68421053, 27.15384615, 28.47368421,
       25.97905759, 29.05882353, 33.41176471, 28.71590909, 24.22429907,
       21.19148936, 28.33793103, 25.55      , 29.54237288, 27.07692308,
       17.32743363, 17.45      , 33.75      , 33.45833333, 26.59633028,
        9.15846995,  5.1011236 ,  8.95294118, 32.73684211, 20.1627907 ,
       30.24242424, 23.41333333, 28.52173913, 29.74285714, 23.16993464,
       29.13483146, 23.87064677, 20.69002695, 27.45714286, 30.7125    ,
       31.88461538, 18.22680412, 26.27348066, 26.56097561, 27.25      ,
       33.375     , 28.62605042, 23.02465753, 28.81967213, 31.6746988 ]), 'class_median_width': array([32. , 29.5, 35.5, 31. , 25. , 27. , 31. , 28. , 28. ,  7. , 30. ,
       31.5, 34.5, 26. , 30. , 32. , 33. , 31. , 32. , 25. , 34. , 26. ,
       24. , 33. , 27. , 32. , 31.5, 30. , 35. , 34.5, 34. , 33. , 11. ,
       22. , 28. , 22. , 30.5, 36. , 32. , 29. , 19. , 22. , 33. , 31. ,
       33. , 27. , 30.5, 19. , 29. , 22. , 37. , 22. , 30.5, 22. , 32.5,
       16. , 31. , 30.5, 28. , 29. , 27. , 31. , 34.5, 30. , 24. , 23. ,
       30. , 27. , 30. , 29. , 15. , 15.5, 35. , 34. , 28. ,  3. ,  1. ,
        3. , 34. , 21. , 33. , 24. , 32. , 29. , 23. , 31. , 24. , 21. ,
       28. , 33. , 32. , 18. , 28. , 28. , 28. , 33. , 31. , 24. , 30. ,
       33. ]), 'class_mean_width_scaled': array([0.31731183, 0.29137931, 0.32545455, 0.29104167, 0.23758621,
       0.24480519, 0.3090625 , 0.28842593, 0.26652778, 0.12837104,
       0.29755556, 0.27307692, 0.32678571, 0.24502959, 0.28225806,
       0.29730769, 0.30931373, 0.27844444, 0.30666667, 0.23605442,
       0.318     , 0.23641509, 0.23100592, 0.3272549 , 0.25396552,
       0.29891304, 0.29458333, 0.29125   , 0.33782609, 0.32846154,
       0.30459459, 0.32014706, 0.14857788, 0.21659048, 0.27306818,
       0.20672788, 0.29277778, 0.29689655, 0.29991667, 0.29285714,
       0.2138806 , 0.215     , 0.31282051, 0.29806061, 0.30880952,
       0.24777778, 0.29973684, 0.21063291, 0.28972727, 0.22862069,
       0.32851852, 0.21636215, 0.29083333, 0.21456825, 0.315     ,
       0.17969349, 0.2983105 , 0.28684211, 0.27153846, 0.28473684,
       0.25979058, 0.29058824, 0.33411765, 0.28715909, 0.24224299,
       0.21191489, 0.28337931, 0.2555    , 0.29542373, 0.27076923,
       0.17327434, 0.1745    , 0.3375    , 0.33458333, 0.2659633 ,
       0.0915847 , 0.05101124, 0.08952941, 0.32736842, 0.20162791,
       0.30242424, 0.23413333, 0.28521739, 0.29742857, 0.23169935,
       0.29134831, 0.23870647, 0.20690027, 0.27457143, 0.307125  ,
       0.31884615, 0.18226804, 0.26273481, 0.26560976, 0.2725    ,
       0.33375   , 0.2862605 , 0.23024658, 0.28819672, 0.31674699]), 'class_median_width_scaled': array([0.32 , 0.295, 0.355, 0.31 , 0.25 , 0.27 , 0.31 , 0.28 , 0.28 ,
       0.07 , 0.3  , 0.315, 0.345, 0.26 , 0.3  , 0.32 , 0.33 , 0.31 ,
       0.32 , 0.25 , 0.34 , 0.26 , 0.24 , 0.33 , 0.27 , 0.32 , 0.315,
       0.3  , 0.35 , 0.345, 0.34 , 0.33 , 0.11 , 0.22 , 0.28 , 0.22 ,
       0.305, 0.36 , 0.32 , 0.29 , 0.19 , 0.22 , 0.33 , 0.31 , 0.33 ,
       0.27 , 0.305, 0.19 , 0.29 , 0.22 , 0.37 , 0.22 , 0.305, 0.22 ,
       0.325, 0.16 , 0.31 , 0.305, 0.28 , 0.29 , 0.27 , 0.31 , 0.345,
       0.3  , 0.24 , 0.23 , 0.3  , 0.27 , 0.3  , 0.29 , 0.15 , 0.155,
       0.35 , 0.34 , 0.28 , 0.03 , 0.01 , 0.03 , 0.34 , 0.21 , 0.33 ,
       0.24 , 0.32 , 0.29 , 0.23 , 0.31 , 0.24 , 0.21 , 0.28 , 0.33 ,
       0.32 , 0.18 , 0.28 , 0.28 , 0.28 , 0.33 , 0.31 , 0.24 , 0.3  ,
       0.33 ])}

Job completed at Wed Mar 19 06:26:03 PM PDT 2025
