Starting job at Thu Mar 20 05:03:09 PM PDT 2025
Job parameters:
Dataset: data_chess
UQ Method: split_conformal_aps
Estimator: HistGradientBoosting
Seed: 780
Train Size: 0.8
Running split_conformal_aps on data_chess with seed 780 and train size 0.8

starting experiment

data created

Fitting split_conformal_aps_HistGradientBoosting on data_chess with seed 780

split_conformal_aps_HistGradientBoosting metrics: {'coverage': np.float64(0.8989665003563792), 'mean_width': np.float64(4.468816821097648), 'median_width': np.float64(4.0), 'mean_width_scaled': np.float64(0.24826760117209157), 'median_width_scaled': np.float64(0.2222222222222222)}

split_conformal_aps_HistGradientBoosting full metrics: {'coverage': np.float64(0.8989665003563792), 'mean_width': np.float64(4.468816821097648), 'median_width': np.float64(4.0), 'mean_width_scaled': np.float64(0.24826760117209157), 'median_width_scaled': np.float64(0.2222222222222222)}

split_conformal_aps_HistGradientBoosting class metrics: {'class_coverage': array([0.96422182, 0.80139373, 0.86339755, 0.9330254 , 0.73404255,
       0.675     , 0.99012075, 0.79239766, 0.25      , 0.65693431,
       0.87288136, 0.80769231, 0.86146096, 0.94517282, 0.4375    ,
       0.91527778, 0.93877551, 0.6       ]), 'class_mean_width': array([4.23255814, 4.77351916, 4.62171629, 3.62355658, 5.95744681,
       5.95      , 4.13391877, 4.78947368, 5.375     , 5.26277372,
       5.87288136, 2.97435897, 4.88161209, 4.43504172, 4.25      ,
       4.45416667, 4.79591837, 6.4       ]), 'class_median_width': array([4. , 5. , 5. , 4. , 6. , 6. , 4. , 5. , 6. , 5. , 6. , 3. , 5. ,
       4. , 4.5, 4. , 5. , 7. ]), 'class_mean_width_scaled': array([0.23514212, 0.26519551, 0.25676202, 0.2013087 , 0.33096927,
       0.33055556, 0.22966215, 0.26608187, 0.29861111, 0.29237632,
       0.32627119, 0.16524217, 0.27120067, 0.24639121, 0.23611111,
       0.2474537 , 0.26643991, 0.35555556]), 'class_median_width_scaled': array([0.22222222, 0.27777778, 0.27777778, 0.22222222, 0.33333333,
       0.33333333, 0.22222222, 0.27777778, 0.33333333, 0.27777778,
       0.33333333, 0.16666667, 0.27777778, 0.22222222, 0.25      ,
       0.22222222, 0.27777778, 0.38888889])}

split_conformal_aps_HistGradientBoosting full class metrics: {'class_coverage': array([0.96422182, 0.80139373, 0.86339755, 0.9330254 , 0.73404255,
       0.675     , 0.99012075, 0.79239766, 0.25      , 0.65693431,
       0.87288136, 0.80769231, 0.86146096, 0.94517282, 0.4375    ,
       0.91527778, 0.93877551, 0.6       ]), 'class_mean_width': array([4.23255814, 4.77351916, 4.62171629, 3.62355658, 5.95744681,
       5.95      , 4.13391877, 4.78947368, 5.375     , 5.26277372,
       5.87288136, 2.97435897, 4.88161209, 4.43504172, 4.25      ,
       4.45416667, 4.79591837, 6.4       ]), 'class_median_width': array([4. , 5. , 5. , 4. , 6. , 6. , 4. , 5. , 6. , 5. , 6. , 3. , 5. ,
       4. , 4.5, 4. , 5. , 7. ]), 'class_mean_width_scaled': array([0.23514212, 0.26519551, 0.25676202, 0.2013087 , 0.33096927,
       0.33055556, 0.22966215, 0.26608187, 0.29861111, 0.29237632,
       0.32627119, 0.16524217, 0.27120067, 0.24639121, 0.23611111,
       0.2474537 , 0.26643991, 0.35555556]), 'class_median_width_scaled': array([0.22222222, 0.27777778, 0.27777778, 0.22222222, 0.33333333,
       0.33333333, 0.22222222, 0.27777778, 0.33333333, 0.27777778,
       0.33333333, 0.16666667, 0.27777778, 0.22222222, 0.25      ,
       0.22222222, 0.27777778, 0.38888889])}

Job completed at Thu Mar 20 05:03:15 PM PDT 2025
