Starting job at Thu Mar 20 05:03:09 PM PDT 2025
Job parameters:
Dataset: data_chess
UQ Method: split_conformal_aps
Estimator: HistGradientBoosting
Seed: 783
Train Size: 0.8
Running split_conformal_aps on data_chess with seed 783 and train size 0.8

starting experiment

data created

Fitting split_conformal_aps_HistGradientBoosting on data_chess with seed 783

split_conformal_aps_HistGradientBoosting metrics: {'coverage': np.float64(0.9100142551674982), 'mean_width': np.float64(4.4896650035637915), 'median_width': np.float64(4.0), 'mean_width_scaled': np.float64(0.24942583353132175), 'median_width_scaled': np.float64(0.2222222222222222)}

split_conformal_aps_HistGradientBoosting full metrics: {'coverage': np.float64(0.9100142551674982), 'mean_width': np.float64(4.4896650035637915), 'median_width': np.float64(4.0), 'mean_width_scaled': np.float64(0.24942583353132175), 'median_width_scaled': np.float64(0.2222222222222222)}

split_conformal_aps_HistGradientBoosting class metrics: {'class_coverage': array([0.98389982, 0.79442509, 0.88091068, 0.9630485 , 0.79787234,
       0.85      , 0.98243688, 0.73684211, 0.375     , 0.75182482,
       0.81355932, 0.82051282, 0.84634761, 0.95709178, 0.6875    ,
       0.95277778, 0.97959184, 0.        ]), 'class_mean_width': array([4.01788909, 5.17770035, 4.60245184, 3.60508083, 6.5212766 ,
       6.45      , 4.18002195, 4.69005848, 5.875     , 5.56934307,
       6.09322034, 3.48717949, 4.68010076, 4.33015495, 6.3125    ,
       4.53055556, 5.26530612, 6.4       ]), 'class_median_width': array([4. , 5. , 4. , 4. , 6. , 6.5, 4. , 5. , 6. , 6. , 6. , 3. , 5. ,
       4. , 6.5, 4. , 5. , 6. ]), 'class_mean_width_scaled': array([0.22321606, 0.28765002, 0.25569177, 0.20028227, 0.36229314,
       0.35833333, 0.23222344, 0.2605588 , 0.32638889, 0.30940795,
       0.33851224, 0.19373219, 0.2600056 , 0.24056416, 0.35069444,
       0.25169753, 0.29251701, 0.35555556]), 'class_median_width_scaled': array([0.22222222, 0.27777778, 0.22222222, 0.22222222, 0.33333333,
       0.36111111, 0.22222222, 0.27777778, 0.33333333, 0.33333333,
       0.33333333, 0.16666667, 0.27777778, 0.22222222, 0.36111111,
       0.22222222, 0.27777778, 0.33333333])}

split_conformal_aps_HistGradientBoosting full class metrics: {'class_coverage': array([0.98389982, 0.79442509, 0.88091068, 0.9630485 , 0.79787234,
       0.85      , 0.98243688, 0.73684211, 0.375     , 0.75182482,
       0.81355932, 0.82051282, 0.84634761, 0.95709178, 0.6875    ,
       0.95277778, 0.97959184, 0.        ]), 'class_mean_width': array([4.01788909, 5.17770035, 4.60245184, 3.60508083, 6.5212766 ,
       6.45      , 4.18002195, 4.69005848, 5.875     , 5.56934307,
       6.09322034, 3.48717949, 4.68010076, 4.33015495, 6.3125    ,
       4.53055556, 5.26530612, 6.4       ]), 'class_median_width': array([4. , 5. , 4. , 4. , 6. , 6.5, 4. , 5. , 6. , 6. , 6. , 3. , 5. ,
       4. , 6.5, 4. , 5. , 6. ]), 'class_mean_width_scaled': array([0.22321606, 0.28765002, 0.25569177, 0.20028227, 0.36229314,
       0.35833333, 0.23222344, 0.2605588 , 0.32638889, 0.30940795,
       0.33851224, 0.19373219, 0.2600056 , 0.24056416, 0.35069444,
       0.25169753, 0.29251701, 0.35555556]), 'class_median_width_scaled': array([0.22222222, 0.27777778, 0.22222222, 0.22222222, 0.33333333,
       0.36111111, 0.22222222, 0.27777778, 0.33333333, 0.33333333,
       0.33333333, 0.16666667, 0.27777778, 0.22222222, 0.36111111,
       0.22222222, 0.27777778, 0.33333333])}

Job completed at Thu Mar 20 05:03:15 PM PDT 2025
