Starting job at Wed Mar 19 06:19:46 PM PDT 2025
Job parameters:
Dataset: data_cover_type
UQ Method: split_conformal_aps
Estimator: ExtraTrees
Seed: 783
Train Size: 0.8
Running split_conformal_aps on data_cover_type with seed 783 and train size 0.8

starting experiment

data created

Fitting split_conformal_aps_ExtraTrees on data_cover_type with seed 783

split_conformal_aps_ExtraTrees metrics: {'coverage': np.float64(0.9115), 'mean_width': np.float64(14.0425), 'median_width': np.float64(13.0), 'mean_width_scaled': np.float64(0.140425), 'median_width_scaled': np.float64(0.13)}

split_conformal_aps_ExtraTrees full metrics: {'coverage': np.float64(0.9115), 'mean_width': np.float64(14.0425), 'median_width': np.float64(13.0), 'mean_width_scaled': np.float64(0.140425), 'median_width_scaled': np.float64(0.13)}

split_conformal_aps_ExtraTrees class metrics: {'class_coverage': array([0.85, 0.85, 0.95, 0.9 , 0.95, 0.7 , 1.  , 0.9 , 0.95, 0.95, 0.85,
       1.  , 1.  , 0.9 , 0.75, 0.95, 0.95, 0.85, 0.9 , 0.9 , 0.95, 0.95,
       0.9 , 1.  , 0.9 , 0.95, 1.  , 0.8 , 0.75, 0.9 , 1.  , 0.8 , 1.  ,
       1.  , 0.95, 0.7 , 0.75, 0.7 , 0.65, 0.85, 0.9 , 0.9 , 0.7 , 1.  ,
       1.  , 1.  , 1.  , 1.  , 0.85, 0.95, 1.  , 0.9 , 1.  , 1.  , 0.85,
       1.  , 0.8 , 0.95, 0.7 , 0.95, 0.9 , 0.8 , 1.  , 1.  , 0.9 , 0.75,
       1.  , 1.  , 0.8 , 0.8 , 1.  , 0.95, 1.  , 0.8 , 1.  , 0.95, 1.  ,
       0.9 , 1.  , 0.9 , 0.75, 0.95, 0.8 , 1.  , 0.95, 1.  , 0.9 , 1.  ,
       0.85, 0.85, 0.9 , 1.  , 0.9 , 0.95, 1.  , 1.  , 1.  , 1.  , 0.9 ,
       1.  ]), 'class_mean_width': array([21.05, 22.45, 13.45, 10.  , 16.9 , 17.25, 15.6 , 19.9 , 18.65,
       15.4 , 15.8 ,  9.4 , 11.1 , 19.75, 20.85, 15.4 , 13.05, 12.25,
       11.35,  9.9 ,  9.75, 16.4 , 12.55,  6.2 , 17.6 , 16.45,  4.6 ,
       11.9 , 15.05, 11.5 , 10.75, 15.85, 13.8 , 15.85, 17.75, 14.85,
       11.3 , 18.55, 16.1 , 13.55, 11.25, 21.2 , 22.25,  2.35, 11.25,
       19.4 , 14.65,  6.9 , 11.1 , 14.8 , 13.7 ,  6.8 , 11.7 , 21.4 ,
       20.2 , 13.8 , 18.05, 13.6 , 11.5 ,  6.8 , 21.6 , 24.5 , 16.25,
        8.55, 21.5 , 25.7 , 23.1 ,  9.25, 23.8 , 22.3 , 19.7 ,  9.55,
        6.95, 17.7 ,  6.9 , 13.45,  8.55, 11.95,  8.25, 13.6 , 12.85,
        9.55, 15.4 , 17.85,  9.65,  6.85, 12.25,  6.8 , 11.55, 17.85,
       20.95, 13.75, 19.2 ,  8.  ,  5.6 , 10.35, 12.65,  9.  ,  9.7 ,
        8.75]), 'class_median_width': array([22.5, 21.5, 12. ,  9. , 17. , 15.5, 15.5, 20.5, 19.5, 15.5, 13.5,
        9. , 12. , 20.5, 20. , 16. , 10.5, 10.5, 11. ,  9. ,  9.5, 15. ,
       11. ,  6. , 18.5, 17.5,  4. , 11. , 13. , 11. , 12. , 13.5, 13. ,
       12.5, 19. , 13. , 10. , 16.5, 15. , 13.5, 11.5, 20. , 26. ,  1.5,
        9. , 21.5, 16. ,  3.5,  5.5, 14.5, 12.5,  7. , 11. , 21. , 19.5,
       14. , 17.5, 12.5, 11. ,  5.5, 22. , 24.5, 17.5,  5.5, 22. , 26.5,
       25. ,  9. , 24.5, 23.5, 20.5,  5.5,  4.5, 16. ,  5. , 14.5,  7. ,
       11. ,  7. , 13. , 12.5, 10.5, 14.5, 19. ,  8.5,  7.5, 10. ,  6. ,
       11. , 18. , 23. , 11.5, 21.5,  8. ,  4.5,  9. , 11.5,  8. ,  9.5,
        7.5]), 'class_mean_width_scaled': array([0.2105, 0.2245, 0.1345, 0.1   , 0.169 , 0.1725, 0.156 , 0.199 ,
       0.1865, 0.154 , 0.158 , 0.094 , 0.111 , 0.1975, 0.2085, 0.154 ,
       0.1305, 0.1225, 0.1135, 0.099 , 0.0975, 0.164 , 0.1255, 0.062 ,
       0.176 , 0.1645, 0.046 , 0.119 , 0.1505, 0.115 , 0.1075, 0.1585,
       0.138 , 0.1585, 0.1775, 0.1485, 0.113 , 0.1855, 0.161 , 0.1355,
       0.1125, 0.212 , 0.2225, 0.0235, 0.1125, 0.194 , 0.1465, 0.069 ,
       0.111 , 0.148 , 0.137 , 0.068 , 0.117 , 0.214 , 0.202 , 0.138 ,
       0.1805, 0.136 , 0.115 , 0.068 , 0.216 , 0.245 , 0.1625, 0.0855,
       0.215 , 0.257 , 0.231 , 0.0925, 0.238 , 0.223 , 0.197 , 0.0955,
       0.0695, 0.177 , 0.069 , 0.1345, 0.0855, 0.1195, 0.0825, 0.136 ,
       0.1285, 0.0955, 0.154 , 0.1785, 0.0965, 0.0685, 0.1225, 0.068 ,
       0.1155, 0.1785, 0.2095, 0.1375, 0.192 , 0.08  , 0.056 , 0.1035,
       0.1265, 0.09  , 0.097 , 0.0875]), 'class_median_width_scaled': array([0.225, 0.215, 0.12 , 0.09 , 0.17 , 0.155, 0.155, 0.205, 0.195,
       0.155, 0.135, 0.09 , 0.12 , 0.205, 0.2  , 0.16 , 0.105, 0.105,
       0.11 , 0.09 , 0.095, 0.15 , 0.11 , 0.06 , 0.185, 0.175, 0.04 ,
       0.11 , 0.13 , 0.11 , 0.12 , 0.135, 0.13 , 0.125, 0.19 , 0.13 ,
       0.1  , 0.165, 0.15 , 0.135, 0.115, 0.2  , 0.26 , 0.015, 0.09 ,
       0.215, 0.16 , 0.035, 0.055, 0.145, 0.125, 0.07 , 0.11 , 0.21 ,
       0.195, 0.14 , 0.175, 0.125, 0.11 , 0.055, 0.22 , 0.245, 0.175,
       0.055, 0.22 , 0.265, 0.25 , 0.09 , 0.245, 0.235, 0.205, 0.055,
       0.045, 0.16 , 0.05 , 0.145, 0.07 , 0.11 , 0.07 , 0.13 , 0.125,
       0.105, 0.145, 0.19 , 0.085, 0.075, 0.1  , 0.06 , 0.11 , 0.18 ,
       0.23 , 0.115, 0.215, 0.08 , 0.045, 0.09 , 0.115, 0.08 , 0.095,
       0.075])}

split_conformal_aps_ExtraTrees full class metrics: {'class_coverage': array([0.85, 0.85, 0.95, 0.9 , 0.95, 0.7 , 1.  , 0.9 , 0.95, 0.95, 0.85,
       1.  , 1.  , 0.9 , 0.75, 0.95, 0.95, 0.85, 0.9 , 0.9 , 0.95, 0.95,
       0.9 , 1.  , 0.9 , 0.95, 1.  , 0.8 , 0.75, 0.9 , 1.  , 0.8 , 1.  ,
       1.  , 0.95, 0.7 , 0.75, 0.7 , 0.65, 0.85, 0.9 , 0.9 , 0.7 , 1.  ,
       1.  , 1.  , 1.  , 1.  , 0.85, 0.95, 1.  , 0.9 , 1.  , 1.  , 0.85,
       1.  , 0.8 , 0.95, 0.7 , 0.95, 0.9 , 0.8 , 1.  , 1.  , 0.9 , 0.75,
       1.  , 1.  , 0.8 , 0.8 , 1.  , 0.95, 1.  , 0.8 , 1.  , 0.95, 1.  ,
       0.9 , 1.  , 0.9 , 0.75, 0.95, 0.8 , 1.  , 0.95, 1.  , 0.9 , 1.  ,
       0.85, 0.85, 0.9 , 1.  , 0.9 , 0.95, 1.  , 1.  , 1.  , 1.  , 0.9 ,
       1.  ]), 'class_mean_width': array([21.05, 22.45, 13.45, 10.  , 16.9 , 17.25, 15.6 , 19.9 , 18.65,
       15.4 , 15.8 ,  9.4 , 11.1 , 19.75, 20.85, 15.4 , 13.05, 12.25,
       11.35,  9.9 ,  9.75, 16.4 , 12.55,  6.2 , 17.6 , 16.45,  4.6 ,
       11.9 , 15.05, 11.5 , 10.75, 15.85, 13.8 , 15.85, 17.75, 14.85,
       11.3 , 18.55, 16.1 , 13.55, 11.25, 21.2 , 22.25,  2.35, 11.25,
       19.4 , 14.65,  6.9 , 11.1 , 14.8 , 13.7 ,  6.8 , 11.7 , 21.4 ,
       20.2 , 13.8 , 18.05, 13.6 , 11.5 ,  6.8 , 21.6 , 24.5 , 16.25,
        8.55, 21.5 , 25.7 , 23.1 ,  9.25, 23.8 , 22.3 , 19.7 ,  9.55,
        6.95, 17.7 ,  6.9 , 13.45,  8.55, 11.95,  8.25, 13.6 , 12.85,
        9.55, 15.4 , 17.85,  9.65,  6.85, 12.25,  6.8 , 11.55, 17.85,
       20.95, 13.75, 19.2 ,  8.  ,  5.6 , 10.35, 12.65,  9.  ,  9.7 ,
        8.75]), 'class_median_width': array([22.5, 21.5, 12. ,  9. , 17. , 15.5, 15.5, 20.5, 19.5, 15.5, 13.5,
        9. , 12. , 20.5, 20. , 16. , 10.5, 10.5, 11. ,  9. ,  9.5, 15. ,
       11. ,  6. , 18.5, 17.5,  4. , 11. , 13. , 11. , 12. , 13.5, 13. ,
       12.5, 19. , 13. , 10. , 16.5, 15. , 13.5, 11.5, 20. , 26. ,  1.5,
        9. , 21.5, 16. ,  3.5,  5.5, 14.5, 12.5,  7. , 11. , 21. , 19.5,
       14. , 17.5, 12.5, 11. ,  5.5, 22. , 24.5, 17.5,  5.5, 22. , 26.5,
       25. ,  9. , 24.5, 23.5, 20.5,  5.5,  4.5, 16. ,  5. , 14.5,  7. ,
       11. ,  7. , 13. , 12.5, 10.5, 14.5, 19. ,  8.5,  7.5, 10. ,  6. ,
       11. , 18. , 23. , 11.5, 21.5,  8. ,  4.5,  9. , 11.5,  8. ,  9.5,
        7.5]), 'class_mean_width_scaled': array([0.2105, 0.2245, 0.1345, 0.1   , 0.169 , 0.1725, 0.156 , 0.199 ,
       0.1865, 0.154 , 0.158 , 0.094 , 0.111 , 0.1975, 0.2085, 0.154 ,
       0.1305, 0.1225, 0.1135, 0.099 , 0.0975, 0.164 , 0.1255, 0.062 ,
       0.176 , 0.1645, 0.046 , 0.119 , 0.1505, 0.115 , 0.1075, 0.1585,
       0.138 , 0.1585, 0.1775, 0.1485, 0.113 , 0.1855, 0.161 , 0.1355,
       0.1125, 0.212 , 0.2225, 0.0235, 0.1125, 0.194 , 0.1465, 0.069 ,
       0.111 , 0.148 , 0.137 , 0.068 , 0.117 , 0.214 , 0.202 , 0.138 ,
       0.1805, 0.136 , 0.115 , 0.068 , 0.216 , 0.245 , 0.1625, 0.0855,
       0.215 , 0.257 , 0.231 , 0.0925, 0.238 , 0.223 , 0.197 , 0.0955,
       0.0695, 0.177 , 0.069 , 0.1345, 0.0855, 0.1195, 0.0825, 0.136 ,
       0.1285, 0.0955, 0.154 , 0.1785, 0.0965, 0.0685, 0.1225, 0.068 ,
       0.1155, 0.1785, 0.2095, 0.1375, 0.192 , 0.08  , 0.056 , 0.1035,
       0.1265, 0.09  , 0.097 , 0.0875]), 'class_median_width_scaled': array([0.225, 0.215, 0.12 , 0.09 , 0.17 , 0.155, 0.155, 0.205, 0.195,
       0.155, 0.135, 0.09 , 0.12 , 0.205, 0.2  , 0.16 , 0.105, 0.105,
       0.11 , 0.09 , 0.095, 0.15 , 0.11 , 0.06 , 0.185, 0.175, 0.04 ,
       0.11 , 0.13 , 0.11 , 0.12 , 0.135, 0.13 , 0.125, 0.19 , 0.13 ,
       0.1  , 0.165, 0.15 , 0.135, 0.115, 0.2  , 0.26 , 0.015, 0.09 ,
       0.215, 0.16 , 0.035, 0.055, 0.145, 0.125, 0.07 , 0.11 , 0.21 ,
       0.195, 0.14 , 0.175, 0.125, 0.11 , 0.055, 0.22 , 0.245, 0.175,
       0.055, 0.22 , 0.265, 0.25 , 0.09 , 0.245, 0.235, 0.205, 0.055,
       0.045, 0.16 , 0.05 , 0.145, 0.07 , 0.11 , 0.07 , 0.13 , 0.125,
       0.105, 0.145, 0.19 , 0.085, 0.075, 0.1  , 0.06 , 0.11 , 0.18 ,
       0.23 , 0.115, 0.215, 0.08 , 0.045, 0.09 , 0.115, 0.08 , 0.095,
       0.075])}

Job completed at Wed Mar 19 06:19:51 PM PDT 2025
