Starting job at Wed Mar 19 06:19:45 PM PDT 2025
Job parameters:
Dataset: data_cover_type
UQ Method: split_conformal_aps
Estimator: ExtraTrees
Seed: 782
Train Size: 0.8
Running split_conformal_aps on data_cover_type with seed 782 and train size 0.8

starting experiment

data created

Fitting split_conformal_aps_ExtraTrees on data_cover_type with seed 782

split_conformal_aps_ExtraTrees metrics: {'coverage': np.float64(0.9185), 'mean_width': np.float64(14.256), 'median_width': np.float64(13.0), 'mean_width_scaled': np.float64(0.14256), 'median_width_scaled': np.float64(0.13)}

split_conformal_aps_ExtraTrees full metrics: {'coverage': np.float64(0.9185), 'mean_width': np.float64(14.256), 'median_width': np.float64(13.0), 'mean_width_scaled': np.float64(0.14256), 'median_width_scaled': np.float64(0.13)}

split_conformal_aps_ExtraTrees class metrics: {'class_coverage': array([1.  , 0.75, 0.8 , 1.  , 0.7 , 0.65, 1.  , 0.85, 0.95, 0.8 , 0.85,
       1.  , 0.85, 0.95, 0.95, 1.  , 1.  , 1.  , 1.  , 0.9 , 1.  , 1.  ,
       0.95, 1.  , 0.9 , 1.  , 1.  , 0.85, 1.  , 1.  , 0.95, 0.9 , 0.7 ,
       1.  , 1.  , 0.65, 0.95, 0.7 , 0.65, 0.95, 1.  , 0.85, 0.8 , 1.  ,
       1.  , 1.  , 1.  , 1.  , 1.  , 0.9 , 0.7 , 0.9 , 1.  , 0.9 , 0.9 ,
       1.  , 0.7 , 0.95, 0.95, 1.  , 0.8 , 0.9 , 1.  , 1.  , 0.9 , 0.85,
       0.95, 1.  , 0.8 , 0.85, 0.95, 0.95, 1.  , 1.  , 0.9 , 0.9 , 1.  ,
       0.75, 1.  , 0.85, 0.9 , 0.9 , 0.9 , 1.  , 0.95, 0.95, 0.85, 1.  ,
       0.85, 0.95, 0.95, 0.95, 0.9 , 1.  , 0.9 , 1.  , 0.85, 1.  , 1.  ,
       1.  ]), 'class_mean_width': array([15.15, 20.75, 12.2 ,  9.4 , 16.9 , 16.2 , 14.5 , 24.3 , 24.1 ,
       17.75, 16.25, 10.15, 12.35, 17.45, 22.35, 15.45, 11.65,  9.55,
       10.4 , 10.7 , 10.1 , 17.9 , 12.  ,  6.65, 17.55, 17.8 ,  4.3 ,
       12.15, 15.65,  9.3 ,  9.1 , 17.75, 11.9 , 14.4 , 16.1 , 15.45,
       11.2 , 17.9 , 18.3 , 18.3 ,  9.6 , 20.25, 18.8 ,  7.5 ,  8.2 ,
       20.  , 18.75,  5.9 ,  9.6 , 14.45, 12.05,  8.75, 12.2 , 17.45,
       20.95, 15.2 , 17.25, 14.1 , 13.15,  7.5 , 21.6 , 25.65, 16.35,
       12.25, 20.65, 28.95, 22.35, 12.05, 20.  , 20.35, 15.25, 12.15,
        7.  , 21.35,  6.25, 11.  ,  6.  , 13.6 ,  7.95, 16.85, 16.25,
        7.9 , 15.65, 19.6 , 14.05,  7.2 , 11.95,  8.7 ,  9.75, 22.1 ,
       19.9 , 15.95, 18.75, 11.05,  7.25, 11.1 , 11.  ,  9.25, 10.35,
        7.25]), 'class_median_width': array([15.5, 19.5, 10.5,  9. , 17.5, 15. , 14. , 25. , 26. , 20. , 13.5,
       10.5, 11. , 19. , 24.5, 12. , 14. ,  8.5, 10. ,  9.5,  8.5, 17.5,
        9. ,  5. , 15.5, 18. ,  4.5, 11. , 12.5,  9. ,  8. , 16.5, 11.5,
       14.5, 17. , 14.5, 11.5, 17. , 17.5, 19.5,  8.5, 21. , 17. ,  1. ,
        7. , 20.5, 21. ,  4.5,  4. , 14. , 12. ,  8.5, 12. , 17.5, 22. ,
       15.5, 18. , 13. , 11.5,  7. , 20.5, 26. , 18. ,  8.5, 19. , 31. ,
       24. , 10.5, 19.5, 20. , 17.5, 10. ,  4.5, 22. ,  3.5,  7.5,  4. ,
       12. ,  7.5, 19. , 14.5,  8. , 15.5, 21. , 13. ,  8. , 10. ,  6.5,
        9.5, 25.5, 21.5, 18. , 19. , 11. ,  7. , 10. , 11. ,  9.5, 10. ,
        6. ]), 'class_mean_width_scaled': array([0.1515, 0.2075, 0.122 , 0.094 , 0.169 , 0.162 , 0.145 , 0.243 ,
       0.241 , 0.1775, 0.1625, 0.1015, 0.1235, 0.1745, 0.2235, 0.1545,
       0.1165, 0.0955, 0.104 , 0.107 , 0.101 , 0.179 , 0.12  , 0.0665,
       0.1755, 0.178 , 0.043 , 0.1215, 0.1565, 0.093 , 0.091 , 0.1775,
       0.119 , 0.144 , 0.161 , 0.1545, 0.112 , 0.179 , 0.183 , 0.183 ,
       0.096 , 0.2025, 0.188 , 0.075 , 0.082 , 0.2   , 0.1875, 0.059 ,
       0.096 , 0.1445, 0.1205, 0.0875, 0.122 , 0.1745, 0.2095, 0.152 ,
       0.1725, 0.141 , 0.1315, 0.075 , 0.216 , 0.2565, 0.1635, 0.1225,
       0.2065, 0.2895, 0.2235, 0.1205, 0.2   , 0.2035, 0.1525, 0.1215,
       0.07  , 0.2135, 0.0625, 0.11  , 0.06  , 0.136 , 0.0795, 0.1685,
       0.1625, 0.079 , 0.1565, 0.196 , 0.1405, 0.072 , 0.1195, 0.087 ,
       0.0975, 0.221 , 0.199 , 0.1595, 0.1875, 0.1105, 0.0725, 0.111 ,
       0.11  , 0.0925, 0.1035, 0.0725]), 'class_median_width_scaled': array([0.155, 0.195, 0.105, 0.09 , 0.175, 0.15 , 0.14 , 0.25 , 0.26 ,
       0.2  , 0.135, 0.105, 0.11 , 0.19 , 0.245, 0.12 , 0.14 , 0.085,
       0.1  , 0.095, 0.085, 0.175, 0.09 , 0.05 , 0.155, 0.18 , 0.045,
       0.11 , 0.125, 0.09 , 0.08 , 0.165, 0.115, 0.145, 0.17 , 0.145,
       0.115, 0.17 , 0.175, 0.195, 0.085, 0.21 , 0.17 , 0.01 , 0.07 ,
       0.205, 0.21 , 0.045, 0.04 , 0.14 , 0.12 , 0.085, 0.12 , 0.175,
       0.22 , 0.155, 0.18 , 0.13 , 0.115, 0.07 , 0.205, 0.26 , 0.18 ,
       0.085, 0.19 , 0.31 , 0.24 , 0.105, 0.195, 0.2  , 0.175, 0.1  ,
       0.045, 0.22 , 0.035, 0.075, 0.04 , 0.12 , 0.075, 0.19 , 0.145,
       0.08 , 0.155, 0.21 , 0.13 , 0.08 , 0.1  , 0.065, 0.095, 0.255,
       0.215, 0.18 , 0.19 , 0.11 , 0.07 , 0.1  , 0.11 , 0.095, 0.1  ,
       0.06 ])}

split_conformal_aps_ExtraTrees full class metrics: {'class_coverage': array([1.  , 0.75, 0.8 , 1.  , 0.7 , 0.65, 1.  , 0.85, 0.95, 0.8 , 0.85,
       1.  , 0.85, 0.95, 0.95, 1.  , 1.  , 1.  , 1.  , 0.9 , 1.  , 1.  ,
       0.95, 1.  , 0.9 , 1.  , 1.  , 0.85, 1.  , 1.  , 0.95, 0.9 , 0.7 ,
       1.  , 1.  , 0.65, 0.95, 0.7 , 0.65, 0.95, 1.  , 0.85, 0.8 , 1.  ,
       1.  , 1.  , 1.  , 1.  , 1.  , 0.9 , 0.7 , 0.9 , 1.  , 0.9 , 0.9 ,
       1.  , 0.7 , 0.95, 0.95, 1.  , 0.8 , 0.9 , 1.  , 1.  , 0.9 , 0.85,
       0.95, 1.  , 0.8 , 0.85, 0.95, 0.95, 1.  , 1.  , 0.9 , 0.9 , 1.  ,
       0.75, 1.  , 0.85, 0.9 , 0.9 , 0.9 , 1.  , 0.95, 0.95, 0.85, 1.  ,
       0.85, 0.95, 0.95, 0.95, 0.9 , 1.  , 0.9 , 1.  , 0.85, 1.  , 1.  ,
       1.  ]), 'class_mean_width': array([15.15, 20.75, 12.2 ,  9.4 , 16.9 , 16.2 , 14.5 , 24.3 , 24.1 ,
       17.75, 16.25, 10.15, 12.35, 17.45, 22.35, 15.45, 11.65,  9.55,
       10.4 , 10.7 , 10.1 , 17.9 , 12.  ,  6.65, 17.55, 17.8 ,  4.3 ,
       12.15, 15.65,  9.3 ,  9.1 , 17.75, 11.9 , 14.4 , 16.1 , 15.45,
       11.2 , 17.9 , 18.3 , 18.3 ,  9.6 , 20.25, 18.8 ,  7.5 ,  8.2 ,
       20.  , 18.75,  5.9 ,  9.6 , 14.45, 12.05,  8.75, 12.2 , 17.45,
       20.95, 15.2 , 17.25, 14.1 , 13.15,  7.5 , 21.6 , 25.65, 16.35,
       12.25, 20.65, 28.95, 22.35, 12.05, 20.  , 20.35, 15.25, 12.15,
        7.  , 21.35,  6.25, 11.  ,  6.  , 13.6 ,  7.95, 16.85, 16.25,
        7.9 , 15.65, 19.6 , 14.05,  7.2 , 11.95,  8.7 ,  9.75, 22.1 ,
       19.9 , 15.95, 18.75, 11.05,  7.25, 11.1 , 11.  ,  9.25, 10.35,
        7.25]), 'class_median_width': array([15.5, 19.5, 10.5,  9. , 17.5, 15. , 14. , 25. , 26. , 20. , 13.5,
       10.5, 11. , 19. , 24.5, 12. , 14. ,  8.5, 10. ,  9.5,  8.5, 17.5,
        9. ,  5. , 15.5, 18. ,  4.5, 11. , 12.5,  9. ,  8. , 16.5, 11.5,
       14.5, 17. , 14.5, 11.5, 17. , 17.5, 19.5,  8.5, 21. , 17. ,  1. ,
        7. , 20.5, 21. ,  4.5,  4. , 14. , 12. ,  8.5, 12. , 17.5, 22. ,
       15.5, 18. , 13. , 11.5,  7. , 20.5, 26. , 18. ,  8.5, 19. , 31. ,
       24. , 10.5, 19.5, 20. , 17.5, 10. ,  4.5, 22. ,  3.5,  7.5,  4. ,
       12. ,  7.5, 19. , 14.5,  8. , 15.5, 21. , 13. ,  8. , 10. ,  6.5,
        9.5, 25.5, 21.5, 18. , 19. , 11. ,  7. , 10. , 11. ,  9.5, 10. ,
        6. ]), 'class_mean_width_scaled': array([0.1515, 0.2075, 0.122 , 0.094 , 0.169 , 0.162 , 0.145 , 0.243 ,
       0.241 , 0.1775, 0.1625, 0.1015, 0.1235, 0.1745, 0.2235, 0.1545,
       0.1165, 0.0955, 0.104 , 0.107 , 0.101 , 0.179 , 0.12  , 0.0665,
       0.1755, 0.178 , 0.043 , 0.1215, 0.1565, 0.093 , 0.091 , 0.1775,
       0.119 , 0.144 , 0.161 , 0.1545, 0.112 , 0.179 , 0.183 , 0.183 ,
       0.096 , 0.2025, 0.188 , 0.075 , 0.082 , 0.2   , 0.1875, 0.059 ,
       0.096 , 0.1445, 0.1205, 0.0875, 0.122 , 0.1745, 0.2095, 0.152 ,
       0.1725, 0.141 , 0.1315, 0.075 , 0.216 , 0.2565, 0.1635, 0.1225,
       0.2065, 0.2895, 0.2235, 0.1205, 0.2   , 0.2035, 0.1525, 0.1215,
       0.07  , 0.2135, 0.0625, 0.11  , 0.06  , 0.136 , 0.0795, 0.1685,
       0.1625, 0.079 , 0.1565, 0.196 , 0.1405, 0.072 , 0.1195, 0.087 ,
       0.0975, 0.221 , 0.199 , 0.1595, 0.1875, 0.1105, 0.0725, 0.111 ,
       0.11  , 0.0925, 0.1035, 0.0725]), 'class_median_width_scaled': array([0.155, 0.195, 0.105, 0.09 , 0.175, 0.15 , 0.14 , 0.25 , 0.26 ,
       0.2  , 0.135, 0.105, 0.11 , 0.19 , 0.245, 0.12 , 0.14 , 0.085,
       0.1  , 0.095, 0.085, 0.175, 0.09 , 0.05 , 0.155, 0.18 , 0.045,
       0.11 , 0.125, 0.09 , 0.08 , 0.165, 0.115, 0.145, 0.17 , 0.145,
       0.115, 0.17 , 0.175, 0.195, 0.085, 0.21 , 0.17 , 0.01 , 0.07 ,
       0.205, 0.21 , 0.045, 0.04 , 0.14 , 0.12 , 0.085, 0.12 , 0.175,
       0.22 , 0.155, 0.18 , 0.13 , 0.115, 0.07 , 0.205, 0.26 , 0.18 ,
       0.085, 0.19 , 0.31 , 0.24 , 0.105, 0.195, 0.2  , 0.175, 0.1  ,
       0.045, 0.22 , 0.035, 0.075, 0.04 , 0.12 , 0.075, 0.19 , 0.145,
       0.08 , 0.155, 0.21 , 0.13 , 0.08 , 0.1  , 0.065, 0.095, 0.255,
       0.215, 0.18 , 0.19 , 0.11 , 0.07 , 0.1  , 0.11 , 0.095, 0.1  ,
       0.06 ])}

Job completed at Wed Mar 19 06:19:49 PM PDT 2025
