Starting job at Wed Mar 19 06:19:38 PM PDT 2025
Job parameters:
Dataset: data_cover_type
UQ Method: split_conformal_aps
Estimator: ExtraTrees
Seed: 781
Train Size: 0.8
Running split_conformal_aps on data_cover_type with seed 781 and train size 0.8

starting experiment

data created

Fitting split_conformal_aps_ExtraTrees on data_cover_type with seed 781

split_conformal_aps_ExtraTrees metrics: {'coverage': np.float64(0.9095), 'mean_width': np.float64(11.558), 'median_width': np.float64(10.0), 'mean_width_scaled': np.float64(0.11558), 'median_width_scaled': np.float64(0.1)}

split_conformal_aps_ExtraTrees full metrics: {'coverage': np.float64(0.9095), 'mean_width': np.float64(11.558), 'median_width': np.float64(10.0), 'mean_width_scaled': np.float64(0.11558), 'median_width_scaled': np.float64(0.1)}

split_conformal_aps_ExtraTrees class metrics: {'class_coverage': array([0.9 , 0.75, 0.7 , 1.  , 1.  , 0.8 , 0.95, 0.9 , 0.85, 0.95, 0.9 ,
       1.  , 1.  , 1.  , 0.85, 1.  , 1.  , 1.  , 0.95, 1.  , 0.8 , 1.  ,
       0.9 , 1.  , 0.9 , 0.9 , 1.  , 0.95, 0.75, 1.  , 1.  , 0.9 , 0.75,
       1.  , 1.  , 0.7 , 0.85, 0.8 , 0.65, 1.  , 0.95, 0.75, 0.7 , 1.  ,
       1.  , 0.95, 1.  , 1.  , 1.  , 0.9 , 0.95, 1.  , 1.  , 0.75, 0.9 ,
       1.  , 0.75, 0.85, 0.9 , 1.  , 0.95, 0.75, 1.  , 1.  , 0.75, 0.7 ,
       0.95, 1.  , 0.6 , 0.75, 0.95, 1.  , 0.85, 1.  , 0.95, 0.85, 1.  ,
       0.85, 1.  , 0.9 , 0.75, 0.9 , 0.95, 0.9 , 0.9 , 1.  , 0.85, 1.  ,
       0.95, 0.95, 0.85, 1.  , 0.9 , 1.  , 0.65, 1.  , 0.95, 1.  , 0.95,
       1.  ]), 'class_mean_width': array([ 7.7 , 19.35, 10.7 ,  7.55, 15.95, 11.65, 12.85, 17.85, 14.9 ,
       12.75, 12.65,  8.25, 10.35, 16.9 , 15.9 , 14.8 ,  5.9 ,  8.8 ,
        9.6 ,  9.1 ,  6.65, 12.75,  9.7 ,  7.25, 16.3 , 11.3 ,  4.8 ,
       13.85, 12.6 ,  7.7 ,  9.35, 12.45, 13.35, 10.95, 11.2 , 14.55,
       11.55, 14.7 , 17.1 , 11.85,  7.25, 15.7 , 15.2 ,  1.85,  8.9 ,
       15.1 , 11.35,  3.85,  6.15, 13.85, 13.6 ,  7.65,  7.15, 18.05,
       14.8 , 11.1 , 14.85, 13.15, 12.3 ,  7.45, 17.75, 19.3 , 11.85,
       15.4 , 15.85, 19.55, 16.45,  7.8 , 17.85, 20.1 , 12.  ,  7.85,
       10.8 , 14.25,  4.9 , 11.45,  4.5 , 11.15,  6.95, 12.7 , 14.2 ,
        8.6 , 14.15, 12.6 , 11.3 ,  6.6 ,  8.15,  8.4 ,  9.65, 15.5 ,
       14.5 ,  9.7 , 13.95,  7.4 ,  6.9 ,  9.4 ,  9.6 ,  8.65,  8.1 ,
        7.25]), 'class_median_width': array([ 7. , 19. ,  9. ,  7. , 16. , 10. , 13.5, 17. , 13. , 12.5, 13. ,
        8. , 10. , 15.5, 15.5, 13. ,  4.5,  9. ,  9. ,  9. ,  6.5, 11. ,
        8.5,  7. , 14. , 11. ,  4. , 12.5, 12. ,  7. ,  9.5, 13. , 13. ,
       11. , 10. , 12.5, 10. , 14. , 13. , 11. ,  6.5, 15.5, 14.5,  1.5,
        6. , 13. ,  9. ,  2.5,  5. , 13. , 13. ,  7.5,  7. , 17. , 12. ,
       10.5, 12. , 12. , 11. ,  7.5, 17.5, 19. ,  9.5,  8. , 14. , 18. ,
       16. ,  7. , 15.5, 18.5, 12. ,  6.5,  5.5, 14. ,  3. ,  6.5,  3. ,
       12. ,  6. , 11.5, 13.5,  6.5, 13. , 12. , 11. ,  6.5,  8. ,  8. ,
        9.5, 14. , 13. ,  8. , 13. ,  7.5,  7. ,  9. , 10. ,  7.5,  8. ,
        8. ]), 'class_mean_width_scaled': array([0.077 , 0.1935, 0.107 , 0.0755, 0.1595, 0.1165, 0.1285, 0.1785,
       0.149 , 0.1275, 0.1265, 0.0825, 0.1035, 0.169 , 0.159 , 0.148 ,
       0.059 , 0.088 , 0.096 , 0.091 , 0.0665, 0.1275, 0.097 , 0.0725,
       0.163 , 0.113 , 0.048 , 0.1385, 0.126 , 0.077 , 0.0935, 0.1245,
       0.1335, 0.1095, 0.112 , 0.1455, 0.1155, 0.147 , 0.171 , 0.1185,
       0.0725, 0.157 , 0.152 , 0.0185, 0.089 , 0.151 , 0.1135, 0.0385,
       0.0615, 0.1385, 0.136 , 0.0765, 0.0715, 0.1805, 0.148 , 0.111 ,
       0.1485, 0.1315, 0.123 , 0.0745, 0.1775, 0.193 , 0.1185, 0.154 ,
       0.1585, 0.1955, 0.1645, 0.078 , 0.1785, 0.201 , 0.12  , 0.0785,
       0.108 , 0.1425, 0.049 , 0.1145, 0.045 , 0.1115, 0.0695, 0.127 ,
       0.142 , 0.086 , 0.1415, 0.126 , 0.113 , 0.066 , 0.0815, 0.084 ,
       0.0965, 0.155 , 0.145 , 0.097 , 0.1395, 0.074 , 0.069 , 0.094 ,
       0.096 , 0.0865, 0.081 , 0.0725]), 'class_median_width_scaled': array([0.07 , 0.19 , 0.09 , 0.07 , 0.16 , 0.1  , 0.135, 0.17 , 0.13 ,
       0.125, 0.13 , 0.08 , 0.1  , 0.155, 0.155, 0.13 , 0.045, 0.09 ,
       0.09 , 0.09 , 0.065, 0.11 , 0.085, 0.07 , 0.14 , 0.11 , 0.04 ,
       0.125, 0.12 , 0.07 , 0.095, 0.13 , 0.13 , 0.11 , 0.1  , 0.125,
       0.1  , 0.14 , 0.13 , 0.11 , 0.065, 0.155, 0.145, 0.015, 0.06 ,
       0.13 , 0.09 , 0.025, 0.05 , 0.13 , 0.13 , 0.075, 0.07 , 0.17 ,
       0.12 , 0.105, 0.12 , 0.12 , 0.11 , 0.075, 0.175, 0.19 , 0.095,
       0.08 , 0.14 , 0.18 , 0.16 , 0.07 , 0.155, 0.185, 0.12 , 0.065,
       0.055, 0.14 , 0.03 , 0.065, 0.03 , 0.12 , 0.06 , 0.115, 0.135,
       0.065, 0.13 , 0.12 , 0.11 , 0.065, 0.08 , 0.08 , 0.095, 0.14 ,
       0.13 , 0.08 , 0.13 , 0.075, 0.07 , 0.09 , 0.1  , 0.075, 0.08 ,
       0.08 ])}

split_conformal_aps_ExtraTrees full class metrics: {'class_coverage': array([0.9 , 0.75, 0.7 , 1.  , 1.  , 0.8 , 0.95, 0.9 , 0.85, 0.95, 0.9 ,
       1.  , 1.  , 1.  , 0.85, 1.  , 1.  , 1.  , 0.95, 1.  , 0.8 , 1.  ,
       0.9 , 1.  , 0.9 , 0.9 , 1.  , 0.95, 0.75, 1.  , 1.  , 0.9 , 0.75,
       1.  , 1.  , 0.7 , 0.85, 0.8 , 0.65, 1.  , 0.95, 0.75, 0.7 , 1.  ,
       1.  , 0.95, 1.  , 1.  , 1.  , 0.9 , 0.95, 1.  , 1.  , 0.75, 0.9 ,
       1.  , 0.75, 0.85, 0.9 , 1.  , 0.95, 0.75, 1.  , 1.  , 0.75, 0.7 ,
       0.95, 1.  , 0.6 , 0.75, 0.95, 1.  , 0.85, 1.  , 0.95, 0.85, 1.  ,
       0.85, 1.  , 0.9 , 0.75, 0.9 , 0.95, 0.9 , 0.9 , 1.  , 0.85, 1.  ,
       0.95, 0.95, 0.85, 1.  , 0.9 , 1.  , 0.65, 1.  , 0.95, 1.  , 0.95,
       1.  ]), 'class_mean_width': array([ 7.7 , 19.35, 10.7 ,  7.55, 15.95, 11.65, 12.85, 17.85, 14.9 ,
       12.75, 12.65,  8.25, 10.35, 16.9 , 15.9 , 14.8 ,  5.9 ,  8.8 ,
        9.6 ,  9.1 ,  6.65, 12.75,  9.7 ,  7.25, 16.3 , 11.3 ,  4.8 ,
       13.85, 12.6 ,  7.7 ,  9.35, 12.45, 13.35, 10.95, 11.2 , 14.55,
       11.55, 14.7 , 17.1 , 11.85,  7.25, 15.7 , 15.2 ,  1.85,  8.9 ,
       15.1 , 11.35,  3.85,  6.15, 13.85, 13.6 ,  7.65,  7.15, 18.05,
       14.8 , 11.1 , 14.85, 13.15, 12.3 ,  7.45, 17.75, 19.3 , 11.85,
       15.4 , 15.85, 19.55, 16.45,  7.8 , 17.85, 20.1 , 12.  ,  7.85,
       10.8 , 14.25,  4.9 , 11.45,  4.5 , 11.15,  6.95, 12.7 , 14.2 ,
        8.6 , 14.15, 12.6 , 11.3 ,  6.6 ,  8.15,  8.4 ,  9.65, 15.5 ,
       14.5 ,  9.7 , 13.95,  7.4 ,  6.9 ,  9.4 ,  9.6 ,  8.65,  8.1 ,
        7.25]), 'class_median_width': array([ 7. , 19. ,  9. ,  7. , 16. , 10. , 13.5, 17. , 13. , 12.5, 13. ,
        8. , 10. , 15.5, 15.5, 13. ,  4.5,  9. ,  9. ,  9. ,  6.5, 11. ,
        8.5,  7. , 14. , 11. ,  4. , 12.5, 12. ,  7. ,  9.5, 13. , 13. ,
       11. , 10. , 12.5, 10. , 14. , 13. , 11. ,  6.5, 15.5, 14.5,  1.5,
        6. , 13. ,  9. ,  2.5,  5. , 13. , 13. ,  7.5,  7. , 17. , 12. ,
       10.5, 12. , 12. , 11. ,  7.5, 17.5, 19. ,  9.5,  8. , 14. , 18. ,
       16. ,  7. , 15.5, 18.5, 12. ,  6.5,  5.5, 14. ,  3. ,  6.5,  3. ,
       12. ,  6. , 11.5, 13.5,  6.5, 13. , 12. , 11. ,  6.5,  8. ,  8. ,
        9.5, 14. , 13. ,  8. , 13. ,  7.5,  7. ,  9. , 10. ,  7.5,  8. ,
        8. ]), 'class_mean_width_scaled': array([0.077 , 0.1935, 0.107 , 0.0755, 0.1595, 0.1165, 0.1285, 0.1785,
       0.149 , 0.1275, 0.1265, 0.0825, 0.1035, 0.169 , 0.159 , 0.148 ,
       0.059 , 0.088 , 0.096 , 0.091 , 0.0665, 0.1275, 0.097 , 0.0725,
       0.163 , 0.113 , 0.048 , 0.1385, 0.126 , 0.077 , 0.0935, 0.1245,
       0.1335, 0.1095, 0.112 , 0.1455, 0.1155, 0.147 , 0.171 , 0.1185,
       0.0725, 0.157 , 0.152 , 0.0185, 0.089 , 0.151 , 0.1135, 0.0385,
       0.0615, 0.1385, 0.136 , 0.0765, 0.0715, 0.1805, 0.148 , 0.111 ,
       0.1485, 0.1315, 0.123 , 0.0745, 0.1775, 0.193 , 0.1185, 0.154 ,
       0.1585, 0.1955, 0.1645, 0.078 , 0.1785, 0.201 , 0.12  , 0.0785,
       0.108 , 0.1425, 0.049 , 0.1145, 0.045 , 0.1115, 0.0695, 0.127 ,
       0.142 , 0.086 , 0.1415, 0.126 , 0.113 , 0.066 , 0.0815, 0.084 ,
       0.0965, 0.155 , 0.145 , 0.097 , 0.1395, 0.074 , 0.069 , 0.094 ,
       0.096 , 0.0865, 0.081 , 0.0725]), 'class_median_width_scaled': array([0.07 , 0.19 , 0.09 , 0.07 , 0.16 , 0.1  , 0.135, 0.17 , 0.13 ,
       0.125, 0.13 , 0.08 , 0.1  , 0.155, 0.155, 0.13 , 0.045, 0.09 ,
       0.09 , 0.09 , 0.065, 0.11 , 0.085, 0.07 , 0.14 , 0.11 , 0.04 ,
       0.125, 0.12 , 0.07 , 0.095, 0.13 , 0.13 , 0.11 , 0.1  , 0.125,
       0.1  , 0.14 , 0.13 , 0.11 , 0.065, 0.155, 0.145, 0.015, 0.06 ,
       0.13 , 0.09 , 0.025, 0.05 , 0.13 , 0.13 , 0.075, 0.07 , 0.17 ,
       0.12 , 0.105, 0.12 , 0.12 , 0.11 , 0.075, 0.175, 0.19 , 0.095,
       0.08 , 0.14 , 0.18 , 0.16 , 0.07 , 0.155, 0.185, 0.12 , 0.065,
       0.055, 0.14 , 0.03 , 0.065, 0.03 , 0.12 , 0.06 , 0.115, 0.135,
       0.065, 0.13 , 0.12 , 0.11 , 0.065, 0.08 , 0.08 , 0.095, 0.14 ,
       0.13 , 0.08 , 0.13 , 0.075, 0.07 , 0.09 , 0.1  , 0.075, 0.08 ,
       0.08 ])}

Job completed at Wed Mar 19 06:19:42 PM PDT 2025
