Starting job at Thu Mar 20 05:03:12 PM PDT 2025
Job parameters:
Dataset: data_cover_type
UQ Method: split_conformal_aps
Estimator: AdaBoost
Seed: 783
Train Size: 0.8
Running split_conformal_aps on data_cover_type with seed 783 and train size 0.8

starting experiment

data created

Fitting split_conformal_aps_AdaBoost on data_cover_type with seed 783

split_conformal_aps_AdaBoost metrics: {'coverage': np.float64(0.937), 'mean_width': np.float64(48.1565), 'median_width': np.float64(41.0), 'mean_width_scaled': np.float64(0.481565), 'median_width_scaled': np.float64(0.41)}

split_conformal_aps_AdaBoost full metrics: {'coverage': np.float64(0.937), 'mean_width': np.float64(48.1565), 'median_width': np.float64(41.0), 'mean_width_scaled': np.float64(0.481565), 'median_width_scaled': np.float64(0.41)}

split_conformal_aps_AdaBoost class metrics: {'class_coverage': array([1.  , 1.  , 0.9 , 0.  , 1.  , 1.  , 1.  , 1.  , 1.  , 1.  , 1.  ,
       0.8 , 1.  , 1.  , 0.85, 1.  , 1.  , 0.  , 1.  , 0.9 , 0.8 , 1.  ,
       1.  , 0.  , 1.  , 1.  , 1.  , 0.8 , 1.  , 1.  , 1.  , 1.  , 0.95,
       1.  , 1.  , 0.9 , 0.8 , 0.9 , 1.  , 1.  , 1.  , 1.  , 1.  , 1.  ,
       0.65, 0.9 , 1.  , 1.  , 1.  , 1.  , 1.  , 1.  , 1.  , 1.  , 1.  ,
       1.  , 1.  , 1.  , 0.9 , 1.  , 0.8 , 1.  , 1.  , 1.  , 0.85, 1.  ,
       1.  , 1.  , 0.6 , 1.  , 1.  , 1.  , 1.  , 0.55, 1.  , 1.  , 1.  ,
       1.  , 1.  , 1.  , 1.  , 1.  , 1.  , 1.  , 1.  , 1.  , 1.  , 1.  ,
       1.  , 1.  , 1.  , 1.  , 1.  , 1.  , 1.  , 1.  , 0.85, 1.  , 1.  ,
       1.  ]), 'class_mean_width': array([61.  , 59.15, 30.9 , 25.7 , 60.85, 46.75, 60.85, 60.9 , 57.45,
       60.75, 43.3 , 56.9 , 60.4 , 52.  , 57.45, 60.9 , 60.85, 25.65,
       60.9 , 58.15, 25.8 , 59.15, 38.15, 25.65, 60.9 , 50.05, 60.9 ,
       46.5 , 53.65, 25.7 , 25.8 , 53.65, 59.5 , 57.  , 44.7 , 43.  ,
       44.95, 45.35, 52.85, 60.85, 41.  , 45.  , 56.35, 41.  , 53.4 ,
       58.7 , 43.  , 41.  , 60.85, 45.55, 53.3 , 60.9 , 41.  , 59.  ,
       46.85, 60.85, 45.05, 43.  , 58.3 , 60.85, 44.95, 51.35, 60.85,
       41.  , 44.65, 50.35, 60.9 , 40.95, 50.5 , 53.65, 60.85, 60.75,
       40.95, 52.25, 40.85, 40.95, 40.95, 41.  , 41.  , 41.  , 40.95,
       40.95, 41.  , 60.95, 34.5 , 25.8 , 40.95, 41.  , 41.  , 59.15,
       48.4 , 60.9 , 48.35, 25.65, 25.75, 59.1 , 30.95, 25.9 , 33.95,
       60.9 ]), 'class_median_width': array([61. , 61. , 26. , 26. , 61. , 60.5, 61. , 61. , 61. , 61. , 43. ,
       61. , 61. , 61. , 61. , 61. , 61. , 26. , 61. , 61. , 26. , 61. ,
       26. , 26. , 61. , 61. , 61. , 41. , 60. , 26. , 26. , 60.5, 61. ,
       61. , 41. , 41. , 41. , 41. , 60.5, 61. , 41. , 41. , 61. , 41. ,
       60. , 61. , 41. , 41. , 61. , 41. , 58.5, 61. , 41. , 61. , 60.5,
       61. , 60. , 41. , 61. , 61. , 41. , 57. , 61. , 41. , 41. , 48.5,
       61. , 41. , 48.5, 60.5, 61. , 61. , 41. , 57. , 41. , 41. , 41. ,
       41. , 41. , 41. , 41. , 41. , 41. , 61. , 26. , 26. , 41. , 41. ,
       41. , 61. , 61. , 61. , 60. , 26. , 26. , 61. , 26. , 26. , 26. ,
       61. ]), 'class_mean_width_scaled': array([0.61  , 0.5915, 0.309 , 0.257 , 0.6085, 0.4675, 0.6085, 0.609 ,
       0.5745, 0.6075, 0.433 , 0.569 , 0.604 , 0.52  , 0.5745, 0.609 ,
       0.6085, 0.2565, 0.609 , 0.5815, 0.258 , 0.5915, 0.3815, 0.2565,
       0.609 , 0.5005, 0.609 , 0.465 , 0.5365, 0.257 , 0.258 , 0.5365,
       0.595 , 0.57  , 0.447 , 0.43  , 0.4495, 0.4535, 0.5285, 0.6085,
       0.41  , 0.45  , 0.5635, 0.41  , 0.534 , 0.587 , 0.43  , 0.41  ,
       0.6085, 0.4555, 0.533 , 0.609 , 0.41  , 0.59  , 0.4685, 0.6085,
       0.4505, 0.43  , 0.583 , 0.6085, 0.4495, 0.5135, 0.6085, 0.41  ,
       0.4465, 0.5035, 0.609 , 0.4095, 0.505 , 0.5365, 0.6085, 0.6075,
       0.4095, 0.5225, 0.4085, 0.4095, 0.4095, 0.41  , 0.41  , 0.41  ,
       0.4095, 0.4095, 0.41  , 0.6095, 0.345 , 0.258 , 0.4095, 0.41  ,
       0.41  , 0.5915, 0.484 , 0.609 , 0.4835, 0.2565, 0.2575, 0.591 ,
       0.3095, 0.259 , 0.3395, 0.609 ]), 'class_median_width_scaled': array([0.61 , 0.61 , 0.26 , 0.26 , 0.61 , 0.605, 0.61 , 0.61 , 0.61 ,
       0.61 , 0.43 , 0.61 , 0.61 , 0.61 , 0.61 , 0.61 , 0.61 , 0.26 ,
       0.61 , 0.61 , 0.26 , 0.61 , 0.26 , 0.26 , 0.61 , 0.61 , 0.61 ,
       0.41 , 0.6  , 0.26 , 0.26 , 0.605, 0.61 , 0.61 , 0.41 , 0.41 ,
       0.41 , 0.41 , 0.605, 0.61 , 0.41 , 0.41 , 0.61 , 0.41 , 0.6  ,
       0.61 , 0.41 , 0.41 , 0.61 , 0.41 , 0.585, 0.61 , 0.41 , 0.61 ,
       0.605, 0.61 , 0.6  , 0.41 , 0.61 , 0.61 , 0.41 , 0.57 , 0.61 ,
       0.41 , 0.41 , 0.485, 0.61 , 0.41 , 0.485, 0.605, 0.61 , 0.61 ,
       0.41 , 0.57 , 0.41 , 0.41 , 0.41 , 0.41 , 0.41 , 0.41 , 0.41 ,
       0.41 , 0.41 , 0.61 , 0.26 , 0.26 , 0.41 , 0.41 , 0.41 , 0.61 ,
       0.61 , 0.61 , 0.6  , 0.26 , 0.26 , 0.61 , 0.26 , 0.26 , 0.26 ,
       0.61 ])}

split_conformal_aps_AdaBoost full class metrics: {'class_coverage': array([1.  , 1.  , 0.9 , 0.  , 1.  , 1.  , 1.  , 1.  , 1.  , 1.  , 1.  ,
       0.8 , 1.  , 1.  , 0.85, 1.  , 1.  , 0.  , 1.  , 0.9 , 0.8 , 1.  ,
       1.  , 0.  , 1.  , 1.  , 1.  , 0.8 , 1.  , 1.  , 1.  , 1.  , 0.95,
       1.  , 1.  , 0.9 , 0.8 , 0.9 , 1.  , 1.  , 1.  , 1.  , 1.  , 1.  ,
       0.65, 0.9 , 1.  , 1.  , 1.  , 1.  , 1.  , 1.  , 1.  , 1.  , 1.  ,
       1.  , 1.  , 1.  , 0.9 , 1.  , 0.8 , 1.  , 1.  , 1.  , 0.85, 1.  ,
       1.  , 1.  , 0.6 , 1.  , 1.  , 1.  , 1.  , 0.55, 1.  , 1.  , 1.  ,
       1.  , 1.  , 1.  , 1.  , 1.  , 1.  , 1.  , 1.  , 1.  , 1.  , 1.  ,
       1.  , 1.  , 1.  , 1.  , 1.  , 1.  , 1.  , 1.  , 0.85, 1.  , 1.  ,
       1.  ]), 'class_mean_width': array([61.  , 59.15, 30.9 , 25.7 , 60.85, 46.75, 60.85, 60.9 , 57.45,
       60.75, 43.3 , 56.9 , 60.4 , 52.  , 57.45, 60.9 , 60.85, 25.65,
       60.9 , 58.15, 25.8 , 59.15, 38.15, 25.65, 60.9 , 50.05, 60.9 ,
       46.5 , 53.65, 25.7 , 25.8 , 53.65, 59.5 , 57.  , 44.7 , 43.  ,
       44.95, 45.35, 52.85, 60.85, 41.  , 45.  , 56.35, 41.  , 53.4 ,
       58.7 , 43.  , 41.  , 60.85, 45.55, 53.3 , 60.9 , 41.  , 59.  ,
       46.85, 60.85, 45.05, 43.  , 58.3 , 60.85, 44.95, 51.35, 60.85,
       41.  , 44.65, 50.35, 60.9 , 40.95, 50.5 , 53.65, 60.85, 60.75,
       40.95, 52.25, 40.85, 40.95, 40.95, 41.  , 41.  , 41.  , 40.95,
       40.95, 41.  , 60.95, 34.5 , 25.8 , 40.95, 41.  , 41.  , 59.15,
       48.4 , 60.9 , 48.35, 25.65, 25.75, 59.1 , 30.95, 25.9 , 33.95,
       60.9 ]), 'class_median_width': array([61. , 61. , 26. , 26. , 61. , 60.5, 61. , 61. , 61. , 61. , 43. ,
       61. , 61. , 61. , 61. , 61. , 61. , 26. , 61. , 61. , 26. , 61. ,
       26. , 26. , 61. , 61. , 61. , 41. , 60. , 26. , 26. , 60.5, 61. ,
       61. , 41. , 41. , 41. , 41. , 60.5, 61. , 41. , 41. , 61. , 41. ,
       60. , 61. , 41. , 41. , 61. , 41. , 58.5, 61. , 41. , 61. , 60.5,
       61. , 60. , 41. , 61. , 61. , 41. , 57. , 61. , 41. , 41. , 48.5,
       61. , 41. , 48.5, 60.5, 61. , 61. , 41. , 57. , 41. , 41. , 41. ,
       41. , 41. , 41. , 41. , 41. , 41. , 61. , 26. , 26. , 41. , 41. ,
       41. , 61. , 61. , 61. , 60. , 26. , 26. , 61. , 26. , 26. , 26. ,
       61. ]), 'class_mean_width_scaled': array([0.61  , 0.5915, 0.309 , 0.257 , 0.6085, 0.4675, 0.6085, 0.609 ,
       0.5745, 0.6075, 0.433 , 0.569 , 0.604 , 0.52  , 0.5745, 0.609 ,
       0.6085, 0.2565, 0.609 , 0.5815, 0.258 , 0.5915, 0.3815, 0.2565,
       0.609 , 0.5005, 0.609 , 0.465 , 0.5365, 0.257 , 0.258 , 0.5365,
       0.595 , 0.57  , 0.447 , 0.43  , 0.4495, 0.4535, 0.5285, 0.6085,
       0.41  , 0.45  , 0.5635, 0.41  , 0.534 , 0.587 , 0.43  , 0.41  ,
       0.6085, 0.4555, 0.533 , 0.609 , 0.41  , 0.59  , 0.4685, 0.6085,
       0.4505, 0.43  , 0.583 , 0.6085, 0.4495, 0.5135, 0.6085, 0.41  ,
       0.4465, 0.5035, 0.609 , 0.4095, 0.505 , 0.5365, 0.6085, 0.6075,
       0.4095, 0.5225, 0.4085, 0.4095, 0.4095, 0.41  , 0.41  , 0.41  ,
       0.4095, 0.4095, 0.41  , 0.6095, 0.345 , 0.258 , 0.4095, 0.41  ,
       0.41  , 0.5915, 0.484 , 0.609 , 0.4835, 0.2565, 0.2575, 0.591 ,
       0.3095, 0.259 , 0.3395, 0.609 ]), 'class_median_width_scaled': array([0.61 , 0.61 , 0.26 , 0.26 , 0.61 , 0.605, 0.61 , 0.61 , 0.61 ,
       0.61 , 0.43 , 0.61 , 0.61 , 0.61 , 0.61 , 0.61 , 0.61 , 0.26 ,
       0.61 , 0.61 , 0.26 , 0.61 , 0.26 , 0.26 , 0.61 , 0.61 , 0.61 ,
       0.41 , 0.6  , 0.26 , 0.26 , 0.605, 0.61 , 0.61 , 0.41 , 0.41 ,
       0.41 , 0.41 , 0.605, 0.61 , 0.41 , 0.41 , 0.61 , 0.41 , 0.6  ,
       0.61 , 0.41 , 0.41 , 0.61 , 0.41 , 0.585, 0.61 , 0.41 , 0.61 ,
       0.605, 0.61 , 0.6  , 0.41 , 0.61 , 0.61 , 0.41 , 0.57 , 0.61 ,
       0.41 , 0.41 , 0.485, 0.61 , 0.41 , 0.485, 0.605, 0.61 , 0.61 ,
       0.41 , 0.57 , 0.41 , 0.41 , 0.41 , 0.41 , 0.41 , 0.41 , 0.41 ,
       0.41 , 0.41 , 0.61 , 0.26 , 0.26 , 0.41 , 0.41 , 0.41 , 0.61 ,
       0.61 , 0.61 , 0.6  , 0.26 , 0.26 , 0.61 , 0.26 , 0.26 , 0.26 ,
       0.61 ])}

Job completed at Thu Mar 20 05:03:14 PM PDT 2025
