Starting job at Wed Mar 19 06:19:56 PM PDT 2025
Job parameters:
Dataset: data_cover_type
UQ Method: split_conformal_aps
Estimator: AdaBoost
Seed: 785
Train Size: 0.8
Running split_conformal_aps on data_cover_type with seed 785 and train size 0.8

starting experiment

data created

Fitting split_conformal_aps_AdaBoost on data_cover_type with seed 785

split_conformal_aps_AdaBoost metrics: {'coverage': np.float64(0.902), 'mean_width': np.float64(47.661), 'median_width': np.float64(61.0), 'mean_width_scaled': np.float64(0.47661000000000003), 'median_width_scaled': np.float64(0.61)}

split_conformal_aps_AdaBoost full metrics: {'coverage': np.float64(0.902), 'mean_width': np.float64(47.661), 'median_width': np.float64(61.0), 'mean_width_scaled': np.float64(0.47661000000000003), 'median_width_scaled': np.float64(0.61)}

split_conformal_aps_AdaBoost class metrics: {'class_coverage': array([1.  , 1.  , 0.95, 0.  , 1.  , 1.  , 1.  , 1.  , 1.  , 1.  , 1.  ,
       1.  , 1.  , 0.6 , 1.  , 1.  , 1.  , 1.  , 1.  , 0.95, 0.  , 1.  ,
       1.  , 0.  , 1.  , 1.  , 1.  , 0.85, 1.  , 1.  , 0.  , 0.75, 0.95,
       1.  , 1.  , 1.  , 1.  , 0.7 , 1.  , 1.  , 1.  , 0.75, 0.8 , 1.  ,
       1.  , 1.  , 0.95, 1.  , 1.  , 1.  , 0.9 , 1.  , 1.  , 1.  , 1.  ,
       1.  , 1.  , 0.6 , 0.8 , 1.  , 0.85, 0.75, 1.  , 1.  , 0.8 , 1.  ,
       1.  , 1.  , 1.  , 1.  , 1.  , 1.  , 1.  , 1.  , 1.  , 1.  , 1.  ,
       1.  , 1.  , 1.  , 1.  , 0.95, 1.  , 1.  , 1.  , 0.  , 1.  , 1.  ,
       1.  , 1.  , 1.  , 1.  , 1.  , 1.  , 0.  , 1.  , 0.9 , 0.7 , 0.7 ,
       1.  ]), 'class_mean_width': array([61.95, 61.55, 26.55, 22.8 , 61.8 , 32.55, 61.75, 61.8 , 59.9 ,
       61.75, 44.1 , 61.55, 61.8 , 51.4 , 61.75, 61.7 , 61.7 , 22.8 ,
       61.75, 60.45, 26.55, 61.65, 38.3 , 22.65, 61.8 , 55.55, 61.75,
       41.6 , 56.85, 22.85, 22.75, 55.45, 60.15, 55.55, 44.95, 37.9 ,
       41.55, 46.4 , 55.1 , 61.75, 36.75, 43.95, 56.45, 36.7 , 61.95,
       61.8 , 45.25, 36.65, 61.95, 47.55, 54.3 , 61.75, 36.6 , 57.9 ,
       42.3 , 61.7 , 44.2 , 47.85, 56.75, 61.8 , 40.6 , 55.35, 61.7 ,
       36.8 , 41.85, 52.6 , 61.75, 36.8 , 50.3 , 56.65, 61.8 , 61.75,
       36.9 , 55.35, 36.45, 36.9 , 36.7 , 36.7 , 36.7 , 36.65, 36.9 ,
       38.  , 36.9 , 61.8 , 36.1 , 22.85, 36.45, 36.7 , 36.75, 61.65,
       51.6 , 61.8 , 45.8 , 22.5 , 22.65, 61.95, 30.3 , 26.7 , 39.95,
       61.8 ]), 'class_median_width': array([62. , 62. , 23. , 23. , 62. , 23. , 62. , 62. , 62. , 62. , 61. ,
       62. , 62. , 61. , 62. , 62. , 62. , 23. , 62. , 62. , 23. , 62. ,
       23. , 23. , 62. , 62. , 62. , 37. , 62. , 23. , 23. , 62. , 62. ,
       62. , 37. , 37. , 37. , 37. , 61. , 62. , 37. , 37. , 62. , 37. ,
       62. , 62. , 37. , 37. , 62. , 37. , 62. , 62. , 37. , 62. , 42. ,
       62. , 60.5, 37. , 62. , 62. , 37. , 62. , 62. , 37. , 37. , 60. ,
       62. , 37. , 59.5, 62. , 62. , 62. , 37. , 61. , 36. , 37. , 37. ,
       37. , 37. , 37. , 37. , 37. , 37. , 62. , 23. , 23. , 36. , 37. ,
       37. , 62. , 61. , 62. , 60. , 22.5, 23. , 62. , 23. , 23. , 23. ,
       62. ]), 'class_mean_width_scaled': array([0.6195, 0.6155, 0.2655, 0.228 , 0.618 , 0.3255, 0.6175, 0.618 ,
       0.599 , 0.6175, 0.441 , 0.6155, 0.618 , 0.514 , 0.6175, 0.617 ,
       0.617 , 0.228 , 0.6175, 0.6045, 0.2655, 0.6165, 0.383 , 0.2265,
       0.618 , 0.5555, 0.6175, 0.416 , 0.5685, 0.2285, 0.2275, 0.5545,
       0.6015, 0.5555, 0.4495, 0.379 , 0.4155, 0.464 , 0.551 , 0.6175,
       0.3675, 0.4395, 0.5645, 0.367 , 0.6195, 0.618 , 0.4525, 0.3665,
       0.6195, 0.4755, 0.543 , 0.6175, 0.366 , 0.579 , 0.423 , 0.617 ,
       0.442 , 0.4785, 0.5675, 0.618 , 0.406 , 0.5535, 0.617 , 0.368 ,
       0.4185, 0.526 , 0.6175, 0.368 , 0.503 , 0.5665, 0.618 , 0.6175,
       0.369 , 0.5535, 0.3645, 0.369 , 0.367 , 0.367 , 0.367 , 0.3665,
       0.369 , 0.38  , 0.369 , 0.618 , 0.361 , 0.2285, 0.3645, 0.367 ,
       0.3675, 0.6165, 0.516 , 0.618 , 0.458 , 0.225 , 0.2265, 0.6195,
       0.303 , 0.267 , 0.3995, 0.618 ]), 'class_median_width_scaled': array([0.62 , 0.62 , 0.23 , 0.23 , 0.62 , 0.23 , 0.62 , 0.62 , 0.62 ,
       0.62 , 0.61 , 0.62 , 0.62 , 0.61 , 0.62 , 0.62 , 0.62 , 0.23 ,
       0.62 , 0.62 , 0.23 , 0.62 , 0.23 , 0.23 , 0.62 , 0.62 , 0.62 ,
       0.37 , 0.62 , 0.23 , 0.23 , 0.62 , 0.62 , 0.62 , 0.37 , 0.37 ,
       0.37 , 0.37 , 0.61 , 0.62 , 0.37 , 0.37 , 0.62 , 0.37 , 0.62 ,
       0.62 , 0.37 , 0.37 , 0.62 , 0.37 , 0.62 , 0.62 , 0.37 , 0.62 ,
       0.42 , 0.62 , 0.605, 0.37 , 0.62 , 0.62 , 0.37 , 0.62 , 0.62 ,
       0.37 , 0.37 , 0.6  , 0.62 , 0.37 , 0.595, 0.62 , 0.62 , 0.62 ,
       0.37 , 0.61 , 0.36 , 0.37 , 0.37 , 0.37 , 0.37 , 0.37 , 0.37 ,
       0.37 , 0.37 , 0.62 , 0.23 , 0.23 , 0.36 , 0.37 , 0.37 , 0.62 ,
       0.61 , 0.62 , 0.6  , 0.225, 0.23 , 0.62 , 0.23 , 0.23 , 0.23 ,
       0.62 ])}

split_conformal_aps_AdaBoost full class metrics: {'class_coverage': array([1.  , 1.  , 0.95, 0.  , 1.  , 1.  , 1.  , 1.  , 1.  , 1.  , 1.  ,
       1.  , 1.  , 0.6 , 1.  , 1.  , 1.  , 1.  , 1.  , 0.95, 0.  , 1.  ,
       1.  , 0.  , 1.  , 1.  , 1.  , 0.85, 1.  , 1.  , 0.  , 0.75, 0.95,
       1.  , 1.  , 1.  , 1.  , 0.7 , 1.  , 1.  , 1.  , 0.75, 0.8 , 1.  ,
       1.  , 1.  , 0.95, 1.  , 1.  , 1.  , 0.9 , 1.  , 1.  , 1.  , 1.  ,
       1.  , 1.  , 0.6 , 0.8 , 1.  , 0.85, 0.75, 1.  , 1.  , 0.8 , 1.  ,
       1.  , 1.  , 1.  , 1.  , 1.  , 1.  , 1.  , 1.  , 1.  , 1.  , 1.  ,
       1.  , 1.  , 1.  , 1.  , 0.95, 1.  , 1.  , 1.  , 0.  , 1.  , 1.  ,
       1.  , 1.  , 1.  , 1.  , 1.  , 1.  , 0.  , 1.  , 0.9 , 0.7 , 0.7 ,
       1.  ]), 'class_mean_width': array([61.95, 61.55, 26.55, 22.8 , 61.8 , 32.55, 61.75, 61.8 , 59.9 ,
       61.75, 44.1 , 61.55, 61.8 , 51.4 , 61.75, 61.7 , 61.7 , 22.8 ,
       61.75, 60.45, 26.55, 61.65, 38.3 , 22.65, 61.8 , 55.55, 61.75,
       41.6 , 56.85, 22.85, 22.75, 55.45, 60.15, 55.55, 44.95, 37.9 ,
       41.55, 46.4 , 55.1 , 61.75, 36.75, 43.95, 56.45, 36.7 , 61.95,
       61.8 , 45.25, 36.65, 61.95, 47.55, 54.3 , 61.75, 36.6 , 57.9 ,
       42.3 , 61.7 , 44.2 , 47.85, 56.75, 61.8 , 40.6 , 55.35, 61.7 ,
       36.8 , 41.85, 52.6 , 61.75, 36.8 , 50.3 , 56.65, 61.8 , 61.75,
       36.9 , 55.35, 36.45, 36.9 , 36.7 , 36.7 , 36.7 , 36.65, 36.9 ,
       38.  , 36.9 , 61.8 , 36.1 , 22.85, 36.45, 36.7 , 36.75, 61.65,
       51.6 , 61.8 , 45.8 , 22.5 , 22.65, 61.95, 30.3 , 26.7 , 39.95,
       61.8 ]), 'class_median_width': array([62. , 62. , 23. , 23. , 62. , 23. , 62. , 62. , 62. , 62. , 61. ,
       62. , 62. , 61. , 62. , 62. , 62. , 23. , 62. , 62. , 23. , 62. ,
       23. , 23. , 62. , 62. , 62. , 37. , 62. , 23. , 23. , 62. , 62. ,
       62. , 37. , 37. , 37. , 37. , 61. , 62. , 37. , 37. , 62. , 37. ,
       62. , 62. , 37. , 37. , 62. , 37. , 62. , 62. , 37. , 62. , 42. ,
       62. , 60.5, 37. , 62. , 62. , 37. , 62. , 62. , 37. , 37. , 60. ,
       62. , 37. , 59.5, 62. , 62. , 62. , 37. , 61. , 36. , 37. , 37. ,
       37. , 37. , 37. , 37. , 37. , 37. , 62. , 23. , 23. , 36. , 37. ,
       37. , 62. , 61. , 62. , 60. , 22.5, 23. , 62. , 23. , 23. , 23. ,
       62. ]), 'class_mean_width_scaled': array([0.6195, 0.6155, 0.2655, 0.228 , 0.618 , 0.3255, 0.6175, 0.618 ,
       0.599 , 0.6175, 0.441 , 0.6155, 0.618 , 0.514 , 0.6175, 0.617 ,
       0.617 , 0.228 , 0.6175, 0.6045, 0.2655, 0.6165, 0.383 , 0.2265,
       0.618 , 0.5555, 0.6175, 0.416 , 0.5685, 0.2285, 0.2275, 0.5545,
       0.6015, 0.5555, 0.4495, 0.379 , 0.4155, 0.464 , 0.551 , 0.6175,
       0.3675, 0.4395, 0.5645, 0.367 , 0.6195, 0.618 , 0.4525, 0.3665,
       0.6195, 0.4755, 0.543 , 0.6175, 0.366 , 0.579 , 0.423 , 0.617 ,
       0.442 , 0.4785, 0.5675, 0.618 , 0.406 , 0.5535, 0.617 , 0.368 ,
       0.4185, 0.526 , 0.6175, 0.368 , 0.503 , 0.5665, 0.618 , 0.6175,
       0.369 , 0.5535, 0.3645, 0.369 , 0.367 , 0.367 , 0.367 , 0.3665,
       0.369 , 0.38  , 0.369 , 0.618 , 0.361 , 0.2285, 0.3645, 0.367 ,
       0.3675, 0.6165, 0.516 , 0.618 , 0.458 , 0.225 , 0.2265, 0.6195,
       0.303 , 0.267 , 0.3995, 0.618 ]), 'class_median_width_scaled': array([0.62 , 0.62 , 0.23 , 0.23 , 0.62 , 0.23 , 0.62 , 0.62 , 0.62 ,
       0.62 , 0.61 , 0.62 , 0.62 , 0.61 , 0.62 , 0.62 , 0.62 , 0.23 ,
       0.62 , 0.62 , 0.23 , 0.62 , 0.23 , 0.23 , 0.62 , 0.62 , 0.62 ,
       0.37 , 0.62 , 0.23 , 0.23 , 0.62 , 0.62 , 0.62 , 0.37 , 0.37 ,
       0.37 , 0.37 , 0.61 , 0.62 , 0.37 , 0.37 , 0.62 , 0.37 , 0.62 ,
       0.62 , 0.37 , 0.37 , 0.62 , 0.37 , 0.62 , 0.62 , 0.37 , 0.62 ,
       0.42 , 0.62 , 0.605, 0.37 , 0.62 , 0.62 , 0.37 , 0.62 , 0.62 ,
       0.37 , 0.37 , 0.6  , 0.62 , 0.37 , 0.595, 0.62 , 0.62 , 0.62 ,
       0.37 , 0.61 , 0.36 , 0.37 , 0.37 , 0.37 , 0.37 , 0.37 , 0.37 ,
       0.37 , 0.37 , 0.62 , 0.23 , 0.23 , 0.36 , 0.37 , 0.37 , 0.62 ,
       0.61 , 0.62 , 0.6  , 0.225, 0.23 , 0.62 , 0.23 , 0.23 , 0.23 ,
       0.62 ])}

Job completed at Wed Mar 19 06:20:02 PM PDT 2025
