Starting job at Thu Mar 20 05:03:12 PM PDT 2025
Job parameters:
Dataset: data_cover_type
UQ Method: split_conformal_aps
Estimator: AdaBoost
Seed: 784
Train Size: 0.8
Running split_conformal_aps on data_cover_type with seed 784 and train size 0.8

starting experiment

data created

Fitting split_conformal_aps_AdaBoost on data_cover_type with seed 784

split_conformal_aps_AdaBoost metrics: {'coverage': np.float64(0.9025), 'mean_width': np.float64(66.7845), 'median_width': np.float64(68.0), 'mean_width_scaled': np.float64(0.6678449999999999), 'median_width_scaled': np.float64(0.68)}

split_conformal_aps_AdaBoost full metrics: {'coverage': np.float64(0.9025), 'mean_width': np.float64(66.7845), 'median_width': np.float64(68.0), 'mean_width_scaled': np.float64(0.6678449999999999), 'median_width_scaled': np.float64(0.68)}

split_conformal_aps_AdaBoost class metrics: {'class_coverage': array([1.  , 1.  , 1.  , 1.  , 1.  , 1.  , 1.  , 1.  , 1.  , 1.  , 1.  ,
       0.7 , 0.95, 1.  , 1.  , 1.  , 1.  , 1.  , 0.9 , 1.  , 1.  , 1.  ,
       1.  , 1.  , 1.  , 1.  , 1.  , 0.8 , 0.8 , 1.  , 1.  , 0.8 , 0.95,
       1.  , 1.  , 0.55, 0.85, 0.85, 0.9 , 1.  , 0.6 , 0.85, 1.  , 1.  ,
       1.  , 1.  , 1.  , 1.  , 1.  , 0.7 , 0.55, 1.  , 0.  , 1.  , 1.  ,
       1.  , 1.  , 1.  , 0.75, 1.  , 1.  , 1.  , 1.  , 1.  , 1.  , 1.  ,
       1.  , 1.  , 1.  , 1.  , 1.  , 1.  , 1.  , 1.  , 0.45, 0.8 , 0.2 ,
       0.15, 0.8 , 0.65, 0.2 , 0.7 , 0.75, 1.  , 1.  , 1.  , 0.2 , 1.  ,
       0.85, 1.  , 1.  , 1.  , 1.  , 1.  , 1.  , 1.  , 1.  , 1.  , 1.  ,
       1.  ]), 'class_mean_width': array([67.95, 67.95, 68.  , 68.  , 68.  , 68.  , 68.  , 68.  , 68.  ,
       68.  , 68.  , 57.5 , 76.8 , 78.85, 70.95, 68.  , 68.  , 68.  ,
       79.25, 80.95, 68.  , 68.  , 68.  , 68.  , 68.  , 68.  , 80.8 ,
       36.45, 60.75, 68.  , 68.  , 61.65, 74.95, 68.  , 82.9 , 48.6 ,
       46.55, 73.2 , 75.8 , 74.35, 54.1 , 72.3 , 77.85, 87.75, 73.85,
       70.  , 86.85, 87.75, 68.  , 26.65, 46.  , 80.8 ,  3.8 , 68.  ,
       68.  , 68.  , 68.  , 30.6 , 61.2 , 80.8 , 87.8 , 74.8 , 68.  ,
       87.75, 86.7 , 77.75, 68.  , 87.85, 83.7 , 75.8 , 68.  , 68.  ,
       87.75, 75.9 , 41.5 , 71.  , 20.35, 16.25, 71.1 , 58.4 , 20.4 ,
       62.6 , 66.55, 68.  , 68.  , 68.  , 20.4 , 87.65, 75.1 , 68.  ,
       68.  , 68.  , 68.  , 68.  , 68.  , 68.  , 68.  , 68.  , 68.  ,
       80.85]), 'class_median_width': array([68. , 68. , 68. , 68. , 68. , 68. , 68. , 68. , 68. , 68. , 68. ,
       80. , 81. , 87. , 68. , 68. , 68. , 68. , 80. , 81. , 68. , 68. ,
       68. , 68. , 68. , 68. , 81. ,  4. , 68. , 68. , 68. , 74. , 81. ,
       68. , 88. , 74. , 68. , 87. , 84. , 74. , 87. , 87.5, 80. , 88. ,
       68. , 68. , 88. , 88. , 68. ,  4. , 80. , 81. ,  4. , 68. , 68. ,
       68. , 68. ,  4. , 80. , 81. , 88. , 68. , 68. , 88. , 88. , 77.5,
       68. , 88. , 87.5, 68. , 68. , 68. , 88. , 68. ,  4. , 88. ,  4. ,
        4. , 88. , 87.5,  4. , 88. , 87. , 68. , 68. , 68. ,  4. , 88. ,
       88. , 68. , 68. , 68. , 68. , 68. , 68. , 68. , 68. , 68. , 68. ,
       81. ]), 'class_mean_width_scaled': array([0.6795, 0.6795, 0.68  , 0.68  , 0.68  , 0.68  , 0.68  , 0.68  ,
       0.68  , 0.68  , 0.68  , 0.575 , 0.768 , 0.7885, 0.7095, 0.68  ,
       0.68  , 0.68  , 0.7925, 0.8095, 0.68  , 0.68  , 0.68  , 0.68  ,
       0.68  , 0.68  , 0.808 , 0.3645, 0.6075, 0.68  , 0.68  , 0.6165,
       0.7495, 0.68  , 0.829 , 0.486 , 0.4655, 0.732 , 0.758 , 0.7435,
       0.541 , 0.723 , 0.7785, 0.8775, 0.7385, 0.7   , 0.8685, 0.8775,
       0.68  , 0.2665, 0.46  , 0.808 , 0.038 , 0.68  , 0.68  , 0.68  ,
       0.68  , 0.306 , 0.612 , 0.808 , 0.878 , 0.748 , 0.68  , 0.8775,
       0.867 , 0.7775, 0.68  , 0.8785, 0.837 , 0.758 , 0.68  , 0.68  ,
       0.8775, 0.759 , 0.415 , 0.71  , 0.2035, 0.1625, 0.711 , 0.584 ,
       0.204 , 0.626 , 0.6655, 0.68  , 0.68  , 0.68  , 0.204 , 0.8765,
       0.751 , 0.68  , 0.68  , 0.68  , 0.68  , 0.68  , 0.68  , 0.68  ,
       0.68  , 0.68  , 0.68  , 0.8085]), 'class_median_width_scaled': array([0.68 , 0.68 , 0.68 , 0.68 , 0.68 , 0.68 , 0.68 , 0.68 , 0.68 ,
       0.68 , 0.68 , 0.8  , 0.81 , 0.87 , 0.68 , 0.68 , 0.68 , 0.68 ,
       0.8  , 0.81 , 0.68 , 0.68 , 0.68 , 0.68 , 0.68 , 0.68 , 0.81 ,
       0.04 , 0.68 , 0.68 , 0.68 , 0.74 , 0.81 , 0.68 , 0.88 , 0.74 ,
       0.68 , 0.87 , 0.84 , 0.74 , 0.87 , 0.875, 0.8  , 0.88 , 0.68 ,
       0.68 , 0.88 , 0.88 , 0.68 , 0.04 , 0.8  , 0.81 , 0.04 , 0.68 ,
       0.68 , 0.68 , 0.68 , 0.04 , 0.8  , 0.81 , 0.88 , 0.68 , 0.68 ,
       0.88 , 0.88 , 0.775, 0.68 , 0.88 , 0.875, 0.68 , 0.68 , 0.68 ,
       0.88 , 0.68 , 0.04 , 0.88 , 0.04 , 0.04 , 0.88 , 0.875, 0.04 ,
       0.88 , 0.87 , 0.68 , 0.68 , 0.68 , 0.04 , 0.88 , 0.88 , 0.68 ,
       0.68 , 0.68 , 0.68 , 0.68 , 0.68 , 0.68 , 0.68 , 0.68 , 0.68 ,
       0.81 ])}

split_conformal_aps_AdaBoost full class metrics: {'class_coverage': array([1.  , 1.  , 1.  , 1.  , 1.  , 1.  , 1.  , 1.  , 1.  , 1.  , 1.  ,
       0.7 , 0.95, 1.  , 1.  , 1.  , 1.  , 1.  , 0.9 , 1.  , 1.  , 1.  ,
       1.  , 1.  , 1.  , 1.  , 1.  , 0.8 , 0.8 , 1.  , 1.  , 0.8 , 0.95,
       1.  , 1.  , 0.55, 0.85, 0.85, 0.9 , 1.  , 0.6 , 0.85, 1.  , 1.  ,
       1.  , 1.  , 1.  , 1.  , 1.  , 0.7 , 0.55, 1.  , 0.  , 1.  , 1.  ,
       1.  , 1.  , 1.  , 0.75, 1.  , 1.  , 1.  , 1.  , 1.  , 1.  , 1.  ,
       1.  , 1.  , 1.  , 1.  , 1.  , 1.  , 1.  , 1.  , 0.45, 0.8 , 0.2 ,
       0.15, 0.8 , 0.65, 0.2 , 0.7 , 0.75, 1.  , 1.  , 1.  , 0.2 , 1.  ,
       0.85, 1.  , 1.  , 1.  , 1.  , 1.  , 1.  , 1.  , 1.  , 1.  , 1.  ,
       1.  ]), 'class_mean_width': array([67.95, 67.95, 68.  , 68.  , 68.  , 68.  , 68.  , 68.  , 68.  ,
       68.  , 68.  , 57.5 , 76.8 , 78.85, 70.95, 68.  , 68.  , 68.  ,
       79.25, 80.95, 68.  , 68.  , 68.  , 68.  , 68.  , 68.  , 80.8 ,
       36.45, 60.75, 68.  , 68.  , 61.65, 74.95, 68.  , 82.9 , 48.6 ,
       46.55, 73.2 , 75.8 , 74.35, 54.1 , 72.3 , 77.85, 87.75, 73.85,
       70.  , 86.85, 87.75, 68.  , 26.65, 46.  , 80.8 ,  3.8 , 68.  ,
       68.  , 68.  , 68.  , 30.6 , 61.2 , 80.8 , 87.8 , 74.8 , 68.  ,
       87.75, 86.7 , 77.75, 68.  , 87.85, 83.7 , 75.8 , 68.  , 68.  ,
       87.75, 75.9 , 41.5 , 71.  , 20.35, 16.25, 71.1 , 58.4 , 20.4 ,
       62.6 , 66.55, 68.  , 68.  , 68.  , 20.4 , 87.65, 75.1 , 68.  ,
       68.  , 68.  , 68.  , 68.  , 68.  , 68.  , 68.  , 68.  , 68.  ,
       80.85]), 'class_median_width': array([68. , 68. , 68. , 68. , 68. , 68. , 68. , 68. , 68. , 68. , 68. ,
       80. , 81. , 87. , 68. , 68. , 68. , 68. , 80. , 81. , 68. , 68. ,
       68. , 68. , 68. , 68. , 81. ,  4. , 68. , 68. , 68. , 74. , 81. ,
       68. , 88. , 74. , 68. , 87. , 84. , 74. , 87. , 87.5, 80. , 88. ,
       68. , 68. , 88. , 88. , 68. ,  4. , 80. , 81. ,  4. , 68. , 68. ,
       68. , 68. ,  4. , 80. , 81. , 88. , 68. , 68. , 88. , 88. , 77.5,
       68. , 88. , 87.5, 68. , 68. , 68. , 88. , 68. ,  4. , 88. ,  4. ,
        4. , 88. , 87.5,  4. , 88. , 87. , 68. , 68. , 68. ,  4. , 88. ,
       88. , 68. , 68. , 68. , 68. , 68. , 68. , 68. , 68. , 68. , 68. ,
       81. ]), 'class_mean_width_scaled': array([0.6795, 0.6795, 0.68  , 0.68  , 0.68  , 0.68  , 0.68  , 0.68  ,
       0.68  , 0.68  , 0.68  , 0.575 , 0.768 , 0.7885, 0.7095, 0.68  ,
       0.68  , 0.68  , 0.7925, 0.8095, 0.68  , 0.68  , 0.68  , 0.68  ,
       0.68  , 0.68  , 0.808 , 0.3645, 0.6075, 0.68  , 0.68  , 0.6165,
       0.7495, 0.68  , 0.829 , 0.486 , 0.4655, 0.732 , 0.758 , 0.7435,
       0.541 , 0.723 , 0.7785, 0.8775, 0.7385, 0.7   , 0.8685, 0.8775,
       0.68  , 0.2665, 0.46  , 0.808 , 0.038 , 0.68  , 0.68  , 0.68  ,
       0.68  , 0.306 , 0.612 , 0.808 , 0.878 , 0.748 , 0.68  , 0.8775,
       0.867 , 0.7775, 0.68  , 0.8785, 0.837 , 0.758 , 0.68  , 0.68  ,
       0.8775, 0.759 , 0.415 , 0.71  , 0.2035, 0.1625, 0.711 , 0.584 ,
       0.204 , 0.626 , 0.6655, 0.68  , 0.68  , 0.68  , 0.204 , 0.8765,
       0.751 , 0.68  , 0.68  , 0.68  , 0.68  , 0.68  , 0.68  , 0.68  ,
       0.68  , 0.68  , 0.68  , 0.8085]), 'class_median_width_scaled': array([0.68 , 0.68 , 0.68 , 0.68 , 0.68 , 0.68 , 0.68 , 0.68 , 0.68 ,
       0.68 , 0.68 , 0.8  , 0.81 , 0.87 , 0.68 , 0.68 , 0.68 , 0.68 ,
       0.8  , 0.81 , 0.68 , 0.68 , 0.68 , 0.68 , 0.68 , 0.68 , 0.81 ,
       0.04 , 0.68 , 0.68 , 0.68 , 0.74 , 0.81 , 0.68 , 0.88 , 0.74 ,
       0.68 , 0.87 , 0.84 , 0.74 , 0.87 , 0.875, 0.8  , 0.88 , 0.68 ,
       0.68 , 0.88 , 0.88 , 0.68 , 0.04 , 0.8  , 0.81 , 0.04 , 0.68 ,
       0.68 , 0.68 , 0.68 , 0.04 , 0.8  , 0.81 , 0.88 , 0.68 , 0.68 ,
       0.88 , 0.88 , 0.775, 0.68 , 0.88 , 0.875, 0.68 , 0.68 , 0.68 ,
       0.88 , 0.68 , 0.04 , 0.88 , 0.04 , 0.04 , 0.88 , 0.875, 0.04 ,
       0.88 , 0.87 , 0.68 , 0.68 , 0.68 , 0.04 , 0.88 , 0.88 , 0.68 ,
       0.68 , 0.68 , 0.68 , 0.68 , 0.68 , 0.68 , 0.68 , 0.68 , 0.68 ,
       0.81 ])}

Job completed at Thu Mar 20 05:03:15 PM PDT 2025
