Starting job at Thu Mar 20 05:04:18 PM PDT 2025
Job parameters:
Dataset: data_chess
UQ Method: split_conformal_topk
Estimator: ExtraTrees
Seed: 778
Train Size: 0.8
Running split_conformal_topk on data_chess with seed 778 and train size 0.8

starting experiment

data created

Fitting split_conformal_topk_ExtraTrees on data_chess with seed 778

split_conformal_topk_ExtraTrees metrics: {'coverage': np.float64(0.9189237348538846), 'mean_width': np.float64(6.0), 'median_width': np.float64(6.0), 'mean_width_scaled': np.float64(0.3333333333333333), 'median_width_scaled': np.float64(0.3333333333333333)}

split_conformal_topk_ExtraTrees full metrics: {'coverage': np.float64(0.9189237348538846), 'mean_width': np.float64(6.0), 'median_width': np.float64(6.0), 'mean_width_scaled': np.float64(0.3333333333333333), 'median_width_scaled': np.float64(0.3333333333333333)}

split_conformal_topk_ExtraTrees class metrics: {'class_coverage': array([0.97853309, 0.83275261, 0.92469352, 0.99307159, 0.71276596,
       0.475     , 0.99560922, 0.76023392, 0.3125    , 0.53284672,
       0.72881356, 0.8974359 , 0.88161209, 0.98927294, 0.125     ,
       0.98333333, 0.73469388, 0.        ]), 'class_mean_width': array([6., 6., 6., 6., 6., 6., 6., 6., 6., 6., 6., 6., 6., 6., 6., 6., 6.,
       6.]), 'class_median_width': array([6., 6., 6., 6., 6., 6., 6., 6., 6., 6., 6., 6., 6., 6., 6., 6., 6.,
       6.]), 'class_mean_width_scaled': array([0.33333333, 0.33333333, 0.33333333, 0.33333333, 0.33333333,
       0.33333333, 0.33333333, 0.33333333, 0.33333333, 0.33333333,
       0.33333333, 0.33333333, 0.33333333, 0.33333333, 0.33333333,
       0.33333333, 0.33333333, 0.33333333]), 'class_median_width_scaled': array([0.33333333, 0.33333333, 0.33333333, 0.33333333, 0.33333333,
       0.33333333, 0.33333333, 0.33333333, 0.33333333, 0.33333333,
       0.33333333, 0.33333333, 0.33333333, 0.33333333, 0.33333333,
       0.33333333, 0.33333333, 0.33333333])}

split_conformal_topk_ExtraTrees full class metrics: {'class_coverage': array([0.97853309, 0.83275261, 0.92469352, 0.99307159, 0.71276596,
       0.475     , 0.99560922, 0.76023392, 0.3125    , 0.53284672,
       0.72881356, 0.8974359 , 0.88161209, 0.98927294, 0.125     ,
       0.98333333, 0.73469388, 0.        ]), 'class_mean_width': array([6., 6., 6., 6., 6., 6., 6., 6., 6., 6., 6., 6., 6., 6., 6., 6., 6.,
       6.]), 'class_median_width': array([6., 6., 6., 6., 6., 6., 6., 6., 6., 6., 6., 6., 6., 6., 6., 6., 6.,
       6.]), 'class_mean_width_scaled': array([0.33333333, 0.33333333, 0.33333333, 0.33333333, 0.33333333,
       0.33333333, 0.33333333, 0.33333333, 0.33333333, 0.33333333,
       0.33333333, 0.33333333, 0.33333333, 0.33333333, 0.33333333,
       0.33333333, 0.33333333, 0.33333333]), 'class_median_width_scaled': array([0.33333333, 0.33333333, 0.33333333, 0.33333333, 0.33333333,
       0.33333333, 0.33333333, 0.33333333, 0.33333333, 0.33333333,
       0.33333333, 0.33333333, 0.33333333, 0.33333333, 0.33333333,
       0.33333333, 0.33333333, 0.33333333])}

Job completed at Thu Mar 20 05:04:20 PM PDT 2025
