Starting job at Wed Mar 19 06:26:45 PM PDT 2025
Job parameters:
Dataset: data_isolet
UQ Method: split_conformal_naive
Estimator: ExtraTrees
Seed: 785
Train Size: 0.8
Running split_conformal_naive on data_isolet with seed 785 and train size 0.8

starting experiment

data created

Fitting split_conformal_naive_ExtraTrees on data_isolet with seed 785

split_conformal_naive_ExtraTrees metrics: {'coverage': np.float64(0.9987179487179487), 'mean_width': np.float64(5.687820512820513), 'median_width': np.float64(5.0), 'mean_width_scaled': np.float64(0.21876232741617357), 'median_width_scaled': np.float64(0.19230769230769232)}

split_conformal_naive_ExtraTrees full metrics: {'coverage': np.float64(0.9987179487179487), 'mean_width': np.float64(5.687820512820513), 'median_width': np.float64(5.0), 'mean_width_scaled': np.float64(0.21876232741617357), 'median_width_scaled': np.float64(0.19230769230769232)}

split_conformal_naive_ExtraTrees class metrics: {'class_coverage': array([1.        , 1.        , 1.        , 1.        , 1.        ,
       1.        , 1.        , 1.        , 1.        , 1.        ,
       1.        , 1.        , 0.98333333, 1.        , 1.        ,
       1.        , 1.        , 1.        , 1.        , 1.        ,
       1.        , 1.        , 0.98333333, 1.        , 1.        ,
       1.        ]), 'class_mean_width': array([7.6       , 6.51666667, 6.3       , 4.75      , 7.85      ,
       8.21666667, 4.53333333, 8.08333333, 6.11666667, 3.3       ,
       2.71666667, 6.03333333, 5.88333333, 6.46666667, 7.18333333,
       9.91666667, 3.76666667, 4.56666667, 4.06666667, 2.9       ,
       5.68333333, 6.08333333, 4.86666667, 5.86666667, 3.68333333,
       4.93333333]), 'class_median_width': array([ 7.,  6.,  6.,  4.,  8.,  8.,  4.,  8.,  5.,  3.,  2.,  6.,  6.,
        7.,  7., 10.,  3.,  4.,  4.,  2.,  5.,  5.,  4.,  5.,  3.,  5.]), 'class_mean_width_scaled': array([0.29230769, 0.25064103, 0.24230769, 0.18269231, 0.30192308,
       0.31602564, 0.17435897, 0.31089744, 0.23525641, 0.12692308,
       0.10448718, 0.23205128, 0.22628205, 0.24871795, 0.27628205,
       0.38141026, 0.14487179, 0.17564103, 0.15641026, 0.11153846,
       0.21858974, 0.23397436, 0.18717949, 0.22564103, 0.14166667,
       0.18974359]), 'class_median_width_scaled': array([0.26923077, 0.23076923, 0.23076923, 0.15384615, 0.30769231,
       0.30769231, 0.15384615, 0.30769231, 0.19230769, 0.11538462,
       0.07692308, 0.23076923, 0.23076923, 0.26923077, 0.26923077,
       0.38461538, 0.11538462, 0.15384615, 0.15384615, 0.07692308,
       0.19230769, 0.19230769, 0.15384615, 0.19230769, 0.11538462,
       0.19230769])}

split_conformal_naive_ExtraTrees full class metrics: {'class_coverage': array([1.        , 1.        , 1.        , 1.        , 1.        ,
       1.        , 1.        , 1.        , 1.        , 1.        ,
       1.        , 1.        , 0.98333333, 1.        , 1.        ,
       1.        , 1.        , 1.        , 1.        , 1.        ,
       1.        , 1.        , 0.98333333, 1.        , 1.        ,
       1.        ]), 'class_mean_width': array([7.6       , 6.51666667, 6.3       , 4.75      , 7.85      ,
       8.21666667, 4.53333333, 8.08333333, 6.11666667, 3.3       ,
       2.71666667, 6.03333333, 5.88333333, 6.46666667, 7.18333333,
       9.91666667, 3.76666667, 4.56666667, 4.06666667, 2.9       ,
       5.68333333, 6.08333333, 4.86666667, 5.86666667, 3.68333333,
       4.93333333]), 'class_median_width': array([ 7.,  6.,  6.,  4.,  8.,  8.,  4.,  8.,  5.,  3.,  2.,  6.,  6.,
        7.,  7., 10.,  3.,  4.,  4.,  2.,  5.,  5.,  4.,  5.,  3.,  5.]), 'class_mean_width_scaled': array([0.29230769, 0.25064103, 0.24230769, 0.18269231, 0.30192308,
       0.31602564, 0.17435897, 0.31089744, 0.23525641, 0.12692308,
       0.10448718, 0.23205128, 0.22628205, 0.24871795, 0.27628205,
       0.38141026, 0.14487179, 0.17564103, 0.15641026, 0.11153846,
       0.21858974, 0.23397436, 0.18717949, 0.22564103, 0.14166667,
       0.18974359]), 'class_median_width_scaled': array([0.26923077, 0.23076923, 0.23076923, 0.15384615, 0.30769231,
       0.30769231, 0.15384615, 0.30769231, 0.19230769, 0.11538462,
       0.07692308, 0.23076923, 0.23076923, 0.26923077, 0.26923077,
       0.38461538, 0.11538462, 0.15384615, 0.15384615, 0.07692308,
       0.19230769, 0.19230769, 0.15384615, 0.19230769, 0.11538462,
       0.19230769])}

Job completed at Wed Mar 19 06:26:51 PM PDT 2025
