Starting job at Wed Mar 19 06:24:44 PM PDT 2025
Job parameters:
Dataset: data_cover_type
UQ Method: split_conformal_naive
Estimator: RandomForest
Seed: 780
Train Size: 0.8
Running split_conformal_naive on data_cover_type with seed 780 and train size 0.8

starting experiment

data created

Fitting split_conformal_naive_RandomForest on data_cover_type with seed 780

split_conformal_naive_RandomForest metrics: {'coverage': np.float64(0.93), 'mean_width': np.float64(14.0485), 'median_width': np.float64(13.0), 'mean_width_scaled': np.float64(0.140485), 'median_width_scaled': np.float64(0.13)}

split_conformal_naive_RandomForest full metrics: {'coverage': np.float64(0.93), 'mean_width': np.float64(14.0485), 'median_width': np.float64(13.0), 'mean_width_scaled': np.float64(0.140485), 'median_width_scaled': np.float64(0.13)}

split_conformal_naive_RandomForest class metrics: {'class_coverage': array([1.  , 0.75, 0.75, 0.8 , 1.  , 0.9 , 1.  , 0.9 , 0.95, 0.9 , 0.65,
       1.  , 1.  , 0.85, 0.95, 0.95, 1.  , 0.95, 1.  , 1.  , 1.  , 0.9 ,
       0.95, 1.  , 1.  , 1.  , 1.  , 0.9 , 0.9 , 0.9 , 1.  , 0.95, 0.9 ,
       1.  , 1.  , 0.85, 0.95, 0.85, 0.85, 1.  , 0.85, 0.95, 0.9 , 1.  ,
       1.  , 1.  , 1.  , 1.  , 1.  , 0.8 , 0.85, 0.9 , 1.  , 0.95, 0.95,
       1.  , 0.9 , 0.95, 0.9 , 1.  , 0.8 , 0.8 , 1.  , 1.  , 0.95, 0.8 ,
       1.  , 1.  , 0.85, 0.55, 0.95, 1.  , 0.95, 0.95, 1.  , 1.  , 1.  ,
       0.8 , 1.  , 1.  , 0.85, 0.75, 0.8 , 0.9 , 0.95, 1.  , 0.95, 0.9 ,
       0.9 , 0.8 , 0.95, 0.95, 0.95, 0.95, 0.95, 1.  , 0.95, 1.  , 1.  ,
       1.  ]), 'class_mean_width': array([20.55, 19.9 , 14.65, 10.3 , 16.35, 16.4 , 15.5 , 19.4 , 16.85,
       18.75, 12.95,  9.8 , 12.4 , 22.1 , 18.1 , 14.  , 12.35, 13.2 ,
       11.95,  8.9 ,  9.2 , 18.25, 12.2 ,  7.75, 17.85, 12.8 ,  4.1 ,
       14.2 , 14.75,  8.8 ,  9.6 , 15.85, 11.  , 19.4 , 19.6 , 16.05,
       12.45, 17.75, 19.2 , 17.  , 12.65, 20.05, 18.7 ,  3.95,  6.  ,
       17.1 , 14.45,  8.1 ,  9.8 , 15.05, 15.35,  8.4 , 14.85, 18.45,
       16.85, 12.95, 16.4 , 14.4 , 13.6 ,  7.75, 17.35, 24.2 , 16.6 ,
       10.5 , 19.55, 22.  , 20.85, 10.15, 20.45, 19.4 , 17.2 , 13.15,
        9.45, 19.55,  7.1 , 11.8 ,  9.  , 13.2 , 10.5 , 14.55, 15.1 ,
       12.05, 19.8 , 12.9 , 14.4 ,  7.75, 10.65, 14.35, 10.55, 17.3 ,
       19.65, 14.2 , 15.65, 10.05,  8.55,  9.6 , 12.  , 10.55, 10.7 ,
        5.45]), 'class_median_width': array([23. , 16.5, 13. , 11. , 15. , 14. , 16. , 16.5, 16. , 17.5, 11. ,
        9.5, 11.5, 24.5, 16.5, 13. ,  9. , 11. , 11. ,  8. ,  8. , 16. ,
       10. ,  6.5, 16.5, 11.5,  3. , 12.5, 12. ,  9. ,  9. , 14. ,  9.5,
       17. , 22. , 14.5, 11. , 16. , 15. , 14. , 12.5, 21. , 15.5,  1.5,
        2. , 15.5, 12. ,  3. ,  8. , 13. , 14. ,  8.5, 14.5, 18. , 14.5,
       12.5, 15. , 14. , 14. ,  7.5, 15.5, 25. , 17. ,  8.5, 17. , 24.5,
       20. ,  9. , 18.5, 18. , 17.5, 10.5,  6.5, 19.5,  5. , 11.5,  8.5,
       13.5, 10. , 13. , 14. ,  9.5, 17. ,  9.5, 13. ,  7. , 10.5, 14.5,
       10. , 17. , 18. , 13.5, 13. , 10. ,  8.5,  8. , 11. ,  9.5,  9.5,
        5. ]), 'class_mean_width_scaled': array([0.2055, 0.199 , 0.1465, 0.103 , 0.1635, 0.164 , 0.155 , 0.194 ,
       0.1685, 0.1875, 0.1295, 0.098 , 0.124 , 0.221 , 0.181 , 0.14  ,
       0.1235, 0.132 , 0.1195, 0.089 , 0.092 , 0.1825, 0.122 , 0.0775,
       0.1785, 0.128 , 0.041 , 0.142 , 0.1475, 0.088 , 0.096 , 0.1585,
       0.11  , 0.194 , 0.196 , 0.1605, 0.1245, 0.1775, 0.192 , 0.17  ,
       0.1265, 0.2005, 0.187 , 0.0395, 0.06  , 0.171 , 0.1445, 0.081 ,
       0.098 , 0.1505, 0.1535, 0.084 , 0.1485, 0.1845, 0.1685, 0.1295,
       0.164 , 0.144 , 0.136 , 0.0775, 0.1735, 0.242 , 0.166 , 0.105 ,
       0.1955, 0.22  , 0.2085, 0.1015, 0.2045, 0.194 , 0.172 , 0.1315,
       0.0945, 0.1955, 0.071 , 0.118 , 0.09  , 0.132 , 0.105 , 0.1455,
       0.151 , 0.1205, 0.198 , 0.129 , 0.144 , 0.0775, 0.1065, 0.1435,
       0.1055, 0.173 , 0.1965, 0.142 , 0.1565, 0.1005, 0.0855, 0.096 ,
       0.12  , 0.1055, 0.107 , 0.0545]), 'class_median_width_scaled': array([0.23 , 0.165, 0.13 , 0.11 , 0.15 , 0.14 , 0.16 , 0.165, 0.16 ,
       0.175, 0.11 , 0.095, 0.115, 0.245, 0.165, 0.13 , 0.09 , 0.11 ,
       0.11 , 0.08 , 0.08 , 0.16 , 0.1  , 0.065, 0.165, 0.115, 0.03 ,
       0.125, 0.12 , 0.09 , 0.09 , 0.14 , 0.095, 0.17 , 0.22 , 0.145,
       0.11 , 0.16 , 0.15 , 0.14 , 0.125, 0.21 , 0.155, 0.015, 0.02 ,
       0.155, 0.12 , 0.03 , 0.08 , 0.13 , 0.14 , 0.085, 0.145, 0.18 ,
       0.145, 0.125, 0.15 , 0.14 , 0.14 , 0.075, 0.155, 0.25 , 0.17 ,
       0.085, 0.17 , 0.245, 0.2  , 0.09 , 0.185, 0.18 , 0.175, 0.105,
       0.065, 0.195, 0.05 , 0.115, 0.085, 0.135, 0.1  , 0.13 , 0.14 ,
       0.095, 0.17 , 0.095, 0.13 , 0.07 , 0.105, 0.145, 0.1  , 0.17 ,
       0.18 , 0.135, 0.13 , 0.1  , 0.085, 0.08 , 0.11 , 0.095, 0.095,
       0.05 ])}

split_conformal_naive_RandomForest full class metrics: {'class_coverage': array([1.  , 0.75, 0.75, 0.8 , 1.  , 0.9 , 1.  , 0.9 , 0.95, 0.9 , 0.65,
       1.  , 1.  , 0.85, 0.95, 0.95, 1.  , 0.95, 1.  , 1.  , 1.  , 0.9 ,
       0.95, 1.  , 1.  , 1.  , 1.  , 0.9 , 0.9 , 0.9 , 1.  , 0.95, 0.9 ,
       1.  , 1.  , 0.85, 0.95, 0.85, 0.85, 1.  , 0.85, 0.95, 0.9 , 1.  ,
       1.  , 1.  , 1.  , 1.  , 1.  , 0.8 , 0.85, 0.9 , 1.  , 0.95, 0.95,
       1.  , 0.9 , 0.95, 0.9 , 1.  , 0.8 , 0.8 , 1.  , 1.  , 0.95, 0.8 ,
       1.  , 1.  , 0.85, 0.55, 0.95, 1.  , 0.95, 0.95, 1.  , 1.  , 1.  ,
       0.8 , 1.  , 1.  , 0.85, 0.75, 0.8 , 0.9 , 0.95, 1.  , 0.95, 0.9 ,
       0.9 , 0.8 , 0.95, 0.95, 0.95, 0.95, 0.95, 1.  , 0.95, 1.  , 1.  ,
       1.  ]), 'class_mean_width': array([20.55, 19.9 , 14.65, 10.3 , 16.35, 16.4 , 15.5 , 19.4 , 16.85,
       18.75, 12.95,  9.8 , 12.4 , 22.1 , 18.1 , 14.  , 12.35, 13.2 ,
       11.95,  8.9 ,  9.2 , 18.25, 12.2 ,  7.75, 17.85, 12.8 ,  4.1 ,
       14.2 , 14.75,  8.8 ,  9.6 , 15.85, 11.  , 19.4 , 19.6 , 16.05,
       12.45, 17.75, 19.2 , 17.  , 12.65, 20.05, 18.7 ,  3.95,  6.  ,
       17.1 , 14.45,  8.1 ,  9.8 , 15.05, 15.35,  8.4 , 14.85, 18.45,
       16.85, 12.95, 16.4 , 14.4 , 13.6 ,  7.75, 17.35, 24.2 , 16.6 ,
       10.5 , 19.55, 22.  , 20.85, 10.15, 20.45, 19.4 , 17.2 , 13.15,
        9.45, 19.55,  7.1 , 11.8 ,  9.  , 13.2 , 10.5 , 14.55, 15.1 ,
       12.05, 19.8 , 12.9 , 14.4 ,  7.75, 10.65, 14.35, 10.55, 17.3 ,
       19.65, 14.2 , 15.65, 10.05,  8.55,  9.6 , 12.  , 10.55, 10.7 ,
        5.45]), 'class_median_width': array([23. , 16.5, 13. , 11. , 15. , 14. , 16. , 16.5, 16. , 17.5, 11. ,
        9.5, 11.5, 24.5, 16.5, 13. ,  9. , 11. , 11. ,  8. ,  8. , 16. ,
       10. ,  6.5, 16.5, 11.5,  3. , 12.5, 12. ,  9. ,  9. , 14. ,  9.5,
       17. , 22. , 14.5, 11. , 16. , 15. , 14. , 12.5, 21. , 15.5,  1.5,
        2. , 15.5, 12. ,  3. ,  8. , 13. , 14. ,  8.5, 14.5, 18. , 14.5,
       12.5, 15. , 14. , 14. ,  7.5, 15.5, 25. , 17. ,  8.5, 17. , 24.5,
       20. ,  9. , 18.5, 18. , 17.5, 10.5,  6.5, 19.5,  5. , 11.5,  8.5,
       13.5, 10. , 13. , 14. ,  9.5, 17. ,  9.5, 13. ,  7. , 10.5, 14.5,
       10. , 17. , 18. , 13.5, 13. , 10. ,  8.5,  8. , 11. ,  9.5,  9.5,
        5. ]), 'class_mean_width_scaled': array([0.2055, 0.199 , 0.1465, 0.103 , 0.1635, 0.164 , 0.155 , 0.194 ,
       0.1685, 0.1875, 0.1295, 0.098 , 0.124 , 0.221 , 0.181 , 0.14  ,
       0.1235, 0.132 , 0.1195, 0.089 , 0.092 , 0.1825, 0.122 , 0.0775,
       0.1785, 0.128 , 0.041 , 0.142 , 0.1475, 0.088 , 0.096 , 0.1585,
       0.11  , 0.194 , 0.196 , 0.1605, 0.1245, 0.1775, 0.192 , 0.17  ,
       0.1265, 0.2005, 0.187 , 0.0395, 0.06  , 0.171 , 0.1445, 0.081 ,
       0.098 , 0.1505, 0.1535, 0.084 , 0.1485, 0.1845, 0.1685, 0.1295,
       0.164 , 0.144 , 0.136 , 0.0775, 0.1735, 0.242 , 0.166 , 0.105 ,
       0.1955, 0.22  , 0.2085, 0.1015, 0.2045, 0.194 , 0.172 , 0.1315,
       0.0945, 0.1955, 0.071 , 0.118 , 0.09  , 0.132 , 0.105 , 0.1455,
       0.151 , 0.1205, 0.198 , 0.129 , 0.144 , 0.0775, 0.1065, 0.1435,
       0.1055, 0.173 , 0.1965, 0.142 , 0.1565, 0.1005, 0.0855, 0.096 ,
       0.12  , 0.1055, 0.107 , 0.0545]), 'class_median_width_scaled': array([0.23 , 0.165, 0.13 , 0.11 , 0.15 , 0.14 , 0.16 , 0.165, 0.16 ,
       0.175, 0.11 , 0.095, 0.115, 0.245, 0.165, 0.13 , 0.09 , 0.11 ,
       0.11 , 0.08 , 0.08 , 0.16 , 0.1  , 0.065, 0.165, 0.115, 0.03 ,
       0.125, 0.12 , 0.09 , 0.09 , 0.14 , 0.095, 0.17 , 0.22 , 0.145,
       0.11 , 0.16 , 0.15 , 0.14 , 0.125, 0.21 , 0.155, 0.015, 0.02 ,
       0.155, 0.12 , 0.03 , 0.08 , 0.13 , 0.14 , 0.085, 0.145, 0.18 ,
       0.145, 0.125, 0.15 , 0.14 , 0.14 , 0.075, 0.155, 0.25 , 0.17 ,
       0.085, 0.17 , 0.245, 0.2  , 0.09 , 0.185, 0.18 , 0.175, 0.105,
       0.065, 0.195, 0.05 , 0.115, 0.085, 0.135, 0.1  , 0.13 , 0.14 ,
       0.095, 0.17 , 0.095, 0.13 , 0.07 , 0.105, 0.145, 0.1  , 0.17 ,
       0.18 , 0.135, 0.13 , 0.1  , 0.085, 0.08 , 0.11 , 0.095, 0.095,
       0.05 ])}

Job completed at Wed Mar 19 06:24:47 PM PDT 2025
