Starting job at Wed Mar 19 06:24:42 PM PDT 2025
Job parameters:
Dataset: data_cover_type
UQ Method: split_conformal_naive
Estimator: RandomForest
Seed: 778
Train Size: 0.8
Running split_conformal_naive on data_cover_type with seed 778 and train size 0.8

starting experiment

data created

Fitting split_conformal_naive_RandomForest on data_cover_type with seed 778

split_conformal_naive_RandomForest metrics: {'coverage': np.float64(0.929), 'mean_width': np.float64(14.4395), 'median_width': np.float64(13.0), 'mean_width_scaled': np.float64(0.144395), 'median_width_scaled': np.float64(0.13)}

split_conformal_naive_RandomForest full metrics: {'coverage': np.float64(0.929), 'mean_width': np.float64(14.4395), 'median_width': np.float64(13.0), 'mean_width_scaled': np.float64(0.144395), 'median_width_scaled': np.float64(0.13)}

split_conformal_naive_RandomForest class metrics: {'class_coverage': array([1.  , 0.8 , 0.8 , 0.95, 0.9 , 0.85, 1.  , 0.9 , 0.9 , 1.  , 0.95,
       1.  , 0.9 , 0.9 , 0.85, 0.95, 1.  , 1.  , 0.95, 1.  , 1.  , 1.  ,
       1.  , 1.  , 0.95, 1.  , 1.  , 0.8 , 0.95, 0.65, 1.  , 0.95, 0.85,
       1.  , 0.95, 0.85, 0.85, 0.85, 0.85, 0.95, 1.  , 0.8 , 0.95, 1.  ,
       1.  , 1.  , 1.  , 1.  , 1.  , 1.  , 0.85, 0.9 , 1.  , 0.8 , 0.85,
       1.  , 0.8 , 1.  , 1.  , 0.95, 0.8 , 0.6 , 1.  , 1.  , 0.95, 0.9 ,
       1.  , 0.95, 0.85, 0.85, 0.95, 1.  , 1.  , 0.95, 1.  , 0.95, 1.  ,
       0.85, 1.  , 0.95, 0.8 , 1.  , 0.7 , 0.95, 0.95, 0.95, 0.95, 1.  ,
       0.95, 0.85, 0.85, 0.95, 0.9 , 0.85, 1.  , 1.  , 0.85, 1.  , 0.9 ,
       1.  ]), 'class_mean_width': array([17.3 , 20.1 , 14.15,  8.7 , 15.45, 13.8 , 14.75, 20.1 , 17.1 ,
       17.35, 15.1 ,  9.6 , 12.35, 20.2 , 17.6 , 14.05, 15.55, 11.45,
       13.25, 10.75, 12.9 , 19.9 , 11.  ,  6.95, 18.6 , 15.5 ,  2.75,
       13.85, 18.05, 10.05,  8.7 , 16.4 , 16.05, 15.25, 16.6 , 18.55,
       15.45, 20.25, 18.7 , 17.35, 12.2 , 23.35, 16.65,  4.  ,  7.35,
       16.9 , 18.4 ,  9.9 ,  8.55, 16.95, 16.45,  6.35, 13.  , 19.8 ,
       20.1 , 13.85, 15.15, 17.95, 16.6 ,  8.55, 24.85, 19.5 , 17.2 ,
       14.65, 22.05, 22.9 , 20.75,  9.9 , 21.2 , 19.8 , 19.55, 10.45,
        4.75, 18.3 , 10.4 , 13.65, 10.2 , 13.3 , 12.45, 14.65, 15.6 ,
       10.5 , 16.5 , 16.9 , 13.65,  7.95, 12.1 , 11.45, 12.15, 14.25,
       16.9 , 15.75, 16.  ,  9.15,  9.1 , 11.45, 12.  ,  9.45, 11.45,
        7.55]), 'class_median_width': array([19. , 18. , 13.5,  9. , 13.5, 12. , 11. , 17.5, 17. , 17. , 11. ,
       10. , 12. , 18.5, 17. , 10.5, 12.5,  9.5, 12.5, 10. , 11.5, 19. ,
        9.5,  6.5, 17.5, 12.5,  3. , 11.5, 15. , 12. ,  8.5, 14. , 15. ,
       15.5, 13.5, 16. , 14.5, 17.5, 16. , 14.5, 13. , 25.5, 14.5,  3. ,
        6. , 14. , 21. ,  5.5,  6.5, 16. , 14. ,  6. , 12.5, 20. , 19. ,
       11.5, 12.5, 16. , 14. ,  6.5, 27. , 16. , 14.5, 11.5, 20.5, 21.5,
       23.5, 10.5, 20. , 18.5, 22. ,  7.5,  4. , 19. ,  8.5, 13. ,  8.5,
       11. , 12. , 14. , 14. ,  9. , 15.5, 18. , 12. ,  7.5, 10.5,  9.5,
       11.5, 12.5, 14.5, 13.5, 15. ,  8.5,  9. , 10. , 11. ,  8.5,  9.5,
        6.5]), 'class_mean_width_scaled': array([0.173 , 0.201 , 0.1415, 0.087 , 0.1545, 0.138 , 0.1475, 0.201 ,
       0.171 , 0.1735, 0.151 , 0.096 , 0.1235, 0.202 , 0.176 , 0.1405,
       0.1555, 0.1145, 0.1325, 0.1075, 0.129 , 0.199 , 0.11  , 0.0695,
       0.186 , 0.155 , 0.0275, 0.1385, 0.1805, 0.1005, 0.087 , 0.164 ,
       0.1605, 0.1525, 0.166 , 0.1855, 0.1545, 0.2025, 0.187 , 0.1735,
       0.122 , 0.2335, 0.1665, 0.04  , 0.0735, 0.169 , 0.184 , 0.099 ,
       0.0855, 0.1695, 0.1645, 0.0635, 0.13  , 0.198 , 0.201 , 0.1385,
       0.1515, 0.1795, 0.166 , 0.0855, 0.2485, 0.195 , 0.172 , 0.1465,
       0.2205, 0.229 , 0.2075, 0.099 , 0.212 , 0.198 , 0.1955, 0.1045,
       0.0475, 0.183 , 0.104 , 0.1365, 0.102 , 0.133 , 0.1245, 0.1465,
       0.156 , 0.105 , 0.165 , 0.169 , 0.1365, 0.0795, 0.121 , 0.1145,
       0.1215, 0.1425, 0.169 , 0.1575, 0.16  , 0.0915, 0.091 , 0.1145,
       0.12  , 0.0945, 0.1145, 0.0755]), 'class_median_width_scaled': array([0.19 , 0.18 , 0.135, 0.09 , 0.135, 0.12 , 0.11 , 0.175, 0.17 ,
       0.17 , 0.11 , 0.1  , 0.12 , 0.185, 0.17 , 0.105, 0.125, 0.095,
       0.125, 0.1  , 0.115, 0.19 , 0.095, 0.065, 0.175, 0.125, 0.03 ,
       0.115, 0.15 , 0.12 , 0.085, 0.14 , 0.15 , 0.155, 0.135, 0.16 ,
       0.145, 0.175, 0.16 , 0.145, 0.13 , 0.255, 0.145, 0.03 , 0.06 ,
       0.14 , 0.21 , 0.055, 0.065, 0.16 , 0.14 , 0.06 , 0.125, 0.2  ,
       0.19 , 0.115, 0.125, 0.16 , 0.14 , 0.065, 0.27 , 0.16 , 0.145,
       0.115, 0.205, 0.215, 0.235, 0.105, 0.2  , 0.185, 0.22 , 0.075,
       0.04 , 0.19 , 0.085, 0.13 , 0.085, 0.11 , 0.12 , 0.14 , 0.14 ,
       0.09 , 0.155, 0.18 , 0.12 , 0.075, 0.105, 0.095, 0.115, 0.125,
       0.145, 0.135, 0.15 , 0.085, 0.09 , 0.1  , 0.11 , 0.085, 0.095,
       0.065])}

split_conformal_naive_RandomForest full class metrics: {'class_coverage': array([1.  , 0.8 , 0.8 , 0.95, 0.9 , 0.85, 1.  , 0.9 , 0.9 , 1.  , 0.95,
       1.  , 0.9 , 0.9 , 0.85, 0.95, 1.  , 1.  , 0.95, 1.  , 1.  , 1.  ,
       1.  , 1.  , 0.95, 1.  , 1.  , 0.8 , 0.95, 0.65, 1.  , 0.95, 0.85,
       1.  , 0.95, 0.85, 0.85, 0.85, 0.85, 0.95, 1.  , 0.8 , 0.95, 1.  ,
       1.  , 1.  , 1.  , 1.  , 1.  , 1.  , 0.85, 0.9 , 1.  , 0.8 , 0.85,
       1.  , 0.8 , 1.  , 1.  , 0.95, 0.8 , 0.6 , 1.  , 1.  , 0.95, 0.9 ,
       1.  , 0.95, 0.85, 0.85, 0.95, 1.  , 1.  , 0.95, 1.  , 0.95, 1.  ,
       0.85, 1.  , 0.95, 0.8 , 1.  , 0.7 , 0.95, 0.95, 0.95, 0.95, 1.  ,
       0.95, 0.85, 0.85, 0.95, 0.9 , 0.85, 1.  , 1.  , 0.85, 1.  , 0.9 ,
       1.  ]), 'class_mean_width': array([17.3 , 20.1 , 14.15,  8.7 , 15.45, 13.8 , 14.75, 20.1 , 17.1 ,
       17.35, 15.1 ,  9.6 , 12.35, 20.2 , 17.6 , 14.05, 15.55, 11.45,
       13.25, 10.75, 12.9 , 19.9 , 11.  ,  6.95, 18.6 , 15.5 ,  2.75,
       13.85, 18.05, 10.05,  8.7 , 16.4 , 16.05, 15.25, 16.6 , 18.55,
       15.45, 20.25, 18.7 , 17.35, 12.2 , 23.35, 16.65,  4.  ,  7.35,
       16.9 , 18.4 ,  9.9 ,  8.55, 16.95, 16.45,  6.35, 13.  , 19.8 ,
       20.1 , 13.85, 15.15, 17.95, 16.6 ,  8.55, 24.85, 19.5 , 17.2 ,
       14.65, 22.05, 22.9 , 20.75,  9.9 , 21.2 , 19.8 , 19.55, 10.45,
        4.75, 18.3 , 10.4 , 13.65, 10.2 , 13.3 , 12.45, 14.65, 15.6 ,
       10.5 , 16.5 , 16.9 , 13.65,  7.95, 12.1 , 11.45, 12.15, 14.25,
       16.9 , 15.75, 16.  ,  9.15,  9.1 , 11.45, 12.  ,  9.45, 11.45,
        7.55]), 'class_median_width': array([19. , 18. , 13.5,  9. , 13.5, 12. , 11. , 17.5, 17. , 17. , 11. ,
       10. , 12. , 18.5, 17. , 10.5, 12.5,  9.5, 12.5, 10. , 11.5, 19. ,
        9.5,  6.5, 17.5, 12.5,  3. , 11.5, 15. , 12. ,  8.5, 14. , 15. ,
       15.5, 13.5, 16. , 14.5, 17.5, 16. , 14.5, 13. , 25.5, 14.5,  3. ,
        6. , 14. , 21. ,  5.5,  6.5, 16. , 14. ,  6. , 12.5, 20. , 19. ,
       11.5, 12.5, 16. , 14. ,  6.5, 27. , 16. , 14.5, 11.5, 20.5, 21.5,
       23.5, 10.5, 20. , 18.5, 22. ,  7.5,  4. , 19. ,  8.5, 13. ,  8.5,
       11. , 12. , 14. , 14. ,  9. , 15.5, 18. , 12. ,  7.5, 10.5,  9.5,
       11.5, 12.5, 14.5, 13.5, 15. ,  8.5,  9. , 10. , 11. ,  8.5,  9.5,
        6.5]), 'class_mean_width_scaled': array([0.173 , 0.201 , 0.1415, 0.087 , 0.1545, 0.138 , 0.1475, 0.201 ,
       0.171 , 0.1735, 0.151 , 0.096 , 0.1235, 0.202 , 0.176 , 0.1405,
       0.1555, 0.1145, 0.1325, 0.1075, 0.129 , 0.199 , 0.11  , 0.0695,
       0.186 , 0.155 , 0.0275, 0.1385, 0.1805, 0.1005, 0.087 , 0.164 ,
       0.1605, 0.1525, 0.166 , 0.1855, 0.1545, 0.2025, 0.187 , 0.1735,
       0.122 , 0.2335, 0.1665, 0.04  , 0.0735, 0.169 , 0.184 , 0.099 ,
       0.0855, 0.1695, 0.1645, 0.0635, 0.13  , 0.198 , 0.201 , 0.1385,
       0.1515, 0.1795, 0.166 , 0.0855, 0.2485, 0.195 , 0.172 , 0.1465,
       0.2205, 0.229 , 0.2075, 0.099 , 0.212 , 0.198 , 0.1955, 0.1045,
       0.0475, 0.183 , 0.104 , 0.1365, 0.102 , 0.133 , 0.1245, 0.1465,
       0.156 , 0.105 , 0.165 , 0.169 , 0.1365, 0.0795, 0.121 , 0.1145,
       0.1215, 0.1425, 0.169 , 0.1575, 0.16  , 0.0915, 0.091 , 0.1145,
       0.12  , 0.0945, 0.1145, 0.0755]), 'class_median_width_scaled': array([0.19 , 0.18 , 0.135, 0.09 , 0.135, 0.12 , 0.11 , 0.175, 0.17 ,
       0.17 , 0.11 , 0.1  , 0.12 , 0.185, 0.17 , 0.105, 0.125, 0.095,
       0.125, 0.1  , 0.115, 0.19 , 0.095, 0.065, 0.175, 0.125, 0.03 ,
       0.115, 0.15 , 0.12 , 0.085, 0.14 , 0.15 , 0.155, 0.135, 0.16 ,
       0.145, 0.175, 0.16 , 0.145, 0.13 , 0.255, 0.145, 0.03 , 0.06 ,
       0.14 , 0.21 , 0.055, 0.065, 0.16 , 0.14 , 0.06 , 0.125, 0.2  ,
       0.19 , 0.115, 0.125, 0.16 , 0.14 , 0.065, 0.27 , 0.16 , 0.145,
       0.115, 0.205, 0.215, 0.235, 0.105, 0.2  , 0.185, 0.22 , 0.075,
       0.04 , 0.19 , 0.085, 0.13 , 0.085, 0.11 , 0.12 , 0.14 , 0.14 ,
       0.09 , 0.155, 0.18 , 0.12 , 0.075, 0.105, 0.095, 0.115, 0.125,
       0.145, 0.135, 0.15 , 0.085, 0.09 , 0.1  , 0.11 , 0.085, 0.095,
       0.065])}

Job completed at Wed Mar 19 06:24:44 PM PDT 2025
