Starting job at Wed Mar 19 06:24:49 PM PDT 2025
Job parameters:
Dataset: data_cover_type
UQ Method: split_conformal_naive
Estimator: RandomForest
Seed: 783
Train Size: 0.8
Running split_conformal_naive on data_cover_type with seed 783 and train size 0.8

starting experiment

data created

Fitting split_conformal_naive_RandomForest on data_cover_type with seed 783

split_conformal_naive_RandomForest metrics: {'coverage': np.float64(0.9215), 'mean_width': np.float64(14.0745), 'median_width': np.float64(13.0), 'mean_width_scaled': np.float64(0.140745), 'median_width_scaled': np.float64(0.13)}

split_conformal_naive_RandomForest full metrics: {'coverage': np.float64(0.9215), 'mean_width': np.float64(14.0745), 'median_width': np.float64(13.0), 'mean_width_scaled': np.float64(0.140745), 'median_width_scaled': np.float64(0.13)}

split_conformal_naive_RandomForest class metrics: {'class_coverage': array([0.95, 0.8 , 0.9 , 0.95, 0.95, 0.65, 1.  , 0.8 , 0.95, 0.95, 0.85,
       1.  , 1.  , 1.  , 0.7 , 0.95, 1.  , 0.95, 0.9 , 0.9 , 1.  , 0.95,
       0.95, 1.  , 0.95, 1.  , 1.  , 0.95, 0.85, 1.  , 1.  , 0.9 , 1.  ,
       1.  , 1.  , 0.7 , 0.7 , 0.75, 0.85, 0.9 , 0.9 , 0.95, 0.65, 1.  ,
       1.  , 1.  , 1.  , 1.  , 0.95, 0.95, 0.95, 0.95, 1.  , 0.9 , 0.8 ,
       1.  , 0.85, 0.9 , 0.85, 1.  , 0.85, 0.9 , 1.  , 1.  , 0.9 , 0.9 ,
       1.  , 0.95, 0.8 , 0.75, 0.85, 0.95, 1.  , 0.8 , 1.  , 1.  , 1.  ,
       0.85, 1.  , 0.95, 0.85, 0.95, 0.9 , 1.  , 0.95, 1.  , 0.8 , 1.  ,
       0.85, 0.85, 0.8 , 1.  , 0.75, 0.95, 1.  , 1.  , 0.95, 1.  , 0.9 ,
       1.  ]), 'class_mean_width': array([19.95, 24.2 , 14.1 , 10.25, 17.2 , 15.7 , 14.95, 19.75, 20.05,
       15.75, 14.  ,  9.75, 11.75, 18.9 , 17.65, 14.1 , 16.65, 10.15,
       12.  , 10.35, 10.95, 15.5 , 11.55,  6.  , 14.  , 15.1 ,  4.2 ,
       14.5 , 16.3 , 10.7 , 10.4 , 15.95, 14.3 , 16.15, 14.4 , 16.8 ,
       14.9 , 18.65, 17.35, 14.  , 13.3 , 22.6 , 21.7 ,  4.45, 13.95,
       16.4 , 15.1 ,  8.85, 10.95, 16.45, 14.75,  8.  , 14.25, 16.05,
       19.25, 13.4 , 18.95, 15.55, 14.5 ,  6.4 , 20.3 , 23.65, 13.9 ,
       10.6 , 16.6 , 23.65, 20.75,  9.2 , 20.2 , 21.9 , 19.1 ,  8.8 ,
        8.15, 17.1 ,  9.25, 12.3 ,  8.  , 11.25,  9.55, 11.4 , 16.4 ,
        9.7 , 14.6 , 18.1 , 12.15,  7.3 , 12.45,  8.5 , 15.3 , 17.65,
       18.45, 12.8 , 18.  ,  8.75,  6.5 , 11.1 , 12.9 ,  9.55, 12.05,
        5.8 ]), 'class_median_width': array([20.5, 26. , 13. ,  9. , 15. , 14. , 13.5, 19.5, 20.5, 14.5, 13. ,
        9. , 11.5, 17. , 15. , 11. , 16.5,  9.5, 11.5,  8.5, 11. , 14. ,
       11. ,  5. , 12. , 13.5,  4. , 12.5, 12. , 11.5,  9.5, 15. , 12. ,
       15. , 10.5, 14.5, 14. , 15. , 16. , 14. , 13. , 23.5, 19.5,  3. ,
       11. , 15.5, 14.5,  5. ,  8.5, 14.5, 13.5,  7. , 13.5, 15. , 17. ,
       13. , 15. , 15. , 13.5,  5. , 21. , 25. , 13. ,  8. , 15. , 25. ,
       23.5, 10.5, 17.5, 19.5, 17. ,  7.5,  5. , 16. ,  6.5, 11. ,  8. ,
       11. ,  8.5, 10. , 14.5, 10. , 13.5, 21. , 10.5,  8. , 13. ,  8. ,
       14. , 16. , 16. , 11. , 14. ,  8. ,  5. ,  9. , 11. ,  9. , 12. ,
        5.5]), 'class_mean_width_scaled': array([0.1995, 0.242 , 0.141 , 0.1025, 0.172 , 0.157 , 0.1495, 0.1975,
       0.2005, 0.1575, 0.14  , 0.0975, 0.1175, 0.189 , 0.1765, 0.141 ,
       0.1665, 0.1015, 0.12  , 0.1035, 0.1095, 0.155 , 0.1155, 0.06  ,
       0.14  , 0.151 , 0.042 , 0.145 , 0.163 , 0.107 , 0.104 , 0.1595,
       0.143 , 0.1615, 0.144 , 0.168 , 0.149 , 0.1865, 0.1735, 0.14  ,
       0.133 , 0.226 , 0.217 , 0.0445, 0.1395, 0.164 , 0.151 , 0.0885,
       0.1095, 0.1645, 0.1475, 0.08  , 0.1425, 0.1605, 0.1925, 0.134 ,
       0.1895, 0.1555, 0.145 , 0.064 , 0.203 , 0.2365, 0.139 , 0.106 ,
       0.166 , 0.2365, 0.2075, 0.092 , 0.202 , 0.219 , 0.191 , 0.088 ,
       0.0815, 0.171 , 0.0925, 0.123 , 0.08  , 0.1125, 0.0955, 0.114 ,
       0.164 , 0.097 , 0.146 , 0.181 , 0.1215, 0.073 , 0.1245, 0.085 ,
       0.153 , 0.1765, 0.1845, 0.128 , 0.18  , 0.0875, 0.065 , 0.111 ,
       0.129 , 0.0955, 0.1205, 0.058 ]), 'class_median_width_scaled': array([0.205, 0.26 , 0.13 , 0.09 , 0.15 , 0.14 , 0.135, 0.195, 0.205,
       0.145, 0.13 , 0.09 , 0.115, 0.17 , 0.15 , 0.11 , 0.165, 0.095,
       0.115, 0.085, 0.11 , 0.14 , 0.11 , 0.05 , 0.12 , 0.135, 0.04 ,
       0.125, 0.12 , 0.115, 0.095, 0.15 , 0.12 , 0.15 , 0.105, 0.145,
       0.14 , 0.15 , 0.16 , 0.14 , 0.13 , 0.235, 0.195, 0.03 , 0.11 ,
       0.155, 0.145, 0.05 , 0.085, 0.145, 0.135, 0.07 , 0.135, 0.15 ,
       0.17 , 0.13 , 0.15 , 0.15 , 0.135, 0.05 , 0.21 , 0.25 , 0.13 ,
       0.08 , 0.15 , 0.25 , 0.235, 0.105, 0.175, 0.195, 0.17 , 0.075,
       0.05 , 0.16 , 0.065, 0.11 , 0.08 , 0.11 , 0.085, 0.1  , 0.145,
       0.1  , 0.135, 0.21 , 0.105, 0.08 , 0.13 , 0.08 , 0.14 , 0.16 ,
       0.16 , 0.11 , 0.14 , 0.08 , 0.05 , 0.09 , 0.11 , 0.09 , 0.12 ,
       0.055])}

split_conformal_naive_RandomForest full class metrics: {'class_coverage': array([0.95, 0.8 , 0.9 , 0.95, 0.95, 0.65, 1.  , 0.8 , 0.95, 0.95, 0.85,
       1.  , 1.  , 1.  , 0.7 , 0.95, 1.  , 0.95, 0.9 , 0.9 , 1.  , 0.95,
       0.95, 1.  , 0.95, 1.  , 1.  , 0.95, 0.85, 1.  , 1.  , 0.9 , 1.  ,
       1.  , 1.  , 0.7 , 0.7 , 0.75, 0.85, 0.9 , 0.9 , 0.95, 0.65, 1.  ,
       1.  , 1.  , 1.  , 1.  , 0.95, 0.95, 0.95, 0.95, 1.  , 0.9 , 0.8 ,
       1.  , 0.85, 0.9 , 0.85, 1.  , 0.85, 0.9 , 1.  , 1.  , 0.9 , 0.9 ,
       1.  , 0.95, 0.8 , 0.75, 0.85, 0.95, 1.  , 0.8 , 1.  , 1.  , 1.  ,
       0.85, 1.  , 0.95, 0.85, 0.95, 0.9 , 1.  , 0.95, 1.  , 0.8 , 1.  ,
       0.85, 0.85, 0.8 , 1.  , 0.75, 0.95, 1.  , 1.  , 0.95, 1.  , 0.9 ,
       1.  ]), 'class_mean_width': array([19.95, 24.2 , 14.1 , 10.25, 17.2 , 15.7 , 14.95, 19.75, 20.05,
       15.75, 14.  ,  9.75, 11.75, 18.9 , 17.65, 14.1 , 16.65, 10.15,
       12.  , 10.35, 10.95, 15.5 , 11.55,  6.  , 14.  , 15.1 ,  4.2 ,
       14.5 , 16.3 , 10.7 , 10.4 , 15.95, 14.3 , 16.15, 14.4 , 16.8 ,
       14.9 , 18.65, 17.35, 14.  , 13.3 , 22.6 , 21.7 ,  4.45, 13.95,
       16.4 , 15.1 ,  8.85, 10.95, 16.45, 14.75,  8.  , 14.25, 16.05,
       19.25, 13.4 , 18.95, 15.55, 14.5 ,  6.4 , 20.3 , 23.65, 13.9 ,
       10.6 , 16.6 , 23.65, 20.75,  9.2 , 20.2 , 21.9 , 19.1 ,  8.8 ,
        8.15, 17.1 ,  9.25, 12.3 ,  8.  , 11.25,  9.55, 11.4 , 16.4 ,
        9.7 , 14.6 , 18.1 , 12.15,  7.3 , 12.45,  8.5 , 15.3 , 17.65,
       18.45, 12.8 , 18.  ,  8.75,  6.5 , 11.1 , 12.9 ,  9.55, 12.05,
        5.8 ]), 'class_median_width': array([20.5, 26. , 13. ,  9. , 15. , 14. , 13.5, 19.5, 20.5, 14.5, 13. ,
        9. , 11.5, 17. , 15. , 11. , 16.5,  9.5, 11.5,  8.5, 11. , 14. ,
       11. ,  5. , 12. , 13.5,  4. , 12.5, 12. , 11.5,  9.5, 15. , 12. ,
       15. , 10.5, 14.5, 14. , 15. , 16. , 14. , 13. , 23.5, 19.5,  3. ,
       11. , 15.5, 14.5,  5. ,  8.5, 14.5, 13.5,  7. , 13.5, 15. , 17. ,
       13. , 15. , 15. , 13.5,  5. , 21. , 25. , 13. ,  8. , 15. , 25. ,
       23.5, 10.5, 17.5, 19.5, 17. ,  7.5,  5. , 16. ,  6.5, 11. ,  8. ,
       11. ,  8.5, 10. , 14.5, 10. , 13.5, 21. , 10.5,  8. , 13. ,  8. ,
       14. , 16. , 16. , 11. , 14. ,  8. ,  5. ,  9. , 11. ,  9. , 12. ,
        5.5]), 'class_mean_width_scaled': array([0.1995, 0.242 , 0.141 , 0.1025, 0.172 , 0.157 , 0.1495, 0.1975,
       0.2005, 0.1575, 0.14  , 0.0975, 0.1175, 0.189 , 0.1765, 0.141 ,
       0.1665, 0.1015, 0.12  , 0.1035, 0.1095, 0.155 , 0.1155, 0.06  ,
       0.14  , 0.151 , 0.042 , 0.145 , 0.163 , 0.107 , 0.104 , 0.1595,
       0.143 , 0.1615, 0.144 , 0.168 , 0.149 , 0.1865, 0.1735, 0.14  ,
       0.133 , 0.226 , 0.217 , 0.0445, 0.1395, 0.164 , 0.151 , 0.0885,
       0.1095, 0.1645, 0.1475, 0.08  , 0.1425, 0.1605, 0.1925, 0.134 ,
       0.1895, 0.1555, 0.145 , 0.064 , 0.203 , 0.2365, 0.139 , 0.106 ,
       0.166 , 0.2365, 0.2075, 0.092 , 0.202 , 0.219 , 0.191 , 0.088 ,
       0.0815, 0.171 , 0.0925, 0.123 , 0.08  , 0.1125, 0.0955, 0.114 ,
       0.164 , 0.097 , 0.146 , 0.181 , 0.1215, 0.073 , 0.1245, 0.085 ,
       0.153 , 0.1765, 0.1845, 0.128 , 0.18  , 0.0875, 0.065 , 0.111 ,
       0.129 , 0.0955, 0.1205, 0.058 ]), 'class_median_width_scaled': array([0.205, 0.26 , 0.13 , 0.09 , 0.15 , 0.14 , 0.135, 0.195, 0.205,
       0.145, 0.13 , 0.09 , 0.115, 0.17 , 0.15 , 0.11 , 0.165, 0.095,
       0.115, 0.085, 0.11 , 0.14 , 0.11 , 0.05 , 0.12 , 0.135, 0.04 ,
       0.125, 0.12 , 0.115, 0.095, 0.15 , 0.12 , 0.15 , 0.105, 0.145,
       0.14 , 0.15 , 0.16 , 0.14 , 0.13 , 0.235, 0.195, 0.03 , 0.11 ,
       0.155, 0.145, 0.05 , 0.085, 0.145, 0.135, 0.07 , 0.135, 0.15 ,
       0.17 , 0.13 , 0.15 , 0.15 , 0.135, 0.05 , 0.21 , 0.25 , 0.13 ,
       0.08 , 0.15 , 0.25 , 0.235, 0.105, 0.175, 0.195, 0.17 , 0.075,
       0.05 , 0.16 , 0.065, 0.11 , 0.08 , 0.11 , 0.085, 0.1  , 0.145,
       0.1  , 0.135, 0.21 , 0.105, 0.08 , 0.13 , 0.08 , 0.14 , 0.16 ,
       0.16 , 0.11 , 0.14 , 0.08 , 0.05 , 0.09 , 0.11 , 0.09 , 0.12 ,
       0.055])}

Job completed at Wed Mar 19 06:24:52 PM PDT 2025
