Starting job at Wed Mar 19 06:24:47 PM PDT 2025
Job parameters:
Dataset: data_cover_type
UQ Method: split_conformal_naive
Estimator: RandomForest
Seed: 782
Train Size: 0.8
Running split_conformal_naive on data_cover_type with seed 782 and train size 0.8

starting experiment

data created

Fitting split_conformal_naive_RandomForest on data_cover_type with seed 782

split_conformal_naive_RandomForest metrics: {'coverage': np.float64(0.931), 'mean_width': np.float64(14.8235), 'median_width': np.float64(13.0), 'mean_width_scaled': np.float64(0.148235), 'median_width_scaled': np.float64(0.13)}

split_conformal_naive_RandomForest full metrics: {'coverage': np.float64(0.931), 'mean_width': np.float64(14.8235), 'median_width': np.float64(13.0), 'mean_width_scaled': np.float64(0.148235), 'median_width_scaled': np.float64(0.13)}

split_conformal_naive_RandomForest class metrics: {'class_coverage': array([0.9 , 0.7 , 0.8 , 0.95, 0.7 , 0.75, 1.  , 0.8 , 0.85, 0.9 , 0.95,
       1.  , 1.  , 1.  , 0.9 , 0.95, 1.  , 1.  , 1.  , 0.95, 1.  , 1.  ,
       0.9 , 1.  , 0.95, 1.  , 1.  , 0.85, 1.  , 0.95, 1.  , 0.85, 0.9 ,
       1.  , 1.  , 0.8 , 0.95, 0.75, 0.65, 0.95, 1.  , 0.95, 0.75, 1.  ,
       1.  , 1.  , 1.  , 1.  , 1.  , 0.95, 0.85, 0.8 , 1.  , 0.9 , 0.95,
       1.  , 0.75, 1.  , 0.9 , 1.  , 0.85, 0.85, 1.  , 1.  , 0.9 , 1.  ,
       0.95, 1.  , 0.9 , 0.9 , 1.  , 0.95, 1.  , 1.  , 1.  , 0.9 , 1.  ,
       0.95, 1.  , 0.85, 1.  , 0.9 , 0.9 , 0.95, 0.95, 1.  , 0.9 , 1.  ,
       0.75, 1.  , 0.85, 0.95, 0.9 , 1.  , 0.85, 1.  , 0.8 , 1.  , 1.  ,
       1.  ]), 'class_mean_width': array([15.25, 19.95, 14.55,  9.25, 17.  , 16.2 , 14.15, 20.4 , 24.25,
       16.85, 15.65, 11.45, 11.8 , 22.2 , 24.3 , 19.1 , 13.3 , 11.35,
       10.75, 13.1 ,  9.65, 20.5 , 11.05,  6.55, 18.65, 18.25,  3.95,
       14.3 , 15.6 ,  9.05,  8.95, 17.6 , 14.45, 17.05, 17.25, 17.4 ,
       13.25, 19.35, 17.75, 15.85, 12.45, 21.6 , 20.05,  3.35, 10.  ,
       19.15, 20.5 ,  8.75,  8.4 , 13.8 , 14.75, 10.05, 11.95, 17.85,
       18.8 , 15.2 , 16.75, 16.4 , 13.35,  8.9 , 20.5 , 24.65, 18.2 ,
       11.55, 19.9 , 23.9 , 22.85, 10.15, 24.85, 20.85, 18.  , 12.  ,
        8.8 , 17.95,  8.3 , 11.6 ,  7.2 , 15.  , 13.25, 17.3 , 18.85,
       10.95, 16.  , 17.05, 15.5 ,  8.65, 12.15, 12.6 , 14.15, 18.25,
       19.65, 13.65, 19.55, 10.5 ,  8.95, 10.25, 11.2 , 10.4 , 10.8 ,
        7.1 ]), 'class_median_width': array([14.5, 19. , 12.5,  9. , 13.5, 16.5, 13.5, 19.5, 24.5, 14.5, 13. ,
       11.5, 10.5, 23. , 26.5, 21.5, 10. ,  9. , 11.5, 12. ,  9.5, 22.5,
       10.5,  5. , 17. , 18.5,  2. , 14.5, 12.5,  8. ,  8.5, 14.5, 13. ,
       15.5, 16.5, 15.5, 12. , 18. , 15.5, 14.5, 12.5, 23.5, 18. ,  2. ,
        5.5, 16.5, 20.5,  7.5,  4. , 14. , 13.5,  9. , 13. , 15.5, 17. ,
       14. , 13.5, 16. , 13. ,  9. , 18. , 29. , 20.5, 10.5, 17. , 22.5,
       25.5, 11. , 27. , 19. , 19.5,  9.5,  6.5, 16.5,  7. ,  7. ,  7.5,
       14. , 11.5, 16. , 18.5,  9.5, 13.5, 18. , 12.5,  7. , 12. , 10.5,
       13.5, 15. , 20. , 10. , 17.5, 10. ,  7.5,  8.5, 11.5, 10. ,  9.5,
        7. ]), 'class_mean_width_scaled': array([0.1525, 0.1995, 0.1455, 0.0925, 0.17  , 0.162 , 0.1415, 0.204 ,
       0.2425, 0.1685, 0.1565, 0.1145, 0.118 , 0.222 , 0.243 , 0.191 ,
       0.133 , 0.1135, 0.1075, 0.131 , 0.0965, 0.205 , 0.1105, 0.0655,
       0.1865, 0.1825, 0.0395, 0.143 , 0.156 , 0.0905, 0.0895, 0.176 ,
       0.1445, 0.1705, 0.1725, 0.174 , 0.1325, 0.1935, 0.1775, 0.1585,
       0.1245, 0.216 , 0.2005, 0.0335, 0.1   , 0.1915, 0.205 , 0.0875,
       0.084 , 0.138 , 0.1475, 0.1005, 0.1195, 0.1785, 0.188 , 0.152 ,
       0.1675, 0.164 , 0.1335, 0.089 , 0.205 , 0.2465, 0.182 , 0.1155,
       0.199 , 0.239 , 0.2285, 0.1015, 0.2485, 0.2085, 0.18  , 0.12  ,
       0.088 , 0.1795, 0.083 , 0.116 , 0.072 , 0.15  , 0.1325, 0.173 ,
       0.1885, 0.1095, 0.16  , 0.1705, 0.155 , 0.0865, 0.1215, 0.126 ,
       0.1415, 0.1825, 0.1965, 0.1365, 0.1955, 0.105 , 0.0895, 0.1025,
       0.112 , 0.104 , 0.108 , 0.071 ]), 'class_median_width_scaled': array([0.145, 0.19 , 0.125, 0.09 , 0.135, 0.165, 0.135, 0.195, 0.245,
       0.145, 0.13 , 0.115, 0.105, 0.23 , 0.265, 0.215, 0.1  , 0.09 ,
       0.115, 0.12 , 0.095, 0.225, 0.105, 0.05 , 0.17 , 0.185, 0.02 ,
       0.145, 0.125, 0.08 , 0.085, 0.145, 0.13 , 0.155, 0.165, 0.155,
       0.12 , 0.18 , 0.155, 0.145, 0.125, 0.235, 0.18 , 0.02 , 0.055,
       0.165, 0.205, 0.075, 0.04 , 0.14 , 0.135, 0.09 , 0.13 , 0.155,
       0.17 , 0.14 , 0.135, 0.16 , 0.13 , 0.09 , 0.18 , 0.29 , 0.205,
       0.105, 0.17 , 0.225, 0.255, 0.11 , 0.27 , 0.19 , 0.195, 0.095,
       0.065, 0.165, 0.07 , 0.07 , 0.075, 0.14 , 0.115, 0.16 , 0.185,
       0.095, 0.135, 0.18 , 0.125, 0.07 , 0.12 , 0.105, 0.135, 0.15 ,
       0.2  , 0.1  , 0.175, 0.1  , 0.075, 0.085, 0.115, 0.1  , 0.095,
       0.07 ])}

split_conformal_naive_RandomForest full class metrics: {'class_coverage': array([0.9 , 0.7 , 0.8 , 0.95, 0.7 , 0.75, 1.  , 0.8 , 0.85, 0.9 , 0.95,
       1.  , 1.  , 1.  , 0.9 , 0.95, 1.  , 1.  , 1.  , 0.95, 1.  , 1.  ,
       0.9 , 1.  , 0.95, 1.  , 1.  , 0.85, 1.  , 0.95, 1.  , 0.85, 0.9 ,
       1.  , 1.  , 0.8 , 0.95, 0.75, 0.65, 0.95, 1.  , 0.95, 0.75, 1.  ,
       1.  , 1.  , 1.  , 1.  , 1.  , 0.95, 0.85, 0.8 , 1.  , 0.9 , 0.95,
       1.  , 0.75, 1.  , 0.9 , 1.  , 0.85, 0.85, 1.  , 1.  , 0.9 , 1.  ,
       0.95, 1.  , 0.9 , 0.9 , 1.  , 0.95, 1.  , 1.  , 1.  , 0.9 , 1.  ,
       0.95, 1.  , 0.85, 1.  , 0.9 , 0.9 , 0.95, 0.95, 1.  , 0.9 , 1.  ,
       0.75, 1.  , 0.85, 0.95, 0.9 , 1.  , 0.85, 1.  , 0.8 , 1.  , 1.  ,
       1.  ]), 'class_mean_width': array([15.25, 19.95, 14.55,  9.25, 17.  , 16.2 , 14.15, 20.4 , 24.25,
       16.85, 15.65, 11.45, 11.8 , 22.2 , 24.3 , 19.1 , 13.3 , 11.35,
       10.75, 13.1 ,  9.65, 20.5 , 11.05,  6.55, 18.65, 18.25,  3.95,
       14.3 , 15.6 ,  9.05,  8.95, 17.6 , 14.45, 17.05, 17.25, 17.4 ,
       13.25, 19.35, 17.75, 15.85, 12.45, 21.6 , 20.05,  3.35, 10.  ,
       19.15, 20.5 ,  8.75,  8.4 , 13.8 , 14.75, 10.05, 11.95, 17.85,
       18.8 , 15.2 , 16.75, 16.4 , 13.35,  8.9 , 20.5 , 24.65, 18.2 ,
       11.55, 19.9 , 23.9 , 22.85, 10.15, 24.85, 20.85, 18.  , 12.  ,
        8.8 , 17.95,  8.3 , 11.6 ,  7.2 , 15.  , 13.25, 17.3 , 18.85,
       10.95, 16.  , 17.05, 15.5 ,  8.65, 12.15, 12.6 , 14.15, 18.25,
       19.65, 13.65, 19.55, 10.5 ,  8.95, 10.25, 11.2 , 10.4 , 10.8 ,
        7.1 ]), 'class_median_width': array([14.5, 19. , 12.5,  9. , 13.5, 16.5, 13.5, 19.5, 24.5, 14.5, 13. ,
       11.5, 10.5, 23. , 26.5, 21.5, 10. ,  9. , 11.5, 12. ,  9.5, 22.5,
       10.5,  5. , 17. , 18.5,  2. , 14.5, 12.5,  8. ,  8.5, 14.5, 13. ,
       15.5, 16.5, 15.5, 12. , 18. , 15.5, 14.5, 12.5, 23.5, 18. ,  2. ,
        5.5, 16.5, 20.5,  7.5,  4. , 14. , 13.5,  9. , 13. , 15.5, 17. ,
       14. , 13.5, 16. , 13. ,  9. , 18. , 29. , 20.5, 10.5, 17. , 22.5,
       25.5, 11. , 27. , 19. , 19.5,  9.5,  6.5, 16.5,  7. ,  7. ,  7.5,
       14. , 11.5, 16. , 18.5,  9.5, 13.5, 18. , 12.5,  7. , 12. , 10.5,
       13.5, 15. , 20. , 10. , 17.5, 10. ,  7.5,  8.5, 11.5, 10. ,  9.5,
        7. ]), 'class_mean_width_scaled': array([0.1525, 0.1995, 0.1455, 0.0925, 0.17  , 0.162 , 0.1415, 0.204 ,
       0.2425, 0.1685, 0.1565, 0.1145, 0.118 , 0.222 , 0.243 , 0.191 ,
       0.133 , 0.1135, 0.1075, 0.131 , 0.0965, 0.205 , 0.1105, 0.0655,
       0.1865, 0.1825, 0.0395, 0.143 , 0.156 , 0.0905, 0.0895, 0.176 ,
       0.1445, 0.1705, 0.1725, 0.174 , 0.1325, 0.1935, 0.1775, 0.1585,
       0.1245, 0.216 , 0.2005, 0.0335, 0.1   , 0.1915, 0.205 , 0.0875,
       0.084 , 0.138 , 0.1475, 0.1005, 0.1195, 0.1785, 0.188 , 0.152 ,
       0.1675, 0.164 , 0.1335, 0.089 , 0.205 , 0.2465, 0.182 , 0.1155,
       0.199 , 0.239 , 0.2285, 0.1015, 0.2485, 0.2085, 0.18  , 0.12  ,
       0.088 , 0.1795, 0.083 , 0.116 , 0.072 , 0.15  , 0.1325, 0.173 ,
       0.1885, 0.1095, 0.16  , 0.1705, 0.155 , 0.0865, 0.1215, 0.126 ,
       0.1415, 0.1825, 0.1965, 0.1365, 0.1955, 0.105 , 0.0895, 0.1025,
       0.112 , 0.104 , 0.108 , 0.071 ]), 'class_median_width_scaled': array([0.145, 0.19 , 0.125, 0.09 , 0.135, 0.165, 0.135, 0.195, 0.245,
       0.145, 0.13 , 0.115, 0.105, 0.23 , 0.265, 0.215, 0.1  , 0.09 ,
       0.115, 0.12 , 0.095, 0.225, 0.105, 0.05 , 0.17 , 0.185, 0.02 ,
       0.145, 0.125, 0.08 , 0.085, 0.145, 0.13 , 0.155, 0.165, 0.155,
       0.12 , 0.18 , 0.155, 0.145, 0.125, 0.235, 0.18 , 0.02 , 0.055,
       0.165, 0.205, 0.075, 0.04 , 0.14 , 0.135, 0.09 , 0.13 , 0.155,
       0.17 , 0.14 , 0.135, 0.16 , 0.13 , 0.09 , 0.18 , 0.29 , 0.205,
       0.105, 0.17 , 0.225, 0.255, 0.11 , 0.27 , 0.19 , 0.195, 0.095,
       0.065, 0.165, 0.07 , 0.07 , 0.075, 0.14 , 0.115, 0.16 , 0.185,
       0.095, 0.135, 0.18 , 0.125, 0.07 , 0.12 , 0.105, 0.135, 0.15 ,
       0.2  , 0.1  , 0.175, 0.1  , 0.075, 0.085, 0.115, 0.1  , 0.095,
       0.07 ])}

Job completed at Wed Mar 19 06:24:51 PM PDT 2025
