Starting job at Wed Mar 19 06:20:57 PM PDT 2025
Job parameters:
Dataset: data_helena
UQ Method: split_conformal_aps
Estimator: ExtraTrees
Seed: 781
Train Size: 0.8
Running split_conformal_aps on data_helena with seed 781 and train size 0.8

starting experiment

data created

Fitting split_conformal_aps_ExtraTrees on data_helena with seed 781

split_conformal_aps_ExtraTrees metrics: {'coverage': np.float64(0.8219325153374233), 'mean_width': np.float64(31.964800613496934), 'median_width': np.float64(34.0), 'mean_width_scaled': np.float64(0.31964800613496935), 'median_width_scaled': np.float64(0.34)}

split_conformal_aps_ExtraTrees full metrics: {'coverage': np.float64(0.8219325153374233), 'mean_width': np.float64(31.964800613496934), 'median_width': np.float64(34.0), 'mean_width_scaled': np.float64(0.31964800613496935), 'median_width_scaled': np.float64(0.34)}

split_conformal_aps_ExtraTrees class metrics: {'class_coverage': array([1.        , 0.70689655, 0.45454545, 0.57291667, 0.66666667,
       0.74025974, 0.515625  , 0.87037037, 0.5       , 0.92533937,
       0.42222222, 0.30769231, 0.21428571, 0.79881657, 0.58064516,
       0.55769231, 0.70588235, 0.37777778, 0.79861111, 0.92517007,
       0.63076923, 0.75471698, 0.86982249, 0.54901961, 0.74137931,
       0.5       , 0.33333333, 0.20833333, 0.39130435, 0.38461538,
       0.08108108, 0.22058824, 0.94130926, 0.95428571, 0.65909091,
       0.93656093, 0.58333333, 0.17241379, 0.79166667, 0.79365079,
       0.8358209 , 0.83050847, 0.25641026, 0.74545455, 0.42857143,
       0.55555556, 0.39473684, 0.7721519 , 0.76363636, 0.65517241,
       0.2962963 , 0.97389886, 0.45833333, 0.94428969, 0.21428571,
       0.9348659 , 0.84474886, 0.73684211, 0.75824176, 0.47368421,
       0.90575916, 0.67647059, 0.26470588, 0.56818182, 0.71962617,
       0.70212766, 0.94942529, 0.77      , 0.52542373, 0.8       ,
       0.84070796, 0.65      , 0.32142857, 0.54166667, 0.66972477,
       0.94535519, 0.97752809, 0.92941176, 0.55263158, 0.88372093,
       0.93939394, 0.73333333, 0.5       , 0.25714286, 0.83660131,
       0.49438202, 0.85572139, 0.93530997, 0.7       , 0.91875   ,
       0.23076923, 0.95618557, 0.9281768 , 0.62195122, 0.47222222,
       0.53125   , 0.79831933, 0.96712329, 0.42622951, 0.63855422]), 'class_mean_width': array([38.2688172 , 37.43103448, 37.04545455, 39.58333333, 34.12643678,
       32.05194805, 36.90625   , 33.66666667, 37.70833333, 19.75791855,
       37.31111111, 37.30769231, 39.42857143, 34.52071006, 37.91935484,
       38.40384615, 37.78431373, 35.95555556, 37.36111111, 37.7414966 ,
       37.32307692, 40.28301887, 31.65680473, 39.25490196, 32.11206897,
       34.58695652, 40.20833333, 36.54166667, 39.73913043, 39.92307692,
       37.75675676, 38.10294118, 29.96613995, 31.12380952, 38.54545455,
       32.12687813, 39.86111111, 37.55172414, 38.7       , 39.52380952,
       30.67164179, 32.77118644, 36.97435897, 37.74545455, 37.54761905,
       36.38888889, 38.42105263, 31.59493671, 38.46363636, 37.06896552,
       39.18518519, 35.36052202, 36.58333333, 31.08356546, 39.02380952,
       30.70114943, 37.40639269, 39.27631579, 35.97802198, 36.94736842,
       36.69633508, 37.22794118, 39.17647059, 39.86363636, 32.74766355,
       31.76595745, 36.51264368, 35.74      , 37.01694915, 35.8       ,
       28.89380531, 28.75      , 41.92857143, 36.875     , 33.76146789,
       14.80601093, 13.8102372 , 12.40392157, 40.57894737, 27.62790698,
       33.48484848, 27.48      , 36.63043478, 36.6       , 32.28104575,
       36.50561798, 36.29850746, 33.58760108, 39.32857143, 37.7875    ,
       37.84615385, 32.46649485, 33.63812155, 33.63414634, 35.86111111,
       39.5       , 36.2605042 , 34.99726027, 35.60655738, 38.08433735]), 'class_median_width': array([37. , 38. , 36. , 40. , 35. , 32. , 37. , 34. , 38. , 17. , 38. ,
       38. , 41. , 34. , 38. , 38. , 38. , 36. , 38. , 38. , 38. , 41. ,
       32. , 40. , 33. , 36. , 40. , 39. , 40. , 40.5, 39. , 39. , 30. ,
       31. , 39. , 32. , 39.5, 38. , 38. , 40. , 31. , 32. , 38. , 39. ,
       38.5, 37. , 39. , 31. , 39. , 38. , 40. , 36. , 38. , 31. , 39.5,
       30. , 38. , 40. , 37. , 38. , 37. , 38. , 40. , 41. , 33. , 32. ,
       37. , 36. , 38. , 35. , 27. , 28. , 42.5, 38. , 34. , 13. , 12. ,
        9. , 40. , 26. , 35. , 25. , 37.5, 37. , 33. , 37. , 37. , 34. ,
       40. , 38. , 38. , 32. , 34. , 33.5, 37. , 40. , 37. , 35. , 35. ,
       39. ]), 'class_mean_width_scaled': array([0.38268817, 0.37431034, 0.37045455, 0.39583333, 0.34126437,
       0.32051948, 0.3690625 , 0.33666667, 0.37708333, 0.19757919,
       0.37311111, 0.37307692, 0.39428571, 0.3452071 , 0.37919355,
       0.38403846, 0.37784314, 0.35955556, 0.37361111, 0.37741497,
       0.37323077, 0.40283019, 0.31656805, 0.39254902, 0.32112069,
       0.34586957, 0.40208333, 0.36541667, 0.3973913 , 0.39923077,
       0.37756757, 0.38102941, 0.2996614 , 0.3112381 , 0.38545455,
       0.32126878, 0.39861111, 0.37551724, 0.387     , 0.3952381 ,
       0.30671642, 0.32771186, 0.36974359, 0.37745455, 0.37547619,
       0.36388889, 0.38421053, 0.31594937, 0.38463636, 0.37068966,
       0.39185185, 0.35360522, 0.36583333, 0.31083565, 0.3902381 ,
       0.30701149, 0.37406393, 0.39276316, 0.35978022, 0.36947368,
       0.36696335, 0.37227941, 0.39176471, 0.39863636, 0.32747664,
       0.31765957, 0.36512644, 0.3574    , 0.37016949, 0.358     ,
       0.28893805, 0.2875    , 0.41928571, 0.36875   , 0.33761468,
       0.14806011, 0.13810237, 0.12403922, 0.40578947, 0.27627907,
       0.33484848, 0.2748    , 0.36630435, 0.366     , 0.32281046,
       0.36505618, 0.36298507, 0.33587601, 0.39328571, 0.377875  ,
       0.37846154, 0.32466495, 0.33638122, 0.33634146, 0.35861111,
       0.395     , 0.36260504, 0.3499726 , 0.35606557, 0.38084337]), 'class_median_width_scaled': array([0.37 , 0.38 , 0.36 , 0.4  , 0.35 , 0.32 , 0.37 , 0.34 , 0.38 ,
       0.17 , 0.38 , 0.38 , 0.41 , 0.34 , 0.38 , 0.38 , 0.38 , 0.36 ,
       0.38 , 0.38 , 0.38 , 0.41 , 0.32 , 0.4  , 0.33 , 0.36 , 0.4  ,
       0.39 , 0.4  , 0.405, 0.39 , 0.39 , 0.3  , 0.31 , 0.39 , 0.32 ,
       0.395, 0.38 , 0.38 , 0.4  , 0.31 , 0.32 , 0.38 , 0.39 , 0.385,
       0.37 , 0.39 , 0.31 , 0.39 , 0.38 , 0.4  , 0.36 , 0.38 , 0.31 ,
       0.395, 0.3  , 0.38 , 0.4  , 0.37 , 0.38 , 0.37 , 0.38 , 0.4  ,
       0.41 , 0.33 , 0.32 , 0.37 , 0.36 , 0.38 , 0.35 , 0.27 , 0.28 ,
       0.425, 0.38 , 0.34 , 0.13 , 0.12 , 0.09 , 0.4  , 0.26 , 0.35 ,
       0.25 , 0.375, 0.37 , 0.33 , 0.37 , 0.37 , 0.34 , 0.4  , 0.38 ,
       0.38 , 0.32 , 0.34 , 0.335, 0.37 , 0.4  , 0.37 , 0.35 , 0.35 ,
       0.39 ])}

split_conformal_aps_ExtraTrees full class metrics: {'class_coverage': array([1.        , 0.70689655, 0.45454545, 0.57291667, 0.66666667,
       0.74025974, 0.515625  , 0.87037037, 0.5       , 0.92533937,
       0.42222222, 0.30769231, 0.21428571, 0.79881657, 0.58064516,
       0.55769231, 0.70588235, 0.37777778, 0.79861111, 0.92517007,
       0.63076923, 0.75471698, 0.86982249, 0.54901961, 0.74137931,
       0.5       , 0.33333333, 0.20833333, 0.39130435, 0.38461538,
       0.08108108, 0.22058824, 0.94130926, 0.95428571, 0.65909091,
       0.93656093, 0.58333333, 0.17241379, 0.79166667, 0.79365079,
       0.8358209 , 0.83050847, 0.25641026, 0.74545455, 0.42857143,
       0.55555556, 0.39473684, 0.7721519 , 0.76363636, 0.65517241,
       0.2962963 , 0.97389886, 0.45833333, 0.94428969, 0.21428571,
       0.9348659 , 0.84474886, 0.73684211, 0.75824176, 0.47368421,
       0.90575916, 0.67647059, 0.26470588, 0.56818182, 0.71962617,
       0.70212766, 0.94942529, 0.77      , 0.52542373, 0.8       ,
       0.84070796, 0.65      , 0.32142857, 0.54166667, 0.66972477,
       0.94535519, 0.97752809, 0.92941176, 0.55263158, 0.88372093,
       0.93939394, 0.73333333, 0.5       , 0.25714286, 0.83660131,
       0.49438202, 0.85572139, 0.93530997, 0.7       , 0.91875   ,
       0.23076923, 0.95618557, 0.9281768 , 0.62195122, 0.47222222,
       0.53125   , 0.79831933, 0.96712329, 0.42622951, 0.63855422]), 'class_mean_width': array([38.2688172 , 37.43103448, 37.04545455, 39.58333333, 34.12643678,
       32.05194805, 36.90625   , 33.66666667, 37.70833333, 19.75791855,
       37.31111111, 37.30769231, 39.42857143, 34.52071006, 37.91935484,
       38.40384615, 37.78431373, 35.95555556, 37.36111111, 37.7414966 ,
       37.32307692, 40.28301887, 31.65680473, 39.25490196, 32.11206897,
       34.58695652, 40.20833333, 36.54166667, 39.73913043, 39.92307692,
       37.75675676, 38.10294118, 29.96613995, 31.12380952, 38.54545455,
       32.12687813, 39.86111111, 37.55172414, 38.7       , 39.52380952,
       30.67164179, 32.77118644, 36.97435897, 37.74545455, 37.54761905,
       36.38888889, 38.42105263, 31.59493671, 38.46363636, 37.06896552,
       39.18518519, 35.36052202, 36.58333333, 31.08356546, 39.02380952,
       30.70114943, 37.40639269, 39.27631579, 35.97802198, 36.94736842,
       36.69633508, 37.22794118, 39.17647059, 39.86363636, 32.74766355,
       31.76595745, 36.51264368, 35.74      , 37.01694915, 35.8       ,
       28.89380531, 28.75      , 41.92857143, 36.875     , 33.76146789,
       14.80601093, 13.8102372 , 12.40392157, 40.57894737, 27.62790698,
       33.48484848, 27.48      , 36.63043478, 36.6       , 32.28104575,
       36.50561798, 36.29850746, 33.58760108, 39.32857143, 37.7875    ,
       37.84615385, 32.46649485, 33.63812155, 33.63414634, 35.86111111,
       39.5       , 36.2605042 , 34.99726027, 35.60655738, 38.08433735]), 'class_median_width': array([37. , 38. , 36. , 40. , 35. , 32. , 37. , 34. , 38. , 17. , 38. ,
       38. , 41. , 34. , 38. , 38. , 38. , 36. , 38. , 38. , 38. , 41. ,
       32. , 40. , 33. , 36. , 40. , 39. , 40. , 40.5, 39. , 39. , 30. ,
       31. , 39. , 32. , 39.5, 38. , 38. , 40. , 31. , 32. , 38. , 39. ,
       38.5, 37. , 39. , 31. , 39. , 38. , 40. , 36. , 38. , 31. , 39.5,
       30. , 38. , 40. , 37. , 38. , 37. , 38. , 40. , 41. , 33. , 32. ,
       37. , 36. , 38. , 35. , 27. , 28. , 42.5, 38. , 34. , 13. , 12. ,
        9. , 40. , 26. , 35. , 25. , 37.5, 37. , 33. , 37. , 37. , 34. ,
       40. , 38. , 38. , 32. , 34. , 33.5, 37. , 40. , 37. , 35. , 35. ,
       39. ]), 'class_mean_width_scaled': array([0.38268817, 0.37431034, 0.37045455, 0.39583333, 0.34126437,
       0.32051948, 0.3690625 , 0.33666667, 0.37708333, 0.19757919,
       0.37311111, 0.37307692, 0.39428571, 0.3452071 , 0.37919355,
       0.38403846, 0.37784314, 0.35955556, 0.37361111, 0.37741497,
       0.37323077, 0.40283019, 0.31656805, 0.39254902, 0.32112069,
       0.34586957, 0.40208333, 0.36541667, 0.3973913 , 0.39923077,
       0.37756757, 0.38102941, 0.2996614 , 0.3112381 , 0.38545455,
       0.32126878, 0.39861111, 0.37551724, 0.387     , 0.3952381 ,
       0.30671642, 0.32771186, 0.36974359, 0.37745455, 0.37547619,
       0.36388889, 0.38421053, 0.31594937, 0.38463636, 0.37068966,
       0.39185185, 0.35360522, 0.36583333, 0.31083565, 0.3902381 ,
       0.30701149, 0.37406393, 0.39276316, 0.35978022, 0.36947368,
       0.36696335, 0.37227941, 0.39176471, 0.39863636, 0.32747664,
       0.31765957, 0.36512644, 0.3574    , 0.37016949, 0.358     ,
       0.28893805, 0.2875    , 0.41928571, 0.36875   , 0.33761468,
       0.14806011, 0.13810237, 0.12403922, 0.40578947, 0.27627907,
       0.33484848, 0.2748    , 0.36630435, 0.366     , 0.32281046,
       0.36505618, 0.36298507, 0.33587601, 0.39328571, 0.377875  ,
       0.37846154, 0.32466495, 0.33638122, 0.33634146, 0.35861111,
       0.395     , 0.36260504, 0.3499726 , 0.35606557, 0.38084337]), 'class_median_width_scaled': array([0.37 , 0.38 , 0.36 , 0.4  , 0.35 , 0.32 , 0.37 , 0.34 , 0.38 ,
       0.17 , 0.38 , 0.38 , 0.41 , 0.34 , 0.38 , 0.38 , 0.38 , 0.36 ,
       0.38 , 0.38 , 0.38 , 0.41 , 0.32 , 0.4  , 0.33 , 0.36 , 0.4  ,
       0.39 , 0.4  , 0.405, 0.39 , 0.39 , 0.3  , 0.31 , 0.39 , 0.32 ,
       0.395, 0.38 , 0.38 , 0.4  , 0.31 , 0.32 , 0.38 , 0.39 , 0.385,
       0.37 , 0.39 , 0.31 , 0.39 , 0.38 , 0.4  , 0.36 , 0.38 , 0.31 ,
       0.395, 0.3  , 0.38 , 0.4  , 0.37 , 0.38 , 0.37 , 0.38 , 0.4  ,
       0.41 , 0.33 , 0.32 , 0.37 , 0.36 , 0.38 , 0.35 , 0.27 , 0.28 ,
       0.425, 0.38 , 0.34 , 0.13 , 0.12 , 0.09 , 0.4  , 0.26 , 0.35 ,
       0.25 , 0.375, 0.37 , 0.33 , 0.37 , 0.37 , 0.34 , 0.4  , 0.38 ,
       0.38 , 0.32 , 0.34 , 0.335, 0.37 , 0.4  , 0.37 , 0.35 , 0.35 ,
       0.39 ])}

Job completed at Wed Mar 19 06:21:02 PM PDT 2025
