Starting job at Wed Mar 19 06:20:44 PM PDT 2025
Job parameters:
Dataset: data_helena
UQ Method: split_conformal_aps
Estimator: ExtraTrees
Seed: 778
Train Size: 0.8
Running split_conformal_aps on data_helena with seed 778 and train size 0.8

starting experiment

data created

Fitting split_conformal_aps_ExtraTrees on data_helena with seed 778

split_conformal_aps_ExtraTrees metrics: {'coverage': np.float64(0.8281441717791411), 'mean_width': np.float64(31.827914110429447), 'median_width': np.float64(34.0), 'mean_width_scaled': np.float64(0.31827914110429445), 'median_width_scaled': np.float64(0.34)}

split_conformal_aps_ExtraTrees full metrics: {'coverage': np.float64(0.8281441717791411), 'mean_width': np.float64(31.827914110429447), 'median_width': np.float64(34.0), 'mean_width_scaled': np.float64(0.31827914110429445), 'median_width_scaled': np.float64(0.34)}

split_conformal_aps_ExtraTrees class metrics: {'class_coverage': array([1.        , 0.72413793, 0.5       , 0.66666667, 0.67816092,
       0.75324675, 0.671875  , 0.75925926, 0.40277778, 0.9321267 ,
       0.66666667, 0.38461538, 0.42857143, 0.9112426 , 0.58064516,
       0.75      , 0.76470588, 0.11111111, 0.79166667, 0.92517007,
       0.38461538, 0.71698113, 0.79881657, 0.37254902, 0.81896552,
       0.58695652, 0.45833333, 0.5       , 0.2173913 , 0.42307692,
       0.43243243, 0.75      , 0.95936795, 0.95047619, 0.68181818,
       0.95158598, 0.72222222, 0.4137931 , 0.775     , 0.57142857,
       0.80597015, 0.8220339 , 0.51282051, 0.76363636, 0.11904762,
       0.42592593, 0.42105263, 0.78481013, 0.71818182, 0.72413793,
       0.37037037, 0.954323  , 0.29166667, 0.94150418, 0.19047619,
       0.94252874, 0.84931507, 0.78947368, 0.63736264, 0.36842105,
       0.87958115, 0.69852941, 0.41176471, 0.625     , 0.70093458,
       0.53191489, 0.97471264, 0.82      , 0.61016949, 0.86153846,
       0.89380531, 0.86666667, 0.67857143, 0.41666667, 0.57798165,
       0.96721311, 0.97627965, 0.90980392, 0.52631579, 0.90697674,
       0.78787879, 0.85333333, 0.2173913 , 0.54285714, 0.81045752,
       0.5505618 , 0.87562189, 0.93261456, 0.67142857, 0.76875   ,
       0.19230769, 0.95876289, 0.9198895 , 0.5       , 0.38888889,
       0.71875   , 0.88655462, 0.94246575, 0.52459016, 0.60240964]), 'class_mean_width': array([37.64516129, 37.27586207, 35.36363636, 38.26041667, 34.44827586,
       34.62337662, 34.71875   , 33.90740741, 37.875     , 19.60859729,
       38.95555556, 38.11538462, 37.42857143, 34.1183432 , 38.93548387,
       39.38461538, 37.46078431, 35.84444444, 37.64583333, 38.29931973,
       36.86153846, 37.52830189, 30.76331361, 39.96078431, 31.18103448,
       33.67391304, 39.25      , 37.04166667, 36.86956522, 40.03846154,
       38.81081081, 39.67647059, 30.89164786, 30.55238095, 38.39772727,
       31.79799666, 39.91666667, 37.86206897, 39.61666667, 38.57142857,
       30.01492537, 33.04237288, 38.56410256, 37.4       , 37.5       ,
       35.92592593, 37.73684211, 31.41772152, 38.69090909, 37.24137931,
       39.77777778, 34.49265905, 36.54166667, 30.77437326, 37.57142857,
       30.83141762, 37.23744292, 39.13157895, 36.12087912, 38.34210526,
       36.38219895, 37.33088235, 38.82352941, 39.17045455, 32.4953271 ,
       32.76595745, 35.85747126, 35.42      , 37.10169492, 33.29230769,
       27.89380531, 26.06666667, 41.21428571, 37.375     , 35.39449541,
       14.76775956, 14.32958801, 13.25882353, 39.34210526, 26.34883721,
       33.39393939, 28.05333333, 35.65217391, 36.37142857, 31.64705882,
       39.53932584, 35.80099502, 33.64150943, 38.37142857, 37.33125   ,
       38.88461538, 31.52319588, 33.19337017, 33.48780488, 34.75      ,
       37.96875   , 36.57983193, 34.63287671, 37.45901639, 38.95180723]), 'class_median_width': array([38. , 37. , 35.5, 39. , 35. , 34. , 35. , 34. , 39. , 17. , 39. ,
       39.5, 38. , 34. , 39.5, 40. , 38. , 37. , 38. , 39. , 38. , 38. ,
       30. , 40. , 32. , 32.5, 40. , 38.5, 37. , 39. , 40. , 40. , 31. ,
       30. , 38. , 32. , 39. , 39. , 40. , 39. , 29. , 33.5, 39. , 38. ,
       38.5, 36. , 38. , 31. , 39. , 38. , 39. , 35. , 37. , 31. , 38. ,
       30. , 38. , 40. , 36. , 39.5, 37. , 38. , 38. , 40. , 33. , 33. ,
       36. , 36. , 38. , 33. , 27. , 24.5, 42. , 38. , 37. , 12.5, 12. ,
        9. , 40.5, 25. , 33. , 26. , 36. , 37. , 31. , 41. , 36. , 34. ,
       39.5, 38. , 40.5, 32. , 34. , 34. , 34.5, 38.5, 38. , 35. , 38. ,
       38. ]), 'class_mean_width_scaled': array([0.37645161, 0.37275862, 0.35363636, 0.38260417, 0.34448276,
       0.34623377, 0.3471875 , 0.33907407, 0.37875   , 0.19608597,
       0.38955556, 0.38115385, 0.37428571, 0.34118343, 0.38935484,
       0.39384615, 0.37460784, 0.35844444, 0.37645833, 0.3829932 ,
       0.36861538, 0.37528302, 0.30763314, 0.39960784, 0.31181034,
       0.33673913, 0.3925    , 0.37041667, 0.36869565, 0.40038462,
       0.38810811, 0.39676471, 0.30891648, 0.30552381, 0.38397727,
       0.31797997, 0.39916667, 0.37862069, 0.39616667, 0.38571429,
       0.30014925, 0.33042373, 0.38564103, 0.374     , 0.375     ,
       0.35925926, 0.37736842, 0.31417722, 0.38690909, 0.37241379,
       0.39777778, 0.34492659, 0.36541667, 0.30774373, 0.37571429,
       0.30831418, 0.37237443, 0.39131579, 0.36120879, 0.38342105,
       0.36382199, 0.37330882, 0.38823529, 0.39170455, 0.32495327,
       0.32765957, 0.35857471, 0.3542    , 0.37101695, 0.33292308,
       0.27893805, 0.26066667, 0.41214286, 0.37375   , 0.35394495,
       0.1476776 , 0.14329588, 0.13258824, 0.39342105, 0.26348837,
       0.33393939, 0.28053333, 0.35652174, 0.36371429, 0.31647059,
       0.39539326, 0.35800995, 0.33641509, 0.38371429, 0.3733125 ,
       0.38884615, 0.31523196, 0.3319337 , 0.33487805, 0.3475    ,
       0.3796875 , 0.36579832, 0.34632877, 0.37459016, 0.38951807]), 'class_median_width_scaled': array([0.38 , 0.37 , 0.355, 0.39 , 0.35 , 0.34 , 0.35 , 0.34 , 0.39 ,
       0.17 , 0.39 , 0.395, 0.38 , 0.34 , 0.395, 0.4  , 0.38 , 0.37 ,
       0.38 , 0.39 , 0.38 , 0.38 , 0.3  , 0.4  , 0.32 , 0.325, 0.4  ,
       0.385, 0.37 , 0.39 , 0.4  , 0.4  , 0.31 , 0.3  , 0.38 , 0.32 ,
       0.39 , 0.39 , 0.4  , 0.39 , 0.29 , 0.335, 0.39 , 0.38 , 0.385,
       0.36 , 0.38 , 0.31 , 0.39 , 0.38 , 0.39 , 0.35 , 0.37 , 0.31 ,
       0.38 , 0.3  , 0.38 , 0.4  , 0.36 , 0.395, 0.37 , 0.38 , 0.38 ,
       0.4  , 0.33 , 0.33 , 0.36 , 0.36 , 0.38 , 0.33 , 0.27 , 0.245,
       0.42 , 0.38 , 0.37 , 0.125, 0.12 , 0.09 , 0.405, 0.25 , 0.33 ,
       0.26 , 0.36 , 0.37 , 0.31 , 0.41 , 0.36 , 0.34 , 0.395, 0.38 ,
       0.405, 0.32 , 0.34 , 0.34 , 0.345, 0.385, 0.38 , 0.35 , 0.38 ,
       0.38 ])}

split_conformal_aps_ExtraTrees full class metrics: {'class_coverage': array([1.        , 0.72413793, 0.5       , 0.66666667, 0.67816092,
       0.75324675, 0.671875  , 0.75925926, 0.40277778, 0.9321267 ,
       0.66666667, 0.38461538, 0.42857143, 0.9112426 , 0.58064516,
       0.75      , 0.76470588, 0.11111111, 0.79166667, 0.92517007,
       0.38461538, 0.71698113, 0.79881657, 0.37254902, 0.81896552,
       0.58695652, 0.45833333, 0.5       , 0.2173913 , 0.42307692,
       0.43243243, 0.75      , 0.95936795, 0.95047619, 0.68181818,
       0.95158598, 0.72222222, 0.4137931 , 0.775     , 0.57142857,
       0.80597015, 0.8220339 , 0.51282051, 0.76363636, 0.11904762,
       0.42592593, 0.42105263, 0.78481013, 0.71818182, 0.72413793,
       0.37037037, 0.954323  , 0.29166667, 0.94150418, 0.19047619,
       0.94252874, 0.84931507, 0.78947368, 0.63736264, 0.36842105,
       0.87958115, 0.69852941, 0.41176471, 0.625     , 0.70093458,
       0.53191489, 0.97471264, 0.82      , 0.61016949, 0.86153846,
       0.89380531, 0.86666667, 0.67857143, 0.41666667, 0.57798165,
       0.96721311, 0.97627965, 0.90980392, 0.52631579, 0.90697674,
       0.78787879, 0.85333333, 0.2173913 , 0.54285714, 0.81045752,
       0.5505618 , 0.87562189, 0.93261456, 0.67142857, 0.76875   ,
       0.19230769, 0.95876289, 0.9198895 , 0.5       , 0.38888889,
       0.71875   , 0.88655462, 0.94246575, 0.52459016, 0.60240964]), 'class_mean_width': array([37.64516129, 37.27586207, 35.36363636, 38.26041667, 34.44827586,
       34.62337662, 34.71875   , 33.90740741, 37.875     , 19.60859729,
       38.95555556, 38.11538462, 37.42857143, 34.1183432 , 38.93548387,
       39.38461538, 37.46078431, 35.84444444, 37.64583333, 38.29931973,
       36.86153846, 37.52830189, 30.76331361, 39.96078431, 31.18103448,
       33.67391304, 39.25      , 37.04166667, 36.86956522, 40.03846154,
       38.81081081, 39.67647059, 30.89164786, 30.55238095, 38.39772727,
       31.79799666, 39.91666667, 37.86206897, 39.61666667, 38.57142857,
       30.01492537, 33.04237288, 38.56410256, 37.4       , 37.5       ,
       35.92592593, 37.73684211, 31.41772152, 38.69090909, 37.24137931,
       39.77777778, 34.49265905, 36.54166667, 30.77437326, 37.57142857,
       30.83141762, 37.23744292, 39.13157895, 36.12087912, 38.34210526,
       36.38219895, 37.33088235, 38.82352941, 39.17045455, 32.4953271 ,
       32.76595745, 35.85747126, 35.42      , 37.10169492, 33.29230769,
       27.89380531, 26.06666667, 41.21428571, 37.375     , 35.39449541,
       14.76775956, 14.32958801, 13.25882353, 39.34210526, 26.34883721,
       33.39393939, 28.05333333, 35.65217391, 36.37142857, 31.64705882,
       39.53932584, 35.80099502, 33.64150943, 38.37142857, 37.33125   ,
       38.88461538, 31.52319588, 33.19337017, 33.48780488, 34.75      ,
       37.96875   , 36.57983193, 34.63287671, 37.45901639, 38.95180723]), 'class_median_width': array([38. , 37. , 35.5, 39. , 35. , 34. , 35. , 34. , 39. , 17. , 39. ,
       39.5, 38. , 34. , 39.5, 40. , 38. , 37. , 38. , 39. , 38. , 38. ,
       30. , 40. , 32. , 32.5, 40. , 38.5, 37. , 39. , 40. , 40. , 31. ,
       30. , 38. , 32. , 39. , 39. , 40. , 39. , 29. , 33.5, 39. , 38. ,
       38.5, 36. , 38. , 31. , 39. , 38. , 39. , 35. , 37. , 31. , 38. ,
       30. , 38. , 40. , 36. , 39.5, 37. , 38. , 38. , 40. , 33. , 33. ,
       36. , 36. , 38. , 33. , 27. , 24.5, 42. , 38. , 37. , 12.5, 12. ,
        9. , 40.5, 25. , 33. , 26. , 36. , 37. , 31. , 41. , 36. , 34. ,
       39.5, 38. , 40.5, 32. , 34. , 34. , 34.5, 38.5, 38. , 35. , 38. ,
       38. ]), 'class_mean_width_scaled': array([0.37645161, 0.37275862, 0.35363636, 0.38260417, 0.34448276,
       0.34623377, 0.3471875 , 0.33907407, 0.37875   , 0.19608597,
       0.38955556, 0.38115385, 0.37428571, 0.34118343, 0.38935484,
       0.39384615, 0.37460784, 0.35844444, 0.37645833, 0.3829932 ,
       0.36861538, 0.37528302, 0.30763314, 0.39960784, 0.31181034,
       0.33673913, 0.3925    , 0.37041667, 0.36869565, 0.40038462,
       0.38810811, 0.39676471, 0.30891648, 0.30552381, 0.38397727,
       0.31797997, 0.39916667, 0.37862069, 0.39616667, 0.38571429,
       0.30014925, 0.33042373, 0.38564103, 0.374     , 0.375     ,
       0.35925926, 0.37736842, 0.31417722, 0.38690909, 0.37241379,
       0.39777778, 0.34492659, 0.36541667, 0.30774373, 0.37571429,
       0.30831418, 0.37237443, 0.39131579, 0.36120879, 0.38342105,
       0.36382199, 0.37330882, 0.38823529, 0.39170455, 0.32495327,
       0.32765957, 0.35857471, 0.3542    , 0.37101695, 0.33292308,
       0.27893805, 0.26066667, 0.41214286, 0.37375   , 0.35394495,
       0.1476776 , 0.14329588, 0.13258824, 0.39342105, 0.26348837,
       0.33393939, 0.28053333, 0.35652174, 0.36371429, 0.31647059,
       0.39539326, 0.35800995, 0.33641509, 0.38371429, 0.3733125 ,
       0.38884615, 0.31523196, 0.3319337 , 0.33487805, 0.3475    ,
       0.3796875 , 0.36579832, 0.34632877, 0.37459016, 0.38951807]), 'class_median_width_scaled': array([0.38 , 0.37 , 0.355, 0.39 , 0.35 , 0.34 , 0.35 , 0.34 , 0.39 ,
       0.17 , 0.39 , 0.395, 0.38 , 0.34 , 0.395, 0.4  , 0.38 , 0.37 ,
       0.38 , 0.39 , 0.38 , 0.38 , 0.3  , 0.4  , 0.32 , 0.325, 0.4  ,
       0.385, 0.37 , 0.39 , 0.4  , 0.4  , 0.31 , 0.3  , 0.38 , 0.32 ,
       0.39 , 0.39 , 0.4  , 0.39 , 0.29 , 0.335, 0.39 , 0.38 , 0.385,
       0.36 , 0.38 , 0.31 , 0.39 , 0.38 , 0.39 , 0.35 , 0.37 , 0.31 ,
       0.38 , 0.3  , 0.38 , 0.4  , 0.36 , 0.395, 0.37 , 0.38 , 0.38 ,
       0.4  , 0.33 , 0.33 , 0.36 , 0.36 , 0.38 , 0.33 , 0.27 , 0.245,
       0.42 , 0.38 , 0.37 , 0.125, 0.12 , 0.09 , 0.405, 0.25 , 0.33 ,
       0.26 , 0.36 , 0.37 , 0.31 , 0.41 , 0.36 , 0.34 , 0.395, 0.38 ,
       0.405, 0.32 , 0.34 , 0.34 , 0.345, 0.385, 0.38 , 0.35 , 0.38 ,
       0.38 ])}

Job completed at Wed Mar 19 06:20:50 PM PDT 2025
