Starting job at Thu Mar 20 05:03:26 PM PDT 2025
Job parameters:
Dataset: data_language
UQ Method: split_conformal_raps
Estimator: LogisticRegression
Seed: 784
Train Size: 0.8
Running split_conformal_raps on data_language with seed 784 and train size 0.8

starting experiment

data created

Fitting split_conformal_raps_LogisticRegression on data_language with seed 784

split_conformal_raps_LogisticRegression metrics: {'coverage': np.float64(0.94), 'mean_width': np.float64(11.87), 'median_width': np.float64(13.0), 'mean_width_scaled': np.float64(0.39566666666666667), 'median_width_scaled': np.float64(0.43333333333333335)}

split_conformal_raps_LogisticRegression full metrics: {'coverage': np.float64(0.94), 'mean_width': np.float64(11.87), 'median_width': np.float64(13.0), 'mean_width_scaled': np.float64(0.39566666666666667), 'median_width_scaled': np.float64(0.43333333333333335)}

split_conformal_raps_LogisticRegression class metrics: {'class_coverage': array([1.        , 1.        , 1.        , 0.66666667, 1.        ,
       0.9       , 0.8       , 1.        , 0.9375    , 1.        ,
       1.        , 1.        , 0.83333333, 1.        , 0.        ,
       1.        , 1.        , 1.        , 1.        , 1.        ,
       0.9       , 1.        , 1.        , 1.        , 0.83333333,
       1.        , 1.        , 1.        , 1.        , 0.5       ]), 'class_mean_width': array([13.88888889, 13.        , 14.        , 11.33333333, 13.42857143,
       13.1       , 13.06666667,  9.        , 10.5       , 12.        ,
       10.4       , 14.        , 10.5       , 10.16666667, 12.5       ,
       14.        , 14.        , 13.66666667, 11.33333333, 13.14285714,
       12.8       , 12.66666667, 10.16666667, 11.5       ,  8.83333333,
       11.8       , 14.        , 10.        ,  7.83333333,  9.5       ]), 'class_median_width': array([14. , 13. , 14. , 13. , 14. , 14. , 14. ,  9. , 11. , 12.5,  9. ,
       14. , 10. ,  9. , 12.5, 14. , 14. , 14. , 12. , 14. , 14. , 14. ,
       12. , 11.5,  8.5, 12. , 14. , 10. ,  8. ,  9.5]), 'class_mean_width_scaled': array([0.46296296, 0.43333333, 0.46666667, 0.37777778, 0.44761905,
       0.43666667, 0.43555556, 0.3       , 0.35      , 0.4       ,
       0.34666667, 0.46666667, 0.35      , 0.33888889, 0.41666667,
       0.46666667, 0.46666667, 0.45555556, 0.37777778, 0.43809524,
       0.42666667, 0.42222222, 0.33888889, 0.38333333, 0.29444444,
       0.39333333, 0.46666667, 0.33333333, 0.26111111, 0.31666667]), 'class_median_width_scaled': array([0.46666667, 0.43333333, 0.46666667, 0.43333333, 0.46666667,
       0.46666667, 0.46666667, 0.3       , 0.36666667, 0.41666667,
       0.3       , 0.46666667, 0.33333333, 0.3       , 0.41666667,
       0.46666667, 0.46666667, 0.46666667, 0.4       , 0.46666667,
       0.46666667, 0.46666667, 0.4       , 0.38333333, 0.28333333,
       0.4       , 0.46666667, 0.33333333, 0.26666667, 0.31666667])}

split_conformal_raps_LogisticRegression full class metrics: {'class_coverage': array([1.        , 1.        , 1.        , 0.66666667, 1.        ,
       0.9       , 0.8       , 1.        , 0.9375    , 1.        ,
       1.        , 1.        , 0.83333333, 1.        , 0.        ,
       1.        , 1.        , 1.        , 1.        , 1.        ,
       0.9       , 1.        , 1.        , 1.        , 0.83333333,
       1.        , 1.        , 1.        , 1.        , 0.5       ]), 'class_mean_width': array([13.88888889, 13.        , 14.        , 11.33333333, 13.42857143,
       13.1       , 13.06666667,  9.        , 10.5       , 12.        ,
       10.4       , 14.        , 10.5       , 10.16666667, 12.5       ,
       14.        , 14.        , 13.66666667, 11.33333333, 13.14285714,
       12.8       , 12.66666667, 10.16666667, 11.5       ,  8.83333333,
       11.8       , 14.        , 10.        ,  7.83333333,  9.5       ]), 'class_median_width': array([14. , 13. , 14. , 13. , 14. , 14. , 14. ,  9. , 11. , 12.5,  9. ,
       14. , 10. ,  9. , 12.5, 14. , 14. , 14. , 12. , 14. , 14. , 14. ,
       12. , 11.5,  8.5, 12. , 14. , 10. ,  8. ,  9.5]), 'class_mean_width_scaled': array([0.46296296, 0.43333333, 0.46666667, 0.37777778, 0.44761905,
       0.43666667, 0.43555556, 0.3       , 0.35      , 0.4       ,
       0.34666667, 0.46666667, 0.35      , 0.33888889, 0.41666667,
       0.46666667, 0.46666667, 0.45555556, 0.37777778, 0.43809524,
       0.42666667, 0.42222222, 0.33888889, 0.38333333, 0.29444444,
       0.39333333, 0.46666667, 0.33333333, 0.26111111, 0.31666667]), 'class_median_width_scaled': array([0.46666667, 0.43333333, 0.46666667, 0.43333333, 0.46666667,
       0.46666667, 0.46666667, 0.3       , 0.36666667, 0.41666667,
       0.3       , 0.46666667, 0.33333333, 0.3       , 0.41666667,
       0.46666667, 0.46666667, 0.46666667, 0.4       , 0.46666667,
       0.46666667, 0.46666667, 0.4       , 0.38333333, 0.28333333,
       0.4       , 0.46666667, 0.33333333, 0.26666667, 0.31666667])}

Job completed at Thu Mar 20 05:03:28 PM PDT 2025
