Starting job at Thu Mar 20 05:03:25 PM PDT 2025
Job parameters:
Dataset: data_language
UQ Method: split_conformal_raps
Estimator: LogisticRegression
Seed: 777
Train Size: 0.8
Running split_conformal_raps on data_language with seed 777 and train size 0.8

starting experiment

data created

Fitting split_conformal_raps_LogisticRegression on data_language with seed 777

split_conformal_raps_LogisticRegression metrics: {'coverage': np.float64(0.89), 'mean_width': np.float64(11.325), 'median_width': np.float64(12.0), 'mean_width_scaled': np.float64(0.3775), 'median_width_scaled': np.float64(0.4)}

split_conformal_raps_LogisticRegression full metrics: {'coverage': np.float64(0.89), 'mean_width': np.float64(11.325), 'median_width': np.float64(12.0), 'mean_width_scaled': np.float64(0.3775), 'median_width_scaled': np.float64(0.4)}

split_conformal_raps_LogisticRegression class metrics: {'class_coverage': array([1.        , 1.        , 1.        , 0.66666667, 0.85714286,
       0.6       , 1.        , 1.        , 1.        , 1.        ,
       1.        , 1.        , 0.83333333, 0.83333333, 0.5       ,
       1.        , 1.        , 1.        , 1.        , 1.        ,
       0.9       , 1.        , 0.83333333, 0.875     , 0.66666667,
       0.6       , 0.        , 0.83333333, 0.66666667, 0.5       ]), 'class_mean_width': array([15.11111111, 12.8       , 15.66666667,  8.66666667,  9.85714286,
       11.4       , 12.26666667,  7.66666667,  9.6875    , 11.16666667,
       11.4       , 16.        ,  7.33333333, 11.66666667, 15.        ,
       15.22222222, 12.2       , 14.        , 11.33333333, 11.85714286,
       12.4       , 12.8       ,  9.        , 10.25      ,  8.83333333,
        8.4       ,  8.        , 10.16666667, 10.33333333, 11.5       ]), 'class_median_width': array([16. , 13. , 16. ,  9. , 10. , 11.5, 12. ,  8.5, 10. , 11.5, 12. ,
       16. ,  7. , 12. , 15. , 16. , 12. , 14. , 12. , 13. , 12. , 14. ,
        9. , 10. ,  9. ,  8. ,  8. ,  9.5, 12.5, 11.5]), 'class_mean_width_scaled': array([0.5037037 , 0.42666667, 0.52222222, 0.28888889, 0.32857143,
       0.38      , 0.40888889, 0.25555556, 0.32291667, 0.37222222,
       0.38      , 0.53333333, 0.24444444, 0.38888889, 0.5       ,
       0.50740741, 0.40666667, 0.46666667, 0.37777778, 0.3952381 ,
       0.41333333, 0.42666667, 0.3       , 0.34166667, 0.29444444,
       0.28      , 0.26666667, 0.33888889, 0.34444444, 0.38333333]), 'class_median_width_scaled': array([0.53333333, 0.43333333, 0.53333333, 0.3       , 0.33333333,
       0.38333333, 0.4       , 0.28333333, 0.33333333, 0.38333333,
       0.4       , 0.53333333, 0.23333333, 0.4       , 0.5       ,
       0.53333333, 0.4       , 0.46666667, 0.4       , 0.43333333,
       0.4       , 0.46666667, 0.3       , 0.33333333, 0.3       ,
       0.26666667, 0.26666667, 0.31666667, 0.41666667, 0.38333333])}

split_conformal_raps_LogisticRegression full class metrics: {'class_coverage': array([1.        , 1.        , 1.        , 0.66666667, 0.85714286,
       0.6       , 1.        , 1.        , 1.        , 1.        ,
       1.        , 1.        , 0.83333333, 0.83333333, 0.5       ,
       1.        , 1.        , 1.        , 1.        , 1.        ,
       0.9       , 1.        , 0.83333333, 0.875     , 0.66666667,
       0.6       , 0.        , 0.83333333, 0.66666667, 0.5       ]), 'class_mean_width': array([15.11111111, 12.8       , 15.66666667,  8.66666667,  9.85714286,
       11.4       , 12.26666667,  7.66666667,  9.6875    , 11.16666667,
       11.4       , 16.        ,  7.33333333, 11.66666667, 15.        ,
       15.22222222, 12.2       , 14.        , 11.33333333, 11.85714286,
       12.4       , 12.8       ,  9.        , 10.25      ,  8.83333333,
        8.4       ,  8.        , 10.16666667, 10.33333333, 11.5       ]), 'class_median_width': array([16. , 13. , 16. ,  9. , 10. , 11.5, 12. ,  8.5, 10. , 11.5, 12. ,
       16. ,  7. , 12. , 15. , 16. , 12. , 14. , 12. , 13. , 12. , 14. ,
        9. , 10. ,  9. ,  8. ,  8. ,  9.5, 12.5, 11.5]), 'class_mean_width_scaled': array([0.5037037 , 0.42666667, 0.52222222, 0.28888889, 0.32857143,
       0.38      , 0.40888889, 0.25555556, 0.32291667, 0.37222222,
       0.38      , 0.53333333, 0.24444444, 0.38888889, 0.5       ,
       0.50740741, 0.40666667, 0.46666667, 0.37777778, 0.3952381 ,
       0.41333333, 0.42666667, 0.3       , 0.34166667, 0.29444444,
       0.28      , 0.26666667, 0.33888889, 0.34444444, 0.38333333]), 'class_median_width_scaled': array([0.53333333, 0.43333333, 0.53333333, 0.3       , 0.33333333,
       0.38333333, 0.4       , 0.28333333, 0.33333333, 0.38333333,
       0.4       , 0.53333333, 0.23333333, 0.4       , 0.5       ,
       0.53333333, 0.4       , 0.46666667, 0.4       , 0.43333333,
       0.4       , 0.46666667, 0.3       , 0.33333333, 0.3       ,
       0.26666667, 0.26666667, 0.31666667, 0.41666667, 0.38333333])}

Job completed at Thu Mar 20 05:03:28 PM PDT 2025
