Starting job at Thu Mar 20 05:03:25 PM PDT 2025
Job parameters:
Dataset: data_language
UQ Method: split_conformal_raps
Estimator: LogisticRegression
Seed: 782
Train Size: 0.8
Running split_conformal_raps on data_language with seed 782 and train size 0.8

starting experiment

data created

Fitting split_conformal_raps_LogisticRegression on data_language with seed 782

split_conformal_raps_LogisticRegression metrics: {'coverage': np.float64(0.89), 'mean_width': np.float64(12.345), 'median_width': np.float64(12.0), 'mean_width_scaled': np.float64(0.41150000000000003), 'median_width_scaled': np.float64(0.4)}

split_conformal_raps_LogisticRegression full metrics: {'coverage': np.float64(0.89), 'mean_width': np.float64(12.345), 'median_width': np.float64(12.0), 'mean_width_scaled': np.float64(0.41150000000000003), 'median_width_scaled': np.float64(0.4)}

split_conformal_raps_LogisticRegression class metrics: {'class_coverage': array([0.88888889, 1.        , 1.        , 0.66666667, 1.        ,
       0.7       , 1.        , 0.83333333, 0.9375    , 0.83333333,
       1.        , 1.        , 1.        , 1.        , 0.5       ,
       0.88888889, 0.8       , 1.        , 0.33333333, 1.        ,
       1.        , 1.        , 0.83333333, 1.        , 0.66666667,
       0.8       , 0.        , 0.83333333, 0.66666667, 0.5       ]), 'class_mean_width': array([12.66666667, 12.8       , 12.        , 12.66666667, 12.14285714,
       12.5       , 12.46666667, 12.16666667, 12.125     , 12.66666667,
       12.6       , 12.        , 12.16666667, 12.5       , 12.        ,
       12.44444444, 12.6       , 12.33333333, 12.        , 12.57142857,
       12.3       , 12.53333333, 12.        , 12.125     , 12.        ,
       12.4       , 12.        , 12.16666667, 12.33333333, 12.        ]), 'class_median_width': array([13. , 13. , 12. , 13. , 12. , 12.5, 12. , 12. , 12. , 13. , 13. ,
       12. , 12. , 12.5, 12. , 12. , 13. , 12. , 12. , 13. , 12. , 13. ,
       12. , 12. , 12. , 12. , 12. , 12. , 12. , 12. ]), 'class_mean_width_scaled': array([0.42222222, 0.42666667, 0.4       , 0.42222222, 0.4047619 ,
       0.41666667, 0.41555556, 0.40555556, 0.40416667, 0.42222222,
       0.42      , 0.4       , 0.40555556, 0.41666667, 0.4       ,
       0.41481481, 0.42      , 0.41111111, 0.4       , 0.41904762,
       0.41      , 0.41777778, 0.4       , 0.40416667, 0.4       ,
       0.41333333, 0.4       , 0.40555556, 0.41111111, 0.4       ]), 'class_median_width_scaled': array([0.43333333, 0.43333333, 0.4       , 0.43333333, 0.4       ,
       0.41666667, 0.4       , 0.4       , 0.4       , 0.43333333,
       0.43333333, 0.4       , 0.4       , 0.41666667, 0.4       ,
       0.4       , 0.43333333, 0.4       , 0.4       , 0.43333333,
       0.4       , 0.43333333, 0.4       , 0.4       , 0.4       ,
       0.4       , 0.4       , 0.4       , 0.4       , 0.4       ])}

split_conformal_raps_LogisticRegression full class metrics: {'class_coverage': array([0.88888889, 1.        , 1.        , 0.66666667, 1.        ,
       0.7       , 1.        , 0.83333333, 0.9375    , 0.83333333,
       1.        , 1.        , 1.        , 1.        , 0.5       ,
       0.88888889, 0.8       , 1.        , 0.33333333, 1.        ,
       1.        , 1.        , 0.83333333, 1.        , 0.66666667,
       0.8       , 0.        , 0.83333333, 0.66666667, 0.5       ]), 'class_mean_width': array([12.66666667, 12.8       , 12.        , 12.66666667, 12.14285714,
       12.5       , 12.46666667, 12.16666667, 12.125     , 12.66666667,
       12.6       , 12.        , 12.16666667, 12.5       , 12.        ,
       12.44444444, 12.6       , 12.33333333, 12.        , 12.57142857,
       12.3       , 12.53333333, 12.        , 12.125     , 12.        ,
       12.4       , 12.        , 12.16666667, 12.33333333, 12.        ]), 'class_median_width': array([13. , 13. , 12. , 13. , 12. , 12.5, 12. , 12. , 12. , 13. , 13. ,
       12. , 12. , 12.5, 12. , 12. , 13. , 12. , 12. , 13. , 12. , 13. ,
       12. , 12. , 12. , 12. , 12. , 12. , 12. , 12. ]), 'class_mean_width_scaled': array([0.42222222, 0.42666667, 0.4       , 0.42222222, 0.4047619 ,
       0.41666667, 0.41555556, 0.40555556, 0.40416667, 0.42222222,
       0.42      , 0.4       , 0.40555556, 0.41666667, 0.4       ,
       0.41481481, 0.42      , 0.41111111, 0.4       , 0.41904762,
       0.41      , 0.41777778, 0.4       , 0.40416667, 0.4       ,
       0.41333333, 0.4       , 0.40555556, 0.41111111, 0.4       ]), 'class_median_width_scaled': array([0.43333333, 0.43333333, 0.4       , 0.43333333, 0.4       ,
       0.41666667, 0.4       , 0.4       , 0.4       , 0.43333333,
       0.43333333, 0.4       , 0.4       , 0.41666667, 0.4       ,
       0.4       , 0.43333333, 0.4       , 0.4       , 0.43333333,
       0.4       , 0.43333333, 0.4       , 0.4       , 0.4       ,
       0.4       , 0.4       , 0.4       , 0.4       , 0.4       ])}

Job completed at Thu Mar 20 05:03:28 PM PDT 2025
