Starting job at Thu Mar 20 05:03:25 PM PDT 2025
Job parameters:
Dataset: data_language
UQ Method: split_conformal_raps
Estimator: LogisticRegression
Seed: 779
Train Size: 0.8
Running split_conformal_raps on data_language with seed 779 and train size 0.8

starting experiment

data created

Fitting split_conformal_raps_LogisticRegression on data_language with seed 779

split_conformal_raps_LogisticRegression metrics: {'coverage': np.float64(0.86), 'mean_width': np.float64(11.55), 'median_width': np.float64(12.0), 'mean_width_scaled': np.float64(0.385), 'median_width_scaled': np.float64(0.4)}

split_conformal_raps_LogisticRegression full metrics: {'coverage': np.float64(0.86), 'mean_width': np.float64(11.55), 'median_width': np.float64(12.0), 'mean_width_scaled': np.float64(0.385), 'median_width_scaled': np.float64(0.4)}

split_conformal_raps_LogisticRegression class metrics: {'class_coverage': array([0.66666667, 0.8       , 1.        , 0.33333333, 0.85714286,
       0.8       , 1.        , 0.83333333, 0.8125    , 1.        ,
       1.        , 1.        , 1.        , 1.        , 1.        ,
       1.        , 1.        , 1.        , 0.66666667, 0.28571429,
       0.8       , 0.93333333, 0.83333333, 1.        , 0.83333333,
       1.        , 0.        , 0.83333333, 0.83333333, 0.5       ]), 'class_mean_width': array([11.88888889, 12.        , 12.        , 10.        , 10.85714286,
       11.9       , 11.93333333, 11.33333333, 11.6875    , 12.        ,
       12.        , 12.        , 11.16666667, 11.66666667, 12.        ,
       11.11111111, 12.        , 12.        , 12.        , 11.42857143,
       12.        , 11.46666667, 10.83333333, 11.375     , 11.        ,
       12.        , 12.        , 12.        , 10.5       ,  9.5       ]), 'class_median_width': array([12. , 12. , 12. , 12. , 12. , 12. , 12. , 12. , 12. , 12. , 12. ,
       12. , 11.5, 12. , 12. , 12. , 12. , 12. , 12. , 12. , 12. , 12. ,
       11.5, 12. , 12. , 12. , 12. , 12. , 12. ,  9.5]), 'class_mean_width_scaled': array([0.3962963 , 0.4       , 0.4       , 0.33333333, 0.36190476,
       0.39666667, 0.39777778, 0.37777778, 0.38958333, 0.4       ,
       0.4       , 0.4       , 0.37222222, 0.38888889, 0.4       ,
       0.37037037, 0.4       , 0.4       , 0.4       , 0.38095238,
       0.4       , 0.38222222, 0.36111111, 0.37916667, 0.36666667,
       0.4       , 0.4       , 0.4       , 0.35      , 0.31666667]), 'class_median_width_scaled': array([0.4       , 0.4       , 0.4       , 0.4       , 0.4       ,
       0.4       , 0.4       , 0.4       , 0.4       , 0.4       ,
       0.4       , 0.4       , 0.38333333, 0.4       , 0.4       ,
       0.4       , 0.4       , 0.4       , 0.4       , 0.4       ,
       0.4       , 0.4       , 0.38333333, 0.4       , 0.4       ,
       0.4       , 0.4       , 0.4       , 0.4       , 0.31666667])}

split_conformal_raps_LogisticRegression full class metrics: {'class_coverage': array([0.66666667, 0.8       , 1.        , 0.33333333, 0.85714286,
       0.8       , 1.        , 0.83333333, 0.8125    , 1.        ,
       1.        , 1.        , 1.        , 1.        , 1.        ,
       1.        , 1.        , 1.        , 0.66666667, 0.28571429,
       0.8       , 0.93333333, 0.83333333, 1.        , 0.83333333,
       1.        , 0.        , 0.83333333, 0.83333333, 0.5       ]), 'class_mean_width': array([11.88888889, 12.        , 12.        , 10.        , 10.85714286,
       11.9       , 11.93333333, 11.33333333, 11.6875    , 12.        ,
       12.        , 12.        , 11.16666667, 11.66666667, 12.        ,
       11.11111111, 12.        , 12.        , 12.        , 11.42857143,
       12.        , 11.46666667, 10.83333333, 11.375     , 11.        ,
       12.        , 12.        , 12.        , 10.5       ,  9.5       ]), 'class_median_width': array([12. , 12. , 12. , 12. , 12. , 12. , 12. , 12. , 12. , 12. , 12. ,
       12. , 11.5, 12. , 12. , 12. , 12. , 12. , 12. , 12. , 12. , 12. ,
       11.5, 12. , 12. , 12. , 12. , 12. , 12. ,  9.5]), 'class_mean_width_scaled': array([0.3962963 , 0.4       , 0.4       , 0.33333333, 0.36190476,
       0.39666667, 0.39777778, 0.37777778, 0.38958333, 0.4       ,
       0.4       , 0.4       , 0.37222222, 0.38888889, 0.4       ,
       0.37037037, 0.4       , 0.4       , 0.4       , 0.38095238,
       0.4       , 0.38222222, 0.36111111, 0.37916667, 0.36666667,
       0.4       , 0.4       , 0.4       , 0.35      , 0.31666667]), 'class_median_width_scaled': array([0.4       , 0.4       , 0.4       , 0.4       , 0.4       ,
       0.4       , 0.4       , 0.4       , 0.4       , 0.4       ,
       0.4       , 0.4       , 0.38333333, 0.4       , 0.4       ,
       0.4       , 0.4       , 0.4       , 0.4       , 0.4       ,
       0.4       , 0.4       , 0.38333333, 0.4       , 0.4       ,
       0.4       , 0.4       , 0.4       , 0.4       , 0.31666667])}

Job completed at Thu Mar 20 05:03:28 PM PDT 2025
