Starting job at Thu Mar 20 05:03:28 PM PDT 2025
Job parameters:
Dataset: data_language
UQ Method: split_conformal_raps
Estimator: LogisticRegression
Seed: 786
Train Size: 0.8
Running split_conformal_raps on data_language with seed 786 and train size 0.8

starting experiment

data created

Fitting split_conformal_raps_LogisticRegression on data_language with seed 786

split_conformal_raps_LogisticRegression metrics: {'coverage': np.float64(0.91), 'mean_width': np.float64(11.565), 'median_width': np.float64(13.0), 'mean_width_scaled': np.float64(0.3855), 'median_width_scaled': np.float64(0.43333333333333335)}

split_conformal_raps_LogisticRegression full metrics: {'coverage': np.float64(0.91), 'mean_width': np.float64(11.565), 'median_width': np.float64(13.0), 'mean_width_scaled': np.float64(0.3855), 'median_width_scaled': np.float64(0.43333333333333335)}

split_conformal_raps_LogisticRegression class metrics: {'class_coverage': array([1.        , 1.        , 1.        , 1.        , 0.71428571,
       0.9       , 1.        , 0.83333333, 1.        , 0.83333333,
       1.        , 1.        , 1.        , 0.83333333, 0.5       ,
       1.        , 1.        , 1.        , 0.66666667, 0.71428571,
       0.9       , 1.        , 1.        , 0.9375    , 0.83333333,
       0.8       , 0.        , 1.        , 0.83333333, 0.        ]), 'class_mean_width': array([12.33333333, 13.        , 12.        , 13.        , 11.        ,
       12.        , 12.33333333, 10.5       , 10.8125    , 12.5       ,
        9.2       , 12.        ,  8.16666667, 10.5       , 13.        ,
       12.77777778, 13.        , 12.66666667, 12.        ,  9.71428571,
       12.2       , 13.        , 11.5       , 11.375     , 10.33333333,
       10.8       , 11.        , 11.83333333,  9.83333333, 13.        ]), 'class_median_width': array([13. , 13. , 13. , 13. , 13. , 13. , 13. , 10. , 11. , 13. ,  9. ,
       12. ,  8. , 10.5, 13. , 13. , 13. , 13. , 12. , 10. , 13. , 13. ,
       12.5, 12. , 10.5, 11. , 11. , 13. , 10. , 13. ]), 'class_mean_width_scaled': array([0.41111111, 0.43333333, 0.4       , 0.43333333, 0.36666667,
       0.4       , 0.41111111, 0.35      , 0.36041667, 0.41666667,
       0.30666667, 0.4       , 0.27222222, 0.35      , 0.43333333,
       0.42592593, 0.43333333, 0.42222222, 0.4       , 0.32380952,
       0.40666667, 0.43333333, 0.38333333, 0.37916667, 0.34444444,
       0.36      , 0.36666667, 0.39444444, 0.32777778, 0.43333333]), 'class_median_width_scaled': array([0.43333333, 0.43333333, 0.43333333, 0.43333333, 0.43333333,
       0.43333333, 0.43333333, 0.33333333, 0.36666667, 0.43333333,
       0.3       , 0.4       , 0.26666667, 0.35      , 0.43333333,
       0.43333333, 0.43333333, 0.43333333, 0.4       , 0.33333333,
       0.43333333, 0.43333333, 0.41666667, 0.4       , 0.35      ,
       0.36666667, 0.36666667, 0.43333333, 0.33333333, 0.43333333])}

split_conformal_raps_LogisticRegression full class metrics: {'class_coverage': array([1.        , 1.        , 1.        , 1.        , 0.71428571,
       0.9       , 1.        , 0.83333333, 1.        , 0.83333333,
       1.        , 1.        , 1.        , 0.83333333, 0.5       ,
       1.        , 1.        , 1.        , 0.66666667, 0.71428571,
       0.9       , 1.        , 1.        , 0.9375    , 0.83333333,
       0.8       , 0.        , 1.        , 0.83333333, 0.        ]), 'class_mean_width': array([12.33333333, 13.        , 12.        , 13.        , 11.        ,
       12.        , 12.33333333, 10.5       , 10.8125    , 12.5       ,
        9.2       , 12.        ,  8.16666667, 10.5       , 13.        ,
       12.77777778, 13.        , 12.66666667, 12.        ,  9.71428571,
       12.2       , 13.        , 11.5       , 11.375     , 10.33333333,
       10.8       , 11.        , 11.83333333,  9.83333333, 13.        ]), 'class_median_width': array([13. , 13. , 13. , 13. , 13. , 13. , 13. , 10. , 11. , 13. ,  9. ,
       12. ,  8. , 10.5, 13. , 13. , 13. , 13. , 12. , 10. , 13. , 13. ,
       12.5, 12. , 10.5, 11. , 11. , 13. , 10. , 13. ]), 'class_mean_width_scaled': array([0.41111111, 0.43333333, 0.4       , 0.43333333, 0.36666667,
       0.4       , 0.41111111, 0.35      , 0.36041667, 0.41666667,
       0.30666667, 0.4       , 0.27222222, 0.35      , 0.43333333,
       0.42592593, 0.43333333, 0.42222222, 0.4       , 0.32380952,
       0.40666667, 0.43333333, 0.38333333, 0.37916667, 0.34444444,
       0.36      , 0.36666667, 0.39444444, 0.32777778, 0.43333333]), 'class_median_width_scaled': array([0.43333333, 0.43333333, 0.43333333, 0.43333333, 0.43333333,
       0.43333333, 0.43333333, 0.33333333, 0.36666667, 0.43333333,
       0.3       , 0.4       , 0.26666667, 0.35      , 0.43333333,
       0.43333333, 0.43333333, 0.43333333, 0.4       , 0.33333333,
       0.43333333, 0.43333333, 0.41666667, 0.4       , 0.35      ,
       0.36666667, 0.36666667, 0.43333333, 0.33333333, 0.43333333])}

Job completed at Thu Mar 20 05:03:30 PM PDT 2025
