Starting job at Thu Mar 20 05:03:25 PM PDT 2025
Job parameters:
Dataset: data_language
UQ Method: split_conformal_raps
Estimator: LogisticRegression
Seed: 783
Train Size: 0.8
Running split_conformal_raps on data_language with seed 783 and train size 0.8

starting experiment

data created

Fitting split_conformal_raps_LogisticRegression on data_language with seed 783

split_conformal_raps_LogisticRegression metrics: {'coverage': np.float64(0.92), 'mean_width': np.float64(12.25), 'median_width': np.float64(12.0), 'mean_width_scaled': np.float64(0.4083333333333333), 'median_width_scaled': np.float64(0.4)}

split_conformal_raps_LogisticRegression full metrics: {'coverage': np.float64(0.92), 'mean_width': np.float64(12.25), 'median_width': np.float64(12.0), 'mean_width_scaled': np.float64(0.4083333333333333), 'median_width_scaled': np.float64(0.4)}

split_conformal_raps_LogisticRegression class metrics: {'class_coverage': array([1.        , 1.        , 1.        , 1.        , 1.        ,
       0.7       , 1.        , 0.83333333, 1.        , 1.        ,
       1.        , 1.        , 1.        , 1.        , 0.5       ,
       0.88888889, 0.8       , 1.        , 0.66666667, 0.85714286,
       0.8       , 1.        , 0.66666667, 0.9375    , 0.83333333,
       0.8       , 1.        , 1.        , 1.        , 1.        ]), 'class_mean_width': array([12.22222222, 12.6       , 12.33333333, 12.        , 12.14285714,
       12.5       , 12.4       , 12.16666667, 12.        , 12.16666667,
       12.2       , 12.        , 12.16666667, 12.16666667, 12.5       ,
       12.66666667, 12.6       , 12.66666667, 12.        , 12.28571429,
       12.2       , 12.26666667, 12.        , 12.125     , 12.        ,
       12.2       , 13.        , 12.16666667, 12.16666667, 12.5       ]), 'class_median_width': array([12. , 13. , 12. , 12. , 12. , 12.5, 12. , 12. , 12. , 12. , 12. ,
       12. , 12. , 12. , 12.5, 13. , 13. , 13. , 12. , 12. , 12. , 12. ,
       12. , 12. , 12. , 12. , 13. , 12. , 12. , 12.5]), 'class_mean_width_scaled': array([0.40740741, 0.42      , 0.41111111, 0.4       , 0.4047619 ,
       0.41666667, 0.41333333, 0.40555556, 0.4       , 0.40555556,
       0.40666667, 0.4       , 0.40555556, 0.40555556, 0.41666667,
       0.42222222, 0.42      , 0.42222222, 0.4       , 0.40952381,
       0.40666667, 0.40888889, 0.4       , 0.40416667, 0.4       ,
       0.40666667, 0.43333333, 0.40555556, 0.40555556, 0.41666667]), 'class_median_width_scaled': array([0.4       , 0.43333333, 0.4       , 0.4       , 0.4       ,
       0.41666667, 0.4       , 0.4       , 0.4       , 0.4       ,
       0.4       , 0.4       , 0.4       , 0.4       , 0.41666667,
       0.43333333, 0.43333333, 0.43333333, 0.4       , 0.4       ,
       0.4       , 0.4       , 0.4       , 0.4       , 0.4       ,
       0.4       , 0.43333333, 0.4       , 0.4       , 0.41666667])}

split_conformal_raps_LogisticRegression full class metrics: {'class_coverage': array([1.        , 1.        , 1.        , 1.        , 1.        ,
       0.7       , 1.        , 0.83333333, 1.        , 1.        ,
       1.        , 1.        , 1.        , 1.        , 0.5       ,
       0.88888889, 0.8       , 1.        , 0.66666667, 0.85714286,
       0.8       , 1.        , 0.66666667, 0.9375    , 0.83333333,
       0.8       , 1.        , 1.        , 1.        , 1.        ]), 'class_mean_width': array([12.22222222, 12.6       , 12.33333333, 12.        , 12.14285714,
       12.5       , 12.4       , 12.16666667, 12.        , 12.16666667,
       12.2       , 12.        , 12.16666667, 12.16666667, 12.5       ,
       12.66666667, 12.6       , 12.66666667, 12.        , 12.28571429,
       12.2       , 12.26666667, 12.        , 12.125     , 12.        ,
       12.2       , 13.        , 12.16666667, 12.16666667, 12.5       ]), 'class_median_width': array([12. , 13. , 12. , 12. , 12. , 12.5, 12. , 12. , 12. , 12. , 12. ,
       12. , 12. , 12. , 12.5, 13. , 13. , 13. , 12. , 12. , 12. , 12. ,
       12. , 12. , 12. , 12. , 13. , 12. , 12. , 12.5]), 'class_mean_width_scaled': array([0.40740741, 0.42      , 0.41111111, 0.4       , 0.4047619 ,
       0.41666667, 0.41333333, 0.40555556, 0.4       , 0.40555556,
       0.40666667, 0.4       , 0.40555556, 0.40555556, 0.41666667,
       0.42222222, 0.42      , 0.42222222, 0.4       , 0.40952381,
       0.40666667, 0.40888889, 0.4       , 0.40416667, 0.4       ,
       0.40666667, 0.43333333, 0.40555556, 0.40555556, 0.41666667]), 'class_median_width_scaled': array([0.4       , 0.43333333, 0.4       , 0.4       , 0.4       ,
       0.41666667, 0.4       , 0.4       , 0.4       , 0.4       ,
       0.4       , 0.4       , 0.4       , 0.4       , 0.41666667,
       0.43333333, 0.43333333, 0.43333333, 0.4       , 0.4       ,
       0.4       , 0.4       , 0.4       , 0.4       , 0.4       ,
       0.4       , 0.43333333, 0.4       , 0.4       , 0.41666667])}

Job completed at Thu Mar 20 05:03:26 PM PDT 2025
