Starting job at Thu Mar 20 05:03:04 PM PDT 2025
Job parameters:
Dataset: data_yeast
UQ Method: split_conformal_aps
Estimator: MLP
Seed: 779
Train Size: 0.8
Running split_conformal_aps on data_yeast with seed 779 and train size 0.8

starting experiment

data created

Fitting split_conformal_aps_MLP on data_yeast with seed 779

split_conformal_aps_MLP metrics: {'coverage': np.float64(0.9225589225589226), 'mean_width': np.float64(3.053872053872054), 'median_width': np.float64(3.0), 'mean_width_scaled': np.float64(0.30538720538720543), 'median_width_scaled': np.float64(0.3)}

split_conformal_aps_MLP full metrics: {'coverage': np.float64(0.9225589225589226), 'mean_width': np.float64(3.053872053872054), 'median_width': np.float64(3.0), 'mean_width_scaled': np.float64(0.30538720538720543), 'median_width_scaled': np.float64(0.3)}

split_conformal_aps_MLP class metrics: {'class_coverage': array([0.92473118, 0.        , 0.85714286, 1.        , 1.        ,
       0.9375    , 0.93877551, 1.        , 0.25      , 0.        ]), 'class_mean_width': array([2.8172043 , 4.        , 4.85714286, 5.        , 4.5       ,
       3.25      , 3.3877551 , 2.47674419, 2.75      , 3.83333333]), 'class_median_width': array([3. , 4. , 5. , 5. , 5. , 3. , 3. , 2. , 2.5, 3.5]), 'class_mean_width_scaled': array([0.28172043, 0.4       , 0.48571429, 0.5       , 0.45      ,
       0.325     , 0.33877551, 0.24767442, 0.275     , 0.38333333]), 'class_median_width_scaled': array([0.3 , 0.4 , 0.5 , 0.5 , 0.5 , 0.3 , 0.3 , 0.2 , 0.25, 0.35])}

split_conformal_aps_MLP full class metrics: {'class_coverage': array([0.92473118, 0.        , 0.85714286, 1.        , 1.        ,
       0.9375    , 0.93877551, 1.        , 0.25      , 0.        ]), 'class_mean_width': array([2.8172043 , 4.        , 4.85714286, 5.        , 4.5       ,
       3.25      , 3.3877551 , 2.47674419, 2.75      , 3.83333333]), 'class_median_width': array([3. , 4. , 5. , 5. , 5. , 3. , 3. , 2. , 2.5, 3.5]), 'class_mean_width_scaled': array([0.28172043, 0.4       , 0.48571429, 0.5       , 0.45      ,
       0.325     , 0.33877551, 0.24767442, 0.275     , 0.38333333]), 'class_median_width_scaled': array([0.3 , 0.4 , 0.5 , 0.5 , 0.5 , 0.3 , 0.3 , 0.2 , 0.25, 0.35])}

Job completed at Thu Mar 20 05:03:06 PM PDT 2025
