Starting job at Thu Mar 20 05:03:07 PM PDT 2025
Job parameters:
Dataset: data_yeast
UQ Method: split_conformal_aps
Estimator: MLP
Seed: 784
Train Size: 0.8
Running split_conformal_aps on data_yeast with seed 784 and train size 0.8

starting experiment

data created

Fitting split_conformal_aps_MLP on data_yeast with seed 784

split_conformal_aps_MLP metrics: {'coverage': np.float64(0.9090909090909091), 'mean_width': np.float64(2.888888888888889), 'median_width': np.float64(3.0), 'mean_width_scaled': np.float64(0.28888888888888886), 'median_width_scaled': np.float64(0.3)}

split_conformal_aps_MLP full metrics: {'coverage': np.float64(0.9090909090909091), 'mean_width': np.float64(2.888888888888889), 'median_width': np.float64(3.0), 'mean_width_scaled': np.float64(0.28888888888888886), 'median_width_scaled': np.float64(0.3)}

split_conformal_aps_MLP class metrics: {'class_coverage': array([0.97849462, 0.        , 0.57142857, 1.        , 0.7       ,
       0.96875   , 0.89795918, 0.94186047, 0.75      , 0.        ]), 'class_mean_width': array([2.76344086, 5.        , 4.57142857, 4.55555556, 4.1       ,
       3.625     , 2.89795918, 2.26744186, 2.5       , 3.16666667]), 'class_median_width': array([3. , 5. , 5. , 5. , 4. , 3. , 3. , 2. , 2.5, 3. ]), 'class_mean_width_scaled': array([0.27634409, 0.5       , 0.45714286, 0.45555556, 0.41      ,
       0.3625    , 0.28979592, 0.22674419, 0.25      , 0.31666667]), 'class_median_width_scaled': array([0.3 , 0.5 , 0.5 , 0.5 , 0.4 , 0.3 , 0.3 , 0.2 , 0.25, 0.3 ])}

split_conformal_aps_MLP full class metrics: {'class_coverage': array([0.97849462, 0.        , 0.57142857, 1.        , 0.7       ,
       0.96875   , 0.89795918, 0.94186047, 0.75      , 0.        ]), 'class_mean_width': array([2.76344086, 5.        , 4.57142857, 4.55555556, 4.1       ,
       3.625     , 2.89795918, 2.26744186, 2.5       , 3.16666667]), 'class_median_width': array([3. , 5. , 5. , 5. , 4. , 3. , 3. , 2. , 2.5, 3. ]), 'class_mean_width_scaled': array([0.27634409, 0.5       , 0.45714286, 0.45555556, 0.41      ,
       0.3625    , 0.28979592, 0.22674419, 0.25      , 0.31666667]), 'class_median_width_scaled': array([0.3 , 0.5 , 0.5 , 0.5 , 0.4 , 0.3 , 0.3 , 0.2 , 0.25, 0.3 ])}

Job completed at Thu Mar 20 05:03:09 PM PDT 2025
