Starting job at Thu Mar 20 05:03:33 PM PDT 2025
Job parameters:
Dataset: data_chess
UQ Method: split_conformal_raps
Estimator: ExtraTrees
Seed: 780
Train Size: 0.8
Running split_conformal_raps on data_chess with seed 780 and train size 0.8

starting experiment

data created

Fitting split_conformal_raps_ExtraTrees on data_chess with seed 780

split_conformal_raps_ExtraTrees metrics: {'coverage': np.float64(0.9014611546685674), 'mean_width': np.float64(5.326265146115467), 'median_width': np.float64(6.0), 'mean_width_scaled': np.float64(0.29590361922863706), 'median_width_scaled': np.float64(0.3333333333333333)}

split_conformal_raps_ExtraTrees full metrics: {'coverage': np.float64(0.9014611546685674), 'mean_width': np.float64(5.326265146115467), 'median_width': np.float64(6.0), 'mean_width_scaled': np.float64(0.29590361922863706), 'median_width_scaled': np.float64(0.3333333333333333)}

split_conformal_raps_ExtraTrees class metrics: {'class_coverage': array([0.94275492, 0.77351916, 0.88091068, 0.98845266, 0.67021277,
       0.35      , 0.99780461, 0.76023392, 0.25      , 0.53284672,
       0.77118644, 0.82051282, 0.89672544, 0.9761621 , 0.375     ,
       0.95277778, 0.69387755, 0.        ]), 'class_mean_width': array([5.34525939, 5.4738676 , 5.47460595, 4.90300231, 5.92553191,
       5.95      , 5.02305159, 5.62865497, 6.        , 5.67883212,
       5.86440678, 4.75641026, 5.64735516, 5.13349225, 6.        ,
       5.39027778, 6.        , 6.        ]), 'class_median_width': array([6., 6., 6., 5., 6., 6., 5., 6., 6., 6., 6., 5., 6., 5., 6., 6., 6.,
       6.]), 'class_mean_width_scaled': array([0.29695886, 0.30410376, 0.30414478, 0.27238902, 0.32919622,
       0.33055556, 0.27905842, 0.31270305, 0.33333333, 0.31549067,
       0.32580038, 0.26424501, 0.31374195, 0.28519401, 0.33333333,
       0.29945988, 0.33333333, 0.33333333]), 'class_median_width_scaled': array([0.33333333, 0.33333333, 0.33333333, 0.27777778, 0.33333333,
       0.33333333, 0.27777778, 0.33333333, 0.33333333, 0.33333333,
       0.33333333, 0.27777778, 0.33333333, 0.27777778, 0.33333333,
       0.33333333, 0.33333333, 0.33333333])}

split_conformal_raps_ExtraTrees full class metrics: {'class_coverage': array([0.94275492, 0.77351916, 0.88091068, 0.98845266, 0.67021277,
       0.35      , 0.99780461, 0.76023392, 0.25      , 0.53284672,
       0.77118644, 0.82051282, 0.89672544, 0.9761621 , 0.375     ,
       0.95277778, 0.69387755, 0.        ]), 'class_mean_width': array([5.34525939, 5.4738676 , 5.47460595, 4.90300231, 5.92553191,
       5.95      , 5.02305159, 5.62865497, 6.        , 5.67883212,
       5.86440678, 4.75641026, 5.64735516, 5.13349225, 6.        ,
       5.39027778, 6.        , 6.        ]), 'class_median_width': array([6., 6., 6., 5., 6., 6., 5., 6., 6., 6., 6., 5., 6., 5., 6., 6., 6.,
       6.]), 'class_mean_width_scaled': array([0.29695886, 0.30410376, 0.30414478, 0.27238902, 0.32919622,
       0.33055556, 0.27905842, 0.31270305, 0.33333333, 0.31549067,
       0.32580038, 0.26424501, 0.31374195, 0.28519401, 0.33333333,
       0.29945988, 0.33333333, 0.33333333]), 'class_median_width_scaled': array([0.33333333, 0.33333333, 0.33333333, 0.27777778, 0.33333333,
       0.33333333, 0.27777778, 0.33333333, 0.33333333, 0.33333333,
       0.33333333, 0.27777778, 0.33333333, 0.27777778, 0.33333333,
       0.33333333, 0.33333333, 0.33333333])}

Job completed at Thu Mar 20 05:03:34 PM PDT 2025
