Starting job at Wed Mar 19 06:22:17 PM PDT 2025
Job parameters:
Dataset: data_chess
UQ Method: split_conformal_raps
Estimator: ExtraTrees
Seed: 786
Train Size: 0.8
Running split_conformal_raps on data_chess with seed 786 and train size 0.8

starting experiment

data created

Fitting split_conformal_raps_ExtraTrees on data_chess with seed 786

split_conformal_raps_ExtraTrees metrics: {'coverage': np.float64(0.900392017106201), 'mean_width': np.float64(5.667854597291518), 'median_width': np.float64(6.0), 'mean_width_scaled': np.float64(0.31488081096063986), 'median_width_scaled': np.float64(0.3333333333333333)}

split_conformal_raps_ExtraTrees full metrics: {'coverage': np.float64(0.900392017106201), 'mean_width': np.float64(5.667854597291518), 'median_width': np.float64(6.0), 'mean_width_scaled': np.float64(0.31488081096063986), 'median_width_scaled': np.float64(0.3333333333333333)}

split_conformal_raps_ExtraTrees class metrics: {'class_coverage': array([0.89624329, 0.87108014, 0.90367776, 0.94688222, 0.79787234,
       0.775     , 0.98243688, 0.81871345, 0.5625    , 0.67153285,
       0.8220339 , 0.79487179, 0.80352645, 0.94874851, 0.5       ,
       0.92777778, 0.87755102, 0.2       ]), 'class_mean_width': array([5.69946333, 5.99303136, 5.66725044, 5.43418014, 6.15957447,
       6.25      , 5.52689352, 5.75146199, 6.0625    , 6.18248175,
       6.40677966, 5.14102564, 5.75314861, 5.44576877, 6.9375    ,
       5.62916667, 6.75510204, 6.6       ]), 'class_median_width': array([6., 6., 6., 6., 6., 6., 6., 6., 6., 6., 6., 5., 6., 6., 6., 6., 6.,
       7.]), 'class_mean_width_scaled': array([0.31663685, 0.33294619, 0.31484725, 0.3018989 , 0.34219858,
       0.34722222, 0.30704964, 0.31952567, 0.33680556, 0.34347121,
       0.3559322 , 0.28561254, 0.31961937, 0.30254271, 0.38541667,
       0.31273148, 0.37528345, 0.36666667]), 'class_median_width_scaled': array([0.33333333, 0.33333333, 0.33333333, 0.33333333, 0.33333333,
       0.33333333, 0.33333333, 0.33333333, 0.33333333, 0.33333333,
       0.33333333, 0.27777778, 0.33333333, 0.33333333, 0.33333333,
       0.33333333, 0.33333333, 0.38888889])}

split_conformal_raps_ExtraTrees full class metrics: {'class_coverage': array([0.89624329, 0.87108014, 0.90367776, 0.94688222, 0.79787234,
       0.775     , 0.98243688, 0.81871345, 0.5625    , 0.67153285,
       0.8220339 , 0.79487179, 0.80352645, 0.94874851, 0.5       ,
       0.92777778, 0.87755102, 0.2       ]), 'class_mean_width': array([5.69946333, 5.99303136, 5.66725044, 5.43418014, 6.15957447,
       6.25      , 5.52689352, 5.75146199, 6.0625    , 6.18248175,
       6.40677966, 5.14102564, 5.75314861, 5.44576877, 6.9375    ,
       5.62916667, 6.75510204, 6.6       ]), 'class_median_width': array([6., 6., 6., 6., 6., 6., 6., 6., 6., 6., 6., 5., 6., 6., 6., 6., 6.,
       7.]), 'class_mean_width_scaled': array([0.31663685, 0.33294619, 0.31484725, 0.3018989 , 0.34219858,
       0.34722222, 0.30704964, 0.31952567, 0.33680556, 0.34347121,
       0.3559322 , 0.28561254, 0.31961937, 0.30254271, 0.38541667,
       0.31273148, 0.37528345, 0.36666667]), 'class_median_width_scaled': array([0.33333333, 0.33333333, 0.33333333, 0.33333333, 0.33333333,
       0.33333333, 0.33333333, 0.33333333, 0.33333333, 0.33333333,
       0.33333333, 0.27777778, 0.33333333, 0.33333333, 0.33333333,
       0.33333333, 0.33333333, 0.38888889])}

Job completed at Wed Mar 19 06:22:20 PM PDT 2025
