Starting job at Thu Mar 20 05:03:34 PM PDT 2025
Job parameters:
Dataset: data_chess
UQ Method: split_conformal_raps
Estimator: ExtraTrees
Seed: 784
Train Size: 0.8
Running split_conformal_raps on data_chess with seed 784 and train size 0.8

starting experiment

data created

Fitting split_conformal_raps_ExtraTrees on data_chess with seed 784

split_conformal_raps_ExtraTrees metrics: {'coverage': np.float64(0.8848895224518888), 'mean_width': np.float64(4.919458303635068), 'median_width': np.float64(5.0), 'mean_width_scaled': np.float64(0.2733032390908371), 'median_width_scaled': np.float64(0.2777777777777778)}

split_conformal_raps_ExtraTrees full metrics: {'coverage': np.float64(0.8848895224518888), 'mean_width': np.float64(4.919458303635068), 'median_width': np.float64(5.0), 'mean_width_scaled': np.float64(0.2733032390908371), 'median_width_scaled': np.float64(0.2777777777777778)}

split_conformal_raps_ExtraTrees class metrics: {'class_coverage': array([0.89087657, 0.82578397, 0.90542907, 0.95612009, 0.65957447,
       0.55      , 0.99231614, 0.7748538 , 0.0625    , 0.45255474,
       0.57627119, 0.61538462, 0.82619647, 0.9761621 , 0.0625    ,
       0.94444444, 0.81632653, 0.        ]), 'class_mean_width': array([4.96422182, 5.30313589, 5.08406305, 4.36258661, 5.85106383,
       5.925     , 4.50384193, 5.35672515, 6.        , 5.48175182,
       5.54237288, 4.24358974, 5.23677582, 4.61740167, 5.9375    ,
       4.99305556, 5.97959184, 5.8       ]), 'class_median_width': array([5., 6., 5., 4., 6., 6., 5., 5., 6., 6., 6., 4., 5., 5., 6., 5., 6.,
       6.]), 'class_mean_width_scaled': array([0.2757901 , 0.29461866, 0.28244795, 0.24236592, 0.3250591 ,
       0.32916667, 0.25021344, 0.29759584, 0.33333333, 0.30454177,
       0.3079096 , 0.23575499, 0.29093199, 0.25652231, 0.32986111,
       0.27739198, 0.33219955, 0.32222222]), 'class_median_width_scaled': array([0.27777778, 0.33333333, 0.27777778, 0.22222222, 0.33333333,
       0.33333333, 0.27777778, 0.27777778, 0.33333333, 0.33333333,
       0.33333333, 0.22222222, 0.27777778, 0.27777778, 0.33333333,
       0.27777778, 0.33333333, 0.33333333])}

split_conformal_raps_ExtraTrees full class metrics: {'class_coverage': array([0.89087657, 0.82578397, 0.90542907, 0.95612009, 0.65957447,
       0.55      , 0.99231614, 0.7748538 , 0.0625    , 0.45255474,
       0.57627119, 0.61538462, 0.82619647, 0.9761621 , 0.0625    ,
       0.94444444, 0.81632653, 0.        ]), 'class_mean_width': array([4.96422182, 5.30313589, 5.08406305, 4.36258661, 5.85106383,
       5.925     , 4.50384193, 5.35672515, 6.        , 5.48175182,
       5.54237288, 4.24358974, 5.23677582, 4.61740167, 5.9375    ,
       4.99305556, 5.97959184, 5.8       ]), 'class_median_width': array([5., 6., 5., 4., 6., 6., 5., 5., 6., 6., 6., 4., 5., 5., 6., 5., 6.,
       6.]), 'class_mean_width_scaled': array([0.2757901 , 0.29461866, 0.28244795, 0.24236592, 0.3250591 ,
       0.32916667, 0.25021344, 0.29759584, 0.33333333, 0.30454177,
       0.3079096 , 0.23575499, 0.29093199, 0.25652231, 0.32986111,
       0.27739198, 0.33219955, 0.32222222]), 'class_median_width_scaled': array([0.27777778, 0.33333333, 0.27777778, 0.22222222, 0.33333333,
       0.33333333, 0.27777778, 0.27777778, 0.33333333, 0.33333333,
       0.33333333, 0.22222222, 0.27777778, 0.27777778, 0.33333333,
       0.27777778, 0.33333333, 0.33333333])}

Job completed at Thu Mar 20 05:03:36 PM PDT 2025
