Starting job at Wed Mar 19 06:22:08 PM PDT 2025
Job parameters:
Dataset: data_chess
UQ Method: split_conformal_raps
Estimator: ExtraTrees
Seed: 780
Train Size: 0.8
Running split_conformal_raps on data_chess with seed 780 and train size 0.8

starting experiment

data created

Fitting split_conformal_raps_ExtraTrees on data_chess with seed 780

split_conformal_raps_ExtraTrees metrics: {'coverage': np.float64(0.9162508909479686), 'mean_width': np.float64(6.327868852459017), 'median_width': np.float64(6.0), 'mean_width_scaled': np.float64(0.3515482695810565), 'median_width_scaled': np.float64(0.3333333333333333)}

split_conformal_raps_ExtraTrees full metrics: {'coverage': np.float64(0.9162508909479686), 'mean_width': np.float64(6.327868852459017), 'median_width': np.float64(6.0), 'mean_width_scaled': np.float64(0.3515482695810565), 'median_width_scaled': np.float64(0.3333333333333333)}

split_conformal_raps_ExtraTrees class metrics: {'class_coverage': array([0.92307692, 0.84320557, 0.90542907, 0.96073903, 0.74468085,
       0.575     , 0.98353458, 0.84210526, 0.5       , 0.69343066,
       0.88135593, 0.87179487, 0.93450882, 0.96066746, 0.625     ,
       0.92361111, 0.89795918, 0.6       ]), 'class_mean_width': array([6.27012522, 6.38675958, 6.40105079, 5.93764434, 7.09574468,
       7.25      , 6.14709111, 6.57602339, 8.        , 6.57664234,
       6.89830508, 6.01282051, 6.5743073 , 6.15017878, 7.375     ,
       6.29444444, 7.6122449 , 7.4       ]), 'class_median_width': array([6., 7., 6., 6., 7., 7., 6., 7., 7., 7., 7., 6., 7., 6., 7., 6., 7.,
       7.]), 'class_mean_width_scaled': array([0.34834029, 0.35481998, 0.35561393, 0.32986913, 0.39420804,
       0.40277778, 0.34150506, 0.36533463, 0.44444444, 0.36536902,
       0.38323917, 0.33404558, 0.36523929, 0.3416766 , 0.40972222,
       0.34969136, 0.42290249, 0.41111111]), 'class_median_width_scaled': array([0.33333333, 0.38888889, 0.33333333, 0.33333333, 0.38888889,
       0.38888889, 0.33333333, 0.38888889, 0.38888889, 0.38888889,
       0.38888889, 0.33333333, 0.38888889, 0.33333333, 0.38888889,
       0.33333333, 0.38888889, 0.38888889])}

split_conformal_raps_ExtraTrees full class metrics: {'class_coverage': array([0.92307692, 0.84320557, 0.90542907, 0.96073903, 0.74468085,
       0.575     , 0.98353458, 0.84210526, 0.5       , 0.69343066,
       0.88135593, 0.87179487, 0.93450882, 0.96066746, 0.625     ,
       0.92361111, 0.89795918, 0.6       ]), 'class_mean_width': array([6.27012522, 6.38675958, 6.40105079, 5.93764434, 7.09574468,
       7.25      , 6.14709111, 6.57602339, 8.        , 6.57664234,
       6.89830508, 6.01282051, 6.5743073 , 6.15017878, 7.375     ,
       6.29444444, 7.6122449 , 7.4       ]), 'class_median_width': array([6., 7., 6., 6., 7., 7., 6., 7., 7., 7., 7., 6., 7., 6., 7., 6., 7.,
       7.]), 'class_mean_width_scaled': array([0.34834029, 0.35481998, 0.35561393, 0.32986913, 0.39420804,
       0.40277778, 0.34150506, 0.36533463, 0.44444444, 0.36536902,
       0.38323917, 0.33404558, 0.36523929, 0.3416766 , 0.40972222,
       0.34969136, 0.42290249, 0.41111111]), 'class_median_width_scaled': array([0.33333333, 0.38888889, 0.33333333, 0.33333333, 0.38888889,
       0.38888889, 0.33333333, 0.38888889, 0.38888889, 0.38888889,
       0.38888889, 0.33333333, 0.38888889, 0.33333333, 0.38888889,
       0.33333333, 0.38888889, 0.38888889])}

Job completed at Wed Mar 19 06:22:12 PM PDT 2025
