Starting job at Wed Mar 19 06:21:26 PM PDT 2025
Job parameters:
Dataset: data_isolet
UQ Method: split_conformal_aps
Estimator: XGBoost
Seed: 780
Train Size: 0.8
Running split_conformal_aps on data_isolet with seed 780 and train size 0.8

starting experiment

data created

Fitting split_conformal_aps_XGBoost on data_isolet with seed 780

split_conformal_aps_XGBoost metrics: {'coverage': np.float64(0.9833333333333333), 'mean_width': np.float64(3.6974358974358976), 'median_width': np.float64(1.0), 'mean_width_scaled': np.float64(0.14220907297830376), 'median_width_scaled': np.float64(0.038461538461538464)}

split_conformal_aps_XGBoost full metrics: {'coverage': np.float64(0.9833333333333333), 'mean_width': np.float64(3.6974358974358976), 'median_width': np.float64(1.0), 'mean_width_scaled': np.float64(0.14220907297830376), 'median_width_scaled': np.float64(0.038461538461538464)}

split_conformal_aps_XGBoost class metrics: {'class_coverage': array([1.        , 0.95      , 0.96666667, 0.98333333, 0.95      ,
       0.96666667, 0.98333333, 0.98333333, 1.        , 1.        ,
       1.        , 0.98333333, 0.98333333, 1.        , 0.95      ,
       0.98333333, 1.        , 1.        , 0.96666667, 1.        ,
       0.96666667, 1.        , 0.98333333, 0.98333333, 1.        ,
       0.98333333]), 'class_mean_width': array([4.23333333, 3.16666667, 2.83333333, 3.66666667, 4.88333333,
       3.13333333, 3.36666667, 3.5       , 2.63333333, 2.9       ,
       3.93333333, 2.33333333, 5.48333333, 3.73333333, 2.86666667,
       2.16666667, 3.48333333, 3.05      , 4.01666667, 5.21666667,
       4.48333333, 3.93333333, 6.78333333, 3.5       , 2.38333333,
       4.45      ]), 'class_median_width': array([1., 1., 1., 1., 1., 1., 1., 1., 1., 1., 1., 1., 1., 1., 1., 1., 1.,
       1., 1., 1., 1., 2., 1., 1., 1., 1.]), 'class_mean_width_scaled': array([0.16282051, 0.12179487, 0.10897436, 0.14102564, 0.18782051,
       0.12051282, 0.12948718, 0.13461538, 0.10128205, 0.11153846,
       0.15128205, 0.08974359, 0.21089744, 0.14358974, 0.11025641,
       0.08333333, 0.13397436, 0.11730769, 0.15448718, 0.20064103,
       0.1724359 , 0.15128205, 0.26089744, 0.13461538, 0.09166667,
       0.17115385]), 'class_median_width_scaled': array([0.03846154, 0.03846154, 0.03846154, 0.03846154, 0.03846154,
       0.03846154, 0.03846154, 0.03846154, 0.03846154, 0.03846154,
       0.03846154, 0.03846154, 0.03846154, 0.03846154, 0.03846154,
       0.03846154, 0.03846154, 0.03846154, 0.03846154, 0.03846154,
       0.03846154, 0.07692308, 0.03846154, 0.03846154, 0.03846154,
       0.03846154])}

split_conformal_aps_XGBoost full class metrics: {'class_coverage': array([1.        , 0.95      , 0.96666667, 0.98333333, 0.95      ,
       0.96666667, 0.98333333, 0.98333333, 1.        , 1.        ,
       1.        , 0.98333333, 0.98333333, 1.        , 0.95      ,
       0.98333333, 1.        , 1.        , 0.96666667, 1.        ,
       0.96666667, 1.        , 0.98333333, 0.98333333, 1.        ,
       0.98333333]), 'class_mean_width': array([4.23333333, 3.16666667, 2.83333333, 3.66666667, 4.88333333,
       3.13333333, 3.36666667, 3.5       , 2.63333333, 2.9       ,
       3.93333333, 2.33333333, 5.48333333, 3.73333333, 2.86666667,
       2.16666667, 3.48333333, 3.05      , 4.01666667, 5.21666667,
       4.48333333, 3.93333333, 6.78333333, 3.5       , 2.38333333,
       4.45      ]), 'class_median_width': array([1., 1., 1., 1., 1., 1., 1., 1., 1., 1., 1., 1., 1., 1., 1., 1., 1.,
       1., 1., 1., 1., 2., 1., 1., 1., 1.]), 'class_mean_width_scaled': array([0.16282051, 0.12179487, 0.10897436, 0.14102564, 0.18782051,
       0.12051282, 0.12948718, 0.13461538, 0.10128205, 0.11153846,
       0.15128205, 0.08974359, 0.21089744, 0.14358974, 0.11025641,
       0.08333333, 0.13397436, 0.11730769, 0.15448718, 0.20064103,
       0.1724359 , 0.15128205, 0.26089744, 0.13461538, 0.09166667,
       0.17115385]), 'class_median_width_scaled': array([0.03846154, 0.03846154, 0.03846154, 0.03846154, 0.03846154,
       0.03846154, 0.03846154, 0.03846154, 0.03846154, 0.03846154,
       0.03846154, 0.03846154, 0.03846154, 0.03846154, 0.03846154,
       0.03846154, 0.03846154, 0.03846154, 0.03846154, 0.03846154,
       0.03846154, 0.07692308, 0.03846154, 0.03846154, 0.03846154,
       0.03846154])}

Job completed at Wed Mar 19 06:21:41 PM PDT 2025
