Starting job at Wed Mar 19 06:21:34 PM PDT 2025
Job parameters:
Dataset: data_isolet
UQ Method: split_conformal_aps
Estimator: XGBoost
Seed: 782
Train Size: 0.8
Running split_conformal_aps on data_isolet with seed 782 and train size 0.8

starting experiment

data created

Fitting split_conformal_aps_XGBoost on data_isolet with seed 782

split_conformal_aps_XGBoost metrics: {'coverage': np.float64(0.9801282051282051), 'mean_width': np.float64(3.9166666666666665), 'median_width': np.float64(1.0), 'mean_width_scaled': np.float64(0.15064102564102563), 'median_width_scaled': np.float64(0.038461538461538464)}

split_conformal_aps_XGBoost full metrics: {'coverage': np.float64(0.9801282051282051), 'mean_width': np.float64(3.9166666666666665), 'median_width': np.float64(1.0), 'mean_width_scaled': np.float64(0.15064102564102563), 'median_width_scaled': np.float64(0.038461538461538464)}

split_conformal_aps_XGBoost class metrics: {'class_coverage': array([1.        , 0.98333333, 1.        , 1.        , 0.98333333,
       0.93333333, 1.        , 0.98333333, 1.        , 1.        ,
       0.98333333, 0.98333333, 0.93333333, 0.98333333, 0.96666667,
       1.        , 1.        , 1.        , 0.96666667, 1.        ,
       0.95      , 0.88333333, 0.96666667, 0.98333333, 1.        ,
       1.        ]), 'class_mean_width': array([4.85      , 3.33333333, 3.26666667, 2.63333333, 3.4       ,
       6.21666667, 3.58333333, 4.41666667, 2.83333333, 3.21666667,
       2.86666667, 3.1       , 3.35      , 5.7       , 3.75      ,
       4.08333333, 7.08333333, 4.71666667, 4.9       , 2.41666667,
       4.23333333, 4.3       , 3.13333333, 3.41666667, 2.88333333,
       4.15      ]), 'class_median_width': array([1., 1., 1., 1., 1., 1., 1., 1., 1., 1., 1., 1., 1., 1., 1., 1., 1.,
       1., 1., 1., 1., 1., 1., 1., 1., 1.]), 'class_mean_width_scaled': array([0.18653846, 0.12820513, 0.12564103, 0.10128205, 0.13076923,
       0.23910256, 0.13782051, 0.16987179, 0.10897436, 0.12371795,
       0.11025641, 0.11923077, 0.12884615, 0.21923077, 0.14423077,
       0.15705128, 0.2724359 , 0.18141026, 0.18846154, 0.09294872,
       0.16282051, 0.16538462, 0.12051282, 0.13141026, 0.11089744,
       0.15961538]), 'class_median_width_scaled': array([0.03846154, 0.03846154, 0.03846154, 0.03846154, 0.03846154,
       0.03846154, 0.03846154, 0.03846154, 0.03846154, 0.03846154,
       0.03846154, 0.03846154, 0.03846154, 0.03846154, 0.03846154,
       0.03846154, 0.03846154, 0.03846154, 0.03846154, 0.03846154,
       0.03846154, 0.03846154, 0.03846154, 0.03846154, 0.03846154,
       0.03846154])}

split_conformal_aps_XGBoost full class metrics: {'class_coverage': array([1.        , 0.98333333, 1.        , 1.        , 0.98333333,
       0.93333333, 1.        , 0.98333333, 1.        , 1.        ,
       0.98333333, 0.98333333, 0.93333333, 0.98333333, 0.96666667,
       1.        , 1.        , 1.        , 0.96666667, 1.        ,
       0.95      , 0.88333333, 0.96666667, 0.98333333, 1.        ,
       1.        ]), 'class_mean_width': array([4.85      , 3.33333333, 3.26666667, 2.63333333, 3.4       ,
       6.21666667, 3.58333333, 4.41666667, 2.83333333, 3.21666667,
       2.86666667, 3.1       , 3.35      , 5.7       , 3.75      ,
       4.08333333, 7.08333333, 4.71666667, 4.9       , 2.41666667,
       4.23333333, 4.3       , 3.13333333, 3.41666667, 2.88333333,
       4.15      ]), 'class_median_width': array([1., 1., 1., 1., 1., 1., 1., 1., 1., 1., 1., 1., 1., 1., 1., 1., 1.,
       1., 1., 1., 1., 1., 1., 1., 1., 1.]), 'class_mean_width_scaled': array([0.18653846, 0.12820513, 0.12564103, 0.10128205, 0.13076923,
       0.23910256, 0.13782051, 0.16987179, 0.10897436, 0.12371795,
       0.11025641, 0.11923077, 0.12884615, 0.21923077, 0.14423077,
       0.15705128, 0.2724359 , 0.18141026, 0.18846154, 0.09294872,
       0.16282051, 0.16538462, 0.12051282, 0.13141026, 0.11089744,
       0.15961538]), 'class_median_width_scaled': array([0.03846154, 0.03846154, 0.03846154, 0.03846154, 0.03846154,
       0.03846154, 0.03846154, 0.03846154, 0.03846154, 0.03846154,
       0.03846154, 0.03846154, 0.03846154, 0.03846154, 0.03846154,
       0.03846154, 0.03846154, 0.03846154, 0.03846154, 0.03846154,
       0.03846154, 0.03846154, 0.03846154, 0.03846154, 0.03846154,
       0.03846154])}

Job completed at Wed Mar 19 06:21:50 PM PDT 2025
