Starting job at Wed Mar 19 06:21:16 PM PDT 2025
Job parameters:
Dataset: data_isolet
UQ Method: split_conformal_aps
Estimator: XGBoost
Seed: 777
Train Size: 0.8
Running split_conformal_aps on data_isolet with seed 777 and train size 0.8

starting experiment

data created

Fitting split_conformal_aps_XGBoost on data_isolet with seed 777

split_conformal_aps_XGBoost metrics: {'coverage': np.float64(0.9756410256410256), 'mean_width': np.float64(3.808333333333333), 'median_width': np.float64(1.0), 'mean_width_scaled': np.float64(0.14647435897435895), 'median_width_scaled': np.float64(0.038461538461538464)}

split_conformal_aps_XGBoost full metrics: {'coverage': np.float64(0.9756410256410256), 'mean_width': np.float64(3.808333333333333), 'median_width': np.float64(1.0), 'mean_width_scaled': np.float64(0.14647435897435895), 'median_width_scaled': np.float64(0.038461538461538464)}

split_conformal_aps_XGBoost class metrics: {'class_coverage': array([1.        , 1.        , 0.98333333, 0.98333333, 0.95      ,
       0.93333333, 1.        , 0.96666667, 1.        , 1.        ,
       0.98333333, 0.96666667, 0.98333333, 0.96666667, 0.95      ,
       0.96666667, 1.        , 1.        , 0.98333333, 0.98333333,
       0.93333333, 0.91666667, 0.98333333, 0.98333333, 0.98333333,
       0.96666667]), 'class_mean_width': array([5.76666667, 3.68333333, 3.56666667, 3.76666667, 3.65      ,
       2.98333333, 3.25      , 3.36666667, 3.06666667, 3.48333333,
       4.58333333, 4.        , 3.95      , 3.65      , 3.68333333,
       3.55      , 5.2       , 2.9       , 4.95      , 3.55      ,
       1.96666667, 4.        , 3.03333333, 4.15      , 3.93333333,
       5.33333333]), 'class_median_width': array([1., 1., 1., 1., 1., 1., 1., 1., 1., 1., 1., 1., 1., 1., 1., 1., 1.,
       1., 1., 1., 1., 1., 1., 1., 1., 1.]), 'class_mean_width_scaled': array([0.22179487, 0.14166667, 0.13717949, 0.14487179, 0.14038462,
       0.11474359, 0.125     , 0.12948718, 0.11794872, 0.13397436,
       0.17628205, 0.15384615, 0.15192308, 0.14038462, 0.14166667,
       0.13653846, 0.2       , 0.11153846, 0.19038462, 0.13653846,
       0.07564103, 0.15384615, 0.11666667, 0.15961538, 0.15128205,
       0.20512821]), 'class_median_width_scaled': array([0.03846154, 0.03846154, 0.03846154, 0.03846154, 0.03846154,
       0.03846154, 0.03846154, 0.03846154, 0.03846154, 0.03846154,
       0.03846154, 0.03846154, 0.03846154, 0.03846154, 0.03846154,
       0.03846154, 0.03846154, 0.03846154, 0.03846154, 0.03846154,
       0.03846154, 0.03846154, 0.03846154, 0.03846154, 0.03846154,
       0.03846154])}

split_conformal_aps_XGBoost full class metrics: {'class_coverage': array([1.        , 1.        , 0.98333333, 0.98333333, 0.95      ,
       0.93333333, 1.        , 0.96666667, 1.        , 1.        ,
       0.98333333, 0.96666667, 0.98333333, 0.96666667, 0.95      ,
       0.96666667, 1.        , 1.        , 0.98333333, 0.98333333,
       0.93333333, 0.91666667, 0.98333333, 0.98333333, 0.98333333,
       0.96666667]), 'class_mean_width': array([5.76666667, 3.68333333, 3.56666667, 3.76666667, 3.65      ,
       2.98333333, 3.25      , 3.36666667, 3.06666667, 3.48333333,
       4.58333333, 4.        , 3.95      , 3.65      , 3.68333333,
       3.55      , 5.2       , 2.9       , 4.95      , 3.55      ,
       1.96666667, 4.        , 3.03333333, 4.15      , 3.93333333,
       5.33333333]), 'class_median_width': array([1., 1., 1., 1., 1., 1., 1., 1., 1., 1., 1., 1., 1., 1., 1., 1., 1.,
       1., 1., 1., 1., 1., 1., 1., 1., 1.]), 'class_mean_width_scaled': array([0.22179487, 0.14166667, 0.13717949, 0.14487179, 0.14038462,
       0.11474359, 0.125     , 0.12948718, 0.11794872, 0.13397436,
       0.17628205, 0.15384615, 0.15192308, 0.14038462, 0.14166667,
       0.13653846, 0.2       , 0.11153846, 0.19038462, 0.13653846,
       0.07564103, 0.15384615, 0.11666667, 0.15961538, 0.15128205,
       0.20512821]), 'class_median_width_scaled': array([0.03846154, 0.03846154, 0.03846154, 0.03846154, 0.03846154,
       0.03846154, 0.03846154, 0.03846154, 0.03846154, 0.03846154,
       0.03846154, 0.03846154, 0.03846154, 0.03846154, 0.03846154,
       0.03846154, 0.03846154, 0.03846154, 0.03846154, 0.03846154,
       0.03846154, 0.03846154, 0.03846154, 0.03846154, 0.03846154,
       0.03846154])}

Job completed at Wed Mar 19 06:21:32 PM PDT 2025
