Starting job at Wed Mar 19 06:21:22 PM PDT 2025
Job parameters:
Dataset: data_isolet
UQ Method: split_conformal_aps
Estimator: XGBoost
Seed: 779
Train Size: 0.8
Running split_conformal_aps on data_isolet with seed 779 and train size 0.8

starting experiment

data created

Fitting split_conformal_aps_XGBoost on data_isolet with seed 779

split_conformal_aps_XGBoost metrics: {'coverage': np.float64(0.9826923076923076), 'mean_width': np.float64(3.753205128205128), 'median_width': np.float64(1.0), 'mean_width_scaled': np.float64(0.14435404339250493), 'median_width_scaled': np.float64(0.038461538461538464)}

split_conformal_aps_XGBoost full metrics: {'coverage': np.float64(0.9826923076923076), 'mean_width': np.float64(3.753205128205128), 'median_width': np.float64(1.0), 'mean_width_scaled': np.float64(0.14435404339250493), 'median_width_scaled': np.float64(0.038461538461538464)}

split_conformal_aps_XGBoost class metrics: {'class_coverage': array([1.        , 0.98333333, 0.98333333, 1.        , 0.96666667,
       0.96666667, 1.        , 0.98333333, 0.98333333, 1.        ,
       0.96666667, 0.93333333, 0.98333333, 1.        , 0.95      ,
       1.        , 1.        , 1.        , 1.        , 1.        ,
       0.96666667, 0.95      , 1.        , 0.95      , 1.        ,
       0.98333333]), 'class_mean_width': array([5.21666667, 1.98333333, 2.03333333, 4.8       , 2.08333333,
       3.31666667, 2.81666667, 3.83333333, 3.2       , 4.4       ,
       4.6       , 3.63333333, 4.78333333, 3.18333333, 3.35      ,
       2.5       , 7.4       , 4.16666667, 3.01666667, 3.11666667,
       2.71666667, 4.73333333, 3.1       , 3.63333333, 4.93333333,
       5.03333333]), 'class_median_width': array([1., 1., 1., 1., 1., 1., 1., 1., 1., 1., 1., 1., 1., 1., 1., 1., 1.,
       1., 1., 1., 1., 2., 1., 1., 1., 1.]), 'class_mean_width_scaled': array([0.20064103, 0.07628205, 0.07820513, 0.18461538, 0.08012821,
       0.1275641 , 0.10833333, 0.1474359 , 0.12307692, 0.16923077,
       0.17692308, 0.13974359, 0.18397436, 0.1224359 , 0.12884615,
       0.09615385, 0.28461538, 0.16025641, 0.11602564, 0.11987179,
       0.10448718, 0.18205128, 0.11923077, 0.13974359, 0.18974359,
       0.19358974]), 'class_median_width_scaled': array([0.03846154, 0.03846154, 0.03846154, 0.03846154, 0.03846154,
       0.03846154, 0.03846154, 0.03846154, 0.03846154, 0.03846154,
       0.03846154, 0.03846154, 0.03846154, 0.03846154, 0.03846154,
       0.03846154, 0.03846154, 0.03846154, 0.03846154, 0.03846154,
       0.03846154, 0.07692308, 0.03846154, 0.03846154, 0.03846154,
       0.03846154])}

split_conformal_aps_XGBoost full class metrics: {'class_coverage': array([1.        , 0.98333333, 0.98333333, 1.        , 0.96666667,
       0.96666667, 1.        , 0.98333333, 0.98333333, 1.        ,
       0.96666667, 0.93333333, 0.98333333, 1.        , 0.95      ,
       1.        , 1.        , 1.        , 1.        , 1.        ,
       0.96666667, 0.95      , 1.        , 0.95      , 1.        ,
       0.98333333]), 'class_mean_width': array([5.21666667, 1.98333333, 2.03333333, 4.8       , 2.08333333,
       3.31666667, 2.81666667, 3.83333333, 3.2       , 4.4       ,
       4.6       , 3.63333333, 4.78333333, 3.18333333, 3.35      ,
       2.5       , 7.4       , 4.16666667, 3.01666667, 3.11666667,
       2.71666667, 4.73333333, 3.1       , 3.63333333, 4.93333333,
       5.03333333]), 'class_median_width': array([1., 1., 1., 1., 1., 1., 1., 1., 1., 1., 1., 1., 1., 1., 1., 1., 1.,
       1., 1., 1., 1., 2., 1., 1., 1., 1.]), 'class_mean_width_scaled': array([0.20064103, 0.07628205, 0.07820513, 0.18461538, 0.08012821,
       0.1275641 , 0.10833333, 0.1474359 , 0.12307692, 0.16923077,
       0.17692308, 0.13974359, 0.18397436, 0.1224359 , 0.12884615,
       0.09615385, 0.28461538, 0.16025641, 0.11602564, 0.11987179,
       0.10448718, 0.18205128, 0.11923077, 0.13974359, 0.18974359,
       0.19358974]), 'class_median_width_scaled': array([0.03846154, 0.03846154, 0.03846154, 0.03846154, 0.03846154,
       0.03846154, 0.03846154, 0.03846154, 0.03846154, 0.03846154,
       0.03846154, 0.03846154, 0.03846154, 0.03846154, 0.03846154,
       0.03846154, 0.03846154, 0.03846154, 0.03846154, 0.03846154,
       0.03846154, 0.07692308, 0.03846154, 0.03846154, 0.03846154,
       0.03846154])}

Job completed at Wed Mar 19 06:21:48 PM PDT 2025
