Starting job at Wed Mar 19 06:21:18 PM PDT 2025
Job parameters:
Dataset: data_isolet
UQ Method: split_conformal_aps
Estimator: XGBoost
Seed: 778
Train Size: 0.8
Running split_conformal_aps on data_isolet with seed 778 and train size 0.8

starting experiment

data created

Fitting split_conformal_aps_XGBoost on data_isolet with seed 778

split_conformal_aps_XGBoost metrics: {'coverage': np.float64(0.975), 'mean_width': np.float64(4.026282051282052), 'median_width': np.float64(1.0), 'mean_width_scaled': np.float64(0.1548570019723866), 'median_width_scaled': np.float64(0.038461538461538464)}

split_conformal_aps_XGBoost full metrics: {'coverage': np.float64(0.975), 'mean_width': np.float64(4.026282051282052), 'median_width': np.float64(1.0), 'mean_width_scaled': np.float64(0.1548570019723866), 'median_width_scaled': np.float64(0.038461538461538464)}

split_conformal_aps_XGBoost class metrics: {'class_coverage': array([1.        , 0.98333333, 0.96666667, 1.        , 0.93333333,
       1.        , 1.        , 0.96666667, 0.96666667, 0.98333333,
       0.98333333, 0.93333333, 0.93333333, 0.98333333, 0.95      ,
       0.96666667, 1.        , 1.        , 0.98333333, 0.98333333,
       0.96666667, 1.        , 0.98333333, 0.93333333, 1.        ,
       0.95      ]), 'class_mean_width': array([4.86666667, 2.58333333, 5.06666667, 4.        , 3.31666667,
       4.08333333, 4.61666667, 3.48333333, 4.51666667, 4.9       ,
       3.95      , 4.13333333, 2.75      , 3.33333333, 4.21666667,
       4.28333333, 2.53333333, 3.26666667, 4.61666667, 5.23333333,
       3.8       , 4.85      , 2.71666667, 5.08333333, 3.01666667,
       5.46666667]), 'class_median_width': array([1., 1., 1., 1., 1., 1., 1., 1., 1., 1., 1., 1., 1., 1., 1., 1., 1.,
       1., 1., 1., 1., 2., 1., 1., 1., 1.]), 'class_mean_width_scaled': array([0.18717949, 0.09935897, 0.19487179, 0.15384615, 0.1275641 ,
       0.15705128, 0.1775641 , 0.13397436, 0.17371795, 0.18846154,
       0.15192308, 0.15897436, 0.10576923, 0.12820513, 0.16217949,
       0.16474359, 0.0974359 , 0.12564103, 0.1775641 , 0.20128205,
       0.14615385, 0.18653846, 0.10448718, 0.19551282, 0.11602564,
       0.21025641]), 'class_median_width_scaled': array([0.03846154, 0.03846154, 0.03846154, 0.03846154, 0.03846154,
       0.03846154, 0.03846154, 0.03846154, 0.03846154, 0.03846154,
       0.03846154, 0.03846154, 0.03846154, 0.03846154, 0.03846154,
       0.03846154, 0.03846154, 0.03846154, 0.03846154, 0.03846154,
       0.03846154, 0.07692308, 0.03846154, 0.03846154, 0.03846154,
       0.03846154])}

split_conformal_aps_XGBoost full class metrics: {'class_coverage': array([1.        , 0.98333333, 0.96666667, 1.        , 0.93333333,
       1.        , 1.        , 0.96666667, 0.96666667, 0.98333333,
       0.98333333, 0.93333333, 0.93333333, 0.98333333, 0.95      ,
       0.96666667, 1.        , 1.        , 0.98333333, 0.98333333,
       0.96666667, 1.        , 0.98333333, 0.93333333, 1.        ,
       0.95      ]), 'class_mean_width': array([4.86666667, 2.58333333, 5.06666667, 4.        , 3.31666667,
       4.08333333, 4.61666667, 3.48333333, 4.51666667, 4.9       ,
       3.95      , 4.13333333, 2.75      , 3.33333333, 4.21666667,
       4.28333333, 2.53333333, 3.26666667, 4.61666667, 5.23333333,
       3.8       , 4.85      , 2.71666667, 5.08333333, 3.01666667,
       5.46666667]), 'class_median_width': array([1., 1., 1., 1., 1., 1., 1., 1., 1., 1., 1., 1., 1., 1., 1., 1., 1.,
       1., 1., 1., 1., 2., 1., 1., 1., 1.]), 'class_mean_width_scaled': array([0.18717949, 0.09935897, 0.19487179, 0.15384615, 0.1275641 ,
       0.15705128, 0.1775641 , 0.13397436, 0.17371795, 0.18846154,
       0.15192308, 0.15897436, 0.10576923, 0.12820513, 0.16217949,
       0.16474359, 0.0974359 , 0.12564103, 0.1775641 , 0.20128205,
       0.14615385, 0.18653846, 0.10448718, 0.19551282, 0.11602564,
       0.21025641]), 'class_median_width_scaled': array([0.03846154, 0.03846154, 0.03846154, 0.03846154, 0.03846154,
       0.03846154, 0.03846154, 0.03846154, 0.03846154, 0.03846154,
       0.03846154, 0.03846154, 0.03846154, 0.03846154, 0.03846154,
       0.03846154, 0.03846154, 0.03846154, 0.03846154, 0.03846154,
       0.03846154, 0.07692308, 0.03846154, 0.03846154, 0.03846154,
       0.03846154])}

Job completed at Wed Mar 19 06:21:33 PM PDT 2025
