Starting job at Thu Mar 20 05:03:24 PM PDT 2025
Job parameters:
Dataset: data_isolet
UQ Method: split_conformal_aps
Estimator: HistGradientBoosting
Seed: 784
Train Size: 0.8
Running split_conformal_aps on data_isolet with seed 784 and train size 0.8

starting experiment

data created

Fitting split_conformal_aps_HistGradientBoosting on data_isolet with seed 784

split_conformal_aps_HistGradientBoosting metrics: {'coverage': np.float64(0.9621794871794872), 'mean_width': np.float64(2.916025641025641), 'median_width': np.float64(1.0), 'mean_width_scaled': np.float64(0.11215483234714003), 'median_width_scaled': np.float64(0.038461538461538464)}

split_conformal_aps_HistGradientBoosting full metrics: {'coverage': np.float64(0.9621794871794872), 'mean_width': np.float64(2.916025641025641), 'median_width': np.float64(1.0), 'mean_width_scaled': np.float64(0.11215483234714003), 'median_width_scaled': np.float64(0.038461538461538464)}

split_conformal_aps_HistGradientBoosting class metrics: {'class_coverage': array([0.98333333, 0.93333333, 0.96666667, 0.98333333, 0.98333333,
       0.86666667, 1.        , 0.91666667, 1.        , 0.98333333,
       0.96666667, 0.9       , 0.96666667, 0.98333333, 0.81666667,
       0.96666667, 1.        , 0.98333333, 0.98333333, 1.        ,
       0.95      , 0.95      , 1.        , 0.95      , 0.98333333,
       1.        ]), 'class_mean_width': array([3.11666667, 2.31666667, 2.71666667, 2.5       , 3.48333333,
       3.56666667, 2.85      , 3.01666667, 4.36666667, 1.86666667,
       3.93333333, 1.26666667, 2.88333333, 2.        , 3.05      ,
       3.68333333, 2.26666667, 2.33333333, 2.41666667, 2.71666667,
       3.18333333, 2.4       , 2.31666667, 3.15      , 5.58333333,
       2.83333333]), 'class_median_width': array([1., 1., 1., 1., 1., 1., 1., 1., 1., 1., 1., 1., 1., 1., 1., 1., 1.,
       1., 1., 1., 1., 1., 1., 1., 1., 1.]), 'class_mean_width_scaled': array([0.11987179, 0.08910256, 0.10448718, 0.09615385, 0.13397436,
       0.13717949, 0.10961538, 0.11602564, 0.16794872, 0.07179487,
       0.15128205, 0.04871795, 0.11089744, 0.07692308, 0.11730769,
       0.14166667, 0.08717949, 0.08974359, 0.09294872, 0.10448718,
       0.1224359 , 0.09230769, 0.08910256, 0.12115385, 0.21474359,
       0.10897436]), 'class_median_width_scaled': array([0.03846154, 0.03846154, 0.03846154, 0.03846154, 0.03846154,
       0.03846154, 0.03846154, 0.03846154, 0.03846154, 0.03846154,
       0.03846154, 0.03846154, 0.03846154, 0.03846154, 0.03846154,
       0.03846154, 0.03846154, 0.03846154, 0.03846154, 0.03846154,
       0.03846154, 0.03846154, 0.03846154, 0.03846154, 0.03846154,
       0.03846154])}

split_conformal_aps_HistGradientBoosting full class metrics: {'class_coverage': array([0.98333333, 0.93333333, 0.96666667, 0.98333333, 0.98333333,
       0.86666667, 1.        , 0.91666667, 1.        , 0.98333333,
       0.96666667, 0.9       , 0.96666667, 0.98333333, 0.81666667,
       0.96666667, 1.        , 0.98333333, 0.98333333, 1.        ,
       0.95      , 0.95      , 1.        , 0.95      , 0.98333333,
       1.        ]), 'class_mean_width': array([3.11666667, 2.31666667, 2.71666667, 2.5       , 3.48333333,
       3.56666667, 2.85      , 3.01666667, 4.36666667, 1.86666667,
       3.93333333, 1.26666667, 2.88333333, 2.        , 3.05      ,
       3.68333333, 2.26666667, 2.33333333, 2.41666667, 2.71666667,
       3.18333333, 2.4       , 2.31666667, 3.15      , 5.58333333,
       2.83333333]), 'class_median_width': array([1., 1., 1., 1., 1., 1., 1., 1., 1., 1., 1., 1., 1., 1., 1., 1., 1.,
       1., 1., 1., 1., 1., 1., 1., 1., 1.]), 'class_mean_width_scaled': array([0.11987179, 0.08910256, 0.10448718, 0.09615385, 0.13397436,
       0.13717949, 0.10961538, 0.11602564, 0.16794872, 0.07179487,
       0.15128205, 0.04871795, 0.11089744, 0.07692308, 0.11730769,
       0.14166667, 0.08717949, 0.08974359, 0.09294872, 0.10448718,
       0.1224359 , 0.09230769, 0.08910256, 0.12115385, 0.21474359,
       0.10897436]), 'class_median_width_scaled': array([0.03846154, 0.03846154, 0.03846154, 0.03846154, 0.03846154,
       0.03846154, 0.03846154, 0.03846154, 0.03846154, 0.03846154,
       0.03846154, 0.03846154, 0.03846154, 0.03846154, 0.03846154,
       0.03846154, 0.03846154, 0.03846154, 0.03846154, 0.03846154,
       0.03846154, 0.03846154, 0.03846154, 0.03846154, 0.03846154,
       0.03846154])}

Job completed at Thu Mar 20 05:04:07 PM PDT 2025
