Starting job at Thu Mar 20 05:03:17 PM PDT 2025
Job parameters:
Dataset: data_isolet
UQ Method: split_conformal_aps
Estimator: HistGradientBoosting
Seed: 778
Train Size: 0.8
Running split_conformal_aps on data_isolet with seed 778 and train size 0.8

starting experiment

data created

Fitting split_conformal_aps_HistGradientBoosting on data_isolet with seed 778

split_conformal_aps_HistGradientBoosting metrics: {'coverage': np.float64(0.958974358974359), 'mean_width': np.float64(2.7775641025641025), 'median_width': np.float64(1.0), 'mean_width_scaled': np.float64(0.10682938856015779), 'median_width_scaled': np.float64(0.038461538461538464)}

split_conformal_aps_HistGradientBoosting full metrics: {'coverage': np.float64(0.958974358974359), 'mean_width': np.float64(2.7775641025641025), 'median_width': np.float64(1.0), 'mean_width_scaled': np.float64(0.10682938856015779), 'median_width_scaled': np.float64(0.038461538461538464)}

split_conformal_aps_HistGradientBoosting class metrics: {'class_coverage': array([1.        , 0.96666667, 0.93333333, 1.        , 0.91666667,
       0.98333333, 1.        , 0.95      , 0.95      , 0.96666667,
       1.        , 0.88333333, 0.93333333, 0.98333333, 0.9       ,
       0.95      , 1.        , 1.        , 0.96666667, 0.98333333,
       0.93333333, 0.96666667, 0.93333333, 0.9       , 1.        ,
       0.93333333]), 'class_mean_width': array([2.28333333, 2.26666667, 2.68333333, 2.5       , 2.43333333,
       2.6       , 2.73333333, 1.95      , 3.6       , 3.11666667,
       3.93333333, 2.33333333, 1.51666667, 2.3       , 3.9       ,
       2.41666667, 2.33333333, 2.28333333, 3.96666667, 3.08333333,
       2.05      , 2.66666667, 1.91666667, 3.31666667, 3.18333333,
       4.85      ]), 'class_median_width': array([1., 1., 1., 1., 1., 1., 1., 1., 1., 1., 1., 1., 1., 1., 1., 1., 1.,
       1., 1., 1., 1., 1., 1., 1., 1., 1.]), 'class_mean_width_scaled': array([0.08782051, 0.08717949, 0.10320513, 0.09615385, 0.09358974,
       0.1       , 0.10512821, 0.075     , 0.13846154, 0.11987179,
       0.15128205, 0.08974359, 0.05833333, 0.08846154, 0.15      ,
       0.09294872, 0.08974359, 0.08782051, 0.1525641 , 0.11858974,
       0.07884615, 0.1025641 , 0.07371795, 0.1275641 , 0.1224359 ,
       0.18653846]), 'class_median_width_scaled': array([0.03846154, 0.03846154, 0.03846154, 0.03846154, 0.03846154,
       0.03846154, 0.03846154, 0.03846154, 0.03846154, 0.03846154,
       0.03846154, 0.03846154, 0.03846154, 0.03846154, 0.03846154,
       0.03846154, 0.03846154, 0.03846154, 0.03846154, 0.03846154,
       0.03846154, 0.03846154, 0.03846154, 0.03846154, 0.03846154,
       0.03846154])}

split_conformal_aps_HistGradientBoosting full class metrics: {'class_coverage': array([1.        , 0.96666667, 0.93333333, 1.        , 0.91666667,
       0.98333333, 1.        , 0.95      , 0.95      , 0.96666667,
       1.        , 0.88333333, 0.93333333, 0.98333333, 0.9       ,
       0.95      , 1.        , 1.        , 0.96666667, 0.98333333,
       0.93333333, 0.96666667, 0.93333333, 0.9       , 1.        ,
       0.93333333]), 'class_mean_width': array([2.28333333, 2.26666667, 2.68333333, 2.5       , 2.43333333,
       2.6       , 2.73333333, 1.95      , 3.6       , 3.11666667,
       3.93333333, 2.33333333, 1.51666667, 2.3       , 3.9       ,
       2.41666667, 2.33333333, 2.28333333, 3.96666667, 3.08333333,
       2.05      , 2.66666667, 1.91666667, 3.31666667, 3.18333333,
       4.85      ]), 'class_median_width': array([1., 1., 1., 1., 1., 1., 1., 1., 1., 1., 1., 1., 1., 1., 1., 1., 1.,
       1., 1., 1., 1., 1., 1., 1., 1., 1.]), 'class_mean_width_scaled': array([0.08782051, 0.08717949, 0.10320513, 0.09615385, 0.09358974,
       0.1       , 0.10512821, 0.075     , 0.13846154, 0.11987179,
       0.15128205, 0.08974359, 0.05833333, 0.08846154, 0.15      ,
       0.09294872, 0.08974359, 0.08782051, 0.1525641 , 0.11858974,
       0.07884615, 0.1025641 , 0.07371795, 0.1275641 , 0.1224359 ,
       0.18653846]), 'class_median_width_scaled': array([0.03846154, 0.03846154, 0.03846154, 0.03846154, 0.03846154,
       0.03846154, 0.03846154, 0.03846154, 0.03846154, 0.03846154,
       0.03846154, 0.03846154, 0.03846154, 0.03846154, 0.03846154,
       0.03846154, 0.03846154, 0.03846154, 0.03846154, 0.03846154,
       0.03846154, 0.03846154, 0.03846154, 0.03846154, 0.03846154,
       0.03846154])}

Job completed at Thu Mar 20 05:04:08 PM PDT 2025
