Starting job at Thu Mar 20 05:04:07 PM PDT 2025
Job parameters:
Dataset: data_language
UQ Method: split_conformal_topk
Estimator: ExtraTrees
Seed: 783
Train Size: 0.8
Running split_conformal_topk on data_language with seed 783 and train size 0.8

starting experiment

data created

Fitting split_conformal_topk_ExtraTrees on data_language with seed 783

split_conformal_topk_ExtraTrees metrics: {'coverage': np.float64(0.88), 'mean_width': np.float64(11.0), 'median_width': np.float64(11.0), 'mean_width_scaled': np.float64(0.36666666666666664), 'median_width_scaled': np.float64(0.36666666666666664)}

split_conformal_topk_ExtraTrees full metrics: {'coverage': np.float64(0.88), 'mean_width': np.float64(11.0), 'median_width': np.float64(11.0), 'mean_width_scaled': np.float64(0.36666666666666664), 'median_width_scaled': np.float64(0.36666666666666664)}

split_conformal_topk_ExtraTrees class metrics: {'class_coverage': array([1.        , 0.8       , 0.66666667, 0.        , 1.        ,
       0.9       , 0.93333333, 0.66666667, 1.        , 1.        ,
       1.        , 0.        , 1.        , 1.        , 0.        ,
       0.88888889, 0.8       , 0.66666667, 0.33333333, 1.        ,
       0.8       , 1.        , 0.83333333, 1.        , 0.83333333,
       0.6       , 1.        , 1.        , 1.        , 0.5       ]), 'class_mean_width': array([11., 11., 11., 11., 11., 11., 11., 11., 11., 11., 11., 11., 11.,
       11., 11., 11., 11., 11., 11., 11., 11., 11., 11., 11., 11., 11.,
       11., 11., 11., 11.]), 'class_median_width': array([11., 11., 11., 11., 11., 11., 11., 11., 11., 11., 11., 11., 11.,
       11., 11., 11., 11., 11., 11., 11., 11., 11., 11., 11., 11., 11.,
       11., 11., 11., 11.]), 'class_mean_width_scaled': array([0.36666667, 0.36666667, 0.36666667, 0.36666667, 0.36666667,
       0.36666667, 0.36666667, 0.36666667, 0.36666667, 0.36666667,
       0.36666667, 0.36666667, 0.36666667, 0.36666667, 0.36666667,
       0.36666667, 0.36666667, 0.36666667, 0.36666667, 0.36666667,
       0.36666667, 0.36666667, 0.36666667, 0.36666667, 0.36666667,
       0.36666667, 0.36666667, 0.36666667, 0.36666667, 0.36666667]), 'class_median_width_scaled': array([0.36666667, 0.36666667, 0.36666667, 0.36666667, 0.36666667,
       0.36666667, 0.36666667, 0.36666667, 0.36666667, 0.36666667,
       0.36666667, 0.36666667, 0.36666667, 0.36666667, 0.36666667,
       0.36666667, 0.36666667, 0.36666667, 0.36666667, 0.36666667,
       0.36666667, 0.36666667, 0.36666667, 0.36666667, 0.36666667,
       0.36666667, 0.36666667, 0.36666667, 0.36666667, 0.36666667])}

split_conformal_topk_ExtraTrees full class metrics: {'class_coverage': array([1.        , 0.8       , 0.66666667, 0.        , 1.        ,
       0.9       , 0.93333333, 0.66666667, 1.        , 1.        ,
       1.        , 0.        , 1.        , 1.        , 0.        ,
       0.88888889, 0.8       , 0.66666667, 0.33333333, 1.        ,
       0.8       , 1.        , 0.83333333, 1.        , 0.83333333,
       0.6       , 1.        , 1.        , 1.        , 0.5       ]), 'class_mean_width': array([11., 11., 11., 11., 11., 11., 11., 11., 11., 11., 11., 11., 11.,
       11., 11., 11., 11., 11., 11., 11., 11., 11., 11., 11., 11., 11.,
       11., 11., 11., 11.]), 'class_median_width': array([11., 11., 11., 11., 11., 11., 11., 11., 11., 11., 11., 11., 11.,
       11., 11., 11., 11., 11., 11., 11., 11., 11., 11., 11., 11., 11.,
       11., 11., 11., 11.]), 'class_mean_width_scaled': array([0.36666667, 0.36666667, 0.36666667, 0.36666667, 0.36666667,
       0.36666667, 0.36666667, 0.36666667, 0.36666667, 0.36666667,
       0.36666667, 0.36666667, 0.36666667, 0.36666667, 0.36666667,
       0.36666667, 0.36666667, 0.36666667, 0.36666667, 0.36666667,
       0.36666667, 0.36666667, 0.36666667, 0.36666667, 0.36666667,
       0.36666667, 0.36666667, 0.36666667, 0.36666667, 0.36666667]), 'class_median_width_scaled': array([0.36666667, 0.36666667, 0.36666667, 0.36666667, 0.36666667,
       0.36666667, 0.36666667, 0.36666667, 0.36666667, 0.36666667,
       0.36666667, 0.36666667, 0.36666667, 0.36666667, 0.36666667,
       0.36666667, 0.36666667, 0.36666667, 0.36666667, 0.36666667,
       0.36666667, 0.36666667, 0.36666667, 0.36666667, 0.36666667,
       0.36666667, 0.36666667, 0.36666667, 0.36666667, 0.36666667])}

Job completed at Thu Mar 20 05:04:08 PM PDT 2025
