Starting job at Thu Mar 20 05:04:27 PM PDT 2025
Job parameters:
Dataset: data_cover_type
UQ Method: split_conformal_topk
Estimator: AdaBoost
Seed: 782
Train Size: 0.8
Running split_conformal_topk on data_cover_type with seed 782 and train size 0.8

starting experiment

data created

Fitting split_conformal_topk_AdaBoost on data_cover_type with seed 782

split_conformal_topk_AdaBoost metrics: {'coverage': np.float64(0.9015), 'mean_width': np.float64(43.453), 'median_width': np.float64(41.0), 'mean_width_scaled': np.float64(0.43453), 'median_width_scaled': np.float64(0.41)}

split_conformal_topk_AdaBoost full metrics: {'coverage': np.float64(0.9015), 'mean_width': np.float64(43.453), 'median_width': np.float64(41.0), 'mean_width_scaled': np.float64(0.43453), 'median_width_scaled': np.float64(0.41)}

split_conformal_topk_AdaBoost class metrics: {'class_coverage': array([1.  , 0.  , 1.  , 1.  , 1.  , 1.  , 1.  , 1.  , 1.  , 1.  , 1.  ,
       1.  , 1.  , 0.55, 0.35, 1.  , 1.  , 1.  , 1.  , 0.8 , 1.  , 1.  ,
       1.  , 1.  , 1.  , 1.  , 1.  , 0.95, 0.95, 1.  , 1.  , 0.7 , 0.65,
       1.  , 1.  , 0.95, 0.95, 0.9 , 0.95, 0.4 , 1.  , 1.  , 0.75, 1.  ,
       0.75, 0.2 , 0.95, 1.  , 1.  , 1.  , 1.  , 1.  , 1.  , 0.  , 1.  ,
       1.  , 0.  , 1.  , 1.  , 1.  , 0.9 , 0.55, 1.  , 1.  , 0.9 , 0.75,
       0.9 , 1.  , 0.9 , 0.7 , 1.  , 1.  , 1.  , 0.8 , 1.  , 1.  , 1.  ,
       1.  , 1.  , 1.  , 1.  , 1.  , 1.  , 1.  , 1.  , 1.  , 1.  , 1.  ,
       1.  , 1.  , 1.  , 1.  , 1.  , 1.  , 0.  , 1.  , 1.  , 1.  , 1.  ,
       1.  ]), 'class_mean_width': array([41.  , 41.  , 41.  , 41.  , 41.  , 41.  , 41.  , 41.  , 41.  ,
       41.  , 41.  , 58.2 , 59.15, 41.  , 41.  , 41.  , 41.  , 41.  ,
       59.15, 57.8 , 41.  , 41.  , 41.  , 41.  , 41.  , 41.  , 62.  ,
       42.4 , 48.1 , 41.  , 41.  , 44.  , 51.8 , 41.  , 41.  , 43.85,
       42.2 , 41.7 , 48.45, 49.4 , 41.6 , 41.3 , 43.3 , 41.  , 41.  ,
       41.  , 41.  , 41.  , 41.  , 44.9 , 50.6 , 61.05, 43.  , 41.  ,
       41.  , 41.  , 41.  , 46.65, 56.3 , 62.  , 41.  , 41.  , 41.  ,
       41.  , 41.  , 41.  , 41.  , 41.  , 41.  , 41.  , 41.  , 41.  ,
       41.  , 41.  , 42.2 , 42.  , 42.7 , 41.6 , 41.7 , 41.2 , 42.6 ,
       41.7 , 41.3 , 41.  , 41.  , 41.  , 42.1 , 41.  , 41.3 , 41.  ,
       41.  , 41.  , 41.  , 41.  , 41.  , 41.  , 41.  , 41.  , 41.  ,
       62.  ]), 'class_median_width': array([41. , 41. , 41. , 41. , 41. , 41. , 41. , 41. , 41. , 41. , 41. ,
       62. , 62. , 41. , 41. , 41. , 41. , 41. , 62. , 62. , 41. , 41. ,
       41. , 41. , 41. , 41. , 62. , 43. , 43. , 41. , 41. , 43. , 52.5,
       41. , 41. , 43. , 43. , 41. , 41. , 41. , 41. , 41. , 41. , 41. ,
       41. , 41. , 41. , 41. , 41. , 43. , 43. , 62. , 43. , 41. , 41. ,
       41. , 41. , 43. , 62. , 62. , 41. , 41. , 41. , 41. , 41. , 41. ,
       41. , 41. , 41. , 41. , 41. , 41. , 41. , 41. , 43. , 42. , 43. ,
       41. , 41. , 41. , 43. , 41. , 41. , 41. , 41. , 41. , 43. , 41. ,
       41. , 41. , 41. , 41. , 41. , 41. , 41. , 41. , 41. , 41. , 41. ,
       62. ]), 'class_mean_width_scaled': array([0.41  , 0.41  , 0.41  , 0.41  , 0.41  , 0.41  , 0.41  , 0.41  ,
       0.41  , 0.41  , 0.41  , 0.582 , 0.5915, 0.41  , 0.41  , 0.41  ,
       0.41  , 0.41  , 0.5915, 0.578 , 0.41  , 0.41  , 0.41  , 0.41  ,
       0.41  , 0.41  , 0.62  , 0.424 , 0.481 , 0.41  , 0.41  , 0.44  ,
       0.518 , 0.41  , 0.41  , 0.4385, 0.422 , 0.417 , 0.4845, 0.494 ,
       0.416 , 0.413 , 0.433 , 0.41  , 0.41  , 0.41  , 0.41  , 0.41  ,
       0.41  , 0.449 , 0.506 , 0.6105, 0.43  , 0.41  , 0.41  , 0.41  ,
       0.41  , 0.4665, 0.563 , 0.62  , 0.41  , 0.41  , 0.41  , 0.41  ,
       0.41  , 0.41  , 0.41  , 0.41  , 0.41  , 0.41  , 0.41  , 0.41  ,
       0.41  , 0.41  , 0.422 , 0.42  , 0.427 , 0.416 , 0.417 , 0.412 ,
       0.426 , 0.417 , 0.413 , 0.41  , 0.41  , 0.41  , 0.421 , 0.41  ,
       0.413 , 0.41  , 0.41  , 0.41  , 0.41  , 0.41  , 0.41  , 0.41  ,
       0.41  , 0.41  , 0.41  , 0.62  ]), 'class_median_width_scaled': array([0.41 , 0.41 , 0.41 , 0.41 , 0.41 , 0.41 , 0.41 , 0.41 , 0.41 ,
       0.41 , 0.41 , 0.62 , 0.62 , 0.41 , 0.41 , 0.41 , 0.41 , 0.41 ,
       0.62 , 0.62 , 0.41 , 0.41 , 0.41 , 0.41 , 0.41 , 0.41 , 0.62 ,
       0.43 , 0.43 , 0.41 , 0.41 , 0.43 , 0.525, 0.41 , 0.41 , 0.43 ,
       0.43 , 0.41 , 0.41 , 0.41 , 0.41 , 0.41 , 0.41 , 0.41 , 0.41 ,
       0.41 , 0.41 , 0.41 , 0.41 , 0.43 , 0.43 , 0.62 , 0.43 , 0.41 ,
       0.41 , 0.41 , 0.41 , 0.43 , 0.62 , 0.62 , 0.41 , 0.41 , 0.41 ,
       0.41 , 0.41 , 0.41 , 0.41 , 0.41 , 0.41 , 0.41 , 0.41 , 0.41 ,
       0.41 , 0.41 , 0.43 , 0.42 , 0.43 , 0.41 , 0.41 , 0.41 , 0.43 ,
       0.41 , 0.41 , 0.41 , 0.41 , 0.41 , 0.43 , 0.41 , 0.41 , 0.41 ,
       0.41 , 0.41 , 0.41 , 0.41 , 0.41 , 0.41 , 0.41 , 0.41 , 0.41 ,
       0.62 ])}

split_conformal_topk_AdaBoost full class metrics: {'class_coverage': array([1.  , 0.  , 1.  , 1.  , 1.  , 1.  , 1.  , 1.  , 1.  , 1.  , 1.  ,
       1.  , 1.  , 0.55, 0.35, 1.  , 1.  , 1.  , 1.  , 0.8 , 1.  , 1.  ,
       1.  , 1.  , 1.  , 1.  , 1.  , 0.95, 0.95, 1.  , 1.  , 0.7 , 0.65,
       1.  , 1.  , 0.95, 0.95, 0.9 , 0.95, 0.4 , 1.  , 1.  , 0.75, 1.  ,
       0.75, 0.2 , 0.95, 1.  , 1.  , 1.  , 1.  , 1.  , 1.  , 0.  , 1.  ,
       1.  , 0.  , 1.  , 1.  , 1.  , 0.9 , 0.55, 1.  , 1.  , 0.9 , 0.75,
       0.9 , 1.  , 0.9 , 0.7 , 1.  , 1.  , 1.  , 0.8 , 1.  , 1.  , 1.  ,
       1.  , 1.  , 1.  , 1.  , 1.  , 1.  , 1.  , 1.  , 1.  , 1.  , 1.  ,
       1.  , 1.  , 1.  , 1.  , 1.  , 1.  , 0.  , 1.  , 1.  , 1.  , 1.  ,
       1.  ]), 'class_mean_width': array([41.  , 41.  , 41.  , 41.  , 41.  , 41.  , 41.  , 41.  , 41.  ,
       41.  , 41.  , 58.2 , 59.15, 41.  , 41.  , 41.  , 41.  , 41.  ,
       59.15, 57.8 , 41.  , 41.  , 41.  , 41.  , 41.  , 41.  , 62.  ,
       42.4 , 48.1 , 41.  , 41.  , 44.  , 51.8 , 41.  , 41.  , 43.85,
       42.2 , 41.7 , 48.45, 49.4 , 41.6 , 41.3 , 43.3 , 41.  , 41.  ,
       41.  , 41.  , 41.  , 41.  , 44.9 , 50.6 , 61.05, 43.  , 41.  ,
       41.  , 41.  , 41.  , 46.65, 56.3 , 62.  , 41.  , 41.  , 41.  ,
       41.  , 41.  , 41.  , 41.  , 41.  , 41.  , 41.  , 41.  , 41.  ,
       41.  , 41.  , 42.2 , 42.  , 42.7 , 41.6 , 41.7 , 41.2 , 42.6 ,
       41.7 , 41.3 , 41.  , 41.  , 41.  , 42.1 , 41.  , 41.3 , 41.  ,
       41.  , 41.  , 41.  , 41.  , 41.  , 41.  , 41.  , 41.  , 41.  ,
       62.  ]), 'class_median_width': array([41. , 41. , 41. , 41. , 41. , 41. , 41. , 41. , 41. , 41. , 41. ,
       62. , 62. , 41. , 41. , 41. , 41. , 41. , 62. , 62. , 41. , 41. ,
       41. , 41. , 41. , 41. , 62. , 43. , 43. , 41. , 41. , 43. , 52.5,
       41. , 41. , 43. , 43. , 41. , 41. , 41. , 41. , 41. , 41. , 41. ,
       41. , 41. , 41. , 41. , 41. , 43. , 43. , 62. , 43. , 41. , 41. ,
       41. , 41. , 43. , 62. , 62. , 41. , 41. , 41. , 41. , 41. , 41. ,
       41. , 41. , 41. , 41. , 41. , 41. , 41. , 41. , 43. , 42. , 43. ,
       41. , 41. , 41. , 43. , 41. , 41. , 41. , 41. , 41. , 43. , 41. ,
       41. , 41. , 41. , 41. , 41. , 41. , 41. , 41. , 41. , 41. , 41. ,
       62. ]), 'class_mean_width_scaled': array([0.41  , 0.41  , 0.41  , 0.41  , 0.41  , 0.41  , 0.41  , 0.41  ,
       0.41  , 0.41  , 0.41  , 0.582 , 0.5915, 0.41  , 0.41  , 0.41  ,
       0.41  , 0.41  , 0.5915, 0.578 , 0.41  , 0.41  , 0.41  , 0.41  ,
       0.41  , 0.41  , 0.62  , 0.424 , 0.481 , 0.41  , 0.41  , 0.44  ,
       0.518 , 0.41  , 0.41  , 0.4385, 0.422 , 0.417 , 0.4845, 0.494 ,
       0.416 , 0.413 , 0.433 , 0.41  , 0.41  , 0.41  , 0.41  , 0.41  ,
       0.41  , 0.449 , 0.506 , 0.6105, 0.43  , 0.41  , 0.41  , 0.41  ,
       0.41  , 0.4665, 0.563 , 0.62  , 0.41  , 0.41  , 0.41  , 0.41  ,
       0.41  , 0.41  , 0.41  , 0.41  , 0.41  , 0.41  , 0.41  , 0.41  ,
       0.41  , 0.41  , 0.422 , 0.42  , 0.427 , 0.416 , 0.417 , 0.412 ,
       0.426 , 0.417 , 0.413 , 0.41  , 0.41  , 0.41  , 0.421 , 0.41  ,
       0.413 , 0.41  , 0.41  , 0.41  , 0.41  , 0.41  , 0.41  , 0.41  ,
       0.41  , 0.41  , 0.41  , 0.62  ]), 'class_median_width_scaled': array([0.41 , 0.41 , 0.41 , 0.41 , 0.41 , 0.41 , 0.41 , 0.41 , 0.41 ,
       0.41 , 0.41 , 0.62 , 0.62 , 0.41 , 0.41 , 0.41 , 0.41 , 0.41 ,
       0.62 , 0.62 , 0.41 , 0.41 , 0.41 , 0.41 , 0.41 , 0.41 , 0.62 ,
       0.43 , 0.43 , 0.41 , 0.41 , 0.43 , 0.525, 0.41 , 0.41 , 0.43 ,
       0.43 , 0.41 , 0.41 , 0.41 , 0.41 , 0.41 , 0.41 , 0.41 , 0.41 ,
       0.41 , 0.41 , 0.41 , 0.41 , 0.43 , 0.43 , 0.62 , 0.43 , 0.41 ,
       0.41 , 0.41 , 0.41 , 0.43 , 0.62 , 0.62 , 0.41 , 0.41 , 0.41 ,
       0.41 , 0.41 , 0.41 , 0.41 , 0.41 , 0.41 , 0.41 , 0.41 , 0.41 ,
       0.41 , 0.41 , 0.43 , 0.42 , 0.43 , 0.41 , 0.41 , 0.41 , 0.43 ,
       0.41 , 0.41 , 0.41 , 0.41 , 0.41 , 0.43 , 0.41 , 0.41 , 0.41 ,
       0.41 , 0.41 , 0.41 , 0.41 , 0.41 , 0.41 , 0.41 , 0.41 , 0.41 ,
       0.62 ])}

Job completed at Thu Mar 20 05:04:30 PM PDT 2025
