Starting job at Thu Mar 20 05:04:25 PM PDT 2025
Job parameters:
Dataset: data_cover_type
UQ Method: split_conformal_topk
Estimator: AdaBoost
Seed: 780
Train Size: 0.8
Running split_conformal_topk on data_cover_type with seed 780 and train size 0.8

starting experiment

data created

Fitting split_conformal_topk_AdaBoost on data_cover_type with seed 780

split_conformal_topk_AdaBoost metrics: {'coverage': np.float64(0.9045), 'mean_width': np.float64(50.474), 'median_width': np.float64(49.0), 'mean_width_scaled': np.float64(0.50474), 'median_width_scaled': np.float64(0.49)}

split_conformal_topk_AdaBoost full metrics: {'coverage': np.float64(0.9045), 'mean_width': np.float64(50.474), 'median_width': np.float64(49.0), 'mean_width_scaled': np.float64(0.50474), 'median_width_scaled': np.float64(0.49)}

split_conformal_topk_AdaBoost class metrics: {'class_coverage': array([1.  , 1.  , 0.9 , 1.  , 1.  , 0.9 , 1.  , 1.  , 0.8 , 1.  , 1.  ,
       1.  , 1.  , 1.  , 1.  , 1.  , 1.  , 1.  , 1.  , 1.  , 0.  , 1.  ,
       1.  , 0.  , 1.  , 1.  , 1.  , 0.85, 1.  , 1.  , 1.  , 1.  , 1.  ,
       0.85, 0.7 , 0.85, 1.  , 1.  , 0.9 , 1.  , 1.  , 1.  , 1.  , 1.  ,
       1.  , 1.  , 1.  , 1.  , 1.  , 1.  , 1.  , 1.  , 0.95, 0.9 , 0.75,
       1.  , 0.9 , 1.  , 1.  , 0.9 , 0.8 , 1.  , 0.95, 1.  , 1.  , 1.  ,
       1.  , 1.  , 1.  , 0.8 , 1.  , 1.  , 1.  , 0.95, 1.  , 1.  , 1.  ,
       1.  , 1.  , 1.  , 1.  , 1.  , 1.  , 1.  , 0.  , 0.  , 1.  , 1.  ,
       1.  , 1.  , 0.85, 1.  , 0.95, 1.  , 0.  , 0.  , 1.  , 1.  , 0.  ,
       1.  ]), 'class_mean_width': array([48.05, 48.45, 48.9 , 49.  , 48.05, 48.9 , 48.7 , 48.3 , 48.75,
       48.1 , 49.  , 48.  , 48.05, 48.8 , 48.4 , 48.  , 48.45, 49.  ,
       48.  , 48.55, 49.  , 48.25, 49.  , 49.  , 48.  , 49.  , 49.  ,
       54.  , 51.2 , 49.  , 49.  , 48.8 , 48.25, 48.85, 50.8 , 52.8 ,
       50.85, 50.8 , 49.25, 48.1 , 56.  , 52.  , 49.6 , 56.  , 48.  ,
       48.  , 52.4 , 56.  , 48.2 , 51.6 , 48.  , 48.1 , 55.6 , 48.9 ,
       48.7 , 49.  , 48.85, 51.2 , 49.4 , 48.1 , 52.4 , 48.4 , 48.05,
       56.  , 53.6 , 52.  , 48.  , 56.  , 52.  , 49.  , 48.05, 48.6 ,
       56.  , 49.65, 56.  , 56.  , 56.  , 56.  , 56.  , 56.  , 55.6 ,
       54.  , 56.  , 48.8 , 49.  , 49.  , 56.  , 56.  , 56.  , 48.15,
       48.85, 48.25, 48.95, 49.  , 49.  , 49.  , 49.  , 49.  , 49.  ,
       49.  ]), 'class_median_width': array([48., 48., 49., 49., 48., 49., 49., 48., 49., 48., 49., 48., 48.,
       48., 48., 48., 48., 49., 48., 49., 49., 48., 49., 49., 48., 49.,
       49., 56., 48., 49., 49., 48., 48., 49., 48., 56., 48., 48., 48.,
       48., 56., 52., 48., 56., 48., 48., 56., 56., 48., 48., 48., 48.,
       56., 49., 49., 49., 49., 48., 48., 48., 56., 48., 48., 56., 56.,
       52., 48., 56., 52., 48., 48., 49., 56., 48., 56., 56., 56., 56.,
       56., 56., 56., 56., 56., 49., 49., 49., 56., 56., 56., 48., 49.,
       48., 49., 49., 49., 49., 49., 49., 49., 49.]), 'class_mean_width_scaled': array([0.4805, 0.4845, 0.489 , 0.49  , 0.4805, 0.489 , 0.487 , 0.483 ,
       0.4875, 0.481 , 0.49  , 0.48  , 0.4805, 0.488 , 0.484 , 0.48  ,
       0.4845, 0.49  , 0.48  , 0.4855, 0.49  , 0.4825, 0.49  , 0.49  ,
       0.48  , 0.49  , 0.49  , 0.54  , 0.512 , 0.49  , 0.49  , 0.488 ,
       0.4825, 0.4885, 0.508 , 0.528 , 0.5085, 0.508 , 0.4925, 0.481 ,
       0.56  , 0.52  , 0.496 , 0.56  , 0.48  , 0.48  , 0.524 , 0.56  ,
       0.482 , 0.516 , 0.48  , 0.481 , 0.556 , 0.489 , 0.487 , 0.49  ,
       0.4885, 0.512 , 0.494 , 0.481 , 0.524 , 0.484 , 0.4805, 0.56  ,
       0.536 , 0.52  , 0.48  , 0.56  , 0.52  , 0.49  , 0.4805, 0.486 ,
       0.56  , 0.4965, 0.56  , 0.56  , 0.56  , 0.56  , 0.56  , 0.56  ,
       0.556 , 0.54  , 0.56  , 0.488 , 0.49  , 0.49  , 0.56  , 0.56  ,
       0.56  , 0.4815, 0.4885, 0.4825, 0.4895, 0.49  , 0.49  , 0.49  ,
       0.49  , 0.49  , 0.49  , 0.49  ]), 'class_median_width_scaled': array([0.48, 0.48, 0.49, 0.49, 0.48, 0.49, 0.49, 0.48, 0.49, 0.48, 0.49,
       0.48, 0.48, 0.48, 0.48, 0.48, 0.48, 0.49, 0.48, 0.49, 0.49, 0.48,
       0.49, 0.49, 0.48, 0.49, 0.49, 0.56, 0.48, 0.49, 0.49, 0.48, 0.48,
       0.49, 0.48, 0.56, 0.48, 0.48, 0.48, 0.48, 0.56, 0.52, 0.48, 0.56,
       0.48, 0.48, 0.56, 0.56, 0.48, 0.48, 0.48, 0.48, 0.56, 0.49, 0.49,
       0.49, 0.49, 0.48, 0.48, 0.48, 0.56, 0.48, 0.48, 0.56, 0.56, 0.52,
       0.48, 0.56, 0.52, 0.48, 0.48, 0.49, 0.56, 0.48, 0.56, 0.56, 0.56,
       0.56, 0.56, 0.56, 0.56, 0.56, 0.56, 0.49, 0.49, 0.49, 0.56, 0.56,
       0.56, 0.48, 0.49, 0.48, 0.49, 0.49, 0.49, 0.49, 0.49, 0.49, 0.49,
       0.49])}

split_conformal_topk_AdaBoost full class metrics: {'class_coverage': array([1.  , 1.  , 0.9 , 1.  , 1.  , 0.9 , 1.  , 1.  , 0.8 , 1.  , 1.  ,
       1.  , 1.  , 1.  , 1.  , 1.  , 1.  , 1.  , 1.  , 1.  , 0.  , 1.  ,
       1.  , 0.  , 1.  , 1.  , 1.  , 0.85, 1.  , 1.  , 1.  , 1.  , 1.  ,
       0.85, 0.7 , 0.85, 1.  , 1.  , 0.9 , 1.  , 1.  , 1.  , 1.  , 1.  ,
       1.  , 1.  , 1.  , 1.  , 1.  , 1.  , 1.  , 1.  , 0.95, 0.9 , 0.75,
       1.  , 0.9 , 1.  , 1.  , 0.9 , 0.8 , 1.  , 0.95, 1.  , 1.  , 1.  ,
       1.  , 1.  , 1.  , 0.8 , 1.  , 1.  , 1.  , 0.95, 1.  , 1.  , 1.  ,
       1.  , 1.  , 1.  , 1.  , 1.  , 1.  , 1.  , 0.  , 0.  , 1.  , 1.  ,
       1.  , 1.  , 0.85, 1.  , 0.95, 1.  , 0.  , 0.  , 1.  , 1.  , 0.  ,
       1.  ]), 'class_mean_width': array([48.05, 48.45, 48.9 , 49.  , 48.05, 48.9 , 48.7 , 48.3 , 48.75,
       48.1 , 49.  , 48.  , 48.05, 48.8 , 48.4 , 48.  , 48.45, 49.  ,
       48.  , 48.55, 49.  , 48.25, 49.  , 49.  , 48.  , 49.  , 49.  ,
       54.  , 51.2 , 49.  , 49.  , 48.8 , 48.25, 48.85, 50.8 , 52.8 ,
       50.85, 50.8 , 49.25, 48.1 , 56.  , 52.  , 49.6 , 56.  , 48.  ,
       48.  , 52.4 , 56.  , 48.2 , 51.6 , 48.  , 48.1 , 55.6 , 48.9 ,
       48.7 , 49.  , 48.85, 51.2 , 49.4 , 48.1 , 52.4 , 48.4 , 48.05,
       56.  , 53.6 , 52.  , 48.  , 56.  , 52.  , 49.  , 48.05, 48.6 ,
       56.  , 49.65, 56.  , 56.  , 56.  , 56.  , 56.  , 56.  , 55.6 ,
       54.  , 56.  , 48.8 , 49.  , 49.  , 56.  , 56.  , 56.  , 48.15,
       48.85, 48.25, 48.95, 49.  , 49.  , 49.  , 49.  , 49.  , 49.  ,
       49.  ]), 'class_median_width': array([48., 48., 49., 49., 48., 49., 49., 48., 49., 48., 49., 48., 48.,
       48., 48., 48., 48., 49., 48., 49., 49., 48., 49., 49., 48., 49.,
       49., 56., 48., 49., 49., 48., 48., 49., 48., 56., 48., 48., 48.,
       48., 56., 52., 48., 56., 48., 48., 56., 56., 48., 48., 48., 48.,
       56., 49., 49., 49., 49., 48., 48., 48., 56., 48., 48., 56., 56.,
       52., 48., 56., 52., 48., 48., 49., 56., 48., 56., 56., 56., 56.,
       56., 56., 56., 56., 56., 49., 49., 49., 56., 56., 56., 48., 49.,
       48., 49., 49., 49., 49., 49., 49., 49., 49.]), 'class_mean_width_scaled': array([0.4805, 0.4845, 0.489 , 0.49  , 0.4805, 0.489 , 0.487 , 0.483 ,
       0.4875, 0.481 , 0.49  , 0.48  , 0.4805, 0.488 , 0.484 , 0.48  ,
       0.4845, 0.49  , 0.48  , 0.4855, 0.49  , 0.4825, 0.49  , 0.49  ,
       0.48  , 0.49  , 0.49  , 0.54  , 0.512 , 0.49  , 0.49  , 0.488 ,
       0.4825, 0.4885, 0.508 , 0.528 , 0.5085, 0.508 , 0.4925, 0.481 ,
       0.56  , 0.52  , 0.496 , 0.56  , 0.48  , 0.48  , 0.524 , 0.56  ,
       0.482 , 0.516 , 0.48  , 0.481 , 0.556 , 0.489 , 0.487 , 0.49  ,
       0.4885, 0.512 , 0.494 , 0.481 , 0.524 , 0.484 , 0.4805, 0.56  ,
       0.536 , 0.52  , 0.48  , 0.56  , 0.52  , 0.49  , 0.4805, 0.486 ,
       0.56  , 0.4965, 0.56  , 0.56  , 0.56  , 0.56  , 0.56  , 0.56  ,
       0.556 , 0.54  , 0.56  , 0.488 , 0.49  , 0.49  , 0.56  , 0.56  ,
       0.56  , 0.4815, 0.4885, 0.4825, 0.4895, 0.49  , 0.49  , 0.49  ,
       0.49  , 0.49  , 0.49  , 0.49  ]), 'class_median_width_scaled': array([0.48, 0.48, 0.49, 0.49, 0.48, 0.49, 0.49, 0.48, 0.49, 0.48, 0.49,
       0.48, 0.48, 0.48, 0.48, 0.48, 0.48, 0.49, 0.48, 0.49, 0.49, 0.48,
       0.49, 0.49, 0.48, 0.49, 0.49, 0.56, 0.48, 0.49, 0.49, 0.48, 0.48,
       0.49, 0.48, 0.56, 0.48, 0.48, 0.48, 0.48, 0.56, 0.52, 0.48, 0.56,
       0.48, 0.48, 0.56, 0.56, 0.48, 0.48, 0.48, 0.48, 0.56, 0.49, 0.49,
       0.49, 0.49, 0.48, 0.48, 0.48, 0.56, 0.48, 0.48, 0.56, 0.56, 0.52,
       0.48, 0.56, 0.52, 0.48, 0.48, 0.49, 0.56, 0.48, 0.56, 0.56, 0.56,
       0.56, 0.56, 0.56, 0.56, 0.56, 0.56, 0.49, 0.49, 0.49, 0.56, 0.56,
       0.56, 0.48, 0.49, 0.48, 0.49, 0.49, 0.49, 0.49, 0.49, 0.49, 0.49,
       0.49])}

Job completed at Thu Mar 20 05:04:28 PM PDT 2025
