Starting job at Wed Mar 19 06:23:32 PM PDT 2025
Job parameters:
Dataset: data_helena
UQ Method: split_conformal_raps
Estimator: MLP
Seed: 783
Train Size: 0.8
Running split_conformal_raps on data_helena with seed 783 and train size 0.8

starting experiment

data created

Fitting split_conformal_raps_MLP on data_helena with seed 783

split_conformal_raps_MLP metrics: {'coverage': np.float64(0.8971625766871165), 'mean_width': np.float64(55.86978527607362), 'median_width': np.float64(57.0), 'mean_width_scaled': np.float64(0.5586978527607362), 'median_width_scaled': np.float64(0.57)}

split_conformal_raps_MLP full metrics: {'coverage': np.float64(0.8971625766871165), 'mean_width': np.float64(55.86978527607362), 'median_width': np.float64(57.0), 'mean_width_scaled': np.float64(0.5586978527607362), 'median_width_scaled': np.float64(0.57)}

split_conformal_raps_MLP class metrics: {'class_coverage': array([0.89247312, 0.75862069, 0.40909091, 0.71875   , 0.88505747,
       0.76623377, 0.84375   , 0.94444444, 0.45833333, 0.96153846,
       0.71111111, 0.5       , 0.5       , 0.98224852, 0.62903226,
       0.84615385, 0.8627451 , 0.46666667, 0.92361111, 0.84353741,
       0.64615385, 0.77358491, 0.9704142 , 0.50980392, 0.68103448,
       0.56521739, 0.58333333, 0.125     , 0.69565217, 0.53846154,
       0.37837838, 0.79411765, 0.90970655, 0.98095238, 0.90909091,
       0.98998331, 0.86111111, 0.34482759, 0.76666667, 0.87301587,
       0.85074627, 0.95762712, 0.84615385, 0.94545455, 0.66666667,
       0.90740741, 0.55263158, 0.93670886, 0.71818182, 0.5862069 ,
       0.33333333, 0.99673736, 0.375     , 0.98328691, 0.38095238,
       0.95785441, 0.98173516, 0.68421053, 0.83516484, 0.5       ,
       0.93717277, 0.88970588, 0.76470588, 0.875     , 0.99065421,
       0.91489362, 0.9908046 , 0.96      , 0.77966102, 0.87692308,
       0.91150442, 0.86666667, 0.71428571, 0.5       , 0.94495413,
       0.96448087, 0.98377029, 0.92941176, 0.36842105, 0.97674419,
       0.96969697, 0.90666667, 0.54347826, 0.91428571, 0.8496732 ,
       0.73033708, 0.98507463, 0.98652291, 0.72857143, 0.94375   ,
       0.57692308, 0.97938144, 0.98066298, 0.73170732, 0.72222222,
       0.9375    , 0.98739496, 0.92328767, 0.63934426, 0.72289157]), 'class_mean_width': array([57.        , 57.        , 57.        , 55.05208333, 56.47126437,
       56.66233766, 56.859375  , 56.98148148, 54.01388889, 56.78506787,
       55.88888889, 56.96153846, 56.89285714, 56.75147929, 54.51612903,
       56.67307692, 54.82352941, 56.35555556, 55.40972222, 56.89795918,
       56.16923077, 56.45283019, 56.65680473, 56.60784314, 56.0862069 ,
       56.65217391, 53.91666667, 56.95833333, 57.08695652, 56.76923077,
       56.02702703, 56.60294118, 56.43792325, 56.65333333, 56.31818182,
       56.67779633, 57.        , 56.96551724, 56.225     , 56.65079365,
       57.2238806 , 56.59322034, 57.05128205, 56.96363636, 56.35714286,
       57.        , 55.73684211, 55.81012658, 55.61818182, 52.55172414,
       56.96296296, 56.41761827, 57.        , 56.51532033, 56.9047619 ,
       55.77011494, 56.84931507, 55.56578947, 56.3956044 , 57.        ,
       56.39790576, 56.55147059, 56.14705882, 55.01136364, 56.72897196,
       56.70212766, 56.87126437, 56.46      , 55.81355932, 57.07692308,
       56.54867257, 56.88333333, 56.85714286, 55.        , 56.97247706,
       56.2431694 , 50.02122347, 53.76078431, 57.        , 40.11627907,
       56.93939394, 55.12      , 56.97826087, 56.28571429, 55.96732026,
       56.02247191, 56.05970149, 56.20754717, 56.61428571, 56.6375    ,
       55.84615385, 56.30154639, 55.70994475, 56.04878049, 57.25      ,
       57.        , 56.4789916 , 56.38630137, 55.        , 54.45783133]), 'class_median_width': array([57., 57., 57., 57., 57., 57., 57., 57., 57., 57., 57., 57., 57.,
       57., 57., 57., 57., 57., 57., 57., 57., 57., 57., 57., 57., 57.,
       57., 57., 57., 57., 57., 57., 57., 57., 57., 57., 57., 57., 57.,
       57., 57., 57., 57., 57., 57., 57., 57., 57., 57., 57., 57., 57.,
       57., 57., 57., 57., 57., 57., 57., 57., 57., 57., 57., 57., 57.,
       57., 57., 57., 57., 57., 57., 57., 57., 57., 57., 57., 56., 56.,
       57., 54., 57., 57., 57., 57., 57., 57., 57., 57., 57., 57., 57.,
       57., 57., 57., 57., 57., 57., 57., 57., 57.]), 'class_mean_width_scaled': array([0.57      , 0.57      , 0.57      , 0.55052083, 0.56471264,
       0.56662338, 0.56859375, 0.56981481, 0.54013889, 0.56785068,
       0.55888889, 0.56961538, 0.56892857, 0.56751479, 0.54516129,
       0.56673077, 0.54823529, 0.56355556, 0.55409722, 0.56897959,
       0.56169231, 0.5645283 , 0.56656805, 0.56607843, 0.56086207,
       0.56652174, 0.53916667, 0.56958333, 0.57086957, 0.56769231,
       0.56027027, 0.56602941, 0.56437923, 0.56653333, 0.56318182,
       0.56677796, 0.57      , 0.56965517, 0.56225   , 0.56650794,
       0.57223881, 0.5659322 , 0.57051282, 0.56963636, 0.56357143,
       0.57      , 0.55736842, 0.55810127, 0.55618182, 0.52551724,
       0.56962963, 0.56417618, 0.57      , 0.5651532 , 0.56904762,
       0.55770115, 0.56849315, 0.55565789, 0.56395604, 0.57      ,
       0.56397906, 0.56551471, 0.56147059, 0.55011364, 0.56728972,
       0.56702128, 0.56871264, 0.5646    , 0.55813559, 0.57076923,
       0.56548673, 0.56883333, 0.56857143, 0.55      , 0.56972477,
       0.56243169, 0.50021223, 0.53760784, 0.57      , 0.40116279,
       0.56939394, 0.5512    , 0.56978261, 0.56285714, 0.5596732 ,
       0.56022472, 0.56059701, 0.56207547, 0.56614286, 0.566375  ,
       0.55846154, 0.56301546, 0.55709945, 0.5604878 , 0.5725    ,
       0.57      , 0.56478992, 0.56386301, 0.55      , 0.54457831]), 'class_median_width_scaled': array([0.57, 0.57, 0.57, 0.57, 0.57, 0.57, 0.57, 0.57, 0.57, 0.57, 0.57,
       0.57, 0.57, 0.57, 0.57, 0.57, 0.57, 0.57, 0.57, 0.57, 0.57, 0.57,
       0.57, 0.57, 0.57, 0.57, 0.57, 0.57, 0.57, 0.57, 0.57, 0.57, 0.57,
       0.57, 0.57, 0.57, 0.57, 0.57, 0.57, 0.57, 0.57, 0.57, 0.57, 0.57,
       0.57, 0.57, 0.57, 0.57, 0.57, 0.57, 0.57, 0.57, 0.57, 0.57, 0.57,
       0.57, 0.57, 0.57, 0.57, 0.57, 0.57, 0.57, 0.57, 0.57, 0.57, 0.57,
       0.57, 0.57, 0.57, 0.57, 0.57, 0.57, 0.57, 0.57, 0.57, 0.57, 0.56,
       0.56, 0.57, 0.54, 0.57, 0.57, 0.57, 0.57, 0.57, 0.57, 0.57, 0.57,
       0.57, 0.57, 0.57, 0.57, 0.57, 0.57, 0.57, 0.57, 0.57, 0.57, 0.57,
       0.57])}

split_conformal_raps_MLP full class metrics: {'class_coverage': array([0.89247312, 0.75862069, 0.40909091, 0.71875   , 0.88505747,
       0.76623377, 0.84375   , 0.94444444, 0.45833333, 0.96153846,
       0.71111111, 0.5       , 0.5       , 0.98224852, 0.62903226,
       0.84615385, 0.8627451 , 0.46666667, 0.92361111, 0.84353741,
       0.64615385, 0.77358491, 0.9704142 , 0.50980392, 0.68103448,
       0.56521739, 0.58333333, 0.125     , 0.69565217, 0.53846154,
       0.37837838, 0.79411765, 0.90970655, 0.98095238, 0.90909091,
       0.98998331, 0.86111111, 0.34482759, 0.76666667, 0.87301587,
       0.85074627, 0.95762712, 0.84615385, 0.94545455, 0.66666667,
       0.90740741, 0.55263158, 0.93670886, 0.71818182, 0.5862069 ,
       0.33333333, 0.99673736, 0.375     , 0.98328691, 0.38095238,
       0.95785441, 0.98173516, 0.68421053, 0.83516484, 0.5       ,
       0.93717277, 0.88970588, 0.76470588, 0.875     , 0.99065421,
       0.91489362, 0.9908046 , 0.96      , 0.77966102, 0.87692308,
       0.91150442, 0.86666667, 0.71428571, 0.5       , 0.94495413,
       0.96448087, 0.98377029, 0.92941176, 0.36842105, 0.97674419,
       0.96969697, 0.90666667, 0.54347826, 0.91428571, 0.8496732 ,
       0.73033708, 0.98507463, 0.98652291, 0.72857143, 0.94375   ,
       0.57692308, 0.97938144, 0.98066298, 0.73170732, 0.72222222,
       0.9375    , 0.98739496, 0.92328767, 0.63934426, 0.72289157]), 'class_mean_width': array([57.        , 57.        , 57.        , 55.05208333, 56.47126437,
       56.66233766, 56.859375  , 56.98148148, 54.01388889, 56.78506787,
       55.88888889, 56.96153846, 56.89285714, 56.75147929, 54.51612903,
       56.67307692, 54.82352941, 56.35555556, 55.40972222, 56.89795918,
       56.16923077, 56.45283019, 56.65680473, 56.60784314, 56.0862069 ,
       56.65217391, 53.91666667, 56.95833333, 57.08695652, 56.76923077,
       56.02702703, 56.60294118, 56.43792325, 56.65333333, 56.31818182,
       56.67779633, 57.        , 56.96551724, 56.225     , 56.65079365,
       57.2238806 , 56.59322034, 57.05128205, 56.96363636, 56.35714286,
       57.        , 55.73684211, 55.81012658, 55.61818182, 52.55172414,
       56.96296296, 56.41761827, 57.        , 56.51532033, 56.9047619 ,
       55.77011494, 56.84931507, 55.56578947, 56.3956044 , 57.        ,
       56.39790576, 56.55147059, 56.14705882, 55.01136364, 56.72897196,
       56.70212766, 56.87126437, 56.46      , 55.81355932, 57.07692308,
       56.54867257, 56.88333333, 56.85714286, 55.        , 56.97247706,
       56.2431694 , 50.02122347, 53.76078431, 57.        , 40.11627907,
       56.93939394, 55.12      , 56.97826087, 56.28571429, 55.96732026,
       56.02247191, 56.05970149, 56.20754717, 56.61428571, 56.6375    ,
       55.84615385, 56.30154639, 55.70994475, 56.04878049, 57.25      ,
       57.        , 56.4789916 , 56.38630137, 55.        , 54.45783133]), 'class_median_width': array([57., 57., 57., 57., 57., 57., 57., 57., 57., 57., 57., 57., 57.,
       57., 57., 57., 57., 57., 57., 57., 57., 57., 57., 57., 57., 57.,
       57., 57., 57., 57., 57., 57., 57., 57., 57., 57., 57., 57., 57.,
       57., 57., 57., 57., 57., 57., 57., 57., 57., 57., 57., 57., 57.,
       57., 57., 57., 57., 57., 57., 57., 57., 57., 57., 57., 57., 57.,
       57., 57., 57., 57., 57., 57., 57., 57., 57., 57., 57., 56., 56.,
       57., 54., 57., 57., 57., 57., 57., 57., 57., 57., 57., 57., 57.,
       57., 57., 57., 57., 57., 57., 57., 57., 57.]), 'class_mean_width_scaled': array([0.57      , 0.57      , 0.57      , 0.55052083, 0.56471264,
       0.56662338, 0.56859375, 0.56981481, 0.54013889, 0.56785068,
       0.55888889, 0.56961538, 0.56892857, 0.56751479, 0.54516129,
       0.56673077, 0.54823529, 0.56355556, 0.55409722, 0.56897959,
       0.56169231, 0.5645283 , 0.56656805, 0.56607843, 0.56086207,
       0.56652174, 0.53916667, 0.56958333, 0.57086957, 0.56769231,
       0.56027027, 0.56602941, 0.56437923, 0.56653333, 0.56318182,
       0.56677796, 0.57      , 0.56965517, 0.56225   , 0.56650794,
       0.57223881, 0.5659322 , 0.57051282, 0.56963636, 0.56357143,
       0.57      , 0.55736842, 0.55810127, 0.55618182, 0.52551724,
       0.56962963, 0.56417618, 0.57      , 0.5651532 , 0.56904762,
       0.55770115, 0.56849315, 0.55565789, 0.56395604, 0.57      ,
       0.56397906, 0.56551471, 0.56147059, 0.55011364, 0.56728972,
       0.56702128, 0.56871264, 0.5646    , 0.55813559, 0.57076923,
       0.56548673, 0.56883333, 0.56857143, 0.55      , 0.56972477,
       0.56243169, 0.50021223, 0.53760784, 0.57      , 0.40116279,
       0.56939394, 0.5512    , 0.56978261, 0.56285714, 0.5596732 ,
       0.56022472, 0.56059701, 0.56207547, 0.56614286, 0.566375  ,
       0.55846154, 0.56301546, 0.55709945, 0.5604878 , 0.5725    ,
       0.57      , 0.56478992, 0.56386301, 0.55      , 0.54457831]), 'class_median_width_scaled': array([0.57, 0.57, 0.57, 0.57, 0.57, 0.57, 0.57, 0.57, 0.57, 0.57, 0.57,
       0.57, 0.57, 0.57, 0.57, 0.57, 0.57, 0.57, 0.57, 0.57, 0.57, 0.57,
       0.57, 0.57, 0.57, 0.57, 0.57, 0.57, 0.57, 0.57, 0.57, 0.57, 0.57,
       0.57, 0.57, 0.57, 0.57, 0.57, 0.57, 0.57, 0.57, 0.57, 0.57, 0.57,
       0.57, 0.57, 0.57, 0.57, 0.57, 0.57, 0.57, 0.57, 0.57, 0.57, 0.57,
       0.57, 0.57, 0.57, 0.57, 0.57, 0.57, 0.57, 0.57, 0.57, 0.57, 0.57,
       0.57, 0.57, 0.57, 0.57, 0.57, 0.57, 0.57, 0.57, 0.57, 0.57, 0.56,
       0.56, 0.57, 0.54, 0.57, 0.57, 0.57, 0.57, 0.57, 0.57, 0.57, 0.57,
       0.57, 0.57, 0.57, 0.57, 0.57, 0.57, 0.57, 0.57, 0.57, 0.57, 0.57,
       0.57])}

Job completed at Wed Mar 19 06:23:37 PM PDT 2025
