Starting job at Wed Mar 19 06:23:28 PM PDT 2025
Job parameters:
Dataset: data_helena
UQ Method: split_conformal_raps
Estimator: MLP
Seed: 782
Train Size: 0.8
Running split_conformal_raps on data_helena with seed 782 and train size 0.8

starting experiment

data created

Fitting split_conformal_raps_MLP on data_helena with seed 782

split_conformal_raps_MLP metrics: {'coverage': np.float64(0.8907975460122699), 'mean_width': np.float64(52.472852760736195), 'median_width': np.float64(54.0), 'mean_width_scaled': np.float64(0.524728527607362), 'median_width_scaled': np.float64(0.54)}

split_conformal_raps_MLP full metrics: {'coverage': np.float64(0.8907975460122699), 'mean_width': np.float64(52.472852760736195), 'median_width': np.float64(54.0), 'mean_width_scaled': np.float64(0.524728527607362), 'median_width_scaled': np.float64(0.54)}

split_conformal_raps_MLP class metrics: {'class_coverage': array([0.90322581, 0.53448276, 0.22727273, 0.88541667, 0.86206897,
       0.57142857, 0.796875  , 0.86111111, 0.69444444, 0.97511312,
       0.46666667, 0.26923077, 0.60714286, 0.95857988, 0.80645161,
       0.63461538, 0.83333333, 0.68888889, 0.93055556, 0.86394558,
       0.8       , 0.67924528, 0.80473373, 0.70588235, 0.84482759,
       0.45652174, 0.66666667, 0.16666667, 0.30434783, 0.65384615,
       0.75675676, 0.60294118, 0.96839729, 0.99238095, 0.70454545,
       0.97829716, 0.61111111, 0.24137931, 0.90833333, 0.88888889,
       0.88059701, 0.94067797, 0.82051282, 0.90909091, 0.5       ,
       0.61111111, 0.05263158, 0.94936709, 0.95454545, 0.55172414,
       0.62962963, 0.99836868, 0.16666667, 0.98328691, 0.5       ,
       0.95785441, 0.93607306, 0.88157895, 0.75824176, 0.63157895,
       0.92146597, 0.94117647, 0.20588235, 0.77272727, 0.85046729,
       0.68085106, 0.9908046 , 0.95      , 0.55932203, 0.90769231,
       0.90265487, 0.86666667, 0.71428571, 0.5       , 0.88073394,
       0.95355191, 0.98751561, 0.92156863, 0.52631579, 0.90697674,
       0.81818182, 0.93333333, 0.60869565, 0.45714286, 0.96732026,
       0.82022472, 0.96517413, 0.97304582, 0.71428571, 0.9375    ,
       0.19230769, 0.95876289, 1.        , 0.57317073, 0.47222222,
       0.84375   , 0.99579832, 0.99178082, 0.70491803, 0.78313253]), 'class_mean_width': array([53.74193548, 53.70689655, 53.95454545, 52.36458333, 53.36781609,
       53.25974026, 53.21875   , 53.81481481, 51.09722222, 52.92307692,
       52.86666667, 53.84615385, 53.64285714, 53.20118343, 51.85483871,
       53.11538462, 52.75490196, 53.48888889, 52.53472222, 53.78231293,
       52.29230769, 53.33962264, 52.79881657, 53.43137255, 53.31034483,
       52.73913043, 52.04166667, 53.33333333, 53.82608696, 53.57692308,
       53.24324324, 53.64705882, 53.23702032, 53.62666667, 53.01136364,
       53.47078464, 53.11111111, 53.55172414, 53.16666667, 53.73015873,
       53.52238806, 53.50847458, 53.82051282, 53.67272727, 53.71428571,
       51.96296296, 52.23684211, 51.39240506, 52.72727273, 52.4137931 ,
       53.88888889, 53.61337684, 53.70833333, 53.15041783, 52.83333333,
       51.70498084, 53.6347032 , 52.85526316, 53.10989011, 53.57894737,
       53.09424084, 53.02205882, 52.08823529, 52.64772727, 53.27102804,
       53.70212766, 53.42298851, 53.36      , 52.05084746, 53.86153846,
       53.47787611, 52.66666667, 53.92857143, 53.70833333, 53.2293578 ,
       52.65027322, 43.66666667, 50.69019608, 52.94736842, 37.18604651,
       53.84848485, 52.62666667, 53.36956522, 53.8       , 53.58823529,
       52.34831461, 53.        , 52.88679245, 53.72857143, 53.6625    ,
       53.26923077, 53.20618557, 52.97790055, 52.59756098, 53.52777778,
       53.78125   , 53.27731092, 53.30136986, 53.42622951, 52.02409639]), 'class_median_width': array([54., 54., 54., 54., 54., 54., 54., 54., 54., 53., 54., 54., 54.,
       54., 54., 54., 54., 54., 53., 54., 54., 53., 53., 54., 54., 54.,
       53., 53., 54., 53., 54., 54., 53., 54., 53., 54., 54., 54., 54.,
       54., 54., 54., 54., 54., 54., 54., 54., 53., 54., 53., 54., 54.,
       54., 53., 54., 53., 54., 54., 54., 54., 54., 54., 54., 54., 54.,
       54., 54., 54., 54., 54., 53., 53., 54., 54., 54., 53., 51., 53.,
       54., 48., 54., 53., 54., 54., 54., 54., 54., 54., 54., 54., 53.,
       53., 54., 53., 54., 54., 54., 54., 54., 54.]), 'class_mean_width_scaled': array([0.53741935, 0.53706897, 0.53954545, 0.52364583, 0.53367816,
       0.5325974 , 0.5321875 , 0.53814815, 0.51097222, 0.52923077,
       0.52866667, 0.53846154, 0.53642857, 0.53201183, 0.51854839,
       0.53115385, 0.52754902, 0.53488889, 0.52534722, 0.53782313,
       0.52292308, 0.53339623, 0.52798817, 0.53431373, 0.53310345,
       0.5273913 , 0.52041667, 0.53333333, 0.53826087, 0.53576923,
       0.53243243, 0.53647059, 0.5323702 , 0.53626667, 0.53011364,
       0.53470785, 0.53111111, 0.53551724, 0.53166667, 0.53730159,
       0.53522388, 0.53508475, 0.53820513, 0.53672727, 0.53714286,
       0.51962963, 0.52236842, 0.51392405, 0.52727273, 0.52413793,
       0.53888889, 0.53613377, 0.53708333, 0.53150418, 0.52833333,
       0.51704981, 0.53634703, 0.52855263, 0.5310989 , 0.53578947,
       0.53094241, 0.53022059, 0.52088235, 0.52647727, 0.53271028,
       0.53702128, 0.53422989, 0.5336    , 0.52050847, 0.53861538,
       0.53477876, 0.52666667, 0.53928571, 0.53708333, 0.53229358,
       0.52650273, 0.43666667, 0.50690196, 0.52947368, 0.37186047,
       0.53848485, 0.52626667, 0.53369565, 0.538     , 0.53588235,
       0.52348315, 0.53      , 0.52886792, 0.53728571, 0.536625  ,
       0.53269231, 0.53206186, 0.52977901, 0.52597561, 0.53527778,
       0.5378125 , 0.53277311, 0.5330137 , 0.5342623 , 0.52024096]), 'class_median_width_scaled': array([0.54, 0.54, 0.54, 0.54, 0.54, 0.54, 0.54, 0.54, 0.54, 0.53, 0.54,
       0.54, 0.54, 0.54, 0.54, 0.54, 0.54, 0.54, 0.53, 0.54, 0.54, 0.53,
       0.53, 0.54, 0.54, 0.54, 0.53, 0.53, 0.54, 0.53, 0.54, 0.54, 0.53,
       0.54, 0.53, 0.54, 0.54, 0.54, 0.54, 0.54, 0.54, 0.54, 0.54, 0.54,
       0.54, 0.54, 0.54, 0.53, 0.54, 0.53, 0.54, 0.54, 0.54, 0.53, 0.54,
       0.53, 0.54, 0.54, 0.54, 0.54, 0.54, 0.54, 0.54, 0.54, 0.54, 0.54,
       0.54, 0.54, 0.54, 0.54, 0.53, 0.53, 0.54, 0.54, 0.54, 0.53, 0.51,
       0.53, 0.54, 0.48, 0.54, 0.53, 0.54, 0.54, 0.54, 0.54, 0.54, 0.54,
       0.54, 0.54, 0.53, 0.53, 0.54, 0.53, 0.54, 0.54, 0.54, 0.54, 0.54,
       0.54])}

split_conformal_raps_MLP full class metrics: {'class_coverage': array([0.90322581, 0.53448276, 0.22727273, 0.88541667, 0.86206897,
       0.57142857, 0.796875  , 0.86111111, 0.69444444, 0.97511312,
       0.46666667, 0.26923077, 0.60714286, 0.95857988, 0.80645161,
       0.63461538, 0.83333333, 0.68888889, 0.93055556, 0.86394558,
       0.8       , 0.67924528, 0.80473373, 0.70588235, 0.84482759,
       0.45652174, 0.66666667, 0.16666667, 0.30434783, 0.65384615,
       0.75675676, 0.60294118, 0.96839729, 0.99238095, 0.70454545,
       0.97829716, 0.61111111, 0.24137931, 0.90833333, 0.88888889,
       0.88059701, 0.94067797, 0.82051282, 0.90909091, 0.5       ,
       0.61111111, 0.05263158, 0.94936709, 0.95454545, 0.55172414,
       0.62962963, 0.99836868, 0.16666667, 0.98328691, 0.5       ,
       0.95785441, 0.93607306, 0.88157895, 0.75824176, 0.63157895,
       0.92146597, 0.94117647, 0.20588235, 0.77272727, 0.85046729,
       0.68085106, 0.9908046 , 0.95      , 0.55932203, 0.90769231,
       0.90265487, 0.86666667, 0.71428571, 0.5       , 0.88073394,
       0.95355191, 0.98751561, 0.92156863, 0.52631579, 0.90697674,
       0.81818182, 0.93333333, 0.60869565, 0.45714286, 0.96732026,
       0.82022472, 0.96517413, 0.97304582, 0.71428571, 0.9375    ,
       0.19230769, 0.95876289, 1.        , 0.57317073, 0.47222222,
       0.84375   , 0.99579832, 0.99178082, 0.70491803, 0.78313253]), 'class_mean_width': array([53.74193548, 53.70689655, 53.95454545, 52.36458333, 53.36781609,
       53.25974026, 53.21875   , 53.81481481, 51.09722222, 52.92307692,
       52.86666667, 53.84615385, 53.64285714, 53.20118343, 51.85483871,
       53.11538462, 52.75490196, 53.48888889, 52.53472222, 53.78231293,
       52.29230769, 53.33962264, 52.79881657, 53.43137255, 53.31034483,
       52.73913043, 52.04166667, 53.33333333, 53.82608696, 53.57692308,
       53.24324324, 53.64705882, 53.23702032, 53.62666667, 53.01136364,
       53.47078464, 53.11111111, 53.55172414, 53.16666667, 53.73015873,
       53.52238806, 53.50847458, 53.82051282, 53.67272727, 53.71428571,
       51.96296296, 52.23684211, 51.39240506, 52.72727273, 52.4137931 ,
       53.88888889, 53.61337684, 53.70833333, 53.15041783, 52.83333333,
       51.70498084, 53.6347032 , 52.85526316, 53.10989011, 53.57894737,
       53.09424084, 53.02205882, 52.08823529, 52.64772727, 53.27102804,
       53.70212766, 53.42298851, 53.36      , 52.05084746, 53.86153846,
       53.47787611, 52.66666667, 53.92857143, 53.70833333, 53.2293578 ,
       52.65027322, 43.66666667, 50.69019608, 52.94736842, 37.18604651,
       53.84848485, 52.62666667, 53.36956522, 53.8       , 53.58823529,
       52.34831461, 53.        , 52.88679245, 53.72857143, 53.6625    ,
       53.26923077, 53.20618557, 52.97790055, 52.59756098, 53.52777778,
       53.78125   , 53.27731092, 53.30136986, 53.42622951, 52.02409639]), 'class_median_width': array([54., 54., 54., 54., 54., 54., 54., 54., 54., 53., 54., 54., 54.,
       54., 54., 54., 54., 54., 53., 54., 54., 53., 53., 54., 54., 54.,
       53., 53., 54., 53., 54., 54., 53., 54., 53., 54., 54., 54., 54.,
       54., 54., 54., 54., 54., 54., 54., 54., 53., 54., 53., 54., 54.,
       54., 53., 54., 53., 54., 54., 54., 54., 54., 54., 54., 54., 54.,
       54., 54., 54., 54., 54., 53., 53., 54., 54., 54., 53., 51., 53.,
       54., 48., 54., 53., 54., 54., 54., 54., 54., 54., 54., 54., 53.,
       53., 54., 53., 54., 54., 54., 54., 54., 54.]), 'class_mean_width_scaled': array([0.53741935, 0.53706897, 0.53954545, 0.52364583, 0.53367816,
       0.5325974 , 0.5321875 , 0.53814815, 0.51097222, 0.52923077,
       0.52866667, 0.53846154, 0.53642857, 0.53201183, 0.51854839,
       0.53115385, 0.52754902, 0.53488889, 0.52534722, 0.53782313,
       0.52292308, 0.53339623, 0.52798817, 0.53431373, 0.53310345,
       0.5273913 , 0.52041667, 0.53333333, 0.53826087, 0.53576923,
       0.53243243, 0.53647059, 0.5323702 , 0.53626667, 0.53011364,
       0.53470785, 0.53111111, 0.53551724, 0.53166667, 0.53730159,
       0.53522388, 0.53508475, 0.53820513, 0.53672727, 0.53714286,
       0.51962963, 0.52236842, 0.51392405, 0.52727273, 0.52413793,
       0.53888889, 0.53613377, 0.53708333, 0.53150418, 0.52833333,
       0.51704981, 0.53634703, 0.52855263, 0.5310989 , 0.53578947,
       0.53094241, 0.53022059, 0.52088235, 0.52647727, 0.53271028,
       0.53702128, 0.53422989, 0.5336    , 0.52050847, 0.53861538,
       0.53477876, 0.52666667, 0.53928571, 0.53708333, 0.53229358,
       0.52650273, 0.43666667, 0.50690196, 0.52947368, 0.37186047,
       0.53848485, 0.52626667, 0.53369565, 0.538     , 0.53588235,
       0.52348315, 0.53      , 0.52886792, 0.53728571, 0.536625  ,
       0.53269231, 0.53206186, 0.52977901, 0.52597561, 0.53527778,
       0.5378125 , 0.53277311, 0.5330137 , 0.5342623 , 0.52024096]), 'class_median_width_scaled': array([0.54, 0.54, 0.54, 0.54, 0.54, 0.54, 0.54, 0.54, 0.54, 0.53, 0.54,
       0.54, 0.54, 0.54, 0.54, 0.54, 0.54, 0.54, 0.53, 0.54, 0.54, 0.53,
       0.53, 0.54, 0.54, 0.54, 0.53, 0.53, 0.54, 0.53, 0.54, 0.54, 0.53,
       0.54, 0.53, 0.54, 0.54, 0.54, 0.54, 0.54, 0.54, 0.54, 0.54, 0.54,
       0.54, 0.54, 0.54, 0.53, 0.54, 0.53, 0.54, 0.54, 0.54, 0.53, 0.54,
       0.53, 0.54, 0.54, 0.54, 0.54, 0.54, 0.54, 0.54, 0.54, 0.54, 0.54,
       0.54, 0.54, 0.54, 0.54, 0.53, 0.53, 0.54, 0.54, 0.54, 0.53, 0.51,
       0.53, 0.54, 0.48, 0.54, 0.53, 0.54, 0.54, 0.54, 0.54, 0.54, 0.54,
       0.54, 0.54, 0.53, 0.53, 0.54, 0.53, 0.54, 0.54, 0.54, 0.54, 0.54,
       0.54])}

Job completed at Wed Mar 19 06:23:34 PM PDT 2025
