Starting job at Wed Mar 19 06:23:15 PM PDT 2025
Job parameters:
Dataset: data_helena
UQ Method: split_conformal_raps
Estimator: MLP
Seed: 779
Train Size: 0.8
Running split_conformal_raps on data_helena with seed 779 and train size 0.8

starting experiment

data created

Fitting split_conformal_raps_MLP on data_helena with seed 779

split_conformal_raps_MLP metrics: {'coverage': np.float64(0.8883435582822086), 'mean_width': np.float64(51.25122699386503), 'median_width': np.float64(53.0), 'mean_width_scaled': np.float64(0.5125122699386503), 'median_width_scaled': np.float64(0.53)}

split_conformal_raps_MLP full metrics: {'coverage': np.float64(0.8883435582822086), 'mean_width': np.float64(51.25122699386503), 'median_width': np.float64(53.0), 'mean_width_scaled': np.float64(0.5125122699386503), 'median_width_scaled': np.float64(0.53)}

split_conformal_raps_MLP class metrics: {'class_coverage': array([0.65591398, 0.93103448, 0.31818182, 0.88541667, 0.83908046,
       0.72727273, 0.609375  , 0.9537037 , 0.70833333, 0.97737557,
       0.42222222, 0.23076923, 0.42857143, 0.94674556, 0.35483871,
       0.55769231, 0.83333333, 0.53333333, 0.97222222, 0.95238095,
       0.70769231, 0.83018868, 0.9112426 , 0.78431373, 0.92241379,
       0.47826087, 0.83333333, 0.45833333, 0.17391304, 0.07692308,
       0.40540541, 0.39705882, 0.99322799, 0.98285714, 0.72727273,
       1.        , 0.94444444, 0.10344828, 0.925     , 0.79365079,
       0.80597015, 0.96610169, 0.58974359, 0.93333333, 0.73809524,
       0.62962963, 0.18421053, 0.82278481, 0.90909091, 0.68965517,
       0.25925926, 0.99347471, 0.45833333, 0.99721448, 0.52380952,
       0.95019157, 0.98173516, 0.77631579, 0.8021978 , 0.34210526,
       0.97905759, 0.88235294, 0.26470588, 0.79545455, 0.77570093,
       0.85106383, 0.96551724, 0.91      , 0.47457627, 0.76923077,
       0.9380531 , 0.88333333, 0.57142857, 0.625     , 0.78899083,
       0.9726776 , 0.97378277, 0.90196078, 0.71052632, 0.90697674,
       0.78787879, 0.92      , 0.47826087, 0.71428571, 0.92810458,
       0.76404494, 0.94527363, 0.98921833, 0.75714286, 0.95      ,
       0.26923077, 0.96649485, 0.96961326, 0.86585366, 0.58333333,
       0.78125   , 0.97478992, 0.99178082, 0.81967213, 0.55421687]), 'class_mean_width': array([52.44086022, 52.67241379, 52.86363636, 51.54166667, 52.20689655,
       51.53246753, 52.421875  , 52.76851852, 50.95833333, 51.87556561,
       51.6       , 50.57692308, 52.78571429, 52.0887574 , 51.37096774,
       52.82692308, 52.09803922, 51.84444444, 51.72222222, 52.85034014,
       52.93846154, 51.86792453, 52.17751479, 51.94117647, 52.11206897,
       52.45652174, 52.08333333, 51.79166667, 52.26086957, 51.61538462,
       52.86486486, 52.5       , 51.78103837, 52.75428571, 51.72727273,
       52.52754591, 52.94444444, 52.75862069, 52.325     , 52.80952381,
       52.68656716, 52.01694915, 52.23076923, 52.23030303, 52.35714286,
       52.40740741, 52.76315789, 49.55696203, 52.53636364, 49.68965517,
       53.        , 52.13866232, 52.66666667, 52.22284123, 52.76190476,
       49.6091954 , 52.54794521, 52.89473684, 52.13186813, 51.63157895,
       52.06282723, 52.27941176, 52.38235294, 51.13636364, 51.89719626,
       52.95744681, 52.48505747, 52.        , 52.25423729, 52.15384615,
       52.66371681, 52.58333333, 52.71428571, 51.5       , 52.62385321,
       50.85519126, 40.04369538, 50.43137255, 52.15789474, 37.27906977,
       52.15151515, 52.28      , 52.63043478, 51.62857143, 51.8627451 ,
       50.41573034, 51.12935323, 51.87601078, 52.72857143, 52.025     ,
       52.84615385, 51.98969072, 52.16298343, 51.62195122, 51.47222222,
       52.9375    , 52.36134454, 52.45479452, 52.39344262, 52.06024096]), 'class_median_width': array([53. , 53. , 53. , 53. , 53. , 52. , 53. , 53. , 52.5, 52. , 53. ,
       53. , 53. , 53. , 53. , 53. , 53. , 53. , 53. , 53. , 53. , 52. ,
       53. , 53. , 53. , 52. , 52. , 52. , 53. , 53. , 53. , 53. , 52. ,
       53. , 53. , 53. , 53. , 53. , 53. , 53. , 53. , 53. , 53. , 53. ,
       53. , 53. , 53. , 52. , 53. , 52. , 53. , 53. , 53. , 53. , 53. ,
       52. , 53. , 53. , 53. , 53. , 53. , 53. , 53. , 53. , 53. , 53. ,
       53. , 53. , 53. , 53. , 53. , 53. , 53. , 53. , 53. , 52. , 43. ,
       52. , 53. , 51. , 53. , 52. , 53. , 53. , 53. , 53. , 53. , 53. ,
       53. , 53. , 53. , 53. , 53. , 53. , 53. , 53. , 53. , 53. , 53. ,
       53. ]), 'class_mean_width_scaled': array([0.5244086 , 0.52672414, 0.52863636, 0.51541667, 0.52206897,
       0.51532468, 0.52421875, 0.52768519, 0.50958333, 0.51875566,
       0.516     , 0.50576923, 0.52785714, 0.52088757, 0.51370968,
       0.52826923, 0.52098039, 0.51844444, 0.51722222, 0.5285034 ,
       0.52938462, 0.51867925, 0.52177515, 0.51941176, 0.52112069,
       0.52456522, 0.52083333, 0.51791667, 0.5226087 , 0.51615385,
       0.52864865, 0.525     , 0.51781038, 0.52754286, 0.51727273,
       0.52527546, 0.52944444, 0.52758621, 0.52325   , 0.52809524,
       0.52686567, 0.52016949, 0.52230769, 0.52230303, 0.52357143,
       0.52407407, 0.52763158, 0.49556962, 0.52536364, 0.49689655,
       0.53      , 0.52138662, 0.52666667, 0.52222841, 0.52761905,
       0.49609195, 0.52547945, 0.52894737, 0.52131868, 0.51631579,
       0.52062827, 0.52279412, 0.52382353, 0.51136364, 0.51897196,
       0.52957447, 0.52485057, 0.52      , 0.52254237, 0.52153846,
       0.52663717, 0.52583333, 0.52714286, 0.515     , 0.52623853,
       0.50855191, 0.40043695, 0.50431373, 0.52157895, 0.3727907 ,
       0.52151515, 0.5228    , 0.52630435, 0.51628571, 0.51862745,
       0.5041573 , 0.51129353, 0.51876011, 0.52728571, 0.52025   ,
       0.52846154, 0.51989691, 0.52162983, 0.51621951, 0.51472222,
       0.529375  , 0.52361345, 0.52454795, 0.52393443, 0.52060241]), 'class_median_width_scaled': array([0.53 , 0.53 , 0.53 , 0.53 , 0.53 , 0.52 , 0.53 , 0.53 , 0.525,
       0.52 , 0.53 , 0.53 , 0.53 , 0.53 , 0.53 , 0.53 , 0.53 , 0.53 ,
       0.53 , 0.53 , 0.53 , 0.52 , 0.53 , 0.53 , 0.53 , 0.52 , 0.52 ,
       0.52 , 0.53 , 0.53 , 0.53 , 0.53 , 0.52 , 0.53 , 0.53 , 0.53 ,
       0.53 , 0.53 , 0.53 , 0.53 , 0.53 , 0.53 , 0.53 , 0.53 , 0.53 ,
       0.53 , 0.53 , 0.52 , 0.53 , 0.52 , 0.53 , 0.53 , 0.53 , 0.53 ,
       0.53 , 0.52 , 0.53 , 0.53 , 0.53 , 0.53 , 0.53 , 0.53 , 0.53 ,
       0.53 , 0.53 , 0.53 , 0.53 , 0.53 , 0.53 , 0.53 , 0.53 , 0.53 ,
       0.53 , 0.53 , 0.53 , 0.52 , 0.43 , 0.52 , 0.53 , 0.51 , 0.53 ,
       0.52 , 0.53 , 0.53 , 0.53 , 0.53 , 0.53 , 0.53 , 0.53 , 0.53 ,
       0.53 , 0.53 , 0.53 , 0.53 , 0.53 , 0.53 , 0.53 , 0.53 , 0.53 ,
       0.53 ])}

split_conformal_raps_MLP full class metrics: {'class_coverage': array([0.65591398, 0.93103448, 0.31818182, 0.88541667, 0.83908046,
       0.72727273, 0.609375  , 0.9537037 , 0.70833333, 0.97737557,
       0.42222222, 0.23076923, 0.42857143, 0.94674556, 0.35483871,
       0.55769231, 0.83333333, 0.53333333, 0.97222222, 0.95238095,
       0.70769231, 0.83018868, 0.9112426 , 0.78431373, 0.92241379,
       0.47826087, 0.83333333, 0.45833333, 0.17391304, 0.07692308,
       0.40540541, 0.39705882, 0.99322799, 0.98285714, 0.72727273,
       1.        , 0.94444444, 0.10344828, 0.925     , 0.79365079,
       0.80597015, 0.96610169, 0.58974359, 0.93333333, 0.73809524,
       0.62962963, 0.18421053, 0.82278481, 0.90909091, 0.68965517,
       0.25925926, 0.99347471, 0.45833333, 0.99721448, 0.52380952,
       0.95019157, 0.98173516, 0.77631579, 0.8021978 , 0.34210526,
       0.97905759, 0.88235294, 0.26470588, 0.79545455, 0.77570093,
       0.85106383, 0.96551724, 0.91      , 0.47457627, 0.76923077,
       0.9380531 , 0.88333333, 0.57142857, 0.625     , 0.78899083,
       0.9726776 , 0.97378277, 0.90196078, 0.71052632, 0.90697674,
       0.78787879, 0.92      , 0.47826087, 0.71428571, 0.92810458,
       0.76404494, 0.94527363, 0.98921833, 0.75714286, 0.95      ,
       0.26923077, 0.96649485, 0.96961326, 0.86585366, 0.58333333,
       0.78125   , 0.97478992, 0.99178082, 0.81967213, 0.55421687]), 'class_mean_width': array([52.44086022, 52.67241379, 52.86363636, 51.54166667, 52.20689655,
       51.53246753, 52.421875  , 52.76851852, 50.95833333, 51.87556561,
       51.6       , 50.57692308, 52.78571429, 52.0887574 , 51.37096774,
       52.82692308, 52.09803922, 51.84444444, 51.72222222, 52.85034014,
       52.93846154, 51.86792453, 52.17751479, 51.94117647, 52.11206897,
       52.45652174, 52.08333333, 51.79166667, 52.26086957, 51.61538462,
       52.86486486, 52.5       , 51.78103837, 52.75428571, 51.72727273,
       52.52754591, 52.94444444, 52.75862069, 52.325     , 52.80952381,
       52.68656716, 52.01694915, 52.23076923, 52.23030303, 52.35714286,
       52.40740741, 52.76315789, 49.55696203, 52.53636364, 49.68965517,
       53.        , 52.13866232, 52.66666667, 52.22284123, 52.76190476,
       49.6091954 , 52.54794521, 52.89473684, 52.13186813, 51.63157895,
       52.06282723, 52.27941176, 52.38235294, 51.13636364, 51.89719626,
       52.95744681, 52.48505747, 52.        , 52.25423729, 52.15384615,
       52.66371681, 52.58333333, 52.71428571, 51.5       , 52.62385321,
       50.85519126, 40.04369538, 50.43137255, 52.15789474, 37.27906977,
       52.15151515, 52.28      , 52.63043478, 51.62857143, 51.8627451 ,
       50.41573034, 51.12935323, 51.87601078, 52.72857143, 52.025     ,
       52.84615385, 51.98969072, 52.16298343, 51.62195122, 51.47222222,
       52.9375    , 52.36134454, 52.45479452, 52.39344262, 52.06024096]), 'class_median_width': array([53. , 53. , 53. , 53. , 53. , 52. , 53. , 53. , 52.5, 52. , 53. ,
       53. , 53. , 53. , 53. , 53. , 53. , 53. , 53. , 53. , 53. , 52. ,
       53. , 53. , 53. , 52. , 52. , 52. , 53. , 53. , 53. , 53. , 52. ,
       53. , 53. , 53. , 53. , 53. , 53. , 53. , 53. , 53. , 53. , 53. ,
       53. , 53. , 53. , 52. , 53. , 52. , 53. , 53. , 53. , 53. , 53. ,
       52. , 53. , 53. , 53. , 53. , 53. , 53. , 53. , 53. , 53. , 53. ,
       53. , 53. , 53. , 53. , 53. , 53. , 53. , 53. , 53. , 52. , 43. ,
       52. , 53. , 51. , 53. , 52. , 53. , 53. , 53. , 53. , 53. , 53. ,
       53. , 53. , 53. , 53. , 53. , 53. , 53. , 53. , 53. , 53. , 53. ,
       53. ]), 'class_mean_width_scaled': array([0.5244086 , 0.52672414, 0.52863636, 0.51541667, 0.52206897,
       0.51532468, 0.52421875, 0.52768519, 0.50958333, 0.51875566,
       0.516     , 0.50576923, 0.52785714, 0.52088757, 0.51370968,
       0.52826923, 0.52098039, 0.51844444, 0.51722222, 0.5285034 ,
       0.52938462, 0.51867925, 0.52177515, 0.51941176, 0.52112069,
       0.52456522, 0.52083333, 0.51791667, 0.5226087 , 0.51615385,
       0.52864865, 0.525     , 0.51781038, 0.52754286, 0.51727273,
       0.52527546, 0.52944444, 0.52758621, 0.52325   , 0.52809524,
       0.52686567, 0.52016949, 0.52230769, 0.52230303, 0.52357143,
       0.52407407, 0.52763158, 0.49556962, 0.52536364, 0.49689655,
       0.53      , 0.52138662, 0.52666667, 0.52222841, 0.52761905,
       0.49609195, 0.52547945, 0.52894737, 0.52131868, 0.51631579,
       0.52062827, 0.52279412, 0.52382353, 0.51136364, 0.51897196,
       0.52957447, 0.52485057, 0.52      , 0.52254237, 0.52153846,
       0.52663717, 0.52583333, 0.52714286, 0.515     , 0.52623853,
       0.50855191, 0.40043695, 0.50431373, 0.52157895, 0.3727907 ,
       0.52151515, 0.5228    , 0.52630435, 0.51628571, 0.51862745,
       0.5041573 , 0.51129353, 0.51876011, 0.52728571, 0.52025   ,
       0.52846154, 0.51989691, 0.52162983, 0.51621951, 0.51472222,
       0.529375  , 0.52361345, 0.52454795, 0.52393443, 0.52060241]), 'class_median_width_scaled': array([0.53 , 0.53 , 0.53 , 0.53 , 0.53 , 0.52 , 0.53 , 0.53 , 0.525,
       0.52 , 0.53 , 0.53 , 0.53 , 0.53 , 0.53 , 0.53 , 0.53 , 0.53 ,
       0.53 , 0.53 , 0.53 , 0.52 , 0.53 , 0.53 , 0.53 , 0.52 , 0.52 ,
       0.52 , 0.53 , 0.53 , 0.53 , 0.53 , 0.52 , 0.53 , 0.53 , 0.53 ,
       0.53 , 0.53 , 0.53 , 0.53 , 0.53 , 0.53 , 0.53 , 0.53 , 0.53 ,
       0.53 , 0.53 , 0.52 , 0.53 , 0.52 , 0.53 , 0.53 , 0.53 , 0.53 ,
       0.53 , 0.52 , 0.53 , 0.53 , 0.53 , 0.53 , 0.53 , 0.53 , 0.53 ,
       0.53 , 0.53 , 0.53 , 0.53 , 0.53 , 0.53 , 0.53 , 0.53 , 0.53 ,
       0.53 , 0.53 , 0.53 , 0.52 , 0.43 , 0.52 , 0.53 , 0.51 , 0.53 ,
       0.52 , 0.53 , 0.53 , 0.53 , 0.53 , 0.53 , 0.53 , 0.53 , 0.53 ,
       0.53 , 0.53 , 0.53 , 0.53 , 0.53 , 0.53 , 0.53 , 0.53 , 0.53 ,
       0.53 ])}

Job completed at Wed Mar 19 06:23:22 PM PDT 2025
