Starting job at Wed Mar 19 06:23:08 PM PDT 2025
Job parameters:
Dataset: data_helena
UQ Method: split_conformal_raps
Estimator: MLP
Seed: 777
Train Size: 0.8
Running split_conformal_raps on data_helena with seed 777 and train size 0.8

starting experiment

data created

Fitting split_conformal_raps_MLP on data_helena with seed 777

split_conformal_raps_MLP metrics: {'coverage': np.float64(0.8973926380368098), 'mean_width': np.float64(53.67147239263804), 'median_width': np.float64(59.0), 'mean_width_scaled': np.float64(0.5367147239263804), 'median_width_scaled': np.float64(0.59)}

split_conformal_raps_MLP full metrics: {'coverage': np.float64(0.8973926380368098), 'mean_width': np.float64(53.67147239263804), 'median_width': np.float64(59.0), 'mean_width_scaled': np.float64(0.5367147239263804), 'median_width_scaled': np.float64(0.59)}

split_conformal_raps_MLP class metrics: {'class_coverage': array([0.98924731, 0.82758621, 0.40909091, 0.82291667, 0.82758621,
       0.90909091, 0.78125   , 0.7962963 , 0.55555556, 0.97058824,
       0.73333333, 0.5       , 0.46428571, 0.96449704, 0.72580645,
       0.88461538, 0.88235294, 0.44444444, 0.97916667, 0.92517007,
       0.8       , 0.45283019, 0.9112426 , 0.60784314, 0.89655172,
       0.5       , 0.20833333, 0.29166667, 0.39130435, 0.42307692,
       0.7027027 , 0.80882353, 0.96388262, 0.98285714, 0.85227273,
       0.98998331, 0.94444444, 0.13793103, 0.85      , 0.66666667,
       0.7761194 , 0.98305085, 0.66666667, 0.93939394, 0.54761905,
       0.75925926, 0.47368421, 0.82278481, 0.96363636, 0.65517241,
       0.74074074, 0.99184339, 0.58333333, 0.96100279, 0.5952381 ,
       0.96551724, 0.99086758, 0.84210526, 0.9010989 , 0.65789474,
       0.96858639, 0.88970588, 0.67647059, 0.69318182, 0.93457944,
       0.74468085, 0.9908046 , 0.97      , 0.61016949, 0.84615385,
       0.92035398, 0.83333333, 0.85714286, 0.41666667, 0.8440367 ,
       0.96721311, 0.96629213, 0.91764706, 0.65789474, 0.90697674,
       0.78787879, 0.84      , 0.5       , 0.4       , 0.94771242,
       0.57303371, 0.95522388, 0.95687332, 0.52857143, 0.93125   ,
       0.42307692, 0.94072165, 0.98066298, 0.82926829, 0.80555556,
       0.90625   , 0.9789916 , 0.99726027, 0.62295082, 0.75903614]), 'class_mean_width': array([56.79569892, 57.12068966, 58.5       , 56.63541667, 56.47126437,
       55.84415584, 57.34375   , 58.77777778, 54.41666667, 50.5361991 ,
       54.57777778, 56.5       , 56.78571429, 57.08284024, 54.59677419,
       57.57692308, 53.39215686, 56.84444444, 52.64583333, 58.62585034,
       57.43076923, 56.01886792, 56.86982249, 56.23529412, 56.9137931 ,
       51.80434783, 51.125     , 58.83333333, 59.        , 54.96153846,
       58.05405405, 56.17647059, 54.24379233, 58.43619048, 55.78409091,
       57.5442404 , 59.        , 59.        , 56.23333333, 57.12698413,
       57.68656716, 56.25423729, 58.94871795, 57.26666667, 57.5       ,
       53.87037037, 58.02631579, 53.59493671, 55.05454545, 46.24137931,
       58.81481481, 56.69331158, 57.375     , 55.93036212, 57.23809524,
       51.09961686, 58.07305936, 55.71052632, 55.7032967 , 57.73684211,
       55.81151832, 55.72058824, 55.23529412, 55.32954545, 56.82242991,
       56.0212766 , 58.02758621, 54.46      , 54.66101695, 58.03076923,
       57.91150442, 57.13333333, 58.17857143, 58.08333333, 57.02752294,
       46.51092896, 30.28714107, 36.45098039, 57.        , 23.58139535,
       58.        , 54.85333333, 58.17391304, 57.28571429, 57.84313725,
       55.04494382, 55.67661692, 55.84366577, 57.45714286, 55.5375    ,
       57.15384615, 55.34536082, 54.99723757, 54.56097561, 57.63888889,
       59.        , 56.92016807, 56.08767123, 53.29508197, 49.78313253]), 'class_median_width': array([59., 59., 59., 59., 59., 59., 59., 59., 59., 52., 59., 59., 59.,
       59., 59., 59., 59., 59., 59., 59., 59., 59., 59., 59., 59., 59.,
       59., 59., 59., 59., 59., 59., 59., 59., 59., 59., 59., 59., 59.,
       59., 59., 59., 59., 59., 59., 59., 59., 59., 59., 59., 59., 59.,
       59., 59., 59., 59., 59., 59., 59., 59., 59., 59., 59., 59., 59.,
       59., 59., 59., 59., 59., 59., 59., 59., 59., 59., 47., 31., 38.,
       59., 21., 59., 59., 59., 59., 59., 59., 59., 59., 59., 59., 59.,
       59., 59., 59., 59., 59., 59., 59., 59., 59.]), 'class_mean_width_scaled': array([0.56795699, 0.5712069 , 0.585     , 0.56635417, 0.56471264,
       0.55844156, 0.5734375 , 0.58777778, 0.54416667, 0.50536199,
       0.54577778, 0.565     , 0.56785714, 0.5708284 , 0.54596774,
       0.57576923, 0.53392157, 0.56844444, 0.52645833, 0.5862585 ,
       0.57430769, 0.56018868, 0.56869822, 0.56235294, 0.56913793,
       0.51804348, 0.51125   , 0.58833333, 0.59      , 0.54961538,
       0.58054054, 0.56176471, 0.54243792, 0.5843619 , 0.55784091,
       0.5754424 , 0.59      , 0.59      , 0.56233333, 0.57126984,
       0.57686567, 0.56254237, 0.58948718, 0.57266667, 0.575     ,
       0.5387037 , 0.58026316, 0.53594937, 0.55054545, 0.46241379,
       0.58814815, 0.56693312, 0.57375   , 0.55930362, 0.57238095,
       0.51099617, 0.58073059, 0.55710526, 0.55703297, 0.57736842,
       0.55811518, 0.55720588, 0.55235294, 0.55329545, 0.5682243 ,
       0.56021277, 0.58027586, 0.5446    , 0.54661017, 0.58030769,
       0.57911504, 0.57133333, 0.58178571, 0.58083333, 0.57027523,
       0.46510929, 0.30287141, 0.3645098 , 0.57      , 0.23581395,
       0.58      , 0.54853333, 0.58173913, 0.57285714, 0.57843137,
       0.55044944, 0.55676617, 0.55843666, 0.57457143, 0.555375  ,
       0.57153846, 0.55345361, 0.54997238, 0.54560976, 0.57638889,
       0.59      , 0.56920168, 0.56087671, 0.53295082, 0.49783133]), 'class_median_width_scaled': array([0.59, 0.59, 0.59, 0.59, 0.59, 0.59, 0.59, 0.59, 0.59, 0.52, 0.59,
       0.59, 0.59, 0.59, 0.59, 0.59, 0.59, 0.59, 0.59, 0.59, 0.59, 0.59,
       0.59, 0.59, 0.59, 0.59, 0.59, 0.59, 0.59, 0.59, 0.59, 0.59, 0.59,
       0.59, 0.59, 0.59, 0.59, 0.59, 0.59, 0.59, 0.59, 0.59, 0.59, 0.59,
       0.59, 0.59, 0.59, 0.59, 0.59, 0.59, 0.59, 0.59, 0.59, 0.59, 0.59,
       0.59, 0.59, 0.59, 0.59, 0.59, 0.59, 0.59, 0.59, 0.59, 0.59, 0.59,
       0.59, 0.59, 0.59, 0.59, 0.59, 0.59, 0.59, 0.59, 0.59, 0.47, 0.31,
       0.38, 0.59, 0.21, 0.59, 0.59, 0.59, 0.59, 0.59, 0.59, 0.59, 0.59,
       0.59, 0.59, 0.59, 0.59, 0.59, 0.59, 0.59, 0.59, 0.59, 0.59, 0.59,
       0.59])}

split_conformal_raps_MLP full class metrics: {'class_coverage': array([0.98924731, 0.82758621, 0.40909091, 0.82291667, 0.82758621,
       0.90909091, 0.78125   , 0.7962963 , 0.55555556, 0.97058824,
       0.73333333, 0.5       , 0.46428571, 0.96449704, 0.72580645,
       0.88461538, 0.88235294, 0.44444444, 0.97916667, 0.92517007,
       0.8       , 0.45283019, 0.9112426 , 0.60784314, 0.89655172,
       0.5       , 0.20833333, 0.29166667, 0.39130435, 0.42307692,
       0.7027027 , 0.80882353, 0.96388262, 0.98285714, 0.85227273,
       0.98998331, 0.94444444, 0.13793103, 0.85      , 0.66666667,
       0.7761194 , 0.98305085, 0.66666667, 0.93939394, 0.54761905,
       0.75925926, 0.47368421, 0.82278481, 0.96363636, 0.65517241,
       0.74074074, 0.99184339, 0.58333333, 0.96100279, 0.5952381 ,
       0.96551724, 0.99086758, 0.84210526, 0.9010989 , 0.65789474,
       0.96858639, 0.88970588, 0.67647059, 0.69318182, 0.93457944,
       0.74468085, 0.9908046 , 0.97      , 0.61016949, 0.84615385,
       0.92035398, 0.83333333, 0.85714286, 0.41666667, 0.8440367 ,
       0.96721311, 0.96629213, 0.91764706, 0.65789474, 0.90697674,
       0.78787879, 0.84      , 0.5       , 0.4       , 0.94771242,
       0.57303371, 0.95522388, 0.95687332, 0.52857143, 0.93125   ,
       0.42307692, 0.94072165, 0.98066298, 0.82926829, 0.80555556,
       0.90625   , 0.9789916 , 0.99726027, 0.62295082, 0.75903614]), 'class_mean_width': array([56.79569892, 57.12068966, 58.5       , 56.63541667, 56.47126437,
       55.84415584, 57.34375   , 58.77777778, 54.41666667, 50.5361991 ,
       54.57777778, 56.5       , 56.78571429, 57.08284024, 54.59677419,
       57.57692308, 53.39215686, 56.84444444, 52.64583333, 58.62585034,
       57.43076923, 56.01886792, 56.86982249, 56.23529412, 56.9137931 ,
       51.80434783, 51.125     , 58.83333333, 59.        , 54.96153846,
       58.05405405, 56.17647059, 54.24379233, 58.43619048, 55.78409091,
       57.5442404 , 59.        , 59.        , 56.23333333, 57.12698413,
       57.68656716, 56.25423729, 58.94871795, 57.26666667, 57.5       ,
       53.87037037, 58.02631579, 53.59493671, 55.05454545, 46.24137931,
       58.81481481, 56.69331158, 57.375     , 55.93036212, 57.23809524,
       51.09961686, 58.07305936, 55.71052632, 55.7032967 , 57.73684211,
       55.81151832, 55.72058824, 55.23529412, 55.32954545, 56.82242991,
       56.0212766 , 58.02758621, 54.46      , 54.66101695, 58.03076923,
       57.91150442, 57.13333333, 58.17857143, 58.08333333, 57.02752294,
       46.51092896, 30.28714107, 36.45098039, 57.        , 23.58139535,
       58.        , 54.85333333, 58.17391304, 57.28571429, 57.84313725,
       55.04494382, 55.67661692, 55.84366577, 57.45714286, 55.5375    ,
       57.15384615, 55.34536082, 54.99723757, 54.56097561, 57.63888889,
       59.        , 56.92016807, 56.08767123, 53.29508197, 49.78313253]), 'class_median_width': array([59., 59., 59., 59., 59., 59., 59., 59., 59., 52., 59., 59., 59.,
       59., 59., 59., 59., 59., 59., 59., 59., 59., 59., 59., 59., 59.,
       59., 59., 59., 59., 59., 59., 59., 59., 59., 59., 59., 59., 59.,
       59., 59., 59., 59., 59., 59., 59., 59., 59., 59., 59., 59., 59.,
       59., 59., 59., 59., 59., 59., 59., 59., 59., 59., 59., 59., 59.,
       59., 59., 59., 59., 59., 59., 59., 59., 59., 59., 47., 31., 38.,
       59., 21., 59., 59., 59., 59., 59., 59., 59., 59., 59., 59., 59.,
       59., 59., 59., 59., 59., 59., 59., 59., 59.]), 'class_mean_width_scaled': array([0.56795699, 0.5712069 , 0.585     , 0.56635417, 0.56471264,
       0.55844156, 0.5734375 , 0.58777778, 0.54416667, 0.50536199,
       0.54577778, 0.565     , 0.56785714, 0.5708284 , 0.54596774,
       0.57576923, 0.53392157, 0.56844444, 0.52645833, 0.5862585 ,
       0.57430769, 0.56018868, 0.56869822, 0.56235294, 0.56913793,
       0.51804348, 0.51125   , 0.58833333, 0.59      , 0.54961538,
       0.58054054, 0.56176471, 0.54243792, 0.5843619 , 0.55784091,
       0.5754424 , 0.59      , 0.59      , 0.56233333, 0.57126984,
       0.57686567, 0.56254237, 0.58948718, 0.57266667, 0.575     ,
       0.5387037 , 0.58026316, 0.53594937, 0.55054545, 0.46241379,
       0.58814815, 0.56693312, 0.57375   , 0.55930362, 0.57238095,
       0.51099617, 0.58073059, 0.55710526, 0.55703297, 0.57736842,
       0.55811518, 0.55720588, 0.55235294, 0.55329545, 0.5682243 ,
       0.56021277, 0.58027586, 0.5446    , 0.54661017, 0.58030769,
       0.57911504, 0.57133333, 0.58178571, 0.58083333, 0.57027523,
       0.46510929, 0.30287141, 0.3645098 , 0.57      , 0.23581395,
       0.58      , 0.54853333, 0.58173913, 0.57285714, 0.57843137,
       0.55044944, 0.55676617, 0.55843666, 0.57457143, 0.555375  ,
       0.57153846, 0.55345361, 0.54997238, 0.54560976, 0.57638889,
       0.59      , 0.56920168, 0.56087671, 0.53295082, 0.49783133]), 'class_median_width_scaled': array([0.59, 0.59, 0.59, 0.59, 0.59, 0.59, 0.59, 0.59, 0.59, 0.52, 0.59,
       0.59, 0.59, 0.59, 0.59, 0.59, 0.59, 0.59, 0.59, 0.59, 0.59, 0.59,
       0.59, 0.59, 0.59, 0.59, 0.59, 0.59, 0.59, 0.59, 0.59, 0.59, 0.59,
       0.59, 0.59, 0.59, 0.59, 0.59, 0.59, 0.59, 0.59, 0.59, 0.59, 0.59,
       0.59, 0.59, 0.59, 0.59, 0.59, 0.59, 0.59, 0.59, 0.59, 0.59, 0.59,
       0.59, 0.59, 0.59, 0.59, 0.59, 0.59, 0.59, 0.59, 0.59, 0.59, 0.59,
       0.59, 0.59, 0.59, 0.59, 0.59, 0.59, 0.59, 0.59, 0.59, 0.47, 0.31,
       0.38, 0.59, 0.21, 0.59, 0.59, 0.59, 0.59, 0.59, 0.59, 0.59, 0.59,
       0.59, 0.59, 0.59, 0.59, 0.59, 0.59, 0.59, 0.59, 0.59, 0.59, 0.59,
       0.59])}

Job completed at Wed Mar 19 06:23:12 PM PDT 2025
