Starting job at Wed Mar 19 06:28:52 PM PDT 2025
Job parameters:
Dataset: data_dionis
UQ Method: split_conformal_lac
Estimator: LogisticRegression
Seed: 786
Train Size: 0.8
Running split_conformal_lac on data_dionis with seed 786 and train size 0.8

starting experiment

data created

Fitting split_conformal_lac_LogisticRegression on data_dionis with seed 786

split_conformal_lac_LogisticRegression metrics: {'coverage': np.float64(0.8975), 'mean_width': np.float64(232.13283333333334), 'median_width': np.float64(273.0), 'mean_width_scaled': np.float64(0.6538953051643193), 'median_width_scaled': np.float64(0.7690140845070422)}

split_conformal_lac_LogisticRegression full metrics: {'coverage': np.float64(0.8975), 'mean_width': np.float64(232.13283333333334), 'median_width': np.float64(273.0), 'mean_width_scaled': np.float64(0.6538953051643193), 'median_width_scaled': np.float64(0.7690140845070422)}

split_conformal_lac_LogisticRegression class metrics: {'class_coverage': array([0.89285714, 1.        , 1.        , 0.85      , 0.89285714,
       0.53333333, 0.94444444, 0.66666667, 0.86666667, 0.94444444,
       1.        , 0.86666667, 1.        , 0.86666667, 1.        ,
       1.        , 1.        , 1.        , 1.        , 0.86666667,
       0.53333333, 0.625     , 1.        , 0.94736842, 0.9375    ,
       0.91666667, 0.96428571, 1.        , 1.        , 0.88888889,
       0.89473684, 1.        , 1.        , 0.93333333, 0.93333333,
       0.625     , 0.92857143, 0.93333333, 1.        , 1.        ,
       0.9375    , 1.        , 0.94117647, 1.        , 0.93333333,
       1.        , 0.94444444, 0.88888889, 1.        , 0.6       ,
       1.        , 1.        , 1.        , 1.        , 0.89473684,
       0.53333333, 1.        , 0.93333333, 1.        , 0.93333333,
       0.76470588, 0.875     , 0.94736842, 1.        , 1.        ,
       0.94117647, 1.        , 1.        , 0.89473684, 0.64285714,
       0.85714286, 0.85714286, 0.9375    , 1.        , 1.        ,
       0.6       , 1.        , 1.        , 0.86666667, 1.        ,
       0.89473684, 1.        , 0.70588235, 1.        , 1.        ,
       1.        , 0.84210526, 1.        , 1.        , 0.875     ,
       1.        , 0.6875    , 1.        , 0.93333333, 0.6875    ,
       0.73684211, 1.        , 1.        , 0.80769231, 0.78947368,
       1.        , 1.        , 0.86666667, 0.875     , 1.        ,
       0.93333333, 0.86666667, 0.8125    , 1.        , 0.9       ,
       1.        , 0.93333333, 0.5       , 0.86666667, 0.86666667,
       0.8125    , 1.        , 1.        , 1.        , 0.86666667,
       0.89473684, 0.6875    , 0.88      , 1.        , 0.5       ,
       1.        , 1.        , 0.94117647, 1.        , 1.        ,
       0.8       , 1.        , 1.        , 0.64285714, 0.8       ,
       1.        , 1.        , 0.88888889, 0.46666667, 1.        ,
       1.        , 0.93333333, 0.86666667, 0.93333333, 0.95652174,
       0.94736842, 0.93333333, 0.93333333, 1.        , 0.9375    ,
       0.94444444, 1.        , 0.64705882, 1.        , 0.82352941,
       1.        , 0.95454545, 0.9047619 , 1.        , 1.        ,
       1.        , 1.        , 1.        , 1.        , 1.        ,
       0.94736842, 0.8       , 0.88235294, 0.93333333, 0.66666667,
       1.        , 0.875     , 0.95652174, 0.86666667, 1.        ,
       0.86666667, 0.73333333, 0.9375    , 1.        , 0.93333333,
       0.35294118, 1.        , 0.9375    , 0.86666667, 1.        ,
       0.93333333, 1.        , 0.625     , 1.        , 1.        ,
       1.        , 0.73333333, 1.        , 1.        , 0.85      ,
       1.        , 0.94117647, 1.        , 1.        , 0.23529412,
       0.8       , 0.66666667, 0.9375    , 0.6875    , 0.66666667,
       1.        , 1.        , 0.8       , 1.        , 0.93333333,
       1.        , 1.        , 0.95      , 0.86666667, 1.        ,
       0.63157895, 1.        , 0.86666667, 0.75      , 0.9047619 ,
       1.        , 0.4375    , 1.        , 0.3125    , 0.76923077,
       1.        , 0.73333333, 1.        , 0.66666667, 1.        ,
       1.        , 1.        , 0.78571429, 0.82352941, 0.58823529,
       1.        , 1.        , 0.875     , 1.        , 0.93333333,
       1.        , 1.        , 0.72222222, 1.        , 0.89285714,
       0.9375    , 1.        , 0.5625    , 0.875     , 0.86363636,
       0.9375    , 1.        , 1.        , 0.88888889, 0.8       ,
       1.        , 0.94444444, 1.        , 1.        , 0.65      ,
       1.        , 0.875     , 0.93333333, 1.        , 0.93333333,
       1.        , 0.94117647, 1.        , 0.92592593, 0.78571429,
       1.        , 1.        , 0.66666667, 0.93333333, 0.85714286,
       0.1875    , 0.77777778, 0.875     , 0.84615385, 1.        ,
       1.        , 1.        , 0.8       , 1.        , 1.        ,
       0.76470588, 1.        , 1.        , 1.        , 0.875     ,
       1.        , 1.        , 1.        , 0.75      , 1.        ,
       1.        , 1.        , 0.91666667, 0.9375    , 0.93333333,
       1.        , 0.93333333, 0.86666667, 1.        , 0.46666667,
       1.        , 0.75      , 0.93333333, 0.93333333, 1.        ,
       0.94444444, 0.86666667, 1.        , 0.95652174, 1.        ,
       0.68181818, 1.        , 0.42857143, 1.        , 0.94736842,
       0.94736842, 0.875     , 0.95454545, 0.375     , 0.92857143,
       1.        , 0.73333333, 1.        , 0.93333333, 1.        ,
       1.        , 0.66666667, 0.9375    , 1.        , 0.88235294,
       0.86363636, 0.88461538, 1.        , 0.88235294, 1.        ,
       0.7826087 , 0.8125    , 1.        , 0.8125    , 0.93333333,
       0.82352941, 1.        , 0.86666667, 0.8       , 0.84615385,
       0.92857143, 0.94117647, 1.        , 0.63157895, 0.83333333]), 'class_mean_width': array([278.53571429, 282.375     , 337.73333333, 100.55      ,
       248.5       , 111.93333333, 300.61111111, 159.6       ,
       235.93333333, 332.11111111, 292.77777778, 272.53333333,
       325.61111111, 241.13333333, 310.06666667, 254.95      ,
       338.1       , 266.73684211, 301.71428571, 295.53333333,
       126.06666667, 200.625     , 307.9375    , 256.73684211,
       285.9375    , 191.75      , 292.82142857, 265.2       ,
       263.84615385, 312.05555556, 182.31578947, 284.73333333,
       325.35294118, 317.        , 215.8       ,  72.0625    ,
       240.07142857, 322.4       , 166.71428571, 202.75      ,
       285.4375    , 338.        , 303.        , 298.73333333,
       333.73333333, 255.6       , 287.22222222, 178.05555556,
       343.68421053, 117.5       , 284.8       , 328.35294118,
       192.11764706, 345.44444444, 211.68421053,  66.53333333,
       253.06666667, 248.86666667, 285.64285714, 317.93333333,
       162.52941176, 240.5625    , 228.94736842, 164.57142857,
       337.53333333, 114.41176471, 243.11111111, 235.58823529,
       240.94736842, 185.92857143, 261.42857143, 211.28571429,
       200.25      , 179.46666667, 220.26666667, 137.13333333,
       328.9375    , 185.57894737, 161.73333333, 270.6875    ,
       239.89473684, 224.52380952, 124.        , 244.        ,
       332.25      , 288.92857143,  99.94736842, 148.66666667,
       343.57142857, 183.6875    , 302.26666667, 165.25      ,
       275.        , 250.6       , 162.1875    ,  63.47368421,
       253.47058824, 241.8       , 189.19230769, 220.89473684,
       115.625     , 243.2       , 180.        , 182.25      ,
       348.11764706, 292.46666667, 145.4       , 115.875     ,
       301.57142857, 302.1       , 283.13333333, 259.8       ,
       137.85714286, 187.06666667, 210.26666667,  53.5       ,
       207.21428571, 303.1875    , 316.26666667, 292.2       ,
        56.63157895, 174.1875    , 185.92      , 309.83333333,
        42.625     , 262.47368421, 320.85714286, 272.35294118,
       271.0625    , 314.05882353, 246.2       , 305.92857143,
       278.73333333, 162.92857143, 200.46666667, 347.06666667,
       328.66666667, 133.        ,  55.46666667, 337.6875    ,
       336.86666667, 261.        , 183.13333333, 110.2       ,
       302.2173913 , 192.26315789, 196.2       , 306.93333333,
       279.        , 279.4375    , 148.5       , 189.94444444,
       116.23529412, 312.75      , 110.58823529, 341.05555556,
       296.59090909, 256.04761905, 328.53333333, 249.2       ,
       216.5625    , 342.        , 331.57142857, 328.33333333,
       279.4       , 261.68421053, 111.66666667, 254.05882353,
       288.86666667, 131.44444444, 294.23529412, 234.625     ,
       278.60869565, 192.4       , 318.25      , 213.8       ,
        76.2       , 166.4375    , 244.        , 237.46666667,
        77.05882353, 217.9375    , 250.3125    , 318.4       ,
       264.06666667, 277.        , 334.375     , 140.75      ,
       316.0625    , 314.55555556, 312.41176471, 205.2       ,
       323.53333333, 305.13333333, 178.9       , 196.88235294,
       255.41176471, 312.8       , 337.93333333,  64.64705882,
       205.33333333, 146.93333333, 269.6875    , 192.375     ,
       167.23809524, 260.84210526, 284.36363636, 192.06666667,
       300.38095238, 302.33333333, 155.64285714, 287.8125    ,
       321.55      , 174.        , 291.4375    ,  85.        ,
       316.        , 251.8       , 199.9375    , 168.76190476,
       280.29411765,  48.625     , 303.0625    ,  50.3125    ,
       130.        , 310.66666667, 204.2       , 316.07142857,
       111.53333333, 219.875     , 203.9047619 , 311.72222222,
       251.42857143, 155.29411765,  89.82352941, 155.06666667,
       289.3125    , 219.0625    , 340.66666667, 294.06666667,
       313.8       , 272.95454545, 161.83333333, 233.3       ,
       174.07142857, 244.25      , 228.07142857,  81.1875    ,
       233.75      , 140.18181818, 324.1875    , 303.5       ,
       330.35714286, 131.27777778, 166.96      , 296.26666667,
       126.22222222, 199.        , 309.66666667, 124.8       ,
       331.1       , 252.8125    , 180.4       , 335.2       ,
       205.        , 128.875     , 218.29411765, 342.1       ,
       269.48148148, 284.        , 233.13333333, 164.58823529,
       131.4       , 295.73333333, 151.28571429,  25.1875    ,
       156.88888889, 116.1875    , 196.69230769, 213.06666667,
       292.53333333, 336.05      , 195.33333333, 211.        ,
       310.26666667,  77.67647059, 280.88235294, 338.86666667,
       154.39130435, 236.3125    , 256.66666667, 347.15      ,
       317.65217391, 222.625     , 347.25      , 340.92857143,
       308.8125    , 298.04166667, 238.5       , 122.13333333,
       345.57142857, 242.53333333, 156.73333333, 274.14285714,
       122.26666667, 174.06666667, 225.3125    , 254.4       ,
        79.86666667, 327.05555556, 126.72222222, 234.86666667,
       272.07142857, 253.13043478, 300.5       ,  61.63636364,
       329.21052632, 106.07142857, 331.85714286, 277.52631579,
       257.21052632, 276.875     , 280.72727273,  84.75      ,
       160.14285714, 290.8       , 144.6       , 274.6875    ,
       192.        , 314.77777778, 124.4       ,  74.38888889,
       299.75      , 331.2       , 269.70588235, 203.95454545,
       209.34615385, 323.73333333, 184.17647059, 332.23529412,
       131.95652174,  90.0625    , 249.6       , 222.        ,
       283.26666667, 107.82352941, 348.1875    , 249.06666667,
       211.33333333, 180.53846154, 131.28571429, 295.23529412,
       341.36842105, 118.57894737, 213.22222222]), 'class_median_width': array([338.5, 316. , 348. ,  79.5, 302.5,  52. , 340.5, 191. , 274. ,
       347. , 326. , 325. , 345.5, 333. , 322. , 292. , 341. , 291. ,
       335. , 348. ,  92. , 162. , 307.5, 307. , 321.5, 198.5, 325. ,
       274. , 278. , 343.5, 202. , 313. , 329. , 335. , 249. ,  25. ,
       275. , 340. , 168. , 198. , 312. , 344. , 339. , 342. , 350. ,
       304. , 332. , 243. , 351. ,  88.5, 308. , 350. , 220. , 348. ,
       247. ,  14. , 282. , 273. , 342.5, 342. , 156. , 315. , 271. ,
       167.5, 340. , 122. , 247. , 291. , 285. , 216. , 315.5, 285. ,
       203.5, 155. , 240. , 108. , 338.5, 197. , 184. , 288. , 288. ,
       226. , 109. , 241. , 339. , 300. ,  79. , 147. , 347.5, 218.5,
       325. , 182.5, 308. , 265. , 197. ,  48. , 243. , 283. , 212.5,
       200. , 130.5, 276. , 184. , 186.5, 349. , 329. , 165. ,  83. ,
       317. , 346. , 317. , 328. ,  50.5, 182. , 275. ,  22.5, 216. ,
       327.5, 319. , 345. ,  28. , 174. , 196. , 323. ,  14.5, 321. ,
       350. , 284. , 304.5, 322. , 298. , 321. , 304. , 133.5, 291. ,
       350. , 335. , 133.5,  48. , 341. , 340. , 302. , 212. , 111. ,
       321. , 191. , 209. , 330. , 303.5, 302. , 166.5, 183. ,  82. ,
       318.5,  67. , 345. , 308. , 323. , 331. , 255. , 216.5, 350. ,
       348. , 347. , 314. , 335. , 116. , 315. , 336. , 134.5, 299. ,
       293.5, 309. , 227. , 321. , 246. ,  42. , 171. , 294. , 255. ,
        31. , 208. , 309.5, 351. , 277. , 310. , 348.5, 143.5, 322. ,
       316.5, 329. , 193. , 329. , 324. , 202.5, 202. , 282. , 319. ,
       342. ,  29. , 221. , 158. , 298. , 212. , 154. , 294. , 323.5,
       217. , 320. , 323. , 153. , 317.5, 337.5, 176. , 305.5,  50. ,
       333. , 297. , 238. , 202. , 288. ,  24. , 311.5,  21.5, 170. ,
       334. , 254. , 324. ,  98. , 233.5, 179. , 330.5, 342.5, 159. ,
        81. , 136. , 320.5, 282.5, 347. , 312. , 322. , 311. , 140.5,
       225.5, 178.5, 290.5, 243. ,  64. , 331. , 162. , 349. , 323.5,
       333. , 106.5, 207. , 321. , 135.5, 210. , 312. , 144.5, 337. ,
       327. , 188. , 349. , 211. , 117.5, 225. , 343. , 319. , 320. ,
       252. , 159. , 115. , 325. , 129. ,   3.5, 195.5, 126. , 229. ,
       244. , 304. , 344.5, 236. , 262. , 331. ,  68.5, 329. , 346. ,
       171. , 264. , 291. , 348.5, 330. , 232. , 349. , 345.5, 309.5,
       336.5, 249. , 110. , 347.5, 293. , 180. , 299.5,  70. , 169. ,
       282. , 321. ,  65. , 328. ,  97. , 283. , 327. , 279. , 316.5,
        55. , 338. ,  66. , 350.5, 300. , 288. , 347. , 301.5,  36. ,
       158. , 318. , 129. , 330.5, 195. , 337. , 165. ,  42.5, 335. ,
       335. , 318. , 227. , 230. , 337. , 166. , 347. , 143. ,  67. ,
       254. , 264.5, 310. , 106. , 348. , 269. , 252. , 177. ,  98.5,
       323. , 347. , 135. , 279.5]), 'class_mean_width_scaled': array([0.78460765, 0.79542254, 0.9513615 , 0.28323944, 0.7       ,
       0.31530516, 0.84679186, 0.44957746, 0.66460094, 0.93552426,
       0.82472613, 0.76769953, 0.9172144 , 0.67924883, 0.87342723,
       0.71816901, 0.95239437, 0.75137139, 0.8498994 , 0.83248826,
       0.35511737, 0.56514085, 0.86742958, 0.72320237, 0.80545775,
       0.54014085, 0.82484909, 0.74704225, 0.7432286 , 0.87902973,
       0.5135656 , 0.80206573, 0.91648716, 0.89295775, 0.60788732,
       0.20299296, 0.67625755, 0.90816901, 0.46961771, 0.57112676,
       0.8040493 , 0.95211268, 0.85352113, 0.84150235, 0.9400939 ,
       0.72      , 0.80907668, 0.50156495, 0.96812454, 0.33098592,
       0.80225352, 0.92493786, 0.54117647, 0.97308294, 0.59629355,
       0.18741784, 0.71286385, 0.70103286, 0.80462777, 0.89558685,
       0.45782933, 0.67764085, 0.64492216, 0.46358149, 0.95079812,
       0.32228666, 0.68482003, 0.66362883, 0.67872498, 0.52374245,
       0.73641851, 0.59517103, 0.56408451, 0.50553991, 0.62046948,
       0.38629108, 0.92658451, 0.5227576 , 0.45558685, 0.7625    ,
       0.67575982, 0.63246144, 0.34929577, 0.68732394, 0.93591549,
       0.8138833 , 0.28154188, 0.41877934, 0.96780684, 0.51742958,
       0.8514554 , 0.46549296, 0.77464789, 0.70591549, 0.4568662 ,
       0.17879911, 0.71400166, 0.68112676, 0.53293608, 0.6222387 ,
       0.32570423, 0.68507042, 0.50704225, 0.51338028, 0.98061309,
       0.82384977, 0.40957746, 0.32640845, 0.84949698, 0.85098592,
       0.79755869, 0.73183099, 0.38832998, 0.52694836, 0.59230047,
       0.15070423, 0.58370221, 0.8540493 , 0.89089202, 0.82309859,
       0.15952557, 0.49066901, 0.52371831, 0.87276995, 0.12007042,
       0.73936249, 0.90382294, 0.76719138, 0.76355634, 0.88467274,
       0.69352113, 0.86177062, 0.78516432, 0.45895372, 0.56469484,
       0.97765258, 0.9258216 , 0.37464789, 0.15624413, 0.95123239,
       0.94892019, 0.73521127, 0.51586854, 0.31042254, 0.8513166 ,
       0.54158636, 0.55267606, 0.86460094, 0.78591549, 0.78714789,
       0.41830986, 0.53505477, 0.32742336, 0.88098592, 0.31151616,
       0.96071987, 0.83546735, 0.7212609 , 0.92544601, 0.70197183,
       0.61003521, 0.96338028, 0.93400402, 0.92488263, 0.78704225,
       0.73713862, 0.31455399, 0.71565866, 0.81370892, 0.37026604,
       0.82883181, 0.66091549, 0.78481323, 0.54197183, 0.89647887,
       0.60225352, 0.21464789, 0.46883803, 0.68732394, 0.66892019,
       0.21706711, 0.61390845, 0.70510563, 0.89690141, 0.74384977,
       0.78028169, 0.94190141, 0.39647887, 0.8903169 , 0.88607199,
       0.88003314, 0.57802817, 0.9113615 , 0.85953052, 0.50394366,
       0.55459818, 0.71946976, 0.88112676, 0.95192488, 0.18210439,
       0.57840376, 0.41389671, 0.7596831 , 0.54190141, 0.47109323,
       0.73476649, 0.80102433, 0.54103286, 0.84614353, 0.85164319,
       0.43843058, 0.81073944, 0.90577465, 0.49014085, 0.8209507 ,
       0.23943662, 0.89014085, 0.70929577, 0.56320423, 0.47538565,
       0.78956089, 0.13697183, 0.85369718, 0.14172535, 0.36619718,
       0.87511737, 0.57521127, 0.89034205, 0.3141784 , 0.6193662 ,
       0.57437961, 0.87809077, 0.7082495 , 0.43744822, 0.25302403,
       0.43680751, 0.81496479, 0.61707746, 0.95962441, 0.82835681,
       0.88394366, 0.76888604, 0.45586854, 0.6571831 , 0.49034205,
       0.68802817, 0.64245473, 0.22869718, 0.6584507 , 0.39487836,
       0.91320423, 0.85492958, 0.9305835 , 0.36979656, 0.47030986,
       0.83455399, 0.35555556, 0.56056338, 0.87230047, 0.3515493 ,
       0.93267606, 0.71214789, 0.50816901, 0.94422535, 0.57746479,
       0.36302817, 0.61491301, 0.96366197, 0.75910276, 0.8       ,
       0.65671362, 0.46362883, 0.37014085, 0.83305164, 0.42615694,
       0.0709507 , 0.44194053, 0.32728873, 0.55406284, 0.60018779,
       0.82403756, 0.94661972, 0.55023474, 0.5943662 , 0.87399061,
       0.21880696, 0.7912179 , 0.95455399, 0.43490508, 0.66566901,
       0.72300469, 0.97788732, 0.89479486, 0.62711268, 0.97816901,
       0.96036217, 0.86989437, 0.83955399, 0.67183099, 0.34403756,
       0.97344064, 0.68319249, 0.44150235, 0.7722334 , 0.34441315,
       0.49032864, 0.6346831 , 0.71661972, 0.22497653, 0.92128326,
       0.35696401, 0.66159624, 0.76639839, 0.71304348, 0.84647887,
       0.17362356, 0.9273536 , 0.29879276, 0.93480885, 0.78176427,
       0.72453669, 0.77992958, 0.79078105, 0.23873239, 0.45110664,
       0.81915493, 0.40732394, 0.77376761, 0.54084507, 0.88669797,
       0.35042254, 0.20954617, 0.8443662 , 0.93295775, 0.75973488,
       0.57451985, 0.58970748, 0.91192488, 0.51880696, 0.93587407,
       0.37170851, 0.25369718, 0.70309859, 0.62535211, 0.79793427,
       0.30372825, 0.98080986, 0.70159624, 0.59530516, 0.50855905,
       0.36981891, 0.83164872, 0.96160119, 0.3340252 , 0.60062598]), 'class_median_width_scaled': array([0.95352113, 0.89014085, 0.98028169, 0.22394366, 0.85211268,
       0.14647887, 0.95915493, 0.53802817, 0.77183099, 0.97746479,
       0.91830986, 0.91549296, 0.97323944, 0.93802817, 0.90704225,
       0.82253521, 0.96056338, 0.81971831, 0.94366197, 0.98028169,
       0.25915493, 0.45633803, 0.86619718, 0.86478873, 0.9056338 ,
       0.55915493, 0.91549296, 0.77183099, 0.78309859, 0.96760563,
       0.56901408, 0.88169014, 0.92676056, 0.94366197, 0.70140845,
       0.07042254, 0.77464789, 0.95774648, 0.47323944, 0.55774648,
       0.87887324, 0.96901408, 0.95492958, 0.96338028, 0.98591549,
       0.85633803, 0.93521127, 0.68450704, 0.98873239, 0.24929577,
       0.86760563, 0.98591549, 0.61971831, 0.98028169, 0.69577465,
       0.03943662, 0.7943662 , 0.76901408, 0.96478873, 0.96338028,
       0.43943662, 0.88732394, 0.76338028, 0.47183099, 0.95774648,
       0.34366197, 0.69577465, 0.81971831, 0.8028169 , 0.6084507 ,
       0.88873239, 0.8028169 , 0.57323944, 0.43661972, 0.67605634,
       0.30422535, 0.95352113, 0.55492958, 0.51830986, 0.81126761,
       0.81126761, 0.63661972, 0.30704225, 0.67887324, 0.95492958,
       0.84507042, 0.22253521, 0.41408451, 0.97887324, 0.61549296,
       0.91549296, 0.51408451, 0.86760563, 0.74647887, 0.55492958,
       0.13521127, 0.68450704, 0.7971831 , 0.59859155, 0.56338028,
       0.36760563, 0.77746479, 0.51830986, 0.52535211, 0.98309859,
       0.92676056, 0.46478873, 0.23380282, 0.89295775, 0.97464789,
       0.89295775, 0.92394366, 0.14225352, 0.51267606, 0.77464789,
       0.06338028, 0.6084507 , 0.92253521, 0.89859155, 0.97183099,
       0.07887324, 0.49014085, 0.55211268, 0.90985915, 0.04084507,
       0.90422535, 0.98591549, 0.8       , 0.85774648, 0.90704225,
       0.83943662, 0.90422535, 0.85633803, 0.37605634, 0.81971831,
       0.98591549, 0.94366197, 0.37605634, 0.13521127, 0.96056338,
       0.95774648, 0.85070423, 0.5971831 , 0.31267606, 0.90422535,
       0.53802817, 0.58873239, 0.92957746, 0.85492958, 0.85070423,
       0.46901408, 0.51549296, 0.23098592, 0.8971831 , 0.18873239,
       0.97183099, 0.86760563, 0.90985915, 0.93239437, 0.71830986,
       0.60985915, 0.98591549, 0.98028169, 0.97746479, 0.88450704,
       0.94366197, 0.32676056, 0.88732394, 0.94647887, 0.37887324,
       0.84225352, 0.82676056, 0.87042254, 0.63943662, 0.90422535,
       0.69295775, 0.11830986, 0.48169014, 0.82816901, 0.71830986,
       0.08732394, 0.58591549, 0.87183099, 0.98873239, 0.78028169,
       0.87323944, 0.98169014, 0.40422535, 0.90704225, 0.8915493 ,
       0.92676056, 0.54366197, 0.92676056, 0.91267606, 0.57042254,
       0.56901408, 0.7943662 , 0.89859155, 0.96338028, 0.08169014,
       0.62253521, 0.44507042, 0.83943662, 0.5971831 , 0.43380282,
       0.82816901, 0.91126761, 0.61126761, 0.90140845, 0.90985915,
       0.43098592, 0.8943662 , 0.95070423, 0.49577465, 0.86056338,
       0.14084507, 0.93802817, 0.83661972, 0.67042254, 0.56901408,
       0.81126761, 0.06760563, 0.87746479, 0.06056338, 0.47887324,
       0.94084507, 0.71549296, 0.91267606, 0.27605634, 0.65774648,
       0.50422535, 0.93098592, 0.96478873, 0.44788732, 0.22816901,
       0.38309859, 0.9028169 , 0.79577465, 0.97746479, 0.87887324,
       0.90704225, 0.87605634, 0.39577465, 0.63521127, 0.5028169 ,
       0.81830986, 0.68450704, 0.18028169, 0.93239437, 0.45633803,
       0.98309859, 0.91126761, 0.93802817, 0.3       , 0.58309859,
       0.90422535, 0.38169014, 0.5915493 , 0.87887324, 0.40704225,
       0.94929577, 0.92112676, 0.52957746, 0.98309859, 0.5943662 ,
       0.33098592, 0.63380282, 0.96619718, 0.89859155, 0.90140845,
       0.70985915, 0.44788732, 0.32394366, 0.91549296, 0.36338028,
       0.00985915, 0.55070423, 0.35492958, 0.64507042, 0.68732394,
       0.85633803, 0.97042254, 0.66478873, 0.73802817, 0.93239437,
       0.19295775, 0.92676056, 0.97464789, 0.48169014, 0.74366197,
       0.81971831, 0.98169014, 0.92957746, 0.65352113, 0.98309859,
       0.97323944, 0.87183099, 0.94788732, 0.70140845, 0.30985915,
       0.97887324, 0.82535211, 0.50704225, 0.84366197, 0.1971831 ,
       0.47605634, 0.7943662 , 0.90422535, 0.18309859, 0.92394366,
       0.27323944, 0.7971831 , 0.92112676, 0.78591549, 0.8915493 ,
       0.15492958, 0.95211268, 0.18591549, 0.98732394, 0.84507042,
       0.81126761, 0.97746479, 0.84929577, 0.10140845, 0.44507042,
       0.89577465, 0.36338028, 0.93098592, 0.54929577, 0.94929577,
       0.46478873, 0.11971831, 0.94366197, 0.94366197, 0.89577465,
       0.63943662, 0.64788732, 0.94929577, 0.46760563, 0.97746479,
       0.4028169 , 0.18873239, 0.71549296, 0.74507042, 0.87323944,
       0.29859155, 0.98028169, 0.75774648, 0.70985915, 0.49859155,
       0.27746479, 0.90985915, 0.97746479, 0.38028169, 0.78732394])}

split_conformal_lac_LogisticRegression full class metrics: {'class_coverage': array([0.89285714, 1.        , 1.        , 0.85      , 0.89285714,
       0.53333333, 0.94444444, 0.66666667, 0.86666667, 0.94444444,
       1.        , 0.86666667, 1.        , 0.86666667, 1.        ,
       1.        , 1.        , 1.        , 1.        , 0.86666667,
       0.53333333, 0.625     , 1.        , 0.94736842, 0.9375    ,
       0.91666667, 0.96428571, 1.        , 1.        , 0.88888889,
       0.89473684, 1.        , 1.        , 0.93333333, 0.93333333,
       0.625     , 0.92857143, 0.93333333, 1.        , 1.        ,
       0.9375    , 1.        , 0.94117647, 1.        , 0.93333333,
       1.        , 0.94444444, 0.88888889, 1.        , 0.6       ,
       1.        , 1.        , 1.        , 1.        , 0.89473684,
       0.53333333, 1.        , 0.93333333, 1.        , 0.93333333,
       0.76470588, 0.875     , 0.94736842, 1.        , 1.        ,
       0.94117647, 1.        , 1.        , 0.89473684, 0.64285714,
       0.85714286, 0.85714286, 0.9375    , 1.        , 1.        ,
       0.6       , 1.        , 1.        , 0.86666667, 1.        ,
       0.89473684, 1.        , 0.70588235, 1.        , 1.        ,
       1.        , 0.84210526, 1.        , 1.        , 0.875     ,
       1.        , 0.6875    , 1.        , 0.93333333, 0.6875    ,
       0.73684211, 1.        , 1.        , 0.80769231, 0.78947368,
       1.        , 1.        , 0.86666667, 0.875     , 1.        ,
       0.93333333, 0.86666667, 0.8125    , 1.        , 0.9       ,
       1.        , 0.93333333, 0.5       , 0.86666667, 0.86666667,
       0.8125    , 1.        , 1.        , 1.        , 0.86666667,
       0.89473684, 0.6875    , 0.88      , 1.        , 0.5       ,
       1.        , 1.        , 0.94117647, 1.        , 1.        ,
       0.8       , 1.        , 1.        , 0.64285714, 0.8       ,
       1.        , 1.        , 0.88888889, 0.46666667, 1.        ,
       1.        , 0.93333333, 0.86666667, 0.93333333, 0.95652174,
       0.94736842, 0.93333333, 0.93333333, 1.        , 0.9375    ,
       0.94444444, 1.        , 0.64705882, 1.        , 0.82352941,
       1.        , 0.95454545, 0.9047619 , 1.        , 1.        ,
       1.        , 1.        , 1.        , 1.        , 1.        ,
       0.94736842, 0.8       , 0.88235294, 0.93333333, 0.66666667,
       1.        , 0.875     , 0.95652174, 0.86666667, 1.        ,
       0.86666667, 0.73333333, 0.9375    , 1.        , 0.93333333,
       0.35294118, 1.        , 0.9375    , 0.86666667, 1.        ,
       0.93333333, 1.        , 0.625     , 1.        , 1.        ,
       1.        , 0.73333333, 1.        , 1.        , 0.85      ,
       1.        , 0.94117647, 1.        , 1.        , 0.23529412,
       0.8       , 0.66666667, 0.9375    , 0.6875    , 0.66666667,
       1.        , 1.        , 0.8       , 1.        , 0.93333333,
       1.        , 1.        , 0.95      , 0.86666667, 1.        ,
       0.63157895, 1.        , 0.86666667, 0.75      , 0.9047619 ,
       1.        , 0.4375    , 1.        , 0.3125    , 0.76923077,
       1.        , 0.73333333, 1.        , 0.66666667, 1.        ,
       1.        , 1.        , 0.78571429, 0.82352941, 0.58823529,
       1.        , 1.        , 0.875     , 1.        , 0.93333333,
       1.        , 1.        , 0.72222222, 1.        , 0.89285714,
       0.9375    , 1.        , 0.5625    , 0.875     , 0.86363636,
       0.9375    , 1.        , 1.        , 0.88888889, 0.8       ,
       1.        , 0.94444444, 1.        , 1.        , 0.65      ,
       1.        , 0.875     , 0.93333333, 1.        , 0.93333333,
       1.        , 0.94117647, 1.        , 0.92592593, 0.78571429,
       1.        , 1.        , 0.66666667, 0.93333333, 0.85714286,
       0.1875    , 0.77777778, 0.875     , 0.84615385, 1.        ,
       1.        , 1.        , 0.8       , 1.        , 1.        ,
       0.76470588, 1.        , 1.        , 1.        , 0.875     ,
       1.        , 1.        , 1.        , 0.75      , 1.        ,
       1.        , 1.        , 0.91666667, 0.9375    , 0.93333333,
       1.        , 0.93333333, 0.86666667, 1.        , 0.46666667,
       1.        , 0.75      , 0.93333333, 0.93333333, 1.        ,
       0.94444444, 0.86666667, 1.        , 0.95652174, 1.        ,
       0.68181818, 1.        , 0.42857143, 1.        , 0.94736842,
       0.94736842, 0.875     , 0.95454545, 0.375     , 0.92857143,
       1.        , 0.73333333, 1.        , 0.93333333, 1.        ,
       1.        , 0.66666667, 0.9375    , 1.        , 0.88235294,
       0.86363636, 0.88461538, 1.        , 0.88235294, 1.        ,
       0.7826087 , 0.8125    , 1.        , 0.8125    , 0.93333333,
       0.82352941, 1.        , 0.86666667, 0.8       , 0.84615385,
       0.92857143, 0.94117647, 1.        , 0.63157895, 0.83333333]), 'class_mean_width': array([278.53571429, 282.375     , 337.73333333, 100.55      ,
       248.5       , 111.93333333, 300.61111111, 159.6       ,
       235.93333333, 332.11111111, 292.77777778, 272.53333333,
       325.61111111, 241.13333333, 310.06666667, 254.95      ,
       338.1       , 266.73684211, 301.71428571, 295.53333333,
       126.06666667, 200.625     , 307.9375    , 256.73684211,
       285.9375    , 191.75      , 292.82142857, 265.2       ,
       263.84615385, 312.05555556, 182.31578947, 284.73333333,
       325.35294118, 317.        , 215.8       ,  72.0625    ,
       240.07142857, 322.4       , 166.71428571, 202.75      ,
       285.4375    , 338.        , 303.        , 298.73333333,
       333.73333333, 255.6       , 287.22222222, 178.05555556,
       343.68421053, 117.5       , 284.8       , 328.35294118,
       192.11764706, 345.44444444, 211.68421053,  66.53333333,
       253.06666667, 248.86666667, 285.64285714, 317.93333333,
       162.52941176, 240.5625    , 228.94736842, 164.57142857,
       337.53333333, 114.41176471, 243.11111111, 235.58823529,
       240.94736842, 185.92857143, 261.42857143, 211.28571429,
       200.25      , 179.46666667, 220.26666667, 137.13333333,
       328.9375    , 185.57894737, 161.73333333, 270.6875    ,
       239.89473684, 224.52380952, 124.        , 244.        ,
       332.25      , 288.92857143,  99.94736842, 148.66666667,
       343.57142857, 183.6875    , 302.26666667, 165.25      ,
       275.        , 250.6       , 162.1875    ,  63.47368421,
       253.47058824, 241.8       , 189.19230769, 220.89473684,
       115.625     , 243.2       , 180.        , 182.25      ,
       348.11764706, 292.46666667, 145.4       , 115.875     ,
       301.57142857, 302.1       , 283.13333333, 259.8       ,
       137.85714286, 187.06666667, 210.26666667,  53.5       ,
       207.21428571, 303.1875    , 316.26666667, 292.2       ,
        56.63157895, 174.1875    , 185.92      , 309.83333333,
        42.625     , 262.47368421, 320.85714286, 272.35294118,
       271.0625    , 314.05882353, 246.2       , 305.92857143,
       278.73333333, 162.92857143, 200.46666667, 347.06666667,
       328.66666667, 133.        ,  55.46666667, 337.6875    ,
       336.86666667, 261.        , 183.13333333, 110.2       ,
       302.2173913 , 192.26315789, 196.2       , 306.93333333,
       279.        , 279.4375    , 148.5       , 189.94444444,
       116.23529412, 312.75      , 110.58823529, 341.05555556,
       296.59090909, 256.04761905, 328.53333333, 249.2       ,
       216.5625    , 342.        , 331.57142857, 328.33333333,
       279.4       , 261.68421053, 111.66666667, 254.05882353,
       288.86666667, 131.44444444, 294.23529412, 234.625     ,
       278.60869565, 192.4       , 318.25      , 213.8       ,
        76.2       , 166.4375    , 244.        , 237.46666667,
        77.05882353, 217.9375    , 250.3125    , 318.4       ,
       264.06666667, 277.        , 334.375     , 140.75      ,
       316.0625    , 314.55555556, 312.41176471, 205.2       ,
       323.53333333, 305.13333333, 178.9       , 196.88235294,
       255.41176471, 312.8       , 337.93333333,  64.64705882,
       205.33333333, 146.93333333, 269.6875    , 192.375     ,
       167.23809524, 260.84210526, 284.36363636, 192.06666667,
       300.38095238, 302.33333333, 155.64285714, 287.8125    ,
       321.55      , 174.        , 291.4375    ,  85.        ,
       316.        , 251.8       , 199.9375    , 168.76190476,
       280.29411765,  48.625     , 303.0625    ,  50.3125    ,
       130.        , 310.66666667, 204.2       , 316.07142857,
       111.53333333, 219.875     , 203.9047619 , 311.72222222,
       251.42857143, 155.29411765,  89.82352941, 155.06666667,
       289.3125    , 219.0625    , 340.66666667, 294.06666667,
       313.8       , 272.95454545, 161.83333333, 233.3       ,
       174.07142857, 244.25      , 228.07142857,  81.1875    ,
       233.75      , 140.18181818, 324.1875    , 303.5       ,
       330.35714286, 131.27777778, 166.96      , 296.26666667,
       126.22222222, 199.        , 309.66666667, 124.8       ,
       331.1       , 252.8125    , 180.4       , 335.2       ,
       205.        , 128.875     , 218.29411765, 342.1       ,
       269.48148148, 284.        , 233.13333333, 164.58823529,
       131.4       , 295.73333333, 151.28571429,  25.1875    ,
       156.88888889, 116.1875    , 196.69230769, 213.06666667,
       292.53333333, 336.05      , 195.33333333, 211.        ,
       310.26666667,  77.67647059, 280.88235294, 338.86666667,
       154.39130435, 236.3125    , 256.66666667, 347.15      ,
       317.65217391, 222.625     , 347.25      , 340.92857143,
       308.8125    , 298.04166667, 238.5       , 122.13333333,
       345.57142857, 242.53333333, 156.73333333, 274.14285714,
       122.26666667, 174.06666667, 225.3125    , 254.4       ,
        79.86666667, 327.05555556, 126.72222222, 234.86666667,
       272.07142857, 253.13043478, 300.5       ,  61.63636364,
       329.21052632, 106.07142857, 331.85714286, 277.52631579,
       257.21052632, 276.875     , 280.72727273,  84.75      ,
       160.14285714, 290.8       , 144.6       , 274.6875    ,
       192.        , 314.77777778, 124.4       ,  74.38888889,
       299.75      , 331.2       , 269.70588235, 203.95454545,
       209.34615385, 323.73333333, 184.17647059, 332.23529412,
       131.95652174,  90.0625    , 249.6       , 222.        ,
       283.26666667, 107.82352941, 348.1875    , 249.06666667,
       211.33333333, 180.53846154, 131.28571429, 295.23529412,
       341.36842105, 118.57894737, 213.22222222]), 'class_median_width': array([338.5, 316. , 348. ,  79.5, 302.5,  52. , 340.5, 191. , 274. ,
       347. , 326. , 325. , 345.5, 333. , 322. , 292. , 341. , 291. ,
       335. , 348. ,  92. , 162. , 307.5, 307. , 321.5, 198.5, 325. ,
       274. , 278. , 343.5, 202. , 313. , 329. , 335. , 249. ,  25. ,
       275. , 340. , 168. , 198. , 312. , 344. , 339. , 342. , 350. ,
       304. , 332. , 243. , 351. ,  88.5, 308. , 350. , 220. , 348. ,
       247. ,  14. , 282. , 273. , 342.5, 342. , 156. , 315. , 271. ,
       167.5, 340. , 122. , 247. , 291. , 285. , 216. , 315.5, 285. ,
       203.5, 155. , 240. , 108. , 338.5, 197. , 184. , 288. , 288. ,
       226. , 109. , 241. , 339. , 300. ,  79. , 147. , 347.5, 218.5,
       325. , 182.5, 308. , 265. , 197. ,  48. , 243. , 283. , 212.5,
       200. , 130.5, 276. , 184. , 186.5, 349. , 329. , 165. ,  83. ,
       317. , 346. , 317. , 328. ,  50.5, 182. , 275. ,  22.5, 216. ,
       327.5, 319. , 345. ,  28. , 174. , 196. , 323. ,  14.5, 321. ,
       350. , 284. , 304.5, 322. , 298. , 321. , 304. , 133.5, 291. ,
       350. , 335. , 133.5,  48. , 341. , 340. , 302. , 212. , 111. ,
       321. , 191. , 209. , 330. , 303.5, 302. , 166.5, 183. ,  82. ,
       318.5,  67. , 345. , 308. , 323. , 331. , 255. , 216.5, 350. ,
       348. , 347. , 314. , 335. , 116. , 315. , 336. , 134.5, 299. ,
       293.5, 309. , 227. , 321. , 246. ,  42. , 171. , 294. , 255. ,
        31. , 208. , 309.5, 351. , 277. , 310. , 348.5, 143.5, 322. ,
       316.5, 329. , 193. , 329. , 324. , 202.5, 202. , 282. , 319. ,
       342. ,  29. , 221. , 158. , 298. , 212. , 154. , 294. , 323.5,
       217. , 320. , 323. , 153. , 317.5, 337.5, 176. , 305.5,  50. ,
       333. , 297. , 238. , 202. , 288. ,  24. , 311.5,  21.5, 170. ,
       334. , 254. , 324. ,  98. , 233.5, 179. , 330.5, 342.5, 159. ,
        81. , 136. , 320.5, 282.5, 347. , 312. , 322. , 311. , 140.5,
       225.5, 178.5, 290.5, 243. ,  64. , 331. , 162. , 349. , 323.5,
       333. , 106.5, 207. , 321. , 135.5, 210. , 312. , 144.5, 337. ,
       327. , 188. , 349. , 211. , 117.5, 225. , 343. , 319. , 320. ,
       252. , 159. , 115. , 325. , 129. ,   3.5, 195.5, 126. , 229. ,
       244. , 304. , 344.5, 236. , 262. , 331. ,  68.5, 329. , 346. ,
       171. , 264. , 291. , 348.5, 330. , 232. , 349. , 345.5, 309.5,
       336.5, 249. , 110. , 347.5, 293. , 180. , 299.5,  70. , 169. ,
       282. , 321. ,  65. , 328. ,  97. , 283. , 327. , 279. , 316.5,
        55. , 338. ,  66. , 350.5, 300. , 288. , 347. , 301.5,  36. ,
       158. , 318. , 129. , 330.5, 195. , 337. , 165. ,  42.5, 335. ,
       335. , 318. , 227. , 230. , 337. , 166. , 347. , 143. ,  67. ,
       254. , 264.5, 310. , 106. , 348. , 269. , 252. , 177. ,  98.5,
       323. , 347. , 135. , 279.5]), 'class_mean_width_scaled': array([0.78460765, 0.79542254, 0.9513615 , 0.28323944, 0.7       ,
       0.31530516, 0.84679186, 0.44957746, 0.66460094, 0.93552426,
       0.82472613, 0.76769953, 0.9172144 , 0.67924883, 0.87342723,
       0.71816901, 0.95239437, 0.75137139, 0.8498994 , 0.83248826,
       0.35511737, 0.56514085, 0.86742958, 0.72320237, 0.80545775,
       0.54014085, 0.82484909, 0.74704225, 0.7432286 , 0.87902973,
       0.5135656 , 0.80206573, 0.91648716, 0.89295775, 0.60788732,
       0.20299296, 0.67625755, 0.90816901, 0.46961771, 0.57112676,
       0.8040493 , 0.95211268, 0.85352113, 0.84150235, 0.9400939 ,
       0.72      , 0.80907668, 0.50156495, 0.96812454, 0.33098592,
       0.80225352, 0.92493786, 0.54117647, 0.97308294, 0.59629355,
       0.18741784, 0.71286385, 0.70103286, 0.80462777, 0.89558685,
       0.45782933, 0.67764085, 0.64492216, 0.46358149, 0.95079812,
       0.32228666, 0.68482003, 0.66362883, 0.67872498, 0.52374245,
       0.73641851, 0.59517103, 0.56408451, 0.50553991, 0.62046948,
       0.38629108, 0.92658451, 0.5227576 , 0.45558685, 0.7625    ,
       0.67575982, 0.63246144, 0.34929577, 0.68732394, 0.93591549,
       0.8138833 , 0.28154188, 0.41877934, 0.96780684, 0.51742958,
       0.8514554 , 0.46549296, 0.77464789, 0.70591549, 0.4568662 ,
       0.17879911, 0.71400166, 0.68112676, 0.53293608, 0.6222387 ,
       0.32570423, 0.68507042, 0.50704225, 0.51338028, 0.98061309,
       0.82384977, 0.40957746, 0.32640845, 0.84949698, 0.85098592,
       0.79755869, 0.73183099, 0.38832998, 0.52694836, 0.59230047,
       0.15070423, 0.58370221, 0.8540493 , 0.89089202, 0.82309859,
       0.15952557, 0.49066901, 0.52371831, 0.87276995, 0.12007042,
       0.73936249, 0.90382294, 0.76719138, 0.76355634, 0.88467274,
       0.69352113, 0.86177062, 0.78516432, 0.45895372, 0.56469484,
       0.97765258, 0.9258216 , 0.37464789, 0.15624413, 0.95123239,
       0.94892019, 0.73521127, 0.51586854, 0.31042254, 0.8513166 ,
       0.54158636, 0.55267606, 0.86460094, 0.78591549, 0.78714789,
       0.41830986, 0.53505477, 0.32742336, 0.88098592, 0.31151616,
       0.96071987, 0.83546735, 0.7212609 , 0.92544601, 0.70197183,
       0.61003521, 0.96338028, 0.93400402, 0.92488263, 0.78704225,
       0.73713862, 0.31455399, 0.71565866, 0.81370892, 0.37026604,
       0.82883181, 0.66091549, 0.78481323, 0.54197183, 0.89647887,
       0.60225352, 0.21464789, 0.46883803, 0.68732394, 0.66892019,
       0.21706711, 0.61390845, 0.70510563, 0.89690141, 0.74384977,
       0.78028169, 0.94190141, 0.39647887, 0.8903169 , 0.88607199,
       0.88003314, 0.57802817, 0.9113615 , 0.85953052, 0.50394366,
       0.55459818, 0.71946976, 0.88112676, 0.95192488, 0.18210439,
       0.57840376, 0.41389671, 0.7596831 , 0.54190141, 0.47109323,
       0.73476649, 0.80102433, 0.54103286, 0.84614353, 0.85164319,
       0.43843058, 0.81073944, 0.90577465, 0.49014085, 0.8209507 ,
       0.23943662, 0.89014085, 0.70929577, 0.56320423, 0.47538565,
       0.78956089, 0.13697183, 0.85369718, 0.14172535, 0.36619718,
       0.87511737, 0.57521127, 0.89034205, 0.3141784 , 0.6193662 ,
       0.57437961, 0.87809077, 0.7082495 , 0.43744822, 0.25302403,
       0.43680751, 0.81496479, 0.61707746, 0.95962441, 0.82835681,
       0.88394366, 0.76888604, 0.45586854, 0.6571831 , 0.49034205,
       0.68802817, 0.64245473, 0.22869718, 0.6584507 , 0.39487836,
       0.91320423, 0.85492958, 0.9305835 , 0.36979656, 0.47030986,
       0.83455399, 0.35555556, 0.56056338, 0.87230047, 0.3515493 ,
       0.93267606, 0.71214789, 0.50816901, 0.94422535, 0.57746479,
       0.36302817, 0.61491301, 0.96366197, 0.75910276, 0.8       ,
       0.65671362, 0.46362883, 0.37014085, 0.83305164, 0.42615694,
       0.0709507 , 0.44194053, 0.32728873, 0.55406284, 0.60018779,
       0.82403756, 0.94661972, 0.55023474, 0.5943662 , 0.87399061,
       0.21880696, 0.7912179 , 0.95455399, 0.43490508, 0.66566901,
       0.72300469, 0.97788732, 0.89479486, 0.62711268, 0.97816901,
       0.96036217, 0.86989437, 0.83955399, 0.67183099, 0.34403756,
       0.97344064, 0.68319249, 0.44150235, 0.7722334 , 0.34441315,
       0.49032864, 0.6346831 , 0.71661972, 0.22497653, 0.92128326,
       0.35696401, 0.66159624, 0.76639839, 0.71304348, 0.84647887,
       0.17362356, 0.9273536 , 0.29879276, 0.93480885, 0.78176427,
       0.72453669, 0.77992958, 0.79078105, 0.23873239, 0.45110664,
       0.81915493, 0.40732394, 0.77376761, 0.54084507, 0.88669797,
       0.35042254, 0.20954617, 0.8443662 , 0.93295775, 0.75973488,
       0.57451985, 0.58970748, 0.91192488, 0.51880696, 0.93587407,
       0.37170851, 0.25369718, 0.70309859, 0.62535211, 0.79793427,
       0.30372825, 0.98080986, 0.70159624, 0.59530516, 0.50855905,
       0.36981891, 0.83164872, 0.96160119, 0.3340252 , 0.60062598]), 'class_median_width_scaled': array([0.95352113, 0.89014085, 0.98028169, 0.22394366, 0.85211268,
       0.14647887, 0.95915493, 0.53802817, 0.77183099, 0.97746479,
       0.91830986, 0.91549296, 0.97323944, 0.93802817, 0.90704225,
       0.82253521, 0.96056338, 0.81971831, 0.94366197, 0.98028169,
       0.25915493, 0.45633803, 0.86619718, 0.86478873, 0.9056338 ,
       0.55915493, 0.91549296, 0.77183099, 0.78309859, 0.96760563,
       0.56901408, 0.88169014, 0.92676056, 0.94366197, 0.70140845,
       0.07042254, 0.77464789, 0.95774648, 0.47323944, 0.55774648,
       0.87887324, 0.96901408, 0.95492958, 0.96338028, 0.98591549,
       0.85633803, 0.93521127, 0.68450704, 0.98873239, 0.24929577,
       0.86760563, 0.98591549, 0.61971831, 0.98028169, 0.69577465,
       0.03943662, 0.7943662 , 0.76901408, 0.96478873, 0.96338028,
       0.43943662, 0.88732394, 0.76338028, 0.47183099, 0.95774648,
       0.34366197, 0.69577465, 0.81971831, 0.8028169 , 0.6084507 ,
       0.88873239, 0.8028169 , 0.57323944, 0.43661972, 0.67605634,
       0.30422535, 0.95352113, 0.55492958, 0.51830986, 0.81126761,
       0.81126761, 0.63661972, 0.30704225, 0.67887324, 0.95492958,
       0.84507042, 0.22253521, 0.41408451, 0.97887324, 0.61549296,
       0.91549296, 0.51408451, 0.86760563, 0.74647887, 0.55492958,
       0.13521127, 0.68450704, 0.7971831 , 0.59859155, 0.56338028,
       0.36760563, 0.77746479, 0.51830986, 0.52535211, 0.98309859,
       0.92676056, 0.46478873, 0.23380282, 0.89295775, 0.97464789,
       0.89295775, 0.92394366, 0.14225352, 0.51267606, 0.77464789,
       0.06338028, 0.6084507 , 0.92253521, 0.89859155, 0.97183099,
       0.07887324, 0.49014085, 0.55211268, 0.90985915, 0.04084507,
       0.90422535, 0.98591549, 0.8       , 0.85774648, 0.90704225,
       0.83943662, 0.90422535, 0.85633803, 0.37605634, 0.81971831,
       0.98591549, 0.94366197, 0.37605634, 0.13521127, 0.96056338,
       0.95774648, 0.85070423, 0.5971831 , 0.31267606, 0.90422535,
       0.53802817, 0.58873239, 0.92957746, 0.85492958, 0.85070423,
       0.46901408, 0.51549296, 0.23098592, 0.8971831 , 0.18873239,
       0.97183099, 0.86760563, 0.90985915, 0.93239437, 0.71830986,
       0.60985915, 0.98591549, 0.98028169, 0.97746479, 0.88450704,
       0.94366197, 0.32676056, 0.88732394, 0.94647887, 0.37887324,
       0.84225352, 0.82676056, 0.87042254, 0.63943662, 0.90422535,
       0.69295775, 0.11830986, 0.48169014, 0.82816901, 0.71830986,
       0.08732394, 0.58591549, 0.87183099, 0.98873239, 0.78028169,
       0.87323944, 0.98169014, 0.40422535, 0.90704225, 0.8915493 ,
       0.92676056, 0.54366197, 0.92676056, 0.91267606, 0.57042254,
       0.56901408, 0.7943662 , 0.89859155, 0.96338028, 0.08169014,
       0.62253521, 0.44507042, 0.83943662, 0.5971831 , 0.43380282,
       0.82816901, 0.91126761, 0.61126761, 0.90140845, 0.90985915,
       0.43098592, 0.8943662 , 0.95070423, 0.49577465, 0.86056338,
       0.14084507, 0.93802817, 0.83661972, 0.67042254, 0.56901408,
       0.81126761, 0.06760563, 0.87746479, 0.06056338, 0.47887324,
       0.94084507, 0.71549296, 0.91267606, 0.27605634, 0.65774648,
       0.50422535, 0.93098592, 0.96478873, 0.44788732, 0.22816901,
       0.38309859, 0.9028169 , 0.79577465, 0.97746479, 0.87887324,
       0.90704225, 0.87605634, 0.39577465, 0.63521127, 0.5028169 ,
       0.81830986, 0.68450704, 0.18028169, 0.93239437, 0.45633803,
       0.98309859, 0.91126761, 0.93802817, 0.3       , 0.58309859,
       0.90422535, 0.38169014, 0.5915493 , 0.87887324, 0.40704225,
       0.94929577, 0.92112676, 0.52957746, 0.98309859, 0.5943662 ,
       0.33098592, 0.63380282, 0.96619718, 0.89859155, 0.90140845,
       0.70985915, 0.44788732, 0.32394366, 0.91549296, 0.36338028,
       0.00985915, 0.55070423, 0.35492958, 0.64507042, 0.68732394,
       0.85633803, 0.97042254, 0.66478873, 0.73802817, 0.93239437,
       0.19295775, 0.92676056, 0.97464789, 0.48169014, 0.74366197,
       0.81971831, 0.98169014, 0.92957746, 0.65352113, 0.98309859,
       0.97323944, 0.87183099, 0.94788732, 0.70140845, 0.30985915,
       0.97887324, 0.82535211, 0.50704225, 0.84366197, 0.1971831 ,
       0.47605634, 0.7943662 , 0.90422535, 0.18309859, 0.92394366,
       0.27323944, 0.7971831 , 0.92112676, 0.78591549, 0.8915493 ,
       0.15492958, 0.95211268, 0.18591549, 0.98732394, 0.84507042,
       0.81126761, 0.97746479, 0.84929577, 0.10140845, 0.44507042,
       0.89577465, 0.36338028, 0.93098592, 0.54929577, 0.94929577,
       0.46478873, 0.11971831, 0.94366197, 0.94366197, 0.89577465,
       0.63943662, 0.64788732, 0.94929577, 0.46760563, 0.97746479,
       0.4028169 , 0.18873239, 0.71549296, 0.74507042, 0.87323944,
       0.29859155, 0.98028169, 0.75774648, 0.70985915, 0.49859155,
       0.27746479, 0.90985915, 0.97746479, 0.38028169, 0.78732394])}

Job completed at Wed Mar 19 06:29:44 PM PDT 2025
