Starting job at Wed Mar 19 06:28:31 PM PDT 2025
Job parameters:
Dataset: data_dionis
UQ Method: split_conformal_lac
Estimator: LogisticRegression
Seed: 781
Train Size: 0.8
Running split_conformal_lac on data_dionis with seed 781 and train size 0.8

starting experiment

data created

Fitting split_conformal_lac_LogisticRegression on data_dionis with seed 781

split_conformal_lac_LogisticRegression metrics: {'coverage': np.float64(0.8955), 'mean_width': np.float64(197.02966666666666), 'median_width': np.float64(208.0), 'mean_width_scaled': np.float64(0.5550131455399061), 'median_width_scaled': np.float64(0.5859154929577465)}

split_conformal_lac_LogisticRegression full metrics: {'coverage': np.float64(0.8955), 'mean_width': np.float64(197.02966666666666), 'median_width': np.float64(208.0), 'mean_width_scaled': np.float64(0.5550131455399061), 'median_width_scaled': np.float64(0.5859154929577465)}

split_conformal_lac_LogisticRegression class metrics: {'class_coverage': array([0.92857143, 1.        , 0.66666667, 0.7       , 0.96428571,
       0.66666667, 1.        , 0.73333333, 0.8       , 0.94444444,
       1.        , 1.        , 1.        , 0.93333333, 1.        ,
       0.95      , 1.        , 1.        , 1.        , 0.86666667,
       0.53333333, 0.79166667, 1.        , 0.89473684, 1.        ,
       0.88571429, 0.92857143, 1.        , 1.        , 0.94444444,
       0.84210526, 0.86666667, 1.        , 1.        , 0.93333333,
       0.625     , 1.        , 1.        , 0.71428571, 0.9375    ,
       0.8125    , 1.        , 0.88235294, 1.        , 1.        ,
       0.93333333, 0.94444444, 0.88888889, 1.        , 0.85      ,
       0.93333333, 0.94117647, 0.64705882, 1.        , 1.        ,
       0.8       , 1.        , 0.86666667, 1.        , 1.        ,
       0.88235294, 0.9375    , 0.84210526, 0.92857143, 0.93333333,
       1.        , 0.94444444, 1.        , 1.        , 0.78571429,
       0.85714286, 0.95238095, 0.75      , 0.93333333, 0.93333333,
       0.4       , 1.        , 0.94736842, 0.93333333, 1.        ,
       0.84210526, 0.95238095, 0.70588235, 0.88235294, 1.        ,
       1.        , 0.63157895, 1.        , 1.        , 0.875     ,
       0.93333333, 0.8125    , 1.        , 1.        , 0.6875    ,
       0.63157895, 1.        , 1.        , 0.84615385, 1.        ,
       0.9375    , 1.        , 0.86666667, 0.875     , 1.        ,
       1.        , 0.8       , 0.6875    , 1.        , 0.94736842,
       1.        , 1.        , 0.57142857, 0.93333333, 0.86666667,
       0.8125    , 1.        , 1.        , 0.93333333, 1.        ,
       0.94736842, 0.5625    , 0.72      , 1.        , 0.3125    ,
       0.94736842, 1.        , 0.70588235, 0.9375    , 1.        ,
       0.95      , 1.        , 1.        , 0.85714286, 0.8       ,
       1.        , 1.        , 0.94444444, 0.13333333, 1.        ,
       1.        , 0.86666667, 0.53333333, 0.8       , 0.91304348,
       0.89473684, 0.8       , 0.93333333, 1.        , 0.9375    ,
       1.        , 0.83333333, 0.88235294, 1.        , 0.82352941,
       1.        , 0.95454545, 1.        , 1.        , 1.        ,
       0.625     , 1.        , 1.        , 0.86666667, 1.        ,
       0.94736842, 0.86666667, 1.        , 0.86666667, 0.66666667,
       0.88235294, 0.875     , 1.        , 0.86666667, 1.        ,
       0.86666667, 0.6       , 0.75      , 0.93333333, 0.86666667,
       0.41176471, 1.        , 0.8125    , 0.93333333, 0.93333333,
       0.6       , 0.9375    , 0.75      , 1.        , 1.        ,
       1.        , 1.        , 1.        , 1.        , 0.9       ,
       1.        , 1.        , 1.        , 1.        , 0.61111111,
       1.        , 0.46666667, 0.9375    , 0.875     , 0.85714286,
       1.        , 0.95454545, 0.86666667, 0.95238095, 1.        ,
       1.        , 1.        , 0.95      , 0.8       , 1.        ,
       0.63157895, 1.        , 0.86666667, 0.8125    , 0.85714286,
       0.94117647, 0.5       , 1.        , 0.5       , 0.69230769,
       0.93333333, 0.93333333, 0.92857143, 0.73333333, 1.        ,
       1.        , 0.94444444, 0.92857143, 1.        , 0.94117647,
       1.        , 0.9375    , 0.9375    , 0.93333333, 1.        ,
       0.93333333, 1.        , 0.83333333, 1.        , 0.92857143,
       0.9375    , 1.        , 0.4375    , 0.8125    , 1.        ,
       1.        , 1.        , 1.        , 0.77777778, 0.84      ,
       1.        , 0.88888889, 0.94736842, 0.95238095, 0.9       ,
       1.        , 1.        , 1.        , 1.        , 1.        ,
       1.        , 0.94117647, 1.        , 0.96296296, 1.        ,
       0.86666667, 1.        , 0.93333333, 0.93333333, 0.80952381,
       0.5       , 0.66666667, 0.6875    , 1.        , 0.93333333,
       0.93333333, 1.        , 0.86666667, 1.        , 1.        ,
       0.79411765, 1.        , 0.93333333, 0.91304348, 0.9375    ,
       1.        , 1.        , 1.        , 0.875     , 1.        ,
       1.        , 1.        , 1.        , 1.        , 0.53333333,
       1.        , 1.        , 0.73333333, 1.        , 0.66666667,
       0.8       , 1.        , 1.        , 0.93333333, 1.        ,
       0.94117647, 1.        , 1.        , 0.91304348, 1.        ,
       0.54545455, 1.        , 0.5       , 1.        , 1.        ,
       0.94736842, 1.        , 1.        , 0.25      , 0.64285714,
       1.        , 0.66666667, 0.8125    , 1.        , 1.        ,
       0.86666667, 0.66666667, 1.        , 1.        , 0.88235294,
       1.        , 0.84615385, 1.        , 0.82352941, 1.        ,
       0.7826087 , 0.5625    , 1.        , 0.8125    , 1.        ,
       0.64705882, 1.        , 0.86666667, 0.93333333, 0.92307692,
       0.5       , 0.94117647, 0.94736842, 0.57894737, 0.94444444]), 'class_mean_width': array([234.03571429, 295.5625    , 204.06666667,  93.4       ,
       178.75      , 143.26666667, 273.5       , 137.86666667,
       205.        , 311.94444444, 254.66666667, 207.4       ,
       291.77777778, 244.66666667, 275.        , 173.05      ,
       312.45      , 211.89473684, 203.64285714, 219.33333333,
       119.66666667, 153.29166667, 258.9375    , 223.94736842,
       278.375     , 102.57142857, 270.21428571, 197.13333333,
       232.61538462, 296.72222222, 153.26315789, 198.86666667,
       297.35294118, 310.2       , 175.13333333,  31.8125    ,
       223.64285714, 301.33333333, 120.64285714, 165.875     ,
       247.125     , 310.5625    , 256.52941176, 269.06666667,
       306.73333333, 207.66666667, 248.77777778, 144.5       ,
       322.73684211, 117.85      , 251.73333333, 274.58823529,
       122.17647059, 318.27777778, 193.94736842, 117.86666667,
       209.86666667, 204.33333333, 323.        , 310.33333333,
       127.35294118, 254.0625    , 112.73684211, 125.42857143,
       271.13333333,  86.47058824, 244.94444444, 232.35294118,
       248.26315789, 154.        , 247.71428571, 112.04761905,
       150.1875    , 142.53333333, 181.8       ,  79.8       ,
       289.0625    , 133.10526316, 106.93333333, 205.5625    ,
       176.31578947, 151.57142857,  95.70588235, 179.35294118,
       318.6875    , 273.14285714,  88.36842105, 130.53333333,
       302.5       , 130.375     , 272.6       , 163.6875    ,
       240.70588235, 235.86666667,  88.0625    ,  47.42105263,
       203.82352941, 240.66666667, 169.30769231, 158.57894737,
        90.375     , 282.66666667, 121.8       , 149.3125    ,
       312.41176471, 292.2       ,  92.53333333, 132.75      ,
       273.78571429, 266.21052632, 261.        , 222.66666667,
        84.21428571, 145.2       , 190.86666667,  60.3125    ,
       154.78571429, 235.0625    , 260.13333333, 314.2       ,
        39.        ,  93.3125    , 101.88      , 288.5       ,
        30.5       , 285.05263158, 273.5       , 192.23529412,
       217.9375    , 290.23529412, 181.85      , 257.78571429,
       259.73333333, 204.92857143, 226.6       , 334.2       ,
       316.6       ,  71.05555556,  29.46666667, 282.3125    ,
       305.8       , 149.        ,  81.26666667,  77.13333333,
       280.08695652, 131.26315789, 148.2       , 273.2       ,
       230.5       , 215.125     , 139.33333333, 175.        ,
       149.        , 303.9375    , 102.94117647, 317.55555556,
       231.86363636, 226.95238095, 316.93333333, 157.26666667,
       125.4375    , 284.26315789, 297.85714286, 291.6       ,
       268.6       , 245.68421053,  81.26666667, 225.05882353,
       218.2       ,  73.72222222, 236.35294118, 198.125     ,
       225.52173913, 112.13333333, 301.4375    , 139.93333333,
        74.93333333, 137.8125    , 212.6       , 169.13333333,
        33.70588235, 160.1875    , 168.3125    , 327.33333333,
       182.53333333, 133.46666667, 314.8125    ,  99.25      ,
       284.25      , 294.        , 277.05882353, 135.66666667,
       301.        , 245.13333333, 143.55      , 164.35294118,
       185.70588235, 281.93333333, 333.13333333,  69.27777778,
       158.4       , 103.46666667, 223.4375    ,  87.4375    ,
       125.61904762, 226.42105263, 210.68181818, 143.13333333,
       228.23809524, 288.46666667, 118.07142857, 270.5625    ,
       301.1       , 141.73333333, 262.75      ,  81.42105263,
       307.        , 255.33333333, 203.5625    , 118.61904762,
       184.76470588,  46.75      , 257.9375    ,  59.5625    ,
        65.69230769, 244.        , 176.53333333, 294.21428571,
        73.73333333, 210.75      , 123.19047619, 261.83333333,
       291.28571429, 138.        ,  44.70588235, 126.86666667,
       268.25      , 228.125     , 293.93333333, 260.8       ,
       284.13333333, 230.40909091,  88.22222222, 194.55      ,
        99.67857143, 192.125     , 239.21428571,  79.5625    ,
       214.8125    , 133.59090909, 336.1875    , 276.35714286,
       298.21428571,  97.44444444, 179.88      , 242.8       ,
        86.77777778, 174.52631579, 261.95238095,  70.45      ,
       313.4       , 275.6875    , 132.66666667, 310.46666667,
       138.93333333,  86.375     , 186.82352941, 327.65      ,
       250.81481481, 266.57142857, 172.13333333, 138.70588235,
       107.6       , 232.86666667, 110.61904762,  49.25      ,
        96.94444444,  65.0625    , 157.69230769, 141.6       ,
       185.8       , 325.3       , 148.86666667, 150.7826087 ,
       308.73333333,  75.41176471, 286.5       , 300.46666667,
        94.69565217, 184.875     , 210.66666667, 339.5       ,
       309.60869565, 225.9375    , 336.25      , 305.57142857,
       247.375     , 319.29166667, 215.5       , 106.26666667,
       328.21428571, 212.86666667, 130.        , 233.5       ,
       121.86666667, 121.93333333, 203.75      , 226.4       ,
        41.2       , 299.44444444, 114.35294118, 224.93333333,
       259.35714286, 148.04347826, 240.4       ,  28.81818182,
       315.89473684, 110.        , 329.35714286, 266.2       ,
       172.31578947, 317.6875    , 293.59090909,  89.125     ,
       107.92857143, 222.93333333, 147.13333333, 218.        ,
       136.8       , 293.11111111,  84.2       ,  62.55555556,
       267.3125    , 279.33333333, 178.35294118, 170.18181818,
       122.46153846, 309.4       , 111.94117647, 327.47058824,
        99.47826087,  53.625     , 176.26666667, 223.8125    ,
       299.86666667, 101.        , 341.25      , 215.66666667,
       148.13333333, 162.07692308,  79.5       , 193.        ,
       275.26315789,  57.63157895, 160.38888889]), 'class_median_width': array([257. , 311. , 248. ,  78.5, 199. , 145. , 299. , 153. , 217. ,
       340. , 259.5, 245. , 320.5, 282. , 295. , 185.5, 317.5, 216. ,
       184.5, 291. , 101. , 155. , 263.5, 262. , 289. , 108. , 298.5,
       205. , 244. , 323. , 163. , 210. , 304. , 325. , 173. ,   3.5,
       226.5, 319. ,  83.5, 137. , 293. , 329.5, 299. , 326. , 340. ,
       196. , 283. , 148.5, 337. , 119. , 258. , 319. , 139. , 335.5,
       194. , 107. , 195. , 242. , 324.5, 324. , 113. , 304. , 107. ,
       132. , 314. ,  69. , 281. , 257. , 273. , 143. , 289. ,  89. ,
       160.5, 144. , 175. ,  45. , 318. , 136. , 114. , 186. , 176. ,
       153. ,  88. , 196. , 326. , 281. ,  98. , 129. , 339. , 141.5,
       280. , 178.5, 280. , 251. ,  53.5,  33. , 246. , 252. , 190. ,
       183. ,  98.5, 324. , 135. , 170. , 331. , 327. , 100. , 124. ,
       284. , 318. , 303. , 241. ,  44.5, 147. , 216. ,  39.5, 153. ,
       261. , 288. , 327. ,  29. ,  79.5,  88. , 303. ,  12. , 319. ,
       324. , 227. , 208. , 302. , 184.5, 255.5, 261. , 233.5, 255. ,
       343. , 323. ,  69.5,  11. , 281.5, 301. , 159. ,  49. ,  77. ,
       310. , 150. , 148. , 296. , 241. , 220. , 153.5, 168.5, 141. ,
       314.5,  61. , 324. , 239.5, 263. , 319. , 160. , 146.5, 313. ,
       337. , 335. , 271. , 250. ,  89. , 226. , 267. ,  68. , 260. ,
       222. , 222. , 155. , 312. , 161. ,  70. , 133.5, 229. , 181. ,
        11. , 162.5, 191. , 343. , 169. ,  49. , 340. ,  98.5, 294. ,
       305. , 288. , 148. , 314. , 245. , 151.5, 166. , 203. , 310. ,
       339. ,  26.5, 190. ,  94. , 243. ,  68. , 113. , 252. , 252.5,
       161. , 262. , 309. , 122. , 289. , 323.5, 155. , 258. ,  69. ,
       309. , 300. , 238. , 132. , 195. ,  38. , 274.5,  36.5,  52. ,
       272. , 158. , 293. ,  64. , 232.5, 137. , 276.5, 330.5, 114. ,
        26. , 137. , 293.5, 270. , 319. , 282. , 307. , 240. ,  38.5,
       185.5,  67.5, 167.5, 249.5,  60.5, 287.5, 144. , 340.5, 302. ,
       303.5,  78. , 141. , 292. ,  86.5, 167. , 273. ,  57. , 315.5,
       285. , 137. , 325. , 142. ,  97.5, 186. , 332.5, 256. , 287.5,
       168. , 143. ,  84. , 235. ,  95. ,  26. ,  75.5,  62.5, 150. ,
       111. , 202. , 331.5, 159. , 162. , 324. ,  57. , 295.5, 322. ,
        95. , 197. , 241. , 343. , 322. , 282. , 345. , 314. , 268.5,
       330.5, 209. , 107. , 340. , 260. , 146. , 259. , 107. , 128. ,
       206.5, 222. ,  42. , 309. ,  80. , 259. , 276. , 164. , 237. ,
        14.5, 327. ,  75. , 331.5, 272.5, 173. , 337.5, 302. ,  63.5,
        99. , 209. , 101. , 294. , 134. , 314.5,  71. ,  53.5, 276. ,
       315. , 180. , 162. , 123.5, 321. , 115. , 332. , 106. ,  16.5,
       187. , 250.5, 317. ,  98. , 343. , 233. , 164. , 175. ,  65. ,
       204. , 308. ,  51. , 164.5]), 'class_mean_width_scaled': array([0.65925553, 0.83257042, 0.57483568, 0.26309859, 0.50352113,
       0.40356808, 0.77042254, 0.38835681, 0.57746479, 0.87871674,
       0.71737089, 0.58422535, 0.82190923, 0.68920188, 0.77464789,
       0.48746479, 0.88014085, 0.59688658, 0.57364185, 0.61784038,
       0.3370892 , 0.43180751, 0.72940141, 0.63083766, 0.78415493,
       0.2889336 , 0.761167  , 0.55530516, 0.6552546 , 0.83583725,
       0.43172721, 0.56018779, 0.83761392, 0.87380282, 0.49333333,
       0.08961268, 0.62997988, 0.84882629, 0.33983903, 0.46725352,
       0.69612676, 0.87482394, 0.72261806, 0.75793427, 0.86403756,
       0.58497653, 0.70078247, 0.40704225, 0.90911787, 0.33197183,
       0.70910798, 0.77348799, 0.34415907, 0.89655712, 0.54633062,
       0.33201878, 0.59117371, 0.57558685, 0.90985915, 0.8741784 ,
       0.35874068, 0.71566901, 0.31756857, 0.35331992, 0.76375587,
       0.24357912, 0.68998435, 0.65451533, 0.69933284, 0.43380282,
       0.69778672, 0.3156271 , 0.42306338, 0.40150235, 0.51211268,
       0.22478873, 0.81426056, 0.3749444 , 0.30122066, 0.5790493 ,
       0.4966642 , 0.42696177, 0.26959403, 0.50521955, 0.89771127,
       0.7694165 , 0.24892513, 0.36769953, 0.85211268, 0.36725352,
       0.76788732, 0.46109155, 0.67804474, 0.66441315, 0.24806338,
       0.13358043, 0.57415079, 0.67793427, 0.47692308, 0.44670126,
       0.25457746, 0.79624413, 0.34309859, 0.42059859, 0.88003314,
       0.82309859, 0.26065728, 0.37394366, 0.77122736, 0.74988881,
       0.73521127, 0.62723005, 0.23722334, 0.40901408, 0.53765258,
       0.16989437, 0.4360161 , 0.66214789, 0.73276995, 0.88507042,
       0.10985915, 0.26285211, 0.28698592, 0.81267606, 0.08591549,
       0.80296516, 0.77042254, 0.54150787, 0.61390845, 0.81756421,
       0.51225352, 0.72615694, 0.73164319, 0.57726358, 0.63830986,
       0.94140845, 0.89183099, 0.20015649, 0.08300469, 0.79524648,
       0.86140845, 0.41971831, 0.22892019, 0.217277  , 0.78897734,
       0.36975537, 0.41746479, 0.76957746, 0.64929577, 0.60598592,
       0.39248826, 0.49295775, 0.41971831, 0.85616197, 0.28997514,
       0.89452269, 0.653137  , 0.63930248, 0.89276995, 0.44300469,
       0.35334507, 0.80074129, 0.83903421, 0.82140845, 0.75661972,
       0.6920682 , 0.22892019, 0.63396852, 0.61464789, 0.20766823,
       0.66578293, 0.55809859, 0.6352725 , 0.31586854, 0.84911972,
       0.3941784 , 0.21107981, 0.38820423, 0.59887324, 0.47643192,
       0.09494615, 0.45123239, 0.47411972, 0.92206573, 0.5141784 ,
       0.37596244, 0.88679577, 0.27957746, 0.80070423, 0.82816901,
       0.78044739, 0.38215962, 0.84788732, 0.69051643, 0.4043662 ,
       0.46296603, 0.52311516, 0.7941784 , 0.93840376, 0.19514867,
       0.44619718, 0.2914554 , 0.62940141, 0.24630282, 0.35385647,
       0.63780578, 0.59346991, 0.40319249, 0.64292421, 0.81258216,
       0.33259557, 0.76214789, 0.84816901, 0.39924883, 0.74014085,
       0.22935508, 0.86478873, 0.71924883, 0.57341549, 0.33413816,
       0.52046396, 0.13169014, 0.72658451, 0.16778169, 0.18504875,
       0.68732394, 0.497277  , 0.82877264, 0.20769953, 0.59366197,
       0.34701543, 0.73755869, 0.82052314, 0.38873239, 0.12593206,
       0.35737089, 0.7556338 , 0.64260563, 0.82798122, 0.73464789,
       0.80037559, 0.64903969, 0.2485133 , 0.54802817, 0.28078471,
       0.54119718, 0.67384306, 0.22411972, 0.60510563, 0.37631242,
       0.94700704, 0.77847082, 0.84004024, 0.27449139, 0.50670423,
       0.68394366, 0.24444444, 0.49162342, 0.73789403, 0.1984507 ,
       0.8828169 , 0.77658451, 0.37370892, 0.87455399, 0.3913615 ,
       0.24330986, 0.52626346, 0.92295775, 0.70652061, 0.75090543,
       0.48488263, 0.3907208 , 0.30309859, 0.65596244, 0.31160295,
       0.13873239, 0.27308294, 0.18327465, 0.44420368, 0.39887324,
       0.52338028, 0.91633803, 0.41934272, 0.42473974, 0.86967136,
       0.21242751, 0.80704225, 0.84638498, 0.26674832, 0.52077465,
       0.59342723, 0.95633803, 0.87213717, 0.63644366, 0.9471831 ,
       0.86076459, 0.69683099, 0.89941315, 0.60704225, 0.29934272,
       0.92454728, 0.59962441, 0.36619718, 0.65774648, 0.34328638,
       0.34347418, 0.57394366, 0.63774648, 0.11605634, 0.84350548,
       0.32212096, 0.63361502, 0.7305835 , 0.41702388, 0.6771831 ,
       0.08117798, 0.88984433, 0.30985915, 0.9277666 , 0.74985915,
       0.48539659, 0.89489437, 0.82701665, 0.25105634, 0.30402414,
       0.62798122, 0.41446009, 0.61408451, 0.38535211, 0.8256651 ,
       0.2371831 , 0.17621283, 0.75299296, 0.78685446, 0.50240265,
       0.4793854 , 0.34496208, 0.8715493 , 0.31532726, 0.92245236,
       0.28022045, 0.15105634, 0.49652582, 0.63045775, 0.84469484,
       0.28450704, 0.96126761, 0.60751174, 0.417277  , 0.45655471,
       0.22394366, 0.54366197, 0.77538918, 0.16234248, 0.45179969]), 'class_median_width_scaled': array([0.72394366, 0.87605634, 0.69859155, 0.22112676, 0.56056338,
       0.4084507 , 0.84225352, 0.43098592, 0.61126761, 0.95774648,
       0.73098592, 0.69014085, 0.9028169 , 0.7943662 , 0.83098592,
       0.52253521, 0.8943662 , 0.6084507 , 0.51971831, 0.81971831,
       0.28450704, 0.43661972, 0.74225352, 0.73802817, 0.81408451,
       0.30422535, 0.84084507, 0.57746479, 0.68732394, 0.90985915,
       0.45915493, 0.5915493 , 0.85633803, 0.91549296, 0.48732394,
       0.00985915, 0.63802817, 0.89859155, 0.23521127, 0.38591549,
       0.82535211, 0.92816901, 0.84225352, 0.91830986, 0.95774648,
       0.55211268, 0.7971831 , 0.41830986, 0.94929577, 0.33521127,
       0.72676056, 0.89859155, 0.3915493 , 0.94507042, 0.54647887,
       0.30140845, 0.54929577, 0.68169014, 0.91408451, 0.91267606,
       0.31830986, 0.85633803, 0.30140845, 0.37183099, 0.88450704,
       0.1943662 , 0.7915493 , 0.72394366, 0.76901408, 0.4028169 ,
       0.81408451, 0.25070423, 0.45211268, 0.4056338 , 0.49295775,
       0.12676056, 0.89577465, 0.38309859, 0.32112676, 0.52394366,
       0.49577465, 0.43098592, 0.24788732, 0.55211268, 0.91830986,
       0.7915493 , 0.27605634, 0.36338028, 0.95492958, 0.39859155,
       0.78873239, 0.5028169 , 0.78873239, 0.70704225, 0.15070423,
       0.09295775, 0.69295775, 0.70985915, 0.53521127, 0.51549296,
       0.27746479, 0.91267606, 0.38028169, 0.47887324, 0.93239437,
       0.92112676, 0.28169014, 0.34929577, 0.8       , 0.89577465,
       0.85352113, 0.67887324, 0.12535211, 0.41408451, 0.6084507 ,
       0.11126761, 0.43098592, 0.73521127, 0.81126761, 0.92112676,
       0.08169014, 0.22394366, 0.24788732, 0.85352113, 0.03380282,
       0.89859155, 0.91267606, 0.63943662, 0.58591549, 0.85070423,
       0.51971831, 0.71971831, 0.73521127, 0.65774648, 0.71830986,
       0.96619718, 0.90985915, 0.19577465, 0.03098592, 0.79295775,
       0.84788732, 0.44788732, 0.13802817, 0.21690141, 0.87323944,
       0.42253521, 0.41690141, 0.83380282, 0.67887324, 0.61971831,
       0.43239437, 0.47464789, 0.3971831 , 0.88591549, 0.17183099,
       0.91267606, 0.67464789, 0.74084507, 0.89859155, 0.45070423,
       0.41267606, 0.88169014, 0.94929577, 0.94366197, 0.76338028,
       0.70422535, 0.25070423, 0.63661972, 0.75211268, 0.1915493 ,
       0.73239437, 0.62535211, 0.62535211, 0.43661972, 0.87887324,
       0.45352113, 0.1971831 , 0.37605634, 0.64507042, 0.50985915,
       0.03098592, 0.45774648, 0.53802817, 0.96619718, 0.47605634,
       0.13802817, 0.95774648, 0.27746479, 0.82816901, 0.85915493,
       0.81126761, 0.41690141, 0.88450704, 0.69014085, 0.42676056,
       0.46760563, 0.57183099, 0.87323944, 0.95492958, 0.07464789,
       0.53521127, 0.26478873, 0.68450704, 0.1915493 , 0.31830986,
       0.70985915, 0.71126761, 0.45352113, 0.73802817, 0.87042254,
       0.34366197, 0.81408451, 0.91126761, 0.43661972, 0.72676056,
       0.1943662 , 0.87042254, 0.84507042, 0.67042254, 0.37183099,
       0.54929577, 0.10704225, 0.77323944, 0.1028169 , 0.14647887,
       0.76619718, 0.44507042, 0.82535211, 0.18028169, 0.65492958,
       0.38591549, 0.77887324, 0.93098592, 0.32112676, 0.07323944,
       0.38591549, 0.82676056, 0.76056338, 0.89859155, 0.7943662 ,
       0.86478873, 0.67605634, 0.1084507 , 0.52253521, 0.19014085,
       0.47183099, 0.7028169 , 0.17042254, 0.80985915, 0.4056338 ,
       0.95915493, 0.85070423, 0.85492958, 0.21971831, 0.3971831 ,
       0.82253521, 0.24366197, 0.47042254, 0.76901408, 0.16056338,
       0.88873239, 0.8028169 , 0.38591549, 0.91549296, 0.4       ,
       0.27464789, 0.52394366, 0.93661972, 0.72112676, 0.80985915,
       0.47323944, 0.4028169 , 0.23661972, 0.66197183, 0.26760563,
       0.07323944, 0.21267606, 0.17605634, 0.42253521, 0.31267606,
       0.56901408, 0.93380282, 0.44788732, 0.45633803, 0.91267606,
       0.16056338, 0.83239437, 0.90704225, 0.26760563, 0.55492958,
       0.67887324, 0.96619718, 0.90704225, 0.7943662 , 0.97183099,
       0.88450704, 0.75633803, 0.93098592, 0.58873239, 0.30140845,
       0.95774648, 0.73239437, 0.41126761, 0.72957746, 0.30140845,
       0.36056338, 0.58169014, 0.62535211, 0.11830986, 0.87042254,
       0.22535211, 0.72957746, 0.77746479, 0.46197183, 0.66760563,
       0.04084507, 0.92112676, 0.21126761, 0.93380282, 0.76760563,
       0.48732394, 0.95070423, 0.85070423, 0.17887324, 0.27887324,
       0.58873239, 0.28450704, 0.82816901, 0.37746479, 0.88591549,
       0.2       , 0.15070423, 0.77746479, 0.88732394, 0.50704225,
       0.45633803, 0.34788732, 0.90422535, 0.32394366, 0.93521127,
       0.29859155, 0.04647887, 0.52676056, 0.7056338 , 0.89295775,
       0.27605634, 0.96619718, 0.65633803, 0.46197183, 0.49295775,
       0.18309859, 0.57464789, 0.86760563, 0.14366197, 0.46338028])}

split_conformal_lac_LogisticRegression full class metrics: {'class_coverage': array([0.92857143, 1.        , 0.66666667, 0.7       , 0.96428571,
       0.66666667, 1.        , 0.73333333, 0.8       , 0.94444444,
       1.        , 1.        , 1.        , 0.93333333, 1.        ,
       0.95      , 1.        , 1.        , 1.        , 0.86666667,
       0.53333333, 0.79166667, 1.        , 0.89473684, 1.        ,
       0.88571429, 0.92857143, 1.        , 1.        , 0.94444444,
       0.84210526, 0.86666667, 1.        , 1.        , 0.93333333,
       0.625     , 1.        , 1.        , 0.71428571, 0.9375    ,
       0.8125    , 1.        , 0.88235294, 1.        , 1.        ,
       0.93333333, 0.94444444, 0.88888889, 1.        , 0.85      ,
       0.93333333, 0.94117647, 0.64705882, 1.        , 1.        ,
       0.8       , 1.        , 0.86666667, 1.        , 1.        ,
       0.88235294, 0.9375    , 0.84210526, 0.92857143, 0.93333333,
       1.        , 0.94444444, 1.        , 1.        , 0.78571429,
       0.85714286, 0.95238095, 0.75      , 0.93333333, 0.93333333,
       0.4       , 1.        , 0.94736842, 0.93333333, 1.        ,
       0.84210526, 0.95238095, 0.70588235, 0.88235294, 1.        ,
       1.        , 0.63157895, 1.        , 1.        , 0.875     ,
       0.93333333, 0.8125    , 1.        , 1.        , 0.6875    ,
       0.63157895, 1.        , 1.        , 0.84615385, 1.        ,
       0.9375    , 1.        , 0.86666667, 0.875     , 1.        ,
       1.        , 0.8       , 0.6875    , 1.        , 0.94736842,
       1.        , 1.        , 0.57142857, 0.93333333, 0.86666667,
       0.8125    , 1.        , 1.        , 0.93333333, 1.        ,
       0.94736842, 0.5625    , 0.72      , 1.        , 0.3125    ,
       0.94736842, 1.        , 0.70588235, 0.9375    , 1.        ,
       0.95      , 1.        , 1.        , 0.85714286, 0.8       ,
       1.        , 1.        , 0.94444444, 0.13333333, 1.        ,
       1.        , 0.86666667, 0.53333333, 0.8       , 0.91304348,
       0.89473684, 0.8       , 0.93333333, 1.        , 0.9375    ,
       1.        , 0.83333333, 0.88235294, 1.        , 0.82352941,
       1.        , 0.95454545, 1.        , 1.        , 1.        ,
       0.625     , 1.        , 1.        , 0.86666667, 1.        ,
       0.94736842, 0.86666667, 1.        , 0.86666667, 0.66666667,
       0.88235294, 0.875     , 1.        , 0.86666667, 1.        ,
       0.86666667, 0.6       , 0.75      , 0.93333333, 0.86666667,
       0.41176471, 1.        , 0.8125    , 0.93333333, 0.93333333,
       0.6       , 0.9375    , 0.75      , 1.        , 1.        ,
       1.        , 1.        , 1.        , 1.        , 0.9       ,
       1.        , 1.        , 1.        , 1.        , 0.61111111,
       1.        , 0.46666667, 0.9375    , 0.875     , 0.85714286,
       1.        , 0.95454545, 0.86666667, 0.95238095, 1.        ,
       1.        , 1.        , 0.95      , 0.8       , 1.        ,
       0.63157895, 1.        , 0.86666667, 0.8125    , 0.85714286,
       0.94117647, 0.5       , 1.        , 0.5       , 0.69230769,
       0.93333333, 0.93333333, 0.92857143, 0.73333333, 1.        ,
       1.        , 0.94444444, 0.92857143, 1.        , 0.94117647,
       1.        , 0.9375    , 0.9375    , 0.93333333, 1.        ,
       0.93333333, 1.        , 0.83333333, 1.        , 0.92857143,
       0.9375    , 1.        , 0.4375    , 0.8125    , 1.        ,
       1.        , 1.        , 1.        , 0.77777778, 0.84      ,
       1.        , 0.88888889, 0.94736842, 0.95238095, 0.9       ,
       1.        , 1.        , 1.        , 1.        , 1.        ,
       1.        , 0.94117647, 1.        , 0.96296296, 1.        ,
       0.86666667, 1.        , 0.93333333, 0.93333333, 0.80952381,
       0.5       , 0.66666667, 0.6875    , 1.        , 0.93333333,
       0.93333333, 1.        , 0.86666667, 1.        , 1.        ,
       0.79411765, 1.        , 0.93333333, 0.91304348, 0.9375    ,
       1.        , 1.        , 1.        , 0.875     , 1.        ,
       1.        , 1.        , 1.        , 1.        , 0.53333333,
       1.        , 1.        , 0.73333333, 1.        , 0.66666667,
       0.8       , 1.        , 1.        , 0.93333333, 1.        ,
       0.94117647, 1.        , 1.        , 0.91304348, 1.        ,
       0.54545455, 1.        , 0.5       , 1.        , 1.        ,
       0.94736842, 1.        , 1.        , 0.25      , 0.64285714,
       1.        , 0.66666667, 0.8125    , 1.        , 1.        ,
       0.86666667, 0.66666667, 1.        , 1.        , 0.88235294,
       1.        , 0.84615385, 1.        , 0.82352941, 1.        ,
       0.7826087 , 0.5625    , 1.        , 0.8125    , 1.        ,
       0.64705882, 1.        , 0.86666667, 0.93333333, 0.92307692,
       0.5       , 0.94117647, 0.94736842, 0.57894737, 0.94444444]), 'class_mean_width': array([234.03571429, 295.5625    , 204.06666667,  93.4       ,
       178.75      , 143.26666667, 273.5       , 137.86666667,
       205.        , 311.94444444, 254.66666667, 207.4       ,
       291.77777778, 244.66666667, 275.        , 173.05      ,
       312.45      , 211.89473684, 203.64285714, 219.33333333,
       119.66666667, 153.29166667, 258.9375    , 223.94736842,
       278.375     , 102.57142857, 270.21428571, 197.13333333,
       232.61538462, 296.72222222, 153.26315789, 198.86666667,
       297.35294118, 310.2       , 175.13333333,  31.8125    ,
       223.64285714, 301.33333333, 120.64285714, 165.875     ,
       247.125     , 310.5625    , 256.52941176, 269.06666667,
       306.73333333, 207.66666667, 248.77777778, 144.5       ,
       322.73684211, 117.85      , 251.73333333, 274.58823529,
       122.17647059, 318.27777778, 193.94736842, 117.86666667,
       209.86666667, 204.33333333, 323.        , 310.33333333,
       127.35294118, 254.0625    , 112.73684211, 125.42857143,
       271.13333333,  86.47058824, 244.94444444, 232.35294118,
       248.26315789, 154.        , 247.71428571, 112.04761905,
       150.1875    , 142.53333333, 181.8       ,  79.8       ,
       289.0625    , 133.10526316, 106.93333333, 205.5625    ,
       176.31578947, 151.57142857,  95.70588235, 179.35294118,
       318.6875    , 273.14285714,  88.36842105, 130.53333333,
       302.5       , 130.375     , 272.6       , 163.6875    ,
       240.70588235, 235.86666667,  88.0625    ,  47.42105263,
       203.82352941, 240.66666667, 169.30769231, 158.57894737,
        90.375     , 282.66666667, 121.8       , 149.3125    ,
       312.41176471, 292.2       ,  92.53333333, 132.75      ,
       273.78571429, 266.21052632, 261.        , 222.66666667,
        84.21428571, 145.2       , 190.86666667,  60.3125    ,
       154.78571429, 235.0625    , 260.13333333, 314.2       ,
        39.        ,  93.3125    , 101.88      , 288.5       ,
        30.5       , 285.05263158, 273.5       , 192.23529412,
       217.9375    , 290.23529412, 181.85      , 257.78571429,
       259.73333333, 204.92857143, 226.6       , 334.2       ,
       316.6       ,  71.05555556,  29.46666667, 282.3125    ,
       305.8       , 149.        ,  81.26666667,  77.13333333,
       280.08695652, 131.26315789, 148.2       , 273.2       ,
       230.5       , 215.125     , 139.33333333, 175.        ,
       149.        , 303.9375    , 102.94117647, 317.55555556,
       231.86363636, 226.95238095, 316.93333333, 157.26666667,
       125.4375    , 284.26315789, 297.85714286, 291.6       ,
       268.6       , 245.68421053,  81.26666667, 225.05882353,
       218.2       ,  73.72222222, 236.35294118, 198.125     ,
       225.52173913, 112.13333333, 301.4375    , 139.93333333,
        74.93333333, 137.8125    , 212.6       , 169.13333333,
        33.70588235, 160.1875    , 168.3125    , 327.33333333,
       182.53333333, 133.46666667, 314.8125    ,  99.25      ,
       284.25      , 294.        , 277.05882353, 135.66666667,
       301.        , 245.13333333, 143.55      , 164.35294118,
       185.70588235, 281.93333333, 333.13333333,  69.27777778,
       158.4       , 103.46666667, 223.4375    ,  87.4375    ,
       125.61904762, 226.42105263, 210.68181818, 143.13333333,
       228.23809524, 288.46666667, 118.07142857, 270.5625    ,
       301.1       , 141.73333333, 262.75      ,  81.42105263,
       307.        , 255.33333333, 203.5625    , 118.61904762,
       184.76470588,  46.75      , 257.9375    ,  59.5625    ,
        65.69230769, 244.        , 176.53333333, 294.21428571,
        73.73333333, 210.75      , 123.19047619, 261.83333333,
       291.28571429, 138.        ,  44.70588235, 126.86666667,
       268.25      , 228.125     , 293.93333333, 260.8       ,
       284.13333333, 230.40909091,  88.22222222, 194.55      ,
        99.67857143, 192.125     , 239.21428571,  79.5625    ,
       214.8125    , 133.59090909, 336.1875    , 276.35714286,
       298.21428571,  97.44444444, 179.88      , 242.8       ,
        86.77777778, 174.52631579, 261.95238095,  70.45      ,
       313.4       , 275.6875    , 132.66666667, 310.46666667,
       138.93333333,  86.375     , 186.82352941, 327.65      ,
       250.81481481, 266.57142857, 172.13333333, 138.70588235,
       107.6       , 232.86666667, 110.61904762,  49.25      ,
        96.94444444,  65.0625    , 157.69230769, 141.6       ,
       185.8       , 325.3       , 148.86666667, 150.7826087 ,
       308.73333333,  75.41176471, 286.5       , 300.46666667,
        94.69565217, 184.875     , 210.66666667, 339.5       ,
       309.60869565, 225.9375    , 336.25      , 305.57142857,
       247.375     , 319.29166667, 215.5       , 106.26666667,
       328.21428571, 212.86666667, 130.        , 233.5       ,
       121.86666667, 121.93333333, 203.75      , 226.4       ,
        41.2       , 299.44444444, 114.35294118, 224.93333333,
       259.35714286, 148.04347826, 240.4       ,  28.81818182,
       315.89473684, 110.        , 329.35714286, 266.2       ,
       172.31578947, 317.6875    , 293.59090909,  89.125     ,
       107.92857143, 222.93333333, 147.13333333, 218.        ,
       136.8       , 293.11111111,  84.2       ,  62.55555556,
       267.3125    , 279.33333333, 178.35294118, 170.18181818,
       122.46153846, 309.4       , 111.94117647, 327.47058824,
        99.47826087,  53.625     , 176.26666667, 223.8125    ,
       299.86666667, 101.        , 341.25      , 215.66666667,
       148.13333333, 162.07692308,  79.5       , 193.        ,
       275.26315789,  57.63157895, 160.38888889]), 'class_median_width': array([257. , 311. , 248. ,  78.5, 199. , 145. , 299. , 153. , 217. ,
       340. , 259.5, 245. , 320.5, 282. , 295. , 185.5, 317.5, 216. ,
       184.5, 291. , 101. , 155. , 263.5, 262. , 289. , 108. , 298.5,
       205. , 244. , 323. , 163. , 210. , 304. , 325. , 173. ,   3.5,
       226.5, 319. ,  83.5, 137. , 293. , 329.5, 299. , 326. , 340. ,
       196. , 283. , 148.5, 337. , 119. , 258. , 319. , 139. , 335.5,
       194. , 107. , 195. , 242. , 324.5, 324. , 113. , 304. , 107. ,
       132. , 314. ,  69. , 281. , 257. , 273. , 143. , 289. ,  89. ,
       160.5, 144. , 175. ,  45. , 318. , 136. , 114. , 186. , 176. ,
       153. ,  88. , 196. , 326. , 281. ,  98. , 129. , 339. , 141.5,
       280. , 178.5, 280. , 251. ,  53.5,  33. , 246. , 252. , 190. ,
       183. ,  98.5, 324. , 135. , 170. , 331. , 327. , 100. , 124. ,
       284. , 318. , 303. , 241. ,  44.5, 147. , 216. ,  39.5, 153. ,
       261. , 288. , 327. ,  29. ,  79.5,  88. , 303. ,  12. , 319. ,
       324. , 227. , 208. , 302. , 184.5, 255.5, 261. , 233.5, 255. ,
       343. , 323. ,  69.5,  11. , 281.5, 301. , 159. ,  49. ,  77. ,
       310. , 150. , 148. , 296. , 241. , 220. , 153.5, 168.5, 141. ,
       314.5,  61. , 324. , 239.5, 263. , 319. , 160. , 146.5, 313. ,
       337. , 335. , 271. , 250. ,  89. , 226. , 267. ,  68. , 260. ,
       222. , 222. , 155. , 312. , 161. ,  70. , 133.5, 229. , 181. ,
        11. , 162.5, 191. , 343. , 169. ,  49. , 340. ,  98.5, 294. ,
       305. , 288. , 148. , 314. , 245. , 151.5, 166. , 203. , 310. ,
       339. ,  26.5, 190. ,  94. , 243. ,  68. , 113. , 252. , 252.5,
       161. , 262. , 309. , 122. , 289. , 323.5, 155. , 258. ,  69. ,
       309. , 300. , 238. , 132. , 195. ,  38. , 274.5,  36.5,  52. ,
       272. , 158. , 293. ,  64. , 232.5, 137. , 276.5, 330.5, 114. ,
        26. , 137. , 293.5, 270. , 319. , 282. , 307. , 240. ,  38.5,
       185.5,  67.5, 167.5, 249.5,  60.5, 287.5, 144. , 340.5, 302. ,
       303.5,  78. , 141. , 292. ,  86.5, 167. , 273. ,  57. , 315.5,
       285. , 137. , 325. , 142. ,  97.5, 186. , 332.5, 256. , 287.5,
       168. , 143. ,  84. , 235. ,  95. ,  26. ,  75.5,  62.5, 150. ,
       111. , 202. , 331.5, 159. , 162. , 324. ,  57. , 295.5, 322. ,
        95. , 197. , 241. , 343. , 322. , 282. , 345. , 314. , 268.5,
       330.5, 209. , 107. , 340. , 260. , 146. , 259. , 107. , 128. ,
       206.5, 222. ,  42. , 309. ,  80. , 259. , 276. , 164. , 237. ,
        14.5, 327. ,  75. , 331.5, 272.5, 173. , 337.5, 302. ,  63.5,
        99. , 209. , 101. , 294. , 134. , 314.5,  71. ,  53.5, 276. ,
       315. , 180. , 162. , 123.5, 321. , 115. , 332. , 106. ,  16.5,
       187. , 250.5, 317. ,  98. , 343. , 233. , 164. , 175. ,  65. ,
       204. , 308. ,  51. , 164.5]), 'class_mean_width_scaled': array([0.65925553, 0.83257042, 0.57483568, 0.26309859, 0.50352113,
       0.40356808, 0.77042254, 0.38835681, 0.57746479, 0.87871674,
       0.71737089, 0.58422535, 0.82190923, 0.68920188, 0.77464789,
       0.48746479, 0.88014085, 0.59688658, 0.57364185, 0.61784038,
       0.3370892 , 0.43180751, 0.72940141, 0.63083766, 0.78415493,
       0.2889336 , 0.761167  , 0.55530516, 0.6552546 , 0.83583725,
       0.43172721, 0.56018779, 0.83761392, 0.87380282, 0.49333333,
       0.08961268, 0.62997988, 0.84882629, 0.33983903, 0.46725352,
       0.69612676, 0.87482394, 0.72261806, 0.75793427, 0.86403756,
       0.58497653, 0.70078247, 0.40704225, 0.90911787, 0.33197183,
       0.70910798, 0.77348799, 0.34415907, 0.89655712, 0.54633062,
       0.33201878, 0.59117371, 0.57558685, 0.90985915, 0.8741784 ,
       0.35874068, 0.71566901, 0.31756857, 0.35331992, 0.76375587,
       0.24357912, 0.68998435, 0.65451533, 0.69933284, 0.43380282,
       0.69778672, 0.3156271 , 0.42306338, 0.40150235, 0.51211268,
       0.22478873, 0.81426056, 0.3749444 , 0.30122066, 0.5790493 ,
       0.4966642 , 0.42696177, 0.26959403, 0.50521955, 0.89771127,
       0.7694165 , 0.24892513, 0.36769953, 0.85211268, 0.36725352,
       0.76788732, 0.46109155, 0.67804474, 0.66441315, 0.24806338,
       0.13358043, 0.57415079, 0.67793427, 0.47692308, 0.44670126,
       0.25457746, 0.79624413, 0.34309859, 0.42059859, 0.88003314,
       0.82309859, 0.26065728, 0.37394366, 0.77122736, 0.74988881,
       0.73521127, 0.62723005, 0.23722334, 0.40901408, 0.53765258,
       0.16989437, 0.4360161 , 0.66214789, 0.73276995, 0.88507042,
       0.10985915, 0.26285211, 0.28698592, 0.81267606, 0.08591549,
       0.80296516, 0.77042254, 0.54150787, 0.61390845, 0.81756421,
       0.51225352, 0.72615694, 0.73164319, 0.57726358, 0.63830986,
       0.94140845, 0.89183099, 0.20015649, 0.08300469, 0.79524648,
       0.86140845, 0.41971831, 0.22892019, 0.217277  , 0.78897734,
       0.36975537, 0.41746479, 0.76957746, 0.64929577, 0.60598592,
       0.39248826, 0.49295775, 0.41971831, 0.85616197, 0.28997514,
       0.89452269, 0.653137  , 0.63930248, 0.89276995, 0.44300469,
       0.35334507, 0.80074129, 0.83903421, 0.82140845, 0.75661972,
       0.6920682 , 0.22892019, 0.63396852, 0.61464789, 0.20766823,
       0.66578293, 0.55809859, 0.6352725 , 0.31586854, 0.84911972,
       0.3941784 , 0.21107981, 0.38820423, 0.59887324, 0.47643192,
       0.09494615, 0.45123239, 0.47411972, 0.92206573, 0.5141784 ,
       0.37596244, 0.88679577, 0.27957746, 0.80070423, 0.82816901,
       0.78044739, 0.38215962, 0.84788732, 0.69051643, 0.4043662 ,
       0.46296603, 0.52311516, 0.7941784 , 0.93840376, 0.19514867,
       0.44619718, 0.2914554 , 0.62940141, 0.24630282, 0.35385647,
       0.63780578, 0.59346991, 0.40319249, 0.64292421, 0.81258216,
       0.33259557, 0.76214789, 0.84816901, 0.39924883, 0.74014085,
       0.22935508, 0.86478873, 0.71924883, 0.57341549, 0.33413816,
       0.52046396, 0.13169014, 0.72658451, 0.16778169, 0.18504875,
       0.68732394, 0.497277  , 0.82877264, 0.20769953, 0.59366197,
       0.34701543, 0.73755869, 0.82052314, 0.38873239, 0.12593206,
       0.35737089, 0.7556338 , 0.64260563, 0.82798122, 0.73464789,
       0.80037559, 0.64903969, 0.2485133 , 0.54802817, 0.28078471,
       0.54119718, 0.67384306, 0.22411972, 0.60510563, 0.37631242,
       0.94700704, 0.77847082, 0.84004024, 0.27449139, 0.50670423,
       0.68394366, 0.24444444, 0.49162342, 0.73789403, 0.1984507 ,
       0.8828169 , 0.77658451, 0.37370892, 0.87455399, 0.3913615 ,
       0.24330986, 0.52626346, 0.92295775, 0.70652061, 0.75090543,
       0.48488263, 0.3907208 , 0.30309859, 0.65596244, 0.31160295,
       0.13873239, 0.27308294, 0.18327465, 0.44420368, 0.39887324,
       0.52338028, 0.91633803, 0.41934272, 0.42473974, 0.86967136,
       0.21242751, 0.80704225, 0.84638498, 0.26674832, 0.52077465,
       0.59342723, 0.95633803, 0.87213717, 0.63644366, 0.9471831 ,
       0.86076459, 0.69683099, 0.89941315, 0.60704225, 0.29934272,
       0.92454728, 0.59962441, 0.36619718, 0.65774648, 0.34328638,
       0.34347418, 0.57394366, 0.63774648, 0.11605634, 0.84350548,
       0.32212096, 0.63361502, 0.7305835 , 0.41702388, 0.6771831 ,
       0.08117798, 0.88984433, 0.30985915, 0.9277666 , 0.74985915,
       0.48539659, 0.89489437, 0.82701665, 0.25105634, 0.30402414,
       0.62798122, 0.41446009, 0.61408451, 0.38535211, 0.8256651 ,
       0.2371831 , 0.17621283, 0.75299296, 0.78685446, 0.50240265,
       0.4793854 , 0.34496208, 0.8715493 , 0.31532726, 0.92245236,
       0.28022045, 0.15105634, 0.49652582, 0.63045775, 0.84469484,
       0.28450704, 0.96126761, 0.60751174, 0.417277  , 0.45655471,
       0.22394366, 0.54366197, 0.77538918, 0.16234248, 0.45179969]), 'class_median_width_scaled': array([0.72394366, 0.87605634, 0.69859155, 0.22112676, 0.56056338,
       0.4084507 , 0.84225352, 0.43098592, 0.61126761, 0.95774648,
       0.73098592, 0.69014085, 0.9028169 , 0.7943662 , 0.83098592,
       0.52253521, 0.8943662 , 0.6084507 , 0.51971831, 0.81971831,
       0.28450704, 0.43661972, 0.74225352, 0.73802817, 0.81408451,
       0.30422535, 0.84084507, 0.57746479, 0.68732394, 0.90985915,
       0.45915493, 0.5915493 , 0.85633803, 0.91549296, 0.48732394,
       0.00985915, 0.63802817, 0.89859155, 0.23521127, 0.38591549,
       0.82535211, 0.92816901, 0.84225352, 0.91830986, 0.95774648,
       0.55211268, 0.7971831 , 0.41830986, 0.94929577, 0.33521127,
       0.72676056, 0.89859155, 0.3915493 , 0.94507042, 0.54647887,
       0.30140845, 0.54929577, 0.68169014, 0.91408451, 0.91267606,
       0.31830986, 0.85633803, 0.30140845, 0.37183099, 0.88450704,
       0.1943662 , 0.7915493 , 0.72394366, 0.76901408, 0.4028169 ,
       0.81408451, 0.25070423, 0.45211268, 0.4056338 , 0.49295775,
       0.12676056, 0.89577465, 0.38309859, 0.32112676, 0.52394366,
       0.49577465, 0.43098592, 0.24788732, 0.55211268, 0.91830986,
       0.7915493 , 0.27605634, 0.36338028, 0.95492958, 0.39859155,
       0.78873239, 0.5028169 , 0.78873239, 0.70704225, 0.15070423,
       0.09295775, 0.69295775, 0.70985915, 0.53521127, 0.51549296,
       0.27746479, 0.91267606, 0.38028169, 0.47887324, 0.93239437,
       0.92112676, 0.28169014, 0.34929577, 0.8       , 0.89577465,
       0.85352113, 0.67887324, 0.12535211, 0.41408451, 0.6084507 ,
       0.11126761, 0.43098592, 0.73521127, 0.81126761, 0.92112676,
       0.08169014, 0.22394366, 0.24788732, 0.85352113, 0.03380282,
       0.89859155, 0.91267606, 0.63943662, 0.58591549, 0.85070423,
       0.51971831, 0.71971831, 0.73521127, 0.65774648, 0.71830986,
       0.96619718, 0.90985915, 0.19577465, 0.03098592, 0.79295775,
       0.84788732, 0.44788732, 0.13802817, 0.21690141, 0.87323944,
       0.42253521, 0.41690141, 0.83380282, 0.67887324, 0.61971831,
       0.43239437, 0.47464789, 0.3971831 , 0.88591549, 0.17183099,
       0.91267606, 0.67464789, 0.74084507, 0.89859155, 0.45070423,
       0.41267606, 0.88169014, 0.94929577, 0.94366197, 0.76338028,
       0.70422535, 0.25070423, 0.63661972, 0.75211268, 0.1915493 ,
       0.73239437, 0.62535211, 0.62535211, 0.43661972, 0.87887324,
       0.45352113, 0.1971831 , 0.37605634, 0.64507042, 0.50985915,
       0.03098592, 0.45774648, 0.53802817, 0.96619718, 0.47605634,
       0.13802817, 0.95774648, 0.27746479, 0.82816901, 0.85915493,
       0.81126761, 0.41690141, 0.88450704, 0.69014085, 0.42676056,
       0.46760563, 0.57183099, 0.87323944, 0.95492958, 0.07464789,
       0.53521127, 0.26478873, 0.68450704, 0.1915493 , 0.31830986,
       0.70985915, 0.71126761, 0.45352113, 0.73802817, 0.87042254,
       0.34366197, 0.81408451, 0.91126761, 0.43661972, 0.72676056,
       0.1943662 , 0.87042254, 0.84507042, 0.67042254, 0.37183099,
       0.54929577, 0.10704225, 0.77323944, 0.1028169 , 0.14647887,
       0.76619718, 0.44507042, 0.82535211, 0.18028169, 0.65492958,
       0.38591549, 0.77887324, 0.93098592, 0.32112676, 0.07323944,
       0.38591549, 0.82676056, 0.76056338, 0.89859155, 0.7943662 ,
       0.86478873, 0.67605634, 0.1084507 , 0.52253521, 0.19014085,
       0.47183099, 0.7028169 , 0.17042254, 0.80985915, 0.4056338 ,
       0.95915493, 0.85070423, 0.85492958, 0.21971831, 0.3971831 ,
       0.82253521, 0.24366197, 0.47042254, 0.76901408, 0.16056338,
       0.88873239, 0.8028169 , 0.38591549, 0.91549296, 0.4       ,
       0.27464789, 0.52394366, 0.93661972, 0.72112676, 0.80985915,
       0.47323944, 0.4028169 , 0.23661972, 0.66197183, 0.26760563,
       0.07323944, 0.21267606, 0.17605634, 0.42253521, 0.31267606,
       0.56901408, 0.93380282, 0.44788732, 0.45633803, 0.91267606,
       0.16056338, 0.83239437, 0.90704225, 0.26760563, 0.55492958,
       0.67887324, 0.96619718, 0.90704225, 0.7943662 , 0.97183099,
       0.88450704, 0.75633803, 0.93098592, 0.58873239, 0.30140845,
       0.95774648, 0.73239437, 0.41126761, 0.72957746, 0.30140845,
       0.36056338, 0.58169014, 0.62535211, 0.11830986, 0.87042254,
       0.22535211, 0.72957746, 0.77746479, 0.46197183, 0.66760563,
       0.04084507, 0.92112676, 0.21126761, 0.93380282, 0.76760563,
       0.48732394, 0.95070423, 0.85070423, 0.17887324, 0.27887324,
       0.58873239, 0.28450704, 0.82816901, 0.37746479, 0.88591549,
       0.2       , 0.15070423, 0.77746479, 0.88732394, 0.50704225,
       0.45633803, 0.34788732, 0.90422535, 0.32394366, 0.93521127,
       0.29859155, 0.04647887, 0.52676056, 0.7056338 , 0.89295775,
       0.27605634, 0.96619718, 0.65633803, 0.46197183, 0.49295775,
       0.18309859, 0.57464789, 0.86760563, 0.14366197, 0.46338028])}

Job completed at Wed Mar 19 06:29:33 PM PDT 2025
