Starting job at Wed Mar 19 06:25:00 PM PDT 2025
Job parameters:
Dataset: data_dionis
UQ Method: split_conformal_naive
Estimator: XGBoost
Seed: 778
Train Size: 0.8
Running split_conformal_naive on data_dionis with seed 778 and train size 0.8

starting experiment

data created

Fitting split_conformal_naive_XGBoost on data_dionis with seed 778

split_conformal_naive_XGBoost metrics: {'coverage': np.float64(0.969), 'mean_width': np.float64(111.98933333333333), 'median_width': np.float64(119.0), 'mean_width_scaled': np.float64(0.31546291079812205), 'median_width_scaled': np.float64(0.3352112676056338)}

split_conformal_naive_XGBoost full metrics: {'coverage': np.float64(0.969), 'mean_width': np.float64(111.98933333333333), 'median_width': np.float64(119.0), 'mean_width_scaled': np.float64(0.31546291079812205), 'median_width_scaled': np.float64(0.3352112676056338)}

split_conformal_naive_XGBoost class metrics: {'class_coverage': array([1.        , 0.9375    , 1.        , 1.        , 1.        ,
       0.93333333, 1.        , 0.8       , 1.        , 1.        ,
       1.        , 1.        , 1.        , 0.66666667, 1.        ,
       0.95      , 1.        , 1.        , 1.        , 1.        ,
       1.        , 0.95833333, 1.        , 1.        , 1.        ,
       1.        , 1.        , 1.        , 1.        , 0.94444444,
       1.        , 1.        , 1.        , 1.        , 1.        ,
       1.        , 1.        , 0.86666667, 1.        , 0.875     ,
       0.8125    , 0.8125    , 1.        , 1.        , 1.        ,
       1.        , 1.        , 1.        , 1.        , 1.        ,
       0.86666667, 1.        , 1.        , 1.        , 0.94736842,
       1.        , 1.        , 1.        , 1.        , 1.        ,
       1.        , 1.        , 0.94736842, 0.92857143, 0.86666667,
       0.88235294, 1.        , 1.        , 1.        , 1.        ,
       0.92857143, 1.        , 0.875     , 0.86666667, 1.        ,
       0.8       , 1.        , 0.94736842, 0.53333333, 0.9375    ,
       1.        , 1.        , 0.94117647, 0.88235294, 0.9375    ,
       1.        , 0.94736842, 1.        , 1.        , 1.        ,
       0.93333333, 0.9375    , 1.        , 0.93333333, 1.        ,
       1.        , 1.        , 1.        , 1.        , 0.94736842,
       1.        , 1.        , 1.        , 0.9375    , 1.        ,
       1.        , 0.86666667, 1.        , 1.        , 1.        ,
       1.        , 0.93333333, 1.        , 0.93333333, 0.93333333,
       1.        , 1.        , 1.        , 1.        , 1.        ,
       1.        , 0.9375    , 1.        , 1.        , 1.        ,
       1.        , 1.        , 0.94117647, 1.        , 1.        ,
       1.        , 1.        , 1.        , 0.57142857, 1.        ,
       0.86666667, 1.        , 0.94444444, 0.86666667, 1.        ,
       1.        , 1.        , 0.93333333, 1.        , 1.        ,
       0.84210526, 1.        , 1.        , 1.        , 1.        ,
       0.94444444, 1.        , 1.        , 1.        , 1.        ,
       1.        , 1.        , 0.85      , 1.        , 1.        ,
       0.9375    , 1.        , 1.        , 0.93333333, 0.93333333,
       0.94736842, 1.        , 0.94117647, 1.        , 1.        ,
       0.94117647, 0.875     , 0.95652174, 1.        , 1.        ,
       1.        , 1.        , 1.        , 1.        , 1.        ,
       1.        , 1.        , 1.        , 1.        , 1.        ,
       1.        , 0.9375    , 1.        , 1.        , 1.        ,
       0.94117647, 1.        , 1.        , 0.93333333, 0.8       ,
       1.        , 0.88235294, 1.        , 1.        , 1.        ,
       1.        , 0.93333333, 1.        , 1.        , 0.9047619 ,
       1.        , 1.        , 1.        , 1.        , 1.        ,
       1.        , 0.875     , 0.95      , 1.        , 1.        ,
       0.94736842, 1.        , 1.        , 1.        , 1.        ,
       1.        , 0.9375    , 1.        , 1.        , 1.        ,
       0.93333333, 0.93333333, 0.92857143, 0.93333333, 1.        ,
       0.9047619 , 1.        , 1.        , 1.        , 1.        ,
       1.        , 1.        , 1.        , 1.        , 1.        ,
       1.        , 1.        , 1.        , 1.        , 1.        ,
       0.875     , 1.        , 1.        , 1.        , 0.95454545,
       0.9375    , 1.        , 1.        , 0.94444444, 0.96      ,
       1.        , 1.        , 1.        , 1.        , 1.        ,
       1.        , 0.9375    , 1.        , 0.93333333, 1.        ,
       1.        , 0.94117647, 1.        , 1.        , 0.85714286,
       1.        , 0.94117647, 0.93333333, 0.93333333, 1.        ,
       0.625     , 1.        , 1.        , 1.        , 1.        ,
       1.        , 0.95      , 0.93333333, 0.95652174, 0.93333333,
       1.        , 0.88888889, 1.        , 1.        , 1.        ,
       1.        , 1.        , 1.        , 1.        , 1.        ,
       0.85714286, 1.        , 0.91666667, 0.9375    , 1.        ,
       1.        , 1.        , 1.        , 1.        , 1.        ,
       1.        , 0.4375    , 1.        , 1.        , 1.        ,
       1.        , 1.        , 0.92857143, 1.        , 0.95      ,
       1.        , 0.89473684, 1.        , 1.        , 0.95      ,
       0.89473684, 1.        , 1.        , 0.6875    , 0.92857143,
       1.        , 0.93333333, 1.        , 0.73333333, 0.88888889,
       1.        , 1.        , 1.        , 0.93333333, 1.        ,
       1.        , 1.        , 0.93333333, 1.        , 1.        ,
       1.        , 1.        , 0.86666667, 1.        , 1.        ,
       1.        , 1.        , 0.8       , 1.        , 0.84615385,
       1.        , 1.        , 1.        , 1.        , 1.        ]), 'class_mean_width': array([100.39285714, 130.8125    , 149.86666667,  86.6       ,
       106.21428571, 127.26666667,  89.88888889, 133.26666667,
       107.93333333, 134.33333333,  95.5       , 115.13333333,
       122.        , 107.46666667, 113.2       ,  90.9       ,
        84.2       ,  93.73684211, 150.57142857, 126.26666667,
       112.53333333, 104.79166667, 104.9375    , 111.89473684,
       130.75      ,  91.66666667, 100.82142857, 118.66666667,
       113.69230769,  95.77777778, 106.36842105, 110.53333333,
       114.41176471,  97.8       , 136.26666667,  77.5625    ,
       117.57142857, 150.46666667, 123.        ,  96.5       ,
       137.75      ,  97.3125    , 109.        , 138.93333333,
       129.6       , 129.06666667, 125.05555556,  84.66666667,
       136.05263158,  79.9       , 145.26666667, 106.05882353,
       116.41176471, 128.88888889, 108.84210526, 122.86666667,
       130.86666667, 134.66666667, 124.57142857, 114.46666667,
       104.52941176,  85.25      , 106.        , 142.14285714,
       133.53333333, 111.11764706, 104.5       , 107.05882353,
        71.63157895, 133.21428571, 124.78571429,  37.9047619 ,
       121.9375    , 126.13333333, 135.53333333, 134.93333333,
       140.8125    , 104.26315789, 115.46666667, 109.25      ,
       117.        ,  93.33333333,  92.76470588, 106.        ,
       116.3125    ,  95.85714286,  92.89473684,  48.73333333,
       139.64285714, 146.        , 109.2       , 122.1875    ,
       120.11764706, 115.53333333, 134.375     , 104.15789474,
       102.29411765, 110.33333333, 119.23076923,  91.36842105,
        90.6875    , 132.26666667, 124.93333333, 122.25      ,
       125.35294118, 121.53333333, 116.4       ,  89.9375    ,
       100.78571429, 125.25      , 152.        , 100.53333333,
       140.14285714, 141.06666667, 147.6       , 104.1875    ,
       104.28571429, 124.1875    , 140.53333333, 113.66666667,
        89.15789474, 127.125     ,  80.72      , 126.77777778,
        88.375     , 139.42105263, 134.21428571, 139.70588235,
       119.6875    , 102.88235294, 118.95      , 113.5       ,
       118.33333333, 108.5       ,  98.33333333, 133.        ,
       145.        ,  83.61111111, 117.4       ,  77.3125    ,
       126.06666667,  89.13333333, 120.33333333, 102.33333333,
       105.69565217, 121.89473684, 143.6       , 117.26666667,
       103.28571429, 132.25      , 126.27777778, 153.38888889,
       126.52941176, 145.625     ,  86.52941176,  84.72222222,
        94.13636364, 123.75      , 141.33333333, 114.93333333,
       118.5625    , 111.10526316, 155.21428571, 109.        ,
       112.53333333, 120.21052632, 111.4       , 105.88235294,
       109.66666667, 124.94444444,  86.41176471,  96.125     ,
       102.73913043, 108.66666667, 120.6875    , 104.        ,
       100.8       , 113.25      , 115.53333333, 143.4       ,
        85.11764706, 111.875     , 127.5625    , 129.66666667,
        97.73333333, 107.86666667, 136.375     , 109.0625    ,
       115.875     , 117.        , 132.52941176,  79.06666667,
       140.        , 117.86666667, 119.7       , 105.11764706,
       100.94117647, 115.6       , 144.93333333, 139.        ,
       102.6       , 118.33333333,  94.125     , 129.125     ,
       115.80952381, 100.42105263, 109.5       , 127.46666667,
       112.61904762, 136.93333333, 106.5       , 119.6875    ,
       103.2       ,  98.2       , 144.4375    , 100.57894737,
       121.625     , 134.8       , 132.4375    ,  48.9047619 ,
       103.8125    , 113.125     , 104.75      ,  62.75      ,
       120.92307692,  95.        , 119.33333333, 113.5       ,
       103.66666667, 126.875     ,  95.0952381 , 102.        ,
       142.85714286,  75.05882353,  86.64705882, 110.13333333,
       114.9375    , 111.1875    , 128.4       , 135.13333333,
       144.93333333,  87.95454545, 127.5       ,  93.2       ,
        99.89285714, 122.625     , 131.64285714, 133.75      ,
       101.9375    ,  78.22727273, 128.625     , 130.        ,
       116.57142857,  88.88888889, 112.8       , 126.33333333,
        75.66666667, 117.        ,  69.23809524, 111.55      ,
       102.7       , 138.0625    ,  58.33333333, 136.66666667,
       147.        ,  96.9375    , 116.58823529, 135.35      ,
        57.55555556, 131.28571429, 111.33333333, 104.29411765,
       115.6       , 127.93333333, 112.38095238, 124.75      ,
        88.22222222, 126.9375    , 127.07692308, 133.        ,
       125.93333333, 116.25      , 120.33333333,  69.65217391,
       126.26666667,  89.64705882, 117.        , 112.66666667,
        80.86956522, 115.1875    ,  72.83333333, 125.25      ,
       113.86956522, 123.0625    , 135.5625    , 146.        ,
       145.5       , 108.70833333, 118.625     , 105.53333333,
       126.28571429, 134.73333333, 106.86666667,  99.64285714,
       111.2       , 140.06666667, 134.6875    , 103.06666667,
       110.53333333, 106.23529412, 122.23529412, 129.        ,
       126.28571429,  90.34782609, 102.15      ,  91.27272727,
       128.26315789, 111.57142857, 129.28571429, 142.45      ,
       103.68421053,  95.1875    ,  87.59090909, 132.8125    ,
       121.71428571, 129.8       ,  99.26666667, 132.3125    ,
       124.93333333, 107.88888889,  88.        ,  57.55555556,
       102.6875    , 153.        ,  87.05882353,  88.13636364,
       109.42307692, 108.13333333, 103.94117647, 118.64705882,
        60.2173913 ,  95.5       , 108.93333333, 133.375     ,
       124.4       ,  91.61111111, 125.75      , 114.66666667,
       133.26666667, 114.69230769, 120.71428571, 110.76470588,
       106.89473684,  84.84210526, 105.27777778]), 'class_median_width': array([ 93. , 136.5, 150. ,  83. , 124.5, 134. ,  88.5, 132. , 107. ,
       136. ,  95.5, 103. , 117. , 115. , 115. ,  92.5,  95. , 106. ,
       149. , 126. , 119. , 107. , 112. , 119. , 130. , 109.5, 120.5,
       124. , 119. , 110. , 111. , 120. , 120. ,  99. , 136. ,  66. ,
       113. , 155. , 127. , 100. , 141.5, 104.5, 116. , 139. , 128. ,
       134. , 129.5,  82.5, 144. ,  73.5, 150. , 114. , 113. , 131.5,
       106. , 133. , 132. , 139. , 124. , 123. ,  92. ,  88. , 105. ,
       144. , 131. , 110. ,  98. , 104. ,  57. , 139. , 122.5,  34. ,
       118.5, 119. , 136. , 136. , 142. , 103. , 125. , 110. , 119. ,
        87. ,  93. , 107. , 116.5, 103. ,  96. ,  38. , 145.5, 150.5,
       112. , 131.5, 115. , 118. , 138.5, 101. , 116. , 115. , 124. ,
        86. ,  78. , 140. , 132. , 122. , 134. , 116. , 116. ,  72.5,
       117.5, 127. , 150. , 111. , 139.5, 146. , 147. , 102.5, 101. ,
       128.5, 144. , 124. ,  88. , 132.5,  90. , 123.5,  92.5, 141. ,
       134. , 149. , 125.5, 106. , 122. , 108.5, 134. , 105. , 100. ,
       134. , 146. ,  80. , 122. ,  81. , 133. ,  81. , 131. , 107. ,
       109. , 126. , 144. , 128. , 106. , 133. , 138.5, 152.5, 130. ,
       145. ,  97. ,  88. ,  94. , 132.5, 145. , 120. , 125.5, 111. ,
       157.5, 115. , 121. , 126. , 123. , 115. , 116. , 138.5,  91. ,
       100. , 115. , 125. , 118.5, 107. , 114. , 111. , 113. , 145. ,
        72. , 114.5, 122.5, 130. ,  93. , 101. , 141. , 115.5, 119. ,
       122.5, 146. ,  66. , 139. , 117. , 119. , 101. , 108. , 120. ,
       147. , 139.5, 114. , 127. ,  99.5, 137.5, 114. ,  97. , 108.5,
       135. , 117. , 136. , 107. , 116. , 115. , 106. , 147.5,  99. ,
       120. , 137. , 132.5,  28. , 104.5, 115. ,  98. ,  54. , 128. ,
        92. , 128. , 120.5, 112. , 128. ,  94. , 102.5, 142. ,  71. ,
        78. , 108. , 130.5, 115. , 131. , 139. , 148. ,  95. , 125.5,
       101.5, 114.5, 134.5, 132. , 140.5, 111. ,  86.5, 126. , 139. ,
       117. ,  94.5, 124. , 126. ,  81. , 122. ,  57. , 111. ,  93.5,
       144. ,  47. , 138. , 146. , 100.5, 130. , 137. ,  49. , 135.5,
       122. , 105. , 119. , 127. , 110. , 140.5, 111. , 129. , 126. ,
       137. , 124. , 114. , 125. ,  76. , 130. ,  94.5, 115.5, 113. ,
        84. , 119. ,  75. , 124.5, 125. , 122. , 128. , 151. , 146.5,
       112. , 130.5, 110. , 129.5, 138. , 112. , 100. , 105. , 146. ,
       140.5, 100. , 107. , 112. , 121. , 126. , 121.5,  90. , 109. ,
       102.5, 132. , 121. , 133.5, 162.5, 117. , 106.5,  99.5, 140.5,
       118. , 133. ,  98. , 130.5, 124. , 118. ,  83. ,  45.5,  95. ,
       157. ,  83. ,  94.5, 116.5, 114. , 105. , 121. ,  49. ,  76.5,
       107. , 132.5, 138. , 102. , 122.5, 114. , 137. , 112. , 122.5,
       110. , 107. ,  90. , 103. ]), 'class_mean_width_scaled': array([0.28279678, 0.36848592, 0.42215962, 0.24394366, 0.29919517,
       0.35849765, 0.25320814, 0.37539906, 0.30403756, 0.37840376,
       0.26901408, 0.32431925, 0.34366197, 0.302723  , 0.31887324,
       0.25605634, 0.2371831 , 0.26404744, 0.42414487, 0.35568075,
       0.31699531, 0.29518779, 0.29559859, 0.31519644, 0.36830986,
       0.25821596, 0.28400402, 0.3342723 , 0.32026002, 0.26979656,
       0.29962936, 0.3113615 , 0.32228666, 0.27549296, 0.38384977,
       0.21848592, 0.33118712, 0.42384977, 0.34647887, 0.27183099,
       0.38802817, 0.27411972, 0.30704225, 0.3913615 , 0.36507042,
       0.36356808, 0.35226917, 0.23849765, 0.38324685, 0.22507042,
       0.40920188, 0.29875725, 0.32792046, 0.36306729, 0.30659748,
       0.34610329, 0.3686385 , 0.37934272, 0.35090543, 0.32244131,
       0.29444905, 0.24014085, 0.29859155, 0.40040241, 0.37615023,
       0.31300746, 0.2943662 , 0.30157415, 0.2017791 , 0.37525151,
       0.35150905, 0.10677398, 0.34348592, 0.35530516, 0.38178404,
       0.3800939 , 0.39665493, 0.29369904, 0.32525822, 0.30774648,
       0.32957746, 0.2629108 , 0.26130903, 0.29859155, 0.32764085,
       0.27002012, 0.26167532, 0.137277  , 0.39336016, 0.41126761,
       0.30760563, 0.34419014, 0.33835957, 0.32544601, 0.37852113,
       0.29340252, 0.28815244, 0.31079812, 0.33586132, 0.25737583,
       0.25545775, 0.37258216, 0.35192488, 0.3443662 , 0.35310688,
       0.34234742, 0.32788732, 0.25334507, 0.28390342, 0.3528169 ,
       0.42816901, 0.28319249, 0.39476861, 0.39737089, 0.41577465,
       0.29348592, 0.29376258, 0.34982394, 0.39586854, 0.32018779,
       0.251149  , 0.35809859, 0.22738028, 0.3571205 , 0.24894366,
       0.39273536, 0.37806841, 0.3935377 , 0.33714789, 0.28980944,
       0.33507042, 0.31971831, 0.33333333, 0.3056338 , 0.27699531,
       0.37464789, 0.4084507 , 0.23552426, 0.33070423, 0.21778169,
       0.35511737, 0.25107981, 0.33896714, 0.28826291, 0.29773423,
       0.34336546, 0.40450704, 0.33032864, 0.29094567, 0.37253521,
       0.35571205, 0.43208138, 0.35642088, 0.41021127, 0.24374482,
       0.23865415, 0.26517286, 0.34859155, 0.39812207, 0.32375587,
       0.33397887, 0.31297257, 0.43722334, 0.30704225, 0.31699531,
       0.3386212 , 0.31380282, 0.29826015, 0.30892019, 0.35195618,
       0.24341342, 0.27077465, 0.289406  , 0.30610329, 0.33996479,
       0.29295775, 0.28394366, 0.31901408, 0.32544601, 0.40394366,
       0.23976802, 0.31514085, 0.35933099, 0.36525822, 0.27530516,
       0.30384977, 0.38415493, 0.30721831, 0.32640845, 0.32957746,
       0.37332229, 0.222723  , 0.3943662 , 0.33201878, 0.3371831 ,
       0.29610605, 0.28434134, 0.3256338 , 0.40826291, 0.3915493 ,
       0.28901408, 0.33333333, 0.26514085, 0.36373239, 0.32622401,
       0.2828762 , 0.3084507 , 0.35906103, 0.31723675, 0.3857277 ,
       0.3       , 0.33714789, 0.29070423, 0.27661972, 0.4068662 ,
       0.28332098, 0.34260563, 0.37971831, 0.37306338, 0.13775989,
       0.29242958, 0.31866197, 0.29507042, 0.17676056, 0.34062839,
       0.26760563, 0.33615023, 0.31971831, 0.29201878, 0.35739437,
       0.26787391, 0.28732394, 0.40241449, 0.21143331, 0.24407622,
       0.31023474, 0.32376761, 0.31320423, 0.36169014, 0.38065728,
       0.40826291, 0.24775928, 0.35915493, 0.26253521, 0.28138833,
       0.34542254, 0.37082495, 0.37676056, 0.28714789, 0.22035851,
       0.36232394, 0.36619718, 0.32837022, 0.25039124, 0.31774648,
       0.35586854, 0.21314554, 0.32957746, 0.19503689, 0.31422535,
       0.28929577, 0.38890845, 0.16431925, 0.38497653, 0.41408451,
       0.27306338, 0.32841756, 0.38126761, 0.16212833, 0.36981891,
       0.31361502, 0.29378625, 0.3256338 , 0.36037559, 0.31656606,
       0.35140845, 0.2485133 , 0.35757042, 0.35796316, 0.37464789,
       0.35474178, 0.32746479, 0.33896714, 0.19620331, 0.35568075,
       0.25252693, 0.32957746, 0.31737089, 0.22780159, 0.32447183,
       0.20516432, 0.3528169 , 0.32075934, 0.34665493, 0.3818662 ,
       0.41126761, 0.40985915, 0.30622066, 0.33415493, 0.297277  ,
       0.35573441, 0.37953052, 0.30103286, 0.2806841 , 0.31323944,
       0.39455399, 0.37940141, 0.29032864, 0.3113615 , 0.29925435,
       0.34432477, 0.36338028, 0.35573441, 0.25450092, 0.28774648,
       0.25710627, 0.36130467, 0.31428571, 0.36418511, 0.40126761,
       0.2920682 , 0.2681338 , 0.24673496, 0.37411972, 0.34285714,
       0.3656338 , 0.27962441, 0.37271127, 0.35192488, 0.30391236,
       0.24788732, 0.16212833, 0.28926056, 0.43098592, 0.24523612,
       0.24827145, 0.30823402, 0.30460094, 0.29279205, 0.33421707,
       0.16962645, 0.26901408, 0.30685446, 0.37570423, 0.35042254,
       0.25805947, 0.35422535, 0.32300469, 0.37539906, 0.32307692,
       0.34004024, 0.31201326, 0.30111193, 0.23899185, 0.29655712]), 'class_median_width_scaled': array([0.26197183, 0.38450704, 0.42253521, 0.23380282, 0.35070423,
       0.37746479, 0.24929577, 0.37183099, 0.30140845, 0.38309859,
       0.26901408, 0.29014085, 0.32957746, 0.32394366, 0.32394366,
       0.26056338, 0.26760563, 0.29859155, 0.41971831, 0.35492958,
       0.33521127, 0.30140845, 0.31549296, 0.33521127, 0.36619718,
       0.3084507 , 0.33943662, 0.34929577, 0.33521127, 0.30985915,
       0.31267606, 0.33802817, 0.33802817, 0.27887324, 0.38309859,
       0.18591549, 0.31830986, 0.43661972, 0.35774648, 0.28169014,
       0.39859155, 0.2943662 , 0.32676056, 0.3915493 , 0.36056338,
       0.37746479, 0.36478873, 0.23239437, 0.4056338 , 0.20704225,
       0.42253521, 0.32112676, 0.31830986, 0.37042254, 0.29859155,
       0.37464789, 0.37183099, 0.3915493 , 0.34929577, 0.34647887,
       0.25915493, 0.24788732, 0.29577465, 0.4056338 , 0.36901408,
       0.30985915, 0.27605634, 0.29295775, 0.16056338, 0.3915493 ,
       0.34507042, 0.09577465, 0.33380282, 0.33521127, 0.38309859,
       0.38309859, 0.4       , 0.29014085, 0.35211268, 0.30985915,
       0.33521127, 0.24507042, 0.26197183, 0.30140845, 0.32816901,
       0.29014085, 0.27042254, 0.10704225, 0.40985915, 0.42394366,
       0.31549296, 0.37042254, 0.32394366, 0.33239437, 0.39014085,
       0.28450704, 0.32676056, 0.32394366, 0.34929577, 0.24225352,
       0.21971831, 0.3943662 , 0.37183099, 0.34366197, 0.37746479,
       0.32676056, 0.32676056, 0.20422535, 0.33098592, 0.35774648,
       0.42253521, 0.31267606, 0.39295775, 0.41126761, 0.41408451,
       0.28873239, 0.28450704, 0.36197183, 0.4056338 , 0.34929577,
       0.24788732, 0.37323944, 0.25352113, 0.34788732, 0.26056338,
       0.3971831 , 0.37746479, 0.41971831, 0.35352113, 0.29859155,
       0.34366197, 0.3056338 , 0.37746479, 0.29577465, 0.28169014,
       0.37746479, 0.41126761, 0.22535211, 0.34366197, 0.22816901,
       0.37464789, 0.22816901, 0.36901408, 0.30140845, 0.30704225,
       0.35492958, 0.4056338 , 0.36056338, 0.29859155, 0.37464789,
       0.39014085, 0.42957746, 0.36619718, 0.4084507 , 0.27323944,
       0.24788732, 0.26478873, 0.37323944, 0.4084507 , 0.33802817,
       0.35352113, 0.31267606, 0.44366197, 0.32394366, 0.34084507,
       0.35492958, 0.34647887, 0.32394366, 0.32676056, 0.39014085,
       0.25633803, 0.28169014, 0.32394366, 0.35211268, 0.33380282,
       0.30140845, 0.32112676, 0.31267606, 0.31830986, 0.4084507 ,
       0.2028169 , 0.32253521, 0.34507042, 0.36619718, 0.26197183,
       0.28450704, 0.3971831 , 0.32535211, 0.33521127, 0.34507042,
       0.41126761, 0.18591549, 0.3915493 , 0.32957746, 0.33521127,
       0.28450704, 0.30422535, 0.33802817, 0.41408451, 0.39295775,
       0.32112676, 0.35774648, 0.28028169, 0.38732394, 0.32112676,
       0.27323944, 0.3056338 , 0.38028169, 0.32957746, 0.38309859,
       0.30140845, 0.32676056, 0.32394366, 0.29859155, 0.41549296,
       0.27887324, 0.33802817, 0.38591549, 0.37323944, 0.07887324,
       0.2943662 , 0.32394366, 0.27605634, 0.15211268, 0.36056338,
       0.25915493, 0.36056338, 0.33943662, 0.31549296, 0.36056338,
       0.26478873, 0.28873239, 0.4       , 0.2       , 0.21971831,
       0.30422535, 0.36760563, 0.32394366, 0.36901408, 0.3915493 ,
       0.41690141, 0.26760563, 0.35352113, 0.28591549, 0.32253521,
       0.37887324, 0.37183099, 0.39577465, 0.31267606, 0.24366197,
       0.35492958, 0.3915493 , 0.32957746, 0.26619718, 0.34929577,
       0.35492958, 0.22816901, 0.34366197, 0.16056338, 0.31267606,
       0.26338028, 0.4056338 , 0.13239437, 0.38873239, 0.41126761,
       0.28309859, 0.36619718, 0.38591549, 0.13802817, 0.38169014,
       0.34366197, 0.29577465, 0.33521127, 0.35774648, 0.30985915,
       0.39577465, 0.31267606, 0.36338028, 0.35492958, 0.38591549,
       0.34929577, 0.32112676, 0.35211268, 0.21408451, 0.36619718,
       0.26619718, 0.32535211, 0.31830986, 0.23661972, 0.33521127,
       0.21126761, 0.35070423, 0.35211268, 0.34366197, 0.36056338,
       0.42535211, 0.41267606, 0.31549296, 0.36760563, 0.30985915,
       0.36478873, 0.38873239, 0.31549296, 0.28169014, 0.29577465,
       0.41126761, 0.39577465, 0.28169014, 0.30140845, 0.31549296,
       0.34084507, 0.35492958, 0.34225352, 0.25352113, 0.30704225,
       0.28873239, 0.37183099, 0.34084507, 0.37605634, 0.45774648,
       0.32957746, 0.3       , 0.28028169, 0.39577465, 0.33239437,
       0.37464789, 0.27605634, 0.36760563, 0.34929577, 0.33239437,
       0.23380282, 0.12816901, 0.26760563, 0.44225352, 0.23380282,
       0.26619718, 0.32816901, 0.32112676, 0.29577465, 0.34084507,
       0.13802817, 0.21549296, 0.30140845, 0.37323944, 0.38873239,
       0.28732394, 0.34507042, 0.32112676, 0.38591549, 0.31549296,
       0.34507042, 0.30985915, 0.30140845, 0.25352113, 0.29014085])}

split_conformal_naive_XGBoost full class metrics: {'class_coverage': array([1.        , 0.9375    , 1.        , 1.        , 1.        ,
       0.93333333, 1.        , 0.8       , 1.        , 1.        ,
       1.        , 1.        , 1.        , 0.66666667, 1.        ,
       0.95      , 1.        , 1.        , 1.        , 1.        ,
       1.        , 0.95833333, 1.        , 1.        , 1.        ,
       1.        , 1.        , 1.        , 1.        , 0.94444444,
       1.        , 1.        , 1.        , 1.        , 1.        ,
       1.        , 1.        , 0.86666667, 1.        , 0.875     ,
       0.8125    , 0.8125    , 1.        , 1.        , 1.        ,
       1.        , 1.        , 1.        , 1.        , 1.        ,
       0.86666667, 1.        , 1.        , 1.        , 0.94736842,
       1.        , 1.        , 1.        , 1.        , 1.        ,
       1.        , 1.        , 0.94736842, 0.92857143, 0.86666667,
       0.88235294, 1.        , 1.        , 1.        , 1.        ,
       0.92857143, 1.        , 0.875     , 0.86666667, 1.        ,
       0.8       , 1.        , 0.94736842, 0.53333333, 0.9375    ,
       1.        , 1.        , 0.94117647, 0.88235294, 0.9375    ,
       1.        , 0.94736842, 1.        , 1.        , 1.        ,
       0.93333333, 0.9375    , 1.        , 0.93333333, 1.        ,
       1.        , 1.        , 1.        , 1.        , 0.94736842,
       1.        , 1.        , 1.        , 0.9375    , 1.        ,
       1.        , 0.86666667, 1.        , 1.        , 1.        ,
       1.        , 0.93333333, 1.        , 0.93333333, 0.93333333,
       1.        , 1.        , 1.        , 1.        , 1.        ,
       1.        , 0.9375    , 1.        , 1.        , 1.        ,
       1.        , 1.        , 0.94117647, 1.        , 1.        ,
       1.        , 1.        , 1.        , 0.57142857, 1.        ,
       0.86666667, 1.        , 0.94444444, 0.86666667, 1.        ,
       1.        , 1.        , 0.93333333, 1.        , 1.        ,
       0.84210526, 1.        , 1.        , 1.        , 1.        ,
       0.94444444, 1.        , 1.        , 1.        , 1.        ,
       1.        , 1.        , 0.85      , 1.        , 1.        ,
       0.9375    , 1.        , 1.        , 0.93333333, 0.93333333,
       0.94736842, 1.        , 0.94117647, 1.        , 1.        ,
       0.94117647, 0.875     , 0.95652174, 1.        , 1.        ,
       1.        , 1.        , 1.        , 1.        , 1.        ,
       1.        , 1.        , 1.        , 1.        , 1.        ,
       1.        , 0.9375    , 1.        , 1.        , 1.        ,
       0.94117647, 1.        , 1.        , 0.93333333, 0.8       ,
       1.        , 0.88235294, 1.        , 1.        , 1.        ,
       1.        , 0.93333333, 1.        , 1.        , 0.9047619 ,
       1.        , 1.        , 1.        , 1.        , 1.        ,
       1.        , 0.875     , 0.95      , 1.        , 1.        ,
       0.94736842, 1.        , 1.        , 1.        , 1.        ,
       1.        , 0.9375    , 1.        , 1.        , 1.        ,
       0.93333333, 0.93333333, 0.92857143, 0.93333333, 1.        ,
       0.9047619 , 1.        , 1.        , 1.        , 1.        ,
       1.        , 1.        , 1.        , 1.        , 1.        ,
       1.        , 1.        , 1.        , 1.        , 1.        ,
       0.875     , 1.        , 1.        , 1.        , 0.95454545,
       0.9375    , 1.        , 1.        , 0.94444444, 0.96      ,
       1.        , 1.        , 1.        , 1.        , 1.        ,
       1.        , 0.9375    , 1.        , 0.93333333, 1.        ,
       1.        , 0.94117647, 1.        , 1.        , 0.85714286,
       1.        , 0.94117647, 0.93333333, 0.93333333, 1.        ,
       0.625     , 1.        , 1.        , 1.        , 1.        ,
       1.        , 0.95      , 0.93333333, 0.95652174, 0.93333333,
       1.        , 0.88888889, 1.        , 1.        , 1.        ,
       1.        , 1.        , 1.        , 1.        , 1.        ,
       0.85714286, 1.        , 0.91666667, 0.9375    , 1.        ,
       1.        , 1.        , 1.        , 1.        , 1.        ,
       1.        , 0.4375    , 1.        , 1.        , 1.        ,
       1.        , 1.        , 0.92857143, 1.        , 0.95      ,
       1.        , 0.89473684, 1.        , 1.        , 0.95      ,
       0.89473684, 1.        , 1.        , 0.6875    , 0.92857143,
       1.        , 0.93333333, 1.        , 0.73333333, 0.88888889,
       1.        , 1.        , 1.        , 0.93333333, 1.        ,
       1.        , 1.        , 0.93333333, 1.        , 1.        ,
       1.        , 1.        , 0.86666667, 1.        , 1.        ,
       1.        , 1.        , 0.8       , 1.        , 0.84615385,
       1.        , 1.        , 1.        , 1.        , 1.        ]), 'class_mean_width': array([100.39285714, 130.8125    , 149.86666667,  86.6       ,
       106.21428571, 127.26666667,  89.88888889, 133.26666667,
       107.93333333, 134.33333333,  95.5       , 115.13333333,
       122.        , 107.46666667, 113.2       ,  90.9       ,
        84.2       ,  93.73684211, 150.57142857, 126.26666667,
       112.53333333, 104.79166667, 104.9375    , 111.89473684,
       130.75      ,  91.66666667, 100.82142857, 118.66666667,
       113.69230769,  95.77777778, 106.36842105, 110.53333333,
       114.41176471,  97.8       , 136.26666667,  77.5625    ,
       117.57142857, 150.46666667, 123.        ,  96.5       ,
       137.75      ,  97.3125    , 109.        , 138.93333333,
       129.6       , 129.06666667, 125.05555556,  84.66666667,
       136.05263158,  79.9       , 145.26666667, 106.05882353,
       116.41176471, 128.88888889, 108.84210526, 122.86666667,
       130.86666667, 134.66666667, 124.57142857, 114.46666667,
       104.52941176,  85.25      , 106.        , 142.14285714,
       133.53333333, 111.11764706, 104.5       , 107.05882353,
        71.63157895, 133.21428571, 124.78571429,  37.9047619 ,
       121.9375    , 126.13333333, 135.53333333, 134.93333333,
       140.8125    , 104.26315789, 115.46666667, 109.25      ,
       117.        ,  93.33333333,  92.76470588, 106.        ,
       116.3125    ,  95.85714286,  92.89473684,  48.73333333,
       139.64285714, 146.        , 109.2       , 122.1875    ,
       120.11764706, 115.53333333, 134.375     , 104.15789474,
       102.29411765, 110.33333333, 119.23076923,  91.36842105,
        90.6875    , 132.26666667, 124.93333333, 122.25      ,
       125.35294118, 121.53333333, 116.4       ,  89.9375    ,
       100.78571429, 125.25      , 152.        , 100.53333333,
       140.14285714, 141.06666667, 147.6       , 104.1875    ,
       104.28571429, 124.1875    , 140.53333333, 113.66666667,
        89.15789474, 127.125     ,  80.72      , 126.77777778,
        88.375     , 139.42105263, 134.21428571, 139.70588235,
       119.6875    , 102.88235294, 118.95      , 113.5       ,
       118.33333333, 108.5       ,  98.33333333, 133.        ,
       145.        ,  83.61111111, 117.4       ,  77.3125    ,
       126.06666667,  89.13333333, 120.33333333, 102.33333333,
       105.69565217, 121.89473684, 143.6       , 117.26666667,
       103.28571429, 132.25      , 126.27777778, 153.38888889,
       126.52941176, 145.625     ,  86.52941176,  84.72222222,
        94.13636364, 123.75      , 141.33333333, 114.93333333,
       118.5625    , 111.10526316, 155.21428571, 109.        ,
       112.53333333, 120.21052632, 111.4       , 105.88235294,
       109.66666667, 124.94444444,  86.41176471,  96.125     ,
       102.73913043, 108.66666667, 120.6875    , 104.        ,
       100.8       , 113.25      , 115.53333333, 143.4       ,
        85.11764706, 111.875     , 127.5625    , 129.66666667,
        97.73333333, 107.86666667, 136.375     , 109.0625    ,
       115.875     , 117.        , 132.52941176,  79.06666667,
       140.        , 117.86666667, 119.7       , 105.11764706,
       100.94117647, 115.6       , 144.93333333, 139.        ,
       102.6       , 118.33333333,  94.125     , 129.125     ,
       115.80952381, 100.42105263, 109.5       , 127.46666667,
       112.61904762, 136.93333333, 106.5       , 119.6875    ,
       103.2       ,  98.2       , 144.4375    , 100.57894737,
       121.625     , 134.8       , 132.4375    ,  48.9047619 ,
       103.8125    , 113.125     , 104.75      ,  62.75      ,
       120.92307692,  95.        , 119.33333333, 113.5       ,
       103.66666667, 126.875     ,  95.0952381 , 102.        ,
       142.85714286,  75.05882353,  86.64705882, 110.13333333,
       114.9375    , 111.1875    , 128.4       , 135.13333333,
       144.93333333,  87.95454545, 127.5       ,  93.2       ,
        99.89285714, 122.625     , 131.64285714, 133.75      ,
       101.9375    ,  78.22727273, 128.625     , 130.        ,
       116.57142857,  88.88888889, 112.8       , 126.33333333,
        75.66666667, 117.        ,  69.23809524, 111.55      ,
       102.7       , 138.0625    ,  58.33333333, 136.66666667,
       147.        ,  96.9375    , 116.58823529, 135.35      ,
        57.55555556, 131.28571429, 111.33333333, 104.29411765,
       115.6       , 127.93333333, 112.38095238, 124.75      ,
        88.22222222, 126.9375    , 127.07692308, 133.        ,
       125.93333333, 116.25      , 120.33333333,  69.65217391,
       126.26666667,  89.64705882, 117.        , 112.66666667,
        80.86956522, 115.1875    ,  72.83333333, 125.25      ,
       113.86956522, 123.0625    , 135.5625    , 146.        ,
       145.5       , 108.70833333, 118.625     , 105.53333333,
       126.28571429, 134.73333333, 106.86666667,  99.64285714,
       111.2       , 140.06666667, 134.6875    , 103.06666667,
       110.53333333, 106.23529412, 122.23529412, 129.        ,
       126.28571429,  90.34782609, 102.15      ,  91.27272727,
       128.26315789, 111.57142857, 129.28571429, 142.45      ,
       103.68421053,  95.1875    ,  87.59090909, 132.8125    ,
       121.71428571, 129.8       ,  99.26666667, 132.3125    ,
       124.93333333, 107.88888889,  88.        ,  57.55555556,
       102.6875    , 153.        ,  87.05882353,  88.13636364,
       109.42307692, 108.13333333, 103.94117647, 118.64705882,
        60.2173913 ,  95.5       , 108.93333333, 133.375     ,
       124.4       ,  91.61111111, 125.75      , 114.66666667,
       133.26666667, 114.69230769, 120.71428571, 110.76470588,
       106.89473684,  84.84210526, 105.27777778]), 'class_median_width': array([ 93. , 136.5, 150. ,  83. , 124.5, 134. ,  88.5, 132. , 107. ,
       136. ,  95.5, 103. , 117. , 115. , 115. ,  92.5,  95. , 106. ,
       149. , 126. , 119. , 107. , 112. , 119. , 130. , 109.5, 120.5,
       124. , 119. , 110. , 111. , 120. , 120. ,  99. , 136. ,  66. ,
       113. , 155. , 127. , 100. , 141.5, 104.5, 116. , 139. , 128. ,
       134. , 129.5,  82.5, 144. ,  73.5, 150. , 114. , 113. , 131.5,
       106. , 133. , 132. , 139. , 124. , 123. ,  92. ,  88. , 105. ,
       144. , 131. , 110. ,  98. , 104. ,  57. , 139. , 122.5,  34. ,
       118.5, 119. , 136. , 136. , 142. , 103. , 125. , 110. , 119. ,
        87. ,  93. , 107. , 116.5, 103. ,  96. ,  38. , 145.5, 150.5,
       112. , 131.5, 115. , 118. , 138.5, 101. , 116. , 115. , 124. ,
        86. ,  78. , 140. , 132. , 122. , 134. , 116. , 116. ,  72.5,
       117.5, 127. , 150. , 111. , 139.5, 146. , 147. , 102.5, 101. ,
       128.5, 144. , 124. ,  88. , 132.5,  90. , 123.5,  92.5, 141. ,
       134. , 149. , 125.5, 106. , 122. , 108.5, 134. , 105. , 100. ,
       134. , 146. ,  80. , 122. ,  81. , 133. ,  81. , 131. , 107. ,
       109. , 126. , 144. , 128. , 106. , 133. , 138.5, 152.5, 130. ,
       145. ,  97. ,  88. ,  94. , 132.5, 145. , 120. , 125.5, 111. ,
       157.5, 115. , 121. , 126. , 123. , 115. , 116. , 138.5,  91. ,
       100. , 115. , 125. , 118.5, 107. , 114. , 111. , 113. , 145. ,
        72. , 114.5, 122.5, 130. ,  93. , 101. , 141. , 115.5, 119. ,
       122.5, 146. ,  66. , 139. , 117. , 119. , 101. , 108. , 120. ,
       147. , 139.5, 114. , 127. ,  99.5, 137.5, 114. ,  97. , 108.5,
       135. , 117. , 136. , 107. , 116. , 115. , 106. , 147.5,  99. ,
       120. , 137. , 132.5,  28. , 104.5, 115. ,  98. ,  54. , 128. ,
        92. , 128. , 120.5, 112. , 128. ,  94. , 102.5, 142. ,  71. ,
        78. , 108. , 130.5, 115. , 131. , 139. , 148. ,  95. , 125.5,
       101.5, 114.5, 134.5, 132. , 140.5, 111. ,  86.5, 126. , 139. ,
       117. ,  94.5, 124. , 126. ,  81. , 122. ,  57. , 111. ,  93.5,
       144. ,  47. , 138. , 146. , 100.5, 130. , 137. ,  49. , 135.5,
       122. , 105. , 119. , 127. , 110. , 140.5, 111. , 129. , 126. ,
       137. , 124. , 114. , 125. ,  76. , 130. ,  94.5, 115.5, 113. ,
        84. , 119. ,  75. , 124.5, 125. , 122. , 128. , 151. , 146.5,
       112. , 130.5, 110. , 129.5, 138. , 112. , 100. , 105. , 146. ,
       140.5, 100. , 107. , 112. , 121. , 126. , 121.5,  90. , 109. ,
       102.5, 132. , 121. , 133.5, 162.5, 117. , 106.5,  99.5, 140.5,
       118. , 133. ,  98. , 130.5, 124. , 118. ,  83. ,  45.5,  95. ,
       157. ,  83. ,  94.5, 116.5, 114. , 105. , 121. ,  49. ,  76.5,
       107. , 132.5, 138. , 102. , 122.5, 114. , 137. , 112. , 122.5,
       110. , 107. ,  90. , 103. ]), 'class_mean_width_scaled': array([0.28279678, 0.36848592, 0.42215962, 0.24394366, 0.29919517,
       0.35849765, 0.25320814, 0.37539906, 0.30403756, 0.37840376,
       0.26901408, 0.32431925, 0.34366197, 0.302723  , 0.31887324,
       0.25605634, 0.2371831 , 0.26404744, 0.42414487, 0.35568075,
       0.31699531, 0.29518779, 0.29559859, 0.31519644, 0.36830986,
       0.25821596, 0.28400402, 0.3342723 , 0.32026002, 0.26979656,
       0.29962936, 0.3113615 , 0.32228666, 0.27549296, 0.38384977,
       0.21848592, 0.33118712, 0.42384977, 0.34647887, 0.27183099,
       0.38802817, 0.27411972, 0.30704225, 0.3913615 , 0.36507042,
       0.36356808, 0.35226917, 0.23849765, 0.38324685, 0.22507042,
       0.40920188, 0.29875725, 0.32792046, 0.36306729, 0.30659748,
       0.34610329, 0.3686385 , 0.37934272, 0.35090543, 0.32244131,
       0.29444905, 0.24014085, 0.29859155, 0.40040241, 0.37615023,
       0.31300746, 0.2943662 , 0.30157415, 0.2017791 , 0.37525151,
       0.35150905, 0.10677398, 0.34348592, 0.35530516, 0.38178404,
       0.3800939 , 0.39665493, 0.29369904, 0.32525822, 0.30774648,
       0.32957746, 0.2629108 , 0.26130903, 0.29859155, 0.32764085,
       0.27002012, 0.26167532, 0.137277  , 0.39336016, 0.41126761,
       0.30760563, 0.34419014, 0.33835957, 0.32544601, 0.37852113,
       0.29340252, 0.28815244, 0.31079812, 0.33586132, 0.25737583,
       0.25545775, 0.37258216, 0.35192488, 0.3443662 , 0.35310688,
       0.34234742, 0.32788732, 0.25334507, 0.28390342, 0.3528169 ,
       0.42816901, 0.28319249, 0.39476861, 0.39737089, 0.41577465,
       0.29348592, 0.29376258, 0.34982394, 0.39586854, 0.32018779,
       0.251149  , 0.35809859, 0.22738028, 0.3571205 , 0.24894366,
       0.39273536, 0.37806841, 0.3935377 , 0.33714789, 0.28980944,
       0.33507042, 0.31971831, 0.33333333, 0.3056338 , 0.27699531,
       0.37464789, 0.4084507 , 0.23552426, 0.33070423, 0.21778169,
       0.35511737, 0.25107981, 0.33896714, 0.28826291, 0.29773423,
       0.34336546, 0.40450704, 0.33032864, 0.29094567, 0.37253521,
       0.35571205, 0.43208138, 0.35642088, 0.41021127, 0.24374482,
       0.23865415, 0.26517286, 0.34859155, 0.39812207, 0.32375587,
       0.33397887, 0.31297257, 0.43722334, 0.30704225, 0.31699531,
       0.3386212 , 0.31380282, 0.29826015, 0.30892019, 0.35195618,
       0.24341342, 0.27077465, 0.289406  , 0.30610329, 0.33996479,
       0.29295775, 0.28394366, 0.31901408, 0.32544601, 0.40394366,
       0.23976802, 0.31514085, 0.35933099, 0.36525822, 0.27530516,
       0.30384977, 0.38415493, 0.30721831, 0.32640845, 0.32957746,
       0.37332229, 0.222723  , 0.3943662 , 0.33201878, 0.3371831 ,
       0.29610605, 0.28434134, 0.3256338 , 0.40826291, 0.3915493 ,
       0.28901408, 0.33333333, 0.26514085, 0.36373239, 0.32622401,
       0.2828762 , 0.3084507 , 0.35906103, 0.31723675, 0.3857277 ,
       0.3       , 0.33714789, 0.29070423, 0.27661972, 0.4068662 ,
       0.28332098, 0.34260563, 0.37971831, 0.37306338, 0.13775989,
       0.29242958, 0.31866197, 0.29507042, 0.17676056, 0.34062839,
       0.26760563, 0.33615023, 0.31971831, 0.29201878, 0.35739437,
       0.26787391, 0.28732394, 0.40241449, 0.21143331, 0.24407622,
       0.31023474, 0.32376761, 0.31320423, 0.36169014, 0.38065728,
       0.40826291, 0.24775928, 0.35915493, 0.26253521, 0.28138833,
       0.34542254, 0.37082495, 0.37676056, 0.28714789, 0.22035851,
       0.36232394, 0.36619718, 0.32837022, 0.25039124, 0.31774648,
       0.35586854, 0.21314554, 0.32957746, 0.19503689, 0.31422535,
       0.28929577, 0.38890845, 0.16431925, 0.38497653, 0.41408451,
       0.27306338, 0.32841756, 0.38126761, 0.16212833, 0.36981891,
       0.31361502, 0.29378625, 0.3256338 , 0.36037559, 0.31656606,
       0.35140845, 0.2485133 , 0.35757042, 0.35796316, 0.37464789,
       0.35474178, 0.32746479, 0.33896714, 0.19620331, 0.35568075,
       0.25252693, 0.32957746, 0.31737089, 0.22780159, 0.32447183,
       0.20516432, 0.3528169 , 0.32075934, 0.34665493, 0.3818662 ,
       0.41126761, 0.40985915, 0.30622066, 0.33415493, 0.297277  ,
       0.35573441, 0.37953052, 0.30103286, 0.2806841 , 0.31323944,
       0.39455399, 0.37940141, 0.29032864, 0.3113615 , 0.29925435,
       0.34432477, 0.36338028, 0.35573441, 0.25450092, 0.28774648,
       0.25710627, 0.36130467, 0.31428571, 0.36418511, 0.40126761,
       0.2920682 , 0.2681338 , 0.24673496, 0.37411972, 0.34285714,
       0.3656338 , 0.27962441, 0.37271127, 0.35192488, 0.30391236,
       0.24788732, 0.16212833, 0.28926056, 0.43098592, 0.24523612,
       0.24827145, 0.30823402, 0.30460094, 0.29279205, 0.33421707,
       0.16962645, 0.26901408, 0.30685446, 0.37570423, 0.35042254,
       0.25805947, 0.35422535, 0.32300469, 0.37539906, 0.32307692,
       0.34004024, 0.31201326, 0.30111193, 0.23899185, 0.29655712]), 'class_median_width_scaled': array([0.26197183, 0.38450704, 0.42253521, 0.23380282, 0.35070423,
       0.37746479, 0.24929577, 0.37183099, 0.30140845, 0.38309859,
       0.26901408, 0.29014085, 0.32957746, 0.32394366, 0.32394366,
       0.26056338, 0.26760563, 0.29859155, 0.41971831, 0.35492958,
       0.33521127, 0.30140845, 0.31549296, 0.33521127, 0.36619718,
       0.3084507 , 0.33943662, 0.34929577, 0.33521127, 0.30985915,
       0.31267606, 0.33802817, 0.33802817, 0.27887324, 0.38309859,
       0.18591549, 0.31830986, 0.43661972, 0.35774648, 0.28169014,
       0.39859155, 0.2943662 , 0.32676056, 0.3915493 , 0.36056338,
       0.37746479, 0.36478873, 0.23239437, 0.4056338 , 0.20704225,
       0.42253521, 0.32112676, 0.31830986, 0.37042254, 0.29859155,
       0.37464789, 0.37183099, 0.3915493 , 0.34929577, 0.34647887,
       0.25915493, 0.24788732, 0.29577465, 0.4056338 , 0.36901408,
       0.30985915, 0.27605634, 0.29295775, 0.16056338, 0.3915493 ,
       0.34507042, 0.09577465, 0.33380282, 0.33521127, 0.38309859,
       0.38309859, 0.4       , 0.29014085, 0.35211268, 0.30985915,
       0.33521127, 0.24507042, 0.26197183, 0.30140845, 0.32816901,
       0.29014085, 0.27042254, 0.10704225, 0.40985915, 0.42394366,
       0.31549296, 0.37042254, 0.32394366, 0.33239437, 0.39014085,
       0.28450704, 0.32676056, 0.32394366, 0.34929577, 0.24225352,
       0.21971831, 0.3943662 , 0.37183099, 0.34366197, 0.37746479,
       0.32676056, 0.32676056, 0.20422535, 0.33098592, 0.35774648,
       0.42253521, 0.31267606, 0.39295775, 0.41126761, 0.41408451,
       0.28873239, 0.28450704, 0.36197183, 0.4056338 , 0.34929577,
       0.24788732, 0.37323944, 0.25352113, 0.34788732, 0.26056338,
       0.3971831 , 0.37746479, 0.41971831, 0.35352113, 0.29859155,
       0.34366197, 0.3056338 , 0.37746479, 0.29577465, 0.28169014,
       0.37746479, 0.41126761, 0.22535211, 0.34366197, 0.22816901,
       0.37464789, 0.22816901, 0.36901408, 0.30140845, 0.30704225,
       0.35492958, 0.4056338 , 0.36056338, 0.29859155, 0.37464789,
       0.39014085, 0.42957746, 0.36619718, 0.4084507 , 0.27323944,
       0.24788732, 0.26478873, 0.37323944, 0.4084507 , 0.33802817,
       0.35352113, 0.31267606, 0.44366197, 0.32394366, 0.34084507,
       0.35492958, 0.34647887, 0.32394366, 0.32676056, 0.39014085,
       0.25633803, 0.28169014, 0.32394366, 0.35211268, 0.33380282,
       0.30140845, 0.32112676, 0.31267606, 0.31830986, 0.4084507 ,
       0.2028169 , 0.32253521, 0.34507042, 0.36619718, 0.26197183,
       0.28450704, 0.3971831 , 0.32535211, 0.33521127, 0.34507042,
       0.41126761, 0.18591549, 0.3915493 , 0.32957746, 0.33521127,
       0.28450704, 0.30422535, 0.33802817, 0.41408451, 0.39295775,
       0.32112676, 0.35774648, 0.28028169, 0.38732394, 0.32112676,
       0.27323944, 0.3056338 , 0.38028169, 0.32957746, 0.38309859,
       0.30140845, 0.32676056, 0.32394366, 0.29859155, 0.41549296,
       0.27887324, 0.33802817, 0.38591549, 0.37323944, 0.07887324,
       0.2943662 , 0.32394366, 0.27605634, 0.15211268, 0.36056338,
       0.25915493, 0.36056338, 0.33943662, 0.31549296, 0.36056338,
       0.26478873, 0.28873239, 0.4       , 0.2       , 0.21971831,
       0.30422535, 0.36760563, 0.32394366, 0.36901408, 0.3915493 ,
       0.41690141, 0.26760563, 0.35352113, 0.28591549, 0.32253521,
       0.37887324, 0.37183099, 0.39577465, 0.31267606, 0.24366197,
       0.35492958, 0.3915493 , 0.32957746, 0.26619718, 0.34929577,
       0.35492958, 0.22816901, 0.34366197, 0.16056338, 0.31267606,
       0.26338028, 0.4056338 , 0.13239437, 0.38873239, 0.41126761,
       0.28309859, 0.36619718, 0.38591549, 0.13802817, 0.38169014,
       0.34366197, 0.29577465, 0.33521127, 0.35774648, 0.30985915,
       0.39577465, 0.31267606, 0.36338028, 0.35492958, 0.38591549,
       0.34929577, 0.32112676, 0.35211268, 0.21408451, 0.36619718,
       0.26619718, 0.32535211, 0.31830986, 0.23661972, 0.33521127,
       0.21126761, 0.35070423, 0.35211268, 0.34366197, 0.36056338,
       0.42535211, 0.41267606, 0.31549296, 0.36760563, 0.30985915,
       0.36478873, 0.38873239, 0.31549296, 0.28169014, 0.29577465,
       0.41126761, 0.39577465, 0.28169014, 0.30140845, 0.31549296,
       0.34084507, 0.35492958, 0.34225352, 0.25352113, 0.30704225,
       0.28873239, 0.37183099, 0.34084507, 0.37605634, 0.45774648,
       0.32957746, 0.3       , 0.28028169, 0.39577465, 0.33239437,
       0.37464789, 0.27605634, 0.36760563, 0.34929577, 0.33239437,
       0.23380282, 0.12816901, 0.26760563, 0.44225352, 0.23380282,
       0.26619718, 0.32816901, 0.32112676, 0.29577465, 0.34084507,
       0.13802817, 0.21549296, 0.30140845, 0.37323944, 0.38873239,
       0.28732394, 0.34507042, 0.32112676, 0.38591549, 0.31549296,
       0.34507042, 0.30985915, 0.30140845, 0.25352113, 0.29014085])}

Job completed at Wed Mar 19 06:25:16 PM PDT 2025
