Starting job at Wed Mar 19 06:26:56 PM PDT 2025
Job parameters:
Dataset: data_walking
UQ Method: split_conformal_naive
Estimator: XGBoost
Seed: 777
Train Size: 0.8
Running split_conformal_naive on data_walking with seed 777 and train size 0.8

starting experiment

data created

Fitting split_conformal_naive_XGBoost on data_walking with seed 777

split_conformal_naive_XGBoost metrics: {'coverage': np.float64(0.8238333333333333), 'mean_width': np.float64(3.7195), 'median_width': np.float64(3.0), 'mean_width_scaled': np.float64(0.1690681818181818), 'median_width_scaled': np.float64(0.13636363636363635)}

split_conformal_naive_XGBoost full metrics: {'coverage': np.float64(0.8238333333333333), 'mean_width': np.float64(3.7195), 'median_width': np.float64(3.0), 'mean_width_scaled': np.float64(0.1690681818181818), 'median_width_scaled': np.float64(0.13636363636363635)}

split_conformal_naive_XGBoost class metrics: {'class_coverage': array([0.85483871, 0.86666667, 0.77272727, 0.72123894, 0.86666667,
       0.69784173, 0.77258567, 0.76683938, 0.72490706, 0.91925466,
       0.60544218, 0.75675676, 0.53623188, 0.91402715, 0.84892086,
       0.7745098 , 0.90455213, 0.69354839, 0.84615385, 0.66025641,
       0.73913043, 0.79642857]), 'class_mean_width': array([5.62096774, 5.        , 4.53030303, 5.        , 3.75333333,
       5.92805755, 3.92211838, 3.97409326, 4.59107807, 2.14492754,
       6.10204082, 4.56756757, 6.88405797, 2.55769231, 2.66906475,
       5.03431373, 3.07195301, 5.22580645, 4.04102564, 5.26282051,
       6.13043478, 4.32142857]), 'class_median_width': array([5., 5., 4., 5., 3., 6., 3., 4., 4., 1., 6., 3., 7., 2., 2., 5., 2.,
       6., 4., 5., 6., 4.]), 'class_mean_width_scaled': array([0.25549853, 0.22727273, 0.20592287, 0.22727273, 0.17060606,
       0.26945716, 0.17827811, 0.1806406 , 0.20868537, 0.09749671,
       0.27736549, 0.20761671, 0.31291173, 0.11625874, 0.12132112,
       0.22883244, 0.13963423, 0.23753666, 0.18368298, 0.23921911,
       0.27865613, 0.19642857]), 'class_median_width_scaled': array([0.22727273, 0.22727273, 0.18181818, 0.22727273, 0.13636364,
       0.27272727, 0.13636364, 0.18181818, 0.18181818, 0.04545455,
       0.27272727, 0.13636364, 0.31818182, 0.09090909, 0.09090909,
       0.22727273, 0.09090909, 0.27272727, 0.18181818, 0.22727273,
       0.27272727, 0.18181818])}

split_conformal_naive_XGBoost full class metrics: {'class_coverage': array([0.85483871, 0.86666667, 0.77272727, 0.72123894, 0.86666667,
       0.69784173, 0.77258567, 0.76683938, 0.72490706, 0.91925466,
       0.60544218, 0.75675676, 0.53623188, 0.91402715, 0.84892086,
       0.7745098 , 0.90455213, 0.69354839, 0.84615385, 0.66025641,
       0.73913043, 0.79642857]), 'class_mean_width': array([5.62096774, 5.        , 4.53030303, 5.        , 3.75333333,
       5.92805755, 3.92211838, 3.97409326, 4.59107807, 2.14492754,
       6.10204082, 4.56756757, 6.88405797, 2.55769231, 2.66906475,
       5.03431373, 3.07195301, 5.22580645, 4.04102564, 5.26282051,
       6.13043478, 4.32142857]), 'class_median_width': array([5., 5., 4., 5., 3., 6., 3., 4., 4., 1., 6., 3., 7., 2., 2., 5., 2.,
       6., 4., 5., 6., 4.]), 'class_mean_width_scaled': array([0.25549853, 0.22727273, 0.20592287, 0.22727273, 0.17060606,
       0.26945716, 0.17827811, 0.1806406 , 0.20868537, 0.09749671,
       0.27736549, 0.20761671, 0.31291173, 0.11625874, 0.12132112,
       0.22883244, 0.13963423, 0.23753666, 0.18368298, 0.23921911,
       0.27865613, 0.19642857]), 'class_median_width_scaled': array([0.22727273, 0.22727273, 0.18181818, 0.22727273, 0.13636364,
       0.27272727, 0.13636364, 0.18181818, 0.18181818, 0.04545455,
       0.27272727, 0.13636364, 0.31818182, 0.09090909, 0.09090909,
       0.22727273, 0.09090909, 0.27272727, 0.18181818, 0.22727273,
       0.27272727, 0.18181818])}

Job completed at Wed Mar 19 06:27:03 PM PDT 2025
