Starting job at Wed Mar 19 06:27:06 PM PDT 2025
Job parameters:
Dataset: data_walking
UQ Method: split_conformal_naive
Estimator: XGBoost
Seed: 779
Train Size: 0.8
Running split_conformal_naive on data_walking with seed 779 and train size 0.8

starting experiment

data created

Fitting split_conformal_naive_XGBoost on data_walking with seed 779

split_conformal_naive_XGBoost metrics: {'coverage': np.float64(0.8115), 'mean_width': np.float64(3.567833333333333), 'median_width': np.float64(3.0), 'mean_width_scaled': np.float64(0.16217424242424242), 'median_width_scaled': np.float64(0.13636363636363635)}

split_conformal_naive_XGBoost full metrics: {'coverage': np.float64(0.8115), 'mean_width': np.float64(3.567833333333333), 'median_width': np.float64(3.0), 'mean_width_scaled': np.float64(0.16217424242424242), 'median_width_scaled': np.float64(0.13636363636363635)}

split_conformal_naive_XGBoost class metrics: {'class_coverage': array([0.82258065, 0.73333333, 0.78787879, 0.71238938, 0.77333333,
       0.69784173, 0.77570093, 0.77202073, 0.75836431, 0.91925466,
       0.63265306, 1.        , 0.60869565, 0.88122172, 0.86211031,
       0.75      , 0.8928047 , 0.67741935, 0.7974359 , 0.68589744,
       0.7173913 , 0.68571429]), 'class_mean_width': array([5.24193548, 4.31111111, 4.15656566, 4.80530973, 4.24666667,
       5.29496403, 3.85046729, 3.87564767, 4.20074349, 2.27536232,
       5.89795918, 4.81081081, 6.27536232, 2.38348416, 2.57194245,
       4.54411765, 3.05580029, 4.93548387, 4.13076923, 5.17307692,
       4.91304348, 3.83571429]), 'class_median_width': array([5. , 3. , 4. , 5. , 4. , 5. , 3. , 3. , 4. , 1. , 6. , 4. , 6. ,
       2. , 2. , 4.5, 3. , 4.5, 3.5, 5. , 5. , 4. ]), 'class_mean_width_scaled': array([0.23826979, 0.1959596 , 0.1889348 , 0.21842317, 0.1930303 ,
       0.24068018, 0.17502124, 0.1761658 , 0.19094289, 0.10342556,
       0.26808905, 0.21867322, 0.28524374, 0.10834019, 0.11690647,
       0.2065508 , 0.13890001, 0.22434018, 0.18776224, 0.23513986,
       0.22332016, 0.17435065]), 'class_median_width_scaled': array([0.22727273, 0.13636364, 0.18181818, 0.22727273, 0.18181818,
       0.22727273, 0.13636364, 0.13636364, 0.18181818, 0.04545455,
       0.27272727, 0.18181818, 0.27272727, 0.09090909, 0.09090909,
       0.20454545, 0.13636364, 0.20454545, 0.15909091, 0.22727273,
       0.22727273, 0.18181818])}

split_conformal_naive_XGBoost full class metrics: {'class_coverage': array([0.82258065, 0.73333333, 0.78787879, 0.71238938, 0.77333333,
       0.69784173, 0.77570093, 0.77202073, 0.75836431, 0.91925466,
       0.63265306, 1.        , 0.60869565, 0.88122172, 0.86211031,
       0.75      , 0.8928047 , 0.67741935, 0.7974359 , 0.68589744,
       0.7173913 , 0.68571429]), 'class_mean_width': array([5.24193548, 4.31111111, 4.15656566, 4.80530973, 4.24666667,
       5.29496403, 3.85046729, 3.87564767, 4.20074349, 2.27536232,
       5.89795918, 4.81081081, 6.27536232, 2.38348416, 2.57194245,
       4.54411765, 3.05580029, 4.93548387, 4.13076923, 5.17307692,
       4.91304348, 3.83571429]), 'class_median_width': array([5. , 3. , 4. , 5. , 4. , 5. , 3. , 3. , 4. , 1. , 6. , 4. , 6. ,
       2. , 2. , 4.5, 3. , 4.5, 3.5, 5. , 5. , 4. ]), 'class_mean_width_scaled': array([0.23826979, 0.1959596 , 0.1889348 , 0.21842317, 0.1930303 ,
       0.24068018, 0.17502124, 0.1761658 , 0.19094289, 0.10342556,
       0.26808905, 0.21867322, 0.28524374, 0.10834019, 0.11690647,
       0.2065508 , 0.13890001, 0.22434018, 0.18776224, 0.23513986,
       0.22332016, 0.17435065]), 'class_median_width_scaled': array([0.22727273, 0.13636364, 0.18181818, 0.22727273, 0.18181818,
       0.22727273, 0.13636364, 0.13636364, 0.18181818, 0.04545455,
       0.27272727, 0.18181818, 0.27272727, 0.09090909, 0.09090909,
       0.20454545, 0.13636364, 0.20454545, 0.15909091, 0.22727273,
       0.22727273, 0.18181818])}

Job completed at Wed Mar 19 06:27:13 PM PDT 2025
