Starting job at Wed Mar 19 06:27:16 PM PDT 2025
Job parameters:
Dataset: data_walking
UQ Method: split_conformal_naive
Estimator: XGBoost
Seed: 784
Train Size: 0.8
Running split_conformal_naive on data_walking with seed 784 and train size 0.8

starting experiment

data created

Fitting split_conformal_naive_XGBoost on data_walking with seed 784

split_conformal_naive_XGBoost metrics: {'coverage': np.float64(0.8265), 'mean_width': np.float64(3.6618333333333335), 'median_width': np.float64(3.0), 'mean_width_scaled': np.float64(0.1664469696969697), 'median_width_scaled': np.float64(0.13636363636363635)}

split_conformal_naive_XGBoost full metrics: {'coverage': np.float64(0.8265), 'mean_width': np.float64(3.6618333333333335), 'median_width': np.float64(3.0), 'mean_width_scaled': np.float64(0.1664469696969697), 'median_width_scaled': np.float64(0.13636363636363635)}

split_conformal_naive_XGBoost class metrics: {'class_coverage': array([0.62903226, 0.91111111, 0.75757576, 0.74778761, 0.83333333,
       0.73381295, 0.81931464, 0.81865285, 0.73605948, 0.8757764 ,
       0.70748299, 0.97297297, 0.47826087, 0.92081448, 0.88129496,
       0.80392157, 0.91629956, 0.70967742, 0.77948718, 0.63461538,
       0.76086957, 0.77142857]), 'class_mean_width': array([5.44354839, 4.48888889, 4.26262626, 5.06637168, 4.03333333,
       5.5323741 , 3.92834891, 4.20207254, 4.10037175, 2.38095238,
       6.1292517 , 6.08108108, 6.53623188, 2.42307692, 2.6558753 ,
       4.70588235, 3.00440529, 4.95967742, 4.15641026, 5.28205128,
       5.06521739, 4.18928571]), 'class_median_width': array([5.5, 4. , 4. , 5. , 3.5, 5. , 3. , 4. , 4. , 1. , 6. , 6. , 6. ,
       2. , 2. , 4. , 2. , 4. , 4. , 5. , 5. , 4. ]), 'class_mean_width_scaled': array([0.24743402, 0.2040404 , 0.19375574, 0.23028962, 0.18333333,
       0.25147155, 0.17856131, 0.1910033 , 0.18638053, 0.10822511,
       0.27860235, 0.27641278, 0.29710145, 0.11013986, 0.1207216 ,
       0.21390374, 0.13656388, 0.22543988, 0.18892774, 0.24009324,
       0.23023715, 0.19042208]), 'class_median_width_scaled': array([0.25      , 0.18181818, 0.18181818, 0.22727273, 0.15909091,
       0.22727273, 0.13636364, 0.18181818, 0.18181818, 0.04545455,
       0.27272727, 0.27272727, 0.27272727, 0.09090909, 0.09090909,
       0.18181818, 0.09090909, 0.18181818, 0.18181818, 0.22727273,
       0.22727273, 0.18181818])}

split_conformal_naive_XGBoost full class metrics: {'class_coverage': array([0.62903226, 0.91111111, 0.75757576, 0.74778761, 0.83333333,
       0.73381295, 0.81931464, 0.81865285, 0.73605948, 0.8757764 ,
       0.70748299, 0.97297297, 0.47826087, 0.92081448, 0.88129496,
       0.80392157, 0.91629956, 0.70967742, 0.77948718, 0.63461538,
       0.76086957, 0.77142857]), 'class_mean_width': array([5.44354839, 4.48888889, 4.26262626, 5.06637168, 4.03333333,
       5.5323741 , 3.92834891, 4.20207254, 4.10037175, 2.38095238,
       6.1292517 , 6.08108108, 6.53623188, 2.42307692, 2.6558753 ,
       4.70588235, 3.00440529, 4.95967742, 4.15641026, 5.28205128,
       5.06521739, 4.18928571]), 'class_median_width': array([5.5, 4. , 4. , 5. , 3.5, 5. , 3. , 4. , 4. , 1. , 6. , 6. , 6. ,
       2. , 2. , 4. , 2. , 4. , 4. , 5. , 5. , 4. ]), 'class_mean_width_scaled': array([0.24743402, 0.2040404 , 0.19375574, 0.23028962, 0.18333333,
       0.25147155, 0.17856131, 0.1910033 , 0.18638053, 0.10822511,
       0.27860235, 0.27641278, 0.29710145, 0.11013986, 0.1207216 ,
       0.21390374, 0.13656388, 0.22543988, 0.18892774, 0.24009324,
       0.23023715, 0.19042208]), 'class_median_width_scaled': array([0.25      , 0.18181818, 0.18181818, 0.22727273, 0.15909091,
       0.22727273, 0.13636364, 0.18181818, 0.18181818, 0.04545455,
       0.27272727, 0.27272727, 0.27272727, 0.09090909, 0.09090909,
       0.18181818, 0.09090909, 0.18181818, 0.18181818, 0.22727273,
       0.22727273, 0.18181818])}

Job completed at Wed Mar 19 06:27:21 PM PDT 2025
