Starting job at Thu Mar 20 05:03:15 PM PDT 2025
Job parameters:
Dataset: data_dionis
UQ Method: split_conformal_aps
Estimator: ExtraTrees
Seed: 785
Train Size: 0.8
Running split_conformal_aps on data_dionis with seed 785 and train size 0.8

starting experiment

data created

Fitting split_conformal_aps_ExtraTrees on data_dionis with seed 785

split_conformal_aps_ExtraTrees metrics: {'coverage': np.float64(0.8856666666666667), 'mean_width': np.float64(11.065166666666666), 'median_width': np.float64(10.0), 'mean_width_scaled': np.float64(0.031169483568075116), 'median_width_scaled': np.float64(0.028169014084507043)}

split_conformal_aps_ExtraTrees full metrics: {'coverage': np.float64(0.8856666666666667), 'mean_width': np.float64(11.065166666666666), 'median_width': np.float64(10.0), 'mean_width_scaled': np.float64(0.031169483568075116), 'median_width_scaled': np.float64(0.028169014084507043)}

split_conformal_aps_ExtraTrees class metrics: {'class_coverage': array([0.92857143, 0.875     , 0.86666667, 1.        , 0.89285714,
       0.8       , 1.        , 0.8       , 1.        , 1.        ,
       0.94444444, 1.        , 1.        , 1.        , 1.        ,
       1.        , 0.9       , 0.89473684, 1.        , 0.73333333,
       1.        , 0.79166667, 0.8125    , 0.94736842, 1.        ,
       1.        , 0.96428571, 1.        , 0.92307692, 0.72222222,
       1.        , 0.93333333, 1.        , 0.73333333, 0.86666667,
       1.        , 0.92857143, 0.86666667, 1.        , 1.        ,
       0.9375    , 0.8125    , 0.88235294, 0.66666667, 0.73333333,
       1.        , 1.        , 1.        , 0.57894737, 1.        ,
       0.73333333, 0.64705882, 0.94117647, 1.        , 0.94736842,
       0.73333333, 1.        , 0.8       , 0.92857143, 0.66666667,
       1.        , 0.9375    , 1.        , 1.        , 0.86666667,
       0.52941176, 1.        , 0.88235294, 1.        , 0.85714286,
       0.92857143, 1.        , 0.5       , 0.6       , 0.93333333,
       1.        , 0.9375    , 0.94736842, 0.8       , 1.        ,
       0.89473684, 0.95238095, 0.94117647, 1.        , 1.        ,
       0.71428571, 0.94736842, 1.        , 0.64285714, 0.875     ,
       0.53333333, 1.        , 0.94117647, 0.8       , 0.875     ,
       1.        , 0.76470588, 0.86666667, 0.92307692, 0.78947368,
       0.8125    , 0.8       , 0.93333333, 0.6875    , 1.        ,
       0.8       , 0.73333333, 0.9375    , 0.92307692, 1.        ,
       0.8       , 0.66666667, 0.85714286, 0.93333333, 0.8       ,
       1.        , 0.92857143, 0.9375    , 0.53333333, 0.33333333,
       1.        , 1.        , 1.        , 1.        , 1.        ,
       0.57894737, 0.71428571, 0.88235294, 0.875     , 0.82352941,
       0.9       , 0.78571429, 0.93333333, 0.71428571, 0.8       ,
       0.66666667, 0.93333333, 1.        , 1.        , 0.875     ,
       0.93333333, 0.93333333, 0.53333333, 1.        , 1.        ,
       0.94736842, 0.13333333, 1.        , 0.92857143, 0.875     ,
       1.        , 0.94444444, 1.        , 1.        , 0.94117647,
       0.55555556, 0.95454545, 0.9       , 1.        , 0.46666667,
       0.8125    , 1.        , 0.71428571, 0.86666667, 0.66666667,
       0.94736842, 0.6       , 0.70588235, 0.86666667, 0.77777778,
       1.        , 0.75      , 1.        , 0.66666667, 0.875     ,
       0.93333333, 0.86666667, 0.6875    , 1.        , 0.93333333,
       0.94117647, 0.25      , 1.        , 0.86666667, 1.        ,
       1.        , 1.        , 0.875     , 1.        , 1.        ,
       0.88235294, 0.73333333, 0.93333333, 0.86666667, 0.95      ,
       0.88235294, 0.64705882, 0.86666667, 0.8       , 0.94117647,
       0.93333333, 0.93333333, 1.        , 0.875     , 0.76190476,
       1.        , 1.        , 1.        , 0.71428571, 1.        ,
       0.71428571, 0.75      , 1.        , 0.86666667, 0.9375    ,
       0.94736842, 0.6875    , 0.46666667, 0.875     , 0.9047619 ,
       1.        , 1.        , 0.875     , 0.8125    , 0.92307692,
       1.        , 1.        , 0.78571429, 1.        , 1.        ,
       0.95238095, 1.        , 0.64285714, 1.        , 1.        ,
       0.93333333, 0.875     , 0.875     , 0.86666667, 1.        ,
       0.86666667, 0.95454545, 1.        , 1.        , 1.        ,
       0.5625    , 0.92857143, 0.875     , 0.9375    , 1.        ,
       0.875     , 0.85714286, 0.35714286, 1.        , 0.88      ,
       0.93333333, 1.        , 0.57894737, 0.9047619 , 1.        ,
       1.        , 0.9375    , 0.93333333, 0.6       , 1.        ,
       0.8125    , 0.88235294, 0.8       , 0.96153846, 0.92857143,
       0.73333333, 0.64705882, 0.8       , 0.8       , 1.        ,
       1.        , 1.        , 0.8125    , 0.84615385, 0.93333333,
       1.        , 0.95      , 0.8       , 0.95652174, 0.73333333,
       1.        , 0.94444444, 1.        , 0.95652174, 0.875     ,
       1.        , 0.9       , 1.        , 0.9375    , 0.8125    ,
       1.        , 0.75      , 0.91666667, 0.875     , 0.33333333,
       1.        , 0.86666667, 1.        , 0.57142857, 0.8       ,
       0.73333333, 0.875     , 0.93333333, 1.        , 0.94444444,
       1.        , 1.        , 0.78571429, 0.91304348, 0.95      ,
       0.95454545, 0.78947368, 1.        , 0.85714286, 0.85      ,
       0.94736842, 0.9375    , 0.77272727, 0.9375    , 1.        ,
       0.93333333, 0.93333333, 0.75      , 0.73333333, 0.83333333,
       0.73333333, 0.94444444, 0.8125    , 1.        , 1.        ,
       0.86363636, 1.        , 1.        , 0.88235294, 0.82352941,
       0.95652174, 1.        , 0.93333333, 0.875     , 0.8       ,
       0.83333333, 1.        , 0.93333333, 1.        , 0.53846154,
       1.        , 0.94117647, 0.89473684, 1.        , 1.        ]), 'class_mean_width': array([10.78571429, 10.9375    , 15.        ,  5.55      , 11.25      ,
        9.8       ,  9.94444444, 13.2       , 11.66666667, 12.88888889,
       13.88888889, 10.46666667,  9.66666667,  6.6       , 10.2       ,
       38.05      ,  9.5       , 10.78947368, 13.5       , 12.13333333,
       10.8       ,  8.16666667,  6.25      , 11.84210526,  7.5       ,
        7.47222222,  9.75      ,  4.66666667, 10.15384615, 14.44444444,
       11.52631579,  9.        ,  7.35294118, 13.93333333, 12.6       ,
       12.9375    , 10.78571429, 17.66666667, 11.07142857,  6.375     ,
       16.0625    , 11.0625    , 13.47058824, 18.46666667, 14.6       ,
       10.53333333, 15.16666667,  5.83333333, 12.68421053,  8.6       ,
       16.06666667, 17.05882353, 10.76470588, 12.33333333,  7.36842105,
        9.8       ,  6.        , 14.66666667, 13.28571429, 12.        ,
       17.29411765,  7.625     ,  7.26315789,  4.5       , 12.06666667,
        8.82352941, 11.5       , 11.52941176, 10.84210526, 13.42857143,
       10.07142857,  1.52380952, 10.9375    , 11.66666667,  9.        ,
       15.46666667, 19.25      ,  5.36842105,  9.33333333,  9.0625    ,
        9.21052632,  9.14285714,  8.94117647,  7.88235294,  6.1875    ,
        7.71428571,  6.47368421,  9.26666667, 15.28571429,  9.6875    ,
       10.93333333, 10.0625    , 10.        ,  9.33333333, 12.375     ,
       24.63157895, 12.        ,  8.46666667, 10.92307692, 12.57894737,
        6.5625    , 16.46666667,  8.        , 14.875     , 16.23529412,
       12.73333333,  9.8       ,  7.8125    ,  7.61538462, 10.8       ,
       15.8       , 12.4       , 11.85714286,  9.53333333, 15.26666667,
        6.5625    ,  7.42857143, 11.0625    , 18.93333333, 12.2       ,
       58.94736842, 11.5       ,  7.28      ,  8.22222222,  6.4375    ,
       18.57894737, 14.64285714, 12.41176471, 10.3125    ,  8.52941176,
       12.35      , 10.85714286, 13.26666667, 12.71428571,  8.4       ,
       14.        , 12.46666667,  5.        ,  9.73333333, 11.4375    ,
        8.8       ,  9.26666667, 11.        ,  9.8       ,  7.43478261,
        9.42105263, 11.06666667,  8.8       ,  8.        ,  9.9375    ,
       12.83333333, 16.88888889,  9.05882353, 13.75      , 11.76470588,
       15.27777778,  6.59090909, 12.95      ,  7.33333333,  9.06666667,
       11.0625    , 11.73684211, 17.71428571, 12.        , 16.4       ,
       11.42105263, 10.6       , 15.52941176,  8.93333333,  9.66666667,
        8.11764706, 11.        ,  9.34782609, 13.33333333,  8.4375    ,
        9.46666667, 10.33333333, 11.0625    , 14.53333333, 13.8       ,
        5.88235294,  9.        ,  4.4375    , 11.8       , 10.46666667,
        8.53333333, 13.875     ,  9.875     ,  7.9375    ,  6.61111111,
       12.29411765,  7.33333333,  9.6       , 12.8       ,  8.        ,
        8.23529412,  8.23529412, 12.8       , 15.2       , 16.35294118,
       14.        , 12.6       ,  3.375     , 14.3125    , 11.        ,
        6.89473684,  5.18181818,  9.33333333, 17.61904762,  8.93333333,
        6.92857143, 13.3125    , 11.65      ,  5.8       , 11.0625    ,
        7.84210526, 12.875     , 13.2       ,  8.5625    , 12.0952381 ,
        6.88235294,  8.9375    , 10.125     ,  9.5625    ,  8.76923077,
       14.13333333, 15.13333333, 14.07142857,  4.93333333, 11.5       ,
        8.80952381,  7.61111111, 13.07142857, 12.35294118,  7.        ,
        6.66666667, 12.125     , 11.6875    , 17.73333333, 10.06666667,
        6.93333333, 13.77272727, 13.05555556,  4.05      ,  5.60714286,
       16.6875    ,  7.78571429, 14.1875    , 13.625     ,  7.77272727,
       20.4375    , 10.35714286,  9.92857143,  7.16666667, 10.68      ,
       10.46666667,  6.83333333, 10.15789474,  9.04761905,  7.05      ,
        6.35      , 11.4375    ,  8.26666667, 15.46666667,  5.86666667,
        7.375     , 15.52941176, 10.35      , 32.11538462, 13.21428571,
       10.73333333, 10.        , 12.        , 14.        ,  7.61904762,
        8.6875    , 44.        , 10.3125    , 10.15384615,  9.73333333,
        8.2       , 10.8       , 12.46666667,  6.39130435, 14.2       ,
        8.02941176, 16.        , 11.66666667,  8.56521739, 15.125     ,
        6.22222222, 10.95      ,  7.2173913 , 15.0625    , 11.875     ,
       15.14285714, 13.5625    , 10.91666667, 11.625     , 14.13333333,
       10.57142857,  9.26666667,  9.6       ,  9.64285714,  9.26666667,
        5.8       , 15.8125    ,  9.26666667,  5.        ,  8.5       ,
        6.27777778,  4.8       , 13.78571429,  5.82608696, 13.8       ,
        8.13636364, 12.05263158, 11.28571429, 11.28571429, 15.45      ,
        7.89473684, 13.0625    ,  7.13636364, 15.875     , 11.21428571,
        6.6       , 13.86666667, 15.8125    ,  7.8       , 14.05555556,
        7.6       ,  7.16666667, 13.6875    , 13.93333333,  9.17647059,
        8.45454545, 11.19230769, 11.13333333, 10.76470588, 15.82352941,
       21.17391304, 10.1875    ,  8.        ,  9.8125    , 16.26666667,
        2.94444444,  9.625     , 11.66666667,  6.8       ,  9.        ,
       14.14285714,  4.76470588, 12.21052632,  8.05263158,  5.55555556]), 'class_median_width': array([ 7. , 10.5, 15. ,  5. , 11. , 10. , 12. , 12. , 11. , 12.5, 13. ,
       10. ,  9. ,  6. , 10. ,  3. ,  9. , 11. , 14. , 10. , 11. ,  8. ,
        5. , 12. ,  7. ,  6. ,  8. ,  4. ,  8. , 13. ,  9. ,  4. ,  6. ,
       13. , 12. , 14. ,  9.5, 17. , 12. ,  6. , 16.5, 10. , 14. , 19. ,
       13. ,  9. , 15. ,  6. , 10. ,  8. , 13. , 18. , 10. , 13. ,  6. ,
       10. ,  4. , 14. , 11.5, 11. , 17. ,  6. ,  7. ,  2. , 11. ,  8. ,
       10. , 12. , 11. , 13.5,  9.5,  1. , 10.5, 10. ,  8. , 15. , 18.5,
        5. ,  9. ,  7.5,  7. ,  7. ,  9. ,  8. ,  5. ,  6. ,  5. ,  8. ,
       14. ,  9.5, 11. ,  9. ,  9. ,  7. , 12. ,  7. , 10. ,  9. ,  9.5,
       12. ,  6. , 16. ,  7. , 14. , 16. , 12. ,  8. ,  6. ,  4. , 11.5,
       17. , 11. , 10.5,  9. , 16. ,  5.5,  9. ,  9. , 18. , 11. ,  2. ,
       12. ,  5. ,  8.5,  6.5, 21. , 13.5, 12. , 10. ,  8. , 11.5, 10.5,
       12. , 11.5,  8. , 12. , 10. ,  3.5,  9. ,  9.5,  8. ,  8. , 10. ,
       10. ,  5. ,  9. , 10. ,  7. ,  8.5,  9. , 11.5, 15.5,  8. , 16. ,
       12. , 16.5,  4.5, 11.5,  6. ,  8. , 10. , 12. , 18. , 10. , 15. ,
       11. , 10. , 15. ,  6. ,  8.5,  4. , 12. ,  7. , 13. ,  8.5,  9. ,
        9. ,  9.5, 17. , 14. ,  4. ,  7. ,  4. , 11. , 11. ,  6. , 13. ,
       11. ,  9. ,  5. , 10. ,  6. ,  9. , 13. ,  7. ,  7. ,  6. , 12. ,
       17. , 16. , 15. , 13. ,  3. , 13.5, 10. ,  7. ,  4.5,  9. , 17. ,
        8. ,  7. , 12. , 10.5,  5. , 14. ,  5. , 11. , 12. ,  8. , 12. ,
        6. ,  6. , 10.5,  8.5,  8. , 12. , 17. , 12.5,  5. , 12.5,  8. ,
        7. , 10.5, 13. ,  6. ,  6. , 10.5, 12. , 18. , 10. ,  6. , 13.5,
       11.5,  4. ,  5. , 17. ,  6. , 12.5, 13.5,  7.5, 20.5,  9. ,  9. ,
        6.5,  9. , 11. ,  6. , 10. ,  8. ,  5. ,  4. , 10.5,  8. , 14. ,
        4. ,  5.5, 16. ,  8.5,  3. , 12.5, 10. ,  9. , 14. , 14. ,  7. ,
        7. ,  5.5, 10.5,  9. ,  9. ,  7. , 10.5, 11. ,  6. , 11. ,  7. ,
       15.5, 11. ,  9. , 15. ,  7. ,  8. ,  6. , 15. , 13.5, 14.5, 12.5,
       10. , 10.5, 14. ,  8. ,  9. , 10. ,  9. ,  9. ,  7. , 15. , 11. ,
        4. ,  7. ,  5. ,  5. , 12.5,  5. , 13.5,  7.5, 11. , 12. , 11.5,
       16. ,  7. , 13. ,  6. , 16. , 11.5,  6. , 11. , 16. ,  8. , 14. ,
        6. ,  7. , 12. , 13. ,  9. ,  6.5, 11.5,  7. , 10. , 16. ,  5. ,
       12.5,  7. ,  9. , 16. ,  2.5,  7.5, 10. ,  8. ,  9. , 14. ,  3. ,
       13. ,  7. ,  4. ]), 'class_mean_width_scaled': array([0.03038229, 0.03080986, 0.04225352, 0.0156338 , 0.03169014,
       0.02760563, 0.02801252, 0.0371831 , 0.03286385, 0.03630673,
       0.03912363, 0.02948357, 0.02723005, 0.01859155, 0.02873239,
       0.1071831 , 0.02676056, 0.03039288, 0.03802817, 0.0341784 ,
       0.03042254, 0.02300469, 0.01760563, 0.03335804, 0.02112676,
       0.02104851, 0.02746479, 0.01314554, 0.02860238, 0.04068858,
       0.0324685 , 0.02535211, 0.02071251, 0.03924883, 0.03549296,
       0.03644366, 0.03038229, 0.04976526, 0.03118712, 0.01795775,
       0.04524648, 0.03116197, 0.03794532, 0.05201878, 0.04112676,
       0.02967136, 0.042723  , 0.01643192, 0.03573017, 0.02422535,
       0.04525822, 0.04805302, 0.03032312, 0.03474178, 0.02075612,
       0.02760563, 0.01690141, 0.04131455, 0.03742455, 0.03380282,
       0.04871582, 0.02147887, 0.0204596 , 0.01267606, 0.03399061,
       0.02485501, 0.03239437, 0.03247722, 0.03054114, 0.03782696,
       0.02837022, 0.00429242, 0.03080986, 0.03286385, 0.02535211,
       0.04356808, 0.05422535, 0.01512231, 0.02629108, 0.02552817,
       0.02594514, 0.02575453, 0.02518641, 0.02220381, 0.01742958,
       0.02173038, 0.01823573, 0.02610329, 0.04305835, 0.02728873,
       0.03079812, 0.02834507, 0.02816901, 0.02629108, 0.03485915,
       0.06938473, 0.03380282, 0.02384977, 0.03076923, 0.03543365,
       0.01848592, 0.04638498, 0.02253521, 0.04190141, 0.04573322,
       0.03586854, 0.02760563, 0.02200704, 0.02145179, 0.03042254,
       0.04450704, 0.03492958, 0.0334004 , 0.02685446, 0.04300469,
       0.01848592, 0.02092555, 0.03116197, 0.05333333, 0.0343662 ,
       0.16604893, 0.03239437, 0.02050704, 0.02316119, 0.0181338 ,
       0.05233506, 0.04124748, 0.03496272, 0.0290493 , 0.02402651,
       0.03478873, 0.0305835 , 0.03737089, 0.03581489, 0.02366197,
       0.03943662, 0.03511737, 0.01408451, 0.02741784, 0.03221831,
       0.02478873, 0.02610329, 0.03098592, 0.02760563, 0.02094305,
       0.02653818, 0.03117371, 0.02478873, 0.02253521, 0.02799296,
       0.03615023, 0.04757433, 0.02551781, 0.03873239, 0.03314002,
       0.04303599, 0.01856594, 0.03647887, 0.02065728, 0.02553991,
       0.03116197, 0.03306153, 0.0498994 , 0.03380282, 0.04619718,
       0.03217198, 0.02985915, 0.04374482, 0.02516432, 0.02723005,
       0.02286661, 0.03098592, 0.0263319 , 0.03755869, 0.02376761,
       0.02666667, 0.02910798, 0.03116197, 0.04093897, 0.03887324,
       0.01657001, 0.02535211, 0.0125    , 0.03323944, 0.02948357,
       0.02403756, 0.03908451, 0.0278169 , 0.02235915, 0.01862285,
       0.03463132, 0.02065728, 0.02704225, 0.03605634, 0.02253521,
       0.02319801, 0.02319801, 0.03605634, 0.0428169 , 0.04606462,
       0.03943662, 0.03549296, 0.00950704, 0.0403169 , 0.03098592,
       0.01942179, 0.01459667, 0.02629108, 0.04963112, 0.02516432,
       0.0195171 , 0.0375    , 0.0328169 , 0.01633803, 0.03116197,
       0.02209044, 0.03626761, 0.0371831 , 0.02411972, 0.03407109,
       0.01938691, 0.02517606, 0.02852113, 0.02693662, 0.02470206,
       0.03981221, 0.04262911, 0.03963783, 0.01389671, 0.03239437,
       0.02481556, 0.02143975, 0.03682093, 0.03479702, 0.01971831,
       0.01877934, 0.03415493, 0.03292254, 0.04995305, 0.02835681,
       0.01953052, 0.03879641, 0.03677621, 0.01140845, 0.01579477,
       0.04700704, 0.02193159, 0.03996479, 0.03838028, 0.02189501,
       0.05757042, 0.02917505, 0.02796781, 0.02018779, 0.03008451,
       0.02948357, 0.01924883, 0.02861379, 0.02548625, 0.01985915,
       0.01788732, 0.03221831, 0.02328638, 0.04356808, 0.01652582,
       0.02077465, 0.04374482, 0.02915493, 0.09046587, 0.03722334,
       0.03023474, 0.02816901, 0.03380282, 0.03943662, 0.02146211,
       0.02447183, 0.12394366, 0.0290493 , 0.02860238, 0.02741784,
       0.02309859, 0.03042254, 0.03511737, 0.01800367, 0.04      ,
       0.02261806, 0.04507042, 0.03286385, 0.02412737, 0.04260563,
       0.01752739, 0.03084507, 0.02033068, 0.04242958, 0.0334507 ,
       0.04265594, 0.03820423, 0.03075117, 0.03274648, 0.03981221,
       0.02977867, 0.02610329, 0.02704225, 0.02716298, 0.02610329,
       0.01633803, 0.04454225, 0.02610329, 0.01408451, 0.02394366,
       0.01768388, 0.01352113, 0.038833  , 0.01641151, 0.03887324,
       0.02291933, 0.03395107, 0.03179074, 0.03179074, 0.04352113,
       0.0222387 , 0.03679577, 0.02010243, 0.04471831, 0.03158954,
       0.01859155, 0.03906103, 0.04454225, 0.02197183, 0.03959311,
       0.02140845, 0.02018779, 0.03855634, 0.03924883, 0.02584921,
       0.02381562, 0.03152763, 0.0313615 , 0.03032312, 0.04457332,
       0.05964483, 0.02869718, 0.02253521, 0.02764085, 0.0458216 ,
       0.00829421, 0.02711268, 0.03286385, 0.01915493, 0.02535211,
       0.03983903, 0.01342171, 0.03439585, 0.02268347, 0.01564945]), 'class_median_width_scaled': array([0.01971831, 0.02957746, 0.04225352, 0.01408451, 0.03098592,
       0.02816901, 0.03380282, 0.03380282, 0.03098592, 0.03521127,
       0.03661972, 0.02816901, 0.02535211, 0.01690141, 0.02816901,
       0.0084507 , 0.02535211, 0.03098592, 0.03943662, 0.02816901,
       0.03098592, 0.02253521, 0.01408451, 0.03380282, 0.01971831,
       0.01690141, 0.02253521, 0.01126761, 0.02253521, 0.03661972,
       0.02535211, 0.01126761, 0.01690141, 0.03661972, 0.03380282,
       0.03943662, 0.02676056, 0.04788732, 0.03380282, 0.01690141,
       0.04647887, 0.02816901, 0.03943662, 0.05352113, 0.03661972,
       0.02535211, 0.04225352, 0.01690141, 0.02816901, 0.02253521,
       0.03661972, 0.05070423, 0.02816901, 0.03661972, 0.01690141,
       0.02816901, 0.01126761, 0.03943662, 0.03239437, 0.03098592,
       0.04788732, 0.01690141, 0.01971831, 0.0056338 , 0.03098592,
       0.02253521, 0.02816901, 0.03380282, 0.03098592, 0.03802817,
       0.02676056, 0.0028169 , 0.02957746, 0.02816901, 0.02253521,
       0.04225352, 0.05211268, 0.01408451, 0.02535211, 0.02112676,
       0.01971831, 0.01971831, 0.02535211, 0.02253521, 0.01408451,
       0.01690141, 0.01408451, 0.02253521, 0.03943662, 0.02676056,
       0.03098592, 0.02535211, 0.02535211, 0.01971831, 0.03380282,
       0.01971831, 0.02816901, 0.02535211, 0.02676056, 0.03380282,
       0.01690141, 0.04507042, 0.01971831, 0.03943662, 0.04507042,
       0.03380282, 0.02253521, 0.01690141, 0.01126761, 0.03239437,
       0.04788732, 0.03098592, 0.02957746, 0.02535211, 0.04507042,
       0.01549296, 0.02535211, 0.02535211, 0.05070423, 0.03098592,
       0.0056338 , 0.03380282, 0.01408451, 0.02394366, 0.01830986,
       0.05915493, 0.03802817, 0.03380282, 0.02816901, 0.02253521,
       0.03239437, 0.02957746, 0.03380282, 0.03239437, 0.02253521,
       0.03380282, 0.02816901, 0.00985915, 0.02535211, 0.02676056,
       0.02253521, 0.02253521, 0.02816901, 0.02816901, 0.01408451,
       0.02535211, 0.02816901, 0.01971831, 0.02394366, 0.02535211,
       0.03239437, 0.04366197, 0.02253521, 0.04507042, 0.03380282,
       0.04647887, 0.01267606, 0.03239437, 0.01690141, 0.02253521,
       0.02816901, 0.03380282, 0.05070423, 0.02816901, 0.04225352,
       0.03098592, 0.02816901, 0.04225352, 0.01690141, 0.02394366,
       0.01126761, 0.03380282, 0.01971831, 0.03661972, 0.02394366,
       0.02535211, 0.02535211, 0.02676056, 0.04788732, 0.03943662,
       0.01126761, 0.01971831, 0.01126761, 0.03098592, 0.03098592,
       0.01690141, 0.03661972, 0.03098592, 0.02535211, 0.01408451,
       0.02816901, 0.01690141, 0.02535211, 0.03661972, 0.01971831,
       0.01971831, 0.01690141, 0.03380282, 0.04788732, 0.04507042,
       0.04225352, 0.03661972, 0.0084507 , 0.03802817, 0.02816901,
       0.01971831, 0.01267606, 0.02535211, 0.04788732, 0.02253521,
       0.01971831, 0.03380282, 0.02957746, 0.01408451, 0.03943662,
       0.01408451, 0.03098592, 0.03380282, 0.02253521, 0.03380282,
       0.01690141, 0.01690141, 0.02957746, 0.02394366, 0.02253521,
       0.03380282, 0.04788732, 0.03521127, 0.01408451, 0.03521127,
       0.02253521, 0.01971831, 0.02957746, 0.03661972, 0.01690141,
       0.01690141, 0.02957746, 0.03380282, 0.05070423, 0.02816901,
       0.01690141, 0.03802817, 0.03239437, 0.01126761, 0.01408451,
       0.04788732, 0.01690141, 0.03521127, 0.03802817, 0.02112676,
       0.05774648, 0.02535211, 0.02535211, 0.01830986, 0.02535211,
       0.03098592, 0.01690141, 0.02816901, 0.02253521, 0.01408451,
       0.01126761, 0.02957746, 0.02253521, 0.03943662, 0.01126761,
       0.01549296, 0.04507042, 0.02394366, 0.0084507 , 0.03521127,
       0.02816901, 0.02535211, 0.03943662, 0.03943662, 0.01971831,
       0.01971831, 0.01549296, 0.02957746, 0.02535211, 0.02535211,
       0.01971831, 0.02957746, 0.03098592, 0.01690141, 0.03098592,
       0.01971831, 0.04366197, 0.03098592, 0.02535211, 0.04225352,
       0.01971831, 0.02253521, 0.01690141, 0.04225352, 0.03802817,
       0.04084507, 0.03521127, 0.02816901, 0.02957746, 0.03943662,
       0.02253521, 0.02535211, 0.02816901, 0.02535211, 0.02535211,
       0.01971831, 0.04225352, 0.03098592, 0.01126761, 0.01971831,
       0.01408451, 0.01408451, 0.03521127, 0.01408451, 0.03802817,
       0.02112676, 0.03098592, 0.03380282, 0.03239437, 0.04507042,
       0.01971831, 0.03661972, 0.01690141, 0.04507042, 0.03239437,
       0.01690141, 0.03098592, 0.04507042, 0.02253521, 0.03943662,
       0.01690141, 0.01971831, 0.03380282, 0.03661972, 0.02535211,
       0.01830986, 0.03239437, 0.01971831, 0.02816901, 0.04507042,
       0.01408451, 0.03521127, 0.01971831, 0.02535211, 0.04507042,
       0.00704225, 0.02112676, 0.02816901, 0.02253521, 0.02535211,
       0.03943662, 0.0084507 , 0.03661972, 0.01971831, 0.01126761])}

split_conformal_aps_ExtraTrees full class metrics: {'class_coverage': array([0.92857143, 0.875     , 0.86666667, 1.        , 0.89285714,
       0.8       , 1.        , 0.8       , 1.        , 1.        ,
       0.94444444, 1.        , 1.        , 1.        , 1.        ,
       1.        , 0.9       , 0.89473684, 1.        , 0.73333333,
       1.        , 0.79166667, 0.8125    , 0.94736842, 1.        ,
       1.        , 0.96428571, 1.        , 0.92307692, 0.72222222,
       1.        , 0.93333333, 1.        , 0.73333333, 0.86666667,
       1.        , 0.92857143, 0.86666667, 1.        , 1.        ,
       0.9375    , 0.8125    , 0.88235294, 0.66666667, 0.73333333,
       1.        , 1.        , 1.        , 0.57894737, 1.        ,
       0.73333333, 0.64705882, 0.94117647, 1.        , 0.94736842,
       0.73333333, 1.        , 0.8       , 0.92857143, 0.66666667,
       1.        , 0.9375    , 1.        , 1.        , 0.86666667,
       0.52941176, 1.        , 0.88235294, 1.        , 0.85714286,
       0.92857143, 1.        , 0.5       , 0.6       , 0.93333333,
       1.        , 0.9375    , 0.94736842, 0.8       , 1.        ,
       0.89473684, 0.95238095, 0.94117647, 1.        , 1.        ,
       0.71428571, 0.94736842, 1.        , 0.64285714, 0.875     ,
       0.53333333, 1.        , 0.94117647, 0.8       , 0.875     ,
       1.        , 0.76470588, 0.86666667, 0.92307692, 0.78947368,
       0.8125    , 0.8       , 0.93333333, 0.6875    , 1.        ,
       0.8       , 0.73333333, 0.9375    , 0.92307692, 1.        ,
       0.8       , 0.66666667, 0.85714286, 0.93333333, 0.8       ,
       1.        , 0.92857143, 0.9375    , 0.53333333, 0.33333333,
       1.        , 1.        , 1.        , 1.        , 1.        ,
       0.57894737, 0.71428571, 0.88235294, 0.875     , 0.82352941,
       0.9       , 0.78571429, 0.93333333, 0.71428571, 0.8       ,
       0.66666667, 0.93333333, 1.        , 1.        , 0.875     ,
       0.93333333, 0.93333333, 0.53333333, 1.        , 1.        ,
       0.94736842, 0.13333333, 1.        , 0.92857143, 0.875     ,
       1.        , 0.94444444, 1.        , 1.        , 0.94117647,
       0.55555556, 0.95454545, 0.9       , 1.        , 0.46666667,
       0.8125    , 1.        , 0.71428571, 0.86666667, 0.66666667,
       0.94736842, 0.6       , 0.70588235, 0.86666667, 0.77777778,
       1.        , 0.75      , 1.        , 0.66666667, 0.875     ,
       0.93333333, 0.86666667, 0.6875    , 1.        , 0.93333333,
       0.94117647, 0.25      , 1.        , 0.86666667, 1.        ,
       1.        , 1.        , 0.875     , 1.        , 1.        ,
       0.88235294, 0.73333333, 0.93333333, 0.86666667, 0.95      ,
       0.88235294, 0.64705882, 0.86666667, 0.8       , 0.94117647,
       0.93333333, 0.93333333, 1.        , 0.875     , 0.76190476,
       1.        , 1.        , 1.        , 0.71428571, 1.        ,
       0.71428571, 0.75      , 1.        , 0.86666667, 0.9375    ,
       0.94736842, 0.6875    , 0.46666667, 0.875     , 0.9047619 ,
       1.        , 1.        , 0.875     , 0.8125    , 0.92307692,
       1.        , 1.        , 0.78571429, 1.        , 1.        ,
       0.95238095, 1.        , 0.64285714, 1.        , 1.        ,
       0.93333333, 0.875     , 0.875     , 0.86666667, 1.        ,
       0.86666667, 0.95454545, 1.        , 1.        , 1.        ,
       0.5625    , 0.92857143, 0.875     , 0.9375    , 1.        ,
       0.875     , 0.85714286, 0.35714286, 1.        , 0.88      ,
       0.93333333, 1.        , 0.57894737, 0.9047619 , 1.        ,
       1.        , 0.9375    , 0.93333333, 0.6       , 1.        ,
       0.8125    , 0.88235294, 0.8       , 0.96153846, 0.92857143,
       0.73333333, 0.64705882, 0.8       , 0.8       , 1.        ,
       1.        , 1.        , 0.8125    , 0.84615385, 0.93333333,
       1.        , 0.95      , 0.8       , 0.95652174, 0.73333333,
       1.        , 0.94444444, 1.        , 0.95652174, 0.875     ,
       1.        , 0.9       , 1.        , 0.9375    , 0.8125    ,
       1.        , 0.75      , 0.91666667, 0.875     , 0.33333333,
       1.        , 0.86666667, 1.        , 0.57142857, 0.8       ,
       0.73333333, 0.875     , 0.93333333, 1.        , 0.94444444,
       1.        , 1.        , 0.78571429, 0.91304348, 0.95      ,
       0.95454545, 0.78947368, 1.        , 0.85714286, 0.85      ,
       0.94736842, 0.9375    , 0.77272727, 0.9375    , 1.        ,
       0.93333333, 0.93333333, 0.75      , 0.73333333, 0.83333333,
       0.73333333, 0.94444444, 0.8125    , 1.        , 1.        ,
       0.86363636, 1.        , 1.        , 0.88235294, 0.82352941,
       0.95652174, 1.        , 0.93333333, 0.875     , 0.8       ,
       0.83333333, 1.        , 0.93333333, 1.        , 0.53846154,
       1.        , 0.94117647, 0.89473684, 1.        , 1.        ]), 'class_mean_width': array([10.78571429, 10.9375    , 15.        ,  5.55      , 11.25      ,
        9.8       ,  9.94444444, 13.2       , 11.66666667, 12.88888889,
       13.88888889, 10.46666667,  9.66666667,  6.6       , 10.2       ,
       38.05      ,  9.5       , 10.78947368, 13.5       , 12.13333333,
       10.8       ,  8.16666667,  6.25      , 11.84210526,  7.5       ,
        7.47222222,  9.75      ,  4.66666667, 10.15384615, 14.44444444,
       11.52631579,  9.        ,  7.35294118, 13.93333333, 12.6       ,
       12.9375    , 10.78571429, 17.66666667, 11.07142857,  6.375     ,
       16.0625    , 11.0625    , 13.47058824, 18.46666667, 14.6       ,
       10.53333333, 15.16666667,  5.83333333, 12.68421053,  8.6       ,
       16.06666667, 17.05882353, 10.76470588, 12.33333333,  7.36842105,
        9.8       ,  6.        , 14.66666667, 13.28571429, 12.        ,
       17.29411765,  7.625     ,  7.26315789,  4.5       , 12.06666667,
        8.82352941, 11.5       , 11.52941176, 10.84210526, 13.42857143,
       10.07142857,  1.52380952, 10.9375    , 11.66666667,  9.        ,
       15.46666667, 19.25      ,  5.36842105,  9.33333333,  9.0625    ,
        9.21052632,  9.14285714,  8.94117647,  7.88235294,  6.1875    ,
        7.71428571,  6.47368421,  9.26666667, 15.28571429,  9.6875    ,
       10.93333333, 10.0625    , 10.        ,  9.33333333, 12.375     ,
       24.63157895, 12.        ,  8.46666667, 10.92307692, 12.57894737,
        6.5625    , 16.46666667,  8.        , 14.875     , 16.23529412,
       12.73333333,  9.8       ,  7.8125    ,  7.61538462, 10.8       ,
       15.8       , 12.4       , 11.85714286,  9.53333333, 15.26666667,
        6.5625    ,  7.42857143, 11.0625    , 18.93333333, 12.2       ,
       58.94736842, 11.5       ,  7.28      ,  8.22222222,  6.4375    ,
       18.57894737, 14.64285714, 12.41176471, 10.3125    ,  8.52941176,
       12.35      , 10.85714286, 13.26666667, 12.71428571,  8.4       ,
       14.        , 12.46666667,  5.        ,  9.73333333, 11.4375    ,
        8.8       ,  9.26666667, 11.        ,  9.8       ,  7.43478261,
        9.42105263, 11.06666667,  8.8       ,  8.        ,  9.9375    ,
       12.83333333, 16.88888889,  9.05882353, 13.75      , 11.76470588,
       15.27777778,  6.59090909, 12.95      ,  7.33333333,  9.06666667,
       11.0625    , 11.73684211, 17.71428571, 12.        , 16.4       ,
       11.42105263, 10.6       , 15.52941176,  8.93333333,  9.66666667,
        8.11764706, 11.        ,  9.34782609, 13.33333333,  8.4375    ,
        9.46666667, 10.33333333, 11.0625    , 14.53333333, 13.8       ,
        5.88235294,  9.        ,  4.4375    , 11.8       , 10.46666667,
        8.53333333, 13.875     ,  9.875     ,  7.9375    ,  6.61111111,
       12.29411765,  7.33333333,  9.6       , 12.8       ,  8.        ,
        8.23529412,  8.23529412, 12.8       , 15.2       , 16.35294118,
       14.        , 12.6       ,  3.375     , 14.3125    , 11.        ,
        6.89473684,  5.18181818,  9.33333333, 17.61904762,  8.93333333,
        6.92857143, 13.3125    , 11.65      ,  5.8       , 11.0625    ,
        7.84210526, 12.875     , 13.2       ,  8.5625    , 12.0952381 ,
        6.88235294,  8.9375    , 10.125     ,  9.5625    ,  8.76923077,
       14.13333333, 15.13333333, 14.07142857,  4.93333333, 11.5       ,
        8.80952381,  7.61111111, 13.07142857, 12.35294118,  7.        ,
        6.66666667, 12.125     , 11.6875    , 17.73333333, 10.06666667,
        6.93333333, 13.77272727, 13.05555556,  4.05      ,  5.60714286,
       16.6875    ,  7.78571429, 14.1875    , 13.625     ,  7.77272727,
       20.4375    , 10.35714286,  9.92857143,  7.16666667, 10.68      ,
       10.46666667,  6.83333333, 10.15789474,  9.04761905,  7.05      ,
        6.35      , 11.4375    ,  8.26666667, 15.46666667,  5.86666667,
        7.375     , 15.52941176, 10.35      , 32.11538462, 13.21428571,
       10.73333333, 10.        , 12.        , 14.        ,  7.61904762,
        8.6875    , 44.        , 10.3125    , 10.15384615,  9.73333333,
        8.2       , 10.8       , 12.46666667,  6.39130435, 14.2       ,
        8.02941176, 16.        , 11.66666667,  8.56521739, 15.125     ,
        6.22222222, 10.95      ,  7.2173913 , 15.0625    , 11.875     ,
       15.14285714, 13.5625    , 10.91666667, 11.625     , 14.13333333,
       10.57142857,  9.26666667,  9.6       ,  9.64285714,  9.26666667,
        5.8       , 15.8125    ,  9.26666667,  5.        ,  8.5       ,
        6.27777778,  4.8       , 13.78571429,  5.82608696, 13.8       ,
        8.13636364, 12.05263158, 11.28571429, 11.28571429, 15.45      ,
        7.89473684, 13.0625    ,  7.13636364, 15.875     , 11.21428571,
        6.6       , 13.86666667, 15.8125    ,  7.8       , 14.05555556,
        7.6       ,  7.16666667, 13.6875    , 13.93333333,  9.17647059,
        8.45454545, 11.19230769, 11.13333333, 10.76470588, 15.82352941,
       21.17391304, 10.1875    ,  8.        ,  9.8125    , 16.26666667,
        2.94444444,  9.625     , 11.66666667,  6.8       ,  9.        ,
       14.14285714,  4.76470588, 12.21052632,  8.05263158,  5.55555556]), 'class_median_width': array([ 7. , 10.5, 15. ,  5. , 11. , 10. , 12. , 12. , 11. , 12.5, 13. ,
       10. ,  9. ,  6. , 10. ,  3. ,  9. , 11. , 14. , 10. , 11. ,  8. ,
        5. , 12. ,  7. ,  6. ,  8. ,  4. ,  8. , 13. ,  9. ,  4. ,  6. ,
       13. , 12. , 14. ,  9.5, 17. , 12. ,  6. , 16.5, 10. , 14. , 19. ,
       13. ,  9. , 15. ,  6. , 10. ,  8. , 13. , 18. , 10. , 13. ,  6. ,
       10. ,  4. , 14. , 11.5, 11. , 17. ,  6. ,  7. ,  2. , 11. ,  8. ,
       10. , 12. , 11. , 13.5,  9.5,  1. , 10.5, 10. ,  8. , 15. , 18.5,
        5. ,  9. ,  7.5,  7. ,  7. ,  9. ,  8. ,  5. ,  6. ,  5. ,  8. ,
       14. ,  9.5, 11. ,  9. ,  9. ,  7. , 12. ,  7. , 10. ,  9. ,  9.5,
       12. ,  6. , 16. ,  7. , 14. , 16. , 12. ,  8. ,  6. ,  4. , 11.5,
       17. , 11. , 10.5,  9. , 16. ,  5.5,  9. ,  9. , 18. , 11. ,  2. ,
       12. ,  5. ,  8.5,  6.5, 21. , 13.5, 12. , 10. ,  8. , 11.5, 10.5,
       12. , 11.5,  8. , 12. , 10. ,  3.5,  9. ,  9.5,  8. ,  8. , 10. ,
       10. ,  5. ,  9. , 10. ,  7. ,  8.5,  9. , 11.5, 15.5,  8. , 16. ,
       12. , 16.5,  4.5, 11.5,  6. ,  8. , 10. , 12. , 18. , 10. , 15. ,
       11. , 10. , 15. ,  6. ,  8.5,  4. , 12. ,  7. , 13. ,  8.5,  9. ,
        9. ,  9.5, 17. , 14. ,  4. ,  7. ,  4. , 11. , 11. ,  6. , 13. ,
       11. ,  9. ,  5. , 10. ,  6. ,  9. , 13. ,  7. ,  7. ,  6. , 12. ,
       17. , 16. , 15. , 13. ,  3. , 13.5, 10. ,  7. ,  4.5,  9. , 17. ,
        8. ,  7. , 12. , 10.5,  5. , 14. ,  5. , 11. , 12. ,  8. , 12. ,
        6. ,  6. , 10.5,  8.5,  8. , 12. , 17. , 12.5,  5. , 12.5,  8. ,
        7. , 10.5, 13. ,  6. ,  6. , 10.5, 12. , 18. , 10. ,  6. , 13.5,
       11.5,  4. ,  5. , 17. ,  6. , 12.5, 13.5,  7.5, 20.5,  9. ,  9. ,
        6.5,  9. , 11. ,  6. , 10. ,  8. ,  5. ,  4. , 10.5,  8. , 14. ,
        4. ,  5.5, 16. ,  8.5,  3. , 12.5, 10. ,  9. , 14. , 14. ,  7. ,
        7. ,  5.5, 10.5,  9. ,  9. ,  7. , 10.5, 11. ,  6. , 11. ,  7. ,
       15.5, 11. ,  9. , 15. ,  7. ,  8. ,  6. , 15. , 13.5, 14.5, 12.5,
       10. , 10.5, 14. ,  8. ,  9. , 10. ,  9. ,  9. ,  7. , 15. , 11. ,
        4. ,  7. ,  5. ,  5. , 12.5,  5. , 13.5,  7.5, 11. , 12. , 11.5,
       16. ,  7. , 13. ,  6. , 16. , 11.5,  6. , 11. , 16. ,  8. , 14. ,
        6. ,  7. , 12. , 13. ,  9. ,  6.5, 11.5,  7. , 10. , 16. ,  5. ,
       12.5,  7. ,  9. , 16. ,  2.5,  7.5, 10. ,  8. ,  9. , 14. ,  3. ,
       13. ,  7. ,  4. ]), 'class_mean_width_scaled': array([0.03038229, 0.03080986, 0.04225352, 0.0156338 , 0.03169014,
       0.02760563, 0.02801252, 0.0371831 , 0.03286385, 0.03630673,
       0.03912363, 0.02948357, 0.02723005, 0.01859155, 0.02873239,
       0.1071831 , 0.02676056, 0.03039288, 0.03802817, 0.0341784 ,
       0.03042254, 0.02300469, 0.01760563, 0.03335804, 0.02112676,
       0.02104851, 0.02746479, 0.01314554, 0.02860238, 0.04068858,
       0.0324685 , 0.02535211, 0.02071251, 0.03924883, 0.03549296,
       0.03644366, 0.03038229, 0.04976526, 0.03118712, 0.01795775,
       0.04524648, 0.03116197, 0.03794532, 0.05201878, 0.04112676,
       0.02967136, 0.042723  , 0.01643192, 0.03573017, 0.02422535,
       0.04525822, 0.04805302, 0.03032312, 0.03474178, 0.02075612,
       0.02760563, 0.01690141, 0.04131455, 0.03742455, 0.03380282,
       0.04871582, 0.02147887, 0.0204596 , 0.01267606, 0.03399061,
       0.02485501, 0.03239437, 0.03247722, 0.03054114, 0.03782696,
       0.02837022, 0.00429242, 0.03080986, 0.03286385, 0.02535211,
       0.04356808, 0.05422535, 0.01512231, 0.02629108, 0.02552817,
       0.02594514, 0.02575453, 0.02518641, 0.02220381, 0.01742958,
       0.02173038, 0.01823573, 0.02610329, 0.04305835, 0.02728873,
       0.03079812, 0.02834507, 0.02816901, 0.02629108, 0.03485915,
       0.06938473, 0.03380282, 0.02384977, 0.03076923, 0.03543365,
       0.01848592, 0.04638498, 0.02253521, 0.04190141, 0.04573322,
       0.03586854, 0.02760563, 0.02200704, 0.02145179, 0.03042254,
       0.04450704, 0.03492958, 0.0334004 , 0.02685446, 0.04300469,
       0.01848592, 0.02092555, 0.03116197, 0.05333333, 0.0343662 ,
       0.16604893, 0.03239437, 0.02050704, 0.02316119, 0.0181338 ,
       0.05233506, 0.04124748, 0.03496272, 0.0290493 , 0.02402651,
       0.03478873, 0.0305835 , 0.03737089, 0.03581489, 0.02366197,
       0.03943662, 0.03511737, 0.01408451, 0.02741784, 0.03221831,
       0.02478873, 0.02610329, 0.03098592, 0.02760563, 0.02094305,
       0.02653818, 0.03117371, 0.02478873, 0.02253521, 0.02799296,
       0.03615023, 0.04757433, 0.02551781, 0.03873239, 0.03314002,
       0.04303599, 0.01856594, 0.03647887, 0.02065728, 0.02553991,
       0.03116197, 0.03306153, 0.0498994 , 0.03380282, 0.04619718,
       0.03217198, 0.02985915, 0.04374482, 0.02516432, 0.02723005,
       0.02286661, 0.03098592, 0.0263319 , 0.03755869, 0.02376761,
       0.02666667, 0.02910798, 0.03116197, 0.04093897, 0.03887324,
       0.01657001, 0.02535211, 0.0125    , 0.03323944, 0.02948357,
       0.02403756, 0.03908451, 0.0278169 , 0.02235915, 0.01862285,
       0.03463132, 0.02065728, 0.02704225, 0.03605634, 0.02253521,
       0.02319801, 0.02319801, 0.03605634, 0.0428169 , 0.04606462,
       0.03943662, 0.03549296, 0.00950704, 0.0403169 , 0.03098592,
       0.01942179, 0.01459667, 0.02629108, 0.04963112, 0.02516432,
       0.0195171 , 0.0375    , 0.0328169 , 0.01633803, 0.03116197,
       0.02209044, 0.03626761, 0.0371831 , 0.02411972, 0.03407109,
       0.01938691, 0.02517606, 0.02852113, 0.02693662, 0.02470206,
       0.03981221, 0.04262911, 0.03963783, 0.01389671, 0.03239437,
       0.02481556, 0.02143975, 0.03682093, 0.03479702, 0.01971831,
       0.01877934, 0.03415493, 0.03292254, 0.04995305, 0.02835681,
       0.01953052, 0.03879641, 0.03677621, 0.01140845, 0.01579477,
       0.04700704, 0.02193159, 0.03996479, 0.03838028, 0.02189501,
       0.05757042, 0.02917505, 0.02796781, 0.02018779, 0.03008451,
       0.02948357, 0.01924883, 0.02861379, 0.02548625, 0.01985915,
       0.01788732, 0.03221831, 0.02328638, 0.04356808, 0.01652582,
       0.02077465, 0.04374482, 0.02915493, 0.09046587, 0.03722334,
       0.03023474, 0.02816901, 0.03380282, 0.03943662, 0.02146211,
       0.02447183, 0.12394366, 0.0290493 , 0.02860238, 0.02741784,
       0.02309859, 0.03042254, 0.03511737, 0.01800367, 0.04      ,
       0.02261806, 0.04507042, 0.03286385, 0.02412737, 0.04260563,
       0.01752739, 0.03084507, 0.02033068, 0.04242958, 0.0334507 ,
       0.04265594, 0.03820423, 0.03075117, 0.03274648, 0.03981221,
       0.02977867, 0.02610329, 0.02704225, 0.02716298, 0.02610329,
       0.01633803, 0.04454225, 0.02610329, 0.01408451, 0.02394366,
       0.01768388, 0.01352113, 0.038833  , 0.01641151, 0.03887324,
       0.02291933, 0.03395107, 0.03179074, 0.03179074, 0.04352113,
       0.0222387 , 0.03679577, 0.02010243, 0.04471831, 0.03158954,
       0.01859155, 0.03906103, 0.04454225, 0.02197183, 0.03959311,
       0.02140845, 0.02018779, 0.03855634, 0.03924883, 0.02584921,
       0.02381562, 0.03152763, 0.0313615 , 0.03032312, 0.04457332,
       0.05964483, 0.02869718, 0.02253521, 0.02764085, 0.0458216 ,
       0.00829421, 0.02711268, 0.03286385, 0.01915493, 0.02535211,
       0.03983903, 0.01342171, 0.03439585, 0.02268347, 0.01564945]), 'class_median_width_scaled': array([0.01971831, 0.02957746, 0.04225352, 0.01408451, 0.03098592,
       0.02816901, 0.03380282, 0.03380282, 0.03098592, 0.03521127,
       0.03661972, 0.02816901, 0.02535211, 0.01690141, 0.02816901,
       0.0084507 , 0.02535211, 0.03098592, 0.03943662, 0.02816901,
       0.03098592, 0.02253521, 0.01408451, 0.03380282, 0.01971831,
       0.01690141, 0.02253521, 0.01126761, 0.02253521, 0.03661972,
       0.02535211, 0.01126761, 0.01690141, 0.03661972, 0.03380282,
       0.03943662, 0.02676056, 0.04788732, 0.03380282, 0.01690141,
       0.04647887, 0.02816901, 0.03943662, 0.05352113, 0.03661972,
       0.02535211, 0.04225352, 0.01690141, 0.02816901, 0.02253521,
       0.03661972, 0.05070423, 0.02816901, 0.03661972, 0.01690141,
       0.02816901, 0.01126761, 0.03943662, 0.03239437, 0.03098592,
       0.04788732, 0.01690141, 0.01971831, 0.0056338 , 0.03098592,
       0.02253521, 0.02816901, 0.03380282, 0.03098592, 0.03802817,
       0.02676056, 0.0028169 , 0.02957746, 0.02816901, 0.02253521,
       0.04225352, 0.05211268, 0.01408451, 0.02535211, 0.02112676,
       0.01971831, 0.01971831, 0.02535211, 0.02253521, 0.01408451,
       0.01690141, 0.01408451, 0.02253521, 0.03943662, 0.02676056,
       0.03098592, 0.02535211, 0.02535211, 0.01971831, 0.03380282,
       0.01971831, 0.02816901, 0.02535211, 0.02676056, 0.03380282,
       0.01690141, 0.04507042, 0.01971831, 0.03943662, 0.04507042,
       0.03380282, 0.02253521, 0.01690141, 0.01126761, 0.03239437,
       0.04788732, 0.03098592, 0.02957746, 0.02535211, 0.04507042,
       0.01549296, 0.02535211, 0.02535211, 0.05070423, 0.03098592,
       0.0056338 , 0.03380282, 0.01408451, 0.02394366, 0.01830986,
       0.05915493, 0.03802817, 0.03380282, 0.02816901, 0.02253521,
       0.03239437, 0.02957746, 0.03380282, 0.03239437, 0.02253521,
       0.03380282, 0.02816901, 0.00985915, 0.02535211, 0.02676056,
       0.02253521, 0.02253521, 0.02816901, 0.02816901, 0.01408451,
       0.02535211, 0.02816901, 0.01971831, 0.02394366, 0.02535211,
       0.03239437, 0.04366197, 0.02253521, 0.04507042, 0.03380282,
       0.04647887, 0.01267606, 0.03239437, 0.01690141, 0.02253521,
       0.02816901, 0.03380282, 0.05070423, 0.02816901, 0.04225352,
       0.03098592, 0.02816901, 0.04225352, 0.01690141, 0.02394366,
       0.01126761, 0.03380282, 0.01971831, 0.03661972, 0.02394366,
       0.02535211, 0.02535211, 0.02676056, 0.04788732, 0.03943662,
       0.01126761, 0.01971831, 0.01126761, 0.03098592, 0.03098592,
       0.01690141, 0.03661972, 0.03098592, 0.02535211, 0.01408451,
       0.02816901, 0.01690141, 0.02535211, 0.03661972, 0.01971831,
       0.01971831, 0.01690141, 0.03380282, 0.04788732, 0.04507042,
       0.04225352, 0.03661972, 0.0084507 , 0.03802817, 0.02816901,
       0.01971831, 0.01267606, 0.02535211, 0.04788732, 0.02253521,
       0.01971831, 0.03380282, 0.02957746, 0.01408451, 0.03943662,
       0.01408451, 0.03098592, 0.03380282, 0.02253521, 0.03380282,
       0.01690141, 0.01690141, 0.02957746, 0.02394366, 0.02253521,
       0.03380282, 0.04788732, 0.03521127, 0.01408451, 0.03521127,
       0.02253521, 0.01971831, 0.02957746, 0.03661972, 0.01690141,
       0.01690141, 0.02957746, 0.03380282, 0.05070423, 0.02816901,
       0.01690141, 0.03802817, 0.03239437, 0.01126761, 0.01408451,
       0.04788732, 0.01690141, 0.03521127, 0.03802817, 0.02112676,
       0.05774648, 0.02535211, 0.02535211, 0.01830986, 0.02535211,
       0.03098592, 0.01690141, 0.02816901, 0.02253521, 0.01408451,
       0.01126761, 0.02957746, 0.02253521, 0.03943662, 0.01126761,
       0.01549296, 0.04507042, 0.02394366, 0.0084507 , 0.03521127,
       0.02816901, 0.02535211, 0.03943662, 0.03943662, 0.01971831,
       0.01971831, 0.01549296, 0.02957746, 0.02535211, 0.02535211,
       0.01971831, 0.02957746, 0.03098592, 0.01690141, 0.03098592,
       0.01971831, 0.04366197, 0.03098592, 0.02535211, 0.04225352,
       0.01971831, 0.02253521, 0.01690141, 0.04225352, 0.03802817,
       0.04084507, 0.03521127, 0.02816901, 0.02957746, 0.03943662,
       0.02253521, 0.02535211, 0.02816901, 0.02535211, 0.02535211,
       0.01971831, 0.04225352, 0.03098592, 0.01126761, 0.01971831,
       0.01408451, 0.01408451, 0.03521127, 0.01408451, 0.03802817,
       0.02112676, 0.03098592, 0.03380282, 0.03239437, 0.04507042,
       0.01971831, 0.03661972, 0.01690141, 0.04507042, 0.03239437,
       0.01690141, 0.03098592, 0.04507042, 0.02253521, 0.03943662,
       0.01690141, 0.01971831, 0.03380282, 0.03661972, 0.02535211,
       0.01830986, 0.03239437, 0.01971831, 0.02816901, 0.04507042,
       0.01408451, 0.03521127, 0.01971831, 0.02535211, 0.04507042,
       0.00704225, 0.02112676, 0.02816901, 0.02253521, 0.02535211,
       0.03943662, 0.0084507 , 0.03661972, 0.01971831, 0.01126761])}

Job completed at Thu Mar 20 05:03:19 PM PDT 2025
