Starting job at Thu Mar 20 05:03:13 PM PDT 2025
Job parameters:
Dataset: data_dionis
UQ Method: split_conformal_aps
Estimator: ExtraTrees
Seed: 777
Train Size: 0.8
Running split_conformal_aps on data_dionis with seed 777 and train size 0.8

starting experiment

data created

Fitting split_conformal_aps_ExtraTrees on data_dionis with seed 777

split_conformal_aps_ExtraTrees metrics: {'coverage': np.float64(0.8886666666666667), 'mean_width': np.float64(11.699833333333334), 'median_width': np.float64(11.0), 'mean_width_scaled': np.float64(0.032957276995305165), 'median_width_scaled': np.float64(0.030985915492957747)}

split_conformal_aps_ExtraTrees full metrics: {'coverage': np.float64(0.8886666666666667), 'mean_width': np.float64(11.699833333333334), 'median_width': np.float64(11.0), 'mean_width_scaled': np.float64(0.032957276995305165), 'median_width_scaled': np.float64(0.030985915492957747)}

split_conformal_aps_ExtraTrees class metrics: {'class_coverage': array([0.89285714, 0.75      , 0.93333333, 1.        , 1.        ,
       0.8       , 0.94444444, 0.86666667, 0.93333333, 0.83333333,
       0.72222222, 0.8       , 0.83333333, 1.        , 0.8       ,
       0.95      , 0.95      , 1.        , 0.92857143, 0.6       ,
       1.        , 0.625     , 0.75      , 1.        , 0.875     ,
       0.97222222, 1.        , 0.66666667, 1.        , 1.        ,
       1.        , 1.        , 0.94117647, 0.86666667, 1.        ,
       1.        , 1.        , 0.8       , 1.        , 0.75      ,
       0.9375    , 0.875     , 1.        , 0.53333333, 0.6       ,
       1.        , 0.83333333, 1.        , 0.89473684, 1.        ,
       0.66666667, 0.94117647, 0.76470588, 1.        , 0.94736842,
       1.        , 0.93333333, 0.93333333, 0.78571429, 0.8       ,
       0.70588235, 1.        , 0.89473684, 0.85714286, 0.73333333,
       0.70588235, 0.94444444, 1.        , 0.89473684, 0.92857143,
       0.57142857, 1.        , 0.75      , 0.93333333, 0.93333333,
       0.86666667, 1.        , 0.94736842, 0.73333333, 0.8125    ,
       1.        , 0.85714286, 0.94117647, 0.94117647, 0.9375    ,
       0.57142857, 0.68421053, 1.        , 0.64285714, 0.9375    ,
       0.86666667, 0.875     , 0.94117647, 0.8       , 1.        ,
       0.89473684, 0.76470588, 0.66666667, 0.88461538, 0.84210526,
       0.9375    , 0.73333333, 0.93333333, 0.8125    , 0.94117647,
       0.66666667, 0.73333333, 0.5       , 0.92307692, 1.        ,
       0.86666667, 0.8       , 0.78571429, 0.8       , 0.86666667,
       1.        , 0.71428571, 0.9375    , 0.93333333, 0.73333333,
       1.        , 0.8125    , 1.        , 0.88888889, 0.9375    ,
       0.84210526, 0.78571429, 0.88235294, 0.875     , 1.        ,
       0.95      , 0.92857143, 0.86666667, 0.85714286, 0.33333333,
       1.        , 1.        , 1.        , 0.86666667, 1.        ,
       0.73333333, 0.86666667, 0.93333333, 0.93333333, 1.        ,
       0.94736842, 0.86666667, 1.        , 0.57142857, 0.9375    ,
       1.        , 0.94444444, 1.        , 0.875     , 1.        ,
       0.94444444, 0.95454545, 0.95      , 1.        , 0.66666667,
       0.875     , 1.        , 0.85714286, 0.66666667, 0.8       ,
       0.94736842, 0.93333333, 0.88235294, 0.93333333, 0.94444444,
       0.88235294, 0.9375    , 1.        , 0.8       , 0.75      ,
       0.93333333, 0.86666667, 0.6875    , 0.86666667, 0.93333333,
       0.875     , 0.4375    , 1.        , 0.66666667, 1.        ,
       1.        , 0.75      , 1.        , 0.875     , 1.        ,
       0.88235294, 0.46666667, 0.93333333, 1.        , 0.9       ,
       0.76470588, 0.35294118, 0.8       , 0.86666667, 0.94444444,
       0.93333333, 0.86666667, 0.9375    , 1.        , 1.        ,
       1.        , 1.        , 0.8       , 1.        , 1.        ,
       0.85714286, 0.625     , 0.85      , 0.93333333, 0.75      ,
       0.78947368, 0.875     , 0.86666667, 1.        , 1.        ,
       0.94117647, 0.875     , 0.9375    , 0.9375    , 0.92307692,
       0.93333333, 0.8       , 0.64285714, 1.        , 0.875     ,
       0.85714286, 0.61111111, 0.57142857, 0.88235294, 1.        ,
       0.93333333, 0.9375    , 0.875     , 0.73333333, 0.93333333,
       0.93333333, 0.95454545, 1.        , 1.        , 0.96428571,
       0.875     , 0.92857143, 0.9375    , 1.        , 1.        ,
       0.875     , 0.64285714, 0.85714286, 1.        , 0.88      ,
       0.93333333, 0.77777778, 0.84210526, 0.95238095, 1.        ,
       0.95      , 0.8125    , 0.86666667, 0.93333333, 0.93333333,
       1.        , 0.88235294, 1.        , 1.        , 0.71428571,
       0.86666667, 0.82352941, 1.        , 0.8       , 1.        ,
       1.        , 0.94444444, 0.8125    , 0.76923077, 1.        ,
       0.93333333, 0.95      , 0.93333333, 0.91304348, 0.66666667,
       1.        , 0.94444444, 1.        , 0.91304348, 1.        ,
       1.        , 1.        , 1.        , 1.        , 0.875     ,
       0.71428571, 0.875     , 0.95833333, 0.75      , 0.8       ,
       0.92857143, 1.        , 1.        , 0.57142857, 0.73333333,
       1.        , 0.75      , 1.        , 0.8       , 1.        ,
       0.94444444, 0.93333333, 0.64285714, 0.95652174, 0.9       ,
       1.        , 1.        , 0.78571429, 0.92857143, 0.95      ,
       0.84210526, 0.6875    , 0.95454545, 0.8125    , 1.        ,
       0.93333333, 0.6       , 1.        , 0.86666667, 0.88888889,
       0.86666667, 0.88888889, 1.        , 1.        , 0.70588235,
       0.90909091, 0.96153846, 1.        , 1.        , 0.82352941,
       0.86956522, 0.9375    , 0.66666667, 0.875     , 0.86666667,
       0.94444444, 0.9375    , 0.8       , 1.        , 0.76923077,
       1.        , 0.94117647, 1.        , 1.        , 1.        ]), 'class_mean_width': array([13.64285714, 15.1875    , 15.6       , 21.        , 12.14285714,
       13.06666667,  7.27777778, 14.66666667, 14.13333333, 12.5       ,
       18.94444444, 14.4       , 11.        , 10.2       , 12.13333333,
        4.6       , 12.15      , 12.47368421, 11.71428571, 15.2       ,
       10.2       , 12.625     ,  7.125     , 11.21052632, 11.0625    ,
        8.        , 15.03571429,  8.6       , 10.92307692, 16.        ,
       10.05263158, 11.66666667, 12.47058824, 12.4       , 13.86666667,
       17.3125    , 13.14285714, 18.66666667, 10.78571429,  6.125     ,
       14.6875    , 12.375     , 11.        , 19.8       , 16.8       ,
       10.6       , 18.22222222,  5.05555556, 16.10526316,  8.5       ,
       15.66666667, 16.35294118, 11.35294118, 10.44444444,  9.36842105,
       12.46666667,  9.26666667, 18.33333333, 14.42857143, 12.8       ,
       13.52941176,  9.125     , 10.36842105,  6.71428571, 13.13333333,
        7.41176471, 12.        , 12.88235294, 14.        , 12.5       ,
       11.78571429,  2.80952381, 11.375     ,  6.6       , 14.46666667,
       14.33333333, 17.125     ,  7.05263158, 10.46666667,  8.125     ,
       11.        ,  9.52380952, 15.82352941,  7.82352941,  6.5625    ,
       13.71428571,  7.36842105,  8.33333333, 16.14285714, 10.        ,
       16.53333333, 14.375     , 10.47058824,  7.73333333, 13.375     ,
        8.36842105, 11.47058824, 12.46666667, 14.19230769,  9.57894737,
        9.8125    , 15.13333333, 10.        , 10.8125    , 17.76470588,
       14.06666667, 10.53333333,  9.8125    ,  6.84615385, 12.        ,
       18.2       , 14.4       , 18.57142857, 11.73333333, 19.33333333,
        5.5625    , 14.07142857, 12.0625    , 18.26666667, 14.        ,
       40.78947368, 12.3125    ,  5.52      , 12.55555556,  6.25      ,
       17.63157895, 16.92857143, 15.17647059,  8.4375    , 10.17647059,
       14.5       , 10.78571429, 14.        , 14.92857143,  8.26666667,
       12.93333333, 11.86666667,  4.44444444, 16.53333333,  6.875     ,
       12.4       , 10.53333333, 11.6       , 11.13333333, 22.60869565,
       11.15789474, 11.4       , 11.6       , 11.35714286, 12.4375    ,
       11.27777778, 18.66666667, 10.88235294, 19.6875    , 14.        ,
       12.27777778,  5.59090909, 12.85      ,  9.33333333,  7.4       ,
       12.1875    , 11.73684211, 17.5       , 15.13333333, 13.2       ,
       17.21052632, 10.86666667, 18.82352941,  8.06666667, 11.        ,
        9.64705882,  8.3125    ,  8.60869565, 13.73333333, 10.125     ,
       15.4       , 10.86666667, 12.1875    , 13.93333333, 16.4       ,
       11.25      ,  7.5625    ,  6.0625    , 13.33333333, 12.8       ,
        9.33333333, 15.0625    , 10.375     ,  9.8125    ,  7.38888889,
       12.70588235,  7.46666667,  8.06666667, 11.66666667, 10.9       ,
        4.76470588, 10.52941176, 15.6       , 14.93333333, 16.05555556,
       13.6       , 12.6       ,  3.75      , 14.        , 10.9047619 ,
        8.42105263,  3.40909091, 12.93333333, 13.80952381, 10.2       ,
        5.        , 12.9375    , 11.5       ,  5.53333333, 12.5625    ,
       11.10526316, 15.4375    , 13.33333333,  9.25      , 13.71428571,
        6.58823529, 11.625     , 11.5       ,  7.875     ,  5.53846154,
       13.66666667, 15.4       , 16.71428571,  7.2       ,  9.1875    ,
       11.61904762, 14.16666667, 14.07142857, 16.        ,  7.76470588,
        8.        , 15.875     , 12.125     , 17.        , 13.6       ,
        5.6       , 12.86363636, 14.33333333,  8.        ,  4.96428571,
       15.375     , 10.28571429, 13.75      , 11.1875    ,  6.81818182,
       18.375     , 13.        , 11.14285714,  5.83333333, 13.44      ,
       12.4       , 10.11111111, 12.15789474, 11.9047619 ,  7.55      ,
        7.7       , 15.5625    ,  4.73333333, 14.4       ,  6.13333333,
        9.875     , 10.70588235, 10.25      ,  7.03846154, 18.        ,
       10.86666667,  9.        , 15.        , 15.66666667,  7.14285714,
       11.1875    ,  8.55555556,  8.3125    , 10.30769231, 10.        ,
       11.8       , 10.9       , 12.86666667,  5.86956522, 15.93333333,
        7.94117647,  9.38888889, 13.6       , 10.91304348, 11.375     ,
        6.55555556,  9.45      ,  7.30434783,  9.4375    , 10.5       ,
       19.64285714, 16.1875    , 12.25      , 17.125     , 16.26666667,
        9.5       , 11.26666667, 14.33333333, 12.5       , 10.33333333,
        5.4       , 16.6875    ,  7.93333333, 13.66666667, 10.11111111,
        5.11111111,  4.46666667, 16.85714286,  5.91304348, 14.55      ,
        8.22727273,  9.78947368, 13.21428571, 14.78571429, 19.3       ,
        7.52631579, 15.75      ,  6.09090909, 17.75      , 10.71428571,
        9.66666667, 15.66666667, 13.375     ,  9.66666667, 16.94444444,
        6.06666667,  7.55555556, 16.4375    , 16.2       , 11.23529412,
       10.18181818, 12.30769231,  8.13333333, 10.64705882, 15.70588235,
        7.04347826, 10.75      ,  9.46666667, 12.1875    , 16.86666667,
        4.72222222, 13.0625    , 14.33333333, 13.93333333, 12.61538462,
       15.35714286, 11.88235294, 13.94736842,  8.15789474,  9.16666667]), 'class_median_width': array([13. , 13. , 14. ,  2. , 12. , 12. ,  5. , 16. , 15. , 11. , 20. ,
       12. ,  9. ,  7. , 12. ,  3. , 12. , 12. , 12. , 15. , 10. , 12. ,
        5.5, 10. , 10. ,  6. , 13. , 10. , 11. , 14.5,  9. ,  9. , 12. ,
       12. , 13. , 17. , 13.5, 19. , 10.5,  4.5, 14.5, 11.5, 11. , 19. ,
       16. ,  9. , 17.5,  4.5, 17. ,  7. , 15. , 16. , 10. ,  8.5,  9. ,
       11. ,  7. , 18. , 13.5, 11. , 15. ,  9.5,  9. ,  3. ,  9. ,  7. ,
       11. , 12. , 12. , 12. ,  9.5,  2. , 11. ,  4. , 13. , 14. , 16.5,
        7. , 10. ,  7. , 11. ,  8. , 15. ,  6. ,  6. , 14. ,  4. ,  7. ,
       16. ,  9.5, 16. , 15.5,  9. ,  4. , 13.5,  8. ,  9. , 12. , 13. ,
       10. , 11. , 13. ,  8. , 10.5, 18. , 15. , 11. ,  9. ,  6. , 11. ,
       17. , 14. , 19.5, 10. , 19. ,  5. , 14. , 11.5, 17. , 13. ,  2. ,
       14. ,  4. , 12.5,  5. , 18. , 16.5, 16. ,  7. ,  9. , 15. , 10. ,
       13. , 15. ,  6. , 13. , 10. ,  3.5, 16. ,  6. , 14. ,  9. , 11. ,
       10. ,  6. , 11. , 11. ,  8. , 11.5, 13. , 12. , 17. , 10. , 20. ,
       15. , 12. ,  6.5, 12. ,  8. ,  7. , 12. , 11. , 18. , 14. , 13. ,
       18. , 11. , 19. ,  5. , 10.5,  7. ,  8.5,  6. , 12. ,  9.5, 14. ,
       10. , 11. , 14. , 16. , 10.5,  7.5,  4.5, 11. , 13. ,  9. , 14.5,
       10.5,  9.5,  5.5, 11. ,  7. ,  7. , 11. , 12.5,  4. ,  9. , 13. ,
       15. , 17. , 13. , 13. ,  4. , 13. ,  7. ,  7. ,  3. , 13. , 14. ,
       11. ,  4. , 12. ,  9. ,  3. , 13. ,  6. , 14.5, 12. ,  7.5, 12. ,
        4. ,  8. , 11. ,  7.5,  4. , 13. , 16. , 15. ,  7. ,  8.5, 11. ,
       13. , 14. , 16. ,  9. ,  7. , 15.5, 11.5, 17. , 13. ,  6. , 11.5,
       15.5,  9. ,  3. , 15. ,  8.5, 14.5, 10. ,  6. , 18. , 12. , 11. ,
        5.5, 12. , 11. , 10. , 11. , 13. ,  6.5,  4.5, 12.5,  4. , 14. ,
        4. ,  8.5,  7. , 10.5,  6. , 17. ,  9. ,  8. , 14. , 16. ,  7. ,
       10.5,  9. ,  8.5,  9. , 11. , 11. , 10.5, 11. ,  5. , 13. ,  7. ,
        7.5, 14. , 10. , 10.5,  7. , 11. ,  5. ,  8.5, 10.5, 21.5, 16.5,
       10.5, 15. , 17. ,  7.5, 12. , 13. , 13.5,  9. ,  3. , 16.5,  8. ,
       14. ,  9. ,  5. ,  4. , 18. ,  4. , 12.5,  6. ,  9. , 10.5, 13. ,
       19.5,  8. , 15. ,  4.5, 18.5, 10. ,  9. , 15. , 12.5,  7. , 17. ,
        5. ,  5. , 16. , 14. , 12. ,  8. , 13. ,  6. , 10. , 15. ,  6. ,
       10. ,  7. , 12. , 15. ,  3.5, 12. , 13. , 14. , 12. , 15.5, 11. ,
       12. ,  8. ,  8.5]), 'class_mean_width_scaled': array([0.03843058, 0.04278169, 0.04394366, 0.05915493, 0.03420523,
       0.03680751, 0.02050078, 0.04131455, 0.03981221, 0.03521127,
       0.05336463, 0.04056338, 0.03098592, 0.02873239, 0.0341784 ,
       0.01295775, 0.03422535, 0.03513714, 0.03299799, 0.0428169 ,
       0.02873239, 0.03556338, 0.02007042, 0.03157895, 0.03116197,
       0.02253521, 0.04235412, 0.02422535, 0.03076923, 0.04507042,
       0.02831727, 0.03286385, 0.03512842, 0.03492958, 0.03906103,
       0.04876761, 0.03702213, 0.05258216, 0.03038229, 0.01725352,
       0.04137324, 0.03485915, 0.03098592, 0.05577465, 0.04732394,
       0.02985915, 0.0513302 , 0.014241  , 0.04536694, 0.02394366,
       0.04413146, 0.04606462, 0.03198012, 0.02942097, 0.02638992,
       0.03511737, 0.02610329, 0.05164319, 0.04064386, 0.03605634,
       0.03811102, 0.02570423, 0.02920682, 0.01891348, 0.03699531,
       0.02087821, 0.03380282, 0.03628832, 0.03943662, 0.03521127,
       0.0331992 , 0.00791415, 0.03204225, 0.01859155, 0.04075117,
       0.04037559, 0.04823944, 0.01986657, 0.02948357, 0.02288732,
       0.03098592, 0.02682763, 0.04457332, 0.02203811, 0.01848592,
       0.03863179, 0.02075612, 0.02347418, 0.04547284, 0.02816901,
       0.04657277, 0.04049296, 0.02949461, 0.02178404, 0.03767606,
       0.02357302, 0.03231152, 0.03511737, 0.03997833, 0.02698295,
       0.02764085, 0.04262911, 0.02816901, 0.03045775, 0.05004143,
       0.03962441, 0.02967136, 0.02764085, 0.01928494, 0.03380282,
       0.05126761, 0.04056338, 0.05231388, 0.03305164, 0.05446009,
       0.01566901, 0.03963783, 0.03397887, 0.0514554 , 0.03943662,
       0.11489993, 0.0346831 , 0.0155493 , 0.03536776, 0.01760563,
       0.04966642, 0.04768612, 0.04275062, 0.02376761, 0.02866611,
       0.04084507, 0.03038229, 0.03943662, 0.04205231, 0.02328638,
       0.03643192, 0.03342723, 0.01251956, 0.04657277, 0.0193662 ,
       0.03492958, 0.02967136, 0.03267606, 0.0313615 , 0.06368647,
       0.03143069, 0.03211268, 0.03267606, 0.03199195, 0.03503521,
       0.03176839, 0.05258216, 0.03065452, 0.05545775, 0.03943662,
       0.03458529, 0.01574904, 0.03619718, 0.02629108, 0.02084507,
       0.03433099, 0.03306153, 0.04929577, 0.04262911, 0.0371831 ,
       0.04848036, 0.03061033, 0.05302403, 0.022723  , 0.03098592,
       0.02717481, 0.02341549, 0.02424985, 0.03868545, 0.02852113,
       0.04338028, 0.03061033, 0.03433099, 0.03924883, 0.04619718,
       0.03169014, 0.02130282, 0.01707746, 0.03755869, 0.03605634,
       0.02629108, 0.04242958, 0.02922535, 0.02764085, 0.02081377,
       0.03579122, 0.02103286, 0.022723  , 0.03286385, 0.03070423,
       0.01342171, 0.02966031, 0.04394366, 0.04206573, 0.04522692,
       0.03830986, 0.03549296, 0.01056338, 0.03943662, 0.03071764,
       0.02372128, 0.00960307, 0.03643192, 0.03890007, 0.02873239,
       0.01408451, 0.03644366, 0.03239437, 0.01558685, 0.03538732,
       0.03128243, 0.04348592, 0.03755869, 0.02605634, 0.03863179,
       0.01855841, 0.03274648, 0.03239437, 0.0221831 , 0.0156013 ,
       0.03849765, 0.04338028, 0.04708249, 0.02028169, 0.02588028,
       0.03272971, 0.0399061 , 0.03963783, 0.04507042, 0.02187241,
       0.02253521, 0.04471831, 0.03415493, 0.04788732, 0.03830986,
       0.01577465, 0.0362356 , 0.04037559, 0.02253521, 0.0139839 ,
       0.04330986, 0.02897384, 0.03873239, 0.03151408, 0.01920615,
       0.05176056, 0.03661972, 0.03138833, 0.01643192, 0.03785915,
       0.03492958, 0.028482  , 0.03424759, 0.03353454, 0.02126761,
       0.02169014, 0.04383803, 0.01333333, 0.04056338, 0.017277  ,
       0.0278169 , 0.03015742, 0.02887324, 0.01982665, 0.05070423,
       0.03061033, 0.02535211, 0.04225352, 0.04413146, 0.02012072,
       0.03151408, 0.02410016, 0.02341549, 0.02903575, 0.02816901,
       0.03323944, 0.03070423, 0.03624413, 0.01653399, 0.04488263,
       0.02236951, 0.02644757, 0.03830986, 0.03074097, 0.03204225,
       0.01846635, 0.02661972, 0.02057563, 0.02658451, 0.02957746,
       0.05533199, 0.04559859, 0.03450704, 0.04823944, 0.0458216 ,
       0.02676056, 0.03173709, 0.04037559, 0.03521127, 0.02910798,
       0.01521127, 0.04700704, 0.02234742, 0.03849765, 0.028482  ,
       0.0143975 , 0.01258216, 0.04748491, 0.01665646, 0.04098592,
       0.02317542, 0.02757598, 0.03722334, 0.0416499 , 0.0543662 ,
       0.02120089, 0.0443662 , 0.01715749, 0.05      , 0.03018109,
       0.02723005, 0.04413146, 0.03767606, 0.02723005, 0.04773083,
       0.0170892 , 0.02128326, 0.04630282, 0.0456338 , 0.03164872,
       0.02868118, 0.03466956, 0.0229108 , 0.02999171, 0.04424192,
       0.01984078, 0.03028169, 0.02666667, 0.03433099, 0.04751174,
       0.01330203, 0.03679577, 0.04037559, 0.03924883, 0.03553629,
       0.04325956, 0.03347142, 0.03928836, 0.02297999, 0.0258216 ]), 'class_median_width_scaled': array([0.03661972, 0.03661972, 0.03943662, 0.0056338 , 0.03380282,
       0.03380282, 0.01408451, 0.04507042, 0.04225352, 0.03098592,
       0.05633803, 0.03380282, 0.02535211, 0.01971831, 0.03380282,
       0.0084507 , 0.03380282, 0.03380282, 0.03380282, 0.04225352,
       0.02816901, 0.03380282, 0.01549296, 0.02816901, 0.02816901,
       0.01690141, 0.03661972, 0.02816901, 0.03098592, 0.04084507,
       0.02535211, 0.02535211, 0.03380282, 0.03380282, 0.03661972,
       0.04788732, 0.03802817, 0.05352113, 0.02957746, 0.01267606,
       0.04084507, 0.03239437, 0.03098592, 0.05352113, 0.04507042,
       0.02535211, 0.04929577, 0.01267606, 0.04788732, 0.01971831,
       0.04225352, 0.04507042, 0.02816901, 0.02394366, 0.02535211,
       0.03098592, 0.01971831, 0.05070423, 0.03802817, 0.03098592,
       0.04225352, 0.02676056, 0.02535211, 0.0084507 , 0.02535211,
       0.01971831, 0.03098592, 0.03380282, 0.03380282, 0.03380282,
       0.02676056, 0.0056338 , 0.03098592, 0.01126761, 0.03661972,
       0.03943662, 0.04647887, 0.01971831, 0.02816901, 0.01971831,
       0.03098592, 0.02253521, 0.04225352, 0.01690141, 0.01690141,
       0.03943662, 0.01126761, 0.01971831, 0.04507042, 0.02676056,
       0.04507042, 0.04366197, 0.02535211, 0.01126761, 0.03802817,
       0.02253521, 0.02535211, 0.03380282, 0.03661972, 0.02816901,
       0.03098592, 0.03661972, 0.02253521, 0.02957746, 0.05070423,
       0.04225352, 0.03098592, 0.02535211, 0.01690141, 0.03098592,
       0.04788732, 0.03943662, 0.05492958, 0.02816901, 0.05352113,
       0.01408451, 0.03943662, 0.03239437, 0.04788732, 0.03661972,
       0.0056338 , 0.03943662, 0.01126761, 0.03521127, 0.01408451,
       0.05070423, 0.04647887, 0.04507042, 0.01971831, 0.02535211,
       0.04225352, 0.02816901, 0.03661972, 0.04225352, 0.01690141,
       0.03661972, 0.02816901, 0.00985915, 0.04507042, 0.01690141,
       0.03943662, 0.02535211, 0.03098592, 0.02816901, 0.01690141,
       0.03098592, 0.03098592, 0.02253521, 0.03239437, 0.03661972,
       0.03380282, 0.04788732, 0.02816901, 0.05633803, 0.04225352,
       0.03380282, 0.01830986, 0.03380282, 0.02253521, 0.01971831,
       0.03380282, 0.03098592, 0.05070423, 0.03943662, 0.03661972,
       0.05070423, 0.03098592, 0.05352113, 0.01408451, 0.02957746,
       0.01971831, 0.02394366, 0.01690141, 0.03380282, 0.02676056,
       0.03943662, 0.02816901, 0.03098592, 0.03943662, 0.04507042,
       0.02957746, 0.02112676, 0.01267606, 0.03098592, 0.03661972,
       0.02535211, 0.04084507, 0.02957746, 0.02676056, 0.01549296,
       0.03098592, 0.01971831, 0.01971831, 0.03098592, 0.03521127,
       0.01126761, 0.02535211, 0.03661972, 0.04225352, 0.04788732,
       0.03661972, 0.03661972, 0.01126761, 0.03661972, 0.01971831,
       0.01971831, 0.0084507 , 0.03661972, 0.03943662, 0.03098592,
       0.01126761, 0.03380282, 0.02535211, 0.0084507 , 0.03661972,
       0.01690141, 0.04084507, 0.03380282, 0.02112676, 0.03380282,
       0.01126761, 0.02253521, 0.03098592, 0.02112676, 0.01126761,
       0.03661972, 0.04507042, 0.04225352, 0.01971831, 0.02394366,
       0.03098592, 0.03661972, 0.03943662, 0.04507042, 0.02535211,
       0.01971831, 0.04366197, 0.03239437, 0.04788732, 0.03661972,
       0.01690141, 0.03239437, 0.04366197, 0.02535211, 0.0084507 ,
       0.04225352, 0.02394366, 0.04084507, 0.02816901, 0.01690141,
       0.05070423, 0.03380282, 0.03098592, 0.01549296, 0.03380282,
       0.03098592, 0.02816901, 0.03098592, 0.03661972, 0.01830986,
       0.01267606, 0.03521127, 0.01126761, 0.03943662, 0.01126761,
       0.02394366, 0.01971831, 0.02957746, 0.01690141, 0.04788732,
       0.02535211, 0.02253521, 0.03943662, 0.04507042, 0.01971831,
       0.02957746, 0.02535211, 0.02394366, 0.02535211, 0.03098592,
       0.03098592, 0.02957746, 0.03098592, 0.01408451, 0.03661972,
       0.01971831, 0.02112676, 0.03943662, 0.02816901, 0.02957746,
       0.01971831, 0.03098592, 0.01408451, 0.02394366, 0.02957746,
       0.06056338, 0.04647887, 0.02957746, 0.04225352, 0.04788732,
       0.02112676, 0.03380282, 0.03661972, 0.03802817, 0.02535211,
       0.0084507 , 0.04647887, 0.02253521, 0.03943662, 0.02535211,
       0.01408451, 0.01126761, 0.05070423, 0.01126761, 0.03521127,
       0.01690141, 0.02535211, 0.02957746, 0.03661972, 0.05492958,
       0.02253521, 0.04225352, 0.01267606, 0.05211268, 0.02816901,
       0.02535211, 0.04225352, 0.03521127, 0.01971831, 0.04788732,
       0.01408451, 0.01408451, 0.04507042, 0.03943662, 0.03380282,
       0.02253521, 0.03661972, 0.01690141, 0.02816901, 0.04225352,
       0.01690141, 0.02816901, 0.01971831, 0.03380282, 0.04225352,
       0.00985915, 0.03380282, 0.03661972, 0.03943662, 0.03380282,
       0.04366197, 0.03098592, 0.03380282, 0.02253521, 0.02394366])}

split_conformal_aps_ExtraTrees full class metrics: {'class_coverage': array([0.89285714, 0.75      , 0.93333333, 1.        , 1.        ,
       0.8       , 0.94444444, 0.86666667, 0.93333333, 0.83333333,
       0.72222222, 0.8       , 0.83333333, 1.        , 0.8       ,
       0.95      , 0.95      , 1.        , 0.92857143, 0.6       ,
       1.        , 0.625     , 0.75      , 1.        , 0.875     ,
       0.97222222, 1.        , 0.66666667, 1.        , 1.        ,
       1.        , 1.        , 0.94117647, 0.86666667, 1.        ,
       1.        , 1.        , 0.8       , 1.        , 0.75      ,
       0.9375    , 0.875     , 1.        , 0.53333333, 0.6       ,
       1.        , 0.83333333, 1.        , 0.89473684, 1.        ,
       0.66666667, 0.94117647, 0.76470588, 1.        , 0.94736842,
       1.        , 0.93333333, 0.93333333, 0.78571429, 0.8       ,
       0.70588235, 1.        , 0.89473684, 0.85714286, 0.73333333,
       0.70588235, 0.94444444, 1.        , 0.89473684, 0.92857143,
       0.57142857, 1.        , 0.75      , 0.93333333, 0.93333333,
       0.86666667, 1.        , 0.94736842, 0.73333333, 0.8125    ,
       1.        , 0.85714286, 0.94117647, 0.94117647, 0.9375    ,
       0.57142857, 0.68421053, 1.        , 0.64285714, 0.9375    ,
       0.86666667, 0.875     , 0.94117647, 0.8       , 1.        ,
       0.89473684, 0.76470588, 0.66666667, 0.88461538, 0.84210526,
       0.9375    , 0.73333333, 0.93333333, 0.8125    , 0.94117647,
       0.66666667, 0.73333333, 0.5       , 0.92307692, 1.        ,
       0.86666667, 0.8       , 0.78571429, 0.8       , 0.86666667,
       1.        , 0.71428571, 0.9375    , 0.93333333, 0.73333333,
       1.        , 0.8125    , 1.        , 0.88888889, 0.9375    ,
       0.84210526, 0.78571429, 0.88235294, 0.875     , 1.        ,
       0.95      , 0.92857143, 0.86666667, 0.85714286, 0.33333333,
       1.        , 1.        , 1.        , 0.86666667, 1.        ,
       0.73333333, 0.86666667, 0.93333333, 0.93333333, 1.        ,
       0.94736842, 0.86666667, 1.        , 0.57142857, 0.9375    ,
       1.        , 0.94444444, 1.        , 0.875     , 1.        ,
       0.94444444, 0.95454545, 0.95      , 1.        , 0.66666667,
       0.875     , 1.        , 0.85714286, 0.66666667, 0.8       ,
       0.94736842, 0.93333333, 0.88235294, 0.93333333, 0.94444444,
       0.88235294, 0.9375    , 1.        , 0.8       , 0.75      ,
       0.93333333, 0.86666667, 0.6875    , 0.86666667, 0.93333333,
       0.875     , 0.4375    , 1.        , 0.66666667, 1.        ,
       1.        , 0.75      , 1.        , 0.875     , 1.        ,
       0.88235294, 0.46666667, 0.93333333, 1.        , 0.9       ,
       0.76470588, 0.35294118, 0.8       , 0.86666667, 0.94444444,
       0.93333333, 0.86666667, 0.9375    , 1.        , 1.        ,
       1.        , 1.        , 0.8       , 1.        , 1.        ,
       0.85714286, 0.625     , 0.85      , 0.93333333, 0.75      ,
       0.78947368, 0.875     , 0.86666667, 1.        , 1.        ,
       0.94117647, 0.875     , 0.9375    , 0.9375    , 0.92307692,
       0.93333333, 0.8       , 0.64285714, 1.        , 0.875     ,
       0.85714286, 0.61111111, 0.57142857, 0.88235294, 1.        ,
       0.93333333, 0.9375    , 0.875     , 0.73333333, 0.93333333,
       0.93333333, 0.95454545, 1.        , 1.        , 0.96428571,
       0.875     , 0.92857143, 0.9375    , 1.        , 1.        ,
       0.875     , 0.64285714, 0.85714286, 1.        , 0.88      ,
       0.93333333, 0.77777778, 0.84210526, 0.95238095, 1.        ,
       0.95      , 0.8125    , 0.86666667, 0.93333333, 0.93333333,
       1.        , 0.88235294, 1.        , 1.        , 0.71428571,
       0.86666667, 0.82352941, 1.        , 0.8       , 1.        ,
       1.        , 0.94444444, 0.8125    , 0.76923077, 1.        ,
       0.93333333, 0.95      , 0.93333333, 0.91304348, 0.66666667,
       1.        , 0.94444444, 1.        , 0.91304348, 1.        ,
       1.        , 1.        , 1.        , 1.        , 0.875     ,
       0.71428571, 0.875     , 0.95833333, 0.75      , 0.8       ,
       0.92857143, 1.        , 1.        , 0.57142857, 0.73333333,
       1.        , 0.75      , 1.        , 0.8       , 1.        ,
       0.94444444, 0.93333333, 0.64285714, 0.95652174, 0.9       ,
       1.        , 1.        , 0.78571429, 0.92857143, 0.95      ,
       0.84210526, 0.6875    , 0.95454545, 0.8125    , 1.        ,
       0.93333333, 0.6       , 1.        , 0.86666667, 0.88888889,
       0.86666667, 0.88888889, 1.        , 1.        , 0.70588235,
       0.90909091, 0.96153846, 1.        , 1.        , 0.82352941,
       0.86956522, 0.9375    , 0.66666667, 0.875     , 0.86666667,
       0.94444444, 0.9375    , 0.8       , 1.        , 0.76923077,
       1.        , 0.94117647, 1.        , 1.        , 1.        ]), 'class_mean_width': array([13.64285714, 15.1875    , 15.6       , 21.        , 12.14285714,
       13.06666667,  7.27777778, 14.66666667, 14.13333333, 12.5       ,
       18.94444444, 14.4       , 11.        , 10.2       , 12.13333333,
        4.6       , 12.15      , 12.47368421, 11.71428571, 15.2       ,
       10.2       , 12.625     ,  7.125     , 11.21052632, 11.0625    ,
        8.        , 15.03571429,  8.6       , 10.92307692, 16.        ,
       10.05263158, 11.66666667, 12.47058824, 12.4       , 13.86666667,
       17.3125    , 13.14285714, 18.66666667, 10.78571429,  6.125     ,
       14.6875    , 12.375     , 11.        , 19.8       , 16.8       ,
       10.6       , 18.22222222,  5.05555556, 16.10526316,  8.5       ,
       15.66666667, 16.35294118, 11.35294118, 10.44444444,  9.36842105,
       12.46666667,  9.26666667, 18.33333333, 14.42857143, 12.8       ,
       13.52941176,  9.125     , 10.36842105,  6.71428571, 13.13333333,
        7.41176471, 12.        , 12.88235294, 14.        , 12.5       ,
       11.78571429,  2.80952381, 11.375     ,  6.6       , 14.46666667,
       14.33333333, 17.125     ,  7.05263158, 10.46666667,  8.125     ,
       11.        ,  9.52380952, 15.82352941,  7.82352941,  6.5625    ,
       13.71428571,  7.36842105,  8.33333333, 16.14285714, 10.        ,
       16.53333333, 14.375     , 10.47058824,  7.73333333, 13.375     ,
        8.36842105, 11.47058824, 12.46666667, 14.19230769,  9.57894737,
        9.8125    , 15.13333333, 10.        , 10.8125    , 17.76470588,
       14.06666667, 10.53333333,  9.8125    ,  6.84615385, 12.        ,
       18.2       , 14.4       , 18.57142857, 11.73333333, 19.33333333,
        5.5625    , 14.07142857, 12.0625    , 18.26666667, 14.        ,
       40.78947368, 12.3125    ,  5.52      , 12.55555556,  6.25      ,
       17.63157895, 16.92857143, 15.17647059,  8.4375    , 10.17647059,
       14.5       , 10.78571429, 14.        , 14.92857143,  8.26666667,
       12.93333333, 11.86666667,  4.44444444, 16.53333333,  6.875     ,
       12.4       , 10.53333333, 11.6       , 11.13333333, 22.60869565,
       11.15789474, 11.4       , 11.6       , 11.35714286, 12.4375    ,
       11.27777778, 18.66666667, 10.88235294, 19.6875    , 14.        ,
       12.27777778,  5.59090909, 12.85      ,  9.33333333,  7.4       ,
       12.1875    , 11.73684211, 17.5       , 15.13333333, 13.2       ,
       17.21052632, 10.86666667, 18.82352941,  8.06666667, 11.        ,
        9.64705882,  8.3125    ,  8.60869565, 13.73333333, 10.125     ,
       15.4       , 10.86666667, 12.1875    , 13.93333333, 16.4       ,
       11.25      ,  7.5625    ,  6.0625    , 13.33333333, 12.8       ,
        9.33333333, 15.0625    , 10.375     ,  9.8125    ,  7.38888889,
       12.70588235,  7.46666667,  8.06666667, 11.66666667, 10.9       ,
        4.76470588, 10.52941176, 15.6       , 14.93333333, 16.05555556,
       13.6       , 12.6       ,  3.75      , 14.        , 10.9047619 ,
        8.42105263,  3.40909091, 12.93333333, 13.80952381, 10.2       ,
        5.        , 12.9375    , 11.5       ,  5.53333333, 12.5625    ,
       11.10526316, 15.4375    , 13.33333333,  9.25      , 13.71428571,
        6.58823529, 11.625     , 11.5       ,  7.875     ,  5.53846154,
       13.66666667, 15.4       , 16.71428571,  7.2       ,  9.1875    ,
       11.61904762, 14.16666667, 14.07142857, 16.        ,  7.76470588,
        8.        , 15.875     , 12.125     , 17.        , 13.6       ,
        5.6       , 12.86363636, 14.33333333,  8.        ,  4.96428571,
       15.375     , 10.28571429, 13.75      , 11.1875    ,  6.81818182,
       18.375     , 13.        , 11.14285714,  5.83333333, 13.44      ,
       12.4       , 10.11111111, 12.15789474, 11.9047619 ,  7.55      ,
        7.7       , 15.5625    ,  4.73333333, 14.4       ,  6.13333333,
        9.875     , 10.70588235, 10.25      ,  7.03846154, 18.        ,
       10.86666667,  9.        , 15.        , 15.66666667,  7.14285714,
       11.1875    ,  8.55555556,  8.3125    , 10.30769231, 10.        ,
       11.8       , 10.9       , 12.86666667,  5.86956522, 15.93333333,
        7.94117647,  9.38888889, 13.6       , 10.91304348, 11.375     ,
        6.55555556,  9.45      ,  7.30434783,  9.4375    , 10.5       ,
       19.64285714, 16.1875    , 12.25      , 17.125     , 16.26666667,
        9.5       , 11.26666667, 14.33333333, 12.5       , 10.33333333,
        5.4       , 16.6875    ,  7.93333333, 13.66666667, 10.11111111,
        5.11111111,  4.46666667, 16.85714286,  5.91304348, 14.55      ,
        8.22727273,  9.78947368, 13.21428571, 14.78571429, 19.3       ,
        7.52631579, 15.75      ,  6.09090909, 17.75      , 10.71428571,
        9.66666667, 15.66666667, 13.375     ,  9.66666667, 16.94444444,
        6.06666667,  7.55555556, 16.4375    , 16.2       , 11.23529412,
       10.18181818, 12.30769231,  8.13333333, 10.64705882, 15.70588235,
        7.04347826, 10.75      ,  9.46666667, 12.1875    , 16.86666667,
        4.72222222, 13.0625    , 14.33333333, 13.93333333, 12.61538462,
       15.35714286, 11.88235294, 13.94736842,  8.15789474,  9.16666667]), 'class_median_width': array([13. , 13. , 14. ,  2. , 12. , 12. ,  5. , 16. , 15. , 11. , 20. ,
       12. ,  9. ,  7. , 12. ,  3. , 12. , 12. , 12. , 15. , 10. , 12. ,
        5.5, 10. , 10. ,  6. , 13. , 10. , 11. , 14.5,  9. ,  9. , 12. ,
       12. , 13. , 17. , 13.5, 19. , 10.5,  4.5, 14.5, 11.5, 11. , 19. ,
       16. ,  9. , 17.5,  4.5, 17. ,  7. , 15. , 16. , 10. ,  8.5,  9. ,
       11. ,  7. , 18. , 13.5, 11. , 15. ,  9.5,  9. ,  3. ,  9. ,  7. ,
       11. , 12. , 12. , 12. ,  9.5,  2. , 11. ,  4. , 13. , 14. , 16.5,
        7. , 10. ,  7. , 11. ,  8. , 15. ,  6. ,  6. , 14. ,  4. ,  7. ,
       16. ,  9.5, 16. , 15.5,  9. ,  4. , 13.5,  8. ,  9. , 12. , 13. ,
       10. , 11. , 13. ,  8. , 10.5, 18. , 15. , 11. ,  9. ,  6. , 11. ,
       17. , 14. , 19.5, 10. , 19. ,  5. , 14. , 11.5, 17. , 13. ,  2. ,
       14. ,  4. , 12.5,  5. , 18. , 16.5, 16. ,  7. ,  9. , 15. , 10. ,
       13. , 15. ,  6. , 13. , 10. ,  3.5, 16. ,  6. , 14. ,  9. , 11. ,
       10. ,  6. , 11. , 11. ,  8. , 11.5, 13. , 12. , 17. , 10. , 20. ,
       15. , 12. ,  6.5, 12. ,  8. ,  7. , 12. , 11. , 18. , 14. , 13. ,
       18. , 11. , 19. ,  5. , 10.5,  7. ,  8.5,  6. , 12. ,  9.5, 14. ,
       10. , 11. , 14. , 16. , 10.5,  7.5,  4.5, 11. , 13. ,  9. , 14.5,
       10.5,  9.5,  5.5, 11. ,  7. ,  7. , 11. , 12.5,  4. ,  9. , 13. ,
       15. , 17. , 13. , 13. ,  4. , 13. ,  7. ,  7. ,  3. , 13. , 14. ,
       11. ,  4. , 12. ,  9. ,  3. , 13. ,  6. , 14.5, 12. ,  7.5, 12. ,
        4. ,  8. , 11. ,  7.5,  4. , 13. , 16. , 15. ,  7. ,  8.5, 11. ,
       13. , 14. , 16. ,  9. ,  7. , 15.5, 11.5, 17. , 13. ,  6. , 11.5,
       15.5,  9. ,  3. , 15. ,  8.5, 14.5, 10. ,  6. , 18. , 12. , 11. ,
        5.5, 12. , 11. , 10. , 11. , 13. ,  6.5,  4.5, 12.5,  4. , 14. ,
        4. ,  8.5,  7. , 10.5,  6. , 17. ,  9. ,  8. , 14. , 16. ,  7. ,
       10.5,  9. ,  8.5,  9. , 11. , 11. , 10.5, 11. ,  5. , 13. ,  7. ,
        7.5, 14. , 10. , 10.5,  7. , 11. ,  5. ,  8.5, 10.5, 21.5, 16.5,
       10.5, 15. , 17. ,  7.5, 12. , 13. , 13.5,  9. ,  3. , 16.5,  8. ,
       14. ,  9. ,  5. ,  4. , 18. ,  4. , 12.5,  6. ,  9. , 10.5, 13. ,
       19.5,  8. , 15. ,  4.5, 18.5, 10. ,  9. , 15. , 12.5,  7. , 17. ,
        5. ,  5. , 16. , 14. , 12. ,  8. , 13. ,  6. , 10. , 15. ,  6. ,
       10. ,  7. , 12. , 15. ,  3.5, 12. , 13. , 14. , 12. , 15.5, 11. ,
       12. ,  8. ,  8.5]), 'class_mean_width_scaled': array([0.03843058, 0.04278169, 0.04394366, 0.05915493, 0.03420523,
       0.03680751, 0.02050078, 0.04131455, 0.03981221, 0.03521127,
       0.05336463, 0.04056338, 0.03098592, 0.02873239, 0.0341784 ,
       0.01295775, 0.03422535, 0.03513714, 0.03299799, 0.0428169 ,
       0.02873239, 0.03556338, 0.02007042, 0.03157895, 0.03116197,
       0.02253521, 0.04235412, 0.02422535, 0.03076923, 0.04507042,
       0.02831727, 0.03286385, 0.03512842, 0.03492958, 0.03906103,
       0.04876761, 0.03702213, 0.05258216, 0.03038229, 0.01725352,
       0.04137324, 0.03485915, 0.03098592, 0.05577465, 0.04732394,
       0.02985915, 0.0513302 , 0.014241  , 0.04536694, 0.02394366,
       0.04413146, 0.04606462, 0.03198012, 0.02942097, 0.02638992,
       0.03511737, 0.02610329, 0.05164319, 0.04064386, 0.03605634,
       0.03811102, 0.02570423, 0.02920682, 0.01891348, 0.03699531,
       0.02087821, 0.03380282, 0.03628832, 0.03943662, 0.03521127,
       0.0331992 , 0.00791415, 0.03204225, 0.01859155, 0.04075117,
       0.04037559, 0.04823944, 0.01986657, 0.02948357, 0.02288732,
       0.03098592, 0.02682763, 0.04457332, 0.02203811, 0.01848592,
       0.03863179, 0.02075612, 0.02347418, 0.04547284, 0.02816901,
       0.04657277, 0.04049296, 0.02949461, 0.02178404, 0.03767606,
       0.02357302, 0.03231152, 0.03511737, 0.03997833, 0.02698295,
       0.02764085, 0.04262911, 0.02816901, 0.03045775, 0.05004143,
       0.03962441, 0.02967136, 0.02764085, 0.01928494, 0.03380282,
       0.05126761, 0.04056338, 0.05231388, 0.03305164, 0.05446009,
       0.01566901, 0.03963783, 0.03397887, 0.0514554 , 0.03943662,
       0.11489993, 0.0346831 , 0.0155493 , 0.03536776, 0.01760563,
       0.04966642, 0.04768612, 0.04275062, 0.02376761, 0.02866611,
       0.04084507, 0.03038229, 0.03943662, 0.04205231, 0.02328638,
       0.03643192, 0.03342723, 0.01251956, 0.04657277, 0.0193662 ,
       0.03492958, 0.02967136, 0.03267606, 0.0313615 , 0.06368647,
       0.03143069, 0.03211268, 0.03267606, 0.03199195, 0.03503521,
       0.03176839, 0.05258216, 0.03065452, 0.05545775, 0.03943662,
       0.03458529, 0.01574904, 0.03619718, 0.02629108, 0.02084507,
       0.03433099, 0.03306153, 0.04929577, 0.04262911, 0.0371831 ,
       0.04848036, 0.03061033, 0.05302403, 0.022723  , 0.03098592,
       0.02717481, 0.02341549, 0.02424985, 0.03868545, 0.02852113,
       0.04338028, 0.03061033, 0.03433099, 0.03924883, 0.04619718,
       0.03169014, 0.02130282, 0.01707746, 0.03755869, 0.03605634,
       0.02629108, 0.04242958, 0.02922535, 0.02764085, 0.02081377,
       0.03579122, 0.02103286, 0.022723  , 0.03286385, 0.03070423,
       0.01342171, 0.02966031, 0.04394366, 0.04206573, 0.04522692,
       0.03830986, 0.03549296, 0.01056338, 0.03943662, 0.03071764,
       0.02372128, 0.00960307, 0.03643192, 0.03890007, 0.02873239,
       0.01408451, 0.03644366, 0.03239437, 0.01558685, 0.03538732,
       0.03128243, 0.04348592, 0.03755869, 0.02605634, 0.03863179,
       0.01855841, 0.03274648, 0.03239437, 0.0221831 , 0.0156013 ,
       0.03849765, 0.04338028, 0.04708249, 0.02028169, 0.02588028,
       0.03272971, 0.0399061 , 0.03963783, 0.04507042, 0.02187241,
       0.02253521, 0.04471831, 0.03415493, 0.04788732, 0.03830986,
       0.01577465, 0.0362356 , 0.04037559, 0.02253521, 0.0139839 ,
       0.04330986, 0.02897384, 0.03873239, 0.03151408, 0.01920615,
       0.05176056, 0.03661972, 0.03138833, 0.01643192, 0.03785915,
       0.03492958, 0.028482  , 0.03424759, 0.03353454, 0.02126761,
       0.02169014, 0.04383803, 0.01333333, 0.04056338, 0.017277  ,
       0.0278169 , 0.03015742, 0.02887324, 0.01982665, 0.05070423,
       0.03061033, 0.02535211, 0.04225352, 0.04413146, 0.02012072,
       0.03151408, 0.02410016, 0.02341549, 0.02903575, 0.02816901,
       0.03323944, 0.03070423, 0.03624413, 0.01653399, 0.04488263,
       0.02236951, 0.02644757, 0.03830986, 0.03074097, 0.03204225,
       0.01846635, 0.02661972, 0.02057563, 0.02658451, 0.02957746,
       0.05533199, 0.04559859, 0.03450704, 0.04823944, 0.0458216 ,
       0.02676056, 0.03173709, 0.04037559, 0.03521127, 0.02910798,
       0.01521127, 0.04700704, 0.02234742, 0.03849765, 0.028482  ,
       0.0143975 , 0.01258216, 0.04748491, 0.01665646, 0.04098592,
       0.02317542, 0.02757598, 0.03722334, 0.0416499 , 0.0543662 ,
       0.02120089, 0.0443662 , 0.01715749, 0.05      , 0.03018109,
       0.02723005, 0.04413146, 0.03767606, 0.02723005, 0.04773083,
       0.0170892 , 0.02128326, 0.04630282, 0.0456338 , 0.03164872,
       0.02868118, 0.03466956, 0.0229108 , 0.02999171, 0.04424192,
       0.01984078, 0.03028169, 0.02666667, 0.03433099, 0.04751174,
       0.01330203, 0.03679577, 0.04037559, 0.03924883, 0.03553629,
       0.04325956, 0.03347142, 0.03928836, 0.02297999, 0.0258216 ]), 'class_median_width_scaled': array([0.03661972, 0.03661972, 0.03943662, 0.0056338 , 0.03380282,
       0.03380282, 0.01408451, 0.04507042, 0.04225352, 0.03098592,
       0.05633803, 0.03380282, 0.02535211, 0.01971831, 0.03380282,
       0.0084507 , 0.03380282, 0.03380282, 0.03380282, 0.04225352,
       0.02816901, 0.03380282, 0.01549296, 0.02816901, 0.02816901,
       0.01690141, 0.03661972, 0.02816901, 0.03098592, 0.04084507,
       0.02535211, 0.02535211, 0.03380282, 0.03380282, 0.03661972,
       0.04788732, 0.03802817, 0.05352113, 0.02957746, 0.01267606,
       0.04084507, 0.03239437, 0.03098592, 0.05352113, 0.04507042,
       0.02535211, 0.04929577, 0.01267606, 0.04788732, 0.01971831,
       0.04225352, 0.04507042, 0.02816901, 0.02394366, 0.02535211,
       0.03098592, 0.01971831, 0.05070423, 0.03802817, 0.03098592,
       0.04225352, 0.02676056, 0.02535211, 0.0084507 , 0.02535211,
       0.01971831, 0.03098592, 0.03380282, 0.03380282, 0.03380282,
       0.02676056, 0.0056338 , 0.03098592, 0.01126761, 0.03661972,
       0.03943662, 0.04647887, 0.01971831, 0.02816901, 0.01971831,
       0.03098592, 0.02253521, 0.04225352, 0.01690141, 0.01690141,
       0.03943662, 0.01126761, 0.01971831, 0.04507042, 0.02676056,
       0.04507042, 0.04366197, 0.02535211, 0.01126761, 0.03802817,
       0.02253521, 0.02535211, 0.03380282, 0.03661972, 0.02816901,
       0.03098592, 0.03661972, 0.02253521, 0.02957746, 0.05070423,
       0.04225352, 0.03098592, 0.02535211, 0.01690141, 0.03098592,
       0.04788732, 0.03943662, 0.05492958, 0.02816901, 0.05352113,
       0.01408451, 0.03943662, 0.03239437, 0.04788732, 0.03661972,
       0.0056338 , 0.03943662, 0.01126761, 0.03521127, 0.01408451,
       0.05070423, 0.04647887, 0.04507042, 0.01971831, 0.02535211,
       0.04225352, 0.02816901, 0.03661972, 0.04225352, 0.01690141,
       0.03661972, 0.02816901, 0.00985915, 0.04507042, 0.01690141,
       0.03943662, 0.02535211, 0.03098592, 0.02816901, 0.01690141,
       0.03098592, 0.03098592, 0.02253521, 0.03239437, 0.03661972,
       0.03380282, 0.04788732, 0.02816901, 0.05633803, 0.04225352,
       0.03380282, 0.01830986, 0.03380282, 0.02253521, 0.01971831,
       0.03380282, 0.03098592, 0.05070423, 0.03943662, 0.03661972,
       0.05070423, 0.03098592, 0.05352113, 0.01408451, 0.02957746,
       0.01971831, 0.02394366, 0.01690141, 0.03380282, 0.02676056,
       0.03943662, 0.02816901, 0.03098592, 0.03943662, 0.04507042,
       0.02957746, 0.02112676, 0.01267606, 0.03098592, 0.03661972,
       0.02535211, 0.04084507, 0.02957746, 0.02676056, 0.01549296,
       0.03098592, 0.01971831, 0.01971831, 0.03098592, 0.03521127,
       0.01126761, 0.02535211, 0.03661972, 0.04225352, 0.04788732,
       0.03661972, 0.03661972, 0.01126761, 0.03661972, 0.01971831,
       0.01971831, 0.0084507 , 0.03661972, 0.03943662, 0.03098592,
       0.01126761, 0.03380282, 0.02535211, 0.0084507 , 0.03661972,
       0.01690141, 0.04084507, 0.03380282, 0.02112676, 0.03380282,
       0.01126761, 0.02253521, 0.03098592, 0.02112676, 0.01126761,
       0.03661972, 0.04507042, 0.04225352, 0.01971831, 0.02394366,
       0.03098592, 0.03661972, 0.03943662, 0.04507042, 0.02535211,
       0.01971831, 0.04366197, 0.03239437, 0.04788732, 0.03661972,
       0.01690141, 0.03239437, 0.04366197, 0.02535211, 0.0084507 ,
       0.04225352, 0.02394366, 0.04084507, 0.02816901, 0.01690141,
       0.05070423, 0.03380282, 0.03098592, 0.01549296, 0.03380282,
       0.03098592, 0.02816901, 0.03098592, 0.03661972, 0.01830986,
       0.01267606, 0.03521127, 0.01126761, 0.03943662, 0.01126761,
       0.02394366, 0.01971831, 0.02957746, 0.01690141, 0.04788732,
       0.02535211, 0.02253521, 0.03943662, 0.04507042, 0.01971831,
       0.02957746, 0.02535211, 0.02394366, 0.02535211, 0.03098592,
       0.03098592, 0.02957746, 0.03098592, 0.01408451, 0.03661972,
       0.01971831, 0.02112676, 0.03943662, 0.02816901, 0.02957746,
       0.01971831, 0.03098592, 0.01408451, 0.02394366, 0.02957746,
       0.06056338, 0.04647887, 0.02957746, 0.04225352, 0.04788732,
       0.02112676, 0.03380282, 0.03661972, 0.03802817, 0.02535211,
       0.0084507 , 0.04647887, 0.02253521, 0.03943662, 0.02535211,
       0.01408451, 0.01126761, 0.05070423, 0.01126761, 0.03521127,
       0.01690141, 0.02535211, 0.02957746, 0.03661972, 0.05492958,
       0.02253521, 0.04225352, 0.01267606, 0.05211268, 0.02816901,
       0.02535211, 0.04225352, 0.03521127, 0.01971831, 0.04788732,
       0.01408451, 0.01408451, 0.04507042, 0.03943662, 0.03380282,
       0.02253521, 0.03661972, 0.01690141, 0.02816901, 0.04225352,
       0.01690141, 0.02816901, 0.01971831, 0.03380282, 0.04225352,
       0.00985915, 0.03380282, 0.03661972, 0.03943662, 0.03380282,
       0.04366197, 0.03098592, 0.03380282, 0.02253521, 0.02394366])}

Job completed at Thu Mar 20 05:03:18 PM PDT 2025
