Starting job at Wed Mar 19 06:20:10 PM PDT 2025
Job parameters:
Dataset: data_dionis
UQ Method: split_conformal_aps
Estimator: ExtraTrees
Seed: 780
Train Size: 0.8
Running split_conformal_aps on data_dionis with seed 780 and train size 0.8

starting experiment

data created

Fitting split_conformal_aps_ExtraTrees on data_dionis with seed 780

split_conformal_aps_ExtraTrees metrics: {'coverage': np.float64(0.9213333333333333), 'mean_width': np.float64(26.865166666666667), 'median_width': np.float64(16.0), 'mean_width_scaled': np.float64(0.07567652582159624), 'median_width_scaled': np.float64(0.04507042253521127)}

split_conformal_aps_ExtraTrees full metrics: {'coverage': np.float64(0.9213333333333333), 'mean_width': np.float64(26.865166666666667), 'median_width': np.float64(16.0), 'mean_width_scaled': np.float64(0.07567652582159624), 'median_width_scaled': np.float64(0.04507042253521127)}

split_conformal_aps_ExtraTrees class metrics: {'class_coverage': array([1.        , 0.9375    , 1.        , 1.        , 0.92857143,
       0.8       , 1.        , 0.73333333, 0.73333333, 0.88888889,
       0.94444444, 0.93333333, 0.72222222, 0.93333333, 1.        ,
       0.95      , 0.95      , 1.        , 1.        , 0.73333333,
       0.93333333, 0.91666667, 0.9375    , 1.        , 1.        ,
       0.97222222, 0.92857143, 1.        , 1.        , 1.        ,
       1.        , 1.        , 1.        , 0.86666667, 0.93333333,
       1.        , 1.        , 0.8       , 0.92857143, 0.9375    ,
       0.875     , 0.875     , 1.        , 0.93333333, 0.86666667,
       1.        , 1.        , 1.        , 0.94736842, 1.        ,
       0.8       , 0.82352941, 0.94117647, 1.        , 0.94736842,
       0.73333333, 1.        , 0.93333333, 0.78571429, 0.8       ,
       0.94117647, 1.        , 0.78947368, 0.92857143, 0.53333333,
       0.88235294, 1.        , 0.94117647, 1.        , 0.78571429,
       0.78571429, 1.        , 0.9375    , 0.86666667, 1.        ,
       0.86666667, 0.875     , 1.        , 0.93333333, 1.        ,
       1.        , 0.85714286, 1.        , 0.94117647, 0.875     ,
       1.        , 1.        , 0.93333333, 0.71428571, 0.5625    ,
       0.93333333, 0.9375    , 1.        , 0.8       , 0.9375    ,
       1.        , 0.94117647, 1.        , 0.96153846, 0.84210526,
       0.9375    , 0.8       , 0.8       , 0.9375    , 0.94117647,
       0.93333333, 0.86666667, 1.        , 0.78571429, 0.9       ,
       0.93333333, 1.        , 0.85714286, 0.93333333, 1.        ,
       1.        , 1.        , 0.9375    , 0.8       , 0.86666667,
       1.        , 0.9375    , 1.        , 1.        , 1.        ,
       0.68421053, 0.92857143, 0.94117647, 0.9375    , 0.94117647,
       0.95      , 0.85714286, 0.86666667, 0.85714286, 0.93333333,
       0.86666667, 1.        , 0.94444444, 0.93333333, 1.        ,
       0.93333333, 1.        , 0.86666667, 0.93333333, 1.        ,
       0.94736842, 0.86666667, 1.        , 0.71428571, 0.875     ,
       0.94444444, 1.        , 1.        , 0.875     , 1.        ,
       0.83333333, 1.        , 1.        , 1.        , 0.73333333,
       0.9375    , 1.        , 0.92857143, 0.93333333, 0.86666667,
       0.94736842, 1.        , 0.94117647, 1.        , 1.        ,
       1.        , 1.        , 0.7826087 , 1.        , 0.75      ,
       1.        , 0.86666667, 0.9375    , 0.93333333, 1.        ,
       1.        , 0.8125    , 1.        , 0.93333333, 0.93333333,
       1.        , 0.9375    , 0.875     , 1.        , 0.94444444,
       1.        , 1.        , 1.        , 1.        , 0.95      ,
       0.94117647, 0.41176471, 1.        , 0.86666667, 1.        ,
       0.66666667, 0.86666667, 0.75      , 0.9375    , 0.71428571,
       0.94736842, 1.        , 1.        , 1.        , 0.66666667,
       1.        , 0.9375    , 0.85      , 0.73333333, 0.9375    ,
       0.78947368, 1.        , 0.8       , 0.9375    , 0.95      ,
       1.        , 1.        , 0.875     , 1.        , 0.92307692,
       0.8       , 0.93333333, 1.        , 0.8       , 1.        ,
       0.85714286, 1.        , 0.78571429, 0.94117647, 0.94117647,
       0.93333333, 1.        , 0.9375    , 0.93333333, 0.93333333,
       1.        , 1.        , 0.94444444, 0.95      , 1.        ,
       0.8125    , 1.        , 0.6875    , 1.        , 0.95454545,
       0.75      , 0.85714286, 0.92857143, 1.        , 0.92      ,
       0.8       , 1.        , 0.68421053, 0.80952381, 0.95      ,
       1.        , 0.8125    , 0.86666667, 0.86666667, 1.        ,
       1.        , 0.94117647, 1.        , 1.        , 0.78571429,
       0.8       , 1.        , 0.86666667, 0.93333333, 0.95238095,
       1.        , 1.        , 0.6875    , 1.        , 1.        ,
       1.        , 0.85      , 0.86666667, 1.        , 1.        ,
       1.        , 0.94117647, 0.86666667, 1.        , 1.        ,
       1.        , 1.        , 1.        , 1.        , 0.875     ,
       0.92857143, 1.        , 0.91666667, 0.8125    , 1.        ,
       0.92857143, 0.93333333, 0.93333333, 0.85714286, 0.86666667,
       0.86666667, 0.8125    , 0.86666667, 1.        , 0.88888889,
       0.94444444, 0.86666667, 0.85714286, 0.91304348, 0.85      ,
       0.95454545, 0.94736842, 0.71428571, 1.        , 0.9       ,
       1.        , 0.9375    , 1.        , 0.9375    , 0.5       ,
       0.8       , 0.66666667, 0.9375    , 1.        , 1.        ,
       0.8       , 1.        , 0.9375    , 0.86666667, 1.        ,
       0.77272727, 1.        , 1.        , 0.70588235, 1.        ,
       0.95652174, 0.875     , 0.66666667, 1.        , 0.8       ,
       1.        , 1.        , 0.8       , 1.        , 0.92307692,
       1.        , 0.94117647, 0.94736842, 1.        , 0.83333333]), 'class_mean_width': array([ 35.39285714,  33.5625    ,  48.46666667,  19.15      ,
        22.71428571,  28.33333333,  42.77777778,  41.66666667,
        45.33333333,  24.        ,  26.44444444,  20.46666667,
        16.11111111,  16.2       ,   8.53333333,  11.35      ,
        30.3       ,  27.31578947,  40.57142857,  30.6       ,
        22.86666667,  20.95833333,  14.5625    ,  21.15789474,
        21.3125    ,  54.47222222,  40.21428571,  13.33333333,
        14.53846154,  36.66666667,  25.57894737,  26.26666667,
        23.11764706,  15.8       ,  37.8       ,  51.4375    ,
        24.        ,  50.46666667,  27.35714286,  11.4375    ,
        27.9375    ,  28.3125    ,  28.11764706,  33.2       ,
        27.4       ,  24.2       ,  36.16666667,  11.77777778,
        28.57894737,  18.2       ,  21.4       ,  57.47058824,
        14.82352941,  31.94444444,  16.36842105,  35.86666667,
        12.86666667,  35.8       ,  29.28571429,  26.93333333,
        36.64705882,  32.5       ,  22.84210526,  15.14285714,
        37.06666667,   7.35294118,  27.77777778,  33.29411765,
        17.05263158,  29.21428571,  36.78571429,  31.80952381,
        23.5       ,  34.93333333,  21.66666667,  49.86666667,
        44.3125    ,  21.89473684,  17.73333333,  35.9375    ,
        22.89473684,  22.33333333,  22.52941176,   8.41176471,
        15.875     ,   4.5       ,  24.52631579,  14.93333333,
        36.14285714,  25.9375    ,  22.8       ,  29.3125    ,
        19.35294118,  25.        ,  29.1875    ,  14.21052632,
        23.23529412,  21.6       ,  33.30769231,  34.78947368,
        14.375     ,  45.66666667,  25.86666667,  33.4375    ,
        41.        ,  22.06666667,  25.6       ,  21.25      ,
        16.71428571,  40.9       ,  31.93333333,  35.        ,
        33.        ,  29.8       ,  63.6       ,  16.        ,
        16.85714286,  28.125     ,  39.06666667,  12.33333333,
        64.78947368,  36.625     ,  26.76      ,  19.22222222,
        11.9375    ,  38.84210526,  27.85714286,  50.52941176,
        72.75      ,  11.82352941,  33.3       ,  19.78571429,
        33.33333333,  44.85714286,  17.6       ,  29.26666667,
        34.66666667,  17.        ,  46.66666667,  49.9375    ,
        22.86666667,  15.53333333,  21.2       ,  18.13333333,
        10.34782609,  26.31578947,  19.2       ,  53.6       ,
        21.71428571,  24.1875    ,  28.72222222,  48.61111111,
        26.64705882,  60.8125    ,  35.70588235,  29.44444444,
        20.31818182,  28.75      ,  37.2       ,  13.2       ,
        28.4375    ,  29.57894737,  45.85714286,  21.46666667,
        26.06666667,  25.52631579,  19.06666667,  37.41176471,
        24.        ,  21.88888889,  16.05882353,  20.6875    ,
        35.        ,  31.86666667,  21.4375    ,  27.33333333,
        19.33333333,  28.3125    ,  30.2       ,  35.73333333,
        16.29411765,  13.9375    ,  11.375     ,  24.06666667,
        25.4       ,  13.46666667,  28.5625    ,  24.375     ,
        17.5       ,   6.55555556,  28.94117647,  12.33333333,
        16.53333333,  29.8       ,  24.55      ,  13.88235294,
        14.41176471,  21.46666667,  29.4       ,  30.88888889,
        28.        ,  23.46666667,   6.1875    ,  31.375     ,
        34.71428571,  11.68421053,  11.86363636,  23.13333333,
        31.38095238,  35.        ,  13.71428571,  21.8125    ,
        31.2       ,   8.4       ,  27.1875    ,  39.36842105,
        17.3125    ,  31.8       ,  20.3125    ,  35.25      ,
        15.70588235,  17.875     ,  17.75      ,  10.75      ,
        19.53846154,  30.2       ,  40.53333333,  32.71428571,
        14.73333333,  13.875     ,  22.38095238,  17.27777778,
        26.21428571,  41.17647059,  31.94117647,  23.93333333,
        22.25      ,  27.125     ,  31.13333333,  23.4       ,
        15.06666667,  21.86363636,  28.94444444,  17.45      ,
        11.35714286,  43.9375    ,  11.71428571,  29.6875    ,
        33.8125    ,  14.54545455,  52.9375    ,  26.14285714,
        24.21428571,  18.11111111,  24.28      ,  32.53333333,
        15.38888889,  20.94736842,  22.42857143,  24.95      ,
       102.45      ,  33.875     ,   6.26666667,  20.73333333,
        14.73333333,  11.875     ,  23.70588235,  19.7       ,
        17.2962963 ,  34.21428571,  22.73333333,  10.05882353,
        31.46666667,  29.86666667,  12.23809524,  40.0625    ,
        26.05555556,  21.125     ,  21.69230769,  18.        ,
        31.33333333,  23.5       ,  37.        ,  21.82608696,
        25.93333333,  18.76470588,  48.82352941,  26.13333333,
        28.73913043,  39.9375    ,  14.5       ,  45.5       ,
        19.        ,  21.1875    ,  42.6875    ,  38.57142857,
        46.8125    ,  19.66666667,  37.5625    ,  31.6       ,
        27.64285714,  15.93333333,  29.        ,  12.21428571,
        30.33333333,  10.33333333,  39.75      ,  21.66666667,
        15.4       ,  19.94444444,  31.61111111,  15.73333333,
        34.        ,  11.13043478,  40.35      ,  32.27272727,
        37.26315789,  27.78571429,  24.21428571,  36.5       ,
        11.89473684,  26.9375    ,   5.77272727,  48.25      ,
        20.78571429,  13.73333333,  33.2       ,  39.0625    ,
        13.8       ,  42.16666667,  18.4       ,  23.33333333,
        33.125     ,  45.6       ,  30.88235294,  19.59090909,
        21.80769231,  14.93333333,  28.05882353,  26.41176471,
        41.91304348,  29.0625    ,  10.13333333,  23.75      ,
        33.06666667,  26.05882353,  14.4375    ,  33.06666667,
        34.        ,  29.        ,  44.92857143,  33.70588235,
        18.42105263,  29.10526316,  23.55555556]), 'class_median_width': array([36.5, 20. , 54. , 10.5, 16. , 21. , 17. , 55. , 59. , 15.5, 16. ,
       16. , 12.5, 11. ,  9. ,  4. , 17.5, 15. , 38.5, 20. ,  9. , 17. ,
        3. , 10. , 17.5, 16.5, 50. , 14. , 14. , 32.5, 15. , 13. , 13. ,
       15. , 56. , 59.5, 15. , 58. , 19.5,  9. , 16. , 18. ,  6. , 19. ,
       20. , 17. , 37. , 10.5, 16. , 10.5, 17. , 62. , 12. , 20.5, 15. ,
       24. , 15. , 24. , 20. , 12. , 48. , 20. , 10. ,  5. , 20. ,  9. ,
       16.5, 20. , 12. , 18. , 23. ,  8. , 18.5, 20. , 17. , 56. , 53. ,
       17. , 17. , 32.5, 16. , 17. , 15. ,  4. ,  8.5,  3.5, 14. , 10. ,
       21.5, 18. , 14. , 20. , 11. , 14. , 19.5,  9. , 14. , 17. , 19. ,
       24. ,  8.5, 61. , 14. , 20. , 54. , 17. , 20. , 13. ,  7.5, 53. ,
       20. , 22. , 18.5, 17. , 63. , 11.5, 17. , 17. , 24. , 13. ,  8. ,
       36. ,  7. , 13.5, 11. , 25. , 16. , 59. , 35.5,  8. , 19.5, 15. ,
       19. , 55. , 11. , 19. , 22. , 14.5, 55. , 19. , 18. ,  8. , 15. ,
       19. ,  3. , 18. , 15. , 18. , 16.5, 13.5, 17.5, 57. , 18. , 66.5,
       21. , 19.5,  9.5, 16. ,  8. ,  9. , 15. , 15. , 55.5, 14. , 19. ,
       17. , 15. , 22. , 13. , 15. , 10. , 12. , 17. , 19. , 16.5, 17. ,
       15. , 20. , 18. , 20. , 11. , 11.5,  7. , 18. , 17. ,  9. , 20. ,
       17.5, 13.5,  5.5, 18. ,  9. , 14. , 18. , 15.5,  6. , 12. , 17. ,
       19. , 20. , 20. , 16. ,  4.5, 17.5, 19. ,  9. ,  9. , 15. , 18. ,
       24. , 11.5, 15.5, 20.5,  4. ,  9.5, 46. , 15. , 20. ,  8. , 20.5,
        7. , 12. , 16.5, 11. , 10. , 12. , 53. , 20.5, 14. , 14.5, 16. ,
       13. , 17.5, 54. , 11. , 13. ,  9. , 19. , 17. , 18. ,  8. , 11.5,
       14. , 15. ,  6.5, 55.5, 12. , 18. , 17. ,  9.5, 61.5, 15.5, 17.5,
       14. , 17. , 20. , 12. , 19. , 14. , 11. , 13.5, 22.5,  5. , 14. ,
        5. ,  8.5, 11. , 13. ,  9. , 19. , 15. , 10. , 16. , 18. , 11. ,
       54. , 15. , 13.5, 16. , 10. , 18. , 11.5, 23. , 16. , 19. , 12.5,
       58. , 16. , 14. , 53.5,  7.5, 13.5, 13. , 11.5, 56. , 39.5, 56.5,
       11. , 36.5, 16. , 16.5, 14. , 17. ,  4. , 20. ,  3. , 38.5, 14. ,
       13. , 17.5, 10.5,  7. , 17. ,  8. , 53.5, 19. , 28. , 16. , 18. ,
       35. , 14. , 18. ,  6. , 56. , 18.5, 14. , 20. , 52. , 11. , 54.5,
        7. , 18. , 17. , 58. , 15. , 11.5, 13. ,  6. , 20. , 16. ,  6. ,
       25. ,  9. , 17. , 21. ,  6. ,  7. , 21. , 24. , 20. , 60. , 20. ,
       14. , 18. , 16.5]), 'class_mean_width_scaled': array([0.09969819, 0.09454225, 0.13652582, 0.05394366, 0.0639839 ,
       0.07981221, 0.12050078, 0.11737089, 0.12769953, 0.06760563,
       0.07449139, 0.05765258, 0.04538341, 0.0456338 , 0.02403756,
       0.03197183, 0.08535211, 0.07694589, 0.11428571, 0.08619718,
       0.06441315, 0.05903756, 0.04102113, 0.0595997 , 0.06003521,
       0.15344288, 0.11327968, 0.03755869, 0.04095341, 0.10328638,
       0.07205337, 0.07399061, 0.06512013, 0.04450704, 0.10647887,
       0.14489437, 0.06760563, 0.14215962, 0.07706237, 0.03221831,
       0.07869718, 0.07975352, 0.07920464, 0.09352113, 0.0771831 ,
       0.06816901, 0.10187793, 0.03317684, 0.08050408, 0.05126761,
       0.06028169, 0.16188898, 0.04175642, 0.08998435, 0.04610823,
       0.10103286, 0.03624413, 0.10084507, 0.08249497, 0.07586854,
       0.10323115, 0.0915493 , 0.06434396, 0.04265594, 0.10441315,
       0.02071251, 0.07824726, 0.09378625, 0.04803558, 0.08229376,
       0.10362173, 0.08960429, 0.06619718, 0.09840376, 0.06103286,
       0.14046948, 0.12482394, 0.06167532, 0.04995305, 0.10123239,
       0.06449222, 0.0629108 , 0.06346313, 0.02369511, 0.04471831,
       0.01267606, 0.06908821, 0.04206573, 0.10181087, 0.07306338,
       0.06422535, 0.08257042, 0.05451533, 0.07042254, 0.08221831,
       0.04002965, 0.06545153, 0.06084507, 0.09382449, 0.09799852,
       0.04049296, 0.1286385 , 0.07286385, 0.09419014, 0.11549296,
       0.06215962, 0.07211268, 0.05985915, 0.04708249, 0.11521127,
       0.08995305, 0.09859155, 0.09295775, 0.08394366, 0.17915493,
       0.04507042, 0.04748491, 0.07922535, 0.11004695, 0.03474178,
       0.18250556, 0.10316901, 0.07538028, 0.0541471 , 0.03362676,
       0.10941438, 0.07847082, 0.14233637, 0.20492958, 0.03330572,
       0.09380282, 0.05573441, 0.09389671, 0.12635815, 0.04957746,
       0.08244131, 0.09765258, 0.04788732, 0.1314554 , 0.14066901,
       0.06441315, 0.04375587, 0.05971831, 0.05107981, 0.02914881,
       0.07412898, 0.05408451, 0.15098592, 0.061167  , 0.0681338 ,
       0.08090767, 0.13693271, 0.07506214, 0.17130282, 0.10057995,
       0.0829421 , 0.05723431, 0.08098592, 0.10478873, 0.0371831 ,
       0.08010563, 0.08332098, 0.12917505, 0.06046948, 0.07342723,
       0.07190511, 0.05370892, 0.10538525, 0.06760563, 0.06165884,
       0.04523612, 0.05827465, 0.09859155, 0.08976526, 0.06038732,
       0.07699531, 0.05446009, 0.07975352, 0.08507042, 0.10065728,
       0.04589892, 0.03926056, 0.03204225, 0.06779343, 0.0715493 ,
       0.03793427, 0.08045775, 0.06866197, 0.04929577, 0.01846635,
       0.08152444, 0.03474178, 0.04657277, 0.08394366, 0.06915493,
       0.03910522, 0.04059652, 0.06046948, 0.0828169 , 0.08701095,
       0.07887324, 0.06610329, 0.01742958, 0.08838028, 0.09778672,
       0.03291327, 0.03341869, 0.06516432, 0.08839705, 0.09859155,
       0.03863179, 0.06144366, 0.08788732, 0.02366197, 0.07658451,
       0.11089696, 0.04876761, 0.08957746, 0.05721831, 0.09929577,
       0.04424192, 0.05035211, 0.05      , 0.03028169, 0.05503792,
       0.08507042, 0.1141784 , 0.09215292, 0.04150235, 0.03908451,
       0.06304494, 0.0486698 , 0.07384306, 0.11599006, 0.08997514,
       0.06741784, 0.06267606, 0.07640845, 0.08769953, 0.06591549,
       0.04244131, 0.06158771, 0.08153365, 0.04915493, 0.03199195,
       0.12376761, 0.03299799, 0.08362676, 0.09524648, 0.04097311,
       0.14911972, 0.07364185, 0.06820926, 0.05101721, 0.06839437,
       0.09164319, 0.04334898, 0.05900667, 0.06317907, 0.07028169,
       0.28859155, 0.09542254, 0.01765258, 0.05840376, 0.04150235,
       0.0334507 , 0.06677713, 0.05549296, 0.04872196, 0.09637827,
       0.06403756, 0.02833471, 0.0886385 , 0.08413146, 0.03447351,
       0.11285211, 0.07339593, 0.05950704, 0.06110509, 0.05070423,
       0.08826291, 0.06619718, 0.10422535, 0.06148194, 0.07305164,
       0.05285833, 0.13753107, 0.07361502, 0.0809553 , 0.1125    ,
       0.04084507, 0.12816901, 0.05352113, 0.0596831 , 0.12024648,
       0.10865191, 0.1318662 , 0.05539906, 0.10580986, 0.08901408,
       0.0778672 , 0.04488263, 0.08169014, 0.03440644, 0.08544601,
       0.02910798, 0.11197183, 0.06103286, 0.04338028, 0.05618153,
       0.08904538, 0.04431925, 0.09577465, 0.03135334, 0.11366197,
       0.09090909, 0.10496664, 0.07826962, 0.06820926, 0.1028169 ,
       0.0335063 , 0.07588028, 0.0162612 , 0.13591549, 0.05855131,
       0.03868545, 0.09352113, 0.11003521, 0.03887324, 0.11877934,
       0.05183099, 0.0657277 , 0.09330986, 0.1284507 , 0.08699254,
       0.05518566, 0.06143012, 0.04206573, 0.07903894, 0.07439934,
       0.11806491, 0.0818662 , 0.0285446 , 0.06690141, 0.09314554,
       0.07340514, 0.04066901, 0.09314554, 0.09577465, 0.08169014,
       0.12655936, 0.09494615, 0.05189029, 0.08198666, 0.06635368]), 'class_median_width_scaled': array([0.1028169 , 0.05633803, 0.15211268, 0.02957746, 0.04507042,
       0.05915493, 0.04788732, 0.15492958, 0.16619718, 0.04366197,
       0.04507042, 0.04507042, 0.03521127, 0.03098592, 0.02535211,
       0.01126761, 0.04929577, 0.04225352, 0.1084507 , 0.05633803,
       0.02535211, 0.04788732, 0.0084507 , 0.02816901, 0.04929577,
       0.04647887, 0.14084507, 0.03943662, 0.03943662, 0.0915493 ,
       0.04225352, 0.03661972, 0.03661972, 0.04225352, 0.15774648,
       0.16760563, 0.04225352, 0.16338028, 0.05492958, 0.02535211,
       0.04507042, 0.05070423, 0.01690141, 0.05352113, 0.05633803,
       0.04788732, 0.10422535, 0.02957746, 0.04507042, 0.02957746,
       0.04788732, 0.17464789, 0.03380282, 0.05774648, 0.04225352,
       0.06760563, 0.04225352, 0.06760563, 0.05633803, 0.03380282,
       0.13521127, 0.05633803, 0.02816901, 0.01408451, 0.05633803,
       0.02535211, 0.04647887, 0.05633803, 0.03380282, 0.05070423,
       0.06478873, 0.02253521, 0.05211268, 0.05633803, 0.04788732,
       0.15774648, 0.14929577, 0.04788732, 0.04788732, 0.0915493 ,
       0.04507042, 0.04788732, 0.04225352, 0.01126761, 0.02394366,
       0.00985915, 0.03943662, 0.02816901, 0.06056338, 0.05070423,
       0.03943662, 0.05633803, 0.03098592, 0.03943662, 0.05492958,
       0.02535211, 0.03943662, 0.04788732, 0.05352113, 0.06760563,
       0.02394366, 0.17183099, 0.03943662, 0.05633803, 0.15211268,
       0.04788732, 0.05633803, 0.03661972, 0.02112676, 0.14929577,
       0.05633803, 0.06197183, 0.05211268, 0.04788732, 0.17746479,
       0.03239437, 0.04788732, 0.04788732, 0.06760563, 0.03661972,
       0.02253521, 0.10140845, 0.01971831, 0.03802817, 0.03098592,
       0.07042254, 0.04507042, 0.16619718, 0.1       , 0.02253521,
       0.05492958, 0.04225352, 0.05352113, 0.15492958, 0.03098592,
       0.05352113, 0.06197183, 0.04084507, 0.15492958, 0.05352113,
       0.05070423, 0.02253521, 0.04225352, 0.05352113, 0.0084507 ,
       0.05070423, 0.04225352, 0.05070423, 0.04647887, 0.03802817,
       0.04929577, 0.16056338, 0.05070423, 0.18732394, 0.05915493,
       0.05492958, 0.02676056, 0.04507042, 0.02253521, 0.02535211,
       0.04225352, 0.04225352, 0.15633803, 0.03943662, 0.05352113,
       0.04788732, 0.04225352, 0.06197183, 0.03661972, 0.04225352,
       0.02816901, 0.03380282, 0.04788732, 0.05352113, 0.04647887,
       0.04788732, 0.04225352, 0.05633803, 0.05070423, 0.05633803,
       0.03098592, 0.03239437, 0.01971831, 0.05070423, 0.04788732,
       0.02535211, 0.05633803, 0.04929577, 0.03802817, 0.01549296,
       0.05070423, 0.02535211, 0.03943662, 0.05070423, 0.04366197,
       0.01690141, 0.03380282, 0.04788732, 0.05352113, 0.05633803,
       0.05633803, 0.04507042, 0.01267606, 0.04929577, 0.05352113,
       0.02535211, 0.02535211, 0.04225352, 0.05070423, 0.06760563,
       0.03239437, 0.04366197, 0.05774648, 0.01126761, 0.02676056,
       0.12957746, 0.04225352, 0.05633803, 0.02253521, 0.05774648,
       0.01971831, 0.03380282, 0.04647887, 0.03098592, 0.02816901,
       0.03380282, 0.14929577, 0.05774648, 0.03943662, 0.04084507,
       0.04507042, 0.03661972, 0.04929577, 0.15211268, 0.03098592,
       0.03661972, 0.02535211, 0.05352113, 0.04788732, 0.05070423,
       0.02253521, 0.03239437, 0.03943662, 0.04225352, 0.01830986,
       0.15633803, 0.03380282, 0.05070423, 0.04788732, 0.02676056,
       0.17323944, 0.04366197, 0.04929577, 0.03943662, 0.04788732,
       0.05633803, 0.03380282, 0.05352113, 0.03943662, 0.03098592,
       0.03802817, 0.06338028, 0.01408451, 0.03943662, 0.01408451,
       0.02394366, 0.03098592, 0.03661972, 0.02535211, 0.05352113,
       0.04225352, 0.02816901, 0.04507042, 0.05070423, 0.03098592,
       0.15211268, 0.04225352, 0.03802817, 0.04507042, 0.02816901,
       0.05070423, 0.03239437, 0.06478873, 0.04507042, 0.05352113,
       0.03521127, 0.16338028, 0.04507042, 0.03943662, 0.15070423,
       0.02112676, 0.03802817, 0.03661972, 0.03239437, 0.15774648,
       0.11126761, 0.15915493, 0.03098592, 0.1028169 , 0.04507042,
       0.04647887, 0.03943662, 0.04788732, 0.01126761, 0.05633803,
       0.0084507 , 0.1084507 , 0.03943662, 0.03661972, 0.04929577,
       0.02957746, 0.01971831, 0.04788732, 0.02253521, 0.15070423,
       0.05352113, 0.07887324, 0.04507042, 0.05070423, 0.09859155,
       0.03943662, 0.05070423, 0.01690141, 0.15774648, 0.05211268,
       0.03943662, 0.05633803, 0.14647887, 0.03098592, 0.15352113,
       0.01971831, 0.05070423, 0.04788732, 0.16338028, 0.04225352,
       0.03239437, 0.03661972, 0.01690141, 0.05633803, 0.04507042,
       0.01690141, 0.07042254, 0.02535211, 0.04788732, 0.05915493,
       0.01690141, 0.01971831, 0.05915493, 0.06760563, 0.05633803,
       0.16901408, 0.05633803, 0.03943662, 0.05070423, 0.04647887])}

split_conformal_aps_ExtraTrees full class metrics: {'class_coverage': array([1.        , 0.9375    , 1.        , 1.        , 0.92857143,
       0.8       , 1.        , 0.73333333, 0.73333333, 0.88888889,
       0.94444444, 0.93333333, 0.72222222, 0.93333333, 1.        ,
       0.95      , 0.95      , 1.        , 1.        , 0.73333333,
       0.93333333, 0.91666667, 0.9375    , 1.        , 1.        ,
       0.97222222, 0.92857143, 1.        , 1.        , 1.        ,
       1.        , 1.        , 1.        , 0.86666667, 0.93333333,
       1.        , 1.        , 0.8       , 0.92857143, 0.9375    ,
       0.875     , 0.875     , 1.        , 0.93333333, 0.86666667,
       1.        , 1.        , 1.        , 0.94736842, 1.        ,
       0.8       , 0.82352941, 0.94117647, 1.        , 0.94736842,
       0.73333333, 1.        , 0.93333333, 0.78571429, 0.8       ,
       0.94117647, 1.        , 0.78947368, 0.92857143, 0.53333333,
       0.88235294, 1.        , 0.94117647, 1.        , 0.78571429,
       0.78571429, 1.        , 0.9375    , 0.86666667, 1.        ,
       0.86666667, 0.875     , 1.        , 0.93333333, 1.        ,
       1.        , 0.85714286, 1.        , 0.94117647, 0.875     ,
       1.        , 1.        , 0.93333333, 0.71428571, 0.5625    ,
       0.93333333, 0.9375    , 1.        , 0.8       , 0.9375    ,
       1.        , 0.94117647, 1.        , 0.96153846, 0.84210526,
       0.9375    , 0.8       , 0.8       , 0.9375    , 0.94117647,
       0.93333333, 0.86666667, 1.        , 0.78571429, 0.9       ,
       0.93333333, 1.        , 0.85714286, 0.93333333, 1.        ,
       1.        , 1.        , 0.9375    , 0.8       , 0.86666667,
       1.        , 0.9375    , 1.        , 1.        , 1.        ,
       0.68421053, 0.92857143, 0.94117647, 0.9375    , 0.94117647,
       0.95      , 0.85714286, 0.86666667, 0.85714286, 0.93333333,
       0.86666667, 1.        , 0.94444444, 0.93333333, 1.        ,
       0.93333333, 1.        , 0.86666667, 0.93333333, 1.        ,
       0.94736842, 0.86666667, 1.        , 0.71428571, 0.875     ,
       0.94444444, 1.        , 1.        , 0.875     , 1.        ,
       0.83333333, 1.        , 1.        , 1.        , 0.73333333,
       0.9375    , 1.        , 0.92857143, 0.93333333, 0.86666667,
       0.94736842, 1.        , 0.94117647, 1.        , 1.        ,
       1.        , 1.        , 0.7826087 , 1.        , 0.75      ,
       1.        , 0.86666667, 0.9375    , 0.93333333, 1.        ,
       1.        , 0.8125    , 1.        , 0.93333333, 0.93333333,
       1.        , 0.9375    , 0.875     , 1.        , 0.94444444,
       1.        , 1.        , 1.        , 1.        , 0.95      ,
       0.94117647, 0.41176471, 1.        , 0.86666667, 1.        ,
       0.66666667, 0.86666667, 0.75      , 0.9375    , 0.71428571,
       0.94736842, 1.        , 1.        , 1.        , 0.66666667,
       1.        , 0.9375    , 0.85      , 0.73333333, 0.9375    ,
       0.78947368, 1.        , 0.8       , 0.9375    , 0.95      ,
       1.        , 1.        , 0.875     , 1.        , 0.92307692,
       0.8       , 0.93333333, 1.        , 0.8       , 1.        ,
       0.85714286, 1.        , 0.78571429, 0.94117647, 0.94117647,
       0.93333333, 1.        , 0.9375    , 0.93333333, 0.93333333,
       1.        , 1.        , 0.94444444, 0.95      , 1.        ,
       0.8125    , 1.        , 0.6875    , 1.        , 0.95454545,
       0.75      , 0.85714286, 0.92857143, 1.        , 0.92      ,
       0.8       , 1.        , 0.68421053, 0.80952381, 0.95      ,
       1.        , 0.8125    , 0.86666667, 0.86666667, 1.        ,
       1.        , 0.94117647, 1.        , 1.        , 0.78571429,
       0.8       , 1.        , 0.86666667, 0.93333333, 0.95238095,
       1.        , 1.        , 0.6875    , 1.        , 1.        ,
       1.        , 0.85      , 0.86666667, 1.        , 1.        ,
       1.        , 0.94117647, 0.86666667, 1.        , 1.        ,
       1.        , 1.        , 1.        , 1.        , 0.875     ,
       0.92857143, 1.        , 0.91666667, 0.8125    , 1.        ,
       0.92857143, 0.93333333, 0.93333333, 0.85714286, 0.86666667,
       0.86666667, 0.8125    , 0.86666667, 1.        , 0.88888889,
       0.94444444, 0.86666667, 0.85714286, 0.91304348, 0.85      ,
       0.95454545, 0.94736842, 0.71428571, 1.        , 0.9       ,
       1.        , 0.9375    , 1.        , 0.9375    , 0.5       ,
       0.8       , 0.66666667, 0.9375    , 1.        , 1.        ,
       0.8       , 1.        , 0.9375    , 0.86666667, 1.        ,
       0.77272727, 1.        , 1.        , 0.70588235, 1.        ,
       0.95652174, 0.875     , 0.66666667, 1.        , 0.8       ,
       1.        , 1.        , 0.8       , 1.        , 0.92307692,
       1.        , 0.94117647, 0.94736842, 1.        , 0.83333333]), 'class_mean_width': array([ 35.39285714,  33.5625    ,  48.46666667,  19.15      ,
        22.71428571,  28.33333333,  42.77777778,  41.66666667,
        45.33333333,  24.        ,  26.44444444,  20.46666667,
        16.11111111,  16.2       ,   8.53333333,  11.35      ,
        30.3       ,  27.31578947,  40.57142857,  30.6       ,
        22.86666667,  20.95833333,  14.5625    ,  21.15789474,
        21.3125    ,  54.47222222,  40.21428571,  13.33333333,
        14.53846154,  36.66666667,  25.57894737,  26.26666667,
        23.11764706,  15.8       ,  37.8       ,  51.4375    ,
        24.        ,  50.46666667,  27.35714286,  11.4375    ,
        27.9375    ,  28.3125    ,  28.11764706,  33.2       ,
        27.4       ,  24.2       ,  36.16666667,  11.77777778,
        28.57894737,  18.2       ,  21.4       ,  57.47058824,
        14.82352941,  31.94444444,  16.36842105,  35.86666667,
        12.86666667,  35.8       ,  29.28571429,  26.93333333,
        36.64705882,  32.5       ,  22.84210526,  15.14285714,
        37.06666667,   7.35294118,  27.77777778,  33.29411765,
        17.05263158,  29.21428571,  36.78571429,  31.80952381,
        23.5       ,  34.93333333,  21.66666667,  49.86666667,
        44.3125    ,  21.89473684,  17.73333333,  35.9375    ,
        22.89473684,  22.33333333,  22.52941176,   8.41176471,
        15.875     ,   4.5       ,  24.52631579,  14.93333333,
        36.14285714,  25.9375    ,  22.8       ,  29.3125    ,
        19.35294118,  25.        ,  29.1875    ,  14.21052632,
        23.23529412,  21.6       ,  33.30769231,  34.78947368,
        14.375     ,  45.66666667,  25.86666667,  33.4375    ,
        41.        ,  22.06666667,  25.6       ,  21.25      ,
        16.71428571,  40.9       ,  31.93333333,  35.        ,
        33.        ,  29.8       ,  63.6       ,  16.        ,
        16.85714286,  28.125     ,  39.06666667,  12.33333333,
        64.78947368,  36.625     ,  26.76      ,  19.22222222,
        11.9375    ,  38.84210526,  27.85714286,  50.52941176,
        72.75      ,  11.82352941,  33.3       ,  19.78571429,
        33.33333333,  44.85714286,  17.6       ,  29.26666667,
        34.66666667,  17.        ,  46.66666667,  49.9375    ,
        22.86666667,  15.53333333,  21.2       ,  18.13333333,
        10.34782609,  26.31578947,  19.2       ,  53.6       ,
        21.71428571,  24.1875    ,  28.72222222,  48.61111111,
        26.64705882,  60.8125    ,  35.70588235,  29.44444444,
        20.31818182,  28.75      ,  37.2       ,  13.2       ,
        28.4375    ,  29.57894737,  45.85714286,  21.46666667,
        26.06666667,  25.52631579,  19.06666667,  37.41176471,
        24.        ,  21.88888889,  16.05882353,  20.6875    ,
        35.        ,  31.86666667,  21.4375    ,  27.33333333,
        19.33333333,  28.3125    ,  30.2       ,  35.73333333,
        16.29411765,  13.9375    ,  11.375     ,  24.06666667,
        25.4       ,  13.46666667,  28.5625    ,  24.375     ,
        17.5       ,   6.55555556,  28.94117647,  12.33333333,
        16.53333333,  29.8       ,  24.55      ,  13.88235294,
        14.41176471,  21.46666667,  29.4       ,  30.88888889,
        28.        ,  23.46666667,   6.1875    ,  31.375     ,
        34.71428571,  11.68421053,  11.86363636,  23.13333333,
        31.38095238,  35.        ,  13.71428571,  21.8125    ,
        31.2       ,   8.4       ,  27.1875    ,  39.36842105,
        17.3125    ,  31.8       ,  20.3125    ,  35.25      ,
        15.70588235,  17.875     ,  17.75      ,  10.75      ,
        19.53846154,  30.2       ,  40.53333333,  32.71428571,
        14.73333333,  13.875     ,  22.38095238,  17.27777778,
        26.21428571,  41.17647059,  31.94117647,  23.93333333,
        22.25      ,  27.125     ,  31.13333333,  23.4       ,
        15.06666667,  21.86363636,  28.94444444,  17.45      ,
        11.35714286,  43.9375    ,  11.71428571,  29.6875    ,
        33.8125    ,  14.54545455,  52.9375    ,  26.14285714,
        24.21428571,  18.11111111,  24.28      ,  32.53333333,
        15.38888889,  20.94736842,  22.42857143,  24.95      ,
       102.45      ,  33.875     ,   6.26666667,  20.73333333,
        14.73333333,  11.875     ,  23.70588235,  19.7       ,
        17.2962963 ,  34.21428571,  22.73333333,  10.05882353,
        31.46666667,  29.86666667,  12.23809524,  40.0625    ,
        26.05555556,  21.125     ,  21.69230769,  18.        ,
        31.33333333,  23.5       ,  37.        ,  21.82608696,
        25.93333333,  18.76470588,  48.82352941,  26.13333333,
        28.73913043,  39.9375    ,  14.5       ,  45.5       ,
        19.        ,  21.1875    ,  42.6875    ,  38.57142857,
        46.8125    ,  19.66666667,  37.5625    ,  31.6       ,
        27.64285714,  15.93333333,  29.        ,  12.21428571,
        30.33333333,  10.33333333,  39.75      ,  21.66666667,
        15.4       ,  19.94444444,  31.61111111,  15.73333333,
        34.        ,  11.13043478,  40.35      ,  32.27272727,
        37.26315789,  27.78571429,  24.21428571,  36.5       ,
        11.89473684,  26.9375    ,   5.77272727,  48.25      ,
        20.78571429,  13.73333333,  33.2       ,  39.0625    ,
        13.8       ,  42.16666667,  18.4       ,  23.33333333,
        33.125     ,  45.6       ,  30.88235294,  19.59090909,
        21.80769231,  14.93333333,  28.05882353,  26.41176471,
        41.91304348,  29.0625    ,  10.13333333,  23.75      ,
        33.06666667,  26.05882353,  14.4375    ,  33.06666667,
        34.        ,  29.        ,  44.92857143,  33.70588235,
        18.42105263,  29.10526316,  23.55555556]), 'class_median_width': array([36.5, 20. , 54. , 10.5, 16. , 21. , 17. , 55. , 59. , 15.5, 16. ,
       16. , 12.5, 11. ,  9. ,  4. , 17.5, 15. , 38.5, 20. ,  9. , 17. ,
        3. , 10. , 17.5, 16.5, 50. , 14. , 14. , 32.5, 15. , 13. , 13. ,
       15. , 56. , 59.5, 15. , 58. , 19.5,  9. , 16. , 18. ,  6. , 19. ,
       20. , 17. , 37. , 10.5, 16. , 10.5, 17. , 62. , 12. , 20.5, 15. ,
       24. , 15. , 24. , 20. , 12. , 48. , 20. , 10. ,  5. , 20. ,  9. ,
       16.5, 20. , 12. , 18. , 23. ,  8. , 18.5, 20. , 17. , 56. , 53. ,
       17. , 17. , 32.5, 16. , 17. , 15. ,  4. ,  8.5,  3.5, 14. , 10. ,
       21.5, 18. , 14. , 20. , 11. , 14. , 19.5,  9. , 14. , 17. , 19. ,
       24. ,  8.5, 61. , 14. , 20. , 54. , 17. , 20. , 13. ,  7.5, 53. ,
       20. , 22. , 18.5, 17. , 63. , 11.5, 17. , 17. , 24. , 13. ,  8. ,
       36. ,  7. , 13.5, 11. , 25. , 16. , 59. , 35.5,  8. , 19.5, 15. ,
       19. , 55. , 11. , 19. , 22. , 14.5, 55. , 19. , 18. ,  8. , 15. ,
       19. ,  3. , 18. , 15. , 18. , 16.5, 13.5, 17.5, 57. , 18. , 66.5,
       21. , 19.5,  9.5, 16. ,  8. ,  9. , 15. , 15. , 55.5, 14. , 19. ,
       17. , 15. , 22. , 13. , 15. , 10. , 12. , 17. , 19. , 16.5, 17. ,
       15. , 20. , 18. , 20. , 11. , 11.5,  7. , 18. , 17. ,  9. , 20. ,
       17.5, 13.5,  5.5, 18. ,  9. , 14. , 18. , 15.5,  6. , 12. , 17. ,
       19. , 20. , 20. , 16. ,  4.5, 17.5, 19. ,  9. ,  9. , 15. , 18. ,
       24. , 11.5, 15.5, 20.5,  4. ,  9.5, 46. , 15. , 20. ,  8. , 20.5,
        7. , 12. , 16.5, 11. , 10. , 12. , 53. , 20.5, 14. , 14.5, 16. ,
       13. , 17.5, 54. , 11. , 13. ,  9. , 19. , 17. , 18. ,  8. , 11.5,
       14. , 15. ,  6.5, 55.5, 12. , 18. , 17. ,  9.5, 61.5, 15.5, 17.5,
       14. , 17. , 20. , 12. , 19. , 14. , 11. , 13.5, 22.5,  5. , 14. ,
        5. ,  8.5, 11. , 13. ,  9. , 19. , 15. , 10. , 16. , 18. , 11. ,
       54. , 15. , 13.5, 16. , 10. , 18. , 11.5, 23. , 16. , 19. , 12.5,
       58. , 16. , 14. , 53.5,  7.5, 13.5, 13. , 11.5, 56. , 39.5, 56.5,
       11. , 36.5, 16. , 16.5, 14. , 17. ,  4. , 20. ,  3. , 38.5, 14. ,
       13. , 17.5, 10.5,  7. , 17. ,  8. , 53.5, 19. , 28. , 16. , 18. ,
       35. , 14. , 18. ,  6. , 56. , 18.5, 14. , 20. , 52. , 11. , 54.5,
        7. , 18. , 17. , 58. , 15. , 11.5, 13. ,  6. , 20. , 16. ,  6. ,
       25. ,  9. , 17. , 21. ,  6. ,  7. , 21. , 24. , 20. , 60. , 20. ,
       14. , 18. , 16.5]), 'class_mean_width_scaled': array([0.09969819, 0.09454225, 0.13652582, 0.05394366, 0.0639839 ,
       0.07981221, 0.12050078, 0.11737089, 0.12769953, 0.06760563,
       0.07449139, 0.05765258, 0.04538341, 0.0456338 , 0.02403756,
       0.03197183, 0.08535211, 0.07694589, 0.11428571, 0.08619718,
       0.06441315, 0.05903756, 0.04102113, 0.0595997 , 0.06003521,
       0.15344288, 0.11327968, 0.03755869, 0.04095341, 0.10328638,
       0.07205337, 0.07399061, 0.06512013, 0.04450704, 0.10647887,
       0.14489437, 0.06760563, 0.14215962, 0.07706237, 0.03221831,
       0.07869718, 0.07975352, 0.07920464, 0.09352113, 0.0771831 ,
       0.06816901, 0.10187793, 0.03317684, 0.08050408, 0.05126761,
       0.06028169, 0.16188898, 0.04175642, 0.08998435, 0.04610823,
       0.10103286, 0.03624413, 0.10084507, 0.08249497, 0.07586854,
       0.10323115, 0.0915493 , 0.06434396, 0.04265594, 0.10441315,
       0.02071251, 0.07824726, 0.09378625, 0.04803558, 0.08229376,
       0.10362173, 0.08960429, 0.06619718, 0.09840376, 0.06103286,
       0.14046948, 0.12482394, 0.06167532, 0.04995305, 0.10123239,
       0.06449222, 0.0629108 , 0.06346313, 0.02369511, 0.04471831,
       0.01267606, 0.06908821, 0.04206573, 0.10181087, 0.07306338,
       0.06422535, 0.08257042, 0.05451533, 0.07042254, 0.08221831,
       0.04002965, 0.06545153, 0.06084507, 0.09382449, 0.09799852,
       0.04049296, 0.1286385 , 0.07286385, 0.09419014, 0.11549296,
       0.06215962, 0.07211268, 0.05985915, 0.04708249, 0.11521127,
       0.08995305, 0.09859155, 0.09295775, 0.08394366, 0.17915493,
       0.04507042, 0.04748491, 0.07922535, 0.11004695, 0.03474178,
       0.18250556, 0.10316901, 0.07538028, 0.0541471 , 0.03362676,
       0.10941438, 0.07847082, 0.14233637, 0.20492958, 0.03330572,
       0.09380282, 0.05573441, 0.09389671, 0.12635815, 0.04957746,
       0.08244131, 0.09765258, 0.04788732, 0.1314554 , 0.14066901,
       0.06441315, 0.04375587, 0.05971831, 0.05107981, 0.02914881,
       0.07412898, 0.05408451, 0.15098592, 0.061167  , 0.0681338 ,
       0.08090767, 0.13693271, 0.07506214, 0.17130282, 0.10057995,
       0.0829421 , 0.05723431, 0.08098592, 0.10478873, 0.0371831 ,
       0.08010563, 0.08332098, 0.12917505, 0.06046948, 0.07342723,
       0.07190511, 0.05370892, 0.10538525, 0.06760563, 0.06165884,
       0.04523612, 0.05827465, 0.09859155, 0.08976526, 0.06038732,
       0.07699531, 0.05446009, 0.07975352, 0.08507042, 0.10065728,
       0.04589892, 0.03926056, 0.03204225, 0.06779343, 0.0715493 ,
       0.03793427, 0.08045775, 0.06866197, 0.04929577, 0.01846635,
       0.08152444, 0.03474178, 0.04657277, 0.08394366, 0.06915493,
       0.03910522, 0.04059652, 0.06046948, 0.0828169 , 0.08701095,
       0.07887324, 0.06610329, 0.01742958, 0.08838028, 0.09778672,
       0.03291327, 0.03341869, 0.06516432, 0.08839705, 0.09859155,
       0.03863179, 0.06144366, 0.08788732, 0.02366197, 0.07658451,
       0.11089696, 0.04876761, 0.08957746, 0.05721831, 0.09929577,
       0.04424192, 0.05035211, 0.05      , 0.03028169, 0.05503792,
       0.08507042, 0.1141784 , 0.09215292, 0.04150235, 0.03908451,
       0.06304494, 0.0486698 , 0.07384306, 0.11599006, 0.08997514,
       0.06741784, 0.06267606, 0.07640845, 0.08769953, 0.06591549,
       0.04244131, 0.06158771, 0.08153365, 0.04915493, 0.03199195,
       0.12376761, 0.03299799, 0.08362676, 0.09524648, 0.04097311,
       0.14911972, 0.07364185, 0.06820926, 0.05101721, 0.06839437,
       0.09164319, 0.04334898, 0.05900667, 0.06317907, 0.07028169,
       0.28859155, 0.09542254, 0.01765258, 0.05840376, 0.04150235,
       0.0334507 , 0.06677713, 0.05549296, 0.04872196, 0.09637827,
       0.06403756, 0.02833471, 0.0886385 , 0.08413146, 0.03447351,
       0.11285211, 0.07339593, 0.05950704, 0.06110509, 0.05070423,
       0.08826291, 0.06619718, 0.10422535, 0.06148194, 0.07305164,
       0.05285833, 0.13753107, 0.07361502, 0.0809553 , 0.1125    ,
       0.04084507, 0.12816901, 0.05352113, 0.0596831 , 0.12024648,
       0.10865191, 0.1318662 , 0.05539906, 0.10580986, 0.08901408,
       0.0778672 , 0.04488263, 0.08169014, 0.03440644, 0.08544601,
       0.02910798, 0.11197183, 0.06103286, 0.04338028, 0.05618153,
       0.08904538, 0.04431925, 0.09577465, 0.03135334, 0.11366197,
       0.09090909, 0.10496664, 0.07826962, 0.06820926, 0.1028169 ,
       0.0335063 , 0.07588028, 0.0162612 , 0.13591549, 0.05855131,
       0.03868545, 0.09352113, 0.11003521, 0.03887324, 0.11877934,
       0.05183099, 0.0657277 , 0.09330986, 0.1284507 , 0.08699254,
       0.05518566, 0.06143012, 0.04206573, 0.07903894, 0.07439934,
       0.11806491, 0.0818662 , 0.0285446 , 0.06690141, 0.09314554,
       0.07340514, 0.04066901, 0.09314554, 0.09577465, 0.08169014,
       0.12655936, 0.09494615, 0.05189029, 0.08198666, 0.06635368]), 'class_median_width_scaled': array([0.1028169 , 0.05633803, 0.15211268, 0.02957746, 0.04507042,
       0.05915493, 0.04788732, 0.15492958, 0.16619718, 0.04366197,
       0.04507042, 0.04507042, 0.03521127, 0.03098592, 0.02535211,
       0.01126761, 0.04929577, 0.04225352, 0.1084507 , 0.05633803,
       0.02535211, 0.04788732, 0.0084507 , 0.02816901, 0.04929577,
       0.04647887, 0.14084507, 0.03943662, 0.03943662, 0.0915493 ,
       0.04225352, 0.03661972, 0.03661972, 0.04225352, 0.15774648,
       0.16760563, 0.04225352, 0.16338028, 0.05492958, 0.02535211,
       0.04507042, 0.05070423, 0.01690141, 0.05352113, 0.05633803,
       0.04788732, 0.10422535, 0.02957746, 0.04507042, 0.02957746,
       0.04788732, 0.17464789, 0.03380282, 0.05774648, 0.04225352,
       0.06760563, 0.04225352, 0.06760563, 0.05633803, 0.03380282,
       0.13521127, 0.05633803, 0.02816901, 0.01408451, 0.05633803,
       0.02535211, 0.04647887, 0.05633803, 0.03380282, 0.05070423,
       0.06478873, 0.02253521, 0.05211268, 0.05633803, 0.04788732,
       0.15774648, 0.14929577, 0.04788732, 0.04788732, 0.0915493 ,
       0.04507042, 0.04788732, 0.04225352, 0.01126761, 0.02394366,
       0.00985915, 0.03943662, 0.02816901, 0.06056338, 0.05070423,
       0.03943662, 0.05633803, 0.03098592, 0.03943662, 0.05492958,
       0.02535211, 0.03943662, 0.04788732, 0.05352113, 0.06760563,
       0.02394366, 0.17183099, 0.03943662, 0.05633803, 0.15211268,
       0.04788732, 0.05633803, 0.03661972, 0.02112676, 0.14929577,
       0.05633803, 0.06197183, 0.05211268, 0.04788732, 0.17746479,
       0.03239437, 0.04788732, 0.04788732, 0.06760563, 0.03661972,
       0.02253521, 0.10140845, 0.01971831, 0.03802817, 0.03098592,
       0.07042254, 0.04507042, 0.16619718, 0.1       , 0.02253521,
       0.05492958, 0.04225352, 0.05352113, 0.15492958, 0.03098592,
       0.05352113, 0.06197183, 0.04084507, 0.15492958, 0.05352113,
       0.05070423, 0.02253521, 0.04225352, 0.05352113, 0.0084507 ,
       0.05070423, 0.04225352, 0.05070423, 0.04647887, 0.03802817,
       0.04929577, 0.16056338, 0.05070423, 0.18732394, 0.05915493,
       0.05492958, 0.02676056, 0.04507042, 0.02253521, 0.02535211,
       0.04225352, 0.04225352, 0.15633803, 0.03943662, 0.05352113,
       0.04788732, 0.04225352, 0.06197183, 0.03661972, 0.04225352,
       0.02816901, 0.03380282, 0.04788732, 0.05352113, 0.04647887,
       0.04788732, 0.04225352, 0.05633803, 0.05070423, 0.05633803,
       0.03098592, 0.03239437, 0.01971831, 0.05070423, 0.04788732,
       0.02535211, 0.05633803, 0.04929577, 0.03802817, 0.01549296,
       0.05070423, 0.02535211, 0.03943662, 0.05070423, 0.04366197,
       0.01690141, 0.03380282, 0.04788732, 0.05352113, 0.05633803,
       0.05633803, 0.04507042, 0.01267606, 0.04929577, 0.05352113,
       0.02535211, 0.02535211, 0.04225352, 0.05070423, 0.06760563,
       0.03239437, 0.04366197, 0.05774648, 0.01126761, 0.02676056,
       0.12957746, 0.04225352, 0.05633803, 0.02253521, 0.05774648,
       0.01971831, 0.03380282, 0.04647887, 0.03098592, 0.02816901,
       0.03380282, 0.14929577, 0.05774648, 0.03943662, 0.04084507,
       0.04507042, 0.03661972, 0.04929577, 0.15211268, 0.03098592,
       0.03661972, 0.02535211, 0.05352113, 0.04788732, 0.05070423,
       0.02253521, 0.03239437, 0.03943662, 0.04225352, 0.01830986,
       0.15633803, 0.03380282, 0.05070423, 0.04788732, 0.02676056,
       0.17323944, 0.04366197, 0.04929577, 0.03943662, 0.04788732,
       0.05633803, 0.03380282, 0.05352113, 0.03943662, 0.03098592,
       0.03802817, 0.06338028, 0.01408451, 0.03943662, 0.01408451,
       0.02394366, 0.03098592, 0.03661972, 0.02535211, 0.05352113,
       0.04225352, 0.02816901, 0.04507042, 0.05070423, 0.03098592,
       0.15211268, 0.04225352, 0.03802817, 0.04507042, 0.02816901,
       0.05070423, 0.03239437, 0.06478873, 0.04507042, 0.05352113,
       0.03521127, 0.16338028, 0.04507042, 0.03943662, 0.15070423,
       0.02112676, 0.03802817, 0.03661972, 0.03239437, 0.15774648,
       0.11126761, 0.15915493, 0.03098592, 0.1028169 , 0.04507042,
       0.04647887, 0.03943662, 0.04788732, 0.01126761, 0.05633803,
       0.0084507 , 0.1084507 , 0.03943662, 0.03661972, 0.04929577,
       0.02957746, 0.01971831, 0.04788732, 0.02253521, 0.15070423,
       0.05352113, 0.07887324, 0.04507042, 0.05070423, 0.09859155,
       0.03943662, 0.05070423, 0.01690141, 0.15774648, 0.05211268,
       0.03943662, 0.05633803, 0.14647887, 0.03098592, 0.15352113,
       0.01971831, 0.05070423, 0.04788732, 0.16338028, 0.04225352,
       0.03239437, 0.03661972, 0.01690141, 0.05633803, 0.04507042,
       0.01690141, 0.07042254, 0.02535211, 0.04788732, 0.05915493,
       0.01690141, 0.01971831, 0.05915493, 0.06760563, 0.05633803,
       0.16901408, 0.05633803, 0.03943662, 0.05070423, 0.04647887])}

Job completed at Wed Mar 19 06:20:17 PM PDT 2025
