Starting job at Wed Mar 19 06:24:37 PM PDT 2025
Job parameters:
Dataset: data_chess
UQ Method: split_conformal_naive
Estimator: XGBoost
Seed: 783
Train Size: 0.8
Running split_conformal_naive on data_chess with seed 783 and train size 0.8

starting experiment

data created

Fitting split_conformal_naive_XGBoost on data_chess with seed 783

split_conformal_naive_XGBoost metrics: {'coverage': np.float64(0.9100142551674982), 'mean_width': np.float64(4.635424091233072), 'median_width': np.float64(5.0), 'mean_width_scaled': np.float64(0.25752356062405957), 'median_width_scaled': np.float64(0.2777777777777778)}

split_conformal_naive_XGBoost full metrics: {'coverage': np.float64(0.9100142551674982), 'mean_width': np.float64(4.635424091233072), 'median_width': np.float64(5.0), 'mean_width_scaled': np.float64(0.25752356062405957), 'median_width_scaled': np.float64(0.2777777777777778)}

split_conformal_naive_XGBoost class metrics: {'class_coverage': array([0.97495528, 0.83275261, 0.91943958, 0.95150115, 0.78723404,
       0.825     , 0.96926454, 0.79532164, 0.125     , 0.86131387,
       0.80508475, 0.74358974, 0.87657431, 0.93682956, 0.25      ,
       0.95138889, 0.57142857, 0.        ]), 'class_mean_width': array([3.84436494, 5.41114983, 5.04903678, 3.48729792, 6.53191489,
       7.35      , 3.96267838, 5.26900585, 6.0625    , 6.00729927,
       6.21186441, 3.41025641, 5.19899244, 4.33611442, 6.5       ,
       4.90694444, 6.28571429, 6.6       ]), 'class_median_width': array([4. , 6. , 5. , 3. , 7. , 8. , 4. , 5. , 6.5, 6. , 6. , 3. , 5. ,
       4. , 6.5, 5. , 6. , 7. ]), 'class_mean_width_scaled': array([0.21357583, 0.30061943, 0.28050204, 0.19373877, 0.36288416,
       0.40833333, 0.2201488 , 0.29272255, 0.33680556, 0.33373885,
       0.34510358, 0.18945869, 0.28883291, 0.24089525, 0.36111111,
       0.27260802, 0.34920635, 0.36666667]), 'class_median_width_scaled': array([0.22222222, 0.33333333, 0.27777778, 0.16666667, 0.38888889,
       0.44444444, 0.22222222, 0.27777778, 0.36111111, 0.33333333,
       0.33333333, 0.16666667, 0.27777778, 0.22222222, 0.36111111,
       0.27777778, 0.33333333, 0.38888889])}

split_conformal_naive_XGBoost full class metrics: {'class_coverage': array([0.97495528, 0.83275261, 0.91943958, 0.95150115, 0.78723404,
       0.825     , 0.96926454, 0.79532164, 0.125     , 0.86131387,
       0.80508475, 0.74358974, 0.87657431, 0.93682956, 0.25      ,
       0.95138889, 0.57142857, 0.        ]), 'class_mean_width': array([3.84436494, 5.41114983, 5.04903678, 3.48729792, 6.53191489,
       7.35      , 3.96267838, 5.26900585, 6.0625    , 6.00729927,
       6.21186441, 3.41025641, 5.19899244, 4.33611442, 6.5       ,
       4.90694444, 6.28571429, 6.6       ]), 'class_median_width': array([4. , 6. , 5. , 3. , 7. , 8. , 4. , 5. , 6.5, 6. , 6. , 3. , 5. ,
       4. , 6.5, 5. , 6. , 7. ]), 'class_mean_width_scaled': array([0.21357583, 0.30061943, 0.28050204, 0.19373877, 0.36288416,
       0.40833333, 0.2201488 , 0.29272255, 0.33680556, 0.33373885,
       0.34510358, 0.18945869, 0.28883291, 0.24089525, 0.36111111,
       0.27260802, 0.34920635, 0.36666667]), 'class_median_width_scaled': array([0.22222222, 0.33333333, 0.27777778, 0.16666667, 0.38888889,
       0.44444444, 0.22222222, 0.27777778, 0.36111111, 0.33333333,
       0.33333333, 0.16666667, 0.27777778, 0.22222222, 0.36111111,
       0.27777778, 0.33333333, 0.38888889])}

Job completed at Wed Mar 19 06:24:40 PM PDT 2025
