Starting job at Wed Mar 19 08:21:48 PM PDT 2025
Job parameters:
Dataset: data_dionis
UQ Method: split_conformal_topk
Estimator: LogisticRegression
Seed: 783
Train Size: 0.8
Running split_conformal_topk on data_dionis with seed 783 and train size 0.8

starting experiment

data created

Fitting split_conformal_topk_LogisticRegression on data_dionis with seed 783

split_conformal_topk_LogisticRegression metrics: {'coverage': np.float64(0.9288333333333333), 'mean_width': np.float64(105.803), 'median_width': np.float64(84.0), 'mean_width_scaled': np.float64(0.29803661971830986), 'median_width_scaled': np.float64(0.23661971830985915)}

split_conformal_topk_LogisticRegression full metrics: {'coverage': np.float64(0.9288333333333333), 'mean_width': np.float64(105.803), 'median_width': np.float64(84.0), 'mean_width_scaled': np.float64(0.29803661971830986), 'median_width_scaled': np.float64(0.23661971830985915)}

split_conformal_topk_LogisticRegression class metrics: {'class_coverage': array([0.96428571, 1.        , 1.        , 0.95      , 0.89285714,
       0.66666667, 0.94444444, 0.93333333, 0.93333333, 1.        ,
       1.        , 1.        , 1.        , 0.93333333, 1.        ,
       1.        , 1.        , 1.        , 1.        , 0.73333333,
       0.86666667, 0.875     , 0.875     , 1.        , 0.9375    ,
       0.97222222, 1.        , 1.        , 1.        , 1.        ,
       1.        , 1.        , 1.        , 0.93333333, 0.93333333,
       0.9375    , 1.        , 0.93333333, 1.        , 0.9375    ,
       0.8125    , 1.        , 0.94117647, 0.86666667, 0.93333333,
       1.        , 0.94444444, 1.        , 1.        , 0.8       ,
       0.8       , 0.88235294, 0.94117647, 1.        , 0.89473684,
       0.86666667, 1.        , 1.        , 1.        , 0.66666667,
       1.        , 0.9375    , 0.94736842, 1.        , 0.93333333,
       1.        , 0.88888889, 1.        , 1.        , 0.42857143,
       1.        , 1.        , 0.875     , 1.        , 1.        ,
       0.8       , 1.        , 0.73684211, 0.8       , 0.9375    ,
       0.94736842, 0.85714286, 0.64705882, 0.94117647, 1.        ,
       1.        , 0.78947368, 1.        , 0.92857143, 0.9375    ,
       1.        , 0.6875    , 1.        , 1.        , 0.9375    ,
       0.94736842, 0.82352941, 0.93333333, 0.80769231, 1.        ,
       1.        , 0.93333333, 1.        , 0.9375    , 1.        ,
       0.73333333, 0.93333333, 0.5625    , 1.        , 1.        ,
       0.93333333, 0.93333333, 0.85714286, 0.86666667, 0.86666667,
       0.875     , 1.        , 0.875     , 0.86666667, 1.        ,
       0.89473684, 0.6875    , 0.88      , 1.        , 0.875     ,
       0.89473684, 1.        , 0.94117647, 1.        , 1.        ,
       0.9       , 1.        , 0.73333333, 0.78571429, 1.        ,
       0.93333333, 1.        , 1.        , 0.6       , 1.        ,
       1.        , 1.        , 0.86666667, 1.        , 1.        ,
       0.84210526, 0.93333333, 1.        , 0.85714286, 1.        ,
       1.        , 0.94444444, 0.76470588, 0.875     , 0.82352941,
       0.88888889, 1.        , 0.85      , 0.93333333, 1.        ,
       0.9375    , 1.        , 0.92857143, 1.        , 1.        ,
       0.94736842, 0.93333333, 0.82352941, 1.        , 0.72222222,
       0.94117647, 0.9375    , 1.        , 1.        , 1.        ,
       1.        , 0.73333333, 0.9375    , 1.        , 0.93333333,
       0.82352941, 1.        , 0.875     , 1.        , 1.        ,
       1.        , 0.9375    , 0.75      , 1.        , 1.        ,
       1.        , 0.93333333, 0.93333333, 1.        , 0.95      ,
       1.        , 1.        , 1.        , 1.        , 0.77777778,
       0.53333333, 0.86666667, 1.        , 0.875     , 0.95238095,
       1.        , 0.95454545, 0.73333333, 1.        , 0.86666667,
       1.        , 0.9375    , 1.        , 0.86666667, 0.9375    ,
       0.84210526, 0.875     , 0.8       , 1.        , 0.85714286,
       1.        , 0.875     , 0.875     , 1.        , 1.        ,
       1.        , 1.        , 1.        , 0.73333333, 0.9375    ,
       0.95238095, 1.        , 0.85714286, 0.64705882, 0.94117647,
       1.        , 0.9375    , 0.9375    , 0.93333333, 1.        ,
       1.        , 1.        , 0.77777778, 1.        , 1.        ,
       0.8125    , 1.        , 0.4375    , 1.        , 1.        ,
       0.875     , 1.        , 1.        , 0.72222222, 0.88      ,
       0.8       , 1.        , 0.89473684, 1.        , 0.85      ,
       1.        , 0.9375    , 1.        , 1.        , 1.        ,
       1.        , 1.        , 0.95      , 0.92592593, 0.92857143,
       1.        , 1.        , 0.86666667, 1.        , 0.95238095,
       0.75      , 1.        , 1.        , 0.92307692, 0.86666667,
       1.        , 0.95      , 0.93333333, 0.95652174, 1.        ,
       1.        , 1.        , 1.        , 0.95652174, 1.        ,
       0.94444444, 1.        , 0.95652174, 0.875     , 1.        ,
       0.85714286, 0.8125    , 1.        , 1.        , 0.93333333,
       1.        , 1.        , 0.6       , 1.        , 0.8       ,
       1.        , 0.75      , 1.        , 0.8       , 1.        ,
       0.94444444, 1.        , 0.85714286, 1.        , 1.        ,
       0.72727273, 0.94736842, 0.78571429, 0.92857143, 1.        ,
       0.89473684, 0.9375    , 1.        , 0.75      , 0.92857143,
       0.93333333, 1.        , 0.9375    , 1.        , 1.        ,
       0.8       , 1.        , 1.        , 1.        , 0.82352941,
       0.86363636, 1.        , 1.        , 0.70588235, 1.        ,
       0.95454545, 0.875     , 0.93333333, 1.        , 1.        ,
       0.94444444, 0.9375    , 0.86666667, 1.        , 0.92307692,
       0.85714286, 0.94117647, 1.        , 0.89473684, 0.94444444]), 'class_mean_width': array([ 93.67857143, 100.9375    ,  84.        , 138.25      ,
       113.57142857, 157.46666667,  99.72222222, 120.13333333,
       120.2       ,  84.        ,  84.        , 102.26666667,
        84.        ,  84.        ,  84.        ,  97.65      ,
        84.        ,  84.        ,  84.        , 120.13333333,
       192.4       , 151.75      ,  84.        , 126.78947368,
       100.9375    ,  91.72222222,  84.        ,  84.        ,
        84.        ,  99.05555556,  84.10526316,  84.        ,
        84.        ,  84.        , 102.4       , 202.625     ,
        84.21428571,  84.        , 107.57142857, 100.9375    ,
        84.        ,  84.        ,  88.35294118,  84.        ,
        84.        ,  84.        ,  84.        , 144.22222222,
        84.        ,  84.        ,  84.        ,  84.        ,
       131.82352941,  84.        ,  84.        , 102.26666667,
        84.        , 102.06666667,  84.        ,  84.06666667,
        84.11764706, 100.9375    , 141.10526316,  84.        ,
        84.        , 116.        ,  84.        ,  84.        ,
        98.26315789, 123.14285714,  86.71428571,  97.0952381 ,
       134.8125    ,  84.46666667,  84.        , 228.86666667,
        84.        ,  84.15789474, 138.2       ,  84.        ,
       112.52631579,  96.9047619 , 180.47058824,  99.94117647,
        84.        ,  84.        , 142.15789474, 102.06666667,
        84.        , 101.125     ,  84.        , 168.6875    ,
        99.94117647,  84.        , 151.8125    , 227.57894737,
        84.        ,  84.        , 105.        , 112.52631579,
       117.9375    ,  84.        , 102.06666667,  84.        ,
        84.        ,  84.2       , 120.13333333, 101.3125    ,
       103.35714286,  84.2       ,  84.        , 120.2       ,
       180.78571429,  84.        , 102.06666667, 253.4375    ,
        84.        ,  84.        ,  84.        ,  84.        ,
       170.21052632, 134.9375    , 149.2       ,  84.        ,
       253.75      ,  84.05263158,  84.        ,  99.94117647,
        84.0625    ,  84.        ,  97.65      ,  84.        ,
        84.        ,  84.        , 102.06666667,  84.        ,
        84.        ,  84.        , 193.2       ,  84.        ,
        84.        , 138.2       , 102.2       , 174.33333333,
        84.        , 112.52631579, 120.13333333,  84.        ,
        84.        ,  84.        , 144.33333333,  84.        ,
       163.70588235,  84.        , 179.64705882,  84.        ,
        84.        ,  97.65      ,  84.        ,  84.        ,
       100.9375    ,  84.        ,  84.        , 102.06666667,
        84.        ,  84.15789474, 138.2       ,  84.        ,
       120.13333333, 129.83333333, 115.88235294, 117.875     ,
       107.56521739, 120.13333333,  84.        , 120.26666667,
       210.53333333,  84.        ,  84.        , 102.06666667,
       244.        ,  84.        , 134.8125    ,  84.        ,
        84.        , 120.4       ,  84.        , 118.625     ,
        84.        ,  84.        ,  84.        ,  84.        ,
        84.        ,  84.06666667, 125.15      ,  84.        ,
        84.        ,  84.        ,  84.        , 144.33333333,
        84.06666667, 120.33333333, 117.875     , 168.8125    ,
       125.61904762,  84.05263158,  96.31818182, 102.46666667,
        84.        ,  84.        ,  84.        ,  84.        ,
        84.        , 102.06666667,  84.        , 141.36842105,
        84.        ,  84.        , 118.        , 109.80952381,
        99.94117647, 237.125     ,  84.        , 253.75      ,
       292.46153846,  84.        , 120.2       ,  84.        ,
       120.66666667, 100.9375    , 110.14285714,  84.        ,
       103.42857143, 100.11764706, 179.82352941, 103.33333333,
        84.        , 134.8125    , 102.06666667,  84.        ,
        84.        ,  84.18181818,  84.22222222,  84.        ,
       132.67857143, 101.375     ,  84.        ,  86.8125    ,
        84.        ,  96.31818182,  84.        ,  84.        ,
        84.        , 148.05555556, 116.56      ,  84.06666667,
        84.        ,  98.26315789,  84.        ,  98.05      ,
        97.55      ,  84.        ,  84.        ,  84.        ,
        84.        ,  84.0625    ,  84.        ,  84.        ,
        94.03703704,  84.        ,  84.06666667,  84.        ,
       102.2       , 102.06666667, 110.19047619, 236.6875    ,
       114.16666667, 101.5625    , 104.84615385,  84.13333333,
        84.        ,  84.        , 120.13333333,  84.08695652,
        84.        , 180.44117647,  84.        ,  84.        ,
       119.47826087, 100.9375    ,  84.        ,  84.        ,
        84.        , 117.875     ,  84.        ,  84.        ,
        84.        ,  84.        , 100.9375    , 140.93333333,
        84.        ,  84.        , 139.33333333,  84.        ,
       120.46666667,  84.        ,  84.        ,  84.        ,
       174.33333333,  84.        ,  84.11111111,  84.        ,
        84.        , 119.39130435,  84.        , 195.22727273,
        84.        , 180.78571429,  84.        , 112.52631579,
       112.52631579, 100.9375    ,  84.        , 203.5625    ,
        84.        ,  84.        , 138.33333333, 100.9375    ,
        84.06666667,  84.        , 157.33333333, 176.66666667,
       100.9375    ,  84.        ,  84.        ,  96.31818182,
       125.69230769,  84.        ,  84.        ,  84.        ,
       108.72727273, 185.8125    ,  84.        ,  84.125     ,
       102.06666667, 144.83333333,  84.        ,  84.        ,
       138.2       , 125.69230769, 122.85714286,  84.        ,
        84.        , 128.31578947,  99.22222222]), 'class_median_width': array([ 84. ,  84. ,  84. ,  84. ,  84. ,  84. ,  84. ,  84. ,  84. ,
        84. ,  84. ,  84. ,  84. ,  84. ,  84. ,  84. ,  84. ,  84. ,
        84. ,  84. ,  84. ,  84. ,  84. ,  84. ,  84. ,  84. ,  84. ,
        84. ,  84. ,  84. ,  84. ,  84. ,  84. ,  84. ,  84. ,  84.5,
        84. ,  84. ,  84. ,  84. ,  84. ,  84. ,  84. ,  84. ,  84. ,
        84. ,  84. ,  84. ,  84. ,  84. ,  84. ,  84. ,  84. ,  84. ,
        84. ,  84. ,  84. ,  84. ,  84. ,  84. ,  84. ,  84. ,  84. ,
        84. ,  84. ,  84. ,  84. ,  84. ,  84. ,  84. ,  84. ,  84. ,
        84. ,  84. ,  84. , 355. ,  84. ,  84. ,  84. ,  84. ,  84. ,
        84. ,  84. ,  84. ,  84. ,  84. ,  84. ,  84. ,  84. ,  84. ,
        84. ,  84. ,  84. ,  84. ,  84. , 355. ,  84. ,  84. ,  84. ,
        84. ,  84. ,  84. ,  84. ,  84. ,  84. ,  84. ,  84. ,  84. ,
        84. ,  84. ,  84. ,  84. ,  84. ,  84. ,  84. , 355. ,  84. ,
        84. ,  84. ,  84. ,  85. ,  84. ,  84. ,  84. , 355. ,  84. ,
        84. ,  84. ,  84. ,  84. ,  84. ,  84. ,  84. ,  84. ,  84. ,
        84. ,  84. ,  84. ,  86. ,  84. ,  84. ,  84. ,  84. ,  84. ,
        84. ,  84. ,  84. ,  84. ,  84. ,  84. ,  84. ,  84. ,  84. ,
        84. ,  84. ,  84. ,  84. ,  84. ,  84. ,  84. ,  84. ,  84. ,
        84. ,  84. ,  84. ,  84. ,  84. ,  84. ,  84. ,  84. ,  84. ,
        84. ,  84. ,  84. ,  84. ,  84. ,  85. ,  84. ,  84. ,  84. ,
       355. ,  84. ,  84. ,  84. ,  84. ,  84. ,  84. ,  84. ,  84. ,
        84. ,  84. ,  84. ,  84. ,  84. ,  84. ,  84. ,  84. ,  84. ,
        84. ,  84. ,  84. ,  84. ,  84. ,  84. ,  84. ,  84. ,  84. ,
        84. ,  84. ,  84. ,  84. ,  84. ,  84. ,  84. ,  84. ,  84. ,
        84. ,  84. ,  84. ,  84. ,  84. , 355. ,  84. , 355. , 355. ,
        84. ,  84. ,  84. ,  84. ,  84. ,  84. ,  84. ,  84. ,  84. ,
        84. ,  84. ,  84. ,  84. ,  84. ,  84. ,  84. ,  84. ,  84. ,
        84. ,  84. ,  84. ,  84. ,  84. ,  84. ,  84. ,  84. ,  84. ,
        84. ,  84. ,  84. ,  84. ,  84. ,  84. ,  84. ,  84. ,  84. ,
        84. ,  84. ,  84. ,  84. ,  84. ,  84. ,  84. ,  84. ,  84. ,
        84. ,  84. ,  84. ,  84. ,  84. , 355. ,  84. ,  84. ,  84. ,
        84. ,  84. ,  84. ,  84. ,  84. ,  84. ,  85. ,  84. ,  84. ,
        84. ,  84. ,  84. ,  84. ,  84. ,  84. ,  84. ,  84. ,  84. ,
        84. ,  84. ,  84. ,  84. ,  84. ,  84. ,  84. ,  84. ,  84. ,
        84. ,  84. ,  84. ,  84. ,  84. ,  84. ,  84. ,  84. ,  84. ,
        86. ,  84. ,  84. ,  84. ,  84. ,  84. ,  84. ,  84. ,  91.5,
        84. ,  84. ,  84. ,  84. ,  84. ,  84. ,  85. ,  84. ,  84. ,
        84. ,  84. ,  84. ,  84. ,  84. ,  84. ,  84. ,  84. ,  84.5,
        84. ,  84. ,  84. ,  84. ,  84. ,  84. ,  84. ,  84. ,  84. ,
        84. ,  84. ,  84. ,  84. ]), 'class_mean_width_scaled': array([0.2638833 , 0.28433099, 0.23661972, 0.38943662, 0.31991952,
       0.44356808, 0.28090767, 0.33840376, 0.33859155, 0.23661972,
       0.23661972, 0.28807512, 0.23661972, 0.23661972, 0.23661972,
       0.27507042, 0.23661972, 0.23661972, 0.23661972, 0.33840376,
       0.54197183, 0.42746479, 0.23661972, 0.35715345, 0.28433099,
       0.25837246, 0.23661972, 0.23661972, 0.23661972, 0.27902973,
       0.23691623, 0.23661972, 0.23661972, 0.23661972, 0.2884507 ,
       0.57077465, 0.23722334, 0.23661972, 0.30301811, 0.28433099,
       0.23661972, 0.23661972, 0.24888152, 0.23661972, 0.23661972,
       0.23661972, 0.23661972, 0.40625978, 0.23661972, 0.23661972,
       0.23661972, 0.23661972, 0.37133389, 0.23661972, 0.23661972,
       0.28807512, 0.23661972, 0.28751174, 0.23661972, 0.23680751,
       0.23695112, 0.28433099, 0.39747961, 0.23661972, 0.23661972,
       0.32676056, 0.23661972, 0.23661972, 0.27679763, 0.34688129,
       0.24426559, 0.27350771, 0.37975352, 0.23793427, 0.23661972,
       0.64469484, 0.23661972, 0.23706449, 0.38929577, 0.23661972,
       0.31697554, 0.27297116, 0.50836785, 0.28152444, 0.23661972,
       0.23661972, 0.40044477, 0.28751174, 0.23661972, 0.28485915,
       0.23661972, 0.47517606, 0.28152444, 0.23661972, 0.42764085,
       0.64106746, 0.23661972, 0.23661972, 0.29577465, 0.31697554,
       0.33221831, 0.23661972, 0.28751174, 0.23661972, 0.23661972,
       0.2371831 , 0.33840376, 0.28538732, 0.29114688, 0.2371831 ,
       0.23661972, 0.33859155, 0.50925553, 0.23661972, 0.28751174,
       0.71390845, 0.23661972, 0.23661972, 0.23661972, 0.23661972,
       0.47946627, 0.38010563, 0.42028169, 0.23661972, 0.71478873,
       0.23676798, 0.23661972, 0.28152444, 0.23679577, 0.23661972,
       0.27507042, 0.23661972, 0.23661972, 0.23661972, 0.28751174,
       0.23661972, 0.23661972, 0.23661972, 0.54422535, 0.23661972,
       0.23661972, 0.38929577, 0.28788732, 0.49107981, 0.23661972,
       0.31697554, 0.33840376, 0.23661972, 0.23661972, 0.23661972,
       0.40657277, 0.23661972, 0.46114333, 0.23661972, 0.50604805,
       0.23661972, 0.23661972, 0.27507042, 0.23661972, 0.23661972,
       0.28433099, 0.23661972, 0.23661972, 0.28751174, 0.23661972,
       0.23706449, 0.38929577, 0.23661972, 0.33840376, 0.3657277 ,
       0.32642916, 0.33204225, 0.30300061, 0.33840376, 0.23661972,
       0.33877934, 0.59305164, 0.23661972, 0.23661972, 0.28751174,
       0.68732394, 0.23661972, 0.37975352, 0.23661972, 0.23661972,
       0.33915493, 0.23661972, 0.33415493, 0.23661972, 0.23661972,
       0.23661972, 0.23661972, 0.23661972, 0.23680751, 0.35253521,
       0.23661972, 0.23661972, 0.23661972, 0.23661972, 0.40657277,
       0.23680751, 0.33896714, 0.33204225, 0.47552817, 0.35385647,
       0.23676798, 0.27131882, 0.2886385 , 0.23661972, 0.23661972,
       0.23661972, 0.23661972, 0.23661972, 0.28751174, 0.23661972,
       0.3982209 , 0.23661972, 0.23661972, 0.33239437, 0.3093226 ,
       0.28152444, 0.66795775, 0.23661972, 0.71478873, 0.82383532,
       0.23661972, 0.33859155, 0.23661972, 0.3399061 , 0.28433099,
       0.31026157, 0.23661972, 0.29134809, 0.28202154, 0.50654515,
       0.29107981, 0.23661972, 0.37975352, 0.28751174, 0.23661972,
       0.23661972, 0.23713188, 0.2372457 , 0.23661972, 0.37374245,
       0.28556338, 0.23661972, 0.24454225, 0.23661972, 0.27131882,
       0.23661972, 0.23661972, 0.23661972, 0.4170579 , 0.32833803,
       0.23680751, 0.23661972, 0.27679763, 0.23661972, 0.27619718,
       0.27478873, 0.23661972, 0.23661972, 0.23661972, 0.23661972,
       0.23679577, 0.23661972, 0.23661972, 0.26489306, 0.23661972,
       0.23680751, 0.23661972, 0.28788732, 0.28751174, 0.31039571,
       0.66672535, 0.32159624, 0.28609155, 0.29534128, 0.23699531,
       0.23661972, 0.23661972, 0.33840376, 0.23686467, 0.23661972,
       0.508285  , 0.23661972, 0.23661972, 0.33655848, 0.28433099,
       0.23661972, 0.23661972, 0.23661972, 0.33204225, 0.23661972,
       0.23661972, 0.23661972, 0.23661972, 0.28433099, 0.39699531,
       0.23661972, 0.23661972, 0.39248826, 0.23661972, 0.33934272,
       0.23661972, 0.23661972, 0.23661972, 0.49107981, 0.23661972,
       0.23693271, 0.23661972, 0.23661972, 0.33631353, 0.23661972,
       0.54993598, 0.23661972, 0.50925553, 0.23661972, 0.31697554,
       0.31697554, 0.28433099, 0.23661972, 0.57341549, 0.23661972,
       0.23661972, 0.38967136, 0.28433099, 0.23680751, 0.23661972,
       0.44319249, 0.49765258, 0.28433099, 0.23661972, 0.23661972,
       0.27131882, 0.35406284, 0.23661972, 0.23661972, 0.23661972,
       0.30627401, 0.52341549, 0.23661972, 0.23697183, 0.28751174,
       0.40798122, 0.23661972, 0.23661972, 0.38929577, 0.35406284,
       0.34607646, 0.23661972, 0.23661972, 0.36145293, 0.27949922]), 'class_median_width_scaled': array([0.23661972, 0.23661972, 0.23661972, 0.23661972, 0.23661972,
       0.23661972, 0.23661972, 0.23661972, 0.23661972, 0.23661972,
       0.23661972, 0.23661972, 0.23661972, 0.23661972, 0.23661972,
       0.23661972, 0.23661972, 0.23661972, 0.23661972, 0.23661972,
       0.23661972, 0.23661972, 0.23661972, 0.23661972, 0.23661972,
       0.23661972, 0.23661972, 0.23661972, 0.23661972, 0.23661972,
       0.23661972, 0.23661972, 0.23661972, 0.23661972, 0.23661972,
       0.23802817, 0.23661972, 0.23661972, 0.23661972, 0.23661972,
       0.23661972, 0.23661972, 0.23661972, 0.23661972, 0.23661972,
       0.23661972, 0.23661972, 0.23661972, 0.23661972, 0.23661972,
       0.23661972, 0.23661972, 0.23661972, 0.23661972, 0.23661972,
       0.23661972, 0.23661972, 0.23661972, 0.23661972, 0.23661972,
       0.23661972, 0.23661972, 0.23661972, 0.23661972, 0.23661972,
       0.23661972, 0.23661972, 0.23661972, 0.23661972, 0.23661972,
       0.23661972, 0.23661972, 0.23661972, 0.23661972, 0.23661972,
       1.        , 0.23661972, 0.23661972, 0.23661972, 0.23661972,
       0.23661972, 0.23661972, 0.23661972, 0.23661972, 0.23661972,
       0.23661972, 0.23661972, 0.23661972, 0.23661972, 0.23661972,
       0.23661972, 0.23661972, 0.23661972, 0.23661972, 0.23661972,
       1.        , 0.23661972, 0.23661972, 0.23661972, 0.23661972,
       0.23661972, 0.23661972, 0.23661972, 0.23661972, 0.23661972,
       0.23661972, 0.23661972, 0.23661972, 0.23661972, 0.23661972,
       0.23661972, 0.23661972, 0.23661972, 0.23661972, 0.23661972,
       1.        , 0.23661972, 0.23661972, 0.23661972, 0.23661972,
       0.23943662, 0.23661972, 0.23661972, 0.23661972, 1.        ,
       0.23661972, 0.23661972, 0.23661972, 0.23661972, 0.23661972,
       0.23661972, 0.23661972, 0.23661972, 0.23661972, 0.23661972,
       0.23661972, 0.23661972, 0.23661972, 0.24225352, 0.23661972,
       0.23661972, 0.23661972, 0.23661972, 0.23661972, 0.23661972,
       0.23661972, 0.23661972, 0.23661972, 0.23661972, 0.23661972,
       0.23661972, 0.23661972, 0.23661972, 0.23661972, 0.23661972,
       0.23661972, 0.23661972, 0.23661972, 0.23661972, 0.23661972,
       0.23661972, 0.23661972, 0.23661972, 0.23661972, 0.23661972,
       0.23661972, 0.23661972, 0.23661972, 0.23661972, 0.23661972,
       0.23661972, 0.23661972, 0.23661972, 0.23661972, 0.23661972,
       0.23661972, 0.23943662, 0.23661972, 0.23661972, 0.23661972,
       1.        , 0.23661972, 0.23661972, 0.23661972, 0.23661972,
       0.23661972, 0.23661972, 0.23661972, 0.23661972, 0.23661972,
       0.23661972, 0.23661972, 0.23661972, 0.23661972, 0.23661972,
       0.23661972, 0.23661972, 0.23661972, 0.23661972, 0.23661972,
       0.23661972, 0.23661972, 0.23661972, 0.23661972, 0.23661972,
       0.23661972, 0.23661972, 0.23661972, 0.23661972, 0.23661972,
       0.23661972, 0.23661972, 0.23661972, 0.23661972, 0.23661972,
       0.23661972, 0.23661972, 0.23661972, 0.23661972, 0.23661972,
       0.23661972, 1.        , 0.23661972, 1.        , 1.        ,
       0.23661972, 0.23661972, 0.23661972, 0.23661972, 0.23661972,
       0.23661972, 0.23661972, 0.23661972, 0.23661972, 0.23661972,
       0.23661972, 0.23661972, 0.23661972, 0.23661972, 0.23661972,
       0.23661972, 0.23661972, 0.23661972, 0.23661972, 0.23661972,
       0.23661972, 0.23661972, 0.23661972, 0.23661972, 0.23661972,
       0.23661972, 0.23661972, 0.23661972, 0.23661972, 0.23661972,
       0.23661972, 0.23661972, 0.23661972, 0.23661972, 0.23661972,
       0.23661972, 0.23661972, 0.23661972, 0.23661972, 0.23661972,
       0.23661972, 0.23661972, 0.23661972, 0.23661972, 0.23661972,
       0.23661972, 0.23661972, 0.23661972, 0.23661972, 0.23661972,
       1.        , 0.23661972, 0.23661972, 0.23661972, 0.23661972,
       0.23661972, 0.23661972, 0.23661972, 0.23661972, 0.23661972,
       0.23943662, 0.23661972, 0.23661972, 0.23661972, 0.23661972,
       0.23661972, 0.23661972, 0.23661972, 0.23661972, 0.23661972,
       0.23661972, 0.23661972, 0.23661972, 0.23661972, 0.23661972,
       0.23661972, 0.23661972, 0.23661972, 0.23661972, 0.23661972,
       0.23661972, 0.23661972, 0.23661972, 0.23661972, 0.23661972,
       0.23661972, 0.23661972, 0.23661972, 0.23661972, 0.23661972,
       0.24225352, 0.23661972, 0.23661972, 0.23661972, 0.23661972,
       0.23661972, 0.23661972, 0.23661972, 0.25774648, 0.23661972,
       0.23661972, 0.23661972, 0.23661972, 0.23661972, 0.23661972,
       0.23943662, 0.23661972, 0.23661972, 0.23661972, 0.23661972,
       0.23661972, 0.23661972, 0.23661972, 0.23661972, 0.23661972,
       0.23661972, 0.23802817, 0.23661972, 0.23661972, 0.23661972,
       0.23661972, 0.23661972, 0.23661972, 0.23661972, 0.23661972,
       0.23661972, 0.23661972, 0.23661972, 0.23661972, 0.23661972])}

split_conformal_topk_LogisticRegression full class metrics: {'class_coverage': array([0.96428571, 1.        , 1.        , 0.95      , 0.89285714,
       0.66666667, 0.94444444, 0.93333333, 0.93333333, 1.        ,
       1.        , 1.        , 1.        , 0.93333333, 1.        ,
       1.        , 1.        , 1.        , 1.        , 0.73333333,
       0.86666667, 0.875     , 0.875     , 1.        , 0.9375    ,
       0.97222222, 1.        , 1.        , 1.        , 1.        ,
       1.        , 1.        , 1.        , 0.93333333, 0.93333333,
       0.9375    , 1.        , 0.93333333, 1.        , 0.9375    ,
       0.8125    , 1.        , 0.94117647, 0.86666667, 0.93333333,
       1.        , 0.94444444, 1.        , 1.        , 0.8       ,
       0.8       , 0.88235294, 0.94117647, 1.        , 0.89473684,
       0.86666667, 1.        , 1.        , 1.        , 0.66666667,
       1.        , 0.9375    , 0.94736842, 1.        , 0.93333333,
       1.        , 0.88888889, 1.        , 1.        , 0.42857143,
       1.        , 1.        , 0.875     , 1.        , 1.        ,
       0.8       , 1.        , 0.73684211, 0.8       , 0.9375    ,
       0.94736842, 0.85714286, 0.64705882, 0.94117647, 1.        ,
       1.        , 0.78947368, 1.        , 0.92857143, 0.9375    ,
       1.        , 0.6875    , 1.        , 1.        , 0.9375    ,
       0.94736842, 0.82352941, 0.93333333, 0.80769231, 1.        ,
       1.        , 0.93333333, 1.        , 0.9375    , 1.        ,
       0.73333333, 0.93333333, 0.5625    , 1.        , 1.        ,
       0.93333333, 0.93333333, 0.85714286, 0.86666667, 0.86666667,
       0.875     , 1.        , 0.875     , 0.86666667, 1.        ,
       0.89473684, 0.6875    , 0.88      , 1.        , 0.875     ,
       0.89473684, 1.        , 0.94117647, 1.        , 1.        ,
       0.9       , 1.        , 0.73333333, 0.78571429, 1.        ,
       0.93333333, 1.        , 1.        , 0.6       , 1.        ,
       1.        , 1.        , 0.86666667, 1.        , 1.        ,
       0.84210526, 0.93333333, 1.        , 0.85714286, 1.        ,
       1.        , 0.94444444, 0.76470588, 0.875     , 0.82352941,
       0.88888889, 1.        , 0.85      , 0.93333333, 1.        ,
       0.9375    , 1.        , 0.92857143, 1.        , 1.        ,
       0.94736842, 0.93333333, 0.82352941, 1.        , 0.72222222,
       0.94117647, 0.9375    , 1.        , 1.        , 1.        ,
       1.        , 0.73333333, 0.9375    , 1.        , 0.93333333,
       0.82352941, 1.        , 0.875     , 1.        , 1.        ,
       1.        , 0.9375    , 0.75      , 1.        , 1.        ,
       1.        , 0.93333333, 0.93333333, 1.        , 0.95      ,
       1.        , 1.        , 1.        , 1.        , 0.77777778,
       0.53333333, 0.86666667, 1.        , 0.875     , 0.95238095,
       1.        , 0.95454545, 0.73333333, 1.        , 0.86666667,
       1.        , 0.9375    , 1.        , 0.86666667, 0.9375    ,
       0.84210526, 0.875     , 0.8       , 1.        , 0.85714286,
       1.        , 0.875     , 0.875     , 1.        , 1.        ,
       1.        , 1.        , 1.        , 0.73333333, 0.9375    ,
       0.95238095, 1.        , 0.85714286, 0.64705882, 0.94117647,
       1.        , 0.9375    , 0.9375    , 0.93333333, 1.        ,
       1.        , 1.        , 0.77777778, 1.        , 1.        ,
       0.8125    , 1.        , 0.4375    , 1.        , 1.        ,
       0.875     , 1.        , 1.        , 0.72222222, 0.88      ,
       0.8       , 1.        , 0.89473684, 1.        , 0.85      ,
       1.        , 0.9375    , 1.        , 1.        , 1.        ,
       1.        , 1.        , 0.95      , 0.92592593, 0.92857143,
       1.        , 1.        , 0.86666667, 1.        , 0.95238095,
       0.75      , 1.        , 1.        , 0.92307692, 0.86666667,
       1.        , 0.95      , 0.93333333, 0.95652174, 1.        ,
       1.        , 1.        , 1.        , 0.95652174, 1.        ,
       0.94444444, 1.        , 0.95652174, 0.875     , 1.        ,
       0.85714286, 0.8125    , 1.        , 1.        , 0.93333333,
       1.        , 1.        , 0.6       , 1.        , 0.8       ,
       1.        , 0.75      , 1.        , 0.8       , 1.        ,
       0.94444444, 1.        , 0.85714286, 1.        , 1.        ,
       0.72727273, 0.94736842, 0.78571429, 0.92857143, 1.        ,
       0.89473684, 0.9375    , 1.        , 0.75      , 0.92857143,
       0.93333333, 1.        , 0.9375    , 1.        , 1.        ,
       0.8       , 1.        , 1.        , 1.        , 0.82352941,
       0.86363636, 1.        , 1.        , 0.70588235, 1.        ,
       0.95454545, 0.875     , 0.93333333, 1.        , 1.        ,
       0.94444444, 0.9375    , 0.86666667, 1.        , 0.92307692,
       0.85714286, 0.94117647, 1.        , 0.89473684, 0.94444444]), 'class_mean_width': array([ 93.67857143, 100.9375    ,  84.        , 138.25      ,
       113.57142857, 157.46666667,  99.72222222, 120.13333333,
       120.2       ,  84.        ,  84.        , 102.26666667,
        84.        ,  84.        ,  84.        ,  97.65      ,
        84.        ,  84.        ,  84.        , 120.13333333,
       192.4       , 151.75      ,  84.        , 126.78947368,
       100.9375    ,  91.72222222,  84.        ,  84.        ,
        84.        ,  99.05555556,  84.10526316,  84.        ,
        84.        ,  84.        , 102.4       , 202.625     ,
        84.21428571,  84.        , 107.57142857, 100.9375    ,
        84.        ,  84.        ,  88.35294118,  84.        ,
        84.        ,  84.        ,  84.        , 144.22222222,
        84.        ,  84.        ,  84.        ,  84.        ,
       131.82352941,  84.        ,  84.        , 102.26666667,
        84.        , 102.06666667,  84.        ,  84.06666667,
        84.11764706, 100.9375    , 141.10526316,  84.        ,
        84.        , 116.        ,  84.        ,  84.        ,
        98.26315789, 123.14285714,  86.71428571,  97.0952381 ,
       134.8125    ,  84.46666667,  84.        , 228.86666667,
        84.        ,  84.15789474, 138.2       ,  84.        ,
       112.52631579,  96.9047619 , 180.47058824,  99.94117647,
        84.        ,  84.        , 142.15789474, 102.06666667,
        84.        , 101.125     ,  84.        , 168.6875    ,
        99.94117647,  84.        , 151.8125    , 227.57894737,
        84.        ,  84.        , 105.        , 112.52631579,
       117.9375    ,  84.        , 102.06666667,  84.        ,
        84.        ,  84.2       , 120.13333333, 101.3125    ,
       103.35714286,  84.2       ,  84.        , 120.2       ,
       180.78571429,  84.        , 102.06666667, 253.4375    ,
        84.        ,  84.        ,  84.        ,  84.        ,
       170.21052632, 134.9375    , 149.2       ,  84.        ,
       253.75      ,  84.05263158,  84.        ,  99.94117647,
        84.0625    ,  84.        ,  97.65      ,  84.        ,
        84.        ,  84.        , 102.06666667,  84.        ,
        84.        ,  84.        , 193.2       ,  84.        ,
        84.        , 138.2       , 102.2       , 174.33333333,
        84.        , 112.52631579, 120.13333333,  84.        ,
        84.        ,  84.        , 144.33333333,  84.        ,
       163.70588235,  84.        , 179.64705882,  84.        ,
        84.        ,  97.65      ,  84.        ,  84.        ,
       100.9375    ,  84.        ,  84.        , 102.06666667,
        84.        ,  84.15789474, 138.2       ,  84.        ,
       120.13333333, 129.83333333, 115.88235294, 117.875     ,
       107.56521739, 120.13333333,  84.        , 120.26666667,
       210.53333333,  84.        ,  84.        , 102.06666667,
       244.        ,  84.        , 134.8125    ,  84.        ,
        84.        , 120.4       ,  84.        , 118.625     ,
        84.        ,  84.        ,  84.        ,  84.        ,
        84.        ,  84.06666667, 125.15      ,  84.        ,
        84.        ,  84.        ,  84.        , 144.33333333,
        84.06666667, 120.33333333, 117.875     , 168.8125    ,
       125.61904762,  84.05263158,  96.31818182, 102.46666667,
        84.        ,  84.        ,  84.        ,  84.        ,
        84.        , 102.06666667,  84.        , 141.36842105,
        84.        ,  84.        , 118.        , 109.80952381,
        99.94117647, 237.125     ,  84.        , 253.75      ,
       292.46153846,  84.        , 120.2       ,  84.        ,
       120.66666667, 100.9375    , 110.14285714,  84.        ,
       103.42857143, 100.11764706, 179.82352941, 103.33333333,
        84.        , 134.8125    , 102.06666667,  84.        ,
        84.        ,  84.18181818,  84.22222222,  84.        ,
       132.67857143, 101.375     ,  84.        ,  86.8125    ,
        84.        ,  96.31818182,  84.        ,  84.        ,
        84.        , 148.05555556, 116.56      ,  84.06666667,
        84.        ,  98.26315789,  84.        ,  98.05      ,
        97.55      ,  84.        ,  84.        ,  84.        ,
        84.        ,  84.0625    ,  84.        ,  84.        ,
        94.03703704,  84.        ,  84.06666667,  84.        ,
       102.2       , 102.06666667, 110.19047619, 236.6875    ,
       114.16666667, 101.5625    , 104.84615385,  84.13333333,
        84.        ,  84.        , 120.13333333,  84.08695652,
        84.        , 180.44117647,  84.        ,  84.        ,
       119.47826087, 100.9375    ,  84.        ,  84.        ,
        84.        , 117.875     ,  84.        ,  84.        ,
        84.        ,  84.        , 100.9375    , 140.93333333,
        84.        ,  84.        , 139.33333333,  84.        ,
       120.46666667,  84.        ,  84.        ,  84.        ,
       174.33333333,  84.        ,  84.11111111,  84.        ,
        84.        , 119.39130435,  84.        , 195.22727273,
        84.        , 180.78571429,  84.        , 112.52631579,
       112.52631579, 100.9375    ,  84.        , 203.5625    ,
        84.        ,  84.        , 138.33333333, 100.9375    ,
        84.06666667,  84.        , 157.33333333, 176.66666667,
       100.9375    ,  84.        ,  84.        ,  96.31818182,
       125.69230769,  84.        ,  84.        ,  84.        ,
       108.72727273, 185.8125    ,  84.        ,  84.125     ,
       102.06666667, 144.83333333,  84.        ,  84.        ,
       138.2       , 125.69230769, 122.85714286,  84.        ,
        84.        , 128.31578947,  99.22222222]), 'class_median_width': array([ 84. ,  84. ,  84. ,  84. ,  84. ,  84. ,  84. ,  84. ,  84. ,
        84. ,  84. ,  84. ,  84. ,  84. ,  84. ,  84. ,  84. ,  84. ,
        84. ,  84. ,  84. ,  84. ,  84. ,  84. ,  84. ,  84. ,  84. ,
        84. ,  84. ,  84. ,  84. ,  84. ,  84. ,  84. ,  84. ,  84.5,
        84. ,  84. ,  84. ,  84. ,  84. ,  84. ,  84. ,  84. ,  84. ,
        84. ,  84. ,  84. ,  84. ,  84. ,  84. ,  84. ,  84. ,  84. ,
        84. ,  84. ,  84. ,  84. ,  84. ,  84. ,  84. ,  84. ,  84. ,
        84. ,  84. ,  84. ,  84. ,  84. ,  84. ,  84. ,  84. ,  84. ,
        84. ,  84. ,  84. , 355. ,  84. ,  84. ,  84. ,  84. ,  84. ,
        84. ,  84. ,  84. ,  84. ,  84. ,  84. ,  84. ,  84. ,  84. ,
        84. ,  84. ,  84. ,  84. ,  84. , 355. ,  84. ,  84. ,  84. ,
        84. ,  84. ,  84. ,  84. ,  84. ,  84. ,  84. ,  84. ,  84. ,
        84. ,  84. ,  84. ,  84. ,  84. ,  84. ,  84. , 355. ,  84. ,
        84. ,  84. ,  84. ,  85. ,  84. ,  84. ,  84. , 355. ,  84. ,
        84. ,  84. ,  84. ,  84. ,  84. ,  84. ,  84. ,  84. ,  84. ,
        84. ,  84. ,  84. ,  86. ,  84. ,  84. ,  84. ,  84. ,  84. ,
        84. ,  84. ,  84. ,  84. ,  84. ,  84. ,  84. ,  84. ,  84. ,
        84. ,  84. ,  84. ,  84. ,  84. ,  84. ,  84. ,  84. ,  84. ,
        84. ,  84. ,  84. ,  84. ,  84. ,  84. ,  84. ,  84. ,  84. ,
        84. ,  84. ,  84. ,  84. ,  84. ,  85. ,  84. ,  84. ,  84. ,
       355. ,  84. ,  84. ,  84. ,  84. ,  84. ,  84. ,  84. ,  84. ,
        84. ,  84. ,  84. ,  84. ,  84. ,  84. ,  84. ,  84. ,  84. ,
        84. ,  84. ,  84. ,  84. ,  84. ,  84. ,  84. ,  84. ,  84. ,
        84. ,  84. ,  84. ,  84. ,  84. ,  84. ,  84. ,  84. ,  84. ,
        84. ,  84. ,  84. ,  84. ,  84. , 355. ,  84. , 355. , 355. ,
        84. ,  84. ,  84. ,  84. ,  84. ,  84. ,  84. ,  84. ,  84. ,
        84. ,  84. ,  84. ,  84. ,  84. ,  84. ,  84. ,  84. ,  84. ,
        84. ,  84. ,  84. ,  84. ,  84. ,  84. ,  84. ,  84. ,  84. ,
        84. ,  84. ,  84. ,  84. ,  84. ,  84. ,  84. ,  84. ,  84. ,
        84. ,  84. ,  84. ,  84. ,  84. ,  84. ,  84. ,  84. ,  84. ,
        84. ,  84. ,  84. ,  84. ,  84. , 355. ,  84. ,  84. ,  84. ,
        84. ,  84. ,  84. ,  84. ,  84. ,  84. ,  85. ,  84. ,  84. ,
        84. ,  84. ,  84. ,  84. ,  84. ,  84. ,  84. ,  84. ,  84. ,
        84. ,  84. ,  84. ,  84. ,  84. ,  84. ,  84. ,  84. ,  84. ,
        84. ,  84. ,  84. ,  84. ,  84. ,  84. ,  84. ,  84. ,  84. ,
        86. ,  84. ,  84. ,  84. ,  84. ,  84. ,  84. ,  84. ,  91.5,
        84. ,  84. ,  84. ,  84. ,  84. ,  84. ,  85. ,  84. ,  84. ,
        84. ,  84. ,  84. ,  84. ,  84. ,  84. ,  84. ,  84. ,  84.5,
        84. ,  84. ,  84. ,  84. ,  84. ,  84. ,  84. ,  84. ,  84. ,
        84. ,  84. ,  84. ,  84. ]), 'class_mean_width_scaled': array([0.2638833 , 0.28433099, 0.23661972, 0.38943662, 0.31991952,
       0.44356808, 0.28090767, 0.33840376, 0.33859155, 0.23661972,
       0.23661972, 0.28807512, 0.23661972, 0.23661972, 0.23661972,
       0.27507042, 0.23661972, 0.23661972, 0.23661972, 0.33840376,
       0.54197183, 0.42746479, 0.23661972, 0.35715345, 0.28433099,
       0.25837246, 0.23661972, 0.23661972, 0.23661972, 0.27902973,
       0.23691623, 0.23661972, 0.23661972, 0.23661972, 0.2884507 ,
       0.57077465, 0.23722334, 0.23661972, 0.30301811, 0.28433099,
       0.23661972, 0.23661972, 0.24888152, 0.23661972, 0.23661972,
       0.23661972, 0.23661972, 0.40625978, 0.23661972, 0.23661972,
       0.23661972, 0.23661972, 0.37133389, 0.23661972, 0.23661972,
       0.28807512, 0.23661972, 0.28751174, 0.23661972, 0.23680751,
       0.23695112, 0.28433099, 0.39747961, 0.23661972, 0.23661972,
       0.32676056, 0.23661972, 0.23661972, 0.27679763, 0.34688129,
       0.24426559, 0.27350771, 0.37975352, 0.23793427, 0.23661972,
       0.64469484, 0.23661972, 0.23706449, 0.38929577, 0.23661972,
       0.31697554, 0.27297116, 0.50836785, 0.28152444, 0.23661972,
       0.23661972, 0.40044477, 0.28751174, 0.23661972, 0.28485915,
       0.23661972, 0.47517606, 0.28152444, 0.23661972, 0.42764085,
       0.64106746, 0.23661972, 0.23661972, 0.29577465, 0.31697554,
       0.33221831, 0.23661972, 0.28751174, 0.23661972, 0.23661972,
       0.2371831 , 0.33840376, 0.28538732, 0.29114688, 0.2371831 ,
       0.23661972, 0.33859155, 0.50925553, 0.23661972, 0.28751174,
       0.71390845, 0.23661972, 0.23661972, 0.23661972, 0.23661972,
       0.47946627, 0.38010563, 0.42028169, 0.23661972, 0.71478873,
       0.23676798, 0.23661972, 0.28152444, 0.23679577, 0.23661972,
       0.27507042, 0.23661972, 0.23661972, 0.23661972, 0.28751174,
       0.23661972, 0.23661972, 0.23661972, 0.54422535, 0.23661972,
       0.23661972, 0.38929577, 0.28788732, 0.49107981, 0.23661972,
       0.31697554, 0.33840376, 0.23661972, 0.23661972, 0.23661972,
       0.40657277, 0.23661972, 0.46114333, 0.23661972, 0.50604805,
       0.23661972, 0.23661972, 0.27507042, 0.23661972, 0.23661972,
       0.28433099, 0.23661972, 0.23661972, 0.28751174, 0.23661972,
       0.23706449, 0.38929577, 0.23661972, 0.33840376, 0.3657277 ,
       0.32642916, 0.33204225, 0.30300061, 0.33840376, 0.23661972,
       0.33877934, 0.59305164, 0.23661972, 0.23661972, 0.28751174,
       0.68732394, 0.23661972, 0.37975352, 0.23661972, 0.23661972,
       0.33915493, 0.23661972, 0.33415493, 0.23661972, 0.23661972,
       0.23661972, 0.23661972, 0.23661972, 0.23680751, 0.35253521,
       0.23661972, 0.23661972, 0.23661972, 0.23661972, 0.40657277,
       0.23680751, 0.33896714, 0.33204225, 0.47552817, 0.35385647,
       0.23676798, 0.27131882, 0.2886385 , 0.23661972, 0.23661972,
       0.23661972, 0.23661972, 0.23661972, 0.28751174, 0.23661972,
       0.3982209 , 0.23661972, 0.23661972, 0.33239437, 0.3093226 ,
       0.28152444, 0.66795775, 0.23661972, 0.71478873, 0.82383532,
       0.23661972, 0.33859155, 0.23661972, 0.3399061 , 0.28433099,
       0.31026157, 0.23661972, 0.29134809, 0.28202154, 0.50654515,
       0.29107981, 0.23661972, 0.37975352, 0.28751174, 0.23661972,
       0.23661972, 0.23713188, 0.2372457 , 0.23661972, 0.37374245,
       0.28556338, 0.23661972, 0.24454225, 0.23661972, 0.27131882,
       0.23661972, 0.23661972, 0.23661972, 0.4170579 , 0.32833803,
       0.23680751, 0.23661972, 0.27679763, 0.23661972, 0.27619718,
       0.27478873, 0.23661972, 0.23661972, 0.23661972, 0.23661972,
       0.23679577, 0.23661972, 0.23661972, 0.26489306, 0.23661972,
       0.23680751, 0.23661972, 0.28788732, 0.28751174, 0.31039571,
       0.66672535, 0.32159624, 0.28609155, 0.29534128, 0.23699531,
       0.23661972, 0.23661972, 0.33840376, 0.23686467, 0.23661972,
       0.508285  , 0.23661972, 0.23661972, 0.33655848, 0.28433099,
       0.23661972, 0.23661972, 0.23661972, 0.33204225, 0.23661972,
       0.23661972, 0.23661972, 0.23661972, 0.28433099, 0.39699531,
       0.23661972, 0.23661972, 0.39248826, 0.23661972, 0.33934272,
       0.23661972, 0.23661972, 0.23661972, 0.49107981, 0.23661972,
       0.23693271, 0.23661972, 0.23661972, 0.33631353, 0.23661972,
       0.54993598, 0.23661972, 0.50925553, 0.23661972, 0.31697554,
       0.31697554, 0.28433099, 0.23661972, 0.57341549, 0.23661972,
       0.23661972, 0.38967136, 0.28433099, 0.23680751, 0.23661972,
       0.44319249, 0.49765258, 0.28433099, 0.23661972, 0.23661972,
       0.27131882, 0.35406284, 0.23661972, 0.23661972, 0.23661972,
       0.30627401, 0.52341549, 0.23661972, 0.23697183, 0.28751174,
       0.40798122, 0.23661972, 0.23661972, 0.38929577, 0.35406284,
       0.34607646, 0.23661972, 0.23661972, 0.36145293, 0.27949922]), 'class_median_width_scaled': array([0.23661972, 0.23661972, 0.23661972, 0.23661972, 0.23661972,
       0.23661972, 0.23661972, 0.23661972, 0.23661972, 0.23661972,
       0.23661972, 0.23661972, 0.23661972, 0.23661972, 0.23661972,
       0.23661972, 0.23661972, 0.23661972, 0.23661972, 0.23661972,
       0.23661972, 0.23661972, 0.23661972, 0.23661972, 0.23661972,
       0.23661972, 0.23661972, 0.23661972, 0.23661972, 0.23661972,
       0.23661972, 0.23661972, 0.23661972, 0.23661972, 0.23661972,
       0.23802817, 0.23661972, 0.23661972, 0.23661972, 0.23661972,
       0.23661972, 0.23661972, 0.23661972, 0.23661972, 0.23661972,
       0.23661972, 0.23661972, 0.23661972, 0.23661972, 0.23661972,
       0.23661972, 0.23661972, 0.23661972, 0.23661972, 0.23661972,
       0.23661972, 0.23661972, 0.23661972, 0.23661972, 0.23661972,
       0.23661972, 0.23661972, 0.23661972, 0.23661972, 0.23661972,
       0.23661972, 0.23661972, 0.23661972, 0.23661972, 0.23661972,
       0.23661972, 0.23661972, 0.23661972, 0.23661972, 0.23661972,
       1.        , 0.23661972, 0.23661972, 0.23661972, 0.23661972,
       0.23661972, 0.23661972, 0.23661972, 0.23661972, 0.23661972,
       0.23661972, 0.23661972, 0.23661972, 0.23661972, 0.23661972,
       0.23661972, 0.23661972, 0.23661972, 0.23661972, 0.23661972,
       1.        , 0.23661972, 0.23661972, 0.23661972, 0.23661972,
       0.23661972, 0.23661972, 0.23661972, 0.23661972, 0.23661972,
       0.23661972, 0.23661972, 0.23661972, 0.23661972, 0.23661972,
       0.23661972, 0.23661972, 0.23661972, 0.23661972, 0.23661972,
       1.        , 0.23661972, 0.23661972, 0.23661972, 0.23661972,
       0.23943662, 0.23661972, 0.23661972, 0.23661972, 1.        ,
       0.23661972, 0.23661972, 0.23661972, 0.23661972, 0.23661972,
       0.23661972, 0.23661972, 0.23661972, 0.23661972, 0.23661972,
       0.23661972, 0.23661972, 0.23661972, 0.24225352, 0.23661972,
       0.23661972, 0.23661972, 0.23661972, 0.23661972, 0.23661972,
       0.23661972, 0.23661972, 0.23661972, 0.23661972, 0.23661972,
       0.23661972, 0.23661972, 0.23661972, 0.23661972, 0.23661972,
       0.23661972, 0.23661972, 0.23661972, 0.23661972, 0.23661972,
       0.23661972, 0.23661972, 0.23661972, 0.23661972, 0.23661972,
       0.23661972, 0.23661972, 0.23661972, 0.23661972, 0.23661972,
       0.23661972, 0.23661972, 0.23661972, 0.23661972, 0.23661972,
       0.23661972, 0.23943662, 0.23661972, 0.23661972, 0.23661972,
       1.        , 0.23661972, 0.23661972, 0.23661972, 0.23661972,
       0.23661972, 0.23661972, 0.23661972, 0.23661972, 0.23661972,
       0.23661972, 0.23661972, 0.23661972, 0.23661972, 0.23661972,
       0.23661972, 0.23661972, 0.23661972, 0.23661972, 0.23661972,
       0.23661972, 0.23661972, 0.23661972, 0.23661972, 0.23661972,
       0.23661972, 0.23661972, 0.23661972, 0.23661972, 0.23661972,
       0.23661972, 0.23661972, 0.23661972, 0.23661972, 0.23661972,
       0.23661972, 0.23661972, 0.23661972, 0.23661972, 0.23661972,
       0.23661972, 1.        , 0.23661972, 1.        , 1.        ,
       0.23661972, 0.23661972, 0.23661972, 0.23661972, 0.23661972,
       0.23661972, 0.23661972, 0.23661972, 0.23661972, 0.23661972,
       0.23661972, 0.23661972, 0.23661972, 0.23661972, 0.23661972,
       0.23661972, 0.23661972, 0.23661972, 0.23661972, 0.23661972,
       0.23661972, 0.23661972, 0.23661972, 0.23661972, 0.23661972,
       0.23661972, 0.23661972, 0.23661972, 0.23661972, 0.23661972,
       0.23661972, 0.23661972, 0.23661972, 0.23661972, 0.23661972,
       0.23661972, 0.23661972, 0.23661972, 0.23661972, 0.23661972,
       0.23661972, 0.23661972, 0.23661972, 0.23661972, 0.23661972,
       0.23661972, 0.23661972, 0.23661972, 0.23661972, 0.23661972,
       1.        , 0.23661972, 0.23661972, 0.23661972, 0.23661972,
       0.23661972, 0.23661972, 0.23661972, 0.23661972, 0.23661972,
       0.23943662, 0.23661972, 0.23661972, 0.23661972, 0.23661972,
       0.23661972, 0.23661972, 0.23661972, 0.23661972, 0.23661972,
       0.23661972, 0.23661972, 0.23661972, 0.23661972, 0.23661972,
       0.23661972, 0.23661972, 0.23661972, 0.23661972, 0.23661972,
       0.23661972, 0.23661972, 0.23661972, 0.23661972, 0.23661972,
       0.23661972, 0.23661972, 0.23661972, 0.23661972, 0.23661972,
       0.24225352, 0.23661972, 0.23661972, 0.23661972, 0.23661972,
       0.23661972, 0.23661972, 0.23661972, 0.25774648, 0.23661972,
       0.23661972, 0.23661972, 0.23661972, 0.23661972, 0.23661972,
       0.23943662, 0.23661972, 0.23661972, 0.23661972, 0.23661972,
       0.23661972, 0.23661972, 0.23661972, 0.23661972, 0.23661972,
       0.23661972, 0.23802817, 0.23661972, 0.23661972, 0.23661972,
       0.23661972, 0.23661972, 0.23661972, 0.23661972, 0.23661972,
       0.23661972, 0.23661972, 0.23661972, 0.23661972, 0.23661972])}

Job completed at Wed Mar 19 08:23:42 PM PDT 2025
