Starting job at Wed Mar 19 08:21:52 PM PDT 2025
Job parameters:
Dataset: data_dionis
UQ Method: split_conformal_topk
Estimator: LogisticRegression
Seed: 784
Train Size: 0.8
Running split_conformal_topk on data_dionis with seed 784 and train size 0.8

starting experiment

data created

Fitting split_conformal_topk_LogisticRegression on data_dionis with seed 784

split_conformal_topk_LogisticRegression metrics: {'coverage': np.float64(0.957), 'mean_width': np.float64(122.166), 'median_width': np.float64(86.0), 'mean_width_scaled': np.float64(0.3441295774647887), 'median_width_scaled': np.float64(0.24225352112676057)}

split_conformal_topk_LogisticRegression full metrics: {'coverage': np.float64(0.957), 'mean_width': np.float64(122.166), 'median_width': np.float64(86.0), 'mean_width_scaled': np.float64(0.3441295774647887), 'median_width_scaled': np.float64(0.24225352112676057)}

split_conformal_topk_LogisticRegression class metrics: {'class_coverage': array([0.96428571, 1.        , 1.        , 1.        , 0.92857143,
       0.73333333, 1.        , 0.8       , 0.93333333, 0.94444444,
       1.        , 0.86666667, 1.        , 1.        , 0.93333333,
       1.        , 1.        , 1.        , 1.        , 0.93333333,
       0.93333333, 1.        , 1.        , 0.94736842, 1.        ,
       1.        , 0.96428571, 1.        , 1.        , 0.88888889,
       1.        , 1.        , 0.94117647, 0.93333333, 1.        ,
       0.9375    , 1.        , 0.86666667, 1.        , 0.9375    ,
       0.9375    , 1.        , 0.88235294, 0.93333333, 1.        ,
       0.93333333, 0.94444444, 1.        , 1.        , 1.        ,
       1.        , 1.        , 0.88235294, 0.94444444, 1.        ,
       0.93333333, 1.        , 0.86666667, 1.        , 1.        ,
       1.        , 1.        , 1.        , 1.        , 1.        ,
       1.        , 0.94117647, 1.        , 0.94736842, 0.78571429,
       0.92857143, 1.        , 1.        , 1.        , 1.        ,
       0.8       , 1.        , 1.        , 1.        , 1.        ,
       0.94736842, 0.95238095, 0.94117647, 0.94117647, 1.        ,
       1.        , 0.94736842, 0.86666667, 1.        , 0.875     ,
       1.        , 0.9375    , 1.        , 0.8       , 0.75      ,
       1.        , 1.        , 1.        , 0.96153846, 1.        ,
       1.        , 0.93333333, 1.        , 0.875     , 0.94117647,
       0.93333333, 0.86666667, 0.9375    , 0.92307692, 0.94736842,
       0.93333333, 0.8       , 0.78571429, 1.        , 0.93333333,
       1.        , 1.        , 1.        , 1.        , 0.93333333,
       1.        , 0.9375    , 1.        , 1.        , 1.        ,
       0.94736842, 0.92857143, 1.        , 0.9375    , 1.        ,
       1.        , 1.        , 1.        , 0.92857143, 1.        ,
       1.        , 1.        , 1.        , 0.93333333, 1.        ,
       0.93333333, 1.        , 0.8       , 0.86666667, 1.        ,
       0.94736842, 1.        , 1.        , 0.42857143, 1.        ,
       0.94444444, 1.        , 1.        , 1.        , 0.82352941,
       1.        , 1.        , 0.95238095, 1.        , 1.        ,
       1.        , 1.        , 0.78571429, 0.93333333, 1.        ,
       1.        , 0.86666667, 0.94117647, 1.        , 0.88888889,
       0.94117647, 1.        , 1.        , 0.86666667, 1.        ,
       0.93333333, 0.73333333, 0.875     , 1.        , 1.        ,
       0.8125    , 0.9375    , 0.9375    , 0.93333333, 0.93333333,
       0.93333333, 0.8125    , 1.        , 1.        , 1.        ,
       1.        , 1.        , 0.93333333, 1.        , 0.9       ,
       0.94117647, 1.        , 1.        , 0.93333333, 0.77777778,
       0.93333333, 1.        , 1.        , 0.75      , 1.        ,
       1.        , 1.        , 0.93333333, 0.9047619 , 1.        ,
       1.        , 1.        , 0.95      , 1.        , 1.        ,
       0.94736842, 1.        , 0.86666667, 0.8125    , 0.95238095,
       0.94117647, 1.        , 1.        , 0.8125    , 1.        ,
       1.        , 1.        , 0.92857143, 1.        , 1.        ,
       1.        , 1.        , 1.        , 1.        , 1.        ,
       1.        , 1.        , 1.        , 0.86666667, 1.        ,
       1.        , 1.        , 1.        , 1.        , 0.96428571,
       0.875     , 1.        , 0.875     , 1.        , 1.        ,
       0.9375    , 1.        , 1.        , 1.        , 0.84      ,
       0.86666667, 1.        , 0.89473684, 1.        , 1.        ,
       1.        , 0.9375    , 0.93333333, 1.        , 1.        ,
       1.        , 1.        , 1.        , 1.        , 0.85714286,
       0.93333333, 1.        , 0.93333333, 1.        , 1.        ,
       1.        , 0.94444444, 1.        , 1.        , 0.93333333,
       0.86666667, 1.        , 0.93333333, 1.        , 0.93333333,
       1.        , 0.94444444, 1.        , 0.86956522, 1.        ,
       1.        , 0.95      , 1.        , 1.        , 0.875     ,
       0.85714286, 1.        , 1.        , 0.625     , 0.8       ,
       1.        , 1.        , 1.        , 0.78571429, 0.8       ,
       0.86666667, 0.75      , 1.        , 1.        , 1.        ,
       0.94444444, 1.        , 0.92857143, 0.95652174, 1.        ,
       1.        , 0.94736842, 1.        , 1.        , 0.95      ,
       0.94736842, 0.9375    , 1.        , 1.        , 1.        ,
       1.        , 0.6       , 0.875     , 0.93333333, 0.94444444,
       0.93333333, 1.        , 1.        , 0.93333333, 1.        ,
       0.95454545, 1.        , 1.        , 0.94117647, 1.        ,
       1.        , 1.        , 1.        , 1.        , 0.93333333,
       0.94444444, 1.        , 0.8       , 1.        , 1.        ,
       1.        , 0.94117647, 1.        , 0.94736842, 0.94444444]), 'class_mean_width': array([125.25      , 102.875     , 103.93333333, 114.95      ,
       105.92857143, 157.8       , 130.94444444, 193.8       ,
       104.4       , 100.94444444,  86.16666667, 104.26666667,
        86.        , 121.93333333,  86.        , 112.95      ,
        86.        ,  86.63157895,  86.        , 159.33333333,
       175.66666667, 155.41666667,  86.        , 142.78947368,
        86.        , 123.88888889,  86.03571429,  86.        ,
        86.07692308,  86.11111111, 114.63157895,  86.        ,
       101.82352941,  86.06666667, 122.4       , 272.0625    ,
       105.5       ,  86.        , 204.        ,  88.3125    ,
       119.6875    ,  86.        ,  89.17647059,  86.        ,
        86.        ,  86.26666667, 115.88888889, 101.66666667,
       114.31578947, 140.85      ,  86.        ,  86.        ,
       149.29411765,  86.11111111, 100.15789474, 229.66666667,
        86.06666667, 103.93333333, 105.21428571, 103.93333333,
       134.35294118, 153.25      , 156.84210526, 109.07142857,
        86.        , 103.35294118, 117.70588235, 117.64705882,
       128.57894737, 182.35714286, 105.28571429, 112.38095238,
       120.5       , 103.93333333,  86.13333333, 159.13333333,
        86.        , 157.84210526, 105.46666667,  86.0625    ,
       100.15789474,  86.0952381 , 244.29411765, 102.17647059,
        86.        ,  86.        , 284.21052632,  87.        ,
        86.        ,  86.        , 103.93333333, 171.625     ,
        86.05882353,  86.06666667, 103.0625    , 270.26315789,
        86.        , 104.13333333, 106.69230769, 100.94736842,
       173.875     ,  86.86666667, 122.73333333, 103.5625    ,
        86.05882353,  86.06666667, 104.86666667, 187.0625    ,
        86.15384615, 128.52631579,  86.06666667, 122.06666667,
       221.28571429, 105.6       , 157.8       , 304.5625    ,
       124.64285714,  86.        ,  88.33333333,  88.4       ,
       272.63157895, 170.0625    , 151.16      ,  86.05555556,
       321.5       ,  86.05263158,  86.        , 117.88235294,
       104.0625    ,  86.        , 139.95      ,  86.        ,
        86.        , 163.21428571, 121.86666667,  86.        ,
        86.        , 176.44444444, 229.73333333, 102.8125    ,
        86.        , 104.13333333, 139.93333333, 140.86666667,
        86.        , 100.21052632, 158.2       , 103.93333333,
        86.        ,  86.        , 161.44444444, 131.61111111,
       165.11764706,  86.        , 213.64705882,  86.        ,
        86.        , 112.        ,  86.        ,  86.13333333,
        86.        ,  86.05263158,  86.42857143,  86.06666667,
        86.        , 114.31578947, 140.4       , 117.64705882,
       139.8       , 190.83333333, 103.47058824, 170.0625    ,
        86.        , 139.8       ,  86.        , 139.86666667,
       247.73333333,  86.5625    ,  86.        , 104.        ,
       221.0625    ,  86.        , 120.        , 104.26666667,
        86.06666667, 139.8       ,  86.        , 136.6875    ,
        86.        ,  86.        ,  86.        , 104.26666667,
        86.        ,  86.        , 140.        ,  86.82352941,
        87.23529412,  86.        ,  86.        , 265.44444444,
       157.8       , 105.6       , 138.3125    , 156.875     ,
       189.57142857, 100.15789474, 110.72727273, 123.26666667,
        86.80952381,  86.        ,  86.28571429,  86.125     ,
        86.        ,  88.66666667,  86.        , 186.89473684,
        86.        , 104.06666667, 120.25      ,  98.85714286,
        86.        , 241.5625    ,  86.        , 271.1875    ,
       210.15384615,  86.        , 122.        ,  86.        ,
       158.8       , 136.5625    ,  86.28571429,  86.        ,
       105.21428571, 150.76470588, 244.41176471, 212.26666667,
        86.0625    , 186.875     , 103.93333333, 103.93333333,
        86.        ,  98.45454545, 103.38888889,  86.05      ,
       192.75      , 119.75      ,  86.28571429, 170.9375    ,
       170.3125    ,  98.22727273,  86.        ,  86.        ,
        86.        , 222.77777778, 140.16      , 122.46666667,
       117.5       , 115.47368421,  86.        , 154.3       ,
        99.45      , 119.6875    ,  86.        ,  86.06666667,
        86.06666667, 120.125     ,  87.47058824,  86.        ,
       155.85185185,  86.5       ,  86.73333333,  86.35294118,
       159.33333333, 121.86666667, 150.14285714, 321.375     ,
       175.88888889, 121.25      , 127.46153846, 104.46666667,
        86.        ,  86.        , 121.86666667, 110.34782609,
        86.        , 260.55882353, 101.05555556,  86.        ,
       156.26086957, 102.8125    ,  86.44444444,  86.        ,
        86.        , 119.625     ,  86.        ,  86.        ,
        86.625     ,  86.        , 102.9375    , 141.2       ,
        86.        , 121.93333333, 193.8       , 124.42857143,
       140.53333333, 104.2       , 103.0625    ,  86.06666667,
       284.2       ,  86.        , 134.44444444, 142.73333333,
       105.28571429,  97.86956522,  86.25      , 258.31818182,
        86.57894737, 202.35714286,  86.        , 100.2       ,
        86.        , 102.8125    ,  86.        , 254.5625    ,
        89.92857143,  86.        , 193.8       , 119.9375    ,
       122.        ,  86.05555556, 175.93333333, 252.05555556,
       102.8125    ,  86.        ,  86.05882353,  98.31818182,
       158.53846154,  86.        ,  86.64705882,  86.        ,
       169.34782609, 154.125     ,  86.        , 119.625     ,
       103.93333333, 161.66666667,  86.        , 104.33333333,
       122.73333333, 127.46153846, 183.07142857,  86.05882353,
        86.        , 185.68421053, 115.94444444]), 'class_median_width': array([ 86. ,  86. ,  86. ,  86. ,  86. ,  86. ,  86. ,  87. ,  86. ,
        86. ,  86. ,  86. ,  86. ,  86. ,  86. ,  86. ,  86. ,  86. ,
        86. ,  86. ,  86. ,  86. ,  86. ,  86. ,  86. ,  86. ,  86. ,
        86. ,  86. ,  86. ,  86. ,  86. ,  86. ,  86. ,  86. , 355. ,
        86. ,  86. , 101.5,  86. ,  86. ,  86. ,  86. ,  86. ,  86. ,
        86. ,  86. ,  86. ,  86. ,  86. ,  86. ,  86. ,  86. ,  86. ,
        86. , 355. ,  86. ,  86. ,  86. ,  86. ,  86. ,  86. ,  86. ,
        87. ,  86. ,  86. ,  86. ,  86. ,  86. ,  86. ,  86. ,  86. ,
        86. ,  86. ,  86. ,  87. ,  86. ,  86. ,  86. ,  86. ,  86. ,
        86. , 355. ,  86. ,  86. ,  86. , 355. ,  86. ,  86. ,  86. ,
        86. ,  87. ,  86. ,  86. ,  86. , 355. ,  86. ,  86. ,  86. ,
        86. ,  92.5,  86. ,  86. ,  86. ,  86. ,  86. ,  86. ,  87. ,
        86. ,  86. ,  86. ,  86. , 225. ,  86. ,  86. , 355. ,  86. ,
        86. ,  86. ,  86. , 355. ,  86. ,  86. ,  86. , 355. ,  86. ,
        86. ,  86. ,  86. ,  86. ,  86. ,  86. ,  86. ,  86.5,  86. ,
        86. ,  86. ,  87.5, 355. ,  86. ,  86. ,  86. ,  86. ,  86. ,
        86. ,  86. ,  87. ,  86. ,  86. ,  86. ,  87. ,  86. ,  86. ,
        86. , 101. ,  86. ,  86. ,  86. ,  86. ,  86. ,  86. ,  86. ,
        86. ,  86. ,  86. ,  86. ,  86. ,  86. ,  86. ,  87. ,  86. ,
        86. ,  86. ,  86. ,  86. ,  86. , 355. ,  86. ,  86. ,  86. ,
       224. ,  86. ,  86. ,  86. ,  86. ,  86. ,  86. ,  86. ,  86. ,
        86. ,  86. ,  86. ,  86. ,  86. ,  86. ,  86. ,  86. ,  86. ,
        86. , 355. ,  86. ,  86. ,  86. ,  86.5,  88. ,  86. ,  86. ,
        86. ,  86. ,  86. ,  86. ,  86. ,  86. ,  86. ,  86. ,  92. ,
        86. ,  86. ,  86. ,  86. ,  86. , 355. ,  86. , 355. ,  86. ,
        86. ,  86. ,  86. ,  86. ,  86. ,  86. ,  86. ,  86. ,  88. ,
       355. ,  90. ,  86. ,  86. ,  86. ,  86. ,  86. ,  86. ,  86. ,
        86. ,  90. ,  86. ,  86. ,  88. ,  86. ,  86. ,  86. ,  86. ,
        86. , 231. ,  86. ,  86. ,  86. ,  86. ,  86. ,  87. ,  86. ,
        86. ,  86. ,  86. ,  86. ,  86. ,  86. ,  86. ,  86. ,  86. ,
        86. ,  86. ,  87. ,  86. ,  86. , 355. ,  86. ,  86. ,  86. ,
        86. ,  86. ,  86. ,  86. ,  86. ,  86. , 355. ,  86. ,  86. ,
        86. ,  86. ,  86. ,  86. ,  86. ,  86. ,  86. ,  86. ,  86. ,
        86. ,  86. ,  87. ,  86. ,  86. ,  87. ,  86. ,  86. ,  86. ,
        86. ,  86. , 355. ,  86. ,  88. ,  86. ,  86. ,  86. ,  86. ,
       355. ,  86. ,  90.5,  86. ,  86. ,  86. ,  86. ,  86. , 355. ,
        87.5,  86. ,  87. ,  86. ,  86. ,  86. ,  86. , 355. ,  86. ,
        86. ,  86. ,  86. ,  86. ,  86. ,  86. ,  86. ,  88. ,  86. ,
        86. ,  86. ,  86. ,  86. ,  86. ,  86. ,  86. ,  86. ,  88. ,
        86. ,  86. ,  87. ,  86. ]), 'class_mean_width_scaled': array([0.3528169 , 0.28978873, 0.29276995, 0.32380282, 0.29839034,
       0.44450704, 0.36885759, 0.54591549, 0.29408451, 0.28435055,
       0.242723  , 0.29370892, 0.24225352, 0.34347418, 0.24225352,
       0.31816901, 0.24225352, 0.24403262, 0.24225352, 0.44882629,
       0.49483568, 0.43779343, 0.24225352, 0.40222387, 0.24225352,
       0.34898279, 0.24235412, 0.24225352, 0.24247021, 0.24256651,
       0.32290586, 0.24225352, 0.28682684, 0.24244131, 0.34478873,
       0.76637324, 0.2971831 , 0.24225352, 0.57464789, 0.24876761,
       0.33714789, 0.24225352, 0.25120133, 0.24225352, 0.24225352,
       0.24300469, 0.32644757, 0.28638498, 0.32201631, 0.39676056,
       0.24225352, 0.24225352, 0.42054681, 0.24256651, 0.28213491,
       0.64694836, 0.24244131, 0.29276995, 0.29637827, 0.29276995,
       0.37845899, 0.43169014, 0.44180875, 0.30724346, 0.24225352,
       0.29113505, 0.33156587, 0.33140017, 0.36219422, 0.51368209,
       0.29657948, 0.31656606, 0.33943662, 0.29276995, 0.24262911,
       0.44826291, 0.24225352, 0.44462565, 0.2970892 , 0.24242958,
       0.28213491, 0.2425218 , 0.68815244, 0.28782104, 0.24225352,
       0.24225352, 0.80059303, 0.24507042, 0.24225352, 0.24225352,
       0.29276995, 0.4834507 , 0.24241922, 0.24244131, 0.2903169 ,
       0.76130467, 0.24225352, 0.29333333, 0.30054171, 0.28435878,
       0.48978873, 0.24469484, 0.3457277 , 0.29172535, 0.24241922,
       0.24244131, 0.29539906, 0.52693662, 0.24268689, 0.36204596,
       0.24244131, 0.34384977, 0.62334004, 0.29746479, 0.44450704,
       0.85792254, 0.35110664, 0.24225352, 0.24882629, 0.24901408,
       0.76797628, 0.4790493 , 0.42580282, 0.24241002, 0.9056338 ,
       0.24240178, 0.24225352, 0.33206297, 0.2931338 , 0.24225352,
       0.39422535, 0.24225352, 0.24225352, 0.45975855, 0.34328638,
       0.24225352, 0.24225352, 0.4970266 , 0.64713615, 0.28961268,
       0.24225352, 0.29333333, 0.3941784 , 0.39680751, 0.24225352,
       0.28228317, 0.4456338 , 0.29276995, 0.24225352, 0.24225352,
       0.45477308, 0.37073552, 0.46512013, 0.24225352, 0.6018227 ,
       0.24225352, 0.24225352, 0.31549296, 0.24225352, 0.24262911,
       0.24225352, 0.24240178, 0.24346076, 0.24244131, 0.24225352,
       0.32201631, 0.39549296, 0.33140017, 0.39380282, 0.53755869,
       0.29146645, 0.4790493 , 0.24225352, 0.39380282, 0.24225352,
       0.39399061, 0.69784038, 0.24383803, 0.24225352, 0.29295775,
       0.62271127, 0.24225352, 0.33802817, 0.29370892, 0.24244131,
       0.39380282, 0.24225352, 0.38503521, 0.24225352, 0.24225352,
       0.24225352, 0.29370892, 0.24225352, 0.24225352, 0.3943662 ,
       0.24457332, 0.24573322, 0.24225352, 0.24225352, 0.74773083,
       0.44450704, 0.29746479, 0.38961268, 0.44190141, 0.53400402,
       0.28213491, 0.31190781, 0.34723005, 0.24453387, 0.24225352,
       0.24305835, 0.24260563, 0.24225352, 0.24976526, 0.24225352,
       0.52646405, 0.24225352, 0.29314554, 0.33873239, 0.27847082,
       0.24225352, 0.68045775, 0.24225352, 0.76390845, 0.59198267,
       0.24225352, 0.34366197, 0.24225352, 0.44732394, 0.3846831 ,
       0.24305835, 0.24225352, 0.29637827, 0.42468931, 0.68848384,
       0.59793427, 0.24242958, 0.52640845, 0.29276995, 0.29276995,
       0.24225352, 0.27733675, 0.29123631, 0.24239437, 0.54295775,
       0.33732394, 0.24305835, 0.48151408, 0.47975352, 0.27669654,
       0.24225352, 0.24225352, 0.24225352, 0.62754304, 0.3948169 ,
       0.34497653, 0.33098592, 0.32527798, 0.24225352, 0.43464789,
       0.28014085, 0.33714789, 0.24225352, 0.24244131, 0.24244131,
       0.33838028, 0.24639602, 0.24225352, 0.4390193 , 0.24366197,
       0.24431925, 0.24324772, 0.44882629, 0.34328638, 0.42293763,
       0.90528169, 0.49546166, 0.3415493 , 0.35904659, 0.2942723 ,
       0.24225352, 0.24225352, 0.34328638, 0.31083895, 0.24225352,
       0.73396852, 0.28466354, 0.24225352, 0.44017146, 0.28961268,
       0.24350548, 0.24225352, 0.24225352, 0.33697183, 0.24225352,
       0.24225352, 0.24401408, 0.24225352, 0.28996479, 0.39774648,
       0.24225352, 0.34347418, 0.54591549, 0.35050302, 0.39586854,
       0.29352113, 0.2903169 , 0.24244131, 0.80056338, 0.24225352,
       0.37871674, 0.40206573, 0.29657948, 0.27568892, 0.24295775,
       0.72765685, 0.24388436, 0.57002012, 0.24225352, 0.28225352,
       0.24225352, 0.28961268, 0.24225352, 0.71707746, 0.25331992,
       0.24225352, 0.54591549, 0.33785211, 0.34366197, 0.24241002,
       0.49558685, 0.71001565, 0.28961268, 0.24225352, 0.24241922,
       0.27695262, 0.44658722, 0.24225352, 0.24407622, 0.24225352,
       0.47703613, 0.43415493, 0.24225352, 0.33697183, 0.29276995,
       0.45539906, 0.24225352, 0.29389671, 0.3457277 , 0.35904659,
       0.51569416, 0.24241922, 0.24225352, 0.52305411, 0.32660407]), 'class_median_width_scaled': array([0.24225352, 0.24225352, 0.24225352, 0.24225352, 0.24225352,
       0.24225352, 0.24225352, 0.24507042, 0.24225352, 0.24225352,
       0.24225352, 0.24225352, 0.24225352, 0.24225352, 0.24225352,
       0.24225352, 0.24225352, 0.24225352, 0.24225352, 0.24225352,
       0.24225352, 0.24225352, 0.24225352, 0.24225352, 0.24225352,
       0.24225352, 0.24225352, 0.24225352, 0.24225352, 0.24225352,
       0.24225352, 0.24225352, 0.24225352, 0.24225352, 0.24225352,
       1.        , 0.24225352, 0.24225352, 0.28591549, 0.24225352,
       0.24225352, 0.24225352, 0.24225352, 0.24225352, 0.24225352,
       0.24225352, 0.24225352, 0.24225352, 0.24225352, 0.24225352,
       0.24225352, 0.24225352, 0.24225352, 0.24225352, 0.24225352,
       1.        , 0.24225352, 0.24225352, 0.24225352, 0.24225352,
       0.24225352, 0.24225352, 0.24225352, 0.24507042, 0.24225352,
       0.24225352, 0.24225352, 0.24225352, 0.24225352, 0.24225352,
       0.24225352, 0.24225352, 0.24225352, 0.24225352, 0.24225352,
       0.24507042, 0.24225352, 0.24225352, 0.24225352, 0.24225352,
       0.24225352, 0.24225352, 1.        , 0.24225352, 0.24225352,
       0.24225352, 1.        , 0.24225352, 0.24225352, 0.24225352,
       0.24225352, 0.24507042, 0.24225352, 0.24225352, 0.24225352,
       1.        , 0.24225352, 0.24225352, 0.24225352, 0.24225352,
       0.26056338, 0.24225352, 0.24225352, 0.24225352, 0.24225352,
       0.24225352, 0.24225352, 0.24507042, 0.24225352, 0.24225352,
       0.24225352, 0.24225352, 0.63380282, 0.24225352, 0.24225352,
       1.        , 0.24225352, 0.24225352, 0.24225352, 0.24225352,
       1.        , 0.24225352, 0.24225352, 0.24225352, 1.        ,
       0.24225352, 0.24225352, 0.24225352, 0.24225352, 0.24225352,
       0.24225352, 0.24225352, 0.24225352, 0.24366197, 0.24225352,
       0.24225352, 0.24225352, 0.24647887, 1.        , 0.24225352,
       0.24225352, 0.24225352, 0.24225352, 0.24225352, 0.24225352,
       0.24225352, 0.24507042, 0.24225352, 0.24225352, 0.24225352,
       0.24507042, 0.24225352, 0.24225352, 0.24225352, 0.28450704,
       0.24225352, 0.24225352, 0.24225352, 0.24225352, 0.24225352,
       0.24225352, 0.24225352, 0.24225352, 0.24225352, 0.24225352,
       0.24225352, 0.24225352, 0.24225352, 0.24225352, 0.24507042,
       0.24225352, 0.24225352, 0.24225352, 0.24225352, 0.24225352,
       0.24225352, 1.        , 0.24225352, 0.24225352, 0.24225352,
       0.63098592, 0.24225352, 0.24225352, 0.24225352, 0.24225352,
       0.24225352, 0.24225352, 0.24225352, 0.24225352, 0.24225352,
       0.24225352, 0.24225352, 0.24225352, 0.24225352, 0.24225352,
       0.24225352, 0.24225352, 0.24225352, 0.24225352, 1.        ,
       0.24225352, 0.24225352, 0.24225352, 0.24366197, 0.24788732,
       0.24225352, 0.24225352, 0.24225352, 0.24225352, 0.24225352,
       0.24225352, 0.24225352, 0.24225352, 0.24225352, 0.24225352,
       0.25915493, 0.24225352, 0.24225352, 0.24225352, 0.24225352,
       0.24225352, 1.        , 0.24225352, 1.        , 0.24225352,
       0.24225352, 0.24225352, 0.24225352, 0.24225352, 0.24225352,
       0.24225352, 0.24225352, 0.24225352, 0.24788732, 1.        ,
       0.25352113, 0.24225352, 0.24225352, 0.24225352, 0.24225352,
       0.24225352, 0.24225352, 0.24225352, 0.24225352, 0.25352113,
       0.24225352, 0.24225352, 0.24788732, 0.24225352, 0.24225352,
       0.24225352, 0.24225352, 0.24225352, 0.65070423, 0.24225352,
       0.24225352, 0.24225352, 0.24225352, 0.24225352, 0.24507042,
       0.24225352, 0.24225352, 0.24225352, 0.24225352, 0.24225352,
       0.24225352, 0.24225352, 0.24225352, 0.24225352, 0.24225352,
       0.24225352, 0.24225352, 0.24507042, 0.24225352, 0.24225352,
       1.        , 0.24225352, 0.24225352, 0.24225352, 0.24225352,
       0.24225352, 0.24225352, 0.24225352, 0.24225352, 0.24225352,
       1.        , 0.24225352, 0.24225352, 0.24225352, 0.24225352,
       0.24225352, 0.24225352, 0.24225352, 0.24225352, 0.24225352,
       0.24225352, 0.24225352, 0.24225352, 0.24225352, 0.24507042,
       0.24225352, 0.24225352, 0.24507042, 0.24225352, 0.24225352,
       0.24225352, 0.24225352, 0.24225352, 1.        , 0.24225352,
       0.24788732, 0.24225352, 0.24225352, 0.24225352, 0.24225352,
       1.        , 0.24225352, 0.25492958, 0.24225352, 0.24225352,
       0.24225352, 0.24225352, 0.24225352, 1.        , 0.24647887,
       0.24225352, 0.24507042, 0.24225352, 0.24225352, 0.24225352,
       0.24225352, 1.        , 0.24225352, 0.24225352, 0.24225352,
       0.24225352, 0.24225352, 0.24225352, 0.24225352, 0.24225352,
       0.24788732, 0.24225352, 0.24225352, 0.24225352, 0.24225352,
       0.24225352, 0.24225352, 0.24225352, 0.24225352, 0.24225352,
       0.24788732, 0.24225352, 0.24225352, 0.24507042, 0.24225352])}

split_conformal_topk_LogisticRegression full class metrics: {'class_coverage': array([0.96428571, 1.        , 1.        , 1.        , 0.92857143,
       0.73333333, 1.        , 0.8       , 0.93333333, 0.94444444,
       1.        , 0.86666667, 1.        , 1.        , 0.93333333,
       1.        , 1.        , 1.        , 1.        , 0.93333333,
       0.93333333, 1.        , 1.        , 0.94736842, 1.        ,
       1.        , 0.96428571, 1.        , 1.        , 0.88888889,
       1.        , 1.        , 0.94117647, 0.93333333, 1.        ,
       0.9375    , 1.        , 0.86666667, 1.        , 0.9375    ,
       0.9375    , 1.        , 0.88235294, 0.93333333, 1.        ,
       0.93333333, 0.94444444, 1.        , 1.        , 1.        ,
       1.        , 1.        , 0.88235294, 0.94444444, 1.        ,
       0.93333333, 1.        , 0.86666667, 1.        , 1.        ,
       1.        , 1.        , 1.        , 1.        , 1.        ,
       1.        , 0.94117647, 1.        , 0.94736842, 0.78571429,
       0.92857143, 1.        , 1.        , 1.        , 1.        ,
       0.8       , 1.        , 1.        , 1.        , 1.        ,
       0.94736842, 0.95238095, 0.94117647, 0.94117647, 1.        ,
       1.        , 0.94736842, 0.86666667, 1.        , 0.875     ,
       1.        , 0.9375    , 1.        , 0.8       , 0.75      ,
       1.        , 1.        , 1.        , 0.96153846, 1.        ,
       1.        , 0.93333333, 1.        , 0.875     , 0.94117647,
       0.93333333, 0.86666667, 0.9375    , 0.92307692, 0.94736842,
       0.93333333, 0.8       , 0.78571429, 1.        , 0.93333333,
       1.        , 1.        , 1.        , 1.        , 0.93333333,
       1.        , 0.9375    , 1.        , 1.        , 1.        ,
       0.94736842, 0.92857143, 1.        , 0.9375    , 1.        ,
       1.        , 1.        , 1.        , 0.92857143, 1.        ,
       1.        , 1.        , 1.        , 0.93333333, 1.        ,
       0.93333333, 1.        , 0.8       , 0.86666667, 1.        ,
       0.94736842, 1.        , 1.        , 0.42857143, 1.        ,
       0.94444444, 1.        , 1.        , 1.        , 0.82352941,
       1.        , 1.        , 0.95238095, 1.        , 1.        ,
       1.        , 1.        , 0.78571429, 0.93333333, 1.        ,
       1.        , 0.86666667, 0.94117647, 1.        , 0.88888889,
       0.94117647, 1.        , 1.        , 0.86666667, 1.        ,
       0.93333333, 0.73333333, 0.875     , 1.        , 1.        ,
       0.8125    , 0.9375    , 0.9375    , 0.93333333, 0.93333333,
       0.93333333, 0.8125    , 1.        , 1.        , 1.        ,
       1.        , 1.        , 0.93333333, 1.        , 0.9       ,
       0.94117647, 1.        , 1.        , 0.93333333, 0.77777778,
       0.93333333, 1.        , 1.        , 0.75      , 1.        ,
       1.        , 1.        , 0.93333333, 0.9047619 , 1.        ,
       1.        , 1.        , 0.95      , 1.        , 1.        ,
       0.94736842, 1.        , 0.86666667, 0.8125    , 0.95238095,
       0.94117647, 1.        , 1.        , 0.8125    , 1.        ,
       1.        , 1.        , 0.92857143, 1.        , 1.        ,
       1.        , 1.        , 1.        , 1.        , 1.        ,
       1.        , 1.        , 1.        , 0.86666667, 1.        ,
       1.        , 1.        , 1.        , 1.        , 0.96428571,
       0.875     , 1.        , 0.875     , 1.        , 1.        ,
       0.9375    , 1.        , 1.        , 1.        , 0.84      ,
       0.86666667, 1.        , 0.89473684, 1.        , 1.        ,
       1.        , 0.9375    , 0.93333333, 1.        , 1.        ,
       1.        , 1.        , 1.        , 1.        , 0.85714286,
       0.93333333, 1.        , 0.93333333, 1.        , 1.        ,
       1.        , 0.94444444, 1.        , 1.        , 0.93333333,
       0.86666667, 1.        , 0.93333333, 1.        , 0.93333333,
       1.        , 0.94444444, 1.        , 0.86956522, 1.        ,
       1.        , 0.95      , 1.        , 1.        , 0.875     ,
       0.85714286, 1.        , 1.        , 0.625     , 0.8       ,
       1.        , 1.        , 1.        , 0.78571429, 0.8       ,
       0.86666667, 0.75      , 1.        , 1.        , 1.        ,
       0.94444444, 1.        , 0.92857143, 0.95652174, 1.        ,
       1.        , 0.94736842, 1.        , 1.        , 0.95      ,
       0.94736842, 0.9375    , 1.        , 1.        , 1.        ,
       1.        , 0.6       , 0.875     , 0.93333333, 0.94444444,
       0.93333333, 1.        , 1.        , 0.93333333, 1.        ,
       0.95454545, 1.        , 1.        , 0.94117647, 1.        ,
       1.        , 1.        , 1.        , 1.        , 0.93333333,
       0.94444444, 1.        , 0.8       , 1.        , 1.        ,
       1.        , 0.94117647, 1.        , 0.94736842, 0.94444444]), 'class_mean_width': array([125.25      , 102.875     , 103.93333333, 114.95      ,
       105.92857143, 157.8       , 130.94444444, 193.8       ,
       104.4       , 100.94444444,  86.16666667, 104.26666667,
        86.        , 121.93333333,  86.        , 112.95      ,
        86.        ,  86.63157895,  86.        , 159.33333333,
       175.66666667, 155.41666667,  86.        , 142.78947368,
        86.        , 123.88888889,  86.03571429,  86.        ,
        86.07692308,  86.11111111, 114.63157895,  86.        ,
       101.82352941,  86.06666667, 122.4       , 272.0625    ,
       105.5       ,  86.        , 204.        ,  88.3125    ,
       119.6875    ,  86.        ,  89.17647059,  86.        ,
        86.        ,  86.26666667, 115.88888889, 101.66666667,
       114.31578947, 140.85      ,  86.        ,  86.        ,
       149.29411765,  86.11111111, 100.15789474, 229.66666667,
        86.06666667, 103.93333333, 105.21428571, 103.93333333,
       134.35294118, 153.25      , 156.84210526, 109.07142857,
        86.        , 103.35294118, 117.70588235, 117.64705882,
       128.57894737, 182.35714286, 105.28571429, 112.38095238,
       120.5       , 103.93333333,  86.13333333, 159.13333333,
        86.        , 157.84210526, 105.46666667,  86.0625    ,
       100.15789474,  86.0952381 , 244.29411765, 102.17647059,
        86.        ,  86.        , 284.21052632,  87.        ,
        86.        ,  86.        , 103.93333333, 171.625     ,
        86.05882353,  86.06666667, 103.0625    , 270.26315789,
        86.        , 104.13333333, 106.69230769, 100.94736842,
       173.875     ,  86.86666667, 122.73333333, 103.5625    ,
        86.05882353,  86.06666667, 104.86666667, 187.0625    ,
        86.15384615, 128.52631579,  86.06666667, 122.06666667,
       221.28571429, 105.6       , 157.8       , 304.5625    ,
       124.64285714,  86.        ,  88.33333333,  88.4       ,
       272.63157895, 170.0625    , 151.16      ,  86.05555556,
       321.5       ,  86.05263158,  86.        , 117.88235294,
       104.0625    ,  86.        , 139.95      ,  86.        ,
        86.        , 163.21428571, 121.86666667,  86.        ,
        86.        , 176.44444444, 229.73333333, 102.8125    ,
        86.        , 104.13333333, 139.93333333, 140.86666667,
        86.        , 100.21052632, 158.2       , 103.93333333,
        86.        ,  86.        , 161.44444444, 131.61111111,
       165.11764706,  86.        , 213.64705882,  86.        ,
        86.        , 112.        ,  86.        ,  86.13333333,
        86.        ,  86.05263158,  86.42857143,  86.06666667,
        86.        , 114.31578947, 140.4       , 117.64705882,
       139.8       , 190.83333333, 103.47058824, 170.0625    ,
        86.        , 139.8       ,  86.        , 139.86666667,
       247.73333333,  86.5625    ,  86.        , 104.        ,
       221.0625    ,  86.        , 120.        , 104.26666667,
        86.06666667, 139.8       ,  86.        , 136.6875    ,
        86.        ,  86.        ,  86.        , 104.26666667,
        86.        ,  86.        , 140.        ,  86.82352941,
        87.23529412,  86.        ,  86.        , 265.44444444,
       157.8       , 105.6       , 138.3125    , 156.875     ,
       189.57142857, 100.15789474, 110.72727273, 123.26666667,
        86.80952381,  86.        ,  86.28571429,  86.125     ,
        86.        ,  88.66666667,  86.        , 186.89473684,
        86.        , 104.06666667, 120.25      ,  98.85714286,
        86.        , 241.5625    ,  86.        , 271.1875    ,
       210.15384615,  86.        , 122.        ,  86.        ,
       158.8       , 136.5625    ,  86.28571429,  86.        ,
       105.21428571, 150.76470588, 244.41176471, 212.26666667,
        86.0625    , 186.875     , 103.93333333, 103.93333333,
        86.        ,  98.45454545, 103.38888889,  86.05      ,
       192.75      , 119.75      ,  86.28571429, 170.9375    ,
       170.3125    ,  98.22727273,  86.        ,  86.        ,
        86.        , 222.77777778, 140.16      , 122.46666667,
       117.5       , 115.47368421,  86.        , 154.3       ,
        99.45      , 119.6875    ,  86.        ,  86.06666667,
        86.06666667, 120.125     ,  87.47058824,  86.        ,
       155.85185185,  86.5       ,  86.73333333,  86.35294118,
       159.33333333, 121.86666667, 150.14285714, 321.375     ,
       175.88888889, 121.25      , 127.46153846, 104.46666667,
        86.        ,  86.        , 121.86666667, 110.34782609,
        86.        , 260.55882353, 101.05555556,  86.        ,
       156.26086957, 102.8125    ,  86.44444444,  86.        ,
        86.        , 119.625     ,  86.        ,  86.        ,
        86.625     ,  86.        , 102.9375    , 141.2       ,
        86.        , 121.93333333, 193.8       , 124.42857143,
       140.53333333, 104.2       , 103.0625    ,  86.06666667,
       284.2       ,  86.        , 134.44444444, 142.73333333,
       105.28571429,  97.86956522,  86.25      , 258.31818182,
        86.57894737, 202.35714286,  86.        , 100.2       ,
        86.        , 102.8125    ,  86.        , 254.5625    ,
        89.92857143,  86.        , 193.8       , 119.9375    ,
       122.        ,  86.05555556, 175.93333333, 252.05555556,
       102.8125    ,  86.        ,  86.05882353,  98.31818182,
       158.53846154,  86.        ,  86.64705882,  86.        ,
       169.34782609, 154.125     ,  86.        , 119.625     ,
       103.93333333, 161.66666667,  86.        , 104.33333333,
       122.73333333, 127.46153846, 183.07142857,  86.05882353,
        86.        , 185.68421053, 115.94444444]), 'class_median_width': array([ 86. ,  86. ,  86. ,  86. ,  86. ,  86. ,  86. ,  87. ,  86. ,
        86. ,  86. ,  86. ,  86. ,  86. ,  86. ,  86. ,  86. ,  86. ,
        86. ,  86. ,  86. ,  86. ,  86. ,  86. ,  86. ,  86. ,  86. ,
        86. ,  86. ,  86. ,  86. ,  86. ,  86. ,  86. ,  86. , 355. ,
        86. ,  86. , 101.5,  86. ,  86. ,  86. ,  86. ,  86. ,  86. ,
        86. ,  86. ,  86. ,  86. ,  86. ,  86. ,  86. ,  86. ,  86. ,
        86. , 355. ,  86. ,  86. ,  86. ,  86. ,  86. ,  86. ,  86. ,
        87. ,  86. ,  86. ,  86. ,  86. ,  86. ,  86. ,  86. ,  86. ,
        86. ,  86. ,  86. ,  87. ,  86. ,  86. ,  86. ,  86. ,  86. ,
        86. , 355. ,  86. ,  86. ,  86. , 355. ,  86. ,  86. ,  86. ,
        86. ,  87. ,  86. ,  86. ,  86. , 355. ,  86. ,  86. ,  86. ,
        86. ,  92.5,  86. ,  86. ,  86. ,  86. ,  86. ,  86. ,  87. ,
        86. ,  86. ,  86. ,  86. , 225. ,  86. ,  86. , 355. ,  86. ,
        86. ,  86. ,  86. , 355. ,  86. ,  86. ,  86. , 355. ,  86. ,
        86. ,  86. ,  86. ,  86. ,  86. ,  86. ,  86. ,  86.5,  86. ,
        86. ,  86. ,  87.5, 355. ,  86. ,  86. ,  86. ,  86. ,  86. ,
        86. ,  86. ,  87. ,  86. ,  86. ,  86. ,  87. ,  86. ,  86. ,
        86. , 101. ,  86. ,  86. ,  86. ,  86. ,  86. ,  86. ,  86. ,
        86. ,  86. ,  86. ,  86. ,  86. ,  86. ,  86. ,  87. ,  86. ,
        86. ,  86. ,  86. ,  86. ,  86. , 355. ,  86. ,  86. ,  86. ,
       224. ,  86. ,  86. ,  86. ,  86. ,  86. ,  86. ,  86. ,  86. ,
        86. ,  86. ,  86. ,  86. ,  86. ,  86. ,  86. ,  86. ,  86. ,
        86. , 355. ,  86. ,  86. ,  86. ,  86.5,  88. ,  86. ,  86. ,
        86. ,  86. ,  86. ,  86. ,  86. ,  86. ,  86. ,  86. ,  92. ,
        86. ,  86. ,  86. ,  86. ,  86. , 355. ,  86. , 355. ,  86. ,
        86. ,  86. ,  86. ,  86. ,  86. ,  86. ,  86. ,  86. ,  88. ,
       355. ,  90. ,  86. ,  86. ,  86. ,  86. ,  86. ,  86. ,  86. ,
        86. ,  90. ,  86. ,  86. ,  88. ,  86. ,  86. ,  86. ,  86. ,
        86. , 231. ,  86. ,  86. ,  86. ,  86. ,  86. ,  87. ,  86. ,
        86. ,  86. ,  86. ,  86. ,  86. ,  86. ,  86. ,  86. ,  86. ,
        86. ,  86. ,  87. ,  86. ,  86. , 355. ,  86. ,  86. ,  86. ,
        86. ,  86. ,  86. ,  86. ,  86. ,  86. , 355. ,  86. ,  86. ,
        86. ,  86. ,  86. ,  86. ,  86. ,  86. ,  86. ,  86. ,  86. ,
        86. ,  86. ,  87. ,  86. ,  86. ,  87. ,  86. ,  86. ,  86. ,
        86. ,  86. , 355. ,  86. ,  88. ,  86. ,  86. ,  86. ,  86. ,
       355. ,  86. ,  90.5,  86. ,  86. ,  86. ,  86. ,  86. , 355. ,
        87.5,  86. ,  87. ,  86. ,  86. ,  86. ,  86. , 355. ,  86. ,
        86. ,  86. ,  86. ,  86. ,  86. ,  86. ,  86. ,  88. ,  86. ,
        86. ,  86. ,  86. ,  86. ,  86. ,  86. ,  86. ,  86. ,  88. ,
        86. ,  86. ,  87. ,  86. ]), 'class_mean_width_scaled': array([0.3528169 , 0.28978873, 0.29276995, 0.32380282, 0.29839034,
       0.44450704, 0.36885759, 0.54591549, 0.29408451, 0.28435055,
       0.242723  , 0.29370892, 0.24225352, 0.34347418, 0.24225352,
       0.31816901, 0.24225352, 0.24403262, 0.24225352, 0.44882629,
       0.49483568, 0.43779343, 0.24225352, 0.40222387, 0.24225352,
       0.34898279, 0.24235412, 0.24225352, 0.24247021, 0.24256651,
       0.32290586, 0.24225352, 0.28682684, 0.24244131, 0.34478873,
       0.76637324, 0.2971831 , 0.24225352, 0.57464789, 0.24876761,
       0.33714789, 0.24225352, 0.25120133, 0.24225352, 0.24225352,
       0.24300469, 0.32644757, 0.28638498, 0.32201631, 0.39676056,
       0.24225352, 0.24225352, 0.42054681, 0.24256651, 0.28213491,
       0.64694836, 0.24244131, 0.29276995, 0.29637827, 0.29276995,
       0.37845899, 0.43169014, 0.44180875, 0.30724346, 0.24225352,
       0.29113505, 0.33156587, 0.33140017, 0.36219422, 0.51368209,
       0.29657948, 0.31656606, 0.33943662, 0.29276995, 0.24262911,
       0.44826291, 0.24225352, 0.44462565, 0.2970892 , 0.24242958,
       0.28213491, 0.2425218 , 0.68815244, 0.28782104, 0.24225352,
       0.24225352, 0.80059303, 0.24507042, 0.24225352, 0.24225352,
       0.29276995, 0.4834507 , 0.24241922, 0.24244131, 0.2903169 ,
       0.76130467, 0.24225352, 0.29333333, 0.30054171, 0.28435878,
       0.48978873, 0.24469484, 0.3457277 , 0.29172535, 0.24241922,
       0.24244131, 0.29539906, 0.52693662, 0.24268689, 0.36204596,
       0.24244131, 0.34384977, 0.62334004, 0.29746479, 0.44450704,
       0.85792254, 0.35110664, 0.24225352, 0.24882629, 0.24901408,
       0.76797628, 0.4790493 , 0.42580282, 0.24241002, 0.9056338 ,
       0.24240178, 0.24225352, 0.33206297, 0.2931338 , 0.24225352,
       0.39422535, 0.24225352, 0.24225352, 0.45975855, 0.34328638,
       0.24225352, 0.24225352, 0.4970266 , 0.64713615, 0.28961268,
       0.24225352, 0.29333333, 0.3941784 , 0.39680751, 0.24225352,
       0.28228317, 0.4456338 , 0.29276995, 0.24225352, 0.24225352,
       0.45477308, 0.37073552, 0.46512013, 0.24225352, 0.6018227 ,
       0.24225352, 0.24225352, 0.31549296, 0.24225352, 0.24262911,
       0.24225352, 0.24240178, 0.24346076, 0.24244131, 0.24225352,
       0.32201631, 0.39549296, 0.33140017, 0.39380282, 0.53755869,
       0.29146645, 0.4790493 , 0.24225352, 0.39380282, 0.24225352,
       0.39399061, 0.69784038, 0.24383803, 0.24225352, 0.29295775,
       0.62271127, 0.24225352, 0.33802817, 0.29370892, 0.24244131,
       0.39380282, 0.24225352, 0.38503521, 0.24225352, 0.24225352,
       0.24225352, 0.29370892, 0.24225352, 0.24225352, 0.3943662 ,
       0.24457332, 0.24573322, 0.24225352, 0.24225352, 0.74773083,
       0.44450704, 0.29746479, 0.38961268, 0.44190141, 0.53400402,
       0.28213491, 0.31190781, 0.34723005, 0.24453387, 0.24225352,
       0.24305835, 0.24260563, 0.24225352, 0.24976526, 0.24225352,
       0.52646405, 0.24225352, 0.29314554, 0.33873239, 0.27847082,
       0.24225352, 0.68045775, 0.24225352, 0.76390845, 0.59198267,
       0.24225352, 0.34366197, 0.24225352, 0.44732394, 0.3846831 ,
       0.24305835, 0.24225352, 0.29637827, 0.42468931, 0.68848384,
       0.59793427, 0.24242958, 0.52640845, 0.29276995, 0.29276995,
       0.24225352, 0.27733675, 0.29123631, 0.24239437, 0.54295775,
       0.33732394, 0.24305835, 0.48151408, 0.47975352, 0.27669654,
       0.24225352, 0.24225352, 0.24225352, 0.62754304, 0.3948169 ,
       0.34497653, 0.33098592, 0.32527798, 0.24225352, 0.43464789,
       0.28014085, 0.33714789, 0.24225352, 0.24244131, 0.24244131,
       0.33838028, 0.24639602, 0.24225352, 0.4390193 , 0.24366197,
       0.24431925, 0.24324772, 0.44882629, 0.34328638, 0.42293763,
       0.90528169, 0.49546166, 0.3415493 , 0.35904659, 0.2942723 ,
       0.24225352, 0.24225352, 0.34328638, 0.31083895, 0.24225352,
       0.73396852, 0.28466354, 0.24225352, 0.44017146, 0.28961268,
       0.24350548, 0.24225352, 0.24225352, 0.33697183, 0.24225352,
       0.24225352, 0.24401408, 0.24225352, 0.28996479, 0.39774648,
       0.24225352, 0.34347418, 0.54591549, 0.35050302, 0.39586854,
       0.29352113, 0.2903169 , 0.24244131, 0.80056338, 0.24225352,
       0.37871674, 0.40206573, 0.29657948, 0.27568892, 0.24295775,
       0.72765685, 0.24388436, 0.57002012, 0.24225352, 0.28225352,
       0.24225352, 0.28961268, 0.24225352, 0.71707746, 0.25331992,
       0.24225352, 0.54591549, 0.33785211, 0.34366197, 0.24241002,
       0.49558685, 0.71001565, 0.28961268, 0.24225352, 0.24241922,
       0.27695262, 0.44658722, 0.24225352, 0.24407622, 0.24225352,
       0.47703613, 0.43415493, 0.24225352, 0.33697183, 0.29276995,
       0.45539906, 0.24225352, 0.29389671, 0.3457277 , 0.35904659,
       0.51569416, 0.24241922, 0.24225352, 0.52305411, 0.32660407]), 'class_median_width_scaled': array([0.24225352, 0.24225352, 0.24225352, 0.24225352, 0.24225352,
       0.24225352, 0.24225352, 0.24507042, 0.24225352, 0.24225352,
       0.24225352, 0.24225352, 0.24225352, 0.24225352, 0.24225352,
       0.24225352, 0.24225352, 0.24225352, 0.24225352, 0.24225352,
       0.24225352, 0.24225352, 0.24225352, 0.24225352, 0.24225352,
       0.24225352, 0.24225352, 0.24225352, 0.24225352, 0.24225352,
       0.24225352, 0.24225352, 0.24225352, 0.24225352, 0.24225352,
       1.        , 0.24225352, 0.24225352, 0.28591549, 0.24225352,
       0.24225352, 0.24225352, 0.24225352, 0.24225352, 0.24225352,
       0.24225352, 0.24225352, 0.24225352, 0.24225352, 0.24225352,
       0.24225352, 0.24225352, 0.24225352, 0.24225352, 0.24225352,
       1.        , 0.24225352, 0.24225352, 0.24225352, 0.24225352,
       0.24225352, 0.24225352, 0.24225352, 0.24507042, 0.24225352,
       0.24225352, 0.24225352, 0.24225352, 0.24225352, 0.24225352,
       0.24225352, 0.24225352, 0.24225352, 0.24225352, 0.24225352,
       0.24507042, 0.24225352, 0.24225352, 0.24225352, 0.24225352,
       0.24225352, 0.24225352, 1.        , 0.24225352, 0.24225352,
       0.24225352, 1.        , 0.24225352, 0.24225352, 0.24225352,
       0.24225352, 0.24507042, 0.24225352, 0.24225352, 0.24225352,
       1.        , 0.24225352, 0.24225352, 0.24225352, 0.24225352,
       0.26056338, 0.24225352, 0.24225352, 0.24225352, 0.24225352,
       0.24225352, 0.24225352, 0.24507042, 0.24225352, 0.24225352,
       0.24225352, 0.24225352, 0.63380282, 0.24225352, 0.24225352,
       1.        , 0.24225352, 0.24225352, 0.24225352, 0.24225352,
       1.        , 0.24225352, 0.24225352, 0.24225352, 1.        ,
       0.24225352, 0.24225352, 0.24225352, 0.24225352, 0.24225352,
       0.24225352, 0.24225352, 0.24225352, 0.24366197, 0.24225352,
       0.24225352, 0.24225352, 0.24647887, 1.        , 0.24225352,
       0.24225352, 0.24225352, 0.24225352, 0.24225352, 0.24225352,
       0.24225352, 0.24507042, 0.24225352, 0.24225352, 0.24225352,
       0.24507042, 0.24225352, 0.24225352, 0.24225352, 0.28450704,
       0.24225352, 0.24225352, 0.24225352, 0.24225352, 0.24225352,
       0.24225352, 0.24225352, 0.24225352, 0.24225352, 0.24225352,
       0.24225352, 0.24225352, 0.24225352, 0.24225352, 0.24507042,
       0.24225352, 0.24225352, 0.24225352, 0.24225352, 0.24225352,
       0.24225352, 1.        , 0.24225352, 0.24225352, 0.24225352,
       0.63098592, 0.24225352, 0.24225352, 0.24225352, 0.24225352,
       0.24225352, 0.24225352, 0.24225352, 0.24225352, 0.24225352,
       0.24225352, 0.24225352, 0.24225352, 0.24225352, 0.24225352,
       0.24225352, 0.24225352, 0.24225352, 0.24225352, 1.        ,
       0.24225352, 0.24225352, 0.24225352, 0.24366197, 0.24788732,
       0.24225352, 0.24225352, 0.24225352, 0.24225352, 0.24225352,
       0.24225352, 0.24225352, 0.24225352, 0.24225352, 0.24225352,
       0.25915493, 0.24225352, 0.24225352, 0.24225352, 0.24225352,
       0.24225352, 1.        , 0.24225352, 1.        , 0.24225352,
       0.24225352, 0.24225352, 0.24225352, 0.24225352, 0.24225352,
       0.24225352, 0.24225352, 0.24225352, 0.24788732, 1.        ,
       0.25352113, 0.24225352, 0.24225352, 0.24225352, 0.24225352,
       0.24225352, 0.24225352, 0.24225352, 0.24225352, 0.25352113,
       0.24225352, 0.24225352, 0.24788732, 0.24225352, 0.24225352,
       0.24225352, 0.24225352, 0.24225352, 0.65070423, 0.24225352,
       0.24225352, 0.24225352, 0.24225352, 0.24225352, 0.24507042,
       0.24225352, 0.24225352, 0.24225352, 0.24225352, 0.24225352,
       0.24225352, 0.24225352, 0.24225352, 0.24225352, 0.24225352,
       0.24225352, 0.24225352, 0.24507042, 0.24225352, 0.24225352,
       1.        , 0.24225352, 0.24225352, 0.24225352, 0.24225352,
       0.24225352, 0.24225352, 0.24225352, 0.24225352, 0.24225352,
       1.        , 0.24225352, 0.24225352, 0.24225352, 0.24225352,
       0.24225352, 0.24225352, 0.24225352, 0.24225352, 0.24225352,
       0.24225352, 0.24225352, 0.24225352, 0.24225352, 0.24507042,
       0.24225352, 0.24225352, 0.24507042, 0.24225352, 0.24225352,
       0.24225352, 0.24225352, 0.24225352, 1.        , 0.24225352,
       0.24788732, 0.24225352, 0.24225352, 0.24225352, 0.24225352,
       1.        , 0.24225352, 0.25492958, 0.24225352, 0.24225352,
       0.24225352, 0.24225352, 0.24225352, 1.        , 0.24647887,
       0.24225352, 0.24507042, 0.24225352, 0.24225352, 0.24225352,
       0.24225352, 1.        , 0.24225352, 0.24225352, 0.24225352,
       0.24225352, 0.24225352, 0.24225352, 0.24225352, 0.24225352,
       0.24788732, 0.24225352, 0.24225352, 0.24225352, 0.24225352,
       0.24225352, 0.24225352, 0.24225352, 0.24225352, 0.24225352,
       0.24788732, 0.24225352, 0.24225352, 0.24507042, 0.24225352])}

Job completed at Wed Mar 19 08:24:06 PM PDT 2025
