Starting job at Wed Mar 19 08:21:09 PM PDT 2025
Job parameters:
Dataset: data_walking
UQ Method: split_conformal_raps
Estimator: HistGradientBoosting
Seed: 786
Train Size: 0.8
Running split_conformal_raps on data_walking with seed 786 and train size 0.8

starting experiment

data created

Fitting split_conformal_raps_HistGradientBoosting on data_walking with seed 786

split_conformal_raps_HistGradientBoosting metrics: {'coverage': np.float64(0.8946666666666667), 'mean_width': np.float64(5.060833333333333), 'median_width': np.float64(5.0), 'mean_width_scaled': np.float64(0.23003787878787876), 'median_width_scaled': np.float64(0.22727272727272727)}

split_conformal_raps_HistGradientBoosting full metrics: {'coverage': np.float64(0.8946666666666667), 'mean_width': np.float64(5.060833333333333), 'median_width': np.float64(5.0), 'mean_width_scaled': np.float64(0.23003787878787876), 'median_width_scaled': np.float64(0.22727272727272727)}

split_conformal_raps_HistGradientBoosting class metrics: {'class_coverage': array([0.81451613, 0.86666667, 0.77777778, 0.83185841, 0.84      ,
       0.72661871, 0.95015576, 0.88601036, 0.88475836, 0.93581781,
       0.68707483, 0.72972973, 0.52173913, 0.96945701, 0.96642686,
       0.82352941, 0.979442  , 0.7016129 , 0.93589744, 0.72435897,
       0.54347826, 0.86071429]), 'class_mean_width': array([7.09677419, 4.73333333, 6.79292929, 6.72566372, 5.78666667,
       7.82014388, 5.58566978, 5.72020725, 6.81784387, 2.9378882 ,
       7.84353741, 4.56756757, 8.08695652, 3.27941176, 3.68105516,
       6.46568627, 4.28487518, 7.03225806, 5.76410256, 7.07692308,
       7.67391304, 5.85357143]), 'class_median_width': array([7., 4., 8., 7., 6., 9., 5., 6., 7., 1., 9., 3., 9., 2., 3., 7., 3.,
       9., 6., 8., 9., 6.]), 'class_mean_width_scaled': array([0.32258065, 0.21515152, 0.30876951, 0.30571199, 0.2630303 ,
       0.35546109, 0.25389408, 0.26000942, 0.30990199, 0.13354037,
       0.35652443, 0.20761671, 0.36758893, 0.14906417, 0.16732069,
       0.29389483, 0.19476705, 0.31964809, 0.26200466, 0.32167832,
       0.34881423, 0.26607143]), 'class_median_width_scaled': array([0.31818182, 0.18181818, 0.36363636, 0.31818182, 0.27272727,
       0.40909091, 0.22727273, 0.27272727, 0.31818182, 0.04545455,
       0.40909091, 0.13636364, 0.40909091, 0.09090909, 0.13636364,
       0.31818182, 0.13636364, 0.40909091, 0.27272727, 0.36363636,
       0.40909091, 0.27272727])}

split_conformal_raps_HistGradientBoosting full class metrics: {'class_coverage': array([0.81451613, 0.86666667, 0.77777778, 0.83185841, 0.84      ,
       0.72661871, 0.95015576, 0.88601036, 0.88475836, 0.93581781,
       0.68707483, 0.72972973, 0.52173913, 0.96945701, 0.96642686,
       0.82352941, 0.979442  , 0.7016129 , 0.93589744, 0.72435897,
       0.54347826, 0.86071429]), 'class_mean_width': array([7.09677419, 4.73333333, 6.79292929, 6.72566372, 5.78666667,
       7.82014388, 5.58566978, 5.72020725, 6.81784387, 2.9378882 ,
       7.84353741, 4.56756757, 8.08695652, 3.27941176, 3.68105516,
       6.46568627, 4.28487518, 7.03225806, 5.76410256, 7.07692308,
       7.67391304, 5.85357143]), 'class_median_width': array([7., 4., 8., 7., 6., 9., 5., 6., 7., 1., 9., 3., 9., 2., 3., 7., 3.,
       9., 6., 8., 9., 6.]), 'class_mean_width_scaled': array([0.32258065, 0.21515152, 0.30876951, 0.30571199, 0.2630303 ,
       0.35546109, 0.25389408, 0.26000942, 0.30990199, 0.13354037,
       0.35652443, 0.20761671, 0.36758893, 0.14906417, 0.16732069,
       0.29389483, 0.19476705, 0.31964809, 0.26200466, 0.32167832,
       0.34881423, 0.26607143]), 'class_median_width_scaled': array([0.31818182, 0.18181818, 0.36363636, 0.31818182, 0.27272727,
       0.40909091, 0.22727273, 0.27272727, 0.31818182, 0.04545455,
       0.40909091, 0.13636364, 0.40909091, 0.09090909, 0.13636364,
       0.31818182, 0.13636364, 0.40909091, 0.27272727, 0.36363636,
       0.40909091, 0.27272727])}

Job completed at Wed Mar 19 08:21:19 PM PDT 2025
