Starting job at Wed Mar 19 06:25:21 PM PDT 2025
Job parameters:
Dataset: data_dionis
UQ Method: split_conformal_naive
Estimator: ExtraTrees
Seed: 785
Train Size: 0.8
Running split_conformal_naive on data_dionis with seed 785 and train size 0.8

starting experiment

data created

Fitting split_conformal_naive_ExtraTrees on data_dionis with seed 785

split_conformal_naive_ExtraTrees metrics: {'coverage': np.float64(0.95), 'mean_width': np.float64(46.56966666666667), 'median_width': np.float64(47.0), 'mean_width_scaled': np.float64(0.13118215962441315), 'median_width_scaled': np.float64(0.1323943661971831)}

split_conformal_naive_ExtraTrees full metrics: {'coverage': np.float64(0.95), 'mean_width': np.float64(46.56966666666667), 'median_width': np.float64(47.0), 'mean_width_scaled': np.float64(0.13118215962441315), 'median_width_scaled': np.float64(0.1323943661971831)}

split_conformal_naive_ExtraTrees class metrics: {'class_coverage': array([0.92857143, 0.875     , 1.        , 1.        , 0.96428571,
       0.93333333, 1.        , 0.93333333, 1.        , 0.88888889,
       0.94444444, 1.        , 1.        , 1.        , 1.        ,
       1.        , 0.9       , 1.        , 1.        , 0.8       ,
       1.        , 0.91666667, 1.        , 0.94736842, 1.        ,
       1.        , 1.        , 1.        , 0.92307692, 0.94444444,
       1.        , 1.        , 1.        , 0.93333333, 1.        ,
       1.        , 1.        , 0.93333333, 1.        , 1.        ,
       1.        , 0.9375    , 0.94117647, 0.8       , 0.73333333,
       1.        , 1.        , 1.        , 0.68421053, 1.        ,
       0.8       , 1.        , 1.        , 1.        , 0.94736842,
       1.        , 1.        , 0.93333333, 0.85714286, 0.86666667,
       1.        , 0.9375    , 0.89473684, 1.        , 0.93333333,
       0.94117647, 0.94444444, 0.94117647, 1.        , 1.        ,
       1.        , 1.        , 0.75      , 0.8       , 1.        ,
       1.        , 1.        , 0.94736842, 0.86666667, 1.        ,
       0.94736842, 0.9047619 , 1.        , 1.        , 1.        ,
       0.85714286, 0.94736842, 1.        , 0.85714286, 1.        ,
       0.8       , 1.        , 1.        , 0.93333333, 0.8125    ,
       1.        , 0.94117647, 1.        , 0.92307692, 0.89473684,
       1.        , 0.93333333, 1.        , 1.        , 1.        ,
       0.93333333, 0.93333333, 1.        , 1.        , 1.        ,
       0.93333333, 0.86666667, 0.92857143, 1.        , 0.86666667,
       1.        , 0.92857143, 1.        , 0.86666667, 0.6       ,
       1.        , 1.        , 1.        , 1.        , 1.        ,
       0.78947368, 0.92857143, 0.94117647, 1.        , 0.94117647,
       0.95      , 0.92857143, 0.93333333, 0.92857143, 0.93333333,
       0.86666667, 0.93333333, 1.        , 1.        , 1.        ,
       1.        , 1.        , 0.86666667, 0.86666667, 1.        ,
       1.        , 0.6       , 1.        , 1.        , 1.        ,
       1.        , 0.94444444, 1.        , 1.        , 1.        ,
       0.88888889, 1.        , 1.        , 1.        , 0.93333333,
       0.8125    , 1.        , 0.78571429, 0.93333333, 0.93333333,
       1.        , 0.73333333, 1.        , 1.        , 0.83333333,
       1.        , 0.875     , 0.95652174, 0.93333333, 0.9375    ,
       0.93333333, 1.        , 0.8125    , 0.93333333, 1.        ,
       0.94117647, 0.75      , 1.        , 0.93333333, 1.        ,
       1.        , 1.        , 0.9375    , 1.        , 1.        ,
       1.        , 1.        , 1.        , 1.        , 1.        ,
       1.        , 0.88235294, 1.        , 0.8       , 0.94117647,
       0.93333333, 1.        , 1.        , 0.9375    , 0.95238095,
       1.        , 1.        , 1.        , 1.        , 0.93333333,
       0.92857143, 1.        , 1.        , 1.        , 0.9375    ,
       0.94736842, 0.75      , 0.66666667, 0.9375    , 0.95238095,
       1.        , 1.        , 1.        , 1.        , 1.        ,
       1.        , 0.93333333, 0.92857143, 1.        , 1.        ,
       1.        , 1.        , 0.85714286, 1.        , 1.        ,
       0.93333333, 0.9375    , 0.9375    , 0.93333333, 1.        ,
       0.93333333, 1.        , 0.94444444, 1.        , 1.        ,
       0.75      , 1.        , 0.9375    , 1.        , 1.        ,
       0.9375    , 0.92857143, 0.85714286, 1.        , 1.        ,
       0.93333333, 0.94444444, 0.84210526, 0.95238095, 1.        ,
       1.        , 0.9375    , 1.        , 0.66666667, 1.        ,
       0.9375    , 0.94117647, 0.95      , 1.        , 1.        ,
       1.        , 0.94117647, 0.86666667, 0.93333333, 1.        ,
       0.9375    , 1.        , 1.        , 1.        , 0.93333333,
       1.        , 0.95      , 0.86666667, 1.        , 0.66666667,
       0.97058824, 1.        , 1.        , 0.95652174, 0.875     ,
       1.        , 1.        , 1.        , 1.        , 0.8125    ,
       0.92857143, 0.875     , 0.95833333, 0.9375    , 0.8       ,
       1.        , 0.93333333, 1.        , 0.85714286, 0.8       ,
       0.93333333, 0.8125    , 1.        , 1.        , 1.        ,
       1.        , 1.        , 0.92857143, 0.95652174, 0.95      ,
       1.        , 1.        , 1.        , 1.        , 0.9       ,
       0.94736842, 0.9375    , 0.95454545, 1.        , 1.        ,
       1.        , 1.        , 0.875     , 0.86666667, 0.83333333,
       0.86666667, 0.94444444, 0.9375    , 0.93333333, 1.        ,
       0.86363636, 1.        , 0.93333333, 0.88235294, 0.94117647,
       0.95652174, 1.        , 0.93333333, 0.9375    , 0.86666667,
       1.        , 0.9375    , 0.93333333, 1.        , 0.69230769,
       1.        , 1.        , 0.89473684, 0.94736842, 1.        ]), 'class_mean_width': array([49.32142857, 44.8125    , 55.46666667, 38.85      , 50.67857143,
       48.8       , 45.38888889, 54.8       , 48.46666667, 47.88888889,
       54.88888889, 46.4       , 36.88888889, 41.        , 51.86666667,
       28.15      , 44.85      , 51.21052632, 52.14285714, 51.8       ,
       46.06666667, 43.70833333, 37.125     , 49.52631579, 41.1875    ,
       41.80555556, 47.78571429, 32.93333333, 47.46153846, 55.61111111,
       45.68421053, 41.73333333, 42.94117647, 49.66666667, 50.66666667,
       55.9375    , 45.5       , 56.46666667, 48.28571429, 41.9375    ,
       53.3125    , 45.5       , 47.82352941, 58.4       , 51.6       ,
       49.73333333, 55.22222222, 41.72222222, 47.21052632, 46.05      ,
       56.        , 57.29411765, 47.11764706, 44.44444444, 40.        ,
       50.8       , 37.73333333, 59.86666667, 51.07142857, 46.33333333,
       61.88235294, 39.9375    , 37.31578947, 27.57142857, 51.53333333,
       45.94117647, 48.72222222, 50.64705882, 50.36842105, 57.35714286,
       48.78571429, 24.85714286, 50.9375    , 50.8       , 42.66666667,
       57.2       , 55.4375    , 36.52631579, 43.26666667, 45.8125    ,
       40.52631579, 43.28571429, 46.17647059, 42.94117647, 32.9375    ,
       42.28571429, 42.73684211, 47.8       , 53.28571429, 44.125     ,
       48.2       , 48.875     , 46.76470588, 43.66666667, 53.125     ,
       43.36842105, 45.64705882, 46.06666667, 49.03846154, 54.26315789,
       42.3125    , 53.8       , 47.6       , 60.875     , 51.64705882,
       50.06666667, 46.06666667, 45.25      , 36.84615385, 50.6       ,
       55.33333333, 52.13333333, 50.92857143, 48.33333333, 60.66666667,
       41.1875    , 46.        , 47.0625    , 63.53333333, 47.73333333,
       27.05263158, 52.6875    , 42.08      , 42.5       , 46.5625    ,
       59.94736842, 53.42857143, 51.64705882, 49.125     , 44.70588235,
       50.65      , 49.21428571, 45.93333333, 51.92857143, 40.66666667,
       53.2       , 46.6       , 38.22222222, 50.33333333, 47.5625    ,
       44.06666667, 42.2       , 53.06666667, 46.66666667, 38.39130435,
       46.57894737, 53.53333333, 41.33333333, 44.71428571, 49.3125    ,
       53.05555556, 58.16666667, 45.17647059, 51.25      , 52.47058824,
       55.5       , 37.59090909, 48.35      , 37.8       , 40.66666667,
       47.        , 46.78947368, 58.78571429, 46.2       , 53.26666667,
       47.15789474, 46.53333333, 55.23529412, 41.4       , 47.33333333,
       37.82352941, 49.6875    , 40.17391304, 56.66666667, 42.375     ,
       47.53333333, 47.53333333, 48.75      , 52.53333333, 53.4       ,
       40.11764706, 40.        , 37.375     , 46.86666667, 42.2       ,
       43.06666667, 49.625     , 46.5625    , 39.8125    , 35.33333333,
       50.70588235, 38.2       , 45.33333333, 49.6       , 43.35      ,
       41.64705882, 41.70588235, 52.26666667, 55.8       , 59.70588235,
       48.86666667, 54.8       , 23.625     , 53.8125    , 49.61904762,
       38.84210526, 39.63636364, 48.46666667, 57.47619048, 41.13333333,
       40.        , 50.9375    , 46.55      , 39.4       , 49.875     ,
       41.31578947, 50.        , 51.26666667, 44.6875    , 47.57142857,
       41.23529412, 48.8125    , 45.        , 48.75      , 46.23076923,
       49.06666667, 60.6       , 49.07142857, 36.13333333, 46.6875    ,
       45.57142857, 39.94444444, 47.57142857, 53.29411765, 40.        ,
       39.13333333, 46.75      , 50.75      , 55.53333333, 43.        ,
       39.26666667, 50.5       , 56.05555556, 31.45      , 39.42857143,
       58.        , 36.28571429, 53.3125    , 52.8125    , 41.90909091,
       61.625     , 43.64285714, 46.64285714, 44.77777778, 50.12      ,
       49.46666667, 42.94444444, 50.63157895, 42.66666667, 42.7       ,
       35.7       , 46.        , 39.46666667, 52.8       , 36.13333333,
       44.0625    , 59.58823529, 42.1       , 33.69230769, 51.21428571,
       47.26666667, 44.88235294, 53.13333333, 55.06666667, 48.61904762,
       50.3125    , 36.27777778, 47.375     , 48.69230769, 45.4       ,
       44.53333333, 45.3       , 56.73333333, 37.69565217, 49.4       ,
       44.08823529, 55.38888889, 44.33333333, 45.34782609, 58.1875    ,
       36.77777778, 40.75      , 34.52173913, 58.625     , 46.5625    ,
       53.71428571, 52.25      , 43.04166667, 55.        , 56.73333333,
       45.64285714, 42.33333333, 49.33333333, 41.07142857, 48.06666667,
       37.8       , 59.        , 44.06666667, 38.73333333, 39.83333333,
       42.55555556, 44.4       , 51.14285714, 35.95652174, 54.65      ,
       47.90909091, 51.31578947, 50.71428571, 45.21428571, 54.7       ,
       38.21052632, 43.375     , 36.36363636, 53.75      , 50.21428571,
       39.26666667, 47.66666667, 56.9375    , 41.13333333, 52.38888889,
       44.13333333, 43.33333333, 52.5       , 49.46666667, 43.        ,
       40.18181818, 51.19230769, 45.13333333, 46.70588235, 54.47058824,
       37.65217391, 44.875     , 38.        , 49.75      , 52.46666667,
       28.77777778, 42.75      , 52.8       , 43.93333333, 48.76923077,
       57.57142857, 39.23529412, 47.52631579, 46.57894737, 33.5       ]), 'class_median_width': array([47. , 46. , 57. , 38. , 50. , 50. , 47.5, 59. , 51. , 45. , 55. ,
       47. , 36.5, 45. , 53. , 30.5, 43. , 53. , 55. , 50. , 44. , 44.5,
       36.5, 48. , 38.5, 40. , 45. , 33. , 48. , 52. , 43. , 35. , 40. ,
       48. , 46. , 56.5, 43.5, 55. , 49.5, 41.5, 53. , 45.5, 48. , 56. ,
       51. , 51. , 54.5, 40. , 47. , 44.5, 54. , 61. , 49. , 46.5, 38. ,
       53. , 37. , 60. , 50. , 43. , 63. , 41.5, 37. , 23. , 53. , 45. ,
       46.5, 53. , 48. , 57.5, 50.5, 27. , 50.5, 50. , 39. , 58. , 55. ,
       37. , 44. , 47. , 41. , 44. , 46. , 42. , 34.5, 38.5, 44. , 47. ,
       50.5, 44.5, 50. , 47. , 48. , 40. , 55.5, 45. , 47. , 45. , 49. ,
       51. , 39.5, 50. , 46. , 60.5, 51. , 48. , 46. , 44.5, 32. , 54. ,
       56. , 55. , 48.5, 42. , 60. , 40.5, 50.5, 47. , 66. , 49. , 29. ,
       51. , 45. , 44. , 47. , 62. , 48. , 50. , 49. , 44. , 53.5, 50. ,
       44. , 52. , 43. , 47. , 47. , 36. , 51. , 48. , 42. , 37. , 51. ,
       47. , 38. , 48. , 53. , 43. , 46.5, 50.5, 51. , 57.5, 44. , 51.5,
       54. , 54. , 34.5, 47.5, 38. , 43. , 47. , 48. , 60. , 47. , 52. ,
       47. , 47. , 57. , 38. , 49. , 28. , 51.5, 38. , 56. , 46.5, 46. ,
       45. , 48. , 58. , 54. , 39. , 40.5, 36. , 48. , 41. , 39. , 52.5,
       45.5, 42.5, 33.5, 50. , 39. , 44. , 51. , 40.5, 40. , 40. , 51. ,
       57. , 60. , 50. , 53. , 22. , 54. , 45. , 39. , 39.5, 51. , 56. ,
       41. , 40.5, 48. , 46.5, 41. , 49.5, 41. , 50. , 49. , 43.5, 50. ,
       40. , 46. , 45.5, 46.5, 43. , 53. , 62. , 44.5, 35. , 47. , 46. ,
       40. , 48. , 57. , 40. , 42. , 46.5, 49.5, 51. , 44. , 39. , 50. ,
       58. , 29.5, 40. , 58.5, 36. , 48.5, 51. , 41. , 61.5, 42. , 44. ,
       45.5, 48. , 49. , 42.5, 50. , 40. , 40.5, 35.5, 45. , 38. , 56. ,
       30. , 45. , 59. , 42.5, 33. , 52. , 45. , 43. , 55. , 56. , 49. ,
       50. , 39. , 48.5, 46. , 45. , 44. , 46. , 53. , 38. , 50. , 42.5,
       56. , 45. , 44. , 57.5, 36.5, 37.5, 34. , 59. , 47. , 52. , 55. ,
       39.5, 53.5, 57. , 44.5, 41. , 48. , 44. , 47. , 39. , 57.5, 49. ,
       36. , 38. , 41. , 44. , 47.5, 36. , 56.5, 50.5, 54. , 58.5, 47. ,
       53.5, 37. , 43.5, 35.5, 55. , 49. , 39. , 48. , 56. , 43. , 54.5,
       43. , 44. , 51.5, 52. , 41. , 37.5, 50. , 43. , 45. , 55. , 40. ,
       49.5, 38. , 50.5, 54. , 28. , 43. , 51. , 47. , 49. , 57.5, 38. ,
       47. , 50. , 33. ]), 'class_mean_width_scaled': array([0.1389336 , 0.12623239, 0.15624413, 0.10943662, 0.14275654,
       0.13746479, 0.12785603, 0.1543662 , 0.13652582, 0.13489828,
       0.15461659, 0.13070423, 0.10391236, 0.11549296, 0.14610329,
       0.07929577, 0.12633803, 0.144255  , 0.14688129, 0.14591549,
       0.12976526, 0.12312207, 0.10457746, 0.13951075, 0.11602113,
       0.11776213, 0.13460765, 0.09276995, 0.13369447, 0.15665102,
       0.12868792, 0.11755869, 0.12096106, 0.1399061 , 0.142723  ,
       0.15757042, 0.12816901, 0.15906103, 0.1360161 , 0.1181338 ,
       0.15017606, 0.12816901, 0.13471417, 0.16450704, 0.14535211,
       0.1400939 , 0.15555556, 0.11752739, 0.1329874 , 0.12971831,
       0.15774648, 0.16139188, 0.13272577, 0.12519562, 0.11267606,
       0.14309859, 0.10629108, 0.1686385 , 0.14386318, 0.13051643,
       0.17431649, 0.1125    , 0.1051149 , 0.077666  , 0.14516432,
       0.12941176, 0.1372457 , 0.14266777, 0.14188288, 0.16156942,
       0.13742455, 0.07002012, 0.14348592, 0.14309859, 0.12018779,
       0.16112676, 0.15616197, 0.10289103, 0.12187793, 0.1290493 ,
       0.11415864, 0.12193159, 0.13007457, 0.12096106, 0.09278169,
       0.11911469, 0.12038547, 0.13464789, 0.1501006 , 0.12429577,
       0.13577465, 0.13767606, 0.13173157, 0.12300469, 0.14964789,
       0.12216457, 0.12858326, 0.12976526, 0.13813651, 0.15285397,
       0.11919014, 0.1515493 , 0.13408451, 0.17147887, 0.14548467,
       0.14103286, 0.12976526, 0.12746479, 0.10379198, 0.14253521,
       0.15586854, 0.14685446, 0.14346076, 0.13615023, 0.17089202,
       0.11602113, 0.12957746, 0.13257042, 0.17896714, 0.13446009,
       0.0762046 , 0.14841549, 0.11853521, 0.11971831, 0.13116197,
       0.16886583, 0.15050302, 0.14548467, 0.13838028, 0.12593206,
       0.14267606, 0.13863179, 0.12938967, 0.14627767, 0.11455399,
       0.14985915, 0.13126761, 0.10766823, 0.14178404, 0.13397887,
       0.12413146, 0.11887324, 0.14948357, 0.1314554 , 0.10814452,
       0.1312083 , 0.15079812, 0.11643192, 0.12595573, 0.13890845,
       0.14945227, 0.16384977, 0.12725766, 0.1443662 , 0.14780447,
       0.15633803, 0.10588988, 0.13619718, 0.10647887, 0.11455399,
       0.13239437, 0.13180133, 0.16559356, 0.13014085, 0.15004695,
       0.13283914, 0.13107981, 0.15559238, 0.11661972, 0.13333333,
       0.10654515, 0.13996479, 0.11316595, 0.15962441, 0.1193662 ,
       0.13389671, 0.13389671, 0.13732394, 0.14798122, 0.15042254,
       0.11300746, 0.11267606, 0.10528169, 0.13201878, 0.11887324,
       0.12131455, 0.13978873, 0.13116197, 0.11214789, 0.09953052,
       0.14283347, 0.10760563, 0.12769953, 0.13971831, 0.12211268,
       0.11731566, 0.11748136, 0.14723005, 0.1571831 , 0.16818558,
       0.13765258, 0.1543662 , 0.0665493 , 0.15158451, 0.13977197,
       0.10941438, 0.11165173, 0.13652582, 0.16190476, 0.11586854,
       0.11267606, 0.14348592, 0.13112676, 0.11098592, 0.14049296,
       0.11638251, 0.14084507, 0.14441315, 0.12588028, 0.13400402,
       0.11615576, 0.1375    , 0.12676056, 0.13732394, 0.13022752,
       0.13821596, 0.17070423, 0.13822938, 0.10178404, 0.13151408,
       0.12837022, 0.11251956, 0.13400402, 0.15012428, 0.11267606,
       0.11023474, 0.13169014, 0.14295775, 0.15643192, 0.12112676,
       0.11061033, 0.14225352, 0.15790297, 0.08859155, 0.1110664 ,
       0.16338028, 0.10221328, 0.15017606, 0.14876761, 0.11805378,
       0.17359155, 0.12293763, 0.13138833, 0.12613459, 0.1411831 ,
       0.13934272, 0.12097027, 0.14262417, 0.12018779, 0.12028169,
       0.10056338, 0.12957746, 0.11117371, 0.14873239, 0.10178404,
       0.12411972, 0.16785418, 0.11859155, 0.09490791, 0.14426559,
       0.13314554, 0.12642916, 0.14967136, 0.15511737, 0.13695506,
       0.14172535, 0.10219092, 0.1334507 , 0.13716143, 0.12788732,
       0.12544601, 0.12760563, 0.15981221, 0.10618494, 0.13915493,
       0.12419221, 0.15602504, 0.12488263, 0.12774036, 0.16390845,
       0.10359937, 0.11478873, 0.09724434, 0.16514085, 0.13116197,
       0.15130785, 0.1471831 , 0.12124413, 0.15492958, 0.15981221,
       0.12857143, 0.11924883, 0.13896714, 0.11569416, 0.13539906,
       0.10647887, 0.16619718, 0.12413146, 0.10910798, 0.11220657,
       0.1198748 , 0.12507042, 0.14406439, 0.10128598, 0.15394366,
       0.13495519, 0.14455152, 0.14285714, 0.12736419, 0.15408451,
       0.10763529, 0.1221831 , 0.10243278, 0.15140845, 0.14144869,
       0.11061033, 0.1342723 , 0.16038732, 0.11586854, 0.14757433,
       0.12431925, 0.12206573, 0.14788732, 0.13934272, 0.12112676,
       0.11318822, 0.14420368, 0.12713615, 0.13156587, 0.15343828,
       0.10606246, 0.12640845, 0.10704225, 0.14014085, 0.14779343,
       0.08106416, 0.12042254, 0.14873239, 0.12375587, 0.13737811,
       0.16217304, 0.11052196, 0.13387695, 0.1312083 , 0.0943662 ]), 'class_median_width_scaled': array([0.13239437, 0.12957746, 0.16056338, 0.10704225, 0.14084507,
       0.14084507, 0.13380282, 0.16619718, 0.14366197, 0.12676056,
       0.15492958, 0.13239437, 0.1028169 , 0.12676056, 0.14929577,
       0.08591549, 0.12112676, 0.14929577, 0.15492958, 0.14084507,
       0.12394366, 0.12535211, 0.1028169 , 0.13521127, 0.1084507 ,
       0.11267606, 0.12676056, 0.09295775, 0.13521127, 0.14647887,
       0.12112676, 0.09859155, 0.11267606, 0.13521127, 0.12957746,
       0.15915493, 0.12253521, 0.15492958, 0.13943662, 0.11690141,
       0.14929577, 0.12816901, 0.13521127, 0.15774648, 0.14366197,
       0.14366197, 0.15352113, 0.11267606, 0.13239437, 0.12535211,
       0.15211268, 0.17183099, 0.13802817, 0.13098592, 0.10704225,
       0.14929577, 0.10422535, 0.16901408, 0.14084507, 0.12112676,
       0.17746479, 0.11690141, 0.10422535, 0.06478873, 0.14929577,
       0.12676056, 0.13098592, 0.14929577, 0.13521127, 0.16197183,
       0.14225352, 0.07605634, 0.14225352, 0.14084507, 0.10985915,
       0.16338028, 0.15492958, 0.10422535, 0.12394366, 0.13239437,
       0.11549296, 0.12394366, 0.12957746, 0.11830986, 0.0971831 ,
       0.1084507 , 0.12394366, 0.13239437, 0.14225352, 0.12535211,
       0.14084507, 0.13239437, 0.13521127, 0.11267606, 0.15633803,
       0.12676056, 0.13239437, 0.12676056, 0.13802817, 0.14366197,
       0.11126761, 0.14084507, 0.12957746, 0.17042254, 0.14366197,
       0.13521127, 0.12957746, 0.12535211, 0.09014085, 0.15211268,
       0.15774648, 0.15492958, 0.13661972, 0.11830986, 0.16901408,
       0.11408451, 0.14225352, 0.13239437, 0.18591549, 0.13802817,
       0.08169014, 0.14366197, 0.12676056, 0.12394366, 0.13239437,
       0.17464789, 0.13521127, 0.14084507, 0.13802817, 0.12394366,
       0.15070423, 0.14084507, 0.12394366, 0.14647887, 0.12112676,
       0.13239437, 0.13239437, 0.10140845, 0.14366197, 0.13521127,
       0.11830986, 0.10422535, 0.14366197, 0.13239437, 0.10704225,
       0.13521127, 0.14929577, 0.12112676, 0.13098592, 0.14225352,
       0.14366197, 0.16197183, 0.12394366, 0.14507042, 0.15211268,
       0.15211268, 0.0971831 , 0.13380282, 0.10704225, 0.12112676,
       0.13239437, 0.13521127, 0.16901408, 0.13239437, 0.14647887,
       0.13239437, 0.13239437, 0.16056338, 0.10704225, 0.13802817,
       0.07887324, 0.14507042, 0.10704225, 0.15774648, 0.13098592,
       0.12957746, 0.12676056, 0.13521127, 0.16338028, 0.15211268,
       0.10985915, 0.11408451, 0.10140845, 0.13521127, 0.11549296,
       0.10985915, 0.14788732, 0.12816901, 0.11971831, 0.0943662 ,
       0.14084507, 0.10985915, 0.12394366, 0.14366197, 0.11408451,
       0.11267606, 0.11267606, 0.14366197, 0.16056338, 0.16901408,
       0.14084507, 0.14929577, 0.06197183, 0.15211268, 0.12676056,
       0.10985915, 0.11126761, 0.14366197, 0.15774648, 0.11549296,
       0.11408451, 0.13521127, 0.13098592, 0.11549296, 0.13943662,
       0.11549296, 0.14084507, 0.13802817, 0.12253521, 0.14084507,
       0.11267606, 0.12957746, 0.12816901, 0.13098592, 0.12112676,
       0.14929577, 0.17464789, 0.12535211, 0.09859155, 0.13239437,
       0.12957746, 0.11267606, 0.13521127, 0.16056338, 0.11267606,
       0.11830986, 0.13098592, 0.13943662, 0.14366197, 0.12394366,
       0.10985915, 0.14084507, 0.16338028, 0.08309859, 0.11267606,
       0.16478873, 0.10140845, 0.13661972, 0.14366197, 0.11549296,
       0.17323944, 0.11830986, 0.12394366, 0.12816901, 0.13521127,
       0.13802817, 0.11971831, 0.14084507, 0.11267606, 0.11408451,
       0.1       , 0.12676056, 0.10704225, 0.15774648, 0.08450704,
       0.12676056, 0.16619718, 0.11971831, 0.09295775, 0.14647887,
       0.12676056, 0.12112676, 0.15492958, 0.15774648, 0.13802817,
       0.14084507, 0.10985915, 0.13661972, 0.12957746, 0.12676056,
       0.12394366, 0.12957746, 0.14929577, 0.10704225, 0.14084507,
       0.11971831, 0.15774648, 0.12676056, 0.12394366, 0.16197183,
       0.1028169 , 0.1056338 , 0.09577465, 0.16619718, 0.13239437,
       0.14647887, 0.15492958, 0.11126761, 0.15070423, 0.16056338,
       0.12535211, 0.11549296, 0.13521127, 0.12394366, 0.13239437,
       0.10985915, 0.16197183, 0.13802817, 0.10140845, 0.10704225,
       0.11549296, 0.12394366, 0.13380282, 0.10140845, 0.15915493,
       0.14225352, 0.15211268, 0.16478873, 0.13239437, 0.15070423,
       0.10422535, 0.12253521, 0.1       , 0.15492958, 0.13802817,
       0.10985915, 0.13521127, 0.15774648, 0.12112676, 0.15352113,
       0.12112676, 0.12394366, 0.14507042, 0.14647887, 0.11549296,
       0.1056338 , 0.14084507, 0.12112676, 0.12676056, 0.15492958,
       0.11267606, 0.13943662, 0.10704225, 0.14225352, 0.15211268,
       0.07887324, 0.12112676, 0.14366197, 0.13239437, 0.13802817,
       0.16197183, 0.10704225, 0.13239437, 0.14084507, 0.09295775])}

split_conformal_naive_ExtraTrees full class metrics: {'class_coverage': array([0.92857143, 0.875     , 1.        , 1.        , 0.96428571,
       0.93333333, 1.        , 0.93333333, 1.        , 0.88888889,
       0.94444444, 1.        , 1.        , 1.        , 1.        ,
       1.        , 0.9       , 1.        , 1.        , 0.8       ,
       1.        , 0.91666667, 1.        , 0.94736842, 1.        ,
       1.        , 1.        , 1.        , 0.92307692, 0.94444444,
       1.        , 1.        , 1.        , 0.93333333, 1.        ,
       1.        , 1.        , 0.93333333, 1.        , 1.        ,
       1.        , 0.9375    , 0.94117647, 0.8       , 0.73333333,
       1.        , 1.        , 1.        , 0.68421053, 1.        ,
       0.8       , 1.        , 1.        , 1.        , 0.94736842,
       1.        , 1.        , 0.93333333, 0.85714286, 0.86666667,
       1.        , 0.9375    , 0.89473684, 1.        , 0.93333333,
       0.94117647, 0.94444444, 0.94117647, 1.        , 1.        ,
       1.        , 1.        , 0.75      , 0.8       , 1.        ,
       1.        , 1.        , 0.94736842, 0.86666667, 1.        ,
       0.94736842, 0.9047619 , 1.        , 1.        , 1.        ,
       0.85714286, 0.94736842, 1.        , 0.85714286, 1.        ,
       0.8       , 1.        , 1.        , 0.93333333, 0.8125    ,
       1.        , 0.94117647, 1.        , 0.92307692, 0.89473684,
       1.        , 0.93333333, 1.        , 1.        , 1.        ,
       0.93333333, 0.93333333, 1.        , 1.        , 1.        ,
       0.93333333, 0.86666667, 0.92857143, 1.        , 0.86666667,
       1.        , 0.92857143, 1.        , 0.86666667, 0.6       ,
       1.        , 1.        , 1.        , 1.        , 1.        ,
       0.78947368, 0.92857143, 0.94117647, 1.        , 0.94117647,
       0.95      , 0.92857143, 0.93333333, 0.92857143, 0.93333333,
       0.86666667, 0.93333333, 1.        , 1.        , 1.        ,
       1.        , 1.        , 0.86666667, 0.86666667, 1.        ,
       1.        , 0.6       , 1.        , 1.        , 1.        ,
       1.        , 0.94444444, 1.        , 1.        , 1.        ,
       0.88888889, 1.        , 1.        , 1.        , 0.93333333,
       0.8125    , 1.        , 0.78571429, 0.93333333, 0.93333333,
       1.        , 0.73333333, 1.        , 1.        , 0.83333333,
       1.        , 0.875     , 0.95652174, 0.93333333, 0.9375    ,
       0.93333333, 1.        , 0.8125    , 0.93333333, 1.        ,
       0.94117647, 0.75      , 1.        , 0.93333333, 1.        ,
       1.        , 1.        , 0.9375    , 1.        , 1.        ,
       1.        , 1.        , 1.        , 1.        , 1.        ,
       1.        , 0.88235294, 1.        , 0.8       , 0.94117647,
       0.93333333, 1.        , 1.        , 0.9375    , 0.95238095,
       1.        , 1.        , 1.        , 1.        , 0.93333333,
       0.92857143, 1.        , 1.        , 1.        , 0.9375    ,
       0.94736842, 0.75      , 0.66666667, 0.9375    , 0.95238095,
       1.        , 1.        , 1.        , 1.        , 1.        ,
       1.        , 0.93333333, 0.92857143, 1.        , 1.        ,
       1.        , 1.        , 0.85714286, 1.        , 1.        ,
       0.93333333, 0.9375    , 0.9375    , 0.93333333, 1.        ,
       0.93333333, 1.        , 0.94444444, 1.        , 1.        ,
       0.75      , 1.        , 0.9375    , 1.        , 1.        ,
       0.9375    , 0.92857143, 0.85714286, 1.        , 1.        ,
       0.93333333, 0.94444444, 0.84210526, 0.95238095, 1.        ,
       1.        , 0.9375    , 1.        , 0.66666667, 1.        ,
       0.9375    , 0.94117647, 0.95      , 1.        , 1.        ,
       1.        , 0.94117647, 0.86666667, 0.93333333, 1.        ,
       0.9375    , 1.        , 1.        , 1.        , 0.93333333,
       1.        , 0.95      , 0.86666667, 1.        , 0.66666667,
       0.97058824, 1.        , 1.        , 0.95652174, 0.875     ,
       1.        , 1.        , 1.        , 1.        , 0.8125    ,
       0.92857143, 0.875     , 0.95833333, 0.9375    , 0.8       ,
       1.        , 0.93333333, 1.        , 0.85714286, 0.8       ,
       0.93333333, 0.8125    , 1.        , 1.        , 1.        ,
       1.        , 1.        , 0.92857143, 0.95652174, 0.95      ,
       1.        , 1.        , 1.        , 1.        , 0.9       ,
       0.94736842, 0.9375    , 0.95454545, 1.        , 1.        ,
       1.        , 1.        , 0.875     , 0.86666667, 0.83333333,
       0.86666667, 0.94444444, 0.9375    , 0.93333333, 1.        ,
       0.86363636, 1.        , 0.93333333, 0.88235294, 0.94117647,
       0.95652174, 1.        , 0.93333333, 0.9375    , 0.86666667,
       1.        , 0.9375    , 0.93333333, 1.        , 0.69230769,
       1.        , 1.        , 0.89473684, 0.94736842, 1.        ]), 'class_mean_width': array([49.32142857, 44.8125    , 55.46666667, 38.85      , 50.67857143,
       48.8       , 45.38888889, 54.8       , 48.46666667, 47.88888889,
       54.88888889, 46.4       , 36.88888889, 41.        , 51.86666667,
       28.15      , 44.85      , 51.21052632, 52.14285714, 51.8       ,
       46.06666667, 43.70833333, 37.125     , 49.52631579, 41.1875    ,
       41.80555556, 47.78571429, 32.93333333, 47.46153846, 55.61111111,
       45.68421053, 41.73333333, 42.94117647, 49.66666667, 50.66666667,
       55.9375    , 45.5       , 56.46666667, 48.28571429, 41.9375    ,
       53.3125    , 45.5       , 47.82352941, 58.4       , 51.6       ,
       49.73333333, 55.22222222, 41.72222222, 47.21052632, 46.05      ,
       56.        , 57.29411765, 47.11764706, 44.44444444, 40.        ,
       50.8       , 37.73333333, 59.86666667, 51.07142857, 46.33333333,
       61.88235294, 39.9375    , 37.31578947, 27.57142857, 51.53333333,
       45.94117647, 48.72222222, 50.64705882, 50.36842105, 57.35714286,
       48.78571429, 24.85714286, 50.9375    , 50.8       , 42.66666667,
       57.2       , 55.4375    , 36.52631579, 43.26666667, 45.8125    ,
       40.52631579, 43.28571429, 46.17647059, 42.94117647, 32.9375    ,
       42.28571429, 42.73684211, 47.8       , 53.28571429, 44.125     ,
       48.2       , 48.875     , 46.76470588, 43.66666667, 53.125     ,
       43.36842105, 45.64705882, 46.06666667, 49.03846154, 54.26315789,
       42.3125    , 53.8       , 47.6       , 60.875     , 51.64705882,
       50.06666667, 46.06666667, 45.25      , 36.84615385, 50.6       ,
       55.33333333, 52.13333333, 50.92857143, 48.33333333, 60.66666667,
       41.1875    , 46.        , 47.0625    , 63.53333333, 47.73333333,
       27.05263158, 52.6875    , 42.08      , 42.5       , 46.5625    ,
       59.94736842, 53.42857143, 51.64705882, 49.125     , 44.70588235,
       50.65      , 49.21428571, 45.93333333, 51.92857143, 40.66666667,
       53.2       , 46.6       , 38.22222222, 50.33333333, 47.5625    ,
       44.06666667, 42.2       , 53.06666667, 46.66666667, 38.39130435,
       46.57894737, 53.53333333, 41.33333333, 44.71428571, 49.3125    ,
       53.05555556, 58.16666667, 45.17647059, 51.25      , 52.47058824,
       55.5       , 37.59090909, 48.35      , 37.8       , 40.66666667,
       47.        , 46.78947368, 58.78571429, 46.2       , 53.26666667,
       47.15789474, 46.53333333, 55.23529412, 41.4       , 47.33333333,
       37.82352941, 49.6875    , 40.17391304, 56.66666667, 42.375     ,
       47.53333333, 47.53333333, 48.75      , 52.53333333, 53.4       ,
       40.11764706, 40.        , 37.375     , 46.86666667, 42.2       ,
       43.06666667, 49.625     , 46.5625    , 39.8125    , 35.33333333,
       50.70588235, 38.2       , 45.33333333, 49.6       , 43.35      ,
       41.64705882, 41.70588235, 52.26666667, 55.8       , 59.70588235,
       48.86666667, 54.8       , 23.625     , 53.8125    , 49.61904762,
       38.84210526, 39.63636364, 48.46666667, 57.47619048, 41.13333333,
       40.        , 50.9375    , 46.55      , 39.4       , 49.875     ,
       41.31578947, 50.        , 51.26666667, 44.6875    , 47.57142857,
       41.23529412, 48.8125    , 45.        , 48.75      , 46.23076923,
       49.06666667, 60.6       , 49.07142857, 36.13333333, 46.6875    ,
       45.57142857, 39.94444444, 47.57142857, 53.29411765, 40.        ,
       39.13333333, 46.75      , 50.75      , 55.53333333, 43.        ,
       39.26666667, 50.5       , 56.05555556, 31.45      , 39.42857143,
       58.        , 36.28571429, 53.3125    , 52.8125    , 41.90909091,
       61.625     , 43.64285714, 46.64285714, 44.77777778, 50.12      ,
       49.46666667, 42.94444444, 50.63157895, 42.66666667, 42.7       ,
       35.7       , 46.        , 39.46666667, 52.8       , 36.13333333,
       44.0625    , 59.58823529, 42.1       , 33.69230769, 51.21428571,
       47.26666667, 44.88235294, 53.13333333, 55.06666667, 48.61904762,
       50.3125    , 36.27777778, 47.375     , 48.69230769, 45.4       ,
       44.53333333, 45.3       , 56.73333333, 37.69565217, 49.4       ,
       44.08823529, 55.38888889, 44.33333333, 45.34782609, 58.1875    ,
       36.77777778, 40.75      , 34.52173913, 58.625     , 46.5625    ,
       53.71428571, 52.25      , 43.04166667, 55.        , 56.73333333,
       45.64285714, 42.33333333, 49.33333333, 41.07142857, 48.06666667,
       37.8       , 59.        , 44.06666667, 38.73333333, 39.83333333,
       42.55555556, 44.4       , 51.14285714, 35.95652174, 54.65      ,
       47.90909091, 51.31578947, 50.71428571, 45.21428571, 54.7       ,
       38.21052632, 43.375     , 36.36363636, 53.75      , 50.21428571,
       39.26666667, 47.66666667, 56.9375    , 41.13333333, 52.38888889,
       44.13333333, 43.33333333, 52.5       , 49.46666667, 43.        ,
       40.18181818, 51.19230769, 45.13333333, 46.70588235, 54.47058824,
       37.65217391, 44.875     , 38.        , 49.75      , 52.46666667,
       28.77777778, 42.75      , 52.8       , 43.93333333, 48.76923077,
       57.57142857, 39.23529412, 47.52631579, 46.57894737, 33.5       ]), 'class_median_width': array([47. , 46. , 57. , 38. , 50. , 50. , 47.5, 59. , 51. , 45. , 55. ,
       47. , 36.5, 45. , 53. , 30.5, 43. , 53. , 55. , 50. , 44. , 44.5,
       36.5, 48. , 38.5, 40. , 45. , 33. , 48. , 52. , 43. , 35. , 40. ,
       48. , 46. , 56.5, 43.5, 55. , 49.5, 41.5, 53. , 45.5, 48. , 56. ,
       51. , 51. , 54.5, 40. , 47. , 44.5, 54. , 61. , 49. , 46.5, 38. ,
       53. , 37. , 60. , 50. , 43. , 63. , 41.5, 37. , 23. , 53. , 45. ,
       46.5, 53. , 48. , 57.5, 50.5, 27. , 50.5, 50. , 39. , 58. , 55. ,
       37. , 44. , 47. , 41. , 44. , 46. , 42. , 34.5, 38.5, 44. , 47. ,
       50.5, 44.5, 50. , 47. , 48. , 40. , 55.5, 45. , 47. , 45. , 49. ,
       51. , 39.5, 50. , 46. , 60.5, 51. , 48. , 46. , 44.5, 32. , 54. ,
       56. , 55. , 48.5, 42. , 60. , 40.5, 50.5, 47. , 66. , 49. , 29. ,
       51. , 45. , 44. , 47. , 62. , 48. , 50. , 49. , 44. , 53.5, 50. ,
       44. , 52. , 43. , 47. , 47. , 36. , 51. , 48. , 42. , 37. , 51. ,
       47. , 38. , 48. , 53. , 43. , 46.5, 50.5, 51. , 57.5, 44. , 51.5,
       54. , 54. , 34.5, 47.5, 38. , 43. , 47. , 48. , 60. , 47. , 52. ,
       47. , 47. , 57. , 38. , 49. , 28. , 51.5, 38. , 56. , 46.5, 46. ,
       45. , 48. , 58. , 54. , 39. , 40.5, 36. , 48. , 41. , 39. , 52.5,
       45.5, 42.5, 33.5, 50. , 39. , 44. , 51. , 40.5, 40. , 40. , 51. ,
       57. , 60. , 50. , 53. , 22. , 54. , 45. , 39. , 39.5, 51. , 56. ,
       41. , 40.5, 48. , 46.5, 41. , 49.5, 41. , 50. , 49. , 43.5, 50. ,
       40. , 46. , 45.5, 46.5, 43. , 53. , 62. , 44.5, 35. , 47. , 46. ,
       40. , 48. , 57. , 40. , 42. , 46.5, 49.5, 51. , 44. , 39. , 50. ,
       58. , 29.5, 40. , 58.5, 36. , 48.5, 51. , 41. , 61.5, 42. , 44. ,
       45.5, 48. , 49. , 42.5, 50. , 40. , 40.5, 35.5, 45. , 38. , 56. ,
       30. , 45. , 59. , 42.5, 33. , 52. , 45. , 43. , 55. , 56. , 49. ,
       50. , 39. , 48.5, 46. , 45. , 44. , 46. , 53. , 38. , 50. , 42.5,
       56. , 45. , 44. , 57.5, 36.5, 37.5, 34. , 59. , 47. , 52. , 55. ,
       39.5, 53.5, 57. , 44.5, 41. , 48. , 44. , 47. , 39. , 57.5, 49. ,
       36. , 38. , 41. , 44. , 47.5, 36. , 56.5, 50.5, 54. , 58.5, 47. ,
       53.5, 37. , 43.5, 35.5, 55. , 49. , 39. , 48. , 56. , 43. , 54.5,
       43. , 44. , 51.5, 52. , 41. , 37.5, 50. , 43. , 45. , 55. , 40. ,
       49.5, 38. , 50.5, 54. , 28. , 43. , 51. , 47. , 49. , 57.5, 38. ,
       47. , 50. , 33. ]), 'class_mean_width_scaled': array([0.1389336 , 0.12623239, 0.15624413, 0.10943662, 0.14275654,
       0.13746479, 0.12785603, 0.1543662 , 0.13652582, 0.13489828,
       0.15461659, 0.13070423, 0.10391236, 0.11549296, 0.14610329,
       0.07929577, 0.12633803, 0.144255  , 0.14688129, 0.14591549,
       0.12976526, 0.12312207, 0.10457746, 0.13951075, 0.11602113,
       0.11776213, 0.13460765, 0.09276995, 0.13369447, 0.15665102,
       0.12868792, 0.11755869, 0.12096106, 0.1399061 , 0.142723  ,
       0.15757042, 0.12816901, 0.15906103, 0.1360161 , 0.1181338 ,
       0.15017606, 0.12816901, 0.13471417, 0.16450704, 0.14535211,
       0.1400939 , 0.15555556, 0.11752739, 0.1329874 , 0.12971831,
       0.15774648, 0.16139188, 0.13272577, 0.12519562, 0.11267606,
       0.14309859, 0.10629108, 0.1686385 , 0.14386318, 0.13051643,
       0.17431649, 0.1125    , 0.1051149 , 0.077666  , 0.14516432,
       0.12941176, 0.1372457 , 0.14266777, 0.14188288, 0.16156942,
       0.13742455, 0.07002012, 0.14348592, 0.14309859, 0.12018779,
       0.16112676, 0.15616197, 0.10289103, 0.12187793, 0.1290493 ,
       0.11415864, 0.12193159, 0.13007457, 0.12096106, 0.09278169,
       0.11911469, 0.12038547, 0.13464789, 0.1501006 , 0.12429577,
       0.13577465, 0.13767606, 0.13173157, 0.12300469, 0.14964789,
       0.12216457, 0.12858326, 0.12976526, 0.13813651, 0.15285397,
       0.11919014, 0.1515493 , 0.13408451, 0.17147887, 0.14548467,
       0.14103286, 0.12976526, 0.12746479, 0.10379198, 0.14253521,
       0.15586854, 0.14685446, 0.14346076, 0.13615023, 0.17089202,
       0.11602113, 0.12957746, 0.13257042, 0.17896714, 0.13446009,
       0.0762046 , 0.14841549, 0.11853521, 0.11971831, 0.13116197,
       0.16886583, 0.15050302, 0.14548467, 0.13838028, 0.12593206,
       0.14267606, 0.13863179, 0.12938967, 0.14627767, 0.11455399,
       0.14985915, 0.13126761, 0.10766823, 0.14178404, 0.13397887,
       0.12413146, 0.11887324, 0.14948357, 0.1314554 , 0.10814452,
       0.1312083 , 0.15079812, 0.11643192, 0.12595573, 0.13890845,
       0.14945227, 0.16384977, 0.12725766, 0.1443662 , 0.14780447,
       0.15633803, 0.10588988, 0.13619718, 0.10647887, 0.11455399,
       0.13239437, 0.13180133, 0.16559356, 0.13014085, 0.15004695,
       0.13283914, 0.13107981, 0.15559238, 0.11661972, 0.13333333,
       0.10654515, 0.13996479, 0.11316595, 0.15962441, 0.1193662 ,
       0.13389671, 0.13389671, 0.13732394, 0.14798122, 0.15042254,
       0.11300746, 0.11267606, 0.10528169, 0.13201878, 0.11887324,
       0.12131455, 0.13978873, 0.13116197, 0.11214789, 0.09953052,
       0.14283347, 0.10760563, 0.12769953, 0.13971831, 0.12211268,
       0.11731566, 0.11748136, 0.14723005, 0.1571831 , 0.16818558,
       0.13765258, 0.1543662 , 0.0665493 , 0.15158451, 0.13977197,
       0.10941438, 0.11165173, 0.13652582, 0.16190476, 0.11586854,
       0.11267606, 0.14348592, 0.13112676, 0.11098592, 0.14049296,
       0.11638251, 0.14084507, 0.14441315, 0.12588028, 0.13400402,
       0.11615576, 0.1375    , 0.12676056, 0.13732394, 0.13022752,
       0.13821596, 0.17070423, 0.13822938, 0.10178404, 0.13151408,
       0.12837022, 0.11251956, 0.13400402, 0.15012428, 0.11267606,
       0.11023474, 0.13169014, 0.14295775, 0.15643192, 0.12112676,
       0.11061033, 0.14225352, 0.15790297, 0.08859155, 0.1110664 ,
       0.16338028, 0.10221328, 0.15017606, 0.14876761, 0.11805378,
       0.17359155, 0.12293763, 0.13138833, 0.12613459, 0.1411831 ,
       0.13934272, 0.12097027, 0.14262417, 0.12018779, 0.12028169,
       0.10056338, 0.12957746, 0.11117371, 0.14873239, 0.10178404,
       0.12411972, 0.16785418, 0.11859155, 0.09490791, 0.14426559,
       0.13314554, 0.12642916, 0.14967136, 0.15511737, 0.13695506,
       0.14172535, 0.10219092, 0.1334507 , 0.13716143, 0.12788732,
       0.12544601, 0.12760563, 0.15981221, 0.10618494, 0.13915493,
       0.12419221, 0.15602504, 0.12488263, 0.12774036, 0.16390845,
       0.10359937, 0.11478873, 0.09724434, 0.16514085, 0.13116197,
       0.15130785, 0.1471831 , 0.12124413, 0.15492958, 0.15981221,
       0.12857143, 0.11924883, 0.13896714, 0.11569416, 0.13539906,
       0.10647887, 0.16619718, 0.12413146, 0.10910798, 0.11220657,
       0.1198748 , 0.12507042, 0.14406439, 0.10128598, 0.15394366,
       0.13495519, 0.14455152, 0.14285714, 0.12736419, 0.15408451,
       0.10763529, 0.1221831 , 0.10243278, 0.15140845, 0.14144869,
       0.11061033, 0.1342723 , 0.16038732, 0.11586854, 0.14757433,
       0.12431925, 0.12206573, 0.14788732, 0.13934272, 0.12112676,
       0.11318822, 0.14420368, 0.12713615, 0.13156587, 0.15343828,
       0.10606246, 0.12640845, 0.10704225, 0.14014085, 0.14779343,
       0.08106416, 0.12042254, 0.14873239, 0.12375587, 0.13737811,
       0.16217304, 0.11052196, 0.13387695, 0.1312083 , 0.0943662 ]), 'class_median_width_scaled': array([0.13239437, 0.12957746, 0.16056338, 0.10704225, 0.14084507,
       0.14084507, 0.13380282, 0.16619718, 0.14366197, 0.12676056,
       0.15492958, 0.13239437, 0.1028169 , 0.12676056, 0.14929577,
       0.08591549, 0.12112676, 0.14929577, 0.15492958, 0.14084507,
       0.12394366, 0.12535211, 0.1028169 , 0.13521127, 0.1084507 ,
       0.11267606, 0.12676056, 0.09295775, 0.13521127, 0.14647887,
       0.12112676, 0.09859155, 0.11267606, 0.13521127, 0.12957746,
       0.15915493, 0.12253521, 0.15492958, 0.13943662, 0.11690141,
       0.14929577, 0.12816901, 0.13521127, 0.15774648, 0.14366197,
       0.14366197, 0.15352113, 0.11267606, 0.13239437, 0.12535211,
       0.15211268, 0.17183099, 0.13802817, 0.13098592, 0.10704225,
       0.14929577, 0.10422535, 0.16901408, 0.14084507, 0.12112676,
       0.17746479, 0.11690141, 0.10422535, 0.06478873, 0.14929577,
       0.12676056, 0.13098592, 0.14929577, 0.13521127, 0.16197183,
       0.14225352, 0.07605634, 0.14225352, 0.14084507, 0.10985915,
       0.16338028, 0.15492958, 0.10422535, 0.12394366, 0.13239437,
       0.11549296, 0.12394366, 0.12957746, 0.11830986, 0.0971831 ,
       0.1084507 , 0.12394366, 0.13239437, 0.14225352, 0.12535211,
       0.14084507, 0.13239437, 0.13521127, 0.11267606, 0.15633803,
       0.12676056, 0.13239437, 0.12676056, 0.13802817, 0.14366197,
       0.11126761, 0.14084507, 0.12957746, 0.17042254, 0.14366197,
       0.13521127, 0.12957746, 0.12535211, 0.09014085, 0.15211268,
       0.15774648, 0.15492958, 0.13661972, 0.11830986, 0.16901408,
       0.11408451, 0.14225352, 0.13239437, 0.18591549, 0.13802817,
       0.08169014, 0.14366197, 0.12676056, 0.12394366, 0.13239437,
       0.17464789, 0.13521127, 0.14084507, 0.13802817, 0.12394366,
       0.15070423, 0.14084507, 0.12394366, 0.14647887, 0.12112676,
       0.13239437, 0.13239437, 0.10140845, 0.14366197, 0.13521127,
       0.11830986, 0.10422535, 0.14366197, 0.13239437, 0.10704225,
       0.13521127, 0.14929577, 0.12112676, 0.13098592, 0.14225352,
       0.14366197, 0.16197183, 0.12394366, 0.14507042, 0.15211268,
       0.15211268, 0.0971831 , 0.13380282, 0.10704225, 0.12112676,
       0.13239437, 0.13521127, 0.16901408, 0.13239437, 0.14647887,
       0.13239437, 0.13239437, 0.16056338, 0.10704225, 0.13802817,
       0.07887324, 0.14507042, 0.10704225, 0.15774648, 0.13098592,
       0.12957746, 0.12676056, 0.13521127, 0.16338028, 0.15211268,
       0.10985915, 0.11408451, 0.10140845, 0.13521127, 0.11549296,
       0.10985915, 0.14788732, 0.12816901, 0.11971831, 0.0943662 ,
       0.14084507, 0.10985915, 0.12394366, 0.14366197, 0.11408451,
       0.11267606, 0.11267606, 0.14366197, 0.16056338, 0.16901408,
       0.14084507, 0.14929577, 0.06197183, 0.15211268, 0.12676056,
       0.10985915, 0.11126761, 0.14366197, 0.15774648, 0.11549296,
       0.11408451, 0.13521127, 0.13098592, 0.11549296, 0.13943662,
       0.11549296, 0.14084507, 0.13802817, 0.12253521, 0.14084507,
       0.11267606, 0.12957746, 0.12816901, 0.13098592, 0.12112676,
       0.14929577, 0.17464789, 0.12535211, 0.09859155, 0.13239437,
       0.12957746, 0.11267606, 0.13521127, 0.16056338, 0.11267606,
       0.11830986, 0.13098592, 0.13943662, 0.14366197, 0.12394366,
       0.10985915, 0.14084507, 0.16338028, 0.08309859, 0.11267606,
       0.16478873, 0.10140845, 0.13661972, 0.14366197, 0.11549296,
       0.17323944, 0.11830986, 0.12394366, 0.12816901, 0.13521127,
       0.13802817, 0.11971831, 0.14084507, 0.11267606, 0.11408451,
       0.1       , 0.12676056, 0.10704225, 0.15774648, 0.08450704,
       0.12676056, 0.16619718, 0.11971831, 0.09295775, 0.14647887,
       0.12676056, 0.12112676, 0.15492958, 0.15774648, 0.13802817,
       0.14084507, 0.10985915, 0.13661972, 0.12957746, 0.12676056,
       0.12394366, 0.12957746, 0.14929577, 0.10704225, 0.14084507,
       0.11971831, 0.15774648, 0.12676056, 0.12394366, 0.16197183,
       0.1028169 , 0.1056338 , 0.09577465, 0.16619718, 0.13239437,
       0.14647887, 0.15492958, 0.11126761, 0.15070423, 0.16056338,
       0.12535211, 0.11549296, 0.13521127, 0.12394366, 0.13239437,
       0.10985915, 0.16197183, 0.13802817, 0.10140845, 0.10704225,
       0.11549296, 0.12394366, 0.13380282, 0.10140845, 0.15915493,
       0.14225352, 0.15211268, 0.16478873, 0.13239437, 0.15070423,
       0.10422535, 0.12253521, 0.1       , 0.15492958, 0.13802817,
       0.10985915, 0.13521127, 0.15774648, 0.12112676, 0.15352113,
       0.12112676, 0.12394366, 0.14507042, 0.14647887, 0.11549296,
       0.1056338 , 0.14084507, 0.12112676, 0.12676056, 0.15492958,
       0.11267606, 0.13943662, 0.10704225, 0.14225352, 0.15211268,
       0.07887324, 0.12112676, 0.14366197, 0.13239437, 0.13802817,
       0.16197183, 0.10704225, 0.13239437, 0.14084507, 0.09295775])}

Job completed at Wed Mar 19 06:25:25 PM PDT 2025
