Starting job at Wed Mar 19 06:22:10 PM PDT 2025
Job parameters:
Dataset: data_chess
UQ Method: split_conformal_raps
Estimator: XGBoost
Seed: 781
Train Size: 0.8
Running split_conformal_raps on data_chess with seed 781 and train size 0.8

starting experiment

data created

Fitting split_conformal_raps_XGBoost on data_chess with seed 781

split_conformal_raps_XGBoost metrics: {'coverage': np.float64(0.8968282252316465), 'mean_width': np.float64(4.415181753385602), 'median_width': np.float64(5.0), 'mean_width_scaled': np.float64(0.24528787518808903), 'median_width_scaled': np.float64(0.2777777777777778)}

split_conformal_raps_XGBoost full metrics: {'coverage': np.float64(0.8968282252316465), 'mean_width': np.float64(4.415181753385602), 'median_width': np.float64(5.0), 'mean_width_scaled': np.float64(0.24528787518808903), 'median_width_scaled': np.float64(0.2777777777777778)}

split_conformal_raps_XGBoost class metrics: {'class_coverage': array([0.97316637, 0.87456446, 0.89316988, 0.92840647, 0.77659574,
       0.575     , 0.98243688, 0.86549708, 0.        , 0.69343066,
       0.74576271, 0.67948718, 0.87153652, 0.93444577, 0.1875    ,
       0.90833333, 0.32653061, 0.        ]), 'class_mean_width': array([3.78354204, 4.93031359, 5.04903678, 3.34411085, 5.5212766 ,
       5.825     , 3.76289791, 4.9005848 , 4.625     , 5.16058394,
       5.3220339 , 2.91025641, 5.01259446, 4.33730632, 5.4375    ,
       4.74166667, 5.42857143, 5.8       ]), 'class_median_width': array([4., 5., 5., 3., 6., 6., 4., 5., 5., 6., 6., 3., 5., 4., 6., 5., 6.,
       6.]), 'class_mean_width_scaled': array([0.21019678, 0.27390631, 0.28050204, 0.18578394, 0.30673759,
       0.32361111, 0.20904988, 0.27225471, 0.25694444, 0.28669911,
       0.29566855, 0.16168091, 0.27847747, 0.24096146, 0.30208333,
       0.26342593, 0.3015873 , 0.32222222]), 'class_median_width_scaled': array([0.22222222, 0.27777778, 0.27777778, 0.16666667, 0.33333333,
       0.33333333, 0.22222222, 0.27777778, 0.27777778, 0.33333333,
       0.33333333, 0.16666667, 0.27777778, 0.22222222, 0.33333333,
       0.27777778, 0.33333333, 0.33333333])}

split_conformal_raps_XGBoost full class metrics: {'class_coverage': array([0.97316637, 0.87456446, 0.89316988, 0.92840647, 0.77659574,
       0.575     , 0.98243688, 0.86549708, 0.        , 0.69343066,
       0.74576271, 0.67948718, 0.87153652, 0.93444577, 0.1875    ,
       0.90833333, 0.32653061, 0.        ]), 'class_mean_width': array([3.78354204, 4.93031359, 5.04903678, 3.34411085, 5.5212766 ,
       5.825     , 3.76289791, 4.9005848 , 4.625     , 5.16058394,
       5.3220339 , 2.91025641, 5.01259446, 4.33730632, 5.4375    ,
       4.74166667, 5.42857143, 5.8       ]), 'class_median_width': array([4., 5., 5., 3., 6., 6., 4., 5., 5., 6., 6., 3., 5., 4., 6., 5., 6.,
       6.]), 'class_mean_width_scaled': array([0.21019678, 0.27390631, 0.28050204, 0.18578394, 0.30673759,
       0.32361111, 0.20904988, 0.27225471, 0.25694444, 0.28669911,
       0.29566855, 0.16168091, 0.27847747, 0.24096146, 0.30208333,
       0.26342593, 0.3015873 , 0.32222222]), 'class_median_width_scaled': array([0.22222222, 0.27777778, 0.27777778, 0.16666667, 0.33333333,
       0.33333333, 0.22222222, 0.27777778, 0.27777778, 0.33333333,
       0.33333333, 0.16666667, 0.27777778, 0.22222222, 0.33333333,
       0.27777778, 0.33333333, 0.33333333])}

Job completed at Wed Mar 19 06:22:13 PM PDT 2025
