Starting job at Wed Mar 19 06:22:06 PM PDT 2025
Job parameters:
Dataset: data_chess
UQ Method: split_conformal_raps
Estimator: XGBoost
Seed: 777
Train Size: 0.8
Running split_conformal_raps on data_chess with seed 777 and train size 0.8

starting experiment

data created

Fitting split_conformal_raps_XGBoost on data_chess with seed 777

split_conformal_raps_XGBoost metrics: {'coverage': np.float64(0.897184604419102), 'mean_width': np.float64(4.678724162508909), 'median_width': np.float64(5.0), 'mean_width_scaled': np.float64(0.25992912013938385), 'median_width_scaled': np.float64(0.2777777777777778)}

split_conformal_raps_XGBoost full metrics: {'coverage': np.float64(0.897184604419102), 'mean_width': np.float64(4.678724162508909), 'median_width': np.float64(5.0), 'mean_width_scaled': np.float64(0.25992912013938385), 'median_width_scaled': np.float64(0.2777777777777778)}

split_conformal_raps_XGBoost class metrics: {'class_coverage': array([0.98568873, 0.79094077, 0.92994746, 0.93764434, 0.72340426,
       0.4       , 0.96267838, 0.80409357, 0.0625    , 0.60583942,
       0.83050847, 0.57692308, 0.86397985, 0.95709178, 0.125     ,
       0.93194444, 0.7755102 , 0.        ]), 'class_mean_width': array([4.14847943, 5.12891986, 5.09982487, 3.67667436, 5.74468085,
       5.925     , 4.18002195, 5.11403509, 5.8125    , 5.46715328,
       5.50847458, 3.07692308, 5.29722922, 4.55899881, 5.9375    ,
       4.93055556, 5.97959184, 6.        ]), 'class_median_width': array([4., 6., 6., 4., 6., 6., 4., 6., 6., 6., 6., 3., 6., 5., 6., 5., 6.,
       6.]), 'class_mean_width_scaled': array([0.23047108, 0.28493999, 0.2833236 , 0.20425969, 0.31914894,
       0.32916667, 0.23222344, 0.28411306, 0.32291667, 0.30373074,
       0.30602637, 0.17094017, 0.29429051, 0.25327771, 0.32986111,
       0.27391975, 0.33219955, 0.33333333]), 'class_median_width_scaled': array([0.22222222, 0.33333333, 0.33333333, 0.22222222, 0.33333333,
       0.33333333, 0.22222222, 0.33333333, 0.33333333, 0.33333333,
       0.33333333, 0.16666667, 0.33333333, 0.27777778, 0.33333333,
       0.27777778, 0.33333333, 0.33333333])}

split_conformal_raps_XGBoost full class metrics: {'class_coverage': array([0.98568873, 0.79094077, 0.92994746, 0.93764434, 0.72340426,
       0.4       , 0.96267838, 0.80409357, 0.0625    , 0.60583942,
       0.83050847, 0.57692308, 0.86397985, 0.95709178, 0.125     ,
       0.93194444, 0.7755102 , 0.        ]), 'class_mean_width': array([4.14847943, 5.12891986, 5.09982487, 3.67667436, 5.74468085,
       5.925     , 4.18002195, 5.11403509, 5.8125    , 5.46715328,
       5.50847458, 3.07692308, 5.29722922, 4.55899881, 5.9375    ,
       4.93055556, 5.97959184, 6.        ]), 'class_median_width': array([4., 6., 6., 4., 6., 6., 4., 6., 6., 6., 6., 3., 6., 5., 6., 5., 6.,
       6.]), 'class_mean_width_scaled': array([0.23047108, 0.28493999, 0.2833236 , 0.20425969, 0.31914894,
       0.32916667, 0.23222344, 0.28411306, 0.32291667, 0.30373074,
       0.30602637, 0.17094017, 0.29429051, 0.25327771, 0.32986111,
       0.27391975, 0.33219955, 0.33333333]), 'class_median_width_scaled': array([0.22222222, 0.33333333, 0.33333333, 0.22222222, 0.33333333,
       0.33333333, 0.22222222, 0.33333333, 0.33333333, 0.33333333,
       0.33333333, 0.16666667, 0.33333333, 0.27777778, 0.33333333,
       0.27777778, 0.33333333, 0.33333333])}

Job completed at Wed Mar 19 06:22:09 PM PDT 2025
