Starting job at Wed Mar 19 06:22:14 PM PDT 2025
Job parameters:
Dataset: data_chess
UQ Method: split_conformal_raps
Estimator: XGBoost
Seed: 784
Train Size: 0.8
Running split_conformal_raps on data_chess with seed 784 and train size 0.8

starting experiment

data created

Fitting split_conformal_raps_XGBoost on data_chess with seed 784

split_conformal_raps_XGBoost metrics: {'coverage': np.float64(0.8973627940128297), 'mean_width': np.float64(4.387027797576621), 'median_width': np.float64(5.0), 'mean_width_scaled': np.float64(0.24372376653203454), 'median_width_scaled': np.float64(0.2777777777777778)}

split_conformal_raps_XGBoost full metrics: {'coverage': np.float64(0.8973627940128297), 'mean_width': np.float64(4.387027797576621), 'median_width': np.float64(5.0), 'mean_width_scaled': np.float64(0.24372376653203454), 'median_width_scaled': np.float64(0.2777777777777778)}

split_conformal_raps_XGBoost class metrics: {'class_coverage': array([0.97674419, 0.86062718, 0.9089317 , 0.9330254 , 0.71276596,
       0.575     , 0.97145993, 0.79824561, 0.        , 0.69343066,
       0.59322034, 0.66666667, 0.84382872, 0.95470799, 0.0625    ,
       0.94583333, 0.75510204, 0.        ]), 'class_mean_width': array([4.18067979, 4.56445993, 4.68301226, 3.71362587, 4.9787234 ,
       4.95      , 4.02524698, 4.82748538, 4.9375    , 4.77372263,
       4.83898305, 3.37179487, 4.76826196, 4.33849821, 5.        ,
       4.525     , 4.97959184, 5.        ]), 'class_median_width': array([4., 5., 5., 4., 5., 5., 4., 5., 5., 5., 5., 3., 5., 5., 5., 5., 5.,
       5.]), 'class_mean_width_scaled': array([0.23225999, 0.25358111, 0.26016735, 0.20631255, 0.27659574,
       0.275     , 0.22362483, 0.26819363, 0.27430556, 0.26520681,
       0.26883239, 0.18732194, 0.26490344, 0.24102768, 0.27777778,
       0.25138889, 0.27664399, 0.27777778]), 'class_median_width_scaled': array([0.22222222, 0.27777778, 0.27777778, 0.22222222, 0.27777778,
       0.27777778, 0.22222222, 0.27777778, 0.27777778, 0.27777778,
       0.27777778, 0.16666667, 0.27777778, 0.27777778, 0.27777778,
       0.27777778, 0.27777778, 0.27777778])}

split_conformal_raps_XGBoost full class metrics: {'class_coverage': array([0.97674419, 0.86062718, 0.9089317 , 0.9330254 , 0.71276596,
       0.575     , 0.97145993, 0.79824561, 0.        , 0.69343066,
       0.59322034, 0.66666667, 0.84382872, 0.95470799, 0.0625    ,
       0.94583333, 0.75510204, 0.        ]), 'class_mean_width': array([4.18067979, 4.56445993, 4.68301226, 3.71362587, 4.9787234 ,
       4.95      , 4.02524698, 4.82748538, 4.9375    , 4.77372263,
       4.83898305, 3.37179487, 4.76826196, 4.33849821, 5.        ,
       4.525     , 4.97959184, 5.        ]), 'class_median_width': array([4., 5., 5., 4., 5., 5., 4., 5., 5., 5., 5., 3., 5., 5., 5., 5., 5.,
       5.]), 'class_mean_width_scaled': array([0.23225999, 0.25358111, 0.26016735, 0.20631255, 0.27659574,
       0.275     , 0.22362483, 0.26819363, 0.27430556, 0.26520681,
       0.26883239, 0.18732194, 0.26490344, 0.24102768, 0.27777778,
       0.25138889, 0.27664399, 0.27777778]), 'class_median_width_scaled': array([0.22222222, 0.27777778, 0.27777778, 0.22222222, 0.27777778,
       0.27777778, 0.22222222, 0.27777778, 0.27777778, 0.27777778,
       0.27777778, 0.16666667, 0.27777778, 0.27777778, 0.27777778,
       0.27777778, 0.27777778, 0.27777778])}

Job completed at Wed Mar 19 06:22:17 PM PDT 2025
