Starting job at Thu Mar 20 05:04:21 PM PDT 2025
Job parameters:
Dataset: data_chess
UQ Method: split_conformal_topk
Estimator: MLP
Seed: 781
Train Size: 0.8
Running split_conformal_topk on data_chess with seed 781 and train size 0.8

starting experiment

data created

Fitting split_conformal_topk_MLP on data_chess with seed 781

split_conformal_topk_MLP metrics: {'coverage': np.float64(0.930327868852459), 'mean_width': np.float64(5.0), 'median_width': np.float64(5.0), 'mean_width_scaled': np.float64(0.2777777777777778), 'median_width_scaled': np.float64(0.2777777777777778)}

split_conformal_topk_MLP full metrics: {'coverage': np.float64(0.930327868852459), 'mean_width': np.float64(5.0), 'median_width': np.float64(5.0), 'mean_width_scaled': np.float64(0.2777777777777778), 'median_width_scaled': np.float64(0.2777777777777778)}

split_conformal_topk_MLP class metrics: {'class_coverage': array([0.92665474, 0.8641115 , 0.94045534, 0.98614319, 0.84042553,
       0.8       , 0.98243688, 0.91520468, 0.375     , 0.78832117,
       0.77118644, 1.        , 0.87405542, 0.97377831, 0.8125    ,
       0.9375    , 0.75510204, 0.        ]), 'class_mean_width': array([5., 5., 5., 5., 5., 5., 5., 5., 5., 5., 5., 5., 5., 5., 5., 5., 5.,
       5.]), 'class_median_width': array([5., 5., 5., 5., 5., 5., 5., 5., 5., 5., 5., 5., 5., 5., 5., 5., 5.,
       5.]), 'class_mean_width_scaled': array([0.27777778, 0.27777778, 0.27777778, 0.27777778, 0.27777778,
       0.27777778, 0.27777778, 0.27777778, 0.27777778, 0.27777778,
       0.27777778, 0.27777778, 0.27777778, 0.27777778, 0.27777778,
       0.27777778, 0.27777778, 0.27777778]), 'class_median_width_scaled': array([0.27777778, 0.27777778, 0.27777778, 0.27777778, 0.27777778,
       0.27777778, 0.27777778, 0.27777778, 0.27777778, 0.27777778,
       0.27777778, 0.27777778, 0.27777778, 0.27777778, 0.27777778,
       0.27777778, 0.27777778, 0.27777778])}

split_conformal_topk_MLP full class metrics: {'class_coverage': array([0.92665474, 0.8641115 , 0.94045534, 0.98614319, 0.84042553,
       0.8       , 0.98243688, 0.91520468, 0.375     , 0.78832117,
       0.77118644, 1.        , 0.87405542, 0.97377831, 0.8125    ,
       0.9375    , 0.75510204, 0.        ]), 'class_mean_width': array([5., 5., 5., 5., 5., 5., 5., 5., 5., 5., 5., 5., 5., 5., 5., 5., 5.,
       5.]), 'class_median_width': array([5., 5., 5., 5., 5., 5., 5., 5., 5., 5., 5., 5., 5., 5., 5., 5., 5.,
       5.]), 'class_mean_width_scaled': array([0.27777778, 0.27777778, 0.27777778, 0.27777778, 0.27777778,
       0.27777778, 0.27777778, 0.27777778, 0.27777778, 0.27777778,
       0.27777778, 0.27777778, 0.27777778, 0.27777778, 0.27777778,
       0.27777778, 0.27777778, 0.27777778]), 'class_median_width_scaled': array([0.27777778, 0.27777778, 0.27777778, 0.27777778, 0.27777778,
       0.27777778, 0.27777778, 0.27777778, 0.27777778, 0.27777778,
       0.27777778, 0.27777778, 0.27777778, 0.27777778, 0.27777778,
       0.27777778, 0.27777778, 0.27777778])}

Job completed at Thu Mar 20 05:04:23 PM PDT 2025
