Starting job at Wed Mar 19 06:27:34 PM PDT 2025
Job parameters:
Dataset: data_chess
UQ Method: split_conformal_lac
Estimator: ExtraTrees
Seed: 780
Train Size: 0.8
Running split_conformal_lac on data_chess with seed 780 and train size 0.8

starting experiment

data created

Fitting split_conformal_lac_ExtraTrees on data_chess with seed 780

split_conformal_lac_ExtraTrees metrics: {'coverage': np.float64(0.9057377049180327), 'mean_width': np.float64(5.627227369921597), 'median_width': np.float64(6.0), 'mean_width_scaled': np.float64(0.31262374277342203), 'median_width_scaled': np.float64(0.3333333333333333)}

split_conformal_lac_ExtraTrees full metrics: {'coverage': np.float64(0.9057377049180327), 'mean_width': np.float64(5.627227369921597), 'median_width': np.float64(6.0), 'mean_width_scaled': np.float64(0.31262374277342203), 'median_width_scaled': np.float64(0.3333333333333333)}

split_conformal_lac_ExtraTrees class metrics: {'class_coverage': array([0.90339893, 0.80139373, 0.89842382, 0.95612009, 0.73404255,
       0.6       , 0.98572997, 0.82748538, 0.5       , 0.7080292 ,
       0.84745763, 0.84615385, 0.91687657, 0.9523242 , 0.6875    ,
       0.90555556, 0.95918367, 0.6       ]), 'class_mean_width': array([5.68336315, 5.51219512, 5.74255692, 5.30484988, 6.44680851,
       7.275     , 5.35016465, 5.80701754, 7.0625    , 6.01459854,
       6.02542373, 5.20512821, 5.72040302, 5.50297974, 7.0625    ,
       5.62083333, 7.2244898 , 6.4       ]), 'class_median_width': array([6. , 6. , 6. , 5. , 7. , 7. , 5. , 6. , 6.5, 6. , 6. , 5. , 6. ,
       6. , 7. , 6. , 7. , 7. ]), 'class_mean_width_scaled': array([0.3157424 , 0.30623306, 0.31903094, 0.29471388, 0.35815603,
       0.40416667, 0.29723137, 0.32261209, 0.39236111, 0.33414436,
       0.33474576, 0.28917379, 0.31780017, 0.3057211 , 0.39236111,
       0.31226852, 0.40136054, 0.35555556]), 'class_median_width_scaled': array([0.33333333, 0.33333333, 0.33333333, 0.27777778, 0.38888889,
       0.38888889, 0.27777778, 0.33333333, 0.36111111, 0.33333333,
       0.33333333, 0.27777778, 0.33333333, 0.33333333, 0.38888889,
       0.33333333, 0.38888889, 0.38888889])}

split_conformal_lac_ExtraTrees full class metrics: {'class_coverage': array([0.90339893, 0.80139373, 0.89842382, 0.95612009, 0.73404255,
       0.6       , 0.98572997, 0.82748538, 0.5       , 0.7080292 ,
       0.84745763, 0.84615385, 0.91687657, 0.9523242 , 0.6875    ,
       0.90555556, 0.95918367, 0.6       ]), 'class_mean_width': array([5.68336315, 5.51219512, 5.74255692, 5.30484988, 6.44680851,
       7.275     , 5.35016465, 5.80701754, 7.0625    , 6.01459854,
       6.02542373, 5.20512821, 5.72040302, 5.50297974, 7.0625    ,
       5.62083333, 7.2244898 , 6.4       ]), 'class_median_width': array([6. , 6. , 6. , 5. , 7. , 7. , 5. , 6. , 6.5, 6. , 6. , 5. , 6. ,
       6. , 7. , 6. , 7. , 7. ]), 'class_mean_width_scaled': array([0.3157424 , 0.30623306, 0.31903094, 0.29471388, 0.35815603,
       0.40416667, 0.29723137, 0.32261209, 0.39236111, 0.33414436,
       0.33474576, 0.28917379, 0.31780017, 0.3057211 , 0.39236111,
       0.31226852, 0.40136054, 0.35555556]), 'class_median_width_scaled': array([0.33333333, 0.33333333, 0.33333333, 0.27777778, 0.38888889,
       0.38888889, 0.27777778, 0.33333333, 0.36111111, 0.33333333,
       0.33333333, 0.27777778, 0.33333333, 0.33333333, 0.38888889,
       0.33333333, 0.38888889, 0.38888889])}

Job completed at Wed Mar 19 06:27:39 PM PDT 2025
