Starting job at Wed Mar 19 06:27:27 PM PDT 2025
Job parameters:
Dataset: data_chess
UQ Method: split_conformal_lac
Estimator: ExtraTrees
Seed: 778
Train Size: 0.8
Running split_conformal_lac on data_chess with seed 778 and train size 0.8

starting experiment

data created

Fitting split_conformal_lac_ExtraTrees on data_chess with seed 778

split_conformal_lac_ExtraTrees metrics: {'coverage': np.float64(0.9091233071988596), 'mean_width': np.float64(5.638096935138988), 'median_width': np.float64(6.0), 'mean_width_scaled': np.float64(0.31322760750772155), 'median_width_scaled': np.float64(0.3333333333333333)}

split_conformal_lac_ExtraTrees full metrics: {'coverage': np.float64(0.9091233071988596), 'mean_width': np.float64(5.638096935138988), 'median_width': np.float64(6.0), 'mean_width_scaled': np.float64(0.31322760750772155), 'median_width_scaled': np.float64(0.3333333333333333)}

split_conformal_lac_ExtraTrees class metrics: {'class_coverage': array([0.94096601, 0.85017422, 0.89492119, 0.95381062, 0.86170213,
       0.825     , 0.98572997, 0.76608187, 0.5625    , 0.65693431,
       0.83898305, 0.85897436, 0.85390428, 0.95947557, 0.375     ,
       0.93472222, 0.93877551, 0.        ]), 'class_mean_width': array([5.76207513, 5.84320557, 5.62872154, 5.40646651, 6.64893617,
       6.7       , 5.47969265, 5.55847953, 7.3125    , 5.79562044,
       6.1779661 , 5.56410256, 5.73803526, 5.44338498, 6.5625    ,
       5.59027778, 6.67346939, 5.2       ]), 'class_median_width': array([6. , 6. , 6. , 5. , 7. , 7. , 5. , 6. , 7.5, 6. , 6. , 6. , 6. ,
       5. , 6.5, 5.5, 7. , 5. ]), 'class_mean_width_scaled': array([0.32011529, 0.32462253, 0.31270675, 0.30035925, 0.36938534,
       0.37222222, 0.30442737, 0.30880442, 0.40625   , 0.32197891,
       0.34322034, 0.30911681, 0.31877974, 0.30241028, 0.36458333,
       0.31057099, 0.3707483 , 0.28888889]), 'class_median_width_scaled': array([0.33333333, 0.33333333, 0.33333333, 0.27777778, 0.38888889,
       0.38888889, 0.27777778, 0.33333333, 0.41666667, 0.33333333,
       0.33333333, 0.33333333, 0.33333333, 0.27777778, 0.36111111,
       0.30555556, 0.38888889, 0.27777778])}

split_conformal_lac_ExtraTrees full class metrics: {'class_coverage': array([0.94096601, 0.85017422, 0.89492119, 0.95381062, 0.86170213,
       0.825     , 0.98572997, 0.76608187, 0.5625    , 0.65693431,
       0.83898305, 0.85897436, 0.85390428, 0.95947557, 0.375     ,
       0.93472222, 0.93877551, 0.        ]), 'class_mean_width': array([5.76207513, 5.84320557, 5.62872154, 5.40646651, 6.64893617,
       6.7       , 5.47969265, 5.55847953, 7.3125    , 5.79562044,
       6.1779661 , 5.56410256, 5.73803526, 5.44338498, 6.5625    ,
       5.59027778, 6.67346939, 5.2       ]), 'class_median_width': array([6. , 6. , 6. , 5. , 7. , 7. , 5. , 6. , 7.5, 6. , 6. , 6. , 6. ,
       5. , 6.5, 5.5, 7. , 5. ]), 'class_mean_width_scaled': array([0.32011529, 0.32462253, 0.31270675, 0.30035925, 0.36938534,
       0.37222222, 0.30442737, 0.30880442, 0.40625   , 0.32197891,
       0.34322034, 0.30911681, 0.31877974, 0.30241028, 0.36458333,
       0.31057099, 0.3707483 , 0.28888889]), 'class_median_width_scaled': array([0.33333333, 0.33333333, 0.33333333, 0.27777778, 0.38888889,
       0.38888889, 0.27777778, 0.33333333, 0.41666667, 0.33333333,
       0.33333333, 0.33333333, 0.33333333, 0.27777778, 0.36111111,
       0.30555556, 0.38888889, 0.27777778])}

Job completed at Wed Mar 19 06:27:34 PM PDT 2025
