Starting job at Wed Mar 19 06:27:39 PM PDT 2025
Job parameters:
Dataset: data_chess
UQ Method: split_conformal_lac
Estimator: ExtraTrees
Seed: 782
Train Size: 0.8
Running split_conformal_lac on data_chess with seed 782 and train size 0.8

starting experiment

data created

Fitting split_conformal_lac_ExtraTrees on data_chess with seed 782

split_conformal_lac_ExtraTrees metrics: {'coverage': np.float64(0.917320028510335), 'mean_width': np.float64(5.748930862437634), 'median_width': np.float64(6.0), 'mean_width_scaled': np.float64(0.3193850479132019), 'median_width_scaled': np.float64(0.3333333333333333)}

split_conformal_lac_ExtraTrees full metrics: {'coverage': np.float64(0.917320028510335), 'mean_width': np.float64(5.748930862437634), 'median_width': np.float64(6.0), 'mean_width_scaled': np.float64(0.3193850479132019), 'median_width_scaled': np.float64(0.3333333333333333)}

split_conformal_lac_ExtraTrees class metrics: {'class_coverage': array([0.91949911, 0.90592334, 0.92994746, 0.9630485 , 0.74468085,
       0.75      , 0.98353458, 0.84210526, 0.6875    , 0.72992701,
       0.8559322 , 0.70512821, 0.85894207, 0.95828367, 0.375     ,
       0.93888889, 0.93877551, 0.4       ]), 'class_mean_width': array([5.86046512, 6.00696864, 5.84238179, 5.41108545, 6.58510638,
       6.425     , 5.38529089, 5.97660819, 7.125     , 5.99270073,
       6.39830508, 5.44871795, 5.91435768, 5.44338498, 6.9375    ,
       5.85972222, 7.28571429, 8.2       ]), 'class_median_width': array([6. , 6. , 6. , 5. , 7. , 7. , 5. , 6. , 7. , 6. , 6.5, 5. , 6. ,
       5. , 6.5, 6. , 8. , 9. ]), 'class_mean_width_scaled': array([0.3255814 , 0.33372048, 0.32457677, 0.30061586, 0.36583924,
       0.35694444, 0.29918283, 0.33203379, 0.39583333, 0.33292782,
       0.35546139, 0.30270655, 0.32857543, 0.30241028, 0.38541667,
       0.32554012, 0.4047619 , 0.45555556]), 'class_median_width_scaled': array([0.33333333, 0.33333333, 0.33333333, 0.27777778, 0.38888889,
       0.38888889, 0.27777778, 0.33333333, 0.38888889, 0.33333333,
       0.36111111, 0.27777778, 0.33333333, 0.27777778, 0.36111111,
       0.33333333, 0.44444444, 0.5       ])}

split_conformal_lac_ExtraTrees full class metrics: {'class_coverage': array([0.91949911, 0.90592334, 0.92994746, 0.9630485 , 0.74468085,
       0.75      , 0.98353458, 0.84210526, 0.6875    , 0.72992701,
       0.8559322 , 0.70512821, 0.85894207, 0.95828367, 0.375     ,
       0.93888889, 0.93877551, 0.4       ]), 'class_mean_width': array([5.86046512, 6.00696864, 5.84238179, 5.41108545, 6.58510638,
       6.425     , 5.38529089, 5.97660819, 7.125     , 5.99270073,
       6.39830508, 5.44871795, 5.91435768, 5.44338498, 6.9375    ,
       5.85972222, 7.28571429, 8.2       ]), 'class_median_width': array([6. , 6. , 6. , 5. , 7. , 7. , 5. , 6. , 7. , 6. , 6.5, 5. , 6. ,
       5. , 6.5, 6. , 8. , 9. ]), 'class_mean_width_scaled': array([0.3255814 , 0.33372048, 0.32457677, 0.30061586, 0.36583924,
       0.35694444, 0.29918283, 0.33203379, 0.39583333, 0.33292782,
       0.35546139, 0.30270655, 0.32857543, 0.30241028, 0.38541667,
       0.32554012, 0.4047619 , 0.45555556]), 'class_median_width_scaled': array([0.33333333, 0.33333333, 0.33333333, 0.27777778, 0.38888889,
       0.38888889, 0.27777778, 0.33333333, 0.38888889, 0.33333333,
       0.36111111, 0.27777778, 0.33333333, 0.27777778, 0.36111111,
       0.33333333, 0.44444444, 0.5       ])}

Job completed at Wed Mar 19 06:27:41 PM PDT 2025
