Starting job at Wed Mar 19 06:27:41 PM PDT 2025
Job parameters:
Dataset: data_chess
UQ Method: split_conformal_lac
Estimator: ExtraTrees
Seed: 784
Train Size: 0.8
Running split_conformal_lac on data_chess with seed 784 and train size 0.8

starting experiment

data created

Fitting split_conformal_lac_ExtraTrees on data_chess with seed 784

split_conformal_lac_ExtraTrees metrics: {'coverage': np.float64(0.9178545972915182), 'mean_width': np.float64(5.701710620099786), 'median_width': np.float64(6.0), 'mean_width_scaled': np.float64(0.3167617011166548), 'median_width_scaled': np.float64(0.3333333333333333)}

split_conformal_lac_ExtraTrees full metrics: {'coverage': np.float64(0.9178545972915182), 'mean_width': np.float64(5.701710620099786), 'median_width': np.float64(6.0), 'mean_width_scaled': np.float64(0.3167617011166548), 'median_width_scaled': np.float64(0.3333333333333333)}

split_conformal_lac_ExtraTrees class metrics: {'class_coverage': array([0.92128801, 0.92682927, 0.91768827, 0.95381062, 0.74468085,
       0.725     , 0.98243688, 0.87134503, 0.25      , 0.75912409,
       0.73728814, 0.76923077, 0.86901763, 0.9761621 , 0.3125    ,
       0.93472222, 0.89795918, 0.        ]), 'class_mean_width': array([5.80679785, 5.73170732, 5.81961471, 5.3187067 , 6.57446809,
       7.375     , 5.45115258, 6.11988304, 7.25      , 6.06569343,
       6.46610169, 5.30769231, 5.78589421, 5.46603099, 7.4375    ,
       5.54583333, 7.32653061, 6.2       ]), 'class_median_width': array([6. , 6. , 6. , 5. , 6.5, 7.5, 5. , 6. , 7.5, 6. , 7. , 5. , 6. ,
       5. , 7.5, 6. , 7. , 6. ]), 'class_mean_width_scaled': array([0.32259988, 0.31842818, 0.32331193, 0.29548371, 0.36524823,
       0.40972222, 0.30284181, 0.3399935 , 0.40277778, 0.33698297,
       0.35922787, 0.29487179, 0.32143857, 0.30366839, 0.41319444,
       0.30810185, 0.40702948, 0.34444444]), 'class_median_width_scaled': array([0.33333333, 0.33333333, 0.33333333, 0.27777778, 0.36111111,
       0.41666667, 0.27777778, 0.33333333, 0.41666667, 0.33333333,
       0.38888889, 0.27777778, 0.33333333, 0.27777778, 0.41666667,
       0.33333333, 0.38888889, 0.33333333])}

split_conformal_lac_ExtraTrees full class metrics: {'class_coverage': array([0.92128801, 0.92682927, 0.91768827, 0.95381062, 0.74468085,
       0.725     , 0.98243688, 0.87134503, 0.25      , 0.75912409,
       0.73728814, 0.76923077, 0.86901763, 0.9761621 , 0.3125    ,
       0.93472222, 0.89795918, 0.        ]), 'class_mean_width': array([5.80679785, 5.73170732, 5.81961471, 5.3187067 , 6.57446809,
       7.375     , 5.45115258, 6.11988304, 7.25      , 6.06569343,
       6.46610169, 5.30769231, 5.78589421, 5.46603099, 7.4375    ,
       5.54583333, 7.32653061, 6.2       ]), 'class_median_width': array([6. , 6. , 6. , 5. , 6.5, 7.5, 5. , 6. , 7.5, 6. , 7. , 5. , 6. ,
       5. , 7.5, 6. , 7. , 6. ]), 'class_mean_width_scaled': array([0.32259988, 0.31842818, 0.32331193, 0.29548371, 0.36524823,
       0.40972222, 0.30284181, 0.3399935 , 0.40277778, 0.33698297,
       0.35922787, 0.29487179, 0.32143857, 0.30366839, 0.41319444,
       0.30810185, 0.40702948, 0.34444444]), 'class_median_width_scaled': array([0.33333333, 0.33333333, 0.33333333, 0.27777778, 0.36111111,
       0.41666667, 0.27777778, 0.33333333, 0.41666667, 0.33333333,
       0.38888889, 0.27777778, 0.33333333, 0.27777778, 0.41666667,
       0.33333333, 0.38888889, 0.33333333])}

Job completed at Wed Mar 19 06:27:44 PM PDT 2025
