Starting job at Wed Mar 19 06:27:30 PM PDT 2025
Job parameters:
Dataset: data_chess
UQ Method: split_conformal_lac
Estimator: ExtraTrees
Seed: 779
Train Size: 0.8
Running split_conformal_lac on data_chess with seed 779 and train size 0.8

starting experiment

data created

Fitting split_conformal_lac_ExtraTrees on data_chess with seed 779

split_conformal_lac_ExtraTrees metrics: {'coverage': np.float64(0.9114397719173201), 'mean_width': np.float64(5.569493941553813), 'median_width': np.float64(6.0), 'mean_width_scaled': np.float64(0.30941633008632297), 'median_width_scaled': np.float64(0.3333333333333333)}

split_conformal_lac_ExtraTrees full metrics: {'coverage': np.float64(0.9114397719173201), 'mean_width': np.float64(5.569493941553813), 'median_width': np.float64(6.0), 'mean_width_scaled': np.float64(0.30941633008632297), 'median_width_scaled': np.float64(0.3333333333333333)}

split_conformal_lac_ExtraTrees class metrics: {'class_coverage': array([0.94275492, 0.8641115 , 0.86690018, 0.95842956, 0.86170213,
       0.75      , 0.97255763, 0.85380117, 0.5       , 0.75182482,
       0.81355932, 0.79487179, 0.87657431, 0.94994041, 0.25      ,
       0.93333333, 0.95918367, 0.8       ]), 'class_mean_width': array([5.67978533, 5.87456446, 5.74605954, 5.21709007, 6.53191489,
       6.975     , 5.11964874, 5.73391813, 6.3125    , 6.25547445,
       6.25423729, 5.33333333, 5.95717884, 5.29916567, 6.        ,
       5.47361111, 6.89795918, 7.8       ]), 'class_median_width': array([6., 6., 6., 5., 7., 7., 5., 6., 6., 6., 6., 5., 6., 5., 6., 5., 7.,
       9.]), 'class_mean_width_scaled': array([0.31554363, 0.32636469, 0.31922553, 0.28983834, 0.36288416,
       0.3875    , 0.28442493, 0.31855101, 0.35069444, 0.34752636,
       0.34745763, 0.2962963 , 0.33095438, 0.29439809, 0.33333333,
       0.30408951, 0.38321995, 0.43333333]), 'class_median_width_scaled': array([0.33333333, 0.33333333, 0.33333333, 0.27777778, 0.38888889,
       0.38888889, 0.27777778, 0.33333333, 0.33333333, 0.33333333,
       0.33333333, 0.27777778, 0.33333333, 0.27777778, 0.33333333,
       0.27777778, 0.38888889, 0.5       ])}

split_conformal_lac_ExtraTrees full class metrics: {'class_coverage': array([0.94275492, 0.8641115 , 0.86690018, 0.95842956, 0.86170213,
       0.75      , 0.97255763, 0.85380117, 0.5       , 0.75182482,
       0.81355932, 0.79487179, 0.87657431, 0.94994041, 0.25      ,
       0.93333333, 0.95918367, 0.8       ]), 'class_mean_width': array([5.67978533, 5.87456446, 5.74605954, 5.21709007, 6.53191489,
       6.975     , 5.11964874, 5.73391813, 6.3125    , 6.25547445,
       6.25423729, 5.33333333, 5.95717884, 5.29916567, 6.        ,
       5.47361111, 6.89795918, 7.8       ]), 'class_median_width': array([6., 6., 6., 5., 7., 7., 5., 6., 6., 6., 6., 5., 6., 5., 6., 5., 7.,
       9.]), 'class_mean_width_scaled': array([0.31554363, 0.32636469, 0.31922553, 0.28983834, 0.36288416,
       0.3875    , 0.28442493, 0.31855101, 0.35069444, 0.34752636,
       0.34745763, 0.2962963 , 0.33095438, 0.29439809, 0.33333333,
       0.30408951, 0.38321995, 0.43333333]), 'class_median_width_scaled': array([0.33333333, 0.33333333, 0.33333333, 0.27777778, 0.38888889,
       0.38888889, 0.27777778, 0.33333333, 0.33333333, 0.33333333,
       0.33333333, 0.27777778, 0.33333333, 0.27777778, 0.33333333,
       0.27777778, 0.38888889, 0.5       ])}

Job completed at Wed Mar 19 06:27:36 PM PDT 2025
