Starting job at Wed Mar 19 06:27:02 PM PDT 2025
Job parameters:
Dataset: data_walking
UQ Method: split_conformal_naive
Estimator: ExtraTrees
Seed: 779
Train Size: 0.8
Running split_conformal_naive on data_walking with seed 779 and train size 0.8

starting experiment

data created

Fitting split_conformal_naive_ExtraTrees on data_walking with seed 779

split_conformal_naive_ExtraTrees metrics: {'coverage': np.float64(0.915), 'mean_width': np.float64(5.1165), 'median_width': np.float64(5.0), 'mean_width_scaled': np.float64(0.23256818181818184), 'median_width_scaled': np.float64(0.22727272727272727)}

split_conformal_naive_ExtraTrees full metrics: {'coverage': np.float64(0.915), 'mean_width': np.float64(5.1165), 'median_width': np.float64(5.0), 'mean_width_scaled': np.float64(0.23256818181818184), 'median_width_scaled': np.float64(0.22727272727272727)}

split_conformal_naive_ExtraTrees class metrics: {'class_coverage': array([0.91129032, 0.97777778, 0.8989899 , 0.86725664, 0.92      ,
       0.82014388, 0.88161994, 0.9119171 , 0.90334572, 0.97515528,
       0.76190476, 1.        , 0.63768116, 0.9479638 , 0.93645084,
       0.8872549 , 0.97797357, 0.89516129, 0.92820513, 0.82051282,
       0.80434783, 0.84642857]), 'class_mean_width': array([7.0483871 , 6.73333333, 6.57070707, 6.78761062, 6.11333333,
       7.30215827, 5.67912773, 5.22279793, 6.46840149, 3.61697723,
       8.28571429, 5.75675676, 8.57971014, 3.25565611, 3.61630695,
       6.45098039, 4.42290749, 6.97580645, 5.82564103, 7.57051282,
       6.32608696, 5.65357143]), 'class_median_width': array([7., 7., 6., 7., 6., 7., 5., 5., 6., 3., 8., 6., 8., 2., 3., 6., 4.,
       7., 5., 8., 6., 6.]), 'class_mean_width_scaled': array([0.32038123, 0.30606061, 0.2986685 , 0.30852776, 0.27787879,
       0.33191629, 0.25814217, 0.23739991, 0.29401825, 0.16440806,
       0.37662338, 0.26167076, 0.38998682, 0.14798437, 0.16437759,
       0.29322638, 0.20104125, 0.31708211, 0.26480186, 0.34411422,
       0.28754941, 0.25698052]), 'class_median_width_scaled': array([0.31818182, 0.31818182, 0.27272727, 0.31818182, 0.27272727,
       0.31818182, 0.22727273, 0.22727273, 0.27272727, 0.13636364,
       0.36363636, 0.27272727, 0.36363636, 0.09090909, 0.13636364,
       0.27272727, 0.18181818, 0.31818182, 0.22727273, 0.36363636,
       0.27272727, 0.27272727])}

split_conformal_naive_ExtraTrees full class metrics: {'class_coverage': array([0.91129032, 0.97777778, 0.8989899 , 0.86725664, 0.92      ,
       0.82014388, 0.88161994, 0.9119171 , 0.90334572, 0.97515528,
       0.76190476, 1.        , 0.63768116, 0.9479638 , 0.93645084,
       0.8872549 , 0.97797357, 0.89516129, 0.92820513, 0.82051282,
       0.80434783, 0.84642857]), 'class_mean_width': array([7.0483871 , 6.73333333, 6.57070707, 6.78761062, 6.11333333,
       7.30215827, 5.67912773, 5.22279793, 6.46840149, 3.61697723,
       8.28571429, 5.75675676, 8.57971014, 3.25565611, 3.61630695,
       6.45098039, 4.42290749, 6.97580645, 5.82564103, 7.57051282,
       6.32608696, 5.65357143]), 'class_median_width': array([7., 7., 6., 7., 6., 7., 5., 5., 6., 3., 8., 6., 8., 2., 3., 6., 4.,
       7., 5., 8., 6., 6.]), 'class_mean_width_scaled': array([0.32038123, 0.30606061, 0.2986685 , 0.30852776, 0.27787879,
       0.33191629, 0.25814217, 0.23739991, 0.29401825, 0.16440806,
       0.37662338, 0.26167076, 0.38998682, 0.14798437, 0.16437759,
       0.29322638, 0.20104125, 0.31708211, 0.26480186, 0.34411422,
       0.28754941, 0.25698052]), 'class_median_width_scaled': array([0.31818182, 0.31818182, 0.27272727, 0.31818182, 0.27272727,
       0.31818182, 0.22727273, 0.22727273, 0.27272727, 0.13636364,
       0.36363636, 0.27272727, 0.36363636, 0.09090909, 0.13636364,
       0.27272727, 0.18181818, 0.31818182, 0.22727273, 0.36363636,
       0.27272727, 0.27272727])}

Job completed at Wed Mar 19 06:27:09 PM PDT 2025
