Starting job at Wed Mar 19 06:27:11 PM PDT 2025
Job parameters:
Dataset: data_walking
UQ Method: split_conformal_naive
Estimator: ExtraTrees
Seed: 782
Train Size: 0.8
Running split_conformal_naive on data_walking with seed 782 and train size 0.8

starting experiment

data created

Fitting split_conformal_naive_ExtraTrees on data_walking with seed 782

split_conformal_naive_ExtraTrees metrics: {'coverage': np.float64(0.9095), 'mean_width': np.float64(5.144666666666667), 'median_width': np.float64(5.0), 'mean_width_scaled': np.float64(0.23384848484848486), 'median_width_scaled': np.float64(0.22727272727272727)}

split_conformal_naive_ExtraTrees full metrics: {'coverage': np.float64(0.9095), 'mean_width': np.float64(5.144666666666667), 'median_width': np.float64(5.0), 'mean_width_scaled': np.float64(0.23384848484848486), 'median_width_scaled': np.float64(0.22727272727272727)}

split_conformal_naive_ExtraTrees class metrics: {'class_coverage': array([0.91129032, 1.        , 0.93939394, 0.88938053, 0.9       ,
       0.82014388, 0.894081  , 0.84974093, 0.85501859, 0.94824017,
       0.7755102 , 1.        , 0.73913043, 0.94230769, 0.93165468,
       0.87254902, 0.97356828, 0.81451613, 0.9025641 , 0.79487179,
       0.86956522, 0.90714286]), 'class_mean_width': array([7.20967742, 5.17777778, 6.84343434, 7.04867257, 5.97333333,
       7.07913669, 5.35202492, 5.58031088, 6.42379182, 3.82194617,
       8.5170068 , 5.48648649, 7.95652174, 3.30769231, 3.80935252,
       6.23039216, 4.35095448, 7.42741935, 5.64871795, 7.38461538,
       6.69565217, 5.78928571]), 'class_median_width': array([7., 5., 7., 7., 5., 7., 5., 6., 6., 3., 8., 6., 8., 2., 3., 6., 4.,
       7., 5., 7., 7., 6.]), 'class_mean_width_scaled': array([0.32771261, 0.23535354, 0.3110652 , 0.32039421, 0.27151515,
       0.32177894, 0.24327386, 0.25365049, 0.29199054, 0.17372483,
       0.38713667, 0.24938575, 0.36166008, 0.15034965, 0.17315239,
       0.28319964, 0.19777066, 0.33760997, 0.25675991, 0.33566434,
       0.30434783, 0.26314935]), 'class_median_width_scaled': array([0.31818182, 0.22727273, 0.31818182, 0.31818182, 0.22727273,
       0.31818182, 0.22727273, 0.27272727, 0.27272727, 0.13636364,
       0.36363636, 0.27272727, 0.36363636, 0.09090909, 0.13636364,
       0.27272727, 0.18181818, 0.31818182, 0.22727273, 0.31818182,
       0.31818182, 0.27272727])}

split_conformal_naive_ExtraTrees full class metrics: {'class_coverage': array([0.91129032, 1.        , 0.93939394, 0.88938053, 0.9       ,
       0.82014388, 0.894081  , 0.84974093, 0.85501859, 0.94824017,
       0.7755102 , 1.        , 0.73913043, 0.94230769, 0.93165468,
       0.87254902, 0.97356828, 0.81451613, 0.9025641 , 0.79487179,
       0.86956522, 0.90714286]), 'class_mean_width': array([7.20967742, 5.17777778, 6.84343434, 7.04867257, 5.97333333,
       7.07913669, 5.35202492, 5.58031088, 6.42379182, 3.82194617,
       8.5170068 , 5.48648649, 7.95652174, 3.30769231, 3.80935252,
       6.23039216, 4.35095448, 7.42741935, 5.64871795, 7.38461538,
       6.69565217, 5.78928571]), 'class_median_width': array([7., 5., 7., 7., 5., 7., 5., 6., 6., 3., 8., 6., 8., 2., 3., 6., 4.,
       7., 5., 7., 7., 6.]), 'class_mean_width_scaled': array([0.32771261, 0.23535354, 0.3110652 , 0.32039421, 0.27151515,
       0.32177894, 0.24327386, 0.25365049, 0.29199054, 0.17372483,
       0.38713667, 0.24938575, 0.36166008, 0.15034965, 0.17315239,
       0.28319964, 0.19777066, 0.33760997, 0.25675991, 0.33566434,
       0.30434783, 0.26314935]), 'class_median_width_scaled': array([0.31818182, 0.22727273, 0.31818182, 0.31818182, 0.22727273,
       0.31818182, 0.22727273, 0.27272727, 0.27272727, 0.13636364,
       0.36363636, 0.27272727, 0.36363636, 0.09090909, 0.13636364,
       0.27272727, 0.18181818, 0.31818182, 0.22727273, 0.31818182,
       0.31818182, 0.27272727])}

Job completed at Wed Mar 19 06:27:16 PM PDT 2025
