Starting job at Wed Mar 19 06:27:22 PM PDT 2025
Job parameters:
Dataset: data_walking
UQ Method: split_conformal_naive
Estimator: ExtraTrees
Seed: 786
Train Size: 0.8
Running split_conformal_naive on data_walking with seed 786 and train size 0.8

starting experiment

data created

Fitting split_conformal_naive_ExtraTrees on data_walking with seed 786

split_conformal_naive_ExtraTrees metrics: {'coverage': np.float64(0.916), 'mean_width': np.float64(5.2835), 'median_width': np.float64(5.0), 'mean_width_scaled': np.float64(0.2401590909090909), 'median_width_scaled': np.float64(0.22727272727272727)}

split_conformal_naive_ExtraTrees full metrics: {'coverage': np.float64(0.916), 'mean_width': np.float64(5.2835), 'median_width': np.float64(5.0), 'mean_width_scaled': np.float64(0.2401590909090909), 'median_width_scaled': np.float64(0.22727272727272727)}

split_conformal_naive_ExtraTrees class metrics: {'class_coverage': array([0.91935484, 0.95555556, 0.92424242, 0.82743363, 0.93333333,
       0.84892086, 0.94080997, 0.95854922, 0.91078067, 0.95238095,
       0.79591837, 1.        , 0.72463768, 0.94117647, 0.93045564,
       0.8627451 , 0.98237885, 0.87096774, 0.89487179, 0.82051282,
       0.86956522, 0.84642857]), 'class_mean_width': array([7.25      , 5.95555556, 7.31313131, 6.84070796, 6.08666667,
       7.60431655, 5.56697819, 5.5388601 , 7.07434944, 3.48861284,
       8.6462585 , 6.45945946, 8.36231884, 3.39366516, 3.76978417,
       6.68137255, 4.4743025 , 7.11290323, 6.03846154, 7.63461538,
       7.67391304, 6.08571429]), 'class_median_width': array([7., 7., 7., 7., 6., 7., 5., 5., 7., 3., 9., 7., 8., 2., 3., 6., 4.,
       7., 6., 8., 7., 6.]), 'class_mean_width_scaled': array([0.32954545, 0.27070707, 0.33241506, 0.31094127, 0.27666667,
       0.34565075, 0.25304446, 0.25176637, 0.32156134, 0.15857331,
       0.39301175, 0.29361179, 0.3801054 , 0.15425751, 0.17135383,
       0.30369875, 0.20337739, 0.32331378, 0.27447552, 0.34702797,
       0.34881423, 0.27662338]), 'class_median_width_scaled': array([0.31818182, 0.31818182, 0.31818182, 0.31818182, 0.27272727,
       0.31818182, 0.22727273, 0.22727273, 0.31818182, 0.13636364,
       0.40909091, 0.31818182, 0.36363636, 0.09090909, 0.13636364,
       0.27272727, 0.18181818, 0.31818182, 0.27272727, 0.36363636,
       0.31818182, 0.27272727])}

split_conformal_naive_ExtraTrees full class metrics: {'class_coverage': array([0.91935484, 0.95555556, 0.92424242, 0.82743363, 0.93333333,
       0.84892086, 0.94080997, 0.95854922, 0.91078067, 0.95238095,
       0.79591837, 1.        , 0.72463768, 0.94117647, 0.93045564,
       0.8627451 , 0.98237885, 0.87096774, 0.89487179, 0.82051282,
       0.86956522, 0.84642857]), 'class_mean_width': array([7.25      , 5.95555556, 7.31313131, 6.84070796, 6.08666667,
       7.60431655, 5.56697819, 5.5388601 , 7.07434944, 3.48861284,
       8.6462585 , 6.45945946, 8.36231884, 3.39366516, 3.76978417,
       6.68137255, 4.4743025 , 7.11290323, 6.03846154, 7.63461538,
       7.67391304, 6.08571429]), 'class_median_width': array([7., 7., 7., 7., 6., 7., 5., 5., 7., 3., 9., 7., 8., 2., 3., 6., 4.,
       7., 6., 8., 7., 6.]), 'class_mean_width_scaled': array([0.32954545, 0.27070707, 0.33241506, 0.31094127, 0.27666667,
       0.34565075, 0.25304446, 0.25176637, 0.32156134, 0.15857331,
       0.39301175, 0.29361179, 0.3801054 , 0.15425751, 0.17135383,
       0.30369875, 0.20337739, 0.32331378, 0.27447552, 0.34702797,
       0.34881423, 0.27662338]), 'class_median_width_scaled': array([0.31818182, 0.31818182, 0.31818182, 0.31818182, 0.27272727,
       0.31818182, 0.22727273, 0.22727273, 0.31818182, 0.13636364,
       0.40909091, 0.31818182, 0.36363636, 0.09090909, 0.13636364,
       0.27272727, 0.18181818, 0.31818182, 0.27272727, 0.36363636,
       0.31818182, 0.27272727])}

Job completed at Wed Mar 19 06:27:29 PM PDT 2025
