Starting job at Thu Mar 20 05:03:50 PM PDT 2025
Job parameters:
Dataset: data_isolet
UQ Method: split_conformal_raps
Estimator: LogisticRegression
Seed: 784
Train Size: 0.8
Running split_conformal_raps on data_isolet with seed 784 and train size 0.8

starting experiment

data created

Fitting split_conformal_raps_LogisticRegression on data_isolet with seed 784

split_conformal_raps_LogisticRegression metrics: {'coverage': np.float64(0.9557692307692308), 'mean_width': np.float64(2.4108974358974358), 'median_width': np.float64(1.0), 'mean_width_scaled': np.float64(0.09272682445759368), 'median_width_scaled': np.float64(0.038461538461538464)}

split_conformal_raps_LogisticRegression full metrics: {'coverage': np.float64(0.9557692307692308), 'mean_width': np.float64(2.4108974358974358), 'median_width': np.float64(1.0), 'mean_width_scaled': np.float64(0.09272682445759368), 'median_width_scaled': np.float64(0.038461538461538464)}

split_conformal_raps_LogisticRegression class metrics: {'class_coverage': array([1.        , 0.98333333, 0.98333333, 0.98333333, 0.9       ,
       0.9       , 1.        , 0.91666667, 1.        , 1.        ,
       0.98333333, 0.91666667, 0.91666667, 0.96666667, 0.75      ,
       1.        , 1.        , 1.        , 0.95      , 0.95      ,
       0.96666667, 0.86666667, 0.98333333, 0.96666667, 0.98333333,
       0.98333333]), 'class_mean_width': array([1.83333333, 2.66666667, 2.66666667, 2.25      , 2.25      ,
       2.66666667, 2.66666667, 1.83333333, 3.5       , 2.25      ,
       3.08333333, 1.        , 2.25      , 1.83333333, 2.25      ,
       2.66666667, 2.25      , 2.25      , 1.83333333, 2.66666667,
       1.83333333, 1.41666667, 2.25      , 3.1       , 5.16666667,
       2.25      ]), 'class_median_width': array([1., 1., 1., 1., 1., 1., 1., 1., 1., 1., 1., 1., 1., 1., 1., 1., 1.,
       1., 1., 1., 1., 1., 1., 1., 1., 1.]), 'class_mean_width_scaled': array([0.07051282, 0.1025641 , 0.1025641 , 0.08653846, 0.08653846,
       0.1025641 , 0.1025641 , 0.07051282, 0.13461538, 0.08653846,
       0.11858974, 0.03846154, 0.08653846, 0.07051282, 0.08653846,
       0.1025641 , 0.08653846, 0.08653846, 0.07051282, 0.1025641 ,
       0.07051282, 0.05448718, 0.08653846, 0.11923077, 0.19871795,
       0.08653846]), 'class_median_width_scaled': array([0.03846154, 0.03846154, 0.03846154, 0.03846154, 0.03846154,
       0.03846154, 0.03846154, 0.03846154, 0.03846154, 0.03846154,
       0.03846154, 0.03846154, 0.03846154, 0.03846154, 0.03846154,
       0.03846154, 0.03846154, 0.03846154, 0.03846154, 0.03846154,
       0.03846154, 0.03846154, 0.03846154, 0.03846154, 0.03846154,
       0.03846154])}

split_conformal_raps_LogisticRegression full class metrics: {'class_coverage': array([1.        , 0.98333333, 0.98333333, 0.98333333, 0.9       ,
       0.9       , 1.        , 0.91666667, 1.        , 1.        ,
       0.98333333, 0.91666667, 0.91666667, 0.96666667, 0.75      ,
       1.        , 1.        , 1.        , 0.95      , 0.95      ,
       0.96666667, 0.86666667, 0.98333333, 0.96666667, 0.98333333,
       0.98333333]), 'class_mean_width': array([1.83333333, 2.66666667, 2.66666667, 2.25      , 2.25      ,
       2.66666667, 2.66666667, 1.83333333, 3.5       , 2.25      ,
       3.08333333, 1.        , 2.25      , 1.83333333, 2.25      ,
       2.66666667, 2.25      , 2.25      , 1.83333333, 2.66666667,
       1.83333333, 1.41666667, 2.25      , 3.1       , 5.16666667,
       2.25      ]), 'class_median_width': array([1., 1., 1., 1., 1., 1., 1., 1., 1., 1., 1., 1., 1., 1., 1., 1., 1.,
       1., 1., 1., 1., 1., 1., 1., 1., 1.]), 'class_mean_width_scaled': array([0.07051282, 0.1025641 , 0.1025641 , 0.08653846, 0.08653846,
       0.1025641 , 0.1025641 , 0.07051282, 0.13461538, 0.08653846,
       0.11858974, 0.03846154, 0.08653846, 0.07051282, 0.08653846,
       0.1025641 , 0.08653846, 0.08653846, 0.07051282, 0.1025641 ,
       0.07051282, 0.05448718, 0.08653846, 0.11923077, 0.19871795,
       0.08653846]), 'class_median_width_scaled': array([0.03846154, 0.03846154, 0.03846154, 0.03846154, 0.03846154,
       0.03846154, 0.03846154, 0.03846154, 0.03846154, 0.03846154,
       0.03846154, 0.03846154, 0.03846154, 0.03846154, 0.03846154,
       0.03846154, 0.03846154, 0.03846154, 0.03846154, 0.03846154,
       0.03846154, 0.03846154, 0.03846154, 0.03846154, 0.03846154,
       0.03846154])}

Job completed at Thu Mar 20 05:03:59 PM PDT 2025
