Starting job at Wed Mar 19 08:20:56 PM PDT 2025
Job parameters:
Dataset: data_isolet
UQ Method: split_conformal_raps
Estimator: LogisticRegression
Seed: 779
Train Size: 0.8
Running split_conformal_raps on data_isolet with seed 779 and train size 0.8

starting experiment

data created

Fitting split_conformal_raps_LogisticRegression on data_isolet with seed 779

split_conformal_raps_LogisticRegression metrics: {'coverage': np.float64(0.9576923076923077), 'mean_width': np.float64(2.1096153846153847), 'median_width': np.float64(1.0), 'mean_width_scaled': np.float64(0.08113905325443788), 'median_width_scaled': np.float64(0.038461538461538464)}

split_conformal_raps_LogisticRegression full metrics: {'coverage': np.float64(0.9576923076923077), 'mean_width': np.float64(2.1096153846153847), 'median_width': np.float64(1.0), 'mean_width_scaled': np.float64(0.08113905325443788), 'median_width_scaled': np.float64(0.038461538461538464)}

split_conformal_raps_LogisticRegression class metrics: {'class_coverage': array([0.96666667, 1.        , 0.95      , 1.        , 0.96666667,
       0.93333333, 0.95      , 0.95      , 0.98333333, 1.        ,
       0.95      , 0.9       , 0.9       , 0.96666667, 0.88333333,
       0.96666667, 0.98333333, 1.        , 0.93333333, 1.        ,
       0.91666667, 0.9       , 0.96666667, 0.95      , 1.        ,
       0.98333333]), 'class_mean_width': array([2.66666667, 1.01666667, 1.41666667, 3.91666667, 1.        ,
       2.26666667, 1.41666667, 2.26666667, 2.25      , 3.5       ,
       2.25      , 1.83333333, 1.43333333, 2.25      , 1.41666667,
       1.83333333, 3.08333333, 2.25      , 2.25      , 2.25      ,
       1.03333333, 1.41666667, 1.41666667, 1.41666667, 3.91666667,
       3.08333333]), 'class_median_width': array([1., 1., 1., 1., 1., 1., 1., 1., 1., 1., 1., 1., 1., 1., 1., 1., 1.,
       1., 1., 1., 1., 1., 1., 1., 1., 1.]), 'class_mean_width_scaled': array([0.1025641 , 0.03910256, 0.05448718, 0.15064103, 0.03846154,
       0.08717949, 0.05448718, 0.08717949, 0.08653846, 0.13461538,
       0.08653846, 0.07051282, 0.05512821, 0.08653846, 0.05448718,
       0.07051282, 0.11858974, 0.08653846, 0.08653846, 0.08653846,
       0.03974359, 0.05448718, 0.05448718, 0.05448718, 0.15064103,
       0.11858974]), 'class_median_width_scaled': array([0.03846154, 0.03846154, 0.03846154, 0.03846154, 0.03846154,
       0.03846154, 0.03846154, 0.03846154, 0.03846154, 0.03846154,
       0.03846154, 0.03846154, 0.03846154, 0.03846154, 0.03846154,
       0.03846154, 0.03846154, 0.03846154, 0.03846154, 0.03846154,
       0.03846154, 0.03846154, 0.03846154, 0.03846154, 0.03846154,
       0.03846154])}

split_conformal_raps_LogisticRegression full class metrics: {'class_coverage': array([0.96666667, 1.        , 0.95      , 1.        , 0.96666667,
       0.93333333, 0.95      , 0.95      , 0.98333333, 1.        ,
       0.95      , 0.9       , 0.9       , 0.96666667, 0.88333333,
       0.96666667, 0.98333333, 1.        , 0.93333333, 1.        ,
       0.91666667, 0.9       , 0.96666667, 0.95      , 1.        ,
       0.98333333]), 'class_mean_width': array([2.66666667, 1.01666667, 1.41666667, 3.91666667, 1.        ,
       2.26666667, 1.41666667, 2.26666667, 2.25      , 3.5       ,
       2.25      , 1.83333333, 1.43333333, 2.25      , 1.41666667,
       1.83333333, 3.08333333, 2.25      , 2.25      , 2.25      ,
       1.03333333, 1.41666667, 1.41666667, 1.41666667, 3.91666667,
       3.08333333]), 'class_median_width': array([1., 1., 1., 1., 1., 1., 1., 1., 1., 1., 1., 1., 1., 1., 1., 1., 1.,
       1., 1., 1., 1., 1., 1., 1., 1., 1.]), 'class_mean_width_scaled': array([0.1025641 , 0.03910256, 0.05448718, 0.15064103, 0.03846154,
       0.08717949, 0.05448718, 0.08717949, 0.08653846, 0.13461538,
       0.08653846, 0.07051282, 0.05512821, 0.08653846, 0.05448718,
       0.07051282, 0.11858974, 0.08653846, 0.08653846, 0.08653846,
       0.03974359, 0.05448718, 0.05448718, 0.05448718, 0.15064103,
       0.11858974]), 'class_median_width_scaled': array([0.03846154, 0.03846154, 0.03846154, 0.03846154, 0.03846154,
       0.03846154, 0.03846154, 0.03846154, 0.03846154, 0.03846154,
       0.03846154, 0.03846154, 0.03846154, 0.03846154, 0.03846154,
       0.03846154, 0.03846154, 0.03846154, 0.03846154, 0.03846154,
       0.03846154, 0.03846154, 0.03846154, 0.03846154, 0.03846154,
       0.03846154])}

Job completed at Wed Mar 19 08:21:12 PM PDT 2025
