Starting job at Wed Mar 19 08:20:55 PM PDT 2025
Job parameters:
Dataset: data_isolet
UQ Method: split_conformal_raps
Estimator: LogisticRegression
Seed: 778
Train Size: 0.8
Running split_conformal_raps on data_isolet with seed 778 and train size 0.8

starting experiment

data created

Fitting split_conformal_raps_LogisticRegression on data_isolet with seed 778

split_conformal_raps_LogisticRegression metrics: {'coverage': np.float64(0.9448717948717948), 'mean_width': np.float64(2.2371794871794872), 'median_width': np.float64(1.0), 'mean_width_scaled': np.float64(0.08604536489151873), 'median_width_scaled': np.float64(0.038461538461538464)}

split_conformal_raps_LogisticRegression full metrics: {'coverage': np.float64(0.9448717948717948), 'mean_width': np.float64(2.2371794871794872), 'median_width': np.float64(1.0), 'mean_width_scaled': np.float64(0.08604536489151873), 'median_width_scaled': np.float64(0.038461538461538464)}

split_conformal_raps_LogisticRegression class metrics: {'class_coverage': array([0.96666667, 0.98333333, 0.93333333, 0.96666667, 0.88333333,
       0.83333333, 1.        , 0.91666667, 0.96666667, 0.96666667,
       0.96666667, 0.95      , 0.9       , 0.96666667, 0.85      ,
       0.98333333, 0.96666667, 0.98333333, 0.93333333, 0.98333333,
       0.91666667, 0.98333333, 0.93333333, 0.86666667, 1.        ,
       0.96666667]), 'class_mean_width': array([2.25      , 2.26666667, 1.83333333, 2.25      , 1.83333333,
       1.01666667, 2.25      , 1.41666667, 3.91666667, 3.08333333,
       3.08333333, 1.43333333, 1.41666667, 1.85      , 1.        ,
       2.25      , 1.83333333, 2.66666667, 3.5       , 2.25      ,
       1.41666667, 2.26666667, 1.83333333, 2.66666667, 3.08333333,
       3.5       ]), 'class_median_width': array([1., 1., 1., 1., 1., 1., 1., 1., 1., 1., 1., 1., 1., 1., 1., 1., 1.,
       1., 1., 1., 1., 1., 1., 1., 1., 1.]), 'class_mean_width_scaled': array([0.08653846, 0.08717949, 0.07051282, 0.08653846, 0.07051282,
       0.03910256, 0.08653846, 0.05448718, 0.15064103, 0.11858974,
       0.11858974, 0.05512821, 0.05448718, 0.07115385, 0.03846154,
       0.08653846, 0.07051282, 0.1025641 , 0.13461538, 0.08653846,
       0.05448718, 0.08717949, 0.07051282, 0.1025641 , 0.11858974,
       0.13461538]), 'class_median_width_scaled': array([0.03846154, 0.03846154, 0.03846154, 0.03846154, 0.03846154,
       0.03846154, 0.03846154, 0.03846154, 0.03846154, 0.03846154,
       0.03846154, 0.03846154, 0.03846154, 0.03846154, 0.03846154,
       0.03846154, 0.03846154, 0.03846154, 0.03846154, 0.03846154,
       0.03846154, 0.03846154, 0.03846154, 0.03846154, 0.03846154,
       0.03846154])}

split_conformal_raps_LogisticRegression full class metrics: {'class_coverage': array([0.96666667, 0.98333333, 0.93333333, 0.96666667, 0.88333333,
       0.83333333, 1.        , 0.91666667, 0.96666667, 0.96666667,
       0.96666667, 0.95      , 0.9       , 0.96666667, 0.85      ,
       0.98333333, 0.96666667, 0.98333333, 0.93333333, 0.98333333,
       0.91666667, 0.98333333, 0.93333333, 0.86666667, 1.        ,
       0.96666667]), 'class_mean_width': array([2.25      , 2.26666667, 1.83333333, 2.25      , 1.83333333,
       1.01666667, 2.25      , 1.41666667, 3.91666667, 3.08333333,
       3.08333333, 1.43333333, 1.41666667, 1.85      , 1.        ,
       2.25      , 1.83333333, 2.66666667, 3.5       , 2.25      ,
       1.41666667, 2.26666667, 1.83333333, 2.66666667, 3.08333333,
       3.5       ]), 'class_median_width': array([1., 1., 1., 1., 1., 1., 1., 1., 1., 1., 1., 1., 1., 1., 1., 1., 1.,
       1., 1., 1., 1., 1., 1., 1., 1., 1.]), 'class_mean_width_scaled': array([0.08653846, 0.08717949, 0.07051282, 0.08653846, 0.07051282,
       0.03910256, 0.08653846, 0.05448718, 0.15064103, 0.11858974,
       0.11858974, 0.05512821, 0.05448718, 0.07115385, 0.03846154,
       0.08653846, 0.07051282, 0.1025641 , 0.13461538, 0.08653846,
       0.05448718, 0.08717949, 0.07051282, 0.1025641 , 0.11858974,
       0.13461538]), 'class_median_width_scaled': array([0.03846154, 0.03846154, 0.03846154, 0.03846154, 0.03846154,
       0.03846154, 0.03846154, 0.03846154, 0.03846154, 0.03846154,
       0.03846154, 0.03846154, 0.03846154, 0.03846154, 0.03846154,
       0.03846154, 0.03846154, 0.03846154, 0.03846154, 0.03846154,
       0.03846154, 0.03846154, 0.03846154, 0.03846154, 0.03846154,
       0.03846154])}

Job completed at Wed Mar 19 08:21:11 PM PDT 2025
