Starting job at Wed Mar 19 08:20:57 PM PDT 2025
Job parameters:
Dataset: data_isolet
UQ Method: split_conformal_raps
Estimator: LogisticRegression
Seed: 780
Train Size: 0.8
Running split_conformal_raps on data_isolet with seed 780 and train size 0.8

starting experiment

data created

Fitting split_conformal_raps_LogisticRegression on data_isolet with seed 780

split_conformal_raps_LogisticRegression metrics: {'coverage': np.float64(0.9487179487179487), 'mean_width': np.float64(2.2365384615384616), 'median_width': np.float64(1.0), 'mean_width_scaled': np.float64(0.0860207100591716), 'median_width_scaled': np.float64(0.038461538461538464)}

split_conformal_raps_LogisticRegression full metrics: {'coverage': np.float64(0.9487179487179487), 'mean_width': np.float64(2.2365384615384616), 'median_width': np.float64(1.0), 'mean_width_scaled': np.float64(0.0860207100591716), 'median_width_scaled': np.float64(0.038461538461538464)}

split_conformal_raps_LogisticRegression class metrics: {'class_coverage': array([0.98333333, 1.        , 0.98333333, 0.98333333, 0.95      ,
       0.85      , 1.        , 0.86666667, 0.98333333, 0.98333333,
       1.        , 0.93333333, 0.83333333, 0.98333333, 0.88333333,
       0.93333333, 0.98333333, 0.98333333, 0.95      , 1.        ,
       0.9       , 0.83333333, 0.93333333, 0.93333333, 1.        ,
       1.        ]), 'class_mean_width': array([1.83333333, 2.66666667, 1.41666667, 2.25      , 1.85      ,
       2.25      , 2.25      , 1.85      , 1.85      , 1.41666667,
       2.66666667, 1.83333333, 2.26666667, 1.83333333, 1.41666667,
       1.41666667, 2.25      , 2.25      , 3.08333333, 3.5       ,
       1.41666667, 2.66666667, 3.91666667, 1.83333333, 2.66666667,
       3.5       ]), 'class_median_width': array([1., 1., 1., 1., 1., 1., 1., 1., 1., 1., 1., 1., 1., 1., 1., 1., 1.,
       1., 1., 1., 1., 1., 1., 1., 1., 1.]), 'class_mean_width_scaled': array([0.07051282, 0.1025641 , 0.05448718, 0.08653846, 0.07115385,
       0.08653846, 0.08653846, 0.07115385, 0.07115385, 0.05448718,
       0.1025641 , 0.07051282, 0.08717949, 0.07051282, 0.05448718,
       0.05448718, 0.08653846, 0.08653846, 0.11858974, 0.13461538,
       0.05448718, 0.1025641 , 0.15064103, 0.07051282, 0.1025641 ,
       0.13461538]), 'class_median_width_scaled': array([0.03846154, 0.03846154, 0.03846154, 0.03846154, 0.03846154,
       0.03846154, 0.03846154, 0.03846154, 0.03846154, 0.03846154,
       0.03846154, 0.03846154, 0.03846154, 0.03846154, 0.03846154,
       0.03846154, 0.03846154, 0.03846154, 0.03846154, 0.03846154,
       0.03846154, 0.03846154, 0.03846154, 0.03846154, 0.03846154,
       0.03846154])}

split_conformal_raps_LogisticRegression full class metrics: {'class_coverage': array([0.98333333, 1.        , 0.98333333, 0.98333333, 0.95      ,
       0.85      , 1.        , 0.86666667, 0.98333333, 0.98333333,
       1.        , 0.93333333, 0.83333333, 0.98333333, 0.88333333,
       0.93333333, 0.98333333, 0.98333333, 0.95      , 1.        ,
       0.9       , 0.83333333, 0.93333333, 0.93333333, 1.        ,
       1.        ]), 'class_mean_width': array([1.83333333, 2.66666667, 1.41666667, 2.25      , 1.85      ,
       2.25      , 2.25      , 1.85      , 1.85      , 1.41666667,
       2.66666667, 1.83333333, 2.26666667, 1.83333333, 1.41666667,
       1.41666667, 2.25      , 2.25      , 3.08333333, 3.5       ,
       1.41666667, 2.66666667, 3.91666667, 1.83333333, 2.66666667,
       3.5       ]), 'class_median_width': array([1., 1., 1., 1., 1., 1., 1., 1., 1., 1., 1., 1., 1., 1., 1., 1., 1.,
       1., 1., 1., 1., 1., 1., 1., 1., 1.]), 'class_mean_width_scaled': array([0.07051282, 0.1025641 , 0.05448718, 0.08653846, 0.07115385,
       0.08653846, 0.08653846, 0.07115385, 0.07115385, 0.05448718,
       0.1025641 , 0.07051282, 0.08717949, 0.07051282, 0.05448718,
       0.05448718, 0.08653846, 0.08653846, 0.11858974, 0.13461538,
       0.05448718, 0.1025641 , 0.15064103, 0.07051282, 0.1025641 ,
       0.13461538]), 'class_median_width_scaled': array([0.03846154, 0.03846154, 0.03846154, 0.03846154, 0.03846154,
       0.03846154, 0.03846154, 0.03846154, 0.03846154, 0.03846154,
       0.03846154, 0.03846154, 0.03846154, 0.03846154, 0.03846154,
       0.03846154, 0.03846154, 0.03846154, 0.03846154, 0.03846154,
       0.03846154, 0.03846154, 0.03846154, 0.03846154, 0.03846154,
       0.03846154])}

Job completed at Wed Mar 19 08:21:11 PM PDT 2025
