Starting job at Wed Mar 19 06:27:38 PM PDT 2025
Job parameters:
Dataset: data_chess
UQ Method: split_conformal_lac
Estimator: MLP
Seed: 781
Train Size: 0.8
Running split_conformal_lac on data_chess with seed 781 and train size 0.8

starting experiment

data created

Fitting split_conformal_lac_MLP on data_chess with seed 781

split_conformal_lac_MLP metrics: {'coverage': np.float64(0.912152530292231), 'mean_width': np.float64(3.850142551674982), 'median_width': np.float64(4.0), 'mean_width_scaled': np.float64(0.2138968084263879), 'median_width_scaled': np.float64(0.2222222222222222)}

split_conformal_lac_MLP full metrics: {'coverage': np.float64(0.912152530292231), 'mean_width': np.float64(3.850142551674982), 'median_width': np.float64(4.0), 'mean_width_scaled': np.float64(0.2138968084263879), 'median_width_scaled': np.float64(0.2222222222222222)}

split_conformal_lac_MLP class metrics: {'class_coverage': array([0.8980322 , 0.8815331 , 0.91593695, 0.95612009, 0.81914894,
       0.775     , 0.97585071, 0.92105263, 0.375     , 0.76642336,
       0.73728814, 0.96153846, 0.85894207, 0.95351609, 0.6875    ,
       0.90416667, 0.7755102 , 0.2       ]), 'class_mean_width': array([3.60465116, 4.40766551, 4.34500876, 2.84526559, 3.9893617 ,
       3.15      , 3.25027442, 4.55555556, 4.0625    , 4.7080292 ,
       4.02542373, 2.70512821, 4.68010076, 3.71752086, 3.875     ,
       4.04861111, 4.48979592, 4.8       ]), 'class_median_width': array([4., 4., 4., 3., 4., 3., 3., 4., 5., 5., 4., 3., 5., 4., 4., 4., 4.,
       4.]), 'class_mean_width_scaled': array([0.2002584 , 0.24487031, 0.24138938, 0.15807031, 0.22163121,
       0.175     , 0.1805708 , 0.25308642, 0.22569444, 0.26155718,
       0.22363465, 0.1502849 , 0.2600056 , 0.20652894, 0.21527778,
       0.22492284, 0.24943311, 0.26666667]), 'class_median_width_scaled': array([0.22222222, 0.22222222, 0.22222222, 0.16666667, 0.22222222,
       0.16666667, 0.16666667, 0.22222222, 0.27777778, 0.27777778,
       0.22222222, 0.16666667, 0.27777778, 0.22222222, 0.22222222,
       0.22222222, 0.22222222, 0.22222222])}

split_conformal_lac_MLP full class metrics: {'class_coverage': array([0.8980322 , 0.8815331 , 0.91593695, 0.95612009, 0.81914894,
       0.775     , 0.97585071, 0.92105263, 0.375     , 0.76642336,
       0.73728814, 0.96153846, 0.85894207, 0.95351609, 0.6875    ,
       0.90416667, 0.7755102 , 0.2       ]), 'class_mean_width': array([3.60465116, 4.40766551, 4.34500876, 2.84526559, 3.9893617 ,
       3.15      , 3.25027442, 4.55555556, 4.0625    , 4.7080292 ,
       4.02542373, 2.70512821, 4.68010076, 3.71752086, 3.875     ,
       4.04861111, 4.48979592, 4.8       ]), 'class_median_width': array([4., 4., 4., 3., 4., 3., 3., 4., 5., 5., 4., 3., 5., 4., 4., 4., 4.,
       4.]), 'class_mean_width_scaled': array([0.2002584 , 0.24487031, 0.24138938, 0.15807031, 0.22163121,
       0.175     , 0.1805708 , 0.25308642, 0.22569444, 0.26155718,
       0.22363465, 0.1502849 , 0.2600056 , 0.20652894, 0.21527778,
       0.22492284, 0.24943311, 0.26666667]), 'class_median_width_scaled': array([0.22222222, 0.22222222, 0.22222222, 0.16666667, 0.22222222,
       0.16666667, 0.16666667, 0.22222222, 0.27777778, 0.27777778,
       0.22222222, 0.16666667, 0.27777778, 0.22222222, 0.22222222,
       0.22222222, 0.22222222, 0.22222222])}

Job completed at Wed Mar 19 06:27:41 PM PDT 2025
