Starting job at Wed Mar 19 06:27:33 PM PDT 2025
Job parameters:
Dataset: data_chess
UQ Method: split_conformal_lac
Estimator: MLP
Seed: 779
Train Size: 0.8
Running split_conformal_lac on data_chess with seed 779 and train size 0.8

starting experiment

data created

Fitting split_conformal_lac_MLP on data_chess with seed 779

split_conformal_lac_MLP metrics: {'coverage': np.float64(0.8937990021382751), 'mean_width': np.float64(3.7132929436920885), 'median_width': np.float64(4.0), 'mean_width_scaled': np.float64(0.20629405242733825), 'median_width_scaled': np.float64(0.2222222222222222)}

split_conformal_lac_MLP full metrics: {'coverage': np.float64(0.8937990021382751), 'mean_width': np.float64(3.7132929436920885), 'median_width': np.float64(4.0), 'mean_width_scaled': np.float64(0.20629405242733825), 'median_width_scaled': np.float64(0.2222222222222222)}

split_conformal_lac_MLP class metrics: {'class_coverage': array([0.91234347, 0.85714286, 0.88091068, 0.91685912, 0.82978723,
       0.65      , 0.9791438 , 0.83918129, 0.5       , 0.6350365 ,
       0.69491525, 0.65384615, 0.86649874, 0.95828367, 0.125     ,
       0.90277778, 0.93877551, 0.6       ]), 'class_mean_width': array([3.43112701, 4.19860627, 4.21891419, 2.68591224, 3.89361702,
       3.125     , 3.1481888 , 4.29239766, 3.5625    , 4.72262774,
       4.53389831, 2.48717949, 4.4256927 , 3.61740167, 3.9375    ,
       3.9125    , 3.79591837, 5.2       ]), 'class_median_width': array([3., 4., 4., 3., 4., 3., 3., 4., 3., 5., 4., 2., 4., 4., 4., 4., 4.,
       6.]), 'class_mean_width_scaled': array([0.19061817, 0.2332559 , 0.23438412, 0.14921735, 0.21631206,
       0.17361111, 0.17489938, 0.23846654, 0.19791667, 0.26236821,
       0.25188324, 0.13817664, 0.24587182, 0.20096676, 0.21875   ,
       0.21736111, 0.21088435, 0.28888889]), 'class_median_width_scaled': array([0.16666667, 0.22222222, 0.22222222, 0.16666667, 0.22222222,
       0.16666667, 0.16666667, 0.22222222, 0.16666667, 0.27777778,
       0.22222222, 0.11111111, 0.22222222, 0.22222222, 0.22222222,
       0.22222222, 0.22222222, 0.33333333])}

split_conformal_lac_MLP full class metrics: {'class_coverage': array([0.91234347, 0.85714286, 0.88091068, 0.91685912, 0.82978723,
       0.65      , 0.9791438 , 0.83918129, 0.5       , 0.6350365 ,
       0.69491525, 0.65384615, 0.86649874, 0.95828367, 0.125     ,
       0.90277778, 0.93877551, 0.6       ]), 'class_mean_width': array([3.43112701, 4.19860627, 4.21891419, 2.68591224, 3.89361702,
       3.125     , 3.1481888 , 4.29239766, 3.5625    , 4.72262774,
       4.53389831, 2.48717949, 4.4256927 , 3.61740167, 3.9375    ,
       3.9125    , 3.79591837, 5.2       ]), 'class_median_width': array([3., 4., 4., 3., 4., 3., 3., 4., 3., 5., 4., 2., 4., 4., 4., 4., 4.,
       6.]), 'class_mean_width_scaled': array([0.19061817, 0.2332559 , 0.23438412, 0.14921735, 0.21631206,
       0.17361111, 0.17489938, 0.23846654, 0.19791667, 0.26236821,
       0.25188324, 0.13817664, 0.24587182, 0.20096676, 0.21875   ,
       0.21736111, 0.21088435, 0.28888889]), 'class_median_width_scaled': array([0.16666667, 0.22222222, 0.22222222, 0.16666667, 0.22222222,
       0.16666667, 0.16666667, 0.22222222, 0.16666667, 0.27777778,
       0.22222222, 0.11111111, 0.22222222, 0.22222222, 0.22222222,
       0.22222222, 0.22222222, 0.33333333])}

Job completed at Wed Mar 19 06:27:40 PM PDT 2025
