Starting job at Thu Mar 20 05:03:29 PM PDT 2025
Job parameters:
Dataset: data_yeast
UQ Method: split_conformal_raps
Estimator: MLP
Seed: 779
Train Size: 0.8
Running split_conformal_raps on data_yeast with seed 779 and train size 0.8

starting experiment

data created

Fitting split_conformal_raps_MLP on data_yeast with seed 779

split_conformal_raps_MLP metrics: {'coverage': np.float64(0.9461279461279462), 'mean_width': np.float64(3.2861952861952863), 'median_width': np.float64(3.0), 'mean_width_scaled': np.float64(0.32861952861952864), 'median_width_scaled': np.float64(0.3)}

split_conformal_raps_MLP full metrics: {'coverage': np.float64(0.9461279461279462), 'mean_width': np.float64(3.2861952861952863), 'median_width': np.float64(3.0), 'mean_width_scaled': np.float64(0.32861952861952864), 'median_width_scaled': np.float64(0.3)}

split_conformal_raps_MLP class metrics: {'class_coverage': array([1.        , 0.        , 0.71428571, 1.        , 0.8       ,
       1.        , 0.95918367, 1.        , 0.25      , 0.        ]), 'class_mean_width': array([3.10752688, 3.        , 4.57142857, 4.77777778, 4.1       ,
       3.3125    , 3.30612245, 3.08139535, 3.25      , 3.66666667]), 'class_median_width': array([3. , 3. , 5. , 5. , 4.5, 3. , 3. , 3. , 3. , 3. ]), 'class_mean_width_scaled': array([0.31075269, 0.3       , 0.45714286, 0.47777778, 0.41      ,
       0.33125   , 0.33061224, 0.30813953, 0.325     , 0.36666667]), 'class_median_width_scaled': array([0.3 , 0.3 , 0.5 , 0.5 , 0.45, 0.3 , 0.3 , 0.3 , 0.3 , 0.3 ])}

split_conformal_raps_MLP full class metrics: {'class_coverage': array([1.        , 0.        , 0.71428571, 1.        , 0.8       ,
       1.        , 0.95918367, 1.        , 0.25      , 0.        ]), 'class_mean_width': array([3.10752688, 3.        , 4.57142857, 4.77777778, 4.1       ,
       3.3125    , 3.30612245, 3.08139535, 3.25      , 3.66666667]), 'class_median_width': array([3. , 3. , 5. , 5. , 4.5, 3. , 3. , 3. , 3. , 3. ]), 'class_mean_width_scaled': array([0.31075269, 0.3       , 0.45714286, 0.47777778, 0.41      ,
       0.33125   , 0.33061224, 0.30813953, 0.325     , 0.36666667]), 'class_median_width_scaled': array([0.3 , 0.3 , 0.5 , 0.5 , 0.45, 0.3 , 0.3 , 0.3 , 0.3 , 0.3 ])}

Job completed at Thu Mar 20 05:03:31 PM PDT 2025
