Starting job at Thu Mar 20 05:04:06 PM PDT 2025
Job parameters:
Dataset: data_language
UQ Method: split_conformal_topk
Estimator: AdaBoost
Seed: 782
Train Size: 0.8
Running split_conformal_topk on data_language with seed 782 and train size 0.8

starting experiment

data created

Fitting split_conformal_topk_AdaBoost on data_language with seed 782

split_conformal_topk_AdaBoost metrics: {'coverage': np.float64(0.91), 'mean_width': np.float64(17.065), 'median_width': np.float64(17.0), 'mean_width_scaled': np.float64(0.5688333333333334), 'median_width_scaled': np.float64(0.5666666666666667)}

split_conformal_topk_AdaBoost full metrics: {'coverage': np.float64(0.91), 'mean_width': np.float64(17.065), 'median_width': np.float64(17.0), 'mean_width_scaled': np.float64(0.5688333333333334), 'median_width_scaled': np.float64(0.5666666666666667)}

split_conformal_topk_AdaBoost class metrics: {'class_coverage': array([1.        , 1.        , 1.        , 0.        , 1.        ,
       1.        , 1.        , 1.        , 1.        , 1.        ,
       0.2       , 1.        , 1.        , 0.83333333, 0.        ,
       1.        , 1.        , 1.        , 1.        , 1.        ,
       1.        , 1.        , 1.        , 1.        , 1.        ,
       0.        , 0.        , 0.66666667, 1.        , 1.        ]), 'class_mean_width': array([17. , 17. , 17. , 17. , 17. , 17. , 17. , 17. , 17. , 17. , 19.6,
       17. , 17. , 17. , 17. , 17. , 17. , 17. , 17. , 17. , 17. , 17. ,
       17. , 17. , 17. , 17. , 17. , 17. , 17. , 17. ]), 'class_median_width': array([17., 17., 17., 17., 17., 17., 17., 17., 17., 17., 17., 17., 17.,
       17., 17., 17., 17., 17., 17., 17., 17., 17., 17., 17., 17., 17.,
       17., 17., 17., 17.]), 'class_mean_width_scaled': array([0.56666667, 0.56666667, 0.56666667, 0.56666667, 0.56666667,
       0.56666667, 0.56666667, 0.56666667, 0.56666667, 0.56666667,
       0.65333333, 0.56666667, 0.56666667, 0.56666667, 0.56666667,
       0.56666667, 0.56666667, 0.56666667, 0.56666667, 0.56666667,
       0.56666667, 0.56666667, 0.56666667, 0.56666667, 0.56666667,
       0.56666667, 0.56666667, 0.56666667, 0.56666667, 0.56666667]), 'class_median_width_scaled': array([0.56666667, 0.56666667, 0.56666667, 0.56666667, 0.56666667,
       0.56666667, 0.56666667, 0.56666667, 0.56666667, 0.56666667,
       0.56666667, 0.56666667, 0.56666667, 0.56666667, 0.56666667,
       0.56666667, 0.56666667, 0.56666667, 0.56666667, 0.56666667,
       0.56666667, 0.56666667, 0.56666667, 0.56666667, 0.56666667,
       0.56666667, 0.56666667, 0.56666667, 0.56666667, 0.56666667])}

split_conformal_topk_AdaBoost full class metrics: {'class_coverage': array([1.        , 1.        , 1.        , 0.        , 1.        ,
       1.        , 1.        , 1.        , 1.        , 1.        ,
       0.2       , 1.        , 1.        , 0.83333333, 0.        ,
       1.        , 1.        , 1.        , 1.        , 1.        ,
       1.        , 1.        , 1.        , 1.        , 1.        ,
       0.        , 0.        , 0.66666667, 1.        , 1.        ]), 'class_mean_width': array([17. , 17. , 17. , 17. , 17. , 17. , 17. , 17. , 17. , 17. , 19.6,
       17. , 17. , 17. , 17. , 17. , 17. , 17. , 17. , 17. , 17. , 17. ,
       17. , 17. , 17. , 17. , 17. , 17. , 17. , 17. ]), 'class_median_width': array([17., 17., 17., 17., 17., 17., 17., 17., 17., 17., 17., 17., 17.,
       17., 17., 17., 17., 17., 17., 17., 17., 17., 17., 17., 17., 17.,
       17., 17., 17., 17.]), 'class_mean_width_scaled': array([0.56666667, 0.56666667, 0.56666667, 0.56666667, 0.56666667,
       0.56666667, 0.56666667, 0.56666667, 0.56666667, 0.56666667,
       0.65333333, 0.56666667, 0.56666667, 0.56666667, 0.56666667,
       0.56666667, 0.56666667, 0.56666667, 0.56666667, 0.56666667,
       0.56666667, 0.56666667, 0.56666667, 0.56666667, 0.56666667,
       0.56666667, 0.56666667, 0.56666667, 0.56666667, 0.56666667]), 'class_median_width_scaled': array([0.56666667, 0.56666667, 0.56666667, 0.56666667, 0.56666667,
       0.56666667, 0.56666667, 0.56666667, 0.56666667, 0.56666667,
       0.56666667, 0.56666667, 0.56666667, 0.56666667, 0.56666667,
       0.56666667, 0.56666667, 0.56666667, 0.56666667, 0.56666667,
       0.56666667, 0.56666667, 0.56666667, 0.56666667, 0.56666667,
       0.56666667, 0.56666667, 0.56666667, 0.56666667, 0.56666667])}

Job completed at Thu Mar 20 05:04:08 PM PDT 2025
