Starting job at Thu Mar 20 05:03:24 PM PDT 2025
Job parameters:
Dataset: data_language
UQ Method: split_conformal_raps
Estimator: HistGradientBoosting
Seed: 782
Train Size: 0.8
Running split_conformal_raps on data_language with seed 782 and train size 0.8

starting experiment

data created

Fitting split_conformal_raps_HistGradientBoosting on data_language with seed 782

split_conformal_raps_HistGradientBoosting metrics: {'coverage': np.float64(0.905), 'mean_width': np.float64(14.72), 'median_width': np.float64(15.0), 'mean_width_scaled': np.float64(0.4906666666666667), 'median_width_scaled': np.float64(0.5)}

split_conformal_raps_HistGradientBoosting full metrics: {'coverage': np.float64(0.905), 'mean_width': np.float64(14.72), 'median_width': np.float64(15.0), 'mean_width_scaled': np.float64(0.4906666666666667), 'median_width_scaled': np.float64(0.5)}

split_conformal_raps_HistGradientBoosting class metrics: {'class_coverage': array([1.        , 1.        , 1.        , 0.66666667, 1.        ,
       1.        , 1.        , 1.        , 1.        , 1.        ,
       1.        , 0.        , 1.        , 1.        , 0.        ,
       1.        , 0.8       , 1.        , 0.        , 1.        ,
       1.        , 1.        , 0.83333333, 1.        , 0.5       ,
       0.6       , 0.        , 0.66666667, 0.66666667, 1.        ]), 'class_mean_width': array([14.77777778, 15.        , 14.66666667, 14.66666667, 14.85714286,
       14.8       , 14.86666667, 14.33333333, 14.6875    , 14.66666667,
       15.        , 15.        , 14.83333333, 14.83333333, 14.5       ,
       14.55555556, 14.6       , 14.66666667, 15.        , 14.71428571,
       14.9       , 14.8       , 14.16666667, 14.6875    , 14.66666667,
       14.8       , 15.        , 14.16666667, 14.66666667, 15.        ]), 'class_median_width': array([15. , 15. , 15. , 15. , 15. , 15. , 15. , 14. , 15. , 15. , 15. ,
       15. , 15. , 15. , 14.5, 15. , 15. , 15. , 15. , 15. , 15. , 15. ,
       14. , 15. , 15. , 15. , 15. , 14. , 15. , 15. ]), 'class_mean_width_scaled': array([0.49259259, 0.5       , 0.48888889, 0.48888889, 0.4952381 ,
       0.49333333, 0.49555556, 0.47777778, 0.48958333, 0.48888889,
       0.5       , 0.5       , 0.49444444, 0.49444444, 0.48333333,
       0.48518519, 0.48666667, 0.48888889, 0.5       , 0.49047619,
       0.49666667, 0.49333333, 0.47222222, 0.48958333, 0.48888889,
       0.49333333, 0.5       , 0.47222222, 0.48888889, 0.5       ]), 'class_median_width_scaled': array([0.5       , 0.5       , 0.5       , 0.5       , 0.5       ,
       0.5       , 0.5       , 0.46666667, 0.5       , 0.5       ,
       0.5       , 0.5       , 0.5       , 0.5       , 0.48333333,
       0.5       , 0.5       , 0.5       , 0.5       , 0.5       ,
       0.5       , 0.5       , 0.46666667, 0.5       , 0.5       ,
       0.5       , 0.5       , 0.46666667, 0.5       , 0.5       ])}

split_conformal_raps_HistGradientBoosting full class metrics: {'class_coverage': array([1.        , 1.        , 1.        , 0.66666667, 1.        ,
       1.        , 1.        , 1.        , 1.        , 1.        ,
       1.        , 0.        , 1.        , 1.        , 0.        ,
       1.        , 0.8       , 1.        , 0.        , 1.        ,
       1.        , 1.        , 0.83333333, 1.        , 0.5       ,
       0.6       , 0.        , 0.66666667, 0.66666667, 1.        ]), 'class_mean_width': array([14.77777778, 15.        , 14.66666667, 14.66666667, 14.85714286,
       14.8       , 14.86666667, 14.33333333, 14.6875    , 14.66666667,
       15.        , 15.        , 14.83333333, 14.83333333, 14.5       ,
       14.55555556, 14.6       , 14.66666667, 15.        , 14.71428571,
       14.9       , 14.8       , 14.16666667, 14.6875    , 14.66666667,
       14.8       , 15.        , 14.16666667, 14.66666667, 15.        ]), 'class_median_width': array([15. , 15. , 15. , 15. , 15. , 15. , 15. , 14. , 15. , 15. , 15. ,
       15. , 15. , 15. , 14.5, 15. , 15. , 15. , 15. , 15. , 15. , 15. ,
       14. , 15. , 15. , 15. , 15. , 14. , 15. , 15. ]), 'class_mean_width_scaled': array([0.49259259, 0.5       , 0.48888889, 0.48888889, 0.4952381 ,
       0.49333333, 0.49555556, 0.47777778, 0.48958333, 0.48888889,
       0.5       , 0.5       , 0.49444444, 0.49444444, 0.48333333,
       0.48518519, 0.48666667, 0.48888889, 0.5       , 0.49047619,
       0.49666667, 0.49333333, 0.47222222, 0.48958333, 0.48888889,
       0.49333333, 0.5       , 0.47222222, 0.48888889, 0.5       ]), 'class_median_width_scaled': array([0.5       , 0.5       , 0.5       , 0.5       , 0.5       ,
       0.5       , 0.5       , 0.46666667, 0.5       , 0.5       ,
       0.5       , 0.5       , 0.5       , 0.5       , 0.48333333,
       0.5       , 0.5       , 0.5       , 0.5       , 0.5       ,
       0.5       , 0.5       , 0.46666667, 0.5       , 0.5       ,
       0.5       , 0.5       , 0.46666667, 0.5       , 0.5       ])}

Job completed at Thu Mar 20 05:03:28 PM PDT 2025
