Starting job at Thu Mar 20 05:03:27 PM PDT 2025
Job parameters:
Dataset: data_language
UQ Method: split_conformal_raps
Estimator: HistGradientBoosting
Seed: 785
Train Size: 0.8
Running split_conformal_raps on data_language with seed 785 and train size 0.8

starting experiment

data created

Fitting split_conformal_raps_HistGradientBoosting on data_language with seed 785

split_conformal_raps_HistGradientBoosting metrics: {'coverage': np.float64(0.88), 'mean_width': np.float64(13.67), 'median_width': np.float64(16.0), 'mean_width_scaled': np.float64(0.45566666666666666), 'median_width_scaled': np.float64(0.5333333333333333)}

split_conformal_raps_HistGradientBoosting full metrics: {'coverage': np.float64(0.88), 'mean_width': np.float64(13.67), 'median_width': np.float64(16.0), 'mean_width_scaled': np.float64(0.45566666666666666), 'median_width_scaled': np.float64(0.5333333333333333)}

split_conformal_raps_HistGradientBoosting class metrics: {'class_coverage': array([1.        , 0.6       , 1.        , 0.66666667, 0.85714286,
       0.9       , 1.        , 0.66666667, 1.        , 1.        ,
       0.6       , 1.        , 0.83333333, 0.83333333, 0.        ,
       0.88888889, 0.8       , 1.        , 0.66666667, 0.85714286,
       1.        , 1.        , 1.        , 1.        , 0.83333333,
       0.6       , 1.        , 1.        , 0.66666667, 0.        ]), 'class_mean_width': array([12.44444444, 15.6       , 14.66666667, 16.        , 13.28571429,
       12.9       , 14.8       , 11.        , 12.25      , 15.        ,
       13.4       , 16.        , 15.        , 14.16666667, 16.        ,
       14.22222222, 14.4       , 14.        , 14.66666667, 13.85714286,
       12.3       , 13.8       , 12.33333333, 12.25      , 15.        ,
       16.        , 16.        , 14.33333333, 13.33333333, 15.5       ]), 'class_median_width': array([15. , 16. , 16. , 16. , 16. , 14. , 16. , 12. , 14. , 16. , 16. ,
       16. , 16. , 16. , 16. , 15. , 16. , 16. , 14. , 15. , 13. , 15. ,
       12.5, 12.5, 16. , 16. , 16. , 15.5, 16. , 15.5]), 'class_mean_width_scaled': array([0.41481481, 0.52      , 0.48888889, 0.53333333, 0.44285714,
       0.43      , 0.49333333, 0.36666667, 0.40833333, 0.5       ,
       0.44666667, 0.53333333, 0.5       , 0.47222222, 0.53333333,
       0.47407407, 0.48      , 0.46666667, 0.48888889, 0.46190476,
       0.41      , 0.46      , 0.41111111, 0.40833333, 0.5       ,
       0.53333333, 0.53333333, 0.47777778, 0.44444444, 0.51666667]), 'class_median_width_scaled': array([0.5       , 0.53333333, 0.53333333, 0.53333333, 0.53333333,
       0.46666667, 0.53333333, 0.4       , 0.46666667, 0.53333333,
       0.53333333, 0.53333333, 0.53333333, 0.53333333, 0.53333333,
       0.5       , 0.53333333, 0.53333333, 0.46666667, 0.5       ,
       0.43333333, 0.5       , 0.41666667, 0.41666667, 0.53333333,
       0.53333333, 0.53333333, 0.51666667, 0.53333333, 0.51666667])}

split_conformal_raps_HistGradientBoosting full class metrics: {'class_coverage': array([1.        , 0.6       , 1.        , 0.66666667, 0.85714286,
       0.9       , 1.        , 0.66666667, 1.        , 1.        ,
       0.6       , 1.        , 0.83333333, 0.83333333, 0.        ,
       0.88888889, 0.8       , 1.        , 0.66666667, 0.85714286,
       1.        , 1.        , 1.        , 1.        , 0.83333333,
       0.6       , 1.        , 1.        , 0.66666667, 0.        ]), 'class_mean_width': array([12.44444444, 15.6       , 14.66666667, 16.        , 13.28571429,
       12.9       , 14.8       , 11.        , 12.25      , 15.        ,
       13.4       , 16.        , 15.        , 14.16666667, 16.        ,
       14.22222222, 14.4       , 14.        , 14.66666667, 13.85714286,
       12.3       , 13.8       , 12.33333333, 12.25      , 15.        ,
       16.        , 16.        , 14.33333333, 13.33333333, 15.5       ]), 'class_median_width': array([15. , 16. , 16. , 16. , 16. , 14. , 16. , 12. , 14. , 16. , 16. ,
       16. , 16. , 16. , 16. , 15. , 16. , 16. , 14. , 15. , 13. , 15. ,
       12.5, 12.5, 16. , 16. , 16. , 15.5, 16. , 15.5]), 'class_mean_width_scaled': array([0.41481481, 0.52      , 0.48888889, 0.53333333, 0.44285714,
       0.43      , 0.49333333, 0.36666667, 0.40833333, 0.5       ,
       0.44666667, 0.53333333, 0.5       , 0.47222222, 0.53333333,
       0.47407407, 0.48      , 0.46666667, 0.48888889, 0.46190476,
       0.41      , 0.46      , 0.41111111, 0.40833333, 0.5       ,
       0.53333333, 0.53333333, 0.47777778, 0.44444444, 0.51666667]), 'class_median_width_scaled': array([0.5       , 0.53333333, 0.53333333, 0.53333333, 0.53333333,
       0.46666667, 0.53333333, 0.4       , 0.46666667, 0.53333333,
       0.53333333, 0.53333333, 0.53333333, 0.53333333, 0.53333333,
       0.5       , 0.53333333, 0.53333333, 0.46666667, 0.5       ,
       0.43333333, 0.5       , 0.41666667, 0.41666667, 0.53333333,
       0.53333333, 0.53333333, 0.51666667, 0.53333333, 0.51666667])}

Job completed at Thu Mar 20 05:03:32 PM PDT 2025
