Starting job at Thu Mar 20 05:03:24 PM PDT 2025
Job parameters:
Dataset: data_language
UQ Method: split_conformal_raps
Estimator: HistGradientBoosting
Seed: 777
Train Size: 0.8
Running split_conformal_raps on data_language with seed 777 and train size 0.8

starting experiment

data created

Fitting split_conformal_raps_HistGradientBoosting on data_language with seed 777

split_conformal_raps_HistGradientBoosting metrics: {'coverage': np.float64(0.885), 'mean_width': np.float64(13.865), 'median_width': np.float64(13.0), 'mean_width_scaled': np.float64(0.46216666666666667), 'median_width_scaled': np.float64(0.43333333333333335)}

split_conformal_raps_HistGradientBoosting full metrics: {'coverage': np.float64(0.885), 'mean_width': np.float64(13.865), 'median_width': np.float64(13.0), 'mean_width_scaled': np.float64(0.46216666666666667), 'median_width_scaled': np.float64(0.43333333333333335)}

split_conformal_raps_HistGradientBoosting class metrics: {'class_coverage': array([1.        , 0.8       , 1.        , 0.66666667, 0.85714286,
       1.        , 1.        , 0.83333333, 1.        , 1.        ,
       0.8       , 1.        , 0.83333333, 0.83333333, 0.5       ,
       0.88888889, 0.8       , 0.66666667, 0.66666667, 0.85714286,
       0.7       , 1.        , 0.5       , 1.        , 0.66666667,
       1.        , 1.        , 0.83333333, 1.        , 0.5       ]), 'class_mean_width': array([13.11111111, 16.        , 13.        , 12.        , 13.85714286,
       15.1       , 16.2       ,  8.        , 11.3125    , 16.16666667,
        9.8       , 22.        , 14.66666667, 13.5       , 15.5       ,
       12.        , 10.8       , 16.        , 14.33333333, 13.42857143,
       13.3       , 15.53333333,  9.66666667, 10.8125    , 16.66666667,
       18.2       , 24.        , 20.5       , 16.33333333, 16.        ]), 'class_median_width': array([12. , 15. , 13. ,  9. , 17. , 14. , 15. ,  7.5,  9.5, 19.5,  7. ,
       22. , 15.5, 13.5, 15.5, 11. , 10. , 18. , 16. , 14. , 13.5, 15. ,
        7. , 10. , 20. , 21. , 24. , 20. , 20. , 16. ]), 'class_mean_width_scaled': array([0.43703704, 0.53333333, 0.43333333, 0.4       , 0.46190476,
       0.50333333, 0.54      , 0.26666667, 0.37708333, 0.53888889,
       0.32666667, 0.73333333, 0.48888889, 0.45      , 0.51666667,
       0.4       , 0.36      , 0.53333333, 0.47777778, 0.44761905,
       0.44333333, 0.51777778, 0.32222222, 0.36041667, 0.55555556,
       0.60666667, 0.8       , 0.68333333, 0.54444444, 0.53333333]), 'class_median_width_scaled': array([0.4       , 0.5       , 0.43333333, 0.3       , 0.56666667,
       0.46666667, 0.5       , 0.25      , 0.31666667, 0.65      ,
       0.23333333, 0.73333333, 0.51666667, 0.45      , 0.51666667,
       0.36666667, 0.33333333, 0.6       , 0.53333333, 0.46666667,
       0.45      , 0.5       , 0.23333333, 0.33333333, 0.66666667,
       0.7       , 0.8       , 0.66666667, 0.66666667, 0.53333333])}

split_conformal_raps_HistGradientBoosting full class metrics: {'class_coverage': array([1.        , 0.8       , 1.        , 0.66666667, 0.85714286,
       1.        , 1.        , 0.83333333, 1.        , 1.        ,
       0.8       , 1.        , 0.83333333, 0.83333333, 0.5       ,
       0.88888889, 0.8       , 0.66666667, 0.66666667, 0.85714286,
       0.7       , 1.        , 0.5       , 1.        , 0.66666667,
       1.        , 1.        , 0.83333333, 1.        , 0.5       ]), 'class_mean_width': array([13.11111111, 16.        , 13.        , 12.        , 13.85714286,
       15.1       , 16.2       ,  8.        , 11.3125    , 16.16666667,
        9.8       , 22.        , 14.66666667, 13.5       , 15.5       ,
       12.        , 10.8       , 16.        , 14.33333333, 13.42857143,
       13.3       , 15.53333333,  9.66666667, 10.8125    , 16.66666667,
       18.2       , 24.        , 20.5       , 16.33333333, 16.        ]), 'class_median_width': array([12. , 15. , 13. ,  9. , 17. , 14. , 15. ,  7.5,  9.5, 19.5,  7. ,
       22. , 15.5, 13.5, 15.5, 11. , 10. , 18. , 16. , 14. , 13.5, 15. ,
        7. , 10. , 20. , 21. , 24. , 20. , 20. , 16. ]), 'class_mean_width_scaled': array([0.43703704, 0.53333333, 0.43333333, 0.4       , 0.46190476,
       0.50333333, 0.54      , 0.26666667, 0.37708333, 0.53888889,
       0.32666667, 0.73333333, 0.48888889, 0.45      , 0.51666667,
       0.4       , 0.36      , 0.53333333, 0.47777778, 0.44761905,
       0.44333333, 0.51777778, 0.32222222, 0.36041667, 0.55555556,
       0.60666667, 0.8       , 0.68333333, 0.54444444, 0.53333333]), 'class_median_width_scaled': array([0.4       , 0.5       , 0.43333333, 0.3       , 0.56666667,
       0.46666667, 0.5       , 0.25      , 0.31666667, 0.65      ,
       0.23333333, 0.73333333, 0.51666667, 0.45      , 0.51666667,
       0.36666667, 0.33333333, 0.6       , 0.53333333, 0.46666667,
       0.45      , 0.5       , 0.23333333, 0.33333333, 0.66666667,
       0.7       , 0.8       , 0.66666667, 0.66666667, 0.53333333])}

Job completed at Thu Mar 20 05:03:30 PM PDT 2025
