Starting job at Thu Mar 20 05:03:25 PM PDT 2025
Job parameters:
Dataset: data_language
UQ Method: split_conformal_raps
Estimator: HistGradientBoosting
Seed: 780
Train Size: 0.8
Running split_conformal_raps on data_language with seed 780 and train size 0.8

starting experiment

data created

Fitting split_conformal_raps_HistGradientBoosting on data_language with seed 780

split_conformal_raps_HistGradientBoosting metrics: {'coverage': np.float64(0.92), 'mean_width': np.float64(14.225), 'median_width': np.float64(16.0), 'mean_width_scaled': np.float64(0.4741666666666667), 'median_width_scaled': np.float64(0.5333333333333333)}

split_conformal_raps_HistGradientBoosting full metrics: {'coverage': np.float64(0.92), 'mean_width': np.float64(14.225), 'median_width': np.float64(16.0), 'mean_width_scaled': np.float64(0.4741666666666667), 'median_width_scaled': np.float64(0.5333333333333333)}

split_conformal_raps_HistGradientBoosting class metrics: {'class_coverage': array([1.        , 1.        , 1.        , 1.        , 0.85714286,
       0.8       , 1.        , 1.        , 0.9375    , 1.        ,
       1.        , 1.        , 0.83333333, 1.        , 1.        ,
       0.88888889, 0.8       , 0.66666667, 1.        , 0.85714286,
       1.        , 1.        , 0.66666667, 1.        , 0.5       ,
       1.        , 1.        , 1.        , 1.        , 0.        ]), 'class_mean_width': array([12.44444444, 16.6       , 10.33333333, 13.66666667, 13.57142857,
       14.9       , 14.93333333, 11.        , 13.5625    , 17.        ,
       16.2       ,  8.        , 14.        , 16.66666667, 17.5       ,
       10.55555556, 15.8       , 17.66666667, 15.66666667, 17.        ,
       13.2       , 16.06666667, 13.83333333, 13.125     , 11.16666667,
       16.2       , 18.        , 12.16666667, 14.33333333, 16.5       ]), 'class_median_width': array([14. , 18. , 11. , 13. , 14. , 18. , 16. , 11. , 15.5, 18. , 18. ,
        8. , 17. , 18. , 17.5, 10. , 16. , 18. , 16. , 18. , 13.5, 18. ,
       17.5, 13.5, 10. , 17. , 18. , 10.5, 15.5, 16.5]), 'class_mean_width_scaled': array([0.41481481, 0.55333333, 0.34444444, 0.45555556, 0.45238095,
       0.49666667, 0.49777778, 0.36666667, 0.45208333, 0.56666667,
       0.54      , 0.26666667, 0.46666667, 0.55555556, 0.58333333,
       0.35185185, 0.52666667, 0.58888889, 0.52222222, 0.56666667,
       0.44      , 0.53555556, 0.46111111, 0.4375    , 0.37222222,
       0.54      , 0.6       , 0.40555556, 0.47777778, 0.55      ]), 'class_median_width_scaled': array([0.46666667, 0.6       , 0.36666667, 0.43333333, 0.46666667,
       0.6       , 0.53333333, 0.36666667, 0.51666667, 0.6       ,
       0.6       , 0.26666667, 0.56666667, 0.6       , 0.58333333,
       0.33333333, 0.53333333, 0.6       , 0.53333333, 0.6       ,
       0.45      , 0.6       , 0.58333333, 0.45      , 0.33333333,
       0.56666667, 0.6       , 0.35      , 0.51666667, 0.55      ])}

split_conformal_raps_HistGradientBoosting full class metrics: {'class_coverage': array([1.        , 1.        , 1.        , 1.        , 0.85714286,
       0.8       , 1.        , 1.        , 0.9375    , 1.        ,
       1.        , 1.        , 0.83333333, 1.        , 1.        ,
       0.88888889, 0.8       , 0.66666667, 1.        , 0.85714286,
       1.        , 1.        , 0.66666667, 1.        , 0.5       ,
       1.        , 1.        , 1.        , 1.        , 0.        ]), 'class_mean_width': array([12.44444444, 16.6       , 10.33333333, 13.66666667, 13.57142857,
       14.9       , 14.93333333, 11.        , 13.5625    , 17.        ,
       16.2       ,  8.        , 14.        , 16.66666667, 17.5       ,
       10.55555556, 15.8       , 17.66666667, 15.66666667, 17.        ,
       13.2       , 16.06666667, 13.83333333, 13.125     , 11.16666667,
       16.2       , 18.        , 12.16666667, 14.33333333, 16.5       ]), 'class_median_width': array([14. , 18. , 11. , 13. , 14. , 18. , 16. , 11. , 15.5, 18. , 18. ,
        8. , 17. , 18. , 17.5, 10. , 16. , 18. , 16. , 18. , 13.5, 18. ,
       17.5, 13.5, 10. , 17. , 18. , 10.5, 15.5, 16.5]), 'class_mean_width_scaled': array([0.41481481, 0.55333333, 0.34444444, 0.45555556, 0.45238095,
       0.49666667, 0.49777778, 0.36666667, 0.45208333, 0.56666667,
       0.54      , 0.26666667, 0.46666667, 0.55555556, 0.58333333,
       0.35185185, 0.52666667, 0.58888889, 0.52222222, 0.56666667,
       0.44      , 0.53555556, 0.46111111, 0.4375    , 0.37222222,
       0.54      , 0.6       , 0.40555556, 0.47777778, 0.55      ]), 'class_median_width_scaled': array([0.46666667, 0.6       , 0.36666667, 0.43333333, 0.46666667,
       0.6       , 0.53333333, 0.36666667, 0.51666667, 0.6       ,
       0.6       , 0.26666667, 0.56666667, 0.6       , 0.58333333,
       0.33333333, 0.53333333, 0.6       , 0.53333333, 0.6       ,
       0.45      , 0.6       , 0.58333333, 0.45      , 0.33333333,
       0.56666667, 0.6       , 0.35      , 0.51666667, 0.55      ])}

Job completed at Thu Mar 20 05:03:30 PM PDT 2025
