Starting job at Wed Mar 19 06:24:12 PM PDT 2025
Job parameters:
Dataset: data_walking
UQ Method: split_conformal_raps
Estimator: LogisticRegression
Seed: 779
Train Size: 0.8
Running split_conformal_raps on data_walking with seed 779 and train size 0.8

starting experiment

data created

Fitting split_conformal_raps_LogisticRegression on data_walking with seed 779

split_conformal_raps_LogisticRegression metrics: {'coverage': np.float64(0.896), 'mean_width': np.float64(10.098), 'median_width': np.float64(10.0), 'mean_width_scaled': np.float64(0.459), 'median_width_scaled': np.float64(0.45454545454545453)}

split_conformal_raps_LogisticRegression full metrics: {'coverage': np.float64(0.896), 'mean_width': np.float64(10.098), 'median_width': np.float64(10.0), 'mean_width_scaled': np.float64(0.459), 'median_width_scaled': np.float64(0.45454545454545453)}

split_conformal_raps_LogisticRegression class metrics: {'class_coverage': array([0.80645161, 0.8       , 0.95959596, 0.88938053, 0.85333333,
       0.75539568, 0.94080997, 0.55440415, 0.96654275, 0.98757764,
       0.69387755, 0.91891892, 0.52173913, 0.89819005, 0.92326139,
       0.8627451 , 0.98825257, 0.82258065, 0.94102564, 0.84615385,
       0.65217391, 0.90714286]), 'class_mean_width': array([10.15322581, 10.04444444, 10.12121212, 10.15044248, 10.06      ,
       10.1942446 , 10.11214953, 10.06735751, 10.09665428, 10.08281573,
       10.49659864, 10.05405405, 10.4057971 , 10.03280543, 10.05395683,
       10.05882353, 10.04992658, 10.2983871 , 10.06153846, 10.3525641 ,
       10.        , 10.06785714]), 'class_median_width': array([10., 10., 10., 10., 10., 10., 10., 10., 10., 10., 10., 10., 10.,
       10., 10., 10., 10., 10., 10., 10., 10., 10.]), 'class_mean_width_scaled': array([0.46151026, 0.45656566, 0.4600551 , 0.46138375, 0.45727273,
       0.46337475, 0.45964316, 0.45760716, 0.45893883, 0.45830981,
       0.47711812, 0.45700246, 0.47299078, 0.45603661, 0.45699804,
       0.45721925, 0.45681484, 0.4681085 , 0.45734266, 0.4705711 ,
       0.45454545, 0.45762987]), 'class_median_width_scaled': array([0.45454545, 0.45454545, 0.45454545, 0.45454545, 0.45454545,
       0.45454545, 0.45454545, 0.45454545, 0.45454545, 0.45454545,
       0.45454545, 0.45454545, 0.45454545, 0.45454545, 0.45454545,
       0.45454545, 0.45454545, 0.45454545, 0.45454545, 0.45454545,
       0.45454545, 0.45454545])}

split_conformal_raps_LogisticRegression full class metrics: {'class_coverage': array([0.80645161, 0.8       , 0.95959596, 0.88938053, 0.85333333,
       0.75539568, 0.94080997, 0.55440415, 0.96654275, 0.98757764,
       0.69387755, 0.91891892, 0.52173913, 0.89819005, 0.92326139,
       0.8627451 , 0.98825257, 0.82258065, 0.94102564, 0.84615385,
       0.65217391, 0.90714286]), 'class_mean_width': array([10.15322581, 10.04444444, 10.12121212, 10.15044248, 10.06      ,
       10.1942446 , 10.11214953, 10.06735751, 10.09665428, 10.08281573,
       10.49659864, 10.05405405, 10.4057971 , 10.03280543, 10.05395683,
       10.05882353, 10.04992658, 10.2983871 , 10.06153846, 10.3525641 ,
       10.        , 10.06785714]), 'class_median_width': array([10., 10., 10., 10., 10., 10., 10., 10., 10., 10., 10., 10., 10.,
       10., 10., 10., 10., 10., 10., 10., 10., 10.]), 'class_mean_width_scaled': array([0.46151026, 0.45656566, 0.4600551 , 0.46138375, 0.45727273,
       0.46337475, 0.45964316, 0.45760716, 0.45893883, 0.45830981,
       0.47711812, 0.45700246, 0.47299078, 0.45603661, 0.45699804,
       0.45721925, 0.45681484, 0.4681085 , 0.45734266, 0.4705711 ,
       0.45454545, 0.45762987]), 'class_median_width_scaled': array([0.45454545, 0.45454545, 0.45454545, 0.45454545, 0.45454545,
       0.45454545, 0.45454545, 0.45454545, 0.45454545, 0.45454545,
       0.45454545, 0.45454545, 0.45454545, 0.45454545, 0.45454545,
       0.45454545, 0.45454545, 0.45454545, 0.45454545, 0.45454545,
       0.45454545, 0.45454545])}

Job completed at Wed Mar 19 06:24:17 PM PDT 2025
