Starting job at Wed Mar 19 06:24:18 PM PDT 2025
Job parameters:
Dataset: data_walking
UQ Method: split_conformal_raps
Estimator: LogisticRegression
Seed: 782
Train Size: 0.8
Running split_conformal_raps on data_walking with seed 782 and train size 0.8

starting experiment

data created

Fitting split_conformal_raps_LogisticRegression on data_walking with seed 782

split_conformal_raps_LogisticRegression metrics: {'coverage': np.float64(0.9128333333333334), 'mean_width': np.float64(11.048666666666668), 'median_width': np.float64(11.0), 'mean_width_scaled': np.float64(0.5022121212121212), 'median_width_scaled': np.float64(0.5)}

split_conformal_raps_LogisticRegression full metrics: {'coverage': np.float64(0.9128333333333334), 'mean_width': np.float64(11.048666666666668), 'median_width': np.float64(11.0), 'mean_width_scaled': np.float64(0.5022121212121212), 'median_width_scaled': np.float64(0.5)}

split_conformal_raps_LogisticRegression class metrics: {'class_coverage': array([0.83064516, 0.82222222, 0.95959596, 0.92035398, 0.83333333,
       0.82014388, 0.97196262, 0.4507772 , 0.98141264, 0.98964803,
       0.86394558, 0.91891892, 0.65217391, 0.90158371, 0.92446043,
       0.90686275, 0.98678414, 0.87096774, 0.97692308, 0.86538462,
       0.89130435, 0.93928571]), 'class_mean_width': array([11.08870968, 11.02222222, 11.05050505, 11.07079646, 11.02666667,
       11.07194245, 11.03115265, 11.05181347, 11.06319703, 11.04761905,
       11.28571429, 11.05405405, 11.23188406, 11.02714932, 11.01798561,
       11.03431373, 11.01321586, 11.16935484, 11.02307692, 11.13461538,
       11.        , 11.05      ]), 'class_median_width': array([11., 11., 11., 11., 11., 11., 11., 11., 11., 11., 11., 11., 11.,
       11., 11., 11., 11., 11., 11., 11., 11., 11.]), 'class_mean_width_scaled': array([0.50403226, 0.5010101 , 0.50229568, 0.50321802, 0.50121212,
       0.50327011, 0.50141603, 0.50235516, 0.50287259, 0.5021645 ,
       0.51298701, 0.502457  , 0.51054018, 0.50123406, 0.50081753,
       0.50155971, 0.50060072, 0.50769795, 0.50104895, 0.50611888,
       0.5       , 0.50227273]), 'class_median_width_scaled': array([0.5, 0.5, 0.5, 0.5, 0.5, 0.5, 0.5, 0.5, 0.5, 0.5, 0.5, 0.5, 0.5,
       0.5, 0.5, 0.5, 0.5, 0.5, 0.5, 0.5, 0.5, 0.5])}

split_conformal_raps_LogisticRegression full class metrics: {'class_coverage': array([0.83064516, 0.82222222, 0.95959596, 0.92035398, 0.83333333,
       0.82014388, 0.97196262, 0.4507772 , 0.98141264, 0.98964803,
       0.86394558, 0.91891892, 0.65217391, 0.90158371, 0.92446043,
       0.90686275, 0.98678414, 0.87096774, 0.97692308, 0.86538462,
       0.89130435, 0.93928571]), 'class_mean_width': array([11.08870968, 11.02222222, 11.05050505, 11.07079646, 11.02666667,
       11.07194245, 11.03115265, 11.05181347, 11.06319703, 11.04761905,
       11.28571429, 11.05405405, 11.23188406, 11.02714932, 11.01798561,
       11.03431373, 11.01321586, 11.16935484, 11.02307692, 11.13461538,
       11.        , 11.05      ]), 'class_median_width': array([11., 11., 11., 11., 11., 11., 11., 11., 11., 11., 11., 11., 11.,
       11., 11., 11., 11., 11., 11., 11., 11., 11.]), 'class_mean_width_scaled': array([0.50403226, 0.5010101 , 0.50229568, 0.50321802, 0.50121212,
       0.50327011, 0.50141603, 0.50235516, 0.50287259, 0.5021645 ,
       0.51298701, 0.502457  , 0.51054018, 0.50123406, 0.50081753,
       0.50155971, 0.50060072, 0.50769795, 0.50104895, 0.50611888,
       0.5       , 0.50227273]), 'class_median_width_scaled': array([0.5, 0.5, 0.5, 0.5, 0.5, 0.5, 0.5, 0.5, 0.5, 0.5, 0.5, 0.5, 0.5,
       0.5, 0.5, 0.5, 0.5, 0.5, 0.5, 0.5, 0.5, 0.5])}

Job completed at Wed Mar 19 06:24:24 PM PDT 2025
