Starting job at Thu Mar 20 05:03:04 PM PDT 2025
Job parameters:
Dataset: data_language
UQ Method: split_conformal_aps
Estimator: RandomForest
Seed: 777
Train Size: 0.8
Running split_conformal_aps on data_language with seed 777 and train size 0.8

starting experiment

data created

Fitting split_conformal_aps_RandomForest on data_language with seed 777

split_conformal_aps_RandomForest metrics: {'coverage': np.float64(0.915), 'mean_width': np.float64(10.72), 'median_width': np.float64(11.0), 'mean_width_scaled': np.float64(0.35733333333333334), 'median_width_scaled': np.float64(0.36666666666666664)}

split_conformal_aps_RandomForest full metrics: {'coverage': np.float64(0.915), 'mean_width': np.float64(10.72), 'median_width': np.float64(11.0), 'mean_width_scaled': np.float64(0.35733333333333334), 'median_width_scaled': np.float64(0.36666666666666664)}

split_conformal_aps_RandomForest class metrics: {'class_coverage': array([0.88888889, 0.8       , 1.        , 0.33333333, 0.85714286,
       1.        , 1.        , 1.        , 1.        , 1.        ,
       1.        , 1.        , 1.        , 1.        , 0.        ,
       0.88888889, 1.        , 1.        , 1.        , 1.        ,
       0.8       , 1.        , 0.83333333, 1.        , 0.5       ,
       0.8       , 1.        , 0.83333333, 1.        , 0.5       ]), 'class_mean_width': array([10.88888889, 11.        , 11.66666667, 11.        , 11.28571429,
       11.8       , 11.93333333,  6.5       ,  8.3125    , 10.66666667,
       10.6       , 17.        ,  9.        , 11.83333333, 14.        ,
       12.11111111, 11.8       , 13.33333333,  9.        , 11.71428571,
       11.3       , 12.66666667,  9.33333333,  8.875     , 10.33333333,
        8.2       , 11.        , 11.33333333, 10.        , 14.        ]), 'class_median_width': array([11. , 11. , 12. , 11. , 11. , 12. , 12. ,  6.5,  8. ,  9.5,  9. ,
       17. ,  7.5, 11.5, 14. , 12. , 12. , 12. ,  9. , 12. , 11.5, 13. ,
        9.5,  9. , 11. ,  7. , 11. , 12.5, 10. , 14. ]), 'class_mean_width_scaled': array([0.36296296, 0.36666667, 0.38888889, 0.36666667, 0.37619048,
       0.39333333, 0.39777778, 0.21666667, 0.27708333, 0.35555556,
       0.35333333, 0.56666667, 0.3       , 0.39444444, 0.46666667,
       0.4037037 , 0.39333333, 0.44444444, 0.3       , 0.39047619,
       0.37666667, 0.42222222, 0.31111111, 0.29583333, 0.34444444,
       0.27333333, 0.36666667, 0.37777778, 0.33333333, 0.46666667]), 'class_median_width_scaled': array([0.36666667, 0.36666667, 0.4       , 0.36666667, 0.36666667,
       0.4       , 0.4       , 0.21666667, 0.26666667, 0.31666667,
       0.3       , 0.56666667, 0.25      , 0.38333333, 0.46666667,
       0.4       , 0.4       , 0.4       , 0.3       , 0.4       ,
       0.38333333, 0.43333333, 0.31666667, 0.3       , 0.36666667,
       0.23333333, 0.36666667, 0.41666667, 0.33333333, 0.46666667])}

split_conformal_aps_RandomForest full class metrics: {'class_coverage': array([0.88888889, 0.8       , 1.        , 0.33333333, 0.85714286,
       1.        , 1.        , 1.        , 1.        , 1.        ,
       1.        , 1.        , 1.        , 1.        , 0.        ,
       0.88888889, 1.        , 1.        , 1.        , 1.        ,
       0.8       , 1.        , 0.83333333, 1.        , 0.5       ,
       0.8       , 1.        , 0.83333333, 1.        , 0.5       ]), 'class_mean_width': array([10.88888889, 11.        , 11.66666667, 11.        , 11.28571429,
       11.8       , 11.93333333,  6.5       ,  8.3125    , 10.66666667,
       10.6       , 17.        ,  9.        , 11.83333333, 14.        ,
       12.11111111, 11.8       , 13.33333333,  9.        , 11.71428571,
       11.3       , 12.66666667,  9.33333333,  8.875     , 10.33333333,
        8.2       , 11.        , 11.33333333, 10.        , 14.        ]), 'class_median_width': array([11. , 11. , 12. , 11. , 11. , 12. , 12. ,  6.5,  8. ,  9.5,  9. ,
       17. ,  7.5, 11.5, 14. , 12. , 12. , 12. ,  9. , 12. , 11.5, 13. ,
        9.5,  9. , 11. ,  7. , 11. , 12.5, 10. , 14. ]), 'class_mean_width_scaled': array([0.36296296, 0.36666667, 0.38888889, 0.36666667, 0.37619048,
       0.39333333, 0.39777778, 0.21666667, 0.27708333, 0.35555556,
       0.35333333, 0.56666667, 0.3       , 0.39444444, 0.46666667,
       0.4037037 , 0.39333333, 0.44444444, 0.3       , 0.39047619,
       0.37666667, 0.42222222, 0.31111111, 0.29583333, 0.34444444,
       0.27333333, 0.36666667, 0.37777778, 0.33333333, 0.46666667]), 'class_median_width_scaled': array([0.36666667, 0.36666667, 0.4       , 0.36666667, 0.36666667,
       0.4       , 0.4       , 0.21666667, 0.26666667, 0.31666667,
       0.3       , 0.56666667, 0.25      , 0.38333333, 0.46666667,
       0.4       , 0.4       , 0.4       , 0.3       , 0.4       ,
       0.38333333, 0.43333333, 0.31666667, 0.3       , 0.36666667,
       0.23333333, 0.36666667, 0.41666667, 0.33333333, 0.46666667])}

Job completed at Thu Mar 20 05:03:07 PM PDT 2025
