Starting job at Thu Mar 20 05:03:04 PM PDT 2025
Job parameters:
Dataset: data_language
UQ Method: split_conformal_aps
Estimator: RandomForest
Seed: 779
Train Size: 0.8
Running split_conformal_aps on data_language with seed 779 and train size 0.8

starting experiment

data created

Fitting split_conformal_aps_RandomForest on data_language with seed 779

split_conformal_aps_RandomForest metrics: {'coverage': np.float64(0.925), 'mean_width': np.float64(11.445), 'median_width': np.float64(11.0), 'mean_width_scaled': np.float64(0.3815), 'median_width_scaled': np.float64(0.36666666666666664)}

split_conformal_aps_RandomForest full metrics: {'coverage': np.float64(0.925), 'mean_width': np.float64(11.445), 'median_width': np.float64(11.0), 'mean_width_scaled': np.float64(0.3815), 'median_width_scaled': np.float64(0.36666666666666664)}

split_conformal_aps_RandomForest class metrics: {'class_coverage': array([0.77777778, 1.        , 1.        , 0.66666667, 1.        ,
       0.9       , 1.        , 0.83333333, 0.875     , 1.        ,
       1.        , 1.        , 1.        , 1.        , 0.5       ,
       1.        , 1.        , 1.        , 0.66666667, 0.71428571,
       1.        , 1.        , 1.        , 1.        , 1.        ,
       1.        , 0.        , 0.83333333, 0.83333333, 0.5       ]), 'class_mean_width': array([11.        , 12.8       , 14.        , 12.        , 12.71428571,
       12.1       , 12.6       ,  7.66666667, 10.5       , 10.66666667,
       11.2       , 15.        ,  8.16666667, 10.5       , 14.        ,
       12.66666667, 12.        , 12.33333333, 11.        , 14.42857143,
       12.5       , 12.8       ,  8.66666667,  8.6875    , 11.5       ,
       11.2       , 13.        , 13.33333333, 11.83333333,  9.        ]), 'class_median_width': array([10. , 13. , 14. , 12. , 13. , 11.5, 12. ,  7. , 10.5,  9. , 12. ,
       15. ,  8. , 10. , 14. , 13. , 12. , 11. , 11. , 15. , 13. , 12. ,
        9.5,  9. , 11.5, 12. , 13. , 13.5, 11.5,  9. ]), 'class_mean_width_scaled': array([0.36666667, 0.42666667, 0.46666667, 0.4       , 0.42380952,
       0.40333333, 0.42      , 0.25555556, 0.35      , 0.35555556,
       0.37333333, 0.5       , 0.27222222, 0.35      , 0.46666667,
       0.42222222, 0.4       , 0.41111111, 0.36666667, 0.48095238,
       0.41666667, 0.42666667, 0.28888889, 0.28958333, 0.38333333,
       0.37333333, 0.43333333, 0.44444444, 0.39444444, 0.3       ]), 'class_median_width_scaled': array([0.33333333, 0.43333333, 0.46666667, 0.4       , 0.43333333,
       0.38333333, 0.4       , 0.23333333, 0.35      , 0.3       ,
       0.4       , 0.5       , 0.26666667, 0.33333333, 0.46666667,
       0.43333333, 0.4       , 0.36666667, 0.36666667, 0.5       ,
       0.43333333, 0.4       , 0.31666667, 0.3       , 0.38333333,
       0.4       , 0.43333333, 0.45      , 0.38333333, 0.3       ])}

split_conformal_aps_RandomForest full class metrics: {'class_coverage': array([0.77777778, 1.        , 1.        , 0.66666667, 1.        ,
       0.9       , 1.        , 0.83333333, 0.875     , 1.        ,
       1.        , 1.        , 1.        , 1.        , 0.5       ,
       1.        , 1.        , 1.        , 0.66666667, 0.71428571,
       1.        , 1.        , 1.        , 1.        , 1.        ,
       1.        , 0.        , 0.83333333, 0.83333333, 0.5       ]), 'class_mean_width': array([11.        , 12.8       , 14.        , 12.        , 12.71428571,
       12.1       , 12.6       ,  7.66666667, 10.5       , 10.66666667,
       11.2       , 15.        ,  8.16666667, 10.5       , 14.        ,
       12.66666667, 12.        , 12.33333333, 11.        , 14.42857143,
       12.5       , 12.8       ,  8.66666667,  8.6875    , 11.5       ,
       11.2       , 13.        , 13.33333333, 11.83333333,  9.        ]), 'class_median_width': array([10. , 13. , 14. , 12. , 13. , 11.5, 12. ,  7. , 10.5,  9. , 12. ,
       15. ,  8. , 10. , 14. , 13. , 12. , 11. , 11. , 15. , 13. , 12. ,
        9.5,  9. , 11.5, 12. , 13. , 13.5, 11.5,  9. ]), 'class_mean_width_scaled': array([0.36666667, 0.42666667, 0.46666667, 0.4       , 0.42380952,
       0.40333333, 0.42      , 0.25555556, 0.35      , 0.35555556,
       0.37333333, 0.5       , 0.27222222, 0.35      , 0.46666667,
       0.42222222, 0.4       , 0.41111111, 0.36666667, 0.48095238,
       0.41666667, 0.42666667, 0.28888889, 0.28958333, 0.38333333,
       0.37333333, 0.43333333, 0.44444444, 0.39444444, 0.3       ]), 'class_median_width_scaled': array([0.33333333, 0.43333333, 0.46666667, 0.4       , 0.43333333,
       0.38333333, 0.4       , 0.23333333, 0.35      , 0.3       ,
       0.4       , 0.5       , 0.26666667, 0.33333333, 0.46666667,
       0.43333333, 0.4       , 0.36666667, 0.36666667, 0.5       ,
       0.43333333, 0.4       , 0.31666667, 0.3       , 0.38333333,
       0.4       , 0.43333333, 0.45      , 0.38333333, 0.3       ])}

Job completed at Thu Mar 20 05:03:07 PM PDT 2025
