Starting job at Wed Mar 19 08:21:33 PM PDT 2025
Job parameters:
Dataset: data_cover_type
UQ Method: split_conformal_topk
Estimator: RandomForest
Seed: 786
Train Size: 0.8
Running split_conformal_topk on data_cover_type with seed 786 and train size 0.8

starting experiment

data created

Fitting split_conformal_topk_RandomForest on data_cover_type with seed 786

split_conformal_topk_RandomForest metrics: {'coverage': np.float64(0.924), 'mean_width': np.float64(23.5695), 'median_width': np.float64(14.0), 'mean_width_scaled': np.float64(0.23569500000000002), 'median_width_scaled': np.float64(0.14)}

split_conformal_topk_RandomForest full metrics: {'coverage': np.float64(0.924), 'mean_width': np.float64(23.5695), 'median_width': np.float64(14.0), 'mean_width_scaled': np.float64(0.23569500000000002), 'median_width_scaled': np.float64(0.14)}

split_conformal_topk_RandomForest class metrics: {'class_coverage': array([0.9 , 0.9 , 0.75, 0.95, 1.  , 1.  , 0.95, 0.85, 0.9 , 0.9 , 0.95,
       1.  , 0.95, 1.  , 0.9 , 1.  , 1.  , 1.  , 0.95, 0.95, 1.  , 0.9 ,
       0.9 , 0.95, 0.7 , 0.95, 1.  , 0.85, 0.95, 1.  , 1.  , 0.85, 0.7 ,
       1.  , 1.  , 0.75, 0.75, 0.7 , 0.8 , 1.  , 1.  , 0.9 , 0.8 , 1.  ,
       1.  , 1.  , 1.  , 1.  , 0.95, 0.85, 1.  , 1.  , 1.  , 0.9 , 0.75,
       1.  , 0.85, 0.85, 1.  , 1.  , 0.8 , 0.75, 1.  , 1.  , 0.85, 0.9 ,
       1.  , 0.95, 0.75, 0.65, 0.95, 1.  , 1.  , 0.9 , 0.95, 1.  , 1.  ,
       0.8 , 1.  , 0.85, 0.85, 1.  , 0.85, 1.  , 1.  , 1.  , 0.9 , 1.  ,
       0.95, 0.9 , 0.85, 1.  , 0.95, 0.8 , 0.9 , 1.  , 0.95, 1.  , 1.  ,
       1.  ]), 'class_mean_width': array([25.6 , 14.35, 14.7 , 27.7 , 21.3 , 13.75, 14.6 , 14.65, 15.1 ,
       16.55, 18.95, 18.9 , 23.55, 15.2 , 14.7 , 16.25, 19.45, 31.45,
       40.85, 24.  , 23.35, 14.95, 27.85, 57.15, 14.6 , 14.85, 65.3 ,
       14.65, 19.65, 23.3 , 17.65, 18.45, 18.2 , 14.95, 18.55, 14.45,
       14.2 , 16.65, 14.75, 13.95, 40.25, 15.1 , 15.  , 83.25, 62.  ,
       15.55, 16.3 , 36.95, 31.65, 14.35, 14.2 , 48.75, 15.55, 15.35,
       13.75, 19.65, 13.15, 15.  , 14.45, 41.2 , 14.1 , 13.15, 26.75,
       28.75, 15.  , 14.5 , 14.95, 32.  , 14.2 , 15.05, 14.35, 27.45,
       53.3 , 18.35, 18.6 , 26.05, 27.75, 14.95, 19.4 , 15.2 , 19.4 ,
       35.7 , 14.6 , 33.05, 32.45, 48.5 , 24.4 , 14.6 , 14.8 , 19.75,
       14.95, 44.2 , 17.6 , 30.85, 40.6 , 15.75, 14.7 , 27.35, 27.95,
       61.4 ]), 'class_median_width': array([ 17.5,  14. ,  13.5,  15. ,  17. ,  13. ,  13. ,  14. ,  14. ,
        17. ,  14. ,  14. ,  15. ,  14. ,  14.5,  14.5,  15. ,  15. ,
        16.5,  15.5,  15.5,  14.5,  15. ,  58.5,  14. ,  14. , 100. ,
        13.5,  15. ,  14. ,  13. ,  14. ,  14. ,  14. ,  19.5,  14. ,
        13.5,  15. ,  13.5,  13.5,  16.5,  13.5,  14.5, 100. , 100. ,
        14. ,  16.5,  17. ,  15. ,  14. ,  14. ,  16. ,  15. ,  14. ,
        13. ,  15. ,  13. ,  14. ,  14. ,  18. ,  14. ,  13. ,  17.5,
        16. ,  14. ,  14. ,  15. ,  15. ,  14. ,  14. ,  14. ,  14.5,
        19.5,  13.5,  14. ,  19.5,  15. ,  13. ,  14.5,  14. ,  15. ,
        14. ,  14. ,  17. ,  16.5,  16. ,  15.5,  14. ,  13. ,  15. ,
        13. ,  15. ,  13.5,  14. ,  16.5,  16. ,  14. ,  15.5,  16. ,
       100. ]), 'class_mean_width_scaled': array([0.256 , 0.1435, 0.147 , 0.277 , 0.213 , 0.1375, 0.146 , 0.1465,
       0.151 , 0.1655, 0.1895, 0.189 , 0.2355, 0.152 , 0.147 , 0.1625,
       0.1945, 0.3145, 0.4085, 0.24  , 0.2335, 0.1495, 0.2785, 0.5715,
       0.146 , 0.1485, 0.653 , 0.1465, 0.1965, 0.233 , 0.1765, 0.1845,
       0.182 , 0.1495, 0.1855, 0.1445, 0.142 , 0.1665, 0.1475, 0.1395,
       0.4025, 0.151 , 0.15  , 0.8325, 0.62  , 0.1555, 0.163 , 0.3695,
       0.3165, 0.1435, 0.142 , 0.4875, 0.1555, 0.1535, 0.1375, 0.1965,
       0.1315, 0.15  , 0.1445, 0.412 , 0.141 , 0.1315, 0.2675, 0.2875,
       0.15  , 0.145 , 0.1495, 0.32  , 0.142 , 0.1505, 0.1435, 0.2745,
       0.533 , 0.1835, 0.186 , 0.2605, 0.2775, 0.1495, 0.194 , 0.152 ,
       0.194 , 0.357 , 0.146 , 0.3305, 0.3245, 0.485 , 0.244 , 0.146 ,
       0.148 , 0.1975, 0.1495, 0.442 , 0.176 , 0.3085, 0.406 , 0.1575,
       0.147 , 0.2735, 0.2795, 0.614 ]), 'class_median_width_scaled': array([0.175, 0.14 , 0.135, 0.15 , 0.17 , 0.13 , 0.13 , 0.14 , 0.14 ,
       0.17 , 0.14 , 0.14 , 0.15 , 0.14 , 0.145, 0.145, 0.15 , 0.15 ,
       0.165, 0.155, 0.155, 0.145, 0.15 , 0.585, 0.14 , 0.14 , 1.   ,
       0.135, 0.15 , 0.14 , 0.13 , 0.14 , 0.14 , 0.14 , 0.195, 0.14 ,
       0.135, 0.15 , 0.135, 0.135, 0.165, 0.135, 0.145, 1.   , 1.   ,
       0.14 , 0.165, 0.17 , 0.15 , 0.14 , 0.14 , 0.16 , 0.15 , 0.14 ,
       0.13 , 0.15 , 0.13 , 0.14 , 0.14 , 0.18 , 0.14 , 0.13 , 0.175,
       0.16 , 0.14 , 0.14 , 0.15 , 0.15 , 0.14 , 0.14 , 0.14 , 0.145,
       0.195, 0.135, 0.14 , 0.195, 0.15 , 0.13 , 0.145, 0.14 , 0.15 ,
       0.14 , 0.14 , 0.17 , 0.165, 0.16 , 0.155, 0.14 , 0.13 , 0.15 ,
       0.13 , 0.15 , 0.135, 0.14 , 0.165, 0.16 , 0.14 , 0.155, 0.16 ,
       1.   ])}

split_conformal_topk_RandomForest full class metrics: {'class_coverage': array([0.9 , 0.9 , 0.75, 0.95, 1.  , 1.  , 0.95, 0.85, 0.9 , 0.9 , 0.95,
       1.  , 0.95, 1.  , 0.9 , 1.  , 1.  , 1.  , 0.95, 0.95, 1.  , 0.9 ,
       0.9 , 0.95, 0.7 , 0.95, 1.  , 0.85, 0.95, 1.  , 1.  , 0.85, 0.7 ,
       1.  , 1.  , 0.75, 0.75, 0.7 , 0.8 , 1.  , 1.  , 0.9 , 0.8 , 1.  ,
       1.  , 1.  , 1.  , 1.  , 0.95, 0.85, 1.  , 1.  , 1.  , 0.9 , 0.75,
       1.  , 0.85, 0.85, 1.  , 1.  , 0.8 , 0.75, 1.  , 1.  , 0.85, 0.9 ,
       1.  , 0.95, 0.75, 0.65, 0.95, 1.  , 1.  , 0.9 , 0.95, 1.  , 1.  ,
       0.8 , 1.  , 0.85, 0.85, 1.  , 0.85, 1.  , 1.  , 1.  , 0.9 , 1.  ,
       0.95, 0.9 , 0.85, 1.  , 0.95, 0.8 , 0.9 , 1.  , 0.95, 1.  , 1.  ,
       1.  ]), 'class_mean_width': array([25.6 , 14.35, 14.7 , 27.7 , 21.3 , 13.75, 14.6 , 14.65, 15.1 ,
       16.55, 18.95, 18.9 , 23.55, 15.2 , 14.7 , 16.25, 19.45, 31.45,
       40.85, 24.  , 23.35, 14.95, 27.85, 57.15, 14.6 , 14.85, 65.3 ,
       14.65, 19.65, 23.3 , 17.65, 18.45, 18.2 , 14.95, 18.55, 14.45,
       14.2 , 16.65, 14.75, 13.95, 40.25, 15.1 , 15.  , 83.25, 62.  ,
       15.55, 16.3 , 36.95, 31.65, 14.35, 14.2 , 48.75, 15.55, 15.35,
       13.75, 19.65, 13.15, 15.  , 14.45, 41.2 , 14.1 , 13.15, 26.75,
       28.75, 15.  , 14.5 , 14.95, 32.  , 14.2 , 15.05, 14.35, 27.45,
       53.3 , 18.35, 18.6 , 26.05, 27.75, 14.95, 19.4 , 15.2 , 19.4 ,
       35.7 , 14.6 , 33.05, 32.45, 48.5 , 24.4 , 14.6 , 14.8 , 19.75,
       14.95, 44.2 , 17.6 , 30.85, 40.6 , 15.75, 14.7 , 27.35, 27.95,
       61.4 ]), 'class_median_width': array([ 17.5,  14. ,  13.5,  15. ,  17. ,  13. ,  13. ,  14. ,  14. ,
        17. ,  14. ,  14. ,  15. ,  14. ,  14.5,  14.5,  15. ,  15. ,
        16.5,  15.5,  15.5,  14.5,  15. ,  58.5,  14. ,  14. , 100. ,
        13.5,  15. ,  14. ,  13. ,  14. ,  14. ,  14. ,  19.5,  14. ,
        13.5,  15. ,  13.5,  13.5,  16.5,  13.5,  14.5, 100. , 100. ,
        14. ,  16.5,  17. ,  15. ,  14. ,  14. ,  16. ,  15. ,  14. ,
        13. ,  15. ,  13. ,  14. ,  14. ,  18. ,  14. ,  13. ,  17.5,
        16. ,  14. ,  14. ,  15. ,  15. ,  14. ,  14. ,  14. ,  14.5,
        19.5,  13.5,  14. ,  19.5,  15. ,  13. ,  14.5,  14. ,  15. ,
        14. ,  14. ,  17. ,  16.5,  16. ,  15.5,  14. ,  13. ,  15. ,
        13. ,  15. ,  13.5,  14. ,  16.5,  16. ,  14. ,  15.5,  16. ,
       100. ]), 'class_mean_width_scaled': array([0.256 , 0.1435, 0.147 , 0.277 , 0.213 , 0.1375, 0.146 , 0.1465,
       0.151 , 0.1655, 0.1895, 0.189 , 0.2355, 0.152 , 0.147 , 0.1625,
       0.1945, 0.3145, 0.4085, 0.24  , 0.2335, 0.1495, 0.2785, 0.5715,
       0.146 , 0.1485, 0.653 , 0.1465, 0.1965, 0.233 , 0.1765, 0.1845,
       0.182 , 0.1495, 0.1855, 0.1445, 0.142 , 0.1665, 0.1475, 0.1395,
       0.4025, 0.151 , 0.15  , 0.8325, 0.62  , 0.1555, 0.163 , 0.3695,
       0.3165, 0.1435, 0.142 , 0.4875, 0.1555, 0.1535, 0.1375, 0.1965,
       0.1315, 0.15  , 0.1445, 0.412 , 0.141 , 0.1315, 0.2675, 0.2875,
       0.15  , 0.145 , 0.1495, 0.32  , 0.142 , 0.1505, 0.1435, 0.2745,
       0.533 , 0.1835, 0.186 , 0.2605, 0.2775, 0.1495, 0.194 , 0.152 ,
       0.194 , 0.357 , 0.146 , 0.3305, 0.3245, 0.485 , 0.244 , 0.146 ,
       0.148 , 0.1975, 0.1495, 0.442 , 0.176 , 0.3085, 0.406 , 0.1575,
       0.147 , 0.2735, 0.2795, 0.614 ]), 'class_median_width_scaled': array([0.175, 0.14 , 0.135, 0.15 , 0.17 , 0.13 , 0.13 , 0.14 , 0.14 ,
       0.17 , 0.14 , 0.14 , 0.15 , 0.14 , 0.145, 0.145, 0.15 , 0.15 ,
       0.165, 0.155, 0.155, 0.145, 0.15 , 0.585, 0.14 , 0.14 , 1.   ,
       0.135, 0.15 , 0.14 , 0.13 , 0.14 , 0.14 , 0.14 , 0.195, 0.14 ,
       0.135, 0.15 , 0.135, 0.135, 0.165, 0.135, 0.145, 1.   , 1.   ,
       0.14 , 0.165, 0.17 , 0.15 , 0.14 , 0.14 , 0.16 , 0.15 , 0.14 ,
       0.13 , 0.15 , 0.13 , 0.14 , 0.14 , 0.18 , 0.14 , 0.13 , 0.175,
       0.16 , 0.14 , 0.14 , 0.15 , 0.15 , 0.14 , 0.14 , 0.14 , 0.145,
       0.195, 0.135, 0.14 , 0.195, 0.15 , 0.13 , 0.145, 0.14 , 0.15 ,
       0.14 , 0.14 , 0.17 , 0.165, 0.16 , 0.155, 0.14 , 0.13 , 0.15 ,
       0.13 , 0.15 , 0.135, 0.14 , 0.165, 0.16 , 0.14 , 0.155, 0.16 ,
       1.   ])}

Job completed at Wed Mar 19 08:21:39 PM PDT 2025
