Starting job at Wed Mar 19 08:21:31 PM PDT 2025
Job parameters:
Dataset: data_cover_type
UQ Method: split_conformal_topk
Estimator: RandomForest
Seed: 784
Train Size: 0.8
Running split_conformal_topk on data_cover_type with seed 784 and train size 0.8

starting experiment

data created

Fitting split_conformal_topk_RandomForest on data_cover_type with seed 784

split_conformal_topk_RandomForest metrics: {'coverage': np.float64(0.933), 'mean_width': np.float64(28.1915), 'median_width': np.float64(16.0), 'mean_width_scaled': np.float64(0.281915), 'median_width_scaled': np.float64(0.16)}

split_conformal_topk_RandomForest full metrics: {'coverage': np.float64(0.933), 'mean_width': np.float64(28.1915), 'median_width': np.float64(16.0), 'mean_width_scaled': np.float64(0.281915), 'median_width_scaled': np.float64(0.16)}

split_conformal_topk_RandomForest class metrics: {'class_coverage': array([0.85, 0.8 , 0.9 , 1.  , 1.  , 0.85, 1.  , 0.95, 0.9 , 0.9 , 0.9 ,
       1.  , 1.  , 0.85, 0.9 , 0.9 , 0.9 , 1.  , 0.9 , 1.  , 1.  , 0.9 ,
       1.  , 1.  , 1.  , 1.  , 1.  , 0.8 , 0.95, 1.  , 1.  , 1.  , 0.75,
       1.  , 1.  , 0.75, 0.95, 0.9 , 0.8 , 1.  , 1.  , 0.95, 0.7 , 1.  ,
       1.  , 1.  , 1.  , 1.  , 0.95, 1.  , 0.8 , 1.  , 1.  , 0.9 , 0.85,
       0.85, 0.7 , 0.9 , 0.95, 1.  , 0.9 , 0.9 , 1.  , 0.95, 0.9 , 0.9 ,
       1.  , 1.  , 0.85, 0.55, 0.9 , 1.  , 1.  , 0.95, 0.9 , 0.95, 1.  ,
       0.9 , 0.9 , 0.9 , 0.95, 0.95, 0.9 , 1.  , 0.95, 0.95, 0.9 , 1.  ,
       1.  , 0.85, 0.95, 0.95, 0.8 , 1.  , 1.  , 1.  , 0.95, 1.  , 1.  ,
       1.  ]), 'class_mean_width': array([41.7 , 15.55, 19.6 , 32.4 , 25.05, 20.25, 25.9 , 16.2 , 20.35,
       20.7 , 21.05, 20.25, 24.55, 17.25, 21.1 , 25.5 , 29.25, 29.35,
       27.95, 21.8 , 33.3 , 16.35, 32.15, 49.05, 18.35, 20.25, 78.75,
       14.55, 16.1 , 41.35, 45.2 , 15.25, 16.  , 19.65, 26.15, 15.45,
       27.7 , 17.2 , 16.65, 15.35, 37.55, 16.65, 16.45, 91.45, 58.55,
       17.15, 35.3 , 45.1 , 54.35, 15.55, 15.85, 32.9 , 27.85, 16.25,
       22.45, 45.85, 23.6 , 17.1 , 16.35, 34.45, 15.9 , 14.95, 20.7 ,
       51.35, 15.65, 21.45, 30.7 , 41.3 , 15.85, 15.4 , 16.4 , 38.1 ,
       70.7 , 29.95, 45.5 , 46.65, 36.6 , 15.05, 16.7 , 20.1 , 16.75,
       49.55, 15.25, 28.8 , 21.1 , 53.4 , 53.65, 24.45, 33.  , 16.6 ,
       22.15, 21.7 , 25.1 , 36.9 , 48.85, 16.95, 25.3 , 24.9 , 20.55,
       33.9 ]), 'class_median_width': array([ 18.5,  15. ,  14.5,  14. ,  16. ,  14.5,  17.5,  15. ,  16. ,
        16.5,  17. ,  15.5,  16. ,  17. ,  16. ,  16.5,  16.5,  17.5,
        16. ,  17. ,  17.5,  15.5,  16.5,  17. ,  18. ,  16. , 100. ,
        14. ,  16. ,  17.5,  16.5,  14. ,  16. ,  15. ,  18.5,  15. ,
        15. ,  16. ,  15.5,  15. ,  17.5,  16. ,  16. , 100. ,  62.5,
        17. ,  21. ,  17. ,  24. ,  15. ,  14.5,  17. ,  14.5,  16. ,
        18. ,  18.5,  15.5,  16.5,  15. ,  19. ,  14.5,  14. ,  16. ,
        22.5,  15. ,  16. ,  18. ,  19. ,  14.5,  14.5,  15. ,  18.5,
       100. ,  18.5,  19.5,  19.5,  17. ,  14. ,  16. ,  15. ,  16. ,
        18.5,  14. ,  16. ,  16.5,  19.5,  20.5,  16. ,  17. ,  15.5,
        17.5,  16.5,  16. ,  17. ,  16.5,  17. ,  16.5,  15. ,  17. ,
        18.5]), 'class_mean_width_scaled': array([0.417 , 0.1555, 0.196 , 0.324 , 0.2505, 0.2025, 0.259 , 0.162 ,
       0.2035, 0.207 , 0.2105, 0.2025, 0.2455, 0.1725, 0.211 , 0.255 ,
       0.2925, 0.2935, 0.2795, 0.218 , 0.333 , 0.1635, 0.3215, 0.4905,
       0.1835, 0.2025, 0.7875, 0.1455, 0.161 , 0.4135, 0.452 , 0.1525,
       0.16  , 0.1965, 0.2615, 0.1545, 0.277 , 0.172 , 0.1665, 0.1535,
       0.3755, 0.1665, 0.1645, 0.9145, 0.5855, 0.1715, 0.353 , 0.451 ,
       0.5435, 0.1555, 0.1585, 0.329 , 0.2785, 0.1625, 0.2245, 0.4585,
       0.236 , 0.171 , 0.1635, 0.3445, 0.159 , 0.1495, 0.207 , 0.5135,
       0.1565, 0.2145, 0.307 , 0.413 , 0.1585, 0.154 , 0.164 , 0.381 ,
       0.707 , 0.2995, 0.455 , 0.4665, 0.366 , 0.1505, 0.167 , 0.201 ,
       0.1675, 0.4955, 0.1525, 0.288 , 0.211 , 0.534 , 0.5365, 0.2445,
       0.33  , 0.166 , 0.2215, 0.217 , 0.251 , 0.369 , 0.4885, 0.1695,
       0.253 , 0.249 , 0.2055, 0.339 ]), 'class_median_width_scaled': array([0.185, 0.15 , 0.145, 0.14 , 0.16 , 0.145, 0.175, 0.15 , 0.16 ,
       0.165, 0.17 , 0.155, 0.16 , 0.17 , 0.16 , 0.165, 0.165, 0.175,
       0.16 , 0.17 , 0.175, 0.155, 0.165, 0.17 , 0.18 , 0.16 , 1.   ,
       0.14 , 0.16 , 0.175, 0.165, 0.14 , 0.16 , 0.15 , 0.185, 0.15 ,
       0.15 , 0.16 , 0.155, 0.15 , 0.175, 0.16 , 0.16 , 1.   , 0.625,
       0.17 , 0.21 , 0.17 , 0.24 , 0.15 , 0.145, 0.17 , 0.145, 0.16 ,
       0.18 , 0.185, 0.155, 0.165, 0.15 , 0.19 , 0.145, 0.14 , 0.16 ,
       0.225, 0.15 , 0.16 , 0.18 , 0.19 , 0.145, 0.145, 0.15 , 0.185,
       1.   , 0.185, 0.195, 0.195, 0.17 , 0.14 , 0.16 , 0.15 , 0.16 ,
       0.185, 0.14 , 0.16 , 0.165, 0.195, 0.205, 0.16 , 0.17 , 0.155,
       0.175, 0.165, 0.16 , 0.17 , 0.165, 0.17 , 0.165, 0.15 , 0.17 ,
       0.185])}

split_conformal_topk_RandomForest full class metrics: {'class_coverage': array([0.85, 0.8 , 0.9 , 1.  , 1.  , 0.85, 1.  , 0.95, 0.9 , 0.9 , 0.9 ,
       1.  , 1.  , 0.85, 0.9 , 0.9 , 0.9 , 1.  , 0.9 , 1.  , 1.  , 0.9 ,
       1.  , 1.  , 1.  , 1.  , 1.  , 0.8 , 0.95, 1.  , 1.  , 1.  , 0.75,
       1.  , 1.  , 0.75, 0.95, 0.9 , 0.8 , 1.  , 1.  , 0.95, 0.7 , 1.  ,
       1.  , 1.  , 1.  , 1.  , 0.95, 1.  , 0.8 , 1.  , 1.  , 0.9 , 0.85,
       0.85, 0.7 , 0.9 , 0.95, 1.  , 0.9 , 0.9 , 1.  , 0.95, 0.9 , 0.9 ,
       1.  , 1.  , 0.85, 0.55, 0.9 , 1.  , 1.  , 0.95, 0.9 , 0.95, 1.  ,
       0.9 , 0.9 , 0.9 , 0.95, 0.95, 0.9 , 1.  , 0.95, 0.95, 0.9 , 1.  ,
       1.  , 0.85, 0.95, 0.95, 0.8 , 1.  , 1.  , 1.  , 0.95, 1.  , 1.  ,
       1.  ]), 'class_mean_width': array([41.7 , 15.55, 19.6 , 32.4 , 25.05, 20.25, 25.9 , 16.2 , 20.35,
       20.7 , 21.05, 20.25, 24.55, 17.25, 21.1 , 25.5 , 29.25, 29.35,
       27.95, 21.8 , 33.3 , 16.35, 32.15, 49.05, 18.35, 20.25, 78.75,
       14.55, 16.1 , 41.35, 45.2 , 15.25, 16.  , 19.65, 26.15, 15.45,
       27.7 , 17.2 , 16.65, 15.35, 37.55, 16.65, 16.45, 91.45, 58.55,
       17.15, 35.3 , 45.1 , 54.35, 15.55, 15.85, 32.9 , 27.85, 16.25,
       22.45, 45.85, 23.6 , 17.1 , 16.35, 34.45, 15.9 , 14.95, 20.7 ,
       51.35, 15.65, 21.45, 30.7 , 41.3 , 15.85, 15.4 , 16.4 , 38.1 ,
       70.7 , 29.95, 45.5 , 46.65, 36.6 , 15.05, 16.7 , 20.1 , 16.75,
       49.55, 15.25, 28.8 , 21.1 , 53.4 , 53.65, 24.45, 33.  , 16.6 ,
       22.15, 21.7 , 25.1 , 36.9 , 48.85, 16.95, 25.3 , 24.9 , 20.55,
       33.9 ]), 'class_median_width': array([ 18.5,  15. ,  14.5,  14. ,  16. ,  14.5,  17.5,  15. ,  16. ,
        16.5,  17. ,  15.5,  16. ,  17. ,  16. ,  16.5,  16.5,  17.5,
        16. ,  17. ,  17.5,  15.5,  16.5,  17. ,  18. ,  16. , 100. ,
        14. ,  16. ,  17.5,  16.5,  14. ,  16. ,  15. ,  18.5,  15. ,
        15. ,  16. ,  15.5,  15. ,  17.5,  16. ,  16. , 100. ,  62.5,
        17. ,  21. ,  17. ,  24. ,  15. ,  14.5,  17. ,  14.5,  16. ,
        18. ,  18.5,  15.5,  16.5,  15. ,  19. ,  14.5,  14. ,  16. ,
        22.5,  15. ,  16. ,  18. ,  19. ,  14.5,  14.5,  15. ,  18.5,
       100. ,  18.5,  19.5,  19.5,  17. ,  14. ,  16. ,  15. ,  16. ,
        18.5,  14. ,  16. ,  16.5,  19.5,  20.5,  16. ,  17. ,  15.5,
        17.5,  16.5,  16. ,  17. ,  16.5,  17. ,  16.5,  15. ,  17. ,
        18.5]), 'class_mean_width_scaled': array([0.417 , 0.1555, 0.196 , 0.324 , 0.2505, 0.2025, 0.259 , 0.162 ,
       0.2035, 0.207 , 0.2105, 0.2025, 0.2455, 0.1725, 0.211 , 0.255 ,
       0.2925, 0.2935, 0.2795, 0.218 , 0.333 , 0.1635, 0.3215, 0.4905,
       0.1835, 0.2025, 0.7875, 0.1455, 0.161 , 0.4135, 0.452 , 0.1525,
       0.16  , 0.1965, 0.2615, 0.1545, 0.277 , 0.172 , 0.1665, 0.1535,
       0.3755, 0.1665, 0.1645, 0.9145, 0.5855, 0.1715, 0.353 , 0.451 ,
       0.5435, 0.1555, 0.1585, 0.329 , 0.2785, 0.1625, 0.2245, 0.4585,
       0.236 , 0.171 , 0.1635, 0.3445, 0.159 , 0.1495, 0.207 , 0.5135,
       0.1565, 0.2145, 0.307 , 0.413 , 0.1585, 0.154 , 0.164 , 0.381 ,
       0.707 , 0.2995, 0.455 , 0.4665, 0.366 , 0.1505, 0.167 , 0.201 ,
       0.1675, 0.4955, 0.1525, 0.288 , 0.211 , 0.534 , 0.5365, 0.2445,
       0.33  , 0.166 , 0.2215, 0.217 , 0.251 , 0.369 , 0.4885, 0.1695,
       0.253 , 0.249 , 0.2055, 0.339 ]), 'class_median_width_scaled': array([0.185, 0.15 , 0.145, 0.14 , 0.16 , 0.145, 0.175, 0.15 , 0.16 ,
       0.165, 0.17 , 0.155, 0.16 , 0.17 , 0.16 , 0.165, 0.165, 0.175,
       0.16 , 0.17 , 0.175, 0.155, 0.165, 0.17 , 0.18 , 0.16 , 1.   ,
       0.14 , 0.16 , 0.175, 0.165, 0.14 , 0.16 , 0.15 , 0.185, 0.15 ,
       0.15 , 0.16 , 0.155, 0.15 , 0.175, 0.16 , 0.16 , 1.   , 0.625,
       0.17 , 0.21 , 0.17 , 0.24 , 0.15 , 0.145, 0.17 , 0.145, 0.16 ,
       0.18 , 0.185, 0.155, 0.165, 0.15 , 0.19 , 0.145, 0.14 , 0.16 ,
       0.225, 0.15 , 0.16 , 0.18 , 0.19 , 0.145, 0.145, 0.15 , 0.185,
       1.   , 0.185, 0.195, 0.195, 0.17 , 0.14 , 0.16 , 0.15 , 0.16 ,
       0.185, 0.14 , 0.16 , 0.165, 0.195, 0.205, 0.16 , 0.17 , 0.155,
       0.175, 0.165, 0.16 , 0.17 , 0.165, 0.17 , 0.165, 0.15 , 0.17 ,
       0.185])}

Job completed at Wed Mar 19 08:21:37 PM PDT 2025
