Starting job at Wed Mar 19 08:21:27 PM PDT 2025
Job parameters:
Dataset: data_cover_type
UQ Method: split_conformal_topk
Estimator: RandomForest
Seed: 780
Train Size: 0.8
Running split_conformal_topk on data_cover_type with seed 780 and train size 0.8

starting experiment

data created

Fitting split_conformal_topk_RandomForest on data_cover_type with seed 780

split_conformal_topk_RandomForest metrics: {'coverage': np.float64(0.925), 'mean_width': np.float64(24.312), 'median_width': np.float64(15.0), 'mean_width_scaled': np.float64(0.24312), 'median_width_scaled': np.float64(0.15)}

split_conformal_topk_RandomForest full metrics: {'coverage': np.float64(0.925), 'mean_width': np.float64(24.312), 'median_width': np.float64(15.0), 'mean_width_scaled': np.float64(0.24312), 'median_width_scaled': np.float64(0.15)}

split_conformal_topk_RandomForest class metrics: {'class_coverage': array([1.  , 0.65, 0.75, 0.8 , 1.  , 0.8 , 1.  , 0.9 , 0.95, 0.8 , 0.7 ,
       1.  , 1.  , 0.8 , 0.8 , 0.95, 1.  , 0.95, 1.  , 1.  , 1.  , 0.85,
       0.95, 1.  , 1.  , 1.  , 1.  , 0.9 , 0.8 , 0.95, 1.  , 0.95, 0.9 ,
       1.  , 1.  , 0.9 , 0.9 , 0.75, 0.8 , 0.95, 0.85, 0.9 , 0.85, 1.  ,
       1.  , 1.  , 1.  , 1.  , 1.  , 0.9 , 0.9 , 0.95, 1.  , 1.  , 0.95,
       1.  , 1.  , 0.95, 0.95, 1.  , 0.8 , 0.75, 1.  , 1.  , 0.9 , 0.8 ,
       1.  , 1.  , 0.7 , 0.65, 1.  , 0.95, 0.95, 0.95, 1.  , 1.  , 1.  ,
       0.9 , 1.  , 0.95, 0.75, 0.75, 0.85, 0.95, 0.95, 1.  , 0.95, 1.  ,
       0.9 , 0.8 , 0.95, 0.9 , 0.85, 0.95, 1.  , 1.  , 1.  , 1.  , 1.  ,
       1.  ]), 'class_mean_width': array([16.25, 18.85, 14.35, 22.25, 18.8 , 13.85, 15.5 , 15.  , 16.35,
       19.65, 20.65, 26.8 , 14.75, 15.4 , 15.7 , 19.75, 41.65, 19.4 ,
       22.4 , 31.35, 14.55, 15.65, 19.25, 43.65, 16.2 , 18.75, 65.75,
       13.75, 18.3 , 36.2 , 22.35, 15.5 , 18.15, 15.75, 17.1 , 15.25,
       19.15, 15.15, 14.5 , 15.2 , 40.  , 15.05, 19.4 , 79.1 , 78.8 ,
       15.55, 20.2 , 62.65, 41.7 , 13.9 , 14.55, 40.45, 13.65, 15.4 ,
       15.  , 31.25, 18.5 , 14.2 , 22.55, 45.05, 15.25, 15.05, 15.6 ,
       40.5 , 14.25, 19.8 , 19.95, 24.25, 15.05, 15.55, 15.9 , 32.  ,
       54.55, 14.7 , 48.05, 32.75, 35.8 , 18.55, 23.1 , 15.45, 13.9 ,
       33.05, 15.6 , 21.  , 15.35, 57.4 , 18.2 , 24.  , 15.35, 24.45,
       14.3 , 20.2 , 15.6 , 18.  , 45.05, 27.9 , 15.35, 28.25, 14.7 ,
       61.65]), 'class_median_width': array([ 13.5,  14. ,  14. ,  13. ,  14.5,  13. ,  16. ,  15. ,  15.5,
        14.5,  17.5,  14.5,  14. ,  14.5,  15. ,  14.5,  19. ,  14. ,
        14. ,  14.5,  14. ,  15. ,  14.5,  15. ,  16.5,  15. , 100. ,
        13. ,  13. ,  16. ,  13.5,  14.5,  13.5,  15.5,  17. ,  14. ,
        14.5,  14.5,  14.5,  14. ,  15. ,  14. ,  15. , 100. , 100. ,
        14.5,  16. , 100. ,  18.5,  12.5,  13.5,  16. ,  13. ,  14. ,
        13.5,  15. ,  14. ,  13. ,  13.5,  18. ,  14.5,  13. ,  14.5,
        16. ,  13. ,  14.5,  16. ,  15.5,  14.5,  15.5,  14.5,  16. ,
        23. ,  14.5,  15. ,  16.5,  15. ,  13. ,  14. ,  15. ,  13. ,
        16. ,  16. ,  17. ,  14.5,  61. ,  13. ,  15.5,  15. ,  16. ,
        14. ,  14.5,  14.5,  13. ,  17. ,  15. ,  14.5,  15.5,  14. ,
       100. ]), 'class_mean_width_scaled': array([0.1625, 0.1885, 0.1435, 0.2225, 0.188 , 0.1385, 0.155 , 0.15  ,
       0.1635, 0.1965, 0.2065, 0.268 , 0.1475, 0.154 , 0.157 , 0.1975,
       0.4165, 0.194 , 0.224 , 0.3135, 0.1455, 0.1565, 0.1925, 0.4365,
       0.162 , 0.1875, 0.6575, 0.1375, 0.183 , 0.362 , 0.2235, 0.155 ,
       0.1815, 0.1575, 0.171 , 0.1525, 0.1915, 0.1515, 0.145 , 0.152 ,
       0.4   , 0.1505, 0.194 , 0.791 , 0.788 , 0.1555, 0.202 , 0.6265,
       0.417 , 0.139 , 0.1455, 0.4045, 0.1365, 0.154 , 0.15  , 0.3125,
       0.185 , 0.142 , 0.2255, 0.4505, 0.1525, 0.1505, 0.156 , 0.405 ,
       0.1425, 0.198 , 0.1995, 0.2425, 0.1505, 0.1555, 0.159 , 0.32  ,
       0.5455, 0.147 , 0.4805, 0.3275, 0.358 , 0.1855, 0.231 , 0.1545,
       0.139 , 0.3305, 0.156 , 0.21  , 0.1535, 0.574 , 0.182 , 0.24  ,
       0.1535, 0.2445, 0.143 , 0.202 , 0.156 , 0.18  , 0.4505, 0.279 ,
       0.1535, 0.2825, 0.147 , 0.6165]), 'class_median_width_scaled': array([0.135, 0.14 , 0.14 , 0.13 , 0.145, 0.13 , 0.16 , 0.15 , 0.155,
       0.145, 0.175, 0.145, 0.14 , 0.145, 0.15 , 0.145, 0.19 , 0.14 ,
       0.14 , 0.145, 0.14 , 0.15 , 0.145, 0.15 , 0.165, 0.15 , 1.   ,
       0.13 , 0.13 , 0.16 , 0.135, 0.145, 0.135, 0.155, 0.17 , 0.14 ,
       0.145, 0.145, 0.145, 0.14 , 0.15 , 0.14 , 0.15 , 1.   , 1.   ,
       0.145, 0.16 , 1.   , 0.185, 0.125, 0.135, 0.16 , 0.13 , 0.14 ,
       0.135, 0.15 , 0.14 , 0.13 , 0.135, 0.18 , 0.145, 0.13 , 0.145,
       0.16 , 0.13 , 0.145, 0.16 , 0.155, 0.145, 0.155, 0.145, 0.16 ,
       0.23 , 0.145, 0.15 , 0.165, 0.15 , 0.13 , 0.14 , 0.15 , 0.13 ,
       0.16 , 0.16 , 0.17 , 0.145, 0.61 , 0.13 , 0.155, 0.15 , 0.16 ,
       0.14 , 0.145, 0.145, 0.13 , 0.17 , 0.15 , 0.145, 0.155, 0.14 ,
       1.   ])}

split_conformal_topk_RandomForest full class metrics: {'class_coverage': array([1.  , 0.65, 0.75, 0.8 , 1.  , 0.8 , 1.  , 0.9 , 0.95, 0.8 , 0.7 ,
       1.  , 1.  , 0.8 , 0.8 , 0.95, 1.  , 0.95, 1.  , 1.  , 1.  , 0.85,
       0.95, 1.  , 1.  , 1.  , 1.  , 0.9 , 0.8 , 0.95, 1.  , 0.95, 0.9 ,
       1.  , 1.  , 0.9 , 0.9 , 0.75, 0.8 , 0.95, 0.85, 0.9 , 0.85, 1.  ,
       1.  , 1.  , 1.  , 1.  , 1.  , 0.9 , 0.9 , 0.95, 1.  , 1.  , 0.95,
       1.  , 1.  , 0.95, 0.95, 1.  , 0.8 , 0.75, 1.  , 1.  , 0.9 , 0.8 ,
       1.  , 1.  , 0.7 , 0.65, 1.  , 0.95, 0.95, 0.95, 1.  , 1.  , 1.  ,
       0.9 , 1.  , 0.95, 0.75, 0.75, 0.85, 0.95, 0.95, 1.  , 0.95, 1.  ,
       0.9 , 0.8 , 0.95, 0.9 , 0.85, 0.95, 1.  , 1.  , 1.  , 1.  , 1.  ,
       1.  ]), 'class_mean_width': array([16.25, 18.85, 14.35, 22.25, 18.8 , 13.85, 15.5 , 15.  , 16.35,
       19.65, 20.65, 26.8 , 14.75, 15.4 , 15.7 , 19.75, 41.65, 19.4 ,
       22.4 , 31.35, 14.55, 15.65, 19.25, 43.65, 16.2 , 18.75, 65.75,
       13.75, 18.3 , 36.2 , 22.35, 15.5 , 18.15, 15.75, 17.1 , 15.25,
       19.15, 15.15, 14.5 , 15.2 , 40.  , 15.05, 19.4 , 79.1 , 78.8 ,
       15.55, 20.2 , 62.65, 41.7 , 13.9 , 14.55, 40.45, 13.65, 15.4 ,
       15.  , 31.25, 18.5 , 14.2 , 22.55, 45.05, 15.25, 15.05, 15.6 ,
       40.5 , 14.25, 19.8 , 19.95, 24.25, 15.05, 15.55, 15.9 , 32.  ,
       54.55, 14.7 , 48.05, 32.75, 35.8 , 18.55, 23.1 , 15.45, 13.9 ,
       33.05, 15.6 , 21.  , 15.35, 57.4 , 18.2 , 24.  , 15.35, 24.45,
       14.3 , 20.2 , 15.6 , 18.  , 45.05, 27.9 , 15.35, 28.25, 14.7 ,
       61.65]), 'class_median_width': array([ 13.5,  14. ,  14. ,  13. ,  14.5,  13. ,  16. ,  15. ,  15.5,
        14.5,  17.5,  14.5,  14. ,  14.5,  15. ,  14.5,  19. ,  14. ,
        14. ,  14.5,  14. ,  15. ,  14.5,  15. ,  16.5,  15. , 100. ,
        13. ,  13. ,  16. ,  13.5,  14.5,  13.5,  15.5,  17. ,  14. ,
        14.5,  14.5,  14.5,  14. ,  15. ,  14. ,  15. , 100. , 100. ,
        14.5,  16. , 100. ,  18.5,  12.5,  13.5,  16. ,  13. ,  14. ,
        13.5,  15. ,  14. ,  13. ,  13.5,  18. ,  14.5,  13. ,  14.5,
        16. ,  13. ,  14.5,  16. ,  15.5,  14.5,  15.5,  14.5,  16. ,
        23. ,  14.5,  15. ,  16.5,  15. ,  13. ,  14. ,  15. ,  13. ,
        16. ,  16. ,  17. ,  14.5,  61. ,  13. ,  15.5,  15. ,  16. ,
        14. ,  14.5,  14.5,  13. ,  17. ,  15. ,  14.5,  15.5,  14. ,
       100. ]), 'class_mean_width_scaled': array([0.1625, 0.1885, 0.1435, 0.2225, 0.188 , 0.1385, 0.155 , 0.15  ,
       0.1635, 0.1965, 0.2065, 0.268 , 0.1475, 0.154 , 0.157 , 0.1975,
       0.4165, 0.194 , 0.224 , 0.3135, 0.1455, 0.1565, 0.1925, 0.4365,
       0.162 , 0.1875, 0.6575, 0.1375, 0.183 , 0.362 , 0.2235, 0.155 ,
       0.1815, 0.1575, 0.171 , 0.1525, 0.1915, 0.1515, 0.145 , 0.152 ,
       0.4   , 0.1505, 0.194 , 0.791 , 0.788 , 0.1555, 0.202 , 0.6265,
       0.417 , 0.139 , 0.1455, 0.4045, 0.1365, 0.154 , 0.15  , 0.3125,
       0.185 , 0.142 , 0.2255, 0.4505, 0.1525, 0.1505, 0.156 , 0.405 ,
       0.1425, 0.198 , 0.1995, 0.2425, 0.1505, 0.1555, 0.159 , 0.32  ,
       0.5455, 0.147 , 0.4805, 0.3275, 0.358 , 0.1855, 0.231 , 0.1545,
       0.139 , 0.3305, 0.156 , 0.21  , 0.1535, 0.574 , 0.182 , 0.24  ,
       0.1535, 0.2445, 0.143 , 0.202 , 0.156 , 0.18  , 0.4505, 0.279 ,
       0.1535, 0.2825, 0.147 , 0.6165]), 'class_median_width_scaled': array([0.135, 0.14 , 0.14 , 0.13 , 0.145, 0.13 , 0.16 , 0.15 , 0.155,
       0.145, 0.175, 0.145, 0.14 , 0.145, 0.15 , 0.145, 0.19 , 0.14 ,
       0.14 , 0.145, 0.14 , 0.15 , 0.145, 0.15 , 0.165, 0.15 , 1.   ,
       0.13 , 0.13 , 0.16 , 0.135, 0.145, 0.135, 0.155, 0.17 , 0.14 ,
       0.145, 0.145, 0.145, 0.14 , 0.15 , 0.14 , 0.15 , 1.   , 1.   ,
       0.145, 0.16 , 1.   , 0.185, 0.125, 0.135, 0.16 , 0.13 , 0.14 ,
       0.135, 0.15 , 0.14 , 0.13 , 0.135, 0.18 , 0.145, 0.13 , 0.145,
       0.16 , 0.13 , 0.145, 0.16 , 0.155, 0.145, 0.155, 0.145, 0.16 ,
       0.23 , 0.145, 0.15 , 0.165, 0.15 , 0.13 , 0.14 , 0.15 , 0.13 ,
       0.16 , 0.16 , 0.17 , 0.145, 0.61 , 0.13 , 0.155, 0.15 , 0.16 ,
       0.14 , 0.145, 0.145, 0.13 , 0.17 , 0.15 , 0.145, 0.155, 0.14 ,
       1.   ])}

Job completed at Wed Mar 19 08:21:31 PM PDT 2025
