Starting job at Thu Mar 20 05:04:29 PM PDT 2025
Job parameters:
Dataset: data_cover_type
UQ Method: split_conformal_topk
Estimator: RandomForest
Seed: 784
Train Size: 0.8
Running split_conformal_topk on data_cover_type with seed 784 and train size 0.8

starting experiment

data created

Fitting split_conformal_topk_RandomForest on data_cover_type with seed 784

split_conformal_topk_RandomForest metrics: {'coverage': np.float64(0.9065), 'mean_width': np.float64(11.0015), 'median_width': np.float64(11.0), 'mean_width_scaled': np.float64(0.110015), 'median_width_scaled': np.float64(0.11)}

split_conformal_topk_RandomForest full metrics: {'coverage': np.float64(0.9065), 'mean_width': np.float64(11.0015), 'median_width': np.float64(11.0), 'mean_width_scaled': np.float64(0.110015), 'median_width_scaled': np.float64(0.11)}

split_conformal_topk_RandomForest class metrics: {'class_coverage': array([0.85, 0.75, 0.85, 0.95, 1.  , 0.85, 1.  , 0.85, 0.8 , 0.85, 0.9 ,
       1.  , 1.  , 0.85, 0.8 , 0.95, 0.85, 1.  , 0.9 , 0.95, 1.  , 0.75,
       0.95, 1.  , 1.  , 1.  , 1.  , 0.8 , 0.85, 1.  , 1.  , 1.  , 0.8 ,
       1.  , 1.  , 0.6 , 0.85, 0.8 , 0.7 , 1.  , 1.  , 0.85, 0.65, 1.  ,
       1.  , 1.  , 1.  , 1.  , 0.9 , 0.95, 0.75, 1.  , 1.  , 0.95, 0.8 ,
       0.8 , 0.65, 0.85, 0.9 , 0.95, 0.8 , 0.75, 1.  , 0.95, 0.9 , 0.85,
       1.  , 1.  , 0.8 , 0.4 , 0.95, 1.  , 1.  , 0.95, 0.8 , 0.95, 1.  ,
       0.85, 1.  , 0.85, 0.85, 0.95, 0.8 , 0.95, 0.95, 0.9 , 0.9 , 1.  ,
       0.9 , 0.85, 0.95, 1.  , 0.8 , 1.  , 1.  , 1.  , 1.  , 1.  , 1.  ,
       1.  ]), 'class_mean_width': array([11.  , 11.  , 11.  , 11.  , 11.  , 11.  , 11.  , 11.  , 11.  ,
       11.  , 11.  , 11.  , 11.  , 11.  , 11.  , 11.  , 11.  , 11.  ,
       11.  , 11.  , 11.  , 11.  , 11.  , 11.  , 11.  , 11.  , 11.  ,
       11.  , 11.  , 11.  , 11.  , 11.  , 11.  , 11.  , 11.  , 11.  ,
       11.  , 11.  , 11.  , 11.  , 11.  , 11.  , 11.  , 11.05, 11.  ,
       11.  , 11.  , 11.  , 11.  , 11.  , 11.  , 11.  , 11.  , 11.  ,
       11.  , 11.  , 11.  , 11.  , 11.  , 11.05, 11.  , 11.  , 11.  ,
       11.  , 11.  , 11.  , 11.  , 11.  , 11.  , 11.  , 11.  , 11.  ,
       11.  , 11.  , 11.  , 11.  , 11.  , 11.  , 11.  , 11.  , 11.  ,
       11.  , 11.  , 11.  , 11.  , 11.  , 11.  , 11.  , 11.  , 11.  ,
       11.05, 11.  , 11.  , 11.  , 11.  , 11.  , 11.  , 11.  , 11.  ,
       11.  ]), 'class_median_width': array([11., 11., 11., 11., 11., 11., 11., 11., 11., 11., 11., 11., 11.,
       11., 11., 11., 11., 11., 11., 11., 11., 11., 11., 11., 11., 11.,
       11., 11., 11., 11., 11., 11., 11., 11., 11., 11., 11., 11., 11.,
       11., 11., 11., 11., 11., 11., 11., 11., 11., 11., 11., 11., 11.,
       11., 11., 11., 11., 11., 11., 11., 11., 11., 11., 11., 11., 11.,
       11., 11., 11., 11., 11., 11., 11., 11., 11., 11., 11., 11., 11.,
       11., 11., 11., 11., 11., 11., 11., 11., 11., 11., 11., 11., 11.,
       11., 11., 11., 11., 11., 11., 11., 11., 11.]), 'class_mean_width_scaled': array([0.11  , 0.11  , 0.11  , 0.11  , 0.11  , 0.11  , 0.11  , 0.11  ,
       0.11  , 0.11  , 0.11  , 0.11  , 0.11  , 0.11  , 0.11  , 0.11  ,
       0.11  , 0.11  , 0.11  , 0.11  , 0.11  , 0.11  , 0.11  , 0.11  ,
       0.11  , 0.11  , 0.11  , 0.11  , 0.11  , 0.11  , 0.11  , 0.11  ,
       0.11  , 0.11  , 0.11  , 0.11  , 0.11  , 0.11  , 0.11  , 0.11  ,
       0.11  , 0.11  , 0.11  , 0.1105, 0.11  , 0.11  , 0.11  , 0.11  ,
       0.11  , 0.11  , 0.11  , 0.11  , 0.11  , 0.11  , 0.11  , 0.11  ,
       0.11  , 0.11  , 0.11  , 0.1105, 0.11  , 0.11  , 0.11  , 0.11  ,
       0.11  , 0.11  , 0.11  , 0.11  , 0.11  , 0.11  , 0.11  , 0.11  ,
       0.11  , 0.11  , 0.11  , 0.11  , 0.11  , 0.11  , 0.11  , 0.11  ,
       0.11  , 0.11  , 0.11  , 0.11  , 0.11  , 0.11  , 0.11  , 0.11  ,
       0.11  , 0.11  , 0.1105, 0.11  , 0.11  , 0.11  , 0.11  , 0.11  ,
       0.11  , 0.11  , 0.11  , 0.11  ]), 'class_median_width_scaled': array([0.11, 0.11, 0.11, 0.11, 0.11, 0.11, 0.11, 0.11, 0.11, 0.11, 0.11,
       0.11, 0.11, 0.11, 0.11, 0.11, 0.11, 0.11, 0.11, 0.11, 0.11, 0.11,
       0.11, 0.11, 0.11, 0.11, 0.11, 0.11, 0.11, 0.11, 0.11, 0.11, 0.11,
       0.11, 0.11, 0.11, 0.11, 0.11, 0.11, 0.11, 0.11, 0.11, 0.11, 0.11,
       0.11, 0.11, 0.11, 0.11, 0.11, 0.11, 0.11, 0.11, 0.11, 0.11, 0.11,
       0.11, 0.11, 0.11, 0.11, 0.11, 0.11, 0.11, 0.11, 0.11, 0.11, 0.11,
       0.11, 0.11, 0.11, 0.11, 0.11, 0.11, 0.11, 0.11, 0.11, 0.11, 0.11,
       0.11, 0.11, 0.11, 0.11, 0.11, 0.11, 0.11, 0.11, 0.11, 0.11, 0.11,
       0.11, 0.11, 0.11, 0.11, 0.11, 0.11, 0.11, 0.11, 0.11, 0.11, 0.11,
       0.11])}

split_conformal_topk_RandomForest full class metrics: {'class_coverage': array([0.85, 0.75, 0.85, 0.95, 1.  , 0.85, 1.  , 0.85, 0.8 , 0.85, 0.9 ,
       1.  , 1.  , 0.85, 0.8 , 0.95, 0.85, 1.  , 0.9 , 0.95, 1.  , 0.75,
       0.95, 1.  , 1.  , 1.  , 1.  , 0.8 , 0.85, 1.  , 1.  , 1.  , 0.8 ,
       1.  , 1.  , 0.6 , 0.85, 0.8 , 0.7 , 1.  , 1.  , 0.85, 0.65, 1.  ,
       1.  , 1.  , 1.  , 1.  , 0.9 , 0.95, 0.75, 1.  , 1.  , 0.95, 0.8 ,
       0.8 , 0.65, 0.85, 0.9 , 0.95, 0.8 , 0.75, 1.  , 0.95, 0.9 , 0.85,
       1.  , 1.  , 0.8 , 0.4 , 0.95, 1.  , 1.  , 0.95, 0.8 , 0.95, 1.  ,
       0.85, 1.  , 0.85, 0.85, 0.95, 0.8 , 0.95, 0.95, 0.9 , 0.9 , 1.  ,
       0.9 , 0.85, 0.95, 1.  , 0.8 , 1.  , 1.  , 1.  , 1.  , 1.  , 1.  ,
       1.  ]), 'class_mean_width': array([11.  , 11.  , 11.  , 11.  , 11.  , 11.  , 11.  , 11.  , 11.  ,
       11.  , 11.  , 11.  , 11.  , 11.  , 11.  , 11.  , 11.  , 11.  ,
       11.  , 11.  , 11.  , 11.  , 11.  , 11.  , 11.  , 11.  , 11.  ,
       11.  , 11.  , 11.  , 11.  , 11.  , 11.  , 11.  , 11.  , 11.  ,
       11.  , 11.  , 11.  , 11.  , 11.  , 11.  , 11.  , 11.05, 11.  ,
       11.  , 11.  , 11.  , 11.  , 11.  , 11.  , 11.  , 11.  , 11.  ,
       11.  , 11.  , 11.  , 11.  , 11.  , 11.05, 11.  , 11.  , 11.  ,
       11.  , 11.  , 11.  , 11.  , 11.  , 11.  , 11.  , 11.  , 11.  ,
       11.  , 11.  , 11.  , 11.  , 11.  , 11.  , 11.  , 11.  , 11.  ,
       11.  , 11.  , 11.  , 11.  , 11.  , 11.  , 11.  , 11.  , 11.  ,
       11.05, 11.  , 11.  , 11.  , 11.  , 11.  , 11.  , 11.  , 11.  ,
       11.  ]), 'class_median_width': array([11., 11., 11., 11., 11., 11., 11., 11., 11., 11., 11., 11., 11.,
       11., 11., 11., 11., 11., 11., 11., 11., 11., 11., 11., 11., 11.,
       11., 11., 11., 11., 11., 11., 11., 11., 11., 11., 11., 11., 11.,
       11., 11., 11., 11., 11., 11., 11., 11., 11., 11., 11., 11., 11.,
       11., 11., 11., 11., 11., 11., 11., 11., 11., 11., 11., 11., 11.,
       11., 11., 11., 11., 11., 11., 11., 11., 11., 11., 11., 11., 11.,
       11., 11., 11., 11., 11., 11., 11., 11., 11., 11., 11., 11., 11.,
       11., 11., 11., 11., 11., 11., 11., 11., 11.]), 'class_mean_width_scaled': array([0.11  , 0.11  , 0.11  , 0.11  , 0.11  , 0.11  , 0.11  , 0.11  ,
       0.11  , 0.11  , 0.11  , 0.11  , 0.11  , 0.11  , 0.11  , 0.11  ,
       0.11  , 0.11  , 0.11  , 0.11  , 0.11  , 0.11  , 0.11  , 0.11  ,
       0.11  , 0.11  , 0.11  , 0.11  , 0.11  , 0.11  , 0.11  , 0.11  ,
       0.11  , 0.11  , 0.11  , 0.11  , 0.11  , 0.11  , 0.11  , 0.11  ,
       0.11  , 0.11  , 0.11  , 0.1105, 0.11  , 0.11  , 0.11  , 0.11  ,
       0.11  , 0.11  , 0.11  , 0.11  , 0.11  , 0.11  , 0.11  , 0.11  ,
       0.11  , 0.11  , 0.11  , 0.1105, 0.11  , 0.11  , 0.11  , 0.11  ,
       0.11  , 0.11  , 0.11  , 0.11  , 0.11  , 0.11  , 0.11  , 0.11  ,
       0.11  , 0.11  , 0.11  , 0.11  , 0.11  , 0.11  , 0.11  , 0.11  ,
       0.11  , 0.11  , 0.11  , 0.11  , 0.11  , 0.11  , 0.11  , 0.11  ,
       0.11  , 0.11  , 0.1105, 0.11  , 0.11  , 0.11  , 0.11  , 0.11  ,
       0.11  , 0.11  , 0.11  , 0.11  ]), 'class_median_width_scaled': array([0.11, 0.11, 0.11, 0.11, 0.11, 0.11, 0.11, 0.11, 0.11, 0.11, 0.11,
       0.11, 0.11, 0.11, 0.11, 0.11, 0.11, 0.11, 0.11, 0.11, 0.11, 0.11,
       0.11, 0.11, 0.11, 0.11, 0.11, 0.11, 0.11, 0.11, 0.11, 0.11, 0.11,
       0.11, 0.11, 0.11, 0.11, 0.11, 0.11, 0.11, 0.11, 0.11, 0.11, 0.11,
       0.11, 0.11, 0.11, 0.11, 0.11, 0.11, 0.11, 0.11, 0.11, 0.11, 0.11,
       0.11, 0.11, 0.11, 0.11, 0.11, 0.11, 0.11, 0.11, 0.11, 0.11, 0.11,
       0.11, 0.11, 0.11, 0.11, 0.11, 0.11, 0.11, 0.11, 0.11, 0.11, 0.11,
       0.11, 0.11, 0.11, 0.11, 0.11, 0.11, 0.11, 0.11, 0.11, 0.11, 0.11,
       0.11, 0.11, 0.11, 0.11, 0.11, 0.11, 0.11, 0.11, 0.11, 0.11, 0.11,
       0.11])}

Job completed at Thu Mar 20 05:04:32 PM PDT 2025
