Starting job at Wed Mar 19 06:26:40 PM PDT 2025
Job parameters:
Dataset: data_isolet
UQ Method: split_conformal_naive
Estimator: AdaBoost
Seed: 783
Train Size: 0.8
Running split_conformal_naive on data_isolet with seed 783 and train size 0.8

starting experiment

data created

Fitting split_conformal_naive_AdaBoost on data_isolet with seed 783

split_conformal_naive_AdaBoost metrics: {'coverage': np.float64(0.9974358974358974), 'mean_width': np.float64(21.107692307692307), 'median_width': np.float64(22.0), 'mean_width_scaled': np.float64(0.8118343195266272), 'median_width_scaled': np.float64(0.8461538461538461)}

split_conformal_naive_AdaBoost full metrics: {'coverage': np.float64(0.9974358974358974), 'mean_width': np.float64(21.107692307692307), 'median_width': np.float64(22.0), 'mean_width_scaled': np.float64(0.8118343195266272), 'median_width_scaled': np.float64(0.8461538461538461)}

split_conformal_naive_AdaBoost class metrics: {'class_coverage': array([1.        , 1.        , 1.        , 1.        , 1.        ,
       1.        , 1.        , 1.        , 1.        , 1.        ,
       0.95      , 1.        , 1.        , 1.        , 1.        ,
       1.        , 1.        , 1.        , 1.        , 1.        ,
       1.        , 1.        , 1.        , 0.98333333, 1.        ,
       1.        ]), 'class_mean_width': array([22.        , 22.        , 22.        , 22.        , 22.        ,
       22.        , 22.        , 22.        , 22.        , 22.        ,
        4.65      , 22.        , 22.        , 22.        , 22.        ,
       22.05      , 14.83333333, 22.05      , 22.        , 22.        ,
       22.        , 22.        , 23.53333333, 22.        , 21.68333333,
       22.        ]), 'class_median_width': array([22., 22., 22., 22., 22., 22., 22., 22., 22., 22.,  1., 22., 22.,
       22., 22., 22., 12., 22., 22., 22., 22., 22., 25., 22., 22., 22.]), 'class_mean_width_scaled': array([0.84615385, 0.84615385, 0.84615385, 0.84615385, 0.84615385,
       0.84615385, 0.84615385, 0.84615385, 0.84615385, 0.84615385,
       0.17884615, 0.84615385, 0.84615385, 0.84615385, 0.84615385,
       0.84807692, 0.57051282, 0.84807692, 0.84615385, 0.84615385,
       0.84615385, 0.84615385, 0.90512821, 0.84615385, 0.83397436,
       0.84615385]), 'class_median_width_scaled': array([0.84615385, 0.84615385, 0.84615385, 0.84615385, 0.84615385,
       0.84615385, 0.84615385, 0.84615385, 0.84615385, 0.84615385,
       0.03846154, 0.84615385, 0.84615385, 0.84615385, 0.84615385,
       0.84615385, 0.46153846, 0.84615385, 0.84615385, 0.84615385,
       0.84615385, 0.84615385, 0.96153846, 0.84615385, 0.84615385,
       0.84615385])}

split_conformal_naive_AdaBoost full class metrics: {'class_coverage': array([1.        , 1.        , 1.        , 1.        , 1.        ,
       1.        , 1.        , 1.        , 1.        , 1.        ,
       0.95      , 1.        , 1.        , 1.        , 1.        ,
       1.        , 1.        , 1.        , 1.        , 1.        ,
       1.        , 1.        , 1.        , 0.98333333, 1.        ,
       1.        ]), 'class_mean_width': array([22.        , 22.        , 22.        , 22.        , 22.        ,
       22.        , 22.        , 22.        , 22.        , 22.        ,
        4.65      , 22.        , 22.        , 22.        , 22.        ,
       22.05      , 14.83333333, 22.05      , 22.        , 22.        ,
       22.        , 22.        , 23.53333333, 22.        , 21.68333333,
       22.        ]), 'class_median_width': array([22., 22., 22., 22., 22., 22., 22., 22., 22., 22.,  1., 22., 22.,
       22., 22., 22., 12., 22., 22., 22., 22., 22., 25., 22., 22., 22.]), 'class_mean_width_scaled': array([0.84615385, 0.84615385, 0.84615385, 0.84615385, 0.84615385,
       0.84615385, 0.84615385, 0.84615385, 0.84615385, 0.84615385,
       0.17884615, 0.84615385, 0.84615385, 0.84615385, 0.84615385,
       0.84807692, 0.57051282, 0.84807692, 0.84615385, 0.84615385,
       0.84615385, 0.84615385, 0.90512821, 0.84615385, 0.83397436,
       0.84615385]), 'class_median_width_scaled': array([0.84615385, 0.84615385, 0.84615385, 0.84615385, 0.84615385,
       0.84615385, 0.84615385, 0.84615385, 0.84615385, 0.84615385,
       0.03846154, 0.84615385, 0.84615385, 0.84615385, 0.84615385,
       0.84615385, 0.46153846, 0.84615385, 0.84615385, 0.84615385,
       0.84615385, 0.84615385, 0.96153846, 0.84615385, 0.84615385,
       0.84615385])}

Job completed at Wed Mar 19 06:26:56 PM PDT 2025
