Starting job at Wed Mar 19 06:26:36 PM PDT 2025
Job parameters:
Dataset: data_isolet
UQ Method: split_conformal_naive
Estimator: AdaBoost
Seed: 781
Train Size: 0.8
Running split_conformal_naive on data_isolet with seed 781 and train size 0.8

starting experiment

data created

Fitting split_conformal_naive_AdaBoost on data_isolet with seed 781

split_conformal_naive_AdaBoost metrics: {'coverage': np.float64(0.9916666666666667), 'mean_width': np.float64(22.088461538461537), 'median_width': np.float64(23.0), 'mean_width_scaled': np.float64(0.8495562130177514), 'median_width_scaled': np.float64(0.8846153846153846)}

split_conformal_naive_AdaBoost full metrics: {'coverage': np.float64(0.9916666666666667), 'mean_width': np.float64(22.088461538461537), 'median_width': np.float64(23.0), 'mean_width_scaled': np.float64(0.8495562130177514), 'median_width_scaled': np.float64(0.8846153846153846)}

split_conformal_naive_AdaBoost class metrics: {'class_coverage': array([1.        , 1.        , 1.        , 1.        , 1.        ,
       1.        , 1.        , 1.        , 1.        , 1.        ,
       0.95      , 0.98333333, 1.        , 1.        , 1.        ,
       1.        , 0.91666667, 1.        , 1.        , 1.        ,
       1.        , 1.        , 0.98333333, 0.98333333, 0.96666667,
       1.        ]), 'class_mean_width': array([22.98333333, 23.        , 23.        , 23.        , 23.        ,
       23.        , 23.        , 23.        , 23.        , 23.        ,
        3.65      , 22.98333333, 23.        , 23.        , 22.98333333,
       23.        , 21.66666667, 23.        , 23.        , 22.98333333,
       23.        , 23.        , 21.5       , 22.98333333, 21.56666667,
       23.        ]), 'class_median_width': array([23., 23., 23., 23., 23., 23., 23., 23., 23., 23.,  1., 23., 23.,
       23., 23., 23., 22., 23., 23., 23., 23., 23., 22., 23., 22., 23.]), 'class_mean_width_scaled': array([0.88397436, 0.88461538, 0.88461538, 0.88461538, 0.88461538,
       0.88461538, 0.88461538, 0.88461538, 0.88461538, 0.88461538,
       0.14038462, 0.88397436, 0.88461538, 0.88461538, 0.88397436,
       0.88461538, 0.83333333, 0.88461538, 0.88461538, 0.88397436,
       0.88461538, 0.88461538, 0.82692308, 0.88397436, 0.82948718,
       0.88461538]), 'class_median_width_scaled': array([0.88461538, 0.88461538, 0.88461538, 0.88461538, 0.88461538,
       0.88461538, 0.88461538, 0.88461538, 0.88461538, 0.88461538,
       0.03846154, 0.88461538, 0.88461538, 0.88461538, 0.88461538,
       0.88461538, 0.84615385, 0.88461538, 0.88461538, 0.88461538,
       0.88461538, 0.88461538, 0.84615385, 0.88461538, 0.84615385,
       0.88461538])}

split_conformal_naive_AdaBoost full class metrics: {'class_coverage': array([1.        , 1.        , 1.        , 1.        , 1.        ,
       1.        , 1.        , 1.        , 1.        , 1.        ,
       0.95      , 0.98333333, 1.        , 1.        , 1.        ,
       1.        , 0.91666667, 1.        , 1.        , 1.        ,
       1.        , 1.        , 0.98333333, 0.98333333, 0.96666667,
       1.        ]), 'class_mean_width': array([22.98333333, 23.        , 23.        , 23.        , 23.        ,
       23.        , 23.        , 23.        , 23.        , 23.        ,
        3.65      , 22.98333333, 23.        , 23.        , 22.98333333,
       23.        , 21.66666667, 23.        , 23.        , 22.98333333,
       23.        , 23.        , 21.5       , 22.98333333, 21.56666667,
       23.        ]), 'class_median_width': array([23., 23., 23., 23., 23., 23., 23., 23., 23., 23.,  1., 23., 23.,
       23., 23., 23., 22., 23., 23., 23., 23., 23., 22., 23., 22., 23.]), 'class_mean_width_scaled': array([0.88397436, 0.88461538, 0.88461538, 0.88461538, 0.88461538,
       0.88461538, 0.88461538, 0.88461538, 0.88461538, 0.88461538,
       0.14038462, 0.88397436, 0.88461538, 0.88461538, 0.88397436,
       0.88461538, 0.83333333, 0.88461538, 0.88461538, 0.88397436,
       0.88461538, 0.88461538, 0.82692308, 0.88397436, 0.82948718,
       0.88461538]), 'class_median_width_scaled': array([0.88461538, 0.88461538, 0.88461538, 0.88461538, 0.88461538,
       0.88461538, 0.88461538, 0.88461538, 0.88461538, 0.88461538,
       0.03846154, 0.88461538, 0.88461538, 0.88461538, 0.88461538,
       0.88461538, 0.84615385, 0.88461538, 0.88461538, 0.88461538,
       0.88461538, 0.88461538, 0.84615385, 0.88461538, 0.84615385,
       0.88461538])}

Job completed at Wed Mar 19 06:26:54 PM PDT 2025
