Starting job at Wed Mar 19 06:26:44 PM PDT 2025
Job parameters:
Dataset: data_isolet
UQ Method: split_conformal_naive
Estimator: AdaBoost
Seed: 784
Train Size: 0.8
Running split_conformal_naive on data_isolet with seed 784 and train size 0.8

starting experiment

data created

Fitting split_conformal_naive_AdaBoost on data_isolet with seed 784

split_conformal_naive_AdaBoost metrics: {'coverage': np.float64(0.9871794871794872), 'mean_width': np.float64(20.701923076923077), 'median_width': np.float64(22.0), 'mean_width_scaled': np.float64(0.7962278106508875), 'median_width_scaled': np.float64(0.8461538461538461)}

split_conformal_naive_AdaBoost full metrics: {'coverage': np.float64(0.9871794871794872), 'mean_width': np.float64(20.701923076923077), 'median_width': np.float64(22.0), 'mean_width_scaled': np.float64(0.7962278106508875), 'median_width_scaled': np.float64(0.8461538461538461)}

split_conformal_naive_AdaBoost class metrics: {'class_coverage': array([1.        , 1.        , 1.        , 1.        , 1.        ,
       1.        , 1.        , 1.        , 1.        , 1.        ,
       0.96666667, 1.        , 1.        , 1.        , 1.        ,
       0.98333333, 1.        , 1.        , 1.        , 1.        ,
       1.        , 1.        , 0.88333333, 1.        , 0.85      ,
       0.98333333]), 'class_mean_width': array([22.        , 22.        , 22.        , 22.        , 22.        ,
       22.        , 22.        , 22.        , 22.        , 22.        ,
        2.        , 22.        , 22.        , 22.        , 22.        ,
       22.01666667, 16.66666667, 22.        , 22.        , 22.        ,
       22.        , 22.        , 19.68333333, 22.        , 16.1       ,
       21.78333333]), 'class_median_width': array([22., 22., 22., 22., 22., 22., 22., 22., 22., 22.,  1., 22., 22.,
       22., 22., 22., 23., 22., 22., 22., 22., 22., 23., 22., 23., 22.]), 'class_mean_width_scaled': array([0.84615385, 0.84615385, 0.84615385, 0.84615385, 0.84615385,
       0.84615385, 0.84615385, 0.84615385, 0.84615385, 0.84615385,
       0.07692308, 0.84615385, 0.84615385, 0.84615385, 0.84615385,
       0.84679487, 0.64102564, 0.84615385, 0.84615385, 0.84615385,
       0.84615385, 0.84615385, 0.75705128, 0.84615385, 0.61923077,
       0.83782051]), 'class_median_width_scaled': array([0.84615385, 0.84615385, 0.84615385, 0.84615385, 0.84615385,
       0.84615385, 0.84615385, 0.84615385, 0.84615385, 0.84615385,
       0.03846154, 0.84615385, 0.84615385, 0.84615385, 0.84615385,
       0.84615385, 0.88461538, 0.84615385, 0.84615385, 0.84615385,
       0.84615385, 0.84615385, 0.88461538, 0.84615385, 0.88461538,
       0.84615385])}

split_conformal_naive_AdaBoost full class metrics: {'class_coverage': array([1.        , 1.        , 1.        , 1.        , 1.        ,
       1.        , 1.        , 1.        , 1.        , 1.        ,
       0.96666667, 1.        , 1.        , 1.        , 1.        ,
       0.98333333, 1.        , 1.        , 1.        , 1.        ,
       1.        , 1.        , 0.88333333, 1.        , 0.85      ,
       0.98333333]), 'class_mean_width': array([22.        , 22.        , 22.        , 22.        , 22.        ,
       22.        , 22.        , 22.        , 22.        , 22.        ,
        2.        , 22.        , 22.        , 22.        , 22.        ,
       22.01666667, 16.66666667, 22.        , 22.        , 22.        ,
       22.        , 22.        , 19.68333333, 22.        , 16.1       ,
       21.78333333]), 'class_median_width': array([22., 22., 22., 22., 22., 22., 22., 22., 22., 22.,  1., 22., 22.,
       22., 22., 22., 23., 22., 22., 22., 22., 22., 23., 22., 23., 22.]), 'class_mean_width_scaled': array([0.84615385, 0.84615385, 0.84615385, 0.84615385, 0.84615385,
       0.84615385, 0.84615385, 0.84615385, 0.84615385, 0.84615385,
       0.07692308, 0.84615385, 0.84615385, 0.84615385, 0.84615385,
       0.84679487, 0.64102564, 0.84615385, 0.84615385, 0.84615385,
       0.84615385, 0.84615385, 0.75705128, 0.84615385, 0.61923077,
       0.83782051]), 'class_median_width_scaled': array([0.84615385, 0.84615385, 0.84615385, 0.84615385, 0.84615385,
       0.84615385, 0.84615385, 0.84615385, 0.84615385, 0.84615385,
       0.03846154, 0.84615385, 0.84615385, 0.84615385, 0.84615385,
       0.84615385, 0.88461538, 0.84615385, 0.84615385, 0.84615385,
       0.84615385, 0.84615385, 0.88461538, 0.84615385, 0.88461538,
       0.84615385])}

Job completed at Wed Mar 19 06:27:02 PM PDT 2025
