Starting job at Wed Mar 19 06:26:47 PM PDT 2025
Job parameters:
Dataset: data_isolet
UQ Method: split_conformal_naive
Estimator: AdaBoost
Seed: 785
Train Size: 0.8
Running split_conformal_naive on data_isolet with seed 785 and train size 0.8

starting experiment

data created

Fitting split_conformal_naive_AdaBoost on data_isolet with seed 785

split_conformal_naive_AdaBoost metrics: {'coverage': np.float64(0.9532051282051283), 'mean_width': np.float64(19.75), 'median_width': np.float64(23.0), 'mean_width_scaled': np.float64(0.7596153846153846), 'median_width_scaled': np.float64(0.8846153846153846)}

split_conformal_naive_AdaBoost full metrics: {'coverage': np.float64(0.9532051282051283), 'mean_width': np.float64(19.75), 'median_width': np.float64(23.0), 'mean_width_scaled': np.float64(0.7596153846153846), 'median_width_scaled': np.float64(0.8846153846153846)}

split_conformal_naive_AdaBoost class metrics: {'class_coverage': array([1.        , 1.        , 1.        , 1.        , 1.        ,
       1.        , 1.        , 1.        , 1.        , 0.        ,
       0.9       , 1.        , 1.        , 1.        , 1.        ,
       1.        , 0.95      , 1.        , 1.        , 1.        ,
       1.        , 1.        , 0.93333333, 1.        , 1.        ,
       1.        ]), 'class_mean_width': array([22.85      , 22.11666667, 22.1       , 14.        , 22.28333333,
       22.56666667, 15.38333333, 23.        , 23.        , 14.        ,
        2.85      , 23.        , 23.        , 23.        , 23.        ,
       22.4       , 14.45      , 14.45      , 23.        , 23.        ,
       23.        , 23.        , 13.88333333, 23.        , 23.        ,
       14.16666667]), 'class_median_width': array([23., 23., 23., 14., 23., 23., 14., 23., 23., 14.,  1., 23., 23.,
       23., 23., 23., 14., 14., 23., 23., 23., 23., 14., 23., 23., 14.]), 'class_mean_width_scaled': array([0.87884615, 0.85064103, 0.85      , 0.53846154, 0.85705128,
       0.86794872, 0.59166667, 0.88461538, 0.88461538, 0.53846154,
       0.10961538, 0.88461538, 0.88461538, 0.88461538, 0.88461538,
       0.86153846, 0.55576923, 0.55576923, 0.88461538, 0.88461538,
       0.88461538, 0.88461538, 0.53397436, 0.88461538, 0.88461538,
       0.54487179]), 'class_median_width_scaled': array([0.88461538, 0.88461538, 0.88461538, 0.53846154, 0.88461538,
       0.88461538, 0.53846154, 0.88461538, 0.88461538, 0.53846154,
       0.03846154, 0.88461538, 0.88461538, 0.88461538, 0.88461538,
       0.88461538, 0.53846154, 0.53846154, 0.88461538, 0.88461538,
       0.88461538, 0.88461538, 0.53846154, 0.88461538, 0.88461538,
       0.53846154])}

split_conformal_naive_AdaBoost full class metrics: {'class_coverage': array([1.        , 1.        , 1.        , 1.        , 1.        ,
       1.        , 1.        , 1.        , 1.        , 0.        ,
       0.9       , 1.        , 1.        , 1.        , 1.        ,
       1.        , 0.95      , 1.        , 1.        , 1.        ,
       1.        , 1.        , 0.93333333, 1.        , 1.        ,
       1.        ]), 'class_mean_width': array([22.85      , 22.11666667, 22.1       , 14.        , 22.28333333,
       22.56666667, 15.38333333, 23.        , 23.        , 14.        ,
        2.85      , 23.        , 23.        , 23.        , 23.        ,
       22.4       , 14.45      , 14.45      , 23.        , 23.        ,
       23.        , 23.        , 13.88333333, 23.        , 23.        ,
       14.16666667]), 'class_median_width': array([23., 23., 23., 14., 23., 23., 14., 23., 23., 14.,  1., 23., 23.,
       23., 23., 23., 14., 14., 23., 23., 23., 23., 14., 23., 23., 14.]), 'class_mean_width_scaled': array([0.87884615, 0.85064103, 0.85      , 0.53846154, 0.85705128,
       0.86794872, 0.59166667, 0.88461538, 0.88461538, 0.53846154,
       0.10961538, 0.88461538, 0.88461538, 0.88461538, 0.88461538,
       0.86153846, 0.55576923, 0.55576923, 0.88461538, 0.88461538,
       0.88461538, 0.88461538, 0.53397436, 0.88461538, 0.88461538,
       0.54487179]), 'class_median_width_scaled': array([0.88461538, 0.88461538, 0.88461538, 0.53846154, 0.88461538,
       0.88461538, 0.53846154, 0.88461538, 0.88461538, 0.53846154,
       0.03846154, 0.88461538, 0.88461538, 0.88461538, 0.88461538,
       0.88461538, 0.53846154, 0.53846154, 0.88461538, 0.88461538,
       0.88461538, 0.88461538, 0.53846154, 0.88461538, 0.88461538,
       0.53846154])}

Job completed at Wed Mar 19 06:27:03 PM PDT 2025
