Starting job at Wed Mar 19 06:21:46 PM PDT 2025
Job parameters:
Dataset: data_walking
UQ Method: split_conformal_aps
Estimator: RandomForest
Seed: 777
Train Size: 0.8
Running split_conformal_aps on data_walking with seed 777 and train size 0.8

starting experiment

data created

Fitting split_conformal_aps_RandomForest on data_walking with seed 777

split_conformal_aps_RandomForest metrics: {'coverage': np.float64(0.9123333333333333), 'mean_width': np.float64(5.3465), 'median_width': np.float64(5.0), 'mean_width_scaled': np.float64(0.24302272727272725), 'median_width_scaled': np.float64(0.22727272727272727)}

split_conformal_aps_RandomForest full metrics: {'coverage': np.float64(0.9123333333333333), 'mean_width': np.float64(5.3465), 'median_width': np.float64(5.0), 'mean_width_scaled': np.float64(0.24302272727272725), 'median_width_scaled': np.float64(0.22727272727272727)}

split_conformal_aps_RandomForest class metrics: {'class_coverage': array([0.93548387, 0.88888889, 0.8989899 , 0.86725664, 0.91333333,
       0.76258993, 0.91277259, 0.93782383, 0.91821561, 0.96066253,
       0.79591837, 0.97297297, 0.68115942, 0.9479638 , 0.90407674,
       0.87745098, 0.97356828, 0.78225806, 0.93589744, 0.83333333,
       0.84782609, 0.89642857]), 'class_mean_width': array([7.28225806, 6.77777778, 6.81313131, 7.19911504, 5.51333333,
       7.43165468, 5.86604361, 5.80829016, 6.94423792, 3.51552795,
       8.89115646, 6.45945946, 8.46376812, 3.54411765, 3.92805755,
       6.91666667, 4.55066079, 7.12903226, 5.81025641, 7.97435897,
       7.        , 6.07142857]), 'class_median_width': array([7. , 7. , 7. , 7. , 5. , 7. , 5. , 5. , 7. , 2. , 9. , 6. , 9. ,
       2. , 3. , 7. , 4. , 8. , 6. , 8. , 6.5, 6. ]), 'class_mean_width_scaled': array([0.33101173, 0.30808081, 0.30968779, 0.3272325 , 0.25060606,
       0.33780249, 0.26663835, 0.26401319, 0.31564718, 0.15979673,
       0.40414348, 0.29361179, 0.38471673, 0.16109626, 0.17854807,
       0.31439394, 0.20684822, 0.32404692, 0.26410256, 0.36247086,
       0.31818182, 0.27597403]), 'class_median_width_scaled': array([0.31818182, 0.31818182, 0.31818182, 0.31818182, 0.22727273,
       0.31818182, 0.22727273, 0.22727273, 0.31818182, 0.09090909,
       0.40909091, 0.27272727, 0.40909091, 0.09090909, 0.13636364,
       0.31818182, 0.18181818, 0.36363636, 0.27272727, 0.36363636,
       0.29545455, 0.27272727])}

split_conformal_aps_RandomForest full class metrics: {'class_coverage': array([0.93548387, 0.88888889, 0.8989899 , 0.86725664, 0.91333333,
       0.76258993, 0.91277259, 0.93782383, 0.91821561, 0.96066253,
       0.79591837, 0.97297297, 0.68115942, 0.9479638 , 0.90407674,
       0.87745098, 0.97356828, 0.78225806, 0.93589744, 0.83333333,
       0.84782609, 0.89642857]), 'class_mean_width': array([7.28225806, 6.77777778, 6.81313131, 7.19911504, 5.51333333,
       7.43165468, 5.86604361, 5.80829016, 6.94423792, 3.51552795,
       8.89115646, 6.45945946, 8.46376812, 3.54411765, 3.92805755,
       6.91666667, 4.55066079, 7.12903226, 5.81025641, 7.97435897,
       7.        , 6.07142857]), 'class_median_width': array([7. , 7. , 7. , 7. , 5. , 7. , 5. , 5. , 7. , 2. , 9. , 6. , 9. ,
       2. , 3. , 7. , 4. , 8. , 6. , 8. , 6.5, 6. ]), 'class_mean_width_scaled': array([0.33101173, 0.30808081, 0.30968779, 0.3272325 , 0.25060606,
       0.33780249, 0.26663835, 0.26401319, 0.31564718, 0.15979673,
       0.40414348, 0.29361179, 0.38471673, 0.16109626, 0.17854807,
       0.31439394, 0.20684822, 0.32404692, 0.26410256, 0.36247086,
       0.31818182, 0.27597403]), 'class_median_width_scaled': array([0.31818182, 0.31818182, 0.31818182, 0.31818182, 0.22727273,
       0.31818182, 0.22727273, 0.22727273, 0.31818182, 0.09090909,
       0.40909091, 0.27272727, 0.40909091, 0.09090909, 0.13636364,
       0.31818182, 0.18181818, 0.36363636, 0.27272727, 0.36363636,
       0.29545455, 0.27272727])}

Job completed at Wed Mar 19 06:21:49 PM PDT 2025
