Starting job at Thu Mar 20 05:04:32 PM PDT 2025
Job parameters:
Dataset: data_dionis
UQ Method: split_conformal_topk
Estimator: ExtraTrees
Seed: 777
Train Size: 0.8
Running split_conformal_topk on data_dionis with seed 777 and train size 0.8

starting experiment

data created

Fitting split_conformal_topk_ExtraTrees on data_dionis with seed 777

split_conformal_topk_ExtraTrees metrics: {'coverage': np.float64(0.8896666666666667), 'mean_width': np.float64(13.0), 'median_width': np.float64(13.0), 'mean_width_scaled': np.float64(0.036619718309859155), 'median_width_scaled': np.float64(0.036619718309859155)}

split_conformal_topk_ExtraTrees full metrics: {'coverage': np.float64(0.8896666666666667), 'mean_width': np.float64(13.0), 'median_width': np.float64(13.0), 'mean_width_scaled': np.float64(0.036619718309859155), 'median_width_scaled': np.float64(0.036619718309859155)}

split_conformal_topk_ExtraTrees class metrics: {'class_coverage': array([0.82142857, 0.75      , 0.93333333, 1.        , 1.        ,
       0.8       , 0.94444444, 0.86666667, 0.93333333, 0.77777778,
       0.72222222, 0.73333333, 0.88888889, 1.        , 0.8       ,
       0.95      , 0.95      , 1.        , 1.        , 0.6       ,
       1.        , 0.66666667, 0.8125    , 0.94736842, 0.9375    ,
       0.97222222, 1.        , 0.93333333, 1.        , 1.        ,
       1.        , 1.        , 0.94117647, 0.86666667, 1.        ,
       1.        , 1.        , 0.73333333, 1.        , 0.8125    ,
       0.9375    , 0.8125    , 1.        , 0.53333333, 0.6       ,
       1.        , 0.77777778, 1.        , 0.89473684, 0.95      ,
       0.6       , 0.94117647, 0.82352941, 1.        , 0.89473684,
       1.        , 0.93333333, 0.93333333, 0.71428571, 0.73333333,
       0.70588235, 1.        , 0.89473684, 0.85714286, 0.73333333,
       0.70588235, 0.88888889, 0.94117647, 0.89473684, 1.        ,
       0.64285714, 1.        , 0.75      , 0.93333333, 0.93333333,
       0.8       , 1.        , 1.        , 0.8       , 0.875     ,
       1.        , 0.85714286, 0.94117647, 0.94117647, 0.9375    ,
       0.57142857, 0.73684211, 1.        , 0.64285714, 0.9375    ,
       0.8       , 0.875     , 0.88235294, 0.8       , 1.        ,
       0.94736842, 0.76470588, 0.66666667, 0.88461538, 0.84210526,
       0.9375    , 0.73333333, 0.93333333, 0.875     , 0.88235294,
       0.66666667, 0.73333333, 0.5625    , 0.92307692, 0.95      ,
       0.8       , 0.8       , 0.71428571, 0.8       , 0.86666667,
       1.        , 0.71428571, 1.        , 0.86666667, 0.73333333,
       1.        , 0.8125    , 1.        , 0.88888889, 1.        ,
       0.84210526, 0.78571429, 0.82352941, 0.875     , 1.        ,
       0.95      , 0.92857143, 0.8       , 0.85714286, 0.86666667,
       1.        , 1.        , 1.        , 0.8       , 1.        ,
       0.73333333, 0.8       , 0.93333333, 0.93333333, 1.        ,
       0.94736842, 0.86666667, 1.        , 0.57142857, 0.875     ,
       1.        , 0.94444444, 1.        , 0.875     , 1.        ,
       0.94444444, 0.95454545, 0.95      , 0.93333333, 0.93333333,
       0.875     , 1.        , 0.78571429, 0.53333333, 0.86666667,
       0.94736842, 0.93333333, 0.88235294, 0.93333333, 0.88888889,
       0.88235294, 0.9375    , 1.        , 0.73333333, 0.8125    ,
       0.93333333, 0.86666667, 0.75      , 0.86666667, 0.93333333,
       0.875     , 0.8125    , 1.        , 0.66666667, 1.        ,
       1.        , 0.75      , 1.        , 0.875     , 1.        ,
       0.88235294, 0.86666667, 1.        , 1.        , 0.85      ,
       1.        , 0.64705882, 0.8       , 0.86666667, 0.94444444,
       0.93333333, 0.8       , 1.        , 1.        , 1.        ,
       0.94736842, 1.        , 0.86666667, 1.        , 1.        ,
       1.        , 0.625     , 0.85      , 0.93333333, 0.75      ,
       0.78947368, 0.875     , 0.86666667, 1.        , 1.        ,
       0.94117647, 0.875     , 0.9375    , 0.9375    , 0.92307692,
       0.93333333, 0.8       , 0.57142857, 0.93333333, 0.9375    ,
       0.85714286, 0.61111111, 0.57142857, 0.88235294, 1.        ,
       0.93333333, 0.9375    , 0.875     , 0.66666667, 0.86666667,
       0.93333333, 0.95454545, 1.        , 1.        , 0.96428571,
       0.875     , 0.92857143, 0.875     , 1.        , 1.        ,
       0.8125    , 0.57142857, 0.85714286, 1.        , 0.88      ,
       0.86666667, 0.77777778, 0.84210526, 0.95238095, 0.95      ,
       0.95      , 0.8125    , 1.        , 1.        , 0.93333333,
       0.9375    , 0.88235294, 1.        , 1.        , 0.71428571,
       0.8       , 0.82352941, 0.93333333, 0.8       , 1.        ,
       1.        , 0.88888889, 0.8125    , 0.92307692, 1.        ,
       0.93333333, 0.95      , 0.93333333, 0.95652174, 0.66666667,
       1.        , 0.94444444, 1.        , 0.91304348, 1.        ,
       1.        , 0.95      , 1.        , 1.        , 0.875     ,
       0.64285714, 0.875     , 0.79166667, 0.6875    , 0.73333333,
       0.92857143, 1.        , 0.93333333, 0.57142857, 0.73333333,
       1.        , 0.75      , 1.        , 0.8       , 1.        ,
       1.        , 1.        , 0.71428571, 0.95652174, 0.8       ,
       1.        , 1.        , 0.64285714, 0.92857143, 0.9       ,
       0.94736842, 0.6875    , 0.95454545, 0.8125    , 0.92857143,
       1.        , 0.6       , 1.        , 0.86666667, 0.83333333,
       0.93333333, 0.88888889, 1.        , 0.93333333, 0.70588235,
       0.90909091, 0.96153846, 1.        , 1.        , 0.82352941,
       0.86956522, 0.9375    , 0.66666667, 0.875     , 0.73333333,
       0.94444444, 0.9375    , 0.8       , 1.        , 0.76923077,
       1.        , 0.94117647, 0.94736842, 1.        , 0.94444444]), 'class_mean_width': array([13., 13., 13., 13., 13., 13., 13., 13., 13., 13., 13., 13., 13.,
       13., 13., 13., 13., 13., 13., 13., 13., 13., 13., 13., 13., 13.,
       13., 13., 13., 13., 13., 13., 13., 13., 13., 13., 13., 13., 13.,
       13., 13., 13., 13., 13., 13., 13., 13., 13., 13., 13., 13., 13.,
       13., 13., 13., 13., 13., 13., 13., 13., 13., 13., 13., 13., 13.,
       13., 13., 13., 13., 13., 13., 13., 13., 13., 13., 13., 13., 13.,
       13., 13., 13., 13., 13., 13., 13., 13., 13., 13., 13., 13., 13.,
       13., 13., 13., 13., 13., 13., 13., 13., 13., 13., 13., 13., 13.,
       13., 13., 13., 13., 13., 13., 13., 13., 13., 13., 13., 13., 13.,
       13., 13., 13., 13., 13., 13., 13., 13., 13., 13., 13., 13., 13.,
       13., 13., 13., 13., 13., 13., 13., 13., 13., 13., 13., 13., 13.,
       13., 13., 13., 13., 13., 13., 13., 13., 13., 13., 13., 13., 13.,
       13., 13., 13., 13., 13., 13., 13., 13., 13., 13., 13., 13., 13.,
       13., 13., 13., 13., 13., 13., 13., 13., 13., 13., 13., 13., 13.,
       13., 13., 13., 13., 13., 13., 13., 13., 13., 13., 13., 13., 13.,
       13., 13., 13., 13., 13., 13., 13., 13., 13., 13., 13., 13., 13.,
       13., 13., 13., 13., 13., 13., 13., 13., 13., 13., 13., 13., 13.,
       13., 13., 13., 13., 13., 13., 13., 13., 13., 13., 13., 13., 13.,
       13., 13., 13., 13., 13., 13., 13., 13., 13., 13., 13., 13., 13.,
       13., 13., 13., 13., 13., 13., 13., 13., 13., 13., 13., 13., 13.,
       13., 13., 13., 13., 13., 13., 13., 13., 13., 13., 13., 13., 13.,
       13., 13., 13., 13., 13., 13., 13., 13., 13., 13., 13., 13., 13.,
       13., 13., 13., 13., 13., 13., 13., 13., 13., 13., 13., 13., 13.,
       13., 13., 13., 13., 13., 13., 13., 13., 13., 13., 13., 13., 13.,
       13., 13., 13., 13., 13., 13., 13., 13., 13., 13., 13., 13., 13.,
       13., 13., 13., 13., 13., 13., 13., 13., 13., 13., 13., 13., 13.,
       13., 13., 13., 13., 13., 13., 13., 13., 13., 13., 13., 13., 13.,
       13., 13., 13., 13.]), 'class_median_width': array([13., 13., 13., 13., 13., 13., 13., 13., 13., 13., 13., 13., 13.,
       13., 13., 13., 13., 13., 13., 13., 13., 13., 13., 13., 13., 13.,
       13., 13., 13., 13., 13., 13., 13., 13., 13., 13., 13., 13., 13.,
       13., 13., 13., 13., 13., 13., 13., 13., 13., 13., 13., 13., 13.,
       13., 13., 13., 13., 13., 13., 13., 13., 13., 13., 13., 13., 13.,
       13., 13., 13., 13., 13., 13., 13., 13., 13., 13., 13., 13., 13.,
       13., 13., 13., 13., 13., 13., 13., 13., 13., 13., 13., 13., 13.,
       13., 13., 13., 13., 13., 13., 13., 13., 13., 13., 13., 13., 13.,
       13., 13., 13., 13., 13., 13., 13., 13., 13., 13., 13., 13., 13.,
       13., 13., 13., 13., 13., 13., 13., 13., 13., 13., 13., 13., 13.,
       13., 13., 13., 13., 13., 13., 13., 13., 13., 13., 13., 13., 13.,
       13., 13., 13., 13., 13., 13., 13., 13., 13., 13., 13., 13., 13.,
       13., 13., 13., 13., 13., 13., 13., 13., 13., 13., 13., 13., 13.,
       13., 13., 13., 13., 13., 13., 13., 13., 13., 13., 13., 13., 13.,
       13., 13., 13., 13., 13., 13., 13., 13., 13., 13., 13., 13., 13.,
       13., 13., 13., 13., 13., 13., 13., 13., 13., 13., 13., 13., 13.,
       13., 13., 13., 13., 13., 13., 13., 13., 13., 13., 13., 13., 13.,
       13., 13., 13., 13., 13., 13., 13., 13., 13., 13., 13., 13., 13.,
       13., 13., 13., 13., 13., 13., 13., 13., 13., 13., 13., 13., 13.,
       13., 13., 13., 13., 13., 13., 13., 13., 13., 13., 13., 13., 13.,
       13., 13., 13., 13., 13., 13., 13., 13., 13., 13., 13., 13., 13.,
       13., 13., 13., 13., 13., 13., 13., 13., 13., 13., 13., 13., 13.,
       13., 13., 13., 13., 13., 13., 13., 13., 13., 13., 13., 13., 13.,
       13., 13., 13., 13., 13., 13., 13., 13., 13., 13., 13., 13., 13.,
       13., 13., 13., 13., 13., 13., 13., 13., 13., 13., 13., 13., 13.,
       13., 13., 13., 13., 13., 13., 13., 13., 13., 13., 13., 13., 13.,
       13., 13., 13., 13., 13., 13., 13., 13., 13., 13., 13., 13., 13.,
       13., 13., 13., 13.]), 'class_mean_width_scaled': array([0.03661972, 0.03661972, 0.03661972, 0.03661972, 0.03661972,
       0.03661972, 0.03661972, 0.03661972, 0.03661972, 0.03661972,
       0.03661972, 0.03661972, 0.03661972, 0.03661972, 0.03661972,
       0.03661972, 0.03661972, 0.03661972, 0.03661972, 0.03661972,
       0.03661972, 0.03661972, 0.03661972, 0.03661972, 0.03661972,
       0.03661972, 0.03661972, 0.03661972, 0.03661972, 0.03661972,
       0.03661972, 0.03661972, 0.03661972, 0.03661972, 0.03661972,
       0.03661972, 0.03661972, 0.03661972, 0.03661972, 0.03661972,
       0.03661972, 0.03661972, 0.03661972, 0.03661972, 0.03661972,
       0.03661972, 0.03661972, 0.03661972, 0.03661972, 0.03661972,
       0.03661972, 0.03661972, 0.03661972, 0.03661972, 0.03661972,
       0.03661972, 0.03661972, 0.03661972, 0.03661972, 0.03661972,
       0.03661972, 0.03661972, 0.03661972, 0.03661972, 0.03661972,
       0.03661972, 0.03661972, 0.03661972, 0.03661972, 0.03661972,
       0.03661972, 0.03661972, 0.03661972, 0.03661972, 0.03661972,
       0.03661972, 0.03661972, 0.03661972, 0.03661972, 0.03661972,
       0.03661972, 0.03661972, 0.03661972, 0.03661972, 0.03661972,
       0.03661972, 0.03661972, 0.03661972, 0.03661972, 0.03661972,
       0.03661972, 0.03661972, 0.03661972, 0.03661972, 0.03661972,
       0.03661972, 0.03661972, 0.03661972, 0.03661972, 0.03661972,
       0.03661972, 0.03661972, 0.03661972, 0.03661972, 0.03661972,
       0.03661972, 0.03661972, 0.03661972, 0.03661972, 0.03661972,
       0.03661972, 0.03661972, 0.03661972, 0.03661972, 0.03661972,
       0.03661972, 0.03661972, 0.03661972, 0.03661972, 0.03661972,
       0.03661972, 0.03661972, 0.03661972, 0.03661972, 0.03661972,
       0.03661972, 0.03661972, 0.03661972, 0.03661972, 0.03661972,
       0.03661972, 0.03661972, 0.03661972, 0.03661972, 0.03661972,
       0.03661972, 0.03661972, 0.03661972, 0.03661972, 0.03661972,
       0.03661972, 0.03661972, 0.03661972, 0.03661972, 0.03661972,
       0.03661972, 0.03661972, 0.03661972, 0.03661972, 0.03661972,
       0.03661972, 0.03661972, 0.03661972, 0.03661972, 0.03661972,
       0.03661972, 0.03661972, 0.03661972, 0.03661972, 0.03661972,
       0.03661972, 0.03661972, 0.03661972, 0.03661972, 0.03661972,
       0.03661972, 0.03661972, 0.03661972, 0.03661972, 0.03661972,
       0.03661972, 0.03661972, 0.03661972, 0.03661972, 0.03661972,
       0.03661972, 0.03661972, 0.03661972, 0.03661972, 0.03661972,
       0.03661972, 0.03661972, 0.03661972, 0.03661972, 0.03661972,
       0.03661972, 0.03661972, 0.03661972, 0.03661972, 0.03661972,
       0.03661972, 0.03661972, 0.03661972, 0.03661972, 0.03661972,
       0.03661972, 0.03661972, 0.03661972, 0.03661972, 0.03661972,
       0.03661972, 0.03661972, 0.03661972, 0.03661972, 0.03661972,
       0.03661972, 0.03661972, 0.03661972, 0.03661972, 0.03661972,
       0.03661972, 0.03661972, 0.03661972, 0.03661972, 0.03661972,
       0.03661972, 0.03661972, 0.03661972, 0.03661972, 0.03661972,
       0.03661972, 0.03661972, 0.03661972, 0.03661972, 0.03661972,
       0.03661972, 0.03661972, 0.03661972, 0.03661972, 0.03661972,
       0.03661972, 0.03661972, 0.03661972, 0.03661972, 0.03661972,
       0.03661972, 0.03661972, 0.03661972, 0.03661972, 0.03661972,
       0.03661972, 0.03661972, 0.03661972, 0.03661972, 0.03661972,
       0.03661972, 0.03661972, 0.03661972, 0.03661972, 0.03661972,
       0.03661972, 0.03661972, 0.03661972, 0.03661972, 0.03661972,
       0.03661972, 0.03661972, 0.03661972, 0.03661972, 0.03661972,
       0.03661972, 0.03661972, 0.03661972, 0.03661972, 0.03661972,
       0.03661972, 0.03661972, 0.03661972, 0.03661972, 0.03661972,
       0.03661972, 0.03661972, 0.03661972, 0.03661972, 0.03661972,
       0.03661972, 0.03661972, 0.03661972, 0.03661972, 0.03661972,
       0.03661972, 0.03661972, 0.03661972, 0.03661972, 0.03661972,
       0.03661972, 0.03661972, 0.03661972, 0.03661972, 0.03661972,
       0.03661972, 0.03661972, 0.03661972, 0.03661972, 0.03661972,
       0.03661972, 0.03661972, 0.03661972, 0.03661972, 0.03661972,
       0.03661972, 0.03661972, 0.03661972, 0.03661972, 0.03661972,
       0.03661972, 0.03661972, 0.03661972, 0.03661972, 0.03661972,
       0.03661972, 0.03661972, 0.03661972, 0.03661972, 0.03661972,
       0.03661972, 0.03661972, 0.03661972, 0.03661972, 0.03661972,
       0.03661972, 0.03661972, 0.03661972, 0.03661972, 0.03661972,
       0.03661972, 0.03661972, 0.03661972, 0.03661972, 0.03661972,
       0.03661972, 0.03661972, 0.03661972, 0.03661972, 0.03661972,
       0.03661972, 0.03661972, 0.03661972, 0.03661972, 0.03661972,
       0.03661972, 0.03661972, 0.03661972, 0.03661972, 0.03661972,
       0.03661972, 0.03661972, 0.03661972, 0.03661972, 0.03661972,
       0.03661972, 0.03661972, 0.03661972, 0.03661972, 0.03661972]), 'class_median_width_scaled': array([0.03661972, 0.03661972, 0.03661972, 0.03661972, 0.03661972,
       0.03661972, 0.03661972, 0.03661972, 0.03661972, 0.03661972,
       0.03661972, 0.03661972, 0.03661972, 0.03661972, 0.03661972,
       0.03661972, 0.03661972, 0.03661972, 0.03661972, 0.03661972,
       0.03661972, 0.03661972, 0.03661972, 0.03661972, 0.03661972,
       0.03661972, 0.03661972, 0.03661972, 0.03661972, 0.03661972,
       0.03661972, 0.03661972, 0.03661972, 0.03661972, 0.03661972,
       0.03661972, 0.03661972, 0.03661972, 0.03661972, 0.03661972,
       0.03661972, 0.03661972, 0.03661972, 0.03661972, 0.03661972,
       0.03661972, 0.03661972, 0.03661972, 0.03661972, 0.03661972,
       0.03661972, 0.03661972, 0.03661972, 0.03661972, 0.03661972,
       0.03661972, 0.03661972, 0.03661972, 0.03661972, 0.03661972,
       0.03661972, 0.03661972, 0.03661972, 0.03661972, 0.03661972,
       0.03661972, 0.03661972, 0.03661972, 0.03661972, 0.03661972,
       0.03661972, 0.03661972, 0.03661972, 0.03661972, 0.03661972,
       0.03661972, 0.03661972, 0.03661972, 0.03661972, 0.03661972,
       0.03661972, 0.03661972, 0.03661972, 0.03661972, 0.03661972,
       0.03661972, 0.03661972, 0.03661972, 0.03661972, 0.03661972,
       0.03661972, 0.03661972, 0.03661972, 0.03661972, 0.03661972,
       0.03661972, 0.03661972, 0.03661972, 0.03661972, 0.03661972,
       0.03661972, 0.03661972, 0.03661972, 0.03661972, 0.03661972,
       0.03661972, 0.03661972, 0.03661972, 0.03661972, 0.03661972,
       0.03661972, 0.03661972, 0.03661972, 0.03661972, 0.03661972,
       0.03661972, 0.03661972, 0.03661972, 0.03661972, 0.03661972,
       0.03661972, 0.03661972, 0.03661972, 0.03661972, 0.03661972,
       0.03661972, 0.03661972, 0.03661972, 0.03661972, 0.03661972,
       0.03661972, 0.03661972, 0.03661972, 0.03661972, 0.03661972,
       0.03661972, 0.03661972, 0.03661972, 0.03661972, 0.03661972,
       0.03661972, 0.03661972, 0.03661972, 0.03661972, 0.03661972,
       0.03661972, 0.03661972, 0.03661972, 0.03661972, 0.03661972,
       0.03661972, 0.03661972, 0.03661972, 0.03661972, 0.03661972,
       0.03661972, 0.03661972, 0.03661972, 0.03661972, 0.03661972,
       0.03661972, 0.03661972, 0.03661972, 0.03661972, 0.03661972,
       0.03661972, 0.03661972, 0.03661972, 0.03661972, 0.03661972,
       0.03661972, 0.03661972, 0.03661972, 0.03661972, 0.03661972,
       0.03661972, 0.03661972, 0.03661972, 0.03661972, 0.03661972,
       0.03661972, 0.03661972, 0.03661972, 0.03661972, 0.03661972,
       0.03661972, 0.03661972, 0.03661972, 0.03661972, 0.03661972,
       0.03661972, 0.03661972, 0.03661972, 0.03661972, 0.03661972,
       0.03661972, 0.03661972, 0.03661972, 0.03661972, 0.03661972,
       0.03661972, 0.03661972, 0.03661972, 0.03661972, 0.03661972,
       0.03661972, 0.03661972, 0.03661972, 0.03661972, 0.03661972,
       0.03661972, 0.03661972, 0.03661972, 0.03661972, 0.03661972,
       0.03661972, 0.03661972, 0.03661972, 0.03661972, 0.03661972,
       0.03661972, 0.03661972, 0.03661972, 0.03661972, 0.03661972,
       0.03661972, 0.03661972, 0.03661972, 0.03661972, 0.03661972,
       0.03661972, 0.03661972, 0.03661972, 0.03661972, 0.03661972,
       0.03661972, 0.03661972, 0.03661972, 0.03661972, 0.03661972,
       0.03661972, 0.03661972, 0.03661972, 0.03661972, 0.03661972,
       0.03661972, 0.03661972, 0.03661972, 0.03661972, 0.03661972,
       0.03661972, 0.03661972, 0.03661972, 0.03661972, 0.03661972,
       0.03661972, 0.03661972, 0.03661972, 0.03661972, 0.03661972,
       0.03661972, 0.03661972, 0.03661972, 0.03661972, 0.03661972,
       0.03661972, 0.03661972, 0.03661972, 0.03661972, 0.03661972,
       0.03661972, 0.03661972, 0.03661972, 0.03661972, 0.03661972,
       0.03661972, 0.03661972, 0.03661972, 0.03661972, 0.03661972,
       0.03661972, 0.03661972, 0.03661972, 0.03661972, 0.03661972,
       0.03661972, 0.03661972, 0.03661972, 0.03661972, 0.03661972,
       0.03661972, 0.03661972, 0.03661972, 0.03661972, 0.03661972,
       0.03661972, 0.03661972, 0.03661972, 0.03661972, 0.03661972,
       0.03661972, 0.03661972, 0.03661972, 0.03661972, 0.03661972,
       0.03661972, 0.03661972, 0.03661972, 0.03661972, 0.03661972,
       0.03661972, 0.03661972, 0.03661972, 0.03661972, 0.03661972,
       0.03661972, 0.03661972, 0.03661972, 0.03661972, 0.03661972,
       0.03661972, 0.03661972, 0.03661972, 0.03661972, 0.03661972,
       0.03661972, 0.03661972, 0.03661972, 0.03661972, 0.03661972,
       0.03661972, 0.03661972, 0.03661972, 0.03661972, 0.03661972,
       0.03661972, 0.03661972, 0.03661972, 0.03661972, 0.03661972,
       0.03661972, 0.03661972, 0.03661972, 0.03661972, 0.03661972,
       0.03661972, 0.03661972, 0.03661972, 0.03661972, 0.03661972,
       0.03661972, 0.03661972, 0.03661972, 0.03661972, 0.03661972])}

split_conformal_topk_ExtraTrees full class metrics: {'class_coverage': array([0.82142857, 0.75      , 0.93333333, 1.        , 1.        ,
       0.8       , 0.94444444, 0.86666667, 0.93333333, 0.77777778,
       0.72222222, 0.73333333, 0.88888889, 1.        , 0.8       ,
       0.95      , 0.95      , 1.        , 1.        , 0.6       ,
       1.        , 0.66666667, 0.8125    , 0.94736842, 0.9375    ,
       0.97222222, 1.        , 0.93333333, 1.        , 1.        ,
       1.        , 1.        , 0.94117647, 0.86666667, 1.        ,
       1.        , 1.        , 0.73333333, 1.        , 0.8125    ,
       0.9375    , 0.8125    , 1.        , 0.53333333, 0.6       ,
       1.        , 0.77777778, 1.        , 0.89473684, 0.95      ,
       0.6       , 0.94117647, 0.82352941, 1.        , 0.89473684,
       1.        , 0.93333333, 0.93333333, 0.71428571, 0.73333333,
       0.70588235, 1.        , 0.89473684, 0.85714286, 0.73333333,
       0.70588235, 0.88888889, 0.94117647, 0.89473684, 1.        ,
       0.64285714, 1.        , 0.75      , 0.93333333, 0.93333333,
       0.8       , 1.        , 1.        , 0.8       , 0.875     ,
       1.        , 0.85714286, 0.94117647, 0.94117647, 0.9375    ,
       0.57142857, 0.73684211, 1.        , 0.64285714, 0.9375    ,
       0.8       , 0.875     , 0.88235294, 0.8       , 1.        ,
       0.94736842, 0.76470588, 0.66666667, 0.88461538, 0.84210526,
       0.9375    , 0.73333333, 0.93333333, 0.875     , 0.88235294,
       0.66666667, 0.73333333, 0.5625    , 0.92307692, 0.95      ,
       0.8       , 0.8       , 0.71428571, 0.8       , 0.86666667,
       1.        , 0.71428571, 1.        , 0.86666667, 0.73333333,
       1.        , 0.8125    , 1.        , 0.88888889, 1.        ,
       0.84210526, 0.78571429, 0.82352941, 0.875     , 1.        ,
       0.95      , 0.92857143, 0.8       , 0.85714286, 0.86666667,
       1.        , 1.        , 1.        , 0.8       , 1.        ,
       0.73333333, 0.8       , 0.93333333, 0.93333333, 1.        ,
       0.94736842, 0.86666667, 1.        , 0.57142857, 0.875     ,
       1.        , 0.94444444, 1.        , 0.875     , 1.        ,
       0.94444444, 0.95454545, 0.95      , 0.93333333, 0.93333333,
       0.875     , 1.        , 0.78571429, 0.53333333, 0.86666667,
       0.94736842, 0.93333333, 0.88235294, 0.93333333, 0.88888889,
       0.88235294, 0.9375    , 1.        , 0.73333333, 0.8125    ,
       0.93333333, 0.86666667, 0.75      , 0.86666667, 0.93333333,
       0.875     , 0.8125    , 1.        , 0.66666667, 1.        ,
       1.        , 0.75      , 1.        , 0.875     , 1.        ,
       0.88235294, 0.86666667, 1.        , 1.        , 0.85      ,
       1.        , 0.64705882, 0.8       , 0.86666667, 0.94444444,
       0.93333333, 0.8       , 1.        , 1.        , 1.        ,
       0.94736842, 1.        , 0.86666667, 1.        , 1.        ,
       1.        , 0.625     , 0.85      , 0.93333333, 0.75      ,
       0.78947368, 0.875     , 0.86666667, 1.        , 1.        ,
       0.94117647, 0.875     , 0.9375    , 0.9375    , 0.92307692,
       0.93333333, 0.8       , 0.57142857, 0.93333333, 0.9375    ,
       0.85714286, 0.61111111, 0.57142857, 0.88235294, 1.        ,
       0.93333333, 0.9375    , 0.875     , 0.66666667, 0.86666667,
       0.93333333, 0.95454545, 1.        , 1.        , 0.96428571,
       0.875     , 0.92857143, 0.875     , 1.        , 1.        ,
       0.8125    , 0.57142857, 0.85714286, 1.        , 0.88      ,
       0.86666667, 0.77777778, 0.84210526, 0.95238095, 0.95      ,
       0.95      , 0.8125    , 1.        , 1.        , 0.93333333,
       0.9375    , 0.88235294, 1.        , 1.        , 0.71428571,
       0.8       , 0.82352941, 0.93333333, 0.8       , 1.        ,
       1.        , 0.88888889, 0.8125    , 0.92307692, 1.        ,
       0.93333333, 0.95      , 0.93333333, 0.95652174, 0.66666667,
       1.        , 0.94444444, 1.        , 0.91304348, 1.        ,
       1.        , 0.95      , 1.        , 1.        , 0.875     ,
       0.64285714, 0.875     , 0.79166667, 0.6875    , 0.73333333,
       0.92857143, 1.        , 0.93333333, 0.57142857, 0.73333333,
       1.        , 0.75      , 1.        , 0.8       , 1.        ,
       1.        , 1.        , 0.71428571, 0.95652174, 0.8       ,
       1.        , 1.        , 0.64285714, 0.92857143, 0.9       ,
       0.94736842, 0.6875    , 0.95454545, 0.8125    , 0.92857143,
       1.        , 0.6       , 1.        , 0.86666667, 0.83333333,
       0.93333333, 0.88888889, 1.        , 0.93333333, 0.70588235,
       0.90909091, 0.96153846, 1.        , 1.        , 0.82352941,
       0.86956522, 0.9375    , 0.66666667, 0.875     , 0.73333333,
       0.94444444, 0.9375    , 0.8       , 1.        , 0.76923077,
       1.        , 0.94117647, 0.94736842, 1.        , 0.94444444]), 'class_mean_width': array([13., 13., 13., 13., 13., 13., 13., 13., 13., 13., 13., 13., 13.,
       13., 13., 13., 13., 13., 13., 13., 13., 13., 13., 13., 13., 13.,
       13., 13., 13., 13., 13., 13., 13., 13., 13., 13., 13., 13., 13.,
       13., 13., 13., 13., 13., 13., 13., 13., 13., 13., 13., 13., 13.,
       13., 13., 13., 13., 13., 13., 13., 13., 13., 13., 13., 13., 13.,
       13., 13., 13., 13., 13., 13., 13., 13., 13., 13., 13., 13., 13.,
       13., 13., 13., 13., 13., 13., 13., 13., 13., 13., 13., 13., 13.,
       13., 13., 13., 13., 13., 13., 13., 13., 13., 13., 13., 13., 13.,
       13., 13., 13., 13., 13., 13., 13., 13., 13., 13., 13., 13., 13.,
       13., 13., 13., 13., 13., 13., 13., 13., 13., 13., 13., 13., 13.,
       13., 13., 13., 13., 13., 13., 13., 13., 13., 13., 13., 13., 13.,
       13., 13., 13., 13., 13., 13., 13., 13., 13., 13., 13., 13., 13.,
       13., 13., 13., 13., 13., 13., 13., 13., 13., 13., 13., 13., 13.,
       13., 13., 13., 13., 13., 13., 13., 13., 13., 13., 13., 13., 13.,
       13., 13., 13., 13., 13., 13., 13., 13., 13., 13., 13., 13., 13.,
       13., 13., 13., 13., 13., 13., 13., 13., 13., 13., 13., 13., 13.,
       13., 13., 13., 13., 13., 13., 13., 13., 13., 13., 13., 13., 13.,
       13., 13., 13., 13., 13., 13., 13., 13., 13., 13., 13., 13., 13.,
       13., 13., 13., 13., 13., 13., 13., 13., 13., 13., 13., 13., 13.,
       13., 13., 13., 13., 13., 13., 13., 13., 13., 13., 13., 13., 13.,
       13., 13., 13., 13., 13., 13., 13., 13., 13., 13., 13., 13., 13.,
       13., 13., 13., 13., 13., 13., 13., 13., 13., 13., 13., 13., 13.,
       13., 13., 13., 13., 13., 13., 13., 13., 13., 13., 13., 13., 13.,
       13., 13., 13., 13., 13., 13., 13., 13., 13., 13., 13., 13., 13.,
       13., 13., 13., 13., 13., 13., 13., 13., 13., 13., 13., 13., 13.,
       13., 13., 13., 13., 13., 13., 13., 13., 13., 13., 13., 13., 13.,
       13., 13., 13., 13., 13., 13., 13., 13., 13., 13., 13., 13., 13.,
       13., 13., 13., 13.]), 'class_median_width': array([13., 13., 13., 13., 13., 13., 13., 13., 13., 13., 13., 13., 13.,
       13., 13., 13., 13., 13., 13., 13., 13., 13., 13., 13., 13., 13.,
       13., 13., 13., 13., 13., 13., 13., 13., 13., 13., 13., 13., 13.,
       13., 13., 13., 13., 13., 13., 13., 13., 13., 13., 13., 13., 13.,
       13., 13., 13., 13., 13., 13., 13., 13., 13., 13., 13., 13., 13.,
       13., 13., 13., 13., 13., 13., 13., 13., 13., 13., 13., 13., 13.,
       13., 13., 13., 13., 13., 13., 13., 13., 13., 13., 13., 13., 13.,
       13., 13., 13., 13., 13., 13., 13., 13., 13., 13., 13., 13., 13.,
       13., 13., 13., 13., 13., 13., 13., 13., 13., 13., 13., 13., 13.,
       13., 13., 13., 13., 13., 13., 13., 13., 13., 13., 13., 13., 13.,
       13., 13., 13., 13., 13., 13., 13., 13., 13., 13., 13., 13., 13.,
       13., 13., 13., 13., 13., 13., 13., 13., 13., 13., 13., 13., 13.,
       13., 13., 13., 13., 13., 13., 13., 13., 13., 13., 13., 13., 13.,
       13., 13., 13., 13., 13., 13., 13., 13., 13., 13., 13., 13., 13.,
       13., 13., 13., 13., 13., 13., 13., 13., 13., 13., 13., 13., 13.,
       13., 13., 13., 13., 13., 13., 13., 13., 13., 13., 13., 13., 13.,
       13., 13., 13., 13., 13., 13., 13., 13., 13., 13., 13., 13., 13.,
       13., 13., 13., 13., 13., 13., 13., 13., 13., 13., 13., 13., 13.,
       13., 13., 13., 13., 13., 13., 13., 13., 13., 13., 13., 13., 13.,
       13., 13., 13., 13., 13., 13., 13., 13., 13., 13., 13., 13., 13.,
       13., 13., 13., 13., 13., 13., 13., 13., 13., 13., 13., 13., 13.,
       13., 13., 13., 13., 13., 13., 13., 13., 13., 13., 13., 13., 13.,
       13., 13., 13., 13., 13., 13., 13., 13., 13., 13., 13., 13., 13.,
       13., 13., 13., 13., 13., 13., 13., 13., 13., 13., 13., 13., 13.,
       13., 13., 13., 13., 13., 13., 13., 13., 13., 13., 13., 13., 13.,
       13., 13., 13., 13., 13., 13., 13., 13., 13., 13., 13., 13., 13.,
       13., 13., 13., 13., 13., 13., 13., 13., 13., 13., 13., 13., 13.,
       13., 13., 13., 13.]), 'class_mean_width_scaled': array([0.03661972, 0.03661972, 0.03661972, 0.03661972, 0.03661972,
       0.03661972, 0.03661972, 0.03661972, 0.03661972, 0.03661972,
       0.03661972, 0.03661972, 0.03661972, 0.03661972, 0.03661972,
       0.03661972, 0.03661972, 0.03661972, 0.03661972, 0.03661972,
       0.03661972, 0.03661972, 0.03661972, 0.03661972, 0.03661972,
       0.03661972, 0.03661972, 0.03661972, 0.03661972, 0.03661972,
       0.03661972, 0.03661972, 0.03661972, 0.03661972, 0.03661972,
       0.03661972, 0.03661972, 0.03661972, 0.03661972, 0.03661972,
       0.03661972, 0.03661972, 0.03661972, 0.03661972, 0.03661972,
       0.03661972, 0.03661972, 0.03661972, 0.03661972, 0.03661972,
       0.03661972, 0.03661972, 0.03661972, 0.03661972, 0.03661972,
       0.03661972, 0.03661972, 0.03661972, 0.03661972, 0.03661972,
       0.03661972, 0.03661972, 0.03661972, 0.03661972, 0.03661972,
       0.03661972, 0.03661972, 0.03661972, 0.03661972, 0.03661972,
       0.03661972, 0.03661972, 0.03661972, 0.03661972, 0.03661972,
       0.03661972, 0.03661972, 0.03661972, 0.03661972, 0.03661972,
       0.03661972, 0.03661972, 0.03661972, 0.03661972, 0.03661972,
       0.03661972, 0.03661972, 0.03661972, 0.03661972, 0.03661972,
       0.03661972, 0.03661972, 0.03661972, 0.03661972, 0.03661972,
       0.03661972, 0.03661972, 0.03661972, 0.03661972, 0.03661972,
       0.03661972, 0.03661972, 0.03661972, 0.03661972, 0.03661972,
       0.03661972, 0.03661972, 0.03661972, 0.03661972, 0.03661972,
       0.03661972, 0.03661972, 0.03661972, 0.03661972, 0.03661972,
       0.03661972, 0.03661972, 0.03661972, 0.03661972, 0.03661972,
       0.03661972, 0.03661972, 0.03661972, 0.03661972, 0.03661972,
       0.03661972, 0.03661972, 0.03661972, 0.03661972, 0.03661972,
       0.03661972, 0.03661972, 0.03661972, 0.03661972, 0.03661972,
       0.03661972, 0.03661972, 0.03661972, 0.03661972, 0.03661972,
       0.03661972, 0.03661972, 0.03661972, 0.03661972, 0.03661972,
       0.03661972, 0.03661972, 0.03661972, 0.03661972, 0.03661972,
       0.03661972, 0.03661972, 0.03661972, 0.03661972, 0.03661972,
       0.03661972, 0.03661972, 0.03661972, 0.03661972, 0.03661972,
       0.03661972, 0.03661972, 0.03661972, 0.03661972, 0.03661972,
       0.03661972, 0.03661972, 0.03661972, 0.03661972, 0.03661972,
       0.03661972, 0.03661972, 0.03661972, 0.03661972, 0.03661972,
       0.03661972, 0.03661972, 0.03661972, 0.03661972, 0.03661972,
       0.03661972, 0.03661972, 0.03661972, 0.03661972, 0.03661972,
       0.03661972, 0.03661972, 0.03661972, 0.03661972, 0.03661972,
       0.03661972, 0.03661972, 0.03661972, 0.03661972, 0.03661972,
       0.03661972, 0.03661972, 0.03661972, 0.03661972, 0.03661972,
       0.03661972, 0.03661972, 0.03661972, 0.03661972, 0.03661972,
       0.03661972, 0.03661972, 0.03661972, 0.03661972, 0.03661972,
       0.03661972, 0.03661972, 0.03661972, 0.03661972, 0.03661972,
       0.03661972, 0.03661972, 0.03661972, 0.03661972, 0.03661972,
       0.03661972, 0.03661972, 0.03661972, 0.03661972, 0.03661972,
       0.03661972, 0.03661972, 0.03661972, 0.03661972, 0.03661972,
       0.03661972, 0.03661972, 0.03661972, 0.03661972, 0.03661972,
       0.03661972, 0.03661972, 0.03661972, 0.03661972, 0.03661972,
       0.03661972, 0.03661972, 0.03661972, 0.03661972, 0.03661972,
       0.03661972, 0.03661972, 0.03661972, 0.03661972, 0.03661972,
       0.03661972, 0.03661972, 0.03661972, 0.03661972, 0.03661972,
       0.03661972, 0.03661972, 0.03661972, 0.03661972, 0.03661972,
       0.03661972, 0.03661972, 0.03661972, 0.03661972, 0.03661972,
       0.03661972, 0.03661972, 0.03661972, 0.03661972, 0.03661972,
       0.03661972, 0.03661972, 0.03661972, 0.03661972, 0.03661972,
       0.03661972, 0.03661972, 0.03661972, 0.03661972, 0.03661972,
       0.03661972, 0.03661972, 0.03661972, 0.03661972, 0.03661972,
       0.03661972, 0.03661972, 0.03661972, 0.03661972, 0.03661972,
       0.03661972, 0.03661972, 0.03661972, 0.03661972, 0.03661972,
       0.03661972, 0.03661972, 0.03661972, 0.03661972, 0.03661972,
       0.03661972, 0.03661972, 0.03661972, 0.03661972, 0.03661972,
       0.03661972, 0.03661972, 0.03661972, 0.03661972, 0.03661972,
       0.03661972, 0.03661972, 0.03661972, 0.03661972, 0.03661972,
       0.03661972, 0.03661972, 0.03661972, 0.03661972, 0.03661972,
       0.03661972, 0.03661972, 0.03661972, 0.03661972, 0.03661972,
       0.03661972, 0.03661972, 0.03661972, 0.03661972, 0.03661972,
       0.03661972, 0.03661972, 0.03661972, 0.03661972, 0.03661972,
       0.03661972, 0.03661972, 0.03661972, 0.03661972, 0.03661972,
       0.03661972, 0.03661972, 0.03661972, 0.03661972, 0.03661972,
       0.03661972, 0.03661972, 0.03661972, 0.03661972, 0.03661972,
       0.03661972, 0.03661972, 0.03661972, 0.03661972, 0.03661972]), 'class_median_width_scaled': array([0.03661972, 0.03661972, 0.03661972, 0.03661972, 0.03661972,
       0.03661972, 0.03661972, 0.03661972, 0.03661972, 0.03661972,
       0.03661972, 0.03661972, 0.03661972, 0.03661972, 0.03661972,
       0.03661972, 0.03661972, 0.03661972, 0.03661972, 0.03661972,
       0.03661972, 0.03661972, 0.03661972, 0.03661972, 0.03661972,
       0.03661972, 0.03661972, 0.03661972, 0.03661972, 0.03661972,
       0.03661972, 0.03661972, 0.03661972, 0.03661972, 0.03661972,
       0.03661972, 0.03661972, 0.03661972, 0.03661972, 0.03661972,
       0.03661972, 0.03661972, 0.03661972, 0.03661972, 0.03661972,
       0.03661972, 0.03661972, 0.03661972, 0.03661972, 0.03661972,
       0.03661972, 0.03661972, 0.03661972, 0.03661972, 0.03661972,
       0.03661972, 0.03661972, 0.03661972, 0.03661972, 0.03661972,
       0.03661972, 0.03661972, 0.03661972, 0.03661972, 0.03661972,
       0.03661972, 0.03661972, 0.03661972, 0.03661972, 0.03661972,
       0.03661972, 0.03661972, 0.03661972, 0.03661972, 0.03661972,
       0.03661972, 0.03661972, 0.03661972, 0.03661972, 0.03661972,
       0.03661972, 0.03661972, 0.03661972, 0.03661972, 0.03661972,
       0.03661972, 0.03661972, 0.03661972, 0.03661972, 0.03661972,
       0.03661972, 0.03661972, 0.03661972, 0.03661972, 0.03661972,
       0.03661972, 0.03661972, 0.03661972, 0.03661972, 0.03661972,
       0.03661972, 0.03661972, 0.03661972, 0.03661972, 0.03661972,
       0.03661972, 0.03661972, 0.03661972, 0.03661972, 0.03661972,
       0.03661972, 0.03661972, 0.03661972, 0.03661972, 0.03661972,
       0.03661972, 0.03661972, 0.03661972, 0.03661972, 0.03661972,
       0.03661972, 0.03661972, 0.03661972, 0.03661972, 0.03661972,
       0.03661972, 0.03661972, 0.03661972, 0.03661972, 0.03661972,
       0.03661972, 0.03661972, 0.03661972, 0.03661972, 0.03661972,
       0.03661972, 0.03661972, 0.03661972, 0.03661972, 0.03661972,
       0.03661972, 0.03661972, 0.03661972, 0.03661972, 0.03661972,
       0.03661972, 0.03661972, 0.03661972, 0.03661972, 0.03661972,
       0.03661972, 0.03661972, 0.03661972, 0.03661972, 0.03661972,
       0.03661972, 0.03661972, 0.03661972, 0.03661972, 0.03661972,
       0.03661972, 0.03661972, 0.03661972, 0.03661972, 0.03661972,
       0.03661972, 0.03661972, 0.03661972, 0.03661972, 0.03661972,
       0.03661972, 0.03661972, 0.03661972, 0.03661972, 0.03661972,
       0.03661972, 0.03661972, 0.03661972, 0.03661972, 0.03661972,
       0.03661972, 0.03661972, 0.03661972, 0.03661972, 0.03661972,
       0.03661972, 0.03661972, 0.03661972, 0.03661972, 0.03661972,
       0.03661972, 0.03661972, 0.03661972, 0.03661972, 0.03661972,
       0.03661972, 0.03661972, 0.03661972, 0.03661972, 0.03661972,
       0.03661972, 0.03661972, 0.03661972, 0.03661972, 0.03661972,
       0.03661972, 0.03661972, 0.03661972, 0.03661972, 0.03661972,
       0.03661972, 0.03661972, 0.03661972, 0.03661972, 0.03661972,
       0.03661972, 0.03661972, 0.03661972, 0.03661972, 0.03661972,
       0.03661972, 0.03661972, 0.03661972, 0.03661972, 0.03661972,
       0.03661972, 0.03661972, 0.03661972, 0.03661972, 0.03661972,
       0.03661972, 0.03661972, 0.03661972, 0.03661972, 0.03661972,
       0.03661972, 0.03661972, 0.03661972, 0.03661972, 0.03661972,
       0.03661972, 0.03661972, 0.03661972, 0.03661972, 0.03661972,
       0.03661972, 0.03661972, 0.03661972, 0.03661972, 0.03661972,
       0.03661972, 0.03661972, 0.03661972, 0.03661972, 0.03661972,
       0.03661972, 0.03661972, 0.03661972, 0.03661972, 0.03661972,
       0.03661972, 0.03661972, 0.03661972, 0.03661972, 0.03661972,
       0.03661972, 0.03661972, 0.03661972, 0.03661972, 0.03661972,
       0.03661972, 0.03661972, 0.03661972, 0.03661972, 0.03661972,
       0.03661972, 0.03661972, 0.03661972, 0.03661972, 0.03661972,
       0.03661972, 0.03661972, 0.03661972, 0.03661972, 0.03661972,
       0.03661972, 0.03661972, 0.03661972, 0.03661972, 0.03661972,
       0.03661972, 0.03661972, 0.03661972, 0.03661972, 0.03661972,
       0.03661972, 0.03661972, 0.03661972, 0.03661972, 0.03661972,
       0.03661972, 0.03661972, 0.03661972, 0.03661972, 0.03661972,
       0.03661972, 0.03661972, 0.03661972, 0.03661972, 0.03661972,
       0.03661972, 0.03661972, 0.03661972, 0.03661972, 0.03661972,
       0.03661972, 0.03661972, 0.03661972, 0.03661972, 0.03661972,
       0.03661972, 0.03661972, 0.03661972, 0.03661972, 0.03661972,
       0.03661972, 0.03661972, 0.03661972, 0.03661972, 0.03661972,
       0.03661972, 0.03661972, 0.03661972, 0.03661972, 0.03661972,
       0.03661972, 0.03661972, 0.03661972, 0.03661972, 0.03661972,
       0.03661972, 0.03661972, 0.03661972, 0.03661972, 0.03661972,
       0.03661972, 0.03661972, 0.03661972, 0.03661972, 0.03661972,
       0.03661972, 0.03661972, 0.03661972, 0.03661972, 0.03661972])}

Job completed at Thu Mar 20 05:04:36 PM PDT 2025
