Starting job at Wed Mar 19 06:26:10 PM PDT 2025
Job parameters:
Dataset: data_helena
UQ Method: split_conformal_naive
Estimator: MLP
Seed: 784
Train Size: 0.8
Running split_conformal_naive on data_helena with seed 784 and train size 0.8

starting experiment

data created

Fitting split_conformal_naive_MLP on data_helena with seed 784

split_conformal_naive_MLP metrics: {'coverage': np.float64(0.72170245398773), 'mean_width': np.float64(20.606365030674848), 'median_width': np.float64(20.0), 'mean_width_scaled': np.float64(0.20606365030674847), 'median_width_scaled': np.float64(0.2)}

split_conformal_naive_MLP full metrics: {'coverage': np.float64(0.72170245398773), 'mean_width': np.float64(20.606365030674848), 'median_width': np.float64(20.0), 'mean_width_scaled': np.float64(0.20606365030674847), 'median_width_scaled': np.float64(0.2)}

split_conformal_naive_MLP class metrics: {'class_coverage': array([0.55913978, 0.31034483, 0.40909091, 0.45833333, 0.48275862,
       0.51948052, 0.5       , 0.55555556, 0.26388889, 0.86199095,
       0.17777778, 0.07692308, 0.35714286, 0.66863905, 0.30645161,
       0.59615385, 0.58823529, 0.35555556, 0.65277778, 0.87755102,
       0.30769231, 0.47169811, 0.63905325, 0.29411765, 0.46551724,
       0.36956522, 0.25      , 0.25      , 0.39130435, 0.38461538,
       0.18918919, 0.39705882, 0.91196388, 0.9047619 , 0.45454545,
       0.9015025 , 0.66666667, 0.        , 0.46666667, 0.50793651,
       0.6119403 , 0.77118644, 0.28205128, 0.75151515, 0.14285714,
       0.33333333, 0.18421053, 0.46835443, 0.60909091, 0.55172414,
       0.51851852, 0.89559543, 0.04166667, 0.90250696, 0.0952381 ,
       0.82375479, 0.67579909, 0.36842105, 0.67032967, 0.26315789,
       0.79057592, 0.69852941, 0.20588235, 0.60227273, 0.54205607,
       0.36170213, 0.92873563, 0.64      , 0.11864407, 0.70769231,
       0.77876106, 0.7       , 0.35714286, 0.04166667, 0.48623853,
       0.86065574, 0.95505618, 0.8627451 , 0.52631579, 0.46511628,
       0.87878788, 0.74666667, 0.2826087 , 0.11428571, 0.7124183 ,
       0.2247191 , 0.77114428, 0.91374663, 0.32857143, 0.76875   ,
       0.19230769, 0.93298969, 0.80662983, 0.2195122 , 0.22222222,
       0.625     , 0.80672269, 0.87671233, 0.40983607, 0.43373494]), 'class_mean_width': array([24.10752688, 22.46551724, 29.27272727, 23.85416667, 21.34482759,
       20.07792208, 31.5       , 31.07407407, 18.48611111, 11.40723982,
       30.13333333, 28.96153846, 29.        , 23.40828402, 24.43548387,
       25.05769231, 22.28431373, 28.55555556, 20.11805556, 25.02721088,
       27.36923077, 13.37735849, 21.5443787 , 24.84313725, 23.43965517,
       18.39130435, 17.33333333, 20.16666667, 30.60869565, 22.88461538,
       22.64864865, 26.10294118, 16.06094808, 23.17904762, 21.85227273,
       20.53255426, 29.47222222, 26.13793103, 24.93333333, 27.55555556,
       24.34328358, 23.51694915, 26.66666667, 29.09090909, 30.4047619 ,
       22.07407407, 25.97368421, 17.10126582, 25.42727273, 10.51724138,
       32.14814815, 22.4502447 , 30.54166667, 20.25348189, 24.52380952,
       15.46360153, 29.21917808, 26.01315789, 24.38461538, 22.65789474,
       23.18324607, 20.52205882, 25.58823529, 24.26136364, 22.35514019,
       23.89361702, 29.04137931, 23.33      , 26.91525424, 28.26153846,
       19.53097345, 17.81666667, 35.78571429, 24.16666667, 25.59633028,
        8.82513661,  3.81148564,  7.00392157, 30.86842105,  6.11627907,
       20.24242424, 18.25333333, 29.04347826, 30.31428571, 23.02614379,
       23.06741573, 23.02985075, 20.07008086, 29.82857143, 23.36875   ,
       19.11538462, 17.81958763, 22.69060773, 22.34146341, 22.83333333,
       27.59375   , 25.18907563, 23.02465753, 25.62295082, 21.62650602]), 'class_median_width': array([24. , 21. , 31.5, 25. , 20. , 20. , 33.5, 33. , 15.5,  9. , 31. ,
       30.5, 30.5, 24. , 28. , 27. , 21.5, 29. , 19. , 25. , 31. , 12. ,
       20. , 27. , 22.5, 19.5, 15.5, 20. , 35. , 22. , 21. , 28. , 13. ,
       23. , 21. , 19. , 28.5, 27. , 26. , 28. , 24. , 24. , 28. , 31. ,
       34.5, 21. , 25.5, 16. , 25.5,  9. , 34. , 21. , 34.5, 21. , 25.5,
       12. , 32. , 28.5, 22. , 24. , 23. , 20. , 28. , 24. , 22. , 23. ,
       31. , 22.5, 28. , 29. , 18. , 15.5, 37. , 26.5, 26. ,  6.5,  2. ,
        4. , 34.5,  5. , 21. , 18. , 31. , 31. , 23. , 23. , 23. , 19. ,
       31. , 21. , 18. , 15. , 22. , 23.5, 23. , 29. , 25. , 23. , 25. ,
       22. ]), 'class_mean_width_scaled': array([0.24107527, 0.22465517, 0.29272727, 0.23854167, 0.21344828,
       0.20077922, 0.315     , 0.31074074, 0.18486111, 0.1140724 ,
       0.30133333, 0.28961538, 0.29      , 0.23408284, 0.24435484,
       0.25057692, 0.22284314, 0.28555556, 0.20118056, 0.25027211,
       0.27369231, 0.13377358, 0.21544379, 0.24843137, 0.23439655,
       0.18391304, 0.17333333, 0.20166667, 0.30608696, 0.22884615,
       0.22648649, 0.26102941, 0.16060948, 0.23179048, 0.21852273,
       0.20532554, 0.29472222, 0.26137931, 0.24933333, 0.27555556,
       0.24343284, 0.23516949, 0.26666667, 0.29090909, 0.30404762,
       0.22074074, 0.25973684, 0.17101266, 0.25427273, 0.10517241,
       0.32148148, 0.22450245, 0.30541667, 0.20253482, 0.2452381 ,
       0.15463602, 0.29219178, 0.26013158, 0.24384615, 0.22657895,
       0.23183246, 0.20522059, 0.25588235, 0.24261364, 0.2235514 ,
       0.23893617, 0.29041379, 0.2333    , 0.26915254, 0.28261538,
       0.19530973, 0.17816667, 0.35785714, 0.24166667, 0.2559633 ,
       0.08825137, 0.03811486, 0.07003922, 0.30868421, 0.06116279,
       0.20242424, 0.18253333, 0.29043478, 0.30314286, 0.23026144,
       0.23067416, 0.23029851, 0.20070081, 0.29828571, 0.2336875 ,
       0.19115385, 0.17819588, 0.22690608, 0.22341463, 0.22833333,
       0.2759375 , 0.25189076, 0.23024658, 0.25622951, 0.21626506]), 'class_median_width_scaled': array([0.24 , 0.21 , 0.315, 0.25 , 0.2  , 0.2  , 0.335, 0.33 , 0.155,
       0.09 , 0.31 , 0.305, 0.305, 0.24 , 0.28 , 0.27 , 0.215, 0.29 ,
       0.19 , 0.25 , 0.31 , 0.12 , 0.2  , 0.27 , 0.225, 0.195, 0.155,
       0.2  , 0.35 , 0.22 , 0.21 , 0.28 , 0.13 , 0.23 , 0.21 , 0.19 ,
       0.285, 0.27 , 0.26 , 0.28 , 0.24 , 0.24 , 0.28 , 0.31 , 0.345,
       0.21 , 0.255, 0.16 , 0.255, 0.09 , 0.34 , 0.21 , 0.345, 0.21 ,
       0.255, 0.12 , 0.32 , 0.285, 0.22 , 0.24 , 0.23 , 0.2  , 0.28 ,
       0.24 , 0.22 , 0.23 , 0.31 , 0.225, 0.28 , 0.29 , 0.18 , 0.155,
       0.37 , 0.265, 0.26 , 0.065, 0.02 , 0.04 , 0.345, 0.05 , 0.21 ,
       0.18 , 0.31 , 0.31 , 0.23 , 0.23 , 0.23 , 0.19 , 0.31 , 0.21 ,
       0.18 , 0.15 , 0.22 , 0.235, 0.23 , 0.29 , 0.25 , 0.23 , 0.25 ,
       0.22 ])}

split_conformal_naive_MLP full class metrics: {'class_coverage': array([0.55913978, 0.31034483, 0.40909091, 0.45833333, 0.48275862,
       0.51948052, 0.5       , 0.55555556, 0.26388889, 0.86199095,
       0.17777778, 0.07692308, 0.35714286, 0.66863905, 0.30645161,
       0.59615385, 0.58823529, 0.35555556, 0.65277778, 0.87755102,
       0.30769231, 0.47169811, 0.63905325, 0.29411765, 0.46551724,
       0.36956522, 0.25      , 0.25      , 0.39130435, 0.38461538,
       0.18918919, 0.39705882, 0.91196388, 0.9047619 , 0.45454545,
       0.9015025 , 0.66666667, 0.        , 0.46666667, 0.50793651,
       0.6119403 , 0.77118644, 0.28205128, 0.75151515, 0.14285714,
       0.33333333, 0.18421053, 0.46835443, 0.60909091, 0.55172414,
       0.51851852, 0.89559543, 0.04166667, 0.90250696, 0.0952381 ,
       0.82375479, 0.67579909, 0.36842105, 0.67032967, 0.26315789,
       0.79057592, 0.69852941, 0.20588235, 0.60227273, 0.54205607,
       0.36170213, 0.92873563, 0.64      , 0.11864407, 0.70769231,
       0.77876106, 0.7       , 0.35714286, 0.04166667, 0.48623853,
       0.86065574, 0.95505618, 0.8627451 , 0.52631579, 0.46511628,
       0.87878788, 0.74666667, 0.2826087 , 0.11428571, 0.7124183 ,
       0.2247191 , 0.77114428, 0.91374663, 0.32857143, 0.76875   ,
       0.19230769, 0.93298969, 0.80662983, 0.2195122 , 0.22222222,
       0.625     , 0.80672269, 0.87671233, 0.40983607, 0.43373494]), 'class_mean_width': array([24.10752688, 22.46551724, 29.27272727, 23.85416667, 21.34482759,
       20.07792208, 31.5       , 31.07407407, 18.48611111, 11.40723982,
       30.13333333, 28.96153846, 29.        , 23.40828402, 24.43548387,
       25.05769231, 22.28431373, 28.55555556, 20.11805556, 25.02721088,
       27.36923077, 13.37735849, 21.5443787 , 24.84313725, 23.43965517,
       18.39130435, 17.33333333, 20.16666667, 30.60869565, 22.88461538,
       22.64864865, 26.10294118, 16.06094808, 23.17904762, 21.85227273,
       20.53255426, 29.47222222, 26.13793103, 24.93333333, 27.55555556,
       24.34328358, 23.51694915, 26.66666667, 29.09090909, 30.4047619 ,
       22.07407407, 25.97368421, 17.10126582, 25.42727273, 10.51724138,
       32.14814815, 22.4502447 , 30.54166667, 20.25348189, 24.52380952,
       15.46360153, 29.21917808, 26.01315789, 24.38461538, 22.65789474,
       23.18324607, 20.52205882, 25.58823529, 24.26136364, 22.35514019,
       23.89361702, 29.04137931, 23.33      , 26.91525424, 28.26153846,
       19.53097345, 17.81666667, 35.78571429, 24.16666667, 25.59633028,
        8.82513661,  3.81148564,  7.00392157, 30.86842105,  6.11627907,
       20.24242424, 18.25333333, 29.04347826, 30.31428571, 23.02614379,
       23.06741573, 23.02985075, 20.07008086, 29.82857143, 23.36875   ,
       19.11538462, 17.81958763, 22.69060773, 22.34146341, 22.83333333,
       27.59375   , 25.18907563, 23.02465753, 25.62295082, 21.62650602]), 'class_median_width': array([24. , 21. , 31.5, 25. , 20. , 20. , 33.5, 33. , 15.5,  9. , 31. ,
       30.5, 30.5, 24. , 28. , 27. , 21.5, 29. , 19. , 25. , 31. , 12. ,
       20. , 27. , 22.5, 19.5, 15.5, 20. , 35. , 22. , 21. , 28. , 13. ,
       23. , 21. , 19. , 28.5, 27. , 26. , 28. , 24. , 24. , 28. , 31. ,
       34.5, 21. , 25.5, 16. , 25.5,  9. , 34. , 21. , 34.5, 21. , 25.5,
       12. , 32. , 28.5, 22. , 24. , 23. , 20. , 28. , 24. , 22. , 23. ,
       31. , 22.5, 28. , 29. , 18. , 15.5, 37. , 26.5, 26. ,  6.5,  2. ,
        4. , 34.5,  5. , 21. , 18. , 31. , 31. , 23. , 23. , 23. , 19. ,
       31. , 21. , 18. , 15. , 22. , 23.5, 23. , 29. , 25. , 23. , 25. ,
       22. ]), 'class_mean_width_scaled': array([0.24107527, 0.22465517, 0.29272727, 0.23854167, 0.21344828,
       0.20077922, 0.315     , 0.31074074, 0.18486111, 0.1140724 ,
       0.30133333, 0.28961538, 0.29      , 0.23408284, 0.24435484,
       0.25057692, 0.22284314, 0.28555556, 0.20118056, 0.25027211,
       0.27369231, 0.13377358, 0.21544379, 0.24843137, 0.23439655,
       0.18391304, 0.17333333, 0.20166667, 0.30608696, 0.22884615,
       0.22648649, 0.26102941, 0.16060948, 0.23179048, 0.21852273,
       0.20532554, 0.29472222, 0.26137931, 0.24933333, 0.27555556,
       0.24343284, 0.23516949, 0.26666667, 0.29090909, 0.30404762,
       0.22074074, 0.25973684, 0.17101266, 0.25427273, 0.10517241,
       0.32148148, 0.22450245, 0.30541667, 0.20253482, 0.2452381 ,
       0.15463602, 0.29219178, 0.26013158, 0.24384615, 0.22657895,
       0.23183246, 0.20522059, 0.25588235, 0.24261364, 0.2235514 ,
       0.23893617, 0.29041379, 0.2333    , 0.26915254, 0.28261538,
       0.19530973, 0.17816667, 0.35785714, 0.24166667, 0.2559633 ,
       0.08825137, 0.03811486, 0.07003922, 0.30868421, 0.06116279,
       0.20242424, 0.18253333, 0.29043478, 0.30314286, 0.23026144,
       0.23067416, 0.23029851, 0.20070081, 0.29828571, 0.2336875 ,
       0.19115385, 0.17819588, 0.22690608, 0.22341463, 0.22833333,
       0.2759375 , 0.25189076, 0.23024658, 0.25622951, 0.21626506]), 'class_median_width_scaled': array([0.24 , 0.21 , 0.315, 0.25 , 0.2  , 0.2  , 0.335, 0.33 , 0.155,
       0.09 , 0.31 , 0.305, 0.305, 0.24 , 0.28 , 0.27 , 0.215, 0.29 ,
       0.19 , 0.25 , 0.31 , 0.12 , 0.2  , 0.27 , 0.225, 0.195, 0.155,
       0.2  , 0.35 , 0.22 , 0.21 , 0.28 , 0.13 , 0.23 , 0.21 , 0.19 ,
       0.285, 0.27 , 0.26 , 0.28 , 0.24 , 0.24 , 0.28 , 0.31 , 0.345,
       0.21 , 0.255, 0.16 , 0.255, 0.09 , 0.34 , 0.21 , 0.345, 0.21 ,
       0.255, 0.12 , 0.32 , 0.285, 0.22 , 0.24 , 0.23 , 0.2  , 0.28 ,
       0.24 , 0.22 , 0.23 , 0.31 , 0.225, 0.28 , 0.29 , 0.18 , 0.155,
       0.37 , 0.265, 0.26 , 0.065, 0.02 , 0.04 , 0.345, 0.05 , 0.21 ,
       0.18 , 0.31 , 0.31 , 0.23 , 0.23 , 0.23 , 0.19 , 0.31 , 0.21 ,
       0.18 , 0.15 , 0.22 , 0.235, 0.23 , 0.29 , 0.25 , 0.23 , 0.25 ,
       0.22 ])}

Job completed at Wed Mar 19 06:26:17 PM PDT 2025
