Starting job at Wed Mar 19 06:26:06 PM PDT 2025
Job parameters:
Dataset: data_helena
UQ Method: split_conformal_naive
Estimator: MLP
Seed: 783
Train Size: 0.8
Running split_conformal_naive on data_helena with seed 783 and train size 0.8

starting experiment

data created

Fitting split_conformal_naive_MLP on data_helena with seed 783

split_conformal_naive_MLP metrics: {'coverage': np.float64(0.7142638036809816), 'mean_width': np.float64(21.329294478527608), 'median_width': np.float64(21.0), 'mean_width_scaled': np.float64(0.21329294478527608), 'median_width_scaled': np.float64(0.21)}

split_conformal_naive_MLP full metrics: {'coverage': np.float64(0.7142638036809816), 'mean_width': np.float64(21.329294478527608), 'median_width': np.float64(21.0), 'mean_width_scaled': np.float64(0.21329294478527608), 'median_width_scaled': np.float64(0.21)}

split_conformal_naive_MLP class metrics: {'class_coverage': array([0.55913978, 0.36206897, 0.31818182, 0.25      , 0.56321839,
       0.49350649, 0.609375  , 0.7962963 , 0.13888889, 0.85067873,
       0.26666667, 0.15384615, 0.21428571, 0.83431953, 0.24193548,
       0.55769231, 0.3627451 , 0.22222222, 0.51388889, 0.7755102 ,
       0.38461538, 0.49056604, 0.73964497, 0.23529412, 0.48275862,
       0.43478261, 0.16666667, 0.        , 0.43478261, 0.23076923,
       0.08108108, 0.26470588, 0.83521445, 0.90857143, 0.59090909,
       0.88981636, 0.61111111, 0.10344828, 0.34166667, 0.6984127 ,
       0.6119403 , 0.71186441, 0.35897436, 0.73939394, 0.45238095,
       0.72222222, 0.13157895, 0.41772152, 0.49090909, 0.37931034,
       0.2962963 , 0.88743883, 0.20833333, 0.87743733, 0.21428571,
       0.81609195, 0.83105023, 0.30263158, 0.64835165, 0.13157895,
       0.72251309, 0.59558824, 0.17647059, 0.38636364, 0.71962617,
       0.53191489, 0.93333333, 0.58      , 0.40677966, 0.8       ,
       0.83185841, 0.7       , 0.57142857, 0.08333333, 0.64220183,
       0.92622951, 0.94382022, 0.86666667, 0.18421053, 0.60465116,
       0.72727273, 0.68      , 0.08695652, 0.48571429, 0.60130719,
       0.41573034, 0.85074627, 0.86792453, 0.34285714, 0.7       ,
       0.11538462, 0.84536082, 0.79834254, 0.29268293, 0.41666667,
       0.75      , 0.75210084, 0.83287671, 0.32786885, 0.28915663]), 'class_mean_width': array([28.88172043, 27.36206897, 32.18181818, 22.61458333, 21.97701149,
       18.77922078, 32.046875  , 33.55555556, 22.72222222, 10.41628959,
       26.48888889, 28.11538462, 30.03571429, 24.55029586, 24.41935484,
       26.88461538, 23.21568627, 29.35555556, 20.34027778, 25.41496599,
       28.93846154, 18.18867925, 23.25443787, 27.74509804, 21.90517241,
       22.93478261, 14.58333333, 17.04166667, 32.2173913 , 21.84615385,
       25.32432432, 26.97058824, 16.53273138, 23.59428571, 24.80681818,
       20.42737896, 27.94444444, 29.75862069, 27.08333333, 27.23809524,
       23.44776119, 25.38983051, 30.28205128, 29.5030303 , 29.95238095,
       27.51851852, 26.47368421, 18.49367089, 26.63636364, 12.5862069 ,
       30.74074074, 23.7862969 , 30.        , 22.81337047, 30.04761905,
       16.42911877, 30.91324201, 25.69736842, 22.95604396, 25.55263158,
       25.29842932, 22.50735294, 22.17647059, 23.90909091, 24.47663551,
       25.36170213, 30.89885057, 22.94      , 25.3559322 , 31.66153846,
       20.40707965, 17.45      , 36.89285714, 27.5       , 26.42201835,
        6.91803279,  4.04868914,  6.12156863, 31.68421053,  5.76744186,
       19.75757576, 15.85333333, 29.32608696, 26.37142857, 22.96732026,
       24.11235955, 21.960199  , 20.92991914, 31.77142857, 24.40625   ,
       24.07692308, 19.78350515, 22.93646409, 22.29268293, 26.02777778,
       28.125     , 25.81092437, 23.98630137, 23.1147541 , 23.37349398]), 'class_median_width': array([30. , 28. , 34.5, 22. , 21. , 16. , 34. , 37. , 23. ,  7. , 29. ,
       28. , 32.5, 25. , 27. , 29. , 27. , 31. , 18. , 26. , 30. , 17. ,
       23. , 30. , 22. , 23. , 11.5, 16. , 35. , 18. , 25. , 25.5, 13. ,
       24. , 25. , 20. , 27. , 30. , 29.5, 29. , 22. , 28. , 31. , 33. ,
       33. , 27. , 29. , 15. , 28. ,  8. , 32. , 25. , 34.5, 23. , 31.5,
       15. , 33. , 26.5, 23. , 26.5, 24. , 22. , 22. , 23. , 25. , 27. ,
       33. , 23. , 29. , 34. , 19. , 14. , 39.5, 30.5, 27. ,  4. ,  2. ,
        3. , 33. ,  3. , 19. , 15. , 30. , 27. , 24. , 26. , 21. , 20. ,
       33.5, 25. , 27. , 18. , 23. , 23.5, 24. , 29. , 26.5, 25. , 19. ,
       27. ]), 'class_mean_width_scaled': array([0.2888172 , 0.27362069, 0.32181818, 0.22614583, 0.21977011,
       0.18779221, 0.32046875, 0.33555556, 0.22722222, 0.1041629 ,
       0.26488889, 0.28115385, 0.30035714, 0.24550296, 0.24419355,
       0.26884615, 0.23215686, 0.29355556, 0.20340278, 0.25414966,
       0.28938462, 0.18188679, 0.23254438, 0.27745098, 0.21905172,
       0.22934783, 0.14583333, 0.17041667, 0.32217391, 0.21846154,
       0.25324324, 0.26970588, 0.16532731, 0.23594286, 0.24806818,
       0.20427379, 0.27944444, 0.29758621, 0.27083333, 0.27238095,
       0.23447761, 0.25389831, 0.30282051, 0.2950303 , 0.29952381,
       0.27518519, 0.26473684, 0.18493671, 0.26636364, 0.12586207,
       0.30740741, 0.23786297, 0.3       , 0.2281337 , 0.30047619,
       0.16429119, 0.30913242, 0.25697368, 0.22956044, 0.25552632,
       0.25298429, 0.22507353, 0.22176471, 0.23909091, 0.24476636,
       0.25361702, 0.30898851, 0.2294    , 0.25355932, 0.31661538,
       0.2040708 , 0.1745    , 0.36892857, 0.275     , 0.26422018,
       0.06918033, 0.04048689, 0.06121569, 0.31684211, 0.05767442,
       0.19757576, 0.15853333, 0.29326087, 0.26371429, 0.2296732 ,
       0.2411236 , 0.21960199, 0.20929919, 0.31771429, 0.2440625 ,
       0.24076923, 0.19783505, 0.22936464, 0.22292683, 0.26027778,
       0.28125   , 0.25810924, 0.23986301, 0.23114754, 0.23373494]), 'class_median_width_scaled': array([0.3  , 0.28 , 0.345, 0.22 , 0.21 , 0.16 , 0.34 , 0.37 , 0.23 ,
       0.07 , 0.29 , 0.28 , 0.325, 0.25 , 0.27 , 0.29 , 0.27 , 0.31 ,
       0.18 , 0.26 , 0.3  , 0.17 , 0.23 , 0.3  , 0.22 , 0.23 , 0.115,
       0.16 , 0.35 , 0.18 , 0.25 , 0.255, 0.13 , 0.24 , 0.25 , 0.2  ,
       0.27 , 0.3  , 0.295, 0.29 , 0.22 , 0.28 , 0.31 , 0.33 , 0.33 ,
       0.27 , 0.29 , 0.15 , 0.28 , 0.08 , 0.32 , 0.25 , 0.345, 0.23 ,
       0.315, 0.15 , 0.33 , 0.265, 0.23 , 0.265, 0.24 , 0.22 , 0.22 ,
       0.23 , 0.25 , 0.27 , 0.33 , 0.23 , 0.29 , 0.34 , 0.19 , 0.14 ,
       0.395, 0.305, 0.27 , 0.04 , 0.02 , 0.03 , 0.33 , 0.03 , 0.19 ,
       0.15 , 0.3  , 0.27 , 0.24 , 0.26 , 0.21 , 0.2  , 0.335, 0.25 ,
       0.27 , 0.18 , 0.23 , 0.235, 0.24 , 0.29 , 0.265, 0.25 , 0.19 ,
       0.27 ])}

split_conformal_naive_MLP full class metrics: {'class_coverage': array([0.55913978, 0.36206897, 0.31818182, 0.25      , 0.56321839,
       0.49350649, 0.609375  , 0.7962963 , 0.13888889, 0.85067873,
       0.26666667, 0.15384615, 0.21428571, 0.83431953, 0.24193548,
       0.55769231, 0.3627451 , 0.22222222, 0.51388889, 0.7755102 ,
       0.38461538, 0.49056604, 0.73964497, 0.23529412, 0.48275862,
       0.43478261, 0.16666667, 0.        , 0.43478261, 0.23076923,
       0.08108108, 0.26470588, 0.83521445, 0.90857143, 0.59090909,
       0.88981636, 0.61111111, 0.10344828, 0.34166667, 0.6984127 ,
       0.6119403 , 0.71186441, 0.35897436, 0.73939394, 0.45238095,
       0.72222222, 0.13157895, 0.41772152, 0.49090909, 0.37931034,
       0.2962963 , 0.88743883, 0.20833333, 0.87743733, 0.21428571,
       0.81609195, 0.83105023, 0.30263158, 0.64835165, 0.13157895,
       0.72251309, 0.59558824, 0.17647059, 0.38636364, 0.71962617,
       0.53191489, 0.93333333, 0.58      , 0.40677966, 0.8       ,
       0.83185841, 0.7       , 0.57142857, 0.08333333, 0.64220183,
       0.92622951, 0.94382022, 0.86666667, 0.18421053, 0.60465116,
       0.72727273, 0.68      , 0.08695652, 0.48571429, 0.60130719,
       0.41573034, 0.85074627, 0.86792453, 0.34285714, 0.7       ,
       0.11538462, 0.84536082, 0.79834254, 0.29268293, 0.41666667,
       0.75      , 0.75210084, 0.83287671, 0.32786885, 0.28915663]), 'class_mean_width': array([28.88172043, 27.36206897, 32.18181818, 22.61458333, 21.97701149,
       18.77922078, 32.046875  , 33.55555556, 22.72222222, 10.41628959,
       26.48888889, 28.11538462, 30.03571429, 24.55029586, 24.41935484,
       26.88461538, 23.21568627, 29.35555556, 20.34027778, 25.41496599,
       28.93846154, 18.18867925, 23.25443787, 27.74509804, 21.90517241,
       22.93478261, 14.58333333, 17.04166667, 32.2173913 , 21.84615385,
       25.32432432, 26.97058824, 16.53273138, 23.59428571, 24.80681818,
       20.42737896, 27.94444444, 29.75862069, 27.08333333, 27.23809524,
       23.44776119, 25.38983051, 30.28205128, 29.5030303 , 29.95238095,
       27.51851852, 26.47368421, 18.49367089, 26.63636364, 12.5862069 ,
       30.74074074, 23.7862969 , 30.        , 22.81337047, 30.04761905,
       16.42911877, 30.91324201, 25.69736842, 22.95604396, 25.55263158,
       25.29842932, 22.50735294, 22.17647059, 23.90909091, 24.47663551,
       25.36170213, 30.89885057, 22.94      , 25.3559322 , 31.66153846,
       20.40707965, 17.45      , 36.89285714, 27.5       , 26.42201835,
        6.91803279,  4.04868914,  6.12156863, 31.68421053,  5.76744186,
       19.75757576, 15.85333333, 29.32608696, 26.37142857, 22.96732026,
       24.11235955, 21.960199  , 20.92991914, 31.77142857, 24.40625   ,
       24.07692308, 19.78350515, 22.93646409, 22.29268293, 26.02777778,
       28.125     , 25.81092437, 23.98630137, 23.1147541 , 23.37349398]), 'class_median_width': array([30. , 28. , 34.5, 22. , 21. , 16. , 34. , 37. , 23. ,  7. , 29. ,
       28. , 32.5, 25. , 27. , 29. , 27. , 31. , 18. , 26. , 30. , 17. ,
       23. , 30. , 22. , 23. , 11.5, 16. , 35. , 18. , 25. , 25.5, 13. ,
       24. , 25. , 20. , 27. , 30. , 29.5, 29. , 22. , 28. , 31. , 33. ,
       33. , 27. , 29. , 15. , 28. ,  8. , 32. , 25. , 34.5, 23. , 31.5,
       15. , 33. , 26.5, 23. , 26.5, 24. , 22. , 22. , 23. , 25. , 27. ,
       33. , 23. , 29. , 34. , 19. , 14. , 39.5, 30.5, 27. ,  4. ,  2. ,
        3. , 33. ,  3. , 19. , 15. , 30. , 27. , 24. , 26. , 21. , 20. ,
       33.5, 25. , 27. , 18. , 23. , 23.5, 24. , 29. , 26.5, 25. , 19. ,
       27. ]), 'class_mean_width_scaled': array([0.2888172 , 0.27362069, 0.32181818, 0.22614583, 0.21977011,
       0.18779221, 0.32046875, 0.33555556, 0.22722222, 0.1041629 ,
       0.26488889, 0.28115385, 0.30035714, 0.24550296, 0.24419355,
       0.26884615, 0.23215686, 0.29355556, 0.20340278, 0.25414966,
       0.28938462, 0.18188679, 0.23254438, 0.27745098, 0.21905172,
       0.22934783, 0.14583333, 0.17041667, 0.32217391, 0.21846154,
       0.25324324, 0.26970588, 0.16532731, 0.23594286, 0.24806818,
       0.20427379, 0.27944444, 0.29758621, 0.27083333, 0.27238095,
       0.23447761, 0.25389831, 0.30282051, 0.2950303 , 0.29952381,
       0.27518519, 0.26473684, 0.18493671, 0.26636364, 0.12586207,
       0.30740741, 0.23786297, 0.3       , 0.2281337 , 0.30047619,
       0.16429119, 0.30913242, 0.25697368, 0.22956044, 0.25552632,
       0.25298429, 0.22507353, 0.22176471, 0.23909091, 0.24476636,
       0.25361702, 0.30898851, 0.2294    , 0.25355932, 0.31661538,
       0.2040708 , 0.1745    , 0.36892857, 0.275     , 0.26422018,
       0.06918033, 0.04048689, 0.06121569, 0.31684211, 0.05767442,
       0.19757576, 0.15853333, 0.29326087, 0.26371429, 0.2296732 ,
       0.2411236 , 0.21960199, 0.20929919, 0.31771429, 0.2440625 ,
       0.24076923, 0.19783505, 0.22936464, 0.22292683, 0.26027778,
       0.28125   , 0.25810924, 0.23986301, 0.23114754, 0.23373494]), 'class_median_width_scaled': array([0.3  , 0.28 , 0.345, 0.22 , 0.21 , 0.16 , 0.34 , 0.37 , 0.23 ,
       0.07 , 0.29 , 0.28 , 0.325, 0.25 , 0.27 , 0.29 , 0.27 , 0.31 ,
       0.18 , 0.26 , 0.3  , 0.17 , 0.23 , 0.3  , 0.22 , 0.23 , 0.115,
       0.16 , 0.35 , 0.18 , 0.25 , 0.255, 0.13 , 0.24 , 0.25 , 0.2  ,
       0.27 , 0.3  , 0.295, 0.29 , 0.22 , 0.28 , 0.31 , 0.33 , 0.33 ,
       0.27 , 0.29 , 0.15 , 0.28 , 0.08 , 0.32 , 0.25 , 0.345, 0.23 ,
       0.315, 0.15 , 0.33 , 0.265, 0.23 , 0.265, 0.24 , 0.22 , 0.22 ,
       0.23 , 0.25 , 0.27 , 0.33 , 0.23 , 0.29 , 0.34 , 0.19 , 0.14 ,
       0.395, 0.305, 0.27 , 0.04 , 0.02 , 0.03 , 0.33 , 0.03 , 0.19 ,
       0.15 , 0.3  , 0.27 , 0.24 , 0.26 , 0.21 , 0.2  , 0.335, 0.25 ,
       0.27 , 0.18 , 0.23 , 0.235, 0.24 , 0.29 , 0.265, 0.25 , 0.19 ,
       0.27 ])}

Job completed at Wed Mar 19 06:26:14 PM PDT 2025
