Starting job at Thu Mar 20 05:04:25 PM PDT 2025
Job parameters:
Dataset: data_cover_type
UQ Method: split_conformal_topk
Estimator: HistGradientBoosting
Seed: 777
Train Size: 0.8
Running split_conformal_topk on data_cover_type with seed 777 and train size 0.8

starting experiment

data created

Fitting split_conformal_topk_HistGradientBoosting on data_cover_type with seed 777

split_conformal_topk_HistGradientBoosting metrics: {'coverage': np.float64(0.908), 'mean_width': np.float64(15.5535), 'median_width': np.float64(15.0), 'mean_width_scaled': np.float64(0.155535), 'median_width_scaled': np.float64(0.15)}

split_conformal_topk_HistGradientBoosting full metrics: {'coverage': np.float64(0.908), 'mean_width': np.float64(15.5535), 'median_width': np.float64(15.0), 'mean_width_scaled': np.float64(0.155535), 'median_width_scaled': np.float64(0.15)}

split_conformal_topk_HistGradientBoosting class metrics: {'class_coverage': array([0.65, 0.95, 0.75, 1.  , 0.9 , 0.9 , 0.9 , 0.95, 0.95, 0.9 , 0.85,
       1.  , 0.9 , 0.9 , 0.95, 0.9 , 0.95, 0.95, 0.95, 0.9 , 1.  , 0.75,
       1.  , 1.  , 1.  , 0.8 , 0.9 , 0.7 , 0.8 , 0.85, 1.  , 0.85, 0.9 ,
       0.95, 1.  , 0.9 , 0.9 , 0.85, 0.95, 0.95, 1.  , 0.8 , 1.  , 1.  ,
       0.95, 1.  , 1.  , 0.95, 0.9 , 1.  , 0.85, 1.  , 1.  , 0.6 , 0.85,
       0.95, 0.95, 0.95, 0.9 , 1.  , 0.9 , 0.9 , 0.9 , 0.95, 0.5 , 0.9 ,
       1.  , 1.  , 0.9 , 0.95, 0.95, 1.  , 0.6 , 0.85, 1.  , 0.95, 1.  ,
       0.95, 0.9 , 0.7 , 0.9 , 0.9 , 0.85, 0.9 , 1.  , 0.95, 1.  , 0.9 ,
       0.8 , 0.85, 0.85, 0.95, 0.95, 0.95, 0.9 , 1.  , 0.95, 0.85, 0.8 ,
       0.95]), 'class_mean_width': array([15.2 , 15.  , 15.  , 15.  , 15.  , 15.  , 15.  , 15.  , 15.  ,
       15.  , 15.  , 15.  , 15.  , 15.  , 15.  , 15.  , 15.05, 15.  ,
       15.05, 15.  , 15.  , 15.  , 15.  , 15.2 , 15.  , 15.  , 55.15,
       15.  , 15.  , 15.  , 15.  , 15.  , 15.  , 15.  , 15.  , 15.  ,
       15.  , 15.  , 15.  , 15.  , 15.05, 15.  , 15.05, 24.35, 15.2 ,
       15.  , 15.05, 15.55, 15.05, 15.  , 15.  , 15.1 , 15.05, 15.  ,
       15.  , 15.7 , 15.  , 15.  , 15.  , 15.15, 15.  , 15.  , 15.  ,
       15.  , 15.  , 15.  , 15.  , 15.  , 15.  , 15.  , 15.  , 15.05,
       16.  , 15.  , 15.  , 15.2 , 15.75, 15.  , 15.  , 15.  , 15.  ,
       15.  , 15.05, 15.1 , 15.  , 15.  , 15.05, 15.  , 15.1 , 15.  ,
       15.  , 15.  , 15.  , 15.1 , 15.55, 15.15, 15.  , 15.1 , 15.  ,
       15.2 ]), 'class_median_width': array([15. , 15. , 15. , 15. , 15. , 15. , 15. , 15. , 15. , 15. , 15. ,
       15. , 15. , 15. , 15. , 15. , 15. , 15. , 15. , 15. , 15. , 15. ,
       15. , 15. , 15. , 15. , 28.5, 15. , 15. , 15. , 15. , 15. , 15. ,
       15. , 15. , 15. , 15. , 15. , 15. , 15. , 15. , 15. , 15. , 15. ,
       15. , 15. , 15. , 15. , 15. , 15. , 15. , 15. , 15. , 15. , 15. ,
       15. , 15. , 15. , 15. , 15. , 15. , 15. , 15. , 15. , 15. , 15. ,
       15. , 15. , 15. , 15. , 15. , 15. , 15. , 15. , 15. , 15. , 15. ,
       15. , 15. , 15. , 15. , 15. , 15. , 15. , 15. , 15. , 15. , 15. ,
       15. , 15. , 15. , 15. , 15. , 15. , 15. , 15. , 15. , 15. , 15. ,
       15. ]), 'class_mean_width_scaled': array([0.152 , 0.15  , 0.15  , 0.15  , 0.15  , 0.15  , 0.15  , 0.15  ,
       0.15  , 0.15  , 0.15  , 0.15  , 0.15  , 0.15  , 0.15  , 0.15  ,
       0.1505, 0.15  , 0.1505, 0.15  , 0.15  , 0.15  , 0.15  , 0.152 ,
       0.15  , 0.15  , 0.5515, 0.15  , 0.15  , 0.15  , 0.15  , 0.15  ,
       0.15  , 0.15  , 0.15  , 0.15  , 0.15  , 0.15  , 0.15  , 0.15  ,
       0.1505, 0.15  , 0.1505, 0.2435, 0.152 , 0.15  , 0.1505, 0.1555,
       0.1505, 0.15  , 0.15  , 0.151 , 0.1505, 0.15  , 0.15  , 0.157 ,
       0.15  , 0.15  , 0.15  , 0.1515, 0.15  , 0.15  , 0.15  , 0.15  ,
       0.15  , 0.15  , 0.15  , 0.15  , 0.15  , 0.15  , 0.15  , 0.1505,
       0.16  , 0.15  , 0.15  , 0.152 , 0.1575, 0.15  , 0.15  , 0.15  ,
       0.15  , 0.15  , 0.1505, 0.151 , 0.15  , 0.15  , 0.1505, 0.15  ,
       0.151 , 0.15  , 0.15  , 0.15  , 0.15  , 0.151 , 0.1555, 0.1515,
       0.15  , 0.151 , 0.15  , 0.152 ]), 'class_median_width_scaled': array([0.15 , 0.15 , 0.15 , 0.15 , 0.15 , 0.15 , 0.15 , 0.15 , 0.15 ,
       0.15 , 0.15 , 0.15 , 0.15 , 0.15 , 0.15 , 0.15 , 0.15 , 0.15 ,
       0.15 , 0.15 , 0.15 , 0.15 , 0.15 , 0.15 , 0.15 , 0.15 , 0.285,
       0.15 , 0.15 , 0.15 , 0.15 , 0.15 , 0.15 , 0.15 , 0.15 , 0.15 ,
       0.15 , 0.15 , 0.15 , 0.15 , 0.15 , 0.15 , 0.15 , 0.15 , 0.15 ,
       0.15 , 0.15 , 0.15 , 0.15 , 0.15 , 0.15 , 0.15 , 0.15 , 0.15 ,
       0.15 , 0.15 , 0.15 , 0.15 , 0.15 , 0.15 , 0.15 , 0.15 , 0.15 ,
       0.15 , 0.15 , 0.15 , 0.15 , 0.15 , 0.15 , 0.15 , 0.15 , 0.15 ,
       0.15 , 0.15 , 0.15 , 0.15 , 0.15 , 0.15 , 0.15 , 0.15 , 0.15 ,
       0.15 , 0.15 , 0.15 , 0.15 , 0.15 , 0.15 , 0.15 , 0.15 , 0.15 ,
       0.15 , 0.15 , 0.15 , 0.15 , 0.15 , 0.15 , 0.15 , 0.15 , 0.15 ,
       0.15 ])}

split_conformal_topk_HistGradientBoosting full class metrics: {'class_coverage': array([0.65, 0.95, 0.75, 1.  , 0.9 , 0.9 , 0.9 , 0.95, 0.95, 0.9 , 0.85,
       1.  , 0.9 , 0.9 , 0.95, 0.9 , 0.95, 0.95, 0.95, 0.9 , 1.  , 0.75,
       1.  , 1.  , 1.  , 0.8 , 0.9 , 0.7 , 0.8 , 0.85, 1.  , 0.85, 0.9 ,
       0.95, 1.  , 0.9 , 0.9 , 0.85, 0.95, 0.95, 1.  , 0.8 , 1.  , 1.  ,
       0.95, 1.  , 1.  , 0.95, 0.9 , 1.  , 0.85, 1.  , 1.  , 0.6 , 0.85,
       0.95, 0.95, 0.95, 0.9 , 1.  , 0.9 , 0.9 , 0.9 , 0.95, 0.5 , 0.9 ,
       1.  , 1.  , 0.9 , 0.95, 0.95, 1.  , 0.6 , 0.85, 1.  , 0.95, 1.  ,
       0.95, 0.9 , 0.7 , 0.9 , 0.9 , 0.85, 0.9 , 1.  , 0.95, 1.  , 0.9 ,
       0.8 , 0.85, 0.85, 0.95, 0.95, 0.95, 0.9 , 1.  , 0.95, 0.85, 0.8 ,
       0.95]), 'class_mean_width': array([15.2 , 15.  , 15.  , 15.  , 15.  , 15.  , 15.  , 15.  , 15.  ,
       15.  , 15.  , 15.  , 15.  , 15.  , 15.  , 15.  , 15.05, 15.  ,
       15.05, 15.  , 15.  , 15.  , 15.  , 15.2 , 15.  , 15.  , 55.15,
       15.  , 15.  , 15.  , 15.  , 15.  , 15.  , 15.  , 15.  , 15.  ,
       15.  , 15.  , 15.  , 15.  , 15.05, 15.  , 15.05, 24.35, 15.2 ,
       15.  , 15.05, 15.55, 15.05, 15.  , 15.  , 15.1 , 15.05, 15.  ,
       15.  , 15.7 , 15.  , 15.  , 15.  , 15.15, 15.  , 15.  , 15.  ,
       15.  , 15.  , 15.  , 15.  , 15.  , 15.  , 15.  , 15.  , 15.05,
       16.  , 15.  , 15.  , 15.2 , 15.75, 15.  , 15.  , 15.  , 15.  ,
       15.  , 15.05, 15.1 , 15.  , 15.  , 15.05, 15.  , 15.1 , 15.  ,
       15.  , 15.  , 15.  , 15.1 , 15.55, 15.15, 15.  , 15.1 , 15.  ,
       15.2 ]), 'class_median_width': array([15. , 15. , 15. , 15. , 15. , 15. , 15. , 15. , 15. , 15. , 15. ,
       15. , 15. , 15. , 15. , 15. , 15. , 15. , 15. , 15. , 15. , 15. ,
       15. , 15. , 15. , 15. , 28.5, 15. , 15. , 15. , 15. , 15. , 15. ,
       15. , 15. , 15. , 15. , 15. , 15. , 15. , 15. , 15. , 15. , 15. ,
       15. , 15. , 15. , 15. , 15. , 15. , 15. , 15. , 15. , 15. , 15. ,
       15. , 15. , 15. , 15. , 15. , 15. , 15. , 15. , 15. , 15. , 15. ,
       15. , 15. , 15. , 15. , 15. , 15. , 15. , 15. , 15. , 15. , 15. ,
       15. , 15. , 15. , 15. , 15. , 15. , 15. , 15. , 15. , 15. , 15. ,
       15. , 15. , 15. , 15. , 15. , 15. , 15. , 15. , 15. , 15. , 15. ,
       15. ]), 'class_mean_width_scaled': array([0.152 , 0.15  , 0.15  , 0.15  , 0.15  , 0.15  , 0.15  , 0.15  ,
       0.15  , 0.15  , 0.15  , 0.15  , 0.15  , 0.15  , 0.15  , 0.15  ,
       0.1505, 0.15  , 0.1505, 0.15  , 0.15  , 0.15  , 0.15  , 0.152 ,
       0.15  , 0.15  , 0.5515, 0.15  , 0.15  , 0.15  , 0.15  , 0.15  ,
       0.15  , 0.15  , 0.15  , 0.15  , 0.15  , 0.15  , 0.15  , 0.15  ,
       0.1505, 0.15  , 0.1505, 0.2435, 0.152 , 0.15  , 0.1505, 0.1555,
       0.1505, 0.15  , 0.15  , 0.151 , 0.1505, 0.15  , 0.15  , 0.157 ,
       0.15  , 0.15  , 0.15  , 0.1515, 0.15  , 0.15  , 0.15  , 0.15  ,
       0.15  , 0.15  , 0.15  , 0.15  , 0.15  , 0.15  , 0.15  , 0.1505,
       0.16  , 0.15  , 0.15  , 0.152 , 0.1575, 0.15  , 0.15  , 0.15  ,
       0.15  , 0.15  , 0.1505, 0.151 , 0.15  , 0.15  , 0.1505, 0.15  ,
       0.151 , 0.15  , 0.15  , 0.15  , 0.15  , 0.151 , 0.1555, 0.1515,
       0.15  , 0.151 , 0.15  , 0.152 ]), 'class_median_width_scaled': array([0.15 , 0.15 , 0.15 , 0.15 , 0.15 , 0.15 , 0.15 , 0.15 , 0.15 ,
       0.15 , 0.15 , 0.15 , 0.15 , 0.15 , 0.15 , 0.15 , 0.15 , 0.15 ,
       0.15 , 0.15 , 0.15 , 0.15 , 0.15 , 0.15 , 0.15 , 0.15 , 0.285,
       0.15 , 0.15 , 0.15 , 0.15 , 0.15 , 0.15 , 0.15 , 0.15 , 0.15 ,
       0.15 , 0.15 , 0.15 , 0.15 , 0.15 , 0.15 , 0.15 , 0.15 , 0.15 ,
       0.15 , 0.15 , 0.15 , 0.15 , 0.15 , 0.15 , 0.15 , 0.15 , 0.15 ,
       0.15 , 0.15 , 0.15 , 0.15 , 0.15 , 0.15 , 0.15 , 0.15 , 0.15 ,
       0.15 , 0.15 , 0.15 , 0.15 , 0.15 , 0.15 , 0.15 , 0.15 , 0.15 ,
       0.15 , 0.15 , 0.15 , 0.15 , 0.15 , 0.15 , 0.15 , 0.15 , 0.15 ,
       0.15 , 0.15 , 0.15 , 0.15 , 0.15 , 0.15 , 0.15 , 0.15 , 0.15 ,
       0.15 , 0.15 , 0.15 , 0.15 , 0.15 , 0.15 , 0.15 , 0.15 , 0.15 ,
       0.15 ])}

Job completed at Thu Mar 20 05:04:39 PM PDT 2025
