Starting job at Thu Mar 20 05:04:05 PM PDT 2025
Job parameters:
Dataset: data_language
UQ Method: split_conformal_topk
Estimator: RandomForest
Seed: 781
Train Size: 0.8
Running split_conformal_topk on data_language with seed 781 and train size 0.8

starting experiment

data created

Fitting split_conformal_topk_RandomForest on data_language with seed 781

split_conformal_topk_RandomForest metrics: {'coverage': np.float64(0.9), 'mean_width': np.float64(11.0), 'median_width': np.float64(11.0), 'mean_width_scaled': np.float64(0.36666666666666664), 'median_width_scaled': np.float64(0.36666666666666664)}

split_conformal_topk_RandomForest full metrics: {'coverage': np.float64(0.9), 'mean_width': np.float64(11.0), 'median_width': np.float64(11.0), 'mean_width_scaled': np.float64(0.36666666666666664), 'median_width_scaled': np.float64(0.36666666666666664)}

split_conformal_topk_RandomForest class metrics: {'class_coverage': array([1.        , 0.8       , 0.33333333, 0.33333333, 1.        ,
       0.9       , 1.        , 0.83333333, 0.9375    , 1.        ,
       0.8       , 1.        , 1.        , 1.        , 0.        ,
       1.        , 1.        , 1.        , 1.        , 0.57142857,
       1.        , 0.8       , 1.        , 1.        , 1.        ,
       0.8       , 1.        , 0.83333333, 1.        , 0.5       ]), 'class_mean_width': array([11., 11., 11., 11., 11., 11., 11., 11., 11., 11., 11., 11., 11.,
       11., 11., 11., 11., 11., 11., 11., 11., 11., 11., 11., 11., 11.,
       11., 11., 11., 11.]), 'class_median_width': array([11., 11., 11., 11., 11., 11., 11., 11., 11., 11., 11., 11., 11.,
       11., 11., 11., 11., 11., 11., 11., 11., 11., 11., 11., 11., 11.,
       11., 11., 11., 11.]), 'class_mean_width_scaled': array([0.36666667, 0.36666667, 0.36666667, 0.36666667, 0.36666667,
       0.36666667, 0.36666667, 0.36666667, 0.36666667, 0.36666667,
       0.36666667, 0.36666667, 0.36666667, 0.36666667, 0.36666667,
       0.36666667, 0.36666667, 0.36666667, 0.36666667, 0.36666667,
       0.36666667, 0.36666667, 0.36666667, 0.36666667, 0.36666667,
       0.36666667, 0.36666667, 0.36666667, 0.36666667, 0.36666667]), 'class_median_width_scaled': array([0.36666667, 0.36666667, 0.36666667, 0.36666667, 0.36666667,
       0.36666667, 0.36666667, 0.36666667, 0.36666667, 0.36666667,
       0.36666667, 0.36666667, 0.36666667, 0.36666667, 0.36666667,
       0.36666667, 0.36666667, 0.36666667, 0.36666667, 0.36666667,
       0.36666667, 0.36666667, 0.36666667, 0.36666667, 0.36666667,
       0.36666667, 0.36666667, 0.36666667, 0.36666667, 0.36666667])}

split_conformal_topk_RandomForest full class metrics: {'class_coverage': array([1.        , 0.8       , 0.33333333, 0.33333333, 1.        ,
       0.9       , 1.        , 0.83333333, 0.9375    , 1.        ,
       0.8       , 1.        , 1.        , 1.        , 0.        ,
       1.        , 1.        , 1.        , 1.        , 0.57142857,
       1.        , 0.8       , 1.        , 1.        , 1.        ,
       0.8       , 1.        , 0.83333333, 1.        , 0.5       ]), 'class_mean_width': array([11., 11., 11., 11., 11., 11., 11., 11., 11., 11., 11., 11., 11.,
       11., 11., 11., 11., 11., 11., 11., 11., 11., 11., 11., 11., 11.,
       11., 11., 11., 11.]), 'class_median_width': array([11., 11., 11., 11., 11., 11., 11., 11., 11., 11., 11., 11., 11.,
       11., 11., 11., 11., 11., 11., 11., 11., 11., 11., 11., 11., 11.,
       11., 11., 11., 11.]), 'class_mean_width_scaled': array([0.36666667, 0.36666667, 0.36666667, 0.36666667, 0.36666667,
       0.36666667, 0.36666667, 0.36666667, 0.36666667, 0.36666667,
       0.36666667, 0.36666667, 0.36666667, 0.36666667, 0.36666667,
       0.36666667, 0.36666667, 0.36666667, 0.36666667, 0.36666667,
       0.36666667, 0.36666667, 0.36666667, 0.36666667, 0.36666667,
       0.36666667, 0.36666667, 0.36666667, 0.36666667, 0.36666667]), 'class_median_width_scaled': array([0.36666667, 0.36666667, 0.36666667, 0.36666667, 0.36666667,
       0.36666667, 0.36666667, 0.36666667, 0.36666667, 0.36666667,
       0.36666667, 0.36666667, 0.36666667, 0.36666667, 0.36666667,
       0.36666667, 0.36666667, 0.36666667, 0.36666667, 0.36666667,
       0.36666667, 0.36666667, 0.36666667, 0.36666667, 0.36666667,
       0.36666667, 0.36666667, 0.36666667, 0.36666667, 0.36666667])}

Job completed at Thu Mar 20 05:04:06 PM PDT 2025
