Starting job at Thu Mar 20 05:03:55 PM PDT 2025
Job parameters:
Dataset: data_cover_type
UQ Method: majority_vote
Estimator: HistGradientBoosting
Seed: 783
Train Size: 0.8
Running majority_vote on data_cover_type with seed 783 and train size 0.8

starting experiment

data created

Fitting majority_vote on data_cover_type with seed 783

majority_vote metrics: {'coverage': np.float64(0.991), 'mean_width': np.float64(43.074), 'median_width': np.float64(43.0), 'mean_width_scaled': np.float64(0.43073999999999996), 'median_width_scaled': np.float64(0.43)}

majority_vote full metrics: {'coverage': np.float64(0.991), 'mean_width': np.float64(43.074), 'median_width': np.float64(43.0), 'mean_width_scaled': np.float64(0.43073999999999996), 'median_width_scaled': np.float64(0.43)}

majority_vote class metrics: {'class_coverage': array([1.  , 1.  , 1.  , 1.  , 1.  , 1.  , 1.  , 1.  , 1.  , 1.  , 1.  ,
       1.  , 1.  , 1.  , 0.95, 1.  , 1.  , 1.  , 0.95, 0.95, 1.  , 1.  ,
       1.  , 1.  , 1.  , 1.  , 1.  , 0.95, 0.95, 1.  , 1.  , 1.  , 1.  ,
       1.  , 1.  , 0.9 , 0.95, 1.  , 1.  , 0.95, 0.9 , 1.  , 1.  , 1.  ,
       1.  , 1.  , 1.  , 1.  , 0.9 , 1.  , 1.  , 1.  , 1.  , 1.  , 1.  ,
       1.  , 1.  , 1.  , 1.  , 1.  , 0.9 , 1.  , 1.  , 1.  , 1.  , 1.  ,
       1.  , 1.  , 1.  , 1.  , 1.  , 0.95, 1.  , 0.9 , 1.  , 1.  , 1.  ,
       1.  , 1.  , 1.  , 1.  , 1.  , 1.  , 1.  , 1.  , 1.  , 1.  , 1.  ,
       1.  , 1.  , 1.  , 1.  , 1.  , 1.  , 1.  , 1.  , 1.  , 1.  , 1.  ,
       1.  ]), 'class_mean_width': array([50.95, 56.2 , 37.2 , 32.95, 57.  , 52.2 , 46.55, 59.8 , 51.65,
       55.35, 48.2 , 33.7 , 43.1 , 57.35, 53.65, 58.8 , 60.7 , 36.9 ,
       25.  , 26.8 , 34.35, 55.4 , 43.75, 30.15, 56.3 , 54.4 ,  9.4 ,
       39.75, 39.  , 29.85, 31.05, 43.9 , 35.25, 55.85, 46.65, 38.05,
       38.15, 47.7 , 47.6 , 52.95, 34.35, 49.55, 55.85,  9.45, 46.05,
       53.25, 47.6 , 30.15, 40.95, 36.2 , 41.5 , 32.2 , 42.2 , 60.65,
       50.1 , 56.3 , 49.25, 38.75, 44.75, 30.45, 47.75, 48.65, 58.5 ,
       33.8 , 49.5 , 57.5 , 57.75, 35.35, 54.45, 56.1 , 63.5 , 47.3 ,
       30.1 , 45.05, 37.2 , 34.8 , 33.45, 34.35, 32.6 , 34.75, 37.9 ,
       36.  , 42.9 , 51.7 , 36.3 , 23.85, 36.55, 36.05, 34.4 , 53.65,
       53.75, 53.6 , 49.05, 28.55, 24.75, 41.2 , 34.  , 28.8 , 41.5 ,
       47.35]), 'class_median_width': array([51.5, 57. , 34.5, 28.5, 57. , 55.5, 45. , 59.5, 50. , 54. , 55. ,
       22. , 43.5, 56.5, 57. , 60. , 59.5, 34. , 18.5, 24.5, 32.5, 55. ,
       40.5, 28. , 56.5, 56.5,  9. , 35. , 37. , 28. , 27.5, 44. , 20. ,
       59. , 43.5, 37.5, 37.5, 48.5, 50.5, 57.5, 38.5, 49. , 55.5,  7. ,
       43.5, 53. , 46. , 28.5, 41.5, 35.5, 36.5, 29. , 40.5, 62. , 47. ,
       54.5, 51.5, 37. , 50.5, 29. , 45. , 49. , 55. , 31.5, 48. , 57.5,
       58.5, 33.5, 54. , 53.5, 63.5, 42.5, 28. , 41.5, 31.5, 34. , 33. ,
       34. , 32. , 35.5, 37. , 33. , 42. , 49.5, 32. , 23. , 36.5, 29.5,
       33. , 54.5, 56.5, 51. , 51. , 20.5, 21.5, 38.5, 35.5, 27.5, 41.5,
       50. ]), 'class_mean_width_scaled': array([0.5095, 0.562 , 0.372 , 0.3295, 0.57  , 0.522 , 0.4655, 0.598 ,
       0.5165, 0.5535, 0.482 , 0.337 , 0.431 , 0.5735, 0.5365, 0.588 ,
       0.607 , 0.369 , 0.25  , 0.268 , 0.3435, 0.554 , 0.4375, 0.3015,
       0.563 , 0.544 , 0.094 , 0.3975, 0.39  , 0.2985, 0.3105, 0.439 ,
       0.3525, 0.5585, 0.4665, 0.3805, 0.3815, 0.477 , 0.476 , 0.5295,
       0.3435, 0.4955, 0.5585, 0.0945, 0.4605, 0.5325, 0.476 , 0.3015,
       0.4095, 0.362 , 0.415 , 0.322 , 0.422 , 0.6065, 0.501 , 0.563 ,
       0.4925, 0.3875, 0.4475, 0.3045, 0.4775, 0.4865, 0.585 , 0.338 ,
       0.495 , 0.575 , 0.5775, 0.3535, 0.5445, 0.561 , 0.635 , 0.473 ,
       0.301 , 0.4505, 0.372 , 0.348 , 0.3345, 0.3435, 0.326 , 0.3475,
       0.379 , 0.36  , 0.429 , 0.517 , 0.363 , 0.2385, 0.3655, 0.3605,
       0.344 , 0.5365, 0.5375, 0.536 , 0.4905, 0.2855, 0.2475, 0.412 ,
       0.34  , 0.288 , 0.415 , 0.4735]), 'class_median_width_scaled': array([0.515, 0.57 , 0.345, 0.285, 0.57 , 0.555, 0.45 , 0.595, 0.5  ,
       0.54 , 0.55 , 0.22 , 0.435, 0.565, 0.57 , 0.6  , 0.595, 0.34 ,
       0.185, 0.245, 0.325, 0.55 , 0.405, 0.28 , 0.565, 0.565, 0.09 ,
       0.35 , 0.37 , 0.28 , 0.275, 0.44 , 0.2  , 0.59 , 0.435, 0.375,
       0.375, 0.485, 0.505, 0.575, 0.385, 0.49 , 0.555, 0.07 , 0.435,
       0.53 , 0.46 , 0.285, 0.415, 0.355, 0.365, 0.29 , 0.405, 0.62 ,
       0.47 , 0.545, 0.515, 0.37 , 0.505, 0.29 , 0.45 , 0.49 , 0.55 ,
       0.315, 0.48 , 0.575, 0.585, 0.335, 0.54 , 0.535, 0.635, 0.425,
       0.28 , 0.415, 0.315, 0.34 , 0.33 , 0.34 , 0.32 , 0.355, 0.37 ,
       0.33 , 0.42 , 0.495, 0.32 , 0.23 , 0.365, 0.295, 0.33 , 0.545,
       0.565, 0.51 , 0.51 , 0.205, 0.215, 0.385, 0.355, 0.275, 0.415,
       0.5  ])}

majority_vote full class metrics: {'class_coverage': array([1.  , 1.  , 1.  , 1.  , 1.  , 1.  , 1.  , 1.  , 1.  , 1.  , 1.  ,
       1.  , 1.  , 1.  , 0.95, 1.  , 1.  , 1.  , 0.95, 0.95, 1.  , 1.  ,
       1.  , 1.  , 1.  , 1.  , 1.  , 0.95, 0.95, 1.  , 1.  , 1.  , 1.  ,
       1.  , 1.  , 0.9 , 0.95, 1.  , 1.  , 0.95, 0.9 , 1.  , 1.  , 1.  ,
       1.  , 1.  , 1.  , 1.  , 0.9 , 1.  , 1.  , 1.  , 1.  , 1.  , 1.  ,
       1.  , 1.  , 1.  , 1.  , 1.  , 0.9 , 1.  , 1.  , 1.  , 1.  , 1.  ,
       1.  , 1.  , 1.  , 1.  , 1.  , 0.95, 1.  , 0.9 , 1.  , 1.  , 1.  ,
       1.  , 1.  , 1.  , 1.  , 1.  , 1.  , 1.  , 1.  , 1.  , 1.  , 1.  ,
       1.  , 1.  , 1.  , 1.  , 1.  , 1.  , 1.  , 1.  , 1.  , 1.  , 1.  ,
       1.  ]), 'class_mean_width': array([50.95, 56.2 , 37.2 , 32.95, 57.  , 52.2 , 46.55, 59.8 , 51.65,
       55.35, 48.2 , 33.7 , 43.1 , 57.35, 53.65, 58.8 , 60.7 , 36.9 ,
       25.  , 26.8 , 34.35, 55.4 , 43.75, 30.15, 56.3 , 54.4 ,  9.4 ,
       39.75, 39.  , 29.85, 31.05, 43.9 , 35.25, 55.85, 46.65, 38.05,
       38.15, 47.7 , 47.6 , 52.95, 34.35, 49.55, 55.85,  9.45, 46.05,
       53.25, 47.6 , 30.15, 40.95, 36.2 , 41.5 , 32.2 , 42.2 , 60.65,
       50.1 , 56.3 , 49.25, 38.75, 44.75, 30.45, 47.75, 48.65, 58.5 ,
       33.8 , 49.5 , 57.5 , 57.75, 35.35, 54.45, 56.1 , 63.5 , 47.3 ,
       30.1 , 45.05, 37.2 , 34.8 , 33.45, 34.35, 32.6 , 34.75, 37.9 ,
       36.  , 42.9 , 51.7 , 36.3 , 23.85, 36.55, 36.05, 34.4 , 53.65,
       53.75, 53.6 , 49.05, 28.55, 24.75, 41.2 , 34.  , 28.8 , 41.5 ,
       47.35]), 'class_median_width': array([51.5, 57. , 34.5, 28.5, 57. , 55.5, 45. , 59.5, 50. , 54. , 55. ,
       22. , 43.5, 56.5, 57. , 60. , 59.5, 34. , 18.5, 24.5, 32.5, 55. ,
       40.5, 28. , 56.5, 56.5,  9. , 35. , 37. , 28. , 27.5, 44. , 20. ,
       59. , 43.5, 37.5, 37.5, 48.5, 50.5, 57.5, 38.5, 49. , 55.5,  7. ,
       43.5, 53. , 46. , 28.5, 41.5, 35.5, 36.5, 29. , 40.5, 62. , 47. ,
       54.5, 51.5, 37. , 50.5, 29. , 45. , 49. , 55. , 31.5, 48. , 57.5,
       58.5, 33.5, 54. , 53.5, 63.5, 42.5, 28. , 41.5, 31.5, 34. , 33. ,
       34. , 32. , 35.5, 37. , 33. , 42. , 49.5, 32. , 23. , 36.5, 29.5,
       33. , 54.5, 56.5, 51. , 51. , 20.5, 21.5, 38.5, 35.5, 27.5, 41.5,
       50. ]), 'class_mean_width_scaled': array([0.5095, 0.562 , 0.372 , 0.3295, 0.57  , 0.522 , 0.4655, 0.598 ,
       0.5165, 0.5535, 0.482 , 0.337 , 0.431 , 0.5735, 0.5365, 0.588 ,
       0.607 , 0.369 , 0.25  , 0.268 , 0.3435, 0.554 , 0.4375, 0.3015,
       0.563 , 0.544 , 0.094 , 0.3975, 0.39  , 0.2985, 0.3105, 0.439 ,
       0.3525, 0.5585, 0.4665, 0.3805, 0.3815, 0.477 , 0.476 , 0.5295,
       0.3435, 0.4955, 0.5585, 0.0945, 0.4605, 0.5325, 0.476 , 0.3015,
       0.4095, 0.362 , 0.415 , 0.322 , 0.422 , 0.6065, 0.501 , 0.563 ,
       0.4925, 0.3875, 0.4475, 0.3045, 0.4775, 0.4865, 0.585 , 0.338 ,
       0.495 , 0.575 , 0.5775, 0.3535, 0.5445, 0.561 , 0.635 , 0.473 ,
       0.301 , 0.4505, 0.372 , 0.348 , 0.3345, 0.3435, 0.326 , 0.3475,
       0.379 , 0.36  , 0.429 , 0.517 , 0.363 , 0.2385, 0.3655, 0.3605,
       0.344 , 0.5365, 0.5375, 0.536 , 0.4905, 0.2855, 0.2475, 0.412 ,
       0.34  , 0.288 , 0.415 , 0.4735]), 'class_median_width_scaled': array([0.515, 0.57 , 0.345, 0.285, 0.57 , 0.555, 0.45 , 0.595, 0.5  ,
       0.54 , 0.55 , 0.22 , 0.435, 0.565, 0.57 , 0.6  , 0.595, 0.34 ,
       0.185, 0.245, 0.325, 0.55 , 0.405, 0.28 , 0.565, 0.565, 0.09 ,
       0.35 , 0.37 , 0.28 , 0.275, 0.44 , 0.2  , 0.59 , 0.435, 0.375,
       0.375, 0.485, 0.505, 0.575, 0.385, 0.49 , 0.555, 0.07 , 0.435,
       0.53 , 0.46 , 0.285, 0.415, 0.355, 0.365, 0.29 , 0.405, 0.62 ,
       0.47 , 0.545, 0.515, 0.37 , 0.505, 0.29 , 0.45 , 0.49 , 0.55 ,
       0.315, 0.48 , 0.575, 0.585, 0.335, 0.54 , 0.535, 0.635, 0.425,
       0.28 , 0.415, 0.315, 0.34 , 0.33 , 0.34 , 0.32 , 0.355, 0.37 ,
       0.33 , 0.42 , 0.495, 0.32 , 0.23 , 0.365, 0.295, 0.33 , 0.545,
       0.565, 0.51 , 0.51 , 0.205, 0.215, 0.385, 0.355, 0.275, 0.415,
       0.5  ])}

Job completed at Thu Mar 20 05:04:19 PM PDT 2025
