Starting job at Thu Mar 20 05:03:55 PM PDT 2025
Job parameters:
Dataset: data_cover_type
UQ Method: majority_vote
Estimator: HistGradientBoosting
Seed: 782
Train Size: 0.8
Running majority_vote on data_cover_type with seed 782 and train size 0.8

starting experiment

data created

Fitting majority_vote on data_cover_type with seed 782

majority_vote metrics: {'coverage': np.float64(0.9835), 'mean_width': np.float64(37.234), 'median_width': np.float64(40.0), 'mean_width_scaled': np.float64(0.37234), 'median_width_scaled': np.float64(0.4)}

majority_vote full metrics: {'coverage': np.float64(0.9835), 'mean_width': np.float64(37.234), 'median_width': np.float64(40.0), 'mean_width_scaled': np.float64(0.37234), 'median_width_scaled': np.float64(0.4)}

majority_vote class metrics: {'class_coverage': array([1.  , 0.95, 1.  , 1.  , 0.95, 0.95, 1.  , 0.95, 1.  , 1.  , 1.  ,
       1.  , 1.  , 1.  , 1.  , 1.  , 1.  , 1.  , 1.  , 0.95, 1.  , 1.  ,
       1.  , 1.  , 1.  , 1.  , 1.  , 0.9 , 1.  , 1.  , 1.  , 0.95, 1.  ,
       1.  , 1.  , 0.85, 0.95, 0.8 , 1.  , 1.  , 1.  , 0.95, 0.95, 1.  ,
       1.  , 1.  , 1.  , 1.  , 1.  , 0.9 , 1.  , 0.95, 1.  , 1.  , 1.  ,
       1.  , 1.  , 1.  , 0.95, 1.  , 0.95, 1.  , 1.  , 1.  , 1.  , 1.  ,
       1.  , 1.  , 1.  , 1.  , 1.  , 0.95, 1.  , 1.  , 1.  , 0.95, 1.  ,
       1.  , 1.  , 0.9 , 1.  , 0.9 , 0.95, 1.  , 1.  , 1.  , 1.  , 1.  ,
       0.9 , 1.  , 1.  , 0.95, 1.  , 1.  , 1.  , 1.  , 1.  , 1.  , 1.  ,
       1.  ]), 'class_mean_width': array([35.05, 40.05, 36.85, 43.2 , 45.45, 42.6 , 31.2 , 43.85, 43.15,
       42.6 , 45.85, 36.85, 31.7 , 48.9 , 45.55, 42.9 , 41.3 , 43.5 ,
       15.5 , 29.2 , 49.  , 43.8 , 40.  , 43.25, 45.6 , 46.65,  8.45,
       28.  , 27.5 , 31.45, 37.65, 31.  , 34.2 , 48.95, 55.35, 21.5 ,
       19.45, 39.7 , 46.7 , 42.65, 26.  , 36.55, 37.65, 12.35, 38.7 ,
       39.2 , 53.55, 34.4 , 29.5 , 17.8 , 26.95, 27.4 , 20.35, 46.5 ,
       40.35, 45.75, 43.1 , 21.7 , 28.3 , 31.15, 41.95, 46.9 , 44.95,
       36.55, 48.6 , 48.65, 44.9 , 36.4 , 44.85, 41.95, 44.8 , 41.95,
       27.15, 39.45, 24.05, 26.3 , 20.9 , 30.45, 29.15, 37.65, 24.45,
       30.55, 36.7 , 46.95, 47.15, 38.4 , 28.25, 40.8 , 32.8 , 45.05,
       42.8 , 42.7 , 45.75, 30.8 , 37.1 , 40.65, 39.25, 41.65, 42.9 ,
       47.8 ]), 'class_median_width': array([29.5, 38.5, 37. , 45. , 46.5, 44. , 28.5, 45.5, 43.5, 42.5, 46. ,
       48. , 29. , 48. , 47. , 43. , 43. , 47. , 16. , 28.5, 52.5, 45.5,
       41.5, 44. , 46. , 48. ,  7.5, 19. , 19.5, 31.5, 39. , 26.5, 37.5,
       49. , 58. , 19. , 17. , 41. , 48. , 51.5, 20.5, 37.5, 40. , 13.5,
       39. , 39.5, 55. , 31.5, 35. , 18. , 20. , 28.5, 21. , 48. , 40. ,
       46. , 45.5, 19. , 20.5, 30. , 39. , 47. , 46. , 39. , 49.5, 49. ,
       44.5, 35. , 46. , 38.5, 45.5, 41. , 26. , 41.5, 21. , 22. , 19. ,
       27. , 21.5, 40.5, 21.5, 33.5, 35. , 49. , 50. , 41. , 19.5, 42. ,
       33. , 45. , 42. , 42. , 47. , 24. , 34.5, 44. , 41. , 44. , 43. ,
       49.5]), 'class_mean_width_scaled': array([0.3505, 0.4005, 0.3685, 0.432 , 0.4545, 0.426 , 0.312 , 0.4385,
       0.4315, 0.426 , 0.4585, 0.3685, 0.317 , 0.489 , 0.4555, 0.429 ,
       0.413 , 0.435 , 0.155 , 0.292 , 0.49  , 0.438 , 0.4   , 0.4325,
       0.456 , 0.4665, 0.0845, 0.28  , 0.275 , 0.3145, 0.3765, 0.31  ,
       0.342 , 0.4895, 0.5535, 0.215 , 0.1945, 0.397 , 0.467 , 0.4265,
       0.26  , 0.3655, 0.3765, 0.1235, 0.387 , 0.392 , 0.5355, 0.344 ,
       0.295 , 0.178 , 0.2695, 0.274 , 0.2035, 0.465 , 0.4035, 0.4575,
       0.431 , 0.217 , 0.283 , 0.3115, 0.4195, 0.469 , 0.4495, 0.3655,
       0.486 , 0.4865, 0.449 , 0.364 , 0.4485, 0.4195, 0.448 , 0.4195,
       0.2715, 0.3945, 0.2405, 0.263 , 0.209 , 0.3045, 0.2915, 0.3765,
       0.2445, 0.3055, 0.367 , 0.4695, 0.4715, 0.384 , 0.2825, 0.408 ,
       0.328 , 0.4505, 0.428 , 0.427 , 0.4575, 0.308 , 0.371 , 0.4065,
       0.3925, 0.4165, 0.429 , 0.478 ]), 'class_median_width_scaled': array([0.295, 0.385, 0.37 , 0.45 , 0.465, 0.44 , 0.285, 0.455, 0.435,
       0.425, 0.46 , 0.48 , 0.29 , 0.48 , 0.47 , 0.43 , 0.43 , 0.47 ,
       0.16 , 0.285, 0.525, 0.455, 0.415, 0.44 , 0.46 , 0.48 , 0.075,
       0.19 , 0.195, 0.315, 0.39 , 0.265, 0.375, 0.49 , 0.58 , 0.19 ,
       0.17 , 0.41 , 0.48 , 0.515, 0.205, 0.375, 0.4  , 0.135, 0.39 ,
       0.395, 0.55 , 0.315, 0.35 , 0.18 , 0.2  , 0.285, 0.21 , 0.48 ,
       0.4  , 0.46 , 0.455, 0.19 , 0.205, 0.3  , 0.39 , 0.47 , 0.46 ,
       0.39 , 0.495, 0.49 , 0.445, 0.35 , 0.46 , 0.385, 0.455, 0.41 ,
       0.26 , 0.415, 0.21 , 0.22 , 0.19 , 0.27 , 0.215, 0.405, 0.215,
       0.335, 0.35 , 0.49 , 0.5  , 0.41 , 0.195, 0.42 , 0.33 , 0.45 ,
       0.42 , 0.42 , 0.47 , 0.24 , 0.345, 0.44 , 0.41 , 0.44 , 0.43 ,
       0.495])}

majority_vote full class metrics: {'class_coverage': array([1.  , 0.95, 1.  , 1.  , 0.95, 0.95, 1.  , 0.95, 1.  , 1.  , 1.  ,
       1.  , 1.  , 1.  , 1.  , 1.  , 1.  , 1.  , 1.  , 0.95, 1.  , 1.  ,
       1.  , 1.  , 1.  , 1.  , 1.  , 0.9 , 1.  , 1.  , 1.  , 0.95, 1.  ,
       1.  , 1.  , 0.85, 0.95, 0.8 , 1.  , 1.  , 1.  , 0.95, 0.95, 1.  ,
       1.  , 1.  , 1.  , 1.  , 1.  , 0.9 , 1.  , 0.95, 1.  , 1.  , 1.  ,
       1.  , 1.  , 1.  , 0.95, 1.  , 0.95, 1.  , 1.  , 1.  , 1.  , 1.  ,
       1.  , 1.  , 1.  , 1.  , 1.  , 0.95, 1.  , 1.  , 1.  , 0.95, 1.  ,
       1.  , 1.  , 0.9 , 1.  , 0.9 , 0.95, 1.  , 1.  , 1.  , 1.  , 1.  ,
       0.9 , 1.  , 1.  , 0.95, 1.  , 1.  , 1.  , 1.  , 1.  , 1.  , 1.  ,
       1.  ]), 'class_mean_width': array([35.05, 40.05, 36.85, 43.2 , 45.45, 42.6 , 31.2 , 43.85, 43.15,
       42.6 , 45.85, 36.85, 31.7 , 48.9 , 45.55, 42.9 , 41.3 , 43.5 ,
       15.5 , 29.2 , 49.  , 43.8 , 40.  , 43.25, 45.6 , 46.65,  8.45,
       28.  , 27.5 , 31.45, 37.65, 31.  , 34.2 , 48.95, 55.35, 21.5 ,
       19.45, 39.7 , 46.7 , 42.65, 26.  , 36.55, 37.65, 12.35, 38.7 ,
       39.2 , 53.55, 34.4 , 29.5 , 17.8 , 26.95, 27.4 , 20.35, 46.5 ,
       40.35, 45.75, 43.1 , 21.7 , 28.3 , 31.15, 41.95, 46.9 , 44.95,
       36.55, 48.6 , 48.65, 44.9 , 36.4 , 44.85, 41.95, 44.8 , 41.95,
       27.15, 39.45, 24.05, 26.3 , 20.9 , 30.45, 29.15, 37.65, 24.45,
       30.55, 36.7 , 46.95, 47.15, 38.4 , 28.25, 40.8 , 32.8 , 45.05,
       42.8 , 42.7 , 45.75, 30.8 , 37.1 , 40.65, 39.25, 41.65, 42.9 ,
       47.8 ]), 'class_median_width': array([29.5, 38.5, 37. , 45. , 46.5, 44. , 28.5, 45.5, 43.5, 42.5, 46. ,
       48. , 29. , 48. , 47. , 43. , 43. , 47. , 16. , 28.5, 52.5, 45.5,
       41.5, 44. , 46. , 48. ,  7.5, 19. , 19.5, 31.5, 39. , 26.5, 37.5,
       49. , 58. , 19. , 17. , 41. , 48. , 51.5, 20.5, 37.5, 40. , 13.5,
       39. , 39.5, 55. , 31.5, 35. , 18. , 20. , 28.5, 21. , 48. , 40. ,
       46. , 45.5, 19. , 20.5, 30. , 39. , 47. , 46. , 39. , 49.5, 49. ,
       44.5, 35. , 46. , 38.5, 45.5, 41. , 26. , 41.5, 21. , 22. , 19. ,
       27. , 21.5, 40.5, 21.5, 33.5, 35. , 49. , 50. , 41. , 19.5, 42. ,
       33. , 45. , 42. , 42. , 47. , 24. , 34.5, 44. , 41. , 44. , 43. ,
       49.5]), 'class_mean_width_scaled': array([0.3505, 0.4005, 0.3685, 0.432 , 0.4545, 0.426 , 0.312 , 0.4385,
       0.4315, 0.426 , 0.4585, 0.3685, 0.317 , 0.489 , 0.4555, 0.429 ,
       0.413 , 0.435 , 0.155 , 0.292 , 0.49  , 0.438 , 0.4   , 0.4325,
       0.456 , 0.4665, 0.0845, 0.28  , 0.275 , 0.3145, 0.3765, 0.31  ,
       0.342 , 0.4895, 0.5535, 0.215 , 0.1945, 0.397 , 0.467 , 0.4265,
       0.26  , 0.3655, 0.3765, 0.1235, 0.387 , 0.392 , 0.5355, 0.344 ,
       0.295 , 0.178 , 0.2695, 0.274 , 0.2035, 0.465 , 0.4035, 0.4575,
       0.431 , 0.217 , 0.283 , 0.3115, 0.4195, 0.469 , 0.4495, 0.3655,
       0.486 , 0.4865, 0.449 , 0.364 , 0.4485, 0.4195, 0.448 , 0.4195,
       0.2715, 0.3945, 0.2405, 0.263 , 0.209 , 0.3045, 0.2915, 0.3765,
       0.2445, 0.3055, 0.367 , 0.4695, 0.4715, 0.384 , 0.2825, 0.408 ,
       0.328 , 0.4505, 0.428 , 0.427 , 0.4575, 0.308 , 0.371 , 0.4065,
       0.3925, 0.4165, 0.429 , 0.478 ]), 'class_median_width_scaled': array([0.295, 0.385, 0.37 , 0.45 , 0.465, 0.44 , 0.285, 0.455, 0.435,
       0.425, 0.46 , 0.48 , 0.29 , 0.48 , 0.47 , 0.43 , 0.43 , 0.47 ,
       0.16 , 0.285, 0.525, 0.455, 0.415, 0.44 , 0.46 , 0.48 , 0.075,
       0.19 , 0.195, 0.315, 0.39 , 0.265, 0.375, 0.49 , 0.58 , 0.19 ,
       0.17 , 0.41 , 0.48 , 0.515, 0.205, 0.375, 0.4  , 0.135, 0.39 ,
       0.395, 0.55 , 0.315, 0.35 , 0.18 , 0.2  , 0.285, 0.21 , 0.48 ,
       0.4  , 0.46 , 0.455, 0.19 , 0.205, 0.3  , 0.39 , 0.47 , 0.46 ,
       0.39 , 0.495, 0.49 , 0.445, 0.35 , 0.46 , 0.385, 0.455, 0.41 ,
       0.26 , 0.415, 0.21 , 0.22 , 0.19 , 0.27 , 0.215, 0.405, 0.215,
       0.335, 0.35 , 0.49 , 0.5  , 0.41 , 0.195, 0.42 , 0.33 , 0.45 ,
       0.42 , 0.42 , 0.47 , 0.24 , 0.345, 0.44 , 0.41 , 0.44 , 0.43 ,
       0.495])}

Job completed at Thu Mar 20 05:04:12 PM PDT 2025
