Starting job at Thu Mar 20 05:03:55 PM PDT 2025
Job parameters:
Dataset: data_cover_type
UQ Method: majority_vote
Estimator: HistGradientBoosting
Seed: 780
Train Size: 0.8
Running majority_vote on data_cover_type with seed 780 and train size 0.8

starting experiment

data created

Fitting majority_vote on data_cover_type with seed 780

majority_vote metrics: {'coverage': np.float64(0.9885), 'mean_width': np.float64(40.4915), 'median_width': np.float64(41.0), 'mean_width_scaled': np.float64(0.404915), 'median_width_scaled': np.float64(0.41)}

majority_vote full metrics: {'coverage': np.float64(0.9885), 'mean_width': np.float64(40.4915), 'median_width': np.float64(41.0), 'mean_width_scaled': np.float64(0.404915), 'median_width_scaled': np.float64(0.41)}

majority_vote class metrics: {'class_coverage': array([1.  , 0.95, 1.  , 1.  , 1.  , 1.  , 1.  , 1.  , 1.  , 1.  , 1.  ,
       1.  , 1.  , 1.  , 1.  , 1.  , 1.  , 1.  , 1.  , 1.  , 1.  , 1.  ,
       1.  , 1.  , 1.  , 1.  , 1.  , 1.  , 0.95, 1.  , 1.  , 1.  , 1.  ,
       1.  , 1.  , 0.95, 0.95, 1.  , 1.  , 1.  , 0.9 , 1.  , 0.95, 1.  ,
       1.  , 1.  , 1.  , 1.  , 1.  , 1.  , 1.  , 1.  , 1.  , 1.  , 1.  ,
       1.  , 0.95, 1.  , 0.9 , 1.  , 1.  , 1.  , 1.  , 1.  , 1.  , 0.95,
       1.  , 1.  , 1.  , 0.9 , 1.  , 1.  , 0.95, 1.  , 1.  , 1.  , 1.  ,
       0.95, 1.  , 0.95, 0.95, 0.8 , 0.95, 1.  , 1.  , 1.  , 0.95, 1.  ,
       1.  , 1.  , 1.  , 1.  , 1.  , 1.  , 1.  , 1.  , 1.  , 1.  , 1.  ,
       1.  ]), 'class_mean_width': array([44.35, 52.95, 44.7 , 46.8 , 55.6 , 48.45, 32.6 , 51.2 , 43.2 ,
       50.25, 52.5 , 35.2 , 41.45, 52.  , 49.8 , 49.7 , 47.4 , 39.7 ,
       22.85, 27.  , 43.  , 49.95, 44.3 , 41.45, 54.6 , 45.  ,  7.9 ,
       34.  , 30.8 , 37.6 , 38.85, 39.4 , 29.55, 53.1 , 44.7 , 33.65,
       31.  , 40.1 , 45.15, 42.55, 31.8 , 44.15, 48.25,  9.5 , 37.95,
       51.65, 49.25, 23.8 , 33.05, 34.05, 43.85, 31.65, 41.8 , 49.85,
       44.75, 48.75, 47.4 , 39.35, 33.3 , 33.15, 45.7 , 53.2 , 48.7 ,
       32.75, 43.6 , 47.85, 50.05, 32.25, 43.1 , 50.7 , 51.85, 47.6 ,
       26.05, 45.15, 30.25, 34.8 , 29.6 , 27.9 , 32.9 , 33.3 , 33.5 ,
       36.9 , 35.9 , 40.15, 39.95, 38.9 , 32.4 , 40.5 , 28.75, 50.05,
       47.45, 45.15, 48.95, 31.65, 31.2 , 37.35, 47.  , 42.35, 43.3 ,
       38.8 ]), 'class_median_width': array([39.5, 54.5, 46. , 47. , 56. , 48.5, 25.5, 52. , 41. , 48. , 51. ,
       24.5, 46.5, 51. , 49. , 49. , 50. , 39. , 21. , 21.5, 42.5, 52. ,
       43. , 39. , 54.5, 48.5,  7. , 27.5, 23. , 41. , 38. , 43.5, 17.5,
       52. , 45. , 30. , 29. , 43.5, 47.5, 48.5, 32. , 43. , 48. ,  6.5,
       35. , 51. , 45.5, 22.5, 34.5, 33. , 48. , 29.5, 41.5, 48. , 44.5,
       48. , 48.5, 39. , 35. , 31.5, 44. , 52.5, 46. , 28.5, 42.5, 49. ,
       52. , 31.5, 41.5, 48. , 50. , 46. , 23.5, 44. , 30. , 32.5, 30.5,
       28. , 31.5, 34. , 32. , 36. , 35.5, 38. , 39.5, 37.5, 31.5, 44. ,
       28. , 49.5, 46.5, 44. , 50.5, 29.5, 25.5, 38. , 47.5, 39.5, 43. ,
       39. ]), 'class_mean_width_scaled': array([0.4435, 0.5295, 0.447 , 0.468 , 0.556 , 0.4845, 0.326 , 0.512 ,
       0.432 , 0.5025, 0.525 , 0.352 , 0.4145, 0.52  , 0.498 , 0.497 ,
       0.474 , 0.397 , 0.2285, 0.27  , 0.43  , 0.4995, 0.443 , 0.4145,
       0.546 , 0.45  , 0.079 , 0.34  , 0.308 , 0.376 , 0.3885, 0.394 ,
       0.2955, 0.531 , 0.447 , 0.3365, 0.31  , 0.401 , 0.4515, 0.4255,
       0.318 , 0.4415, 0.4825, 0.095 , 0.3795, 0.5165, 0.4925, 0.238 ,
       0.3305, 0.3405, 0.4385, 0.3165, 0.418 , 0.4985, 0.4475, 0.4875,
       0.474 , 0.3935, 0.333 , 0.3315, 0.457 , 0.532 , 0.487 , 0.3275,
       0.436 , 0.4785, 0.5005, 0.3225, 0.431 , 0.507 , 0.5185, 0.476 ,
       0.2605, 0.4515, 0.3025, 0.348 , 0.296 , 0.279 , 0.329 , 0.333 ,
       0.335 , 0.369 , 0.359 , 0.4015, 0.3995, 0.389 , 0.324 , 0.405 ,
       0.2875, 0.5005, 0.4745, 0.4515, 0.4895, 0.3165, 0.312 , 0.3735,
       0.47  , 0.4235, 0.433 , 0.388 ]), 'class_median_width_scaled': array([0.395, 0.545, 0.46 , 0.47 , 0.56 , 0.485, 0.255, 0.52 , 0.41 ,
       0.48 , 0.51 , 0.245, 0.465, 0.51 , 0.49 , 0.49 , 0.5  , 0.39 ,
       0.21 , 0.215, 0.425, 0.52 , 0.43 , 0.39 , 0.545, 0.485, 0.07 ,
       0.275, 0.23 , 0.41 , 0.38 , 0.435, 0.175, 0.52 , 0.45 , 0.3  ,
       0.29 , 0.435, 0.475, 0.485, 0.32 , 0.43 , 0.48 , 0.065, 0.35 ,
       0.51 , 0.455, 0.225, 0.345, 0.33 , 0.48 , 0.295, 0.415, 0.48 ,
       0.445, 0.48 , 0.485, 0.39 , 0.35 , 0.315, 0.44 , 0.525, 0.46 ,
       0.285, 0.425, 0.49 , 0.52 , 0.315, 0.415, 0.48 , 0.5  , 0.46 ,
       0.235, 0.44 , 0.3  , 0.325, 0.305, 0.28 , 0.315, 0.34 , 0.32 ,
       0.36 , 0.355, 0.38 , 0.395, 0.375, 0.315, 0.44 , 0.28 , 0.495,
       0.465, 0.44 , 0.505, 0.295, 0.255, 0.38 , 0.475, 0.395, 0.43 ,
       0.39 ])}

majority_vote full class metrics: {'class_coverage': array([1.  , 0.95, 1.  , 1.  , 1.  , 1.  , 1.  , 1.  , 1.  , 1.  , 1.  ,
       1.  , 1.  , 1.  , 1.  , 1.  , 1.  , 1.  , 1.  , 1.  , 1.  , 1.  ,
       1.  , 1.  , 1.  , 1.  , 1.  , 1.  , 0.95, 1.  , 1.  , 1.  , 1.  ,
       1.  , 1.  , 0.95, 0.95, 1.  , 1.  , 1.  , 0.9 , 1.  , 0.95, 1.  ,
       1.  , 1.  , 1.  , 1.  , 1.  , 1.  , 1.  , 1.  , 1.  , 1.  , 1.  ,
       1.  , 0.95, 1.  , 0.9 , 1.  , 1.  , 1.  , 1.  , 1.  , 1.  , 0.95,
       1.  , 1.  , 1.  , 0.9 , 1.  , 1.  , 0.95, 1.  , 1.  , 1.  , 1.  ,
       0.95, 1.  , 0.95, 0.95, 0.8 , 0.95, 1.  , 1.  , 1.  , 0.95, 1.  ,
       1.  , 1.  , 1.  , 1.  , 1.  , 1.  , 1.  , 1.  , 1.  , 1.  , 1.  ,
       1.  ]), 'class_mean_width': array([44.35, 52.95, 44.7 , 46.8 , 55.6 , 48.45, 32.6 , 51.2 , 43.2 ,
       50.25, 52.5 , 35.2 , 41.45, 52.  , 49.8 , 49.7 , 47.4 , 39.7 ,
       22.85, 27.  , 43.  , 49.95, 44.3 , 41.45, 54.6 , 45.  ,  7.9 ,
       34.  , 30.8 , 37.6 , 38.85, 39.4 , 29.55, 53.1 , 44.7 , 33.65,
       31.  , 40.1 , 45.15, 42.55, 31.8 , 44.15, 48.25,  9.5 , 37.95,
       51.65, 49.25, 23.8 , 33.05, 34.05, 43.85, 31.65, 41.8 , 49.85,
       44.75, 48.75, 47.4 , 39.35, 33.3 , 33.15, 45.7 , 53.2 , 48.7 ,
       32.75, 43.6 , 47.85, 50.05, 32.25, 43.1 , 50.7 , 51.85, 47.6 ,
       26.05, 45.15, 30.25, 34.8 , 29.6 , 27.9 , 32.9 , 33.3 , 33.5 ,
       36.9 , 35.9 , 40.15, 39.95, 38.9 , 32.4 , 40.5 , 28.75, 50.05,
       47.45, 45.15, 48.95, 31.65, 31.2 , 37.35, 47.  , 42.35, 43.3 ,
       38.8 ]), 'class_median_width': array([39.5, 54.5, 46. , 47. , 56. , 48.5, 25.5, 52. , 41. , 48. , 51. ,
       24.5, 46.5, 51. , 49. , 49. , 50. , 39. , 21. , 21.5, 42.5, 52. ,
       43. , 39. , 54.5, 48.5,  7. , 27.5, 23. , 41. , 38. , 43.5, 17.5,
       52. , 45. , 30. , 29. , 43.5, 47.5, 48.5, 32. , 43. , 48. ,  6.5,
       35. , 51. , 45.5, 22.5, 34.5, 33. , 48. , 29.5, 41.5, 48. , 44.5,
       48. , 48.5, 39. , 35. , 31.5, 44. , 52.5, 46. , 28.5, 42.5, 49. ,
       52. , 31.5, 41.5, 48. , 50. , 46. , 23.5, 44. , 30. , 32.5, 30.5,
       28. , 31.5, 34. , 32. , 36. , 35.5, 38. , 39.5, 37.5, 31.5, 44. ,
       28. , 49.5, 46.5, 44. , 50.5, 29.5, 25.5, 38. , 47.5, 39.5, 43. ,
       39. ]), 'class_mean_width_scaled': array([0.4435, 0.5295, 0.447 , 0.468 , 0.556 , 0.4845, 0.326 , 0.512 ,
       0.432 , 0.5025, 0.525 , 0.352 , 0.4145, 0.52  , 0.498 , 0.497 ,
       0.474 , 0.397 , 0.2285, 0.27  , 0.43  , 0.4995, 0.443 , 0.4145,
       0.546 , 0.45  , 0.079 , 0.34  , 0.308 , 0.376 , 0.3885, 0.394 ,
       0.2955, 0.531 , 0.447 , 0.3365, 0.31  , 0.401 , 0.4515, 0.4255,
       0.318 , 0.4415, 0.4825, 0.095 , 0.3795, 0.5165, 0.4925, 0.238 ,
       0.3305, 0.3405, 0.4385, 0.3165, 0.418 , 0.4985, 0.4475, 0.4875,
       0.474 , 0.3935, 0.333 , 0.3315, 0.457 , 0.532 , 0.487 , 0.3275,
       0.436 , 0.4785, 0.5005, 0.3225, 0.431 , 0.507 , 0.5185, 0.476 ,
       0.2605, 0.4515, 0.3025, 0.348 , 0.296 , 0.279 , 0.329 , 0.333 ,
       0.335 , 0.369 , 0.359 , 0.4015, 0.3995, 0.389 , 0.324 , 0.405 ,
       0.2875, 0.5005, 0.4745, 0.4515, 0.4895, 0.3165, 0.312 , 0.3735,
       0.47  , 0.4235, 0.433 , 0.388 ]), 'class_median_width_scaled': array([0.395, 0.545, 0.46 , 0.47 , 0.56 , 0.485, 0.255, 0.52 , 0.41 ,
       0.48 , 0.51 , 0.245, 0.465, 0.51 , 0.49 , 0.49 , 0.5  , 0.39 ,
       0.21 , 0.215, 0.425, 0.52 , 0.43 , 0.39 , 0.545, 0.485, 0.07 ,
       0.275, 0.23 , 0.41 , 0.38 , 0.435, 0.175, 0.52 , 0.45 , 0.3  ,
       0.29 , 0.435, 0.475, 0.485, 0.32 , 0.43 , 0.48 , 0.065, 0.35 ,
       0.51 , 0.455, 0.225, 0.345, 0.33 , 0.48 , 0.295, 0.415, 0.48 ,
       0.445, 0.48 , 0.485, 0.39 , 0.35 , 0.315, 0.44 , 0.525, 0.46 ,
       0.285, 0.425, 0.49 , 0.52 , 0.315, 0.415, 0.48 , 0.5  , 0.46 ,
       0.235, 0.44 , 0.3  , 0.325, 0.305, 0.28 , 0.315, 0.34 , 0.32 ,
       0.36 , 0.355, 0.38 , 0.395, 0.375, 0.315, 0.44 , 0.28 , 0.495,
       0.465, 0.44 , 0.505, 0.295, 0.255, 0.38 , 0.475, 0.395, 0.43 ,
       0.39 ])}

Job completed at Thu Mar 20 05:04:18 PM PDT 2025
