Starting job at Thu Mar 20 05:03:17 PM PDT 2025
Job parameters:
Dataset: data_isolet
UQ Method: split_conformal_aps
Estimator: ExtraTrees
Seed: 779
Train Size: 0.8
Running split_conformal_aps on data_isolet with seed 779 and train size 0.8

starting experiment

data created

Fitting split_conformal_aps_ExtraTrees on data_isolet with seed 779

split_conformal_aps_ExtraTrees metrics: {'coverage': np.float64(0.9884615384615385), 'mean_width': np.float64(4.073076923076923), 'median_width': np.float64(2.0), 'mean_width_scaled': np.float64(0.1566568047337278), 'median_width_scaled': np.float64(0.07692307692307693)}

split_conformal_aps_ExtraTrees full metrics: {'coverage': np.float64(0.9884615384615385), 'mean_width': np.float64(4.073076923076923), 'median_width': np.float64(2.0), 'mean_width_scaled': np.float64(0.1566568047337278), 'median_width_scaled': np.float64(0.07692307692307693)}

split_conformal_aps_ExtraTrees class metrics: {'class_coverage': array([1.        , 1.        , 1.        , 1.        , 1.        ,
       1.        , 1.        , 0.98333333, 1.        , 1.        ,
       1.        , 0.98333333, 0.91666667, 1.        , 0.95      ,
       0.96666667, 1.        , 1.        , 0.95      , 1.        ,
       1.        , 0.98333333, 1.        , 0.98333333, 1.        ,
       0.98333333]), 'class_mean_width': array([2.88333333, 2.2       , 1.91666667, 5.41666667, 1.95      ,
       2.65      , 4.7       , 2.7       , 3.91666667, 9.8       ,
       8.56666667, 2.11666667, 2.28333333, 3.7       , 2.48333333,
       2.7       , 7.91666667, 5.68333333, 2.68333333, 8.13333333,
       2.13333333, 2.45      , 2.48333333, 2.15      , 6.46666667,
       5.81666667]), 'class_median_width': array([2., 2., 2., 1., 2., 2., 1., 3., 1., 1., 1., 2., 2., 1., 2., 3., 1.,
       1., 1., 1., 2., 2., 1., 2., 1., 1.]), 'class_mean_width_scaled': array([0.11089744, 0.08461538, 0.07371795, 0.20833333, 0.075     ,
       0.10192308, 0.18076923, 0.10384615, 0.15064103, 0.37692308,
       0.32948718, 0.08141026, 0.08782051, 0.14230769, 0.09551282,
       0.10384615, 0.30448718, 0.21858974, 0.10320513, 0.31282051,
       0.08205128, 0.09423077, 0.09551282, 0.08269231, 0.24871795,
       0.22371795]), 'class_median_width_scaled': array([0.07692308, 0.07692308, 0.07692308, 0.03846154, 0.07692308,
       0.07692308, 0.03846154, 0.11538462, 0.03846154, 0.03846154,
       0.03846154, 0.07692308, 0.07692308, 0.03846154, 0.07692308,
       0.11538462, 0.03846154, 0.03846154, 0.03846154, 0.03846154,
       0.07692308, 0.07692308, 0.03846154, 0.07692308, 0.03846154,
       0.03846154])}

split_conformal_aps_ExtraTrees full class metrics: {'class_coverage': array([1.        , 1.        , 1.        , 1.        , 1.        ,
       1.        , 1.        , 0.98333333, 1.        , 1.        ,
       1.        , 0.98333333, 0.91666667, 1.        , 0.95      ,
       0.96666667, 1.        , 1.        , 0.95      , 1.        ,
       1.        , 0.98333333, 1.        , 0.98333333, 1.        ,
       0.98333333]), 'class_mean_width': array([2.88333333, 2.2       , 1.91666667, 5.41666667, 1.95      ,
       2.65      , 4.7       , 2.7       , 3.91666667, 9.8       ,
       8.56666667, 2.11666667, 2.28333333, 3.7       , 2.48333333,
       2.7       , 7.91666667, 5.68333333, 2.68333333, 8.13333333,
       2.13333333, 2.45      , 2.48333333, 2.15      , 6.46666667,
       5.81666667]), 'class_median_width': array([2., 2., 2., 1., 2., 2., 1., 3., 1., 1., 1., 2., 2., 1., 2., 3., 1.,
       1., 1., 1., 2., 2., 1., 2., 1., 1.]), 'class_mean_width_scaled': array([0.11089744, 0.08461538, 0.07371795, 0.20833333, 0.075     ,
       0.10192308, 0.18076923, 0.10384615, 0.15064103, 0.37692308,
       0.32948718, 0.08141026, 0.08782051, 0.14230769, 0.09551282,
       0.10384615, 0.30448718, 0.21858974, 0.10320513, 0.31282051,
       0.08205128, 0.09423077, 0.09551282, 0.08269231, 0.24871795,
       0.22371795]), 'class_median_width_scaled': array([0.07692308, 0.07692308, 0.07692308, 0.03846154, 0.07692308,
       0.07692308, 0.03846154, 0.11538462, 0.03846154, 0.03846154,
       0.03846154, 0.07692308, 0.07692308, 0.03846154, 0.07692308,
       0.11538462, 0.03846154, 0.03846154, 0.03846154, 0.03846154,
       0.07692308, 0.07692308, 0.03846154, 0.07692308, 0.03846154,
       0.03846154])}

Job completed at Thu Mar 20 05:03:21 PM PDT 2025
