Starting job at Thu Mar 20 05:03:25 PM PDT 2025
Job parameters:
Dataset: data_isolet
UQ Method: split_conformal_aps
Estimator: ExtraTrees
Seed: 786
Train Size: 0.8
Running split_conformal_aps on data_isolet with seed 786 and train size 0.8

starting experiment

data created

Fitting split_conformal_aps_ExtraTrees on data_isolet with seed 786

split_conformal_aps_ExtraTrees metrics: {'coverage': np.float64(0.9730769230769231), 'mean_width': np.float64(3.5224358974358974), 'median_width': np.float64(1.0), 'mean_width_scaled': np.float64(0.1354783037475345), 'median_width_scaled': np.float64(0.038461538461538464)}

split_conformal_aps_ExtraTrees full metrics: {'coverage': np.float64(0.9730769230769231), 'mean_width': np.float64(3.5224358974358974), 'median_width': np.float64(1.0), 'mean_width_scaled': np.float64(0.1354783037475345), 'median_width_scaled': np.float64(0.038461538461538464)}

split_conformal_aps_ExtraTrees class metrics: {'class_coverage': array([1.        , 1.        , 0.98333333, 1.        , 0.98333333,
       0.98333333, 0.98333333, 0.88333333, 1.        , 0.98333333,
       1.        , 0.93333333, 0.9       , 1.        , 0.95      ,
       0.98333333, 0.98333333, 0.96666667, 0.91666667, 1.        ,
       1.        , 0.91666667, 0.96666667, 0.98333333, 1.        ,
       1.        ]), 'class_mean_width': array([2.56666667, 2.43333333, 2.35      , 3.26666667, 1.75      ,
       2.46666667, 2.95      , 2.76666667, 4.45      , 5.2       ,
       4.88333333, 2.08333333, 3.2       , 4.8       , 3.43333333,
       2.53333333, 4.96666667, 4.91666667, 2.88333333, 4.06666667,
       2.78333333, 2.31666667, 5.6       , 1.83333333, 6.6       ,
       4.48333333]), 'class_median_width': array([2. , 1. , 2. , 1. , 1.5, 2. , 1. , 3. , 1. , 1. , 1. , 2. , 2. ,
       1. , 3. , 2. , 1. , 1. , 1. , 1. , 2. , 2. , 1. , 2. , 1. , 1. ]), 'class_mean_width_scaled': array([0.09871795, 0.09358974, 0.09038462, 0.12564103, 0.06730769,
       0.09487179, 0.11346154, 0.10641026, 0.17115385, 0.2       ,
       0.18782051, 0.08012821, 0.12307692, 0.18461538, 0.13205128,
       0.0974359 , 0.19102564, 0.18910256, 0.11089744, 0.15641026,
       0.10705128, 0.08910256, 0.21538462, 0.07051282, 0.25384615,
       0.1724359 ]), 'class_median_width_scaled': array([0.07692308, 0.03846154, 0.07692308, 0.03846154, 0.05769231,
       0.07692308, 0.03846154, 0.11538462, 0.03846154, 0.03846154,
       0.03846154, 0.07692308, 0.07692308, 0.03846154, 0.11538462,
       0.07692308, 0.03846154, 0.03846154, 0.03846154, 0.03846154,
       0.07692308, 0.07692308, 0.03846154, 0.07692308, 0.03846154,
       0.03846154])}

split_conformal_aps_ExtraTrees full class metrics: {'class_coverage': array([1.        , 1.        , 0.98333333, 1.        , 0.98333333,
       0.98333333, 0.98333333, 0.88333333, 1.        , 0.98333333,
       1.        , 0.93333333, 0.9       , 1.        , 0.95      ,
       0.98333333, 0.98333333, 0.96666667, 0.91666667, 1.        ,
       1.        , 0.91666667, 0.96666667, 0.98333333, 1.        ,
       1.        ]), 'class_mean_width': array([2.56666667, 2.43333333, 2.35      , 3.26666667, 1.75      ,
       2.46666667, 2.95      , 2.76666667, 4.45      , 5.2       ,
       4.88333333, 2.08333333, 3.2       , 4.8       , 3.43333333,
       2.53333333, 4.96666667, 4.91666667, 2.88333333, 4.06666667,
       2.78333333, 2.31666667, 5.6       , 1.83333333, 6.6       ,
       4.48333333]), 'class_median_width': array([2. , 1. , 2. , 1. , 1.5, 2. , 1. , 3. , 1. , 1. , 1. , 2. , 2. ,
       1. , 3. , 2. , 1. , 1. , 1. , 1. , 2. , 2. , 1. , 2. , 1. , 1. ]), 'class_mean_width_scaled': array([0.09871795, 0.09358974, 0.09038462, 0.12564103, 0.06730769,
       0.09487179, 0.11346154, 0.10641026, 0.17115385, 0.2       ,
       0.18782051, 0.08012821, 0.12307692, 0.18461538, 0.13205128,
       0.0974359 , 0.19102564, 0.18910256, 0.11089744, 0.15641026,
       0.10705128, 0.08910256, 0.21538462, 0.07051282, 0.25384615,
       0.1724359 ]), 'class_median_width_scaled': array([0.07692308, 0.03846154, 0.07692308, 0.03846154, 0.05769231,
       0.07692308, 0.03846154, 0.11538462, 0.03846154, 0.03846154,
       0.03846154, 0.07692308, 0.07692308, 0.03846154, 0.11538462,
       0.07692308, 0.03846154, 0.03846154, 0.03846154, 0.03846154,
       0.07692308, 0.07692308, 0.03846154, 0.07692308, 0.03846154,
       0.03846154])}

Job completed at Thu Mar 20 05:03:30 PM PDT 2025
