Starting job at Wed Mar 19 06:21:28 PM PDT 2025
Job parameters:
Dataset: data_isolet
UQ Method: split_conformal_aps
Estimator: ExtraTrees
Seed: 781
Train Size: 0.8
Running split_conformal_aps on data_isolet with seed 781 and train size 0.8

starting experiment

data created

Fitting split_conformal_aps_ExtraTrees on data_isolet with seed 781

split_conformal_aps_ExtraTrees metrics: {'coverage': np.float64(0.9814102564102564), 'mean_width': np.float64(3.5557692307692306), 'median_width': np.float64(1.0), 'mean_width_scaled': np.float64(0.13676035502958578), 'median_width_scaled': np.float64(0.038461538461538464)}

split_conformal_aps_ExtraTrees full metrics: {'coverage': np.float64(0.9814102564102564), 'mean_width': np.float64(3.5557692307692306), 'median_width': np.float64(1.0), 'mean_width_scaled': np.float64(0.13676035502958578), 'median_width_scaled': np.float64(0.038461538461538464)}

split_conformal_aps_ExtraTrees class metrics: {'class_coverage': array([1.        , 1.        , 1.        , 1.        , 1.        ,
       0.96666667, 1.        , 0.93333333, 1.        , 1.        ,
       0.98333333, 1.        , 0.95      , 0.98333333, 0.96666667,
       1.        , 0.95      , 1.        , 0.98333333, 1.        ,
       0.95      , 0.96666667, 0.98333333, 0.93333333, 0.96666667,
       1.        ]), 'class_mean_width': array([2.13333333, 2.5       , 2.1       , 3.75      , 2.13333333,
       2.4       , 4.21666667, 2.71666667, 3.41666667, 5.66666667,
       7.36666667, 2.06666667, 2.03333333, 4.31666667, 2.38333333,
       2.5       , 4.6       , 4.61666667, 4.3       , 5.38333333,
       2.05      , 2.35      , 3.38333333, 1.98333333, 7.83333333,
       4.25      ]), 'class_median_width': array([1., 2., 2., 1., 2., 2., 1., 2., 1., 1., 1., 2., 2., 1., 2., 2., 1.,
       1., 1., 1., 2., 2., 1., 2., 1., 1.]), 'class_mean_width_scaled': array([0.08205128, 0.09615385, 0.08076923, 0.14423077, 0.08205128,
       0.09230769, 0.16217949, 0.10448718, 0.13141026, 0.21794872,
       0.28333333, 0.07948718, 0.07820513, 0.16602564, 0.09166667,
       0.09615385, 0.17692308, 0.1775641 , 0.16538462, 0.20705128,
       0.07884615, 0.09038462, 0.13012821, 0.07628205, 0.30128205,
       0.16346154]), 'class_median_width_scaled': array([0.03846154, 0.07692308, 0.07692308, 0.03846154, 0.07692308,
       0.07692308, 0.03846154, 0.07692308, 0.03846154, 0.03846154,
       0.03846154, 0.07692308, 0.07692308, 0.03846154, 0.07692308,
       0.07692308, 0.03846154, 0.03846154, 0.03846154, 0.03846154,
       0.07692308, 0.07692308, 0.03846154, 0.07692308, 0.03846154,
       0.03846154])}

split_conformal_aps_ExtraTrees full class metrics: {'class_coverage': array([1.        , 1.        , 1.        , 1.        , 1.        ,
       0.96666667, 1.        , 0.93333333, 1.        , 1.        ,
       0.98333333, 1.        , 0.95      , 0.98333333, 0.96666667,
       1.        , 0.95      , 1.        , 0.98333333, 1.        ,
       0.95      , 0.96666667, 0.98333333, 0.93333333, 0.96666667,
       1.        ]), 'class_mean_width': array([2.13333333, 2.5       , 2.1       , 3.75      , 2.13333333,
       2.4       , 4.21666667, 2.71666667, 3.41666667, 5.66666667,
       7.36666667, 2.06666667, 2.03333333, 4.31666667, 2.38333333,
       2.5       , 4.6       , 4.61666667, 4.3       , 5.38333333,
       2.05      , 2.35      , 3.38333333, 1.98333333, 7.83333333,
       4.25      ]), 'class_median_width': array([1., 2., 2., 1., 2., 2., 1., 2., 1., 1., 1., 2., 2., 1., 2., 2., 1.,
       1., 1., 1., 2., 2., 1., 2., 1., 1.]), 'class_mean_width_scaled': array([0.08205128, 0.09615385, 0.08076923, 0.14423077, 0.08205128,
       0.09230769, 0.16217949, 0.10448718, 0.13141026, 0.21794872,
       0.28333333, 0.07948718, 0.07820513, 0.16602564, 0.09166667,
       0.09615385, 0.17692308, 0.1775641 , 0.16538462, 0.20705128,
       0.07884615, 0.09038462, 0.13012821, 0.07628205, 0.30128205,
       0.16346154]), 'class_median_width_scaled': array([0.03846154, 0.07692308, 0.07692308, 0.03846154, 0.07692308,
       0.07692308, 0.03846154, 0.07692308, 0.03846154, 0.03846154,
       0.03846154, 0.07692308, 0.07692308, 0.03846154, 0.07692308,
       0.07692308, 0.03846154, 0.03846154, 0.03846154, 0.03846154,
       0.07692308, 0.07692308, 0.03846154, 0.07692308, 0.03846154,
       0.03846154])}

Job completed at Wed Mar 19 06:21:32 PM PDT 2025
