Starting job at Wed Mar 19 08:22:28 PM PDT 2025
Job parameters:
Dataset: data_walking
UQ Method: split_conformal_topk
Estimator: MLP
Seed: 778
Train Size: 0.8
Running split_conformal_topk on data_walking with seed 778 and train size 0.8

starting experiment

data created

Fitting split_conformal_topk_MLP on data_walking with seed 778

split_conformal_topk_MLP metrics: {'coverage': np.float64(0.918), 'mean_width': np.float64(8.0405), 'median_width': np.float64(8.0), 'mean_width_scaled': np.float64(0.3654772727272727), 'median_width_scaled': np.float64(0.36363636363636365)}

split_conformal_topk_MLP full metrics: {'coverage': np.float64(0.918), 'mean_width': np.float64(8.0405), 'median_width': np.float64(8.0), 'mean_width_scaled': np.float64(0.3654772727272727), 'median_width_scaled': np.float64(0.36363636363636365)}

split_conformal_topk_MLP class metrics: {'class_coverage': array([0.86290323, 0.91111111, 0.92929293, 0.93362832, 0.86666667,
       0.8057554 , 0.95950156, 0.92746114, 0.92193309, 0.92753623,
       0.68707483, 0.94594595, 0.5942029 , 0.96153846, 0.96043165,
       0.79411765, 0.97650514, 0.84677419, 0.92564103, 0.83333333,
       0.84782609, 0.89285714]), 'class_mean_width': array([ 8.        , 10.48888889,  8.        ,  8.        ,  8.        ,
        8.        ,  8.        ,  8.        ,  8.        ,  8.        ,
        8.        ,  8.        ,  8.        ,  8.        ,  8.15707434,
        8.        ,  8.        ,  8.        ,  8.        ,  8.        ,
        8.        ,  8.        ]), 'class_median_width': array([8., 8., 8., 8., 8., 8., 8., 8., 8., 8., 8., 8., 8., 8., 8., 8., 8.,
       8., 8., 8., 8., 8.]), 'class_mean_width_scaled': array([0.36363636, 0.47676768, 0.36363636, 0.36363636, 0.36363636,
       0.36363636, 0.36363636, 0.36363636, 0.36363636, 0.36363636,
       0.36363636, 0.36363636, 0.36363636, 0.36363636, 0.37077611,
       0.36363636, 0.36363636, 0.36363636, 0.36363636, 0.36363636,
       0.36363636, 0.36363636]), 'class_median_width_scaled': array([0.36363636, 0.36363636, 0.36363636, 0.36363636, 0.36363636,
       0.36363636, 0.36363636, 0.36363636, 0.36363636, 0.36363636,
       0.36363636, 0.36363636, 0.36363636, 0.36363636, 0.36363636,
       0.36363636, 0.36363636, 0.36363636, 0.36363636, 0.36363636,
       0.36363636, 0.36363636])}

split_conformal_topk_MLP full class metrics: {'class_coverage': array([0.86290323, 0.91111111, 0.92929293, 0.93362832, 0.86666667,
       0.8057554 , 0.95950156, 0.92746114, 0.92193309, 0.92753623,
       0.68707483, 0.94594595, 0.5942029 , 0.96153846, 0.96043165,
       0.79411765, 0.97650514, 0.84677419, 0.92564103, 0.83333333,
       0.84782609, 0.89285714]), 'class_mean_width': array([ 8.        , 10.48888889,  8.        ,  8.        ,  8.        ,
        8.        ,  8.        ,  8.        ,  8.        ,  8.        ,
        8.        ,  8.        ,  8.        ,  8.        ,  8.15707434,
        8.        ,  8.        ,  8.        ,  8.        ,  8.        ,
        8.        ,  8.        ]), 'class_median_width': array([8., 8., 8., 8., 8., 8., 8., 8., 8., 8., 8., 8., 8., 8., 8., 8., 8.,
       8., 8., 8., 8., 8.]), 'class_mean_width_scaled': array([0.36363636, 0.47676768, 0.36363636, 0.36363636, 0.36363636,
       0.36363636, 0.36363636, 0.36363636, 0.36363636, 0.36363636,
       0.36363636, 0.36363636, 0.36363636, 0.36363636, 0.37077611,
       0.36363636, 0.36363636, 0.36363636, 0.36363636, 0.36363636,
       0.36363636, 0.36363636]), 'class_median_width_scaled': array([0.36363636, 0.36363636, 0.36363636, 0.36363636, 0.36363636,
       0.36363636, 0.36363636, 0.36363636, 0.36363636, 0.36363636,
       0.36363636, 0.36363636, 0.36363636, 0.36363636, 0.36363636,
       0.36363636, 0.36363636, 0.36363636, 0.36363636, 0.36363636,
       0.36363636, 0.36363636])}

Job completed at Wed Mar 19 08:22:32 PM PDT 2025
