Starting job at Wed Mar 19 06:23:44 PM PDT 2025
Job parameters:
Dataset: data_isolet
UQ Method: split_conformal_raps
Estimator: XGBoost
Seed: 778
Train Size: 0.8
Running split_conformal_raps on data_isolet with seed 778 and train size 0.8

starting experiment

data created

Fitting split_conformal_raps_XGBoost on data_isolet with seed 778

split_conformal_raps_XGBoost metrics: {'coverage': np.float64(0.9237179487179488), 'mean_width': np.float64(1.791025641025641), 'median_width': np.float64(1.0), 'mean_width_scaled': np.float64(0.06888560157790927), 'median_width_scaled': np.float64(0.038461538461538464)}

split_conformal_raps_XGBoost full metrics: {'coverage': np.float64(0.9237179487179488), 'mean_width': np.float64(1.791025641025641), 'median_width': np.float64(1.0), 'mean_width_scaled': np.float64(0.06888560157790927), 'median_width_scaled': np.float64(0.038461538461538464)}

split_conformal_raps_XGBoost class metrics: {'class_coverage': array([0.98333333, 0.93333333, 0.93333333, 0.96666667, 0.81666667,
       0.95      , 0.98333333, 0.88333333, 0.93333333, 0.98333333,
       0.98333333, 0.86666667, 0.86666667, 0.95      , 0.83333333,
       0.91666667, 0.98333333, 1.        , 0.95      , 0.96666667,
       0.83333333, 0.83333333, 0.91666667, 0.8       , 1.        ,
       0.95      ]), 'class_mean_width': array([1.86666667, 1.41666667, 1.86666667, 1.86666667, 1.83333333,
       1.01666667, 1.88333333, 1.48333333, 2.66666667, 1.83333333,
       2.25      , 1.05      , 1.01666667, 1.41666667, 1.03333333,
       2.25      , 1.83333333, 1.41666667, 3.08333333, 3.08333333,
       1.01666667, 1.93333333, 1.85      , 1.46666667, 1.45      ,
       2.68333333]), 'class_median_width': array([1., 1., 1., 1., 1., 1., 1., 1., 1., 1., 1., 1., 1., 1., 1., 1., 1.,
       1., 1., 1., 1., 1., 1., 1., 1., 1.]), 'class_mean_width_scaled': array([0.07179487, 0.05448718, 0.07179487, 0.07179487, 0.07051282,
       0.03910256, 0.0724359 , 0.05705128, 0.1025641 , 0.07051282,
       0.08653846, 0.04038462, 0.03910256, 0.05448718, 0.03974359,
       0.08653846, 0.07051282, 0.05448718, 0.11858974, 0.11858974,
       0.03910256, 0.07435897, 0.07115385, 0.05641026, 0.05576923,
       0.10320513]), 'class_median_width_scaled': array([0.03846154, 0.03846154, 0.03846154, 0.03846154, 0.03846154,
       0.03846154, 0.03846154, 0.03846154, 0.03846154, 0.03846154,
       0.03846154, 0.03846154, 0.03846154, 0.03846154, 0.03846154,
       0.03846154, 0.03846154, 0.03846154, 0.03846154, 0.03846154,
       0.03846154, 0.03846154, 0.03846154, 0.03846154, 0.03846154,
       0.03846154])}

split_conformal_raps_XGBoost full class metrics: {'class_coverage': array([0.98333333, 0.93333333, 0.93333333, 0.96666667, 0.81666667,
       0.95      , 0.98333333, 0.88333333, 0.93333333, 0.98333333,
       0.98333333, 0.86666667, 0.86666667, 0.95      , 0.83333333,
       0.91666667, 0.98333333, 1.        , 0.95      , 0.96666667,
       0.83333333, 0.83333333, 0.91666667, 0.8       , 1.        ,
       0.95      ]), 'class_mean_width': array([1.86666667, 1.41666667, 1.86666667, 1.86666667, 1.83333333,
       1.01666667, 1.88333333, 1.48333333, 2.66666667, 1.83333333,
       2.25      , 1.05      , 1.01666667, 1.41666667, 1.03333333,
       2.25      , 1.83333333, 1.41666667, 3.08333333, 3.08333333,
       1.01666667, 1.93333333, 1.85      , 1.46666667, 1.45      ,
       2.68333333]), 'class_median_width': array([1., 1., 1., 1., 1., 1., 1., 1., 1., 1., 1., 1., 1., 1., 1., 1., 1.,
       1., 1., 1., 1., 1., 1., 1., 1., 1.]), 'class_mean_width_scaled': array([0.07179487, 0.05448718, 0.07179487, 0.07179487, 0.07051282,
       0.03910256, 0.0724359 , 0.05705128, 0.1025641 , 0.07051282,
       0.08653846, 0.04038462, 0.03910256, 0.05448718, 0.03974359,
       0.08653846, 0.07051282, 0.05448718, 0.11858974, 0.11858974,
       0.03910256, 0.07435897, 0.07115385, 0.05641026, 0.05576923,
       0.10320513]), 'class_median_width_scaled': array([0.03846154, 0.03846154, 0.03846154, 0.03846154, 0.03846154,
       0.03846154, 0.03846154, 0.03846154, 0.03846154, 0.03846154,
       0.03846154, 0.03846154, 0.03846154, 0.03846154, 0.03846154,
       0.03846154, 0.03846154, 0.03846154, 0.03846154, 0.03846154,
       0.03846154, 0.03846154, 0.03846154, 0.03846154, 0.03846154,
       0.03846154])}

Job completed at Wed Mar 19 06:23:59 PM PDT 2025
