Starting job at Wed Mar 19 06:24:00 PM PDT 2025
Job parameters:
Dataset: data_isolet
UQ Method: split_conformal_raps
Estimator: XGBoost
Seed: 783
Train Size: 0.8
Running split_conformal_raps on data_isolet with seed 783 and train size 0.8

starting experiment

data created

Fitting split_conformal_raps_XGBoost on data_isolet with seed 783

split_conformal_raps_XGBoost metrics: {'coverage': np.float64(0.9237179487179488), 'mean_width': np.float64(1.4217948717948719), 'median_width': np.float64(1.0), 'mean_width_scaled': np.float64(0.054684418145956606), 'median_width_scaled': np.float64(0.038461538461538464)}

split_conformal_raps_XGBoost full metrics: {'coverage': np.float64(0.9237179487179488), 'mean_width': np.float64(1.4217948717948719), 'median_width': np.float64(1.0), 'mean_width_scaled': np.float64(0.054684418145956606), 'median_width_scaled': np.float64(0.038461538461538464)}

split_conformal_raps_XGBoost class metrics: {'class_coverage': array([0.98333333, 0.98333333, 0.86666667, 0.95      , 0.86666667,
       0.93333333, 1.        , 0.86666667, 0.96666667, 0.96666667,
       0.98333333, 0.91666667, 0.91666667, 0.91666667, 0.78333333,
       0.85      , 0.98333333, 0.98333333, 0.96666667, 1.        ,
       0.83333333, 0.83333333, 0.95      , 0.8       , 0.96666667,
       0.95      ]), 'class_mean_width': array([1.03333333, 1.01666667, 1.41666667, 1.48333333, 1.43333333,
       1.86666667, 1.45      , 1.45      , 1.86666667, 1.        ,
       1.41666667, 1.05      , 1.03333333, 1.03333333, 1.51666667,
       1.45      , 2.25      , 1.41666667, 1.41666667, 1.83333333,
       1.18333333, 1.51666667, 1.01666667, 1.08333333, 1.83333333,
       1.9       ]), 'class_median_width': array([1., 1., 1., 1., 1., 1., 1., 1., 1., 1., 1., 1., 1., 1., 1., 1., 1.,
       1., 1., 1., 1., 1., 1., 1., 1., 1.]), 'class_mean_width_scaled': array([0.03974359, 0.03910256, 0.05448718, 0.05705128, 0.05512821,
       0.07179487, 0.05576923, 0.05576923, 0.07179487, 0.03846154,
       0.05448718, 0.04038462, 0.03974359, 0.03974359, 0.05833333,
       0.05576923, 0.08653846, 0.05448718, 0.05448718, 0.07051282,
       0.04551282, 0.05833333, 0.03910256, 0.04166667, 0.07051282,
       0.07307692]), 'class_median_width_scaled': array([0.03846154, 0.03846154, 0.03846154, 0.03846154, 0.03846154,
       0.03846154, 0.03846154, 0.03846154, 0.03846154, 0.03846154,
       0.03846154, 0.03846154, 0.03846154, 0.03846154, 0.03846154,
       0.03846154, 0.03846154, 0.03846154, 0.03846154, 0.03846154,
       0.03846154, 0.03846154, 0.03846154, 0.03846154, 0.03846154,
       0.03846154])}

split_conformal_raps_XGBoost full class metrics: {'class_coverage': array([0.98333333, 0.98333333, 0.86666667, 0.95      , 0.86666667,
       0.93333333, 1.        , 0.86666667, 0.96666667, 0.96666667,
       0.98333333, 0.91666667, 0.91666667, 0.91666667, 0.78333333,
       0.85      , 0.98333333, 0.98333333, 0.96666667, 1.        ,
       0.83333333, 0.83333333, 0.95      , 0.8       , 0.96666667,
       0.95      ]), 'class_mean_width': array([1.03333333, 1.01666667, 1.41666667, 1.48333333, 1.43333333,
       1.86666667, 1.45      , 1.45      , 1.86666667, 1.        ,
       1.41666667, 1.05      , 1.03333333, 1.03333333, 1.51666667,
       1.45      , 2.25      , 1.41666667, 1.41666667, 1.83333333,
       1.18333333, 1.51666667, 1.01666667, 1.08333333, 1.83333333,
       1.9       ]), 'class_median_width': array([1., 1., 1., 1., 1., 1., 1., 1., 1., 1., 1., 1., 1., 1., 1., 1., 1.,
       1., 1., 1., 1., 1., 1., 1., 1., 1.]), 'class_mean_width_scaled': array([0.03974359, 0.03910256, 0.05448718, 0.05705128, 0.05512821,
       0.07179487, 0.05576923, 0.05576923, 0.07179487, 0.03846154,
       0.05448718, 0.04038462, 0.03974359, 0.03974359, 0.05833333,
       0.05576923, 0.08653846, 0.05448718, 0.05448718, 0.07051282,
       0.04551282, 0.05833333, 0.03910256, 0.04166667, 0.07051282,
       0.07307692]), 'class_median_width_scaled': array([0.03846154, 0.03846154, 0.03846154, 0.03846154, 0.03846154,
       0.03846154, 0.03846154, 0.03846154, 0.03846154, 0.03846154,
       0.03846154, 0.03846154, 0.03846154, 0.03846154, 0.03846154,
       0.03846154, 0.03846154, 0.03846154, 0.03846154, 0.03846154,
       0.03846154, 0.03846154, 0.03846154, 0.03846154, 0.03846154,
       0.03846154])}

Job completed at Wed Mar 19 06:24:19 PM PDT 2025
