Starting job at Wed Mar 19 06:23:47 PM PDT 2025
Job parameters:
Dataset: data_isolet
UQ Method: split_conformal_raps
Estimator: XGBoost
Seed: 779
Train Size: 0.8
Running split_conformal_raps on data_isolet with seed 779 and train size 0.8

starting experiment

data created

Fitting split_conformal_raps_XGBoost on data_isolet with seed 779

split_conformal_raps_XGBoost metrics: {'coverage': np.float64(0.9705128205128205), 'mean_width': np.float64(2.878205128205128), 'median_width': np.float64(1.0), 'mean_width_scaled': np.float64(0.11070019723865877), 'median_width_scaled': np.float64(0.038461538461538464)}

split_conformal_raps_XGBoost full metrics: {'coverage': np.float64(0.9705128205128205), 'mean_width': np.float64(2.878205128205128), 'median_width': np.float64(1.0), 'mean_width_scaled': np.float64(0.11070019723865877), 'median_width_scaled': np.float64(0.038461538461538464)}

split_conformal_raps_XGBoost class metrics: {'class_coverage': array([1.        , 0.98333333, 0.98333333, 1.        , 0.96666667,
       0.95      , 0.98333333, 0.98333333, 0.96666667, 1.        ,
       0.95      , 0.95      , 0.93333333, 0.98333333, 0.93333333,
       0.98333333, 1.        , 1.        , 0.95      , 1.        ,
       0.95      , 0.88333333, 0.98333333, 0.95      , 1.        ,
       0.96666667]), 'class_mean_width': array([3.45      , 1.61666667, 1.93333333, 3.66666667, 1.71666667,
       1.8       , 2.11666667, 2.53333333, 2.9       , 3.26666667,
       4.        , 2.6       , 3.3       , 2.55      , 1.78333333,
       2.05      , 5.35      , 3.61666667, 2.43333333, 3.11666667,
       2.11666667, 3.16666667, 2.36666667, 3.3       , 4.43333333,
       3.65      ]), 'class_median_width': array([1., 1., 1., 1., 1., 1., 1., 1., 1., 1., 1., 1., 1., 1., 1., 1., 1.,
       1., 1., 1., 1., 2., 1., 1., 1., 1.]), 'class_mean_width_scaled': array([0.13269231, 0.06217949, 0.07435897, 0.14102564, 0.06602564,
       0.06923077, 0.08141026, 0.0974359 , 0.11153846, 0.12564103,
       0.15384615, 0.1       , 0.12692308, 0.09807692, 0.06858974,
       0.07884615, 0.20576923, 0.13910256, 0.09358974, 0.11987179,
       0.08141026, 0.12179487, 0.09102564, 0.12692308, 0.17051282,
       0.14038462]), 'class_median_width_scaled': array([0.03846154, 0.03846154, 0.03846154, 0.03846154, 0.03846154,
       0.03846154, 0.03846154, 0.03846154, 0.03846154, 0.03846154,
       0.03846154, 0.03846154, 0.03846154, 0.03846154, 0.03846154,
       0.03846154, 0.03846154, 0.03846154, 0.03846154, 0.03846154,
       0.03846154, 0.07692308, 0.03846154, 0.03846154, 0.03846154,
       0.03846154])}

split_conformal_raps_XGBoost full class metrics: {'class_coverage': array([1.        , 0.98333333, 0.98333333, 1.        , 0.96666667,
       0.95      , 0.98333333, 0.98333333, 0.96666667, 1.        ,
       0.95      , 0.95      , 0.93333333, 0.98333333, 0.93333333,
       0.98333333, 1.        , 1.        , 0.95      , 1.        ,
       0.95      , 0.88333333, 0.98333333, 0.95      , 1.        ,
       0.96666667]), 'class_mean_width': array([3.45      , 1.61666667, 1.93333333, 3.66666667, 1.71666667,
       1.8       , 2.11666667, 2.53333333, 2.9       , 3.26666667,
       4.        , 2.6       , 3.3       , 2.55      , 1.78333333,
       2.05      , 5.35      , 3.61666667, 2.43333333, 3.11666667,
       2.11666667, 3.16666667, 2.36666667, 3.3       , 4.43333333,
       3.65      ]), 'class_median_width': array([1., 1., 1., 1., 1., 1., 1., 1., 1., 1., 1., 1., 1., 1., 1., 1., 1.,
       1., 1., 1., 1., 2., 1., 1., 1., 1.]), 'class_mean_width_scaled': array([0.13269231, 0.06217949, 0.07435897, 0.14102564, 0.06602564,
       0.06923077, 0.08141026, 0.0974359 , 0.11153846, 0.12564103,
       0.15384615, 0.1       , 0.12692308, 0.09807692, 0.06858974,
       0.07884615, 0.20576923, 0.13910256, 0.09358974, 0.11987179,
       0.08141026, 0.12179487, 0.09102564, 0.12692308, 0.17051282,
       0.14038462]), 'class_median_width_scaled': array([0.03846154, 0.03846154, 0.03846154, 0.03846154, 0.03846154,
       0.03846154, 0.03846154, 0.03846154, 0.03846154, 0.03846154,
       0.03846154, 0.03846154, 0.03846154, 0.03846154, 0.03846154,
       0.03846154, 0.03846154, 0.03846154, 0.03846154, 0.03846154,
       0.03846154, 0.07692308, 0.03846154, 0.03846154, 0.03846154,
       0.03846154])}

Job completed at Wed Mar 19 06:24:06 PM PDT 2025
