Starting job at Wed Mar 19 06:26:40 PM PDT 2025
Job parameters:
Dataset: data_isolet
UQ Method: split_conformal_naive
Estimator: XGBoost
Seed: 782
Train Size: 0.8
Running split_conformal_naive on data_isolet with seed 782 and train size 0.8

starting experiment

data created

Fitting split_conformal_naive_XGBoost on data_isolet with seed 782

split_conformal_naive_XGBoost metrics: {'coverage': np.float64(0.985897435897436), 'mean_width': np.float64(2.3371794871794873), 'median_width': np.float64(1.0), 'mean_width_scaled': np.float64(0.0898915187376726), 'median_width_scaled': np.float64(0.038461538461538464)}

split_conformal_naive_XGBoost full metrics: {'coverage': np.float64(0.985897435897436), 'mean_width': np.float64(2.3371794871794873), 'median_width': np.float64(1.0), 'mean_width_scaled': np.float64(0.0898915187376726), 'median_width_scaled': np.float64(0.038461538461538464)}

split_conformal_naive_XGBoost class metrics: {'class_coverage': array([1.        , 0.98333333, 1.        , 1.        , 0.98333333,
       0.96666667, 1.        , 0.98333333, 1.        , 1.        ,
       0.98333333, 1.        , 0.93333333, 0.98333333, 0.96666667,
       1.        , 1.        , 1.        , 0.98333333, 1.        ,
       0.96666667, 0.91666667, 0.98333333, 1.        , 1.        ,
       1.        ]), 'class_mean_width': array([3.6       , 2.13333333, 1.98333333, 2.23333333, 2.11666667,
       3.06666667, 2.4       , 4.83333333, 1.91666667, 1.23333333,
       1.4       , 2.48333333, 2.31666667, 2.35      , 2.68333333,
       3.48333333, 1.86666667, 2.1       , 1.28333333, 1.41666667,
       2.8       , 3.8       , 1.15      , 3.43333333, 1.38333333,
       1.3       ]), 'class_median_width': array([1., 1., 1., 1., 1., 1., 1., 2., 1., 1., 1., 1., 1., 1., 1., 1., 1.,
       1., 1., 1., 1., 2., 1., 2., 1., 1.]), 'class_mean_width_scaled': array([0.13846154, 0.08205128, 0.07628205, 0.08589744, 0.08141026,
       0.11794872, 0.09230769, 0.18589744, 0.07371795, 0.0474359 ,
       0.05384615, 0.09551282, 0.08910256, 0.09038462, 0.10320513,
       0.13397436, 0.07179487, 0.08076923, 0.04935897, 0.05448718,
       0.10769231, 0.14615385, 0.04423077, 0.13205128, 0.05320513,
       0.05      ]), 'class_median_width_scaled': array([0.03846154, 0.03846154, 0.03846154, 0.03846154, 0.03846154,
       0.03846154, 0.03846154, 0.07692308, 0.03846154, 0.03846154,
       0.03846154, 0.03846154, 0.03846154, 0.03846154, 0.03846154,
       0.03846154, 0.03846154, 0.03846154, 0.03846154, 0.03846154,
       0.03846154, 0.07692308, 0.03846154, 0.07692308, 0.03846154,
       0.03846154])}

split_conformal_naive_XGBoost full class metrics: {'class_coverage': array([1.        , 0.98333333, 1.        , 1.        , 0.98333333,
       0.96666667, 1.        , 0.98333333, 1.        , 1.        ,
       0.98333333, 1.        , 0.93333333, 0.98333333, 0.96666667,
       1.        , 1.        , 1.        , 0.98333333, 1.        ,
       0.96666667, 0.91666667, 0.98333333, 1.        , 1.        ,
       1.        ]), 'class_mean_width': array([3.6       , 2.13333333, 1.98333333, 2.23333333, 2.11666667,
       3.06666667, 2.4       , 4.83333333, 1.91666667, 1.23333333,
       1.4       , 2.48333333, 2.31666667, 2.35      , 2.68333333,
       3.48333333, 1.86666667, 2.1       , 1.28333333, 1.41666667,
       2.8       , 3.8       , 1.15      , 3.43333333, 1.38333333,
       1.3       ]), 'class_median_width': array([1., 1., 1., 1., 1., 1., 1., 2., 1., 1., 1., 1., 1., 1., 1., 1., 1.,
       1., 1., 1., 1., 2., 1., 2., 1., 1.]), 'class_mean_width_scaled': array([0.13846154, 0.08205128, 0.07628205, 0.08589744, 0.08141026,
       0.11794872, 0.09230769, 0.18589744, 0.07371795, 0.0474359 ,
       0.05384615, 0.09551282, 0.08910256, 0.09038462, 0.10320513,
       0.13397436, 0.07179487, 0.08076923, 0.04935897, 0.05448718,
       0.10769231, 0.14615385, 0.04423077, 0.13205128, 0.05320513,
       0.05      ]), 'class_median_width_scaled': array([0.03846154, 0.03846154, 0.03846154, 0.03846154, 0.03846154,
       0.03846154, 0.03846154, 0.07692308, 0.03846154, 0.03846154,
       0.03846154, 0.03846154, 0.03846154, 0.03846154, 0.03846154,
       0.03846154, 0.03846154, 0.03846154, 0.03846154, 0.03846154,
       0.03846154, 0.07692308, 0.03846154, 0.07692308, 0.03846154,
       0.03846154])}

Job completed at Wed Mar 19 06:26:53 PM PDT 2025
