Starting job at Wed Mar 19 06:26:40 PM PDT 2025
Job parameters:
Dataset: data_isolet
UQ Method: split_conformal_naive
Estimator: XGBoost
Seed: 783
Train Size: 0.8
Running split_conformal_naive on data_isolet with seed 783 and train size 0.8

starting experiment

data created

Fitting split_conformal_naive_XGBoost on data_isolet with seed 783

split_conformal_naive_XGBoost metrics: {'coverage': np.float64(0.9852564102564103), 'mean_width': np.float64(2.5474358974358973), 'median_width': np.float64(1.0), 'mean_width_scaled': np.float64(0.09797830374753451), 'median_width_scaled': np.float64(0.038461538461538464)}

split_conformal_naive_XGBoost full metrics: {'coverage': np.float64(0.9852564102564103), 'mean_width': np.float64(2.5474358974358973), 'median_width': np.float64(1.0), 'mean_width_scaled': np.float64(0.09797830374753451), 'median_width_scaled': np.float64(0.038461538461538464)}

split_conformal_naive_XGBoost class metrics: {'class_coverage': array([1.        , 1.        , 0.98333333, 1.        , 0.96666667,
       0.98333333, 1.        , 0.96666667, 1.        , 0.98333333,
       1.        , 0.96666667, 1.        , 1.        , 0.95      ,
       0.96666667, 1.        , 1.        , 0.98333333, 1.        ,
       0.98333333, 0.96666667, 1.        , 0.93333333, 0.98333333,
       1.        ]), 'class_mean_width': array([3.68333333, 2.48333333, 2.55      , 2.75      , 2.63333333,
       3.26666667, 2.25      , 2.6       , 2.05      , 1.88333333,
       1.21666667, 3.71666667, 2.35      , 2.73333333, 4.16666667,
       2.65      , 1.45      , 1.63333333, 1.63333333, 1.36666667,
       4.86666667, 3.83333333, 1.96666667, 3.35      , 1.08333333,
       2.06666667]), 'class_median_width': array([1. , 1. , 1. , 1. , 1. , 1.5, 1. , 1. , 1. , 1. , 1. , 2. , 1. ,
       1. , 2. , 1. , 1. , 1. , 1. , 1. , 2. , 1. , 1. , 1. , 1. , 1. ]), 'class_mean_width_scaled': array([0.14166667, 0.09551282, 0.09807692, 0.10576923, 0.10128205,
       0.12564103, 0.08653846, 0.1       , 0.07884615, 0.0724359 ,
       0.04679487, 0.14294872, 0.09038462, 0.10512821, 0.16025641,
       0.10192308, 0.05576923, 0.06282051, 0.06282051, 0.0525641 ,
       0.18717949, 0.1474359 , 0.07564103, 0.12884615, 0.04166667,
       0.07948718]), 'class_median_width_scaled': array([0.03846154, 0.03846154, 0.03846154, 0.03846154, 0.03846154,
       0.05769231, 0.03846154, 0.03846154, 0.03846154, 0.03846154,
       0.03846154, 0.07692308, 0.03846154, 0.03846154, 0.07692308,
       0.03846154, 0.03846154, 0.03846154, 0.03846154, 0.03846154,
       0.07692308, 0.03846154, 0.03846154, 0.03846154, 0.03846154,
       0.03846154])}

split_conformal_naive_XGBoost full class metrics: {'class_coverage': array([1.        , 1.        , 0.98333333, 1.        , 0.96666667,
       0.98333333, 1.        , 0.96666667, 1.        , 0.98333333,
       1.        , 0.96666667, 1.        , 1.        , 0.95      ,
       0.96666667, 1.        , 1.        , 0.98333333, 1.        ,
       0.98333333, 0.96666667, 1.        , 0.93333333, 0.98333333,
       1.        ]), 'class_mean_width': array([3.68333333, 2.48333333, 2.55      , 2.75      , 2.63333333,
       3.26666667, 2.25      , 2.6       , 2.05      , 1.88333333,
       1.21666667, 3.71666667, 2.35      , 2.73333333, 4.16666667,
       2.65      , 1.45      , 1.63333333, 1.63333333, 1.36666667,
       4.86666667, 3.83333333, 1.96666667, 3.35      , 1.08333333,
       2.06666667]), 'class_median_width': array([1. , 1. , 1. , 1. , 1. , 1.5, 1. , 1. , 1. , 1. , 1. , 2. , 1. ,
       1. , 2. , 1. , 1. , 1. , 1. , 1. , 2. , 1. , 1. , 1. , 1. , 1. ]), 'class_mean_width_scaled': array([0.14166667, 0.09551282, 0.09807692, 0.10576923, 0.10128205,
       0.12564103, 0.08653846, 0.1       , 0.07884615, 0.0724359 ,
       0.04679487, 0.14294872, 0.09038462, 0.10512821, 0.16025641,
       0.10192308, 0.05576923, 0.06282051, 0.06282051, 0.0525641 ,
       0.18717949, 0.1474359 , 0.07564103, 0.12884615, 0.04166667,
       0.07948718]), 'class_median_width_scaled': array([0.03846154, 0.03846154, 0.03846154, 0.03846154, 0.03846154,
       0.05769231, 0.03846154, 0.03846154, 0.03846154, 0.03846154,
       0.03846154, 0.07692308, 0.03846154, 0.03846154, 0.07692308,
       0.03846154, 0.03846154, 0.03846154, 0.03846154, 0.03846154,
       0.07692308, 0.03846154, 0.03846154, 0.03846154, 0.03846154,
       0.03846154])}

Job completed at Wed Mar 19 06:26:55 PM PDT 2025
