Starting job at Wed Mar 19 06:26:18 PM PDT 2025
Job parameters:
Dataset: data_isolet
UQ Method: split_conformal_naive
Estimator: XGBoost
Seed: 777
Train Size: 0.8
Running split_conformal_naive on data_isolet with seed 777 and train size 0.8

starting experiment

data created

Fitting split_conformal_naive_XGBoost on data_isolet with seed 777

split_conformal_naive_XGBoost metrics: {'coverage': np.float64(0.9897435897435898), 'mean_width': np.float64(2.4128205128205127), 'median_width': np.float64(1.0), 'mean_width_scaled': np.float64(0.0928007889546351), 'median_width_scaled': np.float64(0.038461538461538464)}

split_conformal_naive_XGBoost full metrics: {'coverage': np.float64(0.9897435897435898), 'mean_width': np.float64(2.4128205128205127), 'median_width': np.float64(1.0), 'mean_width_scaled': np.float64(0.0928007889546351), 'median_width_scaled': np.float64(0.038461538461538464)}

split_conformal_naive_XGBoost class metrics: {'class_coverage': array([1.        , 1.        , 1.        , 1.        , 0.96666667,
       0.95      , 1.        , 0.98333333, 1.        , 1.        ,
       1.        , 1.        , 1.        , 0.98333333, 0.96666667,
       1.        , 1.        , 1.        , 1.        , 1.        ,
       0.98333333, 0.96666667, 0.98333333, 0.98333333, 1.        ,
       0.96666667]), 'class_mean_width': array([4.4       , 1.95      , 2.4       , 2.95      , 2.41666667,
       2.66666667, 1.83333333, 2.25      , 2.18333333, 2.18333333,
       1.43333333, 3.45      , 3.46666667, 2.48333333, 4.05      ,
       2.26666667, 2.15      , 2.58333333, 1.43333333, 1.73333333,
       2.38333333, 2.93333333, 2.15      , 2.03333333, 1.68333333,
       1.26666667]), 'class_median_width': array([1. , 1. , 1. , 1. , 1. , 1. , 1. , 1. , 1. , 1. , 1. , 1. , 1.5,
       1. , 2. , 1. , 1. , 1. , 1. , 1. , 1. , 1.5, 1. , 1. , 1. , 1. ]), 'class_mean_width_scaled': array([0.16923077, 0.075     , 0.09230769, 0.11346154, 0.09294872,
       0.1025641 , 0.07051282, 0.08653846, 0.08397436, 0.08397436,
       0.05512821, 0.13269231, 0.13333333, 0.09551282, 0.15576923,
       0.08717949, 0.08269231, 0.09935897, 0.05512821, 0.06666667,
       0.09166667, 0.11282051, 0.08269231, 0.07820513, 0.06474359,
       0.04871795]), 'class_median_width_scaled': array([0.03846154, 0.03846154, 0.03846154, 0.03846154, 0.03846154,
       0.03846154, 0.03846154, 0.03846154, 0.03846154, 0.03846154,
       0.03846154, 0.03846154, 0.05769231, 0.03846154, 0.07692308,
       0.03846154, 0.03846154, 0.03846154, 0.03846154, 0.03846154,
       0.03846154, 0.05769231, 0.03846154, 0.03846154, 0.03846154,
       0.03846154])}

split_conformal_naive_XGBoost full class metrics: {'class_coverage': array([1.        , 1.        , 1.        , 1.        , 0.96666667,
       0.95      , 1.        , 0.98333333, 1.        , 1.        ,
       1.        , 1.        , 1.        , 0.98333333, 0.96666667,
       1.        , 1.        , 1.        , 1.        , 1.        ,
       0.98333333, 0.96666667, 0.98333333, 0.98333333, 1.        ,
       0.96666667]), 'class_mean_width': array([4.4       , 1.95      , 2.4       , 2.95      , 2.41666667,
       2.66666667, 1.83333333, 2.25      , 2.18333333, 2.18333333,
       1.43333333, 3.45      , 3.46666667, 2.48333333, 4.05      ,
       2.26666667, 2.15      , 2.58333333, 1.43333333, 1.73333333,
       2.38333333, 2.93333333, 2.15      , 2.03333333, 1.68333333,
       1.26666667]), 'class_median_width': array([1. , 1. , 1. , 1. , 1. , 1. , 1. , 1. , 1. , 1. , 1. , 1. , 1.5,
       1. , 2. , 1. , 1. , 1. , 1. , 1. , 1. , 1.5, 1. , 1. , 1. , 1. ]), 'class_mean_width_scaled': array([0.16923077, 0.075     , 0.09230769, 0.11346154, 0.09294872,
       0.1025641 , 0.07051282, 0.08653846, 0.08397436, 0.08397436,
       0.05512821, 0.13269231, 0.13333333, 0.09551282, 0.15576923,
       0.08717949, 0.08269231, 0.09935897, 0.05512821, 0.06666667,
       0.09166667, 0.11282051, 0.08269231, 0.07820513, 0.06474359,
       0.04871795]), 'class_median_width_scaled': array([0.03846154, 0.03846154, 0.03846154, 0.03846154, 0.03846154,
       0.03846154, 0.03846154, 0.03846154, 0.03846154, 0.03846154,
       0.03846154, 0.03846154, 0.05769231, 0.03846154, 0.07692308,
       0.03846154, 0.03846154, 0.03846154, 0.03846154, 0.03846154,
       0.03846154, 0.05769231, 0.03846154, 0.03846154, 0.03846154,
       0.03846154])}

Job completed at Wed Mar 19 06:26:42 PM PDT 2025
