Starting job at Wed Mar 19 06:26:29 PM PDT 2025
Job parameters:
Dataset: data_isolet
UQ Method: split_conformal_naive
Estimator: XGBoost
Seed: 780
Train Size: 0.8
Running split_conformal_naive on data_isolet with seed 780 and train size 0.8

starting experiment

data created

Fitting split_conformal_naive_XGBoost on data_isolet with seed 780

split_conformal_naive_XGBoost metrics: {'coverage': np.float64(0.992948717948718), 'mean_width': np.float64(2.501923076923077), 'median_width': np.float64(1.0), 'mean_width_scaled': np.float64(0.09622781065088758), 'median_width_scaled': np.float64(0.038461538461538464)}

split_conformal_naive_XGBoost full metrics: {'coverage': np.float64(0.992948717948718), 'mean_width': np.float64(2.501923076923077), 'median_width': np.float64(1.0), 'mean_width_scaled': np.float64(0.09622781065088758), 'median_width_scaled': np.float64(0.038461538461538464)}

split_conformal_naive_XGBoost class metrics: {'class_coverage': array([1.        , 0.98333333, 1.        , 0.98333333, 0.96666667,
       0.98333333, 1.        , 1.        , 1.        , 1.        ,
       1.        , 0.98333333, 0.98333333, 1.        , 0.98333333,
       0.98333333, 1.        , 1.        , 1.        , 1.        ,
       0.98333333, 1.        , 0.98333333, 1.        , 1.        ,
       1.        ]), 'class_mean_width': array([3.53333333, 2.5       , 2.        , 2.06666667, 2.36666667,
       3.48333333, 2.2       , 3.36666667, 1.6       , 1.43333333,
       1.05      , 3.15      , 4.71666667, 2.55      , 3.2       ,
       2.78333333, 1.58333333, 2.05      , 1.31666667, 1.8       ,
       4.48333333, 3.71666667, 2.7       , 2.8       , 1.36666667,
       1.23333333]), 'class_median_width': array([1. , 1. , 1. , 1. , 1. , 1. , 1. , 1. , 1. , 1. , 1. , 1. , 1.5,
       1. , 1. , 1. , 1. , 1. , 1. , 1. , 1. , 2. , 1. , 1. , 1. , 1. ]), 'class_mean_width_scaled': array([0.13589744, 0.09615385, 0.07692308, 0.07948718, 0.09102564,
       0.13397436, 0.08461538, 0.12948718, 0.06153846, 0.05512821,
       0.04038462, 0.12115385, 0.18141026, 0.09807692, 0.12307692,
       0.10705128, 0.06089744, 0.07884615, 0.05064103, 0.06923077,
       0.1724359 , 0.14294872, 0.10384615, 0.10769231, 0.0525641 ,
       0.0474359 ]), 'class_median_width_scaled': array([0.03846154, 0.03846154, 0.03846154, 0.03846154, 0.03846154,
       0.03846154, 0.03846154, 0.03846154, 0.03846154, 0.03846154,
       0.03846154, 0.03846154, 0.05769231, 0.03846154, 0.03846154,
       0.03846154, 0.03846154, 0.03846154, 0.03846154, 0.03846154,
       0.03846154, 0.07692308, 0.03846154, 0.03846154, 0.03846154,
       0.03846154])}

split_conformal_naive_XGBoost full class metrics: {'class_coverage': array([1.        , 0.98333333, 1.        , 0.98333333, 0.96666667,
       0.98333333, 1.        , 1.        , 1.        , 1.        ,
       1.        , 0.98333333, 0.98333333, 1.        , 0.98333333,
       0.98333333, 1.        , 1.        , 1.        , 1.        ,
       0.98333333, 1.        , 0.98333333, 1.        , 1.        ,
       1.        ]), 'class_mean_width': array([3.53333333, 2.5       , 2.        , 2.06666667, 2.36666667,
       3.48333333, 2.2       , 3.36666667, 1.6       , 1.43333333,
       1.05      , 3.15      , 4.71666667, 2.55      , 3.2       ,
       2.78333333, 1.58333333, 2.05      , 1.31666667, 1.8       ,
       4.48333333, 3.71666667, 2.7       , 2.8       , 1.36666667,
       1.23333333]), 'class_median_width': array([1. , 1. , 1. , 1. , 1. , 1. , 1. , 1. , 1. , 1. , 1. , 1. , 1.5,
       1. , 1. , 1. , 1. , 1. , 1. , 1. , 1. , 2. , 1. , 1. , 1. , 1. ]), 'class_mean_width_scaled': array([0.13589744, 0.09615385, 0.07692308, 0.07948718, 0.09102564,
       0.13397436, 0.08461538, 0.12948718, 0.06153846, 0.05512821,
       0.04038462, 0.12115385, 0.18141026, 0.09807692, 0.12307692,
       0.10705128, 0.06089744, 0.07884615, 0.05064103, 0.06923077,
       0.1724359 , 0.14294872, 0.10384615, 0.10769231, 0.0525641 ,
       0.0474359 ]), 'class_median_width_scaled': array([0.03846154, 0.03846154, 0.03846154, 0.03846154, 0.03846154,
       0.03846154, 0.03846154, 0.03846154, 0.03846154, 0.03846154,
       0.03846154, 0.03846154, 0.05769231, 0.03846154, 0.03846154,
       0.03846154, 0.03846154, 0.03846154, 0.03846154, 0.03846154,
       0.03846154, 0.07692308, 0.03846154, 0.03846154, 0.03846154,
       0.03846154])}

Job completed at Wed Mar 19 06:26:50 PM PDT 2025
