Starting job at Thu Mar 20 05:03:34 PM PDT 2025
Job parameters:
Dataset: data_chess
UQ Method: split_conformal_raps
Estimator: AdaBoost
Seed: 785
Train Size: 0.8
Running split_conformal_raps on data_chess with seed 785 and train size 0.8

starting experiment

data created

Fitting split_conformal_raps_AdaBoost on data_chess with seed 785

split_conformal_raps_AdaBoost metrics: {'coverage': np.float64(0.8850677120456165), 'mean_width': np.float64(8.725944404846757), 'median_width': np.float64(9.0), 'mean_width_scaled': np.float64(0.4847746891581532), 'median_width_scaled': np.float64(0.5)}

split_conformal_raps_AdaBoost full metrics: {'coverage': np.float64(0.8850677120456165), 'mean_width': np.float64(8.725944404846757), 'median_width': np.float64(9.0), 'mean_width_scaled': np.float64(0.4847746891581532), 'median_width_scaled': np.float64(0.5)}

split_conformal_raps_AdaBoost class metrics: {'class_coverage': array([0.93738819, 0.94076655, 1.        , 1.        , 0.39361702,
       0.        , 0.99560922, 0.91520468, 0.1875    , 0.        ,
       0.30508475, 0.        , 0.92191436, 0.90822408, 0.3125    ,
       1.        , 0.40816327, 0.        ]), 'class_mean_width': array([8.71019678, 8.71080139, 8.61120841, 9.        , 8.90425532,
       9.        , 8.9780461 , 8.60818713, 8.125     , 8.66423358,
       8.95762712, 9.        , 8.46851385, 8.67580453, 8.375     ,
       8.64305556, 7.10204082, 9.        ]), 'class_median_width': array([9., 9., 9., 9., 9., 9., 9., 9., 9., 9., 9., 9., 9., 9., 9., 9., 9.,
       9.]), 'class_mean_width_scaled': array([0.48389982, 0.48393341, 0.47840047, 0.5       , 0.49468085,
       0.5       , 0.49878034, 0.47823262, 0.45138889, 0.48134631,
       0.49764595, 0.5       , 0.47047299, 0.48198914, 0.46527778,
       0.48016975, 0.39455782, 0.5       ]), 'class_median_width_scaled': array([0.5, 0.5, 0.5, 0.5, 0.5, 0.5, 0.5, 0.5, 0.5, 0.5, 0.5, 0.5, 0.5,
       0.5, 0.5, 0.5, 0.5, 0.5])}

split_conformal_raps_AdaBoost full class metrics: {'class_coverage': array([0.93738819, 0.94076655, 1.        , 1.        , 0.39361702,
       0.        , 0.99560922, 0.91520468, 0.1875    , 0.        ,
       0.30508475, 0.        , 0.92191436, 0.90822408, 0.3125    ,
       1.        , 0.40816327, 0.        ]), 'class_mean_width': array([8.71019678, 8.71080139, 8.61120841, 9.        , 8.90425532,
       9.        , 8.9780461 , 8.60818713, 8.125     , 8.66423358,
       8.95762712, 9.        , 8.46851385, 8.67580453, 8.375     ,
       8.64305556, 7.10204082, 9.        ]), 'class_median_width': array([9., 9., 9., 9., 9., 9., 9., 9., 9., 9., 9., 9., 9., 9., 9., 9., 9.,
       9.]), 'class_mean_width_scaled': array([0.48389982, 0.48393341, 0.47840047, 0.5       , 0.49468085,
       0.5       , 0.49878034, 0.47823262, 0.45138889, 0.48134631,
       0.49764595, 0.5       , 0.47047299, 0.48198914, 0.46527778,
       0.48016975, 0.39455782, 0.5       ]), 'class_median_width_scaled': array([0.5, 0.5, 0.5, 0.5, 0.5, 0.5, 0.5, 0.5, 0.5, 0.5, 0.5, 0.5, 0.5,
       0.5, 0.5, 0.5, 0.5, 0.5])}

Job completed at Thu Mar 20 05:03:37 PM PDT 2025
