Starting job at Wed Mar 19 08:20:43 PM PDT 2025
Job parameters:
Dataset: data_cover_type
UQ Method: split_conformal_raps
Estimator: LogisticRegression
Seed: 779
Train Size: 0.8
Running split_conformal_raps on data_cover_type with seed 779 and train size 0.8

starting experiment

data created

Fitting split_conformal_raps_LogisticRegression on data_cover_type with seed 779

split_conformal_raps_LogisticRegression metrics: {'coverage': np.float64(0.902), 'mean_width': np.float64(27.0645), 'median_width': np.float64(27.0), 'mean_width_scaled': np.float64(0.27064499999999997), 'median_width_scaled': np.float64(0.27)}

split_conformal_raps_LogisticRegression full metrics: {'coverage': np.float64(0.902), 'mean_width': np.float64(27.0645), 'median_width': np.float64(27.0), 'mean_width_scaled': np.float64(0.27064499999999997), 'median_width_scaled': np.float64(0.27)}

split_conformal_raps_LogisticRegression class metrics: {'class_coverage': array([0.9 , 0.75, 0.65, 0.9 , 0.9 , 0.9 , 1.  , 0.5 , 0.85, 0.9 , 0.8 ,
       0.85, 0.75, 0.9 , 1.  , 0.8 , 0.9 , 1.  , 0.95, 0.8 , 0.9 , 0.9 ,
       0.9 , 0.95, 1.  , 0.85, 1.  , 0.9 , 0.95, 1.  , 0.95, 0.9 , 0.85,
       1.  , 0.9 , 0.85, 0.9 , 0.9 , 0.85, 0.9 , 1.  , 0.8 , 0.65, 1.  ,
       1.  , 1.  , 0.85, 1.  , 0.9 , 0.65, 0.75, 0.7 , 1.  , 1.  , 1.  ,
       1.  , 0.9 , 0.8 , 0.65, 0.75, 0.9 , 0.6 , 0.85, 0.95, 0.85, 0.9 ,
       0.95, 0.95, 0.95, 0.8 , 0.95, 0.85, 1.  , 0.75, 0.95, 1.  , 0.9 ,
       1.  , 1.  , 1.  , 1.  , 1.  , 0.95, 0.95, 0.9 , 1.  , 0.95, 0.9 ,
       1.  , 0.95, 1.  , 0.95, 0.95, 0.95, 0.95, 1.  , 1.  , 1.  , 1.  ,
       0.95]), 'class_mean_width': array([27.2 , 27.25, 27.35, 27.  , 27.3 , 27.3 , 27.1 , 27.  , 27.  ,
       27.  , 27.  , 27.3 , 27.  , 27.05, 27.05, 27.  , 27.1 , 27.  ,
       27.  , 27.  , 27.1 , 27.1 , 27.  , 27.1 , 27.2 , 27.  , 27.  ,
       27.1 , 27.  , 27.  , 27.  , 27.  , 27.  , 27.25, 27.  , 27.  ,
       27.25, 27.2 , 27.  , 27.15, 27.  , 27.05, 27.1 , 27.  , 27.1 ,
       27.1 , 27.  , 27.  , 27.  , 27.1 , 27.25, 27.  , 27.35, 27.  ,
       27.  , 27.  , 27.05, 27.  , 27.  , 27.  , 27.1 , 27.3 , 27.3 ,
       27.  , 27.  , 27.1 , 27.1 , 27.  , 27.  , 27.05, 27.45, 27.  ,
       27.  , 27.  , 27.  , 27.  , 27.  , 27.  , 27.  , 27.  , 27.  ,
       27.  , 27.  , 27.  , 27.  , 27.  , 27.  , 27.  , 27.  , 27.  ,
       27.  , 27.  , 27.15, 27.  , 27.  , 27.05, 27.  , 27.  , 27.  ,
       27.3 ]), 'class_median_width': array([27., 27., 27., 27., 27., 27., 27., 27., 27., 27., 27., 27., 27.,
       27., 27., 27., 27., 27., 27., 27., 27., 27., 27., 27., 27., 27.,
       27., 27., 27., 27., 27., 27., 27., 27., 27., 27., 27., 27., 27.,
       27., 27., 27., 27., 27., 27., 27., 27., 27., 27., 27., 27., 27.,
       27., 27., 27., 27., 27., 27., 27., 27., 27., 27., 27., 27., 27.,
       27., 27., 27., 27., 27., 27., 27., 27., 27., 27., 27., 27., 27.,
       27., 27., 27., 27., 27., 27., 27., 27., 27., 27., 27., 27., 27.,
       27., 27., 27., 27., 27., 27., 27., 27., 27.]), 'class_mean_width_scaled': array([0.272 , 0.2725, 0.2735, 0.27  , 0.273 , 0.273 , 0.271 , 0.27  ,
       0.27  , 0.27  , 0.27  , 0.273 , 0.27  , 0.2705, 0.2705, 0.27  ,
       0.271 , 0.27  , 0.27  , 0.27  , 0.271 , 0.271 , 0.27  , 0.271 ,
       0.272 , 0.27  , 0.27  , 0.271 , 0.27  , 0.27  , 0.27  , 0.27  ,
       0.27  , 0.2725, 0.27  , 0.27  , 0.2725, 0.272 , 0.27  , 0.2715,
       0.27  , 0.2705, 0.271 , 0.27  , 0.271 , 0.271 , 0.27  , 0.27  ,
       0.27  , 0.271 , 0.2725, 0.27  , 0.2735, 0.27  , 0.27  , 0.27  ,
       0.2705, 0.27  , 0.27  , 0.27  , 0.271 , 0.273 , 0.273 , 0.27  ,
       0.27  , 0.271 , 0.271 , 0.27  , 0.27  , 0.2705, 0.2745, 0.27  ,
       0.27  , 0.27  , 0.27  , 0.27  , 0.27  , 0.27  , 0.27  , 0.27  ,
       0.27  , 0.27  , 0.27  , 0.27  , 0.27  , 0.27  , 0.27  , 0.27  ,
       0.27  , 0.27  , 0.27  , 0.27  , 0.2715, 0.27  , 0.27  , 0.2705,
       0.27  , 0.27  , 0.27  , 0.273 ]), 'class_median_width_scaled': array([0.27, 0.27, 0.27, 0.27, 0.27, 0.27, 0.27, 0.27, 0.27, 0.27, 0.27,
       0.27, 0.27, 0.27, 0.27, 0.27, 0.27, 0.27, 0.27, 0.27, 0.27, 0.27,
       0.27, 0.27, 0.27, 0.27, 0.27, 0.27, 0.27, 0.27, 0.27, 0.27, 0.27,
       0.27, 0.27, 0.27, 0.27, 0.27, 0.27, 0.27, 0.27, 0.27, 0.27, 0.27,
       0.27, 0.27, 0.27, 0.27, 0.27, 0.27, 0.27, 0.27, 0.27, 0.27, 0.27,
       0.27, 0.27, 0.27, 0.27, 0.27, 0.27, 0.27, 0.27, 0.27, 0.27, 0.27,
       0.27, 0.27, 0.27, 0.27, 0.27, 0.27, 0.27, 0.27, 0.27, 0.27, 0.27,
       0.27, 0.27, 0.27, 0.27, 0.27, 0.27, 0.27, 0.27, 0.27, 0.27, 0.27,
       0.27, 0.27, 0.27, 0.27, 0.27, 0.27, 0.27, 0.27, 0.27, 0.27, 0.27,
       0.27])}

split_conformal_raps_LogisticRegression full class metrics: {'class_coverage': array([0.9 , 0.75, 0.65, 0.9 , 0.9 , 0.9 , 1.  , 0.5 , 0.85, 0.9 , 0.8 ,
       0.85, 0.75, 0.9 , 1.  , 0.8 , 0.9 , 1.  , 0.95, 0.8 , 0.9 , 0.9 ,
       0.9 , 0.95, 1.  , 0.85, 1.  , 0.9 , 0.95, 1.  , 0.95, 0.9 , 0.85,
       1.  , 0.9 , 0.85, 0.9 , 0.9 , 0.85, 0.9 , 1.  , 0.8 , 0.65, 1.  ,
       1.  , 1.  , 0.85, 1.  , 0.9 , 0.65, 0.75, 0.7 , 1.  , 1.  , 1.  ,
       1.  , 0.9 , 0.8 , 0.65, 0.75, 0.9 , 0.6 , 0.85, 0.95, 0.85, 0.9 ,
       0.95, 0.95, 0.95, 0.8 , 0.95, 0.85, 1.  , 0.75, 0.95, 1.  , 0.9 ,
       1.  , 1.  , 1.  , 1.  , 1.  , 0.95, 0.95, 0.9 , 1.  , 0.95, 0.9 ,
       1.  , 0.95, 1.  , 0.95, 0.95, 0.95, 0.95, 1.  , 1.  , 1.  , 1.  ,
       0.95]), 'class_mean_width': array([27.2 , 27.25, 27.35, 27.  , 27.3 , 27.3 , 27.1 , 27.  , 27.  ,
       27.  , 27.  , 27.3 , 27.  , 27.05, 27.05, 27.  , 27.1 , 27.  ,
       27.  , 27.  , 27.1 , 27.1 , 27.  , 27.1 , 27.2 , 27.  , 27.  ,
       27.1 , 27.  , 27.  , 27.  , 27.  , 27.  , 27.25, 27.  , 27.  ,
       27.25, 27.2 , 27.  , 27.15, 27.  , 27.05, 27.1 , 27.  , 27.1 ,
       27.1 , 27.  , 27.  , 27.  , 27.1 , 27.25, 27.  , 27.35, 27.  ,
       27.  , 27.  , 27.05, 27.  , 27.  , 27.  , 27.1 , 27.3 , 27.3 ,
       27.  , 27.  , 27.1 , 27.1 , 27.  , 27.  , 27.05, 27.45, 27.  ,
       27.  , 27.  , 27.  , 27.  , 27.  , 27.  , 27.  , 27.  , 27.  ,
       27.  , 27.  , 27.  , 27.  , 27.  , 27.  , 27.  , 27.  , 27.  ,
       27.  , 27.  , 27.15, 27.  , 27.  , 27.05, 27.  , 27.  , 27.  ,
       27.3 ]), 'class_median_width': array([27., 27., 27., 27., 27., 27., 27., 27., 27., 27., 27., 27., 27.,
       27., 27., 27., 27., 27., 27., 27., 27., 27., 27., 27., 27., 27.,
       27., 27., 27., 27., 27., 27., 27., 27., 27., 27., 27., 27., 27.,
       27., 27., 27., 27., 27., 27., 27., 27., 27., 27., 27., 27., 27.,
       27., 27., 27., 27., 27., 27., 27., 27., 27., 27., 27., 27., 27.,
       27., 27., 27., 27., 27., 27., 27., 27., 27., 27., 27., 27., 27.,
       27., 27., 27., 27., 27., 27., 27., 27., 27., 27., 27., 27., 27.,
       27., 27., 27., 27., 27., 27., 27., 27., 27.]), 'class_mean_width_scaled': array([0.272 , 0.2725, 0.2735, 0.27  , 0.273 , 0.273 , 0.271 , 0.27  ,
       0.27  , 0.27  , 0.27  , 0.273 , 0.27  , 0.2705, 0.2705, 0.27  ,
       0.271 , 0.27  , 0.27  , 0.27  , 0.271 , 0.271 , 0.27  , 0.271 ,
       0.272 , 0.27  , 0.27  , 0.271 , 0.27  , 0.27  , 0.27  , 0.27  ,
       0.27  , 0.2725, 0.27  , 0.27  , 0.2725, 0.272 , 0.27  , 0.2715,
       0.27  , 0.2705, 0.271 , 0.27  , 0.271 , 0.271 , 0.27  , 0.27  ,
       0.27  , 0.271 , 0.2725, 0.27  , 0.2735, 0.27  , 0.27  , 0.27  ,
       0.2705, 0.27  , 0.27  , 0.27  , 0.271 , 0.273 , 0.273 , 0.27  ,
       0.27  , 0.271 , 0.271 , 0.27  , 0.27  , 0.2705, 0.2745, 0.27  ,
       0.27  , 0.27  , 0.27  , 0.27  , 0.27  , 0.27  , 0.27  , 0.27  ,
       0.27  , 0.27  , 0.27  , 0.27  , 0.27  , 0.27  , 0.27  , 0.27  ,
       0.27  , 0.27  , 0.27  , 0.27  , 0.2715, 0.27  , 0.27  , 0.2705,
       0.27  , 0.27  , 0.27  , 0.273 ]), 'class_median_width_scaled': array([0.27, 0.27, 0.27, 0.27, 0.27, 0.27, 0.27, 0.27, 0.27, 0.27, 0.27,
       0.27, 0.27, 0.27, 0.27, 0.27, 0.27, 0.27, 0.27, 0.27, 0.27, 0.27,
       0.27, 0.27, 0.27, 0.27, 0.27, 0.27, 0.27, 0.27, 0.27, 0.27, 0.27,
       0.27, 0.27, 0.27, 0.27, 0.27, 0.27, 0.27, 0.27, 0.27, 0.27, 0.27,
       0.27, 0.27, 0.27, 0.27, 0.27, 0.27, 0.27, 0.27, 0.27, 0.27, 0.27,
       0.27, 0.27, 0.27, 0.27, 0.27, 0.27, 0.27, 0.27, 0.27, 0.27, 0.27,
       0.27, 0.27, 0.27, 0.27, 0.27, 0.27, 0.27, 0.27, 0.27, 0.27, 0.27,
       0.27, 0.27, 0.27, 0.27, 0.27, 0.27, 0.27, 0.27, 0.27, 0.27, 0.27,
       0.27, 0.27, 0.27, 0.27, 0.27, 0.27, 0.27, 0.27, 0.27, 0.27, 0.27,
       0.27])}

Job completed at Wed Mar 19 08:21:07 PM PDT 2025
