Starting job at Thu Mar 20 05:03:36 PM PDT 2025
Job parameters:
Dataset: data_cover_type
UQ Method: split_conformal_raps
Estimator: LogisticRegression
Seed: 782
Train Size: 0.8
Running split_conformal_raps on data_cover_type with seed 782 and train size 0.8

starting experiment

data created

Fitting split_conformal_raps_LogisticRegression on data_cover_type with seed 782

split_conformal_raps_LogisticRegression metrics: {'coverage': np.float64(0.8925), 'mean_width': np.float64(46.8175), 'median_width': np.float64(47.0), 'mean_width_scaled': np.float64(0.468175), 'median_width_scaled': np.float64(0.47)}

split_conformal_raps_LogisticRegression full metrics: {'coverage': np.float64(0.8925), 'mean_width': np.float64(46.8175), 'median_width': np.float64(47.0), 'mean_width_scaled': np.float64(0.468175), 'median_width_scaled': np.float64(0.47)}

split_conformal_raps_LogisticRegression class metrics: {'class_coverage': array([0.9 , 0.75, 0.7 , 0.75, 0.75, 0.75, 0.9 , 0.55, 0.75, 0.7 , 0.85,
       0.8 , 0.85, 0.9 , 0.9 , 0.9 , 0.9 , 0.9 , 1.  , 0.8 , 1.  , 0.8 ,
       1.  , 1.  , 0.9 , 0.9 , 1.  , 0.85, 0.75, 1.  , 0.9 , 0.95, 0.55,
       1.  , 1.  , 0.6 , 0.95, 0.8 , 0.85, 0.9 , 0.85, 1.  , 0.95, 1.  ,
       1.  , 1.  , 1.  , 0.95, 0.8 , 0.85, 0.75, 0.75, 0.9 , 0.9 , 0.95,
       0.75, 0.9 , 0.85, 0.95, 0.8 , 0.9 , 0.95, 0.85, 0.95, 1.  , 1.  ,
       1.  , 1.  , 0.9 , 1.  , 1.  , 0.85, 1.  , 1.  , 0.9 , 1.  , 0.95,
       0.95, 0.9 , 1.  , 1.  , 0.75, 0.9 , 0.9 , 1.  , 1.  , 0.8 , 0.95,
       0.95, 1.  , 1.  , 0.8 , 0.9 , 0.85, 0.75, 1.  , 1.  , 0.75, 1.  ,
       0.95]), 'class_mean_width': array([47.  , 47.  , 46.8 , 47.  , 47.  , 47.  , 47.  , 47.  , 47.  ,
       47.  , 47.  , 46.2 , 46.2 , 47.  , 47.  , 47.  , 47.  , 47.  ,
       45.1 , 46.2 , 47.  , 47.  , 47.  , 47.  , 47.  , 47.  , 46.4 ,
       46.7 , 46.6 , 47.  , 46.95, 46.2 , 46.3 , 47.  , 47.  , 46.5 ,
       46.35, 46.85, 47.  , 47.  , 46.3 , 46.7 , 46.7 , 46.3 , 47.  ,
       47.  , 47.  , 46.55, 46.2 , 46.  , 46.4 , 46.6 , 47.  , 47.  ,
       47.  , 47.  , 47.  , 46.8 , 46.4 , 46.8 , 47.  , 47.  , 47.  ,
       47.  , 47.  , 47.  , 47.  , 46.9 , 46.8 , 46.8 , 47.  , 47.  ,
       45.9 , 47.  , 47.  , 47.  , 47.  , 46.8 , 47.  , 46.6 , 47.  ,
       47.  , 46.75, 47.  , 47.  , 47.  , 46.8 , 47.  , 46.6 , 47.  ,
       47.  , 47.  , 47.  , 46.8 , 46.9 , 47.  , 47.  , 47.  , 47.  ,
       47.  ]), 'class_median_width': array([47. , 47. , 47. , 47. , 47. , 47. , 47. , 47. , 47. , 47. , 47. ,
       47. , 47. , 47. , 47. , 47. , 47. , 47. , 45. , 47. , 47. , 47. ,
       47. , 47. , 47. , 47. , 47. , 47. , 47. , 47. , 47. , 47. , 47. ,
       47. , 47. , 47. , 47. , 47. , 47. , 47. , 47. , 47. , 47. , 47. ,
       47. , 47. , 47. , 47. , 47. , 46. , 47. , 47. , 47. , 47. , 47. ,
       47. , 47. , 47. , 47. , 47. , 47. , 47. , 47. , 47. , 47. , 47. ,
       47. , 47. , 47. , 47. , 47. , 47. , 45.5, 47. , 47. , 47. , 47. ,
       47. , 47. , 47. , 47. , 47. , 47. , 47. , 47. , 47. , 47. , 47. ,
       47. , 47. , 47. , 47. , 47. , 47. , 47. , 47. , 47. , 47. , 47. ,
       47. ]), 'class_mean_width_scaled': array([0.47  , 0.47  , 0.468 , 0.47  , 0.47  , 0.47  , 0.47  , 0.47  ,
       0.47  , 0.47  , 0.47  , 0.462 , 0.462 , 0.47  , 0.47  , 0.47  ,
       0.47  , 0.47  , 0.451 , 0.462 , 0.47  , 0.47  , 0.47  , 0.47  ,
       0.47  , 0.47  , 0.464 , 0.467 , 0.466 , 0.47  , 0.4695, 0.462 ,
       0.463 , 0.47  , 0.47  , 0.465 , 0.4635, 0.4685, 0.47  , 0.47  ,
       0.463 , 0.467 , 0.467 , 0.463 , 0.47  , 0.47  , 0.47  , 0.4655,
       0.462 , 0.46  , 0.464 , 0.466 , 0.47  , 0.47  , 0.47  , 0.47  ,
       0.47  , 0.468 , 0.464 , 0.468 , 0.47  , 0.47  , 0.47  , 0.47  ,
       0.47  , 0.47  , 0.47  , 0.469 , 0.468 , 0.468 , 0.47  , 0.47  ,
       0.459 , 0.47  , 0.47  , 0.47  , 0.47  , 0.468 , 0.47  , 0.466 ,
       0.47  , 0.47  , 0.4675, 0.47  , 0.47  , 0.47  , 0.468 , 0.47  ,
       0.466 , 0.47  , 0.47  , 0.47  , 0.47  , 0.468 , 0.469 , 0.47  ,
       0.47  , 0.47  , 0.47  , 0.47  ]), 'class_median_width_scaled': array([0.47 , 0.47 , 0.47 , 0.47 , 0.47 , 0.47 , 0.47 , 0.47 , 0.47 ,
       0.47 , 0.47 , 0.47 , 0.47 , 0.47 , 0.47 , 0.47 , 0.47 , 0.47 ,
       0.45 , 0.47 , 0.47 , 0.47 , 0.47 , 0.47 , 0.47 , 0.47 , 0.47 ,
       0.47 , 0.47 , 0.47 , 0.47 , 0.47 , 0.47 , 0.47 , 0.47 , 0.47 ,
       0.47 , 0.47 , 0.47 , 0.47 , 0.47 , 0.47 , 0.47 , 0.47 , 0.47 ,
       0.47 , 0.47 , 0.47 , 0.47 , 0.46 , 0.47 , 0.47 , 0.47 , 0.47 ,
       0.47 , 0.47 , 0.47 , 0.47 , 0.47 , 0.47 , 0.47 , 0.47 , 0.47 ,
       0.47 , 0.47 , 0.47 , 0.47 , 0.47 , 0.47 , 0.47 , 0.47 , 0.47 ,
       0.455, 0.47 , 0.47 , 0.47 , 0.47 , 0.47 , 0.47 , 0.47 , 0.47 ,
       0.47 , 0.47 , 0.47 , 0.47 , 0.47 , 0.47 , 0.47 , 0.47 , 0.47 ,
       0.47 , 0.47 , 0.47 , 0.47 , 0.47 , 0.47 , 0.47 , 0.47 , 0.47 ,
       0.47 ])}

split_conformal_raps_LogisticRegression full class metrics: {'class_coverage': array([0.9 , 0.75, 0.7 , 0.75, 0.75, 0.75, 0.9 , 0.55, 0.75, 0.7 , 0.85,
       0.8 , 0.85, 0.9 , 0.9 , 0.9 , 0.9 , 0.9 , 1.  , 0.8 , 1.  , 0.8 ,
       1.  , 1.  , 0.9 , 0.9 , 1.  , 0.85, 0.75, 1.  , 0.9 , 0.95, 0.55,
       1.  , 1.  , 0.6 , 0.95, 0.8 , 0.85, 0.9 , 0.85, 1.  , 0.95, 1.  ,
       1.  , 1.  , 1.  , 0.95, 0.8 , 0.85, 0.75, 0.75, 0.9 , 0.9 , 0.95,
       0.75, 0.9 , 0.85, 0.95, 0.8 , 0.9 , 0.95, 0.85, 0.95, 1.  , 1.  ,
       1.  , 1.  , 0.9 , 1.  , 1.  , 0.85, 1.  , 1.  , 0.9 , 1.  , 0.95,
       0.95, 0.9 , 1.  , 1.  , 0.75, 0.9 , 0.9 , 1.  , 1.  , 0.8 , 0.95,
       0.95, 1.  , 1.  , 0.8 , 0.9 , 0.85, 0.75, 1.  , 1.  , 0.75, 1.  ,
       0.95]), 'class_mean_width': array([47.  , 47.  , 46.8 , 47.  , 47.  , 47.  , 47.  , 47.  , 47.  ,
       47.  , 47.  , 46.2 , 46.2 , 47.  , 47.  , 47.  , 47.  , 47.  ,
       45.1 , 46.2 , 47.  , 47.  , 47.  , 47.  , 47.  , 47.  , 46.4 ,
       46.7 , 46.6 , 47.  , 46.95, 46.2 , 46.3 , 47.  , 47.  , 46.5 ,
       46.35, 46.85, 47.  , 47.  , 46.3 , 46.7 , 46.7 , 46.3 , 47.  ,
       47.  , 47.  , 46.55, 46.2 , 46.  , 46.4 , 46.6 , 47.  , 47.  ,
       47.  , 47.  , 47.  , 46.8 , 46.4 , 46.8 , 47.  , 47.  , 47.  ,
       47.  , 47.  , 47.  , 47.  , 46.9 , 46.8 , 46.8 , 47.  , 47.  ,
       45.9 , 47.  , 47.  , 47.  , 47.  , 46.8 , 47.  , 46.6 , 47.  ,
       47.  , 46.75, 47.  , 47.  , 47.  , 46.8 , 47.  , 46.6 , 47.  ,
       47.  , 47.  , 47.  , 46.8 , 46.9 , 47.  , 47.  , 47.  , 47.  ,
       47.  ]), 'class_median_width': array([47. , 47. , 47. , 47. , 47. , 47. , 47. , 47. , 47. , 47. , 47. ,
       47. , 47. , 47. , 47. , 47. , 47. , 47. , 45. , 47. , 47. , 47. ,
       47. , 47. , 47. , 47. , 47. , 47. , 47. , 47. , 47. , 47. , 47. ,
       47. , 47. , 47. , 47. , 47. , 47. , 47. , 47. , 47. , 47. , 47. ,
       47. , 47. , 47. , 47. , 47. , 46. , 47. , 47. , 47. , 47. , 47. ,
       47. , 47. , 47. , 47. , 47. , 47. , 47. , 47. , 47. , 47. , 47. ,
       47. , 47. , 47. , 47. , 47. , 47. , 45.5, 47. , 47. , 47. , 47. ,
       47. , 47. , 47. , 47. , 47. , 47. , 47. , 47. , 47. , 47. , 47. ,
       47. , 47. , 47. , 47. , 47. , 47. , 47. , 47. , 47. , 47. , 47. ,
       47. ]), 'class_mean_width_scaled': array([0.47  , 0.47  , 0.468 , 0.47  , 0.47  , 0.47  , 0.47  , 0.47  ,
       0.47  , 0.47  , 0.47  , 0.462 , 0.462 , 0.47  , 0.47  , 0.47  ,
       0.47  , 0.47  , 0.451 , 0.462 , 0.47  , 0.47  , 0.47  , 0.47  ,
       0.47  , 0.47  , 0.464 , 0.467 , 0.466 , 0.47  , 0.4695, 0.462 ,
       0.463 , 0.47  , 0.47  , 0.465 , 0.4635, 0.4685, 0.47  , 0.47  ,
       0.463 , 0.467 , 0.467 , 0.463 , 0.47  , 0.47  , 0.47  , 0.4655,
       0.462 , 0.46  , 0.464 , 0.466 , 0.47  , 0.47  , 0.47  , 0.47  ,
       0.47  , 0.468 , 0.464 , 0.468 , 0.47  , 0.47  , 0.47  , 0.47  ,
       0.47  , 0.47  , 0.47  , 0.469 , 0.468 , 0.468 , 0.47  , 0.47  ,
       0.459 , 0.47  , 0.47  , 0.47  , 0.47  , 0.468 , 0.47  , 0.466 ,
       0.47  , 0.47  , 0.4675, 0.47  , 0.47  , 0.47  , 0.468 , 0.47  ,
       0.466 , 0.47  , 0.47  , 0.47  , 0.47  , 0.468 , 0.469 , 0.47  ,
       0.47  , 0.47  , 0.47  , 0.47  ]), 'class_median_width_scaled': array([0.47 , 0.47 , 0.47 , 0.47 , 0.47 , 0.47 , 0.47 , 0.47 , 0.47 ,
       0.47 , 0.47 , 0.47 , 0.47 , 0.47 , 0.47 , 0.47 , 0.47 , 0.47 ,
       0.45 , 0.47 , 0.47 , 0.47 , 0.47 , 0.47 , 0.47 , 0.47 , 0.47 ,
       0.47 , 0.47 , 0.47 , 0.47 , 0.47 , 0.47 , 0.47 , 0.47 , 0.47 ,
       0.47 , 0.47 , 0.47 , 0.47 , 0.47 , 0.47 , 0.47 , 0.47 , 0.47 ,
       0.47 , 0.47 , 0.47 , 0.47 , 0.46 , 0.47 , 0.47 , 0.47 , 0.47 ,
       0.47 , 0.47 , 0.47 , 0.47 , 0.47 , 0.47 , 0.47 , 0.47 , 0.47 ,
       0.47 , 0.47 , 0.47 , 0.47 , 0.47 , 0.47 , 0.47 , 0.47 , 0.47 ,
       0.455, 0.47 , 0.47 , 0.47 , 0.47 , 0.47 , 0.47 , 0.47 , 0.47 ,
       0.47 , 0.47 , 0.47 , 0.47 , 0.47 , 0.47 , 0.47 , 0.47 , 0.47 ,
       0.47 , 0.47 , 0.47 , 0.47 , 0.47 , 0.47 , 0.47 , 0.47 , 0.47 ,
       0.47 ])}

Job completed at Thu Mar 20 05:03:42 PM PDT 2025
