Starting job at Thu Mar 20 05:03:38 PM PDT 2025
Job parameters:
Dataset: data_cover_type
UQ Method: split_conformal_raps
Estimator: LogisticRegression
Seed: 785
Train Size: 0.8
Running split_conformal_raps on data_cover_type with seed 785 and train size 0.8

starting experiment

data created

Fitting split_conformal_raps_LogisticRegression on data_cover_type with seed 785

split_conformal_raps_LogisticRegression metrics: {'coverage': np.float64(0.884), 'mean_width': np.float64(47.551), 'median_width': np.float64(55.0), 'mean_width_scaled': np.float64(0.47551000000000004), 'median_width_scaled': np.float64(0.55)}

split_conformal_raps_LogisticRegression full metrics: {'coverage': np.float64(0.884), 'mean_width': np.float64(47.551), 'median_width': np.float64(55.0), 'mean_width_scaled': np.float64(0.47551000000000004), 'median_width_scaled': np.float64(0.55)}

split_conformal_raps_LogisticRegression class metrics: {'class_coverage': array([0.9 , 0.8 , 0.9 , 0.8 , 0.4 , 0.8 , 1.  , 0.9 , 0.75, 1.  , 0.75,
       0.8 , 0.95, 0.55, 1.  , 0.95, 0.95, 1.  , 1.  , 0.75, 1.  , 0.95,
       0.8 , 1.  , 0.95, 0.65, 1.  , 0.85, 0.7 , 0.8 , 1.  , 0.75, 0.5 ,
       1.  , 0.95, 0.85, 0.5 , 0.75, 0.7 , 1.  , 0.7 , 1.  , 0.85, 1.  ,
       1.  , 1.  , 0.95, 0.95, 0.8 , 0.9 , 0.8 , 0.65, 0.95, 0.95, 1.  ,
       1.  , 1.  , 0.7 , 0.9 , 0.9 , 0.95, 0.85, 1.  , 0.95, 1.  , 0.95,
       1.  , 0.7 , 1.  , 0.9 , 0.9 , 0.95, 0.9 , 1.  , 0.95, 0.7 , 0.85,
       0.9 , 1.  , 1.  , 1.  , 0.6 , 1.  , 1.  , 1.  , 0.95, 0.9 , 1.  ,
       0.95, 0.95, 0.95, 0.9 , 0.9 , 0.7 , 0.85, 0.8 , 1.  , 1.  , 1.  ,
       0.85]), 'class_mean_width': array([47.15, 51.85, 42.15, 48.6 , 54.35, 50.2 , 51.95, 54.1 , 54.3 ,
       52.2 , 53.95, 39.2 , 45.85, 53.95, 53.75, 52.8 , 52.65, 41.6 ,
       26.25, 36.6 , 51.05, 54.85, 45.2 , 51.85, 53.  , 52.35, 18.05,
       43.55, 47.35, 48.95, 52.1 , 37.05, 25.95, 50.8 , 53.55, 45.4 ,
       36.8 , 47.  , 46.2 , 50.65, 42.2 , 49.3 , 48.55, 31.8 , 52.65,
       51.9 , 54.15, 35.95, 30.95, 43.45, 41.5 , 50.75, 54.6 , 51.8 ,
       50.6 , 54.8 , 52.85, 47.35, 42.65, 49.7 , 43.2 , 47.15, 54.55,
       45.05, 50.9 , 48.7 , 53.7 , 47.55, 50.9 , 51.25, 54.75, 48.15,
       42.6 , 46.65, 45.35, 46.3 , 42.85, 41.8 , 44.95, 45.9 , 45.5 ,
       48.65, 49.05, 53.6 , 54.85, 52.35, 41.5 , 46.35, 40.6 , 54.6 ,
       53.75, 54.5 , 53.95, 41.75, 44.6 , 46.65, 50.05, 51.9 , 51.8 ,
       54.2 ]), 'class_median_width': array([50. , 55. , 44.5, 55. , 55. , 55. , 52.5, 55. , 55. , 55. , 55. ,
       55. , 55. , 55. , 55. , 55. , 55. , 40.5, 28. , 44. , 55. , 55. ,
       50. , 55. , 55. , 55. , 16.5, 42.5, 52.5, 51.5, 55. , 37. , 16. ,
       55. , 55. , 49. , 45.5, 50. , 48. , 55. , 44.5, 49. , 54. , 27. ,
       55. , 55. , 55. , 32. , 41.5, 47. , 49.5, 55. , 55. , 55. , 55. ,
       55. , 55. , 48. , 49.5, 55. , 44. , 52.5, 55. , 43. , 53.5, 55. ,
       55. , 49.5, 55. , 55. , 55. , 49. , 43. , 52. , 45.5, 49. , 44. ,
       40. , 46. , 49. , 43.5, 51.5, 51.5, 55. , 55. , 55. , 43.5, 49. ,
       42. , 55. , 55. , 55. , 55. , 51.5, 55. , 55. , 55. , 55. , 55. ,
       55. ]), 'class_mean_width_scaled': array([0.4715, 0.5185, 0.4215, 0.486 , 0.5435, 0.502 , 0.5195, 0.541 ,
       0.543 , 0.522 , 0.5395, 0.392 , 0.4585, 0.5395, 0.5375, 0.528 ,
       0.5265, 0.416 , 0.2625, 0.366 , 0.5105, 0.5485, 0.452 , 0.5185,
       0.53  , 0.5235, 0.1805, 0.4355, 0.4735, 0.4895, 0.521 , 0.3705,
       0.2595, 0.508 , 0.5355, 0.454 , 0.368 , 0.47  , 0.462 , 0.5065,
       0.422 , 0.493 , 0.4855, 0.318 , 0.5265, 0.519 , 0.5415, 0.3595,
       0.3095, 0.4345, 0.415 , 0.5075, 0.546 , 0.518 , 0.506 , 0.548 ,
       0.5285, 0.4735, 0.4265, 0.497 , 0.432 , 0.4715, 0.5455, 0.4505,
       0.509 , 0.487 , 0.537 , 0.4755, 0.509 , 0.5125, 0.5475, 0.4815,
       0.426 , 0.4665, 0.4535, 0.463 , 0.4285, 0.418 , 0.4495, 0.459 ,
       0.455 , 0.4865, 0.4905, 0.536 , 0.5485, 0.5235, 0.415 , 0.4635,
       0.406 , 0.546 , 0.5375, 0.545 , 0.5395, 0.4175, 0.446 , 0.4665,
       0.5005, 0.519 , 0.518 , 0.542 ]), 'class_median_width_scaled': array([0.5  , 0.55 , 0.445, 0.55 , 0.55 , 0.55 , 0.525, 0.55 , 0.55 ,
       0.55 , 0.55 , 0.55 , 0.55 , 0.55 , 0.55 , 0.55 , 0.55 , 0.405,
       0.28 , 0.44 , 0.55 , 0.55 , 0.5  , 0.55 , 0.55 , 0.55 , 0.165,
       0.425, 0.525, 0.515, 0.55 , 0.37 , 0.16 , 0.55 , 0.55 , 0.49 ,
       0.455, 0.5  , 0.48 , 0.55 , 0.445, 0.49 , 0.54 , 0.27 , 0.55 ,
       0.55 , 0.55 , 0.32 , 0.415, 0.47 , 0.495, 0.55 , 0.55 , 0.55 ,
       0.55 , 0.55 , 0.55 , 0.48 , 0.495, 0.55 , 0.44 , 0.525, 0.55 ,
       0.43 , 0.535, 0.55 , 0.55 , 0.495, 0.55 , 0.55 , 0.55 , 0.49 ,
       0.43 , 0.52 , 0.455, 0.49 , 0.44 , 0.4  , 0.46 , 0.49 , 0.435,
       0.515, 0.515, 0.55 , 0.55 , 0.55 , 0.435, 0.49 , 0.42 , 0.55 ,
       0.55 , 0.55 , 0.55 , 0.515, 0.55 , 0.55 , 0.55 , 0.55 , 0.55 ,
       0.55 ])}

split_conformal_raps_LogisticRegression full class metrics: {'class_coverage': array([0.9 , 0.8 , 0.9 , 0.8 , 0.4 , 0.8 , 1.  , 0.9 , 0.75, 1.  , 0.75,
       0.8 , 0.95, 0.55, 1.  , 0.95, 0.95, 1.  , 1.  , 0.75, 1.  , 0.95,
       0.8 , 1.  , 0.95, 0.65, 1.  , 0.85, 0.7 , 0.8 , 1.  , 0.75, 0.5 ,
       1.  , 0.95, 0.85, 0.5 , 0.75, 0.7 , 1.  , 0.7 , 1.  , 0.85, 1.  ,
       1.  , 1.  , 0.95, 0.95, 0.8 , 0.9 , 0.8 , 0.65, 0.95, 0.95, 1.  ,
       1.  , 1.  , 0.7 , 0.9 , 0.9 , 0.95, 0.85, 1.  , 0.95, 1.  , 0.95,
       1.  , 0.7 , 1.  , 0.9 , 0.9 , 0.95, 0.9 , 1.  , 0.95, 0.7 , 0.85,
       0.9 , 1.  , 1.  , 1.  , 0.6 , 1.  , 1.  , 1.  , 0.95, 0.9 , 1.  ,
       0.95, 0.95, 0.95, 0.9 , 0.9 , 0.7 , 0.85, 0.8 , 1.  , 1.  , 1.  ,
       0.85]), 'class_mean_width': array([47.15, 51.85, 42.15, 48.6 , 54.35, 50.2 , 51.95, 54.1 , 54.3 ,
       52.2 , 53.95, 39.2 , 45.85, 53.95, 53.75, 52.8 , 52.65, 41.6 ,
       26.25, 36.6 , 51.05, 54.85, 45.2 , 51.85, 53.  , 52.35, 18.05,
       43.55, 47.35, 48.95, 52.1 , 37.05, 25.95, 50.8 , 53.55, 45.4 ,
       36.8 , 47.  , 46.2 , 50.65, 42.2 , 49.3 , 48.55, 31.8 , 52.65,
       51.9 , 54.15, 35.95, 30.95, 43.45, 41.5 , 50.75, 54.6 , 51.8 ,
       50.6 , 54.8 , 52.85, 47.35, 42.65, 49.7 , 43.2 , 47.15, 54.55,
       45.05, 50.9 , 48.7 , 53.7 , 47.55, 50.9 , 51.25, 54.75, 48.15,
       42.6 , 46.65, 45.35, 46.3 , 42.85, 41.8 , 44.95, 45.9 , 45.5 ,
       48.65, 49.05, 53.6 , 54.85, 52.35, 41.5 , 46.35, 40.6 , 54.6 ,
       53.75, 54.5 , 53.95, 41.75, 44.6 , 46.65, 50.05, 51.9 , 51.8 ,
       54.2 ]), 'class_median_width': array([50. , 55. , 44.5, 55. , 55. , 55. , 52.5, 55. , 55. , 55. , 55. ,
       55. , 55. , 55. , 55. , 55. , 55. , 40.5, 28. , 44. , 55. , 55. ,
       50. , 55. , 55. , 55. , 16.5, 42.5, 52.5, 51.5, 55. , 37. , 16. ,
       55. , 55. , 49. , 45.5, 50. , 48. , 55. , 44.5, 49. , 54. , 27. ,
       55. , 55. , 55. , 32. , 41.5, 47. , 49.5, 55. , 55. , 55. , 55. ,
       55. , 55. , 48. , 49.5, 55. , 44. , 52.5, 55. , 43. , 53.5, 55. ,
       55. , 49.5, 55. , 55. , 55. , 49. , 43. , 52. , 45.5, 49. , 44. ,
       40. , 46. , 49. , 43.5, 51.5, 51.5, 55. , 55. , 55. , 43.5, 49. ,
       42. , 55. , 55. , 55. , 55. , 51.5, 55. , 55. , 55. , 55. , 55. ,
       55. ]), 'class_mean_width_scaled': array([0.4715, 0.5185, 0.4215, 0.486 , 0.5435, 0.502 , 0.5195, 0.541 ,
       0.543 , 0.522 , 0.5395, 0.392 , 0.4585, 0.5395, 0.5375, 0.528 ,
       0.5265, 0.416 , 0.2625, 0.366 , 0.5105, 0.5485, 0.452 , 0.5185,
       0.53  , 0.5235, 0.1805, 0.4355, 0.4735, 0.4895, 0.521 , 0.3705,
       0.2595, 0.508 , 0.5355, 0.454 , 0.368 , 0.47  , 0.462 , 0.5065,
       0.422 , 0.493 , 0.4855, 0.318 , 0.5265, 0.519 , 0.5415, 0.3595,
       0.3095, 0.4345, 0.415 , 0.5075, 0.546 , 0.518 , 0.506 , 0.548 ,
       0.5285, 0.4735, 0.4265, 0.497 , 0.432 , 0.4715, 0.5455, 0.4505,
       0.509 , 0.487 , 0.537 , 0.4755, 0.509 , 0.5125, 0.5475, 0.4815,
       0.426 , 0.4665, 0.4535, 0.463 , 0.4285, 0.418 , 0.4495, 0.459 ,
       0.455 , 0.4865, 0.4905, 0.536 , 0.5485, 0.5235, 0.415 , 0.4635,
       0.406 , 0.546 , 0.5375, 0.545 , 0.5395, 0.4175, 0.446 , 0.4665,
       0.5005, 0.519 , 0.518 , 0.542 ]), 'class_median_width_scaled': array([0.5  , 0.55 , 0.445, 0.55 , 0.55 , 0.55 , 0.525, 0.55 , 0.55 ,
       0.55 , 0.55 , 0.55 , 0.55 , 0.55 , 0.55 , 0.55 , 0.55 , 0.405,
       0.28 , 0.44 , 0.55 , 0.55 , 0.5  , 0.55 , 0.55 , 0.55 , 0.165,
       0.425, 0.525, 0.515, 0.55 , 0.37 , 0.16 , 0.55 , 0.55 , 0.49 ,
       0.455, 0.5  , 0.48 , 0.55 , 0.445, 0.49 , 0.54 , 0.27 , 0.55 ,
       0.55 , 0.55 , 0.32 , 0.415, 0.47 , 0.495, 0.55 , 0.55 , 0.55 ,
       0.55 , 0.55 , 0.55 , 0.48 , 0.495, 0.55 , 0.44 , 0.525, 0.55 ,
       0.43 , 0.535, 0.55 , 0.55 , 0.495, 0.55 , 0.55 , 0.55 , 0.49 ,
       0.43 , 0.52 , 0.455, 0.49 , 0.44 , 0.4  , 0.46 , 0.49 , 0.435,
       0.515, 0.515, 0.55 , 0.55 , 0.55 , 0.435, 0.49 , 0.42 , 0.55 ,
       0.55 , 0.55 , 0.55 , 0.515, 0.55 , 0.55 , 0.55 , 0.55 , 0.55 ,
       0.55 ])}

Job completed at Thu Mar 20 05:03:43 PM PDT 2025
