Starting job at Wed Mar 19 06:22:29 PM PDT 2025
Job parameters:
Dataset: data_cover_type
UQ Method: split_conformal_raps
Estimator: LogisticRegression
Seed: 783
Train Size: 0.8
Running split_conformal_raps on data_cover_type with seed 783 and train size 0.8

starting experiment

data created

Fitting split_conformal_raps_LogisticRegression on data_cover_type with seed 783

split_conformal_raps_LogisticRegression metrics: {'coverage': np.float64(0.898), 'mean_width': np.float64(26.8665), 'median_width': np.float64(29.0), 'mean_width_scaled': np.float64(0.268665), 'median_width_scaled': np.float64(0.29)}

split_conformal_raps_LogisticRegression full metrics: {'coverage': np.float64(0.898), 'mean_width': np.float64(26.8665), 'median_width': np.float64(29.0), 'mean_width_scaled': np.float64(0.268665), 'median_width_scaled': np.float64(0.29)}

split_conformal_raps_LogisticRegression class metrics: {'class_coverage': array([0.75, 0.95, 0.9 , 0.7 , 0.85, 0.8 , 0.9 , 0.85, 0.95, 0.9 , 0.9 ,
       0.95, 0.85, 1.  , 0.85, 0.8 , 0.95, 1.  , 0.9 , 0.6 , 1.  , 1.  ,
       0.95, 1.  , 0.95, 0.85, 1.  , 0.85, 0.85, 0.9 , 1.  , 0.95, 0.8 ,
       1.  , 0.9 , 0.8 , 0.5 , 0.95, 0.85, 0.85, 0.85, 0.85, 0.35, 1.  ,
       1.  , 1.  , 0.95, 0.95, 0.75, 0.95, 0.8 , 0.7 , 0.9 , 0.95, 1.  ,
       1.  , 1.  , 0.7 , 0.55, 0.9 , 0.85, 0.65, 0.95, 0.95, 0.85, 0.9 ,
       0.9 , 0.95, 0.85, 0.95, 1.  , 0.9 , 0.85, 0.75, 1.  , 0.9 , 1.  ,
       0.9 , 0.95, 0.95, 1.  , 0.9 , 0.95, 1.  , 0.95, 1.  , 1.  , 1.  ,
       0.95, 0.95, 0.9 , 1.  , 0.9 , 0.9 , 1.  , 1.  , 0.95, 1.  , 1.  ,
       1.  ]), 'class_mean_width': array([29.  , 29.  , 27.7 , 25.95, 29.  , 28.9 , 28.95, 29.  , 28.8 ,
       29.  , 28.75, 21.65, 25.4 , 29.  , 28.  , 29.  , 29.  , 28.25,
       21.75, 22.15, 29.  , 29.  , 27.2 , 21.95, 29.  , 29.  ,  8.6 ,
       28.35, 26.45, 23.75, 25.3 , 25.25, 22.  , 29.  , 28.4 , 27.4 ,
       25.95, 28.35, 28.9 , 29.  , 28.9 , 28.2 , 28.5 , 10.55, 29.  ,
       29.  , 28.9 , 22.45, 19.35, 26.8 , 27.75, 26.  , 28.8 , 28.6 ,
       28.4 , 29.  , 27.75, 27.3 , 26.95, 26.65, 28.9 , 27.1 , 29.  ,
       28.05, 29.  , 29.  , 29.  , 28.8 , 27.4 , 28.15, 29.  , 28.3 ,
       25.45, 28.5 , 27.4 , 27.65, 24.25, 26.7 , 28.2 , 28.55, 26.85,
       27.9 , 25.1 , 26.9 , 24.15, 21.85, 25.35, 28.2 , 22.15, 29.  ,
       28.8 , 29.  , 28.4 , 23.35, 26.95, 28.8 , 26.3 , 22.4 , 28.85,
       29.  ]), 'class_median_width': array([29. , 29. , 29. , 27.5, 29. , 29. , 29. , 29. , 29. , 29. , 29. ,
       22. , 29. , 29. , 29. , 29. , 29. , 29. , 21.5, 29. , 29. , 29. ,
       29. , 22. , 29. , 29. ,  7. , 29. , 29. , 29. , 27. , 29. , 23.5,
       29. , 29. , 29. , 29. , 29. , 29. , 29. , 29. , 29. , 29. ,  4.5,
       29. , 29. , 29. , 21. , 25. , 29. , 29. , 29. , 29. , 29. , 29. ,
       29. , 29. , 29. , 29. , 29. , 29. , 29. , 29. , 29. , 29. , 29. ,
       29. , 29. , 29. , 29. , 29. , 29. , 29. , 29. , 29. , 29. , 24. ,
       29. , 29. , 29. , 29. , 29. , 29. , 29. , 28.5, 20.5, 28. , 29. ,
       22. , 29. , 29. , 29. , 29. , 27. , 29. , 29. , 29. , 26.5, 29. ,
       29. ]), 'class_mean_width_scaled': array([0.29  , 0.29  , 0.277 , 0.2595, 0.29  , 0.289 , 0.2895, 0.29  ,
       0.288 , 0.29  , 0.2875, 0.2165, 0.254 , 0.29  , 0.28  , 0.29  ,
       0.29  , 0.2825, 0.2175, 0.2215, 0.29  , 0.29  , 0.272 , 0.2195,
       0.29  , 0.29  , 0.086 , 0.2835, 0.2645, 0.2375, 0.253 , 0.2525,
       0.22  , 0.29  , 0.284 , 0.274 , 0.2595, 0.2835, 0.289 , 0.29  ,
       0.289 , 0.282 , 0.285 , 0.1055, 0.29  , 0.29  , 0.289 , 0.2245,
       0.1935, 0.268 , 0.2775, 0.26  , 0.288 , 0.286 , 0.284 , 0.29  ,
       0.2775, 0.273 , 0.2695, 0.2665, 0.289 , 0.271 , 0.29  , 0.2805,
       0.29  , 0.29  , 0.29  , 0.288 , 0.274 , 0.2815, 0.29  , 0.283 ,
       0.2545, 0.285 , 0.274 , 0.2765, 0.2425, 0.267 , 0.282 , 0.2855,
       0.2685, 0.279 , 0.251 , 0.269 , 0.2415, 0.2185, 0.2535, 0.282 ,
       0.2215, 0.29  , 0.288 , 0.29  , 0.284 , 0.2335, 0.2695, 0.288 ,
       0.263 , 0.224 , 0.2885, 0.29  ]), 'class_median_width_scaled': array([0.29 , 0.29 , 0.29 , 0.275, 0.29 , 0.29 , 0.29 , 0.29 , 0.29 ,
       0.29 , 0.29 , 0.22 , 0.29 , 0.29 , 0.29 , 0.29 , 0.29 , 0.29 ,
       0.215, 0.29 , 0.29 , 0.29 , 0.29 , 0.22 , 0.29 , 0.29 , 0.07 ,
       0.29 , 0.29 , 0.29 , 0.27 , 0.29 , 0.235, 0.29 , 0.29 , 0.29 ,
       0.29 , 0.29 , 0.29 , 0.29 , 0.29 , 0.29 , 0.29 , 0.045, 0.29 ,
       0.29 , 0.29 , 0.21 , 0.25 , 0.29 , 0.29 , 0.29 , 0.29 , 0.29 ,
       0.29 , 0.29 , 0.29 , 0.29 , 0.29 , 0.29 , 0.29 , 0.29 , 0.29 ,
       0.29 , 0.29 , 0.29 , 0.29 , 0.29 , 0.29 , 0.29 , 0.29 , 0.29 ,
       0.29 , 0.29 , 0.29 , 0.29 , 0.24 , 0.29 , 0.29 , 0.29 , 0.29 ,
       0.29 , 0.29 , 0.29 , 0.285, 0.205, 0.28 , 0.29 , 0.22 , 0.29 ,
       0.29 , 0.29 , 0.29 , 0.27 , 0.29 , 0.29 , 0.29 , 0.265, 0.29 ,
       0.29 ])}

split_conformal_raps_LogisticRegression full class metrics: {'class_coverage': array([0.75, 0.95, 0.9 , 0.7 , 0.85, 0.8 , 0.9 , 0.85, 0.95, 0.9 , 0.9 ,
       0.95, 0.85, 1.  , 0.85, 0.8 , 0.95, 1.  , 0.9 , 0.6 , 1.  , 1.  ,
       0.95, 1.  , 0.95, 0.85, 1.  , 0.85, 0.85, 0.9 , 1.  , 0.95, 0.8 ,
       1.  , 0.9 , 0.8 , 0.5 , 0.95, 0.85, 0.85, 0.85, 0.85, 0.35, 1.  ,
       1.  , 1.  , 0.95, 0.95, 0.75, 0.95, 0.8 , 0.7 , 0.9 , 0.95, 1.  ,
       1.  , 1.  , 0.7 , 0.55, 0.9 , 0.85, 0.65, 0.95, 0.95, 0.85, 0.9 ,
       0.9 , 0.95, 0.85, 0.95, 1.  , 0.9 , 0.85, 0.75, 1.  , 0.9 , 1.  ,
       0.9 , 0.95, 0.95, 1.  , 0.9 , 0.95, 1.  , 0.95, 1.  , 1.  , 1.  ,
       0.95, 0.95, 0.9 , 1.  , 0.9 , 0.9 , 1.  , 1.  , 0.95, 1.  , 1.  ,
       1.  ]), 'class_mean_width': array([29.  , 29.  , 27.7 , 25.95, 29.  , 28.9 , 28.95, 29.  , 28.8 ,
       29.  , 28.75, 21.65, 25.4 , 29.  , 28.  , 29.  , 29.  , 28.25,
       21.75, 22.15, 29.  , 29.  , 27.2 , 21.95, 29.  , 29.  ,  8.6 ,
       28.35, 26.45, 23.75, 25.3 , 25.25, 22.  , 29.  , 28.4 , 27.4 ,
       25.95, 28.35, 28.9 , 29.  , 28.9 , 28.2 , 28.5 , 10.55, 29.  ,
       29.  , 28.9 , 22.45, 19.35, 26.8 , 27.75, 26.  , 28.8 , 28.6 ,
       28.4 , 29.  , 27.75, 27.3 , 26.95, 26.65, 28.9 , 27.1 , 29.  ,
       28.05, 29.  , 29.  , 29.  , 28.8 , 27.4 , 28.15, 29.  , 28.3 ,
       25.45, 28.5 , 27.4 , 27.65, 24.25, 26.7 , 28.2 , 28.55, 26.85,
       27.9 , 25.1 , 26.9 , 24.15, 21.85, 25.35, 28.2 , 22.15, 29.  ,
       28.8 , 29.  , 28.4 , 23.35, 26.95, 28.8 , 26.3 , 22.4 , 28.85,
       29.  ]), 'class_median_width': array([29. , 29. , 29. , 27.5, 29. , 29. , 29. , 29. , 29. , 29. , 29. ,
       22. , 29. , 29. , 29. , 29. , 29. , 29. , 21.5, 29. , 29. , 29. ,
       29. , 22. , 29. , 29. ,  7. , 29. , 29. , 29. , 27. , 29. , 23.5,
       29. , 29. , 29. , 29. , 29. , 29. , 29. , 29. , 29. , 29. ,  4.5,
       29. , 29. , 29. , 21. , 25. , 29. , 29. , 29. , 29. , 29. , 29. ,
       29. , 29. , 29. , 29. , 29. , 29. , 29. , 29. , 29. , 29. , 29. ,
       29. , 29. , 29. , 29. , 29. , 29. , 29. , 29. , 29. , 29. , 24. ,
       29. , 29. , 29. , 29. , 29. , 29. , 29. , 28.5, 20.5, 28. , 29. ,
       22. , 29. , 29. , 29. , 29. , 27. , 29. , 29. , 29. , 26.5, 29. ,
       29. ]), 'class_mean_width_scaled': array([0.29  , 0.29  , 0.277 , 0.2595, 0.29  , 0.289 , 0.2895, 0.29  ,
       0.288 , 0.29  , 0.2875, 0.2165, 0.254 , 0.29  , 0.28  , 0.29  ,
       0.29  , 0.2825, 0.2175, 0.2215, 0.29  , 0.29  , 0.272 , 0.2195,
       0.29  , 0.29  , 0.086 , 0.2835, 0.2645, 0.2375, 0.253 , 0.2525,
       0.22  , 0.29  , 0.284 , 0.274 , 0.2595, 0.2835, 0.289 , 0.29  ,
       0.289 , 0.282 , 0.285 , 0.1055, 0.29  , 0.29  , 0.289 , 0.2245,
       0.1935, 0.268 , 0.2775, 0.26  , 0.288 , 0.286 , 0.284 , 0.29  ,
       0.2775, 0.273 , 0.2695, 0.2665, 0.289 , 0.271 , 0.29  , 0.2805,
       0.29  , 0.29  , 0.29  , 0.288 , 0.274 , 0.2815, 0.29  , 0.283 ,
       0.2545, 0.285 , 0.274 , 0.2765, 0.2425, 0.267 , 0.282 , 0.2855,
       0.2685, 0.279 , 0.251 , 0.269 , 0.2415, 0.2185, 0.2535, 0.282 ,
       0.2215, 0.29  , 0.288 , 0.29  , 0.284 , 0.2335, 0.2695, 0.288 ,
       0.263 , 0.224 , 0.2885, 0.29  ]), 'class_median_width_scaled': array([0.29 , 0.29 , 0.29 , 0.275, 0.29 , 0.29 , 0.29 , 0.29 , 0.29 ,
       0.29 , 0.29 , 0.22 , 0.29 , 0.29 , 0.29 , 0.29 , 0.29 , 0.29 ,
       0.215, 0.29 , 0.29 , 0.29 , 0.29 , 0.22 , 0.29 , 0.29 , 0.07 ,
       0.29 , 0.29 , 0.29 , 0.27 , 0.29 , 0.235, 0.29 , 0.29 , 0.29 ,
       0.29 , 0.29 , 0.29 , 0.29 , 0.29 , 0.29 , 0.29 , 0.045, 0.29 ,
       0.29 , 0.29 , 0.21 , 0.25 , 0.29 , 0.29 , 0.29 , 0.29 , 0.29 ,
       0.29 , 0.29 , 0.29 , 0.29 , 0.29 , 0.29 , 0.29 , 0.29 , 0.29 ,
       0.29 , 0.29 , 0.29 , 0.29 , 0.29 , 0.29 , 0.29 , 0.29 , 0.29 ,
       0.29 , 0.29 , 0.29 , 0.29 , 0.24 , 0.29 , 0.29 , 0.29 , 0.29 ,
       0.29 , 0.29 , 0.29 , 0.285, 0.205, 0.28 , 0.29 , 0.22 , 0.29 ,
       0.29 , 0.29 , 0.29 , 0.27 , 0.29 , 0.29 , 0.29 , 0.265, 0.29 ,
       0.29 ])}

Job completed at Wed Mar 19 06:22:38 PM PDT 2025
