Starting job at Wed Mar 19 08:20:43 PM PDT 2025
Job parameters:
Dataset: data_cover_type
UQ Method: split_conformal_raps
Estimator: LogisticRegression
Seed: 784
Train Size: 0.8
Running split_conformal_raps on data_cover_type with seed 784 and train size 0.8

starting experiment

data created

Fitting split_conformal_raps_LogisticRegression on data_cover_type with seed 784

split_conformal_raps_LogisticRegression metrics: {'coverage': np.float64(0.9005), 'mean_width': np.float64(27.9665), 'median_width': np.float64(31.0), 'mean_width_scaled': np.float64(0.279665), 'median_width_scaled': np.float64(0.31)}

split_conformal_raps_LogisticRegression full metrics: {'coverage': np.float64(0.9005), 'mean_width': np.float64(27.9665), 'median_width': np.float64(31.0), 'mean_width_scaled': np.float64(0.279665), 'median_width_scaled': np.float64(0.31)}

split_conformal_raps_LogisticRegression class metrics: {'class_coverage': array([0.85, 0.9 , 0.9 , 0.8 , 1.  , 0.9 , 0.95, 0.8 , 0.75, 0.95, 1.  ,
       0.95, 1.  , 0.7 , 0.95, 0.8 , 0.8 , 1.  , 0.8 , 0.55, 1.  , 0.85,
       1.  , 0.9 , 0.85, 1.  , 1.  , 0.8 , 0.85, 0.95, 1.  , 0.9 , 0.65,
       1.  , 0.95, 0.95, 0.35, 0.95, 0.8 , 1.  , 1.  , 0.9 , 0.85, 1.  ,
       1.  , 1.  , 0.95, 1.  , 0.8 , 0.9 , 0.8 , 0.55, 0.95, 0.9 , 0.95,
       0.9 , 0.95, 0.8 , 0.65, 0.85, 1.  , 0.75, 1.  , 0.9 , 1.  , 0.9 ,
       1.  , 0.95, 0.75, 0.8 , 1.  , 1.  , 0.95, 0.9 , 0.85, 0.9 , 1.  ,
       0.95, 0.65, 0.95, 0.9 , 0.95, 1.  , 0.9 , 0.95, 0.9 , 1.  , 1.  ,
       0.95, 0.9 , 0.9 , 0.95, 0.95, 1.  , 0.95, 1.  , 0.9 , 0.95, 1.  ,
       1.  ]), 'class_mean_width': array([30.85, 31.  , 27.4 , 25.85, 31.  , 30.95, 30.2 , 31.  , 31.  ,
       31.  , 30.5 , 22.55, 25.35, 30.  , 30.45, 31.  , 30.  , 28.35,
       21.4 , 25.9 , 28.25, 30.9 , 27.45, 23.15, 30.9 , 30.7 , 13.55,
       30.25, 29.85, 19.95, 26.25, 25.6 , 22.  , 31.  , 30.75, 29.75,
       27.3 , 30.7 , 28.75, 31.  , 30.3 , 29.85, 29.7 , 14.05, 31.  ,
       31.  , 30.1 , 25.3 , 20.25, 27.45, 24.95, 30.55, 31.  , 30.8 ,
       27.2 , 31.  , 27.7 , 27.75, 26.45, 26.5 , 30.2 , 30.2 , 31.  ,
       28.75, 30.9 , 30.85, 30.9 , 29.25, 27.35, 30.3 , 31.  , 28.5 ,
       24.65, 28.75, 28.35, 28.25, 24.45, 26.55, 28.6 , 28.35, 27.85,
       28.1 , 26.9 , 28.25, 27.25, 16.2 , 20.2 , 29.3 , 23.3 , 31.  ,
       29.7 , 31.  , 30.25, 23.05, 25.85, 30.45, 28.35, 25.5 , 29.3 ,
       31.  ]), 'class_median_width': array([31. , 31. , 30. , 27. , 31. , 31. , 31. , 31. , 31. , 31. , 31. ,
       19.5, 30. , 31. , 31. , 31. , 31. , 30.5, 21. , 31. , 31. , 31. ,
       30. , 22. , 31. , 31. , 12.5, 31. , 31. , 20.5, 27. , 31. , 25. ,
       31. , 31. , 31. , 31. , 31. , 31. , 31. , 31. , 31. , 31. , 10. ,
       31. , 31. , 31. , 25. , 24. , 31. , 31. , 31. , 31. , 31. , 31. ,
       31. , 31. , 31. , 31. , 31. , 31. , 31. , 31. , 30. , 31. , 31. ,
       31. , 31. , 31. , 31. , 31. , 31. , 29. , 31. , 30.5, 31. , 27. ,
       28.5, 31. , 31. , 31. , 30.5, 29. , 31. , 31. , 16.5, 19.5, 31. ,
       25. , 31. , 31. , 31. , 31. , 22.5, 28. , 31. , 31. , 27. , 31. ,
       31. ]), 'class_mean_width_scaled': array([0.3085, 0.31  , 0.274 , 0.2585, 0.31  , 0.3095, 0.302 , 0.31  ,
       0.31  , 0.31  , 0.305 , 0.2255, 0.2535, 0.3   , 0.3045, 0.31  ,
       0.3   , 0.2835, 0.214 , 0.259 , 0.2825, 0.309 , 0.2745, 0.2315,
       0.309 , 0.307 , 0.1355, 0.3025, 0.2985, 0.1995, 0.2625, 0.256 ,
       0.22  , 0.31  , 0.3075, 0.2975, 0.273 , 0.307 , 0.2875, 0.31  ,
       0.303 , 0.2985, 0.297 , 0.1405, 0.31  , 0.31  , 0.301 , 0.253 ,
       0.2025, 0.2745, 0.2495, 0.3055, 0.31  , 0.308 , 0.272 , 0.31  ,
       0.277 , 0.2775, 0.2645, 0.265 , 0.302 , 0.302 , 0.31  , 0.2875,
       0.309 , 0.3085, 0.309 , 0.2925, 0.2735, 0.303 , 0.31  , 0.285 ,
       0.2465, 0.2875, 0.2835, 0.2825, 0.2445, 0.2655, 0.286 , 0.2835,
       0.2785, 0.281 , 0.269 , 0.2825, 0.2725, 0.162 , 0.202 , 0.293 ,
       0.233 , 0.31  , 0.297 , 0.31  , 0.3025, 0.2305, 0.2585, 0.3045,
       0.2835, 0.255 , 0.293 , 0.31  ]), 'class_median_width_scaled': array([0.31 , 0.31 , 0.3  , 0.27 , 0.31 , 0.31 , 0.31 , 0.31 , 0.31 ,
       0.31 , 0.31 , 0.195, 0.3  , 0.31 , 0.31 , 0.31 , 0.31 , 0.305,
       0.21 , 0.31 , 0.31 , 0.31 , 0.3  , 0.22 , 0.31 , 0.31 , 0.125,
       0.31 , 0.31 , 0.205, 0.27 , 0.31 , 0.25 , 0.31 , 0.31 , 0.31 ,
       0.31 , 0.31 , 0.31 , 0.31 , 0.31 , 0.31 , 0.31 , 0.1  , 0.31 ,
       0.31 , 0.31 , 0.25 , 0.24 , 0.31 , 0.31 , 0.31 , 0.31 , 0.31 ,
       0.31 , 0.31 , 0.31 , 0.31 , 0.31 , 0.31 , 0.31 , 0.31 , 0.31 ,
       0.3  , 0.31 , 0.31 , 0.31 , 0.31 , 0.31 , 0.31 , 0.31 , 0.31 ,
       0.29 , 0.31 , 0.305, 0.31 , 0.27 , 0.285, 0.31 , 0.31 , 0.31 ,
       0.305, 0.29 , 0.31 , 0.31 , 0.165, 0.195, 0.31 , 0.25 , 0.31 ,
       0.31 , 0.31 , 0.31 , 0.225, 0.28 , 0.31 , 0.31 , 0.27 , 0.31 ,
       0.31 ])}

split_conformal_raps_LogisticRegression full class metrics: {'class_coverage': array([0.85, 0.9 , 0.9 , 0.8 , 1.  , 0.9 , 0.95, 0.8 , 0.75, 0.95, 1.  ,
       0.95, 1.  , 0.7 , 0.95, 0.8 , 0.8 , 1.  , 0.8 , 0.55, 1.  , 0.85,
       1.  , 0.9 , 0.85, 1.  , 1.  , 0.8 , 0.85, 0.95, 1.  , 0.9 , 0.65,
       1.  , 0.95, 0.95, 0.35, 0.95, 0.8 , 1.  , 1.  , 0.9 , 0.85, 1.  ,
       1.  , 1.  , 0.95, 1.  , 0.8 , 0.9 , 0.8 , 0.55, 0.95, 0.9 , 0.95,
       0.9 , 0.95, 0.8 , 0.65, 0.85, 1.  , 0.75, 1.  , 0.9 , 1.  , 0.9 ,
       1.  , 0.95, 0.75, 0.8 , 1.  , 1.  , 0.95, 0.9 , 0.85, 0.9 , 1.  ,
       0.95, 0.65, 0.95, 0.9 , 0.95, 1.  , 0.9 , 0.95, 0.9 , 1.  , 1.  ,
       0.95, 0.9 , 0.9 , 0.95, 0.95, 1.  , 0.95, 1.  , 0.9 , 0.95, 1.  ,
       1.  ]), 'class_mean_width': array([30.85, 31.  , 27.4 , 25.85, 31.  , 30.95, 30.2 , 31.  , 31.  ,
       31.  , 30.5 , 22.55, 25.35, 30.  , 30.45, 31.  , 30.  , 28.35,
       21.4 , 25.9 , 28.25, 30.9 , 27.45, 23.15, 30.9 , 30.7 , 13.55,
       30.25, 29.85, 19.95, 26.25, 25.6 , 22.  , 31.  , 30.75, 29.75,
       27.3 , 30.7 , 28.75, 31.  , 30.3 , 29.85, 29.7 , 14.05, 31.  ,
       31.  , 30.1 , 25.3 , 20.25, 27.45, 24.95, 30.55, 31.  , 30.8 ,
       27.2 , 31.  , 27.7 , 27.75, 26.45, 26.5 , 30.2 , 30.2 , 31.  ,
       28.75, 30.9 , 30.85, 30.9 , 29.25, 27.35, 30.3 , 31.  , 28.5 ,
       24.65, 28.75, 28.35, 28.25, 24.45, 26.55, 28.6 , 28.35, 27.85,
       28.1 , 26.9 , 28.25, 27.25, 16.2 , 20.2 , 29.3 , 23.3 , 31.  ,
       29.7 , 31.  , 30.25, 23.05, 25.85, 30.45, 28.35, 25.5 , 29.3 ,
       31.  ]), 'class_median_width': array([31. , 31. , 30. , 27. , 31. , 31. , 31. , 31. , 31. , 31. , 31. ,
       19.5, 30. , 31. , 31. , 31. , 31. , 30.5, 21. , 31. , 31. , 31. ,
       30. , 22. , 31. , 31. , 12.5, 31. , 31. , 20.5, 27. , 31. , 25. ,
       31. , 31. , 31. , 31. , 31. , 31. , 31. , 31. , 31. , 31. , 10. ,
       31. , 31. , 31. , 25. , 24. , 31. , 31. , 31. , 31. , 31. , 31. ,
       31. , 31. , 31. , 31. , 31. , 31. , 31. , 31. , 30. , 31. , 31. ,
       31. , 31. , 31. , 31. , 31. , 31. , 29. , 31. , 30.5, 31. , 27. ,
       28.5, 31. , 31. , 31. , 30.5, 29. , 31. , 31. , 16.5, 19.5, 31. ,
       25. , 31. , 31. , 31. , 31. , 22.5, 28. , 31. , 31. , 27. , 31. ,
       31. ]), 'class_mean_width_scaled': array([0.3085, 0.31  , 0.274 , 0.2585, 0.31  , 0.3095, 0.302 , 0.31  ,
       0.31  , 0.31  , 0.305 , 0.2255, 0.2535, 0.3   , 0.3045, 0.31  ,
       0.3   , 0.2835, 0.214 , 0.259 , 0.2825, 0.309 , 0.2745, 0.2315,
       0.309 , 0.307 , 0.1355, 0.3025, 0.2985, 0.1995, 0.2625, 0.256 ,
       0.22  , 0.31  , 0.3075, 0.2975, 0.273 , 0.307 , 0.2875, 0.31  ,
       0.303 , 0.2985, 0.297 , 0.1405, 0.31  , 0.31  , 0.301 , 0.253 ,
       0.2025, 0.2745, 0.2495, 0.3055, 0.31  , 0.308 , 0.272 , 0.31  ,
       0.277 , 0.2775, 0.2645, 0.265 , 0.302 , 0.302 , 0.31  , 0.2875,
       0.309 , 0.3085, 0.309 , 0.2925, 0.2735, 0.303 , 0.31  , 0.285 ,
       0.2465, 0.2875, 0.2835, 0.2825, 0.2445, 0.2655, 0.286 , 0.2835,
       0.2785, 0.281 , 0.269 , 0.2825, 0.2725, 0.162 , 0.202 , 0.293 ,
       0.233 , 0.31  , 0.297 , 0.31  , 0.3025, 0.2305, 0.2585, 0.3045,
       0.2835, 0.255 , 0.293 , 0.31  ]), 'class_median_width_scaled': array([0.31 , 0.31 , 0.3  , 0.27 , 0.31 , 0.31 , 0.31 , 0.31 , 0.31 ,
       0.31 , 0.31 , 0.195, 0.3  , 0.31 , 0.31 , 0.31 , 0.31 , 0.305,
       0.21 , 0.31 , 0.31 , 0.31 , 0.3  , 0.22 , 0.31 , 0.31 , 0.125,
       0.31 , 0.31 , 0.205, 0.27 , 0.31 , 0.25 , 0.31 , 0.31 , 0.31 ,
       0.31 , 0.31 , 0.31 , 0.31 , 0.31 , 0.31 , 0.31 , 0.1  , 0.31 ,
       0.31 , 0.31 , 0.25 , 0.24 , 0.31 , 0.31 , 0.31 , 0.31 , 0.31 ,
       0.31 , 0.31 , 0.31 , 0.31 , 0.31 , 0.31 , 0.31 , 0.31 , 0.31 ,
       0.3  , 0.31 , 0.31 , 0.31 , 0.31 , 0.31 , 0.31 , 0.31 , 0.31 ,
       0.29 , 0.31 , 0.305, 0.31 , 0.27 , 0.285, 0.31 , 0.31 , 0.31 ,
       0.305, 0.29 , 0.31 , 0.31 , 0.165, 0.195, 0.31 , 0.25 , 0.31 ,
       0.31 , 0.31 , 0.31 , 0.225, 0.28 , 0.31 , 0.31 , 0.27 , 0.31 ,
       0.31 ])}

Job completed at Wed Mar 19 08:21:06 PM PDT 2025
