Starting job at Wed Mar 19 08:21:15 PM PDT 2025
Job parameters:
Dataset: data_walking
UQ Method: pcs_oob
Estimator: HistGradientBoosting
Seed: 781
Train Size: 0.8
Running pcs_oob on data_walking with seed 781 and train size 0.8

starting experiment

data created

Fitting pcs_oob on data_walking with seed 781

Finished training MLP models
number of classes 22
correct_indices: [0 0 1 ... 3 1 3]
pcs_oob metrics: {'coverage': np.float64(0.8995), 'mean_width': np.float64(6.3453333333333335), 'median_width': np.float64(6.0), 'mean_width_scaled': np.float64(0.2884242424242424), 'median_width_scaled': np.float64(0.2727272727272727)}

pcs_oob full metrics: {'coverage': np.float64(0.8995), 'mean_width': np.float64(6.3453333333333335), 'median_width': np.float64(6.0), 'mean_width_scaled': np.float64(0.2884242424242424), 'median_width_scaled': np.float64(0.2727272727272727)}

pcs_oob class metrics: {'class_coverage': array([0.76612903, 0.91111111, 0.88888889, 0.91150442, 0.90666667,
       0.74820144, 0.95327103, 0.9015544 , 0.86988848, 0.91511387,
       0.82312925, 0.97297297, 0.60869565, 0.92420814, 0.91366906,
       0.79901961, 0.98825257, 0.85483871, 0.92051282, 0.73076923,
       0.95652174, 0.87857143]), 'class_mean_width': array([6.7016129 , 6.11111111, 6.62626263, 6.49115044, 6.23333333,
       6.8057554 , 6.42990654, 6.52331606, 6.49442379, 6.13871636,
       6.89795918, 6.32432432, 6.82608696, 6.1199095 , 6.16306954,
       6.40686275, 6.19530103, 6.95967742, 6.29230769, 6.86538462,
       6.76086957, 6.34642857]), 'class_median_width': array([7., 6., 7., 6., 6., 7., 6., 7., 6., 6., 7., 6., 7., 6., 6., 6., 6.,
       7., 6., 7., 7., 6.]), 'class_mean_width_scaled': array([0.30461877, 0.27777778, 0.30119376, 0.29505229, 0.28333333,
       0.30935252, 0.29226848, 0.29651437, 0.29520108, 0.27903256,
       0.3135436 , 0.28746929, 0.31027668, 0.2781777 , 0.28013952,
       0.29122103, 0.28160459, 0.31634897, 0.28601399, 0.31206294,
       0.30731225, 0.28847403]), 'class_median_width_scaled': array([0.31818182, 0.27272727, 0.31818182, 0.27272727, 0.27272727,
       0.31818182, 0.27272727, 0.31818182, 0.27272727, 0.27272727,
       0.31818182, 0.27272727, 0.31818182, 0.27272727, 0.27272727,
       0.27272727, 0.27272727, 0.31818182, 0.27272727, 0.31818182,
       0.31818182, 0.27272727])}

pcs_oob full class metrics: {'class_coverage': array([0.76612903, 0.91111111, 0.88888889, 0.91150442, 0.90666667,
       0.74820144, 0.95327103, 0.9015544 , 0.86988848, 0.91511387,
       0.82312925, 0.97297297, 0.60869565, 0.92420814, 0.91366906,
       0.79901961, 0.98825257, 0.85483871, 0.92051282, 0.73076923,
       0.95652174, 0.87857143]), 'class_mean_width': array([6.7016129 , 6.11111111, 6.62626263, 6.49115044, 6.23333333,
       6.8057554 , 6.42990654, 6.52331606, 6.49442379, 6.13871636,
       6.89795918, 6.32432432, 6.82608696, 6.1199095 , 6.16306954,
       6.40686275, 6.19530103, 6.95967742, 6.29230769, 6.86538462,
       6.76086957, 6.34642857]), 'class_median_width': array([7., 6., 7., 6., 6., 7., 6., 7., 6., 6., 7., 6., 7., 6., 6., 6., 6.,
       7., 6., 7., 7., 6.]), 'class_mean_width_scaled': array([0.30461877, 0.27777778, 0.30119376, 0.29505229, 0.28333333,
       0.30935252, 0.29226848, 0.29651437, 0.29520108, 0.27903256,
       0.3135436 , 0.28746929, 0.31027668, 0.2781777 , 0.28013952,
       0.29122103, 0.28160459, 0.31634897, 0.28601399, 0.31206294,
       0.30731225, 0.28847403]), 'class_median_width_scaled': array([0.31818182, 0.27272727, 0.31818182, 0.27272727, 0.27272727,
       0.31818182, 0.27272727, 0.31818182, 0.27272727, 0.27272727,
       0.31818182, 0.27272727, 0.31818182, 0.27272727, 0.27272727,
       0.27272727, 0.27272727, 0.31818182, 0.27272727, 0.31818182,
       0.31818182, 0.27272727])}

Job completed at Wed Mar 19 08:40:19 PM PDT 2025
