Starting job at Wed Mar 19 08:21:15 PM PDT 2025
Job parameters:
Dataset: data_walking
UQ Method: pcs_oob
Estimator: HistGradientBoosting
Seed: 783
Train Size: 0.8
Running pcs_oob on data_walking with seed 783 and train size 0.8

starting experiment

data created

Fitting pcs_oob on data_walking with seed 783

Finished training MLP models
number of classes 22
correct_indices: [1 0 3 ... 2 2 2]
pcs_oob metrics: {'coverage': np.float64(0.8923333333333333), 'mean_width': np.float64(6.1785), 'median_width': np.float64(6.0), 'mean_width_scaled': np.float64(0.2808409090909091), 'median_width_scaled': np.float64(0.2727272727272727)}

pcs_oob full metrics: {'coverage': np.float64(0.8923333333333333), 'mean_width': np.float64(6.1785), 'median_width': np.float64(6.0), 'mean_width_scaled': np.float64(0.2808409090909091), 'median_width_scaled': np.float64(0.2727272727272727)}

pcs_oob class metrics: {'class_coverage': array([0.83064516, 0.97777778, 0.93434343, 0.86725664, 0.90666667,
       0.74820144, 0.91900312, 0.86528497, 0.88104089, 0.91097308,
       0.78231293, 0.91891892, 0.4057971 , 0.95475113, 0.90767386,
       0.71568627, 0.979442  , 0.76612903, 0.87435897, 0.83974359,
       0.91304348, 0.88214286]), 'class_mean_width': array([6.2983871 , 6.08888889, 6.17676768, 6.24778761, 6.12666667,
       6.43884892, 6.23676012, 6.24870466, 6.23048327, 6.06832298,
       6.69387755, 6.10810811, 6.42028986, 6.07466063, 6.0911271 ,
       6.21568627, 6.07782673, 6.48387097, 6.18461538, 6.55769231,
       6.19565217, 6.13571429]), 'class_median_width': array([6., 6., 6., 6., 6., 6., 6., 6., 6., 6., 7., 6., 6., 6., 6., 6., 6.,
       6., 6., 7., 6., 6.]), 'class_mean_width_scaled': array([0.28629032, 0.27676768, 0.28076217, 0.28399035, 0.27848485,
       0.29267495, 0.2834891 , 0.28403203, 0.28320379, 0.27583286,
       0.30426716, 0.27764128, 0.29183136, 0.27612094, 0.27686941,
       0.28253119, 0.27626485, 0.29472141, 0.28111888, 0.29807692,
       0.28162055, 0.2788961 ]), 'class_median_width_scaled': array([0.27272727, 0.27272727, 0.27272727, 0.27272727, 0.27272727,
       0.27272727, 0.27272727, 0.27272727, 0.27272727, 0.27272727,
       0.31818182, 0.27272727, 0.27272727, 0.27272727, 0.27272727,
       0.27272727, 0.27272727, 0.27272727, 0.27272727, 0.31818182,
       0.27272727, 0.27272727])}

pcs_oob full class metrics: {'class_coverage': array([0.83064516, 0.97777778, 0.93434343, 0.86725664, 0.90666667,
       0.74820144, 0.91900312, 0.86528497, 0.88104089, 0.91097308,
       0.78231293, 0.91891892, 0.4057971 , 0.95475113, 0.90767386,
       0.71568627, 0.979442  , 0.76612903, 0.87435897, 0.83974359,
       0.91304348, 0.88214286]), 'class_mean_width': array([6.2983871 , 6.08888889, 6.17676768, 6.24778761, 6.12666667,
       6.43884892, 6.23676012, 6.24870466, 6.23048327, 6.06832298,
       6.69387755, 6.10810811, 6.42028986, 6.07466063, 6.0911271 ,
       6.21568627, 6.07782673, 6.48387097, 6.18461538, 6.55769231,
       6.19565217, 6.13571429]), 'class_median_width': array([6., 6., 6., 6., 6., 6., 6., 6., 6., 6., 7., 6., 6., 6., 6., 6., 6.,
       6., 6., 7., 6., 6.]), 'class_mean_width_scaled': array([0.28629032, 0.27676768, 0.28076217, 0.28399035, 0.27848485,
       0.29267495, 0.2834891 , 0.28403203, 0.28320379, 0.27583286,
       0.30426716, 0.27764128, 0.29183136, 0.27612094, 0.27686941,
       0.28253119, 0.27626485, 0.29472141, 0.28111888, 0.29807692,
       0.28162055, 0.2788961 ]), 'class_median_width_scaled': array([0.27272727, 0.27272727, 0.27272727, 0.27272727, 0.27272727,
       0.27272727, 0.27272727, 0.27272727, 0.27272727, 0.27272727,
       0.31818182, 0.27272727, 0.27272727, 0.27272727, 0.27272727,
       0.27272727, 0.27272727, 0.27272727, 0.27272727, 0.31818182,
       0.27272727, 0.27272727])}

Job completed at Wed Mar 19 08:45:49 PM PDT 2025
