Starting job at Wed Mar 19 08:21:14 PM PDT 2025
Job parameters:
Dataset: data_walking
UQ Method: pcs_oob
Estimator: HistGradientBoosting
Seed: 786
Train Size: 0.8
Running pcs_oob on data_walking with seed 786 and train size 0.8

starting experiment

data created

Fitting pcs_oob on data_walking with seed 786

Finished training MLP models
number of classes 22
correct_indices: [0 0 1 ... 0 0 0]
pcs_oob metrics: {'coverage': np.float64(0.9133333333333333), 'mean_width': np.float64(6.846666666666667), 'median_width': np.float64(7.0), 'mean_width_scaled': np.float64(0.3112121212121212), 'median_width_scaled': np.float64(0.3181818181818182)}

pcs_oob full metrics: {'coverage': np.float64(0.9133333333333333), 'mean_width': np.float64(6.846666666666667), 'median_width': np.float64(7.0), 'mean_width_scaled': np.float64(0.3112121212121212), 'median_width_scaled': np.float64(0.3181818181818182)}

pcs_oob class metrics: {'class_coverage': array([0.87903226, 1.        , 0.9040404 , 0.89380531, 0.94666667,
       0.82014388, 0.94392523, 0.84974093, 0.92936803, 0.94202899,
       0.74829932, 1.        , 0.69565217, 0.94343891, 0.92326139,
       0.81372549, 0.989721  , 0.77419355, 0.91025641, 0.83974359,
       0.84782609, 0.91785714]), 'class_mean_width': array([7.        , 6.66666667, 6.96464646, 7.        , 6.78666667,
       6.98561151, 6.99065421, 6.80829016, 6.98513011, 6.43271222,
       6.97959184, 6.51351351, 6.92753623, 6.7861991 , 6.69664269,
       6.98529412, 6.91042584, 6.99193548, 6.99487179, 6.99358974,
       6.93478261, 6.975     ]), 'class_median_width': array([7., 7., 7., 7., 7., 7., 7., 7., 7., 6., 7., 7., 7., 7., 7., 7., 7.,
       7., 7., 7., 7., 7.]), 'class_mean_width_scaled': array([0.31818182, 0.3030303 , 0.31657484, 0.31818182, 0.30848485,
       0.3175278 , 0.31775701, 0.30946773, 0.31750591, 0.29239601,
       0.31725417, 0.2960688 , 0.31488801, 0.3084636 , 0.30439285,
       0.31751337, 0.31411027, 0.31781525, 0.31794872, 0.31789044,
       0.31521739, 0.31704545]), 'class_median_width_scaled': array([0.31818182, 0.31818182, 0.31818182, 0.31818182, 0.31818182,
       0.31818182, 0.31818182, 0.31818182, 0.31818182, 0.27272727,
       0.31818182, 0.31818182, 0.31818182, 0.31818182, 0.31818182,
       0.31818182, 0.31818182, 0.31818182, 0.31818182, 0.31818182,
       0.31818182, 0.31818182])}

pcs_oob full class metrics: {'class_coverage': array([0.87903226, 1.        , 0.9040404 , 0.89380531, 0.94666667,
       0.82014388, 0.94392523, 0.84974093, 0.92936803, 0.94202899,
       0.74829932, 1.        , 0.69565217, 0.94343891, 0.92326139,
       0.81372549, 0.989721  , 0.77419355, 0.91025641, 0.83974359,
       0.84782609, 0.91785714]), 'class_mean_width': array([7.        , 6.66666667, 6.96464646, 7.        , 6.78666667,
       6.98561151, 6.99065421, 6.80829016, 6.98513011, 6.43271222,
       6.97959184, 6.51351351, 6.92753623, 6.7861991 , 6.69664269,
       6.98529412, 6.91042584, 6.99193548, 6.99487179, 6.99358974,
       6.93478261, 6.975     ]), 'class_median_width': array([7., 7., 7., 7., 7., 7., 7., 7., 7., 6., 7., 7., 7., 7., 7., 7., 7.,
       7., 7., 7., 7., 7.]), 'class_mean_width_scaled': array([0.31818182, 0.3030303 , 0.31657484, 0.31818182, 0.30848485,
       0.3175278 , 0.31775701, 0.30946773, 0.31750591, 0.29239601,
       0.31725417, 0.2960688 , 0.31488801, 0.3084636 , 0.30439285,
       0.31751337, 0.31411027, 0.31781525, 0.31794872, 0.31789044,
       0.31521739, 0.31704545]), 'class_median_width_scaled': array([0.31818182, 0.31818182, 0.31818182, 0.31818182, 0.31818182,
       0.31818182, 0.31818182, 0.31818182, 0.31818182, 0.27272727,
       0.31818182, 0.31818182, 0.31818182, 0.31818182, 0.31818182,
       0.31818182, 0.31818182, 0.31818182, 0.31818182, 0.31818182,
       0.31818182, 0.31818182])}

Job completed at Wed Mar 19 08:36:58 PM PDT 2025
