Starting job at Wed Mar 19 06:30:17 PM PDT 2025
Job parameters:
Dataset: data_walking
UQ Method: split_conformal_lac
Estimator: MLP
Seed: 779
Train Size: 0.8
Running split_conformal_lac on data_walking with seed 779 and train size 0.8

starting experiment

data created

Fitting split_conformal_lac_MLP on data_walking with seed 779

split_conformal_lac_MLP metrics: {'coverage': np.float64(0.9008333333333334), 'mean_width': np.float64(6.0825), 'median_width': np.float64(6.0), 'mean_width_scaled': np.float64(0.2764772727272727), 'median_width_scaled': np.float64(0.2727272727272727)}

split_conformal_lac_MLP full metrics: {'coverage': np.float64(0.9008333333333334), 'mean_width': np.float64(6.0825), 'median_width': np.float64(6.0), 'mean_width_scaled': np.float64(0.2764772727272727), 'median_width_scaled': np.float64(0.2727272727272727)}

split_conformal_lac_MLP class metrics: {'class_coverage': array([0.92741935, 0.66666667, 0.87878788, 0.92477876, 0.86      ,
       0.86330935, 0.90031153, 0.90673575, 0.94052045, 0.91718427,
       0.70748299, 0.97297297, 0.57971014, 0.95701357, 0.91007194,
       0.80882353, 0.97503671, 0.80645161, 0.88461538, 0.80128205,
       0.7826087 , 0.88571429]), 'class_mean_width': array([8.23387097, 4.97777778, 7.01515152, 7.70353982, 5.80666667,
       8.68345324, 6.60747664, 6.1761658 , 6.94423792, 5.04761905,
       8.61904762, 5.75675676, 8.52173913, 4.29298643, 4.85131894,
       6.99019608, 5.51982379, 8.28225806, 6.94102564, 8.36538462,
       6.84782609, 7.05357143]), 'class_median_width': array([8., 5., 7., 7., 6., 8., 6., 6., 7., 5., 9., 6., 9., 3., 4., 7., 5.,
       8., 7., 8., 7., 7.]), 'class_mean_width_scaled': array([0.37426686, 0.22626263, 0.31887052, 0.3501609 , 0.26393939,
       0.39470242, 0.30033985, 0.28073481, 0.31564718, 0.22943723,
       0.39177489, 0.26167076, 0.38735178, 0.19513575, 0.2205145 ,
       0.31773619, 0.25090108, 0.37646628, 0.31550117, 0.38024476,
       0.31126482, 0.32061688]), 'class_median_width_scaled': array([0.36363636, 0.22727273, 0.31818182, 0.31818182, 0.27272727,
       0.36363636, 0.27272727, 0.27272727, 0.31818182, 0.22727273,
       0.40909091, 0.27272727, 0.40909091, 0.13636364, 0.18181818,
       0.31818182, 0.22727273, 0.36363636, 0.31818182, 0.36363636,
       0.31818182, 0.31818182])}

split_conformal_lac_MLP full class metrics: {'class_coverage': array([0.92741935, 0.66666667, 0.87878788, 0.92477876, 0.86      ,
       0.86330935, 0.90031153, 0.90673575, 0.94052045, 0.91718427,
       0.70748299, 0.97297297, 0.57971014, 0.95701357, 0.91007194,
       0.80882353, 0.97503671, 0.80645161, 0.88461538, 0.80128205,
       0.7826087 , 0.88571429]), 'class_mean_width': array([8.23387097, 4.97777778, 7.01515152, 7.70353982, 5.80666667,
       8.68345324, 6.60747664, 6.1761658 , 6.94423792, 5.04761905,
       8.61904762, 5.75675676, 8.52173913, 4.29298643, 4.85131894,
       6.99019608, 5.51982379, 8.28225806, 6.94102564, 8.36538462,
       6.84782609, 7.05357143]), 'class_median_width': array([8., 5., 7., 7., 6., 8., 6., 6., 7., 5., 9., 6., 9., 3., 4., 7., 5.,
       8., 7., 8., 7., 7.]), 'class_mean_width_scaled': array([0.37426686, 0.22626263, 0.31887052, 0.3501609 , 0.26393939,
       0.39470242, 0.30033985, 0.28073481, 0.31564718, 0.22943723,
       0.39177489, 0.26167076, 0.38735178, 0.19513575, 0.2205145 ,
       0.31773619, 0.25090108, 0.37646628, 0.31550117, 0.38024476,
       0.31126482, 0.32061688]), 'class_median_width_scaled': array([0.36363636, 0.22727273, 0.31818182, 0.31818182, 0.27272727,
       0.36363636, 0.27272727, 0.27272727, 0.31818182, 0.22727273,
       0.40909091, 0.27272727, 0.40909091, 0.13636364, 0.18181818,
       0.31818182, 0.22727273, 0.36363636, 0.31818182, 0.36363636,
       0.31818182, 0.31818182])}

Job completed at Wed Mar 19 06:30:20 PM PDT 2025
