Starting job at Wed Mar 19 06:30:19 PM PDT 2025
Job parameters:
Dataset: data_walking
UQ Method: split_conformal_lac
Estimator: MLP
Seed: 780
Train Size: 0.8
Running split_conformal_lac on data_walking with seed 780 and train size 0.8

starting experiment

data created

Fitting split_conformal_lac_MLP on data_walking with seed 780

split_conformal_lac_MLP metrics: {'coverage': np.float64(0.8971666666666667), 'mean_width': np.float64(5.6965), 'median_width': np.float64(5.0), 'mean_width_scaled': np.float64(0.2589318181818182), 'median_width_scaled': np.float64(0.22727272727272727)}

split_conformal_lac_MLP full metrics: {'coverage': np.float64(0.8971666666666667), 'mean_width': np.float64(5.6965), 'median_width': np.float64(5.0), 'mean_width_scaled': np.float64(0.2589318181818182), 'median_width_scaled': np.float64(0.22727272727272727)}

split_conformal_lac_MLP class metrics: {'class_coverage': array([0.75      , 0.77777778, 0.85858586, 0.9380531 , 0.91333333,
       0.8705036 , 0.9470405 , 0.7357513 , 0.81040892, 0.93374741,
       0.67346939, 0.83783784, 0.57971014, 0.95475113, 0.95083933,
       0.71078431, 0.98384728, 0.81451613, 0.91282051, 0.76282051,
       0.91304348, 0.92857143]), 'class_mean_width': array([8.07258065, 3.04444444, 7.00505051, 7.45132743, 5.06666667,
       8.15827338, 6.33021807, 6.62176166, 6.44981413, 3.7184265 ,
       8.28571429, 4.54054054, 8.01449275, 4.30995475, 4.51918465,
       6.95098039, 5.04258443, 8.11290323, 6.25897436, 8.00641026,
       6.39130435, 6.69642857]), 'class_median_width': array([8., 2., 7., 7., 5., 8., 6., 7., 6., 3., 8., 4., 8., 4., 4., 7., 5.,
       8., 6., 8., 6., 7.]), 'class_mean_width_scaled': array([0.36693548, 0.13838384, 0.31841139, 0.3386967 , 0.23030303,
       0.37083061, 0.28773718, 0.30098917, 0.29317337, 0.16901939,
       0.37662338, 0.20638821, 0.36429513, 0.19590703, 0.20541748,
       0.31595365, 0.22920838, 0.36876833, 0.28449883, 0.36392774,
       0.29051383, 0.30438312]), 'class_median_width_scaled': array([0.36363636, 0.09090909, 0.31818182, 0.31818182, 0.22727273,
       0.36363636, 0.27272727, 0.31818182, 0.27272727, 0.13636364,
       0.36363636, 0.18181818, 0.36363636, 0.18181818, 0.18181818,
       0.31818182, 0.22727273, 0.36363636, 0.27272727, 0.36363636,
       0.27272727, 0.31818182])}

split_conformal_lac_MLP full class metrics: {'class_coverage': array([0.75      , 0.77777778, 0.85858586, 0.9380531 , 0.91333333,
       0.8705036 , 0.9470405 , 0.7357513 , 0.81040892, 0.93374741,
       0.67346939, 0.83783784, 0.57971014, 0.95475113, 0.95083933,
       0.71078431, 0.98384728, 0.81451613, 0.91282051, 0.76282051,
       0.91304348, 0.92857143]), 'class_mean_width': array([8.07258065, 3.04444444, 7.00505051, 7.45132743, 5.06666667,
       8.15827338, 6.33021807, 6.62176166, 6.44981413, 3.7184265 ,
       8.28571429, 4.54054054, 8.01449275, 4.30995475, 4.51918465,
       6.95098039, 5.04258443, 8.11290323, 6.25897436, 8.00641026,
       6.39130435, 6.69642857]), 'class_median_width': array([8., 2., 7., 7., 5., 8., 6., 7., 6., 3., 8., 4., 8., 4., 4., 7., 5.,
       8., 6., 8., 6., 7.]), 'class_mean_width_scaled': array([0.36693548, 0.13838384, 0.31841139, 0.3386967 , 0.23030303,
       0.37083061, 0.28773718, 0.30098917, 0.29317337, 0.16901939,
       0.37662338, 0.20638821, 0.36429513, 0.19590703, 0.20541748,
       0.31595365, 0.22920838, 0.36876833, 0.28449883, 0.36392774,
       0.29051383, 0.30438312]), 'class_median_width_scaled': array([0.36363636, 0.09090909, 0.31818182, 0.31818182, 0.22727273,
       0.36363636, 0.27272727, 0.31818182, 0.27272727, 0.13636364,
       0.36363636, 0.18181818, 0.36363636, 0.18181818, 0.18181818,
       0.31818182, 0.22727273, 0.36363636, 0.27272727, 0.36363636,
       0.27272727, 0.31818182])}

Job completed at Wed Mar 19 06:30:22 PM PDT 2025
