Starting job at Wed Mar 19 06:30:25 PM PDT 2025
Job parameters:
Dataset: data_walking
UQ Method: split_conformal_lac
Estimator: MLP
Seed: 784
Train Size: 0.8
Running split_conformal_lac on data_walking with seed 784 and train size 0.8

starting experiment

data created

Fitting split_conformal_lac_MLP on data_walking with seed 784

split_conformal_lac_MLP metrics: {'coverage': np.float64(0.9085), 'mean_width': np.float64(5.790333333333334), 'median_width': np.float64(6.0), 'mean_width_scaled': np.float64(0.2631969696969697), 'median_width_scaled': np.float64(0.2727272727272727)}

split_conformal_lac_MLP full metrics: {'coverage': np.float64(0.9085), 'mean_width': np.float64(5.790333333333334), 'median_width': np.float64(6.0), 'mean_width_scaled': np.float64(0.2631969696969697), 'median_width_scaled': np.float64(0.2727272727272727)}

split_conformal_lac_MLP class metrics: {'class_coverage': array([0.76612903, 0.77777778, 0.91414141, 0.94690265, 0.84      ,
       0.90647482, 0.92523364, 0.85492228, 0.92193309, 0.95031056,
       0.72108844, 0.86486486, 0.5942029 , 0.95361991, 0.93645084,
       0.80882353, 0.96622614, 0.80645161, 0.94615385, 0.78846154,
       0.86956522, 0.88214286]), 'class_mean_width': array([7.66935484, 3.88888889, 6.96969697, 7.52212389, 5.03333333,
       8.02877698, 6.38006231, 6.88601036, 6.68401487, 5.17805383,
       8.52380952, 5.05405405, 7.82608696, 4.15950226, 4.21582734,
       7.13235294, 4.94126285, 8.4516129 , 6.36923077, 8.07051282,
       6.93478261, 6.73571429]), 'class_median_width': array([8., 3., 7., 7., 5., 8., 6., 7., 6., 5., 9., 4., 8., 3., 4., 7., 4.,
       8., 6., 8., 7., 7.]), 'class_mean_width_scaled': array([0.34860704, 0.17676768, 0.31680441, 0.34191472, 0.22878788,
       0.36494441, 0.29000283, 0.31300047, 0.30381886, 0.23536608,
       0.38744589, 0.22972973, 0.35573123, 0.18906828, 0.19162852,
       0.32419786, 0.22460286, 0.38416422, 0.28951049, 0.36684149,
       0.31521739, 0.30616883]), 'class_median_width_scaled': array([0.36363636, 0.13636364, 0.31818182, 0.31818182, 0.22727273,
       0.36363636, 0.27272727, 0.31818182, 0.27272727, 0.22727273,
       0.40909091, 0.18181818, 0.36363636, 0.13636364, 0.18181818,
       0.31818182, 0.18181818, 0.36363636, 0.27272727, 0.36363636,
       0.31818182, 0.31818182])}

split_conformal_lac_MLP full class metrics: {'class_coverage': array([0.76612903, 0.77777778, 0.91414141, 0.94690265, 0.84      ,
       0.90647482, 0.92523364, 0.85492228, 0.92193309, 0.95031056,
       0.72108844, 0.86486486, 0.5942029 , 0.95361991, 0.93645084,
       0.80882353, 0.96622614, 0.80645161, 0.94615385, 0.78846154,
       0.86956522, 0.88214286]), 'class_mean_width': array([7.66935484, 3.88888889, 6.96969697, 7.52212389, 5.03333333,
       8.02877698, 6.38006231, 6.88601036, 6.68401487, 5.17805383,
       8.52380952, 5.05405405, 7.82608696, 4.15950226, 4.21582734,
       7.13235294, 4.94126285, 8.4516129 , 6.36923077, 8.07051282,
       6.93478261, 6.73571429]), 'class_median_width': array([8., 3., 7., 7., 5., 8., 6., 7., 6., 5., 9., 4., 8., 3., 4., 7., 4.,
       8., 6., 8., 7., 7.]), 'class_mean_width_scaled': array([0.34860704, 0.17676768, 0.31680441, 0.34191472, 0.22878788,
       0.36494441, 0.29000283, 0.31300047, 0.30381886, 0.23536608,
       0.38744589, 0.22972973, 0.35573123, 0.18906828, 0.19162852,
       0.32419786, 0.22460286, 0.38416422, 0.28951049, 0.36684149,
       0.31521739, 0.30616883]), 'class_median_width_scaled': array([0.36363636, 0.13636364, 0.31818182, 0.31818182, 0.22727273,
       0.36363636, 0.27272727, 0.31818182, 0.27272727, 0.22727273,
       0.40909091, 0.18181818, 0.36363636, 0.13636364, 0.18181818,
       0.31818182, 0.18181818, 0.36363636, 0.27272727, 0.36363636,
       0.31818182, 0.31818182])}

Job completed at Wed Mar 19 06:30:27 PM PDT 2025
