Starting job at Thu Mar 20 05:03:54 PM PDT 2025
Job parameters:
Dataset: data_yeast
UQ Method: majority_vote
Estimator: HistGradientBoosting
Seed: 785
Train Size: 0.8
Running majority_vote on data_yeast with seed 785 and train size 0.8

starting experiment

data created

Fitting majority_vote on data_yeast with seed 785

majority_vote metrics: {'coverage': np.float64(0.9663299663299664), 'mean_width': np.float64(4.444444444444445), 'median_width': np.float64(4.0), 'mean_width_scaled': np.float64(0.4444444444444445), 'median_width_scaled': np.float64(0.4)}

majority_vote full metrics: {'coverage': np.float64(0.9663299663299664), 'mean_width': np.float64(4.444444444444445), 'median_width': np.float64(4.0), 'mean_width_scaled': np.float64(0.4444444444444445), 'median_width_scaled': np.float64(0.4)}

majority_vote class metrics: {'class_coverage': array([1.        , 0.        , 0.85714286, 1.        , 0.9       ,
       1.        , 1.        , 1.        , 0.75      , 0.        ]), 'class_mean_width': array([4.29032258, 6.        , 6.42857143, 6.22222222, 5.9       ,
       4.6875    , 4.40816327, 3.90697674, 5.25      , 5.33333333]), 'class_median_width': array([4. , 6. , 6. , 6. , 5.5, 4.5, 4. , 4. , 5. , 5.5]), 'class_mean_width_scaled': array([0.42903226, 0.6       , 0.64285714, 0.62222222, 0.59      ,
       0.46875   , 0.44081633, 0.39069767, 0.525     , 0.53333333]), 'class_median_width_scaled': array([0.4 , 0.6 , 0.6 , 0.6 , 0.55, 0.45, 0.4 , 0.4 , 0.5 , 0.55])}

majority_vote full class metrics: {'class_coverage': array([1.        , 0.        , 0.85714286, 1.        , 0.9       ,
       1.        , 1.        , 1.        , 0.75      , 0.        ]), 'class_mean_width': array([4.29032258, 6.        , 6.42857143, 6.22222222, 5.9       ,
       4.6875    , 4.40816327, 3.90697674, 5.25      , 5.33333333]), 'class_median_width': array([4. , 6. , 6. , 6. , 5.5, 4.5, 4. , 4. , 5. , 5.5]), 'class_mean_width_scaled': array([0.42903226, 0.6       , 0.64285714, 0.62222222, 0.59      ,
       0.46875   , 0.44081633, 0.39069767, 0.525     , 0.53333333]), 'class_median_width_scaled': array([0.4 , 0.6 , 0.6 , 0.6 , 0.55, 0.45, 0.4 , 0.4 , 0.5 , 0.55])}

Job completed at Thu Mar 20 05:03:58 PM PDT 2025
