Starting job at Thu Mar 20 05:03:54 PM PDT 2025
Job parameters:
Dataset: data_yeast
UQ Method: majority_vote
Estimator: HistGradientBoosting
Seed: 782
Train Size: 0.8
Running majority_vote on data_yeast with seed 782 and train size 0.8

starting experiment

data created

Fitting majority_vote on data_yeast with seed 782

majority_vote metrics: {'coverage': np.float64(0.9730639730639731), 'mean_width': np.float64(4.383838383838384), 'median_width': np.float64(4.0), 'mean_width_scaled': np.float64(0.43838383838383843), 'median_width_scaled': np.float64(0.4)}

majority_vote full metrics: {'coverage': np.float64(0.9730639730639731), 'mean_width': np.float64(4.383838383838384), 'median_width': np.float64(4.0), 'mean_width_scaled': np.float64(0.43838383838383843), 'median_width_scaled': np.float64(0.4)}

majority_vote class metrics: {'class_coverage': array([1.        , 0.        , 0.71428571, 1.        , 1.        ,
       1.        , 0.97959184, 1.        , 0.5       , 0.66666667]), 'class_mean_width': array([4.20430108, 6.        , 5.57142857, 7.11111111, 6.5       ,
       4.625     , 4.2244898 , 3.84883721, 5.        , 5.16666667]), 'class_median_width': array([4. , 6. , 6. , 7. , 6.5, 5. , 4. , 4. , 4.5, 5. ]), 'class_mean_width_scaled': array([0.42043011, 0.6       , 0.55714286, 0.71111111, 0.65      ,
       0.4625    , 0.42244898, 0.38488372, 0.5       , 0.51666667]), 'class_median_width_scaled': array([0.4 , 0.6 , 0.6 , 0.7 , 0.65, 0.5 , 0.4 , 0.4 , 0.45, 0.5 ])}

majority_vote full class metrics: {'class_coverage': array([1.        , 0.        , 0.71428571, 1.        , 1.        ,
       1.        , 0.97959184, 1.        , 0.5       , 0.66666667]), 'class_mean_width': array([4.20430108, 6.        , 5.57142857, 7.11111111, 6.5       ,
       4.625     , 4.2244898 , 3.84883721, 5.        , 5.16666667]), 'class_median_width': array([4. , 6. , 6. , 7. , 6.5, 5. , 4. , 4. , 4.5, 5. ]), 'class_mean_width_scaled': array([0.42043011, 0.6       , 0.55714286, 0.71111111, 0.65      ,
       0.4625    , 0.42244898, 0.38488372, 0.5       , 0.51666667]), 'class_median_width_scaled': array([0.4 , 0.6 , 0.6 , 0.7 , 0.65, 0.5 , 0.4 , 0.4 , 0.45, 0.5 ])}

Job completed at Thu Mar 20 05:03:58 PM PDT 2025
