Starting job at Wed Mar 19 06:24:30 PM PDT 2025
Job parameters:
Dataset: data_chess
UQ Method: split_conformal_naive
Estimator: MLP
Seed: 778
Train Size: 0.8
Running split_conformal_naive on data_chess with seed 778 and train size 0.8

starting experiment

data created

Fitting split_conformal_naive_MLP on data_chess with seed 778

split_conformal_naive_MLP metrics: {'coverage': np.float64(0.8982537419814682), 'mean_width': np.float64(3.9146471846044193), 'median_width': np.float64(4.0), 'mean_width_scaled': np.float64(0.21748039914468997), 'median_width_scaled': np.float64(0.2222222222222222)}

split_conformal_naive_MLP full metrics: {'coverage': np.float64(0.8982537419814682), 'mean_width': np.float64(3.9146471846044193), 'median_width': np.float64(4.0), 'mean_width_scaled': np.float64(0.21748039914468997), 'median_width_scaled': np.float64(0.2222222222222222)}

split_conformal_naive_MLP class metrics: {'class_coverage': array([0.91949911, 0.85365854, 0.83887916, 0.91916859, 0.92553191,
       0.725     , 0.95499451, 0.80409357, 0.625     , 0.71532847,
       0.83050847, 0.91025641, 0.8488665 , 0.95589988, 0.5       ,
       0.94444444, 0.81632653, 0.        ]), 'class_mean_width': array([3.54740608, 4.85365854, 4.38879159, 2.91224018, 4.88297872,
       4.25      , 3.24698134, 4.5380117 , 4.9375    , 5.25547445,
       5.09322034, 2.44871795, 4.62216625, 3.61263409, 3.75      ,
       4.0125    , 5.24489796, 4.8       ]), 'class_median_width': array([3. , 5. , 4. , 3. , 5. , 4. , 3. , 5. , 5.5, 5. , 5. , 2. , 4. ,
       3. , 3.5, 4. , 6. , 5. ]), 'class_mean_width_scaled': array([0.19707812, 0.2696477 , 0.24382176, 0.16179112, 0.2712766 ,
       0.23611111, 0.18038785, 0.25211176, 0.27430556, 0.2919708 ,
       0.28295669, 0.13603989, 0.25678701, 0.20070189, 0.20833333,
       0.22291667, 0.29138322, 0.26666667]), 'class_median_width_scaled': array([0.16666667, 0.27777778, 0.22222222, 0.16666667, 0.27777778,
       0.22222222, 0.16666667, 0.27777778, 0.30555556, 0.27777778,
       0.27777778, 0.11111111, 0.22222222, 0.16666667, 0.19444444,
       0.22222222, 0.33333333, 0.27777778])}

split_conformal_naive_MLP full class metrics: {'class_coverage': array([0.91949911, 0.85365854, 0.83887916, 0.91916859, 0.92553191,
       0.725     , 0.95499451, 0.80409357, 0.625     , 0.71532847,
       0.83050847, 0.91025641, 0.8488665 , 0.95589988, 0.5       ,
       0.94444444, 0.81632653, 0.        ]), 'class_mean_width': array([3.54740608, 4.85365854, 4.38879159, 2.91224018, 4.88297872,
       4.25      , 3.24698134, 4.5380117 , 4.9375    , 5.25547445,
       5.09322034, 2.44871795, 4.62216625, 3.61263409, 3.75      ,
       4.0125    , 5.24489796, 4.8       ]), 'class_median_width': array([3. , 5. , 4. , 3. , 5. , 4. , 3. , 5. , 5.5, 5. , 5. , 2. , 4. ,
       3. , 3.5, 4. , 6. , 5. ]), 'class_mean_width_scaled': array([0.19707812, 0.2696477 , 0.24382176, 0.16179112, 0.2712766 ,
       0.23611111, 0.18038785, 0.25211176, 0.27430556, 0.2919708 ,
       0.28295669, 0.13603989, 0.25678701, 0.20070189, 0.20833333,
       0.22291667, 0.29138322, 0.26666667]), 'class_median_width_scaled': array([0.16666667, 0.27777778, 0.22222222, 0.16666667, 0.27777778,
       0.22222222, 0.16666667, 0.27777778, 0.30555556, 0.27777778,
       0.27777778, 0.11111111, 0.22222222, 0.16666667, 0.19444444,
       0.22222222, 0.33333333, 0.27777778])}

Job completed at Wed Mar 19 06:24:33 PM PDT 2025
