Starting job at Wed Mar 19 08:21:27 PM PDT 2025
Job parameters:
Dataset: data_cover_type
UQ Method: split_conformal_topk
Estimator: LogisticRegression
Seed: 779
Train Size: 0.8
Running split_conformal_topk on data_cover_type with seed 779 and train size 0.8

starting experiment

data created

Fitting split_conformal_topk_LogisticRegression on data_cover_type with seed 779

split_conformal_topk_LogisticRegression metrics: {'coverage': np.float64(0.907), 'mean_width': np.float64(28.0005), 'median_width': np.float64(28.0), 'mean_width_scaled': np.float64(0.280005), 'median_width_scaled': np.float64(0.28)}

split_conformal_topk_LogisticRegression full metrics: {'coverage': np.float64(0.907), 'mean_width': np.float64(28.0005), 'median_width': np.float64(28.0), 'mean_width_scaled': np.float64(0.280005), 'median_width_scaled': np.float64(0.28)}

split_conformal_topk_LogisticRegression class metrics: {'class_coverage': array([0.9 , 0.75, 0.65, 0.9 , 0.95, 0.9 , 1.  , 0.55, 0.85, 0.9 , 0.85,
       0.9 , 0.8 , 0.95, 1.  , 0.8 , 0.9 , 1.  , 0.95, 0.8 , 0.9 , 0.9 ,
       0.9 , 0.95, 1.  , 0.85, 1.  , 0.9 , 0.95, 1.  , 0.95, 0.9 , 0.85,
       1.  , 0.9 , 0.85, 0.9 , 0.9 , 0.85, 0.9 , 1.  , 0.8 , 0.7 , 1.  ,
       1.  , 1.  , 0.85, 1.  , 0.9 , 0.65, 0.75, 0.75, 1.  , 1.  , 1.  ,
       1.  , 0.95, 0.8 , 0.65, 0.75, 0.95, 0.6 , 0.85, 0.95, 0.85, 0.9 ,
       0.95, 0.95, 0.95, 0.8 , 0.95, 0.85, 1.  , 0.75, 0.95, 1.  , 0.9 ,
       1.  , 1.  , 1.  , 1.  , 1.  , 0.95, 0.95, 0.9 , 1.  , 0.95, 0.9 ,
       1.  , 0.95, 1.  , 0.95, 0.95, 0.95, 0.95, 1.  , 1.  , 1.  , 1.  ,
       0.95]), 'class_mean_width': array([28.  , 28.  , 28.  , 28.  , 28.  , 28.  , 28.  , 28.  , 28.  ,
       28.  , 28.  , 28.  , 28.  , 28.  , 28.  , 28.  , 28.  , 28.  ,
       28.  , 28.  , 28.  , 28.  , 28.  , 28.  , 28.  , 28.  , 28.  ,
       28.  , 28.  , 28.  , 28.  , 28.  , 28.  , 28.  , 28.  , 28.  ,
       28.05, 28.  , 28.  , 28.  , 28.  , 28.  , 28.  , 28.  , 28.  ,
       28.  , 28.  , 28.  , 28.  , 28.  , 28.  , 28.  , 28.  , 28.  ,
       28.  , 28.  , 28.  , 28.  , 28.  , 28.  , 28.  , 28.  , 28.  ,
       28.  , 28.  , 28.  , 28.  , 28.  , 28.  , 28.  , 28.  , 28.  ,
       28.  , 28.  , 28.  , 28.  , 28.  , 28.  , 28.  , 28.  , 28.  ,
       28.  , 28.  , 28.  , 28.  , 28.  , 28.  , 28.  , 28.  , 28.  ,
       28.  , 28.  , 28.  , 28.  , 28.  , 28.  , 28.  , 28.  , 28.  ,
       28.  ]), 'class_median_width': array([28., 28., 28., 28., 28., 28., 28., 28., 28., 28., 28., 28., 28.,
       28., 28., 28., 28., 28., 28., 28., 28., 28., 28., 28., 28., 28.,
       28., 28., 28., 28., 28., 28., 28., 28., 28., 28., 28., 28., 28.,
       28., 28., 28., 28., 28., 28., 28., 28., 28., 28., 28., 28., 28.,
       28., 28., 28., 28., 28., 28., 28., 28., 28., 28., 28., 28., 28.,
       28., 28., 28., 28., 28., 28., 28., 28., 28., 28., 28., 28., 28.,
       28., 28., 28., 28., 28., 28., 28., 28., 28., 28., 28., 28., 28.,
       28., 28., 28., 28., 28., 28., 28., 28., 28.]), 'class_mean_width_scaled': array([0.28  , 0.28  , 0.28  , 0.28  , 0.28  , 0.28  , 0.28  , 0.28  ,
       0.28  , 0.28  , 0.28  , 0.28  , 0.28  , 0.28  , 0.28  , 0.28  ,
       0.28  , 0.28  , 0.28  , 0.28  , 0.28  , 0.28  , 0.28  , 0.28  ,
       0.28  , 0.28  , 0.28  , 0.28  , 0.28  , 0.28  , 0.28  , 0.28  ,
       0.28  , 0.28  , 0.28  , 0.28  , 0.2805, 0.28  , 0.28  , 0.28  ,
       0.28  , 0.28  , 0.28  , 0.28  , 0.28  , 0.28  , 0.28  , 0.28  ,
       0.28  , 0.28  , 0.28  , 0.28  , 0.28  , 0.28  , 0.28  , 0.28  ,
       0.28  , 0.28  , 0.28  , 0.28  , 0.28  , 0.28  , 0.28  , 0.28  ,
       0.28  , 0.28  , 0.28  , 0.28  , 0.28  , 0.28  , 0.28  , 0.28  ,
       0.28  , 0.28  , 0.28  , 0.28  , 0.28  , 0.28  , 0.28  , 0.28  ,
       0.28  , 0.28  , 0.28  , 0.28  , 0.28  , 0.28  , 0.28  , 0.28  ,
       0.28  , 0.28  , 0.28  , 0.28  , 0.28  , 0.28  , 0.28  , 0.28  ,
       0.28  , 0.28  , 0.28  , 0.28  ]), 'class_median_width_scaled': array([0.28, 0.28, 0.28, 0.28, 0.28, 0.28, 0.28, 0.28, 0.28, 0.28, 0.28,
       0.28, 0.28, 0.28, 0.28, 0.28, 0.28, 0.28, 0.28, 0.28, 0.28, 0.28,
       0.28, 0.28, 0.28, 0.28, 0.28, 0.28, 0.28, 0.28, 0.28, 0.28, 0.28,
       0.28, 0.28, 0.28, 0.28, 0.28, 0.28, 0.28, 0.28, 0.28, 0.28, 0.28,
       0.28, 0.28, 0.28, 0.28, 0.28, 0.28, 0.28, 0.28, 0.28, 0.28, 0.28,
       0.28, 0.28, 0.28, 0.28, 0.28, 0.28, 0.28, 0.28, 0.28, 0.28, 0.28,
       0.28, 0.28, 0.28, 0.28, 0.28, 0.28, 0.28, 0.28, 0.28, 0.28, 0.28,
       0.28, 0.28, 0.28, 0.28, 0.28, 0.28, 0.28, 0.28, 0.28, 0.28, 0.28,
       0.28, 0.28, 0.28, 0.28, 0.28, 0.28, 0.28, 0.28, 0.28, 0.28, 0.28,
       0.28])}

split_conformal_topk_LogisticRegression full class metrics: {'class_coverage': array([0.9 , 0.75, 0.65, 0.9 , 0.95, 0.9 , 1.  , 0.55, 0.85, 0.9 , 0.85,
       0.9 , 0.8 , 0.95, 1.  , 0.8 , 0.9 , 1.  , 0.95, 0.8 , 0.9 , 0.9 ,
       0.9 , 0.95, 1.  , 0.85, 1.  , 0.9 , 0.95, 1.  , 0.95, 0.9 , 0.85,
       1.  , 0.9 , 0.85, 0.9 , 0.9 , 0.85, 0.9 , 1.  , 0.8 , 0.7 , 1.  ,
       1.  , 1.  , 0.85, 1.  , 0.9 , 0.65, 0.75, 0.75, 1.  , 1.  , 1.  ,
       1.  , 0.95, 0.8 , 0.65, 0.75, 0.95, 0.6 , 0.85, 0.95, 0.85, 0.9 ,
       0.95, 0.95, 0.95, 0.8 , 0.95, 0.85, 1.  , 0.75, 0.95, 1.  , 0.9 ,
       1.  , 1.  , 1.  , 1.  , 1.  , 0.95, 0.95, 0.9 , 1.  , 0.95, 0.9 ,
       1.  , 0.95, 1.  , 0.95, 0.95, 0.95, 0.95, 1.  , 1.  , 1.  , 1.  ,
       0.95]), 'class_mean_width': array([28.  , 28.  , 28.  , 28.  , 28.  , 28.  , 28.  , 28.  , 28.  ,
       28.  , 28.  , 28.  , 28.  , 28.  , 28.  , 28.  , 28.  , 28.  ,
       28.  , 28.  , 28.  , 28.  , 28.  , 28.  , 28.  , 28.  , 28.  ,
       28.  , 28.  , 28.  , 28.  , 28.  , 28.  , 28.  , 28.  , 28.  ,
       28.05, 28.  , 28.  , 28.  , 28.  , 28.  , 28.  , 28.  , 28.  ,
       28.  , 28.  , 28.  , 28.  , 28.  , 28.  , 28.  , 28.  , 28.  ,
       28.  , 28.  , 28.  , 28.  , 28.  , 28.  , 28.  , 28.  , 28.  ,
       28.  , 28.  , 28.  , 28.  , 28.  , 28.  , 28.  , 28.  , 28.  ,
       28.  , 28.  , 28.  , 28.  , 28.  , 28.  , 28.  , 28.  , 28.  ,
       28.  , 28.  , 28.  , 28.  , 28.  , 28.  , 28.  , 28.  , 28.  ,
       28.  , 28.  , 28.  , 28.  , 28.  , 28.  , 28.  , 28.  , 28.  ,
       28.  ]), 'class_median_width': array([28., 28., 28., 28., 28., 28., 28., 28., 28., 28., 28., 28., 28.,
       28., 28., 28., 28., 28., 28., 28., 28., 28., 28., 28., 28., 28.,
       28., 28., 28., 28., 28., 28., 28., 28., 28., 28., 28., 28., 28.,
       28., 28., 28., 28., 28., 28., 28., 28., 28., 28., 28., 28., 28.,
       28., 28., 28., 28., 28., 28., 28., 28., 28., 28., 28., 28., 28.,
       28., 28., 28., 28., 28., 28., 28., 28., 28., 28., 28., 28., 28.,
       28., 28., 28., 28., 28., 28., 28., 28., 28., 28., 28., 28., 28.,
       28., 28., 28., 28., 28., 28., 28., 28., 28.]), 'class_mean_width_scaled': array([0.28  , 0.28  , 0.28  , 0.28  , 0.28  , 0.28  , 0.28  , 0.28  ,
       0.28  , 0.28  , 0.28  , 0.28  , 0.28  , 0.28  , 0.28  , 0.28  ,
       0.28  , 0.28  , 0.28  , 0.28  , 0.28  , 0.28  , 0.28  , 0.28  ,
       0.28  , 0.28  , 0.28  , 0.28  , 0.28  , 0.28  , 0.28  , 0.28  ,
       0.28  , 0.28  , 0.28  , 0.28  , 0.2805, 0.28  , 0.28  , 0.28  ,
       0.28  , 0.28  , 0.28  , 0.28  , 0.28  , 0.28  , 0.28  , 0.28  ,
       0.28  , 0.28  , 0.28  , 0.28  , 0.28  , 0.28  , 0.28  , 0.28  ,
       0.28  , 0.28  , 0.28  , 0.28  , 0.28  , 0.28  , 0.28  , 0.28  ,
       0.28  , 0.28  , 0.28  , 0.28  , 0.28  , 0.28  , 0.28  , 0.28  ,
       0.28  , 0.28  , 0.28  , 0.28  , 0.28  , 0.28  , 0.28  , 0.28  ,
       0.28  , 0.28  , 0.28  , 0.28  , 0.28  , 0.28  , 0.28  , 0.28  ,
       0.28  , 0.28  , 0.28  , 0.28  , 0.28  , 0.28  , 0.28  , 0.28  ,
       0.28  , 0.28  , 0.28  , 0.28  ]), 'class_median_width_scaled': array([0.28, 0.28, 0.28, 0.28, 0.28, 0.28, 0.28, 0.28, 0.28, 0.28, 0.28,
       0.28, 0.28, 0.28, 0.28, 0.28, 0.28, 0.28, 0.28, 0.28, 0.28, 0.28,
       0.28, 0.28, 0.28, 0.28, 0.28, 0.28, 0.28, 0.28, 0.28, 0.28, 0.28,
       0.28, 0.28, 0.28, 0.28, 0.28, 0.28, 0.28, 0.28, 0.28, 0.28, 0.28,
       0.28, 0.28, 0.28, 0.28, 0.28, 0.28, 0.28, 0.28, 0.28, 0.28, 0.28,
       0.28, 0.28, 0.28, 0.28, 0.28, 0.28, 0.28, 0.28, 0.28, 0.28, 0.28,
       0.28, 0.28, 0.28, 0.28, 0.28, 0.28, 0.28, 0.28, 0.28, 0.28, 0.28,
       0.28, 0.28, 0.28, 0.28, 0.28, 0.28, 0.28, 0.28, 0.28, 0.28, 0.28,
       0.28, 0.28, 0.28, 0.28, 0.28, 0.28, 0.28, 0.28, 0.28, 0.28, 0.28,
       0.28])}

Job completed at Wed Mar 19 08:21:43 PM PDT 2025
